14 62.310000 60.320000 1000000 9.484966 12.459816 9.513954 12.762984 0.023734 0.032258 0.213598 0.211148 0.032258 0.023739 0.032258 0 50
14 62.310000 60.320000 1000000 9.264583 12.369852 9.269484 12.459464 0.023761 0.032258 0.170244 0.167160 0.032258 0.023759 0.032258 50 61
14 62.310000 60.320000 1000000 9.085564 12.349780 9.090760 12.295241 0.023834 0.032258 0.035435 0.014666 0.032258 0.023831 0.032258 60 72
14 62.310000 60.320000 1000000 9.065215 12.346196 9.066321 12.259318 0.023833 0.032258 0.041679 0.026392 0.032258 0.023830 0.032258 70 80
14 62.310000 60.320000 1000000 8.926488 11.709280 8.868926 12.100716 0.023820 0.032258 0.061863 0.052787 0.032258 0.023813 0.032258 80 111
14 62.310000 60.320000 1000000 8.851778 11.701395 8.881437 12.111469 0.023812 0.032258 0.072131 0.064516 0.032258 0.023815 0.032258 100 115
14 62.310000 60.320000 1000000 8.845942 11.700678 8.875659 12.105603 0.023812 0.032258 0.072130 0.064515 0.032258 0.023815 0.032258 110 123
14 62.310000 60.320000 1000000 8.839701 11.699961 8.876687 12.106581 0.023810 0.032258 0.077420 0.070380 0.032258 0.023816 0.032258 120 165
14 62.310000 60.320000 1000000 8.691479 11.342256 8.667581 11.903502 0.023794 0.032258 0.066938 0.058652 0.032258 0.023788 0.032258 140 194
14 62.310000 60.320000 1000000 8.547557 11.322902 8.515537 11.738547 0.023802 0.032258 0.077421 0.070381 0.032258 0.023799 0.032258 190 207
14 62.310000 60.320000 1000000 8.526213 11.263762 8.488180 11.713376 0.023798 0.032258 0.074765 0.067447 0.032258 0.023794 0.032258 200 219
14 62.310000 60.320000 1000000 8.475994 11.255518 8.489314 11.679896 0.023790 0.032258 0.088219 0.082110 0.032258 0.023799 0.032258 210 234
14 62.310000 60.320000 1000000 8.440865 11.249783 8.454353 11.632975 0.023797 0.032258 0.088220 0.082111 0.032258 0.023806 0.032258 230 300
14 62.310000 60.320000 1000000 8.377314 10.903548 8.357146 11.552330 0.023777 0.032258 0.088221 0.082112 0.032258 0.023776 0.032258 250 307
14 62.310000 60.320000 1000000 8.291618 10.773082 8.255366 11.396171 0.023792 0.032258 0.082790 0.076247 0.032258 0.023789 0.032258 300 333
14 62.310000 60.320000 1000000 8.211396 10.757312 8.182245 11.327012 0.023802 0.032258 0.082793 0.076250 0.032258 0.023789 0.032258 330 368
14 62.310000 60.320000 1000000 8.209666 10.756595 8.182536 11.327990 0.023802 0.032258 0.088224 0.082115 0.032258 0.023789 0.032258 360 479
14 62.310000 60.320000 1000000 8.099422 10.733298 8.108658 11.123445 0.023785 0.032258 0.069523 0.061587 0.032258 0.023787 0.032258 470 519
14 62.310000 60.320000 1000000 8.093292 10.732581 8.109674 11.124423 0.023782 0.032258 0.069525 0.061589 0.032258 0.023787 0.032258 510 553
14 62.310000 60.320000 1000000 8.088008 10.731147 8.102451 11.108294 0.023784 0.032258 0.080098 0.073315 0.032258 0.023789 0.032258 520 586
14 62.310000 60.320000 1000000 7.890614 10.701756 7.904111 10.863426 0.023797 0.032258 0.096463 0.090909 0.032258 0.023800 0.032258 570 652
14 62.310000 60.320000 1000000 7.859919 10.692079 7.880088 10.797689 0.023812 0.032258 0.061866 0.052790 0.032258 0.023812 0.032258 620 643
14 62.310000 60.320000 1000000 7.857177 10.689928 7.875930 10.770807 0.023813 0.032258 0.061865 0.052789 0.032258 0.023813 0.032258 640 782
14 62.310000 60.320000 1000000 7.816586 10.681326 7.835631 10.700426 0.023818 0.032258 0.072132 0.064516 0.032258 0.023817 0.032258 780 847
14 62.310000 60.320000 1000000 7.812755 10.680609 7.831828 10.694561 0.023818 0.032258 0.072133 0.064518 0.032258 0.023817 0.032258 840 865
14 62.310000 60.320000 1000000 7.807604 10.679893 7.826715 10.688696 0.023816 0.032258 0.077424 0.070383 0.032258 0.023815 0.032258 860 947
14 62.310000 60.320000 1000000 7.802915 10.679176 7.822060 10.682831 0.023816 0.032258 0.072133 0.064518 0.032258 0.023815 0.032258 940 959
14 62.310000 60.320000 1000000 7.790875 10.621470 7.803779 10.669390 0.023817 0.032258 0.069523 0.061586 0.032258 0.023816 0.032258 950 1081
14 62.310000 60.320000 1000000 7.750043 10.503908 7.746043 10.620514 0.023815 0.032258 0.069521 0.061584 0.032258 0.023813 0.032258 1080 1117
14 62.310000 60.320000 1000000 7.743173 10.503191 7.747188 10.621492 0.023814 0.032258 0.069521 0.061584 0.032258 0.023813 0.032258 1110 1178
14 62.310000 60.320000 1000000 7.710072 10.498173 7.708616 10.573838 0.023811 0.032258 0.069518 0.061580 0.032258 0.023810 0.032258 1170 1420
14 62.310000 60.320000 1000000 7.668188 10.324338 7.656171 10.534493 0.023810 0.032258 0.061860 0.052784 0.032258 0.023809 0.032258 1420 1756
14 62.310000 60.320000 1000000 7.622018 10.312869 7.594604 10.409859 0.023818 0.032258 0.082787 0.076244 0.032258 0.023821 0.032258 1750 2140
14 62.310000 60.320000 1000000 7.600910 10.309284 7.573266 10.380533 0.023817 0.032258 0.082789 0.076246 0.032258 0.023821 0.032258 2070 2221
14 62.310000 60.320000 1000000 7.558522 10.191005 7.517871 10.330191 0.023814 0.032258 0.077420 0.070379 0.032258 0.023820 0.032258 2220 3372
14 62.310000 60.320000 1000000 7.519591 10.186704 7.496654 10.308930 0.023810 0.032258 0.077420 0.070379 0.032258 0.023816 0.032258 2780 3175
14 62.310000 60.320000 1000000 7.480441 10.069142 7.452913 10.271296 0.023807 0.032258 0.077421 0.070381 0.032258 0.023815 0.032258 3170 3976
14 62.310000 60.320000 1000000 7.392911 9.925056 7.375352 10.047445 0.023830 0.032258 0.052215 0.041059 0.032258 0.023827 0.032258 3970 4955
14 62.310000 60.320000 1000000 7.381950 9.923622 7.364312 10.035715 0.023830 0.032258 0.043598 0.029328 0.032258 0.023827 0.032258 4260 6426
14 62.310000 60.320000 1000000 7.357605 9.920755 7.364408 10.032783 0.023829 0.032258 0.039889 0.023463 0.032258 0.023827 0.032258 6420 6901
14 62.310000 60.320000 1000000 7.352970 9.920038 7.359786 10.026918 0.023829 0.032258 0.043598 0.029328 0.032258 0.023827 0.032258 6900 7192
14 62.310000 60.320000 1000000 7.349613 9.919321 7.356438 10.021053 0.023830 0.032258 0.043598 0.029328 0.032258 0.023827 0.032258 7190 7249
14 62.310000 60.320000 1000000 7.338124 9.861615 7.338914 10.007612 0.023829 0.032258 0.041682 0.026397 0.032258 0.023826 0.032258 7240 7305
14 62.310000 60.320000 1000000 7.335539 9.860899 7.335359 9.999547 0.023830 0.032258 0.038238 0.020531 0.032258 0.023827 0.032258 7300 8387
14 62.310000 60.320000 1000000 7.303959 9.855164 7.303777 9.952626 0.023827 0.032258 0.054552 0.043993 0.032258 0.023824 0.032258 8380 8461
14 62.310000 60.320000 1000000 7.298446 9.854447 7.298264 9.946761 0.023826 0.032258 0.054552 0.043992 0.032258 0.023824 0.032258 8460 11565
14 62.310000 60.320000 1000000 7.281176 9.851221 7.280306 9.915725 0.023825 0.032258 0.066938 0.058653 0.032258 0.023822 0.032258 11560 12675
14 62.310000 60.320000 1000000 7.225426 9.673086 7.208180 9.841190 0.023824 0.032258 0.074768 0.067451 0.032258 0.023821 0.032258 12670 14083
14 62.310000 60.320000 1000000 7.160437 9.665917 7.174091 9.807954 0.023823 0.032258 0.059382 0.049856 0.032258 0.023823 0.032258 14080 15056
14 62.310000 60.320000 1000000 7.155699 9.665200 7.169380 9.802089 0.023823 0.032258 0.054552 0.043992 0.032258 0.023823 0.032258 15050 25578
14 62.310000 60.320000 1000000 7.152963 9.664483 7.165639 9.794024 0.023825 0.032258 0.049942 0.038127 0.032258 0.023824 0.032258 25570 26148
14 62.310000 60.320000 1000000 7.141452 9.606777 7.148123 9.780584 0.023824 0.032258 0.047741 0.035194 0.032258 0.023823 0.032258 26140 33949
14 62.310000 60.320000 1000000 7.128894 9.604627 7.133270 9.760789 0.023823 0.032258 0.047741 0.035194 0.032258 0.023822 0.032258 33940 37819
14 62.310000 60.320000 1000000 7.101959 9.544054 7.100319 9.723888 0.023821 0.032258 0.059381 0.049855 0.032258 0.023819 0.032258 37810 51210
14 62.310000 60.320000 1000000 7.081336 9.537602 7.081464 9.673301 0.023824 0.032258 0.059383 0.049858 0.032258 0.023821 0.032258 51210 52357
14 62.310000 60.320000 1000000 7.069943 9.479896 7.064036 9.659860 0.023823 0.032258 0.061866 0.052790 0.032258 0.023820 0.032258 52350 56319
14 62.310000 60.320000 1000000 7.064328 9.479179 7.058407 9.653995 0.023823 0.032258 0.056944 0.046925 0.032258 0.023820 0.032258 56310 70641
14 62.310000 60.320000 1000000 7.048729 9.477029 7.042769 9.636400 0.023822 0.032258 0.056943 0.046925 0.032258 0.023819 0.032258 70640 102057
14 62.310000 60.320000 1000000 7.002461 9.468427 6.982244 9.544025 0.023826 0.032258 0.056939 0.046920 0.032258 0.023826 0.032258 97050 105217
14 62.310000 60.320000 1000000 7.000016 9.467710 6.978852 9.535961 0.023826 0.032258 0.056939 0.046920 0.032258 0.023827 0.032258 105210 113590
14 62.310000 60.320000 1000000 6.971158 9.458391 6.976290 9.530585 0.023830 0.032258 0.061865 0.052789 0.032258 0.023826 0.032258 113590 118476
14 62.310000 60.320000 1000000 6.964881 9.456957 6.970028 9.518854 0.023830 0.032258 0.061862 0.052786 0.032258 0.023826 0.032258 117050 127941
14 62.310000 60.320000 1000000 6.950868 9.454807 6.956045 9.501259 0.023829 0.032258 0.061862 0.052785 0.032258 0.023825 0.032258 127940 139489
14 62.310000 60.320000 1000000 6.945534 9.454090 6.950724 9.495394 0.023829 0.032258 0.066935 0.058649 0.032258 0.023824 0.032258 139480 164288
14 62.310000 60.320000 1000000 6.933703 9.396384 6.932664 9.481953 0.023829 0.032258 0.069519 0.061581 0.032258 0.023825 0.032258 164280 206334
14 62.310000 60.320000 1000000 6.904400 9.391366 6.899192 9.434299 0.023826 0.032258 0.069520 0.061582 0.032258 0.023822 0.032258 206330 232897
14 62.310000 60.320000 1000000 6.885325 9.389215 6.896902 9.430389 0.023827 0.032258 0.059380 0.049854 0.032258 0.023822 0.032258 232890 355665
14 62.310000 60.320000 1000000 6.861715 9.273804 6.860915 9.403508 0.023827 0.032258 0.059381 0.049855 0.032258 0.023822 0.032258 288660 374315
14 62.310000 60.320000 1000000 6.833588 9.269861 6.843768 9.375893 0.023828 0.032258 0.052213 0.041057 0.032258 0.023823 0.032258 374310 505422
14 62.310000 60.320000 1000000 6.830386 9.268427 6.844299 9.377848 0.023828 0.032258 0.056943 0.046924 0.032258 0.023823 0.032258 427430 670247
14 62.310000 60.320000 1000000 6.815964 9.266277 6.829965 9.360253 0.023826 0.032258 0.072134 0.064520 0.032258 0.023821 0.032258 670240 899750
14 62.310000 60.320000 1000000 6.813572 9.265560 6.826696 9.352188 0.023826 0.032258 0.072134 0.064520 0.032258 0.023821 0.032258 899750 1000000
14 62.310000 60.320000 1000000 6.799821 9.264126 6.828966 9.354143 0.023825 0.032258 0.082793 0.076250 0.032258 0.023821 0.032258 999990 1000000
