18 62.310000 60.320000 1000000 8.803112 12.012188 8.795831 11.833379 0.023826 0.032258 0.059380 0.049853 0.032258 0.023824 0.032258 0 52
18 62.310000 60.320000 1000000 8.611119 11.538348 8.542997 11.615636 0.023825 0.032258 0.096458 0.090904 0.032258 0.023828 0.032258 50 69
18 62.310000 60.320000 1000000 8.530395 11.417200 8.517858 11.596574 0.023828 0.032258 0.059376 0.049848 0.032258 0.023824 0.032258 60 71
18 62.310000 60.320000 1000000 8.477152 11.408598 8.487036 11.537434 0.023829 0.032258 0.049939 0.038122 0.032258 0.023828 0.032258 70 98
18 62.310000 60.320000 1000000 8.411442 11.398562 8.446037 11.491980 0.023825 0.032258 0.059385 0.049860 0.032258 0.023827 0.032258 90 119
18 62.310000 60.320000 1000000 8.392777 11.394978 8.426966 11.471941 0.023824 0.032258 0.074770 0.067453 0.032258 0.023825 0.032258 110 126
18 62.310000 60.320000 1000000 8.363623 11.387093 8.389135 11.385429 0.023826 0.032258 0.090960 0.085048 0.032258 0.023825 0.032258 120 135
18 62.310000 60.320000 1000000 8.127510 11.242648 8.221635 11.066027 0.023555 0.032258 0.739707 0.739004 0.032258 0.023641 0.032258 130 140
18 62.310000 60.320000 1000000 8.034675 11.203221 8.110094 10.633720 0.023442 0.032258 0.739707 0.739004 0.032258 0.023483 0.032258 140 191
18 62.310000 60.320000 1000000 7.840140 10.896050 7.864427 9.690660 0.023404 0.032258 0.531773 0.530794 0.032258 0.023417 0.032258 170 282
18 62.310000 60.320000 1000000 7.437026 8.587811 7.226123 9.153027 0.023143 0.032258 0.643039 0.642230 0.032258 0.023064 0.032258 180 263
18 62.310000 60.320000 1000000 7.203229 8.556986 7.262291 9.135431 0.023090 0.032258 0.666471 0.665690 0.032258 0.023058 0.032258 210 256
18 62.310000 60.320000 1000000 6.962908 8.527596 7.054782 8.922332 0.023051 0.032258 0.883288 0.882699 0.032258 0.023025 0.032258 220 263
18 62.310000 60.320000 1000000 6.094072 8.356628 6.191235 7.991736 0.023083 0.032258 0.411822 0.410557 0.032258 0.023181 0.032258 260 277
18 62.310000 60.320000 1000000 5.753734 8.326521 5.868490 7.745404 0.023694 0.032258 0.173121 0.170089 0.032258 0.023702 0.032258 270 330
18 62.310000 60.320000 1000000 5.712508 8.320786 5.829667 7.698483 0.023705 0.032258 0.133002 0.129031 0.032258 0.023703 0.032258 280 358
18 62.310000 60.320000 1000000 5.488176 7.339778 5.498533 7.469987 0.023811 0.032258 0.085497 0.079177 0.032258 0.023810 0.032258 310 360
18 62.310000 60.320000 1000000 5.477049 7.282071 5.481601 7.456546 0.023808 0.032258 0.082789 0.076245 0.032258 0.023806 0.032258 360 405
18 62.310000 60.320000 1000000 5.464173 7.279921 5.467855 7.436751 0.023812 0.032258 0.082789 0.076245 0.032258 0.023810 0.032258 400 420
18 62.310000 60.320000 1000000 5.461820 7.279204 5.464625 7.428687 0.023812 0.032258 0.082789 0.076245 0.032258 0.023810 0.032258 420 515
18 62.310000 60.320000 1000000 5.455288 7.277770 5.458103 7.416957 0.023813 0.032258 0.072130 0.064515 0.032258 0.023810 0.032258 440 555
18 62.310000 60.320000 1000000 5.414461 7.272752 5.417341 7.375901 0.023830 0.032258 0.047740 0.035192 0.032258 0.023827 0.032258 450 468
18 62.310000 60.320000 1000000 5.409520 7.272036 5.412407 7.370036 0.023830 0.032258 0.047738 0.035190 0.032258 0.023827 0.032258 460 501
18 62.310000 60.320000 1000000 5.403753 7.271319 5.406649 7.364171 0.023831 0.032258 0.043597 0.029327 0.032258 0.023828 0.032258 500 555
18 62.310000 60.320000 1000000 5.401383 7.270602 5.403395 7.356107 0.023831 0.032258 0.043597 0.029327 0.032258 0.023828 0.032258 550 676
18 62.310000 60.320000 1000000 5.383566 7.266301 5.384248 7.311630 0.023833 0.032258 0.039888 0.023461 0.032258 0.023830 0.032258 670 755
18 62.310000 60.320000 1000000 5.378016 7.265584 5.378699 7.305765 0.023833 0.032258 0.036747 0.017600 0.032258 0.023830 0.032258 750 819
18 62.310000 60.320000 1000000 5.366499 7.207877 5.361081 7.292324 0.023832 0.032258 0.038238 0.020532 0.032258 0.023829 0.032258 810 840
18 62.310000 60.320000 1000000 5.357010 7.206444 5.351563 7.280593 0.023832 0.032258 0.041682 0.026397 0.032258 0.023829 0.032258 840 912
18 62.310000 60.320000 1000000 5.353074 7.205727 5.347615 7.274728 0.023832 0.032258 0.045622 0.032261 0.032258 0.023829 0.032258 910 962
18 62.310000 60.320000 1000000 5.351821 7.204651 5.345694 7.261288 0.023832 0.032258 0.043598 0.029329 0.032258 0.023830 0.032258 960 999
18 62.310000 60.320000 1000000 5.348486 7.203935 5.342348 7.255422 0.023833 0.032258 0.039889 0.023463 0.032258 0.023830 0.032258 990 1006
18 62.310000 60.320000 1000000 5.347262 7.202859 5.340472 7.241982 0.023833 0.032258 0.038238 0.020531 0.032258 0.023831 0.032258 1000 1263
18 62.310000 60.320000 1000000 5.345673 7.202143 5.340737 7.242959 0.023833 0.032258 0.041682 0.026396 0.032258 0.023831 0.032258 1260 1399
18 62.310000 60.320000 1000000 5.342414 7.201426 5.337469 7.237094 0.023834 0.032258 0.038238 0.020531 0.032258 0.023831 0.032258 1390 1469
18 62.310000 60.320000 1000000 5.339234 7.200709 5.334280 7.231229 0.023834 0.032258 0.038238 0.020532 0.032258 0.023831 0.032258 1460 1758
18 62.310000 60.320000 1000000 5.332154 7.199992 5.335461 7.232206 0.023834 0.032258 0.038238 0.020532 0.032258 0.023831 0.032258 1750 2650
18 62.310000 60.320000 1000000 5.330952 7.198917 5.333627 7.218766 0.023834 0.032258 0.036747 0.017600 0.032258 0.023831 0.032258 2650 2731
18 62.310000 60.320000 1000000 5.326169 7.198200 5.328851 7.212900 0.023834 0.032258 0.034327 0.011736 0.032258 0.023831 0.032258 2730 3452
18 62.310000 60.320000 1000000 5.319808 7.197483 5.320113 7.204836 0.023834 0.032258 0.032788 0.005871 0.032258 0.023831 0.032258 3450 10758
18 62.310000 60.320000 1000000 5.316673 7.196766 5.316978 7.198971 0.023834 0.032258 0.034327 0.011736 0.032258 0.023831 0.032258 10750 13847
18 62.310000 60.320000 1000000 5.314251 7.196049 5.313647 7.190906 0.023834 0.032258 0.032788 0.005871 0.032258 0.023831 0.032258 13840 36914
18 62.310000 60.320000 1000000 5.307261 7.195332 5.314810 7.191884 0.023834 0.032258 0.034327 0.011736 0.032258 0.023832 0.032258 36910 65592
18 62.310000 60.320000 1000000 5.304890 7.194616 5.311563 7.183820 0.023834 0.032258 0.034327 0.011735 0.032258 0.023831 0.032258 65590 68180
18 62.310000 60.320000 1000000 5.303701 7.193540 5.309754 7.170379 0.023834 0.032258 0.035435 0.014664 0.032258 0.023831 0.032258 68180 78355
18 62.310000 60.320000 1000000 5.299753 7.192824 5.305820 7.164514 0.023834 0.032258 0.035434 0.014662 0.032258 0.023831 0.032258 78350 109642
18 62.310000 60.320000 1000000 5.288037 7.135117 5.287950 7.151073 0.023834 0.032258 0.034325 0.011730 0.032258 0.023831 0.032258 109640 118583
18 62.310000 60.320000 1000000 5.285705 7.134400 5.284742 7.143008 0.023833 0.032258 0.036745 0.017596 0.032258 0.023831 0.032258 118580 151452
18 62.310000 60.320000 1000000 5.278038 7.132966 5.277071 7.131278 0.023832 0.032258 0.043594 0.029324 0.032258 0.023829 0.032258 123570 160244
18 62.310000 60.320000 1000000 5.276430 7.132249 5.277339 7.132255 0.023832 0.032258 0.039888 0.023462 0.032258 0.023829 0.032258 160240 162276
18 62.310000 60.320000 1000000 5.271628 7.131533 5.272540 7.126390 0.023832 0.032258 0.039887 0.023461 0.032258 0.023830 0.032258 162270 199719
18 62.310000 60.320000 1000000 5.260042 7.073826 5.254818 7.112949 0.023832 0.032258 0.041680 0.026393 0.032258 0.023829 0.032258 199710 290626
18 62.310000 60.320000 1000000 5.244146 7.071675 5.238874 7.095354 0.023832 0.032258 0.041681 0.026395 0.032258 0.023829 0.032258 290620 305493
18 62.310000 60.320000 1000000 5.239515 7.070959 5.234228 7.089489 0.023832 0.032258 0.041681 0.026395 0.032258 0.023829 0.032258 305490 380747
18 62.310000 60.320000 1000000 5.223869 7.068808 5.236830 7.092422 0.023831 0.032258 0.045622 0.032260 0.032258 0.023829 0.032258 380740 415057
18 62.310000 60.320000 1000000 5.210918 7.066657 5.221518 7.072627 0.023833 0.032258 0.038238 0.020532 0.032258 0.023830 0.032258 415050 515932
18 62.310000 60.320000 1000000 5.209697 7.065582 5.219664 7.059186 0.023833 0.032258 0.036747 0.017599 0.032258 0.023830 0.032258 515930 540004
18 62.310000 60.320000 1000000 5.208509 7.064507 5.217859 7.045745 0.023833 0.032258 0.038236 0.020528 0.032258 0.023830 0.032258 540000 544694
18 62.310000 60.320000 1000000 5.202065 7.063790 5.209040 7.037681 0.023834 0.032258 0.035434 0.014663 0.032258 0.023831 0.032258 544690 708486
18 62.310000 60.320000 1000000 5.195771 7.063073 5.200415 7.029616 0.023834 0.032258 0.035434 0.014661 0.032258 0.023831 0.032258 708480 772967
18 62.310000 60.320000 1000000 5.183997 7.005367 5.182442 7.016175 0.023834 0.032258 0.034324 0.011729 0.032258 0.023831 0.032258 772960 941648
18 62.310000 60.320000 1000000 5.182389 7.004650 5.182710 7.017153 0.023834 0.032258 0.034326 0.011733 0.032258 0.023831 0.032258 941640 1000000
18 62.310000 60.320000 1000000 5.182389 7.004650 5.182710 7.017153 0.023834 0.032258 0.034326 0.011733 0.032258 0.023831 0.032258 999990 1000000
