42 62.310000 60.320000 1000000 10.190494 13.630064 10.209386 13.510297 0.023657 0.032258 0.332942 0.331375 0.032258 0.023659 0.032258 0 50
42 62.310000 60.320000 1000000 9.746663 13.566264 9.786143 13.000277 0.023806 0.032258 0.118832 0.114370 0.032258 0.023799 0.032258 50 66
42 62.310000 60.320000 1000000 9.677681 13.556228 9.715772 12.915965 0.023806 0.032258 0.085497 0.079178 0.032258 0.023796 0.032258 60 76
42 62.310000 60.320000 1000000 9.580771 13.151570 9.580849 12.822857 0.023825 0.032258 0.066936 0.058650 0.032258 0.023822 0.032258 70 99
42 62.310000 60.320000 1000000 9.556766 13.148703 9.547796 12.790598 0.023822 0.032258 0.088220 0.082111 0.032258 0.023818 0.032258 90 117
42 62.310000 60.320000 1000000 9.517532 13.087413 9.501824 12.747832 0.023822 0.032258 0.074766 0.067449 0.032258 0.023819 0.032258 110 149
42 62.310000 60.320000 1000000 9.502049 13.082036 9.484588 12.689914 0.023820 0.032258 0.082790 0.076247 0.032258 0.023817 0.032258 140 197
42 62.310000 60.320000 1000000 9.325866 13.054796 9.424951 12.578965 0.023800 0.032258 0.202008 0.199415 0.032258 0.023801 0.032258 190 217
42 62.310000 60.320000 1000000 9.290840 12.989922 9.376240 12.484879 0.023799 0.032258 0.181768 0.178883 0.032258 0.023796 0.032258 210 283
42 62.310000 60.320000 1000000 9.038501 12.281322 9.032261 12.171585 0.023827 0.032258 0.093701 0.087973 0.032258 0.023823 0.032258 280 312
42 62.310000 60.320000 1000000 8.989296 12.274870 8.993157 12.132484 0.023832 0.032258 0.056936 0.046916 0.032258 0.023828 0.032258 310 366
42 62.310000 60.320000 1000000 8.977278 12.217164 8.974800 12.119043 0.023832 0.032258 0.054545 0.043984 0.032258 0.023829 0.032258 360 383
42 62.310000 60.320000 1000000 8.959370 12.214297 8.958769 12.102426 0.023832 0.032258 0.059375 0.049848 0.032258 0.023828 0.032258 380 431
42 62.310000 60.320000 1000000 8.946683 12.210712 8.942781 12.064302 0.023829 0.032258 0.080092 0.073309 0.032258 0.023826 0.032258 430 498
42 62.310000 60.320000 1000000 8.890117 12.197092 8.910602 12.021291 0.023826 0.032258 0.074767 0.067450 0.032258 0.023824 0.032258 490 522
42 62.310000 60.320000 1000000 8.875331 12.191358 8.893395 11.955798 0.023825 0.032258 0.069522 0.061585 0.032258 0.023823 0.032258 520 531
42 62.310000 60.320000 1000000 8.861760 12.189924 8.885847 11.948711 0.023826 0.032258 0.069522 0.061585 0.032258 0.023823 0.032258 530 542
42 62.310000 60.320000 1000000 8.859590 12.189207 8.882888 11.940646 0.023825 0.032258 0.069522 0.061585 0.032258 0.023822 0.032258 540 550
42 62.310000 60.320000 1000000 8.852501 12.188490 8.884058 11.941624 0.023825 0.032258 0.074767 0.067450 0.032258 0.023822 0.032258 550 593
42 62.310000 60.320000 1000000 8.851073 12.187773 8.884294 11.942601 0.023825 0.032258 0.080098 0.073315 0.032258 0.023822 0.032258 590 608
42 62.310000 60.320000 1000000 8.848125 12.187056 8.881378 11.936736 0.023824 0.032258 0.080098 0.073315 0.032258 0.023821 0.032258 600 610
42 62.310000 60.320000 1000000 8.835719 12.129351 8.862617 11.923295 0.023826 0.032258 0.077423 0.070382 0.032258 0.023823 0.032258 610 992
42 62.310000 60.320000 1000000 8.816281 12.121465 8.835071 11.826522 0.023825 0.032258 0.056941 0.046923 0.032258 0.023821 0.032258 650 932
42 62.310000 60.320000 1000000 8.752809 12.111430 8.769645 11.742211 0.023821 0.032258 0.047740 0.035193 0.032258 0.023816 0.032258 930 1157
42 62.310000 60.320000 1000000 8.728036 12.107128 8.760092 11.716307 0.023820 0.032258 0.047737 0.035188 0.032258 0.023814 0.032258 1110 1667
42 62.310000 60.320000 1000000 8.722202 12.104978 8.757679 11.712397 0.023818 0.032258 0.052214 0.041057 0.032258 0.023813 0.032258 1660 1697
42 62.310000 60.320000 1000000 8.690488 11.988849 8.710648 11.677451 0.023824 0.032258 0.047739 0.035191 0.032258 0.023820 0.032258 1690 1736
42 62.310000 60.320000 1000000 8.498220 11.007849 8.413630 11.448957 0.023805 0.032258 0.074767 0.067450 0.032258 0.023799 0.032258 1700 2194
42 62.310000 60.320000 1000000 8.490058 11.004981 8.403930 11.416210 0.023805 0.032258 0.069522 0.061585 0.032258 0.023800 0.032258 2190 2407
42 62.310000 60.320000 1000000 8.475546 11.002831 8.388966 11.398615 0.023806 0.032258 0.080098 0.073315 0.032258 0.023802 0.032258 2340 3423
42 62.310000 60.320000 1000000 8.368208 10.991361 8.403283 11.405213 0.023803 0.032258 0.080098 0.073315 0.032258 0.023802 0.032258 3420 3826
42 62.310000 60.320000 1000000 8.367002 10.990286 8.401463 11.391772 0.023803 0.032258 0.082790 0.076247 0.032258 0.023802 0.032258 3820 3889
42 62.310000 60.320000 1000000 8.359969 10.989569 8.391906 11.383708 0.023805 0.032258 0.077422 0.070382 0.032258 0.023805 0.032258 3880 4303
42 62.310000 60.320000 1000000 8.349455 10.931863 8.376010 11.370267 0.023801 0.032258 0.074767 0.067450 0.032258 0.023799 0.032258 4300 7150
42 62.310000 60.320000 1000000 8.335629 10.930429 8.357164 11.354138 0.023805 0.032258 0.069523 0.061586 0.032258 0.023803 0.032258 5000 5639
42 62.310000 60.320000 1000000 8.308329 10.926845 8.327535 11.322613 0.023810 0.032258 0.049944 0.038128 0.032258 0.023809 0.032258 5630 8215
42 62.310000 60.320000 1000000 8.215305 10.914659 8.204859 11.192115 0.023810 0.032258 0.080094 0.073311 0.032258 0.023807 0.032258 8210 8934
42 62.310000 60.320000 1000000 8.211914 10.913942 8.201456 11.186250 0.023811 0.032258 0.080094 0.073311 0.032258 0.023807 0.032258 8930 10342
42 62.310000 60.320000 1000000 8.177145 10.797097 8.170385 11.161324 0.023802 0.032258 0.074765 0.067448 0.032258 0.023800 0.032258 9520 13948
42 62.310000 60.320000 1000000 8.015483 10.773441 8.003853 10.970464 0.023805 0.032258 0.096460 0.090907 0.032258 0.023802 0.032258 11820 11957
42 62.310000 60.320000 1000000 8.010252 10.772724 7.998599 10.964599 0.023804 0.032258 0.090954 0.085042 0.032258 0.023801 0.032258 11950 13948
42 62.310000 60.320000 1000000 8.008900 10.771649 7.996524 10.951159 0.023805 0.032258 0.088218 0.082109 0.032258 0.023802 0.032258 13940 17672
42 62.310000 60.320000 1000000 7.999680 10.770215 7.987261 10.939428 0.023809 0.032258 0.077421 0.070381 0.032258 0.023806 0.032258 14980 17896
42 62.310000 60.320000 1000000 7.993900 10.769498 7.979272 10.931364 0.023807 0.032258 0.082789 0.076246 0.032258 0.023804 0.032258 17890 18939
42 62.310000 60.320000 1000000 7.971839 10.766631 7.982952 10.935274 0.023805 0.032258 0.082788 0.076245 0.032258 0.023804 0.032258 18930 20137
42 62.310000 60.320000 1000000 7.957565 10.764480 7.968737 10.917679 0.023807 0.032258 0.077420 0.070380 0.032258 0.023806 0.032258 20130 22934
42 62.310000 60.320000 1000000 7.953217 10.763763 7.964408 10.911814 0.023806 0.032258 0.082788 0.076245 0.032258 0.023805 0.032258 22930 29203
42 62.310000 60.320000 1000000 7.886093 10.751577 7.901768 10.825792 0.023807 0.032258 0.088222 0.082113 0.032258 0.023804 0.032258 29200 52841
42 62.310000 60.320000 1000000 7.824331 10.736523 7.836861 10.688940 0.023819 0.032258 0.072127 0.064511 0.032258 0.023816 0.032258 38730 77590
42 62.310000 60.320000 1000000 7.800174 10.621111 7.800043 10.662058 0.023821 0.032258 0.066932 0.058646 0.032258 0.023819 0.032258 51900 88178
42 62.310000 60.320000 1000000 7.787187 10.618244 7.789188 10.645440 0.023819 0.032258 0.066938 0.058652 0.032258 0.023816 0.032258 88170 90079
42 62.310000 60.320000 1000000 7.781887 10.617527 7.783892 10.639575 0.023819 0.032258 0.066938 0.058652 0.032258 0.023815 0.032258 90070 97831
42 62.310000 60.320000 1000000 7.775722 10.616810 7.775418 10.631511 0.023818 0.032258 0.066938 0.058652 0.032258 0.023815 0.032258 97830 102384
42 62.310000 60.320000 1000000 7.672591 10.096382 7.616118 10.497103 0.023807 0.032258 0.082791 0.076248 0.032258 0.023802 0.032258 102380 104072
42 62.310000 60.320000 1000000 7.669522 10.095665 7.612980 10.491238 0.023806 0.032258 0.082791 0.076248 0.032258 0.023802 0.032258 104070 113199
42 62.310000 60.320000 1000000 7.602562 10.088497 7.618659 10.494170 0.023802 0.032258 0.077425 0.070385 0.032258 0.023803 0.032258 113190 124889
42 62.310000 60.320000 1000000 7.581146 9.973085 7.586075 10.467289 0.023795 0.032258 0.077425 0.070385 0.032258 0.023793 0.032258 117070 132349
42 62.310000 60.320000 1000000 7.560540 9.957314 7.557921 10.280095 0.023802 0.032258 0.110393 0.105575 0.032258 0.023802 0.032258 132340 193113
42 62.310000 60.320000 1000000 7.513753 9.945128 7.560061 10.289870 0.023803 0.032258 0.127325 0.123171 0.032258 0.023802 0.032258 193110 307050
42 62.310000 60.320000 1000000 7.450316 9.818963 7.473171 10.146419 0.023811 0.032258 0.061863 0.052787 0.032258 0.023809 0.032258 236300 313765
42 62.310000 60.320000 1000000 7.449103 9.817888 7.471334 10.132978 0.023812 0.032258 0.059381 0.049855 0.032258 0.023809 0.032258 313760 541026
42 62.310000 60.320000 1000000 7.366944 9.808569 7.363259 10.032539 0.023817 0.032258 0.049939 0.038123 0.032258 0.023814 0.032258 338940 491831
42 62.310000 60.320000 1000000 7.349675 9.804985 7.341904 9.996615 0.023817 0.032258 0.059378 0.049851 0.032258 0.023813 0.032258 491830 688166
42 62.310000 60.320000 1000000 7.330374 9.801401 7.320717 9.962891 0.023820 0.032258 0.064382 0.055717 0.032258 0.023817 0.032258 688160 892196
42 62.310000 60.320000 1000000 7.247554 9.675595 7.231587 9.843879 0.023816 0.032258 0.077419 0.070378 0.032258 0.023814 0.032258 892190 953113
42 62.310000 60.320000 1000000 7.242214 9.674878 7.226211 9.838013 0.023818 0.032258 0.072129 0.064513 0.032258 0.023816 0.032258 953110 1000000
42 62.310000 60.320000 1000000 7.242214 9.674878 7.226211 9.838013 0.023818 0.032258 0.072129 0.064513 0.032258 0.023816 0.032258 999990 1000000
