20 62.310000 60.320000 1000000 8.860058 12.077780 8.844030 11.909137 0.023828 0.032258 0.047741 0.035193 0.032258 0.023827 0.032258 0 50
20 62.310000 60.320000 1000000 8.578654 11.704300 8.570868 11.640563 0.023829 0.032258 0.056944 0.046926 0.032258 0.023826 0.032258 50 70
20 62.310000 60.320000 1000000 8.552186 11.701433 8.556543 11.626389 0.023828 0.032258 0.056944 0.046926 0.032258 0.023825 0.032258 70 80
20 62.310000 60.320000 1000000 8.542435 11.698565 8.543147 11.594131 0.023829 0.032258 0.056944 0.046925 0.032258 0.023825 0.032258 80 91
20 62.310000 60.320000 1000000 8.536803 11.697132 8.539468 11.589243 0.023829 0.032258 0.052216 0.041060 0.032258 0.023825 0.032258 90 107
20 62.310000 60.320000 1000000 8.496759 11.690680 8.538159 11.561384 0.023827 0.032258 0.061867 0.052792 0.032258 0.023826 0.032258 100 112
20 62.310000 60.320000 1000000 8.376312 11.112896 8.356999 11.421109 0.023825 0.032258 0.052215 0.041059 0.032258 0.023821 0.032258 110 141
20 62.310000 60.320000 1000000 8.349952 11.109312 8.330454 11.391784 0.023823 0.032258 0.066941 0.058655 0.032258 0.023820 0.032258 140 158
20 62.310000 60.320000 1000000 7.920395 7.867736 7.639474 10.515440 0.023210 0.032258 0.236812 0.234605 0.032258 0.022899 0.032258 150 283
20 62.310000 60.320000 1000000 7.134209 7.700353 7.049142 9.129566 0.022870 0.032258 0.748494 0.747799 0.032258 0.022684 0.032258 180 203
20 62.310000 60.320000 1000000 6.870609 7.635120 7.025666 9.136653 0.022772 0.032258 0.637182 0.636365 0.032258 0.022763 0.032258 200 237
20 62.310000 60.320000 1000000 6.241882 7.524726 6.404283 8.117837 0.022792 0.032258 0.391363 0.390031 0.032258 0.022604 0.032258 230 305
20 62.310000 60.320000 1000000 5.886683 7.503220 5.944736 7.882498 0.023541 0.032258 0.233908 0.231673 0.032258 0.023455 0.032258 250 294
20 62.310000 60.320000 1000000 5.760471 7.493901 5.774388 7.777659 0.023737 0.032258 0.158738 0.155426 0.032258 0.023702 0.032258 260 305
20 62.310000 60.320000 1000000 5.677166 7.480639 5.673541 7.660357 0.023796 0.032258 0.099232 0.093843 0.032258 0.023779 0.032258 300 335
20 62.310000 60.320000 1000000 5.666572 7.422933 5.657301 7.646916 0.023791 0.032258 0.102010 0.096775 0.032258 0.023772 0.032258 330 344
20 62.310000 60.320000 1000000 5.627004 7.417198 5.647365 7.620768 0.023784 0.032258 0.124487 0.120235 0.032258 0.023769 0.032258 340 408
20 62.310000 60.320000 1000000 5.622828 7.416481 5.643233 7.614903 0.023785 0.032258 0.118832 0.114370 0.032258 0.023769 0.032258 400 553
20 62.310000 60.320000 1000000 5.592205 7.413614 5.601460 7.582645 0.023809 0.032258 0.096463 0.090910 0.032258 0.023800 0.032258 410 440
20 62.310000 60.320000 1000000 5.584926 7.412897 5.591494 7.574581 0.023814 0.032258 0.090957 0.085045 0.032258 0.023806 0.032258 440 553
20 62.310000 60.320000 1000000 5.573032 7.407879 5.583967 7.544766 0.023813 0.032258 0.080102 0.073319 0.032258 0.023806 0.032258 550 562
20 62.310000 60.320000 1000000 5.571513 7.407162 5.584219 7.545744 0.023813 0.032258 0.085503 0.079184 0.032258 0.023806 0.032258 560 571
20 62.310000 60.320000 1000000 5.564769 7.406445 5.585333 7.546721 0.023812 0.032258 0.085503 0.079184 0.032258 0.023806 0.032258 570 586
20 62.310000 60.320000 1000000 5.560097 7.405728 5.580713 7.540856 0.023811 0.032258 0.085503 0.079184 0.032258 0.023805 0.032258 580 659
20 62.310000 60.320000 1000000 5.523603 7.401427 5.534082 7.496868 0.023826 0.032258 0.064386 0.055722 0.032258 0.023823 0.032258 600 730
20 62.310000 60.320000 1000000 5.516934 7.400711 5.524958 7.488804 0.023828 0.032258 0.059383 0.049857 0.032258 0.023825 0.032258 730 864
20 62.310000 60.320000 1000000 5.484966 7.395693 5.488239 7.443350 0.023833 0.032258 0.045622 0.032261 0.032258 0.023830 0.032258 830 972
20 62.310000 60.320000 1000000 5.482578 7.394976 5.484960 7.435285 0.023833 0.032258 0.045622 0.032261 0.032258 0.023830 0.032258 970 981
20 62.310000 60.320000 1000000 5.477819 7.394259 5.480207 7.429420 0.023833 0.032258 0.041682 0.026397 0.032258 0.023830 0.032258 980 993
20 62.310000 60.320000 1000000 5.471490 7.393542 5.471511 7.421356 0.023833 0.032258 0.038238 0.020533 0.032258 0.023830 0.032258 990 1411
20 62.310000 60.320000 1000000 5.463613 7.391033 5.462995 7.396185 0.023834 0.032258 0.032788 0.005870 0.032258 0.023831 0.032258 1410 1830
20 62.310000 60.320000 1000000 5.460395 7.390316 5.459776 7.390320 0.023834 0.032258 0.032258 0.000007 0.032258 0.023832 0.032258 1830 1862
20 62.310000 60.320000 1000000 5.454170 7.389600 5.451209 7.382255 0.023834 0.032258 0.032788 0.005870 0.032258 0.023831 0.032258 1860 2131
20 62.310000 60.320000 1000000 5.447167 7.388883 5.452376 7.383233 0.023834 0.032258 0.032788 0.005869 0.032258 0.023831 0.032258 2130 2339
20 62.310000 60.320000 1000000 5.444003 7.388166 5.449222 7.377368 0.023834 0.032258 0.034326 0.011734 0.032258 0.023831 0.032258 2330 3242
20 62.310000 60.320000 1000000 5.438492 7.387449 5.443726 7.371503 0.023834 0.032258 0.034327 0.011736 0.032258 0.023831 0.032258 3240 4519
20 62.310000 60.320000 1000000 5.437297 7.386374 5.441905 7.358062 0.023834 0.032258 0.035435 0.014664 0.032258 0.023831 0.032258 4510 4612
20 62.310000 60.320000 1000000 5.425545 7.328667 5.423967 7.344621 0.023834 0.032258 0.034326 0.011732 0.032258 0.023831 0.032258 4610 9271
20 62.310000 60.320000 1000000 5.421550 7.327950 5.419968 7.338756 0.023834 0.032258 0.034325 0.011731 0.032258 0.023831 0.032258 9270 17983
20 62.310000 60.320000 1000000 5.419943 7.327233 5.420236 7.339733 0.023834 0.032258 0.034326 0.011735 0.032258 0.023831 0.032258 17980 38811
20 62.310000 60.320000 1000000 5.418767 7.326158 5.418440 7.326292 0.023834 0.032258 0.035435 0.014663 0.032258 0.023831 0.032258 38810 44114
20 62.310000 60.320000 1000000 5.416355 7.325441 5.415121 7.318228 0.023834 0.032258 0.033437 0.008799 0.032258 0.023831 0.032258 44110 53747
20 62.310000 60.320000 1000000 5.404485 7.323291 5.402354 7.298433 0.023834 0.032258 0.035434 0.014663 0.032258 0.023831 0.032258 53740 140144
20 62.310000 60.320000 1000000 5.389457 7.320782 5.402893 7.286947 0.023833 0.032258 0.043595 0.029325 0.032258 0.023831 0.032258 140140 158674
20 62.310000 60.320000 1000000 5.377704 7.263075 5.385041 7.273506 0.023833 0.032258 0.041679 0.026392 0.032258 0.023831 0.032258 158670 282561
20 62.310000 60.320000 1000000 5.371379 7.261641 5.378742 7.261776 0.023833 0.032258 0.045619 0.032257 0.032258 0.023831 0.032258 282530 301491
20 62.310000 60.320000 1000000 5.359820 7.203935 5.361125 7.248335 0.023832 0.032258 0.043595 0.029325 0.032258 0.023829 0.032258 301490 335963
20 62.310000 60.320000 1000000 5.355784 7.203218 5.357092 7.242470 0.023832 0.032258 0.039887 0.023460 0.032258 0.023830 0.032258 335960 338745
20 62.310000 60.320000 1000000 5.349359 7.202501 5.348258 7.234406 0.023833 0.032258 0.039886 0.023458 0.032258 0.023830 0.032258 338740 384978
20 62.310000 60.320000 1000000 5.346981 7.201784 5.344985 7.226341 0.023833 0.032258 0.039886 0.023458 0.032258 0.023830 0.032258 384970 472394
20 62.310000 60.320000 1000000 5.343023 7.201067 5.341023 7.220476 0.023833 0.032258 0.039885 0.023457 0.032258 0.023830 0.032258 472390 508701
20 62.310000 60.320000 1000000 5.338273 7.200350 5.336267 7.214611 0.023833 0.032258 0.039886 0.023458 0.032258 0.023830 0.032258 508700 610878
20 62.310000 60.320000 1000000 5.291200 7.138343 5.275788 7.159382 0.023832 0.032258 0.041679 0.026393 0.032258 0.023830 0.032258 610870 922465
20 62.310000 60.320000 1000000 5.269014 7.134042 5.275749 7.158404 0.023833 0.032258 0.038238 0.020531 0.032258 0.023830 0.032258 922460 1000000
20 62.310000 60.320000 1000000 5.259485 7.132608 5.266257 7.146674 0.023833 0.032258 0.041681 0.026395 0.032258 0.023830 0.032258 999990 1000000
