25 62.310000 60.320000 1000000 10.068463 14.452642 10.217862 13.385418 0.023745 0.032258 0.155868 0.152494 0.032258 0.023735 0.032258 0 50
25 62.310000 60.320000 1000000 9.645933 13.275226 9.664750 12.919143 0.023823 0.032258 0.085497 0.079178 0.032258 0.023819 0.032258 50 75
25 62.310000 60.320000 1000000 9.558485 13.036517 9.573231 12.805506 0.023827 0.032258 0.085494 0.079175 0.032258 0.023824 0.032258 70 83
25 62.310000 60.320000 1000000 9.503960 13.029348 9.524689 12.761029 0.023826 0.032258 0.090956 0.085043 0.032258 0.023822 0.032258 80 99
25 62.310000 60.320000 1000000 9.497034 13.028631 9.525834 12.762006 0.023826 0.032258 0.090956 0.085043 0.032258 0.023822 0.032258 90 120
25 62.310000 60.320000 1000000 9.362047 12.783471 9.361245 12.586541 0.023822 0.032258 0.141555 0.137830 0.032258 0.023819 0.032258 120 133
25 62.310000 60.320000 1000000 9.357790 12.782754 9.356987 12.580676 0.023823 0.032258 0.135851 0.131965 0.032258 0.023820 0.032258 130 175
25 62.310000 60.320000 1000000 9.284810 12.769492 9.279890 12.456042 0.023824 0.032258 0.082789 0.076246 0.032258 0.023821 0.032258 170 186
25 62.310000 60.320000 1000000 9.282448 12.768775 9.276637 12.447978 0.023824 0.032258 0.077421 0.070381 0.032258 0.023821 0.032258 180 192
25 62.310000 60.320000 1000000 9.278521 12.768058 9.272703 12.442113 0.023824 0.032258 0.072131 0.064516 0.032258 0.023820 0.032258 190 275
25 62.310000 60.320000 1000000 9.238483 12.763757 9.251248 12.420851 0.023824 0.032258 0.082790 0.076247 0.032258 0.023818 0.032258 250 378
25 62.310000 60.320000 1000000 9.181625 12.644044 9.199839 12.379307 0.023827 0.032258 0.066937 0.058651 0.032258 0.023822 0.032258 370 514
25 62.310000 60.320000 1000000 9.080212 12.347630 9.061247 12.238789 0.023831 0.032258 0.069520 0.061583 0.032258 0.023829 0.032258 510 529
25 62.310000 60.320000 1000000 9.068367 12.289924 9.043017 12.225348 0.023831 0.032258 0.072131 0.064515 0.032258 0.023830 0.032258 520 654
25 62.310000 60.320000 1000000 9.001599 12.282755 9.016480 12.198955 0.023829 0.032258 0.082788 0.076244 0.032258 0.023827 0.032258 540 646
25 62.310000 60.320000 1000000 8.989013 12.280605 9.001735 12.179161 0.023829 0.032258 0.077420 0.070379 0.032258 0.023827 0.032258 640 654
25 62.310000 60.320000 1000000 8.987329 12.279888 9.002015 12.180138 0.023829 0.032258 0.072130 0.064514 0.032258 0.023826 0.032258 650 704
25 62.310000 60.320000 1000000 8.958550 12.275587 8.975319 12.151790 0.023828 0.032258 0.061864 0.052788 0.032258 0.023825 0.032258 700 1027
25 62.310000 60.320000 1000000 8.955278 12.274153 8.975861 12.153745 0.023828 0.032258 0.061865 0.052789 0.032258 0.023825 0.032258 720 1194
25 62.310000 60.320000 1000000 8.904733 12.210712 8.914732 12.088985 0.023827 0.032258 0.059383 0.049857 0.032258 0.023822 0.032258 1190 1261
25 62.310000 60.320000 1000000 8.864030 12.146555 8.867683 12.022758 0.023827 0.032258 0.072133 0.064518 0.032258 0.023823 0.032258 1260 1325
25 62.310000 60.320000 1000000 8.851886 12.088849 8.849133 12.009318 0.023829 0.032258 0.069522 0.061585 0.032258 0.023825 0.032258 1320 1514
25 62.310000 60.320000 1000000 8.845554 12.085982 8.841490 11.976571 0.023829 0.032258 0.074767 0.067450 0.032258 0.023825 0.032258 1510 1769
25 62.310000 60.320000 1000000 8.819370 12.078096 8.805377 11.887860 0.023828 0.032258 0.074763 0.067445 0.032258 0.023825 0.032258 1600 3185
25 62.310000 60.320000 1000000 8.677126 12.058025 8.815321 11.894703 0.023793 0.032258 0.153000 0.149560 0.032258 0.023830 0.032258 2290 3724
25 62.310000 60.320000 1000000 8.602772 11.823617 8.718750 11.811614 0.023803 0.032258 0.147272 0.143695 0.032258 0.023833 0.032258 2740 2792
25 62.310000 60.320000 1000000 8.598131 11.822900 8.714292 11.805749 0.023802 0.032258 0.153000 0.149560 0.032258 0.023833 0.032258 2790 3724
25 62.310000 60.320000 1000000 8.590296 11.821466 8.706766 11.794019 0.023802 0.032258 0.153000 0.149560 0.032258 0.023832 0.032258 2890 3841
25 62.310000 60.320000 1000000 8.419797 11.009999 8.466974 11.603893 0.023787 0.032258 0.124491 0.120239 0.032258 0.023791 0.032258 3840 3932
25 62.310000 60.320000 1000000 8.413820 11.009282 8.467952 11.604870 0.023784 0.032258 0.130165 0.126104 0.032258 0.023792 0.032258 3930 3970
25 62.310000 60.320000 1000000 8.407548 11.008565 8.461800 11.599005 0.023787 0.032258 0.124491 0.120239 0.032258 0.023793 0.032258 3970 6602
25 62.310000 60.320000 1000000 8.395682 10.998888 8.444000 11.478038 0.023790 0.032258 0.104799 0.099711 0.032258 0.023797 0.032258 4020 7811
25 62.310000 60.320000 1000000 8.248759 10.980967 8.257149 11.291822 0.023794 0.032258 0.082791 0.076248 0.032258 0.023794 0.032258 7810 10013
25 62.310000 60.320000 1000000 8.213995 10.919677 8.236292 11.265185 0.023786 0.032258 0.085498 0.079179 0.032258 0.023794 0.032258 10010 11756
25 62.310000 60.320000 1000000 8.202587 10.916810 8.230995 11.262252 0.023789 0.032258 0.085502 0.079184 0.032258 0.023795 0.032258 11750 12849
25 62.310000 60.320000 1000000 8.201284 10.915734 8.229025 11.248812 0.023789 0.032258 0.082794 0.076251 0.032258 0.023796 0.032258 12840 12856
25 62.310000 60.320000 1000000 8.200003 10.914659 8.227087 11.235371 0.023789 0.032258 0.080101 0.073319 0.032258 0.023796 0.032258 12850 13499
25 62.310000 60.320000 1000000 8.154560 10.739391 8.163950 11.175254 0.023784 0.032258 0.082794 0.076251 0.032258 0.023786 0.032258 13490 14957
25 62.310000 60.320000 1000000 8.152852 10.738674 8.164234 11.176231 0.023784 0.032258 0.088225 0.082116 0.032258 0.023786 0.032258 14950 16438
25 62.310000 60.320000 1000000 8.128175 10.734373 8.139660 11.141041 0.023792 0.032258 0.082794 0.076251 0.032258 0.023792 0.032258 15600 22470
25 62.310000 60.320000 1000000 7.918590 10.647276 7.924964 10.887132 0.023802 0.032258 0.085503 0.079184 0.032258 0.023799 0.032258 22470 28933
25 62.310000 60.320000 1000000 7.905039 10.643692 7.909978 10.848520 0.023802 0.032258 0.080100 0.073317 0.032258 0.023800 0.032258 27310 30928
25 62.310000 60.320000 1000000 7.902181 10.642975 7.906054 10.840455 0.023803 0.032258 0.080100 0.073317 0.032258 0.023802 0.032258 30920 35548
25 62.310000 60.320000 1000000 7.890928 10.640825 7.894817 10.822860 0.023809 0.032258 0.074768 0.067452 0.032258 0.023807 0.032258 33480 37731
25 62.310000 60.320000 1000000 7.845177 10.630789 7.848059 10.738549 0.023815 0.032258 0.069523 0.061586 0.032258 0.023814 0.032258 37730 45263
25 62.310000 60.320000 1000000 7.834987 10.627205 7.845402 10.734394 0.023819 0.032258 0.080100 0.073317 0.032258 0.023815 0.032258 45260 45891
25 62.310000 60.320000 1000000 7.828088 10.626488 7.846545 10.735372 0.023819 0.032258 0.085501 0.079182 0.032258 0.023815 0.032258 45890 51058
25 62.310000 60.320000 1000000 7.814406 10.623620 7.829875 10.705313 0.023822 0.032258 0.069524 0.061587 0.032258 0.023819 0.032258 51050 70033
25 62.310000 60.320000 1000000 7.724031 10.611434 7.796831 10.649106 0.023805 0.032258 0.102013 0.096778 0.032258 0.023821 0.032258 70030 70516
25 62.310000 60.320000 1000000 7.718498 10.610717 7.791452 10.643241 0.023805 0.032258 0.096467 0.090913 0.032258 0.023821 0.032258 70510 95875
25 62.310000 60.320000 1000000 7.577347 10.081328 7.585868 10.411569 0.023809 0.032258 0.088221 0.082112 0.032258 0.023816 0.032258 95870 148292
25 62.310000 60.320000 1000000 7.566449 10.023622 7.569256 10.398128 0.023806 0.032258 0.085499 0.079180 0.032258 0.023812 0.032258 148290 155762
25 62.310000 60.320000 1000000 7.556878 10.021113 7.558904 10.372957 0.023808 0.032258 0.088223 0.082114 0.032258 0.023813 0.032258 155760 174351
25 62.310000 60.320000 1000000 7.551078 10.020396 7.553109 10.367092 0.023808 0.032258 0.082792 0.076249 0.032258 0.023814 0.032258 174350 203847
25 62.310000 60.320000 1000000 7.524518 10.002475 7.515503 10.146174 0.023814 0.032258 0.133004 0.129033 0.032258 0.023824 0.032258 203840 204963
25 62.310000 60.320000 1000000 7.518859 10.001758 7.509823 10.140309 0.023815 0.032258 0.138701 0.134898 0.032258 0.023824 0.032258 204960 264166
25 62.310000 60.320000 1000000 7.497144 9.886347 7.476450 10.113428 0.023809 0.032258 0.138702 0.134898 0.032258 0.023816 0.032258 218430 240614
25 62.310000 60.320000 1000000 7.486534 9.828641 7.460085 10.099987 0.023806 0.032258 0.141556 0.137831 0.032258 0.023811 0.032258 240610 300286
25 62.310000 60.320000 1000000 7.457832 9.817888 7.460999 10.107807 0.023816 0.032258 0.064386 0.055722 0.032258 0.023810 0.032258 300280 342828
25 62.310000 60.320000 1000000 7.378557 9.808569 7.353460 10.005168 0.023813 0.032258 0.074768 0.067451 0.032258 0.023806 0.032258 342820 344761
25 62.310000 60.320000 1000000 7.375171 9.807852 7.350039 9.999303 0.023814 0.032258 0.074766 0.067449 0.032258 0.023807 0.032258 344760 357650
25 62.310000 60.320000 1000000 7.368329 9.807135 7.351189 10.000281 0.023813 0.032258 0.069521 0.061584 0.032258 0.023807 0.032258 357650 401767
25 62.310000 60.320000 1000000 7.358058 9.805702 7.340846 9.988551 0.023815 0.032258 0.069520 0.061583 0.032258 0.023810 0.032258 360780 404257
25 62.310000 60.320000 1000000 7.346302 9.803551 7.335074 9.973399 0.023815 0.032258 0.069518 0.061581 0.032258 0.023811 0.032258 404250 464486
25 62.310000 60.320000 1000000 7.321047 9.686706 7.301864 9.948473 0.023810 0.032258 0.069521 0.061584 0.032258 0.023804 0.032258 422670 472944
25 62.310000 60.320000 1000000 7.316721 9.685989 7.297503 9.942607 0.023812 0.032258 0.064386 0.055722 0.032258 0.023805 0.032258 472940 502622
25 62.310000 60.320000 1000000 7.312469 9.685272 7.293218 9.936742 0.023812 0.032258 0.069524 0.061587 0.032258 0.023806 0.032258 502620 505233
25 62.310000 60.320000 1000000 7.305721 9.684555 7.294349 9.937720 0.023811 0.032258 0.064386 0.055722 0.032258 0.023806 0.032258 505230 511430
25 62.310000 60.320000 1000000 7.300039 9.683838 7.286497 9.929655 0.023809 0.032258 0.069524 0.061587 0.032258 0.023804 0.032258 511430 709925
25 62.310000 60.320000 1000000 7.282634 9.681688 7.284479 9.925745 0.023807 0.032258 0.069523 0.061586 0.032258 0.023805 0.032258 709920 752344
25 62.310000 60.320000 1000000 7.267351 9.678103 7.273001 9.910105 0.023810 0.032258 0.069523 0.061586 0.032258 0.023808 0.032258 752340 755887
25 62.310000 60.320000 1000000 7.261187 9.677387 7.266851 9.904240 0.023812 0.032258 0.064385 0.055721 0.032258 0.023810 0.032258 755880 849718
25 62.310000 60.320000 1000000 7.202400 9.669501 7.207238 9.837525 0.023816 0.032258 0.059382 0.049856 0.032258 0.023813 0.032258 849710 989743
25 62.310000 60.320000 1000000 7.195751 9.668785 7.208342 9.838502 0.023815 0.032258 0.059384 0.049858 0.032258 0.023813 0.032258 989740 1000000
25 62.310000 60.320000 1000000 7.195751 9.668785 7.208342 9.838502 0.023815 0.032258 0.059384 0.049858 0.032258 0.023813 0.032258 999990 1000000
