36 62.310000 60.320000 1000000 10.213869 13.979883 10.269395 13.620511 0.023678 0.032258 0.397208 0.395896 0.032258 0.023682 0.032258 0 50
36 62.310000 60.320000 1000000 9.723196 13.227914 9.696360 12.956778 0.023813 0.032258 0.130162 0.126102 0.032258 0.023812 0.032258 50 61
36 62.310000 60.320000 1000000 9.622312 13.214294 9.621012 12.865868 0.023824 0.032258 0.074765 0.067448 0.032258 0.023821 0.032258 60 75
36 62.310000 60.320000 1000000 9.576148 13.095298 9.570397 12.816503 0.023827 0.032258 0.059380 0.049854 0.032258 0.023825 0.032258 70 88
36 62.310000 60.320000 1000000 9.570687 13.094581 9.564925 12.810638 0.023827 0.032258 0.059380 0.049854 0.032258 0.023825 0.032258 80 118
36 62.310000 60.320000 1000000 9.546236 13.091714 9.531196 12.778380 0.023825 0.032258 0.074766 0.067449 0.032258 0.023822 0.032258 90 104
36 62.310000 60.320000 1000000 9.534204 13.089563 9.516871 12.758585 0.023823 0.032258 0.080098 0.073315 0.032258 0.023821 0.032258 100 118
36 62.310000 60.320000 1000000 9.466587 12.800317 9.425373 12.692358 0.023828 0.032258 0.088221 0.082112 0.032258 0.023828 0.032258 110 126
36 62.310000 60.320000 1000000 9.437374 12.797449 9.430279 12.696268 0.023831 0.032258 0.066938 0.058652 0.032258 0.023828 0.032258 120 277
36 62.310000 60.320000 1000000 9.400267 12.786338 9.398296 12.618799 0.023829 0.032258 0.069524 0.061587 0.032258 0.023827 0.032258 130 221
36 62.310000 60.320000 1000000 9.125195 12.355873 9.134061 12.345094 0.023829 0.032258 0.082790 0.076247 0.032258 0.023826 0.032258 220 242
36 62.310000 60.320000 1000000 9.106693 12.297451 9.117402 12.332631 0.023828 0.032258 0.080099 0.073316 0.032258 0.023826 0.032258 240 306
36 62.310000 60.320000 1000000 9.105534 12.296375 9.115637 12.319190 0.023828 0.032258 0.082791 0.076248 0.032258 0.023826 0.032258 300 454
36 62.310000 60.320000 1000000 9.093654 12.294942 9.103796 12.307460 0.023830 0.032258 0.072133 0.064518 0.032258 0.023828 0.032258 310 443
36 62.310000 60.320000 1000000 8.976377 12.272003 8.981221 12.109268 0.023826 0.032258 0.133001 0.129030 0.032258 0.023822 0.032258 430 454
36 62.310000 60.320000 1000000 8.943670 12.262684 8.959614 12.090206 0.023824 0.032258 0.127322 0.123168 0.032258 0.023822 0.032258 450 501
36 62.310000 60.320000 1000000 8.881415 12.242970 8.892242 11.887127 0.023822 0.032258 0.045620 0.032258 0.032258 0.023818 0.032258 470 489
36 62.310000 60.320000 1000000 8.880354 12.241895 8.890626 11.873687 0.023822 0.032258 0.047738 0.035190 0.032258 0.023818 0.032258 480 501
36 62.310000 60.320000 1000000 8.876589 12.241178 8.886874 11.867822 0.023821 0.032258 0.047738 0.035190 0.032258 0.023817 0.032258 500 523
36 62.310000 60.320000 1000000 8.869311 12.240461 8.888081 11.868799 0.023822 0.032258 0.047738 0.035190 0.032258 0.023817 0.032258 520 532
36 62.310000 60.320000 1000000 8.856797 12.182755 8.869063 11.855358 0.023824 0.032258 0.045620 0.032258 0.032258 0.023820 0.032258 530 545
36 62.310000 60.320000 1000000 8.832013 12.179888 8.835073 11.823100 0.023823 0.032258 0.059380 0.049854 0.032258 0.023818 0.032258 540 567
36 62.310000 60.320000 1000000 8.809398 12.176304 8.812482 11.793775 0.023820 0.032258 0.074766 0.067449 0.032258 0.023815 0.032258 560 593
36 62.310000 60.320000 1000000 8.784647 12.172720 8.787757 11.764450 0.023818 0.032258 0.059379 0.049853 0.032258 0.023813 0.032258 590 606
36 62.310000 60.320000 1000000 8.777258 12.172003 8.788986 11.765427 0.023819 0.032258 0.059379 0.049853 0.032258 0.023813 0.032258 600 613
36 62.310000 60.320000 1000000 8.775024 12.171286 8.785927 11.757363 0.023818 0.032258 0.059379 0.049853 0.032258 0.023813 0.032258 610 652
36 62.310000 60.320000 1000000 8.771186 12.170569 8.782103 11.751498 0.023818 0.032258 0.054548 0.043988 0.032258 0.023812 0.032258 650 901
36 62.310000 60.320000 1000000 8.752510 12.111430 8.756765 11.726327 0.023820 0.032258 0.056939 0.046920 0.032258 0.023815 0.032258 900 963
36 62.310000 60.320000 1000000 8.751033 12.110713 8.757011 11.727304 0.023819 0.032258 0.056940 0.046921 0.032258 0.023815 0.032258 960 1131
36 62.310000 60.320000 1000000 8.732002 12.107845 8.753404 11.713130 0.023820 0.032258 0.056937 0.046917 0.032258 0.023814 0.032258 1080 1202
36 62.310000 60.320000 1000000 8.521567 11.068422 8.430148 11.465330 0.023807 0.032258 0.077419 0.070378 0.032258 0.023804 0.032258 1200 1811
36 62.310000 60.320000 1000000 8.519993 11.067705 8.430419 11.466308 0.023807 0.032258 0.077423 0.070382 0.032258 0.023804 0.032258 1810 1911
36 62.310000 60.320000 1000000 8.515935 11.066988 8.426231 11.460442 0.023808 0.032258 0.072132 0.064517 0.032258 0.023805 0.032258 1910 2289
36 62.310000 60.320000 1000000 8.403319 11.054443 8.443104 11.462642 0.023803 0.032258 0.069522 0.061585 0.032258 0.023805 0.032258 2280 2404
36 62.310000 60.320000 1000000 8.393543 11.050142 8.435906 11.431850 0.023803 0.032258 0.074769 0.067452 0.032258 0.023806 0.032258 2400 2771
36 62.310000 60.320000 1000000 8.389439 11.049426 8.431863 11.425985 0.023804 0.032258 0.080100 0.073317 0.032258 0.023806 0.032258 2770 2787
36 62.310000 60.320000 1000000 8.387008 11.048709 8.428569 11.417921 0.023804 0.032258 0.080100 0.073317 0.032258 0.023806 0.032258 2780 2989
36 62.310000 60.320000 1000000 8.369827 11.046558 8.406496 11.395927 0.023808 0.032258 0.069525 0.061588 0.032258 0.023810 0.032258 2980 3945
36 62.310000 60.320000 1000000 8.277849 10.979533 8.279252 11.277648 0.023803 0.032258 0.072134 0.064519 0.032258 0.023800 0.032258 3940 5322
36 62.310000 60.320000 1000000 8.259765 10.977383 8.259061 11.257853 0.023805 0.032258 0.066939 0.058654 0.032258 0.023802 0.032258 5320 6153
36 62.310000 60.320000 1000000 8.242882 10.975232 8.249724 11.247101 0.023806 0.032258 0.066939 0.058654 0.032258 0.023805 0.032258 6150 6717
36 62.310000 60.320000 1000000 8.231912 10.917526 8.232988 11.233660 0.023803 0.032258 0.064385 0.055722 0.032258 0.023801 0.032258 6710 16075
36 62.310000 60.320000 1000000 8.219670 10.916093 8.220751 11.221930 0.023807 0.032258 0.054551 0.043991 0.032258 0.023805 0.032258 8390 10523
36 62.310000 60.320000 1000000 8.057512 10.893154 8.054222 11.029849 0.023804 0.032258 0.085500 0.079181 0.032258 0.023801 0.032258 10020 17824
36 62.310000 60.320000 1000000 8.041326 10.889570 8.052447 11.004922 0.023803 0.032258 0.090958 0.085046 0.032258 0.023802 0.032258 12370 12858
36 62.310000 60.320000 1000000 8.040035 10.888494 8.050482 10.991481 0.023803 0.032258 0.093706 0.087978 0.032258 0.023803 0.032258 12850 17824
36 62.310000 60.320000 1000000 8.032734 10.887061 8.043209 10.979751 0.023806 0.032258 0.088222 0.082112 0.032258 0.023805 0.032258 12860 13413
36 62.310000 60.320000 1000000 8.029168 10.886344 8.039657 10.973886 0.023807 0.032258 0.093703 0.087976 0.032258 0.023806 0.032258 13410 17824
36 62.310000 60.320000 1000000 8.014371 10.884193 8.024918 10.956291 0.023807 0.032258 0.082790 0.076246 0.032258 0.023805 0.032258 17820 18644
36 62.310000 60.320000 1000000 8.009967 10.883476 8.020532 10.950426 0.023808 0.032258 0.082790 0.076246 0.032258 0.023807 0.032258 18640 22821
36 62.310000 60.320000 1000000 7.953144 10.872724 7.961857 10.858050 0.023812 0.032258 0.077419 0.070378 0.032258 0.023811 0.032258 22820 23744
36 62.310000 60.320000 1000000 7.930508 10.812150 7.928940 10.812351 0.023816 0.032258 0.090955 0.085042 0.032258 0.023816 0.032258 23740 26098
36 62.310000 60.320000 1000000 7.928651 10.811433 7.929250 10.813329 0.023816 0.032258 0.085496 0.079177 0.032258 0.023816 0.032258 26090 36221
36 62.310000 60.320000 1000000 7.879146 10.799247 7.888200 10.740992 0.023822 0.032258 0.064382 0.055718 0.032258 0.023818 0.032258 33930 55082
36 62.310000 60.320000 1000000 7.855060 10.683835 7.851440 10.714111 0.023824 0.032258 0.059380 0.049854 0.032258 0.023821 0.032258 37990 58369
36 62.310000 60.320000 1000000 7.848840 10.683118 7.842873 10.706046 0.023824 0.032258 0.059381 0.049855 0.032258 0.023821 0.032258 58360 61428
36 62.310000 60.320000 1000000 7.843469 10.682402 7.837489 10.700181 0.023823 0.032258 0.059380 0.049854 0.032258 0.023820 0.032258 61420 89697
36 62.310000 60.320000 1000000 7.694235 10.044769 7.647012 10.549400 0.023803 0.032258 0.077424 0.070383 0.032258 0.023793 0.032258 89690 127995
36 62.310000 60.320000 1000000 7.666997 10.033300 7.641969 10.528383 0.023809 0.032258 0.138704 0.134901 0.032258 0.023795 0.032258 127990 131812
36 62.310000 60.320000 1000000 7.665583 10.032224 7.639788 10.514942 0.023809 0.032258 0.135854 0.131969 0.032258 0.023796 0.032258 131810 134577
36 62.310000 60.320000 1000000 7.664194 10.031149 7.637643 10.501502 0.023810 0.032258 0.133007 0.129036 0.032258 0.023797 0.032258 134570 182959
36 62.310000 60.320000 1000000 7.608862 10.018963 7.566549 10.377845 0.023819 0.032258 0.082792 0.076249 0.032258 0.023813 0.032258 182950 219505
36 62.310000 60.320000 1000000 7.529015 9.953371 7.554157 10.361471 0.023813 0.032258 0.080100 0.073317 0.032258 0.023809 0.032258 219500 219978
36 62.310000 60.320000 1000000 7.522332 9.952655 7.545055 10.353407 0.023815 0.032258 0.080100 0.073317 0.032258 0.023810 0.032258 219970 256205
36 62.310000 60.320000 1000000 7.511108 9.949787 7.531296 10.323348 0.023815 0.032258 0.085499 0.079181 0.032258 0.023810 0.032258 256200 257271
36 62.310000 60.320000 1000000 7.509530 9.949070 7.531556 10.324326 0.023815 0.032258 0.085499 0.079181 0.032258 0.023810 0.032258 257270 266085
36 62.310000 60.320000 1000000 7.503619 9.948353 7.525698 10.318461 0.023816 0.032258 0.080098 0.073315 0.032258 0.023811 0.032258 266080 272514
36 62.310000 60.320000 1000000 7.499525 9.947637 7.521639 10.312596 0.023816 0.032258 0.080100 0.073317 0.032258 0.023811 0.032258 272510 343089
36 62.310000 60.320000 1000000 7.421307 9.938318 7.436107 10.228041 0.023809 0.032258 0.096461 0.090908 0.032258 0.023805 0.032258 343080 415057
36 62.310000 60.320000 1000000 7.400398 9.923622 7.406018 10.047446 0.023817 0.032258 0.066935 0.058649 0.032258 0.023815 0.032258 415050 467247
36 62.310000 60.320000 1000000 7.332330 9.914303 7.340043 9.978042 0.023817 0.032258 0.066937 0.058651 0.032258 0.023815 0.032258 467240 472221
36 62.310000 60.320000 1000000 7.325637 9.913587 7.341153 9.979020 0.023816 0.032258 0.066939 0.058653 0.032258 0.023815 0.032258 472220 497650
36 62.310000 60.320000 1000000 7.314035 9.855881 7.323518 9.965579 0.023815 0.032258 0.064385 0.055721 0.032258 0.023814 0.032258 497650 704339
36 62.310000 60.320000 1000000 7.272097 9.793874 7.291082 9.930633 0.023816 0.032258 0.072131 0.064516 0.032258 0.023817 0.032258 704330 730866
36 62.310000 60.320000 1000000 7.267683 9.793157 7.286702 9.924768 0.023818 0.032258 0.066937 0.058652 0.032258 0.023819 0.032258 730860 865877
36 62.310000 60.320000 1000000 7.265190 9.791006 7.282923 9.897886 0.023818 0.032258 0.072131 0.064516 0.032258 0.023819 0.032258 770000 873378
36 62.310000 60.320000 1000000 7.252048 9.788497 7.264781 9.868316 0.023816 0.032258 0.064383 0.055719 0.032258 0.023816 0.032258 873370 1000000
36 62.310000 60.320000 1000000 7.252048 9.788497 7.264781 9.868316 0.023816 0.032258 0.064383 0.055719 0.032258 0.023816 0.032258 999990 1000000
