18 62.310000 60.320000 1000000 10.346703 14.050492 10.419563 13.751010 0.023492 0.032258 0.563975 0.563052 0.032258 0.023510 0.032258 0 50
18 62.310000 60.320000 1000000 9.638994 13.163040 9.639402 12.918654 0.023826 0.032258 0.077422 0.070381 0.032258 0.023824 0.032258 50 60
18 62.310000 60.320000 1000000 9.617655 13.157305 9.616952 12.862447 0.023826 0.032258 0.061862 0.052786 0.032258 0.023823 0.032258 60 71
18 62.310000 60.320000 1000000 9.561570 13.150136 9.575186 12.811127 0.023826 0.032258 0.072131 0.064515 0.032258 0.023821 0.032258 70 85
18 62.310000 60.320000 1000000 9.531398 13.090280 9.533976 12.775691 0.023827 0.032258 0.074765 0.067448 0.032258 0.023822 0.032258 80 111
18 62.310000 60.320000 1000000 9.479096 13.082395 9.505680 12.740989 0.023825 0.032258 0.064384 0.055720 0.032258 0.023820 0.032258 110 126
18 62.310000 60.320000 1000000 9.463513 13.078094 9.486143 12.694802 0.023823 0.032258 0.085495 0.079176 0.032258 0.023816 0.032258 120 137
18 62.310000 60.320000 1000000 9.435779 13.016803 9.451974 12.652036 0.023823 0.032258 0.082785 0.076241 0.032258 0.023817 0.032258 130 163
18 62.310000 60.320000 1000000 9.412332 13.011069 9.433134 12.630286 0.023820 0.032258 0.082791 0.076247 0.032258 0.023815 0.032258 160 172
18 62.310000 60.320000 1000000 9.378549 12.951212 9.417525 12.619778 0.023822 0.032258 0.080098 0.073315 0.032258 0.023818 0.032258 170 191
18 62.310000 60.320000 1000000 9.357961 12.947628 9.396390 12.588252 0.023820 0.032258 0.090957 0.085045 0.032258 0.023815 0.032258 190 214
18 62.310000 60.320000 1000000 9.310238 12.941176 9.349256 12.535467 0.023819 0.032258 0.074766 0.067449 0.032258 0.023813 0.032258 200 294
18 62.310000 60.320000 1000000 9.103854 12.408203 9.067922 12.287666 0.023826 0.032258 0.093708 0.087981 0.032258 0.023827 0.032258 230 282
18 62.310000 60.320000 1000000 9.053176 12.403185 9.076386 12.294508 0.023830 0.032258 0.077424 0.070384 0.032258 0.023826 0.032258 250 263
18 62.310000 60.320000 1000000 9.039772 12.401035 9.071041 12.283756 0.023830 0.032258 0.066940 0.058655 0.032258 0.023827 0.032258 260 282
18 62.310000 60.320000 1000000 9.034379 12.400318 9.065704 12.277891 0.023829 0.032258 0.066940 0.058655 0.032258 0.023826 0.032258 280 324
18 62.310000 60.320000 1000000 9.033135 12.399242 9.063823 12.264450 0.023829 0.032258 0.064386 0.055722 0.032258 0.023826 0.032258 320 337
18 62.310000 60.320000 1000000 8.988629 12.336519 9.013299 12.209953 0.023828 0.032258 0.061867 0.052791 0.032258 0.023825 0.032258 330 555
18 62.310000 60.320000 1000000 8.964347 12.221107 8.976428 12.183071 0.023831 0.032258 0.056944 0.046926 0.032258 0.023828 0.032258 370 623
18 62.310000 60.320000 1000000 8.872177 12.204619 8.893453 12.040109 0.023823 0.032258 0.127322 0.123168 0.032258 0.023819 0.032258 520 702
18 62.310000 60.320000 1000000 8.838629 12.193150 8.879951 12.021536 0.023824 0.032258 0.104800 0.099711 0.032258 0.023820 0.032258 560 1137
18 62.310000 60.320000 1000000 8.761378 12.168060 8.794950 11.751253 0.023818 0.032258 0.056940 0.046921 0.032258 0.023812 0.032258 820 1326
18 62.310000 60.320000 1000000 8.714047 12.049781 8.727651 11.694313 0.023823 0.032258 0.052212 0.041055 0.032258 0.023818 0.032258 1320 1721
18 62.310000 60.320000 1000000 8.686770 11.933652 8.686416 11.659367 0.023827 0.032258 0.047738 0.035190 0.032258 0.023824 0.032258 1720 1740
18 62.310000 60.320000 1000000 8.684542 11.932935 8.683353 11.651302 0.023827 0.032258 0.052209 0.041051 0.032258 0.023823 0.032258 1740 1813
18 62.310000 60.320000 1000000 8.683445 11.931860 8.681675 11.637861 0.023826 0.032258 0.054545 0.043984 0.032258 0.023823 0.032258 1810 2230
18 62.310000 60.320000 1000000 8.666715 11.928276 8.666681 11.615379 0.023824 0.032258 0.049941 0.038125 0.032258 0.023821 0.032258 2230 2442
18 62.310000 60.320000 1000000 8.661344 11.927559 8.661310 11.609513 0.023824 0.032258 0.049941 0.038125 0.032258 0.023820 0.032258 2440 2463
18 62.310000 60.320000 1000000 8.659869 11.926842 8.661555 11.610491 0.023823 0.032258 0.049941 0.038125 0.032258 0.023821 0.032258 2460 2789
18 62.310000 60.320000 1000000 8.656824 11.926125 8.658512 11.604626 0.023823 0.032258 0.045621 0.032260 0.032258 0.023820 0.032258 2780 2813
18 62.310000 60.320000 1000000 8.652269 11.925409 8.653960 11.598761 0.023823 0.032258 0.045621 0.032260 0.032258 0.023820 0.032258 2810 3314
18 62.310000 60.320000 1000000 8.468070 11.057669 8.372192 11.377354 0.023811 0.032258 0.077422 0.070382 0.032258 0.023814 0.032258 3310 4773
18 62.310000 60.320000 1000000 8.465761 11.055519 8.368541 11.350472 0.023810 0.032258 0.082789 0.076246 0.032258 0.023814 0.032258 3320 5225
18 62.310000 60.320000 1000000 8.454509 11.054085 8.356890 11.338742 0.023811 0.032258 0.088220 0.082111 0.032258 0.023816 0.032258 3340 5226
18 62.310000 60.320000 1000000 8.405526 10.935806 8.323342 11.308928 0.023810 0.032258 0.072131 0.064516 0.032258 0.023806 0.032258 5220 5326
18 62.310000 60.320000 1000000 8.399927 10.935089 8.317576 11.303063 0.023810 0.032258 0.077421 0.070380 0.032258 0.023806 0.032258 5320 5588
18 62.310000 60.320000 1000000 8.300392 10.924336 8.334311 11.317726 0.023807 0.032258 0.077421 0.070381 0.032258 0.023806 0.032258 5580 6169
18 62.310000 60.320000 1000000 8.280982 10.920752 8.326074 11.308928 0.023806 0.032258 0.093705 0.087977 0.032258 0.023808 0.032258 6160 6948
18 62.310000 60.320000 1000000 8.276780 10.920035 8.321940 11.303063 0.023807 0.032258 0.088223 0.082114 0.032258 0.023808 0.032258 6940 8406
18 62.310000 60.320000 1000000 8.266987 10.917885 8.314122 11.292310 0.023807 0.032258 0.099234 0.093845 0.032258 0.023808 0.032258 8400 8533
18 62.310000 60.320000 1000000 8.264445 10.917168 8.310686 11.284246 0.023808 0.032258 0.093707 0.087980 0.032258 0.023809 0.032258 8530 10342
18 62.310000 60.320000 1000000 8.248772 10.858028 8.287856 11.254676 0.023805 0.032258 0.090960 0.085047 0.032258 0.023804 0.032258 10340 16429
18 62.310000 60.320000 1000000 8.083247 10.837957 8.086399 11.055263 0.023812 0.032258 0.074767 0.067450 0.032258 0.023809 0.032258 16420 24148
18 62.310000 60.320000 1000000 7.963965 10.763763 7.954358 10.900328 0.023811 0.032258 0.077422 0.070382 0.032258 0.023807 0.032258 24140 32330
18 62.310000 60.320000 1000000 7.950195 10.762330 7.956654 10.902283 0.023810 0.032258 0.077421 0.070381 0.032258 0.023807 0.032258 29560 36157
18 62.310000 60.320000 1000000 7.891799 10.751219 7.897671 10.806731 0.023815 0.032258 0.069523 0.061586 0.032258 0.023812 0.032258 36150 38979
18 62.310000 60.320000 1000000 7.863026 10.635090 7.856457 10.773984 0.023814 0.032258 0.069522 0.061585 0.032258 0.023811 0.032258 38970 39114
18 62.310000 60.320000 1000000 7.861645 10.634015 7.854342 10.760543 0.023815 0.032258 0.066938 0.058653 0.032258 0.023812 0.032258 39110 47858
18 62.310000 60.320000 1000000 7.853500 10.631864 7.843105 10.736349 0.023818 0.032258 0.066936 0.058650 0.032258 0.023816 0.032258 45040 77834
18 62.310000 60.320000 1000000 7.765219 10.170217 7.706429 10.628823 0.023801 0.032258 0.088220 0.082111 0.032258 0.023795 0.032258 67400 102346
18 62.310000 60.320000 1000000 7.734725 9.997099 7.658603 10.588500 0.023787 0.032258 0.096462 0.090908 0.032258 0.023777 0.032258 72420 78094
18 62.310000 60.320000 1000000 7.724873 9.939393 7.643080 10.575060 0.023781 0.032258 0.099230 0.093841 0.032258 0.023769 0.032258 78090 102346
18 62.310000 60.320000 1000000 7.719246 9.937243 7.644047 10.577992 0.023784 0.032258 0.104798 0.099709 0.032258 0.023769 0.032258 78800 105782
18 62.310000 60.320000 1000000 7.655332 9.925773 7.596064 10.497836 0.023795 0.032258 0.093706 0.087979 0.032258 0.023782 0.032258 105780 144520
18 62.310000 60.320000 1000000 7.556320 9.910002 7.567431 10.419878 0.023796 0.032258 0.088219 0.082110 0.032258 0.023796 0.032258 144520 164127
18 62.310000 60.320000 1000000 7.535612 9.901042 7.568274 10.417190 0.023802 0.032258 0.096464 0.090910 0.032258 0.023797 0.032258 164120 168888
18 62.310000 60.320000 1000000 7.512356 9.898174 7.537847 10.387131 0.023805 0.032258 0.096465 0.090911 0.032258 0.023800 0.032258 168880 192746
18 62.310000 60.320000 1000000 7.506452 9.897458 7.532003 10.381266 0.023807 0.032258 0.096464 0.090911 0.032258 0.023801 0.032258 192740 221144
18 62.310000 60.320000 1000000 7.489751 9.891006 7.510506 10.305509 0.023812 0.032258 0.074769 0.067452 0.032258 0.023808 0.032258 221140 238342
18 62.310000 60.320000 1000000 7.475004 9.888855 7.503315 10.294756 0.023811 0.032258 0.080099 0.073317 0.032258 0.023810 0.032258 238340 249321
18 62.310000 60.320000 1000000 7.469855 9.888139 7.498224 10.288891 0.023812 0.032258 0.074768 0.067451 0.032258 0.023811 0.032258 249320 251637
18 62.310000 60.320000 1000000 7.464071 9.887422 7.492505 10.283026 0.023813 0.032258 0.080099 0.073316 0.032258 0.023811 0.032258 251630 261798
18 62.310000 60.320000 1000000 7.457726 9.886705 7.493549 10.284003 0.023811 0.032258 0.085500 0.079181 0.032258 0.023812 0.032258 261790 313824
18 62.310000 60.320000 1000000 7.436734 9.873085 7.464546 10.116849 0.023817 0.032258 0.059381 0.049854 0.032258 0.023819 0.032258 313820 328166
18 62.310000 60.320000 1000000 7.431697 9.872368 7.459565 10.110984 0.023818 0.032258 0.054550 0.043990 0.032258 0.023820 0.032258 328160 336120
18 62.310000 60.320000 1000000 7.420803 9.814662 7.443089 10.097543 0.023815 0.032258 0.052214 0.041057 0.032258 0.023815 0.032258 336120 440081
18 62.310000 60.320000 1000000 7.359471 9.807494 7.372870 10.030339 0.023817 0.032258 0.061863 0.052787 0.032258 0.023819 0.032258 440080 460597
18 62.310000 60.320000 1000000 7.348472 9.749788 7.356138 10.016898 0.023815 0.032258 0.059381 0.049855 0.032258 0.023815 0.032258 460590 735900
18 62.310000 60.320000 1000000 7.336479 9.748354 7.339685 10.000770 0.023813 0.032258 0.059381 0.049855 0.032258 0.023812 0.032258 461070 538953
18 62.310000 60.320000 1000000 7.328209 9.745487 7.327950 9.965824 0.023812 0.032258 0.064384 0.055720 0.032258 0.023811 0.032258 538950 735900
18 62.310000 60.320000 1000000 7.324842 9.744053 7.328511 9.967779 0.023812 0.032258 0.064384 0.055720 0.032258 0.023810 0.032258 552970 753407
18 62.310000 60.320000 1000000 7.314914 9.741186 7.314870 9.935521 0.023813 0.032258 0.074765 0.067448 0.032258 0.023812 0.032258 623070 807228
18 62.310000 60.320000 1000000 7.313270 9.740469 7.315144 9.936498 0.023813 0.032258 0.069520 0.061583 0.032258 0.023812 0.032258 807220 876343
18 62.310000 60.320000 1000000 7.307221 9.739752 7.309100 9.930633 0.023815 0.032258 0.064382 0.055717 0.032258 0.023814 0.032258 876340 950700
18 62.310000 60.320000 1000000 7.228765 9.727566 7.232322 9.842412 0.023821 0.032258 0.054549 0.043989 0.032258 0.023818 0.032258 950700 1000000
18 62.310000 60.320000 1000000 7.228765 9.727566 7.232322 9.842412 0.023821 0.032258 0.054549 0.043989 0.032258 0.023818 0.032258 999990 1000000
