11 62.310000 60.320000 1000000 9.613171 13.282752 9.750713 13.142991 0.023647 0.032258 0.417672 0.416424 0.032258 0.023654 0.032258 0 50
11 62.310000 60.320000 1000000 9.014123 12.227917 9.008068 12.215818 0.023834 0.032258 0.035437 0.014668 0.032258 0.023831 0.032258 50 61
11 62.310000 60.320000 1000000 8.992105 12.168777 8.988073 12.197489 0.023834 0.032258 0.034327 0.011736 0.032258 0.023831 0.032258 60 79
11 62.310000 60.320000 1000000 8.979394 12.165910 8.972624 12.167431 0.023834 0.032258 0.036745 0.017595 0.032258 0.023831 0.032258 70 80
11 62.310000 60.320000 1000000 8.950097 12.161250 8.956687 12.136150 0.023833 0.032258 0.049938 0.038121 0.032258 0.023831 0.032258 80 92
11 62.310000 60.320000 1000000 8.894516 12.042254 8.897961 12.087030 0.023831 0.032258 0.059377 0.049850 0.032258 0.023829 0.032258 90 125
11 62.310000 60.320000 1000000 8.848849 12.035803 8.860353 12.041087 0.023828 0.032258 0.064380 0.055715 0.032258 0.023827 0.032258 120 144
11 62.310000 60.320000 1000000 8.843719 12.035086 8.855242 12.035222 0.023827 0.032258 0.069518 0.061580 0.032258 0.023826 0.032258 140 156
11 62.310000 60.320000 1000000 8.787162 11.970211 8.791635 11.960931 0.023826 0.032258 0.061861 0.052784 0.032258 0.023825 0.032258 150 163
11 62.310000 60.320000 1000000 8.784706 11.969495 8.788263 11.952866 0.023827 0.032258 0.066935 0.058649 0.032258 0.023825 0.032258 160 188
11 62.310000 60.320000 1000000 8.752961 11.963760 8.756558 11.905946 0.023825 0.032258 0.072129 0.064514 0.032258 0.023823 0.032258 180 192
11 62.310000 60.320000 1000000 8.747747 11.963043 8.751350 11.900081 0.023824 0.032258 0.072129 0.064514 0.032258 0.023822 0.032258 190 233
11 62.310000 60.320000 1000000 8.683423 11.947989 8.687261 11.768604 0.023822 0.032258 0.077419 0.070379 0.032258 0.023818 0.032258 230 243
11 62.310000 60.320000 1000000 8.677133 11.947272 8.678619 11.760539 0.023822 0.032258 0.077418 0.070377 0.032258 0.023818 0.032258 240 261
11 62.310000 60.320000 1000000 8.669807 11.945122 8.675435 11.756629 0.023822 0.032258 0.072128 0.064512 0.032258 0.023817 0.032258 260 316
11 62.310000 60.320000 1000000 8.644272 11.933652 8.670821 11.735612 0.023822 0.032258 0.072133 0.064518 0.032258 0.023818 0.032258 310 343
11 62.310000 60.320000 1000000 8.641312 11.932935 8.667888 11.729747 0.023822 0.032258 0.072131 0.064516 0.032258 0.023817 0.032258 340 485
11 62.310000 60.320000 1000000 8.447345 11.053727 8.369941 11.358781 0.023815 0.032258 0.064384 0.055720 0.032258 0.023813 0.032258 480 514
11 62.310000 60.320000 1000000 8.443386 11.053010 8.365872 11.352916 0.023815 0.032258 0.064386 0.055722 0.032258 0.023814 0.032258 510 534
11 62.310000 60.320000 1000000 8.392889 10.764480 8.286135 11.285712 0.023792 0.032258 0.077425 0.070384 0.032258 0.023786 0.032258 520 563
11 62.310000 60.320000 1000000 8.383886 10.763046 8.276778 11.273982 0.023793 0.032258 0.082790 0.076247 0.032258 0.023787 0.032258 560 589
11 62.310000 60.320000 1000000 8.282258 10.750143 8.132348 11.131021 0.023785 0.032258 0.155865 0.152491 0.032258 0.023795 0.032258 580 651
11 62.310000 60.320000 1000000 8.279832 10.747993 8.128432 11.104139 0.023785 0.032258 0.161607 0.158355 0.032258 0.023796 0.032258 610 667
11 62.310000 60.320000 1000000 8.276596 10.746559 8.129001 11.106094 0.023785 0.032258 0.155869 0.152495 0.032258 0.023796 0.032258 630 868
11 62.310000 60.320000 1000000 8.185971 10.737957 8.144638 11.117824 0.023802 0.032258 0.088222 0.082113 0.032258 0.023792 0.032258 720 888
11 62.310000 60.320000 1000000 8.159061 10.621828 8.106130 11.085078 0.023796 0.032258 0.088222 0.082113 0.032258 0.023783 0.032258 880 913
11 62.310000 60.320000 1000000 8.148913 10.564122 8.090303 11.071637 0.023791 0.032258 0.090958 0.085046 0.032258 0.023777 0.032258 910 1017
11 62.310000 60.320000 1000000 8.141957 10.563406 8.091486 11.072614 0.023791 0.032258 0.085500 0.079181 0.032258 0.023777 0.032258 1010 1158
11 62.310000 60.320000 1000000 8.121713 10.561255 8.094908 11.075547 0.023788 0.032258 0.069522 0.061586 0.032258 0.023777 0.032258 1030 1119
11 62.310000 60.320000 1000000 8.090019 10.557671 8.100207 11.080434 0.023777 0.032258 0.069523 0.061587 0.032258 0.023779 0.032258 1060 1158
11 62.310000 60.320000 1000000 8.037070 10.324338 8.020998 10.997101 0.023754 0.032258 0.077424 0.070384 0.032258 0.023745 0.032258 1150 1408
11 62.310000 60.320000 1000000 7.949962 10.313586 7.933353 10.909125 0.023767 0.032258 0.072133 0.064518 0.032258 0.023759 0.032258 1400 1690
11 62.310000 60.320000 1000000 7.854145 10.299966 7.836919 10.797689 0.023776 0.032258 0.099232 0.093843 0.032258 0.023770 0.032258 1690 2268
11 62.310000 60.320000 1000000 7.820563 10.295664 7.826102 10.783026 0.023772 0.032258 0.093705 0.087977 0.032258 0.023772 0.032258 2260 2770
11 62.310000 60.320000 1000000 7.814245 10.294948 7.827151 10.784004 0.023770 0.032258 0.099231 0.093842 0.032258 0.023773 0.032258 2770 2873
11 62.310000 60.320000 1000000 7.812370 10.294231 7.827462 10.784981 0.023771 0.032258 0.099232 0.093843 0.032258 0.023772 0.032258 2870 3807
11 62.310000 60.320000 1000000 7.695925 10.277027 7.707591 10.640065 0.023780 0.032258 0.093708 0.087980 0.032258 0.023781 0.032258 3800 3883
11 62.310000 60.320000 1000000 7.692932 10.276310 7.703493 10.632000 0.023782 0.032258 0.093708 0.087980 0.032258 0.023783 0.032258 3880 3895
11 62.310000 60.320000 1000000 7.687931 10.275593 7.698513 10.626135 0.023780 0.032258 0.099235 0.093846 0.032258 0.023782 0.032258 3890 4561
11 62.310000 60.320000 1000000 7.630332 10.261973 7.620774 10.475108 0.023789 0.032258 0.178887 0.175954 0.032258 0.023793 0.032258 4560 5008
11 62.310000 60.320000 1000000 7.626511 10.261256 7.616939 10.469242 0.023788 0.032258 0.184659 0.181820 0.032258 0.023793 0.032258 5000 5040
11 62.310000 60.320000 1000000 7.622415 10.260539 7.612827 10.463377 0.023791 0.032258 0.178887 0.175954 0.032258 0.023796 0.032258 5040 6856
11 62.310000 60.320000 1000000 7.516241 10.123622 7.525946 10.363182 0.023822 0.032258 0.088225 0.082116 0.032258 0.023815 0.032258 6850 10713
11 62.310000 60.320000 1000000 7.482126 10.104984 7.475719 10.132001 0.023830 0.032258 0.056942 0.046923 0.032258 0.023827 0.032258 7080 11739
11 62.310000 60.320000 1000000 7.468349 10.103550 7.478014 10.133956 0.023829 0.032258 0.056943 0.046925 0.032258 0.023827 0.032258 7780 11044
11 62.310000 60.320000 1000000 7.424365 10.097099 7.442126 10.088012 0.023831 0.032258 0.043597 0.029328 0.032258 0.023829 0.032258 11040 11739
11 62.310000 60.320000 1000000 7.395738 10.093514 7.443089 10.083858 0.023824 0.032258 0.066937 0.058651 0.032258 0.023831 0.032258 11730 14063
11 62.310000 60.320000 1000000 7.308064 9.856239 7.334125 9.984151 0.023823 0.032258 0.066940 0.058655 0.032258 0.023824 0.032258 14060 14503
11 62.310000 60.320000 1000000 7.301669 9.855522 7.325420 9.976087 0.023823 0.032258 0.061866 0.052790 0.032258 0.023824 0.032258 14500 15580
11 62.310000 60.320000 1000000 7.296364 9.854805 7.320167 9.970221 0.023823 0.032258 0.061866 0.052790 0.032258 0.023824 0.032258 15580 18374
11 62.310000 60.320000 1000000 7.295097 9.853730 7.318249 9.956781 0.023823 0.032258 0.064385 0.055722 0.032258 0.023824 0.032258 18370 28397
11 62.310000 60.320000 1000000 7.256828 9.847995 7.277622 9.912304 0.023821 0.032258 0.069524 0.061587 0.032258 0.023821 0.032258 28390 43647
11 62.310000 60.320000 1000000 7.214943 9.840827 7.243882 9.860495 0.023818 0.032258 0.096466 0.090913 0.032258 0.023818 0.032258 43640 44542
11 62.310000 60.320000 1000000 7.208678 9.840110 7.235366 9.852431 0.023818 0.032258 0.090960 0.085048 0.032258 0.023818 0.032258 44540 59591
11 62.310000 60.320000 1000000 7.145274 9.662691 7.151205 9.779362 0.023817 0.032258 0.061867 0.052791 0.032258 0.023814 0.032258 59590 61699
11 62.310000 60.320000 1000000 7.139201 9.661974 7.142870 9.771297 0.023816 0.032258 0.061865 0.052789 0.032258 0.023813 0.032258 61690 93552
11 62.310000 60.320000 1000000 7.102590 9.654089 7.105290 9.704582 0.023825 0.032258 0.052214 0.041057 0.032258 0.023822 0.032258 93550 103173
11 62.310000 60.320000 1000000 7.081653 9.651222 7.077645 9.674523 0.023821 0.032258 0.066938 0.058652 0.032258 0.023816 0.032258 103170 126762
11 62.310000 60.320000 1000000 7.065050 9.649071 7.076215 9.668414 0.023821 0.032258 0.061863 0.052787 0.032258 0.023818 0.032258 126760 144619
11 62.310000 60.320000 1000000 7.046208 9.646921 7.073059 9.664504 0.023818 0.032258 0.061865 0.052788 0.032258 0.023818 0.032258 144610 145338
11 62.310000 60.320000 1000000 7.043140 9.646204 7.070026 9.658639 0.023818 0.032258 0.066937 0.058652 0.032258 0.023818 0.032258 145330 169856
11 62.310000 60.320000 1000000 7.038454 9.645487 7.065393 9.652774 0.023818 0.032258 0.061864 0.052788 0.032258 0.023817 0.032258 169850 208111
11 62.310000 60.320000 1000000 7.034612 9.644770 7.061595 9.646909 0.023817 0.032258 0.061866 0.052790 0.032258 0.023817 0.032258 208110 219442
11 62.310000 60.320000 1000000 7.022508 9.587064 7.043290 9.633468 0.023819 0.032258 0.059383 0.049857 0.032258 0.023818 0.032258 219440 254142
11 62.310000 60.320000 1000000 7.004540 9.527925 7.019204 9.608297 0.023818 0.032258 0.066938 0.058653 0.032258 0.023817 0.032258 254140 291361
11 62.310000 60.320000 1000000 6.997881 9.527208 7.020305 9.609274 0.023817 0.032258 0.072133 0.064518 0.032258 0.023817 0.032258 291360 335857
11 62.310000 60.320000 1000000 6.903602 9.064844 6.878719 9.495882 0.023802 0.032258 0.072133 0.064519 0.032258 0.023794 0.032258 335850 387316
11 62.310000 60.320000 1000000 6.896790 9.064127 6.879864 9.496860 0.023801 0.032258 0.072133 0.064519 0.032258 0.023794 0.032258 387310 403782
11 62.310000 60.320000 1000000 6.879643 9.061976 6.857903 9.474866 0.023800 0.032258 0.077424 0.070383 0.032258 0.023794 0.032258 403780 603042
11 62.310000 60.320000 1000000 6.848988 9.053016 6.815005 9.372716 0.023811 0.032258 0.074767 0.067450 0.032258 0.023811 0.032258 603040 616424
11 62.310000 60.320000 1000000 6.844904 9.052299 6.810859 9.366851 0.023811 0.032258 0.069522 0.061585 0.032258 0.023812 0.032258 616420 688634
11 62.310000 60.320000 1000000 6.833365 9.050865 6.799146 9.355121 0.023813 0.032258 0.059381 0.049855 0.032258 0.023814 0.032258 645590 656998
11 62.310000 60.320000 1000000 6.827751 9.050148 6.793447 9.349256 0.023813 0.032258 0.059380 0.049853 0.032258 0.023815 0.032258 656990 685909
11 62.310000 60.320000 1000000 6.822240 9.049431 6.787852 9.343391 0.023813 0.032258 0.059380 0.049853 0.032258 0.023815 0.032258 685900 707293
11 62.310000 60.320000 1000000 6.795658 9.046564 6.782682 9.338259 0.023810 0.032258 0.059380 0.049853 0.032258 0.023815 0.032258 707290 732025
11 62.310000 60.320000 1000000 6.790185 9.045847 6.777178 9.332394 0.023810 0.032258 0.059380 0.049853 0.032258 0.023815 0.032258 732020 758001
11 62.310000 60.320000 1000000 6.785268 9.045130 6.772233 9.326529 0.023810 0.032258 0.059380 0.049853 0.032258 0.023816 0.032258 758000 1000000
11 62.310000 60.320000 1000000 6.748481 9.035811 6.750347 9.312110 0.023817 0.032258 0.064380 0.055715 0.032258 0.023810 0.032258 999990 1000000
