27 62.310000 60.320000 1000000 9.369956 12.289924 9.302529 12.515427 0.023688 0.032258 0.435212 0.434015 0.032258 0.023707 0.032258 0 51
27 62.310000 60.320000 1000000 9.232702 12.200677 9.223784 12.453843 0.023696 0.032258 0.239719 0.237539 0.032258 0.023692 0.032258 50 62
27 62.310000 60.320000 1000000 9.008116 12.169852 9.014879 12.215329 0.023832 0.032258 0.054552 0.043992 0.032258 0.023830 0.032258 60 81
27 62.310000 60.320000 1000000 8.960023 12.106053 8.957703 12.145192 0.023833 0.032258 0.041683 0.026398 0.032258 0.023831 0.032258 80 99
27 62.310000 60.320000 1000000 8.948453 12.048347 8.939995 12.131751 0.023833 0.032258 0.043599 0.029331 0.032258 0.023830 0.032258 90 101
27 62.310000 60.320000 1000000 8.941462 12.047630 8.941162 12.132729 0.023833 0.032258 0.043599 0.029331 0.032258 0.023830 0.032258 100 112
27 62.310000 60.320000 1000000 8.899935 11.984190 8.898027 12.070412 0.023832 0.032258 0.064383 0.055719 0.032258 0.023830 0.032258 110 126
27 62.310000 60.320000 1000000 8.890017 11.982039 8.888103 12.052817 0.023833 0.032258 0.049940 0.038124 0.032258 0.023831 0.032258 120 132
27 62.310000 60.320000 1000000 8.873082 11.979889 8.887175 12.048907 0.023832 0.032258 0.054548 0.043988 0.032258 0.023831 0.032258 130 151
27 62.310000 60.320000 1000000 8.838777 11.975588 8.841331 12.002719 0.023831 0.032258 0.054547 0.043986 0.032258 0.023829 0.032258 150 162
27 62.310000 60.320000 1000000 8.821118 11.917165 8.815251 11.981214 0.023830 0.032258 0.056938 0.046919 0.032258 0.023828 0.032258 160 173
27 62.310000 60.320000 1000000 8.814278 11.916448 8.816392 11.982191 0.023830 0.032258 0.056938 0.046919 0.032258 0.023828 0.032258 170 215
27 62.310000 60.320000 1000000 8.803320 11.913581 8.809100 11.977060 0.023829 0.032258 0.056939 0.046920 0.032258 0.023826 0.032258 210 423
27 62.310000 60.320000 1000000 8.727333 11.902828 8.733265 11.889084 0.023827 0.032258 0.056939 0.046920 0.032258 0.023824 0.032258 310 330
27 62.310000 60.320000 1000000 8.722072 11.902111 8.728015 11.883219 0.023827 0.032258 0.056938 0.046918 0.032258 0.023823 0.032258 330 423
27 62.310000 60.320000 1000000 8.683861 11.895660 8.698071 11.837275 0.023825 0.032258 0.061860 0.052784 0.032258 0.023822 0.032258 420 480
27 62.310000 60.320000 1000000 8.522342 11.085985 8.450851 11.629798 0.023803 0.032258 0.085497 0.079177 0.032258 0.023795 0.032258 480 568
27 62.310000 60.320000 1000000 8.363946 11.062329 8.399333 11.519093 0.023798 0.032258 0.096463 0.090909 0.032258 0.023811 0.032258 560 585
27 62.310000 60.320000 1000000 8.271527 10.541900 8.258715 11.384685 0.023758 0.032258 0.096464 0.090910 0.032258 0.023748 0.032258 580 663
27 62.310000 60.320000 1000000 8.243313 10.537599 8.228454 11.345095 0.023764 0.032258 0.107589 0.102639 0.032258 0.023754 0.032258 660 698
27 62.310000 60.320000 1000000 8.238212 10.536882 8.223325 11.339230 0.023765 0.032258 0.102009 0.096775 0.032258 0.023755 0.032258 690 795
27 62.310000 60.320000 1000000 8.164131 10.524696 8.161107 11.260052 0.023756 0.032258 0.181770 0.178885 0.032258 0.023746 0.032258 790 912
27 62.310000 60.320000 1000000 8.057147 10.512510 8.014080 11.125156 0.023762 0.032258 0.175999 0.173017 0.032258 0.023758 0.032258 910 1062
27 62.310000 60.320000 1000000 8.016041 10.388854 7.983484 11.094609 0.023764 0.032258 0.184658 0.181819 0.032258 0.023745 0.032258 1060 1076
27 62.310000 60.320000 1000000 7.964982 10.383119 7.984528 11.095586 0.023752 0.032258 0.173122 0.170090 0.032258 0.023750 0.032258 1070 1185
27 62.310000 60.320000 1000000 7.962235 10.382403 7.980779 11.087522 0.023753 0.032258 0.173122 0.170090 0.032258 0.023751 0.032258 1180 1266
27 62.310000 60.320000 1000000 7.907577 10.364481 7.903077 10.869781 0.023753 0.032258 0.155863 0.152488 0.032258 0.023752 0.032258 1260 1299
27 62.310000 60.320000 1000000 7.901076 10.363765 7.896565 10.863916 0.023756 0.032258 0.150130 0.146623 0.032258 0.023755 0.032258 1290 1341
27 62.310000 60.320000 1000000 7.830840 10.355163 7.826207 10.793535 0.023771 0.032258 0.082787 0.076244 0.032258 0.023771 0.032258 1340 1466
27 62.310000 60.320000 1000000 7.814879 10.353012 7.810216 10.775939 0.023769 0.032258 0.077419 0.070378 0.032258 0.023769 0.032258 1350 1694
27 62.310000 60.320000 1000000 7.810046 10.352295 7.805375 10.770074 0.023772 0.032258 0.077419 0.070378 0.032258 0.023772 0.032258 1690 1889
27 62.310000 60.320000 1000000 7.766368 10.232582 7.754690 10.721688 0.023768 0.032258 0.082792 0.076249 0.032258 0.023762 0.032258 1880 2128
27 62.310000 60.320000 1000000 7.703728 10.220396 7.699489 10.628823 0.023782 0.032258 0.144414 0.140765 0.032258 0.023779 0.032258 2120 3828
27 62.310000 60.320000 1000000 7.662236 10.208926 7.642166 10.499790 0.023792 0.032258 0.150135 0.146628 0.032258 0.023793 0.032258 2790 3763
27 62.310000 60.320000 1000000 7.633578 10.204625 7.612428 10.462400 0.023787 0.032258 0.161609 0.158357 0.032258 0.023789 0.032258 3760 3828
27 62.310000 60.320000 1000000 7.626912 10.203908 7.613547 10.463377 0.023786 0.032258 0.167360 0.164222 0.032258 0.023790 0.032258 3820 3884
27 62.310000 60.320000 1000000 7.608081 10.201041 7.594616 10.439917 0.023782 0.032258 0.173119 0.170087 0.032258 0.023787 0.032258 3880 5522
27 62.310000 60.320000 1000000 7.601840 10.199607 7.588342 10.428187 0.023782 0.032258 0.173119 0.170087 0.032258 0.023786 0.032258 4430 5568
27 62.310000 60.320000 1000000 7.466912 10.116095 7.506513 10.340455 0.023819 0.032258 0.102012 0.096777 0.032258 0.023814 0.032258 5560 5615
27 62.310000 60.320000 1000000 7.463706 10.115378 7.503357 10.334590 0.023819 0.032258 0.102010 0.096775 0.032258 0.023814 0.032258 5610 6607
27 62.310000 60.320000 1000000 7.451089 10.113944 7.486267 10.318461 0.023819 0.032258 0.090957 0.085045 0.032258 0.023813 0.032258 6570 7148
27 62.310000 60.320000 1000000 7.436547 10.111794 7.471930 10.300865 0.023818 0.032258 0.096466 0.090913 0.032258 0.023811 0.032258 7140 7744
27 62.310000 60.320000 1000000 7.429874 10.111077 7.473024 10.301843 0.023816 0.032258 0.102013 0.096778 0.032258 0.023811 0.032258 7740 10446
27 62.310000 60.320000 1000000 7.404343 10.091722 7.434593 10.059909 0.023830 0.032258 0.054552 0.043993 0.032258 0.023830 0.032258 8840 11644
27 62.310000 60.320000 1000000 7.374736 10.087421 7.403000 10.022519 0.023829 0.032258 0.054552 0.043992 0.032258 0.023827 0.032258 11640 11834
27 62.310000 60.320000 1000000 7.372284 10.086704 7.399667 10.014454 0.023829 0.032258 0.054552 0.043992 0.032258 0.023827 0.032258 11830 13177
27 62.310000 60.320000 1000000 7.369017 10.085987 7.396436 10.008589 0.023829 0.032258 0.054550 0.043990 0.032258 0.023827 0.032258 13170 15139
27 62.310000 60.320000 1000000 7.362779 10.085271 7.387950 10.000525 0.023829 0.032258 0.049941 0.038125 0.032258 0.023827 0.032258 15130 16401
27 62.310000 60.320000 1000000 7.356036 10.084554 7.389060 10.001502 0.023828 0.032258 0.054550 0.043990 0.032258 0.023827 0.032258 16400 21025
27 62.310000 60.320000 1000000 7.328214 10.024697 7.355223 9.970466 0.023826 0.032258 0.061863 0.052787 0.032258 0.023825 0.032258 21020 27135
27 62.310000 60.320000 1000000 7.313741 10.022547 7.338591 9.950671 0.023827 0.032258 0.052215 0.041059 0.032258 0.023825 0.032258 27130 28544
27 62.310000 60.320000 1000000 7.260036 9.791006 7.257866 9.888844 0.023829 0.032258 0.039890 0.023464 0.032258 0.023826 0.032258 28540 29355
27 62.310000 60.320000 1000000 7.258354 9.790289 7.258147 9.889821 0.023829 0.032258 0.043598 0.029329 0.032258 0.023826 0.032258 29350 32939
27 62.310000 60.320000 1000000 7.233493 9.784913 7.232610 9.841190 0.023829 0.032258 0.054553 0.043993 0.032258 0.023826 0.032258 32930 33397
27 62.310000 60.320000 1000000 7.230944 9.784196 7.229104 9.833125 0.023829 0.032258 0.054553 0.043993 0.032258 0.023827 0.032258 33390 37459
27 62.310000 60.320000 1000000 7.201262 9.779895 7.207622 9.804777 0.023825 0.032258 0.059384 0.049858 0.032258 0.023823 0.032258 37450 40012
27 62.310000 60.320000 1000000 7.199994 9.778820 7.205690 9.791336 0.023826 0.032258 0.061865 0.052789 0.032258 0.023823 0.032258 40010 43439
27 62.310000 60.320000 1000000 7.172334 9.662691 7.165703 9.758589 0.023824 0.032258 0.066940 0.058655 0.032258 0.023821 0.032258 43430 61309
27 62.310000 60.320000 1000000 7.157876 9.660541 7.151205 9.740994 0.023822 0.032258 0.066940 0.058655 0.032258 0.023820 0.032258 61300 64038
27 62.310000 60.320000 1000000 7.146388 9.602835 7.133582 9.727553 0.023821 0.032258 0.069524 0.061588 0.032258 0.023818 0.032258 64030 71744
27 62.310000 60.320000 1000000 7.139940 9.602118 7.124664 9.719489 0.023822 0.032258 0.064386 0.055723 0.032258 0.023819 0.032258 71740 99407
27 62.310000 60.320000 1000000 7.087396 9.592799 7.098757 9.670613 0.023826 0.032258 0.069521 0.061584 0.032258 0.023823 0.032258 99400 138963
27 62.310000 60.320000 1000000 7.083555 9.592082 7.094935 9.664748 0.023825 0.032258 0.064385 0.055721 0.032258 0.023822 0.032258 138960 155315
27 62.310000 60.320000 1000000 7.004679 9.580971 7.023374 9.574328 0.023819 0.032258 0.077422 0.070381 0.032258 0.023817 0.032258 155310 166989
27 62.310000 60.320000 1000000 6.969179 9.407853 6.969357 9.534006 0.023820 0.032258 0.069521 0.061583 0.032258 0.023817 0.032258 161000 205387
27 62.310000 60.320000 1000000 6.965382 9.407136 6.965560 9.528141 0.023819 0.032258 0.074766 0.067449 0.032258 0.023817 0.032258 205380 253578
27 62.310000 60.320000 1000000 6.951691 9.404986 6.951870 9.510545 0.023817 0.032258 0.080097 0.073314 0.032258 0.023815 0.032258 205900 308258
27 62.310000 60.320000 1000000 6.914401 9.396384 6.904740 9.418170 0.023825 0.032258 0.064382 0.055717 0.032258 0.023826 0.032258 261390 290185
27 62.310000 60.320000 1000000 6.908869 9.395667 6.899185 9.412305 0.023825 0.032258 0.059379 0.049852 0.032258 0.023826 0.032258 290180 308258
27 62.310000 60.320000 1000000 6.897093 9.337961 6.881094 9.398864 0.023825 0.032258 0.056940 0.046920 0.032258 0.023827 0.032258 308250 322423
27 62.310000 60.320000 1000000 6.885501 9.280255 6.863235 9.385424 0.023825 0.032258 0.059379 0.049853 0.032258 0.023827 0.032258 322420 358969
27 62.310000 60.320000 1000000 6.874091 9.222549 6.845609 9.371983 0.023824 0.032258 0.061862 0.052786 0.032258 0.023826 0.032258 358960 439481
27 62.310000 60.320000 1000000 6.855931 9.219682 6.829487 9.355365 0.023824 0.032258 0.056939 0.046919 0.032258 0.023825 0.032258 439480 504941
27 62.310000 60.320000 1000000 6.847976 9.217531 6.819631 9.333371 0.023824 0.032258 0.061861 0.052784 0.032258 0.023825 0.032258 504940 583935
27 62.310000 60.320000 1000000 6.844835 9.216814 6.816450 9.327506 0.023824 0.032258 0.061859 0.052782 0.032258 0.023825 0.032258 583930 660549
27 62.310000 60.320000 1000000 6.826738 9.214664 6.814859 9.323596 0.023823 0.032258 0.052214 0.041057 0.032258 0.023825 0.032258 660540 712277
27 62.310000 60.320000 1000000 6.802549 9.098177 6.777603 9.283274 0.023822 0.032258 0.059380 0.049854 0.032258 0.023824 0.032258 712270 730868
27 62.310000 60.320000 1000000 6.791446 9.040471 6.760429 9.269833 0.023820 0.032258 0.061863 0.052786 0.032258 0.023821 0.032258 730860 854188
27 62.310000 60.320000 1000000 6.784440 9.039754 6.761611 9.270810 0.023819 0.032258 0.061863 0.052786 0.032258 0.023821 0.032258 854180 967921
27 62.310000 60.320000 1000000 6.753580 9.036170 6.718632 9.230488 0.023817 0.032258 0.066935 0.058649 0.032258 0.023820 0.032258 965680 1000000
27 62.310000 60.320000 1000000 6.753580 9.036170 6.718632 9.230488 0.023817 0.032258 0.066935 0.058649 0.032258 0.023820 0.032258 999990 1000000
