2 62.310000 60.320000 1000000 8.852382 12.132260 8.868636 11.914269 0.023826 0.032258 0.052216 0.041060 0.032258 0.023822 0.032258 0 54
2 62.310000 60.320000 1000000 8.785702 12.120432 8.847008 11.840221 0.023818 0.032258 0.107590 0.102640 0.032258 0.023816 0.032258 50 60
2 62.310000 60.320000 1000000 8.712120 11.940145 8.753417 11.755177 0.023823 0.032258 0.099234 0.093845 0.032258 0.023821 0.032258 60 74
2 62.310000 60.320000 1000000 8.591750 11.924374 8.692592 11.674288 0.023812 0.032258 0.121663 0.117308 0.032258 0.023820 0.032258 70 108
2 62.310000 60.320000 1000000 8.439250 11.342289 8.481579 11.498822 0.023819 0.032258 0.104798 0.099710 0.032258 0.023818 0.032258 100 111
2 62.310000 60.320000 1000000 8.337210 11.330103 8.346796 11.368323 0.023827 0.032258 0.052215 0.041058 0.032258 0.023825 0.032258 110 125
2 62.310000 60.320000 1000000 8.335927 11.329028 8.344842 11.354883 0.023827 0.032258 0.054548 0.043987 0.032258 0.023825 0.032258 120 132
2 62.310000 60.320000 1000000 8.303874 11.322576 8.314903 11.308939 0.023826 0.032258 0.085498 0.079179 0.032258 0.023823 0.032258 130 197
2 62.310000 60.320000 1000000 7.255397 7.765586 7.312026 9.394960 0.022804 0.032258 0.707479 0.706743 0.032258 0.022850 0.032258 170 224
2 62.310000 60.320000 1000000 6.239672 7.617916 6.271208 8.407424 0.023108 0.032258 0.695763 0.695015 0.032258 0.023074 0.032258 220 242
2 62.310000 60.320000 1000000 6.235544 7.617199 6.265616 8.399360 0.023115 0.032258 0.689904 0.689150 0.032258 0.023082 0.032258 240 274
2 62.310000 60.320000 1000000 5.716236 7.541930 5.699720 7.686263 0.023650 0.032258 0.193330 0.190620 0.032258 0.023640 0.032258 270 303
2 62.310000 60.320000 1000000 5.587083 7.524726 5.568531 7.543302 0.023814 0.032258 0.085501 0.079182 0.032258 0.023809 0.032258 300 526
2 62.310000 60.320000 1000000 5.528035 7.402861 5.502149 7.484161 0.023824 0.032258 0.074770 0.067454 0.032258 0.023821 0.032258 450 513
2 62.310000 60.320000 1000000 5.484041 7.397843 5.491083 7.470476 0.023823 0.032258 0.059385 0.049859 0.032258 0.023821 0.032258 510 526
2 62.310000 60.320000 1000000 5.480859 7.397126 5.487913 7.464611 0.023823 0.032258 0.059385 0.049859 0.032258 0.023821 0.032258 520 558
2 62.310000 60.320000 1000000 5.479303 7.396410 5.488172 7.465589 0.023823 0.032258 0.064388 0.055724 0.032258 0.023821 0.032258 550 599
2 62.310000 60.320000 1000000 5.478040 7.395334 5.486251 7.452148 0.023824 0.032258 0.061867 0.052792 0.032258 0.023822 0.032258 590 648
2 62.310000 60.320000 1000000 5.450007 7.390316 5.457459 7.408893 0.023832 0.032258 0.043599 0.029330 0.032258 0.023829 0.032258 640 659
2 62.310000 60.320000 1000000 5.438337 7.332610 5.439674 7.395452 0.023832 0.032258 0.041683 0.026398 0.032258 0.023829 0.032258 650 673
2 62.310000 60.320000 1000000 5.437078 7.331534 5.437752 7.382011 0.023832 0.032258 0.039890 0.023466 0.032258 0.023829 0.032258 670 731
2 62.310000 60.320000 1000000 5.433109 7.330818 5.433784 7.376146 0.023832 0.032258 0.043598 0.029329 0.032258 0.023829 0.032258 730 1092
2 62.310000 60.320000 1000000 5.421947 7.328309 5.421974 7.350975 0.023834 0.032258 0.035436 0.014666 0.032258 0.023831 0.032258 1090 1461
2 62.310000 60.320000 1000000 5.415004 7.327592 5.423128 7.351952 0.023833 0.032258 0.038237 0.020530 0.032258 0.023831 0.032258 1460 1485
2 62.310000 60.320000 1000000 5.413433 7.326875 5.423389 7.352930 0.023833 0.032258 0.041681 0.026395 0.032258 0.023831 0.032258 1480 1557
2 62.310000 60.320000 1000000 5.407212 7.326158 5.414876 7.344865 0.023833 0.032258 0.041680 0.026394 0.032258 0.023831 0.032258 1550 1772
2 62.310000 60.320000 1000000 5.402378 7.325441 5.410063 7.339000 0.023833 0.032258 0.038237 0.020530 0.032258 0.023831 0.032258 1770 1830
2 62.310000 60.320000 1000000 5.401159 7.324366 5.408209 7.325559 0.023833 0.032258 0.036746 0.017597 0.032258 0.023831 0.032258 1830 2057
2 62.310000 60.320000 1000000 5.396436 7.323649 5.403504 7.319694 0.023833 0.032258 0.039887 0.023461 0.032258 0.023831 0.032258 2050 2192
2 62.310000 60.320000 1000000 5.393183 7.322932 5.400264 7.313829 0.023834 0.032258 0.036746 0.017598 0.032258 0.023831 0.032258 2190 2467
2 62.310000 60.320000 1000000 5.387662 7.322215 5.394764 7.307964 0.023834 0.032258 0.034327 0.011736 0.032258 0.023831 0.032258 2460 2504
2 62.310000 60.320000 1000000 5.383689 7.321499 5.390807 7.302099 0.023834 0.032258 0.034326 0.011734 0.032258 0.023831 0.032258 2500 4683
2 62.310000 60.320000 1000000 5.381293 7.320782 5.387524 7.294035 0.023834 0.032258 0.034326 0.011734 0.032258 0.023831 0.032258 4680 6902
2 62.310000 60.320000 1000000 5.380091 7.319706 5.385695 7.280594 0.023834 0.032258 0.033438 0.008802 0.032258 0.023831 0.032258 6900 23552
2 62.310000 60.320000 1000000 5.377754 7.318990 5.382490 7.272529 0.023833 0.032258 0.035436 0.014666 0.032258 0.023831 0.032258 23550 26407
2 62.310000 60.320000 1000000 5.365923 7.261283 5.364432 7.259088 0.023834 0.032258 0.034326 0.011734 0.032258 0.023831 0.032258 26400 34124
2 62.310000 60.320000 1000000 5.358948 7.260566 5.365593 7.260066 0.023834 0.032258 0.036746 0.017598 0.032258 0.023831 0.032258 34120 45075
2 62.310000 60.320000 1000000 5.347058 7.258416 5.353747 7.242471 0.023834 0.032258 0.036747 0.017600 0.032258 0.023831 0.032258 45070 71981
2 62.310000 60.320000 1000000 5.345469 7.257699 5.354011 7.243448 0.023834 0.032258 0.036748 0.017601 0.032258 0.023831 0.032258 71980 78011
2 62.310000 60.320000 1000000 5.339177 7.256982 5.345395 7.235384 0.023834 0.032258 0.034327 0.011736 0.032258 0.023831 0.032258 78010 177495
2 62.310000 60.320000 1000000 5.333784 7.256265 5.340020 7.229519 0.023833 0.032258 0.036748 0.017601 0.032258 0.023830 0.032258 177490 190274
2 62.310000 60.320000 1000000 5.312478 7.197125 5.312515 7.204347 0.023833 0.032258 0.035437 0.014669 0.032258 0.023831 0.032258 190270 216928
2 62.310000 60.320000 1000000 5.306238 7.196408 5.303930 7.196283 0.023833 0.032258 0.035437 0.014669 0.032258 0.023830 0.032258 216920 229712
2 62.310000 60.320000 1000000 5.295063 7.194257 5.292740 7.178688 0.023833 0.032258 0.033438 0.008804 0.032258 0.023831 0.032258 229710 330130
2 62.310000 60.320000 1000000 5.293470 7.193540 5.293006 7.179665 0.023833 0.032258 0.035437 0.014669 0.032258 0.023831 0.032258 330130 467492
2 62.310000 60.320000 1000000 5.292242 7.192465 5.291128 7.166224 0.023834 0.032258 0.034327 0.011736 0.032258 0.023831 0.032258 467490 485615
2 62.310000 60.320000 1000000 5.289143 7.191748 5.288027 7.160359 0.023833 0.032258 0.036748 0.017601 0.032258 0.023831 0.032258 485610 650889
2 62.310000 60.320000 1000000 5.287944 7.190673 5.286194 7.146918 0.023833 0.032258 0.035437 0.014669 0.032258 0.023831 0.032258 650880 996294
2 62.310000 60.320000 1000000 5.282540 7.189956 5.280785 7.141053 0.023833 0.032258 0.038239 0.020534 0.032258 0.023830 0.032258 996290 1000000
2 62.310000 60.320000 1000000 5.282540 7.189956 5.280785 7.141053 0.023833 0.032258 0.038239 0.020534 0.032258 0.023830 0.032258 999990 1000000
