45 62.310000 60.320000 1000000 10.302084 13.702465 10.298399 13.614158 0.023636 0.032258 0.350459 0.348972 0.032258 0.023633 0.032258 0 51
45 62.310000 60.320000 1000000 9.858916 13.639382 9.860182 13.089231 0.023808 0.032258 0.118827 0.114365 0.032258 0.023803 0.032258 50 68
45 62.310000 60.320000 1000000 9.856081 13.638666 9.857348 13.083366 0.023807 0.032258 0.118827 0.114365 0.032258 0.023802 0.032258 60 72
45 62.310000 60.320000 1000000 9.630909 13.216086 9.630982 12.887373 0.023825 0.032258 0.072130 0.064515 0.032258 0.023822 0.032258 70 110
45 62.310000 60.320000 1000000 9.563394 13.206050 9.602030 12.830677 0.023822 0.032258 0.088217 0.082108 0.032258 0.023817 0.032258 110 129
45 62.310000 60.320000 1000000 9.559339 13.205333 9.598025 12.824812 0.023822 0.032258 0.082786 0.076243 0.032258 0.023817 0.032258 120 163
45 62.310000 60.320000 1000000 9.309415 12.437594 9.257175 12.501987 0.023824 0.032258 0.104795 0.099707 0.032258 0.023825 0.032258 160 200
45 62.310000 60.320000 1000000 9.252179 12.431859 9.266773 12.509807 0.023826 0.032258 0.088221 0.082112 0.032258 0.023824 0.032258 170 180
45 62.310000 60.320000 1000000 9.215728 12.426124 9.238394 12.469729 0.023830 0.032258 0.072132 0.064517 0.032258 0.023829 0.032258 180 200
45 62.310000 60.320000 1000000 9.166520 12.364117 9.169251 12.407900 0.023829 0.032258 0.059380 0.049854 0.032258 0.023827 0.032258 200 235
45 62.310000 60.320000 1000000 9.163303 12.363400 9.166036 12.402035 0.023829 0.032258 0.059380 0.049854 0.032258 0.023827 0.032258 230 244
45 62.310000 60.320000 1000000 9.125284 12.358382 9.125779 12.358780 0.023826 0.032258 0.074765 0.067448 0.032258 0.023823 0.032258 240 345
45 62.310000 60.320000 1000000 9.067592 12.349780 9.068096 12.288398 0.023828 0.032258 0.064383 0.055718 0.032258 0.023825 0.032258 250 369
45 62.310000 60.320000 1000000 9.018245 12.341178 9.016438 12.215818 0.023826 0.032258 0.064384 0.055720 0.032258 0.023823 0.032258 360 449
45 62.310000 60.320000 1000000 8.955456 12.269852 8.983765 12.179894 0.023827 0.032258 0.116014 0.111439 0.032258 0.023825 0.032258 440 471
45 62.310000 60.320000 1000000 8.929148 12.263042 8.954229 12.112934 0.023826 0.032258 0.102009 0.096775 0.032258 0.023824 0.032258 470 510
45 62.310000 60.320000 1000000 8.879799 12.242970 8.888287 11.884928 0.023822 0.032258 0.045621 0.032260 0.032258 0.023819 0.032258 510 520
45 62.310000 60.320000 1000000 8.873621 12.242253 8.879813 11.876864 0.023822 0.032258 0.049941 0.038125 0.032258 0.023818 0.032258 520 607
45 62.310000 60.320000 1000000 8.844132 12.237236 8.850387 11.835808 0.023818 0.032258 0.054552 0.043992 0.032258 0.023814 0.032258 600 630
45 62.310000 60.320000 1000000 8.821568 12.233293 8.827301 11.798907 0.023816 0.032258 0.052214 0.041057 0.032258 0.023812 0.032258 630 640
45 62.310000 60.320000 1000000 8.814153 12.232576 8.828532 11.799885 0.023817 0.032258 0.052214 0.041057 0.032258 0.023811 0.032258 640 682
45 62.310000 60.320000 1000000 8.801402 12.174870 8.809125 11.786444 0.023820 0.032258 0.049941 0.038125 0.032258 0.023815 0.032258 680 706
45 62.310000 60.320000 1000000 8.796188 12.174153 8.803924 11.780579 0.023819 0.032258 0.054549 0.043989 0.032258 0.023815 0.032258 700 1164
45 62.310000 60.320000 1000000 8.754700 12.055157 8.761281 11.744899 0.023823 0.032258 0.054548 0.043987 0.032258 0.023820 0.032258 1160 1274
45 62.310000 60.320000 1000000 8.748357 12.054440 8.752575 11.736835 0.023823 0.032258 0.054548 0.043987 0.032258 0.023820 0.032258 1270 1697
45 62.310000 60.320000 1000000 8.720386 12.047630 8.721548 11.669875 0.023818 0.032258 0.052214 0.041058 0.032258 0.023815 0.032258 1690 1758
45 62.310000 60.320000 1000000 8.675638 11.873796 8.665777 11.630530 0.023825 0.032258 0.049942 0.038126 0.032258 0.023824 0.032258 1750 1785
45 62.310000 60.320000 1000000 8.668209 11.873079 8.667017 11.631507 0.023826 0.032258 0.045622 0.032261 0.032258 0.023823 0.032258 1780 2269
45 62.310000 60.320000 1000000 8.657638 11.870928 8.656442 11.613912 0.023824 0.032258 0.038238 0.020531 0.032258 0.023822 0.032258 2260 2271
45 62.310000 60.320000 1000000 8.656162 11.870212 8.656688 11.614890 0.023824 0.032258 0.041682 0.026396 0.032258 0.023822 0.032258 2270 2730
45 62.310000 60.320000 1000000 8.625346 11.754083 8.610484 11.579944 0.023827 0.032258 0.045622 0.032261 0.032258 0.023827 0.032258 2730 2772
45 62.310000 60.320000 1000000 8.624226 11.753008 8.608763 11.566503 0.023827 0.032258 0.043598 0.029329 0.032258 0.023826 0.032258 2770 3827
45 62.310000 60.320000 1000000 8.270255 11.036881 8.284600 11.294999 0.023807 0.032258 0.061867 0.052791 0.032258 0.023809 0.032258 3820 4456
45 62.310000 60.320000 1000000 8.261832 11.034730 8.274337 11.273005 0.023809 0.032258 0.066936 0.058650 0.032258 0.023810 0.032258 4450 5655
45 62.310000 60.320000 1000000 8.256679 11.034013 8.269207 11.267140 0.023810 0.032258 0.066936 0.058650 0.032258 0.023811 0.032258 5650 6686
45 62.310000 60.320000 1000000 8.252440 11.033297 8.264987 11.261274 0.023811 0.032258 0.066938 0.058652 0.032258 0.023812 0.032258 6680 7236
45 62.310000 60.320000 1000000 8.248266 11.032580 8.260832 11.255409 0.023811 0.032258 0.072132 0.064517 0.032258 0.023812 0.032258 7230 9511
45 62.310000 60.320000 1000000 8.220995 10.916451 8.221962 11.222663 0.023808 0.032258 0.066938 0.058652 0.032258 0.023807 0.032258 9510 10614
45 62.310000 60.320000 1000000 8.216844 10.915734 8.217813 11.216798 0.023809 0.032258 0.072132 0.064517 0.032258 0.023808 0.032258 10610 11140
45 62.310000 60.320000 1000000 8.211108 10.915017 8.209926 11.208733 0.023807 0.032258 0.077421 0.070380 0.032258 0.023805 0.032258 11140 12585
45 62.310000 60.320000 1000000 8.090025 10.784552 8.083335 11.056241 0.023811 0.032258 0.066934 0.058648 0.032258 0.023809 0.032258 12580 15685
45 62.310000 60.320000 1000000 8.031490 10.775950 8.024652 10.985860 0.023815 0.032258 0.061860 0.052783 0.032258 0.023814 0.032258 13770 16686
45 62.310000 60.320000 1000000 8.029672 10.775233 8.024956 10.986838 0.023816 0.032258 0.056941 0.046922 0.032258 0.023814 0.032258 16680 16723
45 62.310000 60.320000 1000000 8.028352 10.774158 8.022936 10.973397 0.023816 0.032258 0.059381 0.049854 0.032258 0.023814 0.032258 16720 19133
45 62.310000 60.320000 1000000 8.016367 10.772724 8.006409 10.957268 0.023814 0.032258 0.064383 0.055719 0.032258 0.023812 0.032258 18300 21442
45 62.310000 60.320000 1000000 8.007616 10.771290 7.997625 10.945538 0.023812 0.032258 0.074766 0.067449 0.032258 0.023810 0.032258 19080 25024
45 62.310000 60.320000 1000000 8.004038 10.769857 7.998223 10.947493 0.023813 0.032258 0.074766 0.067449 0.032258 0.023809 0.032258 21680 24505
45 62.310000 60.320000 1000000 8.002294 10.769140 7.998514 10.948471 0.023814 0.032258 0.080098 0.073314 0.032258 0.023809 0.032258 24500 25024
45 62.310000 60.320000 1000000 7.990930 10.711434 7.981108 10.935030 0.023812 0.032258 0.082790 0.076247 0.032258 0.023808 0.032258 25020 27184
45 62.310000 60.320000 1000000 7.988210 10.710717 7.977353 10.926965 0.023813 0.032258 0.077422 0.070382 0.032258 0.023809 0.032258 27180 28126
45 62.310000 60.320000 1000000 7.982925 10.710000 7.972047 10.921100 0.023813 0.032258 0.072132 0.064517 0.032258 0.023808 0.032258 28120 36481
45 62.310000 60.320000 1000000 7.926872 10.700681 7.923982 10.851696 0.023817 0.032258 0.061865 0.052789 0.032258 0.023813 0.032258 36480 37710
45 62.310000 60.320000 1000000 7.920821 10.699964 7.915648 10.843632 0.023816 0.032258 0.066940 0.058654 0.032258 0.023812 0.032258 37710 40666
45 62.310000 60.320000 1000000 7.915498 10.699247 7.910315 10.837767 0.023815 0.032258 0.061865 0.052789 0.032258 0.023812 0.032258 40660 63924
45 62.310000 60.320000 1000000 7.788198 10.225772 7.718850 10.595830 0.023804 0.032258 0.147273 0.143696 0.032258 0.023802 0.032258 63920 65873
45 62.310000 60.320000 1000000 7.736166 10.215736 7.674271 10.520562 0.023816 0.032258 0.080096 0.073313 0.032258 0.023816 0.032258 65870 78096
45 62.310000 60.320000 1000000 7.731434 10.215019 7.669424 10.514697 0.023816 0.032258 0.085497 0.079177 0.032258 0.023816 0.032258 78090 79722
45 62.310000 60.320000 1000000 7.720773 10.157313 7.652719 10.501256 0.023812 0.032258 0.088219 0.082110 0.032258 0.023812 0.032258 79720 90685
45 62.310000 60.320000 1000000 7.715130 10.156597 7.646923 10.495391 0.023813 0.032258 0.088218 0.082109 0.032258 0.023813 0.032258 90680 100403
45 62.310000 60.320000 1000000 7.704606 10.098891 7.630391 10.481950 0.023809 0.032258 0.090954 0.085042 0.032258 0.023809 0.032258 100400 102830
45 62.310000 60.320000 1000000 7.702683 10.098174 7.630720 10.482927 0.023810 0.032258 0.090954 0.085042 0.032258 0.023809 0.032258 102830 105029
45 62.310000 60.320000 1000000 7.696207 10.097457 7.621556 10.474863 0.023811 0.032258 0.090955 0.085042 0.032258 0.023810 0.032258 105020 112046
45 62.310000 60.320000 1000000 7.622977 10.089572 7.629116 10.478773 0.023806 0.032258 0.080097 0.073314 0.032258 0.023811 0.032258 112040 117034
45 62.310000 60.320000 1000000 7.621026 10.088855 7.629440 10.479751 0.023807 0.032258 0.080097 0.073314 0.032258 0.023811 0.032258 117030 154254
45 62.310000 60.320000 1000000 7.595033 10.080253 7.623656 10.482439 0.023814 0.032258 0.080100 0.073317 0.032258 0.023811 0.032258 154250 157691
45 62.310000 60.320000 1000000 7.584211 10.022547 7.607290 10.468998 0.023811 0.032258 0.077425 0.070385 0.032258 0.023806 0.032258 157690 159836
45 62.310000 60.320000 1000000 7.575203 10.020396 7.602020 10.465088 0.023812 0.032258 0.082793 0.076250 0.032258 0.023807 0.032258 159830 180091
45 62.310000 60.320000 1000000 7.571954 10.019679 7.598805 10.459223 0.023812 0.032258 0.082793 0.076250 0.032258 0.023807 0.032258 180090 198063
45 62.310000 60.320000 1000000 7.553150 10.016812 7.577747 10.433563 0.023814 0.032258 0.088226 0.082117 0.032258 0.023808 0.032258 198060 240261
45 62.310000 60.320000 1000000 7.538731 10.014303 7.577552 10.422077 0.023811 0.032258 0.096468 0.090914 0.032258 0.023811 0.032258 240260 275619
45 62.310000 60.320000 1000000 7.433834 9.931149 7.434829 10.113672 0.023814 0.032258 0.069518 0.061580 0.032258 0.023812 0.032258 275610 276240
45 62.310000 60.320000 1000000 7.432589 9.930074 7.432928 10.100231 0.023815 0.032258 0.066934 0.058648 0.032258 0.023812 0.032258 276240 309725
45 62.310000 60.320000 1000000 7.409317 9.927207 7.409659 10.076771 0.023821 0.032258 0.061859 0.052782 0.032258 0.023819 0.032258 309720 313951
45 62.310000 60.320000 1000000 7.402701 9.926490 7.410760 10.077748 0.023819 0.032258 0.061861 0.052785 0.032258 0.023819 0.032258 313950 356519
45 62.310000 60.320000 1000000 7.401464 9.925415 7.408876 10.064308 0.023820 0.032258 0.064381 0.055716 0.032258 0.023819 0.032258 356510 740309
45 62.310000 60.320000 1000000 7.341166 9.744412 7.336342 9.975354 0.023819 0.032258 0.056942 0.046924 0.032258 0.023815 0.032258 740300 791681
45 62.310000 60.320000 1000000 7.330211 9.742261 7.324446 9.955559 0.023821 0.032258 0.052216 0.041060 0.032258 0.023817 0.032258 791680 839011
45 62.310000 60.320000 1000000 7.326063 9.741544 7.320288 9.949694 0.023821 0.032258 0.052217 0.041062 0.032258 0.023817 0.032258 839010 841964
45 62.310000 60.320000 1000000 7.324859 9.740469 7.318443 9.936253 0.023821 0.032258 0.049944 0.038129 0.032258 0.023818 0.032258 841960 989599
45 62.310000 60.320000 1000000 7.264255 9.732584 7.275423 9.892265 0.023823 0.032258 0.059383 0.049858 0.032258 0.023822 0.032258 989590 1000000
45 62.310000 60.320000 1000000 7.264255 9.732584 7.275423 9.892265 0.023823 0.032258 0.059383 0.049858 0.032258 0.023822 0.032258 999990 1000000
