58 62.310000 60.320000 1000000 9.149908 12.255874 9.191284 12.521779 0.023783 0.032258 0.262983 0.260997 0.032258 0.023767 0.032258 0 56
58 62.310000 60.320000 1000000 9.123999 12.252289 9.158463 12.490498 0.023780 0.032258 0.251345 0.249267 0.032258 0.023763 0.032258 50 70
58 62.310000 60.320000 1000000 8.972491 12.220748 8.975690 12.168653 0.023833 0.032258 0.038237 0.020531 0.032258 0.023830 0.032258 70 94
58 62.310000 60.320000 1000000 8.964106 12.217522 8.963978 12.131018 0.023833 0.032258 0.039886 0.023458 0.032258 0.023830 0.032258 90 100
58 62.310000 60.320000 1000000 8.960200 12.216806 8.960072 12.125153 0.023833 0.032258 0.039886 0.023458 0.032258 0.023830 0.032258 100 111
58 62.310000 60.320000 1000000 8.953978 12.215372 8.953851 12.113423 0.023832 0.032258 0.039885 0.023456 0.032258 0.023829 0.032258 110 133
58 62.310000 60.320000 1000000 8.942009 12.157666 8.935543 12.099982 0.023833 0.032258 0.038234 0.020525 0.032258 0.023830 0.032258 130 156
58 62.310000 60.320000 1000000 8.835505 11.864118 8.854848 12.039621 0.023829 0.032258 0.052210 0.041053 0.032258 0.023829 0.032258 150 174
58 62.310000 60.320000 1000000 8.818006 11.802470 8.828617 11.977792 0.023828 0.032258 0.056937 0.046917 0.032258 0.023828 0.032258 170 192
58 62.310000 60.320000 1000000 8.814630 11.801036 8.829178 11.979747 0.023829 0.032258 0.047736 0.035187 0.032258 0.023828 0.032258 180 221
58 62.310000 60.320000 1000000 8.811356 11.799603 8.829720 11.981702 0.023829 0.032258 0.043597 0.029327 0.032258 0.023827 0.032258 190 373
58 62.310000 60.320000 1000000 8.718156 11.506055 8.707648 11.873443 0.023818 0.032258 0.085499 0.079180 0.032258 0.023811 0.032258 270 371
58 62.310000 60.320000 1000000 8.580110 11.208206 8.573617 11.757852 0.023801 0.032258 0.072133 0.064518 0.032258 0.023794 0.032258 370 441
58 62.310000 60.320000 1000000 8.540469 11.144049 8.528391 11.691625 0.023798 0.032258 0.124488 0.120236 0.032258 0.023790 0.032258 440 504
58 62.310000 60.320000 1000000 8.496359 11.139031 8.535708 11.698468 0.023784 0.032258 0.141555 0.137830 0.032258 0.023793 0.032258 460 523
58 62.310000 60.320000 1000000 8.370381 11.123261 8.381351 11.540844 0.023786 0.032258 0.130163 0.126103 0.032258 0.023788 0.032258 490 541
58 62.310000 60.320000 1000000 8.220317 10.696380 8.175750 11.195048 0.023789 0.032258 0.104794 0.099705 0.032258 0.023788 0.032258 520 540
58 62.310000 60.320000 1000000 8.190761 10.687061 8.169539 11.194071 0.023799 0.032258 0.072136 0.064521 0.032258 0.023789 0.032258 540 575
58 62.310000 60.320000 1000000 8.076994 10.670215 8.032626 11.029605 0.023777 0.032258 0.193328 0.190618 0.032258 0.023763 0.032258 570 582
58 62.310000 60.320000 1000000 7.988239 10.659463 7.950794 10.948471 0.023789 0.032258 0.107592 0.102642 0.032258 0.023778 0.032258 580 761
58 62.310000 60.320000 1000000 7.944025 10.653728 7.945149 10.933564 0.023789 0.032258 0.096463 0.090909 0.032258 0.023784 0.032258 760 1006
58 62.310000 60.320000 1000000 7.863727 10.640825 7.864887 10.827992 0.023796 0.032258 0.096465 0.090911 0.032258 0.023791 0.032258 940 956
58 62.310000 60.320000 1000000 7.858676 10.640108 7.859838 10.822127 0.023795 0.032258 0.096465 0.090911 0.032258 0.023790 0.032258 950 1006
58 62.310000 60.320000 1000000 7.825543 10.634732 7.841599 10.787181 0.023791 0.032258 0.082791 0.076248 0.032258 0.023789 0.032258 1000 1038
58 62.310000 60.320000 1000000 7.802619 10.575592 7.808425 10.757611 0.023786 0.032258 0.090957 0.085045 0.032258 0.023782 0.032258 1030 1118
58 62.310000 60.320000 1000000 7.796722 10.574158 7.800330 10.741482 0.023790 0.032258 0.080098 0.073315 0.032258 0.023787 0.032258 1060 1105
58 62.310000 60.320000 1000000 7.748512 10.564122 7.751090 10.657171 0.023804 0.032258 0.085494 0.079174 0.032258 0.023801 0.032258 1100 1118
58 62.310000 60.320000 1000000 7.741766 10.563406 7.752212 10.658149 0.023802 0.032258 0.085494 0.079174 0.032258 0.023802 0.032258 1110 1673
58 62.310000 60.320000 1000000 7.687805 10.546918 7.740429 10.646419 0.023807 0.032258 0.176003 0.173022 0.032258 0.023799 0.032258 1670 1743
58 62.310000 60.320000 1000000 7.660508 10.526847 7.701462 10.398619 0.023813 0.032258 0.135851 0.131966 0.032258 0.023806 0.032258 1740 1828
58 62.310000 60.320000 1000000 7.655146 10.526130 7.696185 10.392754 0.023812 0.032258 0.135851 0.131966 0.032258 0.023805 0.032258 1820 2175
58 62.310000 60.320000 1000000 7.585727 10.292439 7.597919 10.311132 0.023813 0.032258 0.124488 0.120236 0.032258 0.023803 0.032258 1970 3440
58 62.310000 60.320000 1000000 7.514325 10.277385 7.511168 10.154972 0.023829 0.032258 0.049940 0.038124 0.032258 0.023825 0.032258 2890 3904
58 62.310000 60.320000 1000000 7.481513 10.216812 7.488529 10.131756 0.023831 0.032258 0.047737 0.035188 0.032258 0.023828 0.032258 3900 4500
58 62.310000 60.320000 1000000 7.479916 10.216095 7.488795 10.132734 0.023831 0.032258 0.047737 0.035189 0.032258 0.023828 0.032258 4500 4896
58 62.310000 60.320000 1000000 7.477476 10.215378 7.485450 10.124669 0.023831 0.032258 0.043596 0.029326 0.032258 0.023828 0.032258 4890 5115
58 62.310000 60.320000 1000000 7.469967 10.212869 7.477344 10.099498 0.023831 0.032258 0.054546 0.043985 0.032258 0.023827 0.032258 5110 5284
58 62.310000 60.320000 1000000 7.457916 10.155163 7.458964 10.086057 0.023832 0.032258 0.052211 0.041053 0.032258 0.023829 0.032258 5280 6051
58 62.310000 60.320000 1000000 7.420333 9.981328 7.401716 10.037670 0.023832 0.032258 0.049938 0.038121 0.032258 0.023830 0.032258 6050 7758
58 62.310000 60.320000 1000000 7.413213 9.980612 7.402909 10.038648 0.023832 0.032258 0.045618 0.032256 0.032258 0.023830 0.032258 7750 13461
58 62.310000 60.320000 1000000 7.346939 9.972009 7.368853 9.995637 0.023830 0.032258 0.054548 0.043987 0.032258 0.023830 0.032258 11200 13367
58 62.310000 60.320000 1000000 7.342819 9.971293 7.364770 9.989772 0.023831 0.032258 0.049940 0.038124 0.032258 0.023830 0.032258 13360 13461
58 62.310000 60.320000 1000000 7.331070 9.913587 7.346959 9.976331 0.023831 0.032258 0.047739 0.035192 0.032258 0.023830 0.032258 13460 15625
58 62.310000 60.320000 1000000 7.317882 9.911436 7.333856 9.958736 0.023830 0.032258 0.056941 0.046922 0.032258 0.023828 0.032258 15620 18317
58 62.310000 60.320000 1000000 7.316208 9.910719 7.334133 9.959713 0.023830 0.032258 0.056942 0.046923 0.032258 0.023828 0.032258 18310 19746
58 62.310000 60.320000 1000000 7.304961 9.908569 7.322969 9.942118 0.023831 0.032258 0.056942 0.046923 0.032258 0.023829 0.032258 19740 23191
58 62.310000 60.320000 1000000 7.260704 9.846562 7.267988 9.889088 0.023829 0.032258 0.054551 0.043991 0.032258 0.023826 0.032258 23190 24370
58 62.310000 60.320000 1000000 7.235811 9.730433 7.232852 9.863183 0.023828 0.032258 0.059382 0.049856 0.032258 0.023824 0.032258 24370 26055
58 62.310000 60.320000 1000000 7.231821 9.729716 7.228857 9.857318 0.023828 0.032258 0.059382 0.049856 0.032258 0.023825 0.032258 26050 27868
58 62.310000 60.320000 1000000 7.226469 9.728999 7.223498 9.851453 0.023828 0.032258 0.059382 0.049856 0.032258 0.023824 0.032258 27860 29612
58 62.310000 60.320000 1000000 7.219477 9.728282 7.224663 9.852431 0.023827 0.032258 0.059382 0.049856 0.032258 0.023824 0.032258 29610 32241
58 62.310000 60.320000 1000000 7.215539 9.727566 7.220734 9.846566 0.023827 0.032258 0.059382 0.049856 0.032258 0.023824 0.032258 32240 38966
58 62.310000 60.320000 1000000 7.171632 9.719680 7.168758 9.773252 0.023828 0.032258 0.059379 0.049853 0.032258 0.023825 0.032258 38960 44876
58 62.310000 60.320000 1000000 7.164619 9.718963 7.169926 9.774230 0.023828 0.032258 0.059381 0.049855 0.032258 0.023825 0.032258 44870 77322
58 62.310000 60.320000 1000000 7.132892 9.709645 7.130306 9.673302 0.023831 0.032258 0.045620 0.032258 0.032258 0.023829 0.032258 57840 120781
58 62.310000 60.320000 1000000 7.078359 9.703193 7.078580 9.621005 0.023824 0.032258 0.074764 0.067446 0.032258 0.023820 0.032258 120780 146585
58 62.310000 60.320000 1000000 6.968020 9.237961 6.915558 9.481953 0.023815 0.032258 0.107585 0.102635 0.032258 0.023814 0.032258 146580 188621
58 62.310000 60.320000 1000000 6.881792 9.227209 6.859346 9.419148 0.023818 0.032258 0.069516 0.061578 0.032258 0.023820 0.032258 188620 201372
58 62.310000 60.320000 1000000 6.876410 9.226492 6.853911 9.413283 0.023818 0.032258 0.069516 0.061578 0.032258 0.023819 0.032258 201370 373323
58 62.310000 60.320000 1000000 6.871294 9.225058 6.846804 9.397154 0.023819 0.032258 0.069516 0.061578 0.032258 0.023821 0.032258 202640 215655
58 62.310000 60.320000 1000000 6.868810 9.224341 6.843350 9.389090 0.023819 0.032258 0.069516 0.061578 0.032258 0.023822 0.032258 215650 259270
58 62.310000 60.320000 1000000 6.866373 9.223625 6.839962 9.381025 0.023819 0.032258 0.069516 0.061578 0.032258 0.023822 0.032258 259270 373323
58 62.310000 60.320000 1000000 6.846846 9.215739 6.843238 9.391778 0.023827 0.032258 0.069519 0.061582 0.032258 0.023821 0.032258 274140 540227
58 62.310000 60.320000 1000000 6.841950 9.215022 6.838334 9.385913 0.023827 0.032258 0.069519 0.061582 0.032258 0.023821 0.032258 540220 751293
58 62.310000 60.320000 1000000 6.839536 9.214306 6.835008 9.377848 0.023827 0.032258 0.064382 0.055718 0.032258 0.023821 0.032258 751290 831920
58 62.310000 60.320000 1000000 6.835434 9.213589 6.830898 9.371983 0.023828 0.032258 0.059380 0.049853 0.032258 0.023822 0.032258 831920 916699
58 62.310000 60.320000 1000000 6.818838 9.211438 6.822505 9.361230 0.023828 0.032258 0.054550 0.043990 0.032258 0.023822 0.032258 916690 975425
58 62.310000 60.320000 1000000 6.814784 9.210721 6.818458 9.355365 0.023828 0.032258 0.049942 0.038126 0.032258 0.023822 0.032258 975420 1000000
58 62.310000 60.320000 1000000 6.814784 9.210721 6.818458 9.355365 0.023828 0.032258 0.049942 0.038126 0.032258 0.023822 0.032258 999990 1000000
