59 62.310000 60.320000 1000000 10.184824 13.230782 10.231763 14.211424 0.023630 0.032258 0.484949 0.483875 0.032258 0.023614 0.032258 0 50
59 62.310000 60.320000 1000000 9.596497 13.099957 9.562720 12.834098 0.023824 0.032258 0.082790 0.076247 0.032258 0.023826 0.032258 50 72
59 62.310000 60.320000 1000000 9.522276 13.033649 9.521237 12.777891 0.023829 0.032258 0.059379 0.049853 0.032258 0.023826 0.032258 70 80
59 62.310000 60.320000 1000000 9.504017 13.029348 9.504961 12.758830 0.023827 0.032258 0.064383 0.055719 0.032258 0.023825 0.032258 80 116
59 62.310000 60.320000 1000000 9.454292 13.023613 9.481840 12.732681 0.023826 0.032258 0.080098 0.073315 0.032258 0.023821 0.032258 110 131
59 62.310000 60.320000 1000000 9.356163 12.728632 9.351964 12.612691 0.023831 0.032258 0.066941 0.058655 0.032258 0.023829 0.032258 120 213
59 62.310000 60.320000 1000000 9.295124 12.715370 9.278739 12.472171 0.023823 0.032258 0.124491 0.120239 0.032258 0.023819 0.032258 160 247
59 62.310000 60.320000 1000000 9.076999 12.237236 9.098227 12.318701 0.023829 0.032258 0.085502 0.079183 0.032258 0.023827 0.032258 240 272
59 62.310000 60.320000 1000000 9.065510 12.179530 9.080781 12.305260 0.023828 0.032258 0.082793 0.076250 0.032258 0.023826 0.032258 270 331
59 62.310000 60.320000 1000000 9.051958 12.177379 9.075117 12.294508 0.023828 0.032258 0.082793 0.076250 0.032258 0.023827 0.032258 330 340
59 62.310000 60.320000 1000000 8.999865 12.170211 9.022461 12.233657 0.023828 0.032258 0.082791 0.076248 0.032258 0.023826 0.032258 340 390
59 62.310000 60.320000 1000000 8.974036 12.167343 8.997596 12.210441 0.023828 0.032258 0.072133 0.064518 0.032258 0.023826 0.032258 390 408
59 62.310000 60.320000 1000000 8.967855 12.166627 8.989160 12.202377 0.023828 0.032258 0.066938 0.058653 0.032258 0.023826 0.032258 400 498
59 62.310000 60.320000 1000000 8.961030 12.165193 8.982385 12.190646 0.023829 0.032258 0.066938 0.058653 0.032258 0.023827 0.032258 410 442
59 62.310000 60.320000 1000000 8.957692 12.164476 8.979070 12.184781 0.023829 0.032258 0.066938 0.058653 0.032258 0.023827 0.032258 440 475
59 62.310000 60.320000 1000000 8.926909 12.157308 8.948508 12.126130 0.023827 0.032258 0.116012 0.111437 0.032258 0.023824 0.032258 450 498
59 62.310000 60.320000 1000000 8.904931 12.148705 8.946055 12.131018 0.023824 0.032258 0.178886 0.175953 0.032258 0.023823 0.032258 490 514
59 62.310000 60.320000 1000000 8.865113 12.137953 8.891928 12.010050 0.023824 0.032258 0.099232 0.093842 0.032258 0.023822 0.032258 510 523
59 62.310000 60.320000 1000000 8.838330 12.133652 8.865388 11.974859 0.023824 0.032258 0.099232 0.093843 0.032258 0.023821 0.032258 520 541
59 62.310000 60.320000 1000000 8.769395 12.122899 8.789239 11.878085 0.023822 0.032258 0.082789 0.076245 0.032258 0.023817 0.032258 540 594
59 62.310000 60.320000 1000000 8.744456 12.007487 8.751312 11.851204 0.023826 0.032258 0.077421 0.070380 0.032258 0.023823 0.032258 570 621
59 62.310000 60.320000 1000000 8.723002 12.003903 8.727588 11.819679 0.023824 0.032258 0.072130 0.064515 0.032258 0.023820 0.032258 620 640
59 62.310000 60.320000 1000000 8.716929 12.002469 8.723237 11.814791 0.023823 0.032258 0.077421 0.070381 0.032258 0.023820 0.032258 640 671
59 62.310000 60.320000 1000000 8.701941 12.000319 8.716828 11.804039 0.023823 0.032258 0.072131 0.064516 0.032258 0.023819 0.032258 670 762
59 62.310000 60.320000 1000000 8.692978 11.998168 8.706266 11.782044 0.023821 0.032258 0.072128 0.064512 0.032258 0.023817 0.032258 760 913
59 62.310000 60.320000 1000000 8.685523 11.996734 8.698845 11.770314 0.023820 0.032258 0.072130 0.064514 0.032258 0.023816 0.032258 850 1110
59 62.310000 60.320000 1000000 8.658408 11.983114 8.667078 11.619289 0.023818 0.032258 0.052214 0.041058 0.032258 0.023814 0.032258 1110 1173
59 62.310000 60.320000 1000000 8.645788 11.925409 8.647833 11.605848 0.023821 0.032258 0.049941 0.038125 0.032258 0.023818 0.032258 1170 1301
59 62.310000 60.320000 1000000 8.640377 11.924692 8.642426 11.599983 0.023820 0.032258 0.049941 0.038125 0.032258 0.023817 0.032258 1300 1422
59 62.310000 60.320000 1000000 8.634065 11.920749 8.634351 11.553795 0.023819 0.032258 0.047738 0.035190 0.032258 0.023816 0.032258 1420 2258
59 62.310000 60.320000 1000000 8.450747 11.053010 8.368541 11.355115 0.023811 0.032258 0.080098 0.073315 0.032258 0.023812 0.032258 2250 2306
59 62.310000 60.320000 1000000 8.427005 10.993870 8.333215 11.325546 0.023810 0.032258 0.082792 0.076249 0.032258 0.023813 0.032258 2300 3498
59 62.310000 60.320000 1000000 8.311482 10.981684 8.348917 11.333121 0.023810 0.032258 0.072134 0.064519 0.032258 0.023812 0.032258 3490 3739
59 62.310000 60.320000 1000000 8.309065 10.980967 8.345637 11.325057 0.023810 0.032258 0.072134 0.064519 0.032258 0.023812 0.032258 3730 4127
59 62.310000 60.320000 1000000 8.300662 10.978100 8.336090 11.292310 0.023811 0.032258 0.072132 0.064517 0.032258 0.023813 0.032258 4120 4784
59 62.310000 60.320000 1000000 8.299071 10.977383 8.336352 11.293288 0.023811 0.032258 0.072133 0.064518 0.032258 0.023813 0.032258 4780 5091
59 62.310000 60.320000 1000000 8.208360 10.966630 8.213835 11.174520 0.023809 0.032258 0.077422 0.070382 0.032258 0.023807 0.032258 5090 6090
59 62.310000 60.320000 1000000 8.186293 10.851218 8.180117 11.147639 0.023805 0.032258 0.072133 0.064518 0.032258 0.023801 0.032258 5350 6443
59 62.310000 60.320000 1000000 8.177660 10.849785 8.171465 11.135908 0.023807 0.032258 0.066940 0.058655 0.032258 0.023803 0.032258 5780 8024
59 62.310000 60.320000 1000000 8.138085 10.840107 8.128904 11.040601 0.023812 0.032258 0.102009 0.096774 0.032258 0.023809 0.032258 8020 11158
59 62.310000 60.320000 1000000 8.037964 10.827204 8.046317 10.955557 0.023817 0.032258 0.080096 0.073313 0.032258 0.023815 0.032258 11150 11354
59 62.310000 60.320000 1000000 8.033523 10.826487 8.041890 10.949692 0.023818 0.032258 0.074765 0.067448 0.032258 0.023817 0.032258 11350 11684
59 62.310000 60.320000 1000000 8.022087 10.768781 8.024453 10.936251 0.023817 0.032258 0.072131 0.064516 0.032258 0.023815 0.032258 11680 12885
59 62.310000 60.320000 1000000 8.016141 10.768064 8.016281 10.928187 0.023816 0.032258 0.072129 0.064514 0.032258 0.023814 0.032258 12880 16772
59 62.310000 60.320000 1000000 7.980058 10.594230 7.961364 10.879800 0.023812 0.032258 0.069519 0.061582 0.032258 0.023807 0.032258 16770 17315
59 62.310000 60.320000 1000000 7.961487 10.592079 7.946197 10.864648 0.023808 0.032258 0.069520 0.061583 0.032258 0.023804 0.032258 17310 18377
59 62.310000 60.320000 1000000 7.954791 10.591362 7.947318 10.865626 0.023807 0.032258 0.064382 0.055718 0.032258 0.023805 0.032258 18370 41406
59 62.310000 60.320000 1000000 7.889990 10.579176 7.879357 10.759321 0.023813 0.032258 0.124486 0.120233 0.032258 0.023812 0.032258 23920 42261
59 62.310000 60.320000 1000000 7.772476 10.557671 7.767809 10.603896 0.023823 0.032258 0.059380 0.049854 0.032258 0.023821 0.032258 38590 43064
59 62.310000 60.320000 1000000 7.766288 10.556954 7.759282 10.595832 0.023823 0.032258 0.059381 0.049854 0.032258 0.023820 0.032258 43060 56325
59 62.310000 60.320000 1000000 7.660619 10.036884 7.598580 10.468999 0.023806 0.032258 0.082790 0.076246 0.032258 0.023801 0.032258 56320 64868
59 62.310000 60.320000 1000000 7.624670 10.027565 7.549917 10.366359 0.023812 0.032258 0.093702 0.087975 0.032258 0.023813 0.032258 64860 65043
59 62.310000 60.320000 1000000 7.622788 10.026848 7.550240 10.367336 0.023813 0.032258 0.093702 0.087975 0.032258 0.023813 0.032258 65040 82891
59 62.310000 60.320000 1000000 7.584192 9.853013 7.502615 10.327991 0.023802 0.032258 0.096461 0.090907 0.032258 0.023797 0.032258 82890 83056
59 62.310000 60.320000 1000000 7.582732 9.851938 7.500310 10.314551 0.023802 0.032258 0.093702 0.087975 0.032258 0.023799 0.032258 83050 89379
59 62.310000 60.320000 1000000 7.580433 9.851221 7.497043 10.306486 0.023802 0.032258 0.099230 0.093840 0.032258 0.023799 0.032258 89370 114523
59 62.310000 60.320000 1000000 7.568500 9.849071 7.484705 10.288891 0.023802 0.032258 0.104795 0.099707 0.032258 0.023800 0.032258 114270 129845
59 62.310000 60.320000 1000000 7.555447 9.847637 7.466127 10.272762 0.023803 0.032258 0.104796 0.099708 0.032258 0.023804 0.032258 115300 181820
59 62.310000 60.320000 1000000 7.440910 9.827565 7.468335 10.272762 0.023809 0.032258 0.088222 0.082113 0.032258 0.023803 0.032258 181820 289397
59 62.310000 60.320000 1000000 7.429412 9.825056 7.456166 10.247591 0.023811 0.032258 0.085500 0.079181 0.032258 0.023806 0.032258 289390 380515
59 62.310000 60.320000 1000000 7.342894 9.815021 7.352494 10.148129 0.023808 0.032258 0.090955 0.085043 0.032258 0.023801 0.032258 380510 393353
59 62.310000 60.320000 1000000 7.341341 9.813945 7.350130 10.134688 0.023809 0.032258 0.088219 0.082110 0.032258 0.023802 0.032258 393350 446036
59 62.310000 60.320000 1000000 7.313430 9.697817 7.310647 10.101942 0.023806 0.032258 0.088220 0.082110 0.032258 0.023796 0.032258 446030 526447
59 62.310000 60.320000 1000000 7.293698 9.683121 7.283223 9.928189 0.023815 0.032258 0.059379 0.049853 0.032258 0.023809 0.032258 526440 684209
59 62.310000 60.320000 1000000 7.288675 9.681688 7.276285 9.912060 0.023815 0.032258 0.054550 0.043989 0.032258 0.023811 0.032258 664470 789630
59 62.310000 60.320000 1000000 7.269230 9.622548 7.250928 9.886889 0.023815 0.032258 0.056943 0.046924 0.032258 0.023809 0.032258 789630 865177
59 62.310000 60.320000 1000000 7.262496 9.621831 7.252057 9.887867 0.023814 0.032258 0.052215 0.041059 0.032258 0.023809 0.032258 865170 885944
59 62.310000 60.320000 1000000 7.250972 9.619681 7.246406 9.872715 0.023812 0.032258 0.056943 0.046924 0.032258 0.023810 0.032258 885940 1000000
59 62.310000 60.320000 1000000 7.200739 9.613229 7.196077 9.819930 0.023814 0.032258 0.061865 0.052789 0.032258 0.023811 0.032258 999990 1000000
