47 62.310000 60.320000 1000000 9.236926 12.598206 9.278224 12.517640 0.023830 0.032258 0.061866 0.052790 0.032258 0.023830 0.032258 0 50
47 62.310000 60.320000 1000000 9.050642 12.236919 9.032564 12.291834 0.023826 0.032258 0.099230 0.093841 0.032258 0.023822 0.032258 50 64
47 62.310000 60.320000 1000000 8.975254 12.228317 9.020529 12.276194 0.023822 0.032258 0.093707 0.087980 0.032258 0.023825 0.032258 60 70
47 62.310000 60.320000 1000000 8.888140 12.214697 8.930082 12.165002 0.023820 0.032258 0.093705 0.087977 0.032258 0.023818 0.032258 70 80
47 62.310000 60.320000 1000000 8.813351 11.867742 8.818545 12.078491 0.023823 0.032258 0.077422 0.070382 0.032258 0.023820 0.032258 80 91
47 62.310000 60.320000 1000000 8.724889 11.810753 8.798902 11.978540 0.023755 0.032258 0.408900 0.407625 0.032258 0.023833 0.032258 90 121
47 62.310000 60.320000 1000000 8.639786 11.789247 8.703469 11.766907 0.023762 0.032258 0.344622 0.343109 0.032258 0.023838 0.032258 120 138
47 62.310000 60.320000 1000000 8.635049 11.788530 8.698835 11.761042 0.023762 0.032258 0.344622 0.343109 0.032258 0.023838 0.032258 130 212
47 62.310000 60.320000 1000000 8.385622 11.460571 8.417047 11.366859 0.023580 0.032258 0.645965 0.645159 0.032258 0.023655 0.032258 170 233
47 62.310000 60.320000 1000000 8.228141 11.306447 8.217571 10.926486 0.023521 0.032258 0.622538 0.621702 0.032258 0.023573 0.032258 180 236
47 62.310000 60.320000 1000000 7.630151 11.189602 7.866773 9.991245 0.023183 0.032258 0.727989 0.727274 0.032258 0.023315 0.032258 230 245
47 62.310000 60.320000 1000000 7.614512 11.131895 7.844948 9.977804 0.023192 0.032258 0.725059 0.724341 0.032258 0.023324 0.032258 240 256
47 62.310000 60.320000 1000000 7.111447 8.707523 7.112661 9.405223 0.023108 0.032258 0.607896 0.607040 0.032258 0.023109 0.032258 250 266
47 62.310000 60.320000 1000000 6.929060 8.615409 6.925629 9.110258 0.023131 0.032258 0.640110 0.639297 0.032258 0.023126 0.032258 260 304
47 62.310000 60.320000 1000000 6.920259 8.557703 6.912148 9.096817 0.023119 0.032258 0.643039 0.642229 0.032258 0.023108 0.032258 300 386
47 62.310000 60.320000 1000000 6.484445 8.335841 6.461324 8.658158 0.023439 0.032258 0.324192 0.322583 0.032258 0.023420 0.032258 370 418
47 62.310000 60.320000 1000000 6.214311 8.312902 6.213280 8.491003 0.023802 0.032258 0.138703 0.134900 0.032258 0.023796 0.032258 380 420
47 62.310000 60.320000 1000000 6.205273 8.307884 6.201446 8.431374 0.023803 0.032258 0.127322 0.123168 0.032258 0.023798 0.032258 420 461
47 62.310000 60.320000 1000000 6.198528 8.307167 6.194688 8.425509 0.023808 0.032258 0.121657 0.117303 0.032258 0.023803 0.032258 460 479
47 62.310000 60.320000 1000000 6.191617 8.306450 6.195840 8.426486 0.023807 0.032258 0.116013 0.111437 0.032258 0.023803 0.032258 470 531
47 62.310000 60.320000 1000000 6.149506 8.299999 6.150023 8.364903 0.023827 0.032258 0.066937 0.058651 0.032258 0.023823 0.032258 490 588
47 62.310000 60.320000 1000000 6.114304 8.239426 6.108669 8.328001 0.023832 0.032258 0.049940 0.038123 0.032258 0.023829 0.032258 580 717
47 62.310000 60.320000 1000000 6.096607 8.176344 6.081492 8.247356 0.023832 0.032258 0.045617 0.032254 0.032258 0.023829 0.032258 710 805
47 62.310000 60.320000 1000000 6.089510 8.175627 6.082681 8.248334 0.023832 0.032258 0.041677 0.026389 0.032258 0.023829 0.032258 800 852
47 62.310000 60.320000 1000000 6.086306 8.174910 6.079467 8.242469 0.023832 0.032258 0.041678 0.026391 0.032258 0.023829 0.032258 850 1121
47 62.310000 60.320000 1000000 6.080656 8.172760 6.076595 8.236359 0.023833 0.032258 0.041681 0.026395 0.032258 0.023830 0.032258 1120 1160
47 62.310000 60.320000 1000000 6.074927 8.172043 6.070854 8.230494 0.023833 0.032258 0.038237 0.020530 0.032258 0.023830 0.032258 1160 1714
47 62.310000 60.320000 1000000 6.070216 8.171326 6.066134 8.224629 0.023833 0.032258 0.041681 0.026395 0.032258 0.023830 0.032258 1710 2033
47 62.310000 60.320000 1000000 6.059772 8.169175 6.053855 8.202635 0.023834 0.032258 0.035436 0.014667 0.032258 0.023831 0.032258 2030 2569
47 62.310000 60.320000 1000000 6.055137 8.168459 6.049207 8.196770 0.023833 0.032258 0.038238 0.020532 0.032258 0.023831 0.032258 2560 2828
47 62.310000 60.320000 1000000 6.048063 8.167742 6.050387 8.197748 0.023833 0.032258 0.038237 0.020530 0.032258 0.023831 0.032258 2820 2833
47 62.310000 60.320000 1000000 6.044869 8.167025 6.047196 8.191883 0.023833 0.032258 0.038237 0.020530 0.032258 0.023831 0.032258 2830 4817
47 62.310000 60.320000 1000000 6.018744 8.163441 6.016347 8.158158 0.023834 0.032258 0.035435 0.014664 0.032258 0.023831 0.032258 4810 5010
47 62.310000 60.320000 1000000 6.017158 8.162724 6.016612 8.159136 0.023834 0.032258 0.038237 0.020529 0.032258 0.023831 0.032258 5010 6195
47 62.310000 60.320000 1000000 6.013990 8.162007 6.013443 8.153271 0.023834 0.032258 0.038237 0.020530 0.032258 0.023831 0.032258 6190 6487
47 62.310000 60.320000 1000000 6.008472 8.161290 6.007923 8.147405 0.023834 0.032258 0.035437 0.014669 0.032258 0.023831 0.032258 6480 14020
47 62.310000 60.320000 1000000 6.001400 8.160573 6.009100 8.148383 0.023834 0.032258 0.035437 0.014669 0.032258 0.023831 0.032258 14020 17578
47 62.310000 60.320000 1000000 5.999003 8.159856 6.005815 8.140318 0.023834 0.032258 0.033438 0.008805 0.032258 0.023831 0.032258 17570 21562
47 62.310000 60.320000 1000000 5.987194 8.102151 5.987807 8.126878 0.023834 0.032258 0.032789 0.005873 0.032258 0.023831 0.032258 21560 58916
47 62.310000 60.320000 1000000 5.985956 8.101076 5.985916 8.113437 0.023834 0.032258 0.032392 0.002940 0.032258 0.023832 0.032258 58910 69391
47 62.310000 60.320000 1000000 5.978973 8.100359 5.987077 8.114414 0.023834 0.032258 0.033438 0.008802 0.032258 0.023832 0.032258 69390 73615
47 62.310000 60.320000 1000000 5.977759 8.099283 5.985230 8.100974 0.023834 0.032258 0.032788 0.005870 0.032258 0.023832 0.032258 73610 114237
47 62.310000 60.320000 1000000 5.973823 8.098567 5.981308 8.095108 0.023834 0.032258 0.034326 0.011732 0.032258 0.023831 0.032258 114230 119620
47 62.310000 60.320000 1000000 5.962146 8.040860 5.963508 8.081667 0.023834 0.032258 0.033437 0.008800 0.032258 0.023831 0.032258 119620 250944
47 62.310000 60.320000 1000000 5.949550 8.038709 5.950920 8.064072 0.023833 0.032258 0.035435 0.014664 0.032258 0.023831 0.032258 250940 274351
47 62.310000 60.320000 1000000 5.947147 8.037993 5.947618 8.056008 0.023833 0.032258 0.035435 0.014665 0.032258 0.023831 0.032258 274350 291837
47 62.310000 60.320000 1000000 5.941575 8.037276 5.942048 8.050143 0.023834 0.032258 0.035435 0.014665 0.032258 0.023831 0.032258 291830 310054
47 62.310000 60.320000 1000000 5.935208 8.036559 5.933289 8.042078 0.023834 0.032258 0.033438 0.008802 0.032258 0.023831 0.032258 310050 396131
47 62.310000 60.320000 1000000 5.911626 8.032975 5.908787 8.010554 0.023830 0.032258 0.045625 0.032265 0.032258 0.023828 0.032258 396130 453414
47 62.310000 60.320000 1000000 5.881007 7.913260 5.870043 7.959722 0.023830 0.032258 0.049945 0.038130 0.032258 0.023828 0.032258 441130 497783
47 62.310000 60.320000 1000000 5.874597 7.912543 5.861174 7.951658 0.023831 0.032258 0.049945 0.038130 0.032258 0.023829 0.032258 497780 500482
47 62.310000 60.320000 1000000 5.868320 7.911826 5.852478 7.943594 0.023831 0.032258 0.049945 0.038130 0.032258 0.023829 0.032258 500480 505355
47 62.310000 60.320000 1000000 5.865934 7.911110 5.849170 7.935529 0.023831 0.032258 0.049945 0.038130 0.032258 0.023829 0.032258 505350 526929
47 62.310000 60.320000 1000000 5.862675 7.910393 5.845883 7.929664 0.023831 0.032258 0.049945 0.038130 0.032258 0.023830 0.032258 526920 602990
47 62.310000 60.320000 1000000 5.857913 7.909676 5.841080 7.923799 0.023831 0.032258 0.049945 0.038130 0.032258 0.023830 0.032258 602990 772426
47 62.310000 60.320000 1000000 5.854720 7.908959 5.837858 7.917934 0.023831 0.032258 0.049945 0.038130 0.032258 0.023830 0.032258 772420 840155
47 62.310000 60.320000 1000000 5.848532 7.908242 5.829271 7.909869 0.023831 0.032258 0.049945 0.038130 0.032258 0.023830 0.032258 840150 932345
47 62.310000 60.320000 1000000 5.820184 7.905375 5.834003 7.913780 0.023831 0.032258 0.045623 0.032263 0.032258 0.023829 0.032258 859450 920647
47 62.310000 60.320000 1000000 5.801201 7.902507 5.822987 7.897162 0.023831 0.032258 0.045622 0.032260 0.032258 0.023831 0.032258 920640 942571
47 62.310000 60.320000 1000000 5.797992 7.901791 5.819814 7.891297 0.023831 0.032258 0.045622 0.032261 0.032258 0.023831 0.032258 942570 966734
47 62.310000 60.320000 1000000 5.794078 7.901074 5.815944 7.885432 0.023831 0.032258 0.049941 0.038125 0.032258 0.023830 0.032258 966730 1000000
47 62.310000 60.320000 1000000 5.794078 7.901074 5.815944 7.885432 0.023831 0.032258 0.049941 0.038125 0.032258 0.023830 0.032258 999990 1000000
