54 62.310000 60.320000 1000000 9.519584 12.469135 9.276731 12.454576 0.023727 0.032258 0.441062 0.439880 0.032258 0.023783 0.032258 0 50
54 62.310000 60.320000 1000000 9.149955 12.364834 9.136145 12.331410 0.023827 0.032258 0.124485 0.120232 0.032258 0.023830 0.032258 50 63
54 62.310000 60.320000 1000000 9.076359 12.293508 9.079290 12.291331 0.023834 0.032258 0.043595 0.029325 0.032258 0.023831 0.032258 60 75
54 62.310000 60.320000 1000000 9.047355 12.287773 9.058544 12.253697 0.023833 0.032258 0.056940 0.046921 0.032258 0.023831 0.032258 70 81
54 62.310000 60.320000 1000000 9.030852 12.229350 9.035876 12.234391 0.023833 0.032258 0.054549 0.043988 0.032258 0.023831 0.032258 80 95
54 62.310000 60.320000 1000000 9.005406 12.170211 9.020356 12.222905 0.023832 0.032258 0.061862 0.052786 0.032258 0.023830 0.032258 90 123
54 62.310000 60.320000 1000000 8.917561 12.158024 8.930641 12.119044 0.023831 0.032258 0.052211 0.041053 0.032258 0.023828 0.032258 120 133
54 62.310000 60.320000 1000000 8.898984 12.154799 8.906937 12.083609 0.023829 0.032258 0.059376 0.049849 0.032258 0.023826 0.032258 130 162
54 62.310000 60.320000 1000000 8.756265 11.685983 8.722654 11.924274 0.023824 0.032258 0.064381 0.055716 0.032258 0.023822 0.032258 160 182
54 62.310000 60.320000 1000000 8.715493 11.677381 8.677604 11.842407 0.023825 0.032258 0.074764 0.067447 0.032258 0.023825 0.032258 180 194
54 62.310000 60.320000 1000000 8.704281 11.619675 8.660231 11.828966 0.023824 0.032258 0.077420 0.070379 0.032258 0.023823 0.032258 190 205
54 62.310000 60.320000 1000000 8.666910 11.611790 8.622282 11.764450 0.023824 0.032258 0.082788 0.076244 0.032258 0.023825 0.032258 200 231
54 62.310000 60.320000 1000000 8.660307 11.609639 8.619860 11.760540 0.023824 0.032258 0.077418 0.070377 0.032258 0.023824 0.032258 230 261
54 62.310000 60.320000 1000000 8.657700 11.608922 8.616225 11.752476 0.023825 0.032258 0.077418 0.070377 0.032258 0.023825 0.032258 260 316
54 62.310000 60.320000 1000000 8.652221 11.608205 8.610666 11.746610 0.023825 0.032258 0.077418 0.070377 0.032258 0.023825 0.032258 310 503
54 62.310000 60.320000 1000000 8.637365 11.603904 8.589920 11.698223 0.023826 0.032258 0.077418 0.070377 0.032258 0.023828 0.032258 340 411
54 62.310000 60.320000 1000000 8.596140 11.580248 8.560988 11.524470 0.023828 0.032258 0.052213 0.041056 0.032258 0.023829 0.032258 410 450
54 62.310000 60.320000 1000000 8.489606 11.229712 8.460130 11.440648 0.023824 0.032258 0.056941 0.046923 0.032258 0.023818 0.032258 450 511
54 62.310000 60.320000 1000000 8.371560 10.764480 8.338433 11.338009 0.023793 0.032258 0.077423 0.070383 0.032258 0.023774 0.032258 470 486
54 62.310000 60.320000 1000000 8.321910 10.702473 8.330041 11.330433 0.023780 0.032258 0.080098 0.073315 0.032258 0.023767 0.032258 480 511
54 62.310000 60.320000 1000000 8.295635 10.698889 8.334383 11.335321 0.023770 0.032258 0.080099 0.073316 0.032258 0.023769 0.032258 510 594
54 62.310000 60.320000 1000000 8.277520 10.696738 8.316522 11.317725 0.023774 0.032258 0.090958 0.085045 0.032258 0.023772 0.032258 560 653
54 62.310000 60.320000 1000000 8.061868 10.668423 8.084114 11.066750 0.023788 0.032258 0.144415 0.140766 0.032258 0.023794 0.032258 650 691
54 62.310000 60.320000 1000000 8.054626 10.666990 8.076932 11.055020 0.023790 0.032258 0.138704 0.134900 0.032258 0.023796 0.032258 660 815
54 62.310000 60.320000 1000000 8.026877 10.663405 8.040659 11.016897 0.023783 0.032258 0.144414 0.140765 0.032258 0.023787 0.032258 810 959
54 62.310000 60.320000 1000000 7.939023 10.651936 7.949014 10.916457 0.023798 0.032258 0.072131 0.064516 0.032258 0.023800 0.032258 950 994
54 62.310000 60.320000 1000000 7.932633 10.651219 7.950074 10.917435 0.023795 0.032258 0.077422 0.070381 0.032258 0.023800 0.032258 990 1051
54 62.310000 60.320000 1000000 7.890734 10.589212 7.902467 10.868803 0.023786 0.032258 0.085496 0.079177 0.032258 0.023789 0.032258 1050 1082
54 62.310000 60.320000 1000000 7.888850 10.588495 7.902780 10.869781 0.023787 0.032258 0.080100 0.073317 0.032258 0.023789 0.032258 1080 1116
54 62.310000 60.320000 1000000 7.887458 10.587420 7.900665 10.856340 0.023788 0.032258 0.082792 0.076249 0.032258 0.023790 0.032258 1110 1166
54 62.310000 60.320000 1000000 7.883692 10.586703 7.896917 10.850475 0.023789 0.032258 0.077424 0.070383 0.032258 0.023792 0.032258 1160 1196
54 62.310000 60.320000 1000000 7.799108 10.573083 7.802964 10.728041 0.023793 0.032258 0.099229 0.093840 0.032258 0.023793 0.032258 1190 1275
54 62.310000 60.320000 1000000 7.796282 10.572366 7.799082 10.719976 0.023795 0.032258 0.104793 0.099705 0.032258 0.023795 0.032258 1270 1367
54 62.310000 60.320000 1000000 7.769303 10.456237 7.759846 10.687230 0.023796 0.032258 0.093702 0.087975 0.032258 0.023795 0.032258 1360 1447
54 62.310000 60.320000 1000000 7.767871 10.455162 7.757651 10.673789 0.023796 0.032258 0.096461 0.090907 0.032258 0.023796 0.032258 1440 1673
54 62.310000 60.320000 1000000 7.761175 10.454445 7.758770 10.674766 0.023795 0.032258 0.096461 0.090907 0.032258 0.023796 0.032258 1670 1728
54 62.310000 60.320000 1000000 7.749810 10.396739 7.741369 10.661326 0.023794 0.032258 0.093702 0.087975 0.032258 0.023794 0.032258 1720 2236
54 62.310000 60.320000 1000000 7.714951 10.392438 7.727230 10.644464 0.023787 0.032258 0.088221 0.082112 0.032258 0.023793 0.032258 2230 2282
54 62.310000 60.320000 1000000 7.699691 10.389213 7.711284 10.613428 0.023786 0.032258 0.085498 0.079179 0.032258 0.023792 0.032258 2280 2765
54 62.310000 60.320000 1000000 7.695735 10.387779 7.711940 10.615383 0.023789 0.032258 0.074769 0.067452 0.032258 0.023792 0.032258 2400 2843
54 62.310000 60.320000 1000000 7.671067 10.271650 7.677688 10.589479 0.023787 0.032258 0.069525 0.061588 0.032258 0.023787 0.032258 2840 3311
54 62.310000 60.320000 1000000 7.665320 10.270933 7.669803 10.581414 0.023785 0.032258 0.074768 0.067451 0.032258 0.023785 0.032258 3310 5667
54 62.310000 60.320000 1000000 7.460610 9.951579 7.458956 10.341923 0.023797 0.032258 0.150136 0.146629 0.032258 0.023780 0.032258 5660 5726
54 62.310000 60.320000 1000000 7.453604 9.950863 7.460123 10.342900 0.023797 0.032258 0.144413 0.140764 0.032258 0.023780 0.032258 5720 6763
54 62.310000 60.320000 1000000 7.433717 9.947278 7.441914 10.325061 0.023794 0.032258 0.161610 0.158358 0.032258 0.023777 0.032258 6760 7782
54 62.310000 60.320000 1000000 7.408768 9.931508 7.406558 10.131025 0.023803 0.032258 0.127322 0.123168 0.032258 0.023791 0.032258 7780 8343
54 62.310000 60.320000 1000000 7.366712 9.920397 7.348297 10.004679 0.023829 0.032258 0.054548 0.043987 0.032258 0.023826 0.032258 8340 10500
54 62.310000 60.320000 1000000 7.337639 9.916096 7.347728 10.003702 0.023829 0.032258 0.054550 0.043990 0.032258 0.023826 0.032258 10500 11142
54 62.310000 60.320000 1000000 7.331443 9.915379 7.339239 9.995637 0.023828 0.032258 0.049941 0.038125 0.032258 0.023825 0.032258 11140 12283
54 62.310000 60.320000 1000000 7.295545 9.908927 7.302473 9.940652 0.023827 0.032258 0.054552 0.043992 0.032258 0.023823 0.032258 12280 14034
54 62.310000 60.320000 1000000 7.289364 9.908210 7.293994 9.932587 0.023826 0.032258 0.054551 0.043991 0.032258 0.023823 0.032258 14030 16144
54 62.310000 60.320000 1000000 7.282415 9.907493 7.295148 9.933565 0.023826 0.032258 0.054553 0.043993 0.032258 0.023823 0.032258 16140 17397
54 62.310000 60.320000 1000000 7.230764 9.675953 7.219104 9.873936 0.023823 0.032258 0.054553 0.043993 0.032258 0.023819 0.032258 17390 20589
54 62.310000 60.320000 1000000 7.227234 9.675236 7.215557 9.868071 0.023824 0.032258 0.054551 0.043991 0.032258 0.023820 0.032258 20580 29179
54 62.310000 60.320000 1000000 7.183246 9.667351 7.187800 9.817240 0.023826 0.032258 0.059381 0.049855 0.032258 0.023822 0.032258 29170 30645
54 62.310000 60.320000 1000000 7.171880 9.609645 7.170447 9.803800 0.023825 0.032258 0.061864 0.052788 0.032258 0.023821 0.032258 30640 33606
54 62.310000 60.320000 1000000 7.152734 9.607494 7.167226 9.799890 0.023823 0.032258 0.066938 0.058652 0.032258 0.023821 0.032258 33600 36125
54 62.310000 60.320000 1000000 7.118897 9.603193 7.120860 9.751503 0.023823 0.032258 0.056939 0.046920 0.032258 0.023820 0.032258 36120 59621
54 62.310000 60.320000 1000000 7.117532 9.602118 7.118777 9.738062 0.023823 0.032258 0.054548 0.043987 0.032258 0.023821 0.032258 59620 60053
54 62.310000 60.320000 1000000 7.114431 9.601401 7.115678 9.732197 0.023823 0.032258 0.059379 0.049852 0.032258 0.023820 0.032258 60050 60159
54 62.310000 60.320000 1000000 7.085279 9.593516 7.077026 9.645687 0.023828 0.032258 0.059378 0.049852 0.032258 0.023827 0.032258 60150 77670
54 62.310000 60.320000 1000000 7.074220 9.592082 7.065929 9.633957 0.023827 0.032258 0.059378 0.049851 0.032258 0.023827 0.032258 74180 77823
54 62.310000 60.320000 1000000 7.070279 9.591365 7.061974 9.628092 0.023827 0.032258 0.059379 0.049853 0.032258 0.023827 0.032258 77820 82940
54 62.310000 60.320000 1000000 7.065455 9.590648 7.057133 9.622227 0.023828 0.032258 0.054548 0.043987 0.032258 0.023827 0.032258 82940 83131
54 62.310000 60.320000 1000000 7.059424 9.589932 7.048807 9.614162 0.023827 0.032258 0.059379 0.049853 0.032258 0.023826 0.032258 83130 96732
54 62.310000 60.320000 1000000 7.030660 9.473803 7.007437 9.581416 0.023826 0.032258 0.059380 0.049853 0.032258 0.023826 0.032258 96730 104460
54 62.310000 60.320000 1000000 7.029270 9.472728 7.005293 9.567975 0.023827 0.032258 0.061861 0.052785 0.032258 0.023827 0.032258 104460 136281
54 62.310000 60.320000 1000000 7.001958 9.469860 7.009860 9.571885 0.023823 0.032258 0.066938 0.058652 0.032258 0.023828 0.032258 114500 139315
54 62.310000 60.320000 1000000 6.997308 9.468427 7.003485 9.555756 0.023823 0.032258 0.077422 0.070382 0.032258 0.023827 0.032258 122720 146848
54 62.310000 60.320000 1000000 6.985558 9.466276 6.991766 9.538161 0.023822 0.032258 0.093705 0.087977 0.032258 0.023826 0.032258 142280 171286
54 62.310000 60.320000 1000000 6.980656 9.465559 6.986878 9.532295 0.023823 0.032258 0.088221 0.082112 0.032258 0.023827 0.032258 171280 195162
54 62.310000 60.320000 1000000 6.931246 9.340828 6.949439 9.511279 0.023828 0.032258 0.082793 0.076251 0.032258 0.023824 0.032258 195160 197075
54 62.310000 60.320000 1000000 6.924515 9.340112 6.950550 9.512256 0.023826 0.032258 0.088225 0.082116 0.032258 0.023824 0.032258 197070 221360
54 62.310000 60.320000 1000000 6.909850 9.337244 6.936049 9.488796 0.023828 0.032258 0.066941 0.058655 0.032258 0.023825 0.032258 221360 272523
54 62.310000 60.320000 1000000 6.843013 9.328642 6.854093 9.403019 0.023822 0.032258 0.088223 0.082114 0.032258 0.023814 0.032258 272520 325600
54 62.310000 60.320000 1000000 6.837423 9.327925 6.848530 9.397154 0.023822 0.032258 0.082792 0.076249 0.032258 0.023814 0.032258 325600 432281
54 62.310000 60.320000 1000000 6.814592 9.268786 6.819506 9.371983 0.023822 0.032258 0.074767 0.067450 0.032258 0.023814 0.032258 432280 456993
54 62.310000 60.320000 1000000 6.779836 9.095668 6.766305 9.331661 0.023820 0.032258 0.077423 0.070383 0.032258 0.023812 0.032258 435140 577082
54 62.310000 60.320000 1000000 6.750477 8.979539 6.733219 9.305756 0.023816 0.032258 0.077423 0.070383 0.032258 0.023806 0.032258 577080 652937
54 62.310000 60.320000 1000000 6.746299 8.978822 6.729008 9.299891 0.023817 0.032258 0.077423 0.070383 0.032258 0.023807 0.032258 652930 653870
54 62.310000 60.320000 1000000 6.744756 8.977747 6.726633 9.286451 0.023818 0.032258 0.074767 0.067450 0.032258 0.023809 0.032258 653870 656051
54 62.310000 60.320000 1000000 6.742235 8.977030 6.723138 9.278386 0.023819 0.032258 0.074767 0.067450 0.032258 0.023810 0.032258 656050 747149
54 62.310000 60.320000 1000000 6.735224 8.976313 6.724314 9.279364 0.023818 0.032258 0.069522 0.061585 0.032258 0.023810 0.032258 747140 770699
54 62.310000 60.320000 1000000 6.731853 8.975597 6.720927 9.273498 0.023819 0.032258 0.064384 0.055720 0.032258 0.023810 0.032258 770690 800429
54 62.310000 60.320000 1000000 6.727015 8.974880 6.716065 9.267633 0.023819 0.032258 0.064385 0.055722 0.032258 0.023811 0.032258 800420 845452
54 62.310000 60.320000 1000000 6.721491 8.974163 6.710513 9.261768 0.023819 0.032258 0.064384 0.055720 0.032258 0.023811 0.032258 845450 853407
54 62.310000 60.320000 1000000 6.714565 8.973446 6.711671 9.262746 0.023819 0.032258 0.059381 0.049855 0.032258 0.023811 0.032258 853400 874524
54 62.310000 60.320000 1000000 6.709791 8.972729 6.706892 9.256881 0.023819 0.032258 0.059382 0.049857 0.032258 0.023811 0.032258 874520 1000000
54 62.310000 60.320000 1000000 6.709791 8.972729 6.706892 9.256881 0.023819 0.032258 0.059382 0.049857 0.032258 0.023811 0.032258 999990 1000000
