27 62.310000 60.320000 1000000 8.816951 12.013980 8.812083 11.859528 0.023828 0.032258 0.043598 0.029329 0.032258 0.023826 0.032258 0 50
27 62.310000 60.320000 1000000 8.450295 11.235836 8.386353 11.470718 0.023823 0.032258 0.074767 0.067450 0.032258 0.023824 0.032258 50 89
27 62.310000 60.320000 1000000 8.397175 11.229385 8.353860 11.438705 0.023824 0.032258 0.069523 0.061586 0.032258 0.023822 0.032258 80 100
27 62.310000 60.320000 1000000 8.372093 11.166302 8.324769 11.390562 0.023825 0.032258 0.085500 0.079181 0.032258 0.023822 0.032258 100 126
27 62.310000 60.320000 1000000 8.309385 11.157700 8.278098 11.331910 0.023826 0.032258 0.069522 0.061585 0.032258 0.023822 0.032258 120 170
27 62.310000 60.320000 1000000 8.012423 11.105728 8.288645 11.290121 0.023478 0.032258 0.376752 0.375369 0.032258 0.023883 0.032258 170 282
27 62.310000 60.320000 1000000 7.932760 10.871317 8.186123 11.200433 0.023481 0.032258 0.365066 0.363638 0.032258 0.023872 0.032258 190 258
27 62.310000 60.320000 1000000 7.535598 8.893544 7.645149 10.592417 0.023241 0.032258 0.324193 0.322584 0.032258 0.023477 0.032258 200 226
27 62.310000 60.320000 1000000 6.957801 8.787450 7.052767 9.674527 0.023239 0.032258 0.382593 0.381231 0.032258 0.023423 0.032258 220 241
27 62.310000 60.320000 1000000 6.817588 8.654835 6.876555 9.467294 0.023146 0.032258 0.277538 0.275657 0.032258 0.023275 0.032258 230 259
27 62.310000 60.320000 1000000 6.776191 8.615408 6.817049 8.977558 0.023121 0.032258 0.382591 0.381229 0.032258 0.023234 0.032258 250 290
27 62.310000 60.320000 1000000 6.297359 8.540140 6.419239 8.587530 0.023477 0.032258 0.370903 0.369497 0.032258 0.023538 0.032258 260 283
27 62.310000 60.320000 1000000 5.810390 7.446230 5.805435 7.819447 0.023719 0.032258 0.144410 0.140761 0.032258 0.023710 0.032258 280 344
27 62.310000 60.320000 1000000 5.693192 7.431176 5.687923 7.696280 0.023793 0.032258 0.121654 0.117299 0.032258 0.023786 0.032258 290 361
27 62.310000 60.320000 1000000 5.606115 7.410388 5.609666 7.565538 0.023798 0.032258 0.116010 0.111435 0.032258 0.023790 0.032258 360 418
27 62.310000 60.320000 1000000 5.562662 7.403219 5.579513 7.518373 0.023801 0.032258 0.077420 0.070379 0.032258 0.023796 0.032258 410 437
27 62.310000 60.320000 1000000 5.561174 7.402503 5.579758 7.519351 0.023800 0.032258 0.077420 0.070380 0.032258 0.023796 0.032258 430 445
27 62.310000 60.320000 1000000 5.559996 7.401427 5.577977 7.505910 0.023800 0.032258 0.074764 0.067447 0.032258 0.023796 0.032258 440 552
27 62.310000 60.320000 1000000 5.462000 7.389958 5.467804 7.401072 0.023832 0.032258 0.041681 0.026395 0.032258 0.023829 0.032258 500 813
27 62.310000 60.320000 1000000 5.443544 7.387807 5.444524 7.379078 0.023834 0.032258 0.035436 0.014667 0.032258 0.023831 0.032258 810 966
27 62.310000 60.320000 1000000 5.442321 7.386732 5.442656 7.365637 0.023834 0.032258 0.034326 0.011735 0.032258 0.023831 0.032258 960 1070
27 62.310000 60.320000 1000000 5.430602 7.329025 5.424725 7.352196 0.023834 0.032258 0.035436 0.014667 0.032258 0.023831 0.032258 1070 1090
27 62.310000 60.320000 1000000 5.429402 7.327950 5.422885 7.338756 0.023834 0.032258 0.034326 0.011735 0.032258 0.023831 0.032258 1090 1204
27 62.310000 60.320000 1000000 5.422301 7.327233 5.424070 7.339733 0.023834 0.032258 0.034326 0.011734 0.032258 0.023831 0.032258 1200 1298
27 62.310000 60.320000 1000000 5.419094 7.326516 5.420866 7.333868 0.023834 0.032258 0.032788 0.005871 0.032258 0.023831 0.032258 1290 1527
27 62.310000 60.320000 1000000 5.415966 7.325800 5.417741 7.328003 0.023834 0.032258 0.034327 0.011736 0.032258 0.023831 0.032258 1520 1552
27 62.310000 60.320000 1000000 5.414787 7.324724 5.415942 7.314562 0.023834 0.032258 0.035435 0.014664 0.032258 0.023831 0.032258 1550 1583
27 62.310000 60.320000 1000000 5.408404 7.324008 5.407165 7.306498 0.023834 0.032258 0.033437 0.008800 0.032258 0.023831 0.032258 1580 1621
27 62.310000 60.320000 1000000 5.403700 7.323291 5.402458 7.300633 0.023834 0.032258 0.035434 0.014663 0.032258 0.023831 0.032258 1620 3014
27 62.310000 60.320000 1000000 5.402119 7.322574 5.402721 7.301610 0.023834 0.032258 0.035436 0.014667 0.032258 0.023831 0.032258 3010 3649
27 62.310000 60.320000 1000000 5.395099 7.321857 5.403888 7.302588 0.023834 0.032258 0.038238 0.020531 0.032258 0.023831 0.032258 3640 4905
27 62.310000 60.320000 1000000 5.383383 7.264150 5.386046 7.289147 0.023834 0.032258 0.036747 0.017599 0.032258 0.023831 0.032258 4900 5508
27 62.310000 60.320000 1000000 5.379400 7.263433 5.382068 7.283281 0.023834 0.032258 0.034326 0.011734 0.032258 0.023831 0.032258 5500 8648
27 62.310000 60.320000 1000000 5.373059 7.262717 5.373358 7.275217 0.023834 0.032258 0.034326 0.011733 0.032258 0.023831 0.032258 8640 8683
27 62.310000 60.320000 1000000 5.370649 7.262000 5.370043 7.267153 0.023834 0.032258 0.032788 0.005868 0.032258 0.023831 0.032258 8680 12988
27 62.310000 60.320000 1000000 5.365058 7.261283 5.364450 7.261288 0.023834 0.032258 0.032258 0.000007 0.032258 0.023832 0.032258 12980 43637
27 62.310000 60.320000 1000000 5.363878 7.260208 5.362646 7.247847 0.023834 0.032258 0.032392 0.002935 0.032258 0.023832 0.032258 43630 130656
27 62.310000 60.320000 1000000 5.360736 7.259491 5.359502 7.241982 0.023834 0.032258 0.033437 0.008800 0.032258 0.023831 0.032258 130650 246230
27 62.310000 60.320000 1000000 5.350284 7.256982 5.348432 7.216810 0.023833 0.032258 0.039887 0.023461 0.032258 0.023830 0.032258 246230 254341
27 62.310000 60.320000 1000000 5.348698 7.256265 5.348696 7.217788 0.023833 0.032258 0.039887 0.023461 0.032258 0.023830 0.032258 254340 370008
27 62.310000 60.320000 1000000 5.330788 7.254114 5.347057 7.213878 0.023832 0.032258 0.043595 0.029325 0.032258 0.023830 0.032258 370000 444504
27 62.310000 60.320000 1000000 5.326899 7.253398 5.343205 7.208013 0.023832 0.032258 0.043594 0.029323 0.032258 0.023830 0.032258 444500 464546
27 62.310000 60.320000 1000000 5.325335 7.252681 5.343463 7.208990 0.023832 0.032258 0.043597 0.029327 0.032258 0.023830 0.032258 464540 610752
27 62.310000 60.320000 1000000 5.300688 7.136192 5.306057 7.168668 0.023832 0.032258 0.041678 0.026391 0.032258 0.023829 0.032258 610750 707158
27 62.310000 60.320000 1000000 5.291977 7.134042 5.296454 7.148873 0.023832 0.032258 0.041680 0.026393 0.032258 0.023829 0.032258 707150 718327
27 62.310000 60.320000 1000000 5.280525 7.076335 5.278972 7.135432 0.023830 0.032258 0.043596 0.029326 0.032258 0.023827 0.032258 718320 827693
27 62.310000 60.320000 1000000 5.274797 7.075618 5.273239 7.129567 0.023831 0.032258 0.043596 0.029326 0.032258 0.023828 0.032258 827690 1000000
27 62.310000 60.320000 1000000 5.270029 7.074184 5.266674 7.113438 0.023831 0.032258 0.039887 0.023460 0.032258 0.023828 0.032258 999990 1000000
