6 62.310000 60.320000 1000000 9.206243 12.312187 9.160077 12.414023 0.023830 0.032258 0.061861 0.052784 0.032258 0.023829 0.032258 0 51
6 62.310000 60.320000 1000000 9.018472 12.288531 9.034109 12.273750 0.023817 0.032258 0.144412 0.140763 0.032258 0.023813 0.032258 50 60
6 62.310000 60.320000 1000000 8.950107 12.277420 8.965431 12.178198 0.023822 0.032258 0.102009 0.096774 0.032258 0.023818 0.032258 60 70
6 62.310000 60.320000 1000000 8.822822 11.755196 8.808963 12.061140 0.023820 0.032258 0.093702 0.087974 0.032258 0.023815 0.032258 70 84
6 62.310000 60.320000 1000000 8.772291 11.746594 8.753310 11.979762 0.023823 0.032258 0.077423 0.070382 0.032258 0.023820 0.032258 80 91
6 62.310000 60.320000 1000000 8.670560 11.710752 8.656844 11.688461 0.023830 0.032258 0.082791 0.076247 0.032258 0.023828 0.032258 90 113
6 62.310000 60.320000 1000000 8.609918 11.703583 8.645089 11.670866 0.023828 0.032258 0.093708 0.087981 0.032258 0.023827 0.032258 100 148
6 62.310000 60.320000 1000000 8.454837 11.231894 8.450741 11.488069 0.023825 0.032258 0.072135 0.064520 0.032258 0.023818 0.032258 140 156
6 62.310000 60.320000 1000000 8.426554 11.227951 8.453349 11.478539 0.023821 0.032258 0.074770 0.067454 0.032258 0.023819 0.032258 150 210
6 62.310000 60.320000 1000000 8.275713 11.209313 8.310566 11.331666 0.023818 0.032258 0.080099 0.073317 0.032258 0.023823 0.032258 200 219
6 62.310000 60.320000 1000000 8.271087 11.208596 8.305999 11.325801 0.023818 0.032258 0.085500 0.079182 0.032258 0.023822 0.032258 210 252
6 62.310000 60.320000 1000000 8.027195 10.815044 8.087318 11.118079 0.023794 0.032258 0.297943 0.296191 0.032258 0.023819 0.032258 220 234
6 62.310000 60.320000 1000000 7.801165 10.725079 7.788632 10.754929 0.023631 0.032258 0.476171 0.475077 0.032258 0.023587 0.032258 230 258
6 62.310000 60.320000 1000000 7.682018 10.692821 7.660950 10.444568 0.023592 0.032258 0.593253 0.592375 0.032258 0.023552 0.032258 250 475
6 62.310000 60.320000 1000000 7.309997 9.087806 7.068830 9.506395 0.023508 0.032258 0.552258 0.551315 0.032258 0.023503 0.032258 260 455
6 62.310000 60.320000 1000000 7.036515 9.037627 6.763757 9.095840 0.023473 0.032258 0.628392 0.627563 0.032258 0.023582 0.032258 290 441
6 62.310000 60.320000 1000000 6.479716 8.796410 6.379269 8.641783 0.023778 0.032258 0.152998 0.149559 0.032258 0.023822 0.032258 340 376
6 62.310000 60.320000 1000000 6.458349 8.792109 6.362710 8.602438 0.023786 0.032258 0.118831 0.114368 0.032258 0.023827 0.032258 370 441
6 62.310000 60.320000 1000000 6.447084 8.789242 6.348190 8.572380 0.023784 0.032258 0.102010 0.096775 0.032258 0.023826 0.032258 440 455
6 62.310000 60.320000 1000000 6.445945 8.788166 6.346367 8.558939 0.023784 0.032258 0.099232 0.093843 0.032258 0.023826 0.032258 450 655
6 62.310000 60.320000 1000000 6.367719 8.611466 6.297029 8.523504 0.023813 0.032258 0.080098 0.073315 0.032258 0.023832 0.032258 550 595
6 62.310000 60.320000 1000000 6.359570 8.610749 6.298431 8.524482 0.023817 0.032258 0.074767 0.067450 0.032258 0.023831 0.032258 590 655
6 62.310000 60.320000 1000000 6.272810 8.432614 6.246324 8.484159 0.023831 0.032258 0.047740 0.035192 0.032258 0.023830 0.032258 650 682
6 62.310000 60.320000 1000000 6.269595 8.431897 6.243068 8.478294 0.023831 0.032258 0.047739 0.035191 0.032258 0.023831 0.032258 680 1237
6 62.310000 60.320000 1000000 6.251519 8.427238 6.240014 8.439927 0.023833 0.032258 0.045617 0.032255 0.032258 0.023830 0.032258 1090 1509
6 62.310000 60.320000 1000000 6.238841 8.422937 6.227487 8.409624 0.023833 0.032258 0.049938 0.038121 0.032258 0.023830 0.032258 1250 1674
6 62.310000 60.320000 1000000 6.226452 8.420786 6.215030 8.392029 0.023832 0.032258 0.059377 0.049850 0.032258 0.023829 0.032258 1670 2387
6 62.310000 60.320000 1000000 6.197658 8.417202 6.202776 8.376388 0.023833 0.032258 0.045617 0.032253 0.032258 0.023830 0.032258 2380 3375
6 62.310000 60.320000 1000000 6.174341 8.301791 6.167134 8.349507 0.023833 0.032258 0.045617 0.032254 0.032258 0.023830 0.032258 2660 3421
6 62.310000 60.320000 1000000 6.147290 8.298207 6.135177 8.315782 0.023834 0.032258 0.041680 0.026393 0.032258 0.023831 0.032258 3420 3955
6 62.310000 60.320000 1000000 6.144102 8.297490 6.131970 8.309917 0.023834 0.032258 0.038237 0.020530 0.032258 0.023831 0.032258 3950 4439
6 62.310000 60.320000 1000000 6.142464 8.296773 6.132244 8.310895 0.023834 0.032258 0.035437 0.014669 0.032258 0.023831 0.032258 4430 12612
6 62.310000 60.320000 1000000 6.128400 8.295339 6.134591 8.312850 0.023834 0.032258 0.035436 0.014666 0.032258 0.023831 0.032258 10590 14348
6 62.310000 60.320000 1000000 6.126788 8.294622 6.134858 8.313827 0.023834 0.032258 0.035436 0.014666 0.032258 0.023831 0.032258 14340 18938
6 62.310000 60.320000 1000000 6.125212 8.293905 6.135120 8.314805 0.023834 0.032258 0.038238 0.020531 0.032258 0.023831 0.032258 18930 20785
6 62.310000 60.320000 1000000 6.124000 8.292830 6.133278 8.301364 0.023834 0.032258 0.036747 0.017599 0.032258 0.023832 0.032258 20780 35621
6 62.310000 60.320000 1000000 6.122816 8.291755 6.131476 8.287923 0.023834 0.032258 0.035436 0.014666 0.032258 0.023831 0.032258 35620 97650
6 62.310000 60.320000 1000000 6.119664 8.291038 6.128337 8.282058 0.023834 0.032258 0.038237 0.020530 0.032258 0.023831 0.032258 97650 100586
6 62.310000 60.320000 1000000 6.108003 8.233333 6.110571 8.268617 0.023833 0.032258 0.036747 0.017599 0.032258 0.023831 0.032258 100580 106376
6 62.310000 60.320000 1000000 6.102481 8.232616 6.105056 8.262752 0.023833 0.032258 0.039889 0.023464 0.032258 0.023831 0.032258 106370 120424
6 62.310000 60.320000 1000000 6.097610 8.231899 6.100191 8.256887 0.023834 0.032258 0.036747 0.017599 0.032258 0.023831 0.032258 120420 190496
6 62.310000 60.320000 1000000 6.093628 8.231182 6.096214 8.251022 0.023834 0.032258 0.036747 0.017599 0.032258 0.023831 0.032258 190490 206367
6 62.310000 60.320000 1000000 6.090505 8.230465 6.093095 8.245157 0.023834 0.032258 0.039889 0.023464 0.032258 0.023831 0.032258 206360 254112
6 62.310000 60.320000 1000000 6.088937 8.229748 6.093356 8.246134 0.023834 0.032258 0.043598 0.029329 0.032258 0.023831 0.032258 254110 324013
6 62.310000 60.320000 1000000 6.075034 8.169892 6.072122 8.205812 0.023833 0.032258 0.045620 0.032257 0.032258 0.023830 0.032258 324010 362140
6 62.310000 60.320000 1000000 6.064819 8.167742 6.060978 8.186017 0.023832 0.032258 0.045618 0.032256 0.032258 0.023829 0.032258 362140 402419
6 62.310000 60.320000 1000000 6.057778 8.167025 6.062151 8.186995 0.023832 0.032258 0.045618 0.032256 0.032258 0.023829 0.032258 402410 440372
6 62.310000 60.320000 1000000 6.052914 8.166308 6.057298 8.181130 0.023833 0.032258 0.041678 0.026391 0.032258 0.023830 0.032258 440370 484719
6 62.310000 60.320000 1000000 6.045998 8.165591 6.058446 8.182107 0.023832 0.032258 0.045618 0.032255 0.032258 0.023830 0.032258 484710 523335
6 62.310000 60.320000 1000000 6.042876 8.164874 6.055342 8.176242 0.023832 0.032258 0.045619 0.032257 0.032258 0.023830 0.032258 523330 776620
6 62.310000 60.320000 1000000 6.036821 8.162007 6.056344 8.180152 0.023831 0.032258 0.059382 0.049856 0.032258 0.023830 0.032258 565360 1000000
6 62.310000 60.320000 1000000 6.000652 8.152330 6.030159 8.089732 0.023825 0.032258 0.061864 0.052788 0.032258 0.023825 0.032258 999990 1000000
