36 62.310000 60.320000 1000000 9.298095 12.442294 9.249664 12.545010 0.023830 0.032258 0.069518 0.061580 0.032258 0.023829 0.032258 0 51
36 62.310000 60.320000 1000000 9.103651 12.078855 9.053443 12.370035 0.023817 0.032258 0.124485 0.120232 0.032258 0.023810 0.032258 50 60
36 62.310000 60.320000 1000000 9.085664 12.076704 9.035154 12.352440 0.023821 0.032258 0.107587 0.102637 0.032258 0.023815 0.032258 60 74
36 62.310000 60.320000 1000000 8.958812 12.060217 8.986921 12.276683 0.023817 0.032258 0.074772 0.067456 0.032258 0.023818 0.032258 70 82
36 62.310000 60.320000 1000000 8.924227 12.055199 8.952662 12.235628 0.023820 0.032258 0.069528 0.061592 0.032258 0.023820 0.032258 80 95
36 62.310000 60.320000 1000000 8.879135 12.033335 8.914741 12.060652 0.023823 0.032258 0.077428 0.070389 0.032258 0.023823 0.032258 90 102
36 62.310000 60.320000 1000000 8.873055 12.032618 8.906478 12.052587 0.023822 0.032258 0.077426 0.070386 0.032258 0.023822 0.032258 100 121
36 62.310000 60.320000 1000000 8.812356 11.964876 8.840231 11.957035 0.023828 0.032258 0.113203 0.108509 0.032258 0.023825 0.032258 120 134
36 62.310000 60.320000 1000000 8.800580 11.907169 8.822391 11.943594 0.023828 0.032258 0.110395 0.105577 0.032258 0.023825 0.032258 130 171
36 62.310000 60.320000 1000000 8.730629 11.670608 8.719389 11.825314 0.023828 0.032258 0.072134 0.064519 0.032258 0.023824 0.032258 170 184
36 62.310000 60.320000 1000000 8.694830 11.624371 8.664302 11.247357 0.023792 0.032258 0.193325 0.190615 0.032258 0.023770 0.032258 180 194
36 62.310000 60.320000 1000000 8.407453 11.524012 8.655991 11.213143 0.023528 0.032258 0.496651 0.495602 0.032258 0.023806 0.032258 190 217
36 62.310000 60.320000 1000000 7.675672 11.408959 7.890211 10.150582 0.023092 0.032258 0.423519 0.422288 0.032258 0.023215 0.032258 210 258
36 62.310000 60.320000 1000000 6.652168 8.706089 6.656194 8.882740 0.023378 0.032258 0.327113 0.325518 0.032258 0.023377 0.032258 250 427
36 62.310000 60.320000 1000000 6.567097 8.414693 6.543923 8.792076 0.023418 0.032258 0.306692 0.304991 0.032258 0.023400 0.032258 280 303
36 62.310000 60.320000 1000000 6.557444 8.356988 6.529000 8.778636 0.023409 0.032258 0.309609 0.307924 0.032258 0.023387 0.032258 300 371
36 62.310000 60.320000 1000000 6.493285 8.283153 6.491506 8.685283 0.023363 0.032258 0.327112 0.325517 0.032258 0.023358 0.032258 370 427
36 62.310000 60.320000 1000000 6.223141 8.253763 6.221120 8.444814 0.023815 0.032258 0.096467 0.090914 0.032258 0.023810 0.032258 420 466
36 62.310000 60.320000 1000000 6.216313 8.253046 6.222257 8.445792 0.023814 0.032258 0.096467 0.090914 0.032258 0.023810 0.032258 460 479
36 62.310000 60.320000 1000000 6.211704 8.252329 6.217662 8.439927 0.023816 0.032258 0.090961 0.085049 0.032258 0.023813 0.032258 470 497
36 62.310000 60.320000 1000000 6.187544 8.248745 6.191092 8.408402 0.023824 0.032258 0.074769 0.067452 0.032258 0.023821 0.032258 490 520
36 62.310000 60.320000 1000000 6.182835 8.246953 6.185756 8.389096 0.023825 0.032258 0.066940 0.058654 0.032258 0.023822 0.032258 520 563
36 62.310000 60.320000 1000000 6.166292 8.244802 6.177197 8.378343 0.023825 0.032258 0.066940 0.058654 0.032258 0.023823 0.032258 560 652
36 62.310000 60.320000 1000000 6.135977 8.237992 6.146411 8.317982 0.023830 0.032258 0.045624 0.032263 0.032258 0.023827 0.032258 650 669
36 62.310000 60.320000 1000000 6.104620 8.234408 6.105464 8.279859 0.023833 0.032258 0.035437 0.014670 0.032258 0.023830 0.032258 660 750
36 62.310000 60.320000 1000000 6.100557 8.233691 6.101403 8.273993 0.023833 0.032258 0.035437 0.014669 0.032258 0.023831 0.032258 750 987
36 62.310000 60.320000 1000000 6.095682 8.232974 6.096530 8.268128 0.023834 0.032258 0.033438 0.008805 0.032258 0.023831 0.032258 980 1059
36 62.310000 60.320000 1000000 6.093284 8.232257 6.093233 8.260064 0.023834 0.032258 0.033438 0.008805 0.032258 0.023831 0.032258 1050 1254
36 62.310000 60.320000 1000000 6.092081 8.231182 6.091396 8.246623 0.023834 0.032258 0.032788 0.005872 0.032258 0.023831 0.032258 1250 1308
36 62.310000 60.320000 1000000 6.087299 8.230465 6.086612 8.240758 0.023834 0.032258 0.032788 0.005872 0.032258 0.023831 0.032258 1300 1344
36 62.310000 60.320000 1000000 6.080336 8.229748 6.087770 8.241736 0.023834 0.032258 0.034326 0.011735 0.032258 0.023831 0.032258 1340 1800
36 62.310000 60.320000 1000000 6.077975 8.229031 6.084536 8.233671 0.023834 0.032258 0.036747 0.017600 0.032258 0.023831 0.032258 1800 3165
36 62.310000 60.320000 1000000 6.067567 8.226881 6.074161 8.216076 0.023834 0.032258 0.034326 0.011735 0.032258 0.023831 0.032258 3160 3475
36 62.310000 60.320000 1000000 6.066377 8.225806 6.072349 8.202635 0.023834 0.032258 0.035435 0.014663 0.032258 0.023831 0.032258 3470 4667
36 62.310000 60.320000 1000000 6.037630 8.109678 6.031348 8.169888 0.023833 0.032258 0.038237 0.020529 0.032258 0.023830 0.032258 4660 5797
36 62.310000 60.320000 1000000 6.036021 8.108961 6.031617 8.170866 0.023833 0.032258 0.035437 0.014668 0.032258 0.023830 0.032258 5790 6365
36 62.310000 60.320000 1000000 6.031218 8.108244 6.026804 8.165001 0.023833 0.032258 0.035437 0.014668 0.032258 0.023830 0.032258 6360 8453
36 62.310000 60.320000 1000000 6.027198 8.107527 6.022775 8.159136 0.023834 0.032258 0.033438 0.008803 0.032258 0.023830 0.032258 8450 24191
36 62.310000 60.320000 1000000 6.020801 8.106810 6.013954 8.151071 0.023834 0.032258 0.032392 0.002940 0.032258 0.023831 0.032258 24190 63732
36 62.310000 60.320000 1000000 6.017639 8.106093 6.010781 8.145206 0.023834 0.032258 0.033438 0.008804 0.032258 0.023831 0.032258 63730 64679
36 62.310000 60.320000 1000000 6.016448 8.105018 6.008956 8.131765 0.023834 0.032258 0.034326 0.011733 0.032258 0.023831 0.032258 64670 68020
36 62.310000 60.320000 1000000 6.012493 8.104301 6.004986 8.125900 0.023834 0.032258 0.034325 0.011732 0.032258 0.023831 0.032258 68020 76764
36 62.310000 60.320000 1000000 6.010903 8.103585 6.005252 8.126878 0.023834 0.032258 0.034327 0.011736 0.032258 0.023831 0.032258 76760 87465
36 62.310000 60.320000 1000000 6.003840 8.102868 6.006430 8.127855 0.023834 0.032258 0.034326 0.011734 0.032258 0.023831 0.032258 87460 163054
36 62.310000 60.320000 1000000 5.999954 8.102151 6.002549 8.121990 0.023833 0.032258 0.036746 0.017597 0.032258 0.023831 0.032258 163050 300732
36 62.310000 60.320000 1000000 5.989972 8.100000 5.992580 8.104395 0.023832 0.032258 0.039889 0.023464 0.032258 0.023829 0.032258 300730 300997
36 62.310000 60.320000 1000000 5.983607 8.099283 5.983835 8.096330 0.023832 0.032258 0.039890 0.023465 0.032258 0.023830 0.032258 300990 419673
36 62.310000 60.320000 1000000 5.974254 8.096416 5.970964 8.064072 0.023832 0.032258 0.039890 0.023466 0.032258 0.023829 0.032258 310710 568853
36 62.310000 60.320000 1000000 5.969666 8.092115 5.963938 8.010309 0.023831 0.032258 0.047740 0.035192 0.032258 0.023827 0.032258 317390 585254
36 62.310000 60.320000 1000000 5.952559 8.088531 5.947566 7.997113 0.023830 0.032258 0.043597 0.029327 0.032258 0.023827 0.032258 334520 488258
36 62.310000 60.320000 1000000 5.935227 8.086380 5.927905 7.977318 0.023830 0.032258 0.047740 0.035192 0.032258 0.023827 0.032258 488250 624762
36 62.310000 60.320000 1000000 5.885736 7.854837 5.853181 7.917689 0.023827 0.032258 0.056941 0.046922 0.032258 0.023826 0.032258 624760 691581
36 62.310000 60.320000 1000000 5.854402 7.850536 5.845298 7.898628 0.023830 0.032258 0.047739 0.035191 0.032258 0.023826 0.032258 691580 720684
36 62.310000 60.320000 1000000 5.850409 7.849819 5.841286 7.892763 0.023830 0.032258 0.047739 0.035191 0.032258 0.023827 0.032258 720680 873064
36 62.310000 60.320000 1000000 5.836951 7.847668 5.827764 7.875167 0.023830 0.032258 0.056939 0.046920 0.032258 0.023827 0.032258 873060 1000000
36 62.310000 60.320000 1000000 5.825840 7.846234 5.816601 7.863437 0.023830 0.032258 0.061863 0.052786 0.032258 0.023827 0.032258 999990 1000000
