15 62.310000 60.320000 1000000 9.974565 14.050851 10.065297 13.293043 0.023784 0.032258 0.147270 0.143694 0.032258 0.023776 0.032258 0 52
15 62.310000 60.320000 1000000 9.713400 13.229348 9.714629 12.993434 0.023815 0.032258 0.135849 0.131963 0.032258 0.023812 0.032258 50 67
15 62.310000 60.320000 1000000 9.679560 13.225047 9.680802 12.958243 0.023823 0.032258 0.107588 0.102638 0.032258 0.023820 0.032258 60 71
15 62.310000 60.320000 1000000 9.553031 13.150853 9.556193 12.812593 0.023825 0.032258 0.066938 0.058653 0.032258 0.023821 0.032258 70 80
15 62.310000 60.320000 1000000 9.522515 13.145835 9.555908 12.812593 0.023825 0.032258 0.072134 0.064519 0.032258 0.023821 0.032258 80 113
15 62.310000 60.320000 1000000 9.446617 13.079527 9.466359 12.719973 0.023822 0.032258 0.085500 0.079181 0.032258 0.023816 0.032258 110 120
15 62.310000 60.320000 1000000 9.421031 13.074509 9.449282 12.685760 0.023820 0.032258 0.085498 0.079179 0.032258 0.023814 0.032258 120 206
15 62.310000 60.320000 1000000 9.358137 13.059814 9.383158 12.540109 0.023810 0.032258 0.088220 0.082111 0.032258 0.023801 0.032258 200 316
15 62.310000 60.320000 1000000 9.335337 13.055513 9.358922 12.518848 0.023807 0.032258 0.088220 0.082111 0.032258 0.023799 0.032258 240 346
15 62.310000 60.320000 1000000 9.253941 12.818954 9.250558 12.418164 0.023815 0.032258 0.082791 0.076248 0.032258 0.023811 0.032258 310 395
15 62.310000 60.320000 1000000 9.201961 12.808919 9.224726 12.341429 0.023814 0.032258 0.104792 0.099703 0.032258 0.023805 0.032258 330 401
15 62.310000 60.320000 1000000 9.196767 12.808202 9.219570 12.335564 0.023813 0.032258 0.110386 0.105568 0.032258 0.023805 0.032258 400 474
15 62.310000 60.320000 1000000 9.078998 12.567342 9.125101 12.240745 0.023821 0.032258 0.088216 0.082107 0.032258 0.023816 0.032258 460 519
15 62.310000 60.320000 1000000 9.016446 12.446196 9.058216 12.173785 0.023820 0.032258 0.116009 0.111434 0.032258 0.023815 0.032258 510 612
15 62.310000 60.320000 1000000 9.002412 12.444045 9.044376 12.156189 0.023819 0.032258 0.099228 0.093839 0.032258 0.023814 0.032258 540 574
15 62.310000 60.320000 1000000 8.997869 12.443328 9.039896 12.150324 0.023819 0.032258 0.093702 0.087975 0.032258 0.023813 0.032258 570 612
15 62.310000 60.320000 1000000 8.914958 12.320031 8.934917 12.050129 0.023820 0.032258 0.082787 0.076244 0.032258 0.023815 0.032258 610 625
15 62.310000 60.320000 1000000 8.907888 12.319314 8.936085 12.051106 0.023820 0.032258 0.088219 0.082109 0.032258 0.023815 0.032258 620 630
15 62.310000 60.320000 1000000 8.906212 12.318597 8.936362 12.052084 0.023820 0.032258 0.082788 0.076245 0.032258 0.023815 0.032258 630 664
15 62.310000 60.320000 1000000 8.870251 12.258024 8.889335 12.010784 0.023821 0.032258 0.069519 0.061582 0.032258 0.023816 0.032258 660 681
15 62.310000 60.320000 1000000 8.868580 12.257307 8.889612 12.011761 0.023821 0.032258 0.069519 0.061582 0.032258 0.023816 0.032258 680 748
15 62.310000 60.320000 1000000 8.862277 12.256590 8.881004 12.003697 0.023821 0.032258 0.069519 0.061581 0.032258 0.023816 0.032258 740 1101
15 62.310000 60.320000 1000000 8.825079 12.083473 8.824348 11.963374 0.023827 0.032258 0.061860 0.052783 0.032258 0.023824 0.032258 800 1102
15 62.310000 60.320000 1000000 8.794200 12.078455 8.788729 11.917920 0.023823 0.032258 0.072129 0.064514 0.032258 0.023820 0.032258 1100 1153
15 62.310000 60.320000 1000000 8.762559 11.962326 8.752626 11.892016 0.023826 0.032258 0.066936 0.058650 0.032258 0.023824 0.032258 1150 1965
15 62.310000 60.320000 1000000 8.537748 10.971290 8.417111 11.568214 0.023787 0.032258 0.118828 0.114366 0.032258 0.023784 0.032258 1180 1701
15 62.310000 60.320000 1000000 8.397070 10.950501 8.437137 11.587519 0.023788 0.032258 0.107591 0.102641 0.032258 0.023783 0.032258 1700 2821
15 62.310000 60.320000 1000000 8.360689 10.930788 8.390891 11.359025 0.023795 0.032258 0.082787 0.076244 0.032258 0.023791 0.032258 2820 2835
15 62.310000 60.320000 1000000 8.353523 10.930071 8.381139 11.350961 0.023797 0.032258 0.077421 0.070380 0.032258 0.023794 0.032258 2830 5467
15 62.310000 60.320000 1000000 8.232444 10.916451 8.224484 11.206534 0.023810 0.032258 0.061860 0.052783 0.032258 0.023807 0.032258 4470 5506
15 62.310000 60.320000 1000000 8.219810 10.914301 8.211813 11.188938 0.023812 0.032258 0.072131 0.064515 0.032258 0.023809 0.032258 4500 6175
15 62.310000 60.320000 1000000 8.201184 10.911433 8.188740 11.165723 0.023806 0.032258 0.082792 0.076249 0.032258 0.023801 0.032258 6170 6381
15 62.310000 60.320000 1000000 8.199506 10.910716 8.189021 11.166700 0.023807 0.032258 0.082793 0.076250 0.032258 0.023801 0.032258 6380 7258
15 62.310000 60.320000 1000000 8.192916 10.909999 8.190122 11.167678 0.023805 0.032258 0.082792 0.076249 0.032258 0.023801 0.032258 7250 9165
15 62.310000 60.320000 1000000 8.117880 10.897096 8.121443 11.059663 0.023802 0.032258 0.150135 0.146629 0.032258 0.023800 0.032258 9160 9581
15 62.310000 60.320000 1000000 8.114366 10.896379 8.117933 11.053798 0.023803 0.032258 0.144413 0.140764 0.032258 0.023801 0.032258 9580 10522
15 62.310000 60.320000 1000000 8.110123 10.895663 8.113696 11.047933 0.023804 0.032258 0.144413 0.140764 0.032258 0.023802 0.032258 10520 10578
15 62.310000 60.320000 1000000 8.107521 10.894946 8.110123 11.039868 0.023804 0.032258 0.144413 0.140764 0.032258 0.023803 0.032258 10570 11488
15 62.310000 60.320000 1000000 8.103334 10.894229 8.105940 11.034003 0.023803 0.032258 0.150135 0.146629 0.032258 0.023801 0.032258 11480 11986
15 62.310000 60.320000 1000000 8.096748 10.893512 8.107035 11.034980 0.023801 0.032258 0.150135 0.146629 0.032258 0.023801 0.032258 11980 14564
15 62.310000 60.320000 1000000 8.089931 10.891362 8.100334 11.019829 0.023803 0.032258 0.155865 0.152490 0.032258 0.023802 0.032258 14560 22322
15 62.310000 60.320000 1000000 8.010327 10.881326 8.021042 10.937718 0.023816 0.032258 0.077420 0.070379 0.032258 0.023815 0.032258 22320 23100
15 62.310000 60.320000 1000000 8.006065 10.880609 8.016797 10.931853 0.023815 0.032258 0.082788 0.076244 0.032258 0.023813 0.032258 23100 23353
15 62.310000 60.320000 1000000 8.000191 10.879892 8.008750 10.923788 0.023813 0.032258 0.088219 0.082109 0.032258 0.023811 0.032258 23350 29113
15 62.310000 60.320000 1000000 7.987171 10.877742 7.994805 10.903993 0.023812 0.032258 0.082788 0.076244 0.032258 0.023810 0.032258 29110 32951
15 62.310000 60.320000 1000000 7.950791 10.703549 7.939183 10.850230 0.023812 0.032258 0.077421 0.070380 0.032258 0.023810 0.032258 32950 53316
15 62.310000 60.320000 1000000 7.755443 10.277385 7.723605 10.608539 0.023816 0.032258 0.069525 0.061589 0.032258 0.023811 0.032258 51040 58534
15 62.310000 60.320000 1000000 7.716510 10.159823 7.670154 10.561863 0.023810 0.032258 0.074768 0.067451 0.032258 0.023804 0.032258 58530 59984
15 62.310000 60.320000 1000000 7.705991 10.102117 7.653771 10.548422 0.023807 0.032258 0.077424 0.070383 0.032258 0.023799 0.032258 59980 61199
15 62.310000 60.320000 1000000 7.703161 10.101400 7.649799 10.540358 0.023808 0.032258 0.072133 0.064518 0.032258 0.023801 0.032258 61190 72850
15 62.310000 60.320000 1000000 7.629424 10.091364 7.653554 10.517386 0.023800 0.032258 0.077424 0.070384 0.032258 0.023805 0.032258 72850 110992
15 62.310000 60.320000 1000000 7.600427 10.083479 7.613977 10.428676 0.023809 0.032258 0.082790 0.076247 0.032258 0.023816 0.032258 87540 104183
15 62.310000 60.320000 1000000 7.548775 9.957314 7.575156 10.393729 0.023810 0.032258 0.077424 0.070384 0.032258 0.023805 0.032258 104180 129429
15 62.310000 60.320000 1000000 7.530843 9.954447 7.557412 10.370269 0.023811 0.032258 0.088225 0.082116 0.032258 0.023806 0.032258 129420 144472
15 62.310000 60.320000 1000000 7.514403 9.952296 7.548591 10.359516 0.023811 0.032258 0.088225 0.082116 0.032258 0.023808 0.032258 144470 197996
15 62.310000 60.320000 1000000 7.436262 9.942619 7.461603 10.267386 0.023810 0.032258 0.085503 0.079184 0.032258 0.023810 0.032258 197990 200681
15 62.310000 60.320000 1000000 7.433777 9.941902 7.458221 10.259321 0.023810 0.032258 0.090959 0.085047 0.032258 0.023810 0.032258 200680 213724
15 62.310000 60.320000 1000000 7.422676 9.884196 7.441408 10.245881 0.023808 0.032258 0.088223 0.082114 0.032258 0.023807 0.032258 213720 220169
15 62.310000 60.320000 1000000 7.420225 9.883479 7.438063 10.237816 0.023808 0.032258 0.093707 0.087979 0.032258 0.023807 0.032258 220160 273020
15 62.310000 60.320000 1000000 7.387824 9.810720 7.397159 10.066018 0.023814 0.032258 0.064387 0.055724 0.032258 0.023813 0.032258 273020 369529
15 62.310000 60.320000 1000000 7.375167 9.808569 7.382317 10.046224 0.023813 0.032258 0.059383 0.049857 0.032258 0.023812 0.032258 369520 430994
15 62.310000 60.320000 1000000 7.366864 9.805702 7.370555 10.011278 0.023812 0.032258 0.059382 0.049856 0.032258 0.023811 0.032258 430990 554227
15 62.310000 60.320000 1000000 7.291858 9.794949 7.292869 9.916703 0.023820 0.032258 0.064382 0.055717 0.032258 0.023818 0.032258 554220 566552
15 62.310000 60.320000 1000000 7.285909 9.794232 7.284689 9.908639 0.023818 0.032258 0.064380 0.055716 0.032258 0.023816 0.032258 566550 643128
15 62.310000 60.320000 1000000 7.280064 9.793515 7.276644 9.900574 0.023817 0.032258 0.069518 0.061581 0.032258 0.023814 0.032258 643120 853178
15 62.310000 60.320000 1000000 7.237265 9.675236 7.237466 9.863918 0.023813 0.032258 0.064383 0.055718 0.032258 0.023812 0.032258 810730 1000000
15 62.310000 60.320000 1000000 7.231422 9.671652 7.234245 9.838991 0.023814 0.032258 0.059381 0.049855 0.032258 0.023812 0.032258 999990 1000000
