37 62.310000 60.320000 1000000 9.195574 12.087099 9.136895 12.425265 0.023820 0.032258 0.061865 0.052789 0.032258 0.023815 0.032258 0 50
37 62.310000 60.320000 1000000 8.936712 12.054841 8.946072 12.207768 0.023821 0.032258 0.061869 0.052794 0.032258 0.023820 0.032258 50 67
37 62.310000 60.320000 1000000 8.903721 12.049106 8.913185 12.160848 0.023825 0.032258 0.077427 0.070387 0.032258 0.023823 0.032258 60 92
37 62.310000 60.320000 1000000 8.803613 12.021866 8.828390 11.978541 0.023827 0.032258 0.116018 0.111443 0.032258 0.023824 0.032258 90 100
37 62.310000 60.320000 1000000 8.747929 11.844445 8.757661 11.898873 0.023831 0.032258 0.085504 0.079185 0.032258 0.023828 0.032258 100 115
37 62.310000 60.320000 1000000 8.653879 11.805018 8.630093 11.457522 0.023740 0.032258 0.350467 0.348980 0.032258 0.023703 0.032258 110 162
37 62.310000 60.320000 1000000 8.640836 11.803584 8.611993 11.441393 0.023741 0.032258 0.344626 0.343113 0.032258 0.023704 0.032258 120 183
37 62.310000 60.320000 1000000 8.588800 11.794982 8.559426 11.371012 0.023741 0.032258 0.327113 0.325519 0.032258 0.023705 0.032258 130 195
37 62.310000 60.320000 1000000 7.389779 8.815766 7.421567 9.600484 0.023151 0.032258 0.771934 0.771260 0.032258 0.023143 0.032258 190 300
37 62.310000 60.320000 1000000 7.055724 8.783508 6.955932 9.237579 0.023260 0.032258 0.748492 0.747797 0.032258 0.023319 0.032258 210 359
37 62.310000 60.320000 1000000 6.354071 8.394980 6.315742 8.658401 0.023810 0.032258 0.107594 0.102645 0.032258 0.023802 0.032258 350 406
37 62.310000 60.320000 1000000 6.327800 8.392113 6.314174 8.655469 0.023811 0.032258 0.090962 0.085050 0.032258 0.023803 0.032258 400 482
37 62.310000 60.320000 1000000 6.278007 8.385661 6.280139 8.616368 0.023808 0.032258 0.080103 0.073321 0.032258 0.023803 0.032258 480 493
37 62.310000 60.320000 1000000 6.273434 8.384944 6.275571 8.610503 0.023810 0.032258 0.074772 0.067456 0.032258 0.023806 0.032258 490 500
37 62.310000 60.320000 1000000 6.269919 8.384227 6.272060 8.604638 0.023812 0.032258 0.074772 0.067456 0.032258 0.023807 0.032258 500 544
37 62.310000 60.320000 1000000 6.236881 8.374550 6.237376 8.509086 0.023818 0.032258 0.066943 0.058658 0.032258 0.023815 0.032258 540 555
37 62.310000 60.320000 1000000 6.232318 8.373833 6.232813 8.503221 0.023820 0.032258 0.061868 0.052793 0.032258 0.023817 0.032258 550 711
37 62.310000 60.320000 1000000 6.208639 8.369532 6.217133 8.474873 0.023823 0.032258 0.072136 0.064521 0.032258 0.023821 0.032258 710 785
37 62.310000 60.320000 1000000 6.179543 8.308959 6.182073 8.437972 0.023829 0.032258 0.049944 0.038129 0.032258 0.023826 0.032258 780 807
37 62.310000 60.320000 1000000 6.177018 8.308242 6.178605 8.429907 0.023830 0.032258 0.045624 0.032264 0.032258 0.023826 0.032258 800 836
37 62.310000 60.320000 1000000 6.160289 8.303941 6.159151 8.388118 0.023830 0.032258 0.054554 0.043994 0.032258 0.023827 0.032258 830 1020
37 62.310000 60.320000 1000000 6.155444 8.303224 6.154303 8.382253 0.023830 0.032258 0.054554 0.043994 0.032258 0.023827 0.032258 1020 1182
37 62.310000 60.320000 1000000 6.138193 8.300357 6.137042 8.358793 0.023832 0.032258 0.041683 0.026399 0.032258 0.023829 0.032258 1180 1244
37 62.310000 60.320000 1000000 6.135844 8.299640 6.133810 8.350729 0.023832 0.032258 0.041684 0.026400 0.032258 0.023829 0.032258 1240 1631
37 62.310000 60.320000 1000000 6.130320 8.295698 6.128153 8.311384 0.023834 0.032258 0.036748 0.017602 0.032258 0.023831 0.032258 1630 1838
37 62.310000 60.320000 1000000 6.124095 8.294981 6.119580 8.303319 0.023833 0.032258 0.039891 0.023466 0.032258 0.023830 0.032258 1830 2099
37 62.310000 60.320000 1000000 6.120071 8.294264 6.115547 8.297454 0.023834 0.032258 0.036748 0.017601 0.032258 0.023831 0.032258 2090 2128
37 62.310000 60.320000 1000000 6.115354 8.293547 6.110820 8.291589 0.023833 0.032258 0.039889 0.023463 0.032258 0.023831 0.032258 2120 2280
37 62.310000 60.320000 1000000 6.114108 8.292472 6.108912 8.278148 0.023834 0.032258 0.038238 0.020531 0.032258 0.023831 0.032258 2280 2306
37 62.310000 60.320000 1000000 6.107073 8.291755 6.110085 8.279126 0.023834 0.032258 0.038237 0.020530 0.032258 0.023831 0.032258 2300 3481
37 62.310000 60.320000 1000000 6.096945 8.289604 6.111765 8.282058 0.023833 0.032258 0.041680 0.026393 0.032258 0.023831 0.032258 3480 4368
37 62.310000 60.320000 1000000 6.091393 8.288888 6.106253 8.276193 0.023833 0.032258 0.038238 0.020532 0.032258 0.023831 0.032258 4360 4602
37 62.310000 60.320000 1000000 6.086720 8.288171 6.101615 8.270328 0.023833 0.032258 0.041681 0.026394 0.032258 0.023831 0.032258 4600 4895
37 62.310000 60.320000 1000000 6.074868 8.230465 6.083612 8.256887 0.023833 0.032258 0.039888 0.023462 0.032258 0.023831 0.032258 4890 11633
37 62.310000 60.320000 1000000 6.072412 8.228315 6.079875 8.230005 0.023834 0.032258 0.036746 0.017597 0.032258 0.023831 0.032258 6240 10264
37 62.310000 60.320000 1000000 6.071225 8.227239 6.078069 8.216565 0.023834 0.032258 0.038235 0.020525 0.032258 0.023831 0.032258 10260 11633
37 62.310000 60.320000 1000000 6.067191 8.226523 6.074048 8.210699 0.023834 0.032258 0.035433 0.014660 0.032258 0.023831 0.032258 11630 20099
37 62.310000 60.320000 1000000 6.055502 8.168817 6.056223 8.197259 0.023834 0.032258 0.034324 0.011728 0.032258 0.023831 0.032258 20090 20303
37 62.310000 60.320000 1000000 6.051530 8.168100 6.052253 8.191394 0.023834 0.032258 0.034324 0.011727 0.032258 0.023831 0.032258 20300 26319
37 62.310000 60.320000 1000000 6.049933 8.167383 6.052519 8.192371 0.023834 0.032258 0.034325 0.011731 0.032258 0.023831 0.032258 26310 28355
37 62.310000 60.320000 1000000 6.043607 8.166666 6.043828 8.184307 0.023834 0.032258 0.034325 0.011731 0.032258 0.023831 0.032258 28350 53784
37 62.310000 60.320000 1000000 6.040406 8.165950 6.040627 8.178442 0.023834 0.032258 0.034326 0.011732 0.032258 0.023831 0.032258 53780 131770
37 62.310000 60.320000 1000000 6.026362 8.163082 6.024788 8.150582 0.023833 0.032258 0.039889 0.023463 0.032258 0.023830 0.032258 128280 179004
37 62.310000 60.320000 1000000 6.023209 8.162365 6.021632 8.144717 0.023833 0.032258 0.039889 0.023463 0.032258 0.023830 0.032258 179000 446021
37 62.310000 60.320000 1000000 6.005983 8.159498 6.004393 8.121257 0.023832 0.032258 0.036746 0.017597 0.032258 0.023830 0.032258 446020 506275
37 62.310000 60.320000 1000000 5.999669 8.158781 5.995699 8.113192 0.023832 0.032258 0.039887 0.023461 0.032258 0.023830 0.032258 506270 511031
37 62.310000 60.320000 1000000 5.992566 8.158064 5.996882 8.114170 0.023832 0.032258 0.039887 0.023460 0.032258 0.023830 0.032258 511030 565933
37 62.310000 60.320000 1000000 5.991361 8.156989 5.995044 8.100729 0.023833 0.032258 0.041677 0.026389 0.032258 0.023830 0.032258 565930 582826
37 62.310000 60.320000 1000000 5.989008 8.156272 5.991814 8.092665 0.023832 0.032258 0.045617 0.032254 0.032258 0.023829 0.032258 582820 586825
37 62.310000 60.320000 1000000 5.987398 8.155555 5.992082 8.093642 0.023832 0.032258 0.041679 0.026393 0.032258 0.023829 0.032258 586820 611463
37 62.310000 60.320000 1000000 5.982818 8.154838 5.987513 8.087777 0.023832 0.032258 0.041680 0.026393 0.032258 0.023829 0.032258 611460 773236
37 62.310000 60.320000 1000000 5.963210 8.151254 5.971608 8.072137 0.023831 0.032258 0.041683 0.026398 0.032258 0.023828 0.032258 666330 825653
37 62.310000 60.320000 1000000 5.959432 8.150537 5.967846 8.066272 0.023830 0.032258 0.045623 0.032262 0.032258 0.023827 0.032258 825650 829970
37 62.310000 60.320000 1000000 5.947385 8.092832 5.949489 8.052831 0.023832 0.032258 0.043599 0.029330 0.032258 0.023829 0.032258 829970 924386
37 62.310000 60.320000 1000000 5.907644 8.085305 5.894143 7.964122 0.023825 0.032258 0.059379 0.049852 0.032258 0.023821 0.032258 867410 1000000
37 62.310000 60.320000 1000000 5.895002 8.082438 5.881413 7.940662 0.023825 0.032258 0.059380 0.049853 0.032258 0.023821 0.032258 999990 1000000
