59 62.310000 60.320000 1000000 9.466545 12.458741 9.501490 12.751988 0.023694 0.032258 0.327109 0.325515 0.032258 0.023695 0.032258 0 50
59 62.310000 60.320000 1000000 9.234440 12.369494 9.273916 12.487325 0.023810 0.032258 0.144416 0.140767 0.032258 0.023804 0.032258 50 77
59 62.310000 60.320000 1000000 9.181374 12.361608 9.221532 12.422809 0.023810 0.032258 0.104800 0.099712 0.032258 0.023802 0.032258 70 88
59 62.310000 60.320000 1000000 9.075975 12.350139 9.077604 12.293775 0.023833 0.032258 0.039887 0.023459 0.032258 0.023830 0.032258 80 92
59 62.310000 60.320000 1000000 9.072762 12.349422 9.074392 12.287910 0.023833 0.032258 0.036745 0.017595 0.032258 0.023830 0.032258 90 101
59 62.310000 60.320000 1000000 9.060888 12.291716 9.056242 12.274469 0.023834 0.032258 0.035434 0.014663 0.032258 0.023831 0.032258 100 115
59 62.310000 60.320000 1000000 9.046054 12.289565 9.049658 12.263716 0.023833 0.032258 0.038236 0.020528 0.032258 0.023831 0.032258 110 126
59 62.310000 60.320000 1000000 8.953940 11.827201 8.910816 12.157167 0.023825 0.032258 0.049944 0.038129 0.032258 0.023820 0.032258 120 158
59 62.310000 60.320000 1000000 8.929335 11.765911 8.877276 12.107803 0.023823 0.032258 0.056941 0.046922 0.032258 0.023818 0.032258 150 174
59 62.310000 60.320000 1000000 8.859821 11.755158 8.884580 12.092651 0.023820 0.032258 0.056944 0.046926 0.032258 0.023819 0.032258 170 186
59 62.310000 60.320000 1000000 8.835807 11.639030 8.848495 12.057705 0.023815 0.032258 0.061863 0.052787 0.032258 0.023811 0.032258 180 295
59 62.310000 60.320000 1000000 8.644155 11.162328 8.619657 11.825056 0.023792 0.032258 0.072128 0.064513 0.032258 0.023779 0.032258 290 308
59 62.310000 60.320000 1000000 8.619346 11.159461 8.587335 11.794998 0.023792 0.032258 0.066935 0.058649 0.032258 0.023781 0.032258 300 365
59 62.310000 60.320000 1000000 8.572337 11.153010 8.537395 11.740013 0.023799 0.032258 0.066936 0.058650 0.032258 0.023789 0.032258 360 419
59 62.310000 60.320000 1000000 8.528159 11.089569 8.487188 11.679651 0.023801 0.032258 0.069522 0.061585 0.032258 0.023791 0.032258 410 493
59 62.310000 60.320000 1000000 8.427556 11.075232 8.454818 11.623933 0.023793 0.032258 0.096461 0.090907 0.032258 0.023800 0.032258 490 502
59 62.310000 60.320000 1000000 8.400148 11.071648 8.427676 11.594607 0.023797 0.032258 0.080096 0.073313 0.032258 0.023802 0.032258 500 591
59 62.310000 60.320000 1000000 8.135712 10.530789 8.073659 11.260298 0.023736 0.032258 0.116010 0.111435 0.032258 0.023721 0.032258 570 597
59 62.310000 60.320000 1000000 8.075735 10.522904 8.057884 11.234638 0.023733 0.032258 0.099232 0.093842 0.032258 0.023732 0.032258 590 624
59 62.310000 60.320000 1000000 7.979039 10.501399 7.993261 11.154482 0.023752 0.032258 0.219398 0.217014 0.032258 0.023733 0.032258 620 713
59 62.310000 60.320000 1000000 7.936444 10.492080 7.936290 11.051842 0.023773 0.032258 0.178888 0.175956 0.032258 0.023760 0.032258 710 992
59 62.310000 60.320000 1000000 7.906904 10.487778 7.914416 11.023494 0.023771 0.032258 0.167365 0.164227 0.032258 0.023760 0.032258 990 1310
59 62.310000 60.320000 1000000 7.795228 10.458746 7.788158 10.714112 0.023794 0.032258 0.090958 0.085046 0.032258 0.023792 0.032258 1310 1749
59 62.310000 60.320000 1000000 7.783704 10.456596 7.776603 10.696516 0.023801 0.032258 0.085499 0.079180 0.032258 0.023798 0.032258 1400 1778
59 62.310000 60.320000 1000000 7.697486 10.442259 7.714154 10.599742 0.023803 0.032258 0.085500 0.079181 0.032258 0.023803 0.032258 1770 2237
59 62.310000 60.320000 1000000 7.647010 10.427205 7.694047 10.583858 0.023806 0.032258 0.176004 0.173023 0.032258 0.023798 0.032258 2230 2773
59 62.310000 60.320000 1000000 7.623407 10.311793 7.658565 10.556976 0.023807 0.032258 0.170242 0.167157 0.032258 0.023796 0.032258 2340 2806
59 62.310000 60.320000 1000000 7.572859 10.298890 7.591479 10.414013 0.023824 0.032258 0.085500 0.079182 0.032258 0.023817 0.032258 2800 2816
59 62.310000 60.320000 1000000 7.565899 10.298173 7.592629 10.414990 0.023823 0.032258 0.090959 0.085047 0.032258 0.023818 0.032258 2810 2878
59 62.310000 60.320000 1000000 7.560743 10.297456 7.587527 10.409125 0.023822 0.032258 0.096465 0.090912 0.032258 0.023816 0.032258 2870 3483
59 62.310000 60.320000 1000000 7.546579 10.295306 7.570614 10.393974 0.023822 0.032258 0.090959 0.085047 0.032258 0.023816 0.032258 3480 3926
59 62.310000 60.320000 1000000 7.527768 10.293155 7.567823 10.390064 0.023819 0.032258 0.107592 0.102642 0.032258 0.023814 0.032258 3920 5689
59 62.310000 60.320000 1000000 7.464900 10.270933 7.487831 10.134444 0.023828 0.032258 0.054550 0.043990 0.032258 0.023824 0.032258 5680 6795
59 62.310000 60.320000 1000000 7.439568 10.208568 7.454322 10.068951 0.023830 0.032258 0.045620 0.032258 0.032258 0.023826 0.032258 6790 7018
59 62.310000 60.320000 1000000 7.427369 10.150862 7.435771 10.055510 0.023831 0.032258 0.043596 0.029325 0.032258 0.023828 0.032258 7010 8413
59 62.310000 60.320000 1000000 7.375599 9.919321 7.358999 9.995881 0.023832 0.032258 0.043596 0.029327 0.032258 0.023829 0.032258 8410 8942
59 62.310000 60.320000 1000000 7.356679 9.916454 7.348344 9.979264 0.023832 0.032258 0.043599 0.029330 0.032258 0.023829 0.032258 8940 9401
59 62.310000 60.320000 1000000 7.349650 9.915737 7.349518 9.980241 0.023832 0.032258 0.043599 0.029330 0.032258 0.023829 0.032258 9400 12405
59 62.310000 60.320000 1000000 7.329866 9.912870 7.329733 9.956781 0.023829 0.032258 0.061866 0.052790 0.032258 0.023827 0.032258 12400 15022
59 62.310000 60.320000 1000000 7.281109 9.906418 7.279848 9.902040 0.023826 0.032258 0.056941 0.046922 0.032258 0.023823 0.032258 15020 17888
59 62.310000 60.320000 1000000 7.266023 9.903909 7.280235 9.890554 0.023825 0.032258 0.059383 0.049857 0.032258 0.023824 0.032258 17880 18444
59 62.310000 60.320000 1000000 7.260010 9.903192 7.272012 9.882490 0.023824 0.032258 0.064384 0.055720 0.032258 0.023822 0.032258 18440 18468
59 62.310000 60.320000 1000000 7.257441 9.902476 7.268496 9.874425 0.023825 0.032258 0.069520 0.061582 0.032258 0.023823 0.032258 18460 18692
59 62.310000 60.320000 1000000 7.252145 9.901759 7.263224 9.868560 0.023824 0.032258 0.069520 0.061582 0.032258 0.023822 0.032258 18690 25057
59 62.310000 60.320000 1000000 7.224867 9.785630 7.223485 9.835814 0.023826 0.032258 0.059379 0.049852 0.032258 0.023824 0.032258 25050 32290
59 62.310000 60.320000 1000000 7.187038 9.668068 7.173281 9.791336 0.023824 0.032258 0.054548 0.043987 0.032258 0.023822 0.032258 32290 35384
59 62.310000 60.320000 1000000 7.180071 9.667351 7.174447 9.792314 0.023824 0.032258 0.049941 0.038124 0.032258 0.023822 0.032258 35380 42848
59 62.310000 60.320000 1000000 7.173222 9.666634 7.175589 9.793291 0.023823 0.032258 0.054549 0.043989 0.032258 0.023822 0.032258 42840 47884
59 62.310000 60.320000 1000000 7.147045 9.660899 7.148448 9.744171 0.023828 0.032258 0.049939 0.038122 0.032258 0.023828 0.032258 47880 61293
59 62.310000 60.320000 1000000 7.118339 9.653014 7.112408 9.662060 0.023828 0.032258 0.064381 0.055717 0.032258 0.023829 0.032258 56670 71193
59 62.310000 60.320000 1000000 7.116520 9.652297 7.112712 9.663038 0.023829 0.032258 0.059378 0.049852 0.032258 0.023828 0.032258 71190 93721
59 62.310000 60.320000 1000000 7.108692 9.650863 7.104872 9.651308 0.023829 0.032258 0.059378 0.049852 0.032258 0.023828 0.032258 78710 123909
59 62.310000 60.320000 1000000 7.090138 9.648713 7.079279 9.627114 0.023828 0.032258 0.064380 0.055715 0.032258 0.023827 0.032258 81380 83929
59 62.310000 60.320000 1000000 7.049152 9.474878 7.017016 9.578727 0.023826 0.032258 0.072129 0.064513 0.032258 0.023826 0.032258 83920 139211
59 62.310000 60.320000 1000000 7.009158 9.469143 6.976463 9.531806 0.023825 0.032258 0.066935 0.058649 0.032258 0.023827 0.032258 133910 145590
59 62.310000 60.320000 1000000 6.981644 9.459824 6.981081 9.544514 0.023829 0.032258 0.072132 0.064517 0.032258 0.023826 0.032258 145590 147754
59 62.310000 60.320000 1000000 6.977626 9.459108 6.977063 9.538649 0.023830 0.032258 0.066940 0.058654 0.032258 0.023826 0.032258 147750 165989
59 62.310000 60.320000 1000000 6.930614 9.227209 6.904830 9.471445 0.023826 0.032258 0.074769 0.067452 0.032258 0.023822 0.032258 165980 186858
59 62.310000 60.320000 1000000 6.909331 9.223625 6.876726 9.433322 0.023826 0.032258 0.085501 0.079182 0.032258 0.023823 0.032258 186850 190442
59 62.310000 60.320000 1000000 6.876472 9.220040 6.869258 9.424524 0.023828 0.032258 0.064384 0.055720 0.032258 0.023822 0.032258 189820 191295
59 62.310000 60.320000 1000000 6.869433 9.219323 6.870433 9.425502 0.023828 0.032258 0.059383 0.049858 0.032258 0.023822 0.032258 191290 245872
59 62.310000 60.320000 1000000 6.866122 9.218607 6.867123 9.419637 0.023828 0.032258 0.054552 0.043993 0.032258 0.023823 0.032258 245870 272573
59 62.310000 60.320000 1000000 6.862873 9.217890 6.863876 9.413772 0.023828 0.032258 0.054551 0.043991 0.032258 0.023823 0.032258 272570 308286
59 62.310000 60.320000 1000000 6.845830 9.215739 6.842220 9.391778 0.023827 0.032258 0.064384 0.055720 0.032258 0.023822 0.032258 308280 417246
59 62.310000 60.320000 1000000 6.841740 9.215022 6.838123 9.385913 0.023828 0.032258 0.059382 0.049856 0.032258 0.023822 0.032258 417240 488197
59 62.310000 60.320000 1000000 6.829186 9.212872 6.825550 9.368317 0.023827 0.032258 0.074766 0.067449 0.032258 0.023822 0.032258 488190 491623
59 62.310000 60.320000 1000000 6.825151 9.212155 6.821508 9.362452 0.023828 0.032258 0.069522 0.061585 0.032258 0.023822 0.032258 491620 519914
59 62.310000 60.320000 1000000 6.802691 9.153015 6.792894 9.337281 0.023826 0.032258 0.061864 0.052788 0.032258 0.023820 0.032258 519910 555663
59 62.310000 60.320000 1000000 6.800234 9.152299 6.789501 9.329217 0.023827 0.032258 0.056943 0.046924 0.032258 0.023821 0.032258 555660 605553
59 62.310000 60.320000 1000000 6.793106 9.151582 6.790692 9.330194 0.023827 0.032258 0.052215 0.041059 0.032258 0.023821 0.032258 605550 674472
59 62.310000 60.320000 1000000 6.744554 8.920041 6.718196 9.270566 0.023819 0.032258 0.061865 0.052789 0.032258 0.023810 0.032258 674470 681268
59 62.310000 60.320000 1000000 6.739073 8.919324 6.712650 9.264701 0.023819 0.032258 0.066938 0.058652 0.032258 0.023810 0.032258 681260 741788
59 62.310000 60.320000 1000000 6.737422 8.918607 6.712928 9.265678 0.023819 0.032258 0.072132 0.064517 0.032258 0.023810 0.032258 741780 792377
59 62.310000 60.320000 1000000 6.730245 8.917891 6.714135 9.266656 0.023819 0.032258 0.066940 0.058655 0.032258 0.023809 0.032258 792370 847187
59 62.310000 60.320000 1000000 6.725505 8.917174 6.709361 9.260791 0.023819 0.032258 0.066942 0.058657 0.032258 0.023809 0.032258 847180 884072
59 62.310000 60.320000 1000000 6.718442 8.916457 6.710544 9.261768 0.023819 0.032258 0.066942 0.058657 0.032258 0.023809 0.032258 884070 959170
59 62.310000 60.320000 1000000 6.716910 8.915382 6.708196 9.248327 0.023820 0.032258 0.064388 0.055724 0.032258 0.023811 0.032258 959170 976268
59 62.310000 60.320000 1000000 6.710587 8.914665 6.699462 9.240263 0.023820 0.032258 0.059385 0.049860 0.032258 0.023812 0.032258 976260 1000000
59 62.310000 60.320000 1000000 6.710587 8.914665 6.699462 9.240263 0.023820 0.032258 0.059385 0.049860 0.032258 0.023812 0.032258 999990 1000000
