40 62.310000 60.320000 1000000 9.877564 13.364115 9.866579 13.164745 0.023812 0.032258 0.107591 0.102641 0.032258 0.023810 0.032258 0 50
40 62.310000 60.320000 1000000 9.703256 13.339025 9.686925 12.955066 0.023820 0.032258 0.074766 0.067449 0.032258 0.023820 0.032258 50 60
40 62.310000 60.320000 1000000 9.688347 13.335441 9.669479 12.919143 0.023817 0.032258 0.074766 0.067449 0.032258 0.023817 0.032258 60 72
40 62.310000 60.320000 1000000 9.624206 13.328272 9.651725 12.901792 0.023820 0.032258 0.080097 0.073314 0.032258 0.023815 0.032258 70 89
40 62.310000 60.320000 1000000 9.622791 13.327555 9.651959 12.902769 0.023820 0.032258 0.085498 0.079179 0.032258 0.023815 0.032258 80 98
40 62.310000 60.320000 1000000 9.588892 13.323971 9.648305 12.898615 0.023818 0.032258 0.090958 0.085046 0.032258 0.023814 0.032258 90 100
40 62.310000 60.320000 1000000 9.541227 13.315369 9.596097 12.817237 0.023813 0.032258 0.096458 0.090904 0.032258 0.023805 0.032258 100 113
40 62.310000 60.320000 1000000 9.515368 13.199957 9.557186 12.790355 0.023819 0.032258 0.090952 0.085039 0.032258 0.023813 0.032258 110 129
40 62.310000 60.320000 1000000 9.511252 13.199240 9.553124 12.784490 0.023819 0.032258 0.085493 0.079174 0.032258 0.023813 0.032258 120 133
40 62.310000 60.320000 1000000 9.496982 13.190996 9.541180 12.714352 0.023816 0.032258 0.082788 0.076245 0.032258 0.023810 0.032258 130 151
40 62.310000 60.320000 1000000 9.392055 13.061248 9.425718 12.577010 0.023812 0.032258 0.088223 0.082114 0.032258 0.023806 0.032258 150 268
40 62.310000 60.320000 1000000 9.366489 12.945836 9.386995 12.550129 0.023817 0.032258 0.082792 0.076249 0.032258 0.023813 0.032258 170 205
40 62.310000 60.320000 1000000 9.306970 12.880961 9.316356 12.473638 0.023818 0.032258 0.059382 0.049856 0.032258 0.023814 0.032258 200 219
40 62.310000 60.320000 1000000 9.300686 12.880245 9.307739 12.465573 0.023818 0.032258 0.059382 0.049856 0.032258 0.023814 0.032258 210 303
40 62.310000 60.320000 1000000 9.237454 12.867341 9.243012 12.347049 0.023809 0.032258 0.074762 0.067444 0.032258 0.023802 0.032258 300 324
40 62.310000 60.320000 1000000 9.224535 12.809635 9.223289 12.333608 0.023812 0.032258 0.072127 0.064512 0.032258 0.023807 0.032258 320 376
40 62.310000 60.320000 1000000 9.220776 12.808919 9.219529 12.327743 0.023812 0.032258 0.066933 0.058647 0.032258 0.023806 0.032258 370 498
40 62.310000 60.320000 1000000 9.146099 12.462683 9.104642 12.247098 0.023823 0.032258 0.072129 0.064513 0.032258 0.023825 0.032258 380 503
40 62.310000 60.320000 1000000 8.957639 12.215372 8.945048 12.099982 0.023831 0.032258 0.066935 0.058649 0.032258 0.023828 0.032258 500 645
40 62.310000 60.320000 1000000 8.831206 11.973079 8.818404 11.966551 0.023829 0.032258 0.099230 0.093840 0.032258 0.023826 0.032258 580 774
40 62.310000 60.320000 1000000 8.742752 11.955874 8.735142 11.850960 0.023828 0.032258 0.056937 0.046918 0.032258 0.023825 0.032258 770 1093
40 62.310000 60.320000 1000000 8.726366 11.950140 8.723010 11.815280 0.023827 0.032258 0.061859 0.052783 0.032258 0.023824 0.032258 940 1178
40 62.310000 60.320000 1000000 8.718775 11.946555 8.724274 11.820168 0.023826 0.032258 0.077422 0.070382 0.032258 0.023824 0.032258 1090 1202
40 62.310000 60.320000 1000000 8.701687 11.942971 8.706361 11.788643 0.023823 0.032258 0.077424 0.070384 0.032258 0.023821 0.032258 1200 1652
40 62.310000 60.320000 1000000 8.430437 11.111074 8.297722 11.315527 0.023797 0.032258 0.170243 0.167159 0.032258 0.023809 0.032258 1650 2782
40 62.310000 60.320000 1000000 8.293218 11.095304 8.295479 11.291577 0.023811 0.032258 0.080095 0.073312 0.032258 0.023809 0.032258 2780 2841
40 62.310000 60.320000 1000000 8.291978 11.094228 8.293587 11.278137 0.023811 0.032258 0.082788 0.076245 0.032258 0.023810 0.032258 2840 3890
40 62.310000 60.320000 1000000 8.269801 10.978816 8.259653 11.251255 0.023807 0.032258 0.077421 0.070380 0.032258 0.023804 0.032258 2950 3058
40 62.310000 60.320000 1000000 8.258938 10.921111 8.242977 11.237814 0.023805 0.032258 0.080096 0.073313 0.032258 0.023800 0.032258 3050 3890
40 62.310000 60.320000 1000000 8.252626 10.920394 8.236628 11.231949 0.023807 0.032258 0.074765 0.067448 0.032258 0.023803 0.032258 3890 4577
40 62.310000 60.320000 1000000 8.248452 10.919677 8.232430 11.226084 0.023808 0.032258 0.080096 0.073313 0.032258 0.023803 0.032258 4570 6104
40 62.310000 60.320000 1000000 8.241711 10.917526 8.229628 11.222174 0.023809 0.032258 0.074769 0.067452 0.032258 0.023804 0.032258 6100 7295
40 62.310000 60.320000 1000000 8.222890 10.915376 8.223970 11.216065 0.023804 0.032258 0.074768 0.067451 0.032258 0.023802 0.032258 7290 8880
40 62.310000 60.320000 1000000 8.219566 10.914659 8.220647 11.210199 0.023804 0.032258 0.080097 0.073314 0.032258 0.023802 0.032258 8880 9195
40 62.310000 60.320000 1000000 8.208698 10.856953 8.204032 11.196759 0.023802 0.032258 0.077423 0.070383 0.032258 0.023798 0.032258 9190 9462
40 62.310000 60.320000 1000000 8.202374 10.856236 8.197698 11.190894 0.023804 0.032258 0.072133 0.064518 0.032258 0.023801 0.032258 9460 10846
40 62.310000 60.320000 1000000 8.191138 10.854803 8.182208 11.174765 0.023800 0.032258 0.082791 0.076248 0.032258 0.023795 0.032258 9860 10894
40 62.310000 60.320000 1000000 8.184645 10.854086 8.183293 11.175742 0.023799 0.032258 0.082790 0.076247 0.032258 0.023796 0.032258 10890 12949
40 62.310000 60.320000 1000000 8.096881 10.841183 8.094113 11.060884 0.023808 0.032258 0.072130 0.064515 0.032258 0.023805 0.032258 12940 18938
40 62.310000 60.320000 1000000 8.077178 10.836881 8.073476 11.025938 0.023807 0.032258 0.072127 0.064511 0.032258 0.023805 0.032258 18930 19769
40 62.310000 60.320000 1000000 8.065926 10.779175 8.056244 11.012497 0.023806 0.032258 0.069517 0.061579 0.032258 0.023803 0.032258 19760 20461
40 62.310000 60.320000 1000000 8.061531 10.778459 8.051833 11.006632 0.023807 0.032258 0.069519 0.061581 0.032258 0.023804 0.032258 20460 22770
40 62.310000 60.320000 1000000 8.058064 10.777742 8.048353 11.000767 0.023808 0.032258 0.069517 0.061579 0.032258 0.023805 0.032258 22770 31090
40 62.310000 60.320000 1000000 7.992725 10.766272 7.981393 10.897640 0.023816 0.032258 0.069516 0.061578 0.032258 0.023814 0.032258 31090 31240
40 62.310000 60.320000 1000000 7.988286 10.765556 7.976934 10.891775 0.023818 0.032258 0.064378 0.055713 0.032258 0.023816 0.032258 31240 33939
40 62.310000 60.320000 1000000 7.985655 10.764839 7.973301 10.883710 0.023818 0.032258 0.064379 0.055714 0.032258 0.023817 0.032258 33930 36476
40 62.310000 60.320000 1000000 7.978773 10.764122 7.974452 10.884687 0.023818 0.032258 0.064378 0.055713 0.032258 0.023817 0.032258 36470 56104
40 62.310000 60.320000 1000000 7.973485 10.761971 7.975333 10.887620 0.023819 0.032258 0.054548 0.043987 0.032258 0.023817 0.032258 37250 55882
40 62.310000 60.320000 1000000 7.921710 10.751935 7.927607 10.819194 0.023822 0.032258 0.074767 0.067450 0.032258 0.023818 0.032258 40580 56104
40 62.310000 60.320000 1000000 7.829690 10.289571 7.786437 10.703603 0.023810 0.032258 0.090959 0.085046 0.032258 0.023802 0.032258 56100 58473
40 62.310000 60.320000 1000000 7.822518 10.288854 7.787650 10.704580 0.023810 0.032258 0.085502 0.079183 0.032258 0.023801 0.032258 58470 65477
40 62.310000 60.320000 1000000 7.776769 10.279535 7.741276 10.628334 0.023816 0.032258 0.090958 0.085046 0.032258 0.023810 0.032258 65470 66335
40 62.310000 60.320000 1000000 7.775390 10.278460 7.739141 10.614893 0.023817 0.032258 0.088222 0.082113 0.032258 0.023811 0.032258 66330 66346
40 62.310000 60.320000 1000000 7.764708 10.220754 7.722572 10.601452 0.023813 0.032258 0.090958 0.085046 0.032258 0.023806 0.032258 66340 72306
40 62.310000 60.320000 1000000 7.698110 10.213586 7.727253 10.604385 0.023806 0.032258 0.107590 0.102640 0.032258 0.023808 0.032258 72300 82260
40 62.310000 60.320000 1000000 7.679005 10.201041 7.700965 10.450671 0.023809 0.032258 0.127321 0.123167 0.032258 0.023812 0.032258 82260 83633
40 62.310000 60.320000 1000000 7.674076 10.200324 7.696078 10.444806 0.023810 0.032258 0.121657 0.117302 0.032258 0.023812 0.032258 83630 91242
40 62.310000 60.320000 1000000 7.660840 10.198891 7.678016 10.428677 0.023812 0.032258 0.110390 0.105572 0.032258 0.023815 0.032258 87010 91187
40 62.310000 60.320000 1000000 7.654377 10.198174 7.669186 10.420613 0.023812 0.032258 0.104796 0.099708 0.032258 0.023815 0.032258 91180 96739
40 62.310000 60.320000 1000000 7.650372 10.197457 7.665204 10.414748 0.023812 0.032258 0.104798 0.099710 0.032258 0.023815 0.032258 96730 134460
40 62.310000 60.320000 1000000 7.588562 10.183837 7.612212 10.293046 0.023815 0.032258 0.127321 0.123166 0.032258 0.023828 0.032258 124000 137153
40 62.310000 60.320000 1000000 7.566176 10.068425 7.578252 10.266164 0.023812 0.032258 0.121656 0.117301 0.032258 0.023823 0.032258 136450 146232
40 62.310000 60.320000 1000000 7.562106 10.067708 7.574201 10.260299 0.023812 0.032258 0.121656 0.117301 0.032258 0.023823 0.032258 146230 146343
40 62.310000 60.320000 1000000 7.557039 10.066991 7.569159 10.254434 0.023813 0.032258 0.116012 0.111437 0.032258 0.023824 0.032258 146340 157695
40 62.310000 60.320000 1000000 7.513937 9.942977 7.539456 10.239282 0.023815 0.032258 0.056943 0.046924 0.032258 0.023815 0.032258 152900 212827
40 62.310000 60.320000 1000000 7.503882 9.941544 7.529502 10.227552 0.023816 0.032258 0.056943 0.046924 0.032258 0.023816 0.032258 191760 275951
40 62.310000 60.320000 1000000 7.413250 9.930074 7.414025 10.107318 0.023821 0.032258 0.061860 0.052784 0.032258 0.023819 0.032258 275950 306924
40 62.310000 60.320000 1000000 7.402867 9.926131 7.409369 10.067973 0.023820 0.032258 0.059379 0.049853 0.032258 0.023820 0.032258 306920 372709
40 62.310000 60.320000 1000000 7.325997 9.803551 7.320612 9.982441 0.023814 0.032258 0.069520 0.061582 0.032258 0.023812 0.032258 331130 388661
40 62.310000 60.320000 1000000 7.304889 9.799250 7.301549 9.940408 0.023811 0.032258 0.074762 0.067444 0.032258 0.023810 0.032258 388660 412847
40 62.310000 60.320000 1000000 7.293641 9.741544 7.284320 9.926967 0.023809 0.032258 0.072128 0.064512 0.032258 0.023807 0.032258 412840 436222
40 62.310000 60.320000 1000000 7.290135 9.740827 7.280801 9.921102 0.023810 0.032258 0.072128 0.064512 0.032258 0.023808 0.032258 436220 437861
40 62.310000 60.320000 1000000 7.285669 9.740110 7.276318 9.915237 0.023812 0.032258 0.066934 0.058648 0.032258 0.023810 0.032258 437860 583810
40 62.310000 60.320000 1000000 7.278077 9.737243 7.273727 9.910105 0.023813 0.032258 0.056940 0.046921 0.032258 0.023810 0.032258 583810 651787
40 62.310000 60.320000 1000000 7.263460 9.735093 7.256869 9.890310 0.023815 0.032258 0.061865 0.052789 0.032258 0.023811 0.032258 651780 661072
40 62.310000 60.320000 1000000 7.258155 9.734376 7.251549 9.884445 0.023817 0.032258 0.056943 0.046924 0.032258 0.023813 0.032258 661070 705924
40 62.310000 60.320000 1000000 7.249661 9.732225 7.246866 9.880535 0.023818 0.032258 0.061865 0.052789 0.032258 0.023815 0.032258 705920 758084
40 62.310000 60.320000 1000000 7.204002 9.725057 7.200204 9.819684 0.023820 0.032258 0.066940 0.058654 0.032258 0.023817 0.032258 758080 819868
40 62.310000 60.320000 1000000 7.199632 9.724340 7.195827 9.813819 0.023821 0.032258 0.066940 0.058654 0.032258 0.023818 0.032258 819860 857131
40 62.310000 60.320000 1000000 7.192701 9.723623 7.196982 9.814797 0.023821 0.032258 0.066939 0.058654 0.032258 0.023818 0.032258 857130 912105
40 62.310000 60.320000 1000000 7.189114 9.722906 7.193401 9.808932 0.023822 0.032258 0.061864 0.052788 0.032258 0.023819 0.032258 912100 1000000
40 62.310000 60.320000 1000000 7.189114 9.722906 7.193401 9.808932 0.023822 0.032258 0.061864 0.052788 0.032258 0.023819 0.032258 999990 1000000
