6 62.310000 60.320000 1000000 9.823211 13.189205 9.841126 13.137130 0.023804 0.032258 0.130160 0.126100 0.032258 0.023803 0.032258 0 50
6 62.310000 60.320000 1000000 9.708433 13.116445 9.716979 13.007609 0.023802 0.032258 0.138701 0.134898 0.032258 0.023801 0.032258 50 64
6 62.310000 60.320000 1000000 9.576609 13.096373 9.585513 12.843385 0.023825 0.032258 0.082790 0.076247 0.032258 0.023822 0.032258 60 72
6 62.310000 60.320000 1000000 9.503494 12.974510 9.533039 12.791088 0.023829 0.032258 0.072132 0.064517 0.032258 0.023826 0.032258 70 82
6 62.310000 60.320000 1000000 9.501339 12.972359 9.529776 12.764206 0.023828 0.032258 0.077423 0.070382 0.032258 0.023825 0.032258 80 99
6 62.310000 60.320000 1000000 9.482701 12.913936 9.502515 12.742700 0.023830 0.032258 0.069522 0.061585 0.032258 0.023827 0.032258 90 106
6 62.310000 60.320000 1000000 9.439793 12.852646 9.464911 12.709220 0.023831 0.032258 0.061863 0.052787 0.032258 0.023829 0.032258 100 111
6 62.310000 60.320000 1000000 9.412598 12.846553 9.437366 12.654724 0.023829 0.032258 0.074769 0.067452 0.032258 0.023825 0.032258 110 120
6 62.310000 60.320000 1000000 9.352228 12.838668 9.385616 12.597050 0.023824 0.032258 0.118834 0.114372 0.032258 0.023820 0.032258 120 131
6 62.310000 60.320000 1000000 9.287575 12.827915 9.306780 12.502964 0.023823 0.032258 0.090955 0.085043 0.032258 0.023818 0.032258 130 156
6 62.310000 60.320000 1000000 9.281934 12.823972 9.298571 12.454576 0.023823 0.032258 0.093703 0.087976 0.032258 0.023817 0.032258 150 163
6 62.310000 60.320000 1000000 9.280405 12.823255 9.298824 12.455554 0.023822 0.032258 0.093703 0.087976 0.032258 0.023817 0.032258 160 216
6 62.310000 60.320000 1000000 9.263388 12.763399 9.280487 12.445045 0.023824 0.032258 0.090956 0.085043 0.032258 0.023820 0.032258 210 245
6 62.310000 60.320000 1000000 9.038448 12.228992 9.047299 12.233657 0.023829 0.032258 0.061864 0.052788 0.032258 0.023827 0.032258 240 358
6 62.310000 60.320000 1000000 8.975760 12.219673 8.982526 12.155212 0.023828 0.032258 0.088223 0.082114 0.032258 0.023825 0.032258 350 456
6 62.310000 60.320000 1000000 8.964643 12.218239 8.971434 12.143481 0.023828 0.032258 0.077424 0.070384 0.032258 0.023825 0.032258 420 513
6 62.310000 60.320000 1000000 8.871961 12.146196 8.888390 12.011272 0.023820 0.032258 0.130158 0.126097 0.032258 0.023817 0.032258 510 525
6 62.310000 60.320000 1000000 8.793884 12.130426 8.809939 11.880040 0.023823 0.032258 0.085494 0.079174 0.032258 0.023818 0.032258 520 541
6 62.310000 60.320000 1000000 8.790927 12.129709 8.806999 11.874175 0.023822 0.032258 0.085494 0.079174 0.032258 0.023817 0.032258 540 594
6 62.310000 60.320000 1000000 8.776247 12.126842 8.792399 11.850715 0.023819 0.032258 0.096460 0.090906 0.032258 0.023814 0.032258 570 680
6 62.310000 60.320000 1000000 8.697455 11.940821 8.713078 11.775690 0.023821 0.032258 0.072131 0.064515 0.032258 0.023818 0.032258 640 701
6 62.310000 60.320000 1000000 8.678757 11.927201 8.686995 11.608536 0.023820 0.032258 0.052212 0.041054 0.032258 0.023816 0.032258 700 780
6 62.310000 60.320000 1000000 8.675850 11.925767 8.687478 11.610491 0.023819 0.032258 0.047741 0.035194 0.032258 0.023816 0.032258 720 1099
6 62.310000 60.320000 1000000 8.662692 11.924333 8.669444 11.594362 0.023821 0.032258 0.043597 0.029328 0.032258 0.023818 0.032258 820 1162
6 62.310000 60.320000 1000000 8.648110 11.922900 8.671861 11.596317 0.023822 0.032258 0.047741 0.035194 0.032258 0.023818 0.032258 980 2153
6 62.310000 60.320000 1000000 8.457067 10.997454 8.382203 11.363668 0.023805 0.032258 0.082791 0.076248 0.032258 0.023799 0.032258 1810 2313
6 62.310000 60.320000 1000000 8.447531 10.996021 8.372409 11.351938 0.023805 0.032258 0.088222 0.082113 0.032258 0.023800 0.032258 1820 3400
6 62.310000 60.320000 1000000 8.247125 10.800681 8.263589 11.207755 0.023802 0.032258 0.085499 0.079180 0.032258 0.023797 0.032258 3400 3482
6 62.310000 60.320000 1000000 8.243850 10.799247 8.264131 11.209710 0.023802 0.032258 0.074771 0.067454 0.032258 0.023797 0.032258 3410 4114
6 62.310000 60.320000 1000000 8.237711 10.798530 8.258037 11.203845 0.023804 0.032258 0.074770 0.067453 0.032258 0.023799 0.032258 4110 5527
6 62.310000 60.320000 1000000 8.231329 10.797813 8.259091 11.204822 0.023802 0.032258 0.074770 0.067453 0.032258 0.023799 0.032258 5520 5584
6 62.310000 60.320000 1000000 8.220889 10.740107 8.243287 11.191382 0.023799 0.032258 0.077426 0.070386 0.032258 0.023793 0.032258 5580 6108
6 62.310000 60.320000 1000000 8.218476 10.739391 8.239996 11.183317 0.023799 0.032258 0.082790 0.076247 0.032258 0.023793 0.032258 6100 8294
6 62.310000 60.320000 1000000 8.016274 10.715018 7.999315 10.948714 0.023806 0.032258 0.088219 0.082110 0.032258 0.023802 0.032258 8290 13125
6 62.310000 60.320000 1000000 7.981561 10.706057 7.982366 10.888842 0.023809 0.032258 0.085496 0.079177 0.032258 0.023806 0.032258 11950 14745
6 62.310000 60.320000 1000000 7.896840 10.637599 7.891550 10.787425 0.023814 0.032258 0.072130 0.064515 0.032258 0.023811 0.032258 14740 24419
6 62.310000 60.320000 1000000 7.837313 10.627563 7.840085 10.712156 0.023816 0.032258 0.066939 0.058654 0.032258 0.023814 0.032258 24410 25866
6 62.310000 60.320000 1000000 7.833720 10.626846 7.836496 10.706291 0.023815 0.032258 0.072134 0.064519 0.032258 0.023813 0.032258 25860 28393
6 62.310000 60.320000 1000000 7.788842 10.617527 7.789322 10.627845 0.023817 0.032258 0.072132 0.064517 0.032258 0.023814 0.032258 28390 32898
6 62.310000 60.320000 1000000 7.787494 10.616452 7.787263 10.614405 0.023817 0.032258 0.074766 0.067449 0.032258 0.023815 0.032258 32890 36725
6 62.310000 60.320000 1000000 7.784704 10.615735 7.783425 10.606340 0.023818 0.032258 0.069521 0.061584 0.032258 0.023817 0.032258 36720 48038
6 62.310000 60.320000 1000000 7.665710 10.092798 7.605577 10.449449 0.023808 0.032258 0.088219 0.082109 0.032258 0.023808 0.032258 46810 55148
6 62.310000 60.320000 1000000 7.636278 10.089213 7.590374 10.436252 0.023812 0.032258 0.077420 0.070380 0.032258 0.023809 0.032258 55140 64097
6 62.310000 60.320000 1000000 7.630658 10.088497 7.584650 10.430387 0.023812 0.032258 0.072130 0.064515 0.032258 0.023810 0.032258 64090 72792
6 62.310000 60.320000 1000000 7.628747 10.087780 7.584974 10.431365 0.023813 0.032258 0.066936 0.058651 0.032258 0.023809 0.032258 72790 82907
6 62.310000 60.320000 1000000 7.622442 10.087063 7.576150 10.423300 0.023813 0.032258 0.072131 0.064516 0.032258 0.023810 0.032258 82900 83681
6 62.310000 60.320000 1000000 7.618609 10.086346 7.572246 10.417435 0.023812 0.032258 0.077421 0.070381 0.032258 0.023810 0.032258 83680 114576
6 62.310000 60.320000 1000000 7.509984 9.947637 7.520871 10.198717 0.023801 0.032258 0.124487 0.120234 0.032258 0.023809 0.032258 111220 135030
6 62.310000 60.320000 1000000 7.487663 9.888497 7.492945 10.173546 0.023800 0.032258 0.116011 0.111436 0.032258 0.023806 0.032258 135030 165073
6 62.310000 60.320000 1000000 7.484423 9.887780 7.489711 10.167681 0.023800 0.032258 0.116011 0.111436 0.032258 0.023806 0.032258 165070 221857
6 62.310000 60.320000 1000000 7.309361 9.742261 7.317381 9.953360 0.023812 0.032258 0.061862 0.052786 0.032258 0.023813 0.032258 221850 226704
6 62.310000 60.320000 1000000 7.307681 9.741544 7.317660 9.954338 0.023813 0.032258 0.056942 0.046923 0.032258 0.023813 0.032258 226700 263150
6 62.310000 60.320000 1000000 7.306468 9.740469 7.315813 9.940897 0.023813 0.032258 0.059381 0.049855 0.032258 0.023813 0.032258 263150 298114
6 62.310000 60.320000 1000000 7.300517 9.739752 7.309885 9.935032 0.023814 0.032258 0.059381 0.049855 0.032258 0.023815 0.032258 298110 315874
6 62.310000 60.320000 1000000 7.295292 9.739035 7.304680 9.929167 0.023816 0.032258 0.054550 0.043990 0.032258 0.023816 0.032258 315870 323275
6 62.310000 60.320000 1000000 7.282320 9.736885 7.299213 9.918414 0.023814 0.032258 0.069521 0.061584 0.032258 0.023817 0.032258 323270 537268
6 62.310000 60.320000 1000000 7.276466 9.736168 7.291216 9.910349 0.023813 0.032258 0.069521 0.061584 0.032258 0.023815 0.032258 537260 626466
6 62.310000 60.320000 1000000 7.268827 9.734017 7.287468 9.906439 0.023814 0.032258 0.069522 0.061585 0.032258 0.023816 0.032258 626460 692446
6 62.310000 60.320000 1000000 7.213667 9.726849 7.232736 9.847789 0.023816 0.032258 0.069521 0.061584 0.032258 0.023817 0.032258 692440 698970
6 62.310000 60.320000 1000000 7.207765 9.726132 7.224681 9.839724 0.023815 0.032258 0.064384 0.055720 0.032258 0.023815 0.032258 698970 742558
6 62.310000 60.320000 1000000 7.206524 9.725057 7.222799 9.826283 0.023815 0.032258 0.066937 0.058651 0.032258 0.023815 0.032258 742550 797726
6 62.310000 60.320000 1000000 7.198151 9.722906 7.218286 9.822373 0.023814 0.032258 0.077422 0.070382 0.032258 0.023813 0.032258 797720 902593
6 62.310000 60.320000 1000000 7.191624 9.722189 7.219363 9.823351 0.023812 0.032258 0.082790 0.076247 0.032258 0.023814 0.032258 902590 944754
6 62.310000 60.320000 1000000 7.176524 9.718247 7.201879 9.782051 0.023816 0.032258 0.069523 0.061586 0.032258 0.023817 0.032258 944750 1000000
6 62.310000 60.320000 1000000 7.176524 9.718247 7.201879 9.782051 0.023816 0.032258 0.069523 0.061586 0.032258 0.023817 0.032258 999990 1000000
