37 62.310000 60.320000 1000000 8.828892 12.015056 8.824295 11.865882 0.023829 0.032258 0.045623 0.032263 0.032258 0.023827 0.032258 0 50
37 62.310000 60.320000 1000000 8.538189 11.359493 8.547509 11.610259 0.023823 0.032258 0.056941 0.046922 0.032258 0.023821 0.032258 50 61
37 62.310000 60.320000 1000000 8.446347 11.347307 8.449020 11.499799 0.023829 0.032258 0.056944 0.046926 0.032258 0.023828 0.032258 60 73
37 62.310000 60.320000 1000000 8.442114 11.344440 8.445439 11.473895 0.023829 0.032258 0.056941 0.046922 0.032258 0.023828 0.032258 70 91
37 62.310000 60.320000 1000000 8.398509 11.169886 8.383962 11.421842 0.023826 0.032258 0.054550 0.043989 0.032258 0.023823 0.032258 90 140
37 62.310000 60.320000 1000000 8.198039 11.046230 8.123603 10.024970 0.023636 0.032258 0.563971 0.563047 0.032258 0.023554 0.032258 140 169
37 62.310000 60.320000 1000000 8.114041 11.031893 8.037226 9.907668 0.023649 0.032258 0.552260 0.551317 0.032258 0.023572 0.032258 150 199
37 62.310000 60.320000 1000000 6.764036 7.986020 6.873691 8.651805 0.022757 0.032258 0.962419 0.961878 0.032258 0.022719 0.032258 190 206
37 62.310000 60.320000 1000000 6.755702 7.985303 6.865751 8.645940 0.022768 0.032258 0.956557 0.956013 0.032258 0.022728 0.032258 200 217
37 62.310000 60.320000 1000000 6.571021 7.949461 6.690279 8.352685 0.022795 0.032258 0.663542 0.662758 0.032258 0.022719 0.032258 210 266
37 62.310000 60.320000 1000000 6.145081 7.912185 6.117349 7.930641 0.023135 0.032258 0.394286 0.392964 0.032258 0.023114 0.032258 220 238
37 62.310000 60.320000 1000000 6.137304 7.908242 6.106124 7.882254 0.023125 0.032258 0.397205 0.395893 0.032258 0.023100 0.032258 230 266
37 62.310000 60.320000 1000000 5.563891 7.850178 5.605446 7.465101 0.023791 0.032258 0.080097 0.073314 0.032258 0.023777 0.032258 260 375
37 62.310000 60.320000 1000000 5.366799 7.204651 5.336756 7.229274 0.023829 0.032258 0.061861 0.052784 0.032258 0.023828 0.032258 280 524
37 62.310000 60.320000 1000000 5.338546 7.144794 5.301873 7.198238 0.023828 0.032258 0.054549 0.043988 0.032258 0.023830 0.032258 520 606
37 62.310000 60.320000 1000000 5.305605 7.141210 5.302695 7.196283 0.023832 0.032258 0.038235 0.020526 0.032258 0.023829 0.032258 600 721
37 62.310000 60.320000 1000000 5.302445 7.140493 5.299530 7.190418 0.023832 0.032258 0.041679 0.026392 0.032258 0.023829 0.032258 720 840
37 62.310000 60.320000 1000000 5.298494 7.139776 5.295572 7.184553 0.023832 0.032258 0.041679 0.026392 0.032258 0.023829 0.032258 840 893
37 62.310000 60.320000 1000000 5.293622 7.139059 5.290693 7.178687 0.023832 0.032258 0.038235 0.020526 0.032258 0.023830 0.032258 890 1184
37 62.310000 60.320000 1000000 5.286958 7.136909 5.284114 7.163536 0.023833 0.032258 0.035434 0.014661 0.032258 0.023831 0.032258 1180 1216
37 62.310000 60.320000 1000000 5.285757 7.135834 5.282276 7.150095 0.023833 0.032258 0.036744 0.017593 0.032258 0.023831 0.032258 1210 1557
37 62.310000 60.320000 1000000 5.281875 7.135117 5.278387 7.144230 0.023833 0.032258 0.039885 0.023456 0.032258 0.023831 0.032258 1550 2882
37 62.310000 60.320000 1000000 5.278621 7.133683 5.278930 7.146185 0.023833 0.032258 0.036745 0.017596 0.032258 0.023831 0.032258 2150 2964
37 62.310000 60.320000 1000000 5.276211 7.132966 5.275617 7.138121 0.023833 0.032258 0.034325 0.011731 0.032258 0.023831 0.032258 2960 4083
37 62.310000 60.320000 1000000 5.269260 7.132249 5.276773 7.139098 0.023833 0.032258 0.036745 0.017596 0.032258 0.023831 0.032258 4080 4835
37 62.310000 60.320000 1000000 5.263649 7.131533 5.271186 7.133233 0.023833 0.032258 0.036746 0.017598 0.032258 0.023831 0.032258 4830 18072
37 62.310000 60.320000 1000000 5.260499 7.130816 5.268049 7.127368 0.023833 0.032258 0.036747 0.017599 0.032258 0.023831 0.032258 18070 24203
37 62.310000 60.320000 1000000 5.255011 7.130099 5.262585 7.121503 0.023833 0.032258 0.039890 0.023464 0.032258 0.023831 0.032258 24200 48087
37 62.310000 60.320000 1000000 5.253425 7.129382 5.262848 7.122480 0.023833 0.032258 0.043598 0.029330 0.032258 0.023831 0.032258 48080 50362
37 62.310000 60.320000 1000000 5.241718 7.071675 5.245027 7.109039 0.023833 0.032258 0.041682 0.026397 0.032258 0.023830 0.032258 50360 51264
37 62.310000 60.320000 1000000 5.236820 7.070959 5.240138 7.103174 0.023834 0.032258 0.038238 0.020532 0.032258 0.023831 0.032258 51260 54779
37 62.310000 60.320000 1000000 5.230480 7.070242 5.231431 7.095110 0.023834 0.032258 0.035436 0.014667 0.032258 0.023831 0.032258 54770 75659
37 62.310000 60.320000 1000000 5.225047 7.069525 5.226001 7.089245 0.023833 0.032258 0.038238 0.020532 0.032258 0.023831 0.032258 75650 82368
37 62.310000 60.320000 1000000 5.220234 7.068808 5.221191 7.083380 0.023834 0.032258 0.035437 0.014669 0.032258 0.023831 0.032258 82360 166921
37 62.310000 60.320000 1000000 5.217839 7.066657 5.217532 7.056498 0.023834 0.032258 0.035435 0.014665 0.032258 0.023831 0.032258 118510 201241
37 62.310000 60.320000 1000000 5.206213 7.008951 5.199736 7.043057 0.023833 0.032258 0.036746 0.017597 0.032258 0.023830 0.032258 201240 211902
37 62.310000 60.320000 1000000 5.202260 7.008234 5.195768 7.037192 0.023833 0.032258 0.039886 0.023459 0.032258 0.023830 0.032258 211900 247021
37 62.310000 60.320000 1000000 5.192666 7.006083 5.184308 7.015198 0.023834 0.032258 0.036745 0.017595 0.032258 0.023831 0.032258 247020 280866
37 62.310000 60.320000 1000000 5.186338 7.005367 5.175560 7.007134 0.023834 0.032258 0.036745 0.017595 0.032258 0.023832 0.032258 280860 298711
37 62.310000 60.320000 1000000 5.185167 7.004291 5.173758 6.993693 0.023834 0.032258 0.038236 0.020527 0.032258 0.023831 0.032258 298710 338565
37 62.310000 60.320000 1000000 5.173392 7.002141 5.161905 6.976097 0.023833 0.032258 0.041680 0.026394 0.032258 0.023831 0.032258 338560 517051
37 62.310000 60.320000 1000000 5.170201 7.000707 5.162440 6.978052 0.023833 0.032258 0.038239 0.020534 0.032258 0.023831 0.032258 457370 721478
37 62.310000 60.320000 1000000 5.153608 6.998557 5.161549 6.971943 0.023834 0.032258 0.035437 0.014669 0.032258 0.023831 0.032258 721470 740003
37 62.310000 60.320000 1000000 5.129344 6.939416 5.126437 6.942373 0.023833 0.032258 0.034326 0.011734 0.032258 0.023830 0.032258 740000 865913
37 62.310000 60.320000 1000000 5.125323 6.938699 5.122410 6.936508 0.023834 0.032258 0.034326 0.011733 0.032258 0.023831 0.032258 865910 957053
37 62.310000 60.320000 1000000 5.120497 6.937982 5.117575 6.930643 0.023834 0.032258 0.032788 0.005869 0.032258 0.023831 0.032258 957050 1000000
37 62.310000 60.320000 1000000 5.120497 6.937982 5.117575 6.930643 0.023834 0.032258 0.032788 0.005869 0.032258 0.023831 0.032258 999990 1000000
