13 62.310000 60.320000 1000000 8.786014 12.067744 8.785873 11.831669 0.023828 0.032258 0.047740 0.035192 0.032258 0.023824 0.032258 0 53
13 62.310000 60.320000 1000000 8.699399 12.000002 8.724172 11.761288 0.023823 0.032258 0.085500 0.079181 0.032258 0.023819 0.032258 50 73
13 62.310000 60.320000 1000000 8.459230 11.295335 8.470097 11.550631 0.023824 0.032258 0.064384 0.055720 0.032258 0.023821 0.032258 70 90
13 62.310000 60.320000 1000000 8.413670 11.288884 8.414358 11.498334 0.023826 0.032258 0.049942 0.038126 0.032258 0.023822 0.032258 90 102
13 62.310000 60.320000 1000000 8.389710 11.280640 8.382567 11.403758 0.023829 0.032258 0.061860 0.052784 0.032258 0.023827 0.032258 100 112
13 62.310000 60.320000 1000000 8.382876 11.279923 8.383708 11.404736 0.023829 0.032258 0.066935 0.058649 0.032258 0.023828 0.032258 110 124
13 62.310000 60.320000 1000000 8.332595 11.269887 8.369747 11.395694 0.023826 0.032258 0.093707 0.087979 0.032258 0.023827 0.032258 120 150
13 62.310000 60.320000 1000000 8.282376 11.149456 8.307077 11.325556 0.023825 0.032258 0.104796 0.099708 0.032258 0.023824 0.032258 150 171
13 62.310000 60.320000 1000000 8.058496 10.574898 8.097944 11.136161 0.023729 0.032258 0.473242 0.472142 0.032258 0.023805 0.032258 170 279
13 62.310000 60.320000 1000000 7.978455 10.113246 7.976518 11.028634 0.023687 0.032258 0.496651 0.495602 0.032258 0.023741 0.032258 180 212
13 62.310000 60.320000 1000000 7.798991 10.086723 7.746615 10.758838 0.023679 0.032258 0.566900 0.565981 0.032258 0.023744 0.032258 190 200
13 62.310000 60.320000 1000000 7.480364 9.707514 7.533551 10.500773 0.023686 0.032258 0.438140 0.436951 0.032258 0.023734 0.032258 200 273
13 62.310000 60.320000 1000000 6.913958 9.410383 6.972150 9.235135 0.023664 0.032258 0.359224 0.357772 0.032258 0.023700 0.032258 220 268
13 62.310000 60.320000 1000000 6.659725 9.353753 6.709680 8.708500 0.023601 0.032258 0.353380 0.351905 0.032258 0.023609 0.032258 230 261
13 62.310000 60.320000 1000000 6.500637 9.088522 6.520161 8.317494 0.023599 0.032258 0.155862 0.152488 0.032258 0.023598 0.032258 260 283
13 62.310000 60.320000 1000000 6.060742 7.794621 5.927401 7.817983 0.023563 0.032258 0.225195 0.222872 0.032258 0.023609 0.032258 280 364
13 62.310000 60.320000 1000000 6.041147 7.791037 5.906444 7.788658 0.023545 0.032258 0.202005 0.199413 0.032258 0.023595 0.032258 300 361
13 62.310000 60.320000 1000000 5.845584 7.768815 5.623413 7.558452 0.023631 0.032258 0.167363 0.164225 0.032258 0.023858 0.032258 360 373
13 62.310000 60.320000 1000000 5.834114 7.765947 5.612304 7.541835 0.023622 0.032258 0.167360 0.164221 0.032258 0.023856 0.032258 370 489
13 62.310000 60.320000 1000000 5.689267 7.755195 5.638248 7.556497 0.023792 0.032258 0.082789 0.076246 0.032258 0.023816 0.032258 380 531
13 62.310000 60.320000 1000000 5.603944 7.746592 5.648935 7.559186 0.023814 0.032258 0.077420 0.070379 0.032258 0.023811 0.032258 530 569
13 62.310000 60.320000 1000000 5.480477 7.394617 5.471547 7.416224 0.023833 0.032258 0.036745 0.017596 0.032258 0.023830 0.032258 560 578
13 62.310000 60.320000 1000000 5.473390 7.393901 5.472731 7.417201 0.023833 0.032258 0.034325 0.011731 0.032258 0.023830 0.032258 570 722
13 62.310000 60.320000 1000000 5.471787 7.393184 5.472998 7.418179 0.023833 0.032258 0.034326 0.011735 0.032258 0.023830 0.032258 720 868
13 62.310000 60.320000 1000000 5.453718 7.334043 5.448809 7.393008 0.023833 0.032258 0.035437 0.014669 0.032258 0.023830 0.032258 860 1233
13 62.310000 60.320000 1000000 5.439385 7.331176 5.439912 7.369792 0.023834 0.032258 0.033438 0.008803 0.032258 0.023831 0.032258 1230 1440
13 62.310000 60.320000 1000000 5.438191 7.330101 5.438088 7.356351 0.023834 0.032258 0.034325 0.011732 0.032258 0.023831 0.032258 1440 2053
13 62.310000 60.320000 1000000 5.432662 7.329384 5.432559 7.350486 0.023834 0.032258 0.036746 0.017597 0.032258 0.023831 0.032258 2050 3178
13 62.310000 60.320000 1000000 5.423194 7.327233 5.424962 7.339733 0.023833 0.032258 0.039889 0.023463 0.032258 0.023831 0.032258 3170 3645
13 62.310000 60.320000 1000000 5.421630 7.326516 5.425222 7.340711 0.023833 0.032258 0.043598 0.029328 0.032258 0.023831 0.032258 3640 3896
13 62.310000 60.320000 1000000 5.419284 7.325800 5.422002 7.332646 0.023833 0.032258 0.043598 0.029328 0.032258 0.023830 0.032258 3890 7097
13 62.310000 60.320000 1000000 5.416072 7.325083 5.418795 7.326781 0.023833 0.032258 0.039889 0.023463 0.032258 0.023830 0.032258 7090 7955
13 62.310000 60.320000 1000000 5.409693 7.324366 5.410031 7.318717 0.023834 0.032258 0.036747 0.017599 0.032258 0.023831 0.032258 7950 8607
13 62.310000 60.320000 1000000 5.404867 7.323649 5.405206 7.312852 0.023834 0.032258 0.034326 0.011733 0.032258 0.023831 0.032258 8600 10208
13 62.310000 60.320000 1000000 5.400153 7.322932 5.400493 7.306986 0.023834 0.032258 0.034326 0.011733 0.032258 0.023831 0.032258 10200 13911
13 62.310000 60.320000 1000000 5.396992 7.322215 5.397332 7.301121 0.023834 0.032258 0.032788 0.005870 0.032258 0.023831 0.032258 13910 18831
13 62.310000 60.320000 1000000 5.391482 7.321499 5.391824 7.295256 0.023834 0.032258 0.032788 0.005872 0.032258 0.023831 0.032258 18830 65116
13 62.310000 60.320000 1000000 5.390288 7.320423 5.389999 7.281815 0.023834 0.032258 0.032392 0.002939 0.032258 0.023831 0.032258 65110 75900
13 62.310000 60.320000 1000000 5.376267 7.318273 5.373103 7.266664 0.023833 0.032258 0.035436 0.014668 0.032258 0.023830 0.032258 75900 92583
13 62.310000 60.320000 1000000 5.366820 7.315405 5.370747 7.240760 0.023833 0.032258 0.035434 0.014663 0.032258 0.023830 0.032258 92580 115424
13 62.310000 60.320000 1000000 5.365290 7.314689 5.371001 7.241738 0.023833 0.032258 0.035436 0.014667 0.032258 0.023830 0.032258 115420 136175
13 62.310000 60.320000 1000000 5.330646 7.197125 5.323854 7.197260 0.023833 0.032258 0.045622 0.032260 0.032258 0.023831 0.032258 136170 204647
13 62.310000 60.320000 1000000 5.320317 7.194974 5.311690 7.175266 0.023833 0.032258 0.035437 0.014669 0.032258 0.023831 0.032258 204640 284741
13 62.310000 60.320000 1000000 5.299904 7.192824 5.305472 7.169157 0.023833 0.032258 0.035436 0.014667 0.032258 0.023831 0.032258 284740 331108
13 62.310000 60.320000 1000000 5.293789 7.192107 5.297083 7.161092 0.023832 0.032258 0.038238 0.020532 0.032258 0.023829 0.032258 331100 344993
13 62.310000 60.320000 1000000 5.280171 7.189956 5.283492 7.143497 0.023833 0.032258 0.035435 0.014665 0.032258 0.023830 0.032258 344990 415421
13 62.310000 60.320000 1000000 5.274744 7.189239 5.278075 7.137632 0.023833 0.032258 0.035436 0.014667 0.032258 0.023829 0.032258 415420 482952
13 62.310000 60.320000 1000000 5.272394 7.188522 5.274849 7.129568 0.023832 0.032258 0.038238 0.020531 0.032258 0.023829 0.032258 482950 712468
13 62.310000 60.320000 1000000 5.267581 7.187806 5.270042 7.123703 0.023833 0.032258 0.035436 0.014668 0.032258 0.023829 0.032258 712460 726150
13 62.310000 60.320000 1000000 5.262884 7.187089 5.265352 7.117837 0.023832 0.032258 0.035436 0.014668 0.032258 0.023829 0.032258 726150 786202
13 62.310000 60.320000 1000000 5.261306 7.186372 5.265615 7.118815 0.023832 0.032258 0.035437 0.014669 0.032258 0.023829 0.032258 786200 923542
13 62.310000 60.320000 1000000 5.258152 7.185655 5.262469 7.112950 0.023832 0.032258 0.035437 0.014669 0.032258 0.023829 0.032258 923540 1000000
13 62.310000 60.320000 1000000 5.258152 7.185655 5.262469 7.112950 0.023832 0.032258 0.035437 0.014669 0.032258 0.023829 0.032258 999990 1000000
