40 62.310000 60.320000 1000000 9.336188 12.728671 9.373603 12.637874 0.023831 0.032258 0.061866 0.052790 0.032258 0.023829 0.032258 0 51
40 62.310000 60.320000 1000000 9.041268 12.239786 9.090087 12.373946 0.023820 0.032258 0.110398 0.105580 0.032258 0.023822 0.032258 50 61
40 62.310000 60.320000 1000000 9.037914 12.239070 9.086787 12.368081 0.023821 0.032258 0.110399 0.105581 0.032258 0.023823 0.032258 60 72
40 62.310000 60.320000 1000000 8.980738 12.228675 9.012766 12.258355 0.023825 0.032258 0.064390 0.055726 0.032258 0.023825 0.032258 70 83
40 62.310000 60.320000 1000000 8.889935 11.982439 8.907789 12.050388 0.023825 0.032258 0.110395 0.105576 0.032258 0.023825 0.032258 80 99
40 62.310000 60.320000 1000000 8.836316 11.919714 8.832478 11.980495 0.023819 0.032258 0.118831 0.114369 0.032258 0.023816 0.032258 90 122
40 62.310000 60.320000 1000000 8.732444 11.841219 8.724890 11.816027 0.023830 0.032258 0.093701 0.087973 0.032258 0.023827 0.032258 120 149
40 62.310000 60.320000 1000000 8.720538 11.836918 8.711696 11.771550 0.023830 0.032258 0.099228 0.093838 0.032258 0.023827 0.032258 130 168
40 62.310000 60.320000 1000000 8.681811 11.827957 8.668782 11.684795 0.023830 0.032258 0.096458 0.090904 0.032258 0.023827 0.032258 160 174
40 62.310000 60.320000 1000000 8.666333 11.825090 8.655203 11.668177 0.023829 0.032258 0.102005 0.096770 0.032258 0.023826 0.032258 170 201
40 62.310000 60.320000 1000000 8.126707 9.076338 7.873644 10.792077 0.023405 0.032258 0.435214 0.434017 0.032258 0.023273 0.032258 190 228
40 62.310000 60.320000 1000000 8.073658 9.070603 7.815237 10.745156 0.023424 0.032258 0.417673 0.416425 0.032258 0.023308 0.032258 200 282
40 62.310000 60.320000 1000000 7.723124 9.011106 7.874887 10.826290 0.023269 0.032258 0.616684 0.615840 0.032258 0.023332 0.032258 220 235
40 62.310000 60.320000 1000000 7.452958 8.950890 7.588481 10.256886 0.023219 0.032258 0.405976 0.404693 0.032258 0.023236 0.032258 230 247
40 62.310000 60.320000 1000000 7.451278 8.950174 7.586292 10.248821 0.023216 0.032258 0.405978 0.404694 0.032258 0.023232 0.032258 240 282
40 62.310000 60.320000 1000000 7.241187 8.921500 7.387828 10.014218 0.023242 0.032258 0.394285 0.392963 0.032258 0.023221 0.032258 250 266
40 62.310000 60.320000 1000000 6.986879 8.893543 7.149391 9.785479 0.023335 0.032258 0.394285 0.392963 0.032258 0.023254 0.032258 260 282
40 62.310000 60.320000 1000000 6.501066 8.756626 6.502413 8.832154 0.023829 0.032258 0.052210 0.041052 0.032258 0.023827 0.032258 280 308
40 62.310000 60.320000 1000000 6.453099 8.741572 6.443698 8.663533 0.023827 0.032258 0.104794 0.099706 0.032258 0.023825 0.032258 300 321
40 62.310000 60.320000 1000000 6.401453 8.671680 6.405921 8.625654 0.023822 0.032258 0.102012 0.096778 0.032258 0.023821 0.032258 320 517
40 62.310000 60.320000 1000000 6.283198 8.430822 6.260155 8.487581 0.023820 0.032258 0.096467 0.090914 0.032258 0.023820 0.032258 510 867
40 62.310000 60.320000 1000000 6.207579 8.420786 6.218452 8.430885 0.023832 0.032258 0.054551 0.043991 0.032258 0.023830 0.032258 860 896
40 62.310000 60.320000 1000000 6.206360 8.419711 6.216599 8.417444 0.023832 0.032258 0.052215 0.041058 0.032258 0.023830 0.032258 890 920
40 62.310000 60.320000 1000000 6.200076 8.418994 6.207997 8.409379 0.023832 0.032258 0.047742 0.035195 0.032258 0.023829 0.032258 920 1027
40 62.310000 60.320000 1000000 6.196670 8.418277 6.204605 8.403514 0.023833 0.032258 0.043599 0.029330 0.032258 0.023830 0.032258 1020 1176
40 62.310000 60.320000 1000000 6.190502 8.417560 6.196151 8.395450 0.023832 0.032258 0.047741 0.035194 0.032258 0.023829 0.032258 1170 1217
40 62.310000 60.320000 1000000 6.170559 8.413976 6.184383 8.372967 0.023833 0.032258 0.039890 0.023465 0.032258 0.023830 0.032258 1210 1416
40 62.310000 60.320000 1000000 6.158642 8.356271 6.166272 8.359526 0.023834 0.032258 0.038238 0.020532 0.032258 0.023831 0.032258 1410 1435
40 62.310000 60.320000 1000000 6.156262 8.355554 6.163010 8.351462 0.023834 0.032258 0.035437 0.014668 0.032258 0.023831 0.032258 1430 1873
40 62.310000 60.320000 1000000 6.144537 8.297848 6.145129 8.338021 0.023834 0.032258 0.034327 0.011736 0.032258 0.023831 0.032258 1870 2040
40 62.310000 60.320000 1000000 6.138984 8.297131 6.139578 8.332156 0.023834 0.032258 0.034327 0.011737 0.032258 0.023831 0.032258 2040 2155
40 62.310000 60.320000 1000000 6.127433 8.239426 6.121909 8.318715 0.023833 0.032258 0.035437 0.014670 0.032258 0.023830 0.032258 2150 2408
40 62.310000 60.320000 1000000 6.122623 8.238709 6.117085 8.312850 0.023833 0.032258 0.035437 0.014670 0.032258 0.023830 0.032258 2400 2702
40 62.310000 60.320000 1000000 6.121381 8.237634 6.115183 8.299409 0.023834 0.032258 0.034327 0.011737 0.032258 0.023831 0.032258 2700 2806
40 62.310000 60.320000 1000000 6.115895 8.236917 6.109680 8.293544 0.023833 0.032258 0.036748 0.017603 0.032258 0.023831 0.032258 2800 3554
40 62.310000 60.320000 1000000 6.114678 8.235841 6.107815 8.280103 0.023834 0.032258 0.035437 0.014670 0.032258 0.023831 0.032258 3550 3990
40 62.310000 60.320000 1000000 6.111513 8.235125 6.104640 8.274238 0.023833 0.032258 0.038239 0.020534 0.032258 0.023831 0.032258 3990 4595
40 62.310000 60.320000 1000000 6.103501 8.233691 6.096600 8.262508 0.023834 0.032258 0.035437 0.014668 0.032258 0.023831 0.032258 4170 4876
40 62.310000 60.320000 1000000 6.102305 8.232616 6.094766 8.249067 0.023834 0.032258 0.036746 0.017597 0.032258 0.023831 0.032258 4870 5298
40 62.310000 60.320000 1000000 6.100710 8.231899 6.095033 8.250044 0.023834 0.032258 0.036748 0.017601 0.032258 0.023831 0.032258 5290 5451
40 62.310000 60.320000 1000000 6.089213 8.174193 6.077393 8.236604 0.023833 0.032258 0.038239 0.020533 0.032258 0.023830 0.032258 5450 5591
40 62.310000 60.320000 1000000 6.086807 8.173476 6.074064 8.228539 0.023833 0.032258 0.035437 0.014669 0.032258 0.023830 0.032258 5590 15129
40 62.310000 60.320000 1000000 6.066284 8.171326 6.067629 8.222430 0.023833 0.032258 0.033438 0.008802 0.032258 0.023831 0.032258 15120 15253
40 62.310000 60.320000 1000000 6.063118 8.170609 6.064466 8.216565 0.023833 0.032258 0.035436 0.014666 0.032258 0.023831 0.032258 15250 23461
40 62.310000 60.320000 1000000 6.061926 8.169534 6.062645 8.203124 0.023833 0.032258 0.036745 0.017595 0.032258 0.023831 0.032258 23460 26181
40 62.310000 60.320000 1000000 6.059544 8.168817 6.059370 8.195059 0.023833 0.032258 0.036745 0.017596 0.032258 0.023831 0.032258 26180 31737
40 62.310000 60.320000 1000000 6.054020 8.168100 6.053845 8.189194 0.023833 0.032258 0.039887 0.023461 0.032258 0.023831 0.032258 31730 65359
40 62.310000 60.320000 1000000 6.042531 8.110395 6.036265 8.175753 0.023832 0.032258 0.041680 0.026393 0.032258 0.023829 0.032258 65350 121532
40 62.310000 60.320000 1000000 6.040926 8.109678 6.036533 8.176731 0.023832 0.032258 0.038238 0.020532 0.032258 0.023829 0.032258 121530 164496
40 62.310000 60.320000 1000000 6.026769 8.107527 6.019443 8.161579 0.023832 0.032258 0.041683 0.026398 0.032258 0.023829 0.032258 164490 165738
40 62.310000 60.320000 1000000 6.020668 8.106810 6.011019 8.153515 0.023832 0.032258 0.045624 0.032263 0.032258 0.023829 0.032258 165730 187019
40 62.310000 60.320000 1000000 5.997331 8.046953 5.981457 8.122479 0.023830 0.032258 0.056943 0.046924 0.032258 0.023827 0.032258 187010 226437
40 62.310000 60.320000 1000000 5.994132 8.046236 5.978232 8.116614 0.023831 0.032258 0.056942 0.046923 0.032258 0.023828 0.032258 226430 231866
40 62.310000 60.320000 1000000 5.989111 8.045519 5.973170 8.110749 0.023832 0.032258 0.052215 0.041058 0.032258 0.023829 0.032258 231860 342152
40 62.310000 60.320000 1000000 5.981742 8.041577 5.963853 8.064561 0.023831 0.032258 0.059378 0.049852 0.032258 0.023828 0.032258 342150 413669
40 62.310000 60.320000 1000000 5.960674 8.039426 5.967374 8.067493 0.023830 0.032258 0.054545 0.043984 0.032258 0.023828 0.032258 405130 425169
40 62.310000 60.320000 1000000 5.950303 8.036559 5.954345 8.037435 0.023831 0.032258 0.054546 0.043985 0.032258 0.023828 0.032258 425160 446475
40 62.310000 60.320000 1000000 5.944605 8.035842 5.948659 8.031570 0.023831 0.032258 0.054546 0.043985 0.032258 0.023829 0.032258 446470 528929
40 62.310000 60.320000 1000000 5.937813 8.035125 5.949786 8.032547 0.023830 0.032258 0.059377 0.049850 0.032258 0.023829 0.032258 528920 584504
40 62.310000 60.320000 1000000 5.926205 7.977418 5.932133 8.019106 0.023830 0.032258 0.056937 0.046917 0.032258 0.023828 0.032258 584500 620715
40 62.310000 60.320000 1000000 5.921131 7.976702 5.927073 8.013241 0.023831 0.032258 0.052210 0.041052 0.032258 0.023829 0.032258 620710 1000000
40 62.310000 60.320000 1000000 5.911298 7.975268 5.917270 8.001511 0.023832 0.032258 0.047734 0.035184 0.032258 0.023831 0.032258 783260 878941
40 62.310000 60.320000 1000000 5.901736 7.972401 5.913322 7.998579 0.023832 0.032258 0.043595 0.029324 0.032258 0.023831 0.032258 878940 1000000
40 62.310000 60.320000 1000000 5.901736 7.972401 5.913322 7.998579 0.023832 0.032258 0.043595 0.029324 0.032258 0.023831 0.032258 999990 1000000
