34 62.310000 60.320000 1000000 8.832376 12.128676 8.848791 11.887387 0.023826 0.032258 0.047744 0.035198 0.032258 0.023823 0.032258 0 51
34 62.310000 60.320000 1000000 8.799223 12.123300 8.812778 11.836557 0.023821 0.032258 0.064389 0.055725 0.032258 0.023817 0.032258 50 61
34 62.310000 60.320000 1000000 8.691195 11.828316 8.660121 11.705569 0.023827 0.032258 0.082790 0.076247 0.032258 0.023828 0.032258 60 79
34 62.310000 60.320000 1000000 8.665233 11.710752 8.619929 11.651805 0.023827 0.032258 0.093702 0.087974 0.032258 0.023829 0.032258 70 86
34 62.310000 60.320000 1000000 8.650887 11.708601 8.605354 11.634210 0.023827 0.032258 0.077419 0.070379 0.032258 0.023830 0.032258 80 91
34 62.310000 60.320000 1000000 8.480619 11.292468 8.393934 11.452391 0.023816 0.032258 0.113199 0.108505 0.032258 0.023823 0.032258 90 120
34 62.310000 60.320000 1000000 8.466058 11.290317 8.378916 11.434795 0.023817 0.032258 0.102011 0.096776 0.032258 0.023825 0.032258 100 133
34 62.310000 60.320000 1000000 8.372958 11.238704 8.348937 11.412311 0.023737 0.032258 0.449841 0.448682 0.032258 0.023842 0.032258 130 140
34 62.310000 60.320000 1000000 8.328023 11.171679 8.299127 11.343152 0.023729 0.032258 0.464468 0.463346 0.032258 0.023845 0.032258 140 215
34 62.310000 60.320000 1000000 8.215446 11.118632 8.147063 10.741734 0.023612 0.032258 0.417673 0.416426 0.032258 0.023693 0.032258 150 181
34 62.310000 60.320000 1000000 8.078385 11.074546 8.005756 10.376388 0.023456 0.032258 0.391363 0.390031 0.032258 0.023548 0.032258 180 259
34 62.310000 60.320000 1000000 7.610750 11.003579 7.934414 10.151559 0.023162 0.032258 0.572759 0.571850 0.032258 0.023407 0.032258 190 255
34 62.310000 60.320000 1000000 6.005287 7.894263 6.054347 8.510065 0.023608 0.032258 0.260073 0.258064 0.032258 0.023538 0.032258 250 273
34 62.310000 60.320000 1000000 5.993696 7.891396 6.043037 8.486604 0.023596 0.032258 0.260074 0.258066 0.032258 0.023526 0.032258 270 300
34 62.310000 60.320000 1000000 5.832630 7.859496 5.854994 8.151805 0.023707 0.032258 0.199115 0.196484 0.032258 0.023673 0.032258 300 331
34 62.310000 60.320000 1000000 5.689198 7.811467 5.779150 7.673799 0.023759 0.032258 0.147273 0.143696 0.032258 0.023765 0.032258 330 367
34 62.310000 60.320000 1000000 5.622609 7.748743 5.689473 7.603907 0.023806 0.032258 0.104796 0.099708 0.032258 0.023812 0.032258 360 419
34 62.310000 60.320000 1000000 5.518993 7.398918 5.541041 7.485138 0.023823 0.032258 0.072133 0.064517 0.032258 0.023821 0.032258 410 439
34 62.310000 60.320000 1000000 5.512411 7.398202 5.542123 7.486116 0.023821 0.032258 0.077423 0.070383 0.032258 0.023822 0.032258 430 482
34 62.310000 60.320000 1000000 5.495649 7.393901 5.521247 7.439928 0.023822 0.032258 0.072133 0.064518 0.032258 0.023820 0.032258 480 501
34 62.310000 60.320000 1000000 5.474621 7.334760 5.494531 7.414757 0.023821 0.032258 0.069520 0.061583 0.032258 0.023817 0.032258 500 522
34 62.310000 60.320000 1000000 5.463410 7.277053 5.477563 7.401316 0.023818 0.032258 0.066937 0.058651 0.032258 0.023813 0.032258 520 596
34 62.310000 60.320000 1000000 5.399746 7.269885 5.396674 7.327270 0.023832 0.032258 0.043596 0.029326 0.032258 0.023829 0.032258 580 661
34 62.310000 60.320000 1000000 5.385106 7.267018 5.382008 7.303810 0.023833 0.032258 0.034326 0.011734 0.032258 0.023831 0.032258 660 832
34 62.310000 60.320000 1000000 5.379560 7.266301 5.376453 7.297944 0.023833 0.032258 0.034327 0.011736 0.032258 0.023831 0.032258 830 846
34 62.310000 60.320000 1000000 5.375568 7.265584 5.372454 7.292079 0.023834 0.032258 0.034326 0.011735 0.032258 0.023831 0.032258 840 1422
34 62.310000 60.320000 1000000 5.374331 7.264509 5.370560 7.278639 0.023834 0.032258 0.035435 0.014663 0.032258 0.023831 0.032258 1420 1705
34 62.310000 60.320000 1000000 5.373125 7.263433 5.368714 7.265198 0.023834 0.032258 0.036745 0.017596 0.032258 0.023831 0.032258 1700 3274
34 62.310000 60.320000 1000000 5.363644 7.262000 5.359209 7.253467 0.023834 0.032258 0.036745 0.017595 0.032258 0.023831 0.032258 2090 4104
34 62.310000 60.320000 1000000 5.361984 7.261283 5.359487 7.254445 0.023834 0.032258 0.034325 0.011730 0.032258 0.023831 0.032258 4100 4136
34 62.310000 60.320000 1000000 5.360366 7.260566 5.359757 7.255422 0.023834 0.032258 0.032788 0.005870 0.032258 0.023831 0.032258 4130 4403
34 62.310000 60.320000 1000000 5.358002 7.259849 5.356505 7.247358 0.023834 0.032258 0.034326 0.011734 0.032258 0.023831 0.032258 4400 7056
34 62.310000 60.320000 1000000 5.354069 7.259132 5.352568 7.241493 0.023834 0.032258 0.034326 0.011732 0.032258 0.023831 0.032258 7050 7278
34 62.310000 60.320000 1000000 5.352486 7.258416 5.352832 7.242470 0.023834 0.032258 0.034326 0.011733 0.032258 0.023831 0.032258 7270 7475
34 62.310000 60.320000 1000000 5.346219 7.257699 5.344210 7.234406 0.023834 0.032258 0.036745 0.017596 0.032258 0.023831 0.032258 7470 23160
34 62.310000 60.320000 1000000 5.340700 7.256982 5.338685 7.228541 0.023834 0.032258 0.034326 0.011735 0.032258 0.023831 0.032258 23160 25417
34 62.310000 60.320000 1000000 5.337518 7.256265 5.335499 7.222676 0.023834 0.032258 0.032788 0.005872 0.032258 0.023831 0.032258 25410 28999
34 62.310000 60.320000 1000000 5.330430 7.255548 5.336679 7.223653 0.023834 0.032258 0.032788 0.005871 0.032258 0.023831 0.032258 28990 87364
34 62.310000 60.320000 1000000 5.323391 7.252681 5.328410 7.190907 0.023833 0.032258 0.034325 0.011730 0.032258 0.023830 0.032258 87360 116046
34 62.310000 60.320000 1000000 5.319487 7.251964 5.324517 7.185041 0.023833 0.032258 0.034324 0.011728 0.032258 0.023830 0.032258 116040 128274
34 62.310000 60.320000 1000000 5.315679 7.251247 5.320720 7.179176 0.023832 0.032258 0.036743 0.017592 0.032258 0.023829 0.032258 128270 211044
34 62.310000 60.320000 1000000 5.303750 7.193540 5.302516 7.165735 0.023833 0.032258 0.035433 0.014660 0.032258 0.023831 0.032258 211040 252760
34 62.310000 60.320000 1000000 5.300587 7.192824 5.299350 7.159870 0.023833 0.032258 0.035433 0.014659 0.032258 0.023830 0.032258 252760 264814
34 62.310000 60.320000 1000000 5.288170 7.191390 5.282242 7.143742 0.023832 0.032258 0.041676 0.026388 0.032258 0.023830 0.032258 254490 344375
34 62.310000 60.320000 1000000 5.276376 7.133683 5.264130 7.130301 0.023833 0.032258 0.043592 0.029320 0.032258 0.023830 0.032258 344370 349006
34 62.310000 60.320000 1000000 5.271703 7.132966 5.259424 7.124435 0.023832 0.032258 0.043593 0.029322 0.032258 0.023830 0.032258 349000 421175
34 62.310000 60.320000 1000000 5.269284 7.132249 5.256074 7.116371 0.023833 0.032258 0.043593 0.029322 0.032258 0.023831 0.032258 421170 462639
34 62.310000 60.320000 1000000 5.268103 7.131174 5.254257 7.102930 0.023832 0.032258 0.045617 0.032254 0.032258 0.023830 0.032258 462630 488467
34 62.310000 60.320000 1000000 5.266486 7.130457 5.254528 7.103908 0.023833 0.032258 0.041678 0.026390 0.032258 0.023830 0.032258 488460 519539
34 62.310000 60.320000 1000000 5.259304 7.129740 5.255730 7.104885 0.023833 0.032258 0.038234 0.020525 0.032258 0.023830 0.032258 519530 551528
34 62.310000 60.320000 1000000 5.253660 7.129024 5.250075 7.099020 0.023834 0.032258 0.035433 0.014660 0.032258 0.023831 0.032258 551520 604903
34 62.310000 60.320000 1000000 5.252073 7.128307 5.250340 7.099998 0.023834 0.032258 0.035435 0.014664 0.032258 0.023831 0.032258 604900 795629
34 62.310000 60.320000 1000000 5.245025 7.127590 5.251513 7.100975 0.023834 0.032258 0.035435 0.014663 0.032258 0.023831 0.032258 795620 796271
34 62.310000 60.320000 1000000 5.243474 7.126873 5.251771 7.101953 0.023833 0.032258 0.038236 0.020528 0.032258 0.023831 0.032258 796270 1000000
34 62.310000 60.320000 1000000 5.243474 7.126873 5.251771 7.101953 0.023833 0.032258 0.038236 0.020528 0.032258 0.023831 0.032258 999990 1000000
