57 62.310000 60.320000 1000000 9.776511 13.123613 9.754428 13.041089 0.023813 0.032258 0.104796 0.099707 0.032258 0.023812 0.032258 0 50
57 62.310000 60.320000 1000000 9.584400 13.096373 9.549693 12.805017 0.023823 0.032258 0.077422 0.070382 0.032258 0.023825 0.032258 50 60
57 62.310000 60.320000 1000000 9.558621 13.092789 9.541515 12.789377 0.023824 0.032258 0.072132 0.064517 0.032258 0.023823 0.032258 60 73
57 62.310000 60.320000 1000000 9.515907 13.030065 9.514633 12.743922 0.023827 0.032258 0.074765 0.067448 0.032258 0.023824 0.032258 70 81
57 62.310000 60.320000 1000000 9.509754 13.029348 9.506165 12.735857 0.023827 0.032258 0.080096 0.073313 0.032258 0.023823 0.032258 80 103
57 62.310000 60.320000 1000000 9.488849 13.025764 9.481881 12.713619 0.023824 0.032258 0.096462 0.090909 0.032258 0.023820 0.032258 100 129
57 62.310000 60.320000 1000000 9.458266 13.020029 9.451230 12.666698 0.023823 0.032258 0.080099 0.073316 0.032258 0.023819 0.032258 120 139
57 62.310000 60.320000 1000000 9.392956 12.730783 9.353166 12.593629 0.023828 0.032258 0.088224 0.082115 0.032258 0.023829 0.032258 130 141
57 62.310000 60.320000 1000000 9.373928 12.726482 9.333894 12.558438 0.023826 0.032258 0.093705 0.087978 0.032258 0.023827 0.032258 140 214
57 62.310000 60.320000 1000000 9.209094 12.368060 9.197464 12.451400 0.023828 0.032258 0.099234 0.093844 0.032258 0.023825 0.032258 210 221
57 62.310000 60.320000 1000000 9.168617 12.306770 9.150742 12.408634 0.023831 0.032258 0.085500 0.079181 0.032258 0.023828 0.032258 220 237
57 62.310000 60.320000 1000000 9.157292 12.249064 9.133321 12.395193 0.023830 0.032258 0.088223 0.082114 0.032258 0.023827 0.032258 230 378
57 62.310000 60.320000 1000000 9.133385 12.246196 9.100138 12.362934 0.023827 0.032258 0.110393 0.105574 0.032258 0.023823 0.032258 250 277
57 62.310000 60.320000 1000000 9.085582 12.241178 9.099146 12.360735 0.023824 0.032258 0.093705 0.087978 0.032258 0.023822 0.032258 270 378
57 62.310000 60.320000 1000000 9.041768 12.235444 9.055530 12.313814 0.023823 0.032258 0.093705 0.087978 0.032258 0.023820 0.032258 290 347
57 62.310000 60.320000 1000000 8.952054 12.220390 8.962387 12.181850 0.023828 0.032258 0.066939 0.058653 0.032258 0.023824 0.032258 340 391
57 62.310000 60.320000 1000000 8.910766 12.211788 8.929453 12.118311 0.023826 0.032258 0.110391 0.105572 0.032258 0.023822 0.032258 390 435
57 62.310000 60.320000 1000000 8.878989 12.203186 8.885948 12.021536 0.023824 0.032258 0.104793 0.099704 0.032258 0.023818 0.032258 430 479
57 62.310000 60.320000 1000000 8.845784 12.196734 8.854751 11.975593 0.023823 0.032258 0.072129 0.064514 0.032258 0.023818 0.032258 470 490
57 62.310000 60.320000 1000000 8.819506 12.132576 8.838121 11.970950 0.023824 0.032258 0.074767 0.067450 0.032258 0.023821 0.032258 490 502
57 62.310000 60.320000 1000000 8.811968 12.131143 8.830631 11.959220 0.023823 0.032258 0.074767 0.067450 0.032258 0.023819 0.032258 500 516
57 62.310000 60.320000 1000000 8.806509 12.130426 8.825207 11.953355 0.023823 0.032258 0.074766 0.067449 0.032258 0.023819 0.032258 510 529
57 62.310000 60.320000 1000000 8.802774 12.129709 8.821495 11.947490 0.023822 0.032258 0.074766 0.067449 0.032258 0.023818 0.032258 520 537
57 62.310000 60.320000 1000000 8.800597 12.128992 8.818520 11.939425 0.023821 0.032258 0.074766 0.067449 0.032258 0.023818 0.032258 530 624
57 62.310000 60.320000 1000000 8.784659 12.126842 8.802679 11.921830 0.023820 0.032258 0.085497 0.079178 0.032258 0.023816 0.032258 560 632
57 62.310000 60.320000 1000000 8.646412 11.770570 8.647056 11.777646 0.023826 0.032258 0.085495 0.079176 0.032258 0.023823 0.032258 630 663
57 62.310000 60.320000 1000000 8.641131 11.768778 8.641038 11.758340 0.023826 0.032258 0.077419 0.070378 0.032258 0.023823 0.032258 660 739
57 62.310000 60.320000 1000000 8.631232 11.763760 8.628286 11.698711 0.023828 0.032258 0.072129 0.064513 0.032258 0.023825 0.032258 730 1217
57 62.310000 60.320000 1000000 8.593476 11.747990 8.581854 11.530335 0.023827 0.032258 0.043599 0.029330 0.032258 0.023826 0.032258 1210 1266
57 62.310000 60.320000 1000000 8.586077 11.747273 8.583091 11.531312 0.023828 0.032258 0.039890 0.023465 0.032258 0.023825 0.032258 1260 1681
57 62.310000 60.320000 1000000 8.449152 11.053727 8.370897 11.356582 0.023814 0.032258 0.064387 0.055723 0.032258 0.023812 0.032258 1680 1737
57 62.310000 60.320000 1000000 8.445196 11.053010 8.366830 11.350716 0.023814 0.032258 0.069525 0.061588 0.032258 0.023813 0.032258 1730 2092
57 62.310000 60.320000 1000000 8.439390 11.052293 8.360859 11.344851 0.023815 0.032258 0.069524 0.061587 0.032258 0.023814 0.032258 2090 2760
57 62.310000 60.320000 1000000 8.305105 10.923261 8.336503 11.299886 0.023806 0.032258 0.074768 0.067451 0.032258 0.023805 0.032258 2760 2782
57 62.310000 60.320000 1000000 8.298147 10.922544 8.327041 11.291821 0.023808 0.032258 0.069523 0.061586 0.032258 0.023808 0.032258 2780 3902
57 62.310000 60.320000 1000000 8.285848 10.918960 8.317688 11.273982 0.023809 0.032258 0.064384 0.055720 0.032258 0.023808 0.032258 3900 4431
57 62.310000 60.320000 1000000 8.260622 10.802831 8.281681 11.241235 0.023802 0.032258 0.064387 0.055723 0.032258 0.023798 0.032258 4430 5009
57 62.310000 60.320000 1000000 8.254293 10.802114 8.282726 11.242212 0.023800 0.032258 0.064387 0.055723 0.032258 0.023798 0.032258 5000 6158
57 62.310000 60.320000 1000000 8.249212 10.801398 8.277698 11.236347 0.023801 0.032258 0.064387 0.055723 0.032258 0.023799 0.032258 6150 7782
57 62.310000 60.320000 1000000 8.045905 10.776308 8.044860 11.002722 0.023802 0.032258 0.074764 0.067447 0.032258 0.023799 0.032258 7780 9501
57 62.310000 60.320000 1000000 8.040709 10.774874 8.037710 10.986593 0.023803 0.032258 0.074762 0.067444 0.032258 0.023801 0.032258 8420 9655
57 62.310000 60.320000 1000000 8.036273 10.774158 8.033269 10.980728 0.023805 0.032258 0.074762 0.067444 0.032258 0.023802 0.032258 9650 10692
57 62.310000 60.320000 1000000 8.034979 10.773082 8.031290 10.967287 0.023805 0.032258 0.077417 0.070376 0.032258 0.023803 0.032258 10690 11137
57 62.310000 60.320000 1000000 7.962796 10.762330 7.959005 10.879311 0.023812 0.032258 0.066933 0.058646 0.032258 0.023810 0.032258 11130 11185
57 62.310000 60.320000 1000000 7.955979 10.761613 7.960141 10.880289 0.023812 0.032258 0.066933 0.058646 0.032258 0.023810 0.032258 11180 11453
57 62.310000 60.320000 1000000 7.950103 10.760896 7.952071 10.872224 0.023810 0.032258 0.066933 0.058647 0.032258 0.023809 0.032258 11450 15017
57 62.310000 60.320000 1000000 7.895512 10.749785 7.901013 10.790357 0.023818 0.032258 0.054551 0.043991 0.032258 0.023815 0.032258 15010 15821
57 62.310000 60.320000 1000000 7.888646 10.749068 7.902153 10.791335 0.023817 0.032258 0.054551 0.043991 0.032258 0.023815 0.032258 15820 16158
57 62.310000 60.320000 1000000 7.876782 10.691362 7.884099 10.777894 0.023818 0.032258 0.052215 0.041059 0.032258 0.023815 0.032258 16150 16515
57 62.310000 60.320000 1000000 7.872299 10.690645 7.879629 10.772029 0.023817 0.032258 0.056942 0.046923 0.032258 0.023815 0.032258 16510 17406
57 62.310000 60.320000 1000000 7.868549 10.689928 7.875889 10.766164 0.023816 0.032258 0.056943 0.046924 0.032258 0.023814 0.032258 17400 27088
57 62.310000 60.320000 1000000 7.864863 10.689212 7.872213 10.760299 0.023816 0.032258 0.061865 0.052789 0.032258 0.023813 0.032258 27080 27422
57 62.310000 60.320000 1000000 7.862154 10.688495 7.868499 10.752234 0.023816 0.032258 0.061865 0.052789 0.032258 0.023814 0.032258 27420 28340
57 62.310000 60.320000 1000000 7.847381 10.686344 7.851514 10.732440 0.023813 0.032258 0.072133 0.064518 0.032258 0.023811 0.032258 28340 30178
57 62.310000 60.320000 1000000 7.845593 10.685627 7.851811 10.733417 0.023814 0.032258 0.077424 0.070383 0.032258 0.023811 0.032258 30170 31945
57 62.310000 60.320000 1000000 7.833749 10.627921 7.833738 10.719976 0.023814 0.032258 0.074768 0.067451 0.032258 0.023811 0.032258 31940 58443
57 62.310000 60.320000 1000000 7.790701 10.618603 7.790690 10.643730 0.023819 0.032258 0.074765 0.067448 0.032258 0.023816 0.032258 40040 62139
57 62.310000 60.320000 1000000 7.680640 10.153371 7.626603 10.500280 0.023811 0.032258 0.090956 0.085043 0.032258 0.023808 0.032258 62130 64976
57 62.310000 60.320000 1000000 7.644765 10.144052 7.578267 10.397639 0.023816 0.032258 0.096464 0.090910 0.032258 0.023819 0.032258 64970 93482
57 62.310000 60.320000 1000000 7.606806 10.137959 7.551493 10.352429 0.023817 0.032258 0.093702 0.087974 0.032258 0.023820 0.032258 93480 98286
57 62.310000 60.320000 1000000 7.602950 10.137242 7.547551 10.346564 0.023817 0.032258 0.093702 0.087974 0.032258 0.023820 0.032258 98280 101816
57 62.310000 60.320000 1000000 7.591951 10.079536 7.530353 10.333123 0.023815 0.032258 0.096460 0.090907 0.032258 0.023818 0.032258 101810 128453
57 62.310000 60.320000 1000000 7.580466 10.075235 7.521631 10.302332 0.023819 0.032258 0.090954 0.085042 0.032258 0.023821 0.032258 128450 137240
57 62.310000 60.320000 1000000 7.547437 10.008210 7.508356 10.301599 0.023821 0.032258 0.104795 0.099707 0.032258 0.023817 0.032258 137240 153868
57 62.310000 60.320000 1000000 7.489680 10.001400 7.515551 10.295978 0.023821 0.032258 0.090958 0.085045 0.032258 0.023818 0.032258 153860 200994
57 62.310000 60.320000 1000000 7.471298 9.999249 7.504934 10.285225 0.023822 0.032258 0.085499 0.079180 0.032258 0.023821 0.032258 200990 245861
57 62.310000 60.320000 1000000 7.378895 9.818963 7.377303 10.168657 0.023813 0.032258 0.099230 0.093840 0.032258 0.023804 0.032258 234400 360045
57 62.310000 60.320000 1000000 7.341401 9.802834 7.353667 9.996859 0.023815 0.032258 0.069520 0.061583 0.032258 0.023816 0.032258 333060 381046
57 62.310000 60.320000 1000000 7.279721 9.794949 7.292300 9.932344 0.023818 0.032258 0.064381 0.055717 0.032258 0.023817 0.032258 367230 416467
57 62.310000 60.320000 1000000 7.270245 9.792798 7.280946 9.910349 0.023821 0.032258 0.054551 0.043992 0.032258 0.023820 0.032258 416460 467665
57 62.310000 60.320000 1000000 7.250863 9.789931 7.256971 9.887134 0.023817 0.032258 0.054551 0.043991 0.032258 0.023814 0.032258 467660 483685
57 62.310000 60.320000 1000000 7.249621 9.788856 7.255078 9.873693 0.023817 0.032258 0.056941 0.046922 0.032258 0.023815 0.032258 483680 502506
57 62.310000 60.320000 1000000 7.238113 9.731150 7.237514 9.860252 0.023816 0.032258 0.054550 0.043990 0.032258 0.023813 0.032258 502500 523851
57 62.310000 60.320000 1000000 7.231428 9.730433 7.238627 9.861230 0.023815 0.032258 0.054550 0.043990 0.032258 0.023814 0.032258 523850 606790
57 62.310000 60.320000 1000000 7.216885 9.727566 7.224127 9.837769 0.023819 0.032258 0.064381 0.055716 0.032258 0.023817 0.032258 606790 704293
57 62.310000 60.320000 1000000 7.202990 9.667709 7.202931 9.797447 0.023818 0.032258 0.066935 0.058649 0.032258 0.023815 0.032258 704290 1000000
57 62.310000 60.320000 1000000 7.194523 9.664842 7.196454 9.783273 0.023819 0.032258 0.056940 0.046920 0.032258 0.023817 0.032258 999990 1000000
