46 62.310000 60.320000 1000000 9.177574 12.315372 9.169581 12.325301 0.023781 0.032258 0.303767 0.302049 0.032258 0.023806 0.032258 0 50
46 62.310000 60.320000 1000000 9.111250 12.292433 9.167602 12.333854 0.023806 0.032258 0.147273 0.143697 0.032258 0.023799 0.032258 50 72
46 62.310000 60.320000 1000000 9.043984 12.167344 9.093208 12.221195 0.023801 0.032258 0.144409 0.140760 0.032258 0.023791 0.032258 70 81
46 62.310000 60.320000 1000000 8.913254 12.097451 8.913164 12.070656 0.023833 0.032258 0.049938 0.038121 0.032258 0.023831 0.032258 80 149
46 62.310000 60.320000 1000000 8.902057 12.093867 8.907655 12.061859 0.023834 0.032258 0.038235 0.020527 0.032258 0.023831 0.032258 100 144
46 62.310000 60.320000 1000000 8.888178 12.092433 8.909958 12.063814 0.023833 0.032258 0.045619 0.032257 0.032258 0.023831 0.032258 120 135
46 62.310000 60.320000 1000000 8.881382 12.091716 8.911081 12.064791 0.023832 0.032258 0.049939 0.038122 0.032258 0.023831 0.032258 130 144
46 62.310000 60.320000 1000000 8.874984 12.090283 8.906582 12.059904 0.023832 0.032258 0.045623 0.032263 0.032258 0.023831 0.032258 140 152
46 62.310000 60.320000 1000000 8.873751 12.089207 8.904719 12.046463 0.023833 0.032258 0.043599 0.029330 0.032258 0.023831 0.032258 150 164
46 62.310000 60.320000 1000000 8.832858 11.915373 8.845613 12.000275 0.023833 0.032258 0.041681 0.026395 0.032258 0.023831 0.032258 160 181
46 62.310000 60.320000 1000000 8.799438 11.911072 8.799764 11.951888 0.023832 0.032258 0.049938 0.038121 0.032258 0.023829 0.032258 180 197
46 62.310000 60.320000 1000000 8.790073 11.908204 8.797139 11.925984 0.023832 0.032258 0.045618 0.032256 0.032258 0.023829 0.032258 190 240
46 62.310000 60.320000 1000000 8.784108 11.907488 8.788954 11.917920 0.023831 0.032258 0.049938 0.038121 0.032258 0.023828 0.032258 240 278
46 62.310000 60.320000 1000000 8.746743 11.902470 8.751651 11.876864 0.023829 0.032258 0.049937 0.038120 0.032258 0.023826 0.032258 270 514
46 62.310000 60.320000 1000000 8.701070 11.893867 8.706056 11.806483 0.023828 0.032258 0.080092 0.073308 0.032258 0.023825 0.032258 380 531
46 62.310000 60.320000 1000000 8.686937 11.889566 8.686638 11.758096 0.023828 0.032258 0.080092 0.073309 0.032258 0.023824 0.032258 420 502
46 62.310000 60.320000 1000000 8.660664 11.884548 8.659520 11.714840 0.023828 0.032258 0.059376 0.049849 0.032258 0.023824 0.032258 500 531
46 62.310000 60.320000 1000000 8.640886 11.825409 8.633251 11.689669 0.023828 0.032258 0.061860 0.052783 0.032258 0.023826 0.032258 530 590
46 62.310000 60.320000 1000000 8.614453 11.820391 8.606747 11.648614 0.023825 0.032258 0.061859 0.052782 0.032258 0.023822 0.032258 590 695
46 62.310000 60.320000 1000000 8.277490 10.757312 8.130461 11.240991 0.023768 0.032258 0.219395 0.217010 0.032258 0.023771 0.032258 690 1179
46 62.310000 60.320000 1000000 8.149145 10.574875 8.099332 11.213376 0.023771 0.032258 0.153001 0.149562 0.032258 0.023749 0.032258 740 1046
46 62.310000 60.320000 1000000 8.029088 10.559104 8.040043 11.139085 0.023760 0.032258 0.187548 0.184753 0.032258 0.023754 0.032258 950 1159
46 62.310000 60.320000 1000000 7.993921 10.544409 8.003720 10.974619 0.023762 0.032258 0.178888 0.175955 0.032258 0.023763 0.032258 1150 1332
46 62.310000 60.320000 1000000 7.974453 10.540108 7.997124 10.943827 0.023759 0.032258 0.184661 0.181821 0.032258 0.023767 0.032258 1330 2194
46 62.310000 60.320000 1000000 7.871828 10.527922 7.895392 10.844121 0.023784 0.032258 0.088224 0.082115 0.032258 0.023790 0.032258 1550 1639
46 62.310000 60.320000 1000000 7.861461 10.526488 7.885117 10.832391 0.023782 0.032258 0.082792 0.076249 0.032258 0.023787 0.032258 1570 2194
46 62.310000 60.320000 1000000 7.776814 10.342618 7.783504 10.704092 0.023786 0.032258 0.152999 0.149560 0.032258 0.023787 0.032258 1700 2242
46 62.310000 60.320000 1000000 7.673836 10.327564 7.681628 10.581170 0.023801 0.032258 0.080097 0.073313 0.032258 0.023802 0.032258 2240 4612
46 62.310000 60.320000 1000000 7.603568 10.316094 7.632408 10.512744 0.023798 0.032258 0.096464 0.090911 0.032258 0.023802 0.032258 4610 4988
46 62.310000 60.320000 1000000 7.571417 10.304625 7.628685 10.519342 0.023804 0.032258 0.181772 0.178887 0.032258 0.023799 0.032258 4980 5617
46 62.310000 60.320000 1000000 7.533341 10.187063 7.586711 10.481707 0.023803 0.032258 0.170243 0.167159 0.032258 0.023796 0.032258 5610 5790
46 62.310000 60.320000 1000000 7.528765 10.186346 7.582231 10.475842 0.023802 0.032258 0.176005 0.173024 0.032258 0.023795 0.032258 5790 7063
46 62.310000 60.320000 1000000 7.484830 10.165199 7.520611 10.217290 0.023807 0.032258 0.144410 0.140761 0.032258 0.023800 0.032258 7060 8367
46 62.310000 60.320000 1000000 7.465013 10.106059 7.494922 10.192119 0.023808 0.032258 0.135850 0.131965 0.032258 0.023799 0.032258 8360 9949
46 62.310000 60.320000 1000000 7.419377 10.094590 7.433935 10.065285 0.023830 0.032258 0.054548 0.043987 0.032258 0.023828 0.032258 9940 10566
46 62.310000 60.320000 1000000 7.395832 10.035450 7.399876 10.035716 0.023828 0.032258 0.061861 0.052785 0.032258 0.023824 0.032258 10560 10729
46 62.310000 60.320000 1000000 7.390094 10.034733 7.394148 10.029850 0.023828 0.032258 0.056939 0.046920 0.032258 0.023825 0.032258 10720 11270
46 62.310000 60.320000 1000000 7.330509 9.745487 7.303067 9.954582 0.023824 0.032258 0.054550 0.043990 0.032258 0.023819 0.032258 11270 14500
46 62.310000 60.320000 1000000 7.268347 9.737601 7.264849 9.910593 0.023826 0.032258 0.038238 0.020532 0.032258 0.023823 0.032258 14500 15094
46 62.310000 60.320000 1000000 7.262862 9.736885 7.259355 9.904728 0.023826 0.032258 0.038238 0.020532 0.032258 0.023823 0.032258 15090 16834
46 62.310000 60.320000 1000000 7.258137 9.736168 7.254624 9.898863 0.023825 0.032258 0.038238 0.020532 0.032258 0.023823 0.032258 16830 18475
46 62.310000 60.320000 1000000 7.243517 9.734017 7.239983 9.881268 0.023824 0.032258 0.041682 0.026398 0.032258 0.023822 0.032258 18470 18859
46 62.310000 60.320000 1000000 7.241791 9.733300 7.240271 9.882245 0.023825 0.032258 0.041683 0.026399 0.032258 0.023822 0.032258 18850 25280
46 62.310000 60.320000 1000000 7.233936 9.730433 7.231077 9.849499 0.023824 0.032258 0.045623 0.032262 0.032258 0.023822 0.032258 25280 26197
46 62.310000 60.320000 1000000 7.229433 9.729716 7.226568 9.843633 0.023824 0.032258 0.049943 0.038127 0.032258 0.023821 0.032258 26190 31705
46 62.310000 60.320000 1000000 7.223328 9.728999 7.218159 9.835569 0.023823 0.032258 0.049941 0.038125 0.032258 0.023820 0.032258 31700 38340
46 62.310000 60.320000 1000000 7.218157 9.727566 7.211032 9.819440 0.023824 0.032258 0.054549 0.043988 0.032258 0.023822 0.032258 36580 38366
46 62.310000 60.320000 1000000 7.212145 9.726849 7.202737 9.811376 0.023823 0.032258 0.059380 0.049853 0.032258 0.023821 0.032258 38360 45087
46 62.310000 60.320000 1000000 7.208655 9.726132 7.199233 9.805510 0.023824 0.032258 0.054549 0.043988 0.032258 0.023822 0.032258 45080 47288
46 62.310000 60.320000 1000000 7.203359 9.725415 7.193915 9.799645 0.023824 0.032258 0.049940 0.038123 0.032258 0.023821 0.032258 47280 62143
46 62.310000 60.320000 1000000 7.160334 9.718963 7.166982 9.760545 0.023825 0.032258 0.054550 0.043990 0.032258 0.023824 0.032258 62140 63042
46 62.310000 60.320000 1000000 7.158581 9.718247 7.167273 9.761522 0.023825 0.032258 0.049943 0.038127 0.032258 0.023823 0.032258 63040 77418
46 62.310000 60.320000 1000000 7.114598 9.709645 7.131446 9.697984 0.023826 0.032258 0.054549 0.043989 0.032258 0.023825 0.032258 77410 80090
46 62.310000 60.320000 1000000 7.109199 9.708928 7.126085 9.692119 0.023826 0.032258 0.054549 0.043988 0.032258 0.023824 0.032258 80090 96183
46 62.310000 60.320000 1000000 7.082431 9.592799 7.086952 9.659372 0.023826 0.032258 0.054549 0.043988 0.032258 0.023825 0.032258 96180 103396
46 62.310000 60.320000 1000000 7.077823 9.592082 7.082353 9.653507 0.023826 0.032258 0.059380 0.049853 0.032258 0.023824 0.032258 103390 113338
46 62.310000 60.320000 1000000 7.072449 9.591365 7.076989 9.647642 0.023825 0.032258 0.059380 0.049853 0.032258 0.023824 0.032258 113330 132452
46 62.310000 60.320000 1000000 6.997968 9.356957 6.968464 9.555755 0.023820 0.032258 0.064382 0.055717 0.032258 0.023817 0.032258 132450 133006
46 62.310000 60.320000 1000000 6.993288 9.356241 6.963724 9.549890 0.023820 0.032258 0.069519 0.061582 0.032258 0.023817 0.032258 133000 150331
46 62.310000 60.320000 1000000 6.991930 9.355165 6.961622 9.536449 0.023820 0.032258 0.072130 0.064514 0.032258 0.023818 0.032258 150330 194122
46 62.310000 60.320000 1000000 6.951764 9.349431 6.922703 9.489773 0.023814 0.032258 0.093705 0.087977 0.032258 0.023812 0.032258 194120 198759
46 62.310000 60.320000 1000000 6.946207 9.348714 6.917076 9.483908 0.023814 0.032258 0.088221 0.082112 0.032258 0.023812 0.032258 198750 293030
46 62.310000 60.320000 1000000 6.932097 9.347280 6.919449 9.485863 0.023814 0.032258 0.077422 0.070382 0.032258 0.023812 0.032258 205790 416640
46 62.310000 60.320000 1000000 6.889733 9.280972 6.858874 9.375649 0.023821 0.032258 0.096462 0.090909 0.032258 0.023824 0.032258 416640 452337
46 62.310000 60.320000 1000000 6.878546 9.278821 6.847534 9.358054 0.023822 0.032258 0.085497 0.079178 0.032258 0.023825 0.032258 452330 488316
46 62.310000 60.320000 1000000 6.817387 8.989575 6.755230 9.284984 0.023811 0.032258 0.093704 0.087976 0.032258 0.023815 0.032258 488310 554213
46 62.310000 60.320000 1000000 6.811339 8.988858 6.746678 9.276920 0.023810 0.032258 0.099231 0.093841 0.032258 0.023814 0.032258 554210 629103
46 62.310000 60.320000 1000000 6.786419 8.980256 6.745087 9.281807 0.023820 0.032258 0.088221 0.082112 0.032258 0.023813 0.032258 629100 643808
46 62.310000 60.320000 1000000 6.769029 8.978106 6.725066 9.262013 0.023820 0.032258 0.088220 0.082110 0.032258 0.023814 0.032258 643800 661492
46 62.310000 60.320000 1000000 6.723355 8.973088 6.728880 9.262013 0.023820 0.032258 0.056942 0.046923 0.032258 0.023814 0.032258 661490 1000000
46 62.310000 60.320000 1000000 6.700128 8.970220 6.701195 9.234154 0.023818 0.032258 0.061861 0.052785 0.032258 0.023812 0.032258 999990 1000000
