59 62.310000 60.320000 1000000 9.244450 12.659137 9.275246 12.537434 0.023830 0.032258 0.066937 0.058651 0.032258 0.023828 0.032258 0 50
59 62.310000 60.320000 1000000 8.980391 11.893907 8.927203 12.240026 0.023817 0.032258 0.107590 0.102640 0.032258 0.023812 0.032258 50 60
59 62.310000 60.320000 1000000 8.962436 11.891756 8.902041 12.215832 0.023814 0.032258 0.107590 0.102640 0.032258 0.023810 0.032258 60 73
59 62.310000 60.320000 1000000 8.889951 11.872401 8.818764 12.008843 0.023819 0.032258 0.102004 0.096769 0.032258 0.023821 0.032258 70 94
59 62.310000 60.320000 1000000 8.724873 11.841936 8.708757 11.784259 0.023824 0.032258 0.110390 0.105572 0.032258 0.023824 0.032258 90 104
59 62.310000 60.320000 1000000 8.704795 11.837635 8.691988 11.744914 0.023827 0.032258 0.110392 0.105573 0.032258 0.023829 0.032258 100 122
59 62.310000 60.320000 1000000 8.682806 11.830466 8.685990 11.745647 0.023831 0.032258 0.072133 0.064517 0.032258 0.023828 0.032258 120 145
59 62.310000 60.320000 1000000 8.677982 11.829749 8.681172 11.739782 0.023831 0.032258 0.066938 0.058652 0.032258 0.023828 0.032258 140 151
59 62.310000 60.320000 1000000 8.649137 11.768817 8.643031 11.693105 0.023831 0.032258 0.056941 0.046922 0.032258 0.023829 0.032258 150 175
59 62.310000 60.320000 1000000 8.584974 11.715412 8.562510 11.070427 0.023794 0.032258 0.170239 0.167155 0.032258 0.023773 0.032258 170 259
59 62.310000 60.320000 1000000 8.095304 11.521862 8.368176 10.705323 0.023395 0.032258 0.725056 0.724338 0.032258 0.023633 0.032258 190 222
59 62.310000 60.320000 1000000 7.086585 8.685301 7.023312 9.409134 0.023123 0.032258 0.543477 0.542519 0.032258 0.023151 0.032258 220 307
59 62.310000 60.320000 1000000 6.541122 8.585301 6.525823 8.767883 0.023512 0.032258 0.353379 0.351903 0.032258 0.023505 0.032258 300 334
59 62.310000 60.320000 1000000 6.515908 8.581717 6.515165 8.752243 0.023499 0.032258 0.359217 0.357766 0.032258 0.023501 0.032258 330 386
59 62.310000 60.320000 1000000 6.453267 8.518277 6.446753 8.691882 0.023609 0.032258 0.309598 0.307913 0.032258 0.023609 0.032258 380 460
59 62.310000 60.320000 1000000 6.444983 8.514692 6.448134 8.696769 0.023609 0.032258 0.280449 0.278587 0.032258 0.023609 0.032258 430 456
59 62.310000 60.320000 1000000 6.308750 8.494621 6.314038 8.539389 0.023815 0.032258 0.118827 0.114364 0.032258 0.023813 0.032258 450 460
59 62.310000 60.320000 1000000 6.307616 8.493546 6.312308 8.525948 0.023815 0.032258 0.121652 0.117297 0.032258 0.023813 0.032258 460 516
59 62.310000 60.320000 1000000 6.263151 8.262723 6.244145 8.472185 0.023805 0.032258 0.127317 0.123163 0.032258 0.023799 0.032258 490 511
59 62.310000 60.320000 1000000 6.252529 8.205018 6.227745 8.458745 0.023801 0.032258 0.130156 0.126095 0.032258 0.023793 0.032258 510 563
59 62.310000 60.320000 1000000 6.208950 8.195699 6.198408 8.407425 0.023801 0.032258 0.118828 0.114366 0.032258 0.023794 0.032258 560 774
59 62.310000 60.320000 1000000 6.119026 8.182079 6.112291 8.298676 0.023825 0.032258 0.064381 0.055716 0.032258 0.023822 0.032258 700 846
59 62.310000 60.320000 1000000 6.101876 8.179211 6.095083 8.275215 0.023831 0.032258 0.045619 0.032256 0.032258 0.023827 0.032258 710 841
59 62.310000 60.320000 1000000 6.079008 8.173476 6.067477 8.217298 0.023833 0.032258 0.045619 0.032257 0.032258 0.023830 0.032258 840 972
59 62.310000 60.320000 1000000 6.073406 8.172760 6.061843 8.211433 0.023833 0.032258 0.041682 0.026396 0.032258 0.023831 0.032258 970 1169
59 62.310000 60.320000 1000000 6.061520 8.169892 6.063828 8.215343 0.023833 0.032258 0.035437 0.014668 0.032258 0.023831 0.032258 1160 2412
59 62.310000 60.320000 1000000 6.056001 8.169175 6.058316 8.209478 0.023833 0.032258 0.038239 0.020533 0.032258 0.023831 0.032258 2410 3081
59 62.310000 60.320000 1000000 6.047171 8.167742 6.049496 8.197748 0.023834 0.032258 0.035437 0.014668 0.032258 0.023831 0.032258 3080 3392
59 62.310000 60.320000 1000000 6.034495 8.165591 6.034450 8.177953 0.023834 0.032258 0.035437 0.014669 0.032258 0.023831 0.032258 3390 4209
59 62.310000 60.320000 1000000 6.025116 8.162724 6.031959 8.152049 0.023834 0.032258 0.038236 0.020527 0.032258 0.023831 0.032258 4200 5087
59 62.310000 60.320000 1000000 6.005436 8.103585 6.006164 8.126878 0.023834 0.032258 0.034325 0.011730 0.032258 0.023831 0.032258 5080 5890
59 62.310000 60.320000 1000000 6.003840 8.102868 6.006430 8.127855 0.023834 0.032258 0.034326 0.011734 0.032258 0.023831 0.032258 5890 10100
59 62.310000 60.320000 1000000 6.001445 8.102151 6.003141 8.119791 0.023834 0.032258 0.032788 0.005870 0.032258 0.023831 0.032258 10100 17334
59 62.310000 60.320000 1000000 5.995892 8.101434 5.997592 8.113926 0.023834 0.032258 0.034326 0.011735 0.032258 0.023831 0.032258 17330 19006
59 62.310000 60.320000 1000000 5.989546 8.100717 5.988869 8.105861 0.023834 0.032258 0.032788 0.005872 0.032258 0.023831 0.032258 19000 20897
59 62.310000 60.320000 1000000 5.984746 8.100000 5.984067 8.099996 0.023834 0.032258 0.032258 0.000008 0.032258 0.023832 0.032258 20890 116706
59 62.310000 60.320000 1000000 5.980048 8.099283 5.979368 8.094131 0.023834 0.032258 0.032788 0.005870 0.032258 0.023831 0.032258 116700 125878
59 62.310000 60.320000 1000000 5.978863 8.098208 5.977557 8.080690 0.023834 0.032258 0.033437 0.008798 0.032258 0.023831 0.032258 125870 141845
59 62.310000 60.320000 1000000 5.967127 8.096058 5.965813 8.063095 0.023833 0.032258 0.038237 0.020530 0.032258 0.023831 0.032258 141840 161580
59 62.310000 60.320000 1000000 5.965538 8.095341 5.966078 8.064072 0.023833 0.032258 0.038239 0.020534 0.032258 0.023831 0.032258 161580 189065
59 62.310000 60.320000 1000000 5.960908 8.094624 5.961448 8.058207 0.023833 0.032258 0.041682 0.026396 0.032258 0.023830 0.032258 189060 234345
59 62.310000 60.320000 1000000 5.957876 8.093907 5.958418 8.052342 0.023832 0.032258 0.045622 0.032262 0.032258 0.023830 0.032258 234340 245496
59 62.310000 60.320000 1000000 5.946105 8.036200 5.940411 8.038901 0.023833 0.032258 0.047741 0.035194 0.032258 0.023830 0.032258 245490 278751
59 62.310000 60.320000 1000000 5.939752 8.035484 5.931645 8.030837 0.023833 0.032258 0.047741 0.035194 0.032258 0.023831 0.032258 278750 395989
59 62.310000 60.320000 1000000 5.935739 8.034767 5.927616 8.024972 0.023833 0.032258 0.043598 0.029329 0.032258 0.023831 0.032258 395980 447270
59 62.310000 60.320000 1000000 5.931151 8.034050 5.923009 8.019106 0.023832 0.032258 0.047741 0.035194 0.032258 0.023830 0.032258 447270 451326
59 62.310000 60.320000 1000000 5.925668 8.033333 5.917503 8.013241 0.023832 0.032258 0.047741 0.035194 0.032258 0.023830 0.032258 451320 463529
59 62.310000 60.320000 1000000 5.919402 8.032616 5.908846 8.005177 0.023832 0.032258 0.047741 0.035194 0.032258 0.023830 0.032258 463520 478445
59 62.310000 60.320000 1000000 5.907685 7.974910 5.890820 7.991736 0.023832 0.032258 0.049942 0.038127 0.032258 0.023831 0.032258 478440 600498
59 62.310000 60.320000 1000000 5.893303 7.973476 5.893228 7.993691 0.023833 0.032258 0.041682 0.026396 0.032258 0.023830 0.032258 505410 649731
59 62.310000 60.320000 1000000 5.876898 7.967383 5.873089 7.925509 0.023834 0.032258 0.036745 0.017595 0.032258 0.023831 0.032258 570880 704148
59 62.310000 60.320000 1000000 5.872202 7.965949 5.866617 7.909380 0.023833 0.032258 0.039887 0.023461 0.032258 0.023831 0.032258 670230 737715
59 62.310000 60.320000 1000000 5.857516 7.963798 5.851888 7.891785 0.023832 0.032258 0.047739 0.035191 0.032258 0.023829 0.032258 737710 1000000
59 62.310000 60.320000 1000000 5.843462 7.962365 5.854227 7.893740 0.023832 0.032258 0.056938 0.046919 0.032258 0.023829 0.032258 999990 1000000
