34 62.310000 60.320000 1000000 9.625554 12.830424 9.485960 12.697490 0.023699 0.032258 0.487867 0.486799 0.032258 0.023707 0.032258 0 50
34 62.310000 60.320000 1000000 9.339991 12.385623 9.344775 12.588497 0.023692 0.032258 0.245532 0.243404 0.032258 0.023691 0.032258 50 76
34 62.310000 60.320000 1000000 9.089533 12.350497 9.094722 12.301106 0.023834 0.032258 0.035436 0.014668 0.032258 0.023831 0.032258 70 82
34 62.310000 60.320000 1000000 9.067569 12.291357 9.066535 12.275935 0.023834 0.032258 0.036747 0.017600 0.032258 0.023831 0.032258 80 91
34 62.310000 60.320000 1000000 9.052625 12.232935 9.045379 12.256629 0.023834 0.032258 0.035436 0.014668 0.032258 0.023831 0.032258 90 111
34 62.310000 60.320000 1000000 9.033240 12.173795 9.019785 12.231458 0.023833 0.032258 0.039890 0.023465 0.032258 0.023831 0.032258 110 136
34 62.310000 60.320000 1000000 8.925918 11.765911 8.903091 12.127842 0.023822 0.032258 0.056943 0.046925 0.032258 0.023815 0.032258 130 169
34 62.310000 60.320000 1000000 8.858818 11.644048 8.806361 12.028380 0.023819 0.032258 0.082789 0.076245 0.032258 0.023812 0.032258 160 171
34 62.310000 60.320000 1000000 8.843246 11.641180 8.800980 12.018604 0.023820 0.032258 0.061862 0.052786 0.032258 0.023814 0.032258 170 184
34 62.310000 60.320000 1000000 8.836232 11.640463 8.802164 12.019582 0.023820 0.032258 0.056941 0.046922 0.032258 0.023814 0.032258 180 324
34 62.310000 60.320000 1000000 8.753207 11.628994 8.718152 11.925741 0.023822 0.032258 0.066936 0.058651 0.032258 0.023818 0.032258 230 259
34 62.310000 60.320000 1000000 8.729283 11.625410 8.689119 11.892017 0.023823 0.032258 0.072128 0.064513 0.032258 0.023820 0.032258 250 324
34 62.310000 60.320000 1000000 8.697139 11.619675 8.656525 11.845096 0.023824 0.032258 0.066936 0.058650 0.032258 0.023822 0.032258 260 283
34 62.310000 60.320000 1000000 8.689864 11.617524 8.653316 11.841186 0.023824 0.032258 0.072135 0.064520 0.032258 0.023822 0.032258 280 324
34 62.310000 60.320000 1000000 8.661372 11.614657 8.658097 11.845096 0.023825 0.032258 0.061866 0.052791 0.032258 0.023821 0.032258 300 367
34 62.310000 60.320000 1000000 8.632757 11.606772 8.628023 11.771293 0.023827 0.032258 0.056944 0.046926 0.032258 0.023824 0.032258 330 341
34 62.310000 60.320000 1000000 8.576854 11.600320 8.633730 11.773248 0.023816 0.032258 0.099233 0.093843 0.032258 0.023825 0.032258 340 367
34 62.310000 60.320000 1000000 8.493141 11.195662 8.510468 11.673297 0.023805 0.032258 0.080099 0.073316 0.032258 0.023804 0.032258 360 526
34 62.310000 60.320000 1000000 8.426879 11.177741 8.478167 11.598272 0.023809 0.032258 0.102010 0.096776 0.032258 0.023811 0.032258 410 527
34 62.310000 60.320000 1000000 8.387538 11.173439 8.443733 11.567969 0.023809 0.032258 0.102012 0.096777 0.032258 0.023817 0.032258 450 513
34 62.310000 60.320000 1000000 8.336124 10.997454 8.373832 11.501987 0.023803 0.032258 0.104800 0.099711 0.032258 0.023805 0.032258 510 527
34 62.310000 60.320000 1000000 8.319013 10.995304 8.356952 11.484391 0.023807 0.032258 0.093709 0.087981 0.032258 0.023808 0.032258 520 549
34 62.310000 60.320000 1000000 8.296175 10.981684 8.323464 11.315037 0.023813 0.032258 0.066940 0.058655 0.032258 0.023816 0.032258 540 556
34 62.310000 60.320000 1000000 8.218395 10.688853 8.218472 11.212643 0.023800 0.032258 0.069523 0.061586 0.032258 0.023792 0.032258 550 580
34 62.310000 60.320000 1000000 8.048142 10.668065 8.010290 11.007366 0.023797 0.032258 0.090958 0.085046 0.032258 0.023788 0.032258 580 613
34 62.310000 60.320000 1000000 8.038334 10.665197 7.999440 10.984149 0.023800 0.032258 0.090956 0.085043 0.032258 0.023792 0.032258 610 659
34 62.310000 60.320000 1000000 8.019226 10.662330 7.980051 10.960689 0.023798 0.032258 0.090954 0.085041 0.032258 0.023791 0.032258 650 672
34 62.310000 60.320000 1000000 7.984393 10.488495 7.926258 10.912302 0.023789 0.032258 0.104793 0.099704 0.032258 0.023781 0.032258 670 963
34 62.310000 60.320000 1000000 7.858893 10.468782 7.875308 10.805509 0.023785 0.032258 0.152999 0.149560 0.032258 0.023795 0.032258 960 1045
34 62.310000 60.320000 1000000 7.853542 10.468065 7.869991 10.799643 0.023784 0.032258 0.152999 0.149560 0.032258 0.023794 0.032258 1040 1156
34 62.310000 60.320000 1000000 7.748267 10.450144 7.767698 10.659859 0.023810 0.032258 0.080095 0.073312 0.032258 0.023817 0.032258 1150 1618
34 62.310000 60.320000 1000000 7.732091 10.447994 7.751644 10.642264 0.023809 0.032258 0.085495 0.079176 0.032258 0.023815 0.032258 1160 1684
34 62.310000 60.320000 1000000 7.726280 10.445843 7.752604 10.645196 0.023812 0.032258 0.080098 0.073315 0.032258 0.023814 0.032258 1250 1702
34 62.310000 60.320000 1000000 7.718414 10.444409 7.744817 10.633466 0.023812 0.032258 0.085501 0.079182 0.032258 0.023814 0.032258 1390 1479
34 62.310000 60.320000 1000000 7.714580 10.443693 7.741023 10.627601 0.023811 0.032258 0.090959 0.085047 0.032258 0.023813 0.032258 1470 1702
34 62.310000 60.320000 1000000 7.693499 10.384553 7.714070 10.602430 0.023811 0.032258 0.077425 0.070384 0.032258 0.023812 0.032258 1700 1870
34 62.310000 60.320000 1000000 7.641906 10.208568 7.644859 10.538647 0.023805 0.032258 0.085501 0.079183 0.032258 0.023803 0.032258 1870 2205
34 62.310000 60.320000 1000000 7.631091 10.205342 7.633275 10.507611 0.023805 0.032258 0.088222 0.082113 0.032258 0.023803 0.032258 2200 2840
34 62.310000 60.320000 1000000 7.612499 10.203192 7.607698 10.483418 0.023804 0.032258 0.072134 0.064519 0.032258 0.023802 0.032258 2720 3270
34 62.310000 60.320000 1000000 7.606504 10.202475 7.599435 10.475353 0.023803 0.032258 0.077422 0.070382 0.032258 0.023801 0.032258 3270 3921
34 62.310000 60.320000 1000000 7.547722 10.189571 7.528741 10.339233 0.023814 0.032258 0.082788 0.076244 0.032258 0.023818 0.032258 3920 4474
34 62.310000 60.320000 1000000 7.542325 10.188855 7.523302 10.333368 0.023813 0.032258 0.082788 0.076244 0.032258 0.023818 0.032258 4470 5040
34 62.310000 60.320000 1000000 7.524325 10.185987 7.504277 10.307708 0.023810 0.032258 0.093702 0.087974 0.032258 0.023815 0.032258 5040 5071
34 62.310000 60.320000 1000000 7.512969 10.183478 7.492016 10.282537 0.023812 0.032258 0.085495 0.079176 0.032258 0.023818 0.032258 5070 6764
34 62.310000 60.320000 1000000 7.373725 10.034375 7.395713 10.040603 0.023827 0.032258 0.054548 0.043987 0.032258 0.023827 0.032258 6760 6900
34 62.310000 60.320000 1000000 7.369491 10.033658 7.391516 10.034738 0.023828 0.032258 0.049940 0.038124 0.032258 0.023827 0.032258 6900 8388
34 62.310000 60.320000 1000000 7.353948 10.030791 7.378054 10.018120 0.023827 0.032258 0.049943 0.038128 0.032258 0.023826 0.032258 8380 10031
34 62.310000 60.320000 1000000 7.349760 10.030074 7.373907 10.012255 0.023827 0.032258 0.049943 0.038128 0.032258 0.023826 0.032258 10030 11434
34 62.310000 60.320000 1000000 7.348520 10.028998 7.372031 9.998814 0.023827 0.032258 0.052216 0.041059 0.032258 0.023826 0.032258 11430 18892
34 62.310000 60.320000 1000000 7.277650 9.793874 7.276801 9.909860 0.023828 0.032258 0.047742 0.035196 0.032258 0.023826 0.032258 12600 25621
34 62.310000 60.320000 1000000 7.247198 9.788856 7.245642 9.878091 0.023827 0.032258 0.056942 0.046924 0.032258 0.023823 0.032258 25620 27291
34 62.310000 60.320000 1000000 7.243692 9.788139 7.242133 9.872226 0.023828 0.032258 0.052215 0.041059 0.032258 0.023824 0.032258 27290 29566
34 62.310000 60.320000 1000000 7.242421 9.787064 7.240191 9.858785 0.023828 0.032258 0.049942 0.038126 0.032258 0.023825 0.032258 29560 29630
34 62.310000 60.320000 1000000 7.238974 9.786347 7.236741 9.852920 0.023829 0.032258 0.049940 0.038124 0.032258 0.023826 0.032258 29630 48766
34 62.310000 60.320000 1000000 7.161604 9.549788 7.130030 9.747837 0.023825 0.032258 0.069521 0.061584 0.032258 0.023821 0.032258 45120 57596
34 62.310000 60.320000 1000000 7.149527 9.546921 7.117790 9.724377 0.023823 0.032258 0.090955 0.085043 0.032258 0.023820 0.032258 52810 65590
34 62.310000 60.320000 1000000 7.121186 9.541903 7.087015 9.678922 0.023825 0.032258 0.069521 0.061583 0.032258 0.023824 0.032258 65590 66740
34 62.310000 60.320000 1000000 7.115691 9.541186 7.081441 9.673057 0.023825 0.032258 0.069520 0.061582 0.032258 0.023824 0.032258 66740 80599
34 62.310000 60.320000 1000000 7.102502 9.539036 7.068059 9.655462 0.023824 0.032258 0.064383 0.055718 0.032258 0.023824 0.032258 80590 102808
34 62.310000 60.320000 1000000 7.033348 9.530434 7.030051 9.610252 0.023820 0.032258 0.069523 0.061586 0.032258 0.023818 0.032258 102800 134969
34 62.310000 60.320000 1000000 7.027107 9.529717 7.021454 9.602187 0.023820 0.032258 0.069521 0.061584 0.032258 0.023818 0.032258 134960 168602
34 62.310000 60.320000 1000000 6.983052 9.464126 6.962284 9.504436 0.023825 0.032258 0.061861 0.052785 0.032258 0.023826 0.032258 168600 191962
34 62.310000 60.320000 1000000 6.958545 9.347638 6.924397 9.464114 0.023824 0.032258 0.069519 0.061581 0.032258 0.023826 0.032258 191960 222775
34 62.310000 60.320000 1000000 6.910612 9.342621 6.922556 9.461914 0.023822 0.032258 0.074766 0.067449 0.032258 0.023827 0.032258 222770 290144
34 62.310000 60.320000 1000000 6.883609 9.339036 6.885539 9.421592 0.023820 0.032258 0.069521 0.061584 0.032258 0.023824 0.032258 290140 375270
34 62.310000 60.320000 1000000 6.881238 9.338320 6.882281 9.413528 0.023819 0.032258 0.074766 0.067449 0.032258 0.023824 0.032258 375270 444863
34 62.310000 60.320000 1000000 6.861839 9.330434 6.885497 9.424280 0.023826 0.032258 0.069524 0.061588 0.032258 0.023823 0.032258 410390 467492
34 62.310000 60.320000 1000000 6.855392 9.329001 6.879117 9.412550 0.023826 0.032258 0.064385 0.055721 0.032258 0.023823 0.032258 429350 687403
34 62.310000 60.320000 1000000 6.790495 9.095309 6.789334 9.333127 0.023823 0.032258 0.069520 0.061583 0.032258 0.023817 0.032258 687400 701682
34 62.310000 60.320000 1000000 6.785476 9.094593 6.784312 9.327262 0.023824 0.032258 0.064382 0.055718 0.032258 0.023817 0.032258 701680 866009
34 62.310000 60.320000 1000000 6.773323 9.093159 6.767575 9.311133 0.023822 0.032258 0.069518 0.061581 0.032258 0.023815 0.032258 784180 894202
34 62.310000 60.320000 1000000 6.771828 9.092084 6.765286 9.297692 0.023823 0.032258 0.066934 0.058648 0.032258 0.023817 0.032258 894200 1000000
34 62.310000 60.320000 1000000 6.771828 9.092084 6.765286 9.297692 0.023823 0.032258 0.066934 0.058648 0.032258 0.023817 0.032258 999990 1000000
