2 62.310000 60.320000 1000000 9.500656 12.221824 8.869023 12.068212 0.023483 0.032258 0.505427 0.504397 0.032258 0.023930 0.032258 0 66
2 62.310000 60.320000 1000000 9.015046 12.127559 8.939788 12.104625 0.023787 0.032258 0.216489 0.214072 0.032258 0.023838 0.032258 60 71
2 62.310000 60.320000 1000000 8.930214 12.100318 8.932034 12.100959 0.023833 0.032258 0.049938 0.038121 0.032258 0.023830 0.032258 70 80
2 62.310000 60.320000 1000000 8.893229 12.037236 8.888189 12.038887 0.023833 0.032258 0.049940 0.038124 0.032258 0.023831 0.032258 80 93
2 62.310000 60.320000 1000000 8.862855 11.977380 8.867936 12.021536 0.023833 0.032258 0.056939 0.046920 0.032258 0.023831 0.032258 90 109
2 62.310000 60.320000 1000000 8.853128 11.975229 8.858225 12.003941 0.023833 0.032258 0.043595 0.029325 0.032258 0.023831 0.032258 100 111
2 62.310000 60.320000 1000000 8.840727 11.973079 8.852983 11.990989 0.023833 0.032258 0.047738 0.035190 0.032258 0.023831 0.032258 110 122
2 62.310000 60.320000 1000000 8.802929 11.968778 8.811688 11.951644 0.023831 0.032258 0.056938 0.046919 0.032258 0.023829 0.032258 120 150
2 62.310000 60.320000 1000000 8.753938 11.960892 8.766462 11.905456 0.023829 0.032258 0.056937 0.046917 0.032258 0.023825 0.032258 150 199
2 62.310000 60.320000 1000000 8.748812 11.960176 8.761358 11.899591 0.023828 0.032258 0.061859 0.052782 0.032258 0.023824 0.032258 190 299
2 62.310000 60.320000 1000000 8.697880 11.839746 8.697878 11.831654 0.023827 0.032258 0.093701 0.087973 0.032258 0.023824 0.032258 220 290
2 62.310000 60.320000 1000000 8.658983 11.829710 8.657613 11.740256 0.023825 0.032258 0.093699 0.087971 0.032258 0.023822 0.032258 290 335
2 62.310000 60.320000 1000000 8.617031 11.820391 8.605318 11.642015 0.023824 0.032258 0.077417 0.070376 0.032258 0.023821 0.032258 330 400
2 62.310000 60.320000 1000000 8.602919 11.818240 8.591147 11.624420 0.023824 0.032258 0.061859 0.052782 0.032258 0.023821 0.032258 340 390
2 62.310000 60.320000 1000000 8.352479 10.597814 8.233776 11.347050 0.023774 0.032258 0.118833 0.114370 0.032258 0.023762 0.032258 390 400
2 62.310000 60.320000 1000000 8.344551 10.597097 8.235153 11.348028 0.023777 0.032258 0.113199 0.108505 0.032258 0.023761 0.032258 400 502
2 62.310000 60.320000 1000000 8.342163 10.596380 8.231735 11.339963 0.023776 0.032258 0.113199 0.108505 0.032258 0.023762 0.032258 500 557
2 62.310000 60.320000 1000000 8.205192 10.582043 8.247803 11.352671 0.023767 0.032258 0.102011 0.096777 0.032258 0.023764 0.032258 550 571
2 62.310000 60.320000 1000000 8.201847 10.581327 8.244509 11.346806 0.023767 0.032258 0.102011 0.096777 0.032258 0.023764 0.032258 570 581
2 62.310000 60.320000 1000000 8.194743 10.580610 8.234888 11.338742 0.023770 0.032258 0.096465 0.090911 0.032258 0.023767 0.032258 580 656
2 62.310000 60.320000 1000000 8.187739 10.579893 8.225394 11.330677 0.023772 0.032258 0.090960 0.085048 0.032258 0.023769 0.032258 650 684
2 62.310000 60.320000 1000000 8.168782 10.566273 8.197156 11.161323 0.023778 0.032258 0.069520 0.061583 0.032258 0.023778 0.032258 680 713
2 62.310000 60.320000 1000000 8.161830 10.565556 8.187692 11.153259 0.023780 0.032258 0.069520 0.061583 0.032258 0.023780 0.032258 710 851
2 62.310000 60.320000 1000000 8.067080 10.441542 8.056367 11.031803 0.023773 0.032258 0.074765 0.067448 0.032258 0.023768 0.032258 850 1004
2 62.310000 60.320000 1000000 8.061233 10.440825 8.048292 11.023738 0.023772 0.032258 0.074765 0.067448 0.032258 0.023766 0.032258 1000 1019
2 62.310000 60.320000 1000000 8.051281 10.383119 8.032999 11.010298 0.023766 0.032258 0.077421 0.070381 0.032258 0.023758 0.032258 1010 1052
2 62.310000 60.320000 1000000 8.045506 10.382402 8.025001 11.002233 0.023765 0.032258 0.077421 0.070381 0.032258 0.023756 0.032258 1050 1079
2 62.310000 60.320000 1000000 8.041078 10.381686 8.020539 10.996368 0.023766 0.032258 0.077423 0.070382 0.032258 0.023757 0.032258 1070 1243
2 62.310000 60.320000 1000000 7.932328 10.368066 7.902201 10.876134 0.023771 0.032258 0.099230 0.093840 0.032258 0.023762 0.032258 1240 1289
2 62.310000 60.320000 1000000 7.926825 10.367349 7.894545 10.868070 0.023769 0.032258 0.104793 0.099705 0.032258 0.023759 0.032258 1280 1322
2 62.310000 60.320000 1000000 7.849377 10.356596 7.816123 10.780094 0.023787 0.032258 0.088219 0.082110 0.032258 0.023780 0.032258 1290 1461
2 62.310000 60.320000 1000000 7.838796 10.298890 7.799733 10.766653 0.023783 0.032258 0.090955 0.085042 0.032258 0.023775 0.032258 1460 1640
2 62.310000 60.320000 1000000 7.801855 10.238317 7.788018 10.757122 0.023773 0.032258 0.072132 0.064517 0.032258 0.023771 0.032258 1640 1747
2 62.310000 60.320000 1000000 7.782974 10.235450 7.764767 10.729263 0.023773 0.032258 0.082786 0.076242 0.032258 0.023769 0.032258 1720 2216
2 62.310000 60.320000 1000000 7.770260 10.234016 7.766895 10.731218 0.023769 0.032258 0.077419 0.070378 0.032258 0.023770 0.032258 1780 2267
2 62.310000 60.320000 1000000 7.673854 10.218962 7.672712 10.614894 0.023781 0.032258 0.061865 0.052789 0.032258 0.023782 0.032258 2260 2299
2 62.310000 60.320000 1000000 7.667488 10.215020 7.666341 10.575549 0.023785 0.032258 0.069523 0.061586 0.032258 0.023785 0.032258 2290 2351
2 62.310000 60.320000 1000000 7.663504 10.214303 7.662355 10.569684 0.023785 0.032258 0.069524 0.061587 0.032258 0.023785 0.032258 2350 3038
2 62.310000 60.320000 1000000 7.658814 10.213586 7.657663 10.563819 0.023785 0.032258 0.069523 0.061586 0.032258 0.023785 0.032258 3030 5092
2 62.310000 60.320000 1000000 7.536621 10.081687 7.530260 10.406928 0.023786 0.032258 0.096464 0.090910 0.032258 0.023786 0.032258 5090 5512
2 62.310000 60.320000 1000000 7.534567 10.080970 7.530603 10.407905 0.023788 0.032258 0.096464 0.090910 0.032258 0.023785 0.032258 5510 7853
2 62.310000 60.320000 1000000 7.479416 10.068783 7.474848 10.288891 0.023805 0.032258 0.090958 0.085045 0.032258 0.023815 0.032258 7100 9095
2 62.310000 60.320000 1000000 7.389946 10.041543 7.373492 9.991727 0.023807 0.032258 0.141556 0.137831 0.032258 0.023823 0.032258 8430 9189
2 62.310000 60.320000 1000000 7.382783 10.039393 7.366905 9.976575 0.023810 0.032258 0.147273 0.143696 0.032258 0.023824 0.032258 9180 10624
2 62.310000 60.320000 1000000 7.371705 10.037242 7.355754 9.958980 0.023810 0.032258 0.141556 0.137831 0.032258 0.023824 0.032258 10620 12332
2 62.310000 60.320000 1000000 7.292118 9.795666 7.280183 9.910837 0.023823 0.032258 0.064385 0.055721 0.032258 0.023821 0.032258 12330 17323
2 62.310000 60.320000 1000000 7.285295 9.794232 7.273326 9.899107 0.023825 0.032258 0.069519 0.061582 0.032258 0.023822 0.032258 12860 17481
2 62.310000 60.320000 1000000 7.279847 9.793515 7.267852 9.893242 0.023825 0.032258 0.064381 0.055717 0.032258 0.023822 0.032258 17480 17843
2 62.310000 60.320000 1000000 7.275530 9.792798 7.263513 9.887377 0.023826 0.032258 0.059378 0.049852 0.032258 0.023823 0.032258 17840 18996
2 62.310000 60.320000 1000000 7.240984 9.788497 7.219718 9.843389 0.023820 0.032258 0.069519 0.061582 0.032258 0.023817 0.032258 18450 20531
2 62.310000 60.320000 1000000 7.237560 9.787064 7.220293 9.845344 0.023821 0.032258 0.069520 0.061583 0.032258 0.023817 0.032258 19030 22284
2 62.310000 60.320000 1000000 7.196935 9.779895 7.179372 9.786693 0.023822 0.032258 0.069522 0.061585 0.032258 0.023818 0.032258 22280 22320
2 62.310000 60.320000 1000000 7.194297 9.779178 7.175718 9.778629 0.023822 0.032258 0.064386 0.055722 0.032258 0.023819 0.032258 22320 23316
2 62.310000 60.320000 1000000 7.191707 9.778462 7.172128 9.770564 0.023823 0.032258 0.064386 0.055722 0.032258 0.023821 0.032258 23310 23425
2 62.310000 60.320000 1000000 7.186373 9.777745 7.166750 9.764699 0.023822 0.032258 0.059383 0.049857 0.032258 0.023820 0.032258 23420 44488
2 62.310000 60.320000 1000000 7.112096 9.712870 7.150276 9.747348 0.023816 0.032258 0.077427 0.070387 0.032258 0.023820 0.032258 44480 56816
2 62.310000 60.320000 1000000 7.067053 9.703551 7.105959 9.671102 0.023818 0.032258 0.077423 0.070383 0.032258 0.023820 0.032258 56670 59157
2 62.310000 60.320000 1000000 7.061544 9.702834 7.100540 9.665237 0.023818 0.032258 0.072133 0.064518 0.032258 0.023819 0.032258 59150 65635
2 62.310000 60.320000 1000000 7.059751 9.702118 7.100833 9.666214 0.023818 0.032258 0.077423 0.070383 0.032258 0.023819 0.032258 65630 72274
2 62.310000 60.320000 1000000 7.047533 9.644412 7.082465 9.652773 0.023820 0.032258 0.074767 0.067450 0.032258 0.023820 0.032258 72270 78947
2 62.310000 60.320000 1000000 7.035495 9.586706 7.064322 9.639333 0.023821 0.032258 0.072133 0.064518 0.032258 0.023821 0.032258 78940 103383
2 62.310000 60.320000 1000000 7.005663 9.470577 7.020112 9.604386 0.023821 0.032258 0.066938 0.058653 0.032258 0.023820 0.032258 103380 117991
2 62.310000 60.320000 1000000 6.990845 9.468427 7.005386 9.586791 0.023821 0.032258 0.061865 0.052789 0.032258 0.023819 0.032258 117990 123859
2 62.310000 60.320000 1000000 6.989459 9.467351 7.003281 9.573350 0.023821 0.032258 0.059382 0.049857 0.032258 0.023820 0.032258 123850 135564
2 62.310000 60.320000 1000000 6.985695 9.466634 6.999539 9.567485 0.023820 0.032258 0.064386 0.055722 0.032258 0.023819 0.032258 135560 155035
2 62.310000 60.320000 1000000 6.950749 9.402477 6.949842 9.481464 0.023827 0.032258 0.056941 0.046922 0.032258 0.023827 0.032258 155030 158431
2 62.310000 60.320000 1000000 6.948906 9.401760 6.950149 9.482442 0.023827 0.032258 0.056941 0.046922 0.032258 0.023827 0.032258 158430 175575
2 62.310000 60.320000 1000000 6.938237 9.399251 6.938753 9.457271 0.023827 0.032258 0.054550 0.043989 0.032258 0.023827 0.032258 175570 200550
2 62.310000 60.320000 1000000 6.925611 9.397817 6.921378 9.441142 0.023827 0.032258 0.049941 0.038125 0.032258 0.023827 0.032258 183460 212476
2 62.310000 60.320000 1000000 6.904753 9.337961 6.894251 9.410106 0.023826 0.032258 0.056940 0.046921 0.032258 0.023826 0.032258 212470 294656
2 62.310000 60.320000 1000000 6.900002 9.336527 6.887687 9.393977 0.023826 0.032258 0.056940 0.046921 0.032258 0.023826 0.032258 212950 335764
2 62.310000 60.320000 1000000 6.876011 9.332943 6.862688 9.362452 0.023824 0.032258 0.061861 0.052784 0.032258 0.023825 0.032258 335760 414916
2 62.310000 60.320000 1000000 6.838606 9.328642 6.821915 9.323107 0.023820 0.032258 0.072127 0.064511 0.032258 0.023820 0.032258 414910 485424
2 62.310000 60.320000 1000000 6.823456 9.326492 6.806652 9.305512 0.023818 0.032258 0.072127 0.064511 0.032258 0.023818 0.032258 485420 522213
2 62.310000 60.320000 1000000 6.811482 9.268786 6.788197 9.292071 0.023819 0.032258 0.069517 0.061579 0.032258 0.023820 0.032258 522210 682392
2 62.310000 60.320000 1000000 6.784317 9.259467 6.783456 9.291094 0.023825 0.032258 0.069521 0.061584 0.032258 0.023819 0.032258 565150 585118
2 62.310000 60.320000 1000000 6.782766 9.258750 6.783715 9.292071 0.023824 0.032258 0.074766 0.067449 0.032258 0.023819 0.032258 585110 682392
2 62.310000 60.320000 1000000 6.710517 9.080614 6.708613 9.222179 0.023824 0.032258 0.072132 0.064517 0.032258 0.023818 0.032258 682390 924784
2 62.310000 60.320000 1000000 6.708114 9.079897 6.705306 9.214114 0.023824 0.032258 0.072132 0.064517 0.032258 0.023818 0.032258 924780 977478
2 62.310000 60.320000 1000000 6.703004 9.079180 6.700189 9.208249 0.023823 0.032258 0.077423 0.070382 0.032258 0.023817 0.032258 977470 1000000
2 62.310000 60.320000 1000000 6.703004 9.079180 6.700189 9.208249 0.023823 0.032258 0.077423 0.070382 0.032258 0.023817 0.032258 999990 1000000
