8 62.310000 60.320000 1000000 9.190392 12.256274 9.152377 12.408403 0.023830 0.032258 0.056939 0.046920 0.032258 0.023827 0.032258 0 50
8 62.310000 60.320000 1000000 9.040630 12.236919 9.067403 12.323848 0.023822 0.032258 0.072133 0.064518 0.032258 0.023823 0.032258 50 60
8 62.310000 60.320000 1000000 8.881506 11.877778 8.892318 12.165001 0.023823 0.032258 0.056943 0.046924 0.032258 0.023821 0.032258 60 98
8 62.310000 60.320000 1000000 8.741760 11.844086 8.746252 11.842910 0.023825 0.032258 0.088221 0.082111 0.032258 0.023823 0.032258 90 112
8 62.310000 60.320000 1000000 8.689458 11.834050 8.680630 11.736604 0.023830 0.032258 0.066938 0.058652 0.032258 0.023829 0.032258 110 130
8 62.310000 60.320000 1000000 8.660096 11.769175 8.661668 11.723896 0.023832 0.032258 0.038239 0.020534 0.032258 0.023830 0.032258 130 158
8 62.310000 60.320000 1000000 8.577646 11.728315 8.654970 11.750045 0.023767 0.032258 0.350465 0.348977 0.032258 0.023839 0.032258 150 170
8 62.310000 60.320000 1000000 8.264587 11.601074 8.343901 11.167690 0.023455 0.032258 0.892086 0.891503 0.032258 0.023519 0.032258 170 180
8 62.310000 60.320000 1000000 8.025568 11.530465 8.075934 10.475363 0.023247 0.032258 0.596186 0.595313 0.032258 0.023274 0.032258 180 192
8 62.310000 60.320000 1000000 7.463277 8.413261 7.178602 9.736116 0.022925 0.032258 0.745569 0.744871 0.032258 0.022866 0.032258 190 222
8 62.310000 60.320000 1000000 7.394269 8.363081 7.060551 9.109771 0.022930 0.032258 0.604969 0.604108 0.032258 0.022920 0.032258 220 238
8 62.310000 60.320000 1000000 7.392862 8.362364 7.058328 9.101707 0.022927 0.032258 0.599114 0.598244 0.032258 0.022916 0.032258 230 276
8 62.310000 60.320000 1000000 6.564581 8.288171 6.547778 8.717785 0.023254 0.032258 0.327111 0.325517 0.032258 0.023235 0.032258 270 584
8 62.310000 60.320000 1000000 6.206292 8.253046 6.185012 8.421110 0.023825 0.032258 0.059384 0.049858 0.032258 0.023820 0.032258 370 474
8 62.310000 60.320000 1000000 6.184131 8.249462 6.182749 8.419155 0.023825 0.032258 0.054553 0.043994 0.032258 0.023822 0.032258 470 496
8 62.310000 60.320000 1000000 6.163167 8.245877 6.163535 8.396672 0.023827 0.032258 0.080100 0.073317 0.032258 0.023823 0.032258 490 580
8 62.310000 60.320000 1000000 6.151492 8.244444 6.151863 8.384942 0.023829 0.032258 0.069524 0.061587 0.032258 0.023826 0.032258 510 529
8 62.310000 60.320000 1000000 6.145829 8.243727 6.146200 8.379077 0.023829 0.032258 0.064386 0.055722 0.032258 0.023826 0.032258 520 580
8 62.310000 60.320000 1000000 6.138534 8.237275 6.135046 8.298431 0.023830 0.032258 0.049942 0.038126 0.032258 0.023827 0.032258 530 584
8 62.310000 60.320000 1000000 6.118941 8.234408 6.115419 8.274971 0.023829 0.032258 0.059385 0.049859 0.032258 0.023827 0.032258 580 609
8 62.310000 60.320000 1000000 6.107547 8.176702 6.097957 8.261530 0.023828 0.032258 0.061868 0.052792 0.032258 0.023825 0.032258 600 657
8 62.310000 60.320000 1000000 6.101253 8.175985 6.089256 8.253466 0.023828 0.032258 0.061868 0.052792 0.032258 0.023825 0.032258 650 757
8 62.310000 60.320000 1000000 6.065326 8.169534 6.054931 8.207523 0.023832 0.032258 0.047742 0.035195 0.032258 0.023830 0.032258 750 1235
8 62.310000 60.320000 1000000 6.050855 8.165950 6.038514 8.173798 0.023833 0.032258 0.043600 0.029332 0.032258 0.023831 0.032258 840 1305
8 62.310000 60.320000 1000000 6.028999 8.162365 6.012305 8.137875 0.023832 0.032258 0.043601 0.029333 0.032258 0.023831 0.032258 1300 1400
8 62.310000 60.320000 1000000 6.014467 8.160932 6.014737 8.139830 0.023833 0.032258 0.036749 0.017603 0.032258 0.023831 0.032258 1310 1934
8 62.310000 60.320000 1000000 6.009726 8.160215 6.009997 8.133965 0.023833 0.032258 0.036749 0.017603 0.032258 0.023831 0.032258 1930 2212
8 62.310000 60.320000 1000000 5.997981 8.102509 5.992027 8.120524 0.023833 0.032258 0.038240 0.020535 0.032258 0.023831 0.032258 2210 2266
8 62.310000 60.320000 1000000 5.993989 8.101792 5.988024 8.114659 0.023833 0.032258 0.035437 0.014670 0.032258 0.023831 0.032258 2260 2404
8 62.310000 60.320000 1000000 5.991640 8.101076 5.984782 8.106594 0.023833 0.032258 0.038240 0.020535 0.032258 0.023831 0.032258 2400 2743
8 62.310000 60.320000 1000000 5.990433 8.100000 5.982933 8.093154 0.023833 0.032258 0.036748 0.017602 0.032258 0.023831 0.032258 2740 3345
8 62.310000 60.320000 1000000 5.983298 8.099283 5.984124 8.094131 0.023834 0.032258 0.036747 0.017600 0.032258 0.023831 0.032258 3340 4283
8 62.310000 60.320000 1000000 5.980152 8.098567 5.980980 8.088266 0.023834 0.032258 0.036747 0.017600 0.032258 0.023831 0.032258 4280 5154
8 62.310000 60.320000 1000000 5.973756 8.097850 5.972183 8.080201 0.023834 0.032258 0.034327 0.011737 0.032258 0.023831 0.032258 5150 5674
8 62.310000 60.320000 1000000 5.962079 8.040143 5.954301 8.066760 0.023834 0.032258 0.035437 0.014670 0.032258 0.023831 0.032258 5670 8791
8 62.310000 60.320000 1000000 5.960486 8.039426 5.954567 8.067738 0.023834 0.032258 0.035437 0.014670 0.032258 0.023831 0.032258 8790 11637
8 62.310000 60.320000 1000000 5.956514 8.038709 5.950584 8.061873 0.023834 0.032258 0.035437 0.014670 0.032258 0.023831 0.032258 11630 17541
8 62.310000 60.320000 1000000 5.950195 8.037993 5.941863 8.053808 0.023834 0.032258 0.035437 0.014670 0.032258 0.023831 0.032258 17540 17670
8 62.310000 60.320000 1000000 5.943085 8.037276 5.943051 8.054786 0.023834 0.032258 0.033438 0.008804 0.032258 0.023831 0.032258 17670 20670
8 62.310000 60.320000 1000000 5.938288 8.036559 5.938253 8.048921 0.023834 0.032258 0.032392 0.002940 0.032258 0.023832 0.032258 20670 21280
8 62.310000 60.320000 1000000 5.937078 8.035484 5.936404 8.035480 0.023834 0.032258 0.032258 0.000007 0.032258 0.023832 0.032258 21280 71286
8 62.310000 60.320000 1000000 5.935896 8.034408 5.934598 8.022039 0.023834 0.032258 0.032392 0.002936 0.032258 0.023832 0.032258 71280 80639
8 62.310000 60.320000 1000000 5.931971 8.033691 5.930670 8.016174 0.023834 0.032258 0.033437 0.008799 0.032258 0.023831 0.032258 80630 214210
8 62.310000 60.320000 1000000 5.926480 8.031541 5.927935 8.010065 0.023834 0.032258 0.035436 0.014668 0.032258 0.023831 0.032258 214210 232373
8 62.310000 60.320000 1000000 5.919456 8.030824 5.929102 8.011042 0.023834 0.032258 0.038237 0.020530 0.032258 0.023831 0.032258 232370 251632
8 62.310000 60.320000 1000000 5.914716 8.030107 5.924385 8.005177 0.023834 0.032258 0.038236 0.020528 0.032258 0.023831 0.032258 251630 289505
8 62.310000 60.320000 1000000 5.902972 7.972401 5.906502 7.991736 0.023834 0.032258 0.036745 0.017596 0.032258 0.023831 0.032258 289500 301943
8 62.310000 60.320000 1000000 5.898307 7.971684 5.901846 7.985871 0.023833 0.032258 0.039888 0.023461 0.032258 0.023831 0.032258 301940 302983
8 62.310000 60.320000 1000000 5.886748 7.913977 5.884192 7.972430 0.023833 0.032258 0.041680 0.026393 0.032258 0.023830 0.032258 302980 343883
8 62.310000 60.320000 1000000 5.880357 7.913260 5.875386 7.964365 0.023833 0.032258 0.041680 0.026394 0.032258 0.023830 0.032258 343880 366383
8 62.310000 60.320000 1000000 5.874730 7.912543 5.869745 7.958500 0.023833 0.032258 0.038237 0.020530 0.032258 0.023831 0.032258 366380 421584
8 62.310000 60.320000 1000000 5.865330 7.909676 5.867316 7.932596 0.023833 0.032258 0.038234 0.020525 0.032258 0.023831 0.032258 421580 444689
8 62.310000 60.320000 1000000 5.861360 7.908959 5.863349 7.926731 0.023833 0.032258 0.038234 0.020525 0.032258 0.023831 0.032258 444680 508369
8 62.310000 60.320000 1000000 5.828953 7.902507 5.829174 7.869547 0.023833 0.032258 0.041679 0.026392 0.032258 0.023830 0.032258 508360 542549
8 62.310000 60.320000 1000000 5.824225 7.901791 5.824447 7.863681 0.023833 0.032258 0.038236 0.020528 0.032258 0.023830 0.032258 542540 551480
8 62.310000 60.320000 1000000 5.823062 7.900715 5.822670 7.850241 0.023833 0.032258 0.039887 0.023461 0.032258 0.023830 0.032258 551480 628322
8 62.310000 60.320000 1000000 5.821472 7.899999 5.822934 7.851218 0.023833 0.032258 0.036745 0.017596 0.032258 0.023830 0.032258 628320 640427
8 62.310000 60.320000 1000000 5.818450 7.899282 5.819915 7.845353 0.023832 0.032258 0.039888 0.023461 0.032258 0.023829 0.032258 640420 644109
8 62.310000 60.320000 1000000 5.811381 7.898565 5.821090 7.846331 0.023832 0.032258 0.043596 0.029326 0.032258 0.023829 0.032258 644100 966426
8 62.310000 60.320000 1000000 5.793813 7.895697 5.803610 7.822870 0.023829 0.032258 0.052211 0.041053 0.032258 0.023826 0.032258 966420 1000000
8 62.310000 60.320000 1000000 5.793813 7.895697 5.803610 7.822870 0.023829 0.032258 0.052211 0.041053 0.032258 0.023826 0.032258 999990 1000000
