24 62.310000 60.320000 1000000 9.244480 12.656987 9.284930 12.521549 0.023830 0.032258 0.056941 0.046922 0.032258 0.023829 0.032258 0 51
24 62.310000 60.320000 1000000 9.035795 11.896774 8.987955 12.262997 0.023818 0.032258 0.102005 0.096770 0.032258 0.023812 0.032258 50 60
24 62.310000 60.320000 1000000 8.927215 11.883154 8.919752 12.184062 0.023810 0.032258 0.096462 0.090908 0.032258 0.023805 0.032258 60 77
24 62.310000 60.320000 1000000 8.883555 11.878136 8.891459 12.156692 0.023815 0.032258 0.074767 0.067450 0.032258 0.023813 0.032258 70 103
24 62.310000 60.320000 1000000 8.732108 11.839785 8.752306 11.860261 0.023826 0.032258 0.121660 0.117305 0.032258 0.023823 0.032258 100 164
24 62.310000 60.320000 1000000 8.662323 11.714336 8.664542 11.738071 0.023832 0.032258 0.077425 0.070384 0.032258 0.023829 0.032258 160 192
24 62.310000 60.320000 1000000 8.572833 11.675626 8.540857 11.302585 0.023742 0.032258 0.312523 0.310853 0.032258 0.023705 0.032258 170 253
24 62.310000 60.320000 1000000 8.511642 11.384942 8.446181 11.211187 0.023731 0.032258 0.344623 0.343110 0.032258 0.023693 0.032258 190 235
24 62.310000 60.320000 1000000 7.591523 8.683509 7.186098 9.959231 0.023010 0.032258 1.038624 1.038123 0.032258 0.022962 0.032258 230 253
24 62.310000 60.320000 1000000 7.302422 8.588527 6.813917 8.952145 0.022948 0.032258 0.918449 0.917882 0.032258 0.023091 0.032258 250 262
24 62.310000 60.320000 1000000 7.215301 8.582792 6.818152 8.953123 0.023040 0.032258 0.871559 0.870962 0.032258 0.023087 0.032258 260 274
24 62.310000 60.320000 1000000 7.214194 8.582076 6.818370 8.954100 0.023038 0.032258 0.865698 0.865096 0.032258 0.023087 0.032258 270 280
24 62.310000 60.320000 1000000 7.206573 8.524370 6.804560 8.940660 0.023024 0.032258 0.868628 0.868029 0.032258 0.023069 0.032258 280 427
24 62.310000 60.320000 1000000 6.160285 8.408241 6.177819 8.321403 0.023824 0.032258 0.088221 0.082111 0.032258 0.023822 0.032258 370 516
24 62.310000 60.320000 1000000 6.154381 8.407525 6.171965 8.315538 0.023825 0.032258 0.082789 0.076246 0.032258 0.023823 0.032258 510 1047
24 62.310000 60.320000 1000000 6.144984 8.406091 6.162649 8.303808 0.023825 0.032258 0.082789 0.076246 0.032258 0.023822 0.032258 540 760
24 62.310000 60.320000 1000000 6.082502 8.284945 6.087843 8.230005 0.023832 0.032258 0.043598 0.029330 0.032258 0.023829 0.032258 720 736
24 62.310000 60.320000 1000000 6.044147 8.111111 6.030886 8.183818 0.023832 0.032258 0.041683 0.026398 0.032258 0.023829 0.032258 730 760
24 62.310000 60.320000 1000000 6.039364 8.110395 6.026071 8.177953 0.023832 0.032258 0.038239 0.020533 0.032258 0.023830 0.032258 760 1514
24 62.310000 60.320000 1000000 6.018702 8.107527 6.021896 8.168178 0.023833 0.032258 0.035436 0.014667 0.032258 0.023830 0.032258 1430 1601
24 62.310000 60.320000 1000000 6.014752 8.106810 6.017953 8.162313 0.023833 0.032258 0.038237 0.020529 0.032258 0.023830 0.032258 1600 2167
24 62.310000 60.320000 1000000 6.006634 8.104660 6.007992 8.140319 0.023834 0.032258 0.033437 0.008801 0.032258 0.023831 0.032258 2160 2531
24 62.310000 60.320000 1000000 6.001095 8.103943 6.002457 8.134453 0.023834 0.032258 0.035436 0.014666 0.032258 0.023831 0.032258 2530 2603
24 62.310000 60.320000 1000000 5.999495 8.103226 6.002724 8.135431 0.023834 0.032258 0.038238 0.020531 0.032258 0.023831 0.032258 2600 2709
24 62.310000 60.320000 1000000 5.998293 8.102151 6.000891 8.121990 0.023834 0.032258 0.036747 0.017599 0.032258 0.023831 0.032258 2700 2964
24 62.310000 60.320000 1000000 5.991955 8.101434 5.992181 8.113925 0.023834 0.032258 0.034327 0.011736 0.032258 0.023831 0.032258 2960 3215
24 62.310000 60.320000 1000000 5.989546 8.100717 5.988869 8.105861 0.023834 0.032258 0.032788 0.005872 0.032258 0.023831 0.032258 3210 3408
24 62.310000 60.320000 1000000 5.977961 8.043010 5.971137 8.092420 0.023834 0.032258 0.033438 0.008805 0.032258 0.023831 0.032258 3400 4004
24 62.310000 60.320000 1000000 5.973133 8.042294 5.966292 8.086555 0.023834 0.032258 0.032392 0.002940 0.032258 0.023831 0.032258 4000 5709
24 62.310000 60.320000 1000000 5.967634 8.041577 5.960774 8.080690 0.023834 0.032258 0.033438 0.008805 0.032258 0.023831 0.032258 5700 5989
24 62.310000 60.320000 1000000 5.962895 8.040860 5.956019 8.074825 0.023834 0.032258 0.033438 0.008805 0.032258 0.023831 0.032258 5980 10505
24 62.310000 60.320000 1000000 5.959717 8.040143 5.952829 8.068960 0.023834 0.032258 0.035437 0.014669 0.032258 0.023831 0.032258 10500 15997
24 62.310000 60.320000 1000000 5.953407 8.039426 5.944118 8.060895 0.023834 0.032258 0.035437 0.014669 0.032258 0.023831 0.032258 15990 18981
24 62.310000 60.320000 1000000 5.951009 8.038709 5.940805 8.052831 0.023834 0.032258 0.035437 0.014670 0.032258 0.023831 0.032258 18980 19693
24 62.310000 60.320000 1000000 5.949807 8.037634 5.938958 8.039390 0.023834 0.032258 0.036747 0.017599 0.032258 0.023832 0.032258 19690 41917
24 62.310000 60.320000 1000000 5.942639 8.035484 5.935476 8.035480 0.023834 0.032258 0.034327 0.011738 0.032258 0.023832 0.032258 41910 158431
24 62.310000 60.320000 1000000 5.941107 8.034767 5.935732 8.036457 0.023834 0.032258 0.036749 0.017603 0.032258 0.023832 0.032258 158430 180026
24 62.310000 60.320000 1000000 5.905455 7.860930 5.883461 7.997112 0.023829 0.032258 0.045625 0.032266 0.032258 0.023827 0.032258 180020 203263
24 62.310000 60.320000 1000000 5.887839 7.858779 5.882652 7.993202 0.023831 0.032258 0.045623 0.032263 0.032258 0.023827 0.032258 203260 219933
24 62.310000 60.320000 1000000 5.883817 7.858062 5.878619 7.987337 0.023831 0.032258 0.045623 0.032262 0.032258 0.023827 0.032258 219930 344243
24 62.310000 60.320000 1000000 5.878991 7.857346 5.873780 7.981472 0.023831 0.032258 0.045621 0.032260 0.032258 0.023827 0.032258 344240 417749
24 62.310000 60.320000 1000000 5.872574 7.856629 5.864927 7.973407 0.023832 0.032258 0.045621 0.032260 0.032258 0.023828 0.032258 417740 432028
24 62.310000 60.320000 1000000 5.866924 7.855912 5.859256 7.967542 0.023832 0.032258 0.041684 0.026399 0.032258 0.023829 0.032258 432020 461287
24 62.310000 60.320000 1000000 5.851747 7.852686 5.843364 7.936506 0.023831 0.032258 0.052216 0.041059 0.032258 0.023828 0.032258 461280 477542
24 62.310000 60.320000 1000000 5.846174 7.851969 5.837767 7.930641 0.023831 0.032258 0.052216 0.041059 0.032258 0.023828 0.032258 477540 507374
24 62.310000 60.320000 1000000 5.837030 7.849460 5.827940 7.905470 0.023831 0.032258 0.049941 0.038125 0.032258 0.023829 0.032258 507370 523067
24 62.310000 60.320000 1000000 5.820351 7.846593 5.819633 7.888852 0.023832 0.032258 0.054550 0.043990 0.032258 0.023828 0.032258 523060 636454
24 62.310000 60.320000 1000000 5.798498 7.839783 5.793117 7.812606 0.023832 0.032258 0.043596 0.029326 0.032258 0.023829 0.032258 587710 724402
24 62.310000 60.320000 1000000 5.748842 7.721502 5.732094 7.762508 0.023833 0.032258 0.039889 0.023463 0.032258 0.023831 0.032258 724400 735118
24 62.310000 60.320000 1000000 5.746426 7.720785 5.728742 7.754444 0.023833 0.032258 0.039889 0.023463 0.032258 0.023831 0.032258 735110 766926
24 62.310000 60.320000 1000000 5.742406 7.720068 5.724685 7.748579 0.023833 0.032258 0.036746 0.017598 0.032258 0.023831 0.032258 766920 785133
24 62.310000 60.320000 1000000 5.738477 7.719352 5.720719 7.742714 0.023833 0.032258 0.039887 0.023460 0.032258 0.023831 0.032258 785130 899336
24 62.310000 60.320000 1000000 5.733761 7.718635 5.715959 7.736849 0.023833 0.032258 0.039886 0.023459 0.032258 0.023831 0.032258 899330 1000000
24 62.310000 60.320000 1000000 5.719497 7.717201 5.718348 7.738804 0.023834 0.032258 0.036743 0.017592 0.032258 0.023831 0.032258 999990 1000000
