47 62.310000 60.320000 1000000 9.923092 13.811067 10.020941 13.197003 0.023792 0.032258 0.127323 0.123169 0.032258 0.023791 0.032258 0 50
47 62.310000 60.320000 1000000 9.825573 13.794579 9.927784 13.071392 0.023778 0.032258 0.190439 0.187687 0.032258 0.023772 0.032258 50 64
47 62.310000 60.320000 1000000 9.567064 12.974510 9.590713 12.790356 0.023805 0.032258 0.116016 0.111441 0.032258 0.023797 0.032258 60 71
47 62.310000 60.320000 1000000 9.429185 12.901750 9.421935 12.622954 0.023827 0.032258 0.064384 0.055720 0.032258 0.023825 0.032258 70 102
47 62.310000 60.320000 1000000 9.390945 12.893865 9.374872 12.543042 0.023822 0.032258 0.102006 0.096771 0.032258 0.023818 0.032258 100 199
47 62.310000 60.320000 1000000 9.339756 12.885979 9.323416 12.478526 0.023815 0.032258 0.107584 0.102634 0.032258 0.023812 0.032258 130 176
47 62.310000 60.320000 1000000 9.198807 12.193508 9.104182 12.317236 0.023815 0.032258 0.141550 0.137825 0.032258 0.023823 0.032258 140 170
47 62.310000 60.320000 1000000 8.991644 12.108921 8.994381 12.173296 0.023823 0.032258 0.090958 0.085045 0.032258 0.023820 0.032258 170 258
47 62.310000 60.320000 1000000 8.885535 12.093150 8.886063 12.042064 0.023828 0.032258 0.064382 0.055718 0.032258 0.023825 0.032258 250 284
47 62.310000 60.320000 1000000 8.847400 12.085265 8.856216 11.984391 0.023826 0.032258 0.113198 0.108504 0.032258 0.023823 0.032258 280 299
47 62.310000 60.320000 1000000 8.837151 12.083114 8.857915 11.987323 0.023826 0.032258 0.118833 0.114371 0.032258 0.023823 0.032258 290 326
47 62.310000 60.320000 1000000 8.816565 12.023975 8.831115 11.962152 0.023828 0.032258 0.104797 0.099708 0.032258 0.023825 0.032258 320 346
47 62.310000 60.320000 1000000 8.810354 12.023258 8.822615 11.954088 0.023828 0.032258 0.104797 0.099709 0.032258 0.023825 0.032258 340 394
47 62.310000 60.320000 1000000 8.751350 12.008921 8.755302 11.809904 0.023829 0.032258 0.052209 0.041051 0.032258 0.023825 0.032258 390 515
47 62.310000 60.320000 1000000 8.742315 12.006770 8.744600 11.787910 0.023827 0.032258 0.056936 0.046916 0.032258 0.023823 0.032258 510 520
47 62.310000 60.320000 1000000 8.722181 11.999602 8.738292 11.788643 0.023826 0.032258 0.061864 0.052787 0.032258 0.023823 0.032258 520 532
47 62.310000 60.320000 1000000 8.714989 11.998885 8.739482 11.789620 0.023826 0.032258 0.061864 0.052787 0.032258 0.023823 0.032258 530 547
47 62.310000 60.320000 1000000 8.709529 11.998168 8.734067 11.783755 0.023826 0.032258 0.061862 0.052786 0.032258 0.023823 0.032258 540 590
47 62.310000 60.320000 1000000 8.688868 11.995301 8.705861 11.751497 0.023824 0.032258 0.072133 0.064518 0.032258 0.023820 0.032258 590 611
47 62.310000 60.320000 1000000 8.675714 11.993150 8.701101 11.740745 0.023824 0.032258 0.072133 0.064518 0.032258 0.023819 0.032258 610 646
47 62.310000 60.320000 1000000 8.662501 11.983831 8.683089 11.627353 0.023823 0.032258 0.052214 0.041057 0.032258 0.023817 0.032258 640 659
47 62.310000 60.320000 1000000 8.660292 11.983114 8.680073 11.619289 0.023822 0.032258 0.052214 0.041057 0.032258 0.023817 0.032258 650 668
47 62.310000 60.320000 1000000 8.659204 11.982039 8.678421 11.605848 0.023822 0.032258 0.054549 0.043989 0.032258 0.023816 0.032258 660 696
47 62.310000 60.320000 1000000 8.655403 11.981322 8.674646 11.599983 0.023822 0.032258 0.054549 0.043989 0.032258 0.023815 0.032258 690 1104
47 62.310000 60.320000 1000000 8.587322 11.747631 8.580485 11.522759 0.023828 0.032258 0.054550 0.043990 0.032258 0.023825 0.032258 1000 1122
47 62.310000 60.320000 1000000 8.577650 11.744406 8.573667 11.505408 0.023827 0.032258 0.052215 0.041058 0.032258 0.023825 0.032258 1120 1142
47 62.310000 60.320000 1000000 8.570332 11.743689 8.574886 11.506386 0.023828 0.032258 0.052214 0.041057 0.032258 0.023825 0.032258 1140 1498
47 62.310000 60.320000 1000000 8.558946 11.741538 8.563518 11.488791 0.023826 0.032258 0.052215 0.041059 0.032258 0.023824 0.032258 1230 1660
47 62.310000 60.320000 1000000 8.557857 11.740463 8.561856 11.475350 0.023826 0.032258 0.054551 0.043991 0.032258 0.023823 0.032258 1660 1966
47 62.310000 60.320000 1000000 8.554806 11.739746 8.558810 11.469485 0.023826 0.032258 0.049942 0.038126 0.032258 0.023823 0.032258 1960 2280
47 62.310000 60.320000 1000000 8.544540 11.738312 8.557019 11.464597 0.023826 0.032258 0.049941 0.038125 0.032258 0.023822 0.032258 2280 2879
47 62.310000 60.320000 1000000 8.450096 11.332937 8.418220 11.358781 0.023829 0.032258 0.052214 0.041058 0.032258 0.023829 0.032258 2820 2940
47 62.310000 60.320000 1000000 8.444492 11.332220 8.412552 11.352916 0.023830 0.032258 0.052214 0.041058 0.032258 0.023829 0.032258 2940 3328
47 62.310000 60.320000 1000000 8.442147 11.331504 8.409291 11.344852 0.023829 0.032258 0.047740 0.035193 0.032258 0.023829 0.032258 3320 3379
47 62.310000 60.320000 1000000 8.439076 11.330787 8.406183 11.338986 0.023829 0.032258 0.052213 0.041056 0.032258 0.023829 0.032258 3370 3829
47 62.310000 60.320000 1000000 8.361173 10.926128 8.287526 11.245878 0.023813 0.032258 0.069521 0.061584 0.032258 0.023810 0.032258 3820 4907
47 62.310000 60.320000 1000000 8.344603 10.922544 8.267796 11.209954 0.023813 0.032258 0.074763 0.067446 0.032258 0.023811 0.032258 4590 5554
47 62.310000 60.320000 1000000 8.334217 10.864838 8.251464 11.196513 0.023809 0.032258 0.077419 0.070379 0.032258 0.023807 0.032258 5550 5641
47 62.310000 60.320000 1000000 8.224535 10.853369 8.264269 11.205311 0.023806 0.032258 0.088218 0.082109 0.032258 0.023807 0.032258 5640 5769
47 62.310000 60.320000 1000000 8.218350 10.852652 8.265284 11.206289 0.023803 0.032258 0.093702 0.087974 0.032258 0.023807 0.032258 5760 6941
47 62.310000 60.320000 1000000 8.116458 10.841182 8.128967 11.079457 0.023808 0.032258 0.077421 0.070380 0.032258 0.023810 0.032258 6940 7898
47 62.310000 60.320000 1000000 8.110343 10.840466 8.122880 11.073592 0.023810 0.032258 0.072130 0.064515 0.032258 0.023811 0.032258 7890 9114
47 62.310000 60.320000 1000000 8.084960 10.835448 8.099579 11.039379 0.023815 0.032258 0.066941 0.058656 0.032258 0.023815 0.032258 9110 10043
47 62.310000 60.320000 1000000 8.082441 10.833297 8.095751 11.012497 0.023815 0.032258 0.066940 0.058655 0.032258 0.023816 0.032258 9420 11926
47 62.310000 60.320000 1000000 8.038449 10.602474 8.028585 10.958734 0.023806 0.032258 0.061867 0.052791 0.032258 0.023802 0.032258 10880 12281
47 62.310000 60.320000 1000000 8.021321 10.600323 8.004917 10.934540 0.023801 0.032258 0.077424 0.070384 0.032258 0.023795 0.032258 11960 15181
47 62.310000 60.320000 1000000 7.939482 10.588137 7.921200 10.825548 0.023809 0.032258 0.066939 0.058653 0.032258 0.023805 0.032258 15180 21889
47 62.310000 60.320000 1000000 7.847892 10.574517 7.843143 10.723398 0.023811 0.032258 0.072129 0.064513 0.032258 0.023810 0.032258 21880 23218
47 62.310000 60.320000 1000000 7.844261 10.573800 7.839506 10.717533 0.023812 0.032258 0.066934 0.058648 0.032258 0.023812 0.032258 23210 26609
47 62.310000 60.320000 1000000 7.830407 10.571649 7.833534 10.706780 0.023813 0.032258 0.066934 0.058647 0.032258 0.023814 0.032258 26600 33958
47 62.310000 60.320000 1000000 7.826011 10.570932 7.829143 10.700915 0.023812 0.032258 0.072128 0.064512 0.032258 0.023813 0.032258 33950 35087
47 62.310000 60.320000 1000000 7.823356 10.570216 7.825497 10.692850 0.023813 0.032258 0.072129 0.064513 0.032258 0.023814 0.032258 35080 36884
47 62.310000 60.320000 1000000 7.821520 10.569499 7.825802 10.693828 0.023814 0.032258 0.066934 0.058648 0.032258 0.023814 0.032258 36880 44197
47 62.310000 60.320000 1000000 7.741091 10.548710 7.750191 10.529359 0.023817 0.032258 0.133002 0.129031 0.032258 0.023814 0.032258 44190 54903
47 62.310000 60.320000 1000000 7.735796 10.547993 7.744915 10.523494 0.023816 0.032258 0.133002 0.129031 0.032258 0.023814 0.032258 54900 59438
47 62.310000 60.320000 1000000 7.734444 10.546918 7.742856 10.510053 0.023817 0.032258 0.130159 0.126099 0.032258 0.023814 0.032258 59430 70045
47 62.310000 60.320000 1000000 7.685062 10.538316 7.693637 10.439672 0.023825 0.032258 0.069521 0.061584 0.032258 0.023822 0.032258 70040 98265
47 62.310000 60.320000 1000000 7.657079 10.422187 7.652943 10.406926 0.023826 0.032258 0.064383 0.055719 0.032258 0.023825 0.032258 98260 110661
47 62.310000 60.320000 1000000 7.650088 10.421470 7.654108 10.407903 0.023826 0.032258 0.069521 0.061584 0.032258 0.023825 0.032258 110660 118156
47 62.310000 60.320000 1000000 7.563895 10.016812 7.522449 10.305753 0.023819 0.032258 0.072132 0.064517 0.032258 0.023817 0.032258 118150 136277
47 62.310000 60.320000 1000000 7.562035 10.016095 7.522764 10.306730 0.023820 0.032258 0.072132 0.064517 0.032258 0.023817 0.032258 136270 140015
47 62.310000 60.320000 1000000 7.555562 10.015378 7.513718 10.298666 0.023821 0.032258 0.066938 0.058653 0.032258 0.023818 0.032258 140010 140101
47 62.310000 60.320000 1000000 7.544781 9.957672 7.496950 10.285225 0.023818 0.032258 0.069522 0.061585 0.032258 0.023814 0.032258 140100 183425
47 62.310000 60.320000 1000000 7.456672 9.935092 7.470650 10.101697 0.023813 0.032258 0.116010 0.111435 0.032258 0.023823 0.032258 183420 215426
47 62.310000 60.320000 1000000 7.396446 9.751938 7.419801 10.068217 0.023812 0.032258 0.064385 0.055721 0.032258 0.023810 0.032258 215420 244752
47 62.310000 60.320000 1000000 7.389656 9.751222 7.410548 10.060153 0.023814 0.032258 0.064385 0.055721 0.032258 0.023812 0.032258 244750 313157
47 62.310000 60.320000 1000000 7.283517 9.681329 7.291016 9.938697 0.023808 0.032258 0.093704 0.087977 0.032258 0.023806 0.032258 313150 356699
47 62.310000 60.320000 1000000 7.265374 9.679179 7.270771 9.918903 0.023810 0.032258 0.088219 0.082109 0.032258 0.023808 0.032258 356690 389657
47 62.310000 60.320000 1000000 7.262879 9.677028 7.266968 9.892021 0.023811 0.032258 0.082787 0.076244 0.032258 0.023808 0.032258 359290 456086
47 62.310000 60.320000 1000000 7.245728 9.674878 7.249846 9.874426 0.023815 0.032258 0.077420 0.070379 0.032258 0.023812 0.032258 456080 560238
47 62.310000 60.320000 1000000 7.166554 9.607136 7.162800 9.774475 0.023818 0.032258 0.059379 0.049852 0.032258 0.023815 0.032258 560230 569176
47 62.310000 60.320000 1000000 7.165292 9.606061 7.160869 9.761034 0.023819 0.032258 0.061860 0.052783 0.032258 0.023815 0.032258 569170 641544
47 62.310000 60.320000 1000000 7.162720 9.605344 7.157326 9.752970 0.023819 0.032258 0.056938 0.046918 0.032258 0.023816 0.032258 641540 699683
47 62.310000 60.320000 1000000 7.160196 9.604627 7.153847 9.744905 0.023820 0.032258 0.056938 0.046918 0.032258 0.023817 0.032258 699680 917856
47 62.310000 60.320000 1000000 7.154282 9.603910 7.145689 9.736841 0.023818 0.032258 0.056938 0.046918 0.032258 0.023815 0.032258 917850 968048
47 62.310000 60.320000 1000000 7.141393 9.601760 7.131814 9.717046 0.023822 0.032258 0.056937 0.046917 0.032258 0.023819 0.032258 968040 1000000
47 62.310000 60.320000 1000000 7.141393 9.601760 7.131814 9.717046 0.023822 0.032258 0.056937 0.046917 0.032258 0.023819 0.032258 999990 1000000
