17 62.310000 60.320000 1000000 8.750063 11.948030 8.738487 11.772040 0.023829 0.032258 0.043596 0.029326 0.032258 0.023827 0.032258 0 52
17 62.310000 60.320000 1000000 8.623094 11.764157 8.666730 11.705324 0.023828 0.032258 0.080102 0.073319 0.032258 0.023828 0.032258 50 76
17 62.310000 60.320000 1000000 8.554791 11.756272 8.619966 11.659380 0.023824 0.032258 0.085503 0.079185 0.032258 0.023828 0.032258 70 85
17 62.310000 60.320000 1000000 8.482783 11.743369 8.540545 11.547211 0.023817 0.032258 0.102015 0.096780 0.032258 0.023817 0.032258 80 95
17 62.310000 60.320000 1000000 8.477874 11.741935 8.533929 11.531081 0.023818 0.032258 0.096468 0.090915 0.032258 0.023817 0.032258 90 117
17 62.310000 60.320000 1000000 8.444578 11.737634 8.523385 11.516419 0.023810 0.032258 0.118837 0.114375 0.032258 0.023814 0.032258 110 144
17 62.310000 60.320000 1000000 8.220984 11.287092 8.261016 11.050387 0.023670 0.032258 0.429371 0.428157 0.032258 0.023669 0.032258 130 193
17 62.310000 60.320000 1000000 8.173561 11.277773 8.196555 10.945547 0.023669 0.032258 0.405980 0.404697 0.032258 0.023666 0.032258 150 184
17 62.310000 60.320000 1000000 7.237874 7.882433 7.284506 9.792322 0.022941 0.032258 0.561048 0.560120 0.032258 0.022804 0.032258 180 211
17 62.310000 60.320000 1000000 7.224787 7.874906 7.264868 9.698236 0.022954 0.032258 0.540556 0.539592 0.032258 0.022822 0.032258 190 218
17 62.310000 60.320000 1000000 6.543475 7.744082 6.452154 8.282791 0.023022 0.032258 0.584468 0.583577 0.032258 0.022889 0.032258 210 266
17 62.310000 60.320000 1000000 6.000792 7.686018 5.881321 7.807718 0.023592 0.032258 0.426440 0.425218 0.032258 0.023575 0.032258 220 250
17 62.310000 60.320000 1000000 5.894618 7.391032 5.740802 7.687727 0.023575 0.032258 0.388437 0.387095 0.032258 0.023569 0.032258 230 273
17 62.310000 60.320000 1000000 5.700577 7.368094 5.547671 7.505177 0.023707 0.032258 0.289193 0.287388 0.032258 0.023743 0.032258 270 330
17 62.310000 60.320000 1000000 5.542890 7.346588 5.451768 7.374923 0.023800 0.032258 0.161608 0.158355 0.032258 0.023821 0.032258 330 589
17 62.310000 60.320000 1000000 5.442978 7.335119 5.419087 7.331424 0.023823 0.032258 0.082790 0.076246 0.032258 0.023831 0.032258 380 681
17 62.310000 60.320000 1000000 5.414930 7.327950 5.414313 7.327514 0.023832 0.032258 0.043595 0.029324 0.032258 0.023831 0.032258 680 726
17 62.310000 60.320000 1000000 5.410117 7.327233 5.409499 7.321649 0.023832 0.032258 0.043594 0.029323 0.032258 0.023831 0.032258 720 852
17 62.310000 60.320000 1000000 5.398499 7.269527 5.391712 7.308208 0.023832 0.032258 0.041678 0.026391 0.032258 0.023830 0.032258 850 1188
17 62.310000 60.320000 1000000 5.380725 7.265942 5.377869 7.292568 0.023834 0.032258 0.035435 0.014664 0.032258 0.023831 0.032258 1180 1200
17 62.310000 60.320000 1000000 5.379524 7.264867 5.376030 7.279127 0.023834 0.032258 0.036746 0.017597 0.032258 0.023831 0.032258 1200 1258
17 62.310000 60.320000 1000000 5.377878 7.264150 5.376305 7.280105 0.023834 0.032258 0.034326 0.011732 0.032258 0.023831 0.032258 1250 1275
17 62.310000 60.320000 1000000 5.376274 7.263433 5.376572 7.281082 0.023834 0.032258 0.034327 0.011736 0.032258 0.023831 0.032258 1270 2030
17 62.310000 60.320000 1000000 5.374711 7.262717 5.376832 7.282060 0.023834 0.032258 0.036748 0.017601 0.032258 0.023831 0.032258 2030 2089
17 62.310000 60.320000 1000000 5.369918 7.262000 5.372045 7.276195 0.023834 0.032258 0.036748 0.017601 0.032258 0.023831 0.032258 2080 2313
17 62.310000 60.320000 1000000 5.367504 7.261283 5.368728 7.268130 0.023834 0.032258 0.034327 0.011737 0.032258 0.023831 0.032258 2310 2657
17 62.310000 60.320000 1000000 5.363485 7.260566 5.364712 7.262265 0.023834 0.032258 0.032788 0.005872 0.032258 0.023832 0.032258 2650 2774
17 62.310000 60.320000 1000000 5.358789 7.259849 5.360019 7.256400 0.023834 0.032258 0.034327 0.011735 0.032258 0.023831 0.032258 2770 3201
17 62.310000 60.320000 1000000 5.356423 7.259132 5.356768 7.248335 0.023834 0.032258 0.034327 0.011735 0.032258 0.023831 0.032258 3200 4965
17 62.310000 60.320000 1000000 5.350936 7.258416 5.351282 7.242470 0.023834 0.032258 0.034327 0.011737 0.032258 0.023831 0.032258 4960 5359
17 62.310000 60.320000 1000000 5.349746 7.257340 5.349464 7.229030 0.023834 0.032258 0.033438 0.008804 0.032258 0.023831 0.032258 5350 8734
17 62.310000 60.320000 1000000 5.343469 7.256623 5.340827 7.220965 0.023834 0.032258 0.033438 0.008804 0.032258 0.023831 0.032258 8730 13749
17 62.310000 60.320000 1000000 5.336406 7.255907 5.342003 7.221943 0.023834 0.032258 0.033438 0.008804 0.032258 0.023831 0.032258 13740 13801
17 62.310000 60.320000 1000000 5.332424 7.255190 5.338034 7.216078 0.023834 0.032258 0.033437 0.008802 0.032258 0.023831 0.032258 13800 16111
17 62.310000 60.320000 1000000 5.329227 7.254473 5.334846 7.210213 0.023834 0.032258 0.032392 0.002939 0.032258 0.023831 0.032258 16110 79898
17 62.310000 60.320000 1000000 5.317390 7.196766 5.316787 7.196772 0.023834 0.032258 0.032258 0.000007 0.032258 0.023832 0.032258 79890 82337
17 62.310000 60.320000 1000000 5.315033 7.196049 5.313544 7.188707 0.023834 0.032258 0.032788 0.005871 0.032258 0.023831 0.032258 82330 101587
17 62.310000 60.320000 1000000 5.313851 7.194974 5.311737 7.175266 0.023834 0.032258 0.033437 0.008799 0.032258 0.023831 0.032258 101580 104588
17 62.310000 60.320000 1000000 5.308380 7.194257 5.306260 7.169401 0.023834 0.032258 0.035435 0.014664 0.032258 0.023831 0.032258 104580 124268
17 62.310000 60.320000 1000000 5.304442 7.193540 5.302317 7.163536 0.023834 0.032258 0.038235 0.020526 0.032258 0.023831 0.032258 124260 175311
17 62.310000 60.320000 1000000 5.301280 7.192824 5.299151 7.157671 0.023834 0.032258 0.035434 0.014663 0.032258 0.023831 0.032258 175310 193786
17 62.310000 60.320000 1000000 5.295001 7.192107 5.290501 7.149607 0.023834 0.032258 0.035434 0.014663 0.032258 0.023831 0.032258 193780 194092
17 62.310000 60.320000 1000000 5.290249 7.191390 5.285737 7.143741 0.023834 0.032258 0.033437 0.008799 0.032258 0.023831 0.032258 194090 199277
17 62.310000 60.320000 1000000 5.288652 7.190673 5.286004 7.144719 0.023834 0.032258 0.032392 0.002939 0.032258 0.023831 0.032258 199270 206928
17 62.310000 60.320000 1000000 5.285547 7.189956 5.282894 7.138854 0.023833 0.032258 0.033438 0.008804 0.032258 0.023831 0.032258 206920 257663
17 62.310000 60.320000 1000000 5.279381 7.189239 5.274397 7.130790 0.023833 0.032258 0.035436 0.014667 0.032258 0.023830 0.032258 257660 267216
17 62.310000 60.320000 1000000 5.272251 7.188522 5.275586 7.131767 0.023833 0.032258 0.035436 0.014666 0.032258 0.023830 0.032258 267210 356075
17 62.310000 60.320000 1000000 5.262997 7.187089 5.266350 7.120037 0.023832 0.032258 0.041681 0.026395 0.032258 0.023829 0.032258 299730 537392
17 62.310000 60.320000 1000000 5.255993 7.186372 5.267512 7.121014 0.023832 0.032258 0.041681 0.026395 0.032258 0.023829 0.032258 537390 572218
17 62.310000 60.320000 1000000 5.254408 7.185655 5.267774 7.121992 0.023832 0.032258 0.045621 0.032260 0.032258 0.023829 0.032258 572210 889631
17 62.310000 60.320000 1000000 5.239606 7.181354 5.253646 7.084358 0.023831 0.032258 0.041683 0.026398 0.032258 0.023827 0.032258 889630 960918
17 62.310000 60.320000 1000000 5.235621 7.180637 5.249693 7.078492 0.023831 0.032258 0.038239 0.020533 0.032258 0.023827 0.032258 960910 1000000
17 62.310000 60.320000 1000000 5.235621 7.180637 5.249693 7.078492 0.023831 0.032258 0.038239 0.020533 0.032258 0.023827 0.032258 999990 1000000
