17 62.310000 60.320000 1000000 9.495270 13.477375 9.420021 12.470460 0.023732 0.032258 0.262981 0.260995 0.032258 0.023738 0.032258 0 60
17 62.310000 60.320000 1000000 9.257022 12.380963 9.038474 12.215085 0.023767 0.032258 0.295023 0.293254 0.032258 0.023845 0.032258 60 70
17 62.310000 60.320000 1000000 9.099035 12.308203 9.026507 12.194801 0.023791 0.032258 0.216489 0.214072 0.032258 0.023838 0.032258 70 83
17 62.310000 60.320000 1000000 9.092135 12.306769 9.019439 12.183071 0.023790 0.032258 0.216489 0.214072 0.032258 0.023838 0.032258 80 98
17 62.310000 60.320000 1000000 9.089772 12.306053 9.016110 12.175007 0.023790 0.032258 0.216489 0.214072 0.032258 0.023838 0.032258 90 116
17 62.310000 60.320000 1000000 9.059050 12.189207 8.972017 12.136395 0.023788 0.032258 0.216492 0.214075 0.032258 0.023839 0.032258 110 124
17 62.310000 60.320000 1000000 8.977593 12.107129 8.965996 12.156189 0.023833 0.032258 0.043599 0.029330 0.032258 0.023831 0.032258 120 137
17 62.310000 60.320000 1000000 8.974477 12.106412 8.962868 12.150324 0.023833 0.032258 0.043599 0.029330 0.032258 0.023830 0.032258 130 187
17 62.310000 60.320000 1000000 8.919928 12.042254 8.944887 12.127597 0.023832 0.032258 0.054552 0.043992 0.032258 0.023830 0.032258 180 191
17 62.310000 60.320000 1000000 8.915181 12.041537 8.940179 12.121732 0.023832 0.032258 0.054552 0.043992 0.032258 0.023830 0.032258 190 210
17 62.310000 60.320000 1000000 8.908446 12.040820 8.941291 12.122710 0.023831 0.032258 0.059383 0.049857 0.032258 0.023830 0.032258 210 243
17 62.310000 60.320000 1000000 8.896862 11.983115 8.923770 12.109269 0.023831 0.032258 0.056943 0.046925 0.032258 0.023829 0.032258 240 293
17 62.310000 60.320000 1000000 8.803124 11.971645 8.811848 11.997832 0.023828 0.032258 0.056941 0.046922 0.032258 0.023825 0.032258 290 473
17 62.310000 60.320000 1000000 8.730509 11.959459 8.739452 11.898126 0.023823 0.032258 0.072134 0.064519 0.032258 0.023819 0.032258 470 518
17 62.310000 60.320000 1000000 8.658525 11.778456 8.648387 11.793287 0.023824 0.032258 0.074767 0.067450 0.032258 0.023821 0.032258 510 533
17 62.310000 60.320000 1000000 8.618255 11.717882 8.634984 11.783757 0.023825 0.032258 0.077423 0.070383 0.032258 0.023822 0.032258 530 606
17 62.310000 60.320000 1000000 8.499326 11.646557 8.473444 11.621490 0.023795 0.032258 0.141555 0.137830 0.032258 0.023782 0.032258 600 705
17 62.310000 60.320000 1000000 8.407586 11.580248 8.467988 11.619779 0.023781 0.032258 0.138701 0.134898 0.032258 0.023786 0.032258 700 716
17 62.310000 60.320000 1000000 8.395301 11.522543 8.449597 11.606339 0.023783 0.032258 0.135851 0.131965 0.032258 0.023787 0.032258 710 1057
17 62.310000 60.320000 1000000 8.279172 11.001039 8.280287 11.467776 0.023777 0.032258 0.121659 0.117304 0.032258 0.023774 0.032258 720 1011
17 62.310000 60.320000 1000000 8.196720 10.539391 8.153349 11.360249 0.023744 0.032258 0.133007 0.129035 0.032258 0.023725 0.032258 860 1057
17 62.310000 60.320000 1000000 8.192024 10.536166 8.146056 11.319926 0.023747 0.032258 0.124490 0.120238 0.032258 0.023730 0.032258 1050 1108
17 62.310000 60.320000 1000000 8.160574 10.532581 8.151351 11.324814 0.023735 0.032258 0.107594 0.102644 0.032258 0.023732 0.032258 1070 1107
17 62.310000 60.320000 1000000 8.148448 10.531148 8.146214 11.319926 0.023734 0.032258 0.107594 0.102644 0.032258 0.023734 0.032258 1100 1155
17 62.310000 60.320000 1000000 8.144974 10.530431 8.142736 11.314061 0.023734 0.032258 0.107594 0.102644 0.032258 0.023735 0.032258 1150 1187
17 62.310000 60.320000 1000000 8.141554 10.529714 8.139313 11.308196 0.023735 0.032258 0.107594 0.102644 0.032258 0.023736 0.032258 1180 1341
17 62.310000 60.320000 1000000 8.019608 10.507133 8.002842 11.092409 0.023757 0.032258 0.173118 0.170086 0.032258 0.023768 0.032258 1340 1368
17 62.310000 60.320000 1000000 8.017452 10.506416 8.003204 11.093387 0.023759 0.032258 0.167359 0.164221 0.032258 0.023767 0.032258 1360 1701
17 62.310000 60.320000 1000000 7.906258 10.492796 7.885805 10.975597 0.023757 0.032258 0.116008 0.111433 0.032258 0.023766 0.032258 1700 1822
17 62.310000 60.320000 1000000 7.904596 10.491721 7.883247 10.962156 0.023758 0.032258 0.118827 0.114364 0.032258 0.023769 0.032258 1820 1983
17 62.310000 60.320000 1000000 7.893840 10.434015 7.866661 10.948715 0.023755 0.032258 0.116008 0.111433 0.032258 0.023765 0.032258 1980 2292
17 62.310000 60.320000 1000000 7.823738 10.416094 7.810144 10.776184 0.023752 0.032258 0.133000 0.129029 0.032258 0.023777 0.032258 2290 2326
17 62.310000 60.320000 1000000 7.822312 10.415019 7.807954 10.762743 0.023752 0.032258 0.135847 0.131961 0.032258 0.023778 0.032258 2320 2763
17 62.310000 60.320000 1000000 7.749689 10.402833 7.734922 10.663037 0.023762 0.032258 0.130159 0.126099 0.032258 0.023789 0.032258 2640 3902
17 62.310000 60.320000 1000000 7.723775 10.394230 7.739240 10.674767 0.023785 0.032258 0.074769 0.067452 0.032258 0.023786 0.032258 3330 3418
17 62.310000 60.320000 1000000 7.721833 10.393514 7.739561 10.675744 0.023786 0.032258 0.080100 0.073317 0.032258 0.023786 0.032258 3410 3902
17 62.310000 60.320000 1000000 7.697657 10.390646 7.737597 10.672812 0.023778 0.032258 0.102011 0.096777 0.032258 0.023785 0.032258 3900 4401
17 62.310000 60.320000 1000000 7.649928 10.377743 7.672770 10.527649 0.023793 0.032258 0.176002 0.173021 0.032258 0.023803 0.032258 4260 5615
17 62.310000 60.320000 1000000 7.608866 10.260181 7.613080 10.476574 0.023788 0.032258 0.164486 0.161292 0.032258 0.023796 0.032258 4470 5357
17 62.310000 60.320000 1000000 7.569188 10.191005 7.600356 10.478773 0.023796 0.032258 0.167365 0.164227 0.032258 0.023793 0.032258 5350 5615
17 62.310000 60.320000 1000000 7.565070 10.190288 7.596289 10.472908 0.023799 0.032258 0.161614 0.158361 0.032258 0.023796 0.032258 5610 5978
17 62.310000 60.320000 1000000 7.559192 10.189571 7.588303 10.464844 0.023797 0.032258 0.161614 0.158361 0.032258 0.023794 0.032258 5970 6079
17 62.310000 60.320000 1000000 7.553819 10.188855 7.582991 10.458979 0.023797 0.032258 0.161614 0.158361 0.032258 0.023793 0.032258 6070 6722
17 62.310000 60.320000 1000000 7.501651 10.178819 7.531432 10.376867 0.023819 0.032258 0.088225 0.082116 0.032258 0.023813 0.032258 6720 9460
17 62.310000 60.320000 1000000 7.473655 10.173801 7.503769 10.335812 0.023820 0.032258 0.088221 0.082112 0.032258 0.023813 0.032258 9460 9547
17 62.310000 60.320000 1000000 7.464479 10.170933 7.490811 10.300866 0.023822 0.032258 0.088219 0.082109 0.032258 0.023815 0.032258 9540 10583
17 62.310000 60.320000 1000000 7.443135 10.168066 7.469692 10.277405 0.023819 0.032258 0.088218 0.082108 0.032258 0.023812 0.032258 9790 11702
17 62.310000 60.320000 1000000 7.431183 10.110360 7.451604 10.263964 0.023820 0.032258 0.085495 0.079176 0.032258 0.023812 0.032258 11700 12457
17 62.310000 60.320000 1000000 7.426506 10.109643 7.446966 10.258099 0.023820 0.032258 0.085495 0.079176 0.032258 0.023812 0.032258 12450 17469
17 62.310000 60.320000 1000000 7.401046 10.106059 7.417271 10.224375 0.023815 0.032258 0.096461 0.090907 0.032258 0.023806 0.032258 14660 18162
17 62.310000 60.320000 1000000 7.367161 9.988497 7.369193 10.175499 0.023815 0.032258 0.085497 0.079177 0.032258 0.023806 0.032258 18160 26118
17 62.310000 60.320000 1000000 7.360690 9.984913 7.364824 10.150573 0.023818 0.032258 0.085499 0.079180 0.032258 0.023810 0.032258 21710 26656
17 62.310000 60.320000 1000000 7.308315 9.910002 7.320268 9.951893 0.023828 0.032258 0.047741 0.035193 0.032258 0.023826 0.032258 26650 29955
17 62.310000 60.320000 1000000 7.287577 9.850863 7.293449 9.926722 0.023826 0.032258 0.054551 0.043991 0.032258 0.023824 0.032258 29950 32324
17 62.310000 60.320000 1000000 7.282241 9.850146 7.288127 9.920857 0.023826 0.032258 0.054551 0.043991 0.032258 0.023823 0.032258 32320 32801
17 62.310000 60.320000 1000000 7.277929 9.849429 7.283824 9.914992 0.023827 0.032258 0.049943 0.038127 0.032258 0.023824 0.032258 32800 51145
17 62.310000 60.320000 1000000 7.215961 9.839393 7.215119 9.826282 0.023822 0.032258 0.074768 0.067452 0.032258 0.023818 0.032258 51140 51365
17 62.310000 60.320000 1000000 7.214676 9.838318 7.213155 9.812842 0.023823 0.032258 0.072134 0.064519 0.032258 0.023819 0.032258 51360 51635
17 62.310000 60.320000 1000000 7.207650 9.837601 7.214324 9.813819 0.023822 0.032258 0.072134 0.064519 0.032258 0.023819 0.032258 51630 53560
17 62.310000 60.320000 1000000 7.190989 9.835451 7.195484 9.794025 0.023820 0.032258 0.066939 0.058654 0.032258 0.023816 0.032258 53560 53922
17 62.310000 60.320000 1000000 7.187468 9.834734 7.191969 9.788159 0.023821 0.032258 0.061865 0.052789 0.032258 0.023817 0.032258 53920 57978
17 62.310000 60.320000 1000000 7.175421 9.777028 7.173575 9.774719 0.023822 0.032258 0.059382 0.049856 0.032258 0.023819 0.032258 57970 61596
17 62.310000 60.320000 1000000 7.163552 9.719322 7.155402 9.761278 0.023823 0.032258 0.056943 0.046924 0.032258 0.023819 0.032258 61590 65007
17 62.310000 60.320000 1000000 7.160928 9.718605 7.151782 9.753213 0.023824 0.032258 0.056943 0.046924 0.032258 0.023821 0.032258 65000 75393
17 62.310000 60.320000 1000000 7.123557 9.601043 7.110185 9.715579 0.023825 0.032258 0.052214 0.041057 0.032258 0.023822 0.032258 75390 92291
17 62.310000 60.320000 1000000 7.119852 9.600326 7.106459 9.709714 0.023824 0.032258 0.056941 0.046923 0.032258 0.023822 0.032258 92290 147437
17 62.310000 60.320000 1000000 7.100075 9.596742 7.088637 9.687231 0.023822 0.032258 0.066938 0.058652 0.032258 0.023819 0.032258 147430 152387
17 62.310000 60.320000 1000000 7.092992 9.596025 7.089822 9.688208 0.023822 0.032258 0.061864 0.052787 0.032258 0.023819 0.032258 152380 189132
17 62.310000 60.320000 1000000 7.064034 9.589573 7.060825 9.635422 0.023823 0.032258 0.066936 0.058651 0.032258 0.023820 0.032258 162080 185230
17 62.310000 60.320000 1000000 7.015924 9.583838 7.052603 9.622715 0.023818 0.032258 0.088222 0.082112 0.032258 0.023819 0.032258 185230 189132
17 62.310000 60.320000 1000000 7.003967 9.526132 7.034596 9.609274 0.023819 0.032258 0.085499 0.079180 0.032258 0.023820 0.032258 189130 191488
17 62.310000 60.320000 1000000 7.002588 9.525057 7.032517 9.595833 0.023819 0.032258 0.082790 0.076247 0.032258 0.023820 0.032258 191480 197902
17 62.310000 60.320000 1000000 6.947132 9.401760 6.953285 9.480243 0.023825 0.032258 0.066936 0.058650 0.032258 0.023827 0.032258 197900 209829
17 62.310000 60.320000 1000000 6.941564 9.401043 6.947732 9.474377 0.023826 0.032258 0.066936 0.058650 0.032258 0.023827 0.032258 209820 214078
17 62.310000 60.320000 1000000 6.929955 9.343337 6.930019 9.460937 0.023825 0.032258 0.064382 0.055717 0.032258 0.023826 0.032258 214070 275807
17 62.310000 60.320000 1000000 6.889276 9.338319 6.875413 9.406685 0.023821 0.032258 0.069518 0.061580 0.032258 0.023822 0.032258 275800 391268
17 62.310000 60.320000 1000000 6.877723 9.336169 6.870081 9.391533 0.023820 0.032258 0.074764 0.067447 0.032258 0.023821 0.032258 391260 541529
17 62.310000 60.320000 1000000 6.858556 9.334018 6.864360 9.385424 0.023816 0.032258 0.080095 0.073312 0.032258 0.023819 0.032258 541520 576033
17 62.310000 60.320000 1000000 6.854572 9.333302 6.860386 9.379559 0.023816 0.032258 0.080097 0.073314 0.032258 0.023819 0.032258 576030 577076
17 62.310000 60.320000 1000000 6.853130 9.332226 6.858188 9.366118 0.023817 0.032258 0.082788 0.076245 0.032258 0.023821 0.032258 577070 696225
17 62.310000 60.320000 1000000 6.805373 9.213230 6.800254 9.316754 0.023819 0.032258 0.066936 0.058650 0.032258 0.023822 0.032258 696220 874445
17 62.310000 60.320000 1000000 6.793800 9.155524 6.782510 9.303313 0.023818 0.032258 0.064382 0.055717 0.032258 0.023821 0.032258 874440 964156
17 62.310000 60.320000 1000000 6.779347 9.153374 6.767984 9.285717 0.023819 0.032258 0.059380 0.049853 0.032258 0.023822 0.032258 955290 1000000
17 62.310000 60.320000 1000000 6.779347 9.153374 6.767984 9.285717 0.023819 0.032258 0.059380 0.049853 0.032258 0.023822 0.032258 999990 1000000
