56 62.310000 60.320000 1000000 9.279807 12.660571 9.319712 12.548431 0.023831 0.032258 0.066942 0.058657 0.032258 0.023829 0.032258 0 50
56 62.310000 60.320000 1000000 9.190492 12.649102 9.217385 12.441394 0.023827 0.032258 0.061866 0.052790 0.032258 0.023823 0.032258 50 61
56 62.310000 60.320000 1000000 9.007295 12.118999 9.055116 12.291590 0.023821 0.032258 0.090958 0.085045 0.032258 0.023828 0.032258 60 70
56 62.310000 60.320000 1000000 8.887428 12.091042 8.925030 12.025950 0.023825 0.032258 0.102008 0.096773 0.032258 0.023827 0.032258 70 94
56 62.310000 60.320000 1000000 8.828159 12.082440 8.860928 11.948971 0.023821 0.032258 0.107590 0.102640 0.032258 0.023820 0.032258 90 116
56 62.310000 60.320000 1000000 8.815633 12.078856 8.843883 11.908648 0.023823 0.032258 0.130160 0.126099 0.032258 0.023822 0.032258 100 126
56 62.310000 60.320000 1000000 8.711278 11.833692 8.716372 11.747112 0.023830 0.032258 0.107591 0.102641 0.032258 0.023828 0.032258 120 139
56 62.310000 60.320000 1000000 8.708994 11.832975 8.713236 11.739048 0.023829 0.032258 0.107591 0.102641 0.032258 0.023827 0.032258 130 244
56 62.310000 60.320000 1000000 8.456328 11.734409 8.424812 10.701170 0.023625 0.032258 0.505423 0.504393 0.032258 0.023601 0.032258 140 253
56 62.310000 60.320000 1000000 8.274958 11.343007 8.305505 10.664024 0.023581 0.032258 0.493720 0.492665 0.032258 0.023629 0.032258 160 295
56 62.310000 60.320000 1000000 7.809371 8.568098 7.586134 9.977807 0.023203 0.032258 0.634249 0.633428 0.032258 0.023090 0.032258 220 358
56 62.310000 60.320000 1000000 7.071608 8.444801 6.774177 8.904005 0.023159 0.032258 0.347542 0.346042 0.032258 0.023264 0.032258 240 260
56 62.310000 60.320000 1000000 6.295669 8.381719 6.325916 8.612458 0.023810 0.032258 0.121655 0.117300 0.032258 0.023811 0.032258 260 316
56 62.310000 60.320000 1000000 6.291024 8.381002 6.321337 8.606593 0.023810 0.032258 0.121655 0.117300 0.032258 0.023810 0.032258 310 472
56 62.310000 60.320000 1000000 6.215101 8.369532 6.227198 8.488558 0.023819 0.032258 0.104796 0.099708 0.032258 0.023817 0.032258 470 555
56 62.310000 60.320000 1000000 6.203707 8.311827 6.209867 8.475118 0.023818 0.032258 0.102010 0.096776 0.032258 0.023815 0.032258 550 785
56 62.310000 60.320000 1000000 6.171525 8.307526 6.177781 8.439927 0.023823 0.032258 0.069525 0.061589 0.032258 0.023820 0.032258 780 1231
56 62.310000 60.320000 1000000 6.165313 8.302149 6.168312 8.372722 0.023824 0.032258 0.056944 0.046926 0.032258 0.023821 0.032258 830 1253
56 62.310000 60.320000 1000000 6.150944 8.299282 6.153965 8.349262 0.023831 0.032258 0.039890 0.023466 0.032258 0.023827 0.032258 840 1009
56 62.310000 60.320000 1000000 6.140004 8.296414 6.140214 8.319204 0.023833 0.032258 0.036748 0.017601 0.032258 0.023830 0.032258 1000 1249
56 62.310000 60.320000 1000000 6.137602 8.295698 6.136910 8.311139 0.023833 0.032258 0.036748 0.017601 0.032258 0.023830 0.032258 1240 1253
56 62.310000 60.320000 1000000 6.136034 8.294981 6.137172 8.312117 0.023833 0.032258 0.039890 0.023466 0.032258 0.023830 0.032258 1250 1329
56 62.310000 60.320000 1000000 6.132126 8.294264 6.133266 8.306252 0.023833 0.032258 0.043599 0.029330 0.032258 0.023830 0.032258 1320 1762
56 62.310000 60.320000 1000000 6.122248 8.292113 6.123393 8.288656 0.023834 0.032258 0.034326 0.011735 0.032258 0.023831 0.032258 1380 1862
56 62.310000 60.320000 1000000 6.095972 8.175985 6.084829 8.255910 0.023833 0.032258 0.036748 0.017601 0.032258 0.023830 0.032258 1860 2139
56 62.310000 60.320000 1000000 6.077840 8.173835 6.074966 8.245157 0.023833 0.032258 0.043598 0.029329 0.032258 0.023830 0.032258 2130 2284
56 62.310000 60.320000 1000000 6.073912 8.173118 6.071033 8.239292 0.023833 0.032258 0.047740 0.035192 0.032258 0.023830 0.032258 2280 2316
56 62.310000 60.320000 1000000 6.072698 8.172043 6.069175 8.225851 0.023833 0.032258 0.045621 0.032260 0.032258 0.023830 0.032258 2310 2338
56 62.310000 60.320000 1000000 6.067870 8.171326 6.064338 8.219986 0.023833 0.032258 0.041681 0.026394 0.032258 0.023830 0.032258 2330 2828
56 62.310000 60.320000 1000000 6.060840 8.170609 6.065510 8.220963 0.023833 0.032258 0.041681 0.026394 0.032258 0.023830 0.032258 2820 2879
56 62.310000 60.320000 1000000 6.058399 8.169892 6.062161 8.212899 0.023833 0.032258 0.038237 0.020530 0.032258 0.023830 0.032258 2870 4478
56 62.310000 60.320000 1000000 6.044428 8.167383 6.042779 8.183329 0.023834 0.032258 0.034325 0.011731 0.032258 0.023831 0.032258 4470 4894
56 62.310000 60.320000 1000000 6.042026 8.166666 6.039471 8.175265 0.023834 0.032258 0.036745 0.017596 0.032258 0.023831 0.032258 4890 5638
56 62.310000 60.320000 1000000 6.038822 8.165950 6.036263 8.169399 0.023834 0.032258 0.034326 0.011733 0.032258 0.023831 0.032258 5630 10423
56 62.310000 60.320000 1000000 6.034026 8.165233 6.031461 8.163534 0.023834 0.032258 0.032788 0.005868 0.032258 0.023832 0.032258 10420 35008
56 62.310000 60.320000 1000000 6.027044 8.164516 6.032624 8.164512 0.023834 0.032258 0.034325 0.011731 0.032258 0.023832 0.032258 35000 51927
56 62.310000 60.320000 1000000 6.021562 8.163799 6.027156 8.158647 0.023834 0.032258 0.036745 0.017596 0.032258 0.023831 0.032258 51920 76756
56 62.310000 60.320000 1000000 6.016838 8.163082 6.022446 8.152782 0.023834 0.032258 0.036745 0.017596 0.032258 0.023831 0.032258 76750 81711
56 62.310000 60.320000 1000000 6.015212 8.162365 6.022716 8.153759 0.023834 0.032258 0.034326 0.011735 0.032258 0.023831 0.032258 81710 119922
56 62.310000 60.320000 1000000 6.003666 8.160215 6.010319 8.133965 0.023832 0.032258 0.043597 0.029327 0.032258 0.023830 0.032258 119920 198501
56 62.310000 60.320000 1000000 5.994142 8.155914 6.003260 8.103173 0.023832 0.032258 0.043595 0.029325 0.032258 0.023830 0.032258 198500 208838
56 62.310000 60.320000 1000000 5.992612 8.155197 6.003514 8.104150 0.023832 0.032258 0.047738 0.035190 0.032258 0.023830 0.032258 208830 219531
56 62.310000 60.320000 1000000 5.978873 8.152688 5.984526 8.074580 0.023832 0.032258 0.045620 0.032258 0.032258 0.023829 0.032258 219530 398641
56 62.310000 60.320000 1000000 5.943721 7.979569 5.930722 8.034258 0.023832 0.032258 0.047739 0.035192 0.032258 0.023829 0.032258 241900 275882
56 62.310000 60.320000 1000000 5.932426 7.921862 5.913326 8.020817 0.023830 0.032258 0.049941 0.038124 0.032258 0.023827 0.032258 275880 398641
56 62.310000 60.320000 1000000 5.929121 7.921145 5.909989 8.014952 0.023831 0.032258 0.045622 0.032261 0.032258 0.023828 0.032258 398640 399476
56 62.310000 60.320000 1000000 5.921935 7.920429 5.911195 8.015929 0.023831 0.032258 0.041681 0.026396 0.032258 0.023828 0.032258 399470 405830
56 62.310000 60.320000 1000000 5.920773 7.919353 5.909410 8.002488 0.023831 0.032258 0.043595 0.029325 0.032258 0.023828 0.032258 405830 436560
56 62.310000 60.320000 1000000 5.911418 7.917203 5.901232 7.996379 0.023831 0.032258 0.052215 0.041059 0.032258 0.023828 0.032258 436560 516533
56 62.310000 60.320000 1000000 5.891125 7.914335 5.876199 7.968520 0.023830 0.032258 0.061863 0.052787 0.032258 0.023827 0.032258 500290 757814
56 62.310000 60.320000 1000000 5.826227 7.902866 5.824167 7.879566 0.023833 0.032258 0.043597 0.029328 0.032258 0.023830 0.032258 757810 1000000
56 62.310000 60.320000 1000000 5.826227 7.902866 5.824167 7.879566 0.023833 0.032258 0.043597 0.029328 0.032258 0.023830 0.032258 999990 1000000
