39 62.310000 60.320000 1000000 9.684782 13.126839 9.730732 12.996365 0.023728 0.032258 0.502499 0.501462 0.032258 0.023761 0.032258 0 50
39 62.310000 60.320000 1000000 9.367238 12.350139 9.300781 12.556239 0.023684 0.032258 0.400126 0.398824 0.032258 0.023706 0.032258 50 73
39 62.310000 60.320000 1000000 9.120122 12.302827 9.117532 12.367578 0.023833 0.032258 0.036745 0.017596 0.032258 0.023830 0.032258 70 80
39 62.310000 60.320000 1000000 9.108615 12.245121 9.099919 12.354137 0.023833 0.032258 0.038236 0.020528 0.032258 0.023830 0.032258 80 90
39 62.310000 60.320000 1000000 9.084452 12.185265 9.068719 12.320902 0.023832 0.032258 0.043595 0.029325 0.032258 0.023829 0.032258 90 100
39 62.310000 60.320000 1000000 9.069905 12.126842 9.048089 12.301596 0.023831 0.032258 0.045618 0.032255 0.032258 0.023828 0.032258 100 119
39 62.310000 60.320000 1000000 9.018739 12.062684 8.990520 12.235369 0.023831 0.032258 0.052213 0.041056 0.032258 0.023828 0.032258 110 124
39 62.310000 60.320000 1000000 8.973239 12.057666 8.993529 12.235369 0.023828 0.032258 0.061862 0.052785 0.032258 0.023828 0.032258 120 141
39 62.310000 60.320000 1000000 8.957995 11.999244 8.972423 12.216063 0.023827 0.032258 0.064382 0.055717 0.032258 0.023826 0.032258 140 152
39 62.310000 60.320000 1000000 8.951357 11.998527 8.973523 12.217040 0.023826 0.032258 0.069520 0.061582 0.032258 0.023826 0.032258 150 163
39 62.310000 60.320000 1000000 8.945714 11.997810 8.967921 12.211175 0.023826 0.032258 0.069520 0.061582 0.032258 0.023826 0.032258 160 202
39 62.310000 60.320000 1000000 8.857834 11.987057 8.861672 12.105604 0.023823 0.032258 0.064380 0.055715 0.032258 0.023822 0.032258 170 182
39 62.310000 60.320000 1000000 8.839201 11.983473 8.837986 12.067481 0.023822 0.032258 0.085494 0.079175 0.032258 0.023821 0.032258 180 202
39 62.310000 60.320000 1000000 8.827533 11.925767 8.820133 12.054040 0.023822 0.032258 0.082786 0.076243 0.032258 0.023820 0.032258 200 217
39 62.310000 60.320000 1000000 8.812063 11.921466 8.822709 12.059905 0.023823 0.032258 0.082791 0.076247 0.032258 0.023820 0.032258 210 249
39 62.310000 60.320000 1000000 8.774620 11.915731 8.785403 12.012985 0.023822 0.032258 0.082792 0.076249 0.032258 0.023818 0.032258 230 242
39 62.310000 60.320000 1000000 8.758351 11.911789 8.768476 11.976083 0.023824 0.032258 0.069523 0.061586 0.032258 0.023821 0.032258 240 276
39 62.310000 60.320000 1000000 8.754941 11.911072 8.765077 11.970218 0.023824 0.032258 0.064385 0.055721 0.032258 0.023821 0.032258 270 381
39 62.310000 60.320000 1000000 8.687220 11.896735 8.699597 11.859759 0.023823 0.032258 0.080097 0.073314 0.032258 0.023818 0.032258 380 426
39 62.310000 60.320000 1000000 8.681887 11.896018 8.694286 11.853894 0.023822 0.032258 0.080097 0.073314 0.032258 0.023818 0.032258 420 530
39 62.310000 60.320000 1000000 8.412852 10.617169 8.281878 11.455555 0.023761 0.032258 0.135847 0.131962 0.032258 0.023744 0.032258 530 543
39 62.310000 60.320000 1000000 8.411335 10.616094 8.279448 11.442114 0.023762 0.032258 0.133001 0.129029 0.032258 0.023746 0.032258 540 627
39 62.310000 60.320000 1000000 8.308263 10.603907 8.129529 11.305019 0.023749 0.032258 0.219391 0.217006 0.032258 0.023750 0.032258 560 631
39 62.310000 60.320000 1000000 8.149396 10.411435 8.101415 11.284246 0.023752 0.032258 0.147273 0.143697 0.032258 0.023721 0.032258 630 673
39 62.310000 60.320000 1000000 8.099181 10.405700 8.103590 11.285224 0.023739 0.032258 0.130164 0.126103 0.032258 0.023725 0.032258 670 694
39 62.310000 60.320000 1000000 8.096569 10.404983 8.100004 11.277159 0.023740 0.032258 0.130164 0.126103 0.032258 0.023726 0.032258 690 848
39 62.310000 60.320000 1000000 8.071870 10.396381 8.077271 11.185761 0.023747 0.032258 0.113203 0.108510 0.032258 0.023741 0.032258 840 994
39 62.310000 60.320000 1000000 8.066139 10.395664 8.069404 11.177697 0.023745 0.032258 0.113203 0.108510 0.032258 0.023738 0.032258 990 1023
39 62.310000 60.320000 1000000 8.043347 10.382402 8.038335 11.018118 0.023755 0.032258 0.082792 0.076249 0.032258 0.023752 0.032258 1020 1058
39 62.310000 60.320000 1000000 8.040725 10.381686 8.034723 11.010053 0.023756 0.032258 0.088220 0.082111 0.032258 0.023753 0.032258 1050 1155
39 62.310000 60.320000 1000000 7.906402 10.365198 7.889231 10.864160 0.023766 0.032258 0.077418 0.070378 0.032258 0.023761 0.032258 1150 1169
39 62.310000 60.320000 1000000 7.900053 10.364481 7.890295 10.865137 0.023764 0.032258 0.072128 0.064512 0.032258 0.023761 0.032258 1160 1644
39 62.310000 60.320000 1000000 7.884173 10.362331 7.874355 10.847542 0.023764 0.032258 0.072128 0.064512 0.032258 0.023761 0.032258 1640 1694
39 62.310000 60.320000 1000000 7.860890 10.359464 7.872726 10.844609 0.023758 0.032258 0.077421 0.070381 0.032258 0.023765 0.032258 1690 1734
39 62.310000 60.320000 1000000 7.796419 10.350145 7.807496 10.766164 0.023772 0.032258 0.082789 0.076246 0.032258 0.023779 0.032258 1730 2167
39 62.310000 60.320000 1000000 7.601298 10.143335 7.580199 10.417189 0.023807 0.032258 0.096461 0.090907 0.032258 0.023815 0.032258 2150 2274
39 62.310000 60.320000 1000000 7.594173 10.141543 7.572198 10.397884 0.023808 0.032258 0.099230 0.093840 0.032258 0.023817 0.032258 2270 2280
39 62.310000 60.320000 1000000 7.573220 10.138676 7.548715 10.372224 0.023809 0.032258 0.088219 0.082109 0.032258 0.023818 0.032258 2280 3213
39 62.310000 60.320000 1000000 7.567035 10.136525 7.549755 10.375156 0.023814 0.032258 0.077421 0.070380 0.032258 0.023818 0.032258 2850 4979
39 62.310000 60.320000 1000000 7.558968 10.135091 7.541632 10.363426 0.023814 0.032258 0.072131 0.064516 0.032258 0.023818 0.032258 3370 5595
39 62.310000 60.320000 1000000 7.533399 10.132224 7.527051 10.349252 0.023811 0.032258 0.082789 0.076245 0.032258 0.023817 0.032258 4450 5615
39 62.310000 60.320000 1000000 7.460024 10.114303 7.484652 10.303065 0.023820 0.032258 0.104797 0.099709 0.032258 0.023813 0.032258 5610 6021
39 62.310000 60.320000 1000000 7.453894 10.113586 7.476302 10.295000 0.023819 0.032258 0.104797 0.099709 0.032258 0.023812 0.032258 6020 7554
39 62.310000 60.320000 1000000 7.425194 10.108926 7.447019 10.252234 0.023819 0.032258 0.085500 0.079181 0.032258 0.023811 0.032258 7550 8437
39 62.310000 60.320000 1000000 7.398878 10.106059 7.442033 10.247102 0.023815 0.032258 0.096464 0.090911 0.032258 0.023811 0.032258 8430 10420
39 62.310000 60.320000 1000000 7.350997 10.085271 7.378588 9.998325 0.023824 0.032258 0.059381 0.049855 0.032258 0.023822 0.032258 10420 12281
39 62.310000 60.320000 1000000 7.310745 9.911436 7.319763 9.952138 0.023828 0.032258 0.047741 0.035194 0.032258 0.023826 0.032258 12280 14753
39 62.310000 60.320000 1000000 7.280578 9.850863 7.297326 9.924523 0.023826 0.032258 0.064384 0.055720 0.032258 0.023827 0.032258 14750 15520
39 62.310000 60.320000 1000000 7.275120 9.850146 7.291906 9.918658 0.023826 0.032258 0.059381 0.049855 0.032258 0.023827 0.032258 15520 24534
39 62.310000 60.320000 1000000 7.222512 9.841544 7.237341 9.846077 0.023824 0.032258 0.074766 0.067449 0.032258 0.023824 0.032258 24530 24834
39 62.310000 60.320000 1000000 7.220770 9.840827 7.237629 9.847055 0.023825 0.032258 0.069522 0.061585 0.032258 0.023824 0.032258 24830 31263
39 62.310000 60.320000 1000000 7.184022 9.779537 7.194826 9.804288 0.023821 0.032258 0.072133 0.064518 0.032258 0.023820 0.032258 31260 32162
39 62.310000 60.320000 1000000 7.182286 9.778820 7.195113 9.805266 0.023822 0.032258 0.072135 0.064520 0.032258 0.023820 0.032258 32160 32838
39 62.310000 60.320000 1000000 7.180983 9.777745 7.193133 9.791825 0.023822 0.032258 0.069524 0.061587 0.032258 0.023820 0.032258 32830 37272
39 62.310000 60.320000 1000000 7.169141 9.720039 7.175109 9.778384 0.023823 0.032258 0.066940 0.058655 0.032258 0.023820 0.032258 37270 37466
39 62.310000 60.320000 1000000 7.165587 9.719322 7.171564 9.772519 0.023824 0.032258 0.061866 0.052790 0.032258 0.023822 0.032258 37460 46735
39 62.310000 60.320000 1000000 7.122287 9.543695 7.109233 9.707026 0.023820 0.032258 0.077425 0.070385 0.032258 0.023818 0.032258 46730 53418
39 62.310000 60.320000 1000000 7.106052 9.541545 7.088110 9.685032 0.023822 0.032258 0.066938 0.058652 0.032258 0.023820 0.032258 53410 59441
39 62.310000 60.320000 1000000 7.104293 9.540828 7.088405 9.686009 0.023823 0.032258 0.066939 0.058653 0.032258 0.023819 0.032258 59440 62126
39 62.310000 60.320000 1000000 7.099634 9.540111 7.083714 9.680144 0.023822 0.032258 0.061864 0.052788 0.032258 0.023819 0.032258 62120 67410
39 62.310000 60.320000 1000000 7.066038 9.533659 7.058303 9.634201 0.023826 0.032258 0.056942 0.046923 0.032258 0.023823 0.032258 67410 69125
39 62.310000 60.320000 1000000 7.059757 9.532943 7.049634 9.626136 0.023826 0.032258 0.056940 0.046921 0.032258 0.023823 0.032258 69120 91558
39 62.310000 60.320000 1000000 7.050536 9.531509 7.040373 9.614406 0.023825 0.032258 0.052214 0.041057 0.032258 0.023822 0.032258 74490 98164
39 62.310000 60.320000 1000000 6.952321 9.181689 6.938988 9.531806 0.023813 0.032258 0.061866 0.052790 0.032258 0.023806 0.032258 98160 101218
39 62.310000 60.320000 1000000 6.946766 9.180972 6.933400 9.525941 0.023813 0.032258 0.061866 0.052790 0.032258 0.023807 0.032258 101210 122923
39 62.310000 60.320000 1000000 6.945380 9.179897 6.931271 9.512500 0.023813 0.032258 0.064385 0.055721 0.032258 0.023808 0.032258 122920 197506
39 62.310000 60.320000 1000000 6.910133 9.175596 6.883871 9.466313 0.023812 0.032258 0.069521 0.061584 0.032258 0.023808 0.032258 197500 214639
39 62.310000 60.320000 1000000 6.905370 9.174879 6.879054 9.460448 0.023812 0.032258 0.069521 0.061584 0.032258 0.023808 0.032258 214630 300843
39 62.310000 60.320000 1000000 6.861561 9.164126 6.824540 9.350478 0.023821 0.032258 0.074764 0.067447 0.032258 0.023823 0.032258 286450 323220
39 62.310000 60.320000 1000000 6.841420 9.161976 6.818448 9.344368 0.023820 0.032258 0.069519 0.061582 0.032258 0.023822 0.032258 323220 357394
39 62.310000 60.320000 1000000 6.838336 9.161259 6.815332 9.338503 0.023820 0.032258 0.074762 0.067445 0.032258 0.023822 0.032258 357390 378336
39 62.310000 60.320000 1000000 6.832344 9.160542 6.807005 9.330439 0.023818 0.032258 0.080093 0.073310 0.032258 0.023821 0.032258 378330 446637
39 62.310000 60.320000 1000000 6.821149 9.102836 6.789687 9.316998 0.023817 0.032258 0.082786 0.076242 0.032258 0.023818 0.032258 446630 463713
39 62.310000 60.320000 1000000 6.816299 9.102119 6.784769 9.311133 0.023817 0.032258 0.082786 0.076242 0.032258 0.023819 0.032258 463710 519365
39 62.310000 60.320000 1000000 6.810524 9.101403 6.778913 9.305268 0.023818 0.032258 0.077418 0.070377 0.032258 0.023820 0.032258 519360 538861
39 62.310000 60.320000 1000000 6.808565 9.100686 6.779244 9.306245 0.023819 0.032258 0.072129 0.064513 0.032258 0.023820 0.032258 538860 561622
39 62.310000 60.320000 1000000 6.797491 9.042980 6.762083 9.292804 0.023817 0.032258 0.074763 0.067446 0.032258 0.023817 0.032258 561620 597533
39 62.310000 60.320000 1000000 6.790504 9.042263 6.763263 9.293782 0.023817 0.032258 0.069518 0.061581 0.032258 0.023817 0.032258 597530 767174
39 62.310000 60.320000 1000000 6.757209 8.981690 6.723644 9.256881 0.023814 0.032258 0.066933 0.058647 0.032258 0.023816 0.032258 767170 842976
39 62.310000 60.320000 1000000 6.751130 8.980973 6.715154 9.248816 0.023814 0.032258 0.072127 0.064512 0.032258 0.023815 0.032258 842970 1000000
39 62.310000 60.320000 1000000 6.751130 8.980973 6.715154 9.248816 0.023814 0.032258 0.072127 0.064512 0.032258 0.023815 0.032258 999990 1000000
