50 62.310000 60.320000 1000000 8.826734 12.016131 8.821882 11.877123 0.023830 0.032258 0.043598 0.029329 0.032258 0.023827 0.032258 0 51
50 62.310000 60.320000 1000000 8.771259 12.004303 8.768025 11.780105 0.023820 0.032258 0.069524 0.061587 0.032258 0.023819 0.032258 50 60
50 62.310000 60.320000 1000000 8.624166 11.818280 8.689766 11.703124 0.023823 0.032258 0.110395 0.105577 0.032258 0.023826 0.032258 60 76
50 62.310000 60.320000 1000000 8.564653 11.808961 8.624283 11.620280 0.023822 0.032258 0.110395 0.105577 0.032258 0.023822 0.032258 70 81
50 62.310000 60.320000 1000000 8.560525 11.808244 8.620239 11.614414 0.023822 0.032258 0.104800 0.099712 0.032258 0.023822 0.032258 80 92
50 62.310000 60.320000 1000000 8.421375 11.285299 8.414477 11.453123 0.023828 0.032258 0.064384 0.055720 0.032258 0.023825 0.032258 90 136
50 62.310000 60.320000 1000000 8.145481 11.159135 8.139196 10.132987 0.023562 0.032258 0.584464 0.583573 0.032258 0.023526 0.032258 130 241
50 62.310000 60.320000 1000000 8.017717 11.114690 8.011126 9.769351 0.023389 0.032258 0.602035 0.601170 0.032258 0.023352 0.032258 150 175
50 62.310000 60.320000 1000000 7.706622 11.036554 8.058603 9.869057 0.023073 0.032258 0.836394 0.835772 0.032258 0.023402 0.032258 170 182
50 62.310000 60.320000 1000000 7.703112 11.035837 8.059114 9.870035 0.023063 0.032258 0.842255 0.841637 0.032258 0.023404 0.032258 180 219
50 62.310000 60.320000 1000000 7.689834 11.032970 8.061041 9.873945 0.023024 0.032258 0.865699 0.865098 0.032258 0.023410 0.032258 190 572
50 62.310000 60.320000 1000000 7.082677 8.027239 7.255620 9.133966 0.022719 0.032258 0.725057 0.724339 0.032258 0.022778 0.032258 200 305
50 62.310000 60.320000 1000000 6.631416 7.946952 6.779777 8.340710 0.022638 0.032258 0.660611 0.659823 0.032258 0.022586 0.032258 210 317
50 62.310000 60.320000 1000000 5.444089 7.555193 5.472734 7.365638 0.023820 0.032258 0.061863 0.052787 0.032258 0.023815 0.032258 310 374
50 62.310000 60.320000 1000000 5.374630 7.265226 5.371765 7.286703 0.023833 0.032258 0.041680 0.026394 0.032258 0.023830 0.032258 360 370
50 62.310000 60.320000 1000000 5.368107 7.263792 5.364323 7.272773 0.023833 0.032258 0.038237 0.020530 0.032258 0.023831 0.032258 370 615
50 62.310000 60.320000 1000000 5.355464 7.261641 5.351654 7.255178 0.023833 0.032258 0.035434 0.014662 0.032258 0.023831 0.032258 610 649
50 62.310000 60.320000 1000000 5.348210 7.258774 5.349202 7.250046 0.023834 0.032258 0.035436 0.014667 0.032258 0.023831 0.032258 640 739
50 62.310000 60.320000 1000000 5.346987 7.257699 5.347333 7.236605 0.023834 0.032258 0.034326 0.011735 0.032258 0.023831 0.032258 730 755
50 62.310000 60.320000 1000000 5.345440 7.256982 5.347591 7.237583 0.023833 0.032258 0.036747 0.017600 0.032258 0.023831 0.032258 750 785
50 62.310000 60.320000 1000000 5.333711 7.199275 5.329662 7.224142 0.023833 0.032258 0.038238 0.020532 0.032258 0.023831 0.032258 780 804
50 62.310000 60.320000 1000000 5.323400 7.197841 5.327645 7.219254 0.023834 0.032258 0.035437 0.014669 0.032258 0.023831 0.032258 800 1037
50 62.310000 60.320000 1000000 5.317030 7.197125 5.318900 7.211190 0.023834 0.032258 0.033438 0.008804 0.032258 0.023832 0.032258 1030 1309
50 62.310000 60.320000 1000000 5.311568 7.196408 5.313445 7.205325 0.023834 0.032258 0.035437 0.014669 0.032258 0.023831 0.032258 1300 1705
50 62.310000 60.320000 1000000 5.305325 7.195691 5.304864 7.197260 0.023834 0.032258 0.035437 0.014669 0.032258 0.023831 0.032258 1700 1725
50 62.310000 60.320000 1000000 5.304105 7.194616 5.302999 7.183820 0.023834 0.032258 0.034327 0.011737 0.032258 0.023831 0.032258 1720 2850
50 62.310000 60.320000 1000000 5.301730 7.193899 5.299730 7.175755 0.023834 0.032258 0.034327 0.011737 0.032258 0.023831 0.032258 2850 3287
50 62.310000 60.320000 1000000 5.290027 7.136192 5.281799 7.162314 0.023834 0.032258 0.035437 0.014669 0.032258 0.023831 0.032258 3280 3316
50 62.310000 60.320000 1000000 5.282940 7.135475 5.282983 7.163292 0.023834 0.032258 0.033438 0.008804 0.032258 0.023831 0.032258 3310 4644
50 62.310000 60.320000 1000000 5.281737 7.134400 5.281144 7.149851 0.023834 0.032258 0.032788 0.005872 0.032258 0.023831 0.032258 4640 5545
50 62.310000 60.320000 1000000 5.278533 7.133683 5.277940 7.143986 0.023834 0.032258 0.032788 0.005872 0.032258 0.023831 0.032258 5540 6242
50 62.310000 60.320000 1000000 5.274529 7.132966 5.273933 7.138121 0.023834 0.032258 0.032788 0.005870 0.032258 0.023831 0.032258 6240 6525
50 62.310000 60.320000 1000000 5.272960 7.132249 5.274195 7.139098 0.023834 0.032258 0.034327 0.011735 0.032258 0.023831 0.032258 6520 97220
50 62.310000 60.320000 1000000 5.270608 7.131533 5.270961 7.131034 0.023834 0.032258 0.034327 0.011735 0.032258 0.023831 0.032258 97220 97862
50 62.310000 60.320000 1000000 5.265790 7.130816 5.266144 7.125169 0.023834 0.032258 0.032788 0.005872 0.032258 0.023831 0.032258 97860 101011
50 62.310000 60.320000 1000000 5.259554 7.130099 5.257566 7.117104 0.023834 0.032258 0.034326 0.011735 0.032258 0.023831 0.032258 101010 136791
50 62.310000 60.320000 1000000 5.255614 7.129382 5.253622 7.111239 0.023834 0.032258 0.036745 0.017596 0.032258 0.023831 0.032258 136790 140341
50 62.310000 60.320000 1000000 5.254425 7.128307 5.251802 7.097798 0.023834 0.032258 0.035435 0.014664 0.032258 0.023831 0.032258 140340 140459
50 62.310000 60.320000 1000000 5.251258 7.127590 5.248631 7.091933 0.023834 0.032258 0.033437 0.008801 0.032258 0.023831 0.032258 140450 186398
50 62.310000 60.320000 1000000 5.246684 7.126156 5.242328 7.075804 0.023833 0.032258 0.038237 0.020530 0.032258 0.023830 0.032258 141510 237336
50 62.310000 60.320000 1000000 5.245520 7.125081 5.240546 7.062363 0.023833 0.032258 0.039886 0.023459 0.032258 0.023830 0.032258 237330 278893
50 62.310000 60.320000 1000000 5.231535 7.123647 5.242873 7.064318 0.023832 0.032258 0.043594 0.029323 0.032258 0.023830 0.032258 262150 275858
50 62.310000 60.320000 1000000 5.224787 7.122930 5.243988 7.065296 0.023831 0.032258 0.047737 0.035189 0.032258 0.023830 0.032258 275850 278893
50 62.310000 60.320000 1000000 5.212885 7.065224 5.225973 7.051855 0.023831 0.032258 0.045618 0.032256 0.032258 0.023830 0.032258 278890 289076
50 62.310000 60.320000 1000000 5.208948 7.064507 5.222065 7.045990 0.023831 0.032258 0.049936 0.038119 0.032258 0.023830 0.032258 289070 299404
50 62.310000 60.320000 1000000 5.203294 7.063790 5.216454 7.040125 0.023832 0.032258 0.049938 0.038121 0.032258 0.023830 0.032258 299400 299435
50 62.310000 60.320000 1000000 5.197006 7.063073 5.207867 7.032060 0.023832 0.032258 0.049936 0.038119 0.032258 0.023830 0.032258 299430 321793
50 62.310000 60.320000 1000000 5.195410 7.062356 5.208131 7.033038 0.023832 0.032258 0.045620 0.032258 0.032258 0.023830 0.032258 321790 384785
50 62.310000 60.320000 1000000 5.185738 7.060923 5.198529 7.021308 0.023833 0.032258 0.041679 0.026393 0.032258 0.023831 0.032258 383360 388271
50 62.310000 60.320000 1000000 5.182533 7.060206 5.195348 7.015443 0.023833 0.032258 0.038237 0.020530 0.032258 0.023831 0.032258 388270 396141
50 62.310000 60.320000 1000000 5.170667 7.002499 5.177321 7.002002 0.023833 0.032258 0.036746 0.017597 0.032258 0.023831 0.032258 396140 501945
50 62.310000 60.320000 1000000 5.165043 7.001782 5.171719 6.996137 0.023834 0.032258 0.034327 0.011735 0.032258 0.023831 0.032258 501940 1000000
50 62.310000 60.320000 1000000 5.165043 7.001782 5.171719 6.996137 0.023834 0.032258 0.034327 0.011735 0.032258 0.023831 0.032258 999990 1000000
