22 62.310000 60.320000 1000000 8.814151 12.014339 8.808624 11.855374 0.023828 0.032258 0.045620 0.032258 0.032258 0.023826 0.032258 0 50
22 62.310000 60.320000 1000000 8.561814 11.308955 8.589964 11.677464 0.023811 0.032258 0.085501 0.079182 0.032258 0.023806 0.032258 50 61
22 62.310000 60.320000 1000000 8.552896 11.303937 8.587356 11.654492 0.023811 0.032258 0.096469 0.090916 0.032258 0.023806 0.032258 60 73
22 62.310000 60.320000 1000000 8.455658 11.293185 8.454438 11.533524 0.023819 0.032258 0.064386 0.055722 0.032258 0.023815 0.032258 70 93
22 62.310000 60.320000 1000000 8.383117 11.282432 8.402358 11.459477 0.023821 0.032258 0.069522 0.061585 0.032258 0.023821 0.032258 90 112
22 62.310000 60.320000 1000000 8.372371 11.280281 8.390728 11.439682 0.023822 0.032258 0.080098 0.073315 0.032258 0.023822 0.032258 110 127
22 62.310000 60.320000 1000000 8.333311 11.271679 8.351926 11.369301 0.023825 0.032258 0.096465 0.090912 0.032258 0.023824 0.032258 120 187
22 62.310000 60.320000 1000000 7.425927 8.340860 7.449573 9.359770 0.023058 0.032258 0.628392 0.627563 0.032258 0.023039 0.032258 180 267
22 62.310000 60.320000 1000000 6.657222 8.220430 6.746278 8.730737 0.022892 0.032258 0.522993 0.521998 0.032258 0.023060 0.032258 220 252
22 62.310000 60.320000 1000000 6.265135 7.484940 6.313496 8.215341 0.022827 0.032258 0.774864 0.774193 0.032258 0.022877 0.032258 250 303
22 62.310000 60.320000 1000000 5.736311 7.315763 5.779164 7.741980 0.023633 0.032258 0.335865 0.334312 0.032258 0.023612 0.032258 280 307
22 62.310000 60.320000 1000000 5.646942 7.301068 5.697117 7.614658 0.023658 0.032258 0.257161 0.255129 0.032258 0.023633 0.032258 300 318
22 62.310000 60.320000 1000000 5.539714 7.284580 5.579442 7.470963 0.023745 0.032258 0.124484 0.120232 0.032258 0.023721 0.032258 310 328
22 62.310000 60.320000 1000000 5.536707 7.283863 5.576498 7.465098 0.023744 0.032258 0.124486 0.120233 0.032258 0.023720 0.032258 320 424
22 62.310000 60.320000 1000000 5.410725 7.271677 5.404895 7.328003 0.023830 0.032258 0.045619 0.032256 0.032258 0.023829 0.032258 360 505
22 62.310000 60.320000 1000000 5.400936 7.270243 5.395074 7.316273 0.023832 0.032258 0.041678 0.026390 0.032258 0.023830 0.032258 370 385
22 62.310000 60.320000 1000000 5.396212 7.269527 5.390335 7.310408 0.023832 0.032258 0.045618 0.032256 0.032258 0.023830 0.032258 380 505
22 62.310000 60.320000 1000000 5.392820 7.268093 5.390902 7.312363 0.023833 0.032258 0.038235 0.020526 0.032258 0.023830 0.032258 460 552
22 62.310000 60.320000 1000000 5.387143 7.265942 5.388070 7.306253 0.023833 0.032258 0.038238 0.020531 0.032258 0.023830 0.032258 550 645
22 62.310000 60.320000 1000000 5.384751 7.265226 5.384783 7.298189 0.023833 0.032258 0.038238 0.020531 0.032258 0.023830 0.032258 640 862
22 62.310000 60.320000 1000000 5.380111 7.264509 5.380142 7.292324 0.023833 0.032258 0.041681 0.026396 0.032258 0.023830 0.032258 860 1130
22 62.310000 60.320000 1000000 5.376120 7.263792 5.376152 7.286458 0.023833 0.032258 0.041680 0.026394 0.032258 0.023830 0.032258 1130 1417
22 62.310000 60.320000 1000000 5.374916 7.262717 5.374311 7.273018 0.023833 0.032258 0.039888 0.023461 0.032258 0.023830 0.032258 1410 1572
22 62.310000 60.320000 1000000 5.369188 7.262000 5.368582 7.267153 0.023834 0.032258 0.036745 0.017596 0.032258 0.023831 0.032258 1570 1791
22 62.310000 60.320000 1000000 5.368011 7.260924 5.366782 7.253712 0.023833 0.032258 0.038234 0.020525 0.032258 0.023831 0.032258 1790 1842
22 62.310000 60.320000 1000000 5.364792 7.260208 5.363561 7.247847 0.023834 0.032258 0.035434 0.014662 0.032258 0.023831 0.032258 1840 2716
22 62.310000 60.320000 1000000 5.353704 7.258774 5.352465 7.236117 0.023834 0.032258 0.033437 0.008800 0.032258 0.023831 0.032258 2690 3136
22 62.310000 60.320000 1000000 5.352121 7.258057 5.352729 7.237094 0.023834 0.032258 0.033438 0.008804 0.032258 0.023831 0.032258 3130 3893
22 62.310000 60.320000 1000000 5.340436 7.200350 5.334852 7.223653 0.023834 0.032258 0.034327 0.011737 0.032258 0.023831 0.032258 3890 5452
22 62.310000 60.320000 1000000 5.334126 7.199634 5.326143 7.215589 0.023834 0.032258 0.034327 0.011737 0.032258 0.023831 0.032258 5450 6253
22 62.310000 60.320000 1000000 5.330139 7.198917 5.322138 7.209724 0.023834 0.032258 0.034326 0.011735 0.032258 0.023831 0.032258 6250 7791
22 62.310000 60.320000 1000000 5.323022 7.198200 5.323327 7.210701 0.023834 0.032258 0.032788 0.005870 0.032258 0.023831 0.032258 7790 8010
22 62.310000 60.320000 1000000 5.320609 7.197483 5.320007 7.202637 0.023834 0.032258 0.032788 0.005870 0.032258 0.023831 0.032258 8010 29452
22 62.310000 60.320000 1000000 5.314397 7.196766 5.311459 7.194572 0.023834 0.032258 0.034326 0.011733 0.032258 0.023831 0.032258 29450 34288
22 62.310000 60.320000 1000000 5.311167 7.196049 5.308223 7.188707 0.023834 0.032258 0.032788 0.005870 0.032258 0.023831 0.032258 34280 52919
22 62.310000 60.320000 1000000 5.308802 7.195332 5.304964 7.180643 0.023834 0.032258 0.034326 0.011734 0.032258 0.023831 0.032258 52910 53037
22 62.310000 60.320000 1000000 5.305647 7.194616 5.301803 7.174778 0.023834 0.032258 0.034326 0.011734 0.032258 0.023831 0.032258 53030 79109
22 62.310000 60.320000 1000000 5.301704 7.193899 5.297851 7.168913 0.023834 0.032258 0.034326 0.011733 0.032258 0.023831 0.032258 79100 150308
22 62.310000 60.320000 1000000 5.293895 7.189598 5.291579 7.135921 0.023833 0.032258 0.034326 0.011733 0.032258 0.023830 0.032258 150300 174596
22 62.310000 60.320000 1000000 5.282140 7.131891 5.273564 7.122480 0.023833 0.032258 0.035436 0.014666 0.032258 0.023831 0.032258 174590 238061
22 62.310000 60.320000 1000000 5.271183 7.129740 5.262553 7.104885 0.023832 0.032258 0.038237 0.020530 0.032258 0.023830 0.032258 238060 299871
22 62.310000 60.320000 1000000 5.266495 7.129024 5.257842 7.099020 0.023832 0.032258 0.041681 0.026395 0.032258 0.023830 0.032258 299870 323811
22 62.310000 60.320000 1000000 5.261923 7.128307 5.253247 7.093155 0.023831 0.032258 0.045622 0.032261 0.032258 0.023829 0.032258 323810 372063
22 62.310000 60.320000 1000000 5.257988 7.127590 5.249293 7.087290 0.023831 0.032258 0.041681 0.026396 0.032258 0.023829 0.032258 372060 473103
22 62.310000 60.320000 1000000 5.252340 7.126873 5.243617 7.081425 0.023832 0.032258 0.038238 0.020532 0.032258 0.023830 0.032258 473100 613351
22 62.310000 60.320000 1000000 5.229547 7.124006 5.247406 7.085335 0.023832 0.032258 0.045623 0.032262 0.032258 0.023830 0.032258 613350 744067
22 62.310000 60.320000 1000000 5.225647 7.123289 5.243546 7.079470 0.023832 0.032258 0.041682 0.026397 0.032258 0.023830 0.032258 744060 868617
22 62.310000 60.320000 1000000 5.200551 7.007159 5.208069 7.053565 0.023832 0.032258 0.041682 0.026398 0.032258 0.023829 0.032258 868610 1000000
22 62.310000 60.320000 1000000 5.183914 7.005008 5.191504 7.035970 0.023832 0.032258 0.045624 0.032264 0.032258 0.023829 0.032258 999990 1000000
