14 62.310000 60.320000 1000000 9.144218 12.367025 9.198853 12.502488 0.023823 0.032258 0.085502 0.079183 0.032258 0.023829 0.032258 0 52
14 62.310000 60.320000 1000000 9.120124 12.303227 9.173105 12.422821 0.023821 0.032258 0.074770 0.067453 0.032258 0.023829 0.032258 50 63
14 62.310000 60.320000 1000000 9.064140 12.294625 9.118098 12.352440 0.023818 0.032258 0.135853 0.131968 0.032258 0.023824 0.032258 60 70
14 62.310000 60.320000 1000000 8.942942 12.271686 8.999095 12.164757 0.023813 0.032258 0.124489 0.120237 0.032258 0.023814 0.032258 70 80
14 62.310000 60.320000 1000000 8.925675 12.268818 8.982151 12.141297 0.023809 0.032258 0.124490 0.120238 0.032258 0.023808 0.032258 80 99
14 62.310000 60.320000 1000000 8.919074 12.268101 8.983230 12.142274 0.023808 0.032258 0.130164 0.126103 0.032258 0.023809 0.032258 90 100
14 62.310000 60.320000 1000000 8.792775 11.852330 8.806973 11.917201 0.023818 0.032258 0.113199 0.108506 0.032258 0.023816 0.032258 100 124
14 62.310000 60.320000 1000000 8.771297 11.843011 8.776809 11.806986 0.023818 0.032258 0.124488 0.120236 0.032258 0.023816 0.032258 110 122
14 62.310000 60.320000 1000000 8.716969 11.830108 8.743169 11.774483 0.023822 0.032258 0.074771 0.067454 0.032258 0.023816 0.032258 120 138
14 62.310000 60.320000 1000000 8.280692 8.771682 8.053077 11.062117 0.023364 0.032258 0.219397 0.217012 0.032258 0.023129 0.032258 130 161
14 62.310000 60.320000 1000000 7.697161 8.689603 7.239819 10.251754 0.023029 0.032258 0.461542 0.460413 0.032258 0.022939 0.032258 160 191
14 62.310000 60.320000 1000000 7.007901 8.581360 7.107182 10.077756 0.022998 0.032258 0.707481 0.706745 0.032258 0.022987 0.032258 170 289
14 62.310000 60.320000 1000000 6.416243 8.463080 6.498343 8.896428 0.023497 0.032258 0.356303 0.354840 0.032258 0.023411 0.032258 230 286
14 62.310000 60.320000 1000000 6.233192 8.429747 6.252455 8.520082 0.023824 0.032258 0.093704 0.087977 0.032258 0.023822 0.032258 280 381
14 62.310000 60.320000 1000000 6.222329 8.425446 6.238450 8.471207 0.023826 0.032258 0.077422 0.070381 0.032258 0.023824 0.032258 380 425
14 62.310000 60.320000 1000000 6.180471 8.363439 6.190720 8.422576 0.023832 0.032258 0.045620 0.032259 0.032258 0.023830 0.032258 420 657
14 62.310000 60.320000 1000000 6.173661 8.362722 6.191847 8.423553 0.023831 0.032258 0.049940 0.038124 0.032258 0.023830 0.032258 650 669
14 62.310000 60.320000 1000000 6.168957 8.362005 6.187185 8.417688 0.023831 0.032258 0.049939 0.038122 0.032258 0.023829 0.032258 660 691
14 62.310000 60.320000 1000000 6.157773 8.356987 6.171178 8.355860 0.023831 0.032258 0.049935 0.038117 0.032258 0.023829 0.032258 690 718
14 62.310000 60.320000 1000000 6.156147 8.356271 6.171447 8.356838 0.023832 0.032258 0.049935 0.038117 0.032258 0.023829 0.032258 710 1039
14 62.310000 60.320000 1000000 6.151093 8.354837 6.164548 8.340709 0.023833 0.032258 0.041676 0.026388 0.032258 0.023831 0.032258 810 832
14 62.310000 60.320000 1000000 6.140963 8.352686 6.153568 8.320914 0.023832 0.032258 0.049935 0.038117 0.032258 0.023830 0.032258 830 1039
14 62.310000 60.320000 1000000 6.137690 8.351970 6.150315 8.315049 0.023832 0.032258 0.045616 0.032252 0.032258 0.023830 0.032258 1030 1045
14 62.310000 60.320000 1000000 6.132119 8.351253 6.144779 8.309184 0.023832 0.032258 0.041678 0.026391 0.032258 0.023830 0.032258 1040 1400
14 62.310000 60.320000 1000000 6.127726 8.349461 6.139793 8.289878 0.023833 0.032258 0.043594 0.029322 0.032258 0.023830 0.032258 1400 1608
14 62.310000 60.320000 1000000 6.124581 8.348744 6.136667 8.284013 0.023832 0.032258 0.043594 0.029322 0.032258 0.023830 0.032258 1600 1879
14 62.310000 60.320000 1000000 6.101767 8.289604 6.107679 8.258842 0.023833 0.032258 0.049937 0.038120 0.032258 0.023830 0.032258 1870 1932
14 62.310000 60.320000 1000000 6.096925 8.288171 6.101038 8.242713 0.023833 0.032258 0.049938 0.038121 0.032258 0.023830 0.032258 1910 2204
14 62.310000 60.320000 1000000 6.095288 8.287454 6.101310 8.243690 0.023833 0.032258 0.045618 0.032256 0.032258 0.023830 0.032258 2200 2255
14 62.310000 60.320000 1000000 6.092167 8.286737 6.098198 8.237825 0.023833 0.032258 0.045619 0.032257 0.032258 0.023830 0.032258 2250 3094
14 62.310000 60.320000 1000000 6.080347 8.229031 6.080165 8.224385 0.023833 0.032258 0.043595 0.029325 0.032258 0.023830 0.032258 3090 3472
14 62.310000 60.320000 1000000 6.078734 8.228315 6.080434 8.225362 0.023833 0.032258 0.039889 0.023464 0.032258 0.023830 0.032258 3470 3832
14 62.310000 60.320000 1000000 6.077552 8.227239 6.078628 8.211921 0.023833 0.032258 0.041679 0.026392 0.032258 0.023830 0.032258 3830 4674
14 62.310000 60.320000 1000000 6.052921 8.223655 6.048324 8.175998 0.023834 0.032258 0.033437 0.008801 0.032258 0.023831 0.032258 4670 5252
14 62.310000 60.320000 1000000 6.041150 8.165950 6.030270 8.162557 0.023834 0.032258 0.034326 0.011733 0.032258 0.023832 0.032258 5250 8412
14 62.310000 60.320000 1000000 6.039544 8.165233 6.030539 8.163534 0.023834 0.032258 0.032788 0.005872 0.032258 0.023832 0.032258 8410 28320
14 62.310000 60.320000 1000000 6.034095 8.164516 6.025066 8.157669 0.023834 0.032258 0.034327 0.011738 0.032258 0.023831 0.032258 28320 34155
14 62.310000 60.320000 1000000 6.026946 8.163799 6.026260 8.158647 0.023834 0.032258 0.032789 0.005873 0.032258 0.023831 0.032258 34150 47983
14 62.310000 60.320000 1000000 6.024579 8.163082 6.023003 8.150582 0.023834 0.032258 0.034327 0.011737 0.032258 0.023831 0.032258 47980 143884
14 62.310000 60.320000 1000000 6.019862 8.162365 6.018283 8.144717 0.023834 0.032258 0.034327 0.011737 0.032258 0.023831 0.032258 143880 160690
14 62.310000 60.320000 1000000 6.008229 8.160215 6.013143 8.129566 0.023833 0.032258 0.043599 0.029330 0.032258 0.023830 0.032258 160690 224428
14 62.310000 60.320000 1000000 5.993441 8.158064 6.006457 8.118813 0.023832 0.032258 0.052214 0.041058 0.032258 0.023830 0.032258 224420 229777
14 62.310000 60.320000 1000000 5.990235 8.157347 6.003272 8.112948 0.023832 0.032258 0.047740 0.035193 0.032258 0.023830 0.032258 229770 385742
14 62.310000 60.320000 1000000 5.925590 8.031899 5.939937 7.999068 0.023830 0.032258 0.066936 0.058650 0.032258 0.023828 0.032258 385740 532534
14 62.310000 60.320000 1000000 5.869814 7.855912 5.860665 7.935529 0.023830 0.032258 0.049938 0.038121 0.032258 0.023827 0.032258 532530 688638
14 62.310000 60.320000 1000000 5.865948 7.855195 5.856781 7.929664 0.023830 0.032258 0.054546 0.043985 0.032258 0.023827 0.032258 688630 704602
14 62.310000 60.320000 1000000 5.859050 7.854478 5.857934 7.930641 0.023829 0.032258 0.054546 0.043985 0.032258 0.023827 0.032258 704600 728400
14 62.310000 60.320000 1000000 5.857878 7.853403 5.856143 7.917200 0.023829 0.032258 0.056937 0.046917 0.032258 0.023827 0.032258 728400 859216
14 62.310000 60.320000 1000000 5.846276 7.851252 5.846502 7.906448 0.023831 0.032258 0.047734 0.035184 0.032258 0.023829 0.032258 859210 876854
14 62.310000 60.320000 1000000 5.839907 7.850536 5.837740 7.898383 0.023831 0.032258 0.047734 0.035184 0.032258 0.023829 0.032258 876850 1000000
14 62.310000 60.320000 1000000 5.839907 7.850536 5.837740 7.898383 0.023831 0.032258 0.047734 0.035184 0.032258 0.023829 0.032258 999990 1000000
