22 62.310000 60.320000 1000000 9.210251 12.426523 9.236587 12.493446 0.023831 0.032258 0.059387 0.049861 0.032258 0.023830 0.032258 0 51
22 62.310000 60.320000 1000000 9.114575 12.411469 9.135531 12.356595 0.023829 0.032258 0.090963 0.085051 0.032258 0.023826 0.032258 50 63
22 62.310000 60.320000 1000000 9.057851 12.404301 9.064980 12.284747 0.023829 0.032258 0.059384 0.049859 0.032258 0.023825 0.032258 60 72
22 62.310000 60.320000 1000000 8.974165 12.394982 9.033818 12.252245 0.023818 0.032258 0.074770 0.067453 0.032258 0.023818 0.032258 70 95
22 62.310000 60.320000 1000000 8.944475 12.385663 8.996239 12.156448 0.023816 0.032258 0.124489 0.120237 0.032258 0.023814 0.032258 90 124
22 62.310000 60.320000 1000000 8.867436 12.363441 8.911304 11.923799 0.023810 0.032258 0.187540 0.184745 0.032258 0.023803 0.032258 120 139
22 62.310000 60.320000 1000000 8.789461 12.316129 8.908475 11.960944 0.023738 0.032258 0.420593 0.419354 0.032258 0.023817 0.032258 130 162
22 62.310000 60.320000 1000000 8.438703 11.518636 8.482163 11.399117 0.023591 0.032258 0.657684 0.656892 0.032258 0.023668 0.032258 160 179
22 62.310000 60.320000 1000000 8.426553 11.460929 8.463864 11.385676 0.023591 0.032258 0.660613 0.659825 0.032258 0.023668 0.032258 170 316
22 62.310000 60.320000 1000000 8.103966 11.221859 8.093709 10.711188 0.023343 0.032258 0.950694 0.950147 0.032258 0.023400 0.032258 180 230
22 62.310000 60.320000 1000000 7.219780 11.000712 7.492717 9.376875 0.023029 0.032258 0.525917 0.524926 0.032258 0.023115 0.032258 230 264
22 62.310000 60.320000 1000000 6.923360 10.961285 7.227404 9.045498 0.023118 0.032258 0.216492 0.214075 0.032258 0.023092 0.032258 250 454
22 62.310000 60.320000 1000000 6.187582 8.415051 6.188879 8.376877 0.023826 0.032258 0.080097 0.073314 0.032258 0.023824 0.032258 310 322
22 62.310000 60.320000 1000000 6.174864 8.412542 6.175546 8.351706 0.023828 0.032258 0.066937 0.058651 0.032258 0.023825 0.032258 320 373
22 62.310000 60.320000 1000000 6.108263 8.179570 6.100992 8.294033 0.023828 0.032258 0.061862 0.052786 0.032258 0.023824 0.032258 370 454
22 62.310000 60.320000 1000000 6.105649 8.178853 6.097384 8.285968 0.023829 0.032258 0.056940 0.046921 0.032258 0.023825 0.032258 450 500
22 62.310000 60.320000 1000000 6.077451 8.173118 6.067142 8.237093 0.023831 0.032258 0.052217 0.041061 0.032258 0.023828 0.032258 500 517
22 62.310000 60.320000 1000000 6.074074 8.172401 6.063748 8.231227 0.023832 0.032258 0.047743 0.035196 0.032258 0.023829 0.032258 510 589
22 62.310000 60.320000 1000000 6.067675 8.171684 6.054899 8.223163 0.023832 0.032258 0.047743 0.035196 0.032258 0.023830 0.032258 580 597
22 62.310000 60.320000 1000000 6.060476 8.170967 6.056104 8.224140 0.023833 0.032258 0.043599 0.029331 0.032258 0.023830 0.032258 590 653
22 62.310000 60.320000 1000000 6.054184 8.170251 6.047427 8.216076 0.023833 0.032258 0.043599 0.029331 0.032258 0.023830 0.032258 650 749
22 62.310000 60.320000 1000000 6.047106 8.169534 6.048609 8.217053 0.023833 0.032258 0.039890 0.023466 0.032258 0.023830 0.032258 740 855
22 62.310000 60.320000 1000000 6.040479 8.168100 6.041987 8.205323 0.023834 0.032258 0.034327 0.011736 0.032258 0.023831 0.032258 830 847
22 62.310000 60.320000 1000000 6.037273 8.167383 6.038783 8.199458 0.023834 0.032258 0.034327 0.011737 0.032258 0.023831 0.032258 840 855
22 62.310000 60.320000 1000000 6.034861 8.166666 6.035469 8.191394 0.023834 0.032258 0.032788 0.005873 0.032258 0.023831 0.032258 850 1382
22 62.310000 60.320000 1000000 6.025427 8.163799 6.032892 8.165489 0.023834 0.032258 0.032788 0.005870 0.032258 0.023832 0.032258 1380 1421
22 62.310000 60.320000 1000000 6.023846 8.163082 6.033155 8.166467 0.023834 0.032258 0.034326 0.011735 0.032258 0.023832 0.032258 1420 1523
22 62.310000 60.320000 1000000 6.020689 8.162365 6.030012 8.160602 0.023834 0.032258 0.036747 0.017599 0.032258 0.023832 0.032258 1520 2017
22 62.310000 60.320000 1000000 6.009008 8.104660 6.012221 8.147161 0.023834 0.032258 0.035436 0.014667 0.032258 0.023831 0.032258 2010 2251
22 62.310000 60.320000 1000000 6.006619 8.103943 6.008941 8.139097 0.023834 0.032258 0.033438 0.008803 0.032258 0.023831 0.032258 2250 3184
22 62.310000 60.320000 1000000 5.998707 8.101076 5.999786 8.106350 0.023834 0.032258 0.035435 0.014664 0.032258 0.023831 0.032258 3180 3199
22 62.310000 60.320000 1000000 5.993929 8.100359 5.995010 8.100485 0.023834 0.032258 0.035435 0.014664 0.032258 0.023831 0.032258 3190 3765
22 62.310000 60.320000 1000000 5.987576 8.099642 5.986276 8.092420 0.023834 0.032258 0.033437 0.008801 0.032258 0.023831 0.032258 3760 4625
22 62.310000 60.320000 1000000 5.982885 8.098925 5.981581 8.086555 0.023834 0.032258 0.035435 0.014663 0.032258 0.023831 0.032258 4620 6766
22 62.310000 60.320000 1000000 5.977413 8.098208 5.976105 8.080690 0.023834 0.032258 0.035436 0.014666 0.032258 0.023831 0.032258 6760 9987
22 62.310000 60.320000 1000000 5.970400 8.097491 5.977272 8.081668 0.023833 0.032258 0.038236 0.020529 0.032258 0.023831 0.032258 9980 11035
22 62.310000 60.320000 1000000 5.968023 8.096774 5.974013 8.073603 0.023833 0.032258 0.041680 0.026393 0.032258 0.023831 0.032258 11030 11315
22 62.310000 60.320000 1000000 5.956312 8.039068 5.956148 8.060162 0.023833 0.032258 0.039888 0.023461 0.032258 0.023831 0.032258 11310 13082
22 62.310000 60.320000 1000000 5.952236 8.038351 5.952072 8.054297 0.023834 0.032258 0.036745 0.017596 0.032258 0.023831 0.032258 13080 15795
22 62.310000 60.320000 1000000 5.945902 8.037634 5.943357 8.046233 0.023834 0.032258 0.034326 0.011733 0.032258 0.023831 0.032258 15790 18582
22 62.310000 60.320000 1000000 5.941902 8.036917 5.939352 8.040368 0.023834 0.032258 0.034325 0.011732 0.032258 0.023831 0.032258 18580 112828
22 62.310000 60.320000 1000000 5.936448 8.036200 5.933891 8.034502 0.023834 0.032258 0.036746 0.017597 0.032258 0.023831 0.032258 112820 253197
22 62.310000 60.320000 1000000 5.924935 8.034050 5.922363 8.016907 0.023832 0.032258 0.047739 0.035191 0.032258 0.023830 0.032258 210860 254123
22 62.310000 60.320000 1000000 5.902004 7.972759 5.898790 7.994669 0.023833 0.032258 0.049943 0.038127 0.032258 0.023830 0.032258 254120 315798
22 62.310000 60.320000 1000000 5.888241 7.970250 5.879625 7.965099 0.023832 0.032258 0.052215 0.041058 0.032258 0.023830 0.032258 315790 342591
22 62.310000 60.320000 1000000 5.885097 7.969533 5.876466 7.959234 0.023832 0.032258 0.052215 0.041058 0.032258 0.023830 0.032258 342590 391179
22 62.310000 60.320000 1000000 5.880273 7.968816 5.871621 7.953369 0.023833 0.032258 0.047740 0.035193 0.032258 0.023830 0.032258 391170 409235
22 62.310000 60.320000 1000000 5.877844 7.968099 5.868265 7.945304 0.023833 0.032258 0.043597 0.029328 0.032258 0.023831 0.032258 409230 410340
22 62.310000 60.320000 1000000 5.872345 7.967383 5.862739 7.939439 0.023833 0.032258 0.043598 0.029329 0.032258 0.023831 0.032258 410340 423005
22 62.310000 60.320000 1000000 5.867607 7.966666 5.857978 7.933574 0.023833 0.032258 0.039889 0.023464 0.032258 0.023831 0.032258 423000 502462
22 62.310000 60.320000 1000000 5.853279 7.965232 5.860367 7.935529 0.023833 0.032258 0.036746 0.017598 0.032258 0.023831 0.032258 463330 564824
22 62.310000 60.320000 1000000 5.834065 7.963082 5.857232 7.931619 0.023832 0.032258 0.047740 0.035192 0.032258 0.023831 0.032258 564820 679266
22 62.310000 60.320000 1000000 5.819005 7.959856 5.841712 7.900583 0.023830 0.032258 0.049939 0.038123 0.032258 0.023828 0.032258 679260 680222
22 62.310000 60.320000 1000000 5.812280 7.959139 5.842818 7.901560 0.023829 0.032258 0.054548 0.043988 0.032258 0.023829 0.032258 680220 743534
22 62.310000 60.320000 1000000 5.800198 7.901432 5.824620 7.888119 0.023830 0.032258 0.052212 0.041055 0.032258 0.023830 0.032258 743530 765436
22 62.310000 60.320000 1000000 5.798590 7.900715 5.824885 7.889097 0.023830 0.032258 0.056940 0.046920 0.032258 0.023830 0.032258 765430 936551
22 62.310000 60.320000 1000000 5.777105 7.840141 5.793872 7.843398 0.023831 0.032258 0.059380 0.049853 0.032258 0.023830 0.032258 936550 1000000
22 62.310000 60.320000 1000000 5.777105 7.840141 5.793872 7.843398 0.023831 0.032258 0.059380 0.049853 0.032258 0.023830 0.032258 999990 1000000
