27 62.310000 60.320000 1000000 9.091171 11.961291 9.060445 12.340954 0.023821 0.032258 0.059380 0.049853 0.032258 0.023814 0.032258 0 52
27 62.310000 60.320000 1000000 9.012760 11.950538 9.014053 12.280348 0.023815 0.032258 0.113199 0.108505 0.032258 0.023810 0.032258 50 64
27 62.310000 60.320000 1000000 8.956454 11.944087 8.936391 12.207767 0.023814 0.032258 0.130159 0.126098 0.032258 0.023809 0.032258 60 72
27 62.310000 60.320000 1000000 8.863571 11.927599 8.867915 12.077269 0.023815 0.032258 0.113194 0.108501 0.032258 0.023814 0.032258 70 81
27 62.310000 60.320000 1000000 8.806240 11.918997 8.812330 12.023017 0.023821 0.032258 0.102009 0.096775 0.032258 0.023817 0.032258 80 90
27 62.310000 60.320000 1000000 8.707405 11.901076 8.741320 11.894963 0.023821 0.032258 0.130162 0.126102 0.032258 0.023821 0.032258 90 114
27 62.310000 60.320000 1000000 8.617764 11.876703 8.637796 11.629322 0.023823 0.032258 0.124489 0.120237 0.032258 0.023822 0.032258 100 190
27 62.310000 60.320000 1000000 8.602584 11.870252 8.640301 11.638120 0.023825 0.032258 0.074771 0.067455 0.032258 0.023822 0.032258 110 127
27 62.310000 60.320000 1000000 8.601028 11.869535 8.640557 11.639097 0.023825 0.032258 0.074772 0.067455 0.032258 0.023822 0.032258 120 190
27 62.310000 60.320000 1000000 8.587535 11.867384 8.627249 11.621502 0.023823 0.032258 0.080102 0.073319 0.032258 0.023819 0.032258 150 196
27 62.310000 60.320000 1000000 8.023021 9.052324 7.869104 10.912800 0.023478 0.032258 0.403055 0.401763 0.032258 0.023396 0.032258 190 204
27 62.310000 60.320000 1000000 7.729190 8.959493 7.906837 10.947257 0.023270 0.032258 0.441066 0.439885 0.032258 0.023408 0.032258 200 227
27 62.310000 60.320000 1000000 7.705498 8.900354 7.875393 10.917687 0.023267 0.032258 0.426444 0.425222 0.032258 0.023397 0.032258 220 234
27 62.310000 60.320000 1000000 7.534933 8.828669 7.691418 10.145449 0.023215 0.032258 0.537628 0.536659 0.032258 0.023318 0.032258 230 263
27 62.310000 60.320000 1000000 7.339979 8.800712 7.508706 9.916711 0.023207 0.032258 0.742638 0.741938 0.032258 0.023280 0.032258 260 278
27 62.310000 60.320000 1000000 7.188142 8.774548 7.366812 9.697992 0.023214 0.032258 0.534701 0.533727 0.032258 0.023257 0.032258 270 284
27 62.310000 60.320000 1000000 6.725182 8.715766 6.760632 9.038899 0.023437 0.032258 0.324189 0.322580 0.032258 0.023464 0.032258 280 383
27 62.310000 60.320000 1000000 6.722597 8.714332 6.761056 9.040854 0.023434 0.032258 0.335863 0.334311 0.032258 0.023465 0.032258 290 535
27 62.310000 60.320000 1000000 6.285376 8.495696 6.301963 8.598773 0.023819 0.032258 0.099234 0.093844 0.032258 0.023817 0.032258 460 610
27 62.310000 60.320000 1000000 6.210034 8.478133 6.227101 8.427708 0.023830 0.032258 0.049940 0.038124 0.032258 0.023828 0.032258 610 633
27 62.310000 60.320000 1000000 6.198071 8.420428 6.208948 8.414267 0.023831 0.032258 0.047739 0.035191 0.032258 0.023829 0.032258 630 675
27 62.310000 60.320000 1000000 6.194006 8.419711 6.204904 8.408402 0.023831 0.032258 0.047739 0.035191 0.032258 0.023829 0.032258 670 1001
27 62.310000 60.320000 1000000 6.157915 8.302149 6.158456 8.370768 0.023831 0.032258 0.039890 0.023466 0.032258 0.023829 0.032258 1000 1674
27 62.310000 60.320000 1000000 6.138692 8.296056 6.140462 8.325557 0.023833 0.032258 0.038240 0.020535 0.032258 0.023831 0.032258 1670 1852
27 62.310000 60.320000 1000000 6.133252 8.295339 6.135027 8.319692 0.023833 0.032258 0.041684 0.026400 0.032258 0.023830 0.032258 1850 2090
27 62.310000 60.320000 1000000 6.125138 8.293905 6.126920 8.307962 0.023834 0.032258 0.038239 0.020533 0.032258 0.023831 0.032258 2030 2308
27 62.310000 60.320000 1000000 6.113508 8.236200 6.109141 8.294521 0.023833 0.032258 0.039890 0.023466 0.032258 0.023831 0.032258 2300 2356
27 62.310000 60.320000 1000000 6.104053 8.233333 6.106626 8.268617 0.023833 0.032258 0.036747 0.017599 0.032258 0.023831 0.032258 2350 2632
27 62.310000 60.320000 1000000 6.099299 8.232616 6.101878 8.262752 0.023833 0.032258 0.036747 0.017599 0.032258 0.023831 0.032258 2630 3956
27 62.310000 60.320000 1000000 6.096904 8.231899 6.098589 8.254688 0.023834 0.032258 0.036747 0.017599 0.032258 0.023831 0.032258 3950 4212
27 62.310000 60.320000 1000000 6.095342 8.231182 6.098849 8.255665 0.023833 0.032258 0.039889 0.023464 0.032258 0.023831 0.032258 4210 4275
27 62.310000 60.320000 1000000 6.089915 8.230465 6.093431 8.249800 0.023833 0.032258 0.043598 0.029329 0.032258 0.023830 0.032258 4270 4832
27 62.310000 60.320000 1000000 6.086636 8.229748 6.090158 8.243935 0.023833 0.032258 0.039890 0.023466 0.032258 0.023831 0.032258 4830 6501
27 62.310000 60.320000 1000000 6.081952 8.229031 6.085482 8.238070 0.023833 0.032258 0.039890 0.023466 0.032258 0.023830 0.032258 6500 6879
27 62.310000 60.320000 1000000 6.075578 8.228315 6.076728 8.230005 0.023833 0.032258 0.036749 0.017603 0.032258 0.023831 0.032258 6870 7544
27 62.310000 60.320000 1000000 6.069332 8.227598 6.068140 8.221941 0.023833 0.032258 0.036749 0.017603 0.032258 0.023831 0.032258 7540 14321
27 62.310000 60.320000 1000000 6.066959 8.226881 6.064874 8.213876 0.023833 0.032258 0.036749 0.017603 0.032258 0.023830 0.032258 14320 14600
27 62.310000 60.320000 1000000 6.059925 8.226164 6.066045 8.214854 0.023833 0.032258 0.036748 0.017602 0.032258 0.023831 0.032258 14600 15112
27 62.310000 60.320000 1000000 6.055868 8.225447 6.061999 8.208989 0.023833 0.032258 0.036747 0.017600 0.032258 0.023831 0.032258 15110 15659
27 62.310000 60.320000 1000000 6.051897 8.224730 6.058040 8.203124 0.023833 0.032258 0.036747 0.017600 0.032258 0.023831 0.032258 15650 17363
27 62.310000 60.320000 1000000 6.040119 8.167025 6.040074 8.189683 0.023834 0.032258 0.035437 0.014668 0.032258 0.023831 0.032258 17360 22644
27 62.310000 60.320000 1000000 6.036836 8.166308 6.036790 8.183818 0.023834 0.032258 0.033438 0.008803 0.032258 0.023831 0.032258 22640 33160
27 62.310000 60.320000 1000000 6.035628 8.165233 6.034945 8.170377 0.023834 0.032258 0.032788 0.005871 0.032258 0.023831 0.032258 33160 197552
27 62.310000 60.320000 1000000 6.032414 8.164516 6.031730 8.164512 0.023834 0.032258 0.032258 0.000007 0.032258 0.023832 0.032258 197550 302712
27 62.310000 60.320000 1000000 6.026183 8.163799 6.023154 8.156447 0.023834 0.032258 0.032788 0.005871 0.032258 0.023831 0.032258 302710 371180
27 62.310000 60.320000 1000000 6.016776 8.161649 6.011967 8.134453 0.023834 0.032258 0.039889 0.023463 0.032258 0.023831 0.032258 371180 412961
27 62.310000 60.320000 1000000 6.015189 8.160932 6.012232 8.135431 0.023834 0.032258 0.039889 0.023463 0.032258 0.023831 0.032258 412960 504611
27 62.310000 60.320000 1000000 6.003475 8.103226 5.994282 8.121990 0.023834 0.032258 0.041681 0.026396 0.032258 0.023831 0.032258 504610 697652
27 62.310000 60.320000 1000000 5.922943 7.920787 5.891472 8.003222 0.023828 0.032258 0.052219 0.041063 0.032258 0.023828 0.032258 697650 941849
27 62.310000 60.320000 1000000 5.899764 7.915411 5.867271 7.954590 0.023831 0.032258 0.038240 0.020535 0.032258 0.023832 0.032258 941840 1000000
27 62.310000 60.320000 1000000 5.899764 7.915411 5.867271 7.954590 0.023831 0.032258 0.038240 0.020535 0.032258 0.023832 0.032258 999990 1000000
