30 62.310000 60.320000 1000000 9.447288 13.199599 9.562356 12.895683 0.023702 0.032258 0.359226 0.357774 0.032258 0.023715 0.032258 0 50
30 62.310000 60.320000 1000000 9.040351 12.231501 9.046676 12.261028 0.023833 0.032258 0.045623 0.032262 0.032258 0.023831 0.032258 50 61
30 62.310000 60.320000 1000000 9.025979 12.229350 9.032335 12.243433 0.023834 0.032258 0.041683 0.026398 0.032258 0.023831 0.032258 60 96
30 62.310000 60.320000 1000000 9.014294 12.171644 9.014502 12.229992 0.023834 0.032258 0.039891 0.023467 0.032258 0.023831 0.032258 90 111
30 62.310000 60.320000 1000000 8.975543 12.165193 8.975754 12.177206 0.023833 0.032258 0.039890 0.023465 0.032258 0.023831 0.032258 110 121
30 62.310000 60.320000 1000000 8.960484 12.161609 8.957962 12.141283 0.023833 0.032258 0.036745 0.017595 0.032258 0.023831 0.032258 120 133
30 62.310000 60.320000 1000000 8.958130 12.160892 8.954723 12.133218 0.023833 0.032258 0.036745 0.017595 0.032258 0.023830 0.032258 130 146
30 62.310000 60.320000 1000000 8.946245 12.158024 8.956702 12.137128 0.023833 0.032258 0.039889 0.023464 0.032258 0.023830 0.032258 140 152
30 62.310000 60.320000 1000000 8.943918 12.157308 8.953513 12.129063 0.023833 0.032258 0.043595 0.029324 0.032258 0.023830 0.032258 150 171
30 62.310000 60.320000 1000000 8.920419 12.041896 8.917652 12.102182 0.023833 0.032258 0.043596 0.029325 0.032258 0.023830 0.032258 170 183
30 62.310000 60.320000 1000000 8.896388 12.039028 8.917997 12.099249 0.023832 0.032258 0.052210 0.041053 0.032258 0.023830 0.032258 180 192
30 62.310000 60.320000 1000000 8.884757 11.981322 8.900337 12.085808 0.023832 0.032258 0.049937 0.038120 0.032258 0.023830 0.032258 190 245
30 62.310000 60.320000 1000000 8.873317 11.976304 8.883922 12.023980 0.023833 0.032258 0.038235 0.020526 0.032258 0.023831 0.032258 240 334
30 62.310000 60.320000 1000000 8.828029 11.745481 8.814702 11.970217 0.023829 0.032258 0.041679 0.026392 0.032258 0.023824 0.032258 270 291
30 62.310000 60.320000 1000000 8.817060 11.687775 8.797851 11.956776 0.023827 0.032258 0.043595 0.029325 0.032258 0.023822 0.032258 290 318
30 62.310000 60.320000 1000000 8.806232 11.630069 8.781183 11.943335 0.023825 0.032258 0.045620 0.032257 0.032258 0.023818 0.032258 310 334
30 62.310000 60.320000 1000000 8.800491 11.629352 8.775392 11.937470 0.023825 0.032258 0.045618 0.032256 0.032258 0.023819 0.032258 330 347
30 62.310000 60.320000 1000000 8.796429 11.628635 8.771295 11.931605 0.023825 0.032258 0.045620 0.032258 0.032258 0.023819 0.032258 340 384
30 62.310000 60.320000 1000000 8.789418 11.627918 8.772472 11.932582 0.023825 0.032258 0.045620 0.032258 0.032258 0.023819 0.032258 380 572
30 62.310000 60.320000 1000000 8.534066 10.750860 8.519055 11.710442 0.023743 0.032258 0.077423 0.070382 0.032258 0.023722 0.032258 490 596
30 62.310000 60.320000 1000000 8.247215 10.543334 8.257743 11.427942 0.023712 0.032258 0.170240 0.167156 0.032258 0.023710 0.032258 590 703
30 62.310000 60.320000 1000000 8.166052 10.534015 8.152740 11.329702 0.023714 0.032258 0.153000 0.149560 0.032258 0.023711 0.032258 670 738
30 62.310000 60.320000 1000000 8.161048 10.533298 8.147712 11.323837 0.023717 0.032258 0.153000 0.149560 0.032258 0.023714 0.032258 730 886
30 62.310000 60.320000 1000000 8.130117 10.527564 8.117414 11.295489 0.023714 0.032258 0.164489 0.161295 0.032258 0.023704 0.032258 820 971
30 62.310000 60.320000 1000000 8.101942 10.467707 8.105285 11.284981 0.023700 0.032258 0.167366 0.164228 0.032258 0.023697 0.032258 970 1120
30 62.310000 60.320000 1000000 8.014653 10.451220 8.006189 11.125889 0.023741 0.032258 0.213595 0.211145 0.032258 0.023744 0.032258 1120 1234
30 62.310000 60.320000 1000000 7.927619 10.439750 7.918873 11.032048 0.023741 0.032258 0.161610 0.158358 0.032258 0.023745 0.032258 1230 1421
30 62.310000 60.320000 1000000 7.908930 10.436883 7.900122 11.008587 0.023733 0.032258 0.178885 0.175953 0.032258 0.023737 0.032258 1420 1698
30 62.310000 60.320000 1000000 7.891272 10.434732 7.875730 10.984394 0.023729 0.032258 0.161610 0.158358 0.032258 0.023732 0.032258 1440 1634
30 62.310000 60.320000 1000000 7.879975 10.433298 7.860091 10.968265 0.023725 0.032258 0.161608 0.158356 0.032258 0.023726 0.032258 1570 1698
30 62.310000 60.320000 1000000 7.875580 10.432582 7.855663 10.962400 0.023723 0.032258 0.161608 0.158356 0.032258 0.023725 0.032258 1690 2176
30 62.310000 60.320000 1000000 7.744982 10.233299 7.718576 10.668168 0.023730 0.032258 0.178886 0.175953 0.032258 0.023746 0.032258 2110 3078
30 62.310000 60.320000 1000000 7.560670 10.020038 7.554951 10.444560 0.023793 0.032258 0.181774 0.178889 0.032258 0.023783 0.032258 3070 3332
30 62.310000 60.320000 1000000 7.511033 9.997816 7.516223 10.199694 0.023800 0.032258 0.118837 0.114375 0.032258 0.023798 0.032258 3330 3366
30 62.310000 60.320000 1000000 7.489970 9.994948 7.502936 10.183076 0.023799 0.032258 0.118836 0.114374 0.032258 0.023798 0.032258 3360 3950
30 62.310000 60.320000 1000000 7.436302 9.984913 7.449550 10.100965 0.023830 0.032258 0.045623 0.032262 0.032258 0.023828 0.032258 3430 3912
30 62.310000 60.320000 1000000 7.420399 9.982762 7.429042 10.078971 0.023830 0.032258 0.041682 0.026397 0.032258 0.023828 0.032258 3910 3950
30 62.310000 60.320000 1000000 7.417946 9.982045 7.425680 10.070906 0.023830 0.032258 0.041682 0.026397 0.032258 0.023829 0.032258 3950 4833
30 62.310000 60.320000 1000000 7.412368 9.981328 7.420119 10.065041 0.023831 0.032258 0.041682 0.026397 0.032258 0.023829 0.032258 4830 5128
30 62.310000 60.320000 1000000 7.398202 9.979178 7.405998 10.047445 0.023830 0.032258 0.049943 0.038128 0.032258 0.023828 0.032258 4970 6706
30 62.310000 60.320000 1000000 7.377716 9.976310 7.385577 10.023985 0.023830 0.032258 0.049942 0.038126 0.032258 0.023828 0.032258 6700 8282
30 62.310000 60.320000 1000000 7.347944 9.859465 7.343684 9.985373 0.023830 0.032258 0.045621 0.032260 0.032258 0.023827 0.032258 7360 9152
30 62.310000 60.320000 1000000 7.307989 9.854447 7.302543 9.942363 0.023829 0.032258 0.041681 0.026395 0.032258 0.023826 0.032258 9150 9421
30 62.310000 60.320000 1000000 7.305470 9.853730 7.299071 9.934298 0.023830 0.032258 0.041681 0.026395 0.032258 0.023827 0.032258 9420 10059
30 62.310000 60.320000 1000000 7.302112 9.853013 7.295704 9.928433 0.023830 0.032258 0.038237 0.020530 0.032258 0.023827 0.032258 10050 10617
30 62.310000 60.320000 1000000 7.276585 9.793157 7.263974 9.897397 0.023829 0.032258 0.047741 0.035194 0.032258 0.023826 0.032258 10610 10663
30 62.310000 60.320000 1000000 7.271118 9.792440 7.258478 9.891532 0.023829 0.032258 0.043598 0.029329 0.032258 0.023826 0.032258 10660 12321
30 62.310000 60.320000 1000000 7.266594 9.791723 7.253930 9.885667 0.023828 0.032258 0.047741 0.035194 0.032258 0.023825 0.032258 12320 12842
30 62.310000 60.320000 1000000 7.264916 9.791006 7.254211 9.886644 0.023828 0.032258 0.052215 0.041059 0.032258 0.023825 0.032258 12840 14796
30 62.310000 60.320000 1000000 7.257030 9.788139 7.244963 9.853897 0.023828 0.032258 0.047740 0.035193 0.032258 0.023825 0.032258 14790 15078
30 62.310000 60.320000 1000000 7.253670 9.787422 7.241585 9.848032 0.023829 0.032258 0.052211 0.041054 0.032258 0.023826 0.032258 15070 21373
30 62.310000 60.320000 1000000 7.214548 9.726849 7.228532 9.838502 0.023826 0.032258 0.054549 0.043988 0.032258 0.023825 0.032258 21370 22025
30 62.310000 60.320000 1000000 7.209157 9.726132 7.223173 9.832636 0.023825 0.032258 0.054548 0.043988 0.032258 0.023825 0.032258 22020 29547
30 62.310000 60.320000 1000000 7.169020 9.552297 7.162899 9.784250 0.023821 0.032258 0.047739 0.035191 0.032258 0.023818 0.032258 29540 33038
30 62.310000 60.320000 1000000 7.127382 9.545129 7.121154 9.725598 0.023825 0.032258 0.052215 0.041059 0.032258 0.023822 0.032258 33030 40055
30 62.310000 60.320000 1000000 7.120520 9.544412 7.122299 9.726576 0.023824 0.032258 0.052215 0.041059 0.032258 0.023822 0.032258 40050 51750
30 62.310000 60.320000 1000000 7.082247 9.537244 7.084054 9.667925 0.023825 0.032258 0.066937 0.058651 0.032258 0.023822 0.032258 51750 53726
30 62.310000 60.320000 1000000 7.079531 9.536527 7.080322 9.659860 0.023826 0.032258 0.061863 0.052786 0.032258 0.023824 0.032258 53720 56757
30 62.310000 60.320000 1000000 7.076506 9.535810 7.077298 9.653995 0.023825 0.032258 0.066937 0.058651 0.032258 0.023823 0.032258 56750 61179
30 62.310000 60.320000 1000000 7.070126 9.535093 7.068523 9.645931 0.023826 0.032258 0.061863 0.052786 0.032258 0.023824 0.032258 61170 64733
30 62.310000 60.320000 1000000 7.057696 9.533659 7.051404 9.629802 0.023825 0.032258 0.061861 0.052784 0.032258 0.023823 0.032258 61510 65126
30 62.310000 60.320000 1000000 7.053727 9.532943 7.047424 9.623937 0.023825 0.032258 0.056939 0.046919 0.032258 0.023823 0.032258 65120 87889
30 62.310000 60.320000 1000000 7.029082 9.529358 7.020283 9.597055 0.023823 0.032258 0.061861 0.052784 0.032258 0.023820 0.032258 87880 96170
30 62.310000 60.320000 1000000 7.012741 9.526491 7.002848 9.571395 0.023822 0.032258 0.066936 0.058651 0.032258 0.023819 0.032258 96170 113670
30 62.310000 60.320000 1000000 7.007439 9.525774 6.997523 9.565530 0.023821 0.032258 0.061862 0.052786 0.032258 0.023819 0.032258 113670 146868
30 62.310000 60.320000 1000000 6.963849 9.517172 6.969881 9.495883 0.023824 0.032258 0.066938 0.058652 0.032258 0.023824 0.032258 130110 198920
30 62.310000 60.320000 1000000 6.882854 9.168786 6.851652 9.397643 0.023820 0.032258 0.072131 0.064516 0.032258 0.023820 0.032258 198920 226896
30 62.310000 60.320000 1000000 6.876594 9.168069 6.842921 9.389578 0.023820 0.032258 0.072129 0.064513 0.032258 0.023820 0.032258 226890 258354
30 62.310000 60.320000 1000000 6.838826 9.157316 6.824961 9.374671 0.023827 0.032258 0.072131 0.064516 0.032258 0.023821 0.032258 258350 305322
30 62.310000 60.320000 1000000 6.831670 9.156600 6.826159 9.375649 0.023827 0.032258 0.066937 0.058651 0.032258 0.023821 0.032258 305320 370363
30 62.310000 60.320000 1000000 6.827639 9.155883 6.822118 9.369784 0.023828 0.032258 0.061864 0.052788 0.032258 0.023822 0.032258 370360 411526
30 62.310000 60.320000 1000000 6.799615 9.151223 6.793244 9.327017 0.023825 0.032258 0.080097 0.073314 0.032258 0.023819 0.032258 411520 715689
30 62.310000 60.320000 1000000 6.743032 8.918249 6.719272 9.258103 0.023817 0.032258 0.080101 0.073318 0.032258 0.023808 0.032258 715680 798910
30 62.310000 60.320000 1000000 6.735873 8.917532 6.720476 9.259080 0.023818 0.032258 0.080101 0.073318 0.032258 0.023808 0.032258 798910 895820
30 62.310000 60.320000 1000000 6.719038 8.915382 6.698703 9.237086 0.023818 0.032258 0.080098 0.073315 0.032258 0.023810 0.032258 895820 1000000
30 62.310000 60.320000 1000000 6.719038 8.915382 6.698703 9.237086 0.023818 0.032258 0.080098 0.073315 0.032258 0.023810 0.032258 999990 1000000
