45 62.310000 60.320000 1000000 9.318900 12.722936 9.358293 12.599995 0.023830 0.032258 0.056947 0.046929 0.032258 0.023829 0.032258 0 50
45 62.310000 60.320000 1000000 9.163509 12.365233 9.156933 12.416712 0.023830 0.032258 0.077426 0.070386 0.032258 0.023827 0.032258 50 69
45 62.310000 60.320000 1000000 9.138601 12.361649 9.131971 12.387387 0.023833 0.032258 0.052216 0.041060 0.032258 0.023830 0.032258 60 70
45 62.310000 60.320000 1000000 9.072283 12.352689 9.040009 12.285236 0.023822 0.032258 0.085498 0.079179 0.032258 0.023817 0.032258 70 82
45 62.310000 60.320000 1000000 9.007400 12.118282 8.948102 12.199948 0.023821 0.032258 0.124484 0.120232 0.032258 0.023819 0.032258 80 94
45 62.310000 60.320000 1000000 8.981447 12.101078 8.932232 12.074337 0.023820 0.032258 0.147266 0.143690 0.032258 0.023819 0.032258 90 105
45 62.310000 60.320000 1000000 8.941445 12.092476 8.891559 12.003956 0.023819 0.032258 0.170236 0.167152 0.032258 0.023820 0.032258 100 113
45 62.310000 60.320000 1000000 8.773156 11.731899 8.681949 11.806008 0.023814 0.032258 0.153000 0.149560 0.032258 0.023826 0.032258 110 141
45 62.310000 60.320000 1000000 8.660803 11.667741 8.626641 11.094376 0.023779 0.032258 0.248438 0.246334 0.032258 0.023749 0.032258 140 151
45 62.310000 60.320000 1000000 8.208099 8.662005 7.910996 10.361238 0.023316 0.032258 0.405974 0.404690 0.032258 0.023080 0.032258 150 215
45 62.310000 60.320000 1000000 7.783328 8.581001 7.459830 9.705813 0.023070 0.032258 0.903803 0.903227 0.032258 0.022915 0.032258 190 251
45 62.310000 60.320000 1000000 7.587000 8.509317 7.280482 9.315293 0.023006 0.032258 0.628396 0.627567 0.032258 0.022912 0.032258 200 278
45 62.310000 60.320000 1000000 7.222242 8.461288 6.888998 8.932107 0.023019 0.032258 0.622533 0.621697 0.032258 0.023063 0.032258 270 330
45 62.310000 60.320000 1000000 6.496853 8.341217 6.469165 8.623944 0.023341 0.032258 0.362142 0.360702 0.032258 0.023321 0.032258 330 368
45 62.310000 60.320000 1000000 6.460750 8.281361 6.427300 8.592908 0.023394 0.032258 0.347540 0.346039 0.032258 0.023372 0.032258 360 598
45 62.310000 60.320000 1000000 6.454504 8.278494 6.428356 8.596818 0.023392 0.032258 0.324188 0.322579 0.032258 0.023372 0.032258 410 508
45 62.310000 60.320000 1000000 6.191305 8.246953 6.171092 8.372967 0.023819 0.032258 0.099234 0.093845 0.032258 0.023816 0.032258 450 540
45 62.310000 60.320000 1000000 6.169379 8.243368 6.148949 8.343642 0.023828 0.032258 0.072134 0.064519 0.032258 0.023826 0.032258 480 598
45 62.310000 60.320000 1000000 6.148813 8.239426 6.142898 8.316027 0.023829 0.032258 0.059382 0.049856 0.032258 0.023826 0.032258 590 626
45 62.310000 60.320000 1000000 6.143400 8.238709 6.137470 8.310162 0.023829 0.032258 0.059384 0.049859 0.032258 0.023825 0.032258 620 676
45 62.310000 60.320000 1000000 6.124465 8.235842 6.115965 8.284502 0.023832 0.032258 0.041683 0.026398 0.032258 0.023829 0.032258 670 1541
45 62.310000 60.320000 1000000 6.097235 8.232974 6.100449 8.270328 0.023834 0.032258 0.035437 0.014668 0.032258 0.023831 0.032258 820 1682
45 62.310000 60.320000 1000000 6.091812 8.232257 6.095035 8.264463 0.023833 0.032258 0.038239 0.020533 0.032258 0.023831 0.032258 1680 2466
45 62.310000 60.320000 1000000 6.076697 8.228673 6.078152 8.230739 0.023833 0.032258 0.038239 0.020533 0.032258 0.023831 0.032258 2460 2543
45 62.310000 60.320000 1000000 6.065064 8.170967 6.060364 8.217298 0.023833 0.032258 0.039890 0.023465 0.032258 0.023830 0.032258 2540 2824
45 62.310000 60.320000 1000000 6.060330 8.170251 6.055619 8.211433 0.023833 0.032258 0.039890 0.023465 0.032258 0.023830 0.032258 2820 3563
45 62.310000 60.320000 1000000 6.057913 8.168100 6.051918 8.184551 0.023833 0.032258 0.039888 0.023462 0.032258 0.023830 0.032258 3150 3922
45 62.310000 60.320000 1000000 6.051463 8.167383 6.043016 8.176487 0.023834 0.032258 0.036747 0.017599 0.032258 0.023831 0.032258 3920 4167
45 62.310000 60.320000 1000000 6.050292 8.166308 6.041220 8.163046 0.023834 0.032258 0.038238 0.020531 0.032258 0.023831 0.032258 4160 5655
45 62.310000 60.320000 1000000 6.048693 8.165591 6.041487 8.164023 0.023834 0.032258 0.035436 0.014666 0.032258 0.023831 0.032258 5650 6823
45 62.310000 60.320000 1000000 6.044708 8.164874 6.037488 8.158158 0.023834 0.032258 0.033437 0.008801 0.032258 0.023831 0.032258 6820 9474
45 62.310000 60.320000 1000000 6.038366 8.164157 6.028731 8.150094 0.023834 0.032258 0.033437 0.008801 0.032258 0.023832 0.032258 9470 11962
45 62.310000 60.320000 1000000 6.034454 8.163441 6.024800 8.144228 0.023834 0.032258 0.035435 0.014664 0.032258 0.023831 0.032258 11960 17303
45 62.310000 60.320000 1000000 6.028992 8.162724 6.019312 8.138363 0.023834 0.032258 0.038236 0.020529 0.032258 0.023831 0.032258 17300 22337
45 62.310000 60.320000 1000000 6.026627 8.162007 6.016044 8.130299 0.023833 0.032258 0.041680 0.026394 0.032258 0.023831 0.032258 22330 39645
45 62.310000 60.320000 1000000 6.021915 8.161290 6.011307 8.124434 0.023833 0.032258 0.038237 0.020529 0.032258 0.023831 0.032258 39640 50377
45 62.310000 60.320000 1000000 6.015651 8.160573 6.002643 8.116369 0.023833 0.032258 0.038237 0.020529 0.032258 0.023831 0.032258 50370 112989
45 62.310000 60.320000 1000000 6.014063 8.159856 6.002909 8.117347 0.023833 0.032258 0.035437 0.014668 0.032258 0.023831 0.032258 112980 114932
45 62.310000 60.320000 1000000 6.012511 8.159140 6.003169 8.118324 0.023833 0.032258 0.038239 0.020533 0.032258 0.023831 0.032258 114930 139186
45 62.310000 60.320000 1000000 6.010183 8.158423 5.999953 8.110260 0.023833 0.032258 0.038239 0.020533 0.032258 0.023831 0.032258 139180 170531
45 62.310000 60.320000 1000000 5.999519 8.156272 5.985200 8.086067 0.023831 0.032258 0.049943 0.038127 0.032258 0.023829 0.032258 170530 171302
45 62.310000 60.320000 1000000 5.994856 8.155555 5.980503 8.080201 0.023831 0.032258 0.054549 0.043989 0.032258 0.023829 0.032258 171300 189382
45 62.310000 60.320000 1000000 5.991653 8.154838 5.977276 8.074336 0.023831 0.032258 0.049942 0.038126 0.032258 0.023829 0.032258 189380 319679
45 62.310000 60.320000 1000000 5.982013 8.151971 5.974918 8.048432 0.023832 0.032258 0.045619 0.032257 0.032258 0.023829 0.032258 319670 325293
45 62.310000 60.320000 1000000 5.980886 8.150896 5.973189 8.034991 0.023831 0.032258 0.047738 0.035189 0.032258 0.023828 0.032258 325290 345740
45 62.310000 60.320000 1000000 5.979345 8.150179 5.973447 8.035969 0.023831 0.032258 0.043595 0.029324 0.032258 0.023828 0.032258 345740 351900
45 62.310000 60.320000 1000000 5.972170 8.149462 5.974644 8.036946 0.023832 0.032258 0.043594 0.029324 0.032258 0.023828 0.032258 351900 376844
45 62.310000 60.320000 1000000 5.958253 8.146595 5.960744 8.013486 0.023830 0.032258 0.047737 0.035189 0.032258 0.023827 0.032258 376840 425048
45 62.310000 60.320000 1000000 5.953798 8.144444 5.961485 8.016418 0.023829 0.032258 0.052215 0.041058 0.032258 0.023827 0.032258 378260 452304
45 62.310000 60.320000 1000000 5.949813 8.143727 5.957516 8.010553 0.023829 0.032258 0.047740 0.035193 0.032258 0.023827 0.032258 452300 591842
45 62.310000 60.320000 1000000 5.885828 7.966307 5.868005 7.926243 0.023830 0.032258 0.049944 0.038129 0.032258 0.023830 0.032258 562650 599493
45 62.310000 60.320000 1000000 5.874196 7.908601 5.850042 7.912802 0.023830 0.032258 0.052217 0.041062 0.032258 0.023830 0.032258 599490 866537
45 62.310000 60.320000 1000000 5.859296 7.906450 5.834955 7.895206 0.023830 0.032258 0.056944 0.046926 0.032258 0.023831 0.032258 866530 1000000
45 62.310000 60.320000 1000000 5.837405 7.904300 5.838626 7.898139 0.023833 0.032258 0.043599 0.029330 0.032258 0.023830 0.032258 901450 914938
45 62.310000 60.320000 1000000 5.796019 7.730463 5.787265 7.858794 0.023829 0.032258 0.049942 0.038126 0.032258 0.023825 0.032258 914930 1000000
45 62.310000 60.320000 1000000 5.793628 7.728312 5.783594 7.831912 0.023829 0.032258 0.045622 0.032261 0.032258 0.023825 0.032258 999990 1000000
