48 62.310000 60.320000 1000000 9.262523 12.662722 9.293983 12.568959 0.023831 0.032258 0.066937 0.058651 0.032258 0.023829 0.032258 0 50
48 62.310000 60.320000 1000000 8.960392 12.062009 8.982804 12.282792 0.023815 0.032258 0.127322 0.123168 0.032258 0.023817 0.032258 50 62
48 62.310000 60.320000 1000000 8.857473 12.041221 8.895733 12.112216 0.023822 0.032258 0.082789 0.076246 0.032258 0.023825 0.032258 60 72
48 62.310000 60.320000 1000000 8.814050 11.865592 8.835815 12.053565 0.023822 0.032258 0.072134 0.064519 0.032258 0.023823 0.032258 70 81
48 62.310000 60.320000 1000000 8.783768 11.859857 8.805759 12.006644 0.023820 0.032258 0.093706 0.087978 0.032258 0.023820 0.032258 80 92
48 62.310000 60.320000 1000000 8.749711 11.853405 8.769044 11.947260 0.023820 0.032258 0.104795 0.099706 0.032258 0.023820 0.032258 90 119
48 62.310000 60.320000 1000000 8.639347 11.819713 8.672372 11.698482 0.023826 0.032258 0.088226 0.082118 0.032258 0.023823 0.032258 100 114
48 62.310000 60.320000 1000000 8.613432 11.758064 8.639783 11.648140 0.023827 0.032258 0.082796 0.076254 0.032258 0.023823 0.032258 110 155
48 62.310000 60.320000 1000000 8.565662 11.581360 8.569018 11.567493 0.023829 0.032258 0.054553 0.043993 0.032258 0.023825 0.032258 130 176
48 62.310000 60.320000 1000000 8.371946 11.276339 8.376321 11.395694 0.023830 0.032258 0.047743 0.035197 0.032258 0.023827 0.032258 170 254
48 62.310000 60.320000 1000000 8.287234 11.129384 8.332244 11.393739 0.023785 0.032258 0.277546 0.275665 0.032258 0.023832 0.032258 220 318
48 62.310000 60.320000 1000000 8.228307 10.897124 8.267264 11.341930 0.023778 0.032258 0.289200 0.287395 0.032258 0.023820 0.032258 230 259
48 62.310000 60.320000 1000000 7.914906 9.103936 7.859340 10.931129 0.023519 0.032258 0.379677 0.378304 0.032258 0.023427 0.032258 240 321
48 62.310000 60.320000 1000000 7.497712 9.019349 7.578571 10.297697 0.023327 0.032258 0.648898 0.648095 0.032258 0.023304 0.032258 260 381
48 62.310000 60.320000 1000000 7.183211 8.935478 7.248448 9.437726 0.023416 0.032258 0.292108 0.290322 0.032258 0.023407 0.032258 290 309
48 62.310000 60.320000 1000000 7.046695 8.922574 7.066530 9.294764 0.023484 0.032258 0.292108 0.290322 0.032258 0.023485 0.032258 300 381
48 62.310000 60.320000 1000000 6.902157 8.907521 6.893054 9.143004 0.023545 0.032258 0.262984 0.260998 0.032258 0.023536 0.032258 340 710
48 62.310000 60.320000 1000000 6.702262 8.882431 6.698710 8.965096 0.023669 0.032258 0.210698 0.208214 0.032258 0.023666 0.032258 410 495
48 62.310000 60.320000 1000000 6.405380 8.509674 6.351376 8.656446 0.023816 0.032258 0.107593 0.102643 0.032258 0.023819 0.032258 470 710
48 62.310000 60.320000 1000000 6.304395 8.383152 6.311705 8.586310 0.023819 0.032258 0.061864 0.052788 0.032258 0.023817 0.032258 550 788
48 62.310000 60.320000 1000000 6.291966 8.381719 6.294656 8.570181 0.023818 0.032258 0.061864 0.052788 0.032258 0.023816 0.032258 600 846
48 62.310000 60.320000 1000000 6.218159 8.369532 6.221445 8.468030 0.023832 0.032258 0.043597 0.029328 0.032258 0.023829 0.032258 840 872
48 62.310000 60.320000 1000000 6.204761 8.367382 6.216065 8.457278 0.023831 0.032258 0.047740 0.035192 0.032258 0.023829 0.032258 870 1031
48 62.310000 60.320000 1000000 6.203484 8.366306 6.214123 8.443837 0.023832 0.032258 0.045621 0.032260 0.032258 0.023830 0.032258 1030 1206
48 62.310000 60.320000 1000000 6.202234 8.365231 6.212224 8.430396 0.023832 0.032258 0.043597 0.029327 0.032258 0.023830 0.032258 1200 1226
48 62.310000 60.320000 1000000 6.196709 8.364514 6.206725 8.424531 0.023832 0.032258 0.043599 0.029330 0.032258 0.023830 0.032258 1220 1431
48 62.310000 60.320000 1000000 6.182133 8.362364 6.189850 8.404736 0.023833 0.032258 0.034326 0.011735 0.032258 0.023831 0.032258 1430 1743
48 62.310000 60.320000 1000000 6.165763 8.303224 6.165615 8.375166 0.023833 0.032258 0.038239 0.020533 0.032258 0.023830 0.032258 1740 1760
48 62.310000 60.320000 1000000 6.159501 8.302508 6.156999 8.367102 0.023833 0.032258 0.038239 0.020534 0.032258 0.023830 0.032258 1760 2262
48 62.310000 60.320000 1000000 6.155840 8.299282 6.151397 8.326779 0.023833 0.032258 0.039888 0.023462 0.032258 0.023830 0.032258 2000 2345
48 62.310000 60.320000 1000000 6.151786 8.298565 6.147333 8.320914 0.023833 0.032258 0.039887 0.023460 0.032258 0.023831 0.032258 2340 2458
48 62.310000 60.320000 1000000 6.150154 8.297848 6.147605 8.321892 0.023833 0.032258 0.036745 0.017595 0.032258 0.023831 0.032258 2450 3148
48 62.310000 60.320000 1000000 6.134261 8.294981 6.131692 8.298432 0.023834 0.032258 0.039887 0.023460 0.032258 0.023831 0.032258 2790 4030
48 62.310000 60.320000 1000000 6.128681 8.294264 6.126105 8.292566 0.023834 0.032258 0.036745 0.017596 0.032258 0.023831 0.032258 4030 5403
48 62.310000 60.320000 1000000 6.123130 8.292113 6.123388 8.286457 0.023834 0.032258 0.036747 0.017600 0.032258 0.023831 0.032258 5400 8967
48 62.310000 60.320000 1000000 6.116883 8.291397 6.114795 8.278392 0.023834 0.032258 0.039889 0.023464 0.032258 0.023831 0.032258 8960 11960
48 62.310000 60.320000 1000000 6.105719 8.289246 6.103619 8.260797 0.023834 0.032258 0.034326 0.011733 0.032258 0.023831 0.032258 11960 12847
48 62.310000 60.320000 1000000 6.100190 8.288529 6.098085 8.254932 0.023834 0.032258 0.032788 0.005872 0.032258 0.023831 0.032258 12840 19925
48 62.310000 60.320000 1000000 6.088417 8.230824 6.080051 8.241491 0.023834 0.032258 0.033438 0.008805 0.032258 0.023832 0.032258 19920 41287
48 62.310000 60.320000 1000000 6.086848 8.230107 6.080313 8.242469 0.023834 0.032258 0.035437 0.014670 0.032258 0.023832 0.032258 41280 50119
48 62.310000 60.320000 1000000 6.085642 8.229031 6.078464 8.229028 0.023834 0.032258 0.034327 0.011737 0.032258 0.023832 0.032258 50110 116331
48 62.310000 60.320000 1000000 6.073834 8.226881 6.073231 8.213876 0.023834 0.032258 0.034327 0.011737 0.032258 0.023831 0.032258 116330 287944
48 62.310000 60.320000 1000000 6.052803 8.167742 6.045987 8.188706 0.023833 0.032258 0.041682 0.026397 0.032258 0.023830 0.032258 287940 311192
48 62.310000 60.320000 1000000 6.046487 8.167025 6.037267 8.180641 0.023833 0.032258 0.045622 0.032261 0.032258 0.023831 0.032258 311190 443626
48 62.310000 60.320000 1000000 6.042497 8.166308 6.033259 8.174776 0.023833 0.032258 0.045621 0.032259 0.032258 0.023831 0.032258 443620 620487
48 62.310000 60.320000 1000000 6.015676 8.160215 6.028159 8.129322 0.023832 0.032258 0.056935 0.046915 0.032258 0.023830 0.032258 620480 691503
48 62.310000 60.320000 1000000 6.013407 8.159498 6.025058 8.121257 0.023832 0.032258 0.061857 0.052780 0.032258 0.023830 0.032258 691500 781481
48 62.310000 60.320000 1000000 6.012270 8.158423 6.023330 8.107816 0.023831 0.032258 0.064378 0.055713 0.032258 0.023829 0.032258 781480 850728
48 62.310000 60.320000 1000000 5.999655 8.154122 6.009626 8.063339 0.023831 0.032258 0.059376 0.049849 0.032258 0.023828 0.032258 850720 898881
48 62.310000 60.320000 1000000 5.967635 8.149821 5.977767 8.028149 0.023829 0.032258 0.069521 0.061584 0.032258 0.023826 0.032258 898880 923671
48 62.310000 60.320000 1000000 5.961198 8.149104 5.968956 8.020084 0.023830 0.032258 0.064383 0.055719 0.032258 0.023827 0.032258 923670 1000000
48 62.310000 60.320000 1000000 5.957971 8.147670 5.969491 8.022039 0.023830 0.032258 0.054549 0.043989 0.032258 0.023827 0.032258 999990 1000000
