32 62.310000 60.320000 1000000 8.788419 12.065594 8.784464 11.814073 0.023825 0.032258 0.043599 0.029330 0.032258 0.023823 0.032258 0 50
32 62.310000 60.320000 1000000 8.623383 11.934410 8.685497 11.727318 0.023821 0.032258 0.066940 0.058654 0.032258 0.023821 0.032258 50 65
32 62.310000 60.320000 1000000 8.593168 11.927958 8.654688 11.665246 0.023819 0.032258 0.066940 0.058654 0.032258 0.023818 0.032258 60 91
32 62.310000 60.320000 1000000 8.545362 11.921507 8.626874 11.628589 0.023807 0.032258 0.093707 0.087979 0.032258 0.023810 0.032258 90 109
32 62.310000 60.320000 1000000 8.535736 11.919356 8.615764 11.606595 0.023808 0.032258 0.104797 0.099709 0.032258 0.023810 0.032258 100 111
32 62.310000 60.320000 1000000 8.534116 11.918639 8.616027 11.607572 0.023808 0.032258 0.099237 0.093847 0.032258 0.023810 0.032258 110 125
32 62.310000 60.320000 1000000 8.519627 11.915772 8.601088 11.581913 0.023808 0.032258 0.104799 0.099710 0.032258 0.023809 0.032258 120 133
32 62.310000 60.320000 1000000 8.515703 11.915055 8.597275 11.576047 0.023808 0.032258 0.110394 0.105575 0.032258 0.023808 0.032258 130 160
32 62.310000 60.320000 1000000 8.283147 11.288884 8.269745 10.910357 0.023702 0.032258 0.420597 0.419358 0.032258 0.023652 0.032258 160 214
32 62.310000 60.320000 1000000 7.131130 8.726161 6.774683 9.197016 0.022843 0.032258 0.830539 0.829912 0.032258 0.022897 0.032258 170 355
32 62.310000 60.320000 1000000 6.237865 7.563077 5.485007 7.530103 0.022734 0.032258 0.370909 0.369503 0.032258 0.024152 0.032258 220 292
32 62.310000 60.320000 1000000 5.630566 7.523292 5.602929 7.539634 0.023787 0.032258 0.090959 0.085046 0.032258 0.023785 0.032258 290 355
32 62.310000 60.320000 1000000 5.482318 7.503579 5.460333 7.367593 0.023819 0.032258 0.056941 0.046922 0.032258 0.023822 0.032258 350 488
32 62.310000 60.320000 1000000 5.414819 7.494619 5.450068 7.346821 0.023824 0.032258 0.054553 0.043993 0.032258 0.023821 0.032258 480 504
32 62.310000 60.320000 1000000 5.411766 7.493902 5.447073 7.340956 0.023823 0.032258 0.059384 0.049858 0.032258 0.023821 0.032258 500 629
32 62.310000 60.320000 1000000 5.395507 7.491751 5.426573 7.318962 0.023822 0.032258 0.045624 0.032263 0.032258 0.023817 0.032258 620 656
32 62.310000 60.320000 1000000 5.382833 7.434045 5.407507 7.305521 0.023826 0.032258 0.043599 0.029331 0.032258 0.023822 0.032258 650 703
32 62.310000 60.320000 1000000 5.374425 7.430819 5.395913 7.267886 0.023826 0.032258 0.041680 0.026394 0.032258 0.023822 0.032258 700 1328
32 62.310000 60.320000 1000000 5.318601 7.197841 5.318639 7.210212 0.023834 0.032258 0.032392 0.002939 0.032258 0.023832 0.032258 1320 1678
32 62.310000 60.320000 1000000 5.313913 7.197125 5.313950 7.204347 0.023834 0.032258 0.033438 0.008802 0.032258 0.023831 0.032258 1670 1862
32 62.310000 60.320000 1000000 5.302188 7.195691 5.299875 7.190418 0.023834 0.032258 0.033438 0.008804 0.032258 0.023831 0.032258 1860 3007
32 62.310000 60.320000 1000000 5.298236 7.194974 5.295918 7.184553 0.023833 0.032258 0.033438 0.008802 0.032258 0.023831 0.032258 3000 3197
32 62.310000 60.320000 1000000 5.286510 7.137267 5.277948 7.171112 0.023834 0.032258 0.034326 0.011735 0.032258 0.023831 0.032258 3190 4120
32 62.310000 60.320000 1000000 5.284075 7.135117 5.274207 7.144230 0.023834 0.032258 0.034325 0.011731 0.032258 0.023831 0.032258 4090 5234
32 62.310000 60.320000 1000000 5.281673 7.134400 5.270885 7.136166 0.023834 0.032258 0.036745 0.017595 0.032258 0.023832 0.032258 5230 7957
32 62.310000 60.320000 1000000 5.280068 7.133683 5.271154 7.137143 0.023834 0.032258 0.034326 0.011735 0.032258 0.023832 0.032258 7950 10842
32 62.310000 60.320000 1000000 5.272941 7.132966 5.272345 7.138121 0.023834 0.032258 0.032788 0.005869 0.032258 0.023831 0.032258 10840 73448
32 62.310000 60.320000 1000000 5.266730 7.132249 5.263797 7.130056 0.023834 0.032258 0.034326 0.011733 0.032258 0.023831 0.032258 73440 92662
32 62.310000 60.320000 1000000 5.265548 7.131174 5.261988 7.116615 0.023834 0.032258 0.035434 0.014661 0.032258 0.023831 0.032258 92660 96771
32 62.310000 60.320000 1000000 5.263186 7.130457 5.258732 7.108551 0.023834 0.032258 0.038235 0.020525 0.032258 0.023831 0.032258 96770 112904
32 62.310000 60.320000 1000000 5.252129 7.127590 5.249503 7.091933 0.023833 0.032258 0.035436 0.014667 0.032258 0.023831 0.032258 112900 123937
32 62.310000 60.320000 1000000 5.245081 7.126873 5.250676 7.092911 0.023833 0.032258 0.035436 0.014666 0.032258 0.023831 0.032258 123930 140104
32 62.310000 60.320000 1000000 5.242756 7.126156 5.247488 7.084846 0.023833 0.032258 0.035436 0.014666 0.032258 0.023830 0.032258 140100 179191
32 62.310000 60.320000 1000000 5.237992 7.125439 5.242737 7.078981 0.023833 0.032258 0.038237 0.020530 0.032258 0.023830 0.032258 179190 193824
32 62.310000 60.320000 1000000 5.233344 7.124723 5.238102 7.073116 0.023833 0.032258 0.041681 0.026395 0.032258 0.023830 0.032258 193820 193990
32 62.310000 60.320000 1000000 5.227769 7.124006 5.232543 7.067251 0.023833 0.032258 0.038238 0.020532 0.032258 0.023830 0.032258 193990 200754
32 62.310000 60.320000 1000000 5.223757 7.123289 5.228541 7.061386 0.023833 0.032258 0.035436 0.014666 0.032258 0.023830 0.032258 200750 205543
32 62.310000 60.320000 1000000 5.211848 7.065582 5.210365 7.047945 0.023834 0.032258 0.034326 0.011734 0.032258 0.023831 0.032258 205540 240273
32 62.310000 60.320000 1000000 5.208778 7.064865 5.207291 7.042080 0.023833 0.032258 0.036747 0.017599 0.032258 0.023831 0.032258 240270 250703
32 62.310000 60.320000 1000000 5.201748 7.064148 5.208461 7.043057 0.023833 0.032258 0.039889 0.023464 0.032258 0.023831 0.032258 250700 331213
32 62.310000 60.320000 1000000 5.193861 7.061281 5.199362 7.010310 0.023833 0.032258 0.043596 0.029326 0.032258 0.023830 0.032258 331210 423385
32 62.310000 60.320000 1000000 5.176694 7.059131 5.177542 6.988317 0.023832 0.032258 0.047736 0.035188 0.032258 0.023829 0.032258 423380 730221
32 62.310000 60.320000 1000000 5.142821 6.941567 5.143146 6.964367 0.023833 0.032258 0.039889 0.023463 0.032258 0.023830 0.032258 730220 1000000
32 62.310000 60.320000 1000000 5.142821 6.941567 5.143146 6.964367 0.023833 0.032258 0.039889 0.023463 0.032258 0.023830 0.032258 999990 1000000
