31 62.310000 60.320000 1000000 10.022232 15.647978 10.407777 13.127839 0.023277 0.032258 0.210696 0.208212 0.032258 0.023239 0.032258 0 50
31 62.310000 60.320000 1000000 9.115206 12.411429 9.118076 12.334098 0.023833 0.032258 0.035436 0.014666 0.032258 0.023830 0.032258 50 66
31 62.310000 60.320000 1000000 9.103312 12.353723 9.099902 12.320657 0.023834 0.032258 0.034326 0.011735 0.032258 0.023831 0.032258 60 72
31 62.310000 60.320000 1000000 9.091541 12.352289 9.096394 12.315769 0.023834 0.032258 0.034327 0.011735 0.032258 0.023831 0.032258 70 80
31 62.310000 60.320000 1000000 9.065582 12.291716 9.069744 12.279113 0.023834 0.032258 0.041680 0.026393 0.032258 0.023831 0.032258 80 95
31 62.310000 60.320000 1000000 9.046897 12.233293 9.053011 12.266649 0.023834 0.032258 0.043596 0.029326 0.032258 0.023831 0.032258 90 106
31 62.310000 60.320000 1000000 9.040023 12.232576 9.054153 12.267627 0.023833 0.032258 0.047739 0.035191 0.032258 0.023831 0.032258 100 111
31 62.310000 60.320000 1000000 9.025752 12.229709 9.039076 12.241967 0.023833 0.032258 0.047736 0.035187 0.032258 0.023831 0.032258 110 121
31 62.310000 60.320000 1000000 8.987867 12.225408 8.997700 12.202622 0.023831 0.032258 0.052210 0.041053 0.032258 0.023829 0.032258 120 147
31 62.310000 60.320000 1000000 8.981909 12.224691 8.989532 12.194557 0.023830 0.032258 0.056937 0.046918 0.032258 0.023828 0.032258 140 153
31 62.310000 60.320000 1000000 8.918787 12.104261 8.922019 12.133463 0.023829 0.032258 0.056935 0.046915 0.032258 0.023827 0.032258 150 181
31 62.310000 60.320000 1000000 8.871253 12.097093 8.872255 12.072613 0.023827 0.032258 0.061861 0.052785 0.032258 0.023825 0.032258 180 207
31 62.310000 60.320000 1000000 8.787398 11.859818 8.763099 11.966063 0.023826 0.032258 0.066936 0.058650 0.032258 0.023825 0.032258 200 222
31 62.310000 60.320000 1000000 8.779369 11.857667 8.759151 11.962153 0.023826 0.032258 0.066936 0.058650 0.032258 0.023824 0.032258 220 230
31 62.310000 60.320000 1000000 8.770312 11.856233 8.750032 11.950423 0.023825 0.032258 0.072130 0.064515 0.032258 0.023823 0.032258 230 240
31 62.310000 60.320000 1000000 8.766356 11.853007 8.743943 11.910100 0.023826 0.032258 0.069519 0.061581 0.032258 0.023825 0.032258 240 316
31 62.310000 60.320000 1000000 8.737519 11.846556 8.714882 11.857314 0.023827 0.032258 0.064381 0.055716 0.032258 0.023826 0.032258 250 263
31 62.310000 60.320000 1000000 8.734554 11.845839 8.711895 11.851449 0.023826 0.032258 0.069517 0.061580 0.032258 0.023826 0.032258 260 316
31 62.310000 60.320000 1000000 8.727275 11.845122 8.713116 11.852427 0.023827 0.032258 0.064379 0.055715 0.032258 0.023826 0.032258 310 403
31 62.310000 60.320000 1000000 8.657038 11.607130 8.608340 11.718017 0.023825 0.032258 0.080094 0.073310 0.032258 0.023826 0.032258 390 511
31 62.310000 60.320000 1000000 8.429408 11.112508 8.471050 11.476572 0.023805 0.032258 0.074767 0.067450 0.032258 0.023807 0.032258 500 750
31 62.310000 60.320000 1000000 8.219126 10.579535 8.180178 11.215576 0.023785 0.032258 0.082793 0.076250 0.032258 0.023769 0.032258 620 875
31 62.310000 60.320000 1000000 8.195597 10.575233 8.156309 11.180385 0.023791 0.032258 0.077425 0.070385 0.032258 0.023776 0.032258 660 864
31 62.310000 60.320000 1000000 8.010166 10.552294 8.008821 11.023250 0.023780 0.032258 0.061863 0.052786 0.032258 0.023780 0.032258 860 1162
31 62.310000 60.320000 1000000 7.925162 10.540108 7.923773 10.923544 0.023790 0.032258 0.066935 0.058649 0.032258 0.023790 0.032258 1160 1336
31 62.310000 60.320000 1000000 7.912372 10.537599 7.905943 10.893974 0.023787 0.032258 0.080092 0.073309 0.032258 0.023786 0.032258 1330 1454
31 62.310000 60.320000 1000000 7.909570 10.536882 7.902080 10.885910 0.023788 0.032258 0.080093 0.073310 0.032258 0.023788 0.032258 1450 1795
31 62.310000 60.320000 1000000 7.903033 10.534732 7.898909 10.879800 0.023791 0.032258 0.080094 0.073310 0.032258 0.023789 0.032258 1790 2107
31 62.310000 60.320000 1000000 7.869343 10.528280 7.863672 10.817728 0.023785 0.032258 0.080092 0.073308 0.032258 0.023784 0.032258 1900 2704
31 62.310000 60.320000 1000000 7.706146 10.425413 7.731618 10.483663 0.023801 0.032258 0.110393 0.105574 0.032258 0.023796 0.032258 2700 2806
31 62.310000 60.320000 1000000 7.655168 10.356954 7.660163 10.349253 0.023812 0.032258 0.107591 0.102642 0.032258 0.023809 0.032258 2800 3238
31 62.310000 60.320000 1000000 7.603636 10.347636 7.616866 10.279850 0.023832 0.032258 0.049942 0.038126 0.032258 0.023830 0.032258 3230 3727
31 62.310000 60.320000 1000000 7.592386 10.345485 7.605675 10.262254 0.023833 0.032258 0.045622 0.032261 0.032258 0.023830 0.032258 3720 3797
31 62.310000 60.320000 1000000 7.589159 10.344768 7.602465 10.256389 0.023833 0.032258 0.041681 0.026395 0.032258 0.023830 0.032258 3790 4362
31 62.310000 60.320000 1000000 7.566870 10.341901 7.577930 10.230729 0.023831 0.032258 0.045621 0.032260 0.032258 0.023828 0.032258 4360 6268
31 62.310000 60.320000 1000000 7.470315 10.049070 7.446786 10.124181 0.023829 0.032258 0.052214 0.041057 0.032258 0.023826 0.032258 6260 8466
31 62.310000 60.320000 1000000 7.427639 10.043335 7.428630 10.097788 0.023830 0.032258 0.047736 0.035187 0.032258 0.023827 0.032258 8460 9500
31 62.310000 60.320000 1000000 7.425976 10.042619 7.428907 10.098765 0.023830 0.032258 0.047737 0.035188 0.032258 0.023827 0.032258 9500 13172
31 62.310000 60.320000 1000000 7.359914 10.031507 7.378393 10.016898 0.023827 0.032258 0.064384 0.055720 0.032258 0.023825 0.032258 13170 17897
31 62.310000 60.320000 1000000 7.354420 10.030791 7.372939 10.011033 0.023827 0.032258 0.059381 0.049855 0.032258 0.023825 0.032258 17890 22296
31 62.310000 60.320000 1000000 7.342497 9.973085 7.354839 9.997592 0.023828 0.032258 0.056942 0.046923 0.032258 0.023826 0.032258 22290 27340
31 62.310000 60.320000 1000000 7.286289 9.963766 7.312490 9.932832 0.023825 0.032258 0.077421 0.070381 0.032258 0.023824 0.032258 27340 38838
31 62.310000 60.320000 1000000 7.259747 9.847637 7.272667 9.897885 0.023828 0.032258 0.066936 0.058650 0.032258 0.023827 0.032258 38830 42218
31 62.310000 60.320000 1000000 7.249289 9.845486 7.261284 9.878091 0.023828 0.032258 0.056938 0.046918 0.032258 0.023827 0.032258 42210 49048
31 62.310000 60.320000 1000000 7.216240 9.841185 7.215952 9.829704 0.023826 0.032258 0.066933 0.058647 0.032258 0.023823 0.032258 49040 57917
31 62.310000 60.320000 1000000 7.206794 9.839035 7.208588 9.818951 0.023825 0.032258 0.066936 0.058650 0.032258 0.023822 0.032258 57910 65075
31 62.310000 60.320000 1000000 7.183343 9.836167 7.208924 9.816019 0.023822 0.032258 0.066938 0.058652 0.032258 0.023822 0.032258 65070 75967
31 62.310000 60.320000 1000000 7.177771 9.835451 7.203412 9.810154 0.023822 0.032258 0.061863 0.052787 0.032258 0.023822 0.032258 75960 79515
31 62.310000 60.320000 1000000 7.173067 9.834734 7.198758 9.804288 0.023822 0.032258 0.061863 0.052787 0.032258 0.023822 0.032258 79510 84329
31 62.310000 60.320000 1000000 7.171290 9.834017 7.199051 9.805266 0.023823 0.032258 0.061865 0.052790 0.032258 0.023821 0.032258 84320 92847
31 62.310000 60.320000 1000000 7.150459 9.772727 7.170693 9.753213 0.023824 0.032258 0.069521 0.061584 0.032258 0.023823 0.032258 92840 99483
31 62.310000 60.320000 1000000 7.116788 9.712153 7.130950 9.716312 0.023823 0.032258 0.066936 0.058650 0.032258 0.023822 0.032258 99480 114655
31 62.310000 60.320000 1000000 7.087865 9.707852 7.095519 9.674524 0.023817 0.032258 0.088218 0.082108 0.032258 0.023814 0.032258 114650 152942
31 62.310000 60.320000 1000000 7.017272 9.582405 7.010815 9.550379 0.023824 0.032258 0.077416 0.070375 0.032258 0.023824 0.032258 152940 185297
31 62.310000 60.320000 1000000 7.004612 9.580254 6.998120 9.532784 0.023823 0.032258 0.066933 0.058646 0.032258 0.023824 0.032258 185290 210665
31 62.310000 60.320000 1000000 6.992597 9.522548 6.979687 9.519343 0.023824 0.032258 0.064379 0.055714 0.032258 0.023825 0.032258 210660 285124
31 62.310000 60.320000 1000000 6.944427 9.291008 6.908572 9.466557 0.023823 0.032258 0.064380 0.055716 0.032258 0.023824 0.032258 285120 297778
31 62.310000 60.320000 1000000 6.938966 9.290291 6.903026 9.460692 0.023823 0.032258 0.064379 0.055714 0.032258 0.023824 0.032258 297770 325092
31 62.310000 60.320000 1000000 6.931827 9.289574 6.904233 9.461670 0.023823 0.032258 0.059376 0.049849 0.032258 0.023824 0.032258 325090 332859
31 62.310000 60.320000 1000000 6.925699 9.288857 6.895701 9.453605 0.023823 0.032258 0.064379 0.055714 0.032258 0.023824 0.032258 332850 356661
31 62.310000 60.320000 1000000 6.921666 9.288140 6.891615 9.447740 0.023823 0.032258 0.059376 0.049849 0.032258 0.023824 0.032258 356660 361164
31 62.310000 60.320000 1000000 6.917709 9.287424 6.887606 9.441875 0.023823 0.032258 0.059378 0.049851 0.032258 0.023824 0.032258 361160 439480
31 62.310000 60.320000 1000000 6.883685 9.277388 6.873068 9.425990 0.023828 0.032258 0.064386 0.055722 0.032258 0.023823 0.032258 439480 524320
31 62.310000 60.320000 1000000 6.858533 9.274520 6.864517 9.416215 0.023828 0.032258 0.049944 0.038129 0.032258 0.023822 0.032258 448020 541695
31 62.310000 60.320000 1000000 6.856933 9.273804 6.864782 9.417193 0.023828 0.032258 0.054553 0.043994 0.032258 0.023822 0.032258 541690 637879
31 62.310000 60.320000 1000000 6.849981 9.273087 6.865935 9.418170 0.023828 0.032258 0.059384 0.049858 0.032258 0.023823 0.032258 637870 791842
31 62.310000 60.320000 1000000 6.845982 9.272370 6.861964 9.412305 0.023828 0.032258 0.059384 0.049858 0.032258 0.023823 0.032258 791840 813727
31 62.310000 60.320000 1000000 6.823712 9.213230 6.833715 9.387134 0.023826 0.032258 0.066940 0.058655 0.032258 0.023820 0.032258 813720 828994
31 62.310000 60.320000 1000000 6.822122 9.212513 6.833978 9.388112 0.023826 0.032258 0.072135 0.064520 0.032258 0.023820 0.032258 828990 934711
31 62.310000 60.320000 1000000 6.815826 9.211797 6.825362 9.380047 0.023826 0.032258 0.066940 0.058655 0.032258 0.023820 0.032258 934710 985881
31 62.310000 60.320000 1000000 6.801120 9.209646 6.805202 9.355854 0.023825 0.032258 0.066938 0.058653 0.032258 0.023818 0.032258 985880 1000000
31 62.310000 60.320000 1000000 6.801120 9.209646 6.805202 9.355854 0.023825 0.032258 0.066938 0.058653 0.032258 0.023818 0.032258 999990 1000000
