14 62.310000 60.320000 1000000 9.937347 13.480243 9.972773 13.226329 0.023802 0.032258 0.096465 0.090911 0.032258 0.023799 0.032258 0 50
14 62.310000 60.320000 1000000 9.741353 13.456587 9.741744 12.999788 0.023813 0.032258 0.102009 0.096774 0.032258 0.023809 0.032258 50 61
14 62.310000 60.320000 1000000 9.733366 13.455154 9.733758 12.988058 0.023814 0.032258 0.096463 0.090909 0.032258 0.023809 0.032258 60 72
14 62.310000 60.320000 1000000 9.552675 13.038309 9.548439 12.818214 0.023829 0.032258 0.056940 0.046921 0.032258 0.023826 0.032258 70 84
14 62.310000 60.320000 1000000 9.539128 13.035800 9.529605 12.788644 0.023828 0.032258 0.069521 0.061584 0.032258 0.023826 0.032258 80 109
14 62.310000 60.320000 1000000 9.521043 13.033649 9.504636 12.764450 0.023826 0.032258 0.085499 0.079180 0.032258 0.023823 0.032258 90 113
14 62.310000 60.320000 1000000 9.484709 13.027198 9.468112 12.711664 0.023824 0.032258 0.080100 0.073317 0.032258 0.023821 0.032258 110 141
14 62.310000 60.320000 1000000 9.283875 12.496016 9.249110 12.521293 0.023831 0.032258 0.074768 0.067451 0.032258 0.023830 0.032258 140 152
14 62.310000 60.320000 1000000 9.201823 12.089924 9.129819 12.430140 0.023819 0.032258 0.093707 0.087980 0.032258 0.023816 0.032258 150 226
14 62.310000 60.320000 1000000 9.132154 12.080606 9.122715 12.397638 0.023822 0.032258 0.088220 0.082111 0.032258 0.023816 0.032258 170 185
14 62.310000 60.320000 1000000 9.125364 12.079889 9.123849 12.398615 0.023821 0.032258 0.088220 0.082111 0.032258 0.023816 0.032258 180 226
14 62.310000 60.320000 1000000 9.046964 12.069853 9.028490 12.301107 0.023824 0.032258 0.088221 0.082112 0.032258 0.023820 0.032258 190 211
14 62.310000 60.320000 1000000 9.032489 12.067702 9.011639 12.281312 0.023824 0.032258 0.093704 0.087977 0.032258 0.023821 0.032258 210 226
14 62.310000 60.320000 1000000 8.998728 12.006412 8.971674 12.238546 0.023820 0.032258 0.124487 0.120235 0.032258 0.023816 0.032258 220 235
14 62.310000 60.320000 1000000 8.919990 11.937953 8.886165 12.137129 0.023819 0.032258 0.104795 0.099707 0.032258 0.023817 0.032258 230 302
14 62.310000 60.320000 1000000 8.788734 11.913581 8.769024 11.934294 0.023827 0.032258 0.077420 0.070380 0.032258 0.023826 0.032258 260 323
14 62.310000 60.320000 1000000 8.744995 11.901394 8.758574 11.930384 0.023830 0.032258 0.072135 0.064520 0.032258 0.023826 0.032258 320 338
14 62.310000 60.320000 1000000 8.737975 11.900678 8.759736 11.931361 0.023830 0.032258 0.072136 0.064521 0.032258 0.023826 0.032258 330 404
14 62.310000 60.320000 1000000 8.726989 11.895660 8.746005 11.871732 0.023832 0.032258 0.056944 0.046925 0.032258 0.023829 0.032258 400 411
14 62.310000 60.320000 1000000 8.681063 11.823617 8.687589 11.694558 0.023832 0.032258 0.045621 0.032260 0.032258 0.023829 0.032258 410 424
14 62.310000 60.320000 1000000 8.678754 11.822900 8.684422 11.686493 0.023832 0.032258 0.045621 0.032260 0.032258 0.023829 0.032258 420 479
14 62.310000 60.320000 1000000 8.666071 11.820749 8.673535 11.675740 0.023832 0.032258 0.041680 0.026394 0.032258 0.023829 0.032258 470 509
14 62.310000 60.320000 1000000 8.660608 11.820033 8.668086 11.669875 0.023832 0.032258 0.041680 0.026394 0.032258 0.023829 0.032258 500 560
14 62.310000 60.320000 1000000 8.653859 11.817882 8.658825 11.645681 0.023830 0.032258 0.049938 0.038121 0.032258 0.023827 0.032258 510 568
14 62.310000 60.320000 1000000 8.614024 11.642255 8.602995 11.593873 0.023831 0.032258 0.049942 0.038126 0.032258 0.023829 0.032258 560 582
14 62.310000 60.320000 1000000 8.610878 11.641538 8.599837 11.588008 0.023831 0.032258 0.049942 0.038126 0.032258 0.023829 0.032258 580 633
14 62.310000 60.320000 1000000 8.567725 11.635087 8.565093 11.542065 0.023830 0.032258 0.049943 0.038128 0.032258 0.023828 0.032258 630 657
14 62.310000 60.320000 1000000 8.566227 11.634370 8.565343 11.543042 0.023830 0.032258 0.054552 0.043993 0.032258 0.023828 0.032258 650 700
14 62.310000 60.320000 1000000 8.552742 11.632219 8.560303 11.532290 0.023830 0.032258 0.045623 0.032262 0.032258 0.023827 0.032258 700 755
14 62.310000 60.320000 1000000 8.546291 11.628277 8.552082 11.486102 0.023829 0.032258 0.043597 0.029327 0.032258 0.023826 0.032258 750 1312
14 62.310000 60.320000 1000000 8.251988 10.916451 8.261797 11.228283 0.023802 0.032258 0.133004 0.129033 0.032258 0.023795 0.032258 1310 2735
14 62.310000 60.320000 1000000 8.212857 10.855161 8.240284 11.206045 0.023797 0.032258 0.141557 0.137832 0.032258 0.023792 0.032258 2730 2760
14 62.310000 60.320000 1000000 8.211185 10.854444 8.240560 11.207022 0.023797 0.032258 0.141558 0.137833 0.032258 0.023792 0.032258 2760 2930
14 62.310000 60.320000 1000000 8.093283 10.840107 8.085565 11.054530 0.023812 0.032258 0.054549 0.043988 0.032258 0.023809 0.032258 2930 3197
14 62.310000 60.320000 1000000 8.082098 10.782401 8.068410 11.041090 0.023811 0.032258 0.056940 0.046921 0.032258 0.023807 0.032258 3190 3402
14 62.310000 60.320000 1000000 8.056275 10.779534 8.063712 11.035958 0.023806 0.032258 0.052214 0.041058 0.032258 0.023805 0.032258 3400 5604
14 62.310000 60.320000 1000000 8.053666 10.778817 8.060133 11.027893 0.023806 0.032258 0.056939 0.046919 0.032258 0.023806 0.032258 5600 7691
14 62.310000 60.320000 1000000 8.033720 10.719677 8.034328 11.002722 0.023807 0.032258 0.059380 0.049854 0.032258 0.023806 0.032258 7690 8386
14 62.310000 60.320000 1000000 7.964395 10.706057 7.965799 10.891286 0.023817 0.032258 0.049940 0.038124 0.032258 0.023816 0.032258 8380 12244
14 62.310000 60.320000 1000000 7.907685 10.696022 7.909119 10.809174 0.023819 0.032258 0.069522 0.061585 0.032258 0.023817 0.032258 12240 12892
14 62.310000 60.320000 1000000 7.904074 10.695305 7.905510 10.803309 0.023820 0.032258 0.064384 0.055720 0.032258 0.023818 0.032258 12890 15091
14 62.310000 60.320000 1000000 7.880300 10.691721 7.879442 10.771784 0.023815 0.032258 0.074765 0.067447 0.032258 0.023813 0.032258 15090 21225
14 62.310000 60.320000 1000000 7.868612 10.634015 7.861559 10.758344 0.023815 0.032258 0.072131 0.064516 0.032258 0.023813 0.032258 21220 24410
14 62.310000 60.320000 1000000 7.854846 10.632581 7.863853 10.760299 0.023814 0.032258 0.077422 0.070382 0.032258 0.023813 0.032258 22370 32952
14 62.310000 60.320000 1000000 7.815107 10.623979 7.824251 10.689917 0.023819 0.032258 0.072131 0.064516 0.032258 0.023818 0.032258 22880 23822
14 62.310000 60.320000 1000000 7.812147 10.623262 7.821303 10.684052 0.023818 0.032258 0.077420 0.070379 0.032258 0.023817 0.032258 23820 32952
14 62.310000 60.320000 1000000 7.754164 10.611076 7.749822 10.555752 0.023821 0.032258 0.066936 0.058650 0.032258 0.023821 0.032258 32950 37739
14 62.310000 60.320000 1000000 7.731242 10.593154 7.716252 10.334835 0.023823 0.032258 0.116008 0.111433 0.032258 0.023825 0.032258 37730 37740
14 62.310000 60.320000 1000000 7.724192 10.592438 7.717432 10.335812 0.023823 0.032258 0.121653 0.117298 0.032258 0.023825 0.032258 37740 37865
14 62.310000 60.320000 1000000 7.720368 10.591721 7.713597 10.329947 0.023822 0.032258 0.116009 0.111434 0.032258 0.023824 0.032258 37860 41376
14 62.310000 60.320000 1000000 7.714054 10.591004 7.704888 10.321883 0.023822 0.032258 0.110387 0.105569 0.032258 0.023824 0.032258 41370 42275
14 62.310000 60.320000 1000000 7.712138 10.590287 7.705209 10.322860 0.023823 0.032258 0.104792 0.099704 0.032258 0.023824 0.032258 42270 53399
14 62.310000 60.320000 1000000 7.580865 9.954805 7.504295 10.169146 0.023813 0.032258 0.118830 0.114367 0.032258 0.023819 0.032258 53390 60590
14 62.310000 60.320000 1000000 7.576894 9.954088 7.500202 10.163281 0.023813 0.032258 0.118831 0.114369 0.032258 0.023819 0.032258 60590 89334
14 62.310000 60.320000 1000000 7.509951 9.946203 7.504018 10.155949 0.023808 0.032258 0.130161 0.126101 0.032258 0.023820 0.032258 68730 97915
14 62.310000 60.320000 1000000 7.499160 9.944052 7.495409 10.149840 0.023813 0.032258 0.113199 0.108505 0.032258 0.023821 0.032258 97910 100176
14 62.310000 60.320000 1000000 7.488347 9.886347 7.478845 10.136399 0.023810 0.032258 0.110392 0.105573 0.032258 0.023817 0.032258 100170 110495
14 62.310000 60.320000 1000000 7.484304 9.885630 7.474787 10.130534 0.023810 0.032258 0.116014 0.111439 0.032258 0.023817 0.032258 110490 135029
14 62.310000 60.320000 1000000 7.481914 9.884913 7.471487 10.122469 0.023810 0.032258 0.121658 0.117304 0.032258 0.023818 0.032258 135020 183079
14 62.310000 60.320000 1000000 7.403818 9.875594 7.369099 10.024230 0.023810 0.032258 0.121657 0.117302 0.032258 0.023820 0.032258 183070 212410
14 62.310000 60.320000 1000000 7.373005 9.865558 7.374269 10.037915 0.023820 0.032258 0.052215 0.041059 0.032258 0.023818 0.032258 212410 259870
14 62.310000 60.320000 1000000 7.358004 9.862691 7.359276 10.014455 0.023822 0.032258 0.056938 0.046919 0.032258 0.023820 0.032258 259870 294860
14 62.310000 60.320000 1000000 7.342390 9.860540 7.358067 10.008345 0.023820 0.032258 0.061862 0.052786 0.032258 0.023821 0.032258 294860 297960
14 62.310000 60.320000 1000000 7.340733 9.859823 7.358342 10.009323 0.023820 0.032258 0.061864 0.052788 0.032258 0.023821 0.032258 297960 330772
14 62.310000 60.320000 1000000 7.329427 9.802117 7.341173 9.995882 0.023818 0.032258 0.059382 0.049856 0.032258 0.023819 0.032258 330770 342045
14 62.310000 60.320000 1000000 7.318292 9.744412 7.324223 9.982441 0.023816 0.032258 0.056942 0.046923 0.032258 0.023815 0.032258 342040 380923
14 62.310000 60.320000 1000000 7.317036 9.743336 7.322308 9.969000 0.023817 0.032258 0.054551 0.043991 0.032258 0.023816 0.032258 380920 425584
14 62.310000 60.320000 1000000 7.308700 9.740469 7.310490 9.934054 0.023815 0.032258 0.059381 0.049855 0.032258 0.023814 0.032258 425580 574155
14 62.310000 60.320000 1000000 7.297763 9.738318 7.298631 9.914260 0.023817 0.032258 0.059381 0.049855 0.032258 0.023816 0.032258 574150 625071
14 62.310000 60.320000 1000000 7.295329 9.737602 7.295285 9.906195 0.023818 0.032258 0.064385 0.055720 0.032258 0.023816 0.032258 625070 644726
14 62.310000 60.320000 1000000 7.267213 9.621473 7.255464 9.873448 0.023815 0.032258 0.059382 0.049856 0.032258 0.023811 0.032258 644720 854017
14 62.310000 60.320000 1000000 7.200101 9.611437 7.189742 9.802823 0.023820 0.032258 0.049941 0.038124 0.032258 0.023816 0.032258 854010 938593
14 62.310000 60.320000 1000000 7.195807 9.610720 7.185429 9.796958 0.023821 0.032258 0.049941 0.038124 0.032258 0.023817 0.032258 938590 956756
14 62.310000 60.320000 1000000 7.189861 9.610003 7.177213 9.788893 0.023819 0.032258 0.054550 0.043989 0.032258 0.023815 0.032258 956750 1000000
14 62.310000 60.320000 1000000 7.189861 9.610003 7.177213 9.788893 0.023819 0.032258 0.054550 0.043989 0.032258 0.023815 0.032258 999990 1000000
