50 62.310000 60.320000 1000000 9.186931 12.315055 9.197863 12.492225 0.023830 0.032258 0.052216 0.041060 0.032258 0.023827 0.032258 0 51
50 62.310000 60.320000 1000000 9.061216 12.073478 9.026170 12.339977 0.023822 0.032258 0.099229 0.093840 0.032258 0.023816 0.032258 50 60
50 62.310000 60.320000 1000000 8.985484 12.062726 8.950538 12.256644 0.023823 0.032258 0.082793 0.076250 0.032258 0.023819 0.032258 60 70
50 62.310000 60.320000 1000000 8.922810 11.826523 8.858542 12.142763 0.023818 0.032258 0.096465 0.090911 0.032258 0.023815 0.032258 70 80
50 62.310000 60.320000 1000000 8.865020 11.817204 8.801496 12.073359 0.023816 0.032258 0.113199 0.108506 0.032258 0.023815 0.032258 80 99
50 62.310000 60.320000 1000000 8.854833 11.815770 8.788776 12.059429 0.023815 0.032258 0.118830 0.114368 0.032258 0.023816 0.032258 90 106
50 62.310000 60.320000 1000000 8.841144 11.803942 8.767359 11.911580 0.023817 0.032258 0.127316 0.123162 0.032258 0.023819 0.032258 100 132
50 62.310000 60.320000 1000000 8.787976 11.793189 8.714876 11.830446 0.023817 0.032258 0.167360 0.164221 0.032258 0.023822 0.032258 130 157
50 62.310000 60.320000 1000000 8.739598 11.779569 8.675769 11.762753 0.023820 0.032258 0.138703 0.134900 0.032258 0.023830 0.032258 150 181
50 62.310000 60.320000 1000000 7.936412 8.845516 8.029127 11.082400 0.023206 0.032258 0.190438 0.187686 0.032258 0.023268 0.032258 180 210
50 62.310000 60.320000 1000000 7.676501 8.770606 7.733939 10.350483 0.023063 0.032258 0.455692 0.454549 0.032258 0.023087 0.032258 210 288
50 62.310000 60.320000 1000000 7.658649 8.651969 7.707224 10.283279 0.023035 0.032258 0.458614 0.457478 0.032258 0.023045 0.032258 220 367
50 62.310000 60.320000 1000000 7.190703 8.529388 7.196306 9.241244 0.022948 0.032258 0.382591 0.381228 0.032258 0.022962 0.032258 300 363
50 62.310000 60.320000 1000000 6.583681 8.456270 6.586694 8.643249 0.023268 0.032258 0.376746 0.375363 0.032258 0.023276 0.032258 360 407
50 62.310000 60.320000 1000000 6.241752 8.424729 6.245287 8.385185 0.023818 0.032258 0.121654 0.117299 0.032258 0.023824 0.032258 370 403
50 62.310000 60.320000 1000000 6.230716 8.423295 6.234269 8.373455 0.023821 0.032258 0.116009 0.111434 0.032258 0.023826 0.032258 400 454
50 62.310000 60.320000 1000000 6.132804 8.184588 6.114062 8.262019 0.023822 0.032258 0.099229 0.093839 0.032258 0.023826 0.032258 450 583
50 62.310000 60.320000 1000000 6.124876 8.183154 6.106060 8.250289 0.023822 0.032258 0.093700 0.087972 0.032258 0.023826 0.032258 540 608
50 62.310000 60.320000 1000000 6.085137 8.175269 6.069397 8.218031 0.023829 0.032258 0.066935 0.058649 0.032258 0.023827 0.032258 600 627
50 62.310000 60.320000 1000000 6.083412 8.174552 6.069687 8.219009 0.023830 0.032258 0.061861 0.052784 0.032258 0.023827 0.032258 620 748
50 62.310000 60.320000 1000000 6.054215 8.170251 6.046709 8.186262 0.023833 0.032258 0.043595 0.029325 0.032258 0.023831 0.032258 740 875
50 62.310000 60.320000 1000000 6.035700 8.165233 6.035921 8.172576 0.023834 0.032258 0.036748 0.017602 0.032258 0.023831 0.032258 870 1932
50 62.310000 60.320000 1000000 6.022972 8.162365 6.021395 8.144717 0.023834 0.032258 0.032788 0.005872 0.032258 0.023831 0.032258 1890 2213
50 62.310000 60.320000 1000000 6.011304 8.104660 6.003527 8.131277 0.023834 0.032258 0.033438 0.008804 0.032258 0.023831 0.032258 2210 3351
50 62.310000 60.320000 1000000 6.006555 8.103943 5.998760 8.125412 0.023834 0.032258 0.033438 0.008802 0.032258 0.023831 0.032258 3350 3405
50 62.310000 60.320000 1000000 6.000243 8.103226 5.990042 8.117347 0.023834 0.032258 0.035436 0.014666 0.032258 0.023831 0.032258 3400 4710
50 62.310000 60.320000 1000000 5.993143 8.102509 5.991229 8.118324 0.023834 0.032258 0.033437 0.008801 0.032258 0.023831 0.032258 4710 5016
50 62.310000 60.320000 1000000 5.991537 8.101792 5.991497 8.119302 0.023834 0.032258 0.033437 0.008801 0.032258 0.023831 0.032258 5010 5083
50 62.310000 60.320000 1000000 5.989967 8.101076 5.991758 8.120280 0.023834 0.032258 0.035436 0.014666 0.032258 0.023831 0.032258 5080 6968
50 62.310000 60.320000 1000000 5.988760 8.100000 5.989915 8.106839 0.023834 0.032258 0.034326 0.011733 0.032258 0.023831 0.032258 6960 7451
50 62.310000 60.320000 1000000 5.983171 8.099283 5.984330 8.100974 0.023834 0.032258 0.032789 0.005873 0.032258 0.023832 0.032258 7450 11509
50 62.310000 60.320000 1000000 5.977699 8.098567 5.978861 8.095108 0.023834 0.032258 0.034327 0.011738 0.032258 0.023831 0.032258 11500 11696
50 62.310000 60.320000 1000000 5.971447 8.097850 5.970264 8.087044 0.023834 0.032258 0.034327 0.011738 0.032258 0.023831 0.032258 11690 14508
50 62.310000 60.320000 1000000 5.967497 8.097133 5.966312 8.081179 0.023834 0.032258 0.036747 0.017600 0.032258 0.023831 0.032258 14500 15972
50 62.310000 60.320000 1000000 5.962758 8.096416 5.961570 8.075314 0.023834 0.032258 0.034327 0.011736 0.032258 0.023831 0.032258 15970 19979
50 62.310000 60.320000 1000000 5.951016 8.038709 5.943592 8.061873 0.023834 0.032258 0.035437 0.014668 0.032258 0.023831 0.032258 19970 21417
50 62.310000 60.320000 1000000 5.948615 8.037993 5.940277 8.053808 0.023834 0.032258 0.035437 0.014668 0.032258 0.023831 0.032258 21410 50387
50 62.310000 60.320000 1000000 5.942422 8.037276 5.931720 8.045744 0.023833 0.032258 0.038238 0.020532 0.032258 0.023831 0.032258 50380 71272
50 62.310000 60.320000 1000000 5.939210 8.036559 5.928491 8.039879 0.023834 0.032258 0.035437 0.014669 0.032258 0.023831 0.032258 71270 158300
50 62.310000 60.320000 1000000 5.913374 7.977418 5.913029 8.028393 0.023834 0.032258 0.032788 0.005871 0.032258 0.023831 0.032258 158300 186790
50 62.310000 60.320000 1000000 5.904682 7.975268 5.908021 8.024483 0.023834 0.032258 0.036749 0.017603 0.032258 0.023831 0.032258 186790 188778
50 62.310000 60.320000 1000000 5.903451 7.974193 5.906144 8.011042 0.023834 0.032258 0.035437 0.014670 0.032258 0.023831 0.032258 188770 218627
50 62.310000 60.320000 1000000 5.889372 7.970608 5.888590 7.972919 0.023833 0.032258 0.041684 0.026400 0.032258 0.023830 0.032258 218620 246700
50 62.310000 60.320000 1000000 5.863105 7.854478 5.850034 7.940172 0.023831 0.032258 0.045625 0.032265 0.032258 0.023828 0.032258 246700 263574
50 62.310000 60.320000 1000000 5.861548 7.853761 5.850295 7.941149 0.023831 0.032258 0.045625 0.032265 0.032258 0.023828 0.032258 263570 264588
50 62.310000 60.320000 1000000 5.856003 7.853045 5.844718 7.935284 0.023831 0.032258 0.049945 0.038130 0.032258 0.023828 0.032258 264580 306555
50 62.310000 60.320000 1000000 5.850577 7.852328 5.839260 7.929419 0.023831 0.032258 0.054554 0.043995 0.032258 0.023828 0.032258 306550 321247
50 62.310000 60.320000 1000000 5.849342 7.851252 5.837362 7.915979 0.023831 0.032258 0.052218 0.041063 0.032258 0.023828 0.032258 321240 345044
50 62.310000 60.320000 1000000 5.842212 7.850536 5.838555 7.916956 0.023831 0.032258 0.052217 0.041061 0.032258 0.023828 0.032258 345040 866355
50 62.310000 60.320000 1000000 5.839819 7.848385 5.834892 7.890074 0.023831 0.032258 0.047742 0.035196 0.032258 0.023828 0.032258 385140 935932
50 62.310000 60.320000 1000000 5.798360 7.727954 5.788356 7.819693 0.023827 0.032258 0.056941 0.046922 0.032258 0.023823 0.032258 935930 970348
50 62.310000 60.320000 1000000 5.796063 7.727237 5.785181 7.811628 0.023827 0.032258 0.061863 0.052787 0.032258 0.023822 0.032258 970340 1000000
50 62.310000 60.320000 1000000 5.796063 7.727237 5.785181 7.811628 0.023827 0.032258 0.061863 0.052787 0.032258 0.023822 0.032258 999990 1000000
