42 62.310000 60.320000 1000000 8.887098 12.139070 8.874281 11.945061 0.023829 0.032258 0.038236 0.020529 0.032258 0.023828 0.032258 0 50
42 62.310000 60.320000 1000000 8.553958 11.422935 8.554521 11.661335 0.023828 0.032258 0.054551 0.043992 0.032258 0.023824 0.032258 50 66
42 62.310000 60.320000 1000000 8.527776 11.418992 8.551116 11.644962 0.023825 0.032258 0.061864 0.052788 0.032258 0.023825 0.032258 60 74
42 62.310000 60.320000 1000000 8.488402 11.411107 8.504738 11.580690 0.023827 0.032258 0.052215 0.041059 0.032258 0.023826 0.032258 70 83
42 62.310000 60.320000 1000000 8.477427 11.409673 8.493825 11.568960 0.023827 0.032258 0.052217 0.041061 0.032258 0.023826 0.032258 80 112
42 62.310000 60.320000 1000000 8.470969 11.406806 8.494894 11.572870 0.023827 0.032258 0.072136 0.064522 0.032258 0.023826 0.032258 100 120
42 62.310000 60.320000 1000000 8.426837 11.230818 8.429347 11.500288 0.023825 0.032258 0.064386 0.055722 0.032258 0.023822 0.032258 120 145
42 62.310000 60.320000 1000000 8.384306 11.225084 8.401678 11.464853 0.023821 0.032258 0.096467 0.090914 0.032258 0.023819 0.032258 140 161
42 62.310000 60.320000 1000000 8.335581 11.207879 8.348089 11.286945 0.023824 0.032258 0.124489 0.120237 0.032258 0.023821 0.032258 150 164
42 62.310000 60.320000 1000000 8.239810 11.165585 8.217807 10.813338 0.023716 0.032258 0.403053 0.401761 0.032258 0.023673 0.032258 160 214
42 62.310000 60.320000 1000000 7.909820 11.056984 8.155339 10.027658 0.023294 0.032258 0.886217 0.885630 0.032258 0.023627 0.032258 210 232
42 62.310000 60.320000 1000000 7.807253 11.040496 8.071319 9.931617 0.023325 0.032258 0.804166 0.803519 0.032258 0.023640 0.032258 230 252
42 62.310000 60.320000 1000000 6.311508 9.124364 6.464266 8.219985 0.023141 0.032258 0.499575 0.498532 0.032258 0.023225 0.032258 250 263
42 62.310000 60.320000 1000000 5.802383 8.336915 5.888476 7.738071 0.023749 0.032258 0.164484 0.161290 0.032258 0.023740 0.032258 260 277
42 62.310000 60.320000 1000000 5.716485 8.324012 5.791283 7.617104 0.023718 0.032258 0.107590 0.102640 0.032258 0.023688 0.032258 270 296
42 62.310000 60.320000 1000000 5.690161 8.261289 5.771013 7.610506 0.023733 0.032258 0.072133 0.064518 0.032258 0.023705 0.032258 290 338
42 62.310000 60.320000 1000000 5.461041 7.389958 5.436251 7.357817 0.023830 0.032258 0.059378 0.049852 0.032258 0.023829 0.032258 330 357
42 62.310000 60.320000 1000000 5.457020 7.389241 5.432175 7.351952 0.023830 0.032258 0.059377 0.049850 0.032258 0.023830 0.032258 350 482
42 62.310000 60.320000 1000000 5.411922 7.327233 5.412405 7.326292 0.023831 0.032258 0.056936 0.046916 0.032258 0.023829 0.032258 480 514
42 62.310000 60.320000 1000000 5.407897 7.326516 5.408381 7.320427 0.023832 0.032258 0.056936 0.046916 0.032258 0.023830 0.032258 510 584
42 62.310000 60.320000 1000000 5.404578 7.325800 5.405064 7.314562 0.023832 0.032258 0.052209 0.041051 0.032258 0.023830 0.032258 580 880
42 62.310000 60.320000 1000000 5.387621 7.321499 5.393831 7.299900 0.023834 0.032258 0.036746 0.017598 0.032258 0.023831 0.032258 880 1285
42 62.310000 60.320000 1000000 5.375856 7.263792 5.375888 7.286459 0.023834 0.032258 0.035436 0.014666 0.032258 0.023831 0.032258 1280 1421
42 62.310000 60.320000 1000000 5.370282 7.263075 5.370313 7.280594 0.023834 0.032258 0.033438 0.008804 0.032258 0.023831 0.032258 1420 1591
42 62.310000 60.320000 1000000 5.366269 7.262358 5.366301 7.274728 0.023834 0.032258 0.032392 0.002939 0.032258 0.023832 0.032258 1590 2642
42 62.310000 60.320000 1000000 5.360812 7.261641 5.360844 7.268863 0.023834 0.032258 0.033438 0.008804 0.032258 0.023831 0.032258 2640 3463
42 62.310000 60.320000 1000000 5.359597 7.260566 5.358988 7.255423 0.023834 0.032258 0.032788 0.005872 0.032258 0.023831 0.032258 3460 3607
42 62.310000 60.320000 1000000 5.354891 7.259849 5.354280 7.249557 0.023834 0.032258 0.032788 0.005872 0.032258 0.023831 0.032258 3600 3731
42 62.310000 60.320000 1000000 5.345492 7.258416 5.352187 7.242470 0.023834 0.032258 0.036747 0.017600 0.032258 0.023831 0.032258 3730 5867
42 62.310000 60.320000 1000000 5.344299 7.257340 5.350371 7.229030 0.023834 0.032258 0.038237 0.020529 0.032258 0.023831 0.032258 5860 6471
42 62.310000 60.320000 1000000 5.340335 7.256623 5.346420 7.223165 0.023834 0.032258 0.038235 0.020527 0.032258 0.023831 0.032258 6470 6914
42 62.310000 60.320000 1000000 5.338740 7.255907 5.346685 7.224142 0.023834 0.032258 0.035436 0.014666 0.032258 0.023831 0.032258 6910 9943
42 62.310000 60.320000 1000000 5.326967 7.198200 5.328747 7.210701 0.023834 0.032258 0.034326 0.011734 0.032258 0.023831 0.032258 9940 10495
42 62.310000 60.320000 1000000 5.320609 7.197483 5.320007 7.202637 0.023834 0.032258 0.032788 0.005870 0.032258 0.023831 0.032258 10490 23914
42 62.310000 60.320000 1000000 5.317390 7.196766 5.316787 7.196772 0.023834 0.032258 0.032258 0.000007 0.032258 0.023832 0.032258 23910 41618
42 62.310000 60.320000 1000000 5.316210 7.195691 5.314984 7.183331 0.023834 0.032258 0.032392 0.002935 0.032258 0.023832 0.032258 41610 74756
42 62.310000 60.320000 1000000 5.313851 7.194974 5.311737 7.175266 0.023834 0.032258 0.033437 0.008799 0.032258 0.023831 0.032258 74750 78470
42 62.310000 60.320000 1000000 5.310705 7.194257 5.308588 7.169401 0.023834 0.032258 0.033437 0.008799 0.032258 0.023831 0.032258 78470 82353
42 62.310000 60.320000 1000000 5.305225 7.193540 5.303101 7.163536 0.023834 0.032258 0.035435 0.014664 0.032258 0.023831 0.032258 82350 196027
42 62.310000 60.320000 1000000 5.302915 7.192824 5.299920 7.155472 0.023833 0.032258 0.038237 0.020529 0.032258 0.023831 0.032258 196020 204322
42 62.310000 60.320000 1000000 5.301329 7.192107 5.300185 7.156449 0.023833 0.032258 0.035437 0.014668 0.032258 0.023831 0.032258 204320 247444
42 62.310000 60.320000 1000000 5.298246 7.191390 5.297100 7.150584 0.023833 0.032258 0.035437 0.014668 0.032258 0.023830 0.032258 247440 259813
42 62.310000 60.320000 1000000 5.291193 7.190673 5.298273 7.151562 0.023833 0.032258 0.038239 0.020533 0.032258 0.023830 0.032258 259810 271121
42 62.310000 60.320000 1000000 5.284877 7.189956 5.289619 7.143497 0.023833 0.032258 0.035437 0.014668 0.032258 0.023830 0.032258 271120 301655
42 62.310000 60.320000 1000000 5.259905 7.073826 5.254116 7.117593 0.023833 0.032258 0.035437 0.014669 0.032258 0.023830 0.032258 301650 397489
42 62.310000 60.320000 1000000 5.252889 7.073109 5.255286 7.118570 0.023833 0.032258 0.035437 0.014669 0.032258 0.023830 0.032258 397480 595186
42 62.310000 60.320000 1000000 5.235200 7.070242 5.237622 7.095110 0.023834 0.032258 0.033438 0.008803 0.032258 0.023831 0.032258 490880 586031
42 62.310000 60.320000 1000000 5.230544 7.069525 5.232973 7.089245 0.023833 0.032258 0.035436 0.014668 0.032258 0.023830 0.032258 586030 595186
42 62.310000 60.320000 1000000 5.229338 7.068450 5.231131 7.075804 0.023833 0.032258 0.034327 0.011735 0.032258 0.023831 0.032258 595180 624129
42 62.310000 60.320000 1000000 5.217789 7.010743 5.213475 7.062363 0.023833 0.032258 0.035436 0.014668 0.032258 0.023829 0.032258 624120 759925
42 62.310000 60.320000 1000000 5.211379 7.010026 5.204633 7.054298 0.023833 0.032258 0.035436 0.014666 0.032258 0.023830 0.032258 759920 909712
42 62.310000 60.320000 1000000 5.210192 7.008951 5.202812 7.040858 0.023833 0.032258 0.036745 0.017595 0.032258 0.023830 0.032258 909710 948615
42 62.310000 60.320000 1000000 5.199995 7.006800 5.192572 7.023262 0.023832 0.032258 0.039886 0.023459 0.032258 0.023830 0.032258 948610 1000000
42 62.310000 60.320000 1000000 5.195284 7.005367 5.186062 7.007133 0.023832 0.032258 0.039886 0.023459 0.032258 0.023830 0.032258 999990 1000000
