23 62.310000 60.320000 1000000 9.258883 12.380287 9.253360 12.544277 0.023830 0.032258 0.052216 0.041059 0.032258 0.023826 0.032258 0 51
23 62.310000 60.320000 1000000 9.009731 11.841576 9.012724 12.315539 0.023806 0.032258 0.124485 0.120233 0.032258 0.023801 0.032258 50 64
23 62.310000 60.320000 1000000 8.991457 11.839426 8.994468 12.297943 0.023810 0.032258 0.107588 0.102638 0.032258 0.023805 0.032258 60 70
23 62.310000 60.320000 1000000 8.888592 11.820071 8.893134 12.149117 0.023816 0.032258 0.147276 0.143700 0.032258 0.023809 0.032258 70 84
23 62.310000 60.320000 1000000 8.839126 11.807168 8.862295 12.111972 0.023821 0.032258 0.135856 0.131971 0.032258 0.023814 0.032258 80 95
23 62.310000 60.320000 1000000 8.794476 11.788172 8.809217 11.896185 0.023820 0.032258 0.138706 0.134903 0.032258 0.023814 0.032258 90 160
23 62.310000 60.320000 1000000 8.515378 11.681003 8.482878 10.761287 0.023673 0.032258 0.443987 0.442814 0.032258 0.023650 0.032258 160 197
23 62.310000 60.320000 1000000 7.868967 8.584586 7.520695 9.738072 0.023117 0.032258 0.622534 0.621697 0.032258 0.022976 0.032258 180 222
23 62.310000 60.320000 1000000 7.486391 8.542292 7.563907 9.775217 0.023002 0.032258 0.593251 0.592374 0.032258 0.023006 0.032258 200 240
23 62.310000 60.320000 1000000 7.123810 8.475625 7.284095 9.474141 0.023008 0.032258 0.827606 0.826977 0.032258 0.022974 0.032258 240 472
23 62.310000 60.320000 1000000 6.771132 8.445518 6.820688 9.135430 0.023251 0.032258 0.581537 0.580642 0.032258 0.023215 0.032258 250 606
23 62.310000 60.320000 1000000 6.485996 8.416127 6.542265 8.894962 0.023578 0.032258 0.341700 0.340173 0.032258 0.023505 0.032258 270 479
23 62.310000 60.320000 1000000 6.472947 8.414694 6.524765 8.878833 0.023578 0.032258 0.330024 0.328443 0.032258 0.023503 0.032258 280 452
23 62.310000 60.320000 1000000 6.436691 8.410392 6.475953 8.830445 0.023568 0.032258 0.306685 0.304983 0.032258 0.023484 0.032258 290 479
23 62.310000 60.320000 1000000 6.404630 8.405375 6.444478 8.789390 0.023560 0.032258 0.283364 0.281522 0.032258 0.023473 0.032258 340 606
23 62.310000 60.320000 1000000 6.399551 8.403224 6.445308 8.792323 0.023561 0.032258 0.283364 0.281522 0.032258 0.023473 0.032258 350 361
23 62.310000 60.320000 1000000 6.241144 8.373833 6.231979 8.470718 0.023828 0.032258 0.056937 0.046917 0.032258 0.023825 0.032258 360 606
23 62.310000 60.320000 1000000 6.209521 8.365231 6.202375 8.386897 0.023831 0.032258 0.056937 0.046917 0.032258 0.023830 0.032258 600 655
23 62.310000 60.320000 1000000 6.202647 8.364514 6.203522 8.387874 0.023830 0.032258 0.061859 0.052782 0.032258 0.023830 0.032258 650 678
23 62.310000 60.320000 1000000 6.184397 8.303941 6.187123 8.378343 0.023831 0.032258 0.041677 0.026389 0.032258 0.023828 0.032258 670 693
23 62.310000 60.320000 1000000 6.178562 8.303225 6.181296 8.372478 0.023832 0.032258 0.038234 0.020524 0.032258 0.023829 0.032258 690 718
23 62.310000 60.320000 1000000 6.172193 8.302508 6.172545 8.364414 0.023832 0.032258 0.038234 0.020524 0.032258 0.023830 0.032258 710 725
23 62.310000 60.320000 1000000 6.165951 8.301791 6.163958 8.356349 0.023832 0.032258 0.038235 0.020526 0.032258 0.023829 0.032258 720 1176
23 62.310000 60.320000 1000000 6.155877 8.299640 6.165634 8.359282 0.023831 0.032258 0.045620 0.032258 0.032258 0.023830 0.032258 1170 1256
23 62.310000 60.320000 1000000 6.150094 8.298923 6.159879 8.353417 0.023832 0.032258 0.041679 0.026392 0.032258 0.023830 0.032258 1250 1551
23 62.310000 60.320000 1000000 6.147648 8.298207 6.156530 8.345352 0.023833 0.032258 0.038236 0.020528 0.032258 0.023831 0.032258 1550 1697
23 62.310000 60.320000 1000000 6.136414 8.296773 6.145345 8.333622 0.023833 0.032258 0.035436 0.014667 0.032258 0.023831 0.032258 1670 1701
23 62.310000 60.320000 1000000 6.124849 8.239067 6.127726 8.320181 0.023833 0.032258 0.034327 0.011735 0.032258 0.023830 0.032258 1700 1738
23 62.310000 60.320000 1000000 6.121625 8.238350 6.124508 8.314316 0.023833 0.032258 0.036747 0.017599 0.032258 0.023830 0.032258 1730 2205
23 62.310000 60.320000 1000000 6.110487 8.236200 6.113385 8.296721 0.023833 0.032258 0.039889 0.023464 0.032258 0.023830 0.032258 2200 2663
23 62.310000 60.320000 1000000 6.108898 8.235483 6.113649 8.297698 0.023833 0.032258 0.043598 0.029329 0.032258 0.023830 0.032258 2660 2743
23 62.310000 60.320000 1000000 6.104043 8.234766 6.108806 8.291833 0.023833 0.032258 0.039889 0.023464 0.032258 0.023831 0.032258 2740 3010
23 62.310000 60.320000 1000000 6.099289 8.234049 6.104063 8.285968 0.023833 0.032258 0.039888 0.023462 0.032258 0.023831 0.032258 3010 3245
23 62.310000 60.320000 1000000 6.094441 8.232616 6.097409 8.269839 0.023834 0.032258 0.034326 0.011733 0.032258 0.023831 0.032258 3060 3465
23 62.310000 60.320000 1000000 6.093211 8.231540 6.095532 8.256398 0.023834 0.032258 0.033437 0.008800 0.032258 0.023831 0.032258 3460 5593
23 62.310000 60.320000 1000000 6.086268 8.230824 6.096686 8.257376 0.023833 0.032258 0.035435 0.014664 0.032258 0.023831 0.032258 5590 7393
23 62.310000 60.320000 1000000 6.083883 8.228673 6.093058 8.230494 0.023833 0.032258 0.035433 0.014661 0.032258 0.023831 0.032258 6750 9093
23 62.310000 60.320000 1000000 6.078294 8.227956 6.087495 8.224629 0.023834 0.032258 0.035435 0.014663 0.032258 0.023831 0.032258 9090 19244
23 62.310000 60.320000 1000000 6.066670 8.170251 6.069790 8.211188 0.023833 0.032258 0.034325 0.011731 0.032258 0.023830 0.032258 19240 39053
23 62.310000 60.320000 1000000 6.051562 8.168100 6.049020 8.186995 0.023834 0.032258 0.034326 0.011732 0.032258 0.023831 0.032258 39050 44772
23 62.310000 60.320000 1000000 6.046016 8.167383 6.043466 8.181130 0.023834 0.032258 0.034326 0.011734 0.032258 0.023831 0.032258 44770 51633
23 62.310000 60.320000 1000000 6.042026 8.166666 6.039471 8.175265 0.023834 0.032258 0.036745 0.017596 0.032258 0.023831 0.032258 51630 75887
23 62.310000 60.320000 1000000 6.040849 8.165591 6.037671 8.161824 0.023834 0.032258 0.038236 0.020529 0.032258 0.023831 0.032258 75880 124939
23 62.310000 60.320000 1000000 6.037643 8.164874 6.034460 8.155959 0.023834 0.032258 0.035435 0.014665 0.032258 0.023831 0.032258 124930 167968
23 62.310000 60.320000 1000000 6.029783 8.162007 6.032107 8.153026 0.023834 0.032258 0.038239 0.020534 0.032258 0.023831 0.032258 167960 185174
23 62.310000 60.320000 1000000 6.024966 8.161290 6.027296 8.147161 0.023834 0.032258 0.035437 0.014669 0.032258 0.023831 0.032258 185170 208147
23 62.310000 60.320000 1000000 6.023807 8.160215 6.025528 8.133720 0.023834 0.032258 0.034327 0.011737 0.032258 0.023831 0.032258 208140 213104
23 62.310000 60.320000 1000000 6.016790 8.159498 6.026694 8.134698 0.023834 0.032258 0.036747 0.017599 0.032258 0.023831 0.032258 213100 213204
23 62.310000 60.320000 1000000 6.012055 8.158781 6.021982 8.128833 0.023834 0.032258 0.039888 0.023461 0.032258 0.023831 0.032258 213200 223613
23 62.310000 60.320000 1000000 6.005760 8.158064 6.013364 8.120768 0.023834 0.032258 0.039888 0.023462 0.032258 0.023831 0.032258 223610 235993
23 62.310000 60.320000 1000000 5.996582 8.155197 6.011076 8.094864 0.023832 0.032258 0.047735 0.035186 0.032258 0.023830 0.032258 235990 269063
23 62.310000 60.320000 1000000 5.991016 8.154480 6.005550 8.088999 0.023833 0.032258 0.043595 0.029325 0.032258 0.023830 0.032258 269060 292698
23 62.310000 60.320000 1000000 5.985565 8.153763 6.000139 8.083134 0.023832 0.032258 0.047738 0.035190 0.032258 0.023830 0.032258 292690 378274
23 62.310000 60.320000 1000000 5.979337 8.153046 5.991633 8.075069 0.023832 0.032258 0.043597 0.029327 0.032258 0.023829 0.032258 378270 398342
23 62.310000 60.320000 1000000 5.963754 8.150179 5.976146 8.051609 0.023831 0.032258 0.056939 0.046920 0.032258 0.023828 0.032258 388380 489357
23 62.310000 60.320000 1000000 5.926234 8.031182 5.922557 7.986604 0.023833 0.032258 0.043596 0.029326 0.032258 0.023830 0.032258 489350 588957
23 62.310000 60.320000 1000000 5.919209 8.030466 5.923728 7.987582 0.023833 0.032258 0.047737 0.035188 0.032258 0.023830 0.032258 588950 621512
23 62.310000 60.320000 1000000 5.917620 8.029749 5.923992 7.988559 0.023833 0.032258 0.043594 0.029323 0.032258 0.023830 0.032258 621510 935734
23 62.310000 60.320000 1000000 5.881551 7.912185 5.875622 7.944082 0.023833 0.032258 0.039886 0.023459 0.032258 0.023830 0.032258 935730 936248
23 62.310000 60.320000 1000000 5.877613 7.911468 5.871672 7.938217 0.023833 0.032258 0.039885 0.023457 0.032258 0.023830 0.032258 936240 1000000
23 62.310000 60.320000 1000000 5.877613 7.911468 5.871672 7.938217 0.023833 0.032258 0.039885 0.023457 0.032258 0.023830 0.032258 999990 1000000
