56 62.310000 60.320000 1000000 8.864218 12.188890 8.865994 11.889342 0.023824 0.032258 0.052213 0.041056 0.032258 0.023820 0.032258 0 51
56 62.310000 60.320000 1000000 8.770270 11.783512 8.727004 11.783525 0.023826 0.032258 0.074764 0.067446 0.032258 0.023827 0.032258 50 60
56 62.310000 60.320000 1000000 8.755101 11.779211 8.715310 11.762020 0.023824 0.032258 0.080099 0.073316 0.032258 0.023826 0.032258 60 70
56 62.310000 60.320000 1000000 8.582184 11.759856 8.618482 11.663779 0.023828 0.032258 0.074769 0.067452 0.032258 0.023828 0.032258 70 81
56 62.310000 60.320000 1000000 8.497823 11.353759 8.490251 11.542810 0.023828 0.032258 0.066935 0.058649 0.032258 0.023825 0.032258 80 108
56 62.310000 60.320000 1000000 8.493596 11.353042 8.486012 11.536945 0.023829 0.032258 0.061860 0.052784 0.032258 0.023826 0.032258 100 120
56 62.310000 60.320000 1000000 8.395150 11.335838 8.419341 11.444081 0.023823 0.032258 0.104797 0.099709 0.032258 0.023821 0.032258 110 138
56 62.310000 60.320000 1000000 8.170550 11.070961 8.224626 10.950189 0.023628 0.032258 0.449840 0.448682 0.032258 0.023680 0.032258 130 189
56 62.310000 60.320000 1000000 6.555737 8.118997 6.619443 8.337777 0.022607 0.032258 0.438133 0.436944 0.032258 0.022755 0.032258 180 218
56 62.310000 60.320000 1000000 6.526193 8.114695 6.588548 8.293789 0.022637 0.032258 0.420589 0.419350 0.032258 0.022778 0.032258 190 233
56 62.310000 60.320000 1000000 6.365886 7.527593 6.387785 8.075069 0.022536 0.032258 0.367980 0.366564 0.032258 0.022591 0.032258 230 280
56 62.310000 60.320000 1000000 6.329331 7.409312 6.346106 8.038411 0.022530 0.032258 0.362142 0.360703 0.032258 0.022571 0.032258 260 288
56 62.310000 60.320000 1000000 5.498744 7.282071 5.518499 7.456057 0.023788 0.032258 0.104798 0.099709 0.032258 0.023790 0.032258 280 302
56 62.310000 60.320000 1000000 5.450067 7.220064 5.452609 7.396429 0.023791 0.032258 0.090958 0.085046 0.032258 0.023789 0.032258 300 420
56 62.310000 60.320000 1000000 5.389981 7.212178 5.392609 7.331913 0.023827 0.032258 0.049939 0.038122 0.032258 0.023824 0.032258 330 468
56 62.310000 60.320000 1000000 5.372431 7.210028 5.375085 7.314318 0.023831 0.032258 0.038237 0.020529 0.032258 0.023828 0.032258 350 371
56 62.310000 60.320000 1000000 5.361940 7.207877 5.362769 7.292324 0.023832 0.032258 0.041681 0.026395 0.032258 0.023829 0.032258 370 468
56 62.310000 60.320000 1000000 5.358015 7.207160 5.358846 7.286459 0.023832 0.032258 0.045622 0.032260 0.032258 0.023829 0.032258 460 543
56 62.310000 60.320000 1000000 5.351767 7.206444 5.350254 7.278394 0.023831 0.032258 0.045620 0.032259 0.032258 0.023829 0.032258 540 559
56 62.310000 60.320000 1000000 5.348432 7.205727 5.346915 7.272529 0.023832 0.032258 0.041680 0.026393 0.032258 0.023829 0.032258 550 611
56 62.310000 60.320000 1000000 5.337197 7.201426 5.338132 7.241737 0.023833 0.032258 0.041682 0.026396 0.032258 0.023830 0.032258 610 793
56 62.310000 60.320000 1000000 5.319556 7.198558 5.320500 7.218277 0.023834 0.032258 0.035436 0.014665 0.032258 0.023831 0.032258 790 819
56 62.310000 60.320000 1000000 5.316336 7.197841 5.317281 7.212412 0.023834 0.032258 0.035436 0.014667 0.032258 0.023831 0.032258 810 996
56 62.310000 60.320000 1000000 5.313913 7.197125 5.313950 7.204347 0.023834 0.032258 0.033438 0.008802 0.032258 0.023831 0.032258 990 1097
56 62.310000 60.320000 1000000 5.308442 7.196408 5.308479 7.198482 0.023834 0.032258 0.033438 0.008804 0.032258 0.023831 0.032258 1090 1428
56 62.310000 60.320000 1000000 5.296783 7.138701 5.290637 7.185041 0.023833 0.032258 0.034327 0.011737 0.032258 0.023831 0.032258 1420 1582
56 62.310000 60.320000 1000000 5.290488 7.137984 5.281945 7.176977 0.023833 0.032258 0.034327 0.011737 0.032258 0.023831 0.032258 1580 1778
56 62.310000 60.320000 1000000 5.288891 7.137267 5.282212 7.177954 0.023833 0.032258 0.036748 0.017602 0.032258 0.023831 0.032258 1770 2547
56 62.310000 60.320000 1000000 5.287659 7.136192 5.280322 7.164513 0.023834 0.032258 0.035437 0.014669 0.032258 0.023831 0.032258 2540 3382
56 62.310000 60.320000 1000000 5.283675 7.135475 5.276321 7.158648 0.023834 0.032258 0.035436 0.014667 0.032258 0.023831 0.032258 3380 5011
56 62.310000 60.320000 1000000 5.281272 7.134758 5.273003 7.150584 0.023834 0.032258 0.035436 0.014667 0.032258 0.023831 0.032258 5010 6430
56 62.310000 60.320000 1000000 5.274150 7.134042 5.274193 7.151561 0.023834 0.032258 0.033438 0.008802 0.032258 0.023831 0.032258 6430 8554
56 62.310000 60.320000 1000000 5.269471 7.133325 5.269514 7.145696 0.023834 0.032258 0.035436 0.014666 0.032258 0.023831 0.032258 8550 11577
56 62.310000 60.320000 1000000 5.261883 7.130816 5.261284 7.120525 0.023834 0.032258 0.034326 0.011735 0.032258 0.023831 0.032258 11570 15770
56 62.310000 60.320000 1000000 5.250233 7.073109 5.243447 7.107084 0.023834 0.032258 0.035436 0.014667 0.032258 0.023831 0.032258 15770 39194
56 62.310000 60.320000 1000000 5.249039 7.072034 5.241616 7.093643 0.023834 0.032258 0.036745 0.017596 0.032258 0.023831 0.032258 39190 40003
56 62.310000 60.320000 1000000 5.246655 7.071317 5.238322 7.085579 0.023834 0.032258 0.036745 0.017595 0.032258 0.023831 0.032258 40000 50702
56 62.310000 60.320000 1000000 5.241123 7.070600 5.232764 7.079714 0.023834 0.032258 0.036746 0.017597 0.032258 0.023831 0.032258 50700 94061
56 62.310000 60.320000 1000000 5.229652 7.012893 5.215124 7.066273 0.023832 0.032258 0.038237 0.020530 0.032258 0.023830 0.032258 94060 102530
56 62.310000 60.320000 1000000 5.218421 6.955187 5.197791 7.052832 0.023830 0.032258 0.039888 0.023462 0.032258 0.023827 0.032258 102530 110536
56 62.310000 60.320000 1000000 5.214387 6.954470 5.193709 7.046967 0.023831 0.032258 0.036746 0.017597 0.032258 0.023828 0.032258 110530 117708
56 62.310000 60.320000 1000000 5.209676 6.953753 5.188941 7.041102 0.023830 0.032258 0.039887 0.023461 0.032258 0.023828 0.032258 117700 137939
56 62.310000 60.320000 1000000 5.203236 6.953036 5.179973 7.033037 0.023831 0.032258 0.039887 0.023461 0.032258 0.023829 0.032258 137930 138132
56 62.310000 60.320000 1000000 5.196947 6.952319 5.171202 7.024973 0.023831 0.032258 0.043594 0.029324 0.032258 0.023830 0.032258 138130 148726
56 62.310000 60.320000 1000000 5.189729 6.950169 5.167717 7.021063 0.023831 0.032258 0.043596 0.029326 0.032258 0.023830 0.032258 148720 175265
56 62.310000 60.320000 1000000 5.187328 6.949452 5.164372 7.012998 0.023831 0.032258 0.043596 0.029326 0.032258 0.023830 0.032258 175260 260566
56 62.310000 60.320000 1000000 5.168961 6.947301 5.154460 7.002246 0.023833 0.032258 0.039890 0.023465 0.032258 0.023830 0.032258 260560 282065
56 62.310000 60.320000 1000000 5.166597 6.946585 5.151182 6.994181 0.023832 0.032258 0.043598 0.029329 0.032258 0.023830 0.032258 282060 295724
56 62.310000 60.320000 1000000 5.161886 6.945868 5.146428 6.988316 0.023832 0.032258 0.043598 0.029329 0.032258 0.023830 0.032258 295720 421591
56 62.310000 60.320000 1000000 5.160302 6.945151 5.146694 6.989294 0.023832 0.032258 0.043599 0.029330 0.032258 0.023830 0.032258 421590 648606
56 62.310000 60.320000 1000000 5.130209 6.941567 5.128601 6.969255 0.023833 0.032258 0.036747 0.017600 0.032258 0.023830 0.032258 648600 751335
56 62.310000 60.320000 1000000 5.127858 6.940850 5.125364 6.961190 0.023833 0.032258 0.039889 0.023464 0.032258 0.023830 0.032258 751330 777222
56 62.310000 60.320000 1000000 5.126612 6.939775 5.123457 6.947750 0.023833 0.032258 0.038238 0.020531 0.032258 0.023830 0.032258 777220 805349
56 62.310000 60.320000 1000000 5.123385 6.939058 5.120224 6.941885 0.023833 0.032258 0.038238 0.020531 0.032258 0.023831 0.032258 805340 806507
56 62.310000 60.320000 1000000 5.120241 6.938341 5.117075 6.936019 0.023833 0.032258 0.038238 0.020531 0.032258 0.023830 0.032258 806500 879839
56 62.310000 60.320000 1000000 5.113240 6.937624 5.118241 6.936997 0.023833 0.032258 0.038238 0.020531 0.032258 0.023830 0.032258 879830 1000000
56 62.310000 60.320000 1000000 5.113240 6.937624 5.118241 6.936997 0.023833 0.032258 0.038238 0.020531 0.032258 0.023830 0.032258 999990 1000000
