60 62.310000 60.320000 1000000 9.559181 12.480963 9.563709 12.905212 0.023607 0.032258 0.262986 0.261000 0.032258 0.023607 0.032258 0 50
60 62.310000 60.320000 1000000 9.329727 12.385264 9.336409 12.587763 0.023683 0.032258 0.254256 0.252201 0.032258 0.023682 0.032258 50 60
60 62.310000 60.320000 1000000 9.108155 12.355157 9.112981 12.339230 0.023834 0.032258 0.036746 0.017598 0.032258 0.023831 0.032258 60 75
60 62.310000 60.320000 1000000 9.091790 12.351572 9.093987 12.303306 0.023833 0.032258 0.052211 0.041054 0.032258 0.023830 0.032258 70 80
60 62.310000 60.320000 1000000 9.078107 12.349063 9.087847 12.284977 0.023833 0.032258 0.059376 0.049849 0.032258 0.023830 0.032258 80 123
60 62.310000 60.320000 1000000 8.965824 11.772004 8.915139 12.150569 0.023820 0.032258 0.074763 0.067446 0.032258 0.023813 0.032258 100 140
60 62.310000 60.320000 1000000 8.852071 11.644406 8.851698 12.076522 0.023815 0.032258 0.059380 0.049854 0.032258 0.023810 0.032258 140 188
60 62.310000 60.320000 1000000 8.784544 11.635804 8.758430 11.979748 0.023814 0.032258 0.074765 0.067447 0.032258 0.023810 0.032258 150 218
60 62.310000 60.320000 1000000 8.685321 11.452650 8.647186 11.877843 0.023810 0.032258 0.077419 0.070379 0.032258 0.023803 0.032258 210 282
60 62.310000 60.320000 1000000 8.500026 11.145483 8.480396 11.699202 0.023801 0.032258 0.080097 0.073314 0.032258 0.023794 0.032258 260 426
60 62.310000 60.320000 1000000 8.497152 11.143332 8.475974 11.672320 0.023802 0.032258 0.074766 0.067448 0.032258 0.023796 0.032258 370 418
60 62.310000 60.320000 1000000 8.436662 10.906415 8.385191 11.548663 0.023790 0.032258 0.127321 0.123167 0.032258 0.023780 0.032258 410 489
60 62.310000 60.320000 1000000 8.323504 10.888494 8.316735 11.436737 0.023795 0.032258 0.088220 0.082111 0.032258 0.023799 0.032258 480 498
60 62.310000 60.320000 1000000 8.235723 10.877741 8.196618 11.317970 0.023782 0.032258 0.116011 0.111436 0.032258 0.023783 0.032258 490 522
60 62.310000 60.320000 1000000 8.158795 10.867706 8.118563 11.235859 0.023779 0.032258 0.110389 0.105570 0.032258 0.023784 0.032258 510 527
60 62.310000 60.320000 1000000 8.147879 10.810000 8.101617 11.222418 0.023777 0.032258 0.113196 0.108503 0.032258 0.023781 0.032258 520 539
60 62.310000 60.320000 1000000 8.051615 10.783835 8.015497 10.966310 0.023781 0.032258 0.219390 0.217006 0.032258 0.023798 0.032258 530 557
60 62.310000 60.320000 1000000 7.987122 10.770215 8.026240 10.984883 0.023786 0.032258 0.161613 0.158361 0.032258 0.023797 0.032258 550 590
60 62.310000 60.320000 1000000 7.901174 10.757312 7.940531 10.877112 0.023798 0.032258 0.104796 0.099707 0.032258 0.023806 0.032258 590 635
60 62.310000 60.320000 1000000 7.895483 10.755878 7.937084 10.872224 0.023801 0.032258 0.093709 0.087982 0.032258 0.023808 0.032258 630 716
60 62.310000 60.320000 1000000 7.893633 10.755161 7.937388 10.873202 0.023802 0.032258 0.099236 0.093847 0.032258 0.023808 0.032258 710 744
60 62.310000 60.320000 1000000 7.881792 10.697455 7.919574 10.859761 0.023802 0.032258 0.096468 0.090914 0.032258 0.023807 0.032258 740 769
60 62.310000 60.320000 1000000 7.880397 10.696380 7.917473 10.846320 0.023803 0.032258 0.093709 0.087982 0.032258 0.023808 0.032258 760 892
60 62.310000 60.320000 1000000 7.851208 10.691721 7.883576 10.799155 0.023799 0.032258 0.085502 0.079183 0.032258 0.023802 0.032258 890 1130
60 62.310000 60.320000 1000000 7.782184 10.566990 7.802879 10.696027 0.023812 0.032258 0.074769 0.067452 0.032258 0.023813 0.032258 1100 1399
60 62.310000 60.320000 1000000 7.768528 10.564839 7.789332 10.678432 0.023810 0.032258 0.080099 0.073316 0.032258 0.023811 0.032258 1390 1634
60 62.310000 60.320000 1000000 7.761959 10.564122 7.790416 10.679410 0.023808 0.032258 0.085500 0.079181 0.032258 0.023811 0.032258 1630 1674
60 62.310000 60.320000 1000000 7.721893 10.488854 7.734584 10.452627 0.023811 0.032258 0.118833 0.114371 0.032258 0.023814 0.032258 1670 1696
60 62.310000 60.320000 1000000 7.717308 10.488137 7.730023 10.446762 0.023810 0.032258 0.118833 0.114371 0.032258 0.023813 0.032258 1690 1755
60 62.310000 60.320000 1000000 7.714177 10.487420 7.726907 10.440897 0.023810 0.032258 0.124487 0.120234 0.032258 0.023813 0.032258 1750 1866
60 62.310000 60.320000 1000000 7.697186 10.485270 7.725177 10.436987 0.023807 0.032258 0.130162 0.126101 0.032258 0.023814 0.032258 1860 2157
60 62.310000 60.320000 1000000 7.691900 10.484553 7.719948 10.431122 0.023806 0.032258 0.135852 0.131966 0.032258 0.023813 0.032258 2150 2288
60 62.310000 60.320000 1000000 7.639688 10.416094 7.646830 10.296712 0.023821 0.032258 0.133003 0.129032 0.032258 0.023832 0.032258 2280 3372
60 62.310000 60.320000 1000000 7.627234 10.414660 7.629738 10.280583 0.023820 0.032258 0.121657 0.117302 0.032258 0.023831 0.032258 2470 3355
60 62.310000 60.320000 1000000 7.617976 10.413227 7.620489 10.268853 0.023820 0.032258 0.127322 0.123168 0.032258 0.023830 0.032258 2500 2877
60 62.310000 60.320000 1000000 7.605882 10.411793 7.603862 10.252724 0.023818 0.032258 0.127322 0.123168 0.032258 0.023828 0.032258 2620 2823
60 62.310000 60.320000 1000000 7.599986 10.411076 7.595745 10.244659 0.023817 0.032258 0.133002 0.129030 0.032258 0.023826 0.032258 2820 2877
60 62.310000 60.320000 1000000 7.595443 10.410359 7.591194 10.238794 0.023816 0.032258 0.138699 0.134896 0.032258 0.023826 0.032258 2870 3903
60 62.310000 60.320000 1000000 7.501960 10.109643 7.498443 10.174523 0.023831 0.032258 0.054547 0.043986 0.032258 0.023828 0.032258 3350 3766
60 62.310000 60.320000 1000000 7.495455 10.107493 7.491981 10.159371 0.023832 0.032258 0.049940 0.038124 0.032258 0.023829 0.032258 3760 3903
60 62.310000 60.320000 1000000 7.478243 10.105342 7.472461 10.139576 0.023831 0.032258 0.045620 0.032259 0.032258 0.023828 0.032258 3900 4392
60 62.310000 60.320000 1000000 7.474028 10.104625 7.468236 10.133711 0.023832 0.032258 0.041680 0.026394 0.032258 0.023829 0.032258 4390 4423
60 62.310000 60.320000 1000000 7.467060 10.103909 7.469398 10.134689 0.023832 0.032258 0.041680 0.026393 0.032258 0.023829 0.032258 4420 4769
60 62.310000 60.320000 1000000 7.460206 10.103192 7.470538 10.135666 0.023831 0.032258 0.041681 0.026395 0.032258 0.023829 0.032258 4760 6093
60 62.310000 60.320000 1000000 7.434637 10.098174 7.446964 10.101453 0.023832 0.032258 0.054553 0.043994 0.032258 0.023829 0.032258 6090 6104
60 62.310000 60.320000 1000000 7.433416 10.097099 7.445108 10.088012 0.023832 0.032258 0.052217 0.041061 0.032258 0.023829 0.032258 6100 6582
60 62.310000 60.320000 1000000 7.427872 10.096382 7.439590 10.082147 0.023832 0.032258 0.052217 0.041061 0.032258 0.023829 0.032258 6580 7233
60 62.310000 60.320000 1000000 7.416075 10.038676 7.421630 10.068707 0.023832 0.032258 0.049944 0.038128 0.032258 0.023829 0.032258 7230 8931
60 62.310000 60.320000 1000000 7.378202 10.033658 7.387340 10.030094 0.023829 0.032258 0.059382 0.049856 0.032258 0.023827 0.032258 8930 11671
60 62.310000 60.320000 1000000 7.330786 9.858390 7.321452 9.972177 0.023828 0.032258 0.061865 0.052789 0.032258 0.023825 0.032258 11670 12853
60 62.310000 60.320000 1000000 7.319544 9.856956 7.310166 9.960446 0.023829 0.032258 0.052215 0.041059 0.032258 0.023826 0.032258 11730 12215
60 62.310000 60.320000 1000000 7.314066 9.856239 7.304667 9.954581 0.023828 0.032258 0.047741 0.035194 0.032258 0.023825 0.032258 12210 12853
60 62.310000 60.320000 1000000 7.307931 9.855522 7.296196 9.946517 0.023828 0.032258 0.052215 0.041059 0.032258 0.023825 0.032258 12850 14608
60 62.310000 60.320000 1000000 7.303982 9.854805 7.292227 9.940652 0.023828 0.032258 0.052215 0.041059 0.032258 0.023825 0.032258 14600 15418
60 62.310000 60.320000 1000000 7.302718 9.853730 7.290287 9.927211 0.023828 0.032258 0.054550 0.043990 0.032258 0.023825 0.032258 15410 17289
60 62.310000 60.320000 1000000 7.284917 9.851580 7.280694 9.916458 0.023827 0.032258 0.045621 0.032259 0.032258 0.023824 0.032258 17280 25053
60 62.310000 60.320000 1000000 7.281007 9.850863 7.276778 9.910593 0.023827 0.032258 0.045621 0.032259 0.032258 0.023824 0.032258 25050 29441
60 62.310000 60.320000 1000000 7.254131 9.734734 7.237585 9.877847 0.023825 0.032258 0.049941 0.038125 0.032258 0.023822 0.032258 29440 30090
60 62.310000 60.320000 1000000 7.227116 9.731867 7.232531 9.872715 0.023823 0.032258 0.045623 0.032263 0.032258 0.023822 0.032258 30090 32839
60 62.310000 60.320000 1000000 7.224460 9.731150 7.228888 9.864650 0.023824 0.032258 0.045623 0.032263 0.032258 0.023823 0.032258 32830 33660
60 62.310000 60.320000 1000000 7.213062 9.673444 7.211483 9.851209 0.023823 0.032258 0.043599 0.029331 0.032258 0.023821 0.032258 33660 33771
60 62.310000 60.320000 1000000 7.209191 9.672727 7.207610 9.845344 0.023823 0.032258 0.047742 0.035196 0.032258 0.023821 0.032258 33770 37189
60 62.310000 60.320000 1000000 7.205391 9.672010 7.203808 9.839479 0.023822 0.032258 0.052217 0.041061 0.032258 0.023820 0.032258 37180 39500
60 62.310000 60.320000 1000000 7.166264 9.662691 7.167771 9.774719 0.023828 0.032258 0.052215 0.041058 0.032258 0.023825 0.032258 39500 44012
60 62.310000 60.320000 1000000 7.160763 9.661974 7.162274 9.768853 0.023828 0.032258 0.056941 0.046922 0.032258 0.023825 0.032258 44010 48549
60 62.310000 60.320000 1000000 7.156963 9.661258 7.158476 9.762988 0.023828 0.032258 0.056942 0.046924 0.032258 0.023825 0.032258 48540 54749
60 62.310000 60.320000 1000000 7.125470 9.653372 7.118672 9.678678 0.023829 0.032258 0.052215 0.041059 0.032258 0.023827 0.032258 53430 70079
60 62.310000 60.320000 1000000 7.119985 9.652655 7.113172 9.672813 0.023829 0.032258 0.052215 0.041059 0.032258 0.023827 0.032258 70070 70580
60 62.310000 60.320000 1000000 7.115356 9.651939 7.108530 9.666948 0.023829 0.032258 0.052215 0.041059 0.032258 0.023827 0.032258 70580 77924
60 62.310000 60.320000 1000000 7.103661 9.594233 7.090586 9.653507 0.023829 0.032258 0.054551 0.043991 0.032258 0.023827 0.032258 77920 93613
60 62.310000 60.320000 1000000 7.077556 9.591365 7.065506 9.630291 0.023829 0.032258 0.049940 0.038124 0.032258 0.023828 0.032258 93610 102981
60 62.310000 60.320000 1000000 7.072071 9.590648 7.059993 9.624426 0.023829 0.032258 0.045621 0.032259 0.032258 0.023828 0.032258 102980 107995
60 62.310000 60.320000 1000000 7.034442 9.416814 7.003640 9.578238 0.023827 0.032258 0.052212 0.041055 0.032258 0.023826 0.032258 107990 123511
60 62.310000 60.320000 1000000 7.028204 9.416097 6.994945 9.570174 0.023826 0.032258 0.056939 0.046920 0.032258 0.023826 0.032258 123510 131712
60 62.310000 60.320000 1000000 7.025448 9.413947 6.990672 9.543292 0.023828 0.032258 0.056938 0.046919 0.032258 0.023828 0.032258 124040 133445
60 62.310000 60.320000 1000000 7.004319 9.411796 6.994228 9.546225 0.023827 0.032258 0.047739 0.035191 0.032258 0.023828 0.032258 124740 178099
60 62.310000 60.320000 1000000 7.001974 9.411079 6.990988 9.538161 0.023827 0.032258 0.052213 0.041056 0.032258 0.023828 0.032258 178090 200623
60 62.310000 60.320000 1000000 6.995777 9.410362 6.982423 9.530096 0.023827 0.032258 0.052213 0.041056 0.032258 0.023827 0.032258 200620 218921
60 62.310000 60.320000 1000000 6.974564 9.407495 6.961087 9.506636 0.023826 0.032258 0.056939 0.046919 0.032258 0.023827 0.032258 218920 232022
60 62.310000 60.320000 1000000 6.969836 9.406778 6.956332 9.500770 0.023826 0.032258 0.056939 0.046919 0.032258 0.023827 0.032258 232020 278599
60 62.310000 60.320000 1000000 6.961835 9.405344 6.948284 9.489040 0.023827 0.032258 0.052213 0.041056 0.032258 0.023828 0.032258 251820 300053
60 62.310000 60.320000 1000000 6.957178 9.404628 6.943599 9.483175 0.023826 0.032258 0.052214 0.041058 0.032258 0.023828 0.032258 300050 370831
60 62.310000 60.320000 1000000 6.923892 9.401043 6.939552 9.479021 0.023822 0.032258 0.066938 0.058653 0.032258 0.023828 0.032258 370830 427030
60 62.310000 60.320000 1000000 6.867707 9.220757 6.884121 9.441631 0.023826 0.032258 0.059383 0.049857 0.032258 0.023823 0.032258 427030 429509
60 62.310000 60.320000 1000000 6.864393 9.220040 6.880831 9.435766 0.023826 0.032258 0.054551 0.043992 0.032258 0.023823 0.032258 429500 467253
60 62.310000 60.320000 1000000 6.858083 9.219323 6.872211 9.427701 0.023826 0.032258 0.049943 0.038127 0.032258 0.023823 0.032258 467250 524764
60 62.310000 60.320000 1000000 6.851886 9.218607 6.863739 9.419637 0.023826 0.032258 0.049943 0.038127 0.032258 0.023822 0.032258 524760 533889
60 62.310000 60.320000 1000000 6.849431 9.217890 6.860380 9.411572 0.023826 0.032258 0.054550 0.043990 0.032258 0.023823 0.032258 533880 560625
60 62.310000 60.320000 1000000 6.827987 9.214306 6.839039 9.382247 0.023827 0.032258 0.059378 0.049851 0.032258 0.023822 0.032258 560620 653428
60 62.310000 60.320000 1000000 6.823949 9.213589 6.835021 9.376382 0.023827 0.032258 0.059379 0.049853 0.032258 0.023822 0.032258 653420 874336
60 62.310000 60.320000 1000000 6.815815 9.211438 6.830746 9.372472 0.023827 0.032258 0.059382 0.049856 0.032258 0.023823 0.032258 874330 901207
60 62.310000 60.320000 1000000 6.809633 9.210721 6.822298 9.364407 0.023827 0.032258 0.054551 0.043991 0.032258 0.023822 0.032258 901200 1000000
60 62.310000 60.320000 1000000 6.809633 9.210721 6.822298 9.364407 0.023827 0.032258 0.054551 0.043991 0.032258 0.023822 0.032258 999990 1000000
