15 62.310000 60.320000 1000000 9.544446 12.867342 9.494631 12.724617 0.023819 0.032258 0.170235 0.167151 0.032258 0.023818 0.032258 0 50
15 62.310000 60.320000 1000000 9.259423 12.429708 9.148529 12.396903 0.023815 0.032258 0.088225 0.082116 0.032258 0.023835 0.032258 50 63
15 62.310000 60.320000 1000000 9.254078 12.428991 9.142987 12.391038 0.023815 0.032258 0.082794 0.076251 0.032258 0.023835 0.032258 60 75
15 62.310000 60.320000 1000000 9.227693 12.423974 9.115622 12.349983 0.023811 0.032258 0.116014 0.111439 0.032258 0.023835 0.032258 70 83
15 62.310000 60.320000 1000000 9.220075 12.422540 9.107247 12.342895 0.023810 0.032258 0.121660 0.117305 0.032258 0.023834 0.032258 80 101
15 62.310000 60.320000 1000000 9.216190 12.421823 9.103216 12.337030 0.023810 0.032258 0.116015 0.111440 0.032258 0.023835 0.032258 100 119
15 62.310000 60.320000 1000000 9.203324 12.418956 9.091732 12.320413 0.023808 0.032258 0.110395 0.105577 0.032258 0.023834 0.032258 110 120
15 62.310000 60.320000 1000000 9.102533 12.409637 9.108824 12.333120 0.023832 0.032258 0.047741 0.035194 0.032258 0.023829 0.032258 120 150
15 62.310000 60.320000 1000000 9.090740 12.406052 9.092630 12.292798 0.023832 0.032258 0.043595 0.029324 0.032258 0.023829 0.032258 150 168
15 62.310000 60.320000 1000000 9.089162 12.405336 9.092893 12.293776 0.023832 0.032258 0.043595 0.029324 0.032258 0.023829 0.032258 160 171
15 62.310000 60.320000 1000000 9.082054 12.404619 9.094074 12.294753 0.023832 0.032258 0.043596 0.029325 0.032258 0.023829 0.032258 170 191
15 62.310000 60.320000 1000000 9.078065 12.401751 9.090633 12.268849 0.023832 0.032258 0.039887 0.023460 0.032258 0.023829 0.032258 190 222
15 62.310000 60.320000 1000000 9.062949 12.343329 9.069226 12.249543 0.023833 0.032258 0.038235 0.020526 0.032258 0.023830 0.032258 220 282
15 62.310000 60.320000 1000000 9.051978 12.341895 9.058277 12.237812 0.023832 0.032258 0.041677 0.026389 0.032258 0.023829 0.032258 240 369
15 62.310000 60.320000 1000000 8.841838 11.242615 8.733902 11.949690 0.023783 0.032258 0.077421 0.070380 0.032258 0.023766 0.032258 360 414
15 62.310000 60.320000 1000000 8.840178 11.241898 8.734189 11.950667 0.023783 0.032258 0.077425 0.070385 0.032258 0.023766 0.032258 410 425
15 62.310000 60.320000 1000000 8.832144 11.240106 8.722530 11.929162 0.023785 0.032258 0.074768 0.067451 0.032258 0.023769 0.032258 420 433
15 62.310000 60.320000 1000000 8.827095 11.239389 8.717289 11.923296 0.023786 0.032258 0.069524 0.061587 0.032258 0.023771 0.032258 430 505
15 62.310000 60.320000 1000000 8.682961 11.167346 8.725081 11.929406 0.023760 0.032258 0.072135 0.064520 0.032258 0.023765 0.032258 500 551
15 62.310000 60.320000 1000000 8.506707 10.920752 8.541083 11.761029 0.023740 0.032258 0.082793 0.076250 0.032258 0.023752 0.032258 540 571
15 62.310000 60.320000 1000000 8.407114 10.905698 8.442716 11.637862 0.023764 0.032258 0.093709 0.087982 0.032258 0.023773 0.032258 570 846
15 62.310000 60.320000 1000000 8.044523 10.795663 8.063846 11.168899 0.023769 0.032258 0.124484 0.120232 0.032258 0.023791 0.032258 840 1171
15 62.310000 60.320000 1000000 7.982086 10.784193 8.006962 11.088743 0.023779 0.032258 0.124487 0.120235 0.032258 0.023796 0.032258 1030 1211
15 62.310000 60.320000 1000000 7.909167 10.606058 7.903262 10.994169 0.023768 0.032258 0.110389 0.105571 0.032258 0.023779 0.032258 1210 1285
15 62.310000 60.320000 1000000 7.891663 10.602832 7.884807 10.963133 0.023767 0.032258 0.107588 0.102638 0.032258 0.023780 0.032258 1280 1544
15 62.310000 60.320000 1000000 7.887039 10.602115 7.880170 10.957268 0.023767 0.032258 0.102008 0.096773 0.032258 0.023779 0.032258 1540 1566
15 62.310000 60.320000 1000000 7.884809 10.601398 7.880542 10.958245 0.023769 0.032258 0.102008 0.096773 0.032258 0.023779 0.032258 1560 1642
15 62.310000 60.320000 1000000 7.854733 10.530789 7.834377 10.783515 0.023781 0.032258 0.121655 0.117300 0.032258 0.023799 0.032258 1640 1819
15 62.310000 60.320000 1000000 7.839892 10.525771 7.836862 10.790358 0.023794 0.032258 0.082788 0.076244 0.032258 0.023797 0.032258 1650 2101
15 62.310000 60.320000 1000000 7.828711 10.523621 7.827998 10.779605 0.023794 0.032258 0.077420 0.070379 0.032258 0.023796 0.032258 2100 2210
15 62.310000 60.320000 1000000 7.824229 10.522904 7.823515 10.773740 0.023793 0.032258 0.082787 0.076244 0.032258 0.023795 0.032258 2210 2224
15 62.310000 60.320000 1000000 7.807288 10.520753 7.814244 10.762987 0.023789 0.032258 0.077421 0.070381 0.032258 0.023793 0.032258 2220 2480
15 62.310000 60.320000 1000000 7.769678 10.346919 7.758824 10.716800 0.023784 0.032258 0.069521 0.061584 0.032258 0.023785 0.032258 2480 2787
15 62.310000 60.320000 1000000 7.734546 10.334016 7.758650 10.727552 0.023792 0.032258 0.147275 0.143699 0.032258 0.023783 0.032258 2780 3269
15 62.310000 60.320000 1000000 7.649293 10.318245 7.669692 10.594122 0.023808 0.032258 0.164485 0.161290 0.032258 0.023795 0.032258 3260 3300
15 62.310000 60.320000 1000000 7.645280 10.317528 7.665711 10.588257 0.023808 0.032258 0.158738 0.155425 0.032258 0.023795 0.032258 3300 3402
15 62.310000 60.320000 1000000 7.643751 10.316453 7.663394 10.574816 0.023809 0.032258 0.155867 0.152493 0.032258 0.023797 0.032258 3400 3882
15 62.310000 60.320000 1000000 7.638455 10.315736 7.658138 10.568951 0.023808 0.032258 0.155867 0.152492 0.032258 0.023796 0.032258 3880 4474
15 62.310000 60.320000 1000000 7.562525 10.285270 7.555975 10.209958 0.023832 0.032258 0.054546 0.043985 0.032258 0.023829 0.032258 4470 7134
15 62.310000 60.320000 1000000 7.537916 10.280252 7.548901 10.189674 0.023832 0.032258 0.045620 0.032258 0.032258 0.023829 0.032258 6600 8553
15 62.310000 60.320000 1000000 7.473972 10.102833 7.466248 10.114161 0.023830 0.032258 0.052214 0.041057 0.032258 0.023828 0.032258 8550 9481
15 62.310000 60.320000 1000000 7.466869 10.102117 7.467434 10.115138 0.023831 0.032258 0.052214 0.041057 0.032258 0.023828 0.032258 9480 10949
15 62.310000 60.320000 1000000 7.458629 10.100683 7.459196 10.103408 0.023832 0.032258 0.047741 0.035194 0.032258 0.023829 0.032258 9530 10625
15 62.310000 60.320000 1000000 7.454615 10.099966 7.455183 10.097543 0.023832 0.032258 0.047741 0.035194 0.032258 0.023829 0.032258 10620 10949
15 62.310000 60.320000 1000000 7.453427 10.098891 7.453368 10.084102 0.023832 0.032258 0.049942 0.038127 0.032258 0.023829 0.032258 10940 12259
15 62.310000 60.320000 1000000 7.407820 10.093873 7.435184 10.066018 0.023829 0.032258 0.059382 0.049856 0.032258 0.023829 0.032258 12250 15046
15 62.310000 60.320000 1000000 7.369598 10.031866 7.391091 10.017387 0.023828 0.032258 0.072134 0.064519 0.032258 0.023827 0.032258 15040 16089
15 62.310000 60.320000 1000000 7.367927 10.031149 7.391367 10.018364 0.023828 0.032258 0.072134 0.064519 0.032258 0.023827 0.032258 16080 18213
15 62.310000 60.320000 1000000 7.343953 10.028282 7.360598 9.988306 0.023827 0.032258 0.061865 0.052789 0.032258 0.023824 0.032258 18210 22471
15 62.310000 60.320000 1000000 7.308551 9.855164 7.306674 9.947983 0.023827 0.032258 0.054552 0.043992 0.032258 0.023825 0.032258 20660 25028
15 62.310000 60.320000 1000000 7.301731 9.853013 7.303742 9.944073 0.023829 0.032258 0.054553 0.043993 0.032258 0.023826 0.032258 25020 31973
15 62.310000 60.320000 1000000 7.294036 9.851580 7.296054 9.932343 0.023828 0.032258 0.064387 0.055723 0.032258 0.023825 0.032258 31170 31392
15 62.310000 60.320000 1000000 7.290294 9.850863 7.292314 9.926478 0.023827 0.032258 0.069525 0.061588 0.032258 0.023824 0.032258 31390 31973
15 62.310000 60.320000 1000000 7.272787 9.847995 7.274822 9.903017 0.023828 0.032258 0.054552 0.043992 0.032258 0.023824 0.032258 31970 34948
15 62.310000 60.320000 1000000 7.271532 9.846920 7.272906 9.889577 0.023828 0.032258 0.052216 0.041059 0.032258 0.023824 0.032258 34940 38182
15 62.310000 60.320000 1000000 7.268925 9.846203 7.269323 9.881512 0.023829 0.032258 0.047743 0.035196 0.032258 0.023825 0.032258 38180 45089
15 62.310000 60.320000 1000000 7.235288 9.841902 7.249668 9.857807 0.023825 0.032258 0.061866 0.052790 0.032258 0.023823 0.032258 45080 52290
15 62.310000 60.320000 1000000 7.170997 9.552656 7.163277 9.791581 0.023820 0.032258 0.064387 0.055724 0.032258 0.023816 0.032258 52290 55690
15 62.310000 60.320000 1000000 7.154773 9.550505 7.142215 9.769587 0.023822 0.032258 0.059383 0.049857 0.032258 0.023817 0.032258 55690 72245
15 62.310000 60.320000 1000000 7.124502 9.544054 7.111783 9.716801 0.023825 0.032258 0.064384 0.055720 0.032258 0.023821 0.032258 72240 73879
15 62.310000 60.320000 1000000 7.118903 9.543337 7.106154 9.710936 0.023825 0.032258 0.059381 0.049855 0.032258 0.023821 0.032258 73870 85115
15 62.310000 60.320000 1000000 7.085973 9.534735 7.062618 9.616362 0.023829 0.032258 0.059380 0.049854 0.032258 0.023828 0.032258 85110 122568
15 62.310000 60.320000 1000000 7.047666 9.474161 7.029809 9.588747 0.023828 0.032258 0.056941 0.046922 0.032258 0.023827 0.032258 122560 191368
15 62.310000 60.320000 1000000 7.036627 9.472011 7.018685 9.571152 0.023828 0.032258 0.052216 0.041059 0.032258 0.023827 0.032258 191360 211288
15 62.310000 60.320000 1000000 7.035268 9.470936 7.016592 9.557711 0.023829 0.032258 0.054551 0.043991 0.032258 0.023828 0.032258 211280 251386
15 62.310000 60.320000 1000000 6.996149 9.465918 6.985491 9.523498 0.023825 0.032258 0.074766 0.067449 0.032258 0.023825 0.032258 251380 281147
15 62.310000 60.320000 1000000 6.967020 9.462333 6.959698 9.496616 0.023825 0.032258 0.064383 0.055718 0.032258 0.023826 0.032258 281140 298680
15 62.310000 60.320000 1000000 6.932397 9.289216 6.906421 9.456294 0.023823 0.032258 0.066937 0.058651 0.032258 0.023824 0.032258 291310 309843
15 62.310000 60.320000 1000000 6.929175 9.288499 6.903162 9.450429 0.023823 0.032258 0.066935 0.058649 0.032258 0.023824 0.032258 309840 325921
15 62.310000 60.320000 1000000 6.922911 9.287782 6.894447 9.442364 0.023823 0.032258 0.066933 0.058647 0.032258 0.023825 0.032258 325920 337880
15 62.310000 60.320000 1000000 6.885681 9.113947 6.838808 9.396176 0.023816 0.032258 0.069519 0.061581 0.032258 0.023817 0.032258 337880 413824
15 62.310000 60.320000 1000000 6.883262 9.113231 6.835413 9.388112 0.023816 0.032258 0.074764 0.067447 0.032258 0.023818 0.032258 413820 489953
15 62.310000 60.320000 1000000 6.835578 9.107496 6.805094 9.359764 0.023815 0.032258 0.064382 0.055718 0.032258 0.023816 0.032258 489950 533319
15 62.310000 60.320000 1000000 6.832286 9.106779 6.801758 9.353899 0.023815 0.032258 0.064380 0.055716 0.032258 0.023816 0.032258 533310 673003
15 62.310000 60.320000 1000000 6.821328 9.049073 6.784767 9.340458 0.023813 0.032258 0.066934 0.058648 0.032258 0.023813 0.032258 673000 843656
15 62.310000 60.320000 1000000 6.789683 9.039754 6.773961 9.332638 0.023821 0.032258 0.077423 0.070383 0.032258 0.023813 0.032258 843650 862027
15 62.310000 60.320000 1000000 6.787212 9.039037 6.770539 9.324574 0.023821 0.032258 0.077423 0.070383 0.032258 0.023813 0.032258 862020 1000000
15 62.310000 60.320000 1000000 6.787212 9.039037 6.770539 9.324574 0.023821 0.032258 0.077423 0.070383 0.032258 0.023813 0.032258 999990 1000000
