18 62.310000 60.320000 1000000 9.233144 12.318639 9.203563 12.484893 0.023830 0.032258 0.047742 0.035195 0.032258 0.023827 0.032258 0 50
18 62.310000 60.320000 1000000 9.089923 12.298567 9.056960 12.305519 0.023828 0.032258 0.072130 0.064515 0.032258 0.023824 0.032258 50 61
18 62.310000 60.320000 1000000 9.081755 12.296417 9.052519 12.301609 0.023828 0.032258 0.072132 0.064517 0.032258 0.023825 0.032258 60 78
18 62.310000 60.320000 1000000 8.989494 12.227242 8.948532 12.189929 0.023820 0.032258 0.085499 0.079180 0.032258 0.023818 0.032258 70 83
18 62.310000 60.320000 1000000 8.965760 12.213263 8.916577 12.022284 0.023820 0.032258 0.099227 0.093837 0.032258 0.023820 0.032258 80 97
18 62.310000 60.320000 1000000 8.866715 11.859140 8.813093 11.952392 0.023821 0.032258 0.104795 0.099706 0.032258 0.023822 0.032258 90 113
18 62.310000 60.320000 1000000 8.807385 11.844086 8.743398 11.807230 0.023822 0.032258 0.104795 0.099707 0.032258 0.023827 0.032258 100 125
18 62.310000 60.320000 1000000 8.736913 11.832617 8.668478 11.715832 0.023820 0.032258 0.116011 0.111436 0.032258 0.023829 0.032258 120 139
18 62.310000 60.320000 1000000 8.732894 11.831900 8.664363 11.709967 0.023820 0.032258 0.110389 0.105571 0.032258 0.023829 0.032258 130 157
18 62.310000 60.320000 1000000 8.405591 11.786739 8.698245 11.753466 0.023547 0.032258 0.365065 0.363637 0.032258 0.023874 0.032258 150 179
18 62.310000 60.320000 1000000 8.176991 11.747312 8.493069 11.430885 0.023344 0.032258 0.610828 0.609975 0.032258 0.023652 0.032258 170 186
18 62.310000 60.320000 1000000 8.172246 11.746595 8.488835 11.425020 0.023345 0.032258 0.604971 0.604110 0.032258 0.023653 0.032258 180 307
18 62.310000 60.320000 1000000 8.128066 11.698208 8.428456 10.820182 0.023314 0.032258 0.730918 0.730206 0.032258 0.023596 0.032258 190 281
18 62.310000 60.320000 1000000 7.140539 8.638348 7.274651 9.374188 0.023006 0.032258 0.886219 0.885632 0.032258 0.023020 0.032258 250 539
18 62.310000 60.320000 1000000 7.119478 8.636914 7.247231 9.358059 0.023032 0.032258 0.874497 0.873901 0.032258 0.023049 0.032258 270 308
18 62.310000 60.320000 1000000 7.078929 8.634047 7.194244 9.325801 0.023078 0.032258 0.851052 0.850441 0.032258 0.023102 0.032258 280 298
18 62.310000 60.320000 1000000 7.069118 8.633330 7.181384 9.317737 0.023089 0.032258 0.845192 0.844576 0.032258 0.023114 0.032258 290 336
18 62.310000 60.320000 1000000 6.880241 8.601072 6.994284 9.049408 0.023189 0.032258 0.581542 0.580646 0.032258 0.023189 0.032258 310 360
18 62.310000 60.320000 1000000 6.597187 8.575265 6.616540 8.759085 0.023345 0.032258 0.370907 0.369502 0.032258 0.023358 0.032258 320 730
18 62.310000 60.320000 1000000 6.595132 8.573115 6.613427 8.732203 0.023343 0.032258 0.376747 0.375363 0.032258 0.023356 0.032258 330 723
18 62.310000 60.320000 1000000 6.273848 8.542290 6.295081 8.480004 0.023824 0.032258 0.127319 0.123165 0.032258 0.023822 0.032258 350 626
18 62.310000 60.320000 1000000 6.180043 8.246236 6.159308 8.328490 0.023824 0.032258 0.099231 0.093842 0.032258 0.023821 0.032258 540 618
18 62.310000 60.320000 1000000 6.135239 8.182795 6.108024 8.268129 0.023829 0.032258 0.059380 0.049854 0.032258 0.023827 0.032258 610 978
18 62.310000 60.320000 1000000 6.131834 8.181362 6.108599 8.270084 0.023830 0.032258 0.049940 0.038123 0.032258 0.023827 0.032258 640 1099
18 62.310000 60.320000 1000000 6.128576 8.179928 6.109147 8.272039 0.023830 0.032258 0.041680 0.026393 0.032258 0.023827 0.032258 750 1144
18 62.310000 60.320000 1000000 6.122980 8.179211 6.103498 8.266173 0.023831 0.032258 0.045620 0.032258 0.032258 0.023827 0.032258 1140 1287
18 62.310000 60.320000 1000000 6.104001 8.175627 6.083221 8.246134 0.023831 0.032258 0.054552 0.043992 0.032258 0.023829 0.032258 1280 1854
18 62.310000 60.320000 1000000 6.093049 8.174193 6.072156 8.234404 0.023830 0.032258 0.059384 0.049859 0.032258 0.023829 0.032258 1440 1939
18 62.310000 60.320000 1000000 6.060677 8.169175 6.054762 8.202635 0.023833 0.032258 0.038240 0.020534 0.032258 0.023831 0.032258 1930 2090
18 62.310000 60.320000 1000000 6.055820 8.168459 6.049891 8.196770 0.023834 0.032258 0.035437 0.014670 0.032258 0.023831 0.032258 2090 2292
18 62.310000 60.320000 1000000 6.048747 8.167742 6.051071 8.197747 0.023834 0.032258 0.035437 0.014668 0.032258 0.023831 0.032258 2290 3048
18 62.310000 60.320000 1000000 6.035010 8.165233 6.031994 8.168177 0.023834 0.032258 0.034327 0.011736 0.032258 0.023831 0.032258 3040 3550
18 62.310000 60.320000 1000000 6.030997 8.164516 6.027976 8.162312 0.023834 0.032258 0.034327 0.011736 0.032258 0.023831 0.032258 3550 5170
18 62.310000 60.320000 1000000 6.025526 8.163799 6.022496 8.156447 0.023834 0.032258 0.034327 0.011737 0.032258 0.023831 0.032258 5170 5967
18 62.310000 60.320000 1000000 6.021589 8.163082 6.018553 8.150582 0.023833 0.032258 0.036747 0.017600 0.032258 0.023831 0.032258 5960 8018
18 62.310000 60.320000 1000000 6.009913 8.105377 6.000659 8.137141 0.023833 0.032258 0.038239 0.020533 0.032258 0.023831 0.032258 8010 9477
18 62.310000 60.320000 1000000 6.005047 8.104660 5.995771 8.131276 0.023834 0.032258 0.035436 0.014668 0.032258 0.023831 0.032258 9470 9993
18 62.310000 60.320000 1000000 6.000284 8.103943 5.990986 8.125411 0.023834 0.032258 0.033438 0.008803 0.032258 0.023831 0.032258 9990 10129
18 62.310000 60.320000 1000000 5.997089 8.103226 5.987777 8.119546 0.023834 0.032258 0.033438 0.008804 0.032258 0.023831 0.032258 10120 10201
18 62.310000 60.320000 1000000 5.989978 8.102509 5.988965 8.120524 0.023834 0.032258 0.032392 0.002939 0.032258 0.023831 0.032258 10200 13692
18 62.310000 60.320000 1000000 5.988771 8.101434 5.987119 8.107083 0.023834 0.032258 0.032788 0.005868 0.032258 0.023831 0.032258 13690 13974
18 62.310000 60.320000 1000000 5.987161 8.100717 5.987388 8.108060 0.023834 0.032258 0.032788 0.005872 0.032258 0.023831 0.032258 13970 19598
18 62.310000 60.320000 1000000 5.984746 8.100000 5.984067 8.099996 0.023834 0.032258 0.032258 0.000008 0.032258 0.023832 0.032258 19590 41933
18 62.310000 60.320000 1000000 5.973133 8.042294 5.966292 8.086555 0.023834 0.032258 0.032392 0.002940 0.032258 0.023831 0.032258 41930 85724
18 62.310000 60.320000 1000000 5.966106 8.041577 5.967465 8.087533 0.023834 0.032258 0.032392 0.002938 0.032258 0.023831 0.032258 85720 112974
18 62.310000 60.320000 1000000 5.963723 8.040860 5.964190 8.079468 0.023834 0.032258 0.033438 0.008803 0.032258 0.023831 0.032258 112970 113077
18 62.310000 60.320000 1000000 5.958197 8.040143 5.958666 8.073603 0.023834 0.032258 0.035436 0.014668 0.032258 0.023831 0.032258 113070 141715
18 62.310000 60.320000 1000000 5.953436 8.039426 5.953906 8.067738 0.023834 0.032258 0.035436 0.014668 0.032258 0.023831 0.032258 141710 167819
18 62.310000 60.320000 1000000 5.951836 8.038709 5.954172 8.068715 0.023834 0.032258 0.035437 0.014668 0.032258 0.023831 0.032258 167810 189077
18 62.310000 60.320000 1000000 5.945502 8.037993 5.945467 8.060651 0.023834 0.032258 0.033438 0.008805 0.032258 0.023831 0.032258 189070 365317
18 62.310000 60.320000 1000000 5.912071 7.977418 5.922104 8.037435 0.023833 0.032258 0.039889 0.023463 0.032258 0.023831 0.032258 365310 392095
18 62.310000 60.320000 1000000 5.908810 7.976702 5.918859 8.031570 0.023833 0.032258 0.036746 0.017598 0.032258 0.023831 0.032258 392090 431429
18 62.310000 60.320000 1000000 5.907582 7.975626 5.916992 8.018129 0.023833 0.032258 0.035435 0.014665 0.032258 0.023831 0.032258 431420 512699
18 62.310000 60.320000 1000000 5.895066 7.974193 5.899845 8.002000 0.023833 0.032258 0.035435 0.014665 0.032258 0.023830 0.032258 509490 578523
18 62.310000 60.320000 1000000 5.843833 7.742649 5.822177 7.940172 0.023825 0.032258 0.041682 0.026396 0.032258 0.023820 0.032258 578520 666867
18 62.310000 60.320000 1000000 5.823469 7.738348 5.799709 7.900582 0.023827 0.032258 0.049943 0.038127 0.032258 0.023823 0.032258 666860 699046
18 62.310000 60.320000 1000000 5.816418 7.737631 5.800896 7.901560 0.023827 0.032258 0.045623 0.032262 0.032258 0.023823 0.032258 699040 724485
18 62.310000 60.320000 1000000 5.810743 7.736914 5.795175 7.895695 0.023828 0.032258 0.045623 0.032262 0.032258 0.023824 0.032258 724480 855173
18 62.310000 60.320000 1000000 5.797697 7.734764 5.782023 7.878100 0.023829 0.032258 0.045623 0.032263 0.032258 0.023826 0.032258 855170 907298
18 62.310000 60.320000 1000000 5.792740 7.732613 5.782855 7.881032 0.023830 0.032258 0.049943 0.038128 0.032258 0.023826 0.032258 870570 1000000
18 62.310000 60.320000 1000000 5.790225 7.730463 5.778991 7.854150 0.023830 0.032258 0.045623 0.032263 0.032258 0.023826 0.032258 999990 1000000
