9 62.310000 60.320000 1000000 9.831415 13.410351 9.856303 13.102672 0.023806 0.032258 0.116011 0.111436 0.032258 0.023805 0.032258 0 50
9 62.310000 60.320000 1000000 9.689818 13.278452 9.701132 12.936494 0.023819 0.032258 0.099231 0.093842 0.032258 0.023815 0.032258 50 71
9 62.310000 60.320000 1000000 9.591600 13.037592 9.579149 12.791577 0.023816 0.032258 0.138699 0.134896 0.032258 0.023814 0.032258 70 80
9 62.310000 60.320000 1000000 9.515848 13.025406 9.517914 12.703356 0.023820 0.032258 0.077417 0.070376 0.032258 0.023816 0.032258 80 93
9 62.310000 60.320000 1000000 9.476847 13.021105 9.512054 12.695536 0.023821 0.032258 0.093701 0.087973 0.032258 0.023817 0.032258 90 124
9 62.310000 60.320000 1000000 9.433396 13.015370 9.461953 12.642016 0.023823 0.032258 0.072129 0.064513 0.032258 0.023817 0.032258 100 120
9 62.310000 60.320000 1000000 9.401971 13.011785 9.429829 12.610735 0.023821 0.032258 0.093700 0.087972 0.032258 0.023814 0.032258 120 149
9 62.310000 60.320000 1000000 9.326101 13.001750 9.347994 12.522025 0.023815 0.032258 0.088216 0.082107 0.032258 0.023805 0.032258 140 171
9 62.310000 60.320000 1000000 9.300372 12.886338 9.308878 12.495143 0.023821 0.032258 0.082785 0.076242 0.032258 0.023813 0.032258 170 237
9 62.310000 60.320000 1000000 9.071659 12.231859 9.067183 12.252230 0.023833 0.032258 0.047742 0.035195 0.032258 0.023830 0.032258 230 243
9 62.310000 60.320000 1000000 9.064621 12.231143 9.068356 12.253208 0.023833 0.032258 0.047742 0.035195 0.032258 0.023830 0.032258 240 314
9 62.310000 60.320000 1000000 9.057601 12.229709 9.060464 12.239278 0.023832 0.032258 0.052216 0.041060 0.032258 0.023830 0.032258 310 369
9 62.310000 60.320000 1000000 9.043776 12.228275 9.062759 12.241233 0.023831 0.032258 0.061865 0.052789 0.032258 0.023830 0.032258 350 668
9 62.310000 60.320000 1000000 8.960875 12.215372 8.970904 12.126863 0.023829 0.032258 0.082793 0.076250 0.032258 0.023826 0.032258 410 573
9 62.310000 60.320000 1000000 8.815950 12.074871 8.843781 11.970217 0.023828 0.032258 0.099233 0.093843 0.032258 0.023827 0.032258 570 580
9 62.310000 60.320000 1000000 8.772376 12.069853 8.807782 11.934049 0.023826 0.032258 0.116013 0.111438 0.032258 0.023824 0.032258 580 598
9 62.310000 60.320000 1000000 8.769397 12.069136 8.804839 11.928184 0.023826 0.032258 0.121658 0.117304 0.032258 0.023823 0.032258 590 690
9 62.310000 60.320000 1000000 8.735916 12.055516 8.765592 11.770316 0.023824 0.032258 0.088220 0.082111 0.032258 0.023820 0.032258 660 993
9 62.310000 60.320000 1000000 8.699238 12.046914 8.722180 11.682338 0.023822 0.032258 0.047739 0.035191 0.032258 0.023817 0.032258 990 1418
9 62.310000 60.320000 1000000 8.696234 12.046197 8.719200 11.676473 0.023822 0.032258 0.047739 0.035191 0.032258 0.023816 0.032258 1410 1621
9 62.310000 60.320000 1000000 8.587213 12.034010 8.727467 11.684049 0.023794 0.032258 0.116015 0.111440 0.032258 0.023821 0.032258 1620 1649
9 62.310000 60.320000 1000000 8.583250 12.033294 8.723692 11.678184 0.023794 0.032258 0.110393 0.105575 0.032258 0.023821 0.032258 1640 1723
9 62.310000 60.320000 1000000 8.560765 11.974154 8.695621 11.653013 0.023798 0.032258 0.118834 0.114372 0.032258 0.023823 0.032258 1720 1847
9 62.310000 60.320000 1000000 8.557666 11.973437 8.692664 11.647148 0.023797 0.032258 0.124489 0.120237 0.032258 0.023822 0.032258 1840 1920
9 62.310000 60.320000 1000000 8.556519 11.972362 8.690992 11.633707 0.023797 0.032258 0.127323 0.123169 0.032258 0.023822 0.032258 1920 2006
9 62.310000 60.320000 1000000 8.552580 11.971645 8.687233 11.627842 0.023797 0.032258 0.121658 0.117304 0.032258 0.023821 0.032258 2000 2923
9 62.310000 60.320000 1000000 8.380863 11.218601 8.437598 11.423053 0.023815 0.032258 0.090953 0.085041 0.032258 0.023825 0.032258 2920 3310
9 62.310000 60.320000 1000000 8.376009 11.217884 8.432841 11.417188 0.023815 0.032258 0.096460 0.090906 0.032258 0.023825 0.032258 3310 4061
9 62.310000 60.320000 1000000 8.331051 11.043332 8.371403 11.365135 0.023811 0.032258 0.088218 0.082108 0.032258 0.023815 0.032258 3480 3493
9 62.310000 60.320000 1000000 8.320236 10.985626 8.355102 11.351694 0.023809 0.032258 0.085495 0.079176 0.032258 0.023811 0.032258 3490 4061
9 62.310000 60.320000 1000000 8.225189 10.973799 8.225047 11.217287 0.023807 0.032258 0.082786 0.076243 0.032258 0.023806 0.032258 4060 4434
9 62.310000 60.320000 1000000 8.223467 10.973082 8.225333 11.218264 0.023807 0.032258 0.077418 0.070377 0.032258 0.023806 0.032258 4430 5126
9 62.310000 60.320000 1000000 8.222218 10.972006 8.223426 11.204823 0.023807 0.032258 0.080093 0.073310 0.032258 0.023806 0.032258 5120 5600
9 62.310000 60.320000 1000000 8.217852 10.971290 8.219062 11.198958 0.023808 0.032258 0.074764 0.067447 0.032258 0.023807 0.032258 5600 6143
9 62.310000 60.320000 1000000 8.203445 10.968422 8.206649 11.182340 0.023811 0.032258 0.080099 0.073316 0.032258 0.023809 0.032258 6140 6250
9 62.310000 60.320000 1000000 8.187139 10.966272 8.205322 11.178430 0.023808 0.032258 0.074770 0.067453 0.032258 0.023811 0.032258 6250 7302
9 62.310000 60.320000 1000000 8.177694 10.963763 8.195285 11.153259 0.023809 0.032258 0.088225 0.082116 0.032258 0.023811 0.032258 7300 7826
9 62.310000 60.320000 1000000 8.176001 10.963046 8.195565 11.154237 0.023809 0.032258 0.088225 0.082116 0.032258 0.023811 0.032258 7820 15757
9 62.310000 60.320000 1000000 8.027082 10.941541 8.047750 10.978285 0.023814 0.032258 0.077424 0.070384 0.032258 0.023813 0.032258 10430 16879
9 62.310000 60.320000 1000000 8.000770 10.825412 8.008171 10.943339 0.023815 0.032258 0.066939 0.058654 0.032258 0.023814 0.032258 16870 18952
9 62.310000 60.320000 1000000 7.998106 10.824695 8.004517 10.935274 0.023816 0.032258 0.066937 0.058651 0.032258 0.023815 0.032258 18950 18973
9 62.310000 60.320000 1000000 7.995485 10.823978 8.000922 10.927209 0.023817 0.032258 0.072131 0.064516 0.032258 0.023816 0.032258 18970 20029
9 62.310000 60.320000 1000000 7.993705 10.823261 8.001218 10.928187 0.023818 0.032258 0.066937 0.058652 0.032258 0.023816 0.032258 20020 21630
9 62.310000 60.320000 1000000 7.989495 10.822545 7.997020 10.922322 0.023816 0.032258 0.072132 0.064517 0.032258 0.023815 0.032258 21630 33092
9 62.310000 60.320000 1000000 7.810562 10.122188 7.745952 10.710446 0.023783 0.032258 0.099233 0.093844 0.032258 0.023769 0.032258 33090 33542
9 62.310000 60.320000 1000000 7.796225 10.120755 7.748394 10.712401 0.023783 0.032258 0.088223 0.082114 0.032258 0.023769 0.032258 33390 36682
9 62.310000 60.320000 1000000 7.791771 10.120038 7.743857 10.706536 0.023782 0.032258 0.093706 0.087979 0.032258 0.023768 0.032258 36680 39507
9 62.310000 60.320000 1000000 7.787142 10.119321 7.739141 10.700671 0.023784 0.032258 0.093706 0.087979 0.032258 0.023771 0.032258 39500 63360
9 62.310000 60.320000 1000000 7.777966 10.117170 7.731935 10.689918 0.023788 0.032258 0.104795 0.099706 0.032258 0.023774 0.032258 63360 76157
9 62.310000 60.320000 1000000 7.767891 10.059464 7.716251 10.676477 0.023783 0.032258 0.107588 0.102639 0.032258 0.023767 0.032258 76150 82322
9 62.310000 60.320000 1000000 7.761693 10.058748 7.707551 10.668413 0.023783 0.032258 0.107589 0.102639 0.032258 0.023767 0.032258 82320 94875
9 62.310000 60.320000 1000000 7.738900 10.055163 7.692364 10.655216 0.023782 0.032258 0.124487 0.120235 0.032258 0.023765 0.032258 94870 96888
9 62.310000 60.320000 1000000 7.731779 10.051221 7.681721 10.606829 0.023786 0.032258 0.110390 0.105572 0.032258 0.023771 0.032258 96880 176813
9 62.310000 60.320000 1000000 7.654473 10.034016 7.588176 10.433074 0.023804 0.032258 0.161610 0.158358 0.032258 0.023798 0.032258 122620 185599
9 62.310000 60.320000 1000000 7.615661 9.859465 7.531517 10.381022 0.023790 0.032258 0.170240 0.167156 0.032258 0.023782 0.032258 124080 133173
9 62.310000 60.320000 1000000 7.569522 9.850146 7.483795 10.304775 0.023803 0.032258 0.107589 0.102639 0.032258 0.023799 0.032258 133170 226297
9 62.310000 60.320000 1000000 7.465330 9.837601 7.475487 10.279604 0.023800 0.032258 0.088223 0.082114 0.032258 0.023805 0.032258 226290 258370
9 62.310000 60.320000 1000000 7.459535 9.836884 7.469715 10.273739 0.023801 0.032258 0.093706 0.087978 0.032258 0.023805 0.032258 258370 313611
9 62.310000 60.320000 1000000 7.394203 9.770218 7.377444 10.155461 0.023799 0.032258 0.082792 0.076249 0.032258 0.023804 0.032258 313610 328960
9 62.310000 60.320000 1000000 7.387806 9.769501 7.378516 10.156438 0.023797 0.032258 0.088222 0.082113 0.032258 0.023804 0.032258 328960 389437
9 62.310000 60.320000 1000000 7.338152 9.755881 7.316084 10.001258 0.023801 0.032258 0.110389 0.105570 0.032258 0.023811 0.032258 389430 460042
9 62.310000 60.320000 1000000 7.303634 9.746562 7.297323 9.972910 0.023813 0.032258 0.077418 0.070377 0.032258 0.023813 0.032258 460040 478735
9 62.310000 60.320000 1000000 7.297676 9.745845 7.291349 9.967045 0.023814 0.032258 0.072127 0.064512 0.032258 0.023815 0.032258 478730 516638
9 62.310000 60.320000 1000000 7.277751 9.742261 7.277149 9.940163 0.023815 0.032258 0.072130 0.064514 0.032258 0.023817 0.032258 516630 627437
9 62.310000 60.320000 1000000 7.261717 9.683121 7.253352 9.910594 0.023813 0.032258 0.074766 0.067449 0.032258 0.023815 0.032258 627430 627767
9 62.310000 60.320000 1000000 7.250716 9.625415 7.236467 9.897153 0.023811 0.032258 0.072132 0.064517 0.032258 0.023812 0.032258 627760 666159
9 62.310000 60.320000 1000000 7.245583 9.624699 7.231303 9.891288 0.023812 0.032258 0.072132 0.064517 0.032258 0.023813 0.032258 666150 1000000
9 62.310000 60.320000 1000000 7.186072 9.614663 7.182187 9.843390 0.023818 0.032258 0.061863 0.052787 0.032258 0.023815 0.032258 719430 753897
9 62.310000 60.320000 1000000 7.180938 9.613946 7.177045 9.837525 0.023817 0.032258 0.066937 0.058652 0.032258 0.023814 0.032258 753890 1000000
9 62.310000 60.320000 1000000 7.173024 9.607494 7.164924 9.756880 0.023819 0.032258 0.066937 0.058651 0.032258 0.023818 0.032258 999990 1000000
