24 62.310000 60.320000 1000000 10.044891 14.120743 10.149099 13.378088 0.023792 0.032258 0.184656 0.181816 0.032258 0.023786 0.032258 0 50
24 62.310000 60.320000 1000000 9.864856 14.032213 9.960637 13.144948 0.023779 0.032258 0.141553 0.137829 0.032258 0.023764 0.032258 50 65
24 62.310000 60.320000 1000000 9.832086 14.026478 9.928810 13.098027 0.023773 0.032258 0.118831 0.114368 0.032258 0.023756 0.032258 60 75
24 62.310000 60.320000 1000000 9.578314 13.150853 9.589889 12.821391 0.023825 0.032258 0.056941 0.046922 0.032258 0.023822 0.032258 70 80
24 62.310000 60.320000 1000000 9.533088 13.145118 9.537757 12.767871 0.023824 0.032258 0.061863 0.052787 0.032258 0.023820 0.032258 80 101
24 62.310000 60.320000 1000000 9.529416 13.143685 9.534957 12.760785 0.023823 0.032258 0.061863 0.052787 0.032258 0.023819 0.032258 100 127
24 62.310000 60.320000 1000000 9.348147 12.553006 9.290222 12.533512 0.023822 0.032258 0.104797 0.099708 0.032258 0.023829 0.032258 120 142
24 62.310000 60.320000 1000000 9.215748 12.425407 9.239331 12.482192 0.023830 0.032258 0.082791 0.076248 0.032258 0.023827 0.032258 130 140
24 62.310000 60.320000 1000000 9.188360 12.421823 9.227901 12.466552 0.023827 0.032258 0.110392 0.105574 0.032258 0.023826 0.032258 140 153
24 62.310000 60.320000 1000000 9.171171 12.363400 9.204855 12.447246 0.023827 0.032258 0.107591 0.102642 0.032258 0.023825 0.032258 150 222
24 62.310000 60.320000 1000000 9.074798 12.351931 9.085295 12.331410 0.023828 0.032258 0.080097 0.073313 0.032258 0.023824 0.032258 180 259
24 62.310000 60.320000 1000000 9.021730 12.339744 9.026279 12.216307 0.023827 0.032258 0.096458 0.090904 0.032258 0.023823 0.032258 250 262
24 62.310000 60.320000 1000000 9.014687 12.339028 9.027449 12.217284 0.023827 0.032258 0.096458 0.090904 0.032258 0.023823 0.032258 260 277
24 62.310000 60.320000 1000000 9.000371 12.280605 9.005979 12.195779 0.023828 0.032258 0.099226 0.093837 0.032258 0.023824 0.032258 270 322
24 62.310000 60.320000 1000000 8.935484 12.269852 8.949502 12.114645 0.023828 0.032258 0.077419 0.070379 0.032258 0.023823 0.032258 320 376
24 62.310000 60.320000 1000000 8.903411 12.264117 8.915219 12.065525 0.023824 0.032258 0.066933 0.058647 0.032258 0.023820 0.032258 370 387
24 62.310000 60.320000 1000000 8.898032 12.263400 8.909862 12.059660 0.023824 0.032258 0.066933 0.058647 0.032258 0.023819 0.032258 380 396
24 62.310000 60.320000 1000000 8.895780 12.262684 8.906777 12.051595 0.023824 0.032258 0.066933 0.058647 0.032258 0.023819 0.032258 390 403
24 62.310000 60.320000 1000000 8.889535 12.261967 8.898218 12.043531 0.023823 0.032258 0.066933 0.058647 0.032258 0.023818 0.032258 400 567
24 62.310000 60.320000 1000000 8.844069 12.236160 8.859820 11.829210 0.023819 0.032258 0.047738 0.035190 0.032258 0.023814 0.032258 560 663
24 62.310000 60.320000 1000000 8.843012 12.235085 8.858214 11.815769 0.023819 0.032258 0.049939 0.038123 0.032258 0.023814 0.032258 660 707
24 62.310000 60.320000 1000000 8.837611 12.234368 8.852840 11.809904 0.023819 0.032258 0.049939 0.038123 0.032258 0.023813 0.032258 700 768
24 62.310000 60.320000 1000000 8.834698 12.233651 8.849942 11.804039 0.023818 0.032258 0.049939 0.038123 0.032258 0.023812 0.032258 760 880
24 62.310000 60.320000 1000000 8.812828 12.230067 8.827376 11.772514 0.023815 0.032258 0.054545 0.043984 0.032258 0.023809 0.032258 880 996
24 62.310000 60.320000 1000000 8.805509 12.229350 8.828588 11.773491 0.023816 0.032258 0.054545 0.043984 0.032258 0.023809 0.032258 990 1022
24 62.310000 60.320000 1000000 8.799173 12.228633 8.819941 11.765427 0.023816 0.032258 0.054545 0.043984 0.032258 0.023809 0.032258 1020 1087
24 62.310000 60.320000 1000000 8.797030 12.227917 8.817014 11.757362 0.023815 0.032258 0.059376 0.049849 0.032258 0.023808 0.032258 1080 1113
24 62.310000 60.320000 1000000 8.785209 12.225766 8.805274 11.739767 0.023813 0.032258 0.069517 0.061579 0.032258 0.023805 0.032258 1110 1126
24 62.310000 60.320000 1000000 8.780851 12.225049 8.800946 11.733902 0.023812 0.032258 0.074762 0.067444 0.032258 0.023804 0.032258 1120 1157
24 62.310000 60.320000 1000000 8.776884 12.222540 8.799815 11.722416 0.023810 0.032258 0.066936 0.058650 0.032258 0.023804 0.032258 1150 1656
24 62.310000 60.320000 1000000 8.639505 12.206770 8.793609 11.716796 0.023782 0.032258 0.138703 0.134900 0.032258 0.023808 0.032258 1650 1690
24 62.310000 60.320000 1000000 8.608577 12.090641 8.750704 11.684049 0.023792 0.032258 0.127324 0.123170 0.032258 0.023816 0.032258 1690 1725
24 62.310000 60.320000 1000000 8.603004 12.089924 8.745398 11.678184 0.023792 0.032258 0.127323 0.123168 0.032258 0.023815 0.032258 1720 1736
24 62.310000 60.320000 1000000 8.599063 12.089207 8.741647 11.672319 0.023792 0.032258 0.121658 0.117303 0.032258 0.023815 0.032258 1730 1821
24 62.310000 60.320000 1000000 8.590696 12.087057 8.732080 11.650325 0.023791 0.032258 0.121656 0.117301 0.032258 0.023812 0.032258 1820 1838
24 62.310000 60.320000 1000000 8.589581 12.085982 8.730458 11.636884 0.023791 0.032258 0.124486 0.120233 0.032258 0.023812 0.032258 1830 2275
24 62.310000 60.320000 1000000 8.588095 12.085265 8.730694 11.637861 0.023790 0.032258 0.118835 0.114373 0.032258 0.023812 0.032258 2270 2798
24 62.310000 60.320000 1000000 8.561533 11.969853 8.691992 11.610980 0.023799 0.032258 0.113201 0.108508 0.032258 0.023820 0.032258 2310 3353
24 62.310000 60.320000 1000000 8.507251 11.793868 8.620335 11.547197 0.023808 0.032258 0.116013 0.111438 0.032258 0.023825 0.032258 2760 2871
24 62.310000 60.320000 1000000 8.376135 11.159103 8.425713 11.399348 0.023814 0.032258 0.085499 0.079180 0.032258 0.023819 0.032258 2860 3353
24 62.310000 60.320000 1000000 8.362749 11.155877 8.411946 11.368312 0.023814 0.032258 0.082792 0.076249 0.032258 0.023819 0.032258 3350 3445
24 62.310000 60.320000 1000000 8.313034 10.924336 8.347574 11.315526 0.023802 0.032258 0.077424 0.070384 0.032258 0.023801 0.032258 3440 3490
24 62.310000 60.320000 1000000 8.308145 10.923619 8.342745 11.309661 0.023802 0.032258 0.077424 0.070384 0.032258 0.023802 0.032258 3490 3881
24 62.310000 60.320000 1000000 8.301923 10.922903 8.343768 11.310638 0.023800 0.032258 0.082792 0.076249 0.032258 0.023802 0.032258 3880 3915
24 62.310000 60.320000 1000000 8.300305 10.922186 8.344033 11.311616 0.023800 0.032258 0.082793 0.076250 0.032258 0.023802 0.032258 3910 5036
24 62.310000 60.320000 1000000 8.204161 10.911433 8.213096 11.190649 0.023804 0.032258 0.077426 0.070386 0.032258 0.023804 0.032258 3960 5631
24 62.310000 60.320000 1000000 8.160660 10.905698 8.169739 11.143729 0.023816 0.032258 0.052214 0.041057 0.032258 0.023816 0.032258 5570 7761
24 62.310000 60.320000 1000000 8.147568 10.903548 8.154370 11.128577 0.023813 0.032258 0.066937 0.058651 0.032258 0.023811 0.032258 7760 9243
24 62.310000 60.320000 1000000 8.131296 10.844408 8.130315 11.099007 0.023812 0.032258 0.059380 0.049854 0.032258 0.023809 0.032258 9240 11307
24 62.310000 60.320000 1000000 8.062082 10.835089 8.061076 11.022761 0.023809 0.032258 0.069522 0.061585 0.032258 0.023806 0.032258 11300 14423
24 62.310000 60.320000 1000000 8.058615 10.834372 8.057608 11.016896 0.023810 0.032258 0.069520 0.061583 0.032258 0.023807 0.032258 14420 17442
24 62.310000 60.320000 1000000 8.054284 10.833656 8.053274 11.011031 0.023811 0.032258 0.069522 0.061585 0.032258 0.023808 0.032258 17440 17844
24 62.310000 60.320000 1000000 7.973048 10.765197 7.965838 10.909614 0.023815 0.032258 0.066937 0.058651 0.032258 0.023812 0.032258 17840 21150
24 62.310000 60.320000 1000000 7.917665 10.755878 7.918538 10.840210 0.023817 0.032258 0.061864 0.052787 0.032258 0.023814 0.032258 21150 21654
24 62.310000 60.320000 1000000 7.911592 10.755161 7.910188 10.832146 0.023816 0.032258 0.061864 0.052787 0.032258 0.023813 0.032258 21650 22828
24 62.310000 60.320000 1000000 7.909785 10.754444 7.910489 10.833124 0.023817 0.032258 0.066938 0.058653 0.032258 0.023813 0.032258 22820 34066
24 62.310000 60.320000 1000000 7.784752 10.172009 7.720409 10.636399 0.023800 0.032258 0.080096 0.073313 0.032258 0.023794 0.032258 34060 34193
24 62.310000 60.320000 1000000 7.780194 10.171292 7.715736 10.630534 0.023800 0.032258 0.085496 0.079177 0.032258 0.023794 0.032258 34190 39268
24 62.310000 60.320000 1000000 7.776532 10.170575 7.711982 10.624669 0.023801 0.032258 0.085495 0.079176 0.032258 0.023796 0.032258 39260 47640
24 62.310000 60.320000 1000000 7.732485 9.939035 7.644759 10.565040 0.023781 0.032258 0.096461 0.090907 0.032258 0.023770 0.032258 47640 68352
24 62.310000 60.320000 1000000 7.710488 9.936884 7.648534 10.567973 0.023783 0.032258 0.085498 0.079179 0.032258 0.023769 0.032258 58230 72750
24 62.310000 60.320000 1000000 7.673026 9.928999 7.610144 10.503457 0.023790 0.032258 0.090954 0.085042 0.032258 0.023779 0.032258 61530 67266
24 62.310000 60.320000 1000000 7.669957 9.928282 7.606999 10.497592 0.023790 0.032258 0.096461 0.090907 0.032258 0.023779 0.032258 67260 72750
24 62.310000 60.320000 1000000 7.654983 9.926131 7.588970 10.482440 0.023792 0.032258 0.090957 0.085045 0.032258 0.023782 0.032258 72750 93126
24 62.310000 60.320000 1000000 7.651163 9.924698 7.589622 10.484395 0.023794 0.032258 0.102010 0.096775 0.032258 0.023781 0.032258 76880 117419
24 62.310000 60.320000 1000000 7.578158 9.916813 7.588442 10.481463 0.023788 0.032258 0.090959 0.085046 0.032258 0.023784 0.032258 93460 122548
24 62.310000 60.320000 1000000 7.488672 9.899250 7.498235 10.391043 0.023787 0.032258 0.167362 0.164223 0.032258 0.023771 0.032258 122540 126240
24 62.310000 60.320000 1000000 7.485588 9.898533 7.494010 10.382978 0.023789 0.032258 0.161610 0.158358 0.032258 0.023774 0.032258 126240 136178
24 62.310000 60.320000 1000000 7.482576 9.896383 7.489423 10.356097 0.023791 0.032258 0.155868 0.152493 0.032258 0.023777 0.032258 128460 174299
24 62.310000 60.320000 1000000 7.426864 9.883479 7.426255 10.224375 0.023807 0.032258 0.093705 0.087978 0.032258 0.023800 0.032258 174290 200353
24 62.310000 60.320000 1000000 7.394678 9.879178 7.394061 10.189185 0.023814 0.032258 0.088221 0.082112 0.032258 0.023807 0.032258 200350 211372
24 62.310000 60.320000 1000000 7.379951 9.876669 7.393933 10.177699 0.023812 0.032258 0.085500 0.079181 0.032258 0.023809 0.032258 211370 246415
24 62.310000 60.320000 1000000 7.374894 9.875952 7.388904 10.171834 0.023813 0.032258 0.080100 0.073317 0.032258 0.023810 0.032258 246410 254813
24 62.310000 60.320000 1000000 7.350775 9.861257 7.363158 9.998081 0.023818 0.032258 0.066939 0.058653 0.032258 0.023820 0.032258 254810 356039
24 62.310000 60.320000 1000000 7.292283 9.852655 7.306713 9.939186 0.023816 0.032258 0.061865 0.052789 0.032258 0.023815 0.032258 356030 405415
24 62.310000 60.320000 1000000 7.280751 9.794949 7.289176 9.925745 0.023815 0.032258 0.059383 0.049857 0.032258 0.023814 0.032258 405410 439124
24 62.310000 60.320000 1000000 7.252986 9.678820 7.249538 9.892999 0.023813 0.032258 0.054551 0.043991 0.032258 0.023811 0.032258 439120 483349
24 62.310000 60.320000 1000000 7.247060 9.678104 7.241376 9.884934 0.023812 0.032258 0.054550 0.043989 0.032258 0.023809 0.032258 483340 513806
24 62.310000 60.320000 1000000 7.241952 9.677387 7.236255 9.879069 0.023811 0.032258 0.059380 0.049854 0.032258 0.023808 0.032258 513800 582784
24 62.310000 60.320000 1000000 7.232800 9.674519 7.233586 9.853165 0.023810 0.032258 0.064385 0.055721 0.032258 0.023808 0.032258 582780 725163
24 62.310000 60.320000 1000000 7.212927 9.670218 7.215468 9.829460 0.023813 0.032258 0.059378 0.049852 0.032258 0.023810 0.032258 725160 774582
24 62.310000 60.320000 1000000 7.157694 9.661616 7.159309 9.756879 0.023814 0.032258 0.069520 0.061583 0.032258 0.023812 0.032258 774580 1000000
24 62.310000 60.320000 1000000 7.150751 9.660182 7.152371 9.745149 0.023816 0.032258 0.074764 0.067446 0.032258 0.023814 0.032258 999990 1000000
