46 62.310000 60.320000 1000000 8.822662 12.015056 8.817151 11.861239 0.023829 0.032258 0.045619 0.032257 0.032258 0.023827 0.032258 0 52
46 62.310000 60.320000 1000000 8.767943 12.005737 8.778303 11.789391 0.023825 0.032258 0.064385 0.055721 0.032258 0.023821 0.032258 50 66
46 62.310000 60.320000 1000000 8.717451 11.831183 8.725700 11.751023 0.023828 0.032258 0.066939 0.058653 0.032258 0.023824 0.032258 60 73
46 62.310000 60.320000 1000000 8.621755 11.818997 8.610523 11.633721 0.023825 0.032258 0.066938 0.058652 0.032258 0.023822 0.032258 70 91
46 62.310000 60.320000 1000000 8.472982 11.696057 8.545640 10.826047 0.023666 0.032258 0.251351 0.249273 0.032258 0.023737 0.032258 90 104
46 62.310000 60.320000 1000000 8.438693 11.636200 8.529996 10.815539 0.023668 0.032258 0.265899 0.263935 0.032258 0.023740 0.032258 100 110
46 62.310000 60.320000 1000000 8.354017 11.287809 8.409199 10.717297 0.023677 0.032258 0.242630 0.240476 0.032258 0.023747 0.032258 110 138
46 62.310000 60.320000 1000000 8.288418 11.218275 8.320822 10.568470 0.023671 0.032258 0.254252 0.252197 0.032258 0.023735 0.032258 130 243
46 62.310000 60.320000 1000000 8.275784 11.214691 8.303637 10.528147 0.023673 0.032258 0.236809 0.234602 0.032258 0.023737 0.032258 140 251
46 62.310000 60.320000 1000000 7.946059 11.001786 7.926307 9.567249 0.023330 0.032258 0.575677 0.574772 0.032258 0.023350 0.032258 170 241
46 62.310000 60.320000 1000000 7.333819 10.870604 7.308660 8.493937 0.022618 0.032258 0.219393 0.217009 0.032258 0.022655 0.032258 180 196
46 62.310000 60.320000 1000000 7.332558 10.869887 7.307386 8.488072 0.022613 0.032258 0.219393 0.217009 0.032258 0.022650 0.032258 190 222
46 62.310000 60.320000 1000000 5.569054 8.014696 5.653473 7.455082 0.023751 0.032258 0.088221 0.082112 0.032258 0.023737 0.032258 220 285
46 62.310000 60.320000 1000000 5.540436 7.899282 5.611537 7.428200 0.023774 0.032258 0.082790 0.076247 0.032258 0.023762 0.032258 250 271
46 62.310000 60.320000 1000000 5.515703 7.839425 5.580573 7.397163 0.023779 0.032258 0.080094 0.073311 0.032258 0.023767 0.032258 270 285
46 62.310000 60.320000 1000000 5.345445 7.312538 5.334904 7.194572 0.023829 0.032258 0.045617 0.032254 0.032258 0.023827 0.032258 280 418
46 62.310000 60.320000 1000000 5.289264 7.137267 5.274126 7.148140 0.023832 0.032258 0.047735 0.035186 0.032258 0.023830 0.032258 410 556
46 62.310000 60.320000 1000000 5.272332 7.132966 5.269408 7.135921 0.023833 0.032258 0.036745 0.017596 0.032258 0.023831 0.032258 550 655
46 62.310000 60.320000 1000000 5.266730 7.132249 5.263797 7.130056 0.023834 0.032258 0.034326 0.011733 0.032258 0.023831 0.032258 650 704
46 62.310000 60.320000 1000000 5.262031 7.131533 5.259090 7.124191 0.023834 0.032258 0.036745 0.017596 0.032258 0.023831 0.032258 700 764
46 62.310000 60.320000 1000000 5.260846 7.130457 5.257276 7.110750 0.023833 0.032258 0.038234 0.020525 0.032258 0.023831 0.032258 760 777
46 62.310000 60.320000 1000000 5.257604 7.129740 5.254028 7.104885 0.023834 0.032258 0.035434 0.014662 0.032258 0.023831 0.032258 770 866
46 62.310000 60.320000 1000000 5.250579 7.129024 5.255198 7.105863 0.023834 0.032258 0.035434 0.014661 0.032258 0.023831 0.032258 860 1077
46 62.310000 60.320000 1000000 5.247406 7.128307 5.252034 7.099998 0.023834 0.032258 0.038235 0.020526 0.032258 0.023831 0.032258 1070 1082
46 62.310000 60.320000 1000000 5.243438 7.127590 5.248077 7.094132 0.023834 0.032258 0.035434 0.014661 0.032258 0.023831 0.032258 1080 1296
46 62.310000 60.320000 1000000 5.241046 7.126873 5.244795 7.086068 0.023834 0.032258 0.035433 0.014661 0.032258 0.023831 0.032258 1290 1309
46 62.310000 60.320000 1000000 5.237172 7.126156 5.240929 7.080203 0.023833 0.032258 0.038233 0.020522 0.032258 0.023830 0.032258 1300 1393
46 62.310000 60.320000 1000000 5.235570 7.125439 5.241195 7.081180 0.023833 0.032258 0.035434 0.014662 0.032258 0.023830 0.032258 1390 1460
46 62.310000 60.320000 1000000 5.230002 7.124723 5.235646 7.075315 0.023833 0.032258 0.033437 0.008800 0.032258 0.023831 0.032258 1460 2542
46 62.310000 60.320000 1000000 5.218136 7.067016 5.217544 7.061874 0.023834 0.032258 0.032788 0.005868 0.032258 0.023831 0.032258 2540 5513
46 62.310000 60.320000 1000000 5.215774 7.066299 5.214294 7.053810 0.023834 0.032258 0.034326 0.011732 0.032258 0.023831 0.032258 5510 5920
46 62.310000 60.320000 1000000 5.204135 7.008592 5.196465 7.040369 0.023834 0.032258 0.035435 0.014665 0.032258 0.023831 0.032258 5920 8248
46 62.310000 60.320000 1000000 5.202546 7.007875 5.196731 7.041346 0.023834 0.032258 0.035436 0.014666 0.032258 0.023831 0.032258 8240 9356
46 62.310000 60.320000 1000000 5.197803 7.007159 5.191971 7.035481 0.023834 0.032258 0.035436 0.014666 0.032258 0.023831 0.032258 9350 13471
46 62.310000 60.320000 1000000 5.194620 7.006442 5.188778 7.029616 0.023834 0.032258 0.033438 0.008803 0.032258 0.023831 0.032258 13470 13507
46 62.310000 60.320000 1000000 5.188300 7.005725 5.180052 7.021552 0.023834 0.032258 0.035436 0.014666 0.032258 0.023831 0.032258 13500 34031
46 62.310000 60.320000 1000000 5.185962 7.005008 5.176821 7.013487 0.023833 0.032258 0.038237 0.020530 0.032258 0.023831 0.032258 34030 43881
46 62.310000 60.320000 1000000 5.184758 7.003933 5.174971 7.000046 0.023834 0.032258 0.036746 0.017597 0.032258 0.023831 0.032258 43880 73631
46 62.310000 60.320000 1000000 5.181639 7.003216 5.171834 6.994181 0.023833 0.032258 0.036746 0.017597 0.032258 0.023831 0.032258 73630 87614
46 62.310000 60.320000 1000000 5.180073 7.002499 5.172096 6.995159 0.023833 0.032258 0.036746 0.017598 0.032258 0.023831 0.032258 87610 102599
46 62.310000 60.320000 1000000 5.150840 6.998915 5.159422 6.979519 0.023834 0.032258 0.036747 0.017600 0.032258 0.023831 0.032258 102590 126460
46 62.310000 60.320000 1000000 5.145459 6.998198 5.154068 6.973654 0.023833 0.032258 0.039890 0.023465 0.032258 0.023830 0.032258 126460 249516
46 62.310000 60.320000 1000000 5.140689 6.997481 5.149322 6.967789 0.023833 0.032258 0.036748 0.017601 0.032258 0.023830 0.032258 249510 276100
46 62.310000 60.320000 1000000 5.128863 6.939775 5.131311 6.954348 0.023833 0.032258 0.035437 0.014669 0.032258 0.023831 0.032258 276100 294459
46 62.310000 60.320000 1000000 5.127293 6.939058 5.131573 6.955325 0.023833 0.032258 0.038240 0.020534 0.032258 0.023831 0.032258 294450 374850
46 62.310000 60.320000 1000000 5.107936 6.934757 5.127079 6.924533 0.023832 0.032258 0.045624 0.032264 0.032258 0.023831 0.032258 374850 515912
46 62.310000 60.320000 1000000 5.103977 6.934040 5.123164 6.918668 0.023832 0.032258 0.045623 0.032262 0.032258 0.023830 0.032258 515910 520583
46 62.310000 60.320000 1000000 5.100118 6.933323 5.119349 6.912803 0.023831 0.032258 0.049941 0.038125 0.032258 0.023830 0.032258 520580 620153
46 62.310000 60.320000 1000000 5.074740 6.929022 5.087165 6.873459 0.023832 0.032258 0.041680 0.026394 0.032258 0.023829 0.032258 620150 684009
46 62.310000 60.320000 1000000 5.073558 6.927947 5.085371 6.860018 0.023832 0.032258 0.039888 0.023461 0.032258 0.023829 0.032258 684000 724806
46 62.310000 60.320000 1000000 5.061593 6.870240 5.067185 6.846577 0.023833 0.032258 0.038236 0.020528 0.032258 0.023830 0.032258 724800 1000000
46 62.310000 60.320000 1000000 5.061593 6.870240 5.067185 6.846577 0.023833 0.032258 0.038236 0.020528 0.032258 0.023830 0.032258 999990 1000000
