4 62.310000 60.320000 1000000 8.806815 12.070253 8.813519 11.861239 0.023828 0.032258 0.041684 0.026399 0.032258 0.023824 0.032258 0 51
4 62.310000 60.320000 1000000 8.712072 12.056633 8.750180 11.774973 0.023817 0.032258 0.107596 0.102647 0.032258 0.023812 0.032258 50 66
4 62.310000 60.320000 1000000 8.619405 11.933335 8.619767 11.659381 0.023817 0.032258 0.090960 0.085047 0.032258 0.023809 0.032258 60 75
4 62.310000 60.320000 1000000 8.598981 11.928317 8.606792 11.645696 0.023814 0.032258 0.113203 0.108510 0.032258 0.023807 0.032258 70 85
4 62.310000 60.320000 1000000 8.529967 11.695339 8.528477 11.588022 0.023823 0.032258 0.102014 0.096779 0.032258 0.023818 0.032258 80 96
4 62.310000 60.320000 1000000 8.461588 11.460928 8.434327 11.504932 0.023828 0.032258 0.080100 0.073317 0.032258 0.023826 0.032258 90 108
4 62.310000 60.320000 1000000 8.446941 11.459495 8.436784 11.506887 0.023829 0.032258 0.069524 0.061587 0.032258 0.023825 0.032258 100 111
4 62.310000 60.320000 1000000 8.420082 11.443007 8.397442 11.305274 0.023831 0.032258 0.059379 0.049853 0.032258 0.023828 0.032258 110 165
4 62.310000 60.320000 1000000 7.990349 11.037627 8.253582 11.123943 0.023488 0.032258 0.411819 0.410554 0.032258 0.023879 0.032258 160 199
4 62.310000 60.320000 1000000 7.398946 9.477767 7.502625 10.265193 0.023106 0.032258 0.335865 0.334313 0.032258 0.023284 0.032258 190 252
4 62.310000 60.320000 1000000 7.018250 9.289955 7.124691 9.661087 0.023085 0.032258 0.540550 0.539587 0.032258 0.023235 0.032258 210 280
4 62.310000 60.320000 1000000 6.513215 9.181353 6.666324 8.709231 0.023448 0.032258 0.467384 0.466269 0.032258 0.023538 0.032258 230 361
4 62.310000 60.320000 1000000 6.506646 9.177769 6.667344 8.714118 0.023442 0.032258 0.467384 0.466269 0.032258 0.023539 0.032258 240 345
4 62.310000 60.320000 1000000 6.319294 8.692468 6.409217 8.340465 0.023470 0.032258 0.473237 0.472136 0.032258 0.023534 0.032258 250 284
4 62.310000 60.320000 1000000 6.126212 7.653759 6.120203 8.098530 0.023369 0.032258 0.420589 0.419350 0.032258 0.023364 0.032258 280 345
4 62.310000 60.320000 1000000 5.640701 7.586375 5.649128 7.604396 0.023809 0.032258 0.074762 0.067445 0.032258 0.023808 0.032258 330 370
4 62.310000 60.320000 1000000 5.583926 7.579207 5.592612 7.545745 0.023819 0.032258 0.064384 0.055720 0.032258 0.023816 0.032258 370 456
4 62.310000 60.320000 1000000 5.494071 7.396768 5.496204 7.449704 0.023829 0.032258 0.052215 0.041059 0.032258 0.023826 0.032258 450 626
4 62.310000 60.320000 1000000 5.490823 7.396051 5.492960 7.443839 0.023830 0.032258 0.052215 0.041059 0.032258 0.023827 0.032258 620 734
4 62.310000 60.320000 1000000 5.475810 7.393901 5.477965 7.426243 0.023833 0.032258 0.039889 0.023463 0.032258 0.023830 0.032258 630 892
4 62.310000 60.320000 1000000 5.469252 7.391750 5.471363 7.411092 0.023834 0.032258 0.036747 0.017599 0.032258 0.023831 0.032258 890 1059
4 62.310000 60.320000 1000000 5.463058 7.391033 5.462851 7.403027 0.023833 0.032258 0.039888 0.023462 0.032258 0.023831 0.032258 1050 1116
4 62.310000 60.320000 1000000 5.459839 7.390316 5.459632 7.397162 0.023833 0.032258 0.039889 0.023463 0.032258 0.023831 0.032258 1110 1203
4 62.310000 60.320000 1000000 5.449578 7.388166 5.447567 7.375168 0.023833 0.032258 0.036748 0.017601 0.032258 0.023831 0.032258 1200 1510
4 62.310000 60.320000 1000000 5.444731 7.387449 5.442715 7.369303 0.023834 0.032258 0.034327 0.011737 0.032258 0.023831 0.032258 1510 1737
4 62.310000 60.320000 1000000 5.433028 7.329742 5.424784 7.355862 0.023834 0.032258 0.035437 0.014669 0.032258 0.023831 0.032258 1730 1970
4 62.310000 60.320000 1000000 5.431829 7.328667 5.422944 7.342421 0.023834 0.032258 0.034327 0.011737 0.032258 0.023831 0.032258 1970 2543
4 62.310000 60.320000 1000000 5.424738 7.327950 5.424129 7.343399 0.023834 0.032258 0.032788 0.005872 0.032258 0.023831 0.032258 2540 3252
4 62.310000 60.320000 1000000 5.421536 7.327233 5.420926 7.337534 0.023834 0.032258 0.032788 0.005872 0.032258 0.023831 0.032258 3250 3783
4 62.310000 60.320000 1000000 5.417532 7.326516 5.416920 7.331669 0.023834 0.032258 0.032788 0.005870 0.032258 0.023831 0.032258 3780 4619
4 62.310000 60.320000 1000000 5.412726 7.325800 5.412113 7.325804 0.023834 0.032258 0.032258 0.000007 0.032258 0.023832 0.032258 4610 6726
4 62.310000 60.320000 1000000 5.410369 7.325083 5.408869 7.317739 0.023834 0.032258 0.032788 0.005871 0.032258 0.023831 0.032258 6720 7542
4 62.310000 60.320000 1000000 5.398752 7.267376 5.391076 7.304298 0.023834 0.032258 0.033438 0.008804 0.032258 0.023831 0.032258 7540 7730
4 62.310000 60.320000 1000000 5.394023 7.266659 5.386327 7.298433 0.023834 0.032258 0.035436 0.014667 0.032258 0.023831 0.032258 7730 11066
4 62.310000 60.320000 1000000 5.392433 7.265942 5.386593 7.299411 0.023834 0.032258 0.035436 0.014668 0.032258 0.023831 0.032258 11060 37906
4 62.310000 60.320000 1000000 5.391239 7.264867 5.384763 7.285970 0.023834 0.032258 0.034327 0.011735 0.032258 0.023831 0.032258 37900 42568
4 62.310000 60.320000 1000000 5.385712 7.264150 5.379216 7.280105 0.023834 0.032258 0.034327 0.011737 0.032258 0.023831 0.032258 42560 62934
4 62.310000 60.320000 1000000 5.379394 7.263433 5.370491 7.272040 0.023834 0.032258 0.034327 0.011737 0.032258 0.023831 0.032258 62930 99312
4 62.310000 60.320000 1000000 5.369070 7.261283 5.360115 7.254445 0.023834 0.032258 0.034327 0.011736 0.032258 0.023832 0.032258 99310 103878
4 62.310000 60.320000 1000000 5.367892 7.260208 5.358306 7.241004 0.023834 0.032258 0.035435 0.014665 0.032258 0.023831 0.032258 103870 148359
4 62.310000 60.320000 1000000 5.361679 7.259491 5.349711 7.232940 0.023833 0.032258 0.038236 0.020528 0.032258 0.023831 0.032258 148350 175297
4 62.310000 60.320000 1000000 5.353087 7.257340 5.344726 7.229030 0.023833 0.032258 0.041683 0.026399 0.032258 0.023831 0.032258 175290 195353
4 62.310000 60.320000 1000000 5.350714 7.256623 5.341447 7.220965 0.023833 0.032258 0.038240 0.020534 0.032258 0.023831 0.032258 195350 275964
4 62.310000 60.320000 1000000 5.324735 7.253756 5.340228 7.218033 0.023833 0.032258 0.038239 0.020534 0.032258 0.023831 0.032258 275960 348182
4 62.310000 60.320000 1000000 5.308202 7.194616 5.315838 7.188463 0.023833 0.032258 0.039890 0.023465 0.032258 0.023831 0.032258 348180 413485
4 62.310000 60.320000 1000000 5.303486 7.193899 5.311143 7.182598 0.023833 0.032258 0.043598 0.029329 0.032258 0.023830 0.032258 413480 484558
4 62.310000 60.320000 1000000 5.299429 7.193182 5.307104 7.176733 0.023833 0.032258 0.039889 0.023464 0.032258 0.023831 0.032258 484550 488634
4 62.310000 60.320000 1000000 5.295472 7.192465 5.303163 7.170867 0.023833 0.032258 0.039888 0.023462 0.032258 0.023831 0.032258 488630 649690
4 62.310000 60.320000 1000000 5.283727 7.134758 5.285267 7.157426 0.023833 0.032258 0.038237 0.020530 0.032258 0.023831 0.032258 649690 725897
4 62.310000 60.320000 1000000 5.277385 7.134042 5.276548 7.149362 0.023834 0.032258 0.038236 0.020528 0.032258 0.023831 0.032258 725890 1000000
4 62.310000 60.320000 1000000 5.277385 7.134042 5.276548 7.149362 0.023834 0.032258 0.038236 0.020528 0.032258 0.023831 0.032258 999990 1000000
