26 62.310000 60.320000 1000000 9.196429 12.086740 9.121564 12.406448 0.023819 0.032258 0.080097 0.073314 0.032258 0.023817 0.032258 0 51
26 62.310000 60.320000 1000000 8.975931 12.061651 8.994445 12.277172 0.023819 0.032258 0.064387 0.055723 0.032258 0.023819 0.032258 50 65
26 62.310000 60.320000 1000000 8.953421 11.946237 8.960200 12.250290 0.023817 0.032258 0.059383 0.049858 0.032258 0.023815 0.032258 60 70
26 62.310000 60.320000 1000000 8.910864 11.937635 8.911264 12.164513 0.023816 0.032258 0.107593 0.102643 0.032258 0.023814 0.032258 70 83
26 62.310000 60.320000 1000000 8.841055 11.921865 8.837355 12.007622 0.023827 0.032258 0.090958 0.085045 0.032258 0.023826 0.032258 80 92
26 62.310000 60.320000 1000000 8.817461 11.916130 8.817798 11.974386 0.023830 0.032258 0.069523 0.061587 0.032258 0.023829 0.032258 90 110
26 62.310000 60.320000 1000000 8.767146 11.904660 8.768190 11.878101 0.023831 0.032258 0.074767 0.067450 0.032258 0.023829 0.032258 110 120
26 62.310000 60.320000 1000000 8.727615 11.841219 8.715493 11.804542 0.023831 0.032258 0.072132 0.064517 0.032258 0.023830 0.032258 120 171
26 62.310000 60.320000 1000000 8.702139 11.832258 8.692009 11.730984 0.023830 0.032258 0.064385 0.055721 0.032258 0.023828 0.032258 130 151
26 62.310000 60.320000 1000000 8.628663 11.658780 8.595718 11.037924 0.023787 0.032258 0.176003 0.173021 0.032258 0.023762 0.032258 150 168
26 62.310000 60.320000 1000000 8.604042 11.655913 8.596341 11.034991 0.023787 0.032258 0.187549 0.184754 0.032258 0.023761 0.032258 160 242
26 62.310000 60.320000 1000000 7.894940 8.848741 7.950585 10.395449 0.023208 0.032258 0.315434 0.313780 0.032258 0.023240 0.032258 190 354
26 62.310000 60.320000 1000000 7.810050 8.820068 7.835658 10.072867 0.023161 0.032258 0.543479 0.542521 0.032258 0.023171 0.032258 200 284
26 62.310000 60.320000 1000000 7.356547 8.749817 7.387148 9.498089 0.023036 0.032258 1.094316 1.093840 0.032258 0.023034 0.032258 220 243
26 62.310000 60.320000 1000000 6.957316 8.709673 6.849070 9.068468 0.023146 0.032258 0.848119 0.847505 0.032258 0.023225 0.032258 230 284
26 62.310000 60.320000 1000000 6.667791 8.643007 6.660733 8.797208 0.023339 0.032258 0.373826 0.372432 0.032258 0.023332 0.032258 270 579
26 62.310000 60.320000 1000000 6.579718 8.635838 6.567979 8.734157 0.023491 0.032258 0.315436 0.313782 0.032258 0.023484 0.032258 320 532
26 62.310000 60.320000 1000000 6.470495 8.621501 6.454284 8.593883 0.023665 0.032258 0.268803 0.266861 0.032258 0.023660 0.032258 390 579
26 62.310000 60.320000 1000000 6.355891 8.609315 6.338783 8.494178 0.023802 0.032258 0.170239 0.167155 0.032258 0.023801 0.032258 400 557
26 62.310000 60.320000 1000000 6.335427 8.605731 6.322303 8.478538 0.023814 0.032258 0.141554 0.137830 0.032258 0.023811 0.032258 440 579
26 62.310000 60.320000 1000000 6.268720 8.597129 6.280197 8.428685 0.023824 0.032258 0.107587 0.102637 0.032258 0.023822 0.032258 520 651
26 62.310000 60.320000 1000000 6.177861 8.413259 6.173968 8.344130 0.023832 0.032258 0.039890 0.023466 0.032258 0.023829 0.032258 650 1040
26 62.310000 60.320000 1000000 6.147733 8.296414 6.131182 8.305518 0.023833 0.032258 0.036747 0.017601 0.032258 0.023832 0.032258 670 1768
26 62.310000 60.320000 1000000 6.132195 8.293905 6.131783 8.294033 0.023834 0.032258 0.033437 0.008799 0.032258 0.023831 0.032258 1760 2168
26 62.310000 60.320000 1000000 6.125222 8.293189 6.132943 8.295010 0.023834 0.032258 0.035434 0.014661 0.032258 0.023831 0.032258 2160 2568
26 62.310000 60.320000 1000000 6.119747 8.292472 6.127488 8.289145 0.023834 0.032258 0.038235 0.020527 0.032258 0.023831 0.032258 2560 3062
26 62.310000 60.320000 1000000 6.103942 8.288888 6.113594 8.266662 0.023833 0.032258 0.045621 0.032259 0.032258 0.023831 0.032258 3060 3140
26 62.310000 60.320000 1000000 6.101496 8.288171 6.110247 8.258598 0.023833 0.032258 0.041680 0.026394 0.032258 0.023831 0.032258 3140 4425
26 62.310000 60.320000 1000000 6.079519 8.285303 6.083657 8.230738 0.023833 0.032258 0.038236 0.020527 0.032258 0.023830 0.032258 3410 4639
26 62.310000 60.320000 1000000 6.074049 8.284587 6.078198 8.224873 0.023833 0.032258 0.035436 0.014667 0.032258 0.023830 0.032258 4630 6108
26 62.310000 60.320000 1000000 6.057299 8.225447 6.053343 8.195304 0.023834 0.032258 0.034327 0.011736 0.032258 0.023831 0.032258 6100 6123
26 62.310000 60.320000 1000000 6.050232 8.224730 6.054520 8.196281 0.023834 0.032258 0.034326 0.011735 0.032258 0.023831 0.032258 6120 7850
26 62.310000 60.320000 1000000 6.048633 8.224014 6.054786 8.197259 0.023834 0.032258 0.034327 0.011735 0.032258 0.023831 0.032258 7850 10276
26 62.310000 60.320000 1000000 6.045439 8.223297 6.051603 8.191394 0.023834 0.032258 0.032788 0.005872 0.032258 0.023831 0.032258 10270 15817
26 62.310000 60.320000 1000000 6.044237 8.222221 6.049771 8.177953 0.023834 0.032258 0.032392 0.002939 0.032258 0.023831 0.032258 15810 108198
26 62.310000 60.320000 1000000 6.015301 8.106093 6.008435 8.145206 0.023834 0.032258 0.033438 0.008805 0.032258 0.023831 0.032258 108190 142474
26 62.310000 60.320000 1000000 6.014109 8.105018 6.006608 8.131765 0.023834 0.032258 0.034326 0.011734 0.032258 0.023831 0.032258 142470 339122
26 62.310000 60.320000 1000000 5.991432 7.989605 5.971726 8.104883 0.023831 0.032258 0.036747 0.017599 0.032258 0.023827 0.032258 308680 373833
26 62.310000 60.320000 1000000 5.984365 7.987454 5.961906 8.080690 0.023830 0.032258 0.047741 0.035194 0.032258 0.023827 0.032258 351510 386672
26 62.310000 60.320000 1000000 5.979553 7.986737 5.957038 8.074825 0.023831 0.032258 0.047741 0.035194 0.032258 0.023828 0.032258 386670 490439
26 62.310000 60.320000 1000000 5.970065 7.983153 5.954827 8.072870 0.023830 0.032258 0.047744 0.035198 0.032258 0.023828 0.032258 490430 740322
26 62.310000 60.320000 1000000 5.927510 7.977418 5.928953 8.039634 0.023830 0.032258 0.061864 0.052788 0.032258 0.023827 0.032258 740320 753025
26 62.310000 60.320000 1000000 5.926294 7.976343 5.927095 8.026193 0.023830 0.032258 0.059382 0.049856 0.032258 0.023827 0.032258 753020 808143
26 62.310000 60.320000 1000000 5.922156 7.975626 5.922959 8.020328 0.023831 0.032258 0.054551 0.043991 0.032258 0.023828 0.032258 808140 917247
26 62.310000 60.320000 1000000 5.881907 7.969175 5.892988 7.967543 0.023831 0.032258 0.049943 0.038128 0.032258 0.023829 0.032258 912570 937775
26 62.310000 60.320000 1000000 5.875499 7.968458 5.884222 7.959478 0.023832 0.032258 0.045623 0.032263 0.032258 0.023829 0.032258 937770 1000000
26 62.310000 60.320000 1000000 5.875499 7.968458 5.884222 7.959478 0.023832 0.032258 0.045623 0.032263 0.032258 0.023829 0.032258 999990 1000000
