28 62.310000 60.320000 1000000 9.206536 12.314338 9.202842 12.474874 0.023830 0.032258 0.052217 0.041062 0.032258 0.023826 0.032258 0 50
28 62.310000 60.320000 1000000 9.119135 12.303585 9.087587 12.360504 0.023824 0.032258 0.093702 0.087975 0.032258 0.023818 0.032258 50 64
28 62.310000 60.320000 1000000 9.048257 12.295700 9.087968 12.357572 0.023818 0.032258 0.088224 0.082115 0.032258 0.023820 0.032258 60 70
28 62.310000 60.320000 1000000 8.966498 12.284947 9.007295 12.269596 0.023819 0.032258 0.072139 0.064524 0.032258 0.023818 0.032258 70 83
28 62.310000 60.320000 1000000 8.946808 12.282080 8.980557 12.237338 0.023815 0.032258 0.088222 0.082113 0.032258 0.023812 0.032258 80 90
28 62.310000 60.320000 1000000 8.856605 11.871685 8.843223 12.062607 0.023817 0.032258 0.069518 0.061581 0.032258 0.023814 0.032258 90 102
28 62.310000 60.320000 1000000 8.802808 11.858782 8.808381 12.025461 0.023823 0.032258 0.096464 0.090911 0.032258 0.023819 0.032258 100 117
28 62.310000 60.320000 1000000 8.769830 11.851613 8.775466 11.966810 0.023826 0.032258 0.135853 0.131968 0.032258 0.023822 0.032258 110 129
28 62.310000 60.320000 1000000 8.722999 11.792832 8.706383 11.241981 0.023783 0.032258 0.251345 0.249266 0.032258 0.023756 0.032258 120 145
28 62.310000 60.320000 1000000 8.659519 11.779212 8.632914 11.108550 0.023790 0.032258 0.164484 0.161290 0.032258 0.023766 0.032258 140 165
28 62.310000 60.320000 1000000 8.164192 8.711108 7.848500 10.298676 0.023353 0.032258 0.350455 0.348967 0.032258 0.023154 0.032258 160 332
28 62.310000 60.320000 1000000 7.940201 8.637273 7.674687 9.986360 0.023221 0.032258 0.619604 0.618764 0.032258 0.023102 0.032258 220 399
28 62.310000 60.320000 1000000 7.314509 8.567739 7.347007 9.665243 0.023054 0.032258 0.572754 0.571845 0.032258 0.023038 0.032258 240 410
28 62.310000 60.320000 1000000 6.653542 8.460930 6.643020 8.695058 0.023196 0.032258 0.350457 0.348969 0.032258 0.023185 0.032258 280 509
28 62.310000 60.320000 1000000 6.239785 8.425087 6.231307 8.417933 0.023826 0.032258 0.074762 0.067444 0.032258 0.023824 0.032258 310 451
28 62.310000 60.320000 1000000 6.179491 8.303224 6.157082 8.328979 0.023831 0.032258 0.054548 0.043988 0.032258 0.023830 0.032258 370 448
28 62.310000 60.320000 1000000 6.174033 8.302508 6.151564 8.323114 0.023831 0.032258 0.059379 0.049853 0.032258 0.023830 0.032258 440 451
28 62.310000 60.320000 1000000 6.171558 8.301791 6.148123 8.315049 0.023831 0.032258 0.059380 0.049854 0.032258 0.023831 0.032258 450 509
28 62.310000 60.320000 1000000 6.143757 8.297490 6.148976 8.314072 0.023832 0.032258 0.049937 0.038120 0.032258 0.023831 0.032258 500 614
28 62.310000 60.320000 1000000 6.138984 8.296773 6.144216 8.308206 0.023833 0.032258 0.045618 0.032256 0.032258 0.023831 0.032258 610 622
28 62.310000 60.320000 1000000 6.133546 8.296056 6.138791 8.302341 0.023832 0.032258 0.049938 0.038121 0.032258 0.023830 0.032258 620 635
28 62.310000 60.320000 1000000 6.124616 8.293189 6.129137 8.279125 0.023833 0.032258 0.054548 0.043987 0.032258 0.023831 0.032258 630 657
28 62.310000 60.320000 1000000 6.121392 8.292472 6.125920 8.273260 0.023833 0.032258 0.049940 0.038124 0.032258 0.023831 0.032258 650 705
28 62.310000 60.320000 1000000 6.119737 8.291755 6.126195 8.274238 0.023833 0.032258 0.045620 0.032259 0.032258 0.023831 0.032258 700 792
28 62.310000 60.320000 1000000 6.108076 8.234049 6.108410 8.260797 0.023833 0.032258 0.043596 0.029327 0.032258 0.023830 0.032258 790 1435
28 62.310000 60.320000 1000000 6.092978 8.231899 6.087625 8.236604 0.023834 0.032258 0.039889 0.023464 0.032258 0.023831 0.032258 1430 1482
28 62.310000 60.320000 1000000 6.089780 8.231182 6.084418 8.230738 0.023834 0.032258 0.039889 0.023464 0.032258 0.023831 0.032258 1480 1494
28 62.310000 60.320000 1000000 6.088603 8.230107 6.082616 8.217298 0.023834 0.032258 0.041682 0.026396 0.032258 0.023831 0.032258 1490 1856
28 62.310000 60.320000 1000000 6.085473 8.229390 6.079476 8.211433 0.023833 0.032258 0.041682 0.026396 0.032258 0.023831 0.032258 1850 1875
28 62.310000 60.320000 1000000 6.079257 8.228673 6.070899 8.203368 0.023833 0.032258 0.045621 0.032260 0.032258 0.023831 0.032258 1870 2235
28 62.310000 60.320000 1000000 6.074445 8.227956 6.066067 8.197503 0.023833 0.032258 0.045621 0.032260 0.032258 0.023831 0.032258 2230 2341
28 62.310000 60.320000 1000000 6.068961 8.227239 6.060560 8.191638 0.023833 0.032258 0.045622 0.032261 0.032258 0.023831 0.032258 2340 2846
28 62.310000 60.320000 1000000 6.049244 8.168100 6.034518 8.166467 0.023833 0.032258 0.043597 0.029328 0.032258 0.023832 0.032258 2840 3109
28 62.310000 60.320000 1000000 6.047568 8.167383 6.034800 8.167444 0.023834 0.032258 0.039889 0.023463 0.032258 0.023832 0.032258 3100 3306
28 62.310000 60.320000 1000000 6.040466 8.166666 6.035988 8.168422 0.023834 0.032258 0.036746 0.017598 0.032258 0.023831 0.032258 3300 4187
28 62.310000 60.320000 1000000 6.019362 8.107527 6.008662 8.143251 0.023833 0.032258 0.038236 0.020528 0.032258 0.023831 0.032258 4180 4592
28 62.310000 60.320000 1000000 6.017700 8.106810 6.008940 8.144229 0.023834 0.032258 0.035434 0.014663 0.032258 0.023831 0.032258 4590 5105
28 62.310000 60.320000 1000000 6.016075 8.106093 6.009212 8.145206 0.023834 0.032258 0.033438 0.008802 0.032258 0.023831 0.032258 5100 11235
28 62.310000 60.320000 1000000 6.012120 8.105377 6.005243 8.139341 0.023834 0.032258 0.033437 0.008800 0.032258 0.023831 0.032258 11230 21375
28 62.310000 60.320000 1000000 6.005825 8.104660 5.996553 8.131277 0.023834 0.032258 0.035435 0.014664 0.032258 0.023831 0.032258 21370 29294
28 62.310000 60.320000 1000000 6.004627 8.103585 5.994714 8.117836 0.023834 0.032258 0.036744 0.017592 0.032258 0.023831 0.032258 29290 86829
28 62.310000 60.320000 1000000 5.999894 8.102151 5.988170 8.101707 0.023834 0.032258 0.043594 0.029322 0.032258 0.023831 0.032258 59100 146064
28 62.310000 60.320000 1000000 5.997607 8.101434 5.985007 8.093642 0.023833 0.032258 0.047736 0.035188 0.032258 0.023831 0.032258 146060 176890
28 62.310000 60.320000 1000000 5.986596 8.100000 5.973925 8.081912 0.023833 0.032258 0.047740 0.035192 0.032258 0.023831 0.032258 154240 185355
28 62.310000 60.320000 1000000 5.964600 8.095699 5.951789 8.046722 0.023829 0.032258 0.066937 0.058652 0.032258 0.023827 0.032258 185350 243872
28 62.310000 60.320000 1000000 5.952869 8.037993 5.933721 8.033281 0.023829 0.032258 0.069521 0.061584 0.032258 0.023828 0.032258 243870 254930
28 62.310000 60.320000 1000000 5.949674 8.037276 5.930496 8.027415 0.023829 0.032258 0.064383 0.055719 0.032258 0.023828 0.032258 254930 271345
28 62.310000 60.320000 1000000 5.934042 8.034767 5.931058 8.015930 0.023830 0.032258 0.061861 0.052784 0.032258 0.023828 0.032258 271340 297687
28 62.310000 60.320000 1000000 5.932387 8.034050 5.931335 8.016907 0.023831 0.032258 0.056939 0.046919 0.032258 0.023828 0.032258 297680 481945
28 62.310000 60.320000 1000000 5.857134 7.964515 5.853135 7.893252 0.023831 0.032258 0.066933 0.058646 0.032258 0.023828 0.032258 481940 556694
28 62.310000 60.320000 1000000 5.833544 7.958780 5.836665 7.878345 0.023830 0.032258 0.056939 0.046920 0.032258 0.023827 0.032258 556690 565653
28 62.310000 60.320000 1000000 5.830388 7.958064 5.833514 7.872479 0.023830 0.032258 0.052212 0.041055 0.032258 0.023827 0.032258 565650 811202
28 62.310000 60.320000 1000000 5.811097 7.955196 5.813379 7.846820 0.023831 0.032258 0.039889 0.023463 0.032258 0.023828 0.032258 811200 1000000
28 62.310000 60.320000 1000000 5.811097 7.955196 5.813379 7.846820 0.023831 0.032258 0.039889 0.023463 0.032258 0.023828 0.032258 999990 1000000
