49 62.310000 60.320000 1000000 9.288028 12.664155 9.317937 12.573358 0.023832 0.032258 0.056944 0.046926 0.032258 0.023830 0.032258 0 50
49 62.310000 60.320000 1000000 9.113893 12.305019 9.104745 12.383232 0.023831 0.032258 0.052212 0.041055 0.032258 0.023828 0.032258 50 62
49 62.310000 60.320000 1000000 9.038266 12.296417 9.084619 12.360993 0.023820 0.032258 0.077422 0.070381 0.032258 0.023825 0.032258 60 72
49 62.310000 60.320000 1000000 9.005778 12.289965 9.060250 12.335578 0.023822 0.032258 0.099233 0.093843 0.032258 0.023825 0.032258 70 88
49 62.310000 60.320000 1000000 8.995743 12.287815 9.050396 12.317983 0.023823 0.032258 0.099234 0.093845 0.032258 0.023826 0.032258 80 93
49 62.310000 60.320000 1000000 8.860553 11.867025 8.870006 12.051120 0.023817 0.032258 0.127321 0.123166 0.032258 0.023815 0.032258 90 101
49 62.310000 60.320000 1000000 8.796836 11.847670 8.793761 11.849996 0.023819 0.032258 0.173118 0.170086 0.032258 0.023818 0.032258 100 168
49 62.310000 60.320000 1000000 8.788660 11.844086 8.795123 11.854883 0.023820 0.032258 0.144410 0.140761 0.032258 0.023818 0.032258 110 199
49 62.310000 60.320000 1000000 8.763089 11.839785 8.769609 11.819693 0.023825 0.032258 0.110389 0.105570 0.032258 0.023822 0.032258 130 201
49 62.310000 60.320000 1000000 8.659501 11.796774 8.729469 11.816761 0.023772 0.032258 0.335870 0.334317 0.032258 0.023839 0.032258 150 185
49 62.310000 60.320000 1000000 7.791446 8.582435 7.946157 10.436506 0.023049 0.032258 0.347541 0.346041 0.032258 0.023159 0.032258 170 194
49 62.310000 60.320000 1000000 7.644665 8.545159 7.765868 10.025947 0.023034 0.032258 0.312523 0.310854 0.032258 0.023110 0.032258 190 236
49 62.310000 60.320000 1000000 7.144755 8.471324 7.155710 9.307471 0.022935 0.032258 0.341702 0.340176 0.032258 0.022955 0.032258 230 276
49 62.310000 60.320000 1000000 6.591659 8.396772 6.605046 8.685772 0.023243 0.032258 0.365060 0.363632 0.032258 0.023254 0.032258 270 394
49 62.310000 60.320000 1000000 6.578251 8.393188 6.589325 8.649849 0.023233 0.032258 0.335859 0.334306 0.032258 0.023243 0.032258 310 460
49 62.310000 60.320000 1000000 6.207952 8.362364 6.218460 8.391051 0.023815 0.032258 0.104791 0.099703 0.032258 0.023815 0.032258 340 375
49 62.310000 60.320000 1000000 6.159679 8.356629 6.170434 8.344130 0.023831 0.032258 0.061860 0.052783 0.032258 0.023830 0.032258 350 460
49 62.310000 60.320000 1000000 6.156390 8.355195 6.170979 8.346085 0.023832 0.032258 0.052213 0.041056 0.032258 0.023830 0.032258 440 633
49 62.310000 60.320000 1000000 6.122289 8.348027 6.131157 8.273749 0.023832 0.032258 0.047736 0.035187 0.032258 0.023829 0.032258 630 640
49 62.310000 60.320000 1000000 6.104721 8.289604 6.107355 8.254443 0.023833 0.032258 0.041679 0.026392 0.032258 0.023831 0.032258 640 703
49 62.310000 60.320000 1000000 6.095234 8.287454 6.096105 8.232449 0.023833 0.032258 0.041679 0.026391 0.032258 0.023831 0.032258 700 745
49 62.310000 60.320000 1000000 6.089677 8.286737 6.090550 8.226584 0.023833 0.032258 0.038237 0.020530 0.032258 0.023831 0.032258 740 1222
49 62.310000 60.320000 1000000 6.066940 8.282794 6.083319 8.203368 0.023831 0.032258 0.052211 0.041053 0.032258 0.023830 0.032258 1220 1918
49 62.310000 60.320000 1000000 6.040688 8.222221 6.054800 8.180152 0.023832 0.032258 0.049938 0.038121 0.032258 0.023830 0.032258 1910 3049
49 62.310000 60.320000 1000000 6.039082 8.221505 6.055066 8.181130 0.023833 0.032258 0.045621 0.032260 0.032258 0.023830 0.032258 3040 3402
49 62.310000 60.320000 1000000 6.026444 8.219354 6.042528 8.163534 0.023832 0.032258 0.038238 0.020531 0.032258 0.023830 0.032258 3400 3863
49 62.310000 60.320000 1000000 6.014516 8.161649 6.024422 8.150094 0.023833 0.032258 0.036747 0.017599 0.032258 0.023831 0.032258 3860 3985
49 62.310000 60.320000 1000000 6.008078 8.160932 6.015608 8.142029 0.023834 0.032258 0.034326 0.011734 0.032258 0.023831 0.032258 3980 4946
49 62.310000 60.320000 1000000 5.996322 8.103226 5.997688 8.128588 0.023834 0.032258 0.033438 0.008802 0.032258 0.023831 0.032258 4940 11352
49 62.310000 60.320000 1000000 5.989978 8.102509 5.988965 8.120524 0.023834 0.032258 0.032392 0.002939 0.032258 0.023831 0.032258 11350 11394
49 62.310000 60.320000 1000000 5.988369 8.101792 5.989233 8.121501 0.023834 0.032258 0.033438 0.008804 0.032258 0.023831 0.032258 11390 17974
49 62.310000 60.320000 1000000 5.983564 8.098925 5.982261 8.086555 0.023834 0.032258 0.032392 0.002936 0.032258 0.023832 0.032258 17970 23717
49 62.310000 60.320000 1000000 5.981988 8.098208 5.982523 8.087533 0.023834 0.032258 0.032392 0.002940 0.032258 0.023832 0.032258 23710 49101
49 62.310000 60.320000 1000000 5.977284 8.097491 5.977820 8.081668 0.023834 0.032258 0.033438 0.008802 0.032258 0.023831 0.032258 49100 53478
49 62.310000 60.320000 1000000 5.971030 8.096774 5.969218 8.073603 0.023834 0.032258 0.035436 0.014666 0.032258 0.023831 0.032258 53470 82926
49 62.310000 60.320000 1000000 5.968653 8.096058 5.965946 8.065539 0.023834 0.032258 0.035436 0.014666 0.032258 0.023831 0.032258 82920 199843
49 62.310000 60.320000 1000000 5.963141 8.095341 5.960427 8.059674 0.023834 0.032258 0.033438 0.008805 0.032258 0.023831 0.032258 199840 214846
49 62.310000 60.320000 1000000 5.951401 8.037634 5.942438 8.046233 0.023834 0.032258 0.034327 0.011738 0.032258 0.023831 0.032258 214840 273047
49 62.310000 60.320000 1000000 5.921882 8.030466 5.911537 7.978295 0.023831 0.032258 0.052213 0.041055 0.032258 0.023829 0.032258 273040 289269
49 62.310000 60.320000 1000000 5.907025 7.971325 5.894066 7.966809 0.023831 0.032258 0.054552 0.043992 0.032258 0.023830 0.032258 289260 315084
49 62.310000 60.320000 1000000 5.900699 7.970608 5.885305 7.958745 0.023831 0.032258 0.059382 0.049856 0.032258 0.023830 0.032258 315080 488601
49 62.310000 60.320000 1000000 5.899171 7.969892 5.885561 7.959722 0.023831 0.032258 0.064385 0.055721 0.032258 0.023830 0.032258 488600 533630
49 62.310000 60.320000 1000000 5.884122 7.967741 5.870407 7.942127 0.023831 0.032258 0.054552 0.043992 0.032258 0.023831 0.032258 533630 702988
49 62.310000 60.320000 1000000 5.839936 7.962006 5.865684 7.925021 0.023832 0.032258 0.045622 0.032260 0.032258 0.023831 0.032258 702980 707053
49 62.310000 60.320000 1000000 5.837574 7.961289 5.862478 7.916956 0.023832 0.032258 0.045622 0.032260 0.032258 0.023831 0.032258 707050 738154
49 62.310000 60.320000 1000000 5.836035 7.960573 5.862732 7.917934 0.023831 0.032258 0.049941 0.038125 0.032258 0.023831 0.032258 738150 925895
49 62.310000 60.320000 1000000 5.827066 7.958064 5.853266 7.892763 0.023831 0.032258 0.052212 0.041055 0.032258 0.023829 0.032258 925890 1000000
49 62.310000 60.320000 1000000 5.827066 7.958064 5.853266 7.892763 0.023831 0.032258 0.052212 0.041055 0.032258 0.023829 0.032258 999990 1000000
