49 62.310000 60.320000 1000000 8.822102 12.015056 8.810016 11.852441 0.023830 0.032258 0.041677 0.026389 0.032258 0.023828 0.032258 0 52
49 62.310000 60.320000 1000000 8.556950 11.304654 8.544288 11.619790 0.023817 0.032258 0.124491 0.120239 0.032258 0.023809 0.032258 50 61
49 62.310000 60.320000 1000000 8.466396 11.293185 8.445606 11.515440 0.023826 0.032258 0.069523 0.061586 0.032258 0.023822 0.032258 60 75
49 62.310000 60.320000 1000000 8.451420 11.289600 8.429589 11.483915 0.023825 0.032258 0.090958 0.085046 0.032258 0.023821 0.032258 70 105
49 62.310000 60.320000 1000000 8.447660 11.286375 8.423799 11.443592 0.023826 0.032258 0.088219 0.082110 0.032258 0.023822 0.032258 100 130
49 62.310000 60.320000 1000000 8.230366 11.162002 8.293598 10.574579 0.023692 0.032258 0.228101 0.225809 0.032258 0.023747 0.032258 130 154
49 62.310000 60.320000 1000000 8.204458 11.098560 8.265417 10.555273 0.023679 0.032258 0.260079 0.258070 0.032258 0.023747 0.032258 150 183
49 62.310000 60.320000 1000000 7.644885 10.949456 7.944464 10.058204 0.022991 0.032258 0.563972 0.563049 0.032258 0.023400 0.032258 180 250
49 62.310000 60.320000 1000000 6.807555 7.672038 6.883536 8.930151 0.022492 0.032258 0.710405 0.709672 0.032258 0.022585 0.032258 200 227
49 62.310000 60.320000 1000000 6.254254 7.583149 6.284896 8.077513 0.022647 0.032258 0.692829 0.692078 0.032258 0.022714 0.032258 220 250
49 62.310000 60.320000 1000000 5.784621 7.541572 5.823246 7.737338 0.023157 0.032258 0.388436 0.387094 0.032258 0.023198 0.032258 230 289
49 62.310000 60.320000 1000000 5.472051 7.502145 5.515061 7.412558 0.023817 0.032258 0.093704 0.087976 0.032258 0.023820 0.032258 280 298
49 62.310000 60.320000 1000000 5.468931 7.501429 5.512014 7.406693 0.023817 0.032258 0.099230 0.093841 0.032258 0.023819 0.032258 290 357
49 62.310000 60.320000 1000000 5.444438 7.497128 5.488096 7.371502 0.023820 0.032258 0.072129 0.064513 0.032258 0.023820 0.032258 340 503
49 62.310000 60.320000 1000000 5.414709 7.380997 5.446327 7.338755 0.023823 0.032258 0.066936 0.058650 0.032258 0.023821 0.032258 500 685
49 62.310000 60.320000 1000000 5.349502 7.259849 5.355176 7.249557 0.023834 0.032258 0.036745 0.017596 0.032258 0.023831 0.032258 680 705
49 62.310000 60.320000 1000000 5.343224 7.259132 5.346566 7.241493 0.023833 0.032258 0.034325 0.011731 0.032258 0.023831 0.032258 700 899
49 62.310000 60.320000 1000000 5.337843 7.258416 5.341195 7.235628 0.023833 0.032258 0.036746 0.017596 0.032258 0.023830 0.032258 890 1007
49 62.310000 60.320000 1000000 5.326063 7.200709 5.323201 7.222187 0.023833 0.032258 0.035435 0.014664 0.032258 0.023831 0.032258 1000 1137
49 62.310000 60.320000 1000000 5.322854 7.199992 5.319987 7.216322 0.023833 0.032258 0.038237 0.020529 0.032258 0.023831 0.032258 1130 1175
49 62.310000 60.320000 1000000 5.321200 7.199275 5.320263 7.217299 0.023833 0.032258 0.035437 0.014669 0.032258 0.023831 0.032258 1170 1338
49 62.310000 60.320000 1000000 5.318784 7.198558 5.316938 7.209235 0.023834 0.032258 0.035437 0.014668 0.032258 0.023831 0.032258 1330 2035
49 62.310000 60.320000 1000000 5.317573 7.197483 5.315085 7.195794 0.023834 0.032258 0.036746 0.017597 0.032258 0.023831 0.032258 2030 2217
49 62.310000 60.320000 1000000 5.315957 7.196766 5.315355 7.196772 0.023834 0.032258 0.034327 0.011737 0.032258 0.023831 0.032258 2210 2293
49 62.310000 60.320000 1000000 5.309730 7.196049 5.306783 7.188707 0.023833 0.032258 0.034327 0.011737 0.032258 0.023831 0.032258 2290 2592
49 62.310000 60.320000 1000000 5.306577 7.195333 5.303625 7.182842 0.023833 0.032258 0.036748 0.017601 0.032258 0.023831 0.032258 2590 3139
49 62.310000 60.320000 1000000 5.304995 7.194616 5.303889 7.183820 0.023833 0.032258 0.039891 0.023466 0.032258 0.023831 0.032258 3130 3622
49 62.310000 60.320000 1000000 5.302621 7.193899 5.300622 7.175755 0.023833 0.032258 0.036748 0.017602 0.032258 0.023830 0.032258 3620 4074
49 62.310000 60.320000 1000000 5.297890 7.193182 5.295886 7.169890 0.023833 0.032258 0.036748 0.017602 0.032258 0.023830 0.032258 4070 14565
49 62.310000 60.320000 1000000 5.289851 7.191748 5.287837 7.158160 0.023834 0.032258 0.032788 0.005872 0.032258 0.023831 0.032258 4610 79697
49 62.310000 60.320000 1000000 5.284453 7.191031 5.282434 7.152295 0.023833 0.032258 0.034327 0.011737 0.032258 0.023830 0.032258 79690 95298
49 62.310000 60.320000 1000000 5.277344 7.190315 5.283617 7.153272 0.023833 0.032258 0.034327 0.011736 0.032258 0.023830 0.032258 95290 97851
49 62.310000 60.320000 1000000 5.276137 7.189239 5.281779 7.139831 0.023833 0.032258 0.033438 0.008804 0.032258 0.023830 0.032258 97850 104793
49 62.310000 60.320000 1000000 5.274570 7.188522 5.282039 7.140809 0.023833 0.032258 0.035437 0.014669 0.032258 0.023830 0.032258 104790 110306
49 62.310000 60.320000 1000000 5.262684 7.130816 5.263926 7.127368 0.023834 0.032258 0.034327 0.011737 0.032258 0.023831 0.032258 110300 139627
49 62.310000 60.320000 1000000 5.260318 7.130099 5.260674 7.119304 0.023834 0.032258 0.034327 0.011737 0.032258 0.023831 0.032258 139620 143898
49 62.310000 60.320000 1000000 5.254063 7.129382 5.252069 7.111239 0.023834 0.032258 0.034327 0.011737 0.032258 0.023831 0.032258 143890 168686
49 62.310000 60.320000 1000000 5.250110 7.128665 5.248112 7.105374 0.023834 0.032258 0.036746 0.017598 0.032258 0.023831 0.032258 168680 237290
49 62.310000 60.320000 1000000 5.223498 7.125081 5.237867 7.089734 0.023833 0.032258 0.036747 0.017600 0.032258 0.023831 0.032258 237290 283680
49 62.310000 60.320000 1000000 5.208843 7.122930 5.217851 7.065540 0.023831 0.032258 0.043597 0.029327 0.032258 0.023828 0.032258 283680 345918
49 62.310000 60.320000 1000000 5.207621 7.121855 5.215994 7.052100 0.023831 0.032258 0.041680 0.026394 0.032258 0.023828 0.032258 345910 365848
49 62.310000 60.320000 1000000 5.203671 7.121138 5.212063 7.046235 0.023831 0.032258 0.041679 0.026392 0.032258 0.023828 0.032258 365840 567258
49 62.310000 60.320000 1000000 5.202082 7.120422 5.212327 7.047212 0.023831 0.032258 0.041680 0.026393 0.032258 0.023828 0.032258 567250 676773
49 62.310000 60.320000 1000000 5.190023 7.062715 5.193979 7.033771 0.023833 0.032258 0.039887 0.023461 0.032258 0.023830 0.032258 676770 711203
49 62.310000 60.320000 1000000 5.184463 7.061998 5.188431 7.027906 0.023833 0.032258 0.036746 0.017597 0.032258 0.023830 0.032258 711200 750561
49 62.310000 60.320000 1000000 5.179036 7.061281 5.183017 7.022041 0.023833 0.032258 0.036747 0.017599 0.032258 0.023829 0.032258 750560 1000000
49 62.310000 60.320000 1000000 5.179036 7.061281 5.183017 7.022041 0.023833 0.032258 0.036747 0.017599 0.032258 0.023829 0.032258 999990 1000000
