43 62.310000 60.320000 1000000 9.417517 12.577020 9.428324 12.806240 0.023780 0.032258 0.222297 0.219944 0.032258 0.023778 0.032258 0 53
43 62.310000 60.320000 1000000 9.281921 12.547988 9.287335 12.526913 0.023827 0.032258 0.061866 0.052791 0.032258 0.023825 0.032258 50 65
43 62.310000 60.320000 1000000 9.263207 12.545120 9.268654 12.503453 0.023827 0.032258 0.066941 0.058656 0.032258 0.023824 0.032258 60 75
43 62.310000 60.320000 1000000 9.205457 12.537952 9.211007 12.444802 0.023833 0.032258 0.034326 0.011734 0.032258 0.023830 0.032258 70 84
43 62.310000 60.320000 1000000 9.191971 12.479529 9.193084 12.432339 0.023834 0.032258 0.035436 0.014668 0.032258 0.023831 0.032258 80 99
43 62.310000 60.320000 1000000 9.190790 12.478454 9.191280 12.418898 0.023834 0.032258 0.034327 0.011735 0.032258 0.023831 0.032258 90 106
43 62.310000 60.320000 1000000 9.179005 12.420748 9.173260 12.405457 0.023834 0.032258 0.035436 0.014668 0.032258 0.023831 0.032258 100 113
43 62.310000 60.320000 1000000 9.160986 12.417880 9.152808 12.379797 0.023833 0.032258 0.041682 0.026397 0.032258 0.023831 0.032258 110 120
43 62.310000 60.320000 1000000 9.127455 12.355873 9.112923 12.331165 0.023832 0.032258 0.047740 0.035192 0.032258 0.023830 0.032258 120 140
43 62.310000 60.320000 1000000 9.115793 12.298167 9.095003 12.317724 0.023832 0.032258 0.049941 0.038125 0.032258 0.023830 0.032258 140 166
43 62.310000 60.320000 1000000 9.096972 12.239745 9.078483 12.305261 0.023832 0.032258 0.047741 0.035194 0.032258 0.023830 0.032258 160 204
43 62.310000 60.320000 1000000 8.966854 11.773079 8.941510 12.188693 0.023818 0.032258 0.061867 0.052791 0.032258 0.023809 0.032258 200 252
43 62.310000 60.320000 1000000 8.934653 11.768062 8.946888 12.195535 0.023816 0.032258 0.077426 0.070386 0.032258 0.023810 0.032258 220 283
43 62.310000 60.320000 1000000 8.770336 11.240823 8.747293 12.022026 0.023780 0.032258 0.096468 0.090915 0.032258 0.023763 0.032258 260 278
43 62.310000 60.320000 1000000 8.759958 11.236880 8.732289 11.973638 0.023781 0.032258 0.088226 0.082117 0.032258 0.023765 0.032258 270 311
43 62.310000 60.320000 1000000 8.665786 11.224694 8.645134 11.880775 0.023794 0.032258 0.088225 0.082116 0.032258 0.023780 0.032258 310 340
43 62.310000 60.320000 1000000 8.660140 11.223977 8.639447 11.874910 0.023794 0.032258 0.088225 0.082116 0.032258 0.023781 0.032258 340 469
43 62.310000 60.320000 1000000 8.518411 11.197454 8.468511 11.616112 0.023815 0.032258 0.077421 0.070381 0.032258 0.023811 0.032258 460 492
43 62.310000 60.320000 1000000 8.409941 10.789211 8.360929 11.521049 0.023781 0.032258 0.096462 0.090909 0.032258 0.023768 0.032258 490 513
43 62.310000 60.320000 1000000 8.257012 10.766272 8.179865 11.309172 0.023773 0.032258 0.204900 0.202345 0.032258 0.023770 0.032258 510 569
43 62.310000 60.320000 1000000 8.076063 10.743333 8.092912 11.206045 0.023756 0.032258 0.187547 0.184751 0.032258 0.023779 0.032258 560 710
43 62.310000 60.320000 1000000 7.901384 10.701398 7.919908 10.850963 0.023804 0.032258 0.088221 0.082112 0.032258 0.023811 0.032258 680 724
43 62.310000 60.320000 1000000 7.898618 10.700681 7.916131 10.842899 0.023805 0.032258 0.093705 0.087977 0.032258 0.023813 0.032258 720 1147
43 62.310000 60.320000 1000000 7.894761 10.699247 7.916769 10.844854 0.023807 0.032258 0.082790 0.076247 0.032258 0.023812 0.032258 730 1118
43 62.310000 60.320000 1000000 7.837186 10.522545 7.843580 10.782049 0.023803 0.032258 0.074765 0.067448 0.032258 0.023804 0.032258 1110 1147
43 62.310000 60.320000 1000000 7.822970 10.520395 7.837007 10.771296 0.023800 0.032258 0.090956 0.085043 0.032258 0.023804 0.032258 1140 2175
43 62.310000 60.320000 1000000 7.813552 10.518961 7.827640 10.759566 0.023800 0.032258 0.080096 0.073313 0.032258 0.023803 0.032258 1230 2260
43 62.310000 60.320000 1000000 7.740598 10.504624 7.752854 10.649351 0.023810 0.032258 0.085498 0.079179 0.032258 0.023808 0.032258 1660 1695
43 62.310000 60.320000 1000000 7.734786 10.503908 7.744898 10.641287 0.023808 0.032258 0.090956 0.085044 0.032258 0.023806 0.032258 1690 1740
43 62.310000 60.320000 1000000 7.729071 10.503191 7.737068 10.633222 0.023807 0.032258 0.096463 0.090909 0.032258 0.023804 0.032258 1740 2306
43 62.310000 60.320000 1000000 7.693665 10.385270 7.688598 10.581169 0.023805 0.032258 0.088220 0.082111 0.032258 0.023802 0.032258 2300 2475
43 62.310000 60.320000 1000000 7.675411 10.383119 7.686015 10.577259 0.023803 0.032258 0.082789 0.076246 0.032258 0.023803 0.032258 2470 3236
43 62.310000 60.320000 1000000 7.560313 10.229356 7.564190 10.236595 0.023831 0.032258 0.045620 0.032259 0.032258 0.023828 0.032258 3230 3935
43 62.310000 60.320000 1000000 7.535615 10.225055 7.537263 10.199205 0.023831 0.032258 0.054548 0.043987 0.032258 0.023828 0.032258 3930 4854
43 62.310000 60.320000 1000000 7.467470 10.215019 7.469163 10.117093 0.023827 0.032258 0.059378 0.049851 0.032258 0.023823 0.032258 4560 8410
43 62.310000 60.320000 1000000 7.384551 9.977027 7.375496 10.006878 0.023830 0.032258 0.049942 0.038127 0.032258 0.023828 0.032258 8410 8911
43 62.310000 60.320000 1000000 7.377464 9.976310 7.376679 10.007856 0.023831 0.032258 0.049942 0.038127 0.032258 0.023828 0.032258 8910 8938
43 62.310000 60.320000 1000000 7.374968 9.975594 7.373245 9.999791 0.023831 0.032258 0.054550 0.043990 0.032258 0.023829 0.032258 8930 10545
43 62.310000 60.320000 1000000 7.344812 9.972009 7.333695 9.961668 0.023829 0.032258 0.054549 0.043988 0.032258 0.023827 0.032258 10540 11656
43 62.310000 60.320000 1000000 7.329775 9.969859 7.318590 9.944073 0.023827 0.032258 0.054548 0.043987 0.032258 0.023824 0.032258 11650 12767
43 62.310000 60.320000 1000000 7.328077 9.969142 7.318874 9.945051 0.023827 0.032258 0.049941 0.038125 0.032258 0.023824 0.032258 12760 16423
43 62.310000 60.320000 1000000 7.310845 9.965558 7.303542 9.922568 0.023826 0.032258 0.049942 0.038126 0.032258 0.023823 0.032258 16420 18917
43 62.310000 60.320000 1000000 7.305665 9.964841 7.298346 9.916703 0.023825 0.032258 0.054550 0.043990 0.032258 0.023822 0.032258 18910 22574
43 62.310000 60.320000 1000000 7.268390 9.960540 7.300631 9.913526 0.023824 0.032258 0.064386 0.055722 0.032258 0.023823 0.032258 22570 23433
43 62.310000 60.320000 1000000 7.264914 9.959823 7.297201 9.907661 0.023825 0.032258 0.059383 0.049857 0.032258 0.023824 0.032258 23430 26889
43 62.310000 60.320000 1000000 7.261126 9.959106 7.293463 9.901796 0.023824 0.032258 0.064386 0.055722 0.032258 0.023823 0.032258 26880 31170
43 62.310000 60.320000 1000000 7.208289 9.727566 7.216149 9.842167 0.023825 0.032258 0.059383 0.049857 0.032258 0.023824 0.032258 31170 31532
43 62.310000 60.320000 1000000 7.202006 9.726849 7.207534 9.834103 0.023825 0.032258 0.054552 0.043992 0.032258 0.023823 0.032258 31530 37332
43 62.310000 60.320000 1000000 7.144989 9.716096 7.148287 9.743927 0.023825 0.032258 0.064383 0.055719 0.032258 0.023823 0.032258 37330 39328
43 62.310000 60.320000 1000000 7.138039 9.715379 7.149442 9.744904 0.023825 0.032258 0.069521 0.061584 0.032258 0.023823 0.032258 39320 40288
43 62.310000 60.320000 1000000 7.131822 9.714662 7.140930 9.736840 0.023824 0.032258 0.064384 0.055720 0.032258 0.023822 0.032258 40280 43973
43 62.310000 60.320000 1000000 7.127897 9.713946 7.137020 9.730975 0.023824 0.032258 0.059381 0.049855 0.032258 0.023822 0.032258 43970 60177
43 62.310000 60.320000 1000000 7.111896 9.711795 7.116526 9.708981 0.023822 0.032258 0.064382 0.055717 0.032258 0.023819 0.032258 60170 93391
43 62.310000 60.320000 1000000 7.085486 9.594233 7.076139 9.655217 0.023824 0.032258 0.064381 0.055717 0.032258 0.023822 0.032258 90110 102815
43 62.310000 60.320000 1000000 7.054478 9.586347 7.033223 9.566508 0.023827 0.032258 0.074763 0.067446 0.032258 0.023827 0.032258 102810 107432
43 62.310000 60.320000 1000000 7.048939 9.585631 7.027634 9.560643 0.023827 0.032258 0.069518 0.061581 0.032258 0.023827 0.032258 107430 110145
43 62.310000 60.320000 1000000 7.041845 9.584914 7.028825 9.561621 0.023827 0.032258 0.069518 0.061580 0.032258 0.023827 0.032258 110140 113769
43 62.310000 60.320000 1000000 7.037929 9.584197 7.024888 9.555756 0.023827 0.032258 0.064382 0.055718 0.032258 0.023827 0.032258 113760 121866
43 62.310000 60.320000 1000000 7.030945 9.583480 7.026056 9.556733 0.023827 0.032258 0.064382 0.055718 0.032258 0.023827 0.032258 121860 125641
43 62.310000 60.320000 1000000 7.029094 9.582763 7.026365 9.557711 0.023828 0.032258 0.059379 0.049853 0.032258 0.023827 0.032258 125640 132023
43 62.310000 60.320000 1000000 7.022226 9.582046 7.027510 9.558688 0.023827 0.032258 0.059381 0.049855 0.032258 0.023827 0.032258 132020 145258
43 62.310000 60.320000 1000000 7.016208 9.581330 7.019250 9.550624 0.023826 0.032258 0.064382 0.055718 0.032258 0.023826 0.032258 145250 174056
43 62.310000 60.320000 1000000 7.003169 9.578462 7.006228 9.527163 0.023824 0.032258 0.074762 0.067444 0.032258 0.023824 0.032258 174050 233150
43 62.310000 60.320000 1000000 6.972638 9.574161 6.970402 9.485375 0.023821 0.032258 0.080092 0.073308 0.032258 0.023819 0.032258 233150 316896
43 62.310000 60.320000 1000000 6.925155 9.561975 6.953013 9.467779 0.023823 0.032258 0.069522 0.061585 0.032258 0.023817 0.032258 316890 400927
43 62.310000 60.320000 1000000 6.829761 9.212872 6.828428 9.370517 0.023828 0.032258 0.059380 0.049853 0.032258 0.023823 0.032258 400920 629731
43 62.310000 60.320000 1000000 6.819304 9.211438 6.817965 9.358786 0.023826 0.032258 0.069521 0.061583 0.032258 0.023820 0.032258 416280 745305
43 62.310000 60.320000 1000000 6.774486 9.205703 6.799028 9.330439 0.023823 0.032258 0.069522 0.061585 0.032258 0.023820 0.032258 706100 768866
43 62.310000 60.320000 1000000 6.751837 9.202836 6.769987 9.300380 0.023820 0.032258 0.074764 0.067447 0.032258 0.023814 0.032258 768860 876613
43 62.310000 60.320000 1000000 6.731843 9.143696 6.743902 9.275209 0.023821 0.032258 0.077420 0.070380 0.032258 0.023814 0.032258 876610 1000000
43 62.310000 60.320000 1000000 6.728563 9.142263 6.744446 9.277164 0.023821 0.032258 0.082790 0.076247 0.032258 0.023814 0.032258 999990 1000000
