10 62.310000 60.320000 1000000 8.792850 12.011113 8.785475 11.833868 0.023827 0.032258 0.047740 0.035192 0.032258 0.023825 0.032258 0 51
10 62.310000 60.320000 1000000 8.665484 11.432612 8.590139 11.683329 0.023820 0.032258 0.072133 0.064518 0.032258 0.023822 0.032258 50 61
10 62.310000 60.320000 1000000 8.623397 11.427594 8.583201 11.669644 0.023826 0.032258 0.061864 0.052788 0.032258 0.023822 0.032258 60 72
10 62.310000 60.320000 1000000 8.596168 11.422218 8.554926 11.621012 0.023823 0.032258 0.074769 0.067452 0.032258 0.023820 0.032258 70 81
10 62.310000 60.320000 1000000 8.593767 11.420068 8.551203 11.594130 0.023823 0.032258 0.080096 0.073313 0.032258 0.023820 0.032258 80 91
10 62.310000 60.320000 1000000 8.525258 11.372039 8.555090 11.645939 0.023735 0.032258 0.443993 0.442820 0.032258 0.023835 0.032258 90 111
10 62.310000 60.320000 1000000 8.459627 11.360569 8.487941 11.540612 0.023731 0.032258 0.449843 0.448685 0.032258 0.023831 0.032258 110 122
10 62.310000 60.320000 1000000 8.155602 11.298921 8.230268 11.064562 0.023528 0.032258 0.766077 0.765397 0.032258 0.023619 0.032258 120 141
10 62.310000 60.320000 1000000 7.946135 11.245516 8.021858 10.595111 0.023260 0.032258 0.733849 0.733140 0.032258 0.023350 0.032258 140 184
10 62.310000 60.320000 1000000 7.782053 11.022933 7.795112 10.004934 0.023138 0.032258 0.736775 0.736069 0.032258 0.023186 0.032258 170 188
10 62.310000 60.320000 1000000 7.781481 11.022217 7.795207 10.005911 0.023135 0.032258 0.736775 0.736069 0.032258 0.023187 0.032258 180 203
10 62.310000 60.320000 1000000 6.521511 7.704297 6.703636 8.307231 0.022476 0.032258 0.435215 0.434018 0.032258 0.022536 0.032258 200 410
10 62.310000 60.320000 1000000 5.441177 7.607882 5.469410 7.340223 0.023807 0.032258 0.080096 0.073313 0.032258 0.023798 0.032258 220 365
10 62.310000 60.320000 1000000 5.301012 7.139776 5.301010 7.196038 0.023831 0.032258 0.041680 0.026394 0.032258 0.023828 0.032258 360 487
10 62.310000 60.320000 1000000 5.290659 7.137626 5.288839 7.174044 0.023831 0.032258 0.045621 0.032260 0.032258 0.023828 0.032258 480 564
10 62.310000 60.320000 1000000 5.287207 7.136909 5.285383 7.168179 0.023832 0.032258 0.041681 0.026395 0.032258 0.023830 0.032258 560 702
10 62.310000 60.320000 1000000 5.280551 7.135475 5.278720 7.156449 0.023834 0.032258 0.035435 0.014665 0.032258 0.023831 0.032258 690 706
10 62.310000 60.320000 1000000 5.277346 7.134758 5.275511 7.150584 0.023834 0.032258 0.033438 0.008802 0.032258 0.023831 0.032258 700 897
10 62.310000 60.320000 1000000 5.272546 7.134042 5.270707 7.144719 0.023834 0.032258 0.032392 0.002938 0.032258 0.023832 0.032258 890 1117
10 62.310000 60.320000 1000000 5.271336 7.132966 5.268855 7.131278 0.023834 0.032258 0.032787 0.005867 0.032258 0.023832 0.032258 1110 1211
10 62.310000 60.320000 1000000 5.265120 7.132249 5.260290 7.123214 0.023834 0.032258 0.034325 0.011730 0.032258 0.023831 0.032258 1210 1403
10 62.310000 60.320000 1000000 5.263500 7.131533 5.260561 7.124191 0.023834 0.032258 0.032788 0.005870 0.032258 0.023831 0.032258 1400 1441
10 62.310000 60.320000 1000000 5.262315 7.130457 5.258748 7.110750 0.023834 0.032258 0.033437 0.008798 0.032258 0.023831 0.032258 1440 1640
10 62.310000 60.320000 1000000 5.259949 7.129741 5.255487 7.102686 0.023834 0.032258 0.035434 0.014662 0.032258 0.023831 0.032258 1640 1883
10 62.310000 60.320000 1000000 5.252933 7.129024 5.256656 7.103663 0.023834 0.032258 0.035434 0.014662 0.032258 0.023831 0.032258 1880 2307
10 62.310000 60.320000 1000000 5.241222 7.071317 5.238772 7.090222 0.023834 0.032258 0.034325 0.011730 0.032258 0.023831 0.032258 2300 5151
10 62.310000 60.320000 1000000 5.239624 7.070600 5.239038 7.091200 0.023834 0.032258 0.032788 0.005870 0.032258 0.023831 0.032258 5150 6462
10 62.310000 60.320000 1000000 5.235639 7.069883 5.235052 7.085335 0.023834 0.032258 0.034325 0.011731 0.032258 0.023831 0.032258 6460 10064
10 62.310000 60.320000 1000000 5.230855 7.069166 5.230267 7.079470 0.023834 0.032258 0.034325 0.011731 0.032258 0.023831 0.032258 10060 15182
10 62.310000 60.320000 1000000 5.229291 7.068450 5.230527 7.080447 0.023834 0.032258 0.036745 0.017596 0.032258 0.023831 0.032258 15180 30109
10 62.310000 60.320000 1000000 5.223703 7.067733 5.224944 7.074582 0.023834 0.032258 0.034326 0.011735 0.032258 0.023831 0.032258 30100 34089
10 62.310000 60.320000 1000000 5.220481 7.067016 5.221724 7.068717 0.023834 0.032258 0.032788 0.005872 0.032258 0.023832 0.032258 34080 79338
10 62.310000 60.320000 1000000 5.208873 7.009309 5.203971 7.055276 0.023834 0.032258 0.033438 0.008804 0.032258 0.023831 0.032258 79330 120881
10 62.310000 60.320000 1000000 5.201015 7.007159 5.194321 7.033282 0.023833 0.032258 0.035437 0.014668 0.032258 0.023830 0.032258 120880 122532
10 62.310000 60.320000 1000000 5.193953 7.006442 5.195500 7.034259 0.023833 0.032258 0.035437 0.014668 0.032258 0.023830 0.032258 122530 136923
10 62.310000 60.320000 1000000 5.189972 7.005725 5.191522 7.028394 0.023833 0.032258 0.035436 0.014667 0.032258 0.023831 0.032258 136920 158357
10 62.310000 60.320000 1000000 5.185194 7.005008 5.186748 7.022529 0.023833 0.032258 0.035436 0.014667 0.032258 0.023831 0.032258 158350 190328
10 62.310000 60.320000 1000000 5.181302 7.004291 5.182860 7.016664 0.023833 0.032258 0.038236 0.020528 0.032258 0.023830 0.032258 190320 211580
10 62.310000 60.320000 1000000 5.167498 7.001782 5.163681 6.987095 0.023833 0.032258 0.039886 0.023459 0.032258 0.023830 0.032258 211580 253050
10 62.310000 60.320000 1000000 5.155855 6.944076 5.145822 6.973654 0.023833 0.032258 0.041678 0.026391 0.032258 0.023830 0.032258 253050 522494
10 62.310000 60.320000 1000000 5.153502 6.941925 5.142205 6.946772 0.023833 0.032258 0.045616 0.032252 0.032258 0.023830 0.032258 431160 553417
10 62.310000 60.320000 1000000 5.140931 6.939775 5.129550 6.929176 0.023832 0.032258 0.045619 0.032256 0.032258 0.023830 0.032258 553410 670382
10 62.310000 60.320000 1000000 5.139328 6.939058 5.129819 6.930154 0.023832 0.032258 0.041679 0.026392 0.032258 0.023830 0.032258 670380 692823
10 62.310000 60.320000 1000000 5.137768 6.938341 5.130081 6.931131 0.023832 0.032258 0.041681 0.026396 0.032258 0.023830 0.032258 692820 965675
10 62.310000 60.320000 1000000 5.117452 6.936190 5.123898 6.925022 0.023832 0.032258 0.041681 0.026396 0.032258 0.023829 0.032258 965670 993132
10 62.310000 60.320000 1000000 5.113515 6.935473 5.119976 6.919157 0.023831 0.032258 0.041680 0.026394 0.032258 0.023829 0.032258 993130 1000000
10 62.310000 60.320000 1000000 5.113515 6.935473 5.119976 6.919157 0.023831 0.032258 0.041680 0.026394 0.032258 0.023829 0.032258 999990 1000000
