19 62.310000 60.320000 1000000 9.239323 12.378853 9.228820 12.525704 0.023832 0.032258 0.047739 0.035191 0.032258 0.023828 0.032258 0 53
19 62.310000 60.320000 1000000 9.185408 12.372402 9.154181 12.453123 0.023825 0.032258 0.088219 0.082110 0.032258 0.023820 0.032258 50 68
19 62.310000 60.320000 1000000 9.063701 12.358065 9.103980 12.397406 0.023818 0.032258 0.077429 0.070389 0.032258 0.023820 0.032258 60 72
19 62.310000 60.320000 1000000 9.058694 12.355914 9.104802 12.400338 0.023818 0.032258 0.093711 0.087984 0.032258 0.023820 0.032258 70 81
19 62.310000 60.320000 1000000 9.003355 12.347312 9.049354 12.327758 0.023820 0.032258 0.082796 0.076253 0.032258 0.023819 0.032258 80 93
19 62.310000 60.320000 1000000 8.915919 12.332975 8.976310 12.221942 0.023810 0.032258 0.110393 0.105574 0.032258 0.023809 0.032258 90 100
19 62.310000 60.320000 1000000 8.905138 12.324732 8.962988 12.128833 0.023813 0.032258 0.107588 0.102638 0.032258 0.023811 0.032258 100 112
19 62.310000 60.320000 1000000 8.790220 11.912187 8.793714 11.937973 0.023824 0.032258 0.133000 0.129029 0.032258 0.023823 0.032258 110 123
19 62.310000 60.320000 1000000 8.772261 11.906452 8.787048 11.936751 0.023825 0.032258 0.121658 0.117303 0.032258 0.023822 0.032258 120 130
19 62.310000 60.320000 1000000 8.689444 11.840502 8.680300 11.146428 0.023788 0.032258 0.184655 0.181816 0.032258 0.023763 0.032258 130 140
19 62.310000 60.320000 1000000 8.645556 11.834768 8.628675 11.097553 0.023789 0.032258 0.178882 0.175949 0.032258 0.023763 0.032258 140 235
19 62.310000 60.320000 1000000 7.460830 8.613976 7.404750 9.763483 0.023017 0.032258 0.552259 0.551316 0.032258 0.023003 0.032258 220 448
19 62.310000 60.320000 1000000 7.183586 8.550894 7.215506 9.534745 0.023036 0.032258 0.546402 0.545449 0.032258 0.023011 0.032258 240 566
19 62.310000 60.320000 1000000 6.844348 8.516485 6.881202 9.253221 0.023230 0.032258 0.534695 0.533721 0.032258 0.023181 0.032258 270 373
19 62.310000 60.320000 1000000 6.305883 8.436915 6.310778 8.585088 0.023826 0.032258 0.116013 0.111438 0.032258 0.023823 0.032258 370 566
19 62.310000 60.320000 1000000 6.251430 8.429030 6.249063 8.513973 0.023828 0.032258 0.088221 0.082112 0.032258 0.023826 0.032258 500 578
19 62.310000 60.320000 1000000 6.204234 8.253046 6.180657 8.443593 0.023826 0.032258 0.080100 0.073317 0.032258 0.023823 0.032258 570 605
19 62.310000 60.320000 1000000 6.183984 8.249820 6.152234 8.405958 0.023826 0.032258 0.088222 0.082113 0.032258 0.023826 0.032258 600 723
19 62.310000 60.320000 1000000 6.138076 8.239067 6.143369 8.322136 0.023830 0.032258 0.047739 0.035190 0.032258 0.023828 0.032258 720 748
19 62.310000 60.320000 1000000 6.135558 8.238350 6.139914 8.314072 0.023831 0.032258 0.043596 0.029325 0.032258 0.023828 0.032258 740 1012
19 62.310000 60.320000 1000000 6.133094 8.237634 6.136532 8.306007 0.023831 0.032258 0.039888 0.023461 0.032258 0.023829 0.032258 1010 1278
19 62.310000 60.320000 1000000 6.123374 8.236200 6.126830 8.294277 0.023832 0.032258 0.039887 0.023460 0.032258 0.023829 0.032258 1120 1607
19 62.310000 60.320000 1000000 6.080967 8.229031 6.080278 8.229028 0.023834 0.032258 0.034326 0.011735 0.032258 0.023831 0.032258 1600 1654
19 62.310000 60.320000 1000000 6.075501 8.228315 6.074810 8.223163 0.023834 0.032258 0.036747 0.017600 0.032258 0.023831 0.032258 1650 1754
19 62.310000 60.320000 1000000 6.072350 8.227598 6.071658 8.217298 0.023834 0.032258 0.036748 0.017601 0.032258 0.023831 0.032258 1750 1889
19 62.310000 60.320000 1000000 6.069980 8.226881 6.068397 8.209233 0.023834 0.032258 0.036748 0.017602 0.032258 0.023831 0.032258 1880 1938
19 62.310000 60.320000 1000000 6.062957 8.226164 6.069566 8.210211 0.023833 0.032258 0.039889 0.023464 0.032258 0.023831 0.032258 1930 2272
19 62.310000 60.320000 1000000 6.056672 8.225447 6.060948 8.202146 0.023833 0.032258 0.036748 0.017601 0.032258 0.023831 0.032258 2270 2693
19 62.310000 60.320000 1000000 6.044923 8.167742 6.043007 8.188705 0.023833 0.032258 0.035437 0.014669 0.032258 0.023831 0.032258 2690 3996
19 62.310000 60.320000 1000000 6.040027 8.167025 6.038107 8.182840 0.023834 0.032258 0.033438 0.008804 0.032258 0.023831 0.032258 3990 6396
19 62.310000 60.320000 1000000 6.038822 8.165950 6.036263 8.169399 0.023834 0.032258 0.034326 0.011733 0.032258 0.023831 0.032258 6390 10723
19 62.310000 60.320000 1000000 6.037643 8.164874 6.034460 8.155959 0.023834 0.032258 0.035435 0.014665 0.032258 0.023831 0.032258 10720 31340
19 62.310000 60.320000 1000000 6.029656 8.162724 6.030186 8.152049 0.023834 0.032258 0.032392 0.002940 0.032258 0.023832 0.032258 31340 58889
19 62.310000 60.320000 1000000 6.024181 8.162007 6.024712 8.146183 0.023834 0.032258 0.033438 0.008805 0.032258 0.023831 0.032258 58880 65593
19 62.310000 60.320000 1000000 6.020241 8.161290 6.020773 8.140318 0.023834 0.032258 0.035436 0.014668 0.032258 0.023831 0.032258 65590 102054
19 62.310000 60.320000 1000000 6.018694 8.160573 6.021031 8.141296 0.023834 0.032258 0.038239 0.020533 0.032258 0.023831 0.032258 102050 117986
19 62.310000 60.320000 1000000 6.017532 8.159498 6.019258 8.127855 0.023834 0.032258 0.036747 0.017600 0.032258 0.023831 0.032258 117980 143015
19 62.310000 60.320000 1000000 6.014365 8.158781 6.016093 8.121990 0.023834 0.032258 0.036748 0.017601 0.032258 0.023831 0.032258 143010 234826
19 62.310000 60.320000 1000000 6.001919 8.157347 5.998975 8.105861 0.023833 0.032258 0.039890 0.023465 0.032258 0.023830 0.032258 151840 238240
19 62.310000 60.320000 1000000 5.990127 8.099642 5.980905 8.092420 0.023833 0.032258 0.041682 0.026397 0.032258 0.023831 0.032258 238240 240860
19 62.310000 60.320000 1000000 5.985328 8.098925 5.976084 8.086555 0.023833 0.032258 0.038239 0.020533 0.032258 0.023831 0.032258 240860 247260
19 62.310000 60.320000 1000000 5.974877 8.096416 5.964969 8.061384 0.023832 0.032258 0.047737 0.035189 0.032258 0.023830 0.032258 247260 268291
19 62.310000 60.320000 1000000 5.967686 8.095699 5.966171 8.062362 0.023833 0.032258 0.043594 0.029324 0.032258 0.023830 0.032258 268290 275154
19 62.310000 60.320000 1000000 5.962171 8.094982 5.960653 8.056497 0.023833 0.032258 0.039887 0.023460 0.032258 0.023830 0.032258 275150 313577
19 62.310000 60.320000 1000000 5.936418 7.978852 5.921522 8.021550 0.023833 0.032258 0.039888 0.023461 0.032258 0.023830 0.032258 313570 380343
19 62.310000 60.320000 1000000 5.926093 7.975985 5.908427 7.991492 0.023833 0.032258 0.047739 0.035191 0.032258 0.023830 0.032258 380340 453663
19 62.310000 60.320000 1000000 5.922962 7.974551 5.908953 7.993447 0.023832 0.032258 0.043599 0.029330 0.032258 0.023830 0.032258 407670 478984
19 62.310000 60.320000 1000000 5.874731 7.965232 5.886152 7.935284 0.023829 0.032258 0.061863 0.052787 0.032258 0.023827 0.032258 478980 656006
19 62.310000 60.320000 1000000 5.867863 7.964515 5.887287 7.936262 0.023829 0.032258 0.066938 0.058652 0.032258 0.023827 0.032258 656000 671642
19 62.310000 60.320000 1000000 5.863700 7.963798 5.883166 7.930397 0.023829 0.032258 0.061863 0.052787 0.032258 0.023828 0.032258 671640 823904
19 62.310000 60.320000 1000000 5.838633 7.960931 5.848960 7.898139 0.023829 0.032258 0.066938 0.058652 0.032258 0.023826 0.032258 791620 826938
19 62.310000 60.320000 1000000 5.834508 7.960214 5.844857 7.892274 0.023830 0.032258 0.061863 0.052787 0.032258 0.023827 0.032258 826930 831405
19 62.310000 60.320000 1000000 5.828747 7.959497 5.839127 7.886409 0.023831 0.032258 0.056941 0.046922 0.032258 0.023827 0.032258 831400 991229
19 62.310000 60.320000 1000000 5.806423 7.955913 5.816922 7.857084 0.023831 0.032258 0.043597 0.029327 0.032258 0.023828 0.032258 991220 1000000
19 62.310000 60.320000 1000000 5.806423 7.955913 5.816922 7.857084 0.023831 0.032258 0.043597 0.029327 0.032258 0.023828 0.032258 999990 1000000
