39 62.310000 60.320000 1000000 8.823479 12.021507 8.826922 11.944327 0.023831 0.032258 0.041685 0.026401 0.032258 0.023829 0.032258 0 51
39 62.310000 60.320000 1000000 8.666082 12.002153 8.744575 11.852685 0.023818 0.032258 0.102015 0.096781 0.032258 0.023822 0.032258 50 60
39 62.310000 60.320000 1000000 8.510657 11.250532 8.515937 11.679907 0.023818 0.032258 0.088225 0.082116 0.032258 0.023812 0.032258 60 79
39 62.310000 60.320000 1000000 8.472052 11.244797 8.467831 11.624189 0.023820 0.032258 0.088223 0.082114 0.032258 0.023814 0.032258 70 80
39 62.310000 60.320000 1000000 8.440776 11.239062 8.441642 11.577512 0.023823 0.032258 0.066938 0.058652 0.032258 0.023818 0.032258 80 103
39 62.310000 60.320000 1000000 8.395561 11.226159 8.381495 11.425997 0.023826 0.032258 0.047739 0.035192 0.032258 0.023822 0.032258 100 121
39 62.310000 60.320000 1000000 8.357403 11.220783 8.366248 11.397893 0.023823 0.032258 0.049939 0.038123 0.032258 0.023823 0.032258 120 149
39 62.310000 60.320000 1000000 8.289199 11.148740 8.277133 10.529614 0.023765 0.032258 0.225194 0.222872 0.032258 0.023730 0.032258 140 158
39 62.310000 60.320000 1000000 8.083650 11.101428 8.068158 10.140318 0.023508 0.032258 0.569826 0.568912 0.032258 0.023472 0.032258 150 248
39 62.310000 60.320000 1000000 7.453490 8.591036 7.220949 9.096819 0.023075 0.032258 0.716264 0.715538 0.032258 0.022974 0.032258 180 193
39 62.310000 60.320000 1000000 7.452694 8.590319 7.221095 9.097797 0.023072 0.032258 0.710405 0.709673 0.032258 0.022975 0.032258 190 248
39 62.310000 60.320000 1000000 7.274784 8.546592 7.024523 8.740026 0.022988 0.032258 0.657679 0.656887 0.032258 0.022937 0.032258 200 266
39 62.310000 60.320000 1000000 6.472475 8.450535 6.336187 8.060896 0.023058 0.032258 0.470314 0.469206 0.032258 0.023027 0.032258 210 349
39 62.310000 60.320000 1000000 5.853234 8.279927 5.739240 7.619548 0.023645 0.032258 0.121657 0.117302 0.032258 0.023711 0.032258 250 296
39 62.310000 60.320000 1000000 5.830498 8.218637 5.708390 7.583869 0.023646 0.032258 0.124487 0.120235 0.032258 0.023726 0.032258 290 347
39 62.310000 60.320000 1000000 5.627218 7.635839 5.514590 7.457280 0.023765 0.032258 0.107590 0.102640 0.032258 0.023827 0.032258 300 336
39 62.310000 60.320000 1000000 5.522646 7.626520 5.532511 7.469988 0.023821 0.032258 0.054549 0.043988 0.032258 0.023815 0.032258 310 349
39 62.310000 60.320000 1000000 5.494265 7.621502 5.533376 7.469988 0.023818 0.032258 0.059383 0.049858 0.032258 0.023816 0.032258 340 427
39 62.310000 60.320000 1000000 5.466862 7.560927 5.499943 7.433087 0.023824 0.032258 0.052216 0.041059 0.032258 0.023821 0.032258 420 537
39 62.310000 60.320000 1000000 5.401735 7.269527 5.401722 7.330935 0.023832 0.032258 0.035436 0.014668 0.032258 0.023829 0.032258 530 733
39 62.310000 60.320000 1000000 5.390263 7.267376 5.390250 7.313340 0.023833 0.032258 0.033438 0.008802 0.032258 0.023831 0.032258 730 816
39 62.310000 60.320000 1000000 5.385512 7.266659 5.385499 7.307475 0.023833 0.032258 0.035435 0.014665 0.032258 0.023831 0.032258 810 863
39 62.310000 60.320000 1000000 5.383054 7.265942 5.382118 7.299411 0.023834 0.032258 0.033437 0.008801 0.032258 0.023831 0.032258 860 983
39 62.310000 60.320000 1000000 5.379070 7.265226 5.378133 7.293546 0.023834 0.032258 0.033437 0.008798 0.032258 0.023831 0.032258 980 1185
39 62.310000 60.320000 1000000 5.376668 7.264509 5.374827 7.285481 0.023834 0.032258 0.035434 0.014663 0.032258 0.023831 0.032258 1180 1321
39 62.310000 60.320000 1000000 5.373464 7.263792 5.371620 7.279616 0.023834 0.032258 0.033437 0.008800 0.032258 0.023831 0.032258 1320 1338
39 62.310000 60.320000 1000000 5.372258 7.262717 5.369775 7.266175 0.023834 0.032258 0.034324 0.011728 0.032258 0.023831 0.032258 1330 2941
39 62.310000 60.320000 1000000 5.369910 7.262000 5.366541 7.258111 0.023834 0.032258 0.036744 0.017593 0.032258 0.023831 0.032258 2940 4761
39 62.310000 60.320000 1000000 5.365550 7.259491 5.365270 7.246625 0.023834 0.032258 0.033437 0.008801 0.032258 0.023831 0.032258 4760 10048
39 62.310000 60.320000 1000000 5.358573 7.258774 5.366430 7.247602 0.023833 0.032258 0.035435 0.014665 0.032258 0.023831 0.032258 10040 10706
39 62.310000 60.320000 1000000 5.352944 7.258057 5.360826 7.241737 0.023834 0.032258 0.033438 0.008804 0.032258 0.023831 0.032258 10700 14528
39 62.310000 60.320000 1000000 5.349784 7.257340 5.357679 7.235872 0.023834 0.032258 0.033438 0.008804 0.032258 0.023831 0.032258 14520 39799
39 62.310000 60.320000 1000000 5.345832 7.256623 5.353745 7.230007 0.023834 0.032258 0.033438 0.008802 0.032258 0.023831 0.032258 39790 46649
39 62.310000 60.320000 1000000 5.334105 7.198917 5.335878 7.216566 0.023834 0.032258 0.032788 0.005870 0.032258 0.023831 0.032258 46640 65824
39 62.310000 60.320000 1000000 5.329331 7.198200 5.331108 7.210701 0.023834 0.032258 0.032788 0.005870 0.032258 0.023831 0.032258 65820 81183
39 62.310000 60.320000 1000000 5.323759 7.197483 5.325542 7.204836 0.023834 0.032258 0.032788 0.005871 0.032258 0.023831 0.032258 81180 90049
39 62.310000 60.320000 1000000 5.317390 7.196766 5.316787 7.196772 0.023834 0.032258 0.032258 0.000007 0.032258 0.023832 0.032258 90040 200754
39 62.310000 60.320000 1000000 5.302643 7.194616 5.310212 7.186019 0.023833 0.032258 0.036746 0.017598 0.032258 0.023831 0.032258 200750 222060
39 62.310000 60.320000 1000000 5.297124 7.191748 5.303479 7.153272 0.023833 0.032258 0.039886 0.023458 0.032258 0.023830 0.032258 222060 257314
39 62.310000 60.320000 1000000 5.294740 7.191031 5.300212 7.145208 0.023833 0.032258 0.039886 0.023458 0.032258 0.023830 0.032258 257310 261027
39 62.310000 60.320000 1000000 5.287862 7.190315 5.301352 7.146185 0.023832 0.032258 0.043594 0.029323 0.032258 0.023830 0.032258 261020 551155
39 62.310000 60.320000 1000000 5.260308 7.184580 5.278612 7.117593 0.023831 0.032258 0.043598 0.029329 0.032258 0.023829 0.032258 551150 622335
39 62.310000 60.320000 1000000 5.254968 7.183863 5.273327 7.111728 0.023831 0.032258 0.047741 0.035194 0.032258 0.023828 0.032258 622330 666213
39 62.310000 60.320000 1000000 5.252655 7.183146 5.270180 7.103663 0.023830 0.032258 0.047741 0.035194 0.032258 0.023827 0.032258 666210 717640
39 62.310000 60.320000 1000000 5.245800 7.182429 5.271308 7.104641 0.023829 0.032258 0.052216 0.041060 0.032258 0.023828 0.032258 717640 797453
39 62.310000 60.320000 1000000 5.233717 7.124723 5.253083 7.091200 0.023831 0.032258 0.049943 0.038127 0.032258 0.023829 0.032258 797450 1000000
39 62.310000 60.320000 1000000 5.233717 7.124723 5.253083 7.091200 0.023831 0.032258 0.049943 0.038127 0.032258 0.023829 0.032258 999990 1000000
