24 62.310000 60.320000 1000000 9.991326 13.425763 10.247529 13.495874 0.023532 0.032258 0.619609 0.618769 0.032258 0.023536 0.032258 0 50
24 62.310000 60.320000 1000000 9.689231 12.469493 9.851382 12.936982 0.023499 0.032258 0.338785 0.337246 0.032258 0.023436 0.032258 50 63
24 62.310000 60.320000 1000000 9.638846 12.462325 9.803469 12.878332 0.023483 0.032258 0.338785 0.337246 0.032258 0.023413 0.032258 60 74
24 62.310000 60.320000 1000000 9.617292 12.402468 9.784561 12.854138 0.023472 0.032258 0.353384 0.351909 0.032258 0.023401 0.032258 70 81
24 62.310000 60.320000 1000000 9.580086 12.339745 9.750811 12.806484 0.023453 0.032258 0.350466 0.348978 0.032258 0.023379 0.032258 80 92
24 62.310000 60.320000 1000000 9.040535 12.237594 9.049369 12.313326 0.023830 0.032258 0.056943 0.046925 0.032258 0.023828 0.032258 90 111
24 62.310000 60.320000 1000000 9.001367 12.174870 9.007964 12.259074 0.023830 0.032258 0.059377 0.049851 0.032258 0.023827 0.032258 110 124
24 62.310000 60.320000 1000000 8.942653 12.166268 8.945245 12.182095 0.023828 0.032258 0.059377 0.049850 0.032258 0.023826 0.032258 120 138
24 62.310000 60.320000 1000000 8.937516 12.165551 8.940112 12.176229 0.023827 0.032258 0.064380 0.055715 0.032258 0.023825 0.032258 130 143
24 62.310000 60.320000 1000000 8.898713 12.159100 8.903365 12.130286 0.023825 0.032258 0.064381 0.055716 0.032258 0.023822 0.032258 140 150
24 62.310000 60.320000 1000000 8.891718 12.158383 8.904527 12.131264 0.023825 0.032258 0.064381 0.055716 0.032258 0.023822 0.032258 150 166
24 62.310000 60.320000 1000000 8.879687 12.100677 8.886207 12.117823 0.023826 0.032258 0.061860 0.052784 0.032258 0.023823 0.032258 160 170
24 62.310000 60.320000 1000000 8.838096 12.093509 8.842403 12.056973 0.023822 0.032258 0.066935 0.058649 0.032258 0.023819 0.032258 170 189
24 62.310000 60.320000 1000000 8.832860 12.092792 8.837175 12.051108 0.023822 0.032258 0.066935 0.058649 0.032258 0.023818 0.032258 180 195
24 62.310000 60.320000 1000000 8.824051 12.089924 8.834398 12.048175 0.023822 0.032258 0.077424 0.070384 0.032258 0.023817 0.032258 190 217
24 62.310000 60.320000 1000000 8.791502 12.081681 8.801244 11.976083 0.023821 0.032258 0.080097 0.073314 0.032258 0.023816 0.032258 210 411
24 62.310000 60.320000 1000000 8.720184 12.046555 8.731101 11.670119 0.023820 0.032258 0.045620 0.032258 0.032258 0.023816 0.032258 410 447
24 62.310000 60.320000 1000000 8.716463 12.045838 8.727394 11.664254 0.023819 0.032258 0.045621 0.032260 0.032258 0.023815 0.032258 440 471
24 62.310000 60.320000 1000000 8.485942 10.891003 8.369781 11.387373 0.023791 0.032258 0.085501 0.079182 0.032258 0.023789 0.032258 470 500
24 62.310000 60.320000 1000000 8.478003 10.890286 8.371158 11.388351 0.023793 0.032258 0.080100 0.073317 0.032258 0.023788 0.032258 500 538
24 62.310000 60.320000 1000000 8.475647 10.889569 8.367792 11.380286 0.023793 0.032258 0.080100 0.073317 0.032258 0.023788 0.032258 530 554
24 62.310000 60.320000 1000000 8.466606 10.888136 8.358396 11.368556 0.023794 0.032258 0.080098 0.073315 0.032258 0.023790 0.032258 550 564
24 62.310000 60.320000 1000000 8.458742 10.887419 8.359757 11.369534 0.023796 0.032258 0.074767 0.067450 0.032258 0.023790 0.032258 560 580
24 62.310000 60.320000 1000000 8.456410 10.886702 8.356434 11.361469 0.023796 0.032258 0.080094 0.073311 0.032258 0.023790 0.032258 580 634
24 62.310000 60.320000 1000000 8.448645 10.885985 8.357773 11.362447 0.023798 0.032258 0.074764 0.067447 0.032258 0.023789 0.032258 630 684
24 62.310000 60.320000 1000000 8.444373 10.883476 8.356456 11.350961 0.023798 0.032258 0.077424 0.070384 0.032258 0.023789 0.032258 680 758
24 62.310000 60.320000 1000000 8.412957 10.708208 8.306762 11.283757 0.023781 0.032258 0.085499 0.079180 0.032258 0.023767 0.032258 720 1400
24 62.310000 60.320000 1000000 8.217395 10.687420 8.180202 11.167433 0.023787 0.032258 0.090958 0.085045 0.032258 0.023775 0.032258 1060 1158
24 62.310000 60.320000 1000000 8.154816 10.510718 8.139251 11.131998 0.023764 0.032258 0.082792 0.076249 0.032258 0.023755 0.032258 1110 1400
24 62.310000 60.320000 1000000 8.110467 10.504983 8.123387 11.112448 0.023760 0.032258 0.082791 0.076248 0.032258 0.023764 0.032258 1170 1536
24 62.310000 60.320000 1000000 8.000916 10.491363 8.001295 10.987815 0.023762 0.032258 0.082791 0.076248 0.032258 0.023762 0.032258 1530 1764
24 62.310000 60.320000 1000000 7.915551 10.479176 7.914894 10.885910 0.023782 0.032258 0.088222 0.082113 0.032258 0.023782 0.032258 1760 2215
24 62.310000 60.320000 1000000 7.911051 10.478460 7.910393 10.880045 0.023782 0.032258 0.093706 0.087978 0.032258 0.023781 0.032258 2210 2260
24 62.310000 60.320000 1000000 7.889843 10.475592 7.889180 10.856584 0.023783 0.032258 0.072133 0.064518 0.032258 0.023783 0.032258 2260 2578
24 62.310000 60.320000 1000000 7.854886 10.470574 7.854213 10.815529 0.023774 0.032258 0.082790 0.076247 0.032258 0.023774 0.032258 2570 2748
24 62.310000 60.320000 1000000 7.849110 10.469858 7.846267 10.807464 0.023772 0.032258 0.082788 0.076245 0.032258 0.023771 0.032258 2740 2767
24 62.310000 60.320000 1000000 7.844663 10.469141 7.841815 10.801599 0.023771 0.032258 0.082788 0.076245 0.032258 0.023770 0.032258 2760 3410
24 62.310000 60.320000 1000000 7.842778 10.468424 7.842130 10.802577 0.023772 0.032258 0.082789 0.076245 0.032258 0.023770 0.032258 3410 3441
24 62.310000 60.320000 1000000 7.840923 10.467707 7.842439 10.803554 0.023773 0.032258 0.088220 0.082110 0.032258 0.023770 0.032258 3440 4808
24 62.310000 60.320000 1000000 7.788877 10.292439 7.795762 10.766164 0.023759 0.032258 0.090957 0.085045 0.032258 0.023758 0.032258 3920 5097
24 62.310000 60.320000 1000000 7.621176 10.263406 7.620893 10.517387 0.023793 0.032258 0.093703 0.087976 0.032258 0.023790 0.032258 5090 6673
24 62.310000 60.320000 1000000 7.582342 10.253371 7.567335 10.404482 0.023810 0.032258 0.082785 0.076242 0.032258 0.023815 0.032258 5110 5194
24 62.310000 60.320000 1000000 7.579909 10.252654 7.563968 10.396418 0.023810 0.032258 0.082787 0.076243 0.032258 0.023815 0.032258 5190 9008
24 62.310000 60.320000 1000000 7.540765 10.246919 7.532670 10.356340 0.023806 0.032258 0.082789 0.076245 0.032258 0.023813 0.032258 9000 9550
24 62.310000 60.320000 1000000 7.528397 10.244768 7.519345 10.336545 0.023803 0.032258 0.099230 0.093840 0.032258 0.023809 0.032258 9550 10529
24 62.310000 60.320000 1000000 7.484539 10.126489 7.458116 10.281804 0.023802 0.032258 0.088220 0.082110 0.032258 0.023809 0.032258 10080 11237
24 62.310000 60.320000 1000000 7.454974 10.114661 7.460372 10.283026 0.023817 0.032258 0.090958 0.085045 0.032258 0.023809 0.032258 11230 13385
24 62.310000 60.320000 1000000 7.429760 10.111794 7.459362 10.280093 0.023815 0.032258 0.096466 0.090912 0.032258 0.023808 0.032258 13380 14464
24 62.310000 60.320000 1000000 7.423674 10.111077 7.451089 10.272029 0.023814 0.032258 0.090959 0.085047 0.032258 0.023807 0.032258 14460 16643
24 62.310000 60.320000 1000000 7.387076 9.937242 7.398380 10.232684 0.023813 0.032258 0.088224 0.082115 0.032258 0.023804 0.032258 16640 20551
24 62.310000 60.320000 1000000 7.383637 9.936526 7.394956 10.226819 0.023814 0.032258 0.082793 0.076250 0.032258 0.023805 0.032258 20550 22171
24 62.310000 60.320000 1000000 7.363353 9.877386 7.368772 10.201648 0.023811 0.032258 0.090961 0.085049 0.032258 0.023801 0.032258 22170 22319
24 62.310000 60.320000 1000000 7.361729 9.876311 7.366296 10.188207 0.023812 0.032258 0.088225 0.082116 0.032258 0.023803 0.032258 22310 22680
24 62.310000 60.320000 1000000 7.350521 9.818605 7.349183 10.174766 0.023811 0.032258 0.090961 0.085049 0.032258 0.023800 0.032258 22680 25653
24 62.310000 60.320000 1000000 7.311340 9.812153 7.318153 10.128823 0.023812 0.032258 0.090961 0.085049 0.032258 0.023802 0.032258 25650 35756
24 62.310000 60.320000 1000000 7.280910 9.740469 7.271639 9.940652 0.023823 0.032258 0.059384 0.049859 0.032258 0.023818 0.032258 35750 37141
24 62.310000 60.320000 1000000 7.277147 9.739752 7.267861 9.934787 0.023822 0.032258 0.064387 0.055724 0.032258 0.023818 0.032258 37140 37810
24 62.310000 60.320000 1000000 7.272633 9.739035 7.263330 9.928922 0.023821 0.032258 0.064387 0.055724 0.032258 0.023817 0.032258 37810 39484
24 62.310000 60.320000 1000000 7.269977 9.738318 7.259664 9.920857 0.023822 0.032258 0.064387 0.055724 0.032258 0.023818 0.032258 39480 39909
24 62.310000 60.320000 1000000 7.262973 9.737601 7.260834 9.921834 0.023822 0.032258 0.064387 0.055724 0.032258 0.023818 0.032258 39900 44517
24 62.310000 60.320000 1000000 7.243379 9.735451 7.244534 9.906683 0.023822 0.032258 0.054554 0.043994 0.032258 0.023819 0.032258 44510 53239
24 62.310000 60.320000 1000000 7.234957 9.732942 7.235418 9.881512 0.023825 0.032258 0.047742 0.035195 0.032258 0.023822 0.032258 53230 53530
24 62.310000 60.320000 1000000 7.223608 9.675236 7.218061 9.868071 0.023823 0.032258 0.049943 0.038127 0.032258 0.023820 0.032258 53530 60185
24 62.310000 60.320000 1000000 7.189930 9.668068 7.184303 9.809420 0.023824 0.032258 0.064384 0.055720 0.032258 0.023821 0.032258 60180 61484
24 62.310000 60.320000 1000000 7.186099 9.667351 7.180464 9.803555 0.023824 0.032258 0.059382 0.049856 0.032258 0.023821 0.032258 61480 68601
24 62.310000 60.320000 1000000 7.174390 9.665200 7.164310 9.779362 0.023826 0.032258 0.054549 0.043988 0.032258 0.023824 0.032258 68600 71357
24 62.310000 60.320000 1000000 7.168797 9.664483 7.158694 9.773496 0.023826 0.032258 0.049940 0.038123 0.032258 0.023824 0.032258 71350 72351
24 62.310000 60.320000 1000000 7.133211 9.490649 7.106973 9.734152 0.023822 0.032258 0.056942 0.046923 0.032258 0.023818 0.032258 72350 73377
24 62.310000 60.320000 1000000 7.126855 9.489932 7.098131 9.726087 0.023823 0.032258 0.061862 0.052786 0.032258 0.023819 0.032258 73370 74292
24 62.310000 60.320000 1000000 7.119710 9.489215 7.099335 9.727065 0.023823 0.032258 0.056942 0.046923 0.032258 0.023819 0.032258 74290 82773
24 62.310000 60.320000 1000000 7.095095 9.486348 7.098906 9.724132 0.023821 0.032258 0.056943 0.046925 0.032258 0.023819 0.032258 82770 89934
24 62.310000 60.320000 1000000 7.089427 9.485631 7.093247 9.718267 0.023821 0.032258 0.052216 0.041060 0.032258 0.023819 0.032258 89930 90064
24 62.310000 60.320000 1000000 7.083858 9.484914 7.087687 9.712402 0.023821 0.032258 0.052216 0.041059 0.032258 0.023819 0.032258 90060 101817
24 62.310000 60.320000 1000000 7.077497 9.484197 7.078951 9.704337 0.023822 0.032258 0.047742 0.035195 0.032258 0.023819 0.032258 101810 126097
24 62.310000 60.320000 1000000 7.037440 9.474878 7.029400 9.606098 0.023826 0.032258 0.061865 0.052788 0.032258 0.023825 0.032258 126090 132961
24 62.310000 60.320000 1000000 7.034296 9.474161 7.026246 9.600232 0.023825 0.032258 0.061863 0.052787 0.032258 0.023825 0.032258 132960 144631
24 62.310000 60.320000 1000000 7.029688 9.473445 7.021622 9.594367 0.023825 0.032258 0.066937 0.058652 0.032258 0.023825 0.032258 144630 179485
24 62.310000 60.320000 1000000 7.025752 9.472728 7.017672 9.588502 0.023825 0.032258 0.061865 0.052789 0.032258 0.023825 0.032258 179480 197385
24 62.310000 60.320000 1000000 7.021221 9.472011 7.013126 9.582637 0.023824 0.032258 0.066939 0.058654 0.032258 0.023824 0.032258 197380 233672
24 62.310000 60.320000 1000000 6.973325 9.240470 6.940981 9.523009 0.023817 0.032258 0.077422 0.070382 0.032258 0.023815 0.032258 233670 267887
24 62.310000 60.320000 1000000 6.967148 9.236528 6.934675 9.483664 0.023820 0.032258 0.074765 0.067448 0.032258 0.023818 0.032258 267880 268618
24 62.310000 60.320000 1000000 6.963188 9.235811 6.930659 9.477799 0.023820 0.032258 0.069522 0.061585 0.032258 0.023819 0.032258 268610 271833
24 62.310000 60.320000 1000000 6.960849 9.235094 6.927397 9.469734 0.023820 0.032258 0.074767 0.067450 0.032258 0.023819 0.032258 271830 290262
24 62.310000 60.320000 1000000 6.938854 9.232227 6.905079 9.446274 0.023819 0.032258 0.080097 0.073314 0.032258 0.023819 0.032258 282510 304803
24 62.310000 60.320000 1000000 6.931714 9.231510 6.906285 9.447251 0.023820 0.032258 0.080097 0.073314 0.032258 0.023819 0.032258 304800 420409
24 62.310000 60.320000 1000000 6.892348 9.226492 6.864938 9.404241 0.023822 0.032258 0.064380 0.055715 0.032258 0.023824 0.032258 420400 514991
24 62.310000 60.320000 1000000 6.828485 9.213589 6.870826 9.414994 0.023822 0.032258 0.080097 0.073314 0.032258 0.023825 0.032258 514990 559209
24 62.310000 60.320000 1000000 6.826056 9.212872 6.867546 9.406929 0.023823 0.032258 0.074767 0.067450 0.032258 0.023825 0.032258 559200 608935
24 62.310000 60.320000 1000000 6.820541 9.212155 6.862131 9.401064 0.023822 0.032258 0.080098 0.073315 0.032258 0.023824 0.032258 608930 769767
24 62.310000 60.320000 1000000 6.799179 9.209288 6.833242 9.368806 0.023823 0.032258 0.074765 0.067448 0.032258 0.023823 0.032258 769760 777373
24 62.310000 60.320000 1000000 6.794282 9.208571 6.828418 9.362941 0.023823 0.032258 0.074765 0.067448 0.032258 0.023823 0.032258 777370 955862
24 62.310000 60.320000 1000000 6.782653 9.150865 6.810894 9.349500 0.023823 0.032258 0.072131 0.064515 0.032258 0.023822 0.032258 955860 1000000
24 62.310000 60.320000 1000000 6.782653 9.150865 6.810894 9.349500 0.023823 0.032258 0.072131 0.064515 0.032258 0.023822 0.032258 999990 1000000
