49 62.310000 60.320000 1000000 9.995902 14.053001 10.086809 13.315282 0.023781 0.032258 0.152998 0.149559 0.032258 0.023775 0.032258 0 50
49 62.310000 60.320000 1000000 9.847371 14.029345 9.941367 13.112446 0.023771 0.032258 0.152998 0.149559 0.032258 0.023754 0.032258 50 65
49 62.310000 60.320000 1000000 9.651252 13.163756 9.645823 12.910833 0.023821 0.032258 0.110391 0.105572 0.032258 0.023819 0.032258 60 74
49 62.310000 60.320000 1000000 9.620396 13.103183 9.623769 12.883219 0.023822 0.032258 0.107588 0.102638 0.032258 0.023818 0.032258 70 100
49 62.310000 60.320000 1000000 9.533529 13.088129 9.539837 12.755897 0.023825 0.032258 0.074762 0.067445 0.032258 0.023820 0.032258 100 123
49 62.310000 60.320000 1000000 9.518520 13.084545 9.524857 12.726572 0.023823 0.032258 0.074761 0.067443 0.032258 0.023818 0.032258 110 178
49 62.310000 60.320000 1000000 9.151613 12.306053 9.138503 12.366600 0.023827 0.032258 0.074763 0.067446 0.032258 0.023823 0.032258 170 188
49 62.310000 60.320000 1000000 9.132347 12.303902 9.135133 12.362690 0.023826 0.032258 0.074762 0.067444 0.032258 0.023824 0.032258 180 201
49 62.310000 60.320000 1000000 9.054289 12.293149 9.054894 12.272514 0.023825 0.032258 0.085492 0.079173 0.032258 0.023823 0.032258 200 225
49 62.310000 60.320000 1000000 9.012738 12.231143 9.015171 12.230725 0.023822 0.032258 0.088216 0.082106 0.032258 0.023820 0.032258 220 266
49 62.310000 60.320000 1000000 8.929942 12.215372 8.932444 12.101693 0.023827 0.032258 0.072128 0.064513 0.032258 0.023825 0.032258 240 315
49 62.310000 60.320000 1000000 8.900929 12.207487 8.897050 12.021781 0.023826 0.032258 0.077417 0.070376 0.032258 0.023824 0.032258 280 327
49 62.310000 60.320000 1000000 8.873147 12.196734 8.895381 12.029601 0.023826 0.032258 0.082790 0.076247 0.032258 0.023824 0.032258 320 333
49 62.310000 60.320000 1000000 8.866854 12.196017 8.886790 12.021536 0.023826 0.032258 0.082790 0.076247 0.032258 0.023824 0.032258 330 468
49 62.310000 60.320000 1000000 8.840269 12.181322 8.851902 11.845828 0.023824 0.032258 0.049939 0.038123 0.032258 0.023820 0.032258 460 501
49 62.310000 60.320000 1000000 8.837776 12.179530 8.850530 11.833365 0.023823 0.032258 0.052212 0.041055 0.032258 0.023820 0.032258 500 541
49 62.310000 60.320000 1000000 8.794702 12.118240 8.817952 11.804284 0.023825 0.032258 0.054548 0.043988 0.032258 0.023821 0.032258 540 556
49 62.310000 60.320000 1000000 8.789476 12.117523 8.812767 11.798418 0.023824 0.032258 0.059379 0.049853 0.032258 0.023820 0.032258 550 584
49 62.310000 60.320000 1000000 8.786465 12.116806 8.809780 11.792553 0.023823 0.032258 0.064382 0.055718 0.032258 0.023819 0.032258 580 611
49 62.310000 60.320000 1000000 8.736483 11.998527 8.737553 11.733414 0.023827 0.032258 0.059378 0.049852 0.032258 0.023824 0.032258 600 626
49 62.310000 60.320000 1000000 8.733467 11.997810 8.734538 11.727549 0.023827 0.032258 0.064381 0.055717 0.032258 0.023824 0.032258 620 668
49 62.310000 60.320000 1000000 8.699719 11.934369 8.694201 11.672075 0.023826 0.032258 0.052214 0.041057 0.032258 0.023824 0.032258 660 675
49 62.310000 60.320000 1000000 8.688078 11.932219 8.682538 11.654479 0.023825 0.032258 0.043598 0.029329 0.032258 0.023824 0.032258 670 721
49 62.310000 60.320000 1000000 8.685852 11.931502 8.679470 11.646415 0.023825 0.032258 0.043598 0.029329 0.032258 0.023823 0.032258 720 758
49 62.310000 60.320000 1000000 8.681266 11.930785 8.674875 11.640550 0.023824 0.032258 0.043598 0.029329 0.032258 0.023823 0.032258 750 801
49 62.310000 60.320000 1000000 8.673852 11.930068 8.676111 11.641527 0.023825 0.032258 0.043597 0.029328 0.032258 0.023823 0.032258 800 1015
49 62.310000 60.320000 1000000 8.669324 11.929351 8.671587 11.635662 0.023825 0.032258 0.047740 0.035193 0.032258 0.023822 0.032258 1010 1097
49 62.310000 60.320000 1000000 8.668221 11.928276 8.669902 11.622221 0.023824 0.032258 0.045621 0.032260 0.032258 0.023822 0.032258 1090 1167
49 62.310000 60.320000 1000000 8.646841 11.868419 8.641965 11.591185 0.023825 0.032258 0.047739 0.035191 0.032258 0.023823 0.032258 1160 1206
49 62.310000 60.320000 1000000 8.642347 11.867703 8.637463 11.585320 0.023824 0.032258 0.052213 0.041056 0.032258 0.023822 0.032258 1200 1687
49 62.310000 60.320000 1000000 8.604825 11.693510 8.579841 11.531557 0.023827 0.032258 0.061862 0.052786 0.032258 0.023828 0.032258 1680 1751
49 62.310000 60.320000 1000000 8.594291 11.690642 8.566690 11.501498 0.023826 0.032258 0.061859 0.052783 0.032258 0.023826 0.032258 1750 1872
49 62.310000 60.320000 1000000 8.457272 10.997454 8.354617 11.334343 0.023804 0.032258 0.088218 0.082108 0.032258 0.023807 0.032258 1870 2088
49 62.310000 60.320000 1000000 8.451491 10.996738 8.348620 11.328478 0.023805 0.032258 0.088218 0.082108 0.032258 0.023808 0.032258 2080 2274
49 62.310000 60.320000 1000000 8.424950 10.993870 8.349420 11.325545 0.023811 0.032258 0.072129 0.064514 0.032258 0.023807 0.032258 2270 2542
49 62.310000 60.320000 1000000 8.421825 10.992436 8.349955 11.327500 0.023811 0.032258 0.066939 0.058653 0.032258 0.023807 0.032258 2290 2640
49 62.310000 60.320000 1000000 8.411541 10.934731 8.333817 11.314060 0.023807 0.032258 0.069523 0.061586 0.032258 0.023802 0.032258 2640 3605
49 62.310000 60.320000 1000000 8.326777 10.926128 8.348088 11.325790 0.023807 0.032258 0.069523 0.061586 0.032258 0.023801 0.032258 3400 3875
49 62.310000 60.320000 1000000 8.291613 10.921827 8.322102 11.304529 0.023808 0.032258 0.069523 0.061587 0.032258 0.023809 0.032258 3870 4017
49 62.310000 60.320000 1000000 8.277028 10.919677 8.314920 11.293776 0.023807 0.032258 0.074770 0.067454 0.032258 0.023810 0.032258 4010 7764
49 62.310000 60.320000 1000000 8.196117 10.910358 8.204603 11.188938 0.023804 0.032258 0.080100 0.073317 0.032258 0.023803 0.032258 5660 7212
49 62.310000 60.320000 1000000 8.098982 10.897455 8.105618 11.081168 0.023808 0.032258 0.080096 0.073313 0.032258 0.023805 0.032258 7210 7764
49 62.310000 60.320000 1000000 8.087619 10.839749 8.088282 11.067727 0.023807 0.032258 0.077421 0.070381 0.032258 0.023804 0.032258 7760 7940
49 62.310000 60.320000 1000000 8.082950 10.837240 8.086834 11.056241 0.023808 0.032258 0.085497 0.079178 0.032258 0.023804 0.032258 7940 8654
49 62.310000 60.320000 1000000 8.053958 10.721111 8.053857 11.030337 0.023803 0.032258 0.080097 0.073314 0.032258 0.023799 0.032258 8650 11312
49 62.310000 60.320000 1000000 7.975877 10.709642 7.975772 10.936496 0.023809 0.032258 0.085498 0.079179 0.032258 0.023805 0.032258 8940 18278
49 62.310000 60.320000 1000000 7.904200 10.696738 7.898747 10.822126 0.023817 0.032258 0.074769 0.067453 0.032258 0.023813 0.032258 18270 19665
49 62.310000 60.320000 1000000 7.890553 10.694588 7.882645 10.806975 0.023815 0.032258 0.090960 0.085048 0.032258 0.023811 0.032258 19660 25130
49 62.310000 60.320000 1000000 7.883547 10.693871 7.883815 10.807952 0.023815 0.032258 0.090959 0.085047 0.032258 0.023811 0.032258 25130 30693
49 62.310000 60.320000 1000000 7.876649 10.693154 7.884963 10.808930 0.023815 0.032258 0.090959 0.085047 0.032258 0.023811 0.032258 30690 31839
49 62.310000 60.320000 1000000 7.873999 10.692437 7.881330 10.800865 0.023815 0.032258 0.090959 0.085047 0.032258 0.023812 0.032258 31830 36677
49 62.310000 60.320000 1000000 7.829417 10.682043 7.836124 10.711178 0.023822 0.032258 0.077422 0.070381 0.032258 0.023818 0.032258 36670 39996
49 62.310000 60.320000 1000000 7.818383 10.679893 7.825119 10.693583 0.023819 0.032258 0.088223 0.082114 0.032258 0.023815 0.032258 38630 41726
49 62.310000 60.320000 1000000 7.807402 10.678459 7.814166 10.681853 0.023819 0.032258 0.077424 0.070383 0.032258 0.023815 0.032258 40080 44297
49 62.310000 60.320000 1000000 7.804434 10.677742 7.811206 10.675988 0.023818 0.032258 0.077424 0.070383 0.032258 0.023814 0.032258 44290 47377
49 62.310000 60.320000 1000000 7.793795 10.676308 7.800595 10.664258 0.023817 0.032258 0.077422 0.070382 0.032258 0.023813 0.032258 45940 55922
49 62.310000 60.320000 1000000 7.687860 10.156238 7.639024 10.537425 0.023808 0.032258 0.090958 0.085046 0.032258 0.023803 0.032258 55920 58575
49 62.310000 60.320000 1000000 7.686383 10.155163 7.636723 10.523984 0.023809 0.032258 0.088222 0.082113 0.032258 0.023805 0.032258 58570 87760
49 62.310000 60.320000 1000000 7.628916 10.135808 7.590230 10.414257 0.023822 0.032258 0.093705 0.087977 0.032258 0.023819 0.032258 87760 105258
49 62.310000 60.320000 1000000 7.596176 10.073084 7.549529 10.350475 0.023821 0.032258 0.085498 0.079179 0.032258 0.023819 0.032258 105250 115915
49 62.310000 60.320000 1000000 7.585359 10.015378 7.532674 10.337034 0.023818 0.032258 0.088221 0.082112 0.032258 0.023816 0.032258 115910 126233
49 62.310000 60.320000 1000000 7.521066 10.008927 7.543455 10.345831 0.023820 0.032258 0.077424 0.070383 0.032258 0.023815 0.032258 117550 137325
49 62.310000 60.320000 1000000 7.519464 10.008210 7.543719 10.346809 0.023820 0.032258 0.082791 0.076249 0.032258 0.023815 0.032258 137320 138192
49 62.310000 60.320000 1000000 7.512755 10.007493 7.534579 10.338744 0.023822 0.032258 0.077424 0.070383 0.032258 0.023817 0.032258 138190 142472
49 62.310000 60.320000 1000000 7.506155 10.006776 7.535668 10.339722 0.023820 0.032258 0.082791 0.076248 0.032258 0.023817 0.032258 142470 154215
49 62.310000 60.320000 1000000 7.483770 9.993156 7.512768 10.179410 0.023823 0.032258 0.061863 0.052787 0.032258 0.023824 0.032258 154210 165674
49 62.310000 60.320000 1000000 7.477349 9.992439 7.513824 10.180388 0.023821 0.032258 0.066937 0.058652 0.032258 0.023824 0.032258 165670 175858
49 62.310000 60.320000 1000000 7.475750 9.991723 7.514087 10.181365 0.023821 0.032258 0.066938 0.058653 0.032258 0.023824 0.032258 175850 175926
49 62.310000 60.320000 1000000 7.472494 9.991006 7.510880 10.175500 0.023822 0.032258 0.072131 0.064516 0.032258 0.023824 0.032258 175920 256732
49 62.310000 60.320000 1000000 7.443455 9.928999 7.472801 10.118071 0.023821 0.032258 0.064385 0.055721 0.032258 0.023821 0.032258 256730 296353
49 62.310000 60.320000 1000000 7.393314 9.697458 7.397759 10.056243 0.023811 0.032258 0.059383 0.049857 0.032258 0.023805 0.032258 296350 341656
49 62.310000 60.320000 1000000 7.390012 9.696741 7.394462 10.050378 0.023812 0.032258 0.054552 0.043992 0.032258 0.023805 0.032258 341650 399317
49 62.310000 60.320000 1000000 7.378626 9.694591 7.383098 10.032783 0.023812 0.032258 0.059380 0.049853 0.032258 0.023806 0.032258 399310 511445
49 62.310000 60.320000 1000000 7.369794 9.692440 7.372495 10.010789 0.023813 0.032258 0.064384 0.055720 0.032258 0.023806 0.032258 511440 997271
49 62.310000 60.320000 1000000 7.221444 9.669501 7.197956 9.798669 0.023820 0.032258 0.064383 0.055719 0.032258 0.023816 0.032258 872140 915666
49 62.310000 60.320000 1000000 7.220235 9.668426 7.196090 9.785228 0.023820 0.032258 0.066937 0.058651 0.032258 0.023816 0.032258 915660 997271
49 62.310000 60.320000 1000000 7.213225 9.667709 7.197268 9.786205 0.023820 0.032258 0.061862 0.052786 0.032258 0.023816 0.032258 997270 1000000
49 62.310000 60.320000 1000000 7.213225 9.667709 7.197268 9.786205 0.023820 0.032258 0.061862 0.052786 0.032258 0.023816 0.032258 999990 1000000
