50 62.310000 60.320000 1000000 9.921253 13.541892 9.939093 13.280093 0.023807 0.032258 0.113198 0.108505 0.032258 0.023807 0.032258 0 50
50 62.310000 60.320000 1000000 9.669096 13.164115 9.624432 12.882242 0.023820 0.032258 0.102006 0.096771 0.032258 0.023822 0.032258 50 60
50 62.310000 60.320000 1000000 9.649924 13.157663 9.607235 12.833854 0.023817 0.032258 0.102010 0.096776 0.032258 0.023820 0.032258 60 72
50 62.310000 60.320000 1000000 9.541890 13.032216 9.538527 12.765917 0.023827 0.032258 0.054549 0.043989 0.032258 0.023825 0.032258 70 81
50 62.310000 60.320000 1000000 9.536369 13.031499 9.533000 12.760051 0.023827 0.032258 0.054549 0.043988 0.032258 0.023825 0.032258 80 94
50 62.310000 60.320000 1000000 9.492414 13.026481 9.483756 12.712641 0.023825 0.032258 0.080097 0.073313 0.032258 0.023821 0.032258 90 102
50 62.310000 60.320000 1000000 9.488390 13.025764 9.479721 12.706776 0.023825 0.032258 0.074765 0.067448 0.032258 0.023821 0.032258 100 174
50 62.310000 60.320000 1000000 9.459813 13.022897 9.484472 12.710686 0.023826 0.032258 0.074765 0.067448 0.032258 0.023821 0.032258 120 173
50 62.310000 60.320000 1000000 9.185344 12.365192 9.217705 12.455310 0.023822 0.032258 0.127326 0.123172 0.032258 0.023823 0.032258 160 199
50 62.310000 60.320000 1000000 9.100547 12.242612 9.105127 12.354381 0.023824 0.032258 0.110394 0.105576 0.032258 0.023822 0.032258 180 223
50 62.310000 60.320000 1000000 9.088647 12.241178 9.093246 12.342651 0.023826 0.032258 0.099235 0.093846 0.032258 0.023824 0.032258 200 241
50 62.310000 60.320000 1000000 9.070976 12.239028 9.071156 12.320657 0.023825 0.032258 0.104799 0.099711 0.032258 0.023822 0.032258 240 266
50 62.310000 60.320000 1000000 9.064157 12.238311 9.072291 12.321634 0.023824 0.032258 0.104799 0.099711 0.032258 0.023822 0.032258 260 306
50 62.310000 60.320000 1000000 9.009559 12.228634 9.023875 12.235368 0.023824 0.032258 0.074768 0.067451 0.032258 0.023821 0.032258 300 368
50 62.310000 60.320000 1000000 8.941961 12.215013 8.956603 12.123931 0.023830 0.032258 0.069521 0.061584 0.032258 0.023827 0.032258 340 472
50 62.310000 60.320000 1000000 8.893959 12.204261 8.916345 12.063325 0.023827 0.032258 0.090957 0.085045 0.032258 0.023823 0.032258 390 426
50 62.310000 60.320000 1000000 8.890273 12.203544 8.912686 12.057460 0.023826 0.032258 0.090957 0.085045 0.032258 0.023822 0.032258 420 456
50 62.310000 60.320000 1000000 8.877282 12.192074 8.895599 11.924029 0.023825 0.032258 0.102009 0.096774 0.032258 0.023820 0.032258 450 472
50 62.310000 60.320000 1000000 8.860301 12.189924 8.876408 11.904235 0.023824 0.032258 0.113197 0.108503 0.032258 0.023818 0.032258 470 515
50 62.310000 60.320000 1000000 8.803122 12.173078 8.818848 11.776424 0.023820 0.032258 0.047738 0.035190 0.032258 0.023815 0.032258 510 537
50 62.310000 60.320000 1000000 8.795896 12.172361 8.820044 11.777401 0.023821 0.032258 0.047738 0.035190 0.032258 0.023815 0.032258 530 569
50 62.310000 60.320000 1000000 8.794464 12.171644 8.820280 11.778379 0.023820 0.032258 0.047739 0.035191 0.032258 0.023815 0.032258 560 585
50 62.310000 60.320000 1000000 8.775520 12.168777 8.801503 11.754919 0.023818 0.032258 0.056939 0.046920 0.032258 0.023813 0.032258 580 599
50 62.310000 60.320000 1000000 8.719122 11.937236 8.716653 11.693091 0.023827 0.032258 0.047739 0.035191 0.032258 0.023825 0.032258 590 643
50 62.310000 60.320000 1000000 8.703046 11.934369 8.700564 11.669631 0.023825 0.032258 0.047740 0.035193 0.032258 0.023823 0.032258 640 837
50 62.310000 60.320000 1000000 8.676050 11.930785 8.688286 11.651791 0.023826 0.032258 0.047738 0.035189 0.032258 0.023822 0.032258 830 1073
50 62.310000 60.320000 1000000 8.637570 11.813223 8.636930 11.607314 0.023828 0.032258 0.039888 0.023461 0.032258 0.023826 0.032258 990 1083
50 62.310000 60.320000 1000000 8.635304 11.812506 8.633813 11.599250 0.023828 0.032258 0.036746 0.017597 0.032258 0.023825 0.032258 1080 1205
50 62.310000 60.320000 1000000 8.631601 11.809638 8.630675 11.573345 0.023827 0.032258 0.039888 0.023461 0.032258 0.023825 0.032258 1200 1281
50 62.310000 60.320000 1000000 8.628628 11.808921 8.627701 11.567480 0.023826 0.032258 0.043596 0.029326 0.032258 0.023824 0.032258 1280 1700
50 62.310000 60.320000 1000000 8.619976 11.807488 8.615795 11.551351 0.023826 0.032258 0.039888 0.023461 0.032258 0.023824 0.032258 1700 2675
50 62.310000 60.320000 1000000 8.411099 10.879175 8.306117 11.293043 0.023800 0.032258 0.082788 0.076245 0.032258 0.023799 0.032258 2670 2864
50 62.310000 60.320000 1000000 8.407940 10.878458 8.302837 11.287178 0.023799 0.032258 0.082786 0.076243 0.032258 0.023799 0.032258 2860 3112
50 62.310000 60.320000 1000000 8.281673 10.865555 8.324121 11.304773 0.023797 0.032258 0.082787 0.076243 0.032258 0.023799 0.032258 2890 3975
50 62.310000 60.320000 1000000 8.263014 10.861971 8.306901 11.286934 0.023800 0.032258 0.082793 0.076250 0.032258 0.023802 0.032258 3970 4987
50 62.310000 60.320000 1000000 8.161020 10.850501 8.170282 11.160102 0.023805 0.032258 0.066941 0.058656 0.032258 0.023805 0.032258 4980 5023
50 62.310000 60.320000 1000000 8.159742 10.849426 8.168335 11.146661 0.023806 0.032258 0.064387 0.055723 0.032258 0.023805 0.032258 5020 5103
50 62.310000 60.320000 1000000 8.154571 10.848709 8.163181 11.140796 0.023807 0.032258 0.064387 0.055723 0.032258 0.023807 0.032258 5100 7235
50 62.310000 60.320000 1000000 8.151163 10.847992 8.159783 11.134931 0.023807 0.032258 0.064387 0.055723 0.032258 0.023807 0.032258 7230 8351
50 62.310000 60.320000 1000000 8.141885 10.845842 8.148630 11.112937 0.023809 0.032258 0.069522 0.061585 0.032258 0.023809 0.032258 8350 9050
50 62.310000 60.320000 1000000 8.140620 10.844767 8.146701 11.099496 0.023809 0.032258 0.072132 0.064517 0.032258 0.023809 0.032258 9050 9528
50 62.310000 60.320000 1000000 8.137252 10.844050 8.143341 11.093631 0.023810 0.032258 0.066937 0.058651 0.032258 0.023810 0.032258 9520 10196
50 62.310000 60.320000 1000000 8.131080 10.843333 8.137183 11.087766 0.023812 0.032258 0.061863 0.052786 0.032258 0.023812 0.032258 10190 10868
50 62.310000 60.320000 1000000 8.120052 10.785627 8.120354 11.074325 0.023809 0.032258 0.059380 0.049854 0.032258 0.023808 0.032258 10860 11139
50 62.310000 60.320000 1000000 8.114319 10.784910 8.112469 11.066260 0.023808 0.032258 0.064382 0.055717 0.032258 0.023806 0.032258 11130 11566
50 62.310000 60.320000 1000000 8.107878 10.784193 8.113542 11.067238 0.023806 0.032258 0.064383 0.055719 0.032258 0.023806 0.032258 11560 12784
50 62.310000 60.320000 1000000 8.106170 10.783477 8.113826 11.068215 0.023806 0.032258 0.059384 0.049858 0.032258 0.023806 0.032258 12780 13401
50 62.310000 60.320000 1000000 8.039245 10.774874 8.047093 10.997834 0.023812 0.032258 0.059383 0.049858 0.032258 0.023812 0.032258 13400 14450
50 62.310000 60.320000 1000000 8.028037 10.717169 8.030001 10.984394 0.023811 0.032258 0.056943 0.046925 0.032258 0.023809 0.032258 14450 20341
50 62.310000 60.320000 1000000 7.952929 10.706416 7.950501 10.892019 0.023813 0.032258 0.066939 0.058653 0.032258 0.023810 0.032258 15280 21647
50 62.310000 60.320000 1000000 7.942305 10.704982 7.939867 10.880289 0.023812 0.032258 0.056942 0.046923 0.032258 0.023809 0.032258 17100 21112
50 62.310000 60.320000 1000000 7.937121 10.704265 7.934679 10.874424 0.023811 0.032258 0.052215 0.041058 0.032258 0.023808 0.032258 21110 21647
50 62.310000 60.320000 1000000 7.935332 10.703549 7.934977 10.875401 0.023811 0.032258 0.056942 0.046923 0.032258 0.023808 0.032258 21640 21734
50 62.310000 60.320000 1000000 7.933989 10.702473 7.932924 10.861960 0.023812 0.032258 0.054551 0.043991 0.032258 0.023809 0.032258 21730 25052
50 62.310000 60.320000 1000000 7.931304 10.701756 7.929230 10.853896 0.023812 0.032258 0.054551 0.043991 0.032258 0.023810 0.032258 25050 33593
50 62.310000 60.320000 1000000 7.908950 10.698172 7.924660 10.845098 0.023813 0.032258 0.059381 0.049855 0.032258 0.023812 0.032258 33590 48485
50 62.310000 60.320000 1000000 7.853244 10.685269 7.868168 10.744414 0.023816 0.032258 0.124486 0.120234 0.032258 0.023813 0.032258 48480 57640
50 62.310000 60.320000 1000000 7.847356 10.684552 7.860115 10.736349 0.023815 0.032258 0.130160 0.126099 0.032258 0.023811 0.032258 57640 74209
50 62.310000 60.320000 1000000 7.768218 10.616094 7.774968 10.634932 0.023820 0.032258 0.082788 0.076245 0.032258 0.023816 0.032258 74200 74704
50 62.310000 60.320000 1000000 7.764387 10.615377 7.771147 10.629067 0.023819 0.032258 0.082788 0.076245 0.032258 0.023815 0.032258 74700 79716
50 62.310000 60.320000 1000000 7.730017 10.605341 7.725022 10.518362 0.023820 0.032258 0.099229 0.093839 0.032258 0.023816 0.032258 79710 83213
50 62.310000 60.320000 1000000 7.725273 10.604624 7.720269 10.512497 0.023820 0.032258 0.093702 0.087974 0.032258 0.023816 0.032258 83210 104205
50 62.310000 60.320000 1000000 7.713090 10.546918 7.701596 10.499056 0.023821 0.032258 0.090954 0.085041 0.032258 0.023818 0.032258 104200 112467
50 62.310000 60.320000 1000000 7.708404 10.546201 7.696889 10.493191 0.023821 0.032258 0.085496 0.079176 0.032258 0.023818 0.032258 112460 127397
50 62.310000 60.320000 1000000 7.647544 10.370216 7.641641 10.449936 0.023822 0.032258 0.082789 0.076246 0.032258 0.023821 0.032258 127390 213968
50 62.310000 60.320000 1000000 7.644618 10.368065 7.637160 10.423055 0.023824 0.032258 0.077421 0.070381 0.032258 0.023824 0.032258 152310 164644
50 62.310000 60.320000 1000000 7.643192 10.366990 7.634975 10.409614 0.023825 0.032258 0.074765 0.067448 0.032258 0.023825 0.032258 164640 213968
50 62.310000 60.320000 1000000 7.543631 9.947278 7.482432 10.121492 0.023817 0.032258 0.127321 0.123166 0.032258 0.023820 0.032258 213960 250791
50 62.310000 60.320000 1000000 7.519127 9.942977 7.459663 10.093144 0.023820 0.032258 0.110392 0.105574 0.032258 0.023823 0.032258 250790 271751
50 62.310000 60.320000 1000000 7.516815 9.942260 7.456406 10.085080 0.023819 0.032258 0.116014 0.111439 0.032258 0.023823 0.032258 271750 286978
50 62.310000 60.320000 1000000 7.510586 9.940827 7.450024 10.073349 0.023819 0.032258 0.116012 0.111437 0.032258 0.023823 0.032258 283370 297713
50 62.310000 60.320000 1000000 7.462353 9.815379 7.416328 10.053310 0.023819 0.032258 0.052215 0.041059 0.032258 0.023814 0.032258 297710 317480
50 62.310000 60.320000 1000000 7.408888 9.753372 7.407121 10.045735 0.023817 0.032258 0.054551 0.043991 0.032258 0.023809 0.032258 317480 362542
50 62.310000 60.320000 1000000 7.402004 9.752655 7.397644 10.037670 0.023819 0.032258 0.049942 0.038126 0.032258 0.023812 0.032258 362540 426495
50 62.310000 60.320000 1000000 7.400814 9.751580 7.395821 10.024229 0.023819 0.032258 0.052214 0.041058 0.032258 0.023812 0.032258 426490 438971
50 62.310000 60.320000 1000000 7.397645 9.750863 7.392647 10.018364 0.023819 0.032258 0.056940 0.046921 0.032258 0.023812 0.032258 438970 478685
50 62.310000 60.320000 1000000 7.377647 9.748713 7.395971 10.021297 0.023815 0.032258 0.056940 0.046921 0.032258 0.023812 0.032258 455710 499822
50 62.310000 60.320000 1000000 7.371207 9.747996 7.397035 10.022274 0.023813 0.032258 0.061862 0.052786 0.032258 0.023813 0.032258 499820 656719
50 62.310000 60.320000 1000000 7.346917 9.742261 7.380264 10.002724 0.023815 0.032258 0.077424 0.070384 0.032258 0.023814 0.032258 542510 771206
50 62.310000 60.320000 1000000 7.312627 9.625415 7.349886 9.977797 0.023804 0.032258 0.082792 0.076249 0.032258 0.023804 0.032258 720900 730618
50 62.310000 60.320000 1000000 7.302072 9.567710 7.333986 9.964357 0.023800 0.032258 0.080100 0.073317 0.032258 0.023797 0.032258 730610 885962
50 62.310000 60.320000 1000000 7.218993 9.558391 7.227107 9.866117 0.023814 0.032258 0.064386 0.055723 0.032258 0.023811 0.032258 885960 930556
50 62.310000 60.320000 1000000 7.216430 9.557674 7.223594 9.858052 0.023815 0.032258 0.059385 0.049859 0.032258 0.023812 0.032258 930550 1000000
50 62.310000 60.320000 1000000 7.216430 9.557674 7.223594 9.858052 0.023815 0.032258 0.059385 0.049859 0.032258 0.023812 0.032258 999990 1000000
