26 62.310000 60.320000 1000000 8.898735 12.089967 8.919715 12.064318 0.023818 0.032258 0.138707 0.134904 0.032258 0.023812 0.032258 0 50
26 62.310000 60.320000 1000000 8.685286 11.388884 8.649362 11.842419 0.023801 0.032258 0.167360 0.164222 0.032258 0.023785 0.032258 50 61
26 62.310000 60.320000 1000000 8.582806 11.375623 8.577800 11.754687 0.023797 0.032258 0.153001 0.149561 0.032258 0.023781 0.032258 60 75
26 62.310000 60.320000 1000000 8.565575 11.316482 8.554806 11.729516 0.023794 0.032258 0.167362 0.164224 0.032258 0.023777 0.032258 70 83
26 62.310000 60.320000 1000000 8.455572 11.292468 8.450745 11.498089 0.023821 0.032258 0.080099 0.073316 0.032258 0.023820 0.032258 80 92
26 62.310000 60.320000 1000000 8.442781 11.290317 8.437933 11.480494 0.023824 0.032258 0.074767 0.067451 0.032258 0.023822 0.032258 90 109
26 62.310000 60.320000 1000000 8.394060 11.278489 8.385911 11.360503 0.023828 0.032258 0.077423 0.070383 0.032258 0.023827 0.032258 100 115
26 62.310000 60.320000 1000000 8.387762 11.277772 8.377222 11.352439 0.023828 0.032258 0.072133 0.064518 0.032258 0.023827 0.032258 110 142
26 62.310000 60.320000 1000000 8.345466 11.101068 8.326915 11.317003 0.023826 0.032258 0.059381 0.049855 0.032258 0.023821 0.032258 140 251
26 62.310000 60.320000 1000000 8.280745 11.035118 8.239123 10.508108 0.023762 0.032258 0.251346 0.249267 0.032258 0.023726 0.032258 150 243
26 62.310000 60.320000 1000000 7.676538 7.637269 7.309389 9.210208 0.023031 0.032258 0.748493 0.747798 0.032258 0.022667 0.032258 160 235
26 62.310000 60.320000 1000000 6.809212 7.483864 6.616204 8.399847 0.022708 0.032258 0.549332 0.548384 0.032258 0.022417 0.032258 210 243
26 62.310000 60.320000 1000000 5.976077 7.391391 5.966213 7.841686 0.022978 0.032258 0.350459 0.348971 0.032258 0.022961 0.032258 230 242
26 62.310000 60.320000 1000000 5.959047 7.389957 5.955372 7.836798 0.023001 0.032258 0.338780 0.337241 0.032258 0.022994 0.032258 240 270
26 62.310000 60.320000 1000000 5.641961 7.364868 5.639525 7.638364 0.023712 0.032258 0.141553 0.137828 0.032258 0.023708 0.032258 270 294
26 62.310000 60.320000 1000000 5.536490 7.351964 5.533912 7.532792 0.023801 0.032258 0.096460 0.090907 0.032258 0.023798 0.032258 290 316
26 62.310000 60.320000 1000000 5.535297 7.350889 5.532086 7.519351 0.023801 0.032258 0.099229 0.093839 0.032258 0.023798 0.032258 310 336
26 62.310000 60.320000 1000000 5.524217 7.346588 5.530317 7.518374 0.023800 0.032258 0.116014 0.111439 0.032258 0.023797 0.032258 330 451
26 62.310000 60.320000 1000000 5.495840 7.342287 5.502035 7.483183 0.023821 0.032258 0.082791 0.076248 0.032258 0.023818 0.032258 370 435
26 62.310000 60.320000 1000000 5.478943 7.339420 5.485195 7.459723 0.023825 0.032258 0.066937 0.058652 0.032258 0.023822 0.032258 400 461
26 62.310000 60.320000 1000000 5.464255 7.337269 5.470557 7.442128 0.023827 0.032258 0.066939 0.058654 0.032258 0.023823 0.032258 460 525
26 62.310000 60.320000 1000000 5.458965 7.335835 5.463305 7.425999 0.023830 0.032258 0.056942 0.046924 0.032258 0.023827 0.032258 490 527
26 62.310000 60.320000 1000000 5.454016 7.335119 5.458368 7.420134 0.023831 0.032258 0.052216 0.041060 0.032258 0.023827 0.032258 520 601
26 62.310000 60.320000 1000000 5.448962 7.333685 5.451431 7.404005 0.023832 0.032258 0.043599 0.029330 0.032258 0.023829 0.032258 570 610
26 62.310000 60.320000 1000000 5.439378 7.332251 5.441861 7.392275 0.023832 0.032258 0.052214 0.041058 0.032258 0.023829 0.032258 610 639
26 62.310000 60.320000 1000000 5.436929 7.331534 5.438497 7.384210 0.023832 0.032258 0.047740 0.035193 0.032258 0.023830 0.032258 630 695
26 62.310000 60.320000 1000000 5.435702 7.330459 5.436623 7.370769 0.023833 0.032258 0.045622 0.032260 0.032258 0.023830 0.032258 690 794
26 62.310000 60.320000 1000000 5.433311 7.329742 5.433337 7.362705 0.023833 0.032258 0.041681 0.026396 0.032258 0.023830 0.032258 790 1053
26 62.310000 60.320000 1000000 5.425241 7.328309 5.425267 7.350975 0.023833 0.032258 0.035436 0.014666 0.032258 0.023830 0.032258 820 1158
26 62.310000 60.320000 1000000 5.424037 7.327233 5.423428 7.337534 0.023833 0.032258 0.034326 0.011733 0.032258 0.023830 0.032258 1150 1268
26 62.310000 60.320000 1000000 5.411546 7.324724 5.410309 7.312363 0.023834 0.032258 0.032392 0.002935 0.032258 0.023832 0.032258 1260 1523
26 62.310000 60.320000 1000000 5.406850 7.324008 5.405610 7.306498 0.023834 0.032258 0.033437 0.008798 0.032258 0.023831 0.032258 1520 2251
26 62.310000 60.320000 1000000 5.400606 7.323291 5.397013 7.298433 0.023834 0.032258 0.035434 0.014662 0.032258 0.023831 0.032258 2250 2431
26 62.310000 60.320000 1000000 5.398233 7.322574 5.393742 7.290369 0.023834 0.032258 0.038235 0.020526 0.032258 0.023831 0.032258 2430 2607
26 62.310000 60.320000 1000000 5.392727 7.321857 5.388222 7.284504 0.023834 0.032258 0.035435 0.014665 0.032258 0.023831 0.032258 2600 3464
26 62.310000 60.320000 1000000 5.391136 7.321140 5.388488 7.285481 0.023834 0.032258 0.033438 0.008804 0.032258 0.023831 0.032258 3460 4964
26 62.310000 60.320000 1000000 5.379394 7.263433 5.370491 7.272040 0.023834 0.032258 0.034327 0.011737 0.032258 0.023831 0.032258 4960 5522
26 62.310000 60.320000 1000000 5.375402 7.262717 5.366479 7.266175 0.023834 0.032258 0.034326 0.011735 0.032258 0.023832 0.032258 5520 8179
26 62.310000 60.320000 1000000 5.372197 7.262000 5.363257 7.260310 0.023834 0.032258 0.032788 0.005872 0.032258 0.023832 0.032258 8170 8220
26 62.310000 60.320000 1000000 5.365998 7.261283 5.354686 7.252246 0.023834 0.032258 0.034327 0.011735 0.032258 0.023831 0.032258 8220 34736
26 62.310000 60.320000 1000000 5.364819 7.260208 5.352872 7.238805 0.023833 0.032258 0.035435 0.014664 0.032258 0.023831 0.032258 34730 40238
26 62.310000 60.320000 1000000 5.361679 7.259491 5.349711 7.232940 0.023833 0.032258 0.038236 0.020528 0.032258 0.023831 0.032258 40230 43093
26 62.310000 60.320000 1000000 5.360103 7.258774 5.349976 7.233917 0.023833 0.032258 0.038238 0.020532 0.032258 0.023831 0.032258 43090 78962
26 62.310000 60.320000 1000000 5.355435 7.257340 5.343517 7.217788 0.023833 0.032258 0.038238 0.020532 0.032258 0.023831 0.032258 48270 118727
26 62.310000 60.320000 1000000 5.352362 7.256623 5.340424 7.211923 0.023832 0.032258 0.038238 0.020532 0.032258 0.023830 0.032258 118720 144728
26 62.310000 60.320000 1000000 5.340679 7.198917 5.322422 7.198482 0.023832 0.032258 0.039890 0.023464 0.032258 0.023831 0.032258 144720 222600
26 62.310000 60.320000 1000000 5.313014 7.193899 5.318430 7.168668 0.023833 0.032258 0.039886 0.023458 0.032258 0.023830 0.032258 222600 258193
26 62.310000 60.320000 1000000 5.300313 7.191748 5.307613 7.157915 0.023833 0.032258 0.039887 0.023461 0.032258 0.023830 0.032258 258190 312039
26 62.310000 60.320000 1000000 5.296358 7.191031 5.303674 7.152050 0.023833 0.032258 0.039887 0.023461 0.032258 0.023830 0.032258 312030 369807
26 62.310000 60.320000 1000000 5.290980 7.190315 5.298318 7.146185 0.023832 0.032258 0.043596 0.029326 0.032258 0.023829 0.032258 369800 402739
26 62.310000 60.320000 1000000 5.287879 7.189598 5.295230 7.140320 0.023832 0.032258 0.047739 0.035190 0.032258 0.023829 0.032258 402730 421446
26 62.310000 60.320000 1000000 5.284002 7.188881 5.291370 7.134455 0.023831 0.032258 0.047739 0.035190 0.032258 0.023829 0.032258 421440 431365
26 62.310000 60.320000 1000000 5.253472 7.129024 5.247593 7.096821 0.023831 0.032258 0.045619 0.032257 0.032258 0.023828 0.032258 431360 457109
26 62.310000 60.320000 1000000 5.248474 7.128307 5.242578 7.090956 0.023832 0.032258 0.041679 0.026391 0.032258 0.023829 0.032258 457100 566010
26 62.310000 60.320000 1000000 5.245383 7.127590 5.239477 7.085091 0.023832 0.032258 0.045619 0.032256 0.032258 0.023829 0.032258 566010 653280
26 62.310000 60.320000 1000000 5.240495 7.126873 5.234572 7.079226 0.023832 0.032258 0.041679 0.026391 0.032258 0.023830 0.032258 653280 936239
26 62.310000 60.320000 1000000 5.233400 7.126156 5.235756 7.080203 0.023833 0.032258 0.041678 0.026391 0.032258 0.023830 0.032258 936230 1000000
26 62.310000 60.320000 1000000 5.233400 7.126156 5.235756 7.080203 0.023833 0.032258 0.041678 0.026391 0.032258 0.023830 0.032258 999990 1000000
