37 62.310000 60.320000 1000000 9.549423 12.793865 9.407737 12.575544 0.023760 0.032258 0.202008 0.199415 0.032258 0.023797 0.032258 0 50
37 62.310000 60.320000 1000000 9.114742 12.240103 9.148774 12.350961 0.023820 0.032258 0.090959 0.085047 0.032258 0.023814 0.032258 50 75
37 62.310000 60.320000 1000000 9.101615 12.237236 9.137605 12.334343 0.023819 0.032258 0.107592 0.102642 0.032258 0.023813 0.032258 70 82
37 62.310000 60.320000 1000000 9.010065 12.226125 9.015815 12.212396 0.023833 0.032258 0.052215 0.041059 0.032258 0.023830 0.032258 80 95
37 62.310000 60.320000 1000000 9.006933 12.225408 9.012689 12.206531 0.023833 0.032258 0.056943 0.046924 0.032258 0.023830 0.032258 90 100
37 62.310000 60.320000 1000000 8.983895 12.221107 8.989695 12.171341 0.023833 0.032258 0.039890 0.023466 0.032258 0.023830 0.032258 100 111
37 62.310000 60.320000 1000000 8.976656 12.218956 8.979757 12.147147 0.023833 0.032258 0.036745 0.017596 0.032258 0.023830 0.032258 110 145
37 62.310000 60.320000 1000000 8.961698 12.160533 8.958525 12.127841 0.023833 0.032258 0.038236 0.020527 0.032258 0.023831 0.032258 140 185
37 62.310000 60.320000 1000000 8.959345 12.159817 8.955286 12.119777 0.023833 0.032258 0.038236 0.020527 0.032258 0.023830 0.032258 180 225
37 62.310000 60.320000 1000000 8.957724 12.159100 8.955557 12.120754 0.023833 0.032258 0.038236 0.020527 0.032258 0.023830 0.032258 220 263
37 62.310000 60.320000 1000000 8.947465 12.156949 8.957265 12.123687 0.023833 0.032258 0.041682 0.026396 0.032258 0.023830 0.032258 260 309
37 62.310000 60.320000 1000000 8.920098 12.040820 8.917550 12.090940 0.023833 0.032258 0.041683 0.026399 0.032258 0.023830 0.032258 300 353
37 62.310000 60.320000 1000000 8.905294 12.036161 8.900800 12.038887 0.023833 0.032258 0.036747 0.017600 0.032258 0.023831 0.032258 320 437
37 62.310000 60.320000 1000000 8.712204 11.053727 8.626233 11.812348 0.023780 0.032258 0.074770 0.067453 0.032258 0.023756 0.032258 420 552
37 62.310000 60.320000 1000000 8.600702 10.985268 8.535450 11.732192 0.023781 0.032258 0.066942 0.058657 0.032258 0.023760 0.032258 550 561
37 62.310000 60.320000 1000000 8.597270 10.984551 8.531939 11.726327 0.023781 0.032258 0.072135 0.064520 0.032258 0.023761 0.032258 560 573
37 62.310000 60.320000 1000000 8.589040 10.982759 8.531065 11.713864 0.023781 0.032258 0.074769 0.067452 0.032258 0.023762 0.032258 570 651
37 62.310000 60.320000 1000000 8.531165 10.976308 8.540793 11.722662 0.023765 0.032258 0.074769 0.067452 0.032258 0.023765 0.032258 580 601
37 62.310000 60.320000 1000000 8.475055 10.968422 8.491921 11.664989 0.023768 0.032258 0.124490 0.120238 0.032258 0.023771 0.032258 600 651
37 62.310000 60.320000 1000000 8.400622 10.959103 8.415229 11.591186 0.023781 0.032258 0.074768 0.067451 0.032258 0.023782 0.032258 650 754
37 62.310000 60.320000 1000000 8.226134 10.596380 8.207688 11.374178 0.023746 0.032258 0.141558 0.137834 0.032258 0.023737 0.032258 750 1088
37 62.310000 60.320000 1000000 8.166329 10.587062 8.147474 11.297933 0.023738 0.032258 0.216496 0.214079 0.032258 0.023731 0.032258 830 953
37 62.310000 60.320000 1000000 8.070186 10.572008 8.082405 11.194071 0.023723 0.032258 0.239715 0.237534 0.032258 0.023743 0.032258 950 1393
37 62.310000 60.320000 1000000 8.049001 10.564122 8.085903 11.204824 0.023734 0.032258 0.257165 0.255133 0.032258 0.023741 0.032258 1000 1137
37 62.310000 60.320000 1000000 7.941264 10.546201 7.981762 11.065039 0.023766 0.032258 0.204905 0.202350 0.032258 0.023767 0.032258 1130 1393
37 62.310000 60.320000 1000000 7.880483 10.528639 7.898205 10.854874 0.023762 0.032258 0.184660 0.181820 0.032258 0.023762 0.032258 1390 1510
37 62.310000 60.320000 1000000 7.796466 10.518603 7.814764 10.772763 0.023784 0.032258 0.116014 0.111438 0.032258 0.023782 0.032258 1510 2348
37 62.310000 60.320000 1000000 7.691929 10.384553 7.682009 10.551842 0.023789 0.032258 0.207798 0.205279 0.032258 0.023791 0.032258 2340 2665
37 62.310000 60.320000 1000000 7.674062 10.382402 7.671736 10.541090 0.023788 0.032258 0.196218 0.193549 0.032258 0.023792 0.032258 2660 2784
37 62.310000 60.320000 1000000 7.624130 10.150862 7.597519 10.481461 0.023781 0.032258 0.184659 0.181819 0.032258 0.023784 0.032258 2780 2818
37 62.310000 60.320000 1000000 7.613223 10.093156 7.580660 10.468021 0.023779 0.032258 0.187547 0.184752 0.032258 0.023781 0.032258 2810 2909
37 62.310000 60.320000 1000000 7.611675 10.092081 7.578264 10.454580 0.023780 0.032258 0.184659 0.181819 0.032258 0.023782 0.032258 2900 2997
37 62.310000 60.320000 1000000 7.607555 10.091364 7.574089 10.448715 0.023783 0.032258 0.178887 0.175954 0.032258 0.023786 0.032258 2990 4166
37 62.310000 60.320000 1000000 7.478423 10.054088 7.429808 10.060153 0.023815 0.032258 0.132999 0.129028 0.032258 0.023831 0.032258 4160 5143
37 62.310000 60.320000 1000000 7.476284 10.053371 7.430171 10.061131 0.023817 0.032258 0.127317 0.123163 0.032258 0.023831 0.032258 5140 6756
37 62.310000 60.320000 1000000 7.428582 10.039034 7.434425 10.071639 0.023831 0.032258 0.039889 0.023463 0.032258 0.023829 0.032258 6750 6884
37 62.310000 60.320000 1000000 7.423239 10.038317 7.429094 10.065774 0.023831 0.032258 0.043597 0.029328 0.032258 0.023828 0.032258 6880 7846
37 62.310000 60.320000 1000000 7.411646 9.980612 7.411402 10.052333 0.023830 0.032258 0.041681 0.026396 0.032258 0.023827 0.032258 7840 9066
37 62.310000 60.320000 1000000 7.400223 9.922906 7.393927 10.038892 0.023829 0.032258 0.043598 0.029329 0.032258 0.023826 0.032258 9060 10287
37 62.310000 60.320000 1000000 7.338421 9.801759 7.319868 9.965090 0.023828 0.032258 0.052214 0.041058 0.032258 0.023824 0.032258 10280 10525
37 62.310000 60.320000 1000000 7.331339 9.801042 7.321055 9.966067 0.023828 0.032258 0.052214 0.041058 0.032258 0.023824 0.032258 10520 13443
37 62.310000 60.320000 1000000 7.328016 9.800325 7.317718 9.960202 0.023828 0.032258 0.056940 0.046921 0.032258 0.023825 0.032258 13440 14999
37 62.310000 60.320000 1000000 7.321672 9.799608 7.308955 9.952138 0.023829 0.032258 0.052213 0.041056 0.032258 0.023825 0.032258 14990 19147
37 62.310000 60.320000 1000000 7.312349 9.798175 7.299583 9.940407 0.023828 0.032258 0.052213 0.041057 0.032258 0.023825 0.032258 16180 19709
37 62.310000 60.320000 1000000 7.294040 9.794591 7.285025 9.924767 0.023826 0.032258 0.072131 0.064516 0.032258 0.023822 0.032258 19700 20304
37 62.310000 60.320000 1000000 7.291507 9.793874 7.281528 9.916703 0.023826 0.032258 0.066939 0.058653 0.032258 0.023823 0.032258 20300 22244
37 62.310000 60.320000 1000000 7.277587 9.790648 7.266887 9.885667 0.023829 0.032258 0.054552 0.043992 0.032258 0.023826 0.032258 22240 22396
37 62.310000 60.320000 1000000 7.271236 9.789931 7.258111 9.877602 0.023829 0.032258 0.054550 0.043990 0.032258 0.023826 0.032258 22390 30523
37 62.310000 60.320000 1000000 7.237306 9.785272 7.233099 9.841923 0.023828 0.032258 0.043597 0.029328 0.032258 0.023825 0.032258 30520 34403
37 62.310000 60.320000 1000000 7.232717 9.784555 7.228503 9.836058 0.023828 0.032258 0.043598 0.029329 0.032258 0.023824 0.032258 34400 34554
37 62.310000 60.320000 1000000 7.229323 9.783838 7.225102 9.830193 0.023828 0.032258 0.043596 0.029327 0.032258 0.023825 0.032258 34550 36236
37 62.310000 60.320000 1000000 7.224071 9.783121 7.219842 9.824328 0.023827 0.032258 0.047738 0.035190 0.032258 0.023824 0.032258 36230 38593
37 62.310000 60.320000 1000000 7.221513 9.782404 7.216318 9.816263 0.023828 0.032258 0.043597 0.029327 0.032258 0.023825 0.032258 38590 44139
37 62.310000 60.320000 1000000 7.147061 9.435452 7.113791 9.736596 0.023818 0.032258 0.052214 0.041057 0.032258 0.023812 0.032258 44130 45418
37 62.310000 60.320000 1000000 7.142390 9.434735 7.109055 9.730731 0.023818 0.032258 0.052215 0.041058 0.032258 0.023812 0.032258 45410 55610
37 62.310000 60.320000 1000000 7.117628 9.430434 7.083941 9.695540 0.023821 0.032258 0.052215 0.041059 0.032258 0.023816 0.032258 48600 59384
37 62.310000 60.320000 1000000 7.109961 9.429000 7.076163 9.683810 0.023820 0.032258 0.061865 0.052789 0.032258 0.023816 0.032258 56090 72277
37 62.310000 60.320000 1000000 7.081900 9.426133 7.080875 9.687720 0.023819 0.032258 0.056945 0.046926 0.032258 0.023816 0.032258 62380 78475
37 62.310000 60.320000 1000000 7.077196 9.425416 7.076169 9.681855 0.023819 0.032258 0.056945 0.046926 0.032258 0.023816 0.032258 78470 87752
37 62.310000 60.320000 1000000 7.075886 9.424341 7.074166 9.668414 0.023820 0.032258 0.059384 0.049858 0.032258 0.023816 0.032258 87750 106220
37 62.310000 60.320000 1000000 7.045362 9.417889 7.043619 9.615628 0.023823 0.032258 0.064385 0.055721 0.032258 0.023820 0.032258 106220 108516
37 62.310000 60.320000 1000000 7.040680 9.417172 7.038934 9.609763 0.023823 0.032258 0.064385 0.055721 0.032258 0.023820 0.032258 108510 137369
37 62.310000 60.320000 1000000 7.034201 9.416455 7.030014 9.601698 0.023824 0.032258 0.059383 0.049857 0.032258 0.023821 0.032258 137360 192488
37 62.310000 60.320000 1000000 6.997654 9.412154 6.979522 9.553312 0.023820 0.032258 0.080097 0.073314 0.032258 0.023816 0.032258 153400 223750
37 62.310000 60.320000 1000000 6.945942 9.401402 6.925118 9.447985 0.023826 0.032258 0.074764 0.067447 0.032258 0.023826 0.032258 223750 323329
37 62.310000 60.320000 1000000 6.930086 9.398534 6.909117 9.424524 0.023826 0.032258 0.069518 0.061581 0.032258 0.023826 0.032258 259120 275968
37 62.310000 60.320000 1000000 6.926991 9.397818 6.905994 9.418659 0.023825 0.032258 0.069518 0.061581 0.032258 0.023826 0.032258 275960 323329
37 62.310000 60.320000 1000000 6.875738 9.166277 6.829513 9.359031 0.023821 0.032258 0.074763 0.067446 0.032258 0.023823 0.032258 323320 328224
37 62.310000 60.320000 1000000 6.868549 9.165560 6.830733 9.360009 0.023822 0.032258 0.069518 0.061581 0.032258 0.023823 0.032258 328220 390273
37 62.310000 60.320000 1000000 6.832046 9.161259 6.808060 9.336304 0.023820 0.032258 0.064379 0.055714 0.032258 0.023822 0.032258 390270 425268
37 62.310000 60.320000 1000000 6.827931 9.160542 6.803902 9.330439 0.023820 0.032258 0.059377 0.049850 0.032258 0.023823 0.032258 425260 445034
37 62.310000 60.320000 1000000 6.825987 9.159825 6.804229 9.331416 0.023822 0.032258 0.054547 0.043986 0.032258 0.023823 0.032258 445030 492595
37 62.310000 60.320000 1000000 6.819086 9.159109 6.805388 9.332394 0.023821 0.032258 0.049940 0.038123 0.032258 0.023823 0.032258 492590 659377
37 62.310000 60.320000 1000000 6.815033 9.158392 6.801310 9.326529 0.023821 0.032258 0.049941 0.038125 0.032258 0.023823 0.032258 659370 719183
37 62.310000 60.320000 1000000 6.810170 9.157675 6.796418 9.320664 0.023822 0.032258 0.045621 0.032260 0.032258 0.023824 0.032258 719180 801122
37 62.310000 60.320000 1000000 6.806977 9.156958 6.793205 9.314798 0.023822 0.032258 0.049939 0.038122 0.032258 0.023824 0.032258 801120 810832
37 62.310000 60.320000 1000000 6.801645 9.156241 6.787841 9.308933 0.023821 0.032258 0.054547 0.043987 0.032258 0.023823 0.032258 810830 852585
37 62.310000 60.320000 1000000 6.795556 9.155524 6.779412 9.300869 0.023820 0.032258 0.054545 0.043984 0.032258 0.023822 0.032258 852580 1000000
37 62.310000 60.320000 1000000 6.785165 9.154091 6.768947 9.289139 0.023818 0.032258 0.064379 0.055714 0.032258 0.023820 0.032258 999990 1000000
