58 62.310000 60.320000 1000000 9.294234 12.665589 9.318363 12.592175 0.023832 0.032258 0.056945 0.046927 0.032258 0.023829 0.032258 0 51
58 62.310000 60.320000 1000000 8.991715 11.951614 8.923357 12.237582 0.023818 0.032258 0.116012 0.111437 0.032258 0.023816 0.032258 50 68
58 62.310000 60.320000 1000000 8.916256 11.943728 8.929980 12.241492 0.023818 0.032258 0.077426 0.070386 0.032258 0.023817 0.032258 60 70
58 62.310000 60.320000 1000000 8.837603 11.754838 8.828197 12.034991 0.023819 0.032258 0.096462 0.090909 0.032258 0.023817 0.032258 70 92
58 62.310000 60.320000 1000000 8.732046 11.731899 8.712329 11.805764 0.023820 0.032258 0.147272 0.143695 0.032258 0.023819 0.032258 90 110
58 62.310000 60.320000 1000000 8.689097 11.669174 8.660602 11.749068 0.023823 0.032258 0.116011 0.111435 0.032258 0.023823 0.032258 110 120
58 62.310000 60.320000 1000000 8.281729 8.725446 8.007958 11.064562 0.023351 0.032258 0.257163 0.255132 0.032258 0.023131 0.032258 120 143
58 62.310000 60.320000 1000000 8.231752 8.713976 7.948319 10.969253 0.023371 0.032258 0.233905 0.231670 0.032258 0.023167 0.032258 140 167
58 62.310000 60.320000 1000000 8.197405 8.703224 7.939691 10.963388 0.023381 0.032258 0.228102 0.225809 0.032258 0.023170 0.032258 160 191
58 62.310000 60.320000 1000000 8.159609 8.698206 7.898055 10.922332 0.023388 0.032258 0.233909 0.231674 0.032258 0.023187 0.032258 170 195
58 62.310000 60.320000 1000000 7.197283 8.568457 7.173098 10.086066 0.023073 0.032258 0.426443 0.425221 0.032258 0.023032 0.032258 190 231
58 62.310000 60.320000 1000000 6.741832 8.464156 6.782648 9.345842 0.023337 0.032258 0.318356 0.316717 0.032258 0.023265 0.032258 230 269
58 62.310000 60.320000 1000000 6.518675 8.418995 6.527240 8.893739 0.023472 0.032258 0.365063 0.363635 0.032258 0.023472 0.032258 260 301
58 62.310000 60.320000 1000000 6.483644 8.411468 6.490289 8.818225 0.023460 0.032258 0.362145 0.360706 0.032258 0.023460 0.032258 300 331
58 62.310000 60.320000 1000000 6.418479 8.394980 6.419172 8.636896 0.023580 0.032258 0.315435 0.313781 0.032258 0.023578 0.032258 320 342
58 62.310000 60.320000 1000000 6.412396 8.394263 6.410807 8.628832 0.023579 0.032258 0.309601 0.307916 0.032258 0.023576 0.032258 340 409
58 62.310000 60.320000 1000000 6.281175 8.375625 6.283269 8.490024 0.023790 0.032258 0.170238 0.167153 0.032258 0.023787 0.032258 400 421
58 62.310000 60.320000 1000000 6.212527 8.363439 6.212236 8.388118 0.023830 0.032258 0.074764 0.067447 0.032258 0.023827 0.032258 420 437
58 62.310000 60.320000 1000000 6.206116 8.362722 6.203414 8.380054 0.023830 0.032258 0.069519 0.061582 0.032258 0.023828 0.032258 430 506
58 62.310000 60.320000 1000000 6.199231 8.362005 6.204561 8.381031 0.023830 0.032258 0.074764 0.067446 0.032258 0.023828 0.032258 500 625
58 62.310000 60.320000 1000000 6.192482 8.361288 6.205681 8.382009 0.023828 0.032258 0.080095 0.073311 0.032258 0.023828 0.032258 620 706
58 62.310000 60.320000 1000000 6.180962 8.303583 6.188168 8.368568 0.023828 0.032258 0.077419 0.070379 0.032258 0.023827 0.032258 700 747
58 62.310000 60.320000 1000000 6.169646 8.245877 6.170915 8.355127 0.023826 0.032258 0.074764 0.067447 0.032258 0.023824 0.032258 740 774
58 62.310000 60.320000 1000000 6.166344 8.245160 6.167615 8.349262 0.023827 0.032258 0.069519 0.061582 0.032258 0.023824 0.032258 770 1042
58 62.310000 60.320000 1000000 6.159828 8.243010 6.164930 8.345352 0.023827 0.032258 0.054547 0.043986 0.032258 0.023825 0.032258 1040 1134
58 62.310000 60.320000 1000000 6.153400 8.242293 6.156109 8.337287 0.023828 0.032258 0.049938 0.038121 0.032258 0.023825 0.032258 1130 1341
58 62.310000 60.320000 1000000 6.133193 8.239426 6.135929 8.313827 0.023832 0.032258 0.035434 0.014661 0.032258 0.023830 0.032258 1190 1374
58 62.310000 60.320000 1000000 6.127610 8.238709 6.130353 8.307962 0.023833 0.032258 0.038235 0.020526 0.032258 0.023830 0.032258 1370 1419
58 62.310000 60.320000 1000000 6.118007 8.236558 6.118966 8.285968 0.023833 0.032258 0.041679 0.026392 0.032258 0.023830 0.032258 1410 1682
58 62.310000 60.320000 1000000 6.116386 8.235842 6.119235 8.286946 0.023833 0.032258 0.038238 0.020531 0.032258 0.023830 0.032258 1680 1735
58 62.310000 60.320000 1000000 6.109971 8.235125 6.110421 8.278881 0.023834 0.032258 0.035436 0.014666 0.032258 0.023831 0.032258 1730 1770
58 62.310000 60.320000 1000000 6.105231 8.234408 6.105682 8.273016 0.023833 0.032258 0.038236 0.020528 0.032258 0.023831 0.032258 1770 1992
58 62.310000 60.320000 1000000 6.103638 8.233691 6.105948 8.273994 0.023833 0.032258 0.038236 0.020528 0.032258 0.023831 0.032258 1990 2612
58 62.310000 60.320000 1000000 6.090265 8.231540 6.100662 8.263241 0.023833 0.032258 0.038237 0.020530 0.032258 0.023831 0.032258 2610 2721
58 62.310000 60.320000 1000000 6.086268 8.230824 6.096686 8.257376 0.023833 0.032258 0.035435 0.014664 0.032258 0.023831 0.032258 2720 3167
58 62.310000 60.320000 1000000 6.080687 8.230107 6.091133 8.251511 0.023834 0.032258 0.035436 0.014667 0.032258 0.023831 0.032258 3160 3459
58 62.310000 60.320000 1000000 6.075989 8.229390 6.086459 8.245646 0.023833 0.032258 0.038237 0.020529 0.032258 0.023831 0.032258 3450 5677
58 62.310000 60.320000 1000000 6.072839 8.228673 6.083325 8.239781 0.023833 0.032258 0.041680 0.026394 0.032258 0.023831 0.032258 5670 5943
58 62.310000 60.320000 1000000 6.066436 8.227956 6.074561 8.231716 0.023834 0.032258 0.038236 0.020528 0.032258 0.023831 0.032258 5940 8800
58 62.310000 60.320000 1000000 6.060162 8.227239 6.065964 8.223652 0.023834 0.032258 0.038237 0.020529 0.032258 0.023831 0.032258 8800 10127
58 62.310000 60.320000 1000000 6.058939 8.226164 6.064102 8.210211 0.023834 0.032258 0.036746 0.017597 0.032258 0.023831 0.032258 10120 10907
58 62.310000 60.320000 1000000 6.054975 8.225447 6.060147 8.204346 0.023834 0.032258 0.034325 0.011732 0.032258 0.023831 0.032258 10900 25161
58 62.310000 60.320000 1000000 6.053380 8.224730 6.060412 8.205323 0.023834 0.032258 0.036746 0.017597 0.032258 0.023831 0.032258 25160 28944
58 62.310000 60.320000 1000000 6.047838 8.224014 6.054890 8.199458 0.023834 0.032258 0.034327 0.011736 0.032258 0.023831 0.032258 28940 71294
58 62.310000 60.320000 1000000 6.036037 8.166308 6.036895 8.186017 0.023834 0.032258 0.033438 0.008804 0.032258 0.023831 0.032258 71290 88511
58 62.310000 60.320000 1000000 6.034464 8.165591 6.037157 8.186995 0.023834 0.032258 0.035437 0.014669 0.032258 0.023831 0.032258 88510 111002
58 62.310000 60.320000 1000000 6.031324 8.164874 6.034021 8.181130 0.023834 0.032258 0.038239 0.020534 0.032258 0.023831 0.032258 111000 153078
58 62.310000 60.320000 1000000 6.025089 8.164157 6.025455 8.173065 0.023834 0.032258 0.041683 0.026398 0.032258 0.023831 0.032258 153070 196902
58 62.310000 60.320000 1000000 6.015750 8.162007 6.017924 8.162312 0.023833 0.032258 0.049942 0.038126 0.032258 0.023830 0.032258 196900 224251
58 62.310000 60.320000 1000000 6.014529 8.160932 6.016062 8.148872 0.023833 0.032258 0.047740 0.035193 0.032258 0.023830 0.032258 224250 230059
58 62.310000 60.320000 1000000 6.012090 8.160215 6.012710 8.140807 0.023833 0.032258 0.043597 0.029328 0.032258 0.023831 0.032258 230050 335811
58 62.310000 60.320000 1000000 5.999553 8.157347 5.997541 8.110749 0.023833 0.032258 0.043599 0.029330 0.032258 0.023830 0.032258 335810 401817
58 62.310000 60.320000 1000000 5.979262 8.155197 5.991370 8.104639 0.023832 0.032258 0.047740 0.035193 0.032258 0.023829 0.032258 401810 766968
58 62.310000 60.320000 1000000 5.925852 8.030824 5.926440 8.002000 0.023833 0.032258 0.038238 0.020531 0.032258 0.023830 0.032258 766960 793899
58 62.310000 60.320000 1000000 5.921907 8.030107 5.922496 7.996135 0.023833 0.032258 0.035436 0.014666 0.032258 0.023830 0.032258 793890 867972
58 62.310000 60.320000 1000000 5.891653 7.970250 5.878967 7.958501 0.023831 0.032258 0.047741 0.035193 0.032258 0.023829 0.032258 867970 922274
58 62.310000 60.320000 1000000 5.885922 7.969533 5.873199 7.952636 0.023832 0.032258 0.043598 0.029328 0.032258 0.023830 0.032258 922270 965603
58 62.310000 60.320000 1000000 5.880311 7.968816 5.867551 7.946771 0.023833 0.032258 0.039891 0.023466 0.032258 0.023830 0.032258 965600 1000000
58 62.310000 60.320000 1000000 5.880311 7.968816 5.867551 7.946771 0.023833 0.032258 0.039891 0.023466 0.032258 0.023830 0.032258 999990 1000000
