16 62.310000 60.320000 1000000 9.217220 12.335444 9.193578 12.573836 0.023772 0.032258 0.245528 0.243400 0.032258 0.023776 0.032258 0 53
16 62.310000 60.320000 1000000 9.210616 12.334727 9.194686 12.574813 0.023770 0.032258 0.251344 0.249265 0.032258 0.023777 0.032258 50 61
16 62.310000 60.320000 1000000 9.199524 12.333293 9.181304 12.560883 0.023768 0.032258 0.245528 0.243400 0.032258 0.023774 0.032258 60 70
16 62.310000 60.320000 1000000 9.143270 12.306053 9.153903 12.405456 0.023775 0.032258 0.181774 0.178889 0.032258 0.023774 0.032258 70 85
16 62.310000 60.320000 1000000 9.002035 12.280246 9.013175 12.194312 0.023833 0.032258 0.038238 0.020531 0.032258 0.023830 0.032258 80 100
16 62.310000 60.320000 1000000 8.955372 12.161250 8.959891 12.142748 0.023834 0.032258 0.035436 0.014668 0.032258 0.023831 0.032258 100 112
16 62.310000 60.320000 1000000 8.945842 12.159100 8.948562 12.120754 0.023834 0.032258 0.035434 0.014663 0.032258 0.023831 0.032258 110 124
16 62.310000 60.320000 1000000 8.942990 12.157308 8.946967 12.108291 0.023834 0.032258 0.034325 0.011730 0.032258 0.023831 0.032258 120 143
16 62.310000 60.320000 1000000 8.929078 12.155874 8.949277 12.110246 0.023833 0.032258 0.039887 0.023461 0.032258 0.023831 0.032258 130 154
16 62.310000 60.320000 1000000 8.827755 11.692793 8.807890 11.997832 0.023826 0.032258 0.047738 0.035190 0.032258 0.023821 0.032258 150 239
16 62.310000 60.320000 1000000 8.780851 11.685624 8.758960 11.944313 0.023827 0.032258 0.052211 0.041054 0.032258 0.023823 0.032258 230 282
16 62.310000 60.320000 1000000 8.739799 11.678456 8.716235 11.876375 0.023829 0.032258 0.047735 0.035186 0.032258 0.023826 0.032258 280 309
16 62.310000 60.320000 1000000 8.734473 11.677739 8.710866 11.870510 0.023829 0.032258 0.052209 0.041051 0.032258 0.023825 0.032258 300 388
16 62.310000 60.320000 1000000 8.730318 11.677022 8.706677 11.864645 0.023829 0.032258 0.047737 0.035188 0.032258 0.023826 0.032258 380 456
16 62.310000 60.320000 1000000 8.701914 11.560894 8.663777 11.829699 0.023825 0.032258 0.052211 0.041053 0.032258 0.023821 0.032258 450 612
16 62.310000 60.320000 1000000 8.569710 10.923261 8.467494 11.658390 0.023783 0.032258 0.080095 0.073311 0.032258 0.023767 0.032258 470 541
16 62.310000 60.320000 1000000 8.532868 10.692437 8.408914 11.604627 0.023757 0.032258 0.090954 0.085041 0.032258 0.023731 0.032258 500 671
16 62.310000 60.320000 1000000 8.488636 10.687420 8.385045 11.579700 0.023763 0.032258 0.080096 0.073313 0.032258 0.023736 0.032258 530 594
16 62.310000 60.320000 1000000 8.332496 10.669498 8.356127 11.547198 0.023741 0.032258 0.085497 0.079178 0.032258 0.023746 0.032258 590 608
16 62.310000 60.320000 1000000 8.325835 10.668782 8.347042 11.539133 0.023742 0.032258 0.080096 0.073313 0.032258 0.023747 0.032258 600 671
16 62.310000 60.320000 1000000 8.318325 10.667348 8.339589 11.527403 0.023745 0.032258 0.080096 0.073313 0.032258 0.023750 0.032258 670 884
16 62.310000 60.320000 1000000 8.245511 10.658746 8.239751 11.430630 0.023735 0.032258 0.074766 0.067449 0.032258 0.023736 0.032258 690 709
16 62.310000 60.320000 1000000 8.240036 10.658029 8.232205 11.422565 0.023733 0.032258 0.074766 0.067449 0.032258 0.023732 0.032258 700 884
16 62.310000 60.320000 1000000 8.185086 10.593871 8.192568 11.376867 0.023727 0.032258 0.093704 0.087976 0.032258 0.023736 0.032258 880 1041
16 62.310000 60.320000 1000000 8.171133 10.591721 8.178653 11.359271 0.023730 0.032258 0.099231 0.093841 0.032258 0.023739 0.032258 1040 1106
16 62.310000 60.320000 1000000 7.959016 10.560180 7.961021 11.099253 0.023737 0.032258 0.110393 0.105574 0.032258 0.023740 0.032258 1100 1146
16 62.310000 60.320000 1000000 7.943412 10.558029 7.941284 11.077259 0.023734 0.032258 0.116014 0.111439 0.032258 0.023735 0.032258 1140 1187
16 62.310000 60.320000 1000000 7.916550 10.441901 7.900935 11.042313 0.023724 0.032258 0.116015 0.111440 0.032258 0.023722 0.032258 1180 1197
16 62.310000 60.320000 1000000 7.914345 10.441184 7.901305 11.043291 0.023726 0.032258 0.121660 0.117305 0.032258 0.023721 0.032258 1190 1733
16 62.310000 60.320000 1000000 7.861849 10.430431 7.832499 10.926721 0.023746 0.032258 0.116011 0.111436 0.032258 0.023751 0.032258 1730 2251
16 62.310000 60.320000 1000000 7.837851 10.425413 7.804349 10.874179 0.023742 0.032258 0.110389 0.105570 0.032258 0.023749 0.032258 2250 2863
16 62.310000 60.320000 1000000 7.702450 10.346202 7.677096 10.698471 0.023759 0.032258 0.113193 0.108499 0.032258 0.023774 0.032258 2860 2881
16 62.310000 60.320000 1000000 7.698446 10.345485 7.673052 10.692606 0.023759 0.032258 0.107584 0.102634 0.032258 0.023774 0.032258 2880 3357
16 62.310000 60.320000 1000000 7.647236 10.328998 7.639474 10.527162 0.023767 0.032258 0.147268 0.143692 0.032258 0.023800 0.032258 3350 3360
16 62.310000 60.320000 1000000 7.642145 10.328281 7.634368 10.521297 0.023766 0.032258 0.147268 0.143692 0.032258 0.023799 0.032258 3360 3943
16 62.310000 60.320000 1000000 7.550274 10.302474 7.603095 10.492705 0.023796 0.032258 0.193325 0.190615 0.032258 0.023787 0.032258 3940 4105
16 62.310000 60.320000 1000000 7.528045 10.243335 7.575135 10.467534 0.023794 0.032258 0.190434 0.187682 0.032258 0.023783 0.032258 4100 5076
16 62.310000 60.320000 1000000 7.493229 10.070217 7.522750 10.427211 0.023793 0.032258 0.181770 0.178884 0.032258 0.023778 0.032258 4480 5300
16 62.310000 60.320000 1000000 7.451466 10.059464 7.468305 10.315284 0.023815 0.032258 0.107587 0.102637 0.032258 0.023807 0.032258 5300 5602
16 62.310000 60.320000 1000000 7.440349 10.058031 7.465114 10.310397 0.023815 0.032258 0.102009 0.096774 0.032258 0.023808 0.032258 5600 6095
16 62.310000 60.320000 1000000 7.426815 10.055880 7.451715 10.292801 0.023816 0.032258 0.096463 0.090910 0.032258 0.023808 0.032258 6090 6133
16 62.310000 60.320000 1000000 7.422309 10.055163 7.447254 10.286936 0.023815 0.032258 0.102010 0.096775 0.032258 0.023807 0.032258 6130 8864
16 62.310000 60.320000 1000000 7.418078 10.054446 7.443065 10.281071 0.023816 0.032258 0.096463 0.090910 0.032258 0.023807 0.032258 8860 9014
16 62.310000 60.320000 1000000 7.412816 10.053730 7.437856 10.275206 0.023815 0.032258 0.096463 0.090909 0.032258 0.023806 0.032258 9010 10005
16 62.310000 60.320000 1000000 7.406078 10.053013 7.438966 10.276183 0.023814 0.032258 0.102009 0.096774 0.032258 0.023807 0.032258 10000 11812
16 62.310000 60.320000 1000000 7.400998 10.051579 7.432071 10.260054 0.023815 0.032258 0.090958 0.085046 0.032258 0.023808 0.032258 10100 11075
16 62.310000 60.320000 1000000 7.398526 10.050862 7.428713 10.251990 0.023815 0.032258 0.090958 0.085046 0.032258 0.023808 0.032258 11070 11812
16 62.310000 60.320000 1000000 7.323678 10.025773 7.365673 9.992949 0.023825 0.032258 0.069525 0.061588 0.032258 0.023827 0.032258 11500 13366
16 62.310000 60.320000 1000000 7.293968 10.022188 7.327437 9.954826 0.023821 0.032258 0.064387 0.055723 0.032258 0.023821 0.032258 13360 13905
16 62.310000 60.320000 1000000 7.292699 10.021113 7.325525 9.941385 0.023822 0.032258 0.066940 0.058655 0.032258 0.023821 0.032258 13900 17178
16 62.310000 60.320000 1000000 7.239131 9.954805 7.266185 9.857563 0.023823 0.032258 0.069521 0.061584 0.032258 0.023821 0.032258 17170 17938
16 62.310000 60.320000 1000000 7.178276 9.665200 7.173646 9.776918 0.023827 0.032258 0.059381 0.049855 0.032258 0.023825 0.032258 17930 19387
16 62.310000 60.320000 1000000 7.172692 9.664483 7.168052 9.771053 0.023827 0.032258 0.054550 0.043990 0.032258 0.023825 0.032258 19380 22311
16 62.310000 60.320000 1000000 7.167207 9.663767 7.162555 9.765188 0.023827 0.032258 0.054549 0.043989 0.032258 0.023825 0.032258 22310 22930
16 62.310000 60.320000 1000000 7.163261 9.663050 7.158602 9.759323 0.023827 0.032258 0.054549 0.043989 0.032258 0.023825 0.032258 22930 24473
16 62.310000 60.320000 1000000 7.160586 9.662333 7.154916 9.751258 0.023828 0.032258 0.054547 0.043986 0.032258 0.023826 0.032258 24470 24951
16 62.310000 60.320000 1000000 7.156708 9.661616 7.151029 9.745393 0.023827 0.032258 0.054547 0.043986 0.032258 0.023826 0.032258 24950 29463
16 62.310000 60.320000 1000000 7.145215 9.603910 7.133405 9.731952 0.023827 0.032258 0.056938 0.046919 0.032258 0.023825 0.032258 29460 38814
16 62.310000 60.320000 1000000 7.121345 9.599609 7.113629 9.710447 0.023827 0.032258 0.052213 0.041056 0.032258 0.023824 0.032258 32810 45315
16 62.310000 60.320000 1000000 7.083378 9.539036 7.081170 9.682832 0.023825 0.032258 0.045621 0.032259 0.032258 0.023823 0.032258 45310 49946
16 62.310000 60.320000 1000000 7.080296 9.538319 7.078084 9.676967 0.023825 0.032258 0.049941 0.038124 0.032258 0.023822 0.032258 49940 55288
16 62.310000 60.320000 1000000 7.077272 9.537602 7.075058 9.671102 0.023824 0.032258 0.054550 0.043990 0.032258 0.023822 0.032258 55280 57382
16 62.310000 60.320000 1000000 7.074551 9.536885 7.071312 9.663038 0.023826 0.032258 0.049941 0.038125 0.032258 0.023823 0.032258 57380 69311
16 62.310000 60.320000 1000000 7.069832 9.536168 7.066587 9.657172 0.023826 0.032258 0.049941 0.038125 0.032258 0.023823 0.032258 69310 80773
16 62.310000 60.320000 1000000 7.038301 9.527566 7.024831 9.562598 0.023827 0.032258 0.064384 0.055720 0.032258 0.023826 0.032258 80770 86267
16 62.310000 60.320000 1000000 7.030371 9.526133 7.016855 9.550868 0.023827 0.032258 0.054550 0.043990 0.032258 0.023826 0.032258 86200 86724
16 62.310000 60.320000 1000000 7.024888 9.525416 7.011340 9.545003 0.023827 0.032258 0.054550 0.043989 0.032258 0.023826 0.032258 86720 95420
16 62.310000 60.320000 1000000 7.018624 9.524699 7.002673 9.536939 0.023827 0.032258 0.054548 0.043987 0.032258 0.023826 0.032258 95420 98923
16 62.310000 60.320000 1000000 6.991487 9.408570 6.962890 9.504192 0.023826 0.032258 0.059380 0.049854 0.032258 0.023826 0.032258 98920 130780
16 62.310000 60.320000 1000000 6.964971 9.405703 6.960894 9.501259 0.023825 0.032258 0.064384 0.055720 0.032258 0.023826 0.032258 130780 134391
16 62.310000 60.320000 1000000 6.960223 9.404986 6.956138 9.495394 0.023825 0.032258 0.059382 0.049856 0.032258 0.023826 0.032258 134390 182854
16 62.310000 60.320000 1000000 6.958819 9.403911 6.953988 9.481953 0.023826 0.032258 0.061863 0.052787 0.032258 0.023827 0.032258 182850 209203
16 62.310000 60.320000 1000000 6.939477 9.401760 6.937869 9.466802 0.023825 0.032258 0.061864 0.052788 0.032258 0.023827 0.032258 209200 234398
16 62.310000 60.320000 1000000 6.927757 9.399610 6.926141 9.449207 0.023824 0.032258 0.061861 0.052785 0.032258 0.023827 0.032258 234390 306344
16 62.310000 60.320000 1000000 6.903850 9.340470 6.891373 9.419637 0.023823 0.032258 0.064379 0.055714 0.032258 0.023825 0.032258 306340 314939
16 62.310000 60.320000 1000000 6.899074 9.339753 6.886571 9.413772 0.023823 0.032258 0.064380 0.055715 0.032258 0.023825 0.032258 314930 342837
16 62.310000 60.320000 1000000 6.895078 9.339036 6.882553 9.407907 0.023823 0.032258 0.059377 0.049850 0.032258 0.023825 0.032258 342830 355279
16 62.310000 60.320000 1000000 6.893153 9.338319 6.882876 9.408884 0.023824 0.032258 0.054547 0.043986 0.032258 0.023825 0.032258 355270 424547
16 62.310000 60.320000 1000000 6.856410 9.221474 6.849717 9.383958 0.023821 0.032258 0.054550 0.043989 0.032258 0.023824 0.032258 401460 468738
16 62.310000 60.320000 1000000 6.854060 9.220757 6.846475 9.375893 0.023821 0.032258 0.059381 0.049854 0.032258 0.023824 0.032258 468730 519641
16 62.310000 60.320000 1000000 6.825583 9.217173 6.808922 9.337770 0.023816 0.032258 0.080095 0.073312 0.032258 0.023818 0.032258 519640 524311
16 62.310000 60.320000 1000000 6.821541 9.216456 6.804850 9.331905 0.023816 0.032258 0.074766 0.067449 0.032258 0.023818 0.032258 524310 560855
16 62.310000 60.320000 1000000 6.787739 9.207137 6.806856 9.335571 0.023821 0.032258 0.080097 0.073314 0.032258 0.023817 0.032258 560850 706487
16 62.310000 60.320000 1000000 6.733352 9.199252 6.752933 9.271055 0.023818 0.032258 0.085494 0.079175 0.032258 0.023812 0.032258 706480 771542
16 62.310000 60.320000 1000000 6.682475 8.967711 6.677654 9.211426 0.023817 0.032258 0.074763 0.067445 0.032258 0.023810 0.032258 771540 979762
16 62.310000 60.320000 1000000 6.680919 8.966636 6.675271 9.197986 0.023819 0.032258 0.072128 0.064513 0.032258 0.023812 0.032258 979760 1000000
16 62.310000 60.320000 1000000 6.680919 8.966636 6.675271 9.197986 0.023819 0.032258 0.072128 0.064513 0.032258 0.023812 0.032258 999990 1000000
