52 62.310000 60.320000 1000000 10.037552 14.164829 10.131066 13.300863 0.023777 0.032258 0.124489 0.120237 0.032258 0.023768 0.032258 0 50
52 62.310000 60.320000 1000000 9.603495 13.098882 9.561044 12.818458 0.023822 0.032258 0.096463 0.090910 0.032258 0.023825 0.032258 50 63
52 62.310000 60.320000 1000000 9.591469 13.096732 9.548857 12.800863 0.023822 0.032258 0.080097 0.073314 0.032258 0.023826 0.032258 60 72
52 62.310000 60.320000 1000000 9.485878 12.969850 9.478048 12.716796 0.023826 0.032258 0.090957 0.085045 0.032258 0.023824 0.032258 70 87
52 62.310000 60.320000 1000000 9.448633 12.962682 9.438985 12.653746 0.023824 0.032258 0.059381 0.049855 0.032258 0.023822 0.032258 80 107
52 62.310000 60.320000 1000000 9.430304 12.960531 9.413677 12.629553 0.023823 0.032258 0.074767 0.067450 0.032258 0.023820 0.032258 90 128
52 62.310000 60.320000 1000000 9.401192 12.957664 9.418528 12.633463 0.023825 0.032258 0.074766 0.067449 0.032258 0.023820 0.032258 100 135
52 62.310000 60.320000 1000000 9.289230 12.437594 9.249418 12.506630 0.023829 0.032258 0.077423 0.070383 0.032258 0.023828 0.032258 130 155
52 62.310000 60.320000 1000000 9.265738 12.321107 9.212986 12.466307 0.023826 0.032258 0.085499 0.079180 0.032258 0.023824 0.032258 150 165
52 62.310000 60.320000 1000000 9.185646 12.256232 9.200550 12.455799 0.023825 0.032258 0.072133 0.064518 0.032258 0.023823 0.032258 160 182
52 62.310000 60.320000 1000000 9.086459 12.239028 9.086329 12.299395 0.023826 0.032258 0.088221 0.082112 0.032258 0.023823 0.032258 180 205
52 62.310000 60.320000 1000000 9.075007 12.181322 9.068814 12.285954 0.023825 0.032258 0.085499 0.079181 0.032258 0.023822 0.032258 200 221
52 62.310000 60.320000 1000000 9.068197 12.180605 9.069949 12.286932 0.023825 0.032258 0.085498 0.079179 0.032258 0.023822 0.032258 220 248
52 62.310000 60.320000 1000000 9.001250 12.169852 9.008719 12.219483 0.023828 0.032258 0.074765 0.067447 0.032258 0.023825 0.032258 230 254
52 62.310000 60.320000 1000000 8.973643 12.165551 8.981181 12.184292 0.023826 0.032258 0.085498 0.079179 0.032258 0.023822 0.032258 250 272
52 62.310000 60.320000 1000000 8.969362 12.164834 8.976911 12.178427 0.023826 0.032258 0.080097 0.073313 0.032258 0.023823 0.032258 270 301
52 62.310000 60.320000 1000000 8.962421 12.164118 8.978064 12.179405 0.023826 0.032258 0.080098 0.073314 0.032258 0.023823 0.032258 300 426
52 62.310000 60.320000 1000000 8.903496 12.150498 8.921977 12.084342 0.023829 0.032258 0.080100 0.073317 0.032258 0.023826 0.032258 410 464
52 62.310000 60.320000 1000000 8.857215 12.139028 8.868888 11.972904 0.023829 0.032258 0.059379 0.049852 0.032258 0.023825 0.032258 460 501
52 62.310000 60.320000 1000000 8.837639 12.132576 8.841312 11.894948 0.023829 0.032258 0.064382 0.055717 0.032258 0.023824 0.032258 500 522
52 62.310000 60.320000 1000000 8.800502 12.119673 8.807453 11.763961 0.023824 0.032258 0.080094 0.073310 0.032258 0.023818 0.032258 520 537
52 62.310000 60.320000 1000000 8.796759 12.118956 8.803719 11.758096 0.023823 0.032258 0.080094 0.073310 0.032258 0.023817 0.032258 530 572
52 62.310000 60.320000 1000000 8.791182 12.118239 8.798155 11.752230 0.023823 0.032258 0.074763 0.067445 0.032258 0.023817 0.032258 570 686
52 62.310000 60.320000 1000000 8.749437 12.053365 8.755330 11.721439 0.023823 0.032258 0.056941 0.046922 0.032258 0.023819 0.032258 680 727
52 62.310000 60.320000 1000000 8.737009 11.995659 8.736360 11.707998 0.023825 0.032258 0.054550 0.043990 0.032258 0.023822 0.032258 720 764
52 62.310000 60.320000 1000000 8.715938 11.992792 8.723809 11.691380 0.023825 0.032258 0.059381 0.049855 0.032258 0.023821 0.032258 760 795
52 62.310000 60.320000 1000000 8.709819 11.992075 8.715415 11.683316 0.023824 0.032258 0.064384 0.055720 0.032258 0.023820 0.032258 790 943
52 62.310000 60.320000 1000000 8.704166 11.991358 8.709773 11.677451 0.023824 0.032258 0.059381 0.049855 0.032258 0.023820 0.032258 940 1135
52 62.310000 60.320000 1000000 8.674564 11.985265 8.677988 11.618555 0.023822 0.032258 0.052212 0.041055 0.032258 0.023817 0.032258 1130 1164
52 62.310000 60.320000 1000000 8.670037 11.984548 8.673466 11.612690 0.023821 0.032258 0.052212 0.041055 0.032258 0.023817 0.032258 1160 1655
52 62.310000 60.320000 1000000 8.648486 11.923975 8.648699 11.589474 0.023822 0.032258 0.045621 0.032260 0.032258 0.023819 0.032258 1650 1818
52 62.310000 60.320000 1000000 8.335366 10.929713 8.368571 11.364157 0.023801 0.032258 0.064385 0.055721 0.032258 0.023802 0.032258 1810 2196
52 62.310000 60.320000 1000000 8.314188 10.926845 8.347645 11.340697 0.023805 0.032258 0.069521 0.061584 0.032258 0.023805 0.032258 2190 2494
52 62.310000 60.320000 1000000 8.299246 10.923978 8.331968 11.315037 0.023807 0.032258 0.074768 0.067451 0.032258 0.023806 0.032258 2490 5013
52 62.310000 60.320000 1000000 8.293004 10.923261 8.332995 11.316015 0.023804 0.032258 0.080099 0.073316 0.032258 0.023807 0.032258 5010 6292
52 62.310000 60.320000 1000000 8.283759 10.920752 8.323246 11.290844 0.023805 0.032258 0.093706 0.087978 0.032258 0.023807 0.032258 6290 7373
52 62.310000 60.320000 1000000 8.192706 10.909999 8.201679 11.178919 0.023808 0.032258 0.077425 0.070385 0.032258 0.023808 0.032258 7370 8908
52 62.310000 60.320000 1000000 8.187022 10.909283 8.193887 11.170854 0.023806 0.032258 0.082791 0.076248 0.032258 0.023805 0.032258 8900 10551
52 62.310000 60.320000 1000000 8.160307 10.849426 8.161397 11.139818 0.023808 0.032258 0.074769 0.067452 0.032258 0.023806 0.032258 10550 10905
52 62.310000 60.320000 1000000 8.156207 10.848709 8.157299 11.133953 0.023809 0.032258 0.080100 0.073317 0.032258 0.023806 0.032258 10900 11635
52 62.310000 60.320000 1000000 8.150550 10.847992 8.149521 11.125889 0.023807 0.032258 0.085501 0.079182 0.032258 0.023804 0.032258 11630 12392
52 62.310000 60.320000 1000000 8.147216 10.846559 8.150076 11.127844 0.023807 0.032258 0.096466 0.090912 0.032258 0.023804 0.032258 12280 15581
52 62.310000 60.320000 1000000 7.978556 10.766631 7.975454 10.932586 0.023810 0.032258 0.077423 0.070383 0.032258 0.023806 0.032258 15580 16648
52 62.310000 60.320000 1000000 7.958173 10.764480 7.978840 10.935519 0.023808 0.032258 0.082792 0.076249 0.032258 0.023806 0.032258 15960 23235
52 62.310000 60.320000 1000000 7.942870 10.760896 7.960616 10.899595 0.023813 0.032258 0.066940 0.058654 0.032258 0.023812 0.032258 17580 22888
52 62.310000 60.320000 1000000 7.901590 10.751577 7.919615 10.823348 0.023813 0.032258 0.138701 0.134898 0.032258 0.023811 0.032258 20040 23235
52 62.310000 60.320000 1000000 7.885009 10.749426 7.898610 10.801354 0.023813 0.032258 0.127321 0.123167 0.032258 0.023810 0.032258 23230 31232
52 62.310000 60.320000 1000000 7.865160 10.689570 7.869600 10.763720 0.023816 0.032258 0.124483 0.120231 0.032258 0.023814 0.032258 31230 49963
52 62.310000 60.320000 1000000 7.808668 10.676667 7.820075 10.676232 0.023823 0.032258 0.069520 0.061583 0.032258 0.023819 0.032258 49960 61012
52 62.310000 60.320000 1000000 7.793920 10.673799 7.805391 10.652772 0.023820 0.032258 0.090955 0.085042 0.032258 0.023816 0.032258 51770 69615
52 62.310000 60.320000 1000000 7.715006 10.664480 7.809561 10.651794 0.023800 0.032258 0.135852 0.131966 0.032258 0.023818 0.032258 57720 76908
52 62.310000 60.320000 1000000 7.608845 10.145127 7.651664 10.530827 0.023801 0.032258 0.110392 0.105573 0.032258 0.023807 0.032258 59140 63788
52 62.310000 60.320000 1000000 7.597872 10.087421 7.635162 10.517386 0.023798 0.032258 0.107590 0.102641 0.032258 0.023803 0.032258 63780 76908
52 62.310000 60.320000 1000000 7.593928 10.086704 7.631276 10.511521 0.023798 0.032258 0.107590 0.102641 0.032258 0.023802 0.032258 76900 87917
52 62.310000 60.320000 1000000 7.592422 10.085629 7.629007 10.498080 0.023799 0.032258 0.104796 0.099708 0.032258 0.023804 0.032258 87910 131222
52 62.310000 60.320000 1000000 7.533555 9.960898 7.547746 10.368558 0.023803 0.032258 0.093704 0.087976 0.032258 0.023805 0.032258 131220 189232
52 62.310000 60.320000 1000000 7.500514 9.786705 7.497378 10.314795 0.023792 0.032258 0.093705 0.087977 0.032258 0.023789 0.032258 189230 244711
52 62.310000 60.320000 1000000 7.461894 9.769501 7.460942 10.120514 0.023797 0.032258 0.116012 0.111437 0.032258 0.023804 0.032258 244710 257845
52 62.310000 60.320000 1000000 7.389751 9.760899 7.361153 10.023741 0.023798 0.032258 0.116013 0.111438 0.032258 0.023807 0.032258 257840 324661
52 62.310000 60.320000 1000000 7.374266 9.758032 7.343305 9.998081 0.023797 0.032258 0.133000 0.129028 0.032258 0.023806 0.032258 324660 477444
52 62.310000 60.320000 1000000 7.327775 9.740827 7.319437 9.921102 0.023811 0.032258 0.082787 0.076243 0.032258 0.023808 0.032258 459630 523878
52 62.310000 60.320000 1000000 7.304340 9.737243 7.303667 9.898619 0.023812 0.032258 0.077423 0.070383 0.032258 0.023811 0.032258 523870 526510
52 62.310000 60.320000 1000000 7.301960 9.736526 7.300393 9.890555 0.023812 0.032258 0.082791 0.076248 0.032258 0.023811 0.032258 526510 540127
52 62.310000 60.320000 1000000 7.295649 9.735809 7.294078 9.884690 0.023815 0.032258 0.077423 0.070383 0.032258 0.023814 0.032258 540120 574363
52 62.310000 60.320000 1000000 7.289827 9.735093 7.286064 9.876625 0.023813 0.032258 0.082789 0.076246 0.032258 0.023811 0.032258 574360 636308
52 62.310000 60.320000 1000000 7.283603 9.734376 7.279831 9.870760 0.023816 0.032258 0.077421 0.070381 0.032258 0.023814 0.032258 636300 672158
52 62.310000 60.320000 1000000 7.272481 9.676670 7.262790 9.857319 0.023814 0.032258 0.074766 0.067449 0.032258 0.023811 0.032258 672150 933954
52 62.310000 60.320000 1000000 7.177286 9.551939 7.155246 9.754192 0.023818 0.032258 0.069520 0.061583 0.032258 0.023815 0.032258 790620 1000000
52 62.310000 60.320000 1000000 7.173838 9.550505 7.155825 9.756147 0.023819 0.032258 0.059379 0.049852 0.032258 0.023815 0.032258 999990 1000000
