44 62.310000 60.320000 1000000 8.842977 12.076347 8.827583 11.895451 0.023829 0.032258 0.056937 0.046917 0.032258 0.023828 0.032258 0 50
44 62.310000 60.320000 1000000 8.652661 11.546950 8.643522 11.742713 0.023829 0.032258 0.064383 0.055718 0.032258 0.023825 0.032258 50 61
44 62.310000 60.320000 1000000 8.636742 11.544083 8.627552 11.719253 0.023829 0.032258 0.064381 0.055716 0.032258 0.023825 0.032258 60 76
44 62.310000 60.320000 1000000 8.581990 11.534047 8.566458 11.646672 0.023827 0.032258 0.102007 0.096772 0.032258 0.023824 0.032258 70 80
44 62.310000 60.320000 1000000 8.566494 11.527237 8.544438 11.566026 0.023827 0.032258 0.082787 0.076244 0.032258 0.023824 0.032258 80 92
44 62.310000 60.320000 1000000 8.504644 11.519352 8.482101 11.501511 0.023830 0.032258 0.072133 0.064518 0.032258 0.023829 0.032258 90 105
44 62.310000 60.320000 1000000 8.443335 11.451968 8.400429 11.383964 0.023826 0.032258 0.093699 0.087971 0.032258 0.023826 0.032258 100 123
44 62.310000 60.320000 1000000 8.355441 11.381000 8.338927 10.556496 0.023764 0.032258 0.254251 0.252196 0.032258 0.023728 0.032258 110 144
44 62.310000 60.320000 1000000 8.209527 11.103578 8.129255 9.980738 0.023632 0.032258 0.616675 0.615831 0.032258 0.023548 0.032258 140 158
44 62.310000 60.320000 1000000 8.202232 11.102861 8.130505 9.981715 0.023632 0.032258 0.610820 0.609967 0.032258 0.023548 0.032258 150 246
44 62.310000 60.320000 1000000 6.330232 7.369885 5.386007 7.382743 0.022620 0.032258 0.707481 0.706746 0.032258 0.024281 0.032258 240 270
44 62.310000 60.320000 1000000 5.687816 7.319706 5.455574 7.323358 0.023417 0.032258 0.403051 0.401758 0.032258 0.023863 0.032258 270 338
44 62.310000 60.320000 1000000 5.477670 7.273111 5.427940 7.325558 0.023797 0.032258 0.074770 0.067454 0.032258 0.023806 0.032258 330 400
44 62.310000 60.320000 1000000 5.361859 7.260925 5.353013 7.260799 0.023833 0.032258 0.045623 0.032263 0.032258 0.023830 0.032258 400 434
44 62.310000 60.320000 1000000 5.357031 7.260208 5.348161 7.254934 0.023833 0.032258 0.041683 0.026399 0.032258 0.023831 0.032258 430 537
44 62.310000 60.320000 1000000 5.353095 7.259491 5.344206 7.249069 0.023833 0.032258 0.041683 0.026398 0.032258 0.023831 0.032258 530 754
44 62.310000 60.320000 1000000 5.338826 7.258057 5.346585 7.251024 0.023833 0.032258 0.038238 0.020532 0.032258 0.023831 0.032258 680 804
44 62.310000 60.320000 1000000 5.322297 7.198917 5.322108 7.221454 0.023834 0.032258 0.036747 0.017600 0.032258 0.023831 0.032258 800 835
44 62.310000 60.320000 1000000 5.315339 7.198200 5.323266 7.222431 0.023833 0.032258 0.039889 0.023464 0.032258 0.023831 0.032258 830 841
44 62.310000 60.320000 1000000 5.308622 7.196408 5.315922 7.203126 0.023833 0.032258 0.041682 0.026397 0.032258 0.023831 0.032258 840 956
44 62.310000 60.320000 1000000 5.307404 7.195332 5.314068 7.189685 0.023833 0.032258 0.039889 0.023464 0.032258 0.023831 0.032258 950 1018
44 62.310000 60.320000 1000000 5.302556 7.194616 5.309239 7.183820 0.023834 0.032258 0.036747 0.017600 0.032258 0.023831 0.032258 1010 1175
44 62.310000 60.320000 1000000 5.300971 7.193899 5.309502 7.184797 0.023834 0.032258 0.036748 0.017601 0.032258 0.023831 0.032258 1170 1261
44 62.310000 60.320000 1000000 5.297016 7.193182 5.305567 7.178932 0.023834 0.032258 0.039889 0.023463 0.032258 0.023831 0.032258 1260 1318
44 62.310000 60.320000 1000000 5.293841 7.192465 5.302407 7.173067 0.023834 0.032258 0.036747 0.017600 0.032258 0.023831 0.032258 1310 1520
44 62.310000 60.320000 1000000 5.289086 7.191748 5.297675 7.167202 0.023834 0.032258 0.034327 0.011736 0.032258 0.023831 0.032258 1520 3128
44 62.310000 60.320000 1000000 5.277299 7.134042 5.279723 7.153761 0.023834 0.032258 0.033438 0.008804 0.032258 0.023831 0.032258 3120 3382
44 62.310000 60.320000 1000000 5.270933 7.133325 5.270976 7.145696 0.023834 0.032258 0.032392 0.002939 0.032258 0.023832 0.032258 3380 3964
44 62.310000 60.320000 1000000 5.269721 7.132249 5.269125 7.132256 0.023834 0.032258 0.032258 0.000007 0.032258 0.023832 0.032258 3960 11866
44 62.310000 60.320000 1000000 5.268149 7.131533 5.269387 7.133233 0.023834 0.032258 0.032788 0.005872 0.032258 0.023832 0.032258 11860 41265
44 62.310000 60.320000 1000000 5.264228 7.130816 5.265469 7.127368 0.023834 0.032258 0.034326 0.011733 0.032258 0.023831 0.032258 41260 41778
44 62.310000 60.320000 1000000 5.263045 7.129740 5.263661 7.113927 0.023834 0.032258 0.033437 0.008801 0.032258 0.023831 0.032258 41770 88398
44 62.310000 60.320000 1000000 5.251402 7.072034 5.245849 7.100486 0.023834 0.032258 0.034326 0.011733 0.032258 0.023831 0.032258 88390 127919
44 62.310000 60.320000 1000000 5.249020 7.071317 5.242563 7.092422 0.023834 0.032258 0.034326 0.011733 0.032258 0.023831 0.032258 127910 128545
44 62.310000 60.320000 1000000 5.247472 7.070600 5.242822 7.093399 0.023833 0.032258 0.036746 0.017598 0.032258 0.023831 0.032258 128540 185460
44 62.310000 60.320000 1000000 5.236043 7.012893 5.225284 7.079958 0.023832 0.032258 0.038238 0.020531 0.032258 0.023829 0.032258 185460 209751
44 62.310000 60.320000 1000000 5.225045 7.011460 5.214217 7.068228 0.023832 0.032258 0.045622 0.032261 0.032258 0.023829 0.032258 191470 216620
44 62.310000 60.320000 1000000 5.220232 7.010743 5.209374 7.062363 0.023832 0.032258 0.041682 0.026397 0.032258 0.023830 0.032258 216620 295099
44 62.310000 60.320000 1000000 5.213054 7.010026 5.210575 7.063340 0.023833 0.032258 0.041682 0.026397 0.032258 0.023830 0.032258 295090 361856
44 62.310000 60.320000 1000000 5.201715 6.952319 5.193197 7.049899 0.023831 0.032258 0.043599 0.029330 0.032258 0.023827 0.032258 361850 467379
44 62.310000 60.320000 1000000 5.184146 6.950169 5.170683 7.027906 0.023832 0.032258 0.039890 0.023465 0.032258 0.023829 0.032258 467370 545708
44 62.310000 60.320000 1000000 5.180849 6.949452 5.167360 7.022040 0.023832 0.032258 0.036748 0.017602 0.032258 0.023830 0.032258 545700 603611
44 62.310000 60.320000 1000000 5.179641 6.948377 5.165499 7.008600 0.023833 0.032258 0.035437 0.014669 0.032258 0.023830 0.032258 603610 807368
44 62.310000 60.320000 1000000 5.176425 6.947660 5.162257 7.002734 0.023833 0.032258 0.038239 0.020534 0.032258 0.023830 0.032258 807360 1000000
44 62.310000 60.320000 1000000 5.176425 6.947660 5.162257 7.002734 0.023833 0.032258 0.038239 0.020534 0.032258 0.023830 0.032258 999990 1000000
