37 62.310000 60.320000 1000000 9.934340 13.536874 9.938784 13.192848 0.023808 0.032258 0.096463 0.090909 0.032258 0.023806 0.032258 0 50
37 62.310000 60.320000 1000000 9.815417 13.519670 9.817444 13.038645 0.023807 0.032258 0.135851 0.131965 0.032258 0.023802 0.032258 50 61
37 62.310000 60.320000 1000000 9.731103 13.506766 9.770853 12.972173 0.023801 0.032258 0.141555 0.137830 0.032258 0.023794 0.032258 60 73
37 62.310000 60.320000 1000000 9.522491 13.086337 9.550663 12.770560 0.023826 0.032258 0.066938 0.058652 0.032258 0.023822 0.032258 70 100
37 62.310000 60.320000 1000000 9.454359 13.076301 9.502690 12.704577 0.023823 0.032258 0.072134 0.064520 0.032258 0.023818 0.032258 100 153
37 62.310000 60.320000 1000000 9.328187 12.720747 9.323655 12.527891 0.023828 0.032258 0.077417 0.070377 0.032258 0.023824 0.032258 120 163
37 62.310000 60.320000 1000000 9.320115 12.716804 9.313830 12.481703 0.023827 0.032258 0.085494 0.079174 0.032258 0.023823 0.032258 160 221
37 62.310000 60.320000 1000000 9.308269 12.713220 9.308985 12.479748 0.023827 0.032258 0.064383 0.055719 0.032258 0.023824 0.032258 220 289
37 62.310000 60.320000 1000000 9.280177 12.709636 9.280900 12.450422 0.023828 0.032258 0.049940 0.038123 0.032258 0.023825 0.032258 240 264
37 62.310000 60.320000 1000000 9.226129 12.703901 9.283542 12.451400 0.023826 0.032258 0.074766 0.067449 0.032258 0.023825 0.032258 260 271
37 62.310000 60.320000 1000000 9.219544 12.703184 9.284618 12.452377 0.023825 0.032258 0.080097 0.073314 0.032258 0.023826 0.032258 270 289
37 62.310000 60.320000 1000000 9.180555 12.640460 9.239959 12.397881 0.023823 0.032258 0.104797 0.099709 0.032258 0.023823 0.032258 280 357
37 62.310000 60.320000 1000000 9.143426 12.633292 9.203548 12.339230 0.023819 0.032258 0.127322 0.123168 0.032258 0.023817 0.032258 320 433
37 62.310000 60.320000 1000000 8.956634 12.047631 8.957261 12.134929 0.023823 0.032258 0.099236 0.093846 0.032258 0.023821 0.032258 430 524
37 62.310000 60.320000 1000000 8.786769 12.017523 8.783111 11.896414 0.023827 0.032258 0.077421 0.070380 0.032258 0.023824 0.032258 520 569
37 62.310000 60.320000 1000000 8.744770 12.011788 8.753283 11.858780 0.023825 0.032258 0.088219 0.082109 0.032258 0.023821 0.032258 560 573
37 62.310000 60.320000 1000000 8.697581 11.833653 8.699607 11.825300 0.023828 0.032258 0.102012 0.096777 0.032258 0.023826 0.032258 570 583
37 62.310000 60.320000 1000000 8.690718 11.832219 8.694450 11.820412 0.023827 0.032258 0.107592 0.102642 0.032258 0.023826 0.032258 580 715
37 62.310000 60.320000 1000000 8.664981 11.825767 8.666181 11.761028 0.023826 0.032258 0.074769 0.067452 0.032258 0.023824 0.032258 610 656
37 62.310000 60.320000 1000000 8.661992 11.825050 8.663193 11.755163 0.023825 0.032258 0.069524 0.061587 0.032258 0.023823 0.032258 650 675
37 62.310000 60.320000 1000000 8.659050 11.824334 8.660252 11.749298 0.023824 0.032258 0.074766 0.067449 0.032258 0.023823 0.032258 670 715
37 62.310000 60.320000 1000000 8.652601 11.823617 8.651384 11.741233 0.023825 0.032258 0.074766 0.067449 0.032258 0.023823 0.032258 710 831
37 62.310000 60.320000 1000000 8.636857 11.809638 8.627286 11.566503 0.023825 0.032258 0.047739 0.035191 0.032258 0.023824 0.032258 800 1369
37 62.310000 60.320000 1000000 8.501228 11.117167 8.416641 11.405213 0.023811 0.032258 0.077422 0.070381 0.032258 0.023812 0.032258 1100 1665
37 62.310000 60.320000 1000000 8.467970 11.055877 8.376664 11.362447 0.023807 0.032258 0.096464 0.090910 0.032258 0.023809 0.032258 1660 1729
37 62.310000 60.320000 1000000 8.461185 11.055160 8.367022 11.354382 0.023809 0.032258 0.096464 0.090910 0.032258 0.023812 0.032258 1720 2166
37 62.310000 60.320000 1000000 8.388754 11.044408 8.293999 11.273249 0.023790 0.032258 0.176003 0.173022 0.032258 0.023800 0.032258 2160 2317
37 62.310000 60.320000 1000000 8.264433 11.031146 8.312838 11.276426 0.023798 0.032258 0.178887 0.175954 0.032258 0.023798 0.032258 2310 2322
37 62.310000 60.320000 1000000 8.259197 11.030429 8.307693 11.270561 0.023799 0.032258 0.173121 0.170089 0.032258 0.023799 0.032258 2320 2869
37 62.310000 60.320000 1000000 8.256648 11.029712 8.304249 11.262496 0.023800 0.032258 0.167363 0.164224 0.032258 0.023800 0.032258 2860 3323
37 62.310000 60.320000 1000000 8.249449 11.028995 8.294515 11.254432 0.023803 0.032258 0.161611 0.158359 0.032258 0.023803 0.032258 3320 3411
37 62.310000 60.320000 1000000 8.203240 10.797455 8.225158 11.192604 0.023793 0.032258 0.155870 0.152495 0.032258 0.023786 0.032258 3410 5106
37 62.310000 60.320000 1000000 8.185153 10.794588 8.206273 11.166944 0.023797 0.032258 0.144410 0.140761 0.032258 0.023790 0.032258 5100 8389
37 62.310000 60.320000 1000000 7.999870 10.770215 7.981183 10.941628 0.023808 0.032258 0.082792 0.076250 0.032258 0.023803 0.032258 8380 8458
37 62.310000 60.320000 1000000 7.998536 10.769140 7.979130 10.928187 0.023808 0.032258 0.080100 0.073317 0.032258 0.023804 0.032258 8450 9745
37 62.310000 60.320000 1000000 7.991562 10.768423 7.980299 10.929165 0.023808 0.032258 0.074769 0.067452 0.032258 0.023804 0.032258 9740 10066
37 62.310000 60.320000 1000000 7.980152 10.710717 7.962773 10.915724 0.023807 0.032258 0.077425 0.070384 0.032258 0.023802 0.032258 10060 14182
37 62.310000 60.320000 1000000 7.961612 10.707133 7.944110 10.886398 0.023810 0.032258 0.093705 0.087977 0.032258 0.023806 0.032258 14180 14981
37 62.310000 60.320000 1000000 7.941625 10.704265 7.923990 10.862938 0.023809 0.032258 0.077421 0.070381 0.032258 0.023805 0.032258 14980 16408
37 62.310000 60.320000 1000000 7.930207 10.646559 7.906408 10.849497 0.023808 0.032258 0.080097 0.073313 0.032258 0.023804 0.032258 16400 20181
37 62.310000 60.320000 1000000 7.916259 10.645126 7.908747 10.851452 0.023807 0.032258 0.069520 0.061583 0.032258 0.023804 0.032258 18130 20856
37 62.310000 60.320000 1000000 7.865478 10.635448 7.857089 10.767630 0.023813 0.032258 0.061864 0.052788 0.032258 0.023810 0.032258 20850 29928
37 62.310000 60.320000 1000000 7.808151 10.622187 7.794636 10.645685 0.023819 0.032258 0.074761 0.067444 0.032258 0.023820 0.032258 29920 30764
37 62.310000 60.320000 1000000 7.796353 10.564481 7.776496 10.632244 0.023819 0.032258 0.077417 0.070376 0.032258 0.023820 0.032258 30760 32716
37 62.310000 60.320000 1000000 7.785187 10.560897 7.773914 10.630289 0.023822 0.032258 0.066938 0.058652 0.032258 0.023819 0.032258 32710 34520
37 62.310000 60.320000 1000000 7.778024 10.560180 7.775111 10.631267 0.023822 0.032258 0.061863 0.052787 0.032258 0.023819 0.032258 34520 36940
37 62.310000 60.320000 1000000 7.770972 10.559463 7.776286 10.632244 0.023822 0.032258 0.061864 0.052788 0.032258 0.023819 0.032258 36940 46608
37 62.310000 60.320000 1000000 7.688249 10.154805 7.651151 10.532293 0.023812 0.032258 0.074769 0.067453 0.032258 0.023805 0.032258 46600 66227
37 62.310000 60.320000 1000000 7.627409 10.029357 7.562487 10.392507 0.023812 0.032258 0.090958 0.085045 0.032258 0.023810 0.032258 66220 89071
37 62.310000 60.320000 1000000 7.600448 10.024339 7.542098 10.349008 0.023815 0.032258 0.085500 0.079181 0.032258 0.023814 0.032258 89070 98525
37 62.310000 60.320000 1000000 7.595720 10.021472 7.538001 10.323104 0.023817 0.032258 0.085499 0.079180 0.032258 0.023817 0.032258 98520 116790
37 62.310000 60.320000 1000000 7.570294 10.012869 7.532055 10.325792 0.023822 0.032258 0.080099 0.073316 0.032258 0.023817 0.032258 116790 144372
37 62.310000 60.320000 1000000 7.528890 9.893873 7.478440 10.269585 0.023817 0.032258 0.080099 0.073316 0.032258 0.023811 0.032258 144370 220572
37 62.310000 60.320000 1000000 7.375204 9.865917 7.374812 10.031561 0.023820 0.032258 0.059380 0.049854 0.032258 0.023817 0.032258 220570 221453
37 62.310000 60.320000 1000000 7.364056 9.808211 7.357758 10.018120 0.023818 0.032258 0.056941 0.046922 0.032258 0.023815 0.032258 221450 302432
37 62.310000 60.320000 1000000 7.354955 9.806060 7.350349 10.012011 0.023816 0.032258 0.061864 0.052788 0.032258 0.023812 0.032258 302430 366434
37 62.310000 60.320000 1000000 7.343967 9.803910 7.338390 9.992216 0.023819 0.032258 0.061865 0.052789 0.032258 0.023815 0.032258 366430 391282
37 62.310000 60.320000 1000000 7.340532 9.803193 7.334947 9.986351 0.023819 0.032258 0.056943 0.046924 0.032258 0.023816 0.032258 391280 472895
37 62.310000 60.320000 1000000 7.324499 9.744053 7.311114 9.956781 0.023818 0.032258 0.064384 0.055720 0.032258 0.023813 0.032258 472890 574395
37 62.310000 60.320000 1000000 7.311185 9.742619 7.313338 9.958736 0.023815 0.032258 0.059382 0.049856 0.032258 0.023814 0.032258 535450 583749
37 62.310000 60.320000 1000000 7.300188 9.684914 7.296532 9.945296 0.023813 0.032258 0.056943 0.046925 0.032258 0.023810 0.032258 583740 789655
37 62.310000 60.320000 1000000 7.280125 9.679179 7.275129 9.889089 0.023816 0.032258 0.061861 0.052785 0.032258 0.023813 0.032258 789650 1000000
37 62.310000 60.320000 1000000 7.191189 9.664125 7.185847 9.777408 0.023817 0.032258 0.066936 0.058650 0.032258 0.023813 0.032258 999990 1000000
