9 62.310000 60.320000 1000000 9.266837 12.383154 9.230315 12.549898 0.023830 0.032258 0.077419 0.070378 0.032258 0.023827 0.032258 0 51
9 62.310000 60.320000 1000000 9.161651 12.367384 9.125208 12.432353 0.023826 0.032258 0.093707 0.087980 0.032258 0.023826 0.032258 50 63
9 62.310000 60.320000 1000000 9.078456 12.127601 9.050304 12.316273 0.023827 0.032258 0.074770 0.067453 0.032258 0.023824 0.032258 60 72
9 62.310000 60.320000 1000000 8.950923 12.111114 8.973388 12.213878 0.023823 0.032258 0.059384 0.049859 0.032258 0.023823 0.032258 70 95
9 62.310000 60.320000 1000000 8.875596 12.093192 8.882781 12.019107 0.023811 0.032258 0.141552 0.137828 0.032258 0.023806 0.032258 90 100
9 62.310000 60.320000 1000000 8.786861 11.910753 8.775174 11.902538 0.023816 0.032258 0.127318 0.123164 0.032258 0.023812 0.032258 100 113
9 62.310000 60.320000 1000000 8.743883 11.898925 8.720887 11.776927 0.023824 0.032258 0.158733 0.155420 0.032258 0.023822 0.032258 110 125
9 62.310000 60.320000 1000000 8.705163 11.836201 8.675467 11.722430 0.023824 0.032258 0.150129 0.146623 0.032258 0.023823 0.032258 120 147
9 62.310000 60.320000 1000000 8.647823 11.824731 8.664598 11.708500 0.023825 0.032258 0.093700 0.087972 0.032258 0.023822 0.032258 140 183
9 62.310000 60.320000 1000000 8.548595 11.586019 8.540330 11.590221 0.023832 0.032258 0.061860 0.052783 0.032258 0.023830 0.032258 180 194
9 62.310000 60.320000 1000000 8.488229 11.578851 8.520097 11.565783 0.023829 0.032258 0.061864 0.052788 0.032258 0.023830 0.032258 190 233
9 62.310000 60.320000 1000000 8.484850 11.577417 8.520653 11.567738 0.023830 0.032258 0.061868 0.052793 0.032258 0.023830 0.032258 220 234
9 62.310000 60.320000 1000000 8.108430 11.509675 8.066943 10.909868 0.023535 0.032258 0.490799 0.489737 0.032258 0.023467 0.032258 230 248
9 62.310000 60.320000 1000000 8.105736 11.508958 8.063181 10.901803 0.023536 0.032258 0.490799 0.489737 0.032258 0.023468 0.032258 240 368
9 62.310000 60.320000 1000000 7.209395 8.949814 6.950438 9.313337 0.023367 0.032258 0.666469 0.665688 0.032258 0.023389 0.032258 270 356
9 62.310000 60.320000 1000000 7.205912 8.947664 6.951085 9.316269 0.023363 0.032258 0.678186 0.677418 0.032258 0.023390 0.032258 290 314
9 62.310000 60.320000 1000000 6.759565 8.886015 6.447455 8.818713 0.023576 0.032258 0.251348 0.249269 0.032258 0.023883 0.032258 310 356
9 62.310000 60.320000 1000000 6.492788 8.865227 6.490892 8.840219 0.023823 0.032258 0.096465 0.090911 0.032258 0.023822 0.032258 350 368
9 62.310000 60.320000 1000000 6.486505 8.864510 6.482241 8.832154 0.023823 0.032258 0.096465 0.090911 0.032258 0.023821 0.032258 360 418
9 62.310000 60.320000 1000000 6.468059 8.861643 6.463758 8.808694 0.023821 0.032258 0.074769 0.067452 0.032258 0.023820 0.032258 370 474
9 62.310000 60.320000 1000000 6.360770 8.554835 6.345988 8.575312 0.023830 0.032258 0.045623 0.032263 0.032258 0.023829 0.032258 460 516
9 62.310000 60.320000 1000000 6.347774 8.552685 6.332901 8.557717 0.023828 0.032258 0.059383 0.049857 0.032258 0.023828 0.032258 510 540
9 62.310000 60.320000 1000000 6.293068 8.433689 6.253153 8.490513 0.023828 0.032258 0.069523 0.061586 0.032258 0.023830 0.032258 530 599
9 62.310000 60.320000 1000000 6.271064 8.374550 6.224621 8.465342 0.023825 0.032258 0.077425 0.070385 0.032258 0.023828 0.032258 590 645
9 62.310000 60.320000 1000000 6.222359 8.369532 6.227094 8.465342 0.023831 0.032258 0.047740 0.035193 0.032258 0.023828 0.032258 640 790
9 62.310000 60.320000 1000000 6.210102 8.366665 6.212072 8.435283 0.023832 0.032258 0.043598 0.029329 0.032258 0.023829 0.032258 790 868
9 62.310000 60.320000 1000000 6.206152 8.365948 6.208127 8.429418 0.023832 0.032258 0.047740 0.035193 0.032258 0.023829 0.032258 860 2254
9 62.310000 60.320000 1000000 6.199432 8.364514 6.201413 8.417688 0.023833 0.032258 0.039889 0.023463 0.032258 0.023831 0.032258 930 1220
9 62.310000 60.320000 1000000 6.183022 8.360213 6.183733 8.373211 0.023833 0.032258 0.043595 0.029324 0.032258 0.023830 0.032258 1220 2368
9 62.310000 60.320000 1000000 6.158131 8.355912 6.176889 8.358548 0.023831 0.032258 0.061864 0.052788 0.032258 0.023830 0.032258 2360 2674
9 62.310000 60.320000 1000000 6.144523 8.353045 6.158325 8.326290 0.023832 0.032258 0.052215 0.041059 0.032258 0.023830 0.032258 2670 2867
9 62.310000 60.320000 1000000 6.119526 8.236917 6.123011 8.300386 0.023832 0.032258 0.047742 0.035195 0.032258 0.023829 0.032258 2860 3184
9 62.310000 60.320000 1000000 6.106843 8.235483 6.105582 8.284257 0.023832 0.032258 0.039891 0.023467 0.032258 0.023829 0.032258 3020 4638
9 62.310000 60.320000 1000000 6.084139 8.231899 6.082862 8.254932 0.023834 0.032258 0.032788 0.005872 0.032258 0.023831 0.032258 3450 4762
9 62.310000 60.320000 1000000 6.082529 8.231182 6.083131 8.255910 0.023834 0.032258 0.032788 0.005872 0.032258 0.023831 0.032258 4760 5061
9 62.310000 60.320000 1000000 6.081292 8.230107 6.081241 8.242469 0.023834 0.032258 0.032392 0.002940 0.032258 0.023832 0.032258 5060 6968
9 62.310000 60.320000 1000000 6.080082 8.229031 6.079393 8.229028 0.023834 0.032258 0.032258 0.000007 0.032258 0.023832 0.032258 6960 66177
9 62.310000 60.320000 1000000 6.078900 8.227956 6.077586 8.215587 0.023834 0.032258 0.032392 0.002936 0.032258 0.023832 0.032258 66170 105173
9 62.310000 60.320000 1000000 6.052684 8.111828 6.039061 8.182840 0.023833 0.032258 0.035435 0.014665 0.032258 0.023830 0.032258 105170 191282
9 62.310000 60.320000 1000000 6.051514 8.110753 6.037261 8.169400 0.023833 0.032258 0.036746 0.017598 0.032258 0.023830 0.032258 191280 302256
9 62.310000 60.320000 1000000 6.039725 8.107886 6.039233 8.173310 0.023832 0.032258 0.039890 0.023465 0.032258 0.023830 0.032258 302250 434176
9 62.310000 60.320000 1000000 6.008915 8.103585 6.003630 8.133720 0.023832 0.032258 0.052214 0.041058 0.032258 0.023830 0.032258 434170 473332
9 62.310000 60.320000 1000000 5.978263 8.100000 6.004995 8.131765 0.023829 0.032258 0.066936 0.058650 0.032258 0.023830 0.032258 473330 502954
9 62.310000 60.320000 1000000 5.966612 8.042294 5.987406 8.118324 0.023829 0.032258 0.064382 0.055718 0.032258 0.023829 0.032258 502950 534047
9 62.310000 60.320000 1000000 5.963440 8.041577 5.984267 8.112459 0.023829 0.032258 0.069520 0.061583 0.032258 0.023829 0.032258 534040 627864
9 62.310000 60.320000 1000000 5.949002 8.038709 5.969045 8.086799 0.023830 0.032258 0.059377 0.049850 0.032258 0.023829 0.032258 627860 932865
9 62.310000 60.320000 1000000 5.944332 8.037992 5.964422 8.080934 0.023829 0.032258 0.059378 0.049851 0.032258 0.023829 0.032258 932860 1000000
9 62.310000 60.320000 1000000 5.919525 8.034408 5.939867 8.051609 0.023831 0.032258 0.059378 0.049851 0.032258 0.023829 0.032258 999990 1000000
