17 62.310000 60.320000 1000000 9.777312 13.120388 9.754100 13.014451 0.023812 0.032258 0.090958 0.085045 0.032258 0.023811 0.032258 0 51
17 62.310000 60.320000 1000000 9.741609 13.113936 9.716582 12.957267 0.023812 0.032258 0.085499 0.079180 0.032258 0.023811 0.032258 50 63
17 62.310000 60.320000 1000000 9.550286 13.085979 9.500531 12.699445 0.023816 0.032258 0.096464 0.090910 0.032258 0.023820 0.032258 60 74
17 62.310000 60.320000 1000000 9.425526 12.958381 9.449352 12.641283 0.023825 0.032258 0.074767 0.067450 0.032258 0.023821 0.032258 70 84
17 62.310000 60.320000 1000000 9.422582 12.956947 9.449839 12.643238 0.023825 0.032258 0.074767 0.067450 0.032258 0.023821 0.032258 80 127
17 62.310000 60.320000 1000000 9.364739 12.949778 9.397392 12.587274 0.023821 0.032258 0.107589 0.102639 0.032258 0.023816 0.032258 120 174
17 62.310000 60.320000 1000000 9.218916 12.704976 9.242223 12.428183 0.023823 0.032258 0.104795 0.099706 0.032258 0.023818 0.032258 170 197
17 62.310000 60.320000 1000000 9.203481 12.700675 9.241137 12.425006 0.023822 0.032258 0.110392 0.105574 0.032258 0.023818 0.032258 190 301
17 62.310000 60.320000 1000000 9.182963 12.697091 9.220869 12.395681 0.023824 0.032258 0.082791 0.076248 0.032258 0.023819 0.032258 210 232
17 62.310000 60.320000 1000000 9.179030 12.696374 9.216985 12.389816 0.023824 0.032258 0.077423 0.070383 0.032258 0.023819 0.032258 230 301
17 62.310000 60.320000 1000000 9.133943 12.691356 9.219336 12.389816 0.023818 0.032258 0.116014 0.111439 0.032258 0.023819 0.032258 300 449
17 62.310000 60.320000 1000000 9.014251 12.224691 9.051048 12.241233 0.023828 0.032258 0.133005 0.129034 0.032258 0.023826 0.032258 350 391
17 62.310000 60.320000 1000000 8.989353 12.165551 9.015392 12.211663 0.023829 0.032258 0.118833 0.114371 0.032258 0.023827 0.032258 390 449
17 62.310000 60.320000 1000000 8.897637 12.151931 8.922918 12.098271 0.023827 0.032258 0.090961 0.085049 0.032258 0.023824 0.032258 440 880
17 62.310000 60.320000 1000000 8.830822 12.137594 8.862935 12.008585 0.023824 0.032258 0.107590 0.102641 0.032258 0.023820 0.032258 660 905
17 62.310000 60.320000 1000000 8.780807 12.126125 8.795790 11.881751 0.023822 0.032258 0.074764 0.067446 0.032258 0.023816 0.032258 900 1091
17 62.310000 60.320000 1000000 8.738162 12.050139 8.755775 11.699445 0.023823 0.032258 0.045621 0.032259 0.032258 0.023818 0.032258 1090 1276
17 62.310000 60.320000 1000000 8.693484 12.043688 8.719769 11.653502 0.023819 0.032258 0.045622 0.032261 0.032258 0.023814 0.032258 1270 1302
17 62.310000 60.320000 1000000 8.687111 12.042971 8.711081 11.645437 0.023820 0.032258 0.045621 0.032260 0.032258 0.023814 0.032258 1300 1677
17 62.310000 60.320000 1000000 8.684145 12.042254 8.708140 11.639572 0.023819 0.032258 0.045620 0.032258 0.032258 0.023813 0.032258 1670 1808
17 62.310000 60.320000 1000000 8.680440 12.041537 8.704465 11.633707 0.023818 0.032258 0.045621 0.032260 0.032258 0.023812 0.032258 1800 2126
17 62.310000 60.320000 1000000 8.663338 11.982398 8.679179 11.604137 0.023820 0.032258 0.052211 0.041053 0.032258 0.023814 0.032258 2120 2183
17 62.310000 60.320000 1000000 8.661865 11.981681 8.679423 11.605114 0.023820 0.032258 0.047737 0.035189 0.032258 0.023814 0.032258 2180 2288
17 62.310000 60.320000 1000000 8.443084 10.997096 8.353649 11.347295 0.023805 0.032258 0.090955 0.085043 0.032258 0.023805 0.032258 2280 2644
17 62.310000 60.320000 1000000 8.426013 10.994945 8.356576 11.350228 0.023809 0.032258 0.085502 0.079183 0.032258 0.023804 0.032258 2640 2728
17 62.310000 60.320000 1000000 8.402018 10.935806 8.321067 11.320658 0.023808 0.032258 0.082792 0.076249 0.032258 0.023804 0.032258 2720 2942
17 62.310000 60.320000 1000000 8.385606 10.933297 8.321796 11.309172 0.023811 0.032258 0.074769 0.067453 0.032258 0.023804 0.032258 2940 4631
17 62.310000 60.320000 1000000 8.287048 10.921111 8.184689 11.181119 0.023800 0.032258 0.158741 0.155429 0.032258 0.023800 0.032258 4630 5893
17 62.310000 60.320000 1000000 8.264332 10.915734 8.160430 11.132487 0.023803 0.032258 0.155868 0.152494 0.032258 0.023805 0.032258 5890 7154
17 62.310000 60.320000 1000000 8.166889 10.849426 8.158219 11.130777 0.023805 0.032258 0.090957 0.085045 0.032258 0.023800 0.032258 7150 8918
17 62.310000 60.320000 1000000 8.161835 10.847992 8.151245 11.114647 0.023806 0.032258 0.085496 0.079177 0.032258 0.023801 0.032258 8090 8966
17 62.310000 60.320000 1000000 8.159369 10.847276 8.147840 11.106583 0.023806 0.032258 0.090955 0.085042 0.032258 0.023802 0.032258 8960 10190
17 62.310000 60.320000 1000000 8.153037 10.846559 8.141481 11.100718 0.023808 0.032258 0.085496 0.079177 0.032258 0.023804 0.032258 10190 11666
17 62.310000 60.320000 1000000 8.105792 10.671290 8.076624 11.042800 0.023804 0.032258 0.082790 0.076247 0.032258 0.023797 0.032258 11660 12623
17 62.310000 60.320000 1000000 8.096905 10.667348 8.065615 10.996612 0.023806 0.032258 0.090956 0.085043 0.032258 0.023799 0.032258 12620 18906
17 62.310000 60.320000 1000000 8.082744 10.665197 8.053321 10.985860 0.023810 0.032258 0.074765 0.067448 0.032258 0.023804 0.032258 18900 20006
17 62.310000 60.320000 1000000 8.080248 10.664480 8.049852 10.977795 0.023811 0.032258 0.080096 0.073313 0.032258 0.023804 0.032258 20000 23426
17 62.310000 60.320000 1000000 8.074156 10.663764 8.043690 10.971930 0.023812 0.032258 0.074765 0.067448 0.032258 0.023806 0.032258 23420 26337
17 62.310000 60.320000 1000000 7.986818 10.649427 7.978222 10.865870 0.023806 0.032258 0.135851 0.131965 0.032258 0.023805 0.032258 26330 32489
17 62.310000 60.320000 1000000 7.906796 10.638674 7.897937 10.777894 0.023816 0.032258 0.069521 0.061583 0.032258 0.023815 0.032258 32480 33622
17 62.310000 60.320000 1000000 7.895436 10.580968 7.880501 10.764453 0.023815 0.032258 0.072131 0.064516 0.032258 0.023814 0.032258 33620 38164
17 62.310000 60.320000 1000000 7.873580 10.576667 7.860249 10.745392 0.023814 0.032258 0.066939 0.058653 0.032258 0.023811 0.032258 38160 40494
17 62.310000 60.320000 1000000 7.870047 10.575950 7.856698 10.739527 0.023815 0.032258 0.072131 0.064516 0.032258 0.023812 0.032258 40490 49500
17 62.310000 60.320000 1000000 7.803892 10.565198 7.798514 10.658393 0.023816 0.032258 0.061864 0.052787 0.032258 0.023814 0.032258 49500 52946
17 62.310000 60.320000 1000000 7.798487 10.563764 7.791065 10.642264 0.023818 0.032258 0.061861 0.052785 0.032258 0.023817 0.032258 49850 68393
17 62.310000 60.320000 1000000 7.786861 10.506058 7.773230 10.628823 0.023818 0.032258 0.064382 0.055717 0.032258 0.023816 0.032258 68390 69461
17 62.310000 60.320000 1000000 7.783272 10.505341 7.769623 10.622958 0.023819 0.032258 0.059379 0.049852 0.032258 0.023818 0.032258 69460 89058
17 62.310000 60.320000 1000000 7.776234 10.504624 7.770800 10.623935 0.023819 0.032258 0.054550 0.043989 0.032258 0.023818 0.032258 89050 93567
17 62.310000 60.320000 1000000 7.695388 10.099966 7.647930 10.523984 0.023805 0.032258 0.072131 0.064516 0.032258 0.023799 0.032258 93560 96666
17 62.310000 60.320000 1000000 7.692645 10.099249 7.644086 10.515920 0.023807 0.032258 0.072132 0.064517 0.032258 0.023801 0.032258 96660 100813
17 62.310000 60.320000 1000000 7.657916 10.091006 7.607936 10.443828 0.023812 0.032258 0.080095 0.073312 0.032258 0.023809 0.032258 100810 132578
17 62.310000 60.320000 1000000 7.654167 10.089572 7.608572 10.445783 0.023814 0.032258 0.069523 0.061586 0.032258 0.023809 0.032258 102230 114061
17 62.310000 60.320000 1000000 7.633196 10.086704 7.582065 10.422567 0.023815 0.032258 0.080098 0.073315 0.032258 0.023811 0.032258 114060 124489
17 62.310000 60.320000 1000000 7.577492 9.961257 7.503098 10.291823 0.023814 0.032258 0.096462 0.090909 0.032258 0.023813 0.032258 124480 132578
17 62.310000 60.320000 1000000 7.573516 9.960540 7.499003 10.285958 0.023814 0.032258 0.096464 0.090911 0.032258 0.023814 0.032258 132570 151165
17 62.310000 60.320000 1000000 7.528322 9.784555 7.435302 10.222175 0.023801 0.032258 0.104795 0.099706 0.032258 0.023800 0.032258 151160 163096
17 62.310000 60.320000 1000000 7.450553 9.776669 7.438257 10.223886 0.023803 0.032258 0.088222 0.082113 0.032258 0.023800 0.032258 163090 188802
17 62.310000 60.320000 1000000 7.444612 9.775953 7.432288 10.218021 0.023804 0.032258 0.082791 0.076248 0.032258 0.023802 0.032258 188800 207511
17 62.310000 60.320000 1000000 7.440498 9.775236 7.428153 10.212156 0.023804 0.032258 0.082791 0.076248 0.032258 0.023802 0.032258 207510 242797
17 62.310000 60.320000 1000000 7.418407 9.716096 7.400373 10.186985 0.023802 0.032258 0.085498 0.079179 0.032258 0.023798 0.032258 242790 272714
17 62.310000 60.320000 1000000 7.347288 9.706060 7.311449 10.080436 0.023797 0.032258 0.090955 0.085043 0.032258 0.023797 0.032258 272710 375957
17 62.310000 60.320000 1000000 7.330842 9.703910 7.310390 10.076526 0.023794 0.032258 0.085495 0.079176 0.032258 0.023798 0.032258 375950 398172
17 62.310000 60.320000 1000000 7.325682 9.703193 7.305186 10.070661 0.023796 0.032258 0.080094 0.073311 0.032258 0.023799 0.032258 398170 408576
17 62.310000 60.320000 1000000 7.314968 9.645487 7.288660 10.057221 0.023792 0.032258 0.082787 0.076244 0.032258 0.023795 0.032258 408570 417676
17 62.310000 60.320000 1000000 7.298386 9.642620 7.271896 10.033760 0.023794 0.032258 0.088220 0.082111 0.032258 0.023797 0.032258 415800 481570
17 62.310000 60.320000 1000000 7.266450 9.630075 7.266969 10.017876 0.023807 0.032258 0.096466 0.090912 0.032258 0.023798 0.032258 481570 485323
17 62.310000 60.320000 1000000 7.260400 9.629358 7.260921 10.012011 0.023808 0.032258 0.096465 0.090912 0.032258 0.023800 0.032258 485320 493341
17 62.310000 60.320000 1000000 7.258814 9.628641 7.261185 10.012988 0.023808 0.032258 0.102012 0.096777 0.032258 0.023800 0.032258 493340 544005
17 62.310000 60.320000 1000000 7.236397 9.615021 7.227782 9.843634 0.023814 0.032258 0.074768 0.067452 0.032258 0.023810 0.032258 544000 616045
17 62.310000 60.320000 1000000 7.214138 9.612154 7.213325 9.827016 0.023818 0.032258 0.064386 0.055722 0.032258 0.023814 0.032258 616040 756783
17 62.310000 60.320000 1000000 7.193994 9.550864 7.186018 9.774964 0.023816 0.032258 0.061862 0.052786 0.032258 0.023812 0.032258 756780 926895
17 62.310000 60.320000 1000000 7.192795 9.549788 7.184180 9.761523 0.023816 0.032258 0.064382 0.055717 0.032258 0.023812 0.032258 926890 1000000
17 62.310000 60.320000 1000000 7.192795 9.549788 7.184180 9.761523 0.023816 0.032258 0.064382 0.055717 0.032258 0.023812 0.032258 999990 1000000
