50 62.310000 60.320000 1000000 9.377366 12.396375 9.385291 12.507610 0.023705 0.032258 0.391358 0.390027 0.032258 0.023710 0.032258 0 50
50 62.310000 60.320000 1000000 9.063935 12.292074 9.066878 12.279601 0.023833 0.032258 0.043592 0.029321 0.032258 0.023831 0.032258 50 61
50 62.310000 60.320000 1000000 9.059142 12.290641 9.063975 12.274713 0.023833 0.032258 0.043596 0.029326 0.032258 0.023831 0.032258 60 73
50 62.310000 60.320000 1000000 9.042771 12.287056 9.044975 12.238790 0.023833 0.032258 0.056937 0.046918 0.032258 0.023830 0.032258 70 82
50 62.310000 60.320000 1000000 9.003807 12.225049 9.007995 12.197001 0.023833 0.032258 0.045619 0.032257 0.032258 0.023831 0.032258 80 98
50 62.310000 60.320000 1000000 8.992035 12.167343 8.990016 12.183560 0.023834 0.032258 0.043596 0.029325 0.032258 0.023831 0.032258 90 101
50 62.310000 60.320000 1000000 8.978676 12.165910 8.982453 12.176473 0.023834 0.032258 0.043596 0.029326 0.032258 0.023831 0.032258 100 113
50 62.310000 60.320000 1000000 8.963007 12.163042 8.974012 12.157656 0.023833 0.032258 0.043596 0.029326 0.032258 0.023831 0.032258 110 128
50 62.310000 60.320000 1000000 8.956162 12.162325 8.975147 12.158633 0.023833 0.032258 0.047739 0.035191 0.032258 0.023831 0.032258 120 156
50 62.310000 60.320000 1000000 8.894911 12.042613 8.898120 12.092407 0.023831 0.032258 0.052212 0.041055 0.032258 0.023829 0.032258 150 185
50 62.310000 60.320000 1000000 8.856108 12.037595 8.857104 12.049152 0.023829 0.032258 0.052211 0.041054 0.032258 0.023827 0.032258 180 196
50 62.310000 60.320000 1000000 8.850905 12.036878 8.851902 12.043287 0.023828 0.032258 0.056937 0.046917 0.032258 0.023826 0.032258 190 216
50 62.310000 60.320000 1000000 8.847116 12.033652 8.846114 12.002964 0.023829 0.032258 0.064379 0.055714 0.032258 0.023827 0.032258 210 239
50 62.310000 60.320000 1000000 8.843053 12.032935 8.842049 11.997098 0.023829 0.032258 0.069517 0.061579 0.032258 0.023827 0.032258 230 240
50 62.310000 60.320000 1000000 8.836152 12.032218 8.843198 11.998076 0.023829 0.032258 0.069517 0.061579 0.032258 0.023827 0.032258 240 328
50 62.310000 60.320000 1000000 8.669554 11.558385 8.626651 11.790843 0.023822 0.032258 0.085496 0.079177 0.032258 0.023821 0.032258 320 582
50 62.310000 60.320000 1000000 8.665944 11.556951 8.627261 11.792798 0.023823 0.032258 0.074764 0.067446 0.032258 0.023821 0.032258 330 406
50 62.310000 60.320000 1000000 8.631770 11.549066 8.594731 11.735125 0.023825 0.032258 0.069518 0.061580 0.032258 0.023824 0.032258 400 582
50 62.310000 60.320000 1000000 8.438573 11.009641 8.384740 11.523981 0.023812 0.032258 0.088223 0.082114 0.032258 0.023802 0.032258 580 689
50 62.310000 60.320000 1000000 8.238041 10.533656 8.237407 11.381264 0.023771 0.032258 0.110396 0.105577 0.032258 0.023750 0.032258 680 779
50 62.310000 60.320000 1000000 8.143800 10.521470 8.113618 11.259808 0.023772 0.032258 0.133005 0.129033 0.032258 0.023752 0.032258 770 822
50 62.310000 60.320000 1000000 8.142230 10.520395 8.111193 11.246367 0.023774 0.032258 0.130162 0.126101 0.032258 0.023754 0.032258 820 892
50 62.310000 60.320000 1000000 8.114604 10.516811 8.082227 11.214842 0.023783 0.032258 0.102010 0.096775 0.032258 0.023764 0.032258 890 1048
50 62.310000 60.320000 1000000 8.094378 10.504266 8.053218 11.061129 0.023792 0.032258 0.072134 0.064520 0.032258 0.023779 0.032258 1040 1122
50 62.310000 60.320000 1000000 7.981875 10.490646 7.958042 10.963866 0.023781 0.032258 0.082792 0.076249 0.032258 0.023772 0.032258 1100 1116
50 62.310000 60.320000 1000000 7.916451 10.481327 7.892019 10.887621 0.023789 0.032258 0.088223 0.082114 0.032258 0.023782 0.032258 1110 1122
50 62.310000 60.320000 1000000 7.913605 10.480610 7.888069 10.879556 0.023790 0.032258 0.082792 0.076249 0.032258 0.023784 0.032258 1120 1211
50 62.310000 60.320000 1000000 7.869917 10.467707 7.830186 10.743435 0.023795 0.032258 0.173120 0.170088 0.032258 0.023791 0.032258 1210 1656
50 62.310000 60.320000 1000000 7.803021 10.456954 7.780834 10.675987 0.023805 0.032258 0.167362 0.164224 0.032258 0.023804 0.032258 1650 1925
50 62.310000 60.320000 1000000 7.783968 10.454804 7.777357 10.672076 0.023803 0.032258 0.161612 0.158360 0.032258 0.023805 0.032258 1920 2206
50 62.310000 60.320000 1000000 7.708986 10.329356 7.697896 10.569926 0.023813 0.032258 0.093705 0.087977 0.032258 0.023816 0.032258 2200 2767
50 62.310000 60.320000 1000000 7.702389 10.328639 7.698999 10.570904 0.023812 0.032258 0.099232 0.093842 0.032258 0.023816 0.032258 2760 3359
50 62.310000 60.320000 1000000 7.632439 10.206776 7.616899 10.491236 0.023811 0.032258 0.082790 0.076247 0.032258 0.023814 0.032258 2940 4365
50 62.310000 60.320000 1000000 7.549802 10.179177 7.544095 10.197983 0.023814 0.032258 0.147270 0.143693 0.032258 0.023831 0.032258 4360 4444
50 62.310000 60.320000 1000000 7.546580 10.178460 7.540866 10.192118 0.023814 0.032258 0.147270 0.143693 0.032258 0.023831 0.032258 4440 4506
50 62.310000 60.320000 1000000 7.541076 10.177744 7.535349 10.186253 0.023814 0.032258 0.147270 0.143693 0.032258 0.023831 0.032258 4500 6097
50 62.310000 60.320000 1000000 7.492839 10.170575 7.487000 10.127602 0.023813 0.032258 0.147269 0.143693 0.032258 0.023831 0.032258 5560 6722
50 62.310000 60.320000 1000000 7.478166 10.168425 7.466755 10.103408 0.023812 0.032258 0.141552 0.137828 0.032258 0.023830 0.032258 6720 10138
50 62.310000 60.320000 1000000 7.443321 9.995307 7.413072 10.063086 0.023811 0.032258 0.133001 0.129030 0.032258 0.023830 0.032258 7050 10693
50 62.310000 60.320000 1000000 7.412681 9.983837 7.418204 10.078726 0.023829 0.032258 0.047739 0.035191 0.032258 0.023827 0.032258 7150 11166
50 62.310000 60.320000 1000000 7.404259 9.982404 7.409801 10.066996 0.023830 0.032258 0.043597 0.029328 0.032258 0.023828 0.032258 9570 13419
50 62.310000 60.320000 1000000 7.394702 9.980970 7.400265 10.055266 0.023830 0.032258 0.043597 0.029328 0.032258 0.023828 0.032258 9790 14043
50 62.310000 60.320000 1000000 7.375757 9.978103 7.376755 10.027406 0.023830 0.032258 0.043593 0.029322 0.032258 0.023828 0.032258 12340 14479
50 62.310000 60.320000 1000000 7.356808 9.975952 7.373661 10.023496 0.023828 0.032258 0.047738 0.035190 0.032258 0.023828 0.032258 14470 14743
50 62.310000 60.320000 1000000 7.345127 9.918246 7.355915 10.010056 0.023828 0.032258 0.045619 0.032257 0.032258 0.023827 0.032258 14740 19444
50 62.310000 60.320000 1000000 7.317219 9.801401 7.314113 9.967045 0.023827 0.032258 0.045620 0.032258 0.032258 0.023825 0.032258 16690 18920
50 62.310000 60.320000 1000000 7.306028 9.743695 7.296973 9.953604 0.023825 0.032258 0.047738 0.035190 0.032258 0.023823 0.032258 18920 19444
50 62.310000 60.320000 1000000 7.301757 9.742978 7.292686 9.947739 0.023826 0.032258 0.043597 0.029327 0.032258 0.023824 0.032258 19440 20486
50 62.310000 60.320000 1000000 7.296346 9.742261 7.287255 9.941874 0.023826 0.032258 0.047739 0.035191 0.032258 0.023823 0.032258 20480 20547
50 62.310000 60.320000 1000000 7.291500 9.741544 7.282391 9.936009 0.023826 0.032258 0.047739 0.035191 0.032258 0.023824 0.032258 20540 21143
50 62.310000 60.320000 1000000 7.286173 9.740827 7.277044 9.930144 0.023825 0.032258 0.052213 0.041056 0.032258 0.023823 0.032258 21140 21566
50 62.310000 60.320000 1000000 7.284445 9.740110 7.277333 9.931121 0.023826 0.032258 0.047740 0.035192 0.032258 0.023823 0.032258 21560 24448
50 62.310000 60.320000 1000000 7.279669 9.739394 7.272544 9.925256 0.023826 0.032258 0.047740 0.035192 0.032258 0.023823 0.032258 24440 25055
50 62.310000 60.320000 1000000 7.240791 9.730791 7.233550 9.854875 0.023823 0.032258 0.099229 0.093839 0.032258 0.023821 0.032258 25050 27533
50 62.310000 60.320000 1000000 7.235459 9.730075 7.228201 9.849010 0.023823 0.032258 0.104793 0.099704 0.032258 0.023820 0.032258 27530 38380
50 62.310000 60.320000 1000000 7.183121 9.722189 7.168537 9.777895 0.023826 0.032258 0.066934 0.058648 0.032258 0.023824 0.032258 38380 46199
50 62.310000 60.320000 1000000 7.179280 9.721472 7.164672 9.772030 0.023825 0.032258 0.066934 0.058648 0.032258 0.023823 0.032258 46190 60054
50 62.310000 60.320000 1000000 7.123009 9.488140 7.082731 9.693096 0.023821 0.032258 0.074763 0.067445 0.032258 0.023820 0.032258 60050 60707
50 62.310000 60.320000 1000000 7.115708 9.487423 7.083966 9.694074 0.023821 0.032258 0.069518 0.061580 0.032258 0.023820 0.032258 60700 60744
50 62.310000 60.320000 1000000 7.109432 9.486706 7.075216 9.686009 0.023821 0.032258 0.074763 0.067445 0.032258 0.023820 0.032258 60740 62947
50 62.310000 60.320000 1000000 7.083570 9.483122 7.041955 9.654729 0.023818 0.032258 0.090956 0.085044 0.032258 0.023816 0.032258 62940 74566
50 62.310000 60.320000 1000000 7.080856 9.482405 7.038156 9.646664 0.023819 0.032258 0.090954 0.085041 0.032258 0.023818 0.032258 74560 79890
50 62.310000 60.320000 1000000 7.063427 9.480255 7.037587 9.642754 0.023820 0.032258 0.085495 0.079176 0.032258 0.023817 0.032258 79890 108441
50 62.310000 60.320000 1000000 7.024920 9.474520 6.998649 9.595833 0.023819 0.032258 0.074762 0.067445 0.032258 0.023817 0.032258 108440 119563
50 62.310000 60.320000 1000000 7.020197 9.473803 6.993873 9.589968 0.023818 0.032258 0.069517 0.061580 0.032258 0.023817 0.032258 119560 122495
50 62.310000 60.320000 1000000 7.013015 9.473086 6.995081 9.590946 0.023819 0.032258 0.064379 0.055715 0.032258 0.023817 0.032258 122490 195274
50 62.310000 60.320000 1000000 6.982415 9.465201 6.954609 9.504436 0.023823 0.032258 0.064381 0.055716 0.032258 0.023824 0.032258 195270 235774
50 62.310000 60.320000 1000000 6.977703 9.464484 6.949840 9.498571 0.023823 0.032258 0.059378 0.049851 0.032258 0.023824 0.032258 235770 241515
50 62.310000 60.320000 1000000 6.971695 9.463767 6.941476 9.490507 0.023822 0.032258 0.064381 0.055716 0.032258 0.023823 0.032258 241510 261350
50 62.310000 60.320000 1000000 6.970270 9.462692 6.939270 9.477066 0.023823 0.032258 0.066934 0.058647 0.032258 0.023825 0.032258 261350 274018
50 62.310000 60.320000 1000000 6.967986 9.461975 6.936087 9.469001 0.023822 0.032258 0.072128 0.064513 0.032258 0.023824 0.032258 274010 289740
50 62.310000 60.320000 1000000 6.962078 9.461258 6.927847 9.460937 0.023821 0.032258 0.077418 0.070378 0.032258 0.023823 0.032258 289740 290439
50 62.310000 60.320000 1000000 6.950331 9.403552 6.909606 9.447496 0.023821 0.032258 0.080093 0.073310 0.032258 0.023824 0.032258 290430 358842
50 62.310000 60.320000 1000000 6.938766 9.345846 6.891597 9.434055 0.023820 0.032258 0.082786 0.076243 0.032258 0.023824 0.032258 358840 385357
50 62.310000 60.320000 1000000 6.937348 9.344771 6.889386 9.420614 0.023821 0.032258 0.085494 0.079175 0.032258 0.023826 0.032258 385350 480540
50 62.310000 60.320000 1000000 6.932642 9.344054 6.884580 9.414749 0.023821 0.032258 0.085495 0.079176 0.032258 0.023826 0.032258 480540 525263
50 62.310000 60.320000 1000000 6.925334 9.343337 6.885822 9.415727 0.023822 0.032258 0.080094 0.073311 0.032258 0.023826 0.032258 525260 564371
50 62.310000 60.320000 1000000 6.918152 9.342621 6.887037 9.416704 0.023822 0.032258 0.074763 0.067446 0.032258 0.023826 0.032258 564370 655794
50 62.310000 60.320000 1000000 6.861435 9.222908 6.844511 9.382003 0.023820 0.032258 0.059379 0.049852 0.032258 0.023824 0.032258 655790 729984
50 62.310000 60.320000 1000000 6.845345 9.220757 6.823739 9.360009 0.023818 0.032258 0.064381 0.055717 0.032258 0.023822 0.032258 729980 745606
50 62.310000 60.320000 1000000 6.841338 9.220040 6.819694 9.354144 0.023819 0.032258 0.069519 0.061582 0.032258 0.023822 0.032258 745600 1000000
50 62.310000 60.320000 1000000 6.841338 9.220040 6.819694 9.354144 0.023819 0.032258 0.069519 0.061582 0.032258 0.023822 0.032258 999990 1000000
