35 62.310000 60.320000 1000000 9.225995 12.373119 9.215528 12.483427 0.023831 0.032258 0.047740 0.035193 0.032258 0.023828 0.032258 0 50
35 62.310000 60.320000 1000000 9.157043 12.363800 9.146338 12.407181 0.023830 0.032258 0.066942 0.058657 0.032258 0.023827 0.032258 50 61
35 62.310000 60.320000 1000000 9.006918 12.346595 9.068315 12.326536 0.023816 0.032258 0.088226 0.082117 0.032258 0.023821 0.032258 60 76
35 62.310000 60.320000 1000000 8.883137 12.320072 8.966965 12.184797 0.023811 0.032258 0.207805 0.205286 0.032258 0.023812 0.032258 70 81
35 62.310000 60.320000 1000000 8.857617 12.305735 8.932372 12.009577 0.023811 0.032258 0.167369 0.164230 0.032258 0.023810 0.032258 80 90
35 62.310000 60.320000 1000000 8.730974 11.781003 8.744113 11.826781 0.023826 0.032258 0.104802 0.099714 0.032258 0.023824 0.032258 90 107
35 62.310000 60.320000 1000000 8.688859 11.773835 8.702190 11.768130 0.023831 0.032258 0.082796 0.076253 0.032258 0.023828 0.032258 100 158
35 62.310000 60.320000 1000000 8.414408 11.723655 8.421846 11.342420 0.023615 0.032258 0.306692 0.304991 0.032258 0.023611 0.032258 150 196
35 62.310000 60.320000 1000000 7.947445 9.004654 7.678312 10.632253 0.023308 0.032258 0.464463 0.463341 0.032258 0.023201 0.032258 190 223
35 62.310000 60.320000 1000000 7.810967 8.818634 7.457236 9.758596 0.023205 0.032258 0.818817 0.818181 0.032258 0.023104 0.032258 200 220
35 62.310000 60.320000 1000000 7.799311 8.816483 7.443243 9.738801 0.023207 0.032258 0.824677 0.824046 0.032258 0.023111 0.032258 220 292
35 62.310000 60.320000 1000000 6.880227 8.688885 6.853654 9.175506 0.023213 0.032258 0.572756 0.571847 0.032258 0.023184 0.032258 240 262
35 62.310000 60.320000 1000000 6.554328 8.370249 6.494213 8.859769 0.023423 0.032258 0.353380 0.351905 0.032258 0.023388 0.032258 260 346
35 62.310000 60.320000 1000000 6.509880 8.354479 6.454995 8.734647 0.023467 0.032258 0.330024 0.328444 0.032258 0.023437 0.032258 340 413
35 62.310000 60.320000 1000000 6.368401 8.338708 6.366212 8.653513 0.023656 0.032258 0.202004 0.199412 0.032258 0.023653 0.032258 390 443
35 62.310000 60.320000 1000000 6.248081 8.318637 6.244543 8.480004 0.023811 0.032258 0.066937 0.058651 0.032258 0.023808 0.032258 440 515
35 62.310000 60.320000 1000000 6.207179 8.309318 6.203577 8.406202 0.023821 0.032258 0.072132 0.064517 0.032258 0.023819 0.032258 510 721
35 62.310000 60.320000 1000000 6.194445 8.307167 6.190822 8.388607 0.023825 0.032258 0.072131 0.064516 0.032258 0.023822 0.032258 520 757
35 62.310000 60.320000 1000000 6.174183 8.304300 6.170523 8.365147 0.023830 0.032258 0.056941 0.046921 0.032258 0.023827 0.032258 550 629
35 62.310000 60.320000 1000000 6.169370 8.303583 6.165702 8.359282 0.023830 0.032258 0.056941 0.046921 0.032258 0.023827 0.032258 620 757
35 62.310000 60.320000 1000000 6.157130 8.299282 6.162925 8.358304 0.023831 0.032258 0.056944 0.046925 0.032258 0.023828 0.032258 750 1021
35 62.310000 60.320000 1000000 6.154519 8.298565 6.159344 8.350240 0.023832 0.032258 0.052216 0.041060 0.032258 0.023829 0.032258 1020 1295
35 62.310000 60.320000 1000000 6.130977 8.293547 6.132118 8.300386 0.023834 0.032258 0.034327 0.011737 0.032258 0.023831 0.032258 1290 1981
35 62.310000 60.320000 1000000 6.122402 8.291397 6.122661 8.280592 0.023833 0.032258 0.036748 0.017601 0.032258 0.023831 0.032258 1980 2294
35 62.310000 60.320000 1000000 6.117580 8.290680 6.117838 8.274727 0.023834 0.032258 0.034327 0.011736 0.032258 0.023831 0.032258 2290 2417
35 62.310000 60.320000 1000000 6.110556 8.289963 6.119006 8.275704 0.023834 0.032258 0.036747 0.017599 0.032258 0.023831 0.032258 2410 2466
35 62.310000 60.320000 1000000 6.104271 8.289246 6.110395 8.267640 0.023833 0.032258 0.036747 0.017600 0.032258 0.023831 0.032258 2460 2504
35 62.310000 60.320000 1000000 6.097367 8.288529 6.111540 8.268617 0.023833 0.032258 0.039888 0.023462 0.032258 0.023831 0.032258 2500 2630
35 62.310000 60.320000 1000000 6.096167 8.287454 6.109719 8.255176 0.023833 0.032258 0.038237 0.020530 0.032258 0.023831 0.032258 2630 2795
35 62.310000 60.320000 1000000 6.089984 8.286737 6.101270 8.247112 0.023832 0.032258 0.038238 0.020532 0.032258 0.023830 0.032258 2790 4227
35 62.310000 60.320000 1000000 6.056941 8.169892 6.055933 8.208500 0.023833 0.032258 0.041681 0.026395 0.032258 0.023830 0.032258 4010 5190
35 62.310000 60.320000 1000000 6.048901 8.168459 6.047888 8.196770 0.023833 0.032258 0.035435 0.014665 0.032258 0.023831 0.032258 4700 5629
35 62.310000 60.320000 1000000 6.047301 8.167742 6.048155 8.197748 0.023833 0.032258 0.038237 0.020530 0.032258 0.023831 0.032258 5620 6219
35 62.310000 60.320000 1000000 6.041611 8.167025 6.042467 8.191882 0.023834 0.032258 0.035435 0.014665 0.032258 0.023831 0.032258 6210 13041
35 62.310000 60.320000 1000000 6.040406 8.165950 6.040627 8.178442 0.023834 0.032258 0.034326 0.011732 0.032258 0.023831 0.032258 13040 13441
35 62.310000 60.320000 1000000 6.034829 8.165233 6.035050 8.172576 0.023834 0.032258 0.032788 0.005871 0.032258 0.023831 0.032258 13440 33101
35 62.310000 60.320000 1000000 6.028605 8.164516 6.026489 8.164512 0.023834 0.032258 0.034327 0.011735 0.032258 0.023831 0.032258 33100 53746
35 62.310000 60.320000 1000000 6.016969 8.106810 6.008666 8.151071 0.023834 0.032258 0.035436 0.014668 0.032258 0.023831 0.032258 53740 148886
35 62.310000 60.320000 1000000 6.013016 8.106093 6.004696 8.145206 0.023834 0.032258 0.038237 0.020530 0.032258 0.023831 0.032258 148880 169817
35 62.310000 60.320000 1000000 6.007495 8.105377 5.999152 8.139341 0.023834 0.032258 0.038238 0.020532 0.032258 0.023831 0.032258 169810 177584
35 62.310000 60.320000 1000000 6.000420 8.104660 6.000333 8.140318 0.023834 0.032258 0.035436 0.014667 0.032258 0.023831 0.032258 177580 196305
35 62.310000 60.320000 1000000 5.992615 8.101792 5.991270 8.107572 0.023833 0.032258 0.041679 0.026393 0.032258 0.023830 0.032258 196300 265792
35 62.310000 60.320000 1000000 5.987738 8.100359 5.984556 8.091443 0.023834 0.032258 0.041680 0.026394 0.032258 0.023831 0.032258 200490 329822
35 62.310000 60.320000 1000000 5.972364 8.098208 5.969158 8.073848 0.023832 0.032258 0.045621 0.032259 0.032258 0.023829 0.032258 329820 400438
35 62.310000 60.320000 1000000 5.958786 8.095699 5.950256 8.044278 0.023831 0.032258 0.047740 0.035192 0.032258 0.023828 0.032258 400430 431930
35 62.310000 60.320000 1000000 5.950725 8.092832 5.947782 8.041345 0.023831 0.032258 0.039892 0.023468 0.032258 0.023829 0.032258 431930 481361
35 62.310000 60.320000 1000000 5.935695 8.090681 5.941064 8.030593 0.023832 0.032258 0.047742 0.035195 0.032258 0.023829 0.032258 481360 520280
35 62.310000 60.320000 1000000 5.930879 8.089964 5.936262 8.024728 0.023832 0.032258 0.043598 0.029330 0.032258 0.023829 0.032258 520280 546630
35 62.310000 60.320000 1000000 5.927039 8.089248 5.932432 8.018863 0.023831 0.032258 0.047742 0.035195 0.032258 0.023828 0.032258 546630 625507
35 62.310000 60.320000 1000000 5.915082 8.031541 5.914185 8.005422 0.023832 0.032258 0.045623 0.032263 0.032258 0.023829 0.032258 625500 661002
35 62.310000 60.320000 1000000 5.908018 8.030824 5.915361 8.006399 0.023832 0.032258 0.045623 0.032262 0.032258 0.023829 0.032258 661000 719249
35 62.310000 60.320000 1000000 5.904750 8.030107 5.912105 8.000534 0.023833 0.032258 0.045622 0.032261 0.032258 0.023830 0.032258 719240 967359
35 62.310000 60.320000 1000000 5.880996 8.025806 5.884306 7.970231 0.023830 0.032258 0.059382 0.049856 0.032258 0.023826 0.032258 967350 1000000
35 62.310000 60.320000 1000000 5.878651 8.023656 5.880727 7.943350 0.023830 0.032258 0.054551 0.043991 0.032258 0.023826 0.032258 999990 1000000
