23 62.310000 60.320000 1000000 14.717413 14.383833 14.714769 14.381950 0.032099 0.032259 0.200465 0.197852 0.032259 0.032091 0.032259 0 50
23 62.310000 60.320000 1000000 13.950633 13.738674 13.945285 13.720125 0.032123 0.032259 0.283560 0.281720 0.032259 0.032113 0.032259 50 60
23 62.310000 60.320000 1000000 13.628261 13.485986 13.623611 13.475143 0.032166 0.032259 0.219584 0.217202 0.032259 0.032157 0.032259 60 71
23 62.310000 60.320000 1000000 13.511133 13.377385 13.506869 13.370304 0.032172 0.032259 0.223843 0.221506 0.032259 0.032162 0.032259 70 80
23 62.310000 60.320000 1000000 13.394390 13.271471 13.389895 13.261389 0.032166 0.032259 0.235020 0.232796 0.032259 0.032157 0.032259 80 90
23 62.310000 60.320000 1000000 13.275905 13.162332 13.271231 13.151399 0.032164 0.032259 0.262207 0.260215 0.032259 0.032155 0.032259 90 104
23 62.310000 60.320000 1000000 13.118369 13.038676 13.114364 13.032761 0.032185 0.032259 0.212145 0.209678 0.032259 0.032176 0.032259 100 110
23 62.310000 60.320000 1000000 13.075158 12.983837 13.071270 12.980117 0.032184 0.032259 0.194098 0.191399 0.032259 0.032174 0.032259 110 124
23 62.310000 60.320000 1000000 12.963285 12.893515 12.959888 12.893558 0.032176 0.032259 0.194096 0.191396 0.032259 0.032167 0.032259 120 133
23 62.310000 60.320000 1000000 12.906179 12.834375 12.902736 12.834418 0.032177 0.032259 0.182441 0.179567 0.032259 0.032167 0.032259 130 140
23 62.310000 60.320000 1000000 12.874645 12.806418 12.871039 12.804759 0.032180 0.032259 0.193034 0.190320 0.032259 0.032171 0.032259 140 153
23 62.310000 60.320000 1000000 12.828844 12.756956 12.825199 12.755297 0.032179 0.032259 0.204705 0.202147 0.032259 0.032170 0.032259 150 163
23 62.310000 60.320000 1000000 12.775260 12.709644 12.771474 12.707582 0.032191 0.032259 0.179267 0.176340 0.032259 0.032182 0.032259 160 173
23 62.310000 60.320000 1000000 12.761550 12.689214 12.757752 12.687152 0.032190 0.032259 0.185617 0.182792 0.032259 0.032181 0.032259 170 180
23 62.310000 60.320000 1000000 12.750297 12.677386 12.746489 12.675324 0.032192 0.032259 0.179267 0.176341 0.032259 0.032183 0.032259 180 197
23 62.310000 60.320000 1000000 12.729122 12.654805 12.725114 12.651937 0.032189 0.032259 0.176096 0.173116 0.032259 0.032179 0.032259 190 205
23 62.310000 60.320000 1000000 12.686231 12.610720 12.682086 12.607448 0.032178 0.032259 0.182440 0.179566 0.032259 0.032169 0.032259 200 210
23 62.310000 60.320000 1000000 12.677854 12.605343 12.673701 12.602072 0.032179 0.032259 0.180325 0.177416 0.032259 0.032169 0.032259 210 221
23 62.310000 60.320000 1000000 12.656658 12.587064 12.652484 12.583792 0.032172 0.032259 0.184558 0.181717 0.032259 0.032163 0.032259 220 235
23 62.310000 60.320000 1000000 12.638850 12.572010 12.634658 12.568738 0.032177 0.032259 0.187735 0.184943 0.032259 0.032167 0.032259 230 240
23 62.310000 60.320000 1000000 12.617229 12.546204 12.613016 12.542932 0.032170 0.032259 0.187735 0.184943 0.032259 0.032161 0.032259 240 254
23 62.310000 60.320000 1000000 12.596759 12.515021 12.592525 12.511749 0.032168 0.032259 0.187735 0.184943 0.032259 0.032159 0.032259 250 263
23 62.310000 60.320000 1000000 12.540397 12.444592 12.535764 12.437063 0.032154 0.032259 0.195683 0.193006 0.032259 0.032144 0.032259 260 271
23 62.310000 60.320000 1000000 12.428418 12.355345 12.423197 12.345801 0.032161 0.032259 0.143981 0.140321 0.032259 0.032152 0.032259 270 281
23 62.310000 60.320000 1000000 12.423579 12.345668 12.419164 12.341142 0.032157 0.032259 0.138747 0.134945 0.032259 0.032148 0.032259 280 301
23 62.310000 60.320000 1000000 12.364027 12.291905 12.359548 12.287378 0.032148 0.032259 0.138748 0.134946 0.032259 0.032139 0.032259 300 322
23 62.310000 60.320000 1000000 12.350410 12.273088 12.345349 12.265694 0.032141 0.032259 0.146602 0.143009 0.032259 0.032131 0.032259 320 330
23 62.310000 60.320000 1000000 12.339831 12.264485 12.334979 12.258346 0.032140 0.032259 0.150801 0.147310 0.032259 0.032130 0.032259 330 347
23 62.310000 60.320000 1000000 12.333916 12.260184 12.329057 12.254045 0.032140 0.032259 0.148701 0.145160 0.032259 0.032131 0.032259 340 354
23 62.310000 60.320000 1000000 12.323389 12.247281 12.318518 12.241142 0.032139 0.032259 0.147652 0.144085 0.032259 0.032129 0.032259 350 374
23 62.310000 60.320000 1000000 12.322191 12.241905 12.317186 12.234063 0.032138 0.032259 0.147652 0.144085 0.032259 0.032129 0.032259 370 404
23 62.310000 60.320000 1000000 12.316556 12.236529 12.311543 12.228687 0.032138 0.032259 0.148701 0.145160 0.032259 0.032129 0.032259 400 421
23 62.310000 60.320000 1000000 12.295038 12.212873 12.289999 12.205031 0.032132 0.032259 0.147652 0.144085 0.032259 0.032123 0.032259 420 444
23 62.310000 60.320000 1000000 12.280147 12.194593 12.276371 12.194278 0.032135 0.032259 0.149750 0.146234 0.032259 0.032125 0.032259 440 451
23 62.310000 60.320000 1000000 12.267657 12.178464 12.263869 12.178150 0.032123 0.032259 0.149750 0.146234 0.032259 0.032113 0.032259 450 479
23 62.310000 60.320000 1000000 12.247666 12.155884 12.244461 12.159333 0.032112 0.032259 0.141363 0.137633 0.032259 0.032103 0.032259 470 480
23 62.310000 60.320000 1000000 12.238558 12.132766 12.234789 12.128553 0.032110 0.032259 0.150277 0.146773 0.032259 0.032100 0.032259 480 510
23 62.310000 60.320000 1000000 12.226896 12.113411 12.223969 12.115964 0.032108 0.032259 0.148176 0.144622 0.032259 0.032099 0.032259 510 535
23 62.310000 60.320000 1000000 12.194769 12.083304 12.191820 12.085856 0.032117 0.032259 0.136657 0.132795 0.032259 0.032108 0.032259 530 548
23 62.310000 60.320000 1000000 12.171730 12.056422 12.168764 12.058975 0.032113 0.032259 0.129355 0.125268 0.032259 0.032104 0.032259 540 551
23 62.310000 60.320000 1000000 12.154379 12.043519 12.151399 12.046072 0.032119 0.032259 0.126234 0.122042 0.032259 0.032109 0.032259 550 577
23 62.310000 60.320000 1000000 12.147272 12.034917 12.144288 12.037470 0.032120 0.032259 0.125195 0.120967 0.032259 0.032110 0.032259 570 602
23 62.310000 60.320000 1000000 12.120161 11.999433 12.117156 12.001986 0.032117 0.032259 0.137701 0.133869 0.032259 0.032107 0.032259 600 619
23 62.310000 60.320000 1000000 12.118292 11.996207 12.115464 12.000014 0.032116 0.032259 0.135611 0.131719 0.032259 0.032107 0.032259 610 621
23 62.310000 60.320000 1000000 12.115732 11.994057 12.112903 11.997864 0.032117 0.032259 0.133524 0.129568 0.032259 0.032108 0.032259 620 632
23 62.310000 60.320000 1000000 12.100090 11.970401 12.097250 11.974208 0.032114 0.032259 0.134567 0.130644 0.032259 0.032105 0.032259 630 655
23 62.310000 60.320000 1000000 12.092751 11.966100 12.089905 11.969907 0.032116 0.032259 0.133524 0.129568 0.032259 0.032107 0.032259 650 664
23 62.310000 60.320000 1000000 12.088001 11.962874 12.085153 11.966681 0.032116 0.032259 0.134568 0.130644 0.032259 0.032106 0.032259 660 676
23 62.310000 60.320000 1000000 12.078625 11.953197 12.075769 11.957004 0.032116 0.032259 0.128314 0.124192 0.032259 0.032106 0.032259 670 703
23 62.310000 60.320000 1000000 12.068893 11.943519 12.066031 11.947326 0.032108 0.032259 0.132481 0.128494 0.032259 0.032099 0.032259 700 728
23 62.310000 60.320000 1000000 12.055379 11.927391 12.052507 11.931198 0.032091 0.032259 0.141888 0.138172 0.032259 0.032082 0.032259 720 732
23 62.310000 60.320000 1000000 12.054585 11.926315 12.051713 11.930122 0.032090 0.032259 0.142935 0.139247 0.032259 0.032081 0.032259 730 851
23 62.310000 60.320000 1000000 12.002630 11.860187 11.999641 11.863142 0.032066 0.032259 0.148703 0.145162 0.032259 0.032057 0.032259 850 868
23 62.310000 60.320000 1000000 11.999766 11.855885 11.996774 11.858841 0.032065 0.032259 0.149753 0.146237 0.032259 0.032056 0.032259 860 878
23 62.310000 60.320000 1000000 11.997850 11.854810 11.994857 11.857766 0.032066 0.032259 0.148703 0.145162 0.032259 0.032056 0.032259 870 897
23 62.310000 60.320000 1000000 11.958309 11.826316 11.955207 11.828420 0.032076 0.032259 0.143984 0.140324 0.032259 0.032067 0.032259 890 1048
23 62.310000 60.320000 1000000 11.933812 11.799434 11.930691 11.801539 0.032068 0.032259 0.138749 0.134947 0.032259 0.032058 0.032259 1040 1089
23 62.310000 60.320000 1000000 11.921175 11.789757 11.918044 11.791861 0.032067 0.032259 0.132483 0.128496 0.032259 0.032058 0.032259 1080 1098
23 62.310000 60.320000 1000000 11.919251 11.788682 11.916119 11.790786 0.032068 0.032259 0.131441 0.127421 0.032259 0.032059 0.032259 1090 1101
23 62.310000 60.320000 1000000 11.917888 11.787606 11.914755 11.789711 0.032068 0.032259 0.130399 0.126346 0.032259 0.032059 0.032259 1100 1126
23 62.310000 60.320000 1000000 11.895609 11.767176 11.892457 11.769281 0.032069 0.032259 0.137703 0.133872 0.032259 0.032060 0.032259 1120 1315
23 62.310000 60.320000 1000000 11.877442 11.746746 11.873915 11.747238 0.032073 0.032259 0.137705 0.133873 0.032259 0.032064 0.032259 1160 1354
23 62.310000 60.320000 1000000 11.800161 11.674704 11.796564 11.675195 0.032054 0.032259 0.150280 0.146777 0.032259 0.032044 0.032259 1350 1405
23 62.310000 60.320000 1000000 11.765906 11.634919 11.762277 11.635411 0.032034 0.032259 0.152381 0.148927 0.032259 0.032025 0.032259 1400 1481
23 62.310000 60.320000 1000000 11.728588 11.604811 11.724924 11.605303 0.032031 0.032259 0.156585 0.153226 0.032259 0.032022 0.032259 1480 1495
23 62.310000 60.320000 1000000 11.727807 11.603736 11.724143 11.604228 0.032031 0.032259 0.156585 0.153226 0.032259 0.032022 0.032259 1490 1508
23 62.310000 60.320000 1000000 11.725857 11.602661 11.722191 11.603152 0.032032 0.032259 0.156585 0.153226 0.032259 0.032023 0.032259 1500 1627
23 62.310000 60.320000 1000000 11.708792 11.576854 11.705110 11.577346 0.032032 0.032259 0.155533 0.152151 0.032259 0.032023 0.032259 1620 1649
23 62.310000 60.320000 1000000 11.706865 11.575779 11.703181 11.576271 0.032033 0.032259 0.155533 0.152151 0.032259 0.032024 0.032259 1640 1685
23 62.310000 60.320000 1000000 11.697629 11.565027 11.693936 11.565518 0.032033 0.032259 0.151328 0.147850 0.032259 0.032023 0.032259 1680 1728
23 62.310000 60.320000 1000000 11.686743 11.551048 11.683040 11.551540 0.032022 0.032259 0.155534 0.152151 0.032259 0.032013 0.032259 1720 1749
23 62.310000 60.320000 1000000 11.685735 11.549973 11.682031 11.550465 0.032022 0.032259 0.155534 0.152151 0.032259 0.032013 0.032259 1740 1773
23 62.310000 60.320000 1000000 11.679417 11.537607 11.675460 11.535545 0.032022 0.032259 0.152906 0.149465 0.032259 0.032012 0.032259 1770 1857
23 62.310000 60.320000 1000000 11.654326 11.510726 11.650343 11.508664 0.032011 0.032259 0.162378 0.159142 0.032259 0.032002 0.032259 1810 1901
23 62.310000 60.320000 1000000 11.637123 11.488145 11.633360 11.487338 0.031999 0.032259 0.152904 0.149463 0.032259 0.031989 0.032259 1900 1969
23 62.310000 60.320000 1000000 11.629541 11.480618 11.625770 11.479811 0.031997 0.032259 0.158164 0.154839 0.032259 0.031988 0.032259 1960 2062
23 62.310000 60.320000 1000000 11.611437 11.454812 11.607649 11.454005 0.031995 0.032259 0.167649 0.164516 0.032259 0.031986 0.032259 2010 2142
23 62.310000 60.320000 1000000 11.574866 11.424705 11.571041 11.423897 0.032000 0.032259 0.168704 0.165591 0.032259 0.031991 0.032259 2140 2210
23 62.310000 60.320000 1000000 11.565172 11.413952 11.561338 11.413144 0.031999 0.032259 0.160269 0.156989 0.032259 0.031989 0.032259 2210 2229
23 62.310000 60.320000 1000000 11.564750 11.412877 11.560915 11.412069 0.031998 0.032259 0.161322 0.158064 0.032259 0.031989 0.032259 2220 2261
23 62.310000 60.320000 1000000 11.553389 11.402124 11.549543 11.401317 0.031999 0.032259 0.152904 0.149462 0.032259 0.031990 0.032259 2260 2317
23 62.310000 60.320000 1000000 11.551319 11.401049 11.547471 11.400241 0.032000 0.032259 0.152904 0.149463 0.032259 0.031991 0.032259 2310 2358
23 62.310000 60.320000 1000000 11.551009 11.397823 11.546997 11.395313 0.032000 0.032259 0.152906 0.149464 0.032259 0.031991 0.032259 2340 2694
23 62.310000 60.320000 1000000 11.493724 11.354812 11.489652 11.352302 0.032008 0.032259 0.147656 0.144089 0.032259 0.031999 0.032259 2690 2751
23 62.310000 60.320000 1000000 11.474442 11.341909 11.470350 11.339399 0.032009 0.032259 0.147656 0.144090 0.032259 0.032000 0.032259 2750 2788
23 62.310000 60.320000 1000000 11.472486 11.340834 11.468391 11.338324 0.032011 0.032259 0.146607 0.143014 0.032259 0.032001 0.032259 2780 2792
23 62.310000 60.320000 1000000 11.470558 11.338683 11.466461 11.336173 0.032011 0.032259 0.145558 0.141939 0.032259 0.032001 0.032259 2790 2805
23 62.310000 60.320000 1000000 11.468540 11.337608 11.464441 11.335098 0.032012 0.032259 0.145558 0.141939 0.032259 0.032003 0.032259 2800 2814
23 62.310000 60.320000 1000000 11.467856 11.336533 11.463757 11.334023 0.032012 0.032259 0.145558 0.141939 0.032259 0.032003 0.032259 2810 2895
23 62.310000 60.320000 1000000 11.462598 11.330081 11.458493 11.327571 0.032008 0.032259 0.147657 0.144090 0.032259 0.031999 0.032259 2890 3059
23 62.310000 60.320000 1000000 11.413715 11.288146 11.409321 11.284829 0.032008 0.032259 0.145559 0.141940 0.032259 0.031998 0.032259 3050 3224
23 62.310000 60.320000 1000000 11.391238 11.272554 11.386747 11.268387 0.032011 0.032259 0.150281 0.146778 0.032259 0.032002 0.032259 3220 3286
23 62.310000 60.320000 1000000 11.375872 11.262877 11.371363 11.258709 0.032012 0.032259 0.152384 0.148930 0.032259 0.032003 0.032259 3280 3547
23 62.310000 60.320000 1000000 11.354916 11.237071 11.351547 11.239175 0.031993 0.032259 0.150281 0.146778 0.032259 0.031984 0.032259 3540 3630
23 62.310000 60.320000 1000000 11.354026 11.235995 11.350657 11.238100 0.031993 0.032259 0.150281 0.146778 0.032259 0.031983 0.032259 3630 3755
23 62.310000 60.320000 1000000 11.343821 11.227393 11.340443 11.229498 0.031990 0.032259 0.145035 0.141403 0.032259 0.031980 0.032259 3750 3790
23 62.310000 60.320000 1000000 11.342047 11.226318 11.338667 11.228422 0.031990 0.032259 0.145035 0.141402 0.032259 0.031980 0.032259 3790 3882
23 62.310000 60.320000 1000000 11.320812 11.208038 11.317413 11.210143 0.031990 0.032259 0.138752 0.134950 0.032259 0.031981 0.032259 3880 4153
23 62.310000 60.320000 1000000 11.308959 11.191909 11.305409 11.192311 0.031985 0.032259 0.136662 0.132800 0.032259 0.031976 0.032259 4150 4363
23 62.310000 60.320000 1000000 11.278823 11.143522 11.272943 11.134650 0.031974 0.032259 0.167125 0.163982 0.032259 0.031965 0.032259 4360 4517
23 62.310000 60.320000 1000000 11.273121 11.137070 11.267131 11.127795 0.031974 0.032259 0.169235 0.166132 0.032259 0.031965 0.032259 4510 4522
23 62.310000 60.320000 1000000 11.272912 11.135995 11.267166 11.127974 0.031974 0.032259 0.169235 0.166132 0.032259 0.031965 0.032259 4520 4852
23 62.310000 60.320000 1000000 11.206310 11.069329 11.200462 11.061308 0.031951 0.032259 0.214804 0.212368 0.032259 0.031942 0.032259 4850 4950
23 62.310000 60.320000 1000000 11.205699 11.068254 11.199850 11.060233 0.031951 0.032259 0.214804 0.212368 0.032259 0.031942 0.032259 4950 4981
23 62.310000 60.320000 1000000 11.205515 11.067178 11.199880 11.060412 0.031951 0.032259 0.213741 0.211293 0.032259 0.031942 0.032259 4980 5040
23 62.310000 60.320000 1000000 11.176334 11.047824 11.170654 11.041057 0.031964 0.032259 0.223313 0.220970 0.032259 0.031954 0.032259 5040 5270
23 62.310000 60.320000 1000000 11.145145 11.023093 11.139418 11.016326 0.031971 0.032259 0.210551 0.208065 0.032259 0.031962 0.032259 5270 5799
23 62.310000 60.320000 1000000 11.063328 10.935996 11.057263 10.928423 0.031975 0.032259 0.188270 0.185486 0.032259 0.031966 0.032259 5790 5888
23 62.310000 60.320000 1000000 11.049025 10.914491 11.042937 10.906918 0.031963 0.032259 0.172402 0.169357 0.032259 0.031953 0.032259 5880 6271
23 62.310000 60.320000 1000000 11.015726 10.894061 11.009582 10.886488 0.031977 0.032259 0.169232 0.166129 0.032259 0.031968 0.032259 6270 6282
23 62.310000 60.320000 1000000 11.002669 10.885459 10.996503 10.877886 0.031977 0.032259 0.170288 0.167205 0.032259 0.031968 0.032259 6280 6384
23 62.310000 60.320000 1000000 11.000808 10.883308 10.994639 10.875735 0.031976 0.032259 0.171343 0.168279 0.032259 0.031967 0.032259 6380 6602
23 62.310000 60.320000 1000000 10.994867 10.879007 10.988688 10.871434 0.031978 0.032259 0.170287 0.167204 0.032259 0.031969 0.032259 6600 6714
23 62.310000 60.320000 1000000 10.990096 10.875781 10.983909 10.868208 0.031978 0.032259 0.171344 0.168280 0.032259 0.031968 0.032259 6710 6759
23 62.310000 60.320000 1000000 10.988621 10.874706 10.982432 10.867133 0.031978 0.032259 0.170288 0.167204 0.032259 0.031969 0.032259 6750 6932
23 62.310000 60.320000 1000000 10.949539 10.833846 10.943283 10.826273 0.031966 0.032259 0.157637 0.154301 0.032259 0.031957 0.032259 6930 7176
23 62.310000 60.320000 1000000 10.942902 10.825244 10.936635 10.817671 0.031956 0.032259 0.162904 0.159678 0.032259 0.031947 0.032259 7170 7184
23 62.310000 60.320000 1000000 10.941451 10.824169 10.935181 10.816596 0.031956 0.032259 0.163958 0.160753 0.032259 0.031947 0.032259 7180 7369
23 62.310000 60.320000 1000000 10.901458 10.788685 10.895119 10.781112 0.031960 0.032259 0.156585 0.153226 0.032259 0.031951 0.032259 7360 7442
23 62.310000 60.320000 1000000 10.901036 10.787610 10.894696 10.780037 0.031960 0.032259 0.156585 0.153226 0.032259 0.031951 0.032259 7440 7457
23 62.310000 60.320000 1000000 10.879063 10.775782 10.872684 10.768209 0.031973 0.032259 0.148178 0.144624 0.032259 0.031965 0.032259 7450 7637
23 62.310000 60.320000 1000000 10.871706 10.769330 10.865314 10.761757 0.031975 0.032259 0.150277 0.146774 0.032259 0.031966 0.032259 7630 7951
23 62.310000 60.320000 1000000 10.861497 10.758040 10.854991 10.749616 0.031968 0.032259 0.145555 0.141935 0.032259 0.031959 0.032259 7950 8075
23 62.310000 60.320000 1000000 10.856681 10.751588 10.850166 10.743164 0.031960 0.032259 0.145554 0.141935 0.032259 0.031951 0.032259 8070 8279
23 62.310000 60.320000 1000000 10.848372 10.741911 10.841842 10.733487 0.031961 0.032259 0.143459 0.139785 0.032259 0.031953 0.032259 8270 8315
23 62.310000 60.320000 1000000 10.847633 10.740836 10.841103 10.732412 0.031961 0.032259 0.144506 0.140860 0.032259 0.031953 0.032259 8310 8765
23 62.310000 60.320000 1000000 10.814641 10.690298 10.808050 10.681874 0.031931 0.032259 0.183502 0.180645 0.032259 0.031923 0.032259 8760 8976
23 62.310000 60.320000 1000000 10.813791 10.689223 10.807199 10.680799 0.031930 0.032259 0.183502 0.180645 0.032259 0.031921 0.032259 8970 9950
23 62.310000 60.320000 1000000 10.800514 10.677395 10.793898 10.668971 0.031929 0.032259 0.176098 0.173118 0.032259 0.031921 0.032259 9950 10639
23 62.310000 60.320000 1000000 10.747528 10.617180 10.745573 10.633845 0.031942 0.032259 0.188797 0.186021 0.032259 0.031932 0.032259 10630 10777
23 62.310000 60.320000 1000000 10.746450 10.612879 10.744336 10.627842 0.031941 0.032259 0.188797 0.186021 0.032259 0.031931 0.032259 10770 10839
23 62.310000 60.320000 1000000 10.744648 10.609653 10.742533 10.624616 0.031941 0.032259 0.189857 0.187096 0.032259 0.031931 0.032259 10830 11282
23 62.310000 60.320000 1000000 10.735974 10.597825 10.733854 10.612788 0.031937 0.032259 0.185620 0.182796 0.032259 0.031927 0.032259 11280 12360
23 62.310000 60.320000 1000000 10.689757 10.559653 10.687316 10.572062 0.031950 0.032259 0.172400 0.169356 0.032259 0.031940 0.032259 12360 13065
23 62.310000 60.320000 1000000 10.634368 10.511266 10.631890 10.523675 0.031917 0.032259 0.184034 0.181185 0.032259 0.031907 0.032259 13060 13098
23 62.310000 60.320000 1000000 10.633738 10.510191 10.631259 10.522600 0.031917 0.032259 0.182976 0.180110 0.032259 0.031907 0.032259 13090 13347
23 62.310000 60.320000 1000000 10.606063 10.489760 10.603565 10.502170 0.031914 0.032259 0.177685 0.174732 0.032259 0.031904 0.032259 13340 13814
23 62.310000 60.320000 1000000 10.599327 10.484384 10.596823 10.496793 0.031910 0.032259 0.178742 0.175807 0.032259 0.031900 0.032259 13810 14572
23 62.310000 60.320000 1000000 10.571480 10.453201 10.568956 10.465610 0.031896 0.032259 0.175570 0.172581 0.032259 0.031886 0.032259 14570 14819
23 62.310000 60.320000 1000000 10.559072 10.445675 10.556540 10.458084 0.031899 0.032259 0.172400 0.169355 0.032259 0.031889 0.032259 14810 15258
23 62.310000 60.320000 1000000 10.542863 10.434922 10.540319 10.447331 0.031902 0.032259 0.171344 0.168280 0.032259 0.031892 0.032259 15250 16418
23 62.310000 60.320000 1000000 10.485986 10.386535 10.483400 10.398944 0.031904 0.032259 0.151328 0.147849 0.032259 0.031894 0.032259 16410 16757
23 62.310000 60.320000 1000000 10.460463 10.357503 10.457738 10.369509 0.031884 0.032259 0.156585 0.153226 0.032259 0.031874 0.032259 16750 16831
23 62.310000 60.320000 1000000 10.460010 10.356428 10.457285 10.368434 0.031884 0.032259 0.156585 0.153226 0.032259 0.031874 0.032259 16830 17091
23 62.310000 60.320000 1000000 10.418582 10.308041 10.415823 10.320047 0.031864 0.032259 0.162904 0.159678 0.032259 0.031854 0.032259 17090 17822
23 62.310000 60.320000 1000000 10.404611 10.294600 10.401757 10.305755 0.031868 0.032259 0.157111 0.153763 0.032259 0.031858 0.032259 17820 19455
23 62.310000 60.320000 1000000 10.382932 10.272020 10.380060 10.283174 0.031865 0.032259 0.153955 0.150537 0.032259 0.031856 0.032259 19450 20376
23 62.310000 60.320000 1000000 10.343013 10.245138 10.340107 10.256293 0.031867 0.032259 0.170816 0.167742 0.032259 0.031857 0.032259 20370 21430
23 62.310000 60.320000 1000000 10.331758 10.235461 10.328843 10.246615 0.031866 0.032259 0.168705 0.165592 0.032259 0.031856 0.032259 21430 21581
23 62.310000 60.320000 1000000 10.331297 10.234385 10.328381 10.245540 0.031866 0.032259 0.168705 0.165592 0.032259 0.031856 0.032259 21580 23052
23 62.310000 60.320000 1000000 10.323055 10.222557 10.320132 10.233712 0.031867 0.032259 0.169760 0.166667 0.032259 0.031857 0.032259 23050 25607
23 62.310000 60.320000 1000000 10.293365 10.166644 10.288762 10.162477 0.031873 0.032259 0.159216 0.155914 0.032259 0.031864 0.032259 25600 26160
23 62.310000 60.320000 1000000 10.285762 10.153203 10.282126 10.153202 0.031874 0.032259 0.158690 0.155377 0.032259 0.031865 0.032259 26160 26490
23 62.310000 60.320000 1000000 10.283291 10.152128 10.279653 10.152127 0.031877 0.032259 0.158690 0.155377 0.032259 0.031867 0.032259 26490 26885
23 62.310000 60.320000 1000000 10.279303 10.148902 10.275660 10.148901 0.031878 0.032259 0.156585 0.153226 0.032259 0.031868 0.032259 26880 27960
23 62.310000 60.320000 1000000 10.268070 10.134924 10.264415 10.134923 0.031870 0.032259 0.154481 0.151075 0.032259 0.031861 0.032259 27960 29653
23 62.310000 60.320000 1000000 10.241418 10.108042 10.237735 10.108041 0.031861 0.032259 0.148176 0.144622 0.032259 0.031851 0.032259 29650 29921
23 62.310000 60.320000 1000000 10.196528 10.084386 10.192796 10.084385 0.031886 0.032259 0.151326 0.147848 0.032259 0.031876 0.032259 29920 29931
23 62.310000 60.320000 1000000 10.194311 10.083311 10.190576 10.083310 0.031887 0.032259 0.151326 0.147848 0.032259 0.031878 0.032259 29930 31340
23 62.310000 60.320000 1000000 10.183279 10.061805 10.179532 10.061805 0.031875 0.032259 0.160795 0.157526 0.032259 0.031865 0.032259 31340 33315
23 62.310000 60.320000 1000000 10.180350 10.058580 10.177059 10.061088 0.031878 0.032259 0.160795 0.157526 0.032259 0.031868 0.032259 33310 34394
23 62.310000 60.320000 1000000 10.178994 10.054816 10.175621 10.056473 0.031875 0.032259 0.158163 0.154838 0.032259 0.031866 0.032259 34390 34649
23 62.310000 60.320000 1000000 10.177342 10.053741 10.173968 10.055398 0.031876 0.032259 0.158162 0.154838 0.032259 0.031866 0.032259 34640 36000
23 62.310000 60.320000 1000000 10.155050 10.034386 10.151653 10.036043 0.031863 0.032259 0.152902 0.149461 0.032259 0.031854 0.032259 36000 36519
23 62.310000 60.320000 1000000 10.154146 10.033311 10.150749 10.034968 0.031862 0.032259 0.152902 0.149461 0.032259 0.031852 0.032259 36510 39153
23 62.310000 60.320000 1000000 10.127663 10.005354 10.124239 10.007011 0.031848 0.032259 0.162373 0.159137 0.032259 0.031838 0.032259 39150 40369
23 62.310000 60.320000 1000000 10.112722 9.992451 10.109282 9.994107 0.031836 0.032259 0.152900 0.149459 0.032259 0.031827 0.032259 40360 45722
23 62.310000 60.320000 1000000 10.019207 9.915032 10.012939 9.907011 0.031884 0.032259 0.157108 0.153760 0.032259 0.031876 0.032259 45720 45889
23 62.310000 60.320000 1000000 10.017675 9.913957 10.011405 9.905936 0.031884 0.032259 0.157108 0.153760 0.032259 0.031875 0.032259 45880 48971
23 62.310000 60.320000 1000000 9.996054 9.893527 9.989743 9.885506 0.031873 0.032259 0.156058 0.152687 0.032259 0.031864 0.032259 48970 49064
23 62.310000 60.320000 1000000 9.994939 9.892451 9.988626 9.884431 0.031873 0.032259 0.156058 0.152687 0.032259 0.031864 0.032259 49060 51776
23 62.310000 60.320000 1000000 9.976186 9.876322 9.969837 9.868302 0.031871 0.032259 0.157110 0.153762 0.032259 0.031863 0.032259 51770 54075
23 62.310000 60.320000 1000000 9.967063 9.868795 9.960696 9.860775 0.031870 0.032259 0.156057 0.152687 0.032259 0.031862 0.032259 54070 54592
23 62.310000 60.320000 1000000 9.966586 9.867720 9.960218 9.859700 0.031871 0.032259 0.156057 0.152687 0.032259 0.031862 0.032259 54590 57556
23 62.310000 60.320000 1000000 9.964297 9.864494 9.957924 9.856474 0.031868 0.032259 0.153954 0.150536 0.032259 0.031860 0.032259 57550 61686
23 62.310000 60.320000 1000000 9.943269 9.810731 9.940595 9.821528 0.031855 0.032259 0.155006 0.151612 0.032259 0.031845 0.032259 61680 64373
23 62.310000 60.320000 1000000 9.930608 9.797290 9.927829 9.807235 0.031853 0.032259 0.152378 0.148925 0.032259 0.031843 0.032259 64370 67655
23 62.310000 60.320000 1000000 9.927391 9.795139 9.924610 9.805085 0.031854 0.032259 0.151327 0.147849 0.032259 0.031844 0.032259 64940 68465
23 62.310000 60.320000 1000000 9.889776 9.757505 9.886777 9.765748 0.031845 0.032259 0.159742 0.156451 0.032259 0.031835 0.032259 68460 69690
23 62.310000 60.320000 1000000 9.887789 9.753204 9.884618 9.759744 0.031846 0.032259 0.157638 0.154302 0.032259 0.031836 0.032259 69690 72804
23 62.310000 60.320000 1000000 9.874348 9.742451 9.871164 9.748992 0.031844 0.032259 0.152379 0.148925 0.032259 0.031835 0.032259 72800 83466
23 62.310000 60.320000 1000000 9.858711 9.732774 9.855512 9.739314 0.031850 0.032259 0.148178 0.144624 0.032259 0.031840 0.032259 74670 82947
23 62.310000 60.320000 1000000 9.785502 9.652129 9.782230 9.658670 0.031848 0.032259 0.162902 0.159677 0.032259 0.031838 0.032259 82940 83466
23 62.310000 60.320000 1000000 9.769591 9.639226 9.766303 9.645767 0.031847 0.032259 0.157636 0.154301 0.032259 0.031838 0.032259 83460 85419
23 62.310000 60.320000 1000000 9.761563 9.627398 9.758267 9.633939 0.031837 0.032259 0.154479 0.151074 0.032259 0.031827 0.032259 85410 91635
23 62.310000 60.320000 1000000 9.747709 9.616645 9.744399 9.623186 0.031838 0.032259 0.157636 0.154300 0.032259 0.031828 0.032259 91630 97342
23 62.310000 60.320000 1000000 9.739724 9.605893 9.736290 9.612030 0.031837 0.032259 0.148177 0.144623 0.032259 0.031827 0.032259 97340 99263
23 62.310000 60.320000 1000000 9.727608 9.596215 9.724161 9.602353 0.031830 0.032259 0.153428 0.149998 0.032259 0.031820 0.032259 99260 99578
23 62.310000 60.320000 1000000 9.725097 9.595140 9.721647 9.601278 0.031833 0.032259 0.153428 0.149998 0.032259 0.031823 0.032259 99570 101585
23 62.310000 60.320000 1000000 9.714021 9.585463 9.710559 9.591600 0.031838 0.032259 0.150277 0.146773 0.032259 0.031828 0.032259 101580 104035
23 62.310000 60.320000 1000000 9.710756 9.577936 9.707291 9.584073 0.031832 0.032259 0.145030 0.141397 0.032259 0.031822 0.032259 104030 105622
23 62.310000 60.320000 1000000 9.709760 9.576861 9.706294 9.582998 0.031832 0.032259 0.145030 0.141397 0.032259 0.031823 0.032259 105620 119124
23 62.310000 60.320000 1000000 9.613324 9.494065 9.609753 9.500203 0.031846 0.032259 0.154481 0.151075 0.032259 0.031837 0.032259 119120 119308
23 62.310000 60.320000 1000000 9.612316 9.492990 9.608744 9.499127 0.031847 0.032259 0.154481 0.151075 0.032259 0.031837 0.032259 119300 121732
23 62.310000 60.320000 1000000 9.604996 9.488689 9.601415 9.494826 0.031848 0.032259 0.156584 0.153226 0.032259 0.031839 0.032259 121730 134039
23 62.310000 60.320000 1000000 9.526238 9.426324 9.521234 9.426816 0.031885 0.032259 0.138747 0.134945 0.032259 0.031875 0.032259 134030 134579
23 62.310000 60.320000 1000000 9.525679 9.425248 9.520675 9.425741 0.031885 0.032259 0.139793 0.136020 0.032259 0.031875 0.032259 134570 136186
23 62.310000 60.320000 1000000 9.522074 9.422023 9.517063 9.422515 0.031886 0.032259 0.139794 0.136021 0.032259 0.031876 0.032259 136180 137337
23 62.310000 60.320000 1000000 9.520105 9.418797 9.515092 9.419289 0.031883 0.032259 0.137702 0.133870 0.032259 0.031873 0.032259 137330 139583
23 62.310000 60.320000 1000000 9.519293 9.417722 9.514278 9.418214 0.031883 0.032259 0.136657 0.132795 0.032259 0.031873 0.032259 139580 140609
23 62.310000 60.320000 1000000 9.517681 9.416646 9.512663 9.417139 0.031884 0.032259 0.136657 0.132795 0.032259 0.031875 0.032259 140600 152969
23 62.310000 60.320000 1000000 9.510279 9.410195 9.505495 9.411941 0.031890 0.032259 0.136657 0.132795 0.032259 0.031880 0.032259 152960 156291
23 62.310000 60.320000 1000000 9.505329 9.386539 9.499426 9.378071 0.031891 0.032259 0.128314 0.124193 0.032259 0.031882 0.032259 156290 156882
23 62.310000 60.320000 1000000 9.503658 9.385464 9.497753 9.376995 0.031892 0.032259 0.128314 0.124193 0.032259 0.031883 0.032259 156880 163482
23 62.310000 60.320000 1000000 9.498648 9.382238 9.492734 9.373770 0.031895 0.032259 0.127273 0.123117 0.032259 0.031886 0.032259 163480 166517
23 62.310000 60.320000 1000000 9.497162 9.377937 9.491245 9.369468 0.031893 0.032259 0.124155 0.119891 0.032259 0.031884 0.032259 166510 178810
23 62.310000 60.320000 1000000 9.469705 9.354281 9.463735 9.345813 0.031880 0.032259 0.130396 0.126342 0.032259 0.031871 0.032259 178810 181278
23 62.310000 60.320000 1000000 9.460788 9.348905 9.454801 9.340436 0.031883 0.032259 0.130397 0.126343 0.032259 0.031874 0.032259 181270 183521
23 62.310000 60.320000 1000000 9.460457 9.347829 9.454345 9.338958 0.031883 0.032259 0.130397 0.126343 0.032259 0.031874 0.032259 183520 186163
23 62.310000 60.320000 1000000 9.459283 9.346754 9.453169 9.337883 0.031884 0.032259 0.129355 0.125268 0.032259 0.031875 0.032259 186160 188801
23 62.310000 60.320000 1000000 9.458916 9.345679 9.452802 9.336807 0.031883 0.032259 0.130397 0.126343 0.032259 0.031874 0.032259 188800 193575
23 62.310000 60.320000 1000000 9.443154 9.333851 9.437009 9.324979 0.031883 0.032259 0.132481 0.128494 0.032259 0.031874 0.032259 193570 200667
23 62.310000 60.320000 1000000 9.424979 9.298905 9.417686 9.278968 0.031883 0.032259 0.131959 0.127956 0.032259 0.031875 0.032259 200660 201316
23 62.310000 60.320000 1000000 9.424510 9.297830 9.417215 9.277892 0.031882 0.032259 0.131959 0.127956 0.032259 0.031874 0.032259 201310 206644
23 62.310000 60.320000 1000000 9.420777 9.293529 9.413473 9.273591 0.031875 0.032259 0.130917 0.126880 0.032259 0.031867 0.032259 206640 208988
23 62.310000 60.320000 1000000 9.419076 9.292454 9.411769 9.272516 0.031876 0.032259 0.129875 0.125805 0.032259 0.031867 0.032259 208980 211968
23 62.310000 60.320000 1000000 9.418622 9.291378 9.411313 9.271441 0.031876 0.032259 0.129875 0.125805 0.032259 0.031868 0.032259 211960 214776
23 62.310000 60.320000 1000000 9.417079 9.290303 9.409767 9.270365 0.031876 0.032259 0.130917 0.126880 0.032259 0.031868 0.032259 214770 218666
23 62.310000 60.320000 1000000 9.413011 9.286002 9.405690 9.266064 0.031871 0.032259 0.133002 0.129031 0.032259 0.031863 0.032259 218660 222228
23 62.310000 60.320000 1000000 9.412736 9.284927 9.405414 9.264989 0.031871 0.032259 0.134045 0.130106 0.032259 0.031863 0.032259 222220 239402
23 62.310000 60.320000 1000000 9.387587 9.226863 9.384515 9.230177 0.031858 0.032259 0.119488 0.115052 0.032259 0.031847 0.032259 239400 255154
23 62.310000 60.320000 1000000 9.374694 9.217185 9.371610 9.220500 0.031863 0.032259 0.118454 0.113977 0.032259 0.031852 0.032259 255150 265548
23 62.310000 60.320000 1000000 9.359137 9.207508 9.356037 9.210822 0.031867 0.032259 0.117418 0.112900 0.032259 0.031856 0.032259 265540 268421
23 62.310000 60.320000 1000000 9.357216 9.206432 9.354114 9.209747 0.031868 0.032259 0.116385 0.111825 0.032259 0.031857 0.032259 268420 283430
23 62.310000 60.320000 1000000 9.354692 9.203206 9.351587 9.206521 0.031865 0.032259 0.118453 0.113976 0.032259 0.031854 0.032259 283430 304114
23 62.310000 60.320000 1000000 9.339573 9.187078 9.336157 9.186988 0.031872 0.032259 0.114321 0.109675 0.032259 0.031861 0.032259 304110 313286
23 62.310000 60.320000 1000000 9.307537 9.167723 9.304085 9.167633 0.031880 0.032259 0.115354 0.110752 0.032259 0.031869 0.032259 313280 317284
23 62.310000 60.320000 1000000 9.305646 9.166648 9.302192 9.166557 0.031881 0.032259 0.114322 0.109677 0.032259 0.031870 0.032259 317280 320660
23 62.310000 60.320000 1000000 9.303688 9.165572 9.300232 9.165482 0.031882 0.032259 0.114322 0.109677 0.032259 0.031871 0.032259 320660 322865
23 62.310000 60.320000 1000000 9.301939 9.164497 9.298481 9.164407 0.031883 0.032259 0.114322 0.109677 0.032259 0.031872 0.032259 322860 341315
23 62.310000 60.320000 1000000 9.291141 9.153744 9.287671 9.153654 0.031876 0.032259 0.106098 0.101075 0.032259 0.031865 0.032259 341310 347726
23 62.310000 60.320000 1000000 9.281412 9.133314 9.280008 9.149532 0.031874 0.032259 0.108149 0.103226 0.032259 0.031865 0.032259 347720 359266
23 62.310000 60.320000 1000000 9.268090 9.125787 9.266680 9.142005 0.031882 0.032259 0.104052 0.098925 0.032259 0.031873 0.032259 359260 363871
23 62.310000 60.320000 1000000 9.262780 9.121486 9.261368 9.137704 0.031882 0.032259 0.099972 0.094624 0.032259 0.031873 0.032259 363870 365317
23 62.310000 60.320000 1000000 9.261619 9.118261 9.260207 9.134479 0.031880 0.032259 0.097939 0.092473 0.032259 0.031871 0.032259 365310 371725
23 62.310000 60.320000 1000000 9.246807 9.108583 9.245388 9.124801 0.031883 0.032259 0.098954 0.093548 0.032259 0.031874 0.032259 371720 392211
23 62.310000 60.320000 1000000 9.227144 9.073637 9.225110 9.082194 0.031877 0.032259 0.095403 0.089784 0.032259 0.031868 0.032259 392210 394671
23 62.310000 60.320000 1000000 9.225347 9.072562 9.223312 9.081119 0.031877 0.032259 0.095403 0.089784 0.032259 0.031868 0.032259 394670 401813
23 62.310000 60.320000 1000000 9.217198 9.067186 9.215158 9.075743 0.031879 0.032259 0.098445 0.093009 0.032259 0.031870 0.032259 401810 403571
23 62.310000 60.320000 1000000 9.216180 9.066111 9.214139 9.074667 0.031880 0.032259 0.099461 0.094084 0.032259 0.031871 0.032259 403570 408768
23 62.310000 60.320000 1000000 9.207786 9.059659 9.205740 9.068216 0.031886 0.032259 0.098444 0.093009 0.032259 0.031877 0.032259 408760 424273
23 62.310000 60.320000 1000000 9.192893 9.038154 9.190836 9.046710 0.031885 0.032259 0.096416 0.090859 0.032259 0.031876 0.032259 424270 456477
23 62.310000 60.320000 1000000 9.161374 9.015573 9.159297 9.024130 0.031892 0.032259 0.096416 0.090860 0.032259 0.031883 0.032259 456470 461442
23 62.310000 60.320000 1000000 9.139227 9.001595 9.137135 9.010151 0.031894 0.032259 0.098445 0.093010 0.032259 0.031885 0.032259 461440 461935
23 62.310000 60.320000 1000000 9.137627 9.000519 9.135533 9.009076 0.031896 0.032259 0.097430 0.091935 0.032259 0.031887 0.032259 461930 490780
23 62.310000 60.320000 1000000 9.124528 8.987616 9.122975 9.001191 0.031902 0.032259 0.093382 0.087634 0.032259 0.031894 0.032259 490780 504042
23 62.310000 60.320000 1000000 9.123129 8.986541 9.121575 9.000116 0.031901 0.032259 0.094392 0.088709 0.032259 0.031893 0.032259 504040 574022
23 62.310000 60.320000 1000000 9.068655 8.936003 9.067073 8.949578 0.031908 0.032259 0.086358 0.080107 0.032259 0.031900 0.032259 574020 597288
23 62.310000 60.320000 1000000 9.050738 8.923100 9.049146 8.936675 0.031903 0.032259 0.086358 0.080107 0.032259 0.031895 0.032259 597280 627177
23 62.310000 60.320000 1000000 9.046043 8.913422 9.044727 8.928252 0.031898 0.032259 0.093383 0.087634 0.032259 0.031890 0.032259 627170 661641
23 62.310000 60.320000 1000000 9.008941 8.887616 9.007609 8.902445 0.031910 0.032259 0.097431 0.091936 0.032259 0.031902 0.032259 661640 686549
23 62.310000 60.320000 1000000 9.003084 8.879014 9.001750 8.893843 0.031910 0.032259 0.093384 0.087635 0.032259 0.031901 0.032259 686540 698770
23 62.310000 60.320000 1000000 9.002528 8.877938 9.001193 8.892768 0.031908 0.032259 0.093384 0.087635 0.032259 0.031900 0.032259 698770 702901
23 62.310000 60.320000 1000000 8.996735 8.874713 8.995398 8.889542 0.031912 0.032259 0.091369 0.085485 0.032259 0.031903 0.032259 702900 745192
23 62.310000 60.320000 1000000 8.995534 8.869336 8.994068 8.883359 0.031909 0.032259 0.094393 0.088710 0.032259 0.031901 0.032259 745190 780963
23 62.310000 60.320000 1000000 8.995045 8.868261 8.993579 8.882284 0.031909 0.032259 0.093384 0.087635 0.032259 0.031900 0.032259 780960 812168
23 62.310000 60.320000 1000000 8.991173 8.840842 8.989783 8.847562 0.031908 0.032259 0.088859 0.082796 0.032259 0.031898 0.032259 812160 831819
23 62.310000 60.320000 1000000 8.986652 8.837616 8.985259 8.844336 0.031908 0.032259 0.086858 0.080646 0.032259 0.031898 0.032259 831810 834061
23 62.310000 60.320000 1000000 8.986365 8.836541 8.984972 8.843261 0.031907 0.032259 0.086858 0.080646 0.032259 0.031897 0.032259 834060 834306
23 62.310000 60.320000 1000000 8.984731 8.835466 8.983338 8.842186 0.031909 0.032259 0.087857 0.081721 0.032259 0.031898 0.032259 834300 917900
23 62.310000 60.320000 1000000 8.952024 8.801057 8.950615 8.807777 0.031885 0.032259 0.090866 0.084948 0.032259 0.031875 0.032259 917900 939224
23 62.310000 60.320000 1000000 8.945614 8.794606 8.944203 8.801326 0.031876 0.032259 0.090866 0.084947 0.032259 0.031866 0.032259 939220 942735
23 62.310000 60.320000 1000000 8.945212 8.793530 8.943800 8.800250 0.031876 0.032259 0.090866 0.084947 0.032259 0.031866 0.032259 942730 1000000
