55 62.310000 60.320000 1000000 14.880841 14.542436 14.878586 14.540508 0.032139 0.032259 0.203117 0.200539 0.032259 0.032131 0.032259 0 50
55 62.310000 60.320000 1000000 14.062603 13.826845 14.058609 13.814971 0.032112 0.032259 0.319910 0.318280 0.032259 0.032103 0.032259 50 60
55 62.310000 60.320000 1000000 13.643995 13.508567 13.641996 13.513001 0.032142 0.032259 0.276082 0.274191 0.032259 0.032133 0.032259 60 70
55 62.310000 60.320000 1000000 13.451123 13.306418 13.448158 13.305521 0.032156 0.032259 0.218523 0.216129 0.032259 0.032147 0.032259 70 80
55 62.310000 60.320000 1000000 13.334141 13.197816 13.331097 13.196918 0.032166 0.032259 0.202583 0.199998 0.032259 0.032156 0.032259 80 90
55 62.310000 60.320000 1000000 13.241274 13.110719 13.238072 13.109419 0.032155 0.032259 0.201524 0.198925 0.032259 0.032145 0.032259 90 104
55 62.310000 60.320000 1000000 13.206896 13.075236 13.203669 13.073935 0.032150 0.032259 0.214269 0.211827 0.032259 0.032141 0.032259 100 110
55 62.310000 60.320000 1000000 13.129344 13.007494 13.126604 13.009957 0.032156 0.032259 0.199399 0.196772 0.032259 0.032147 0.032259 110 122
55 62.310000 60.320000 1000000 13.103147 12.967709 13.101115 12.975190 0.032149 0.032259 0.211080 0.208600 0.032259 0.032140 0.032259 120 131
55 62.310000 60.320000 1000000 13.052760 12.921473 13.050705 12.928953 0.032154 0.032259 0.193037 0.190322 0.032259 0.032145 0.032259 130 140
55 62.310000 60.320000 1000000 12.954247 12.850505 12.952144 12.857985 0.032175 0.032259 0.185620 0.182796 0.032259 0.032166 0.032259 140 150
55 62.310000 60.320000 1000000 12.898839 12.808569 12.896709 12.816050 0.032180 0.032259 0.183502 0.180645 0.032259 0.032171 0.032259 150 163
55 62.310000 60.320000 1000000 12.870497 12.785989 12.868353 12.793469 0.032181 0.032259 0.191977 0.189247 0.032259 0.032172 0.032259 160 172
55 62.310000 60.320000 1000000 12.844044 12.745666 12.841401 12.749384 0.032179 0.032259 0.193568 0.190861 0.032259 0.032170 0.032259 170 181
55 62.310000 60.320000 1000000 12.832715 12.727387 12.830065 12.731104 0.032177 0.032259 0.185091 0.182258 0.032259 0.032168 0.032259 180 192
55 62.310000 60.320000 1000000 12.804073 12.697279 12.801405 12.700997 0.032174 0.032259 0.178742 0.175807 0.032259 0.032165 0.032259 190 202
55 62.310000 60.320000 1000000 12.774404 12.662871 12.771717 12.666588 0.032174 0.032259 0.170288 0.167204 0.032259 0.032164 0.032259 200 210
55 62.310000 60.320000 1000000 12.749649 12.623086 12.746448 12.623488 0.032168 0.032259 0.177684 0.174731 0.032259 0.032158 0.032259 210 225
55 62.310000 60.320000 1000000 12.728096 12.604807 12.724878 12.605209 0.032163 0.032259 0.176627 0.173656 0.032259 0.032153 0.032259 220 239
55 62.310000 60.320000 1000000 12.704664 12.583302 12.701429 12.583703 0.032159 0.032259 0.179799 0.176882 0.032259 0.032149 0.032259 230 240
55 62.310000 60.320000 1000000 12.676203 12.557495 12.672946 12.557897 0.032159 0.032259 0.165012 0.161828 0.032259 0.032150 0.032259 240 253
55 62.310000 60.320000 1000000 12.642521 12.523087 12.639238 12.523489 0.032146 0.032259 0.176625 0.173655 0.032259 0.032137 0.032259 250 264
55 62.310000 60.320000 1000000 12.638701 12.518786 12.635415 12.519188 0.032145 0.032259 0.172399 0.169354 0.032259 0.032136 0.032259 260 280
55 62.310000 60.320000 1000000 12.591021 12.472549 12.587697 12.472951 0.032152 0.032259 0.176626 0.173656 0.032259 0.032142 0.032259 280 298
55 62.310000 60.320000 1000000 12.564220 12.455345 12.560874 12.455747 0.032155 0.032259 0.163956 0.160752 0.032259 0.032146 0.032259 290 311
55 62.310000 60.320000 1000000 12.502349 12.396205 12.498646 12.395397 0.032160 0.032259 0.154479 0.151073 0.032259 0.032150 0.032259 310 335
55 62.310000 60.320000 1000000 12.482405 12.370399 12.478684 12.369591 0.032149 0.032259 0.159740 0.156449 0.032259 0.032140 0.032259 330 358
55 62.310000 60.320000 1000000 12.466450 12.358571 12.462714 12.357763 0.032155 0.032259 0.154478 0.151073 0.032259 0.032145 0.032259 350 427
55 62.310000 60.320000 1000000 12.441801 12.318248 12.436778 12.305657 0.032159 0.032259 0.153953 0.150536 0.032259 0.032149 0.032259 360 370
55 62.310000 60.320000 1000000 12.439387 12.311796 12.433916 12.297189 0.032158 0.032259 0.153954 0.150536 0.032259 0.032148 0.032259 370 412
55 62.310000 60.320000 1000000 12.383914 12.265560 12.378283 12.250550 0.032159 0.032259 0.142410 0.138708 0.032259 0.032149 0.032259 410 427
55 62.310000 60.320000 1000000 12.381706 12.259647 12.375854 12.242083 0.032159 0.032259 0.142935 0.139248 0.032259 0.032149 0.032259 420 451
55 62.310000 60.320000 1000000 12.365721 12.232765 12.361957 12.229000 0.032153 0.032259 0.138749 0.134947 0.032259 0.032143 0.032259 450 488
55 62.310000 60.320000 1000000 12.355680 12.224163 12.351906 12.220398 0.032153 0.032259 0.140842 0.137098 0.032259 0.032143 0.032259 460 471
55 62.310000 60.320000 1000000 12.346786 12.217711 12.343005 12.213946 0.032154 0.032259 0.140842 0.137098 0.032259 0.032144 0.032259 470 488
55 62.310000 60.320000 1000000 12.344798 12.216636 12.341015 12.212871 0.032155 0.032259 0.139795 0.136022 0.032259 0.032145 0.032259 480 493
55 62.310000 60.320000 1000000 12.337714 12.210184 12.334099 12.207674 0.032157 0.032259 0.145032 0.141399 0.032259 0.032148 0.032259 490 517
55 62.310000 60.320000 1000000 12.325686 12.198356 12.322233 12.197101 0.032161 0.032259 0.137704 0.133872 0.032259 0.032152 0.032259 510 520
55 62.310000 60.320000 1000000 12.310378 12.174163 12.306769 12.171653 0.032155 0.032259 0.138226 0.134409 0.032259 0.032146 0.032259 520 530
55 62.310000 60.320000 1000000 12.263144 12.118249 12.260336 12.120757 0.032133 0.032259 0.128836 0.124732 0.032259 0.032124 0.032259 530 561
55 62.310000 60.320000 1000000 12.245345 12.101045 12.242427 12.103150 0.032137 0.032259 0.128835 0.124731 0.032259 0.032128 0.032259 560 581
55 62.310000 60.320000 1000000 12.239589 12.094594 12.236667 12.096698 0.032138 0.032259 0.128835 0.124731 0.032259 0.032129 0.032259 580 591
55 62.310000 60.320000 1000000 12.232419 12.087067 12.229492 12.089171 0.032137 0.032259 0.127794 0.123656 0.032259 0.032128 0.032259 590 623
55 62.310000 60.320000 1000000 12.213402 12.063411 12.210462 12.065515 0.032134 0.032259 0.118456 0.113979 0.032259 0.032125 0.032259 620 646
55 62.310000 60.320000 1000000 12.192585 12.040831 12.189629 12.042935 0.032119 0.032259 0.133005 0.129034 0.032259 0.032110 0.032259 640 666
55 62.310000 60.320000 1000000 12.190730 12.039755 12.187773 12.041860 0.032120 0.032259 0.134048 0.130109 0.032259 0.032110 0.032259 660 690
55 62.310000 60.320000 1000000 12.172384 12.025777 12.169414 12.027882 0.032121 0.032259 0.142412 0.138710 0.032259 0.032112 0.032259 690 707
55 62.310000 60.320000 1000000 12.169149 12.021476 12.166176 12.023581 0.032120 0.032259 0.140318 0.136560 0.032259 0.032110 0.032259 700 711
55 62.310000 60.320000 1000000 12.149318 12.006422 12.146331 12.008527 0.032124 0.032259 0.136136 0.132258 0.032259 0.032114 0.032259 710 729
55 62.310000 60.320000 1000000 12.144421 11.999971 12.141429 12.002075 0.032120 0.032259 0.136136 0.132258 0.032259 0.032110 0.032259 720 745
55 62.310000 60.320000 1000000 12.144157 11.998895 12.141067 12.000597 0.032120 0.032259 0.137180 0.133334 0.032259 0.032110 0.032259 740 777
55 62.310000 60.320000 1000000 12.090956 11.959648 12.087765 11.960499 0.032117 0.032259 0.134569 0.130646 0.032259 0.032108 0.032259 770 791
55 62.310000 60.320000 1000000 12.086559 11.954272 12.083364 11.955122 0.032116 0.032259 0.131440 0.127420 0.032259 0.032107 0.032259 790 816
55 62.310000 60.320000 1000000 12.051193 11.923090 12.047970 11.923940 0.032111 0.032259 0.142935 0.139247 0.032259 0.032102 0.032259 810 853
55 62.310000 60.320000 1000000 12.025365 11.897283 12.022121 11.898133 0.032096 0.032259 0.141886 0.138170 0.032259 0.032087 0.032259 850 883
55 62.310000 60.320000 1000000 12.016150 11.885455 12.012898 11.886305 0.032090 0.032259 0.143982 0.140322 0.032259 0.032081 0.032259 860 885
55 62.310000 60.320000 1000000 12.001915 11.865025 11.998207 11.860768 0.032090 0.032259 0.140841 0.137097 0.032259 0.032081 0.032259 880 898
55 62.310000 60.320000 1000000 12.001730 11.863950 11.998238 11.860947 0.032090 0.032259 0.139794 0.136022 0.032259 0.032081 0.032259 890 923
55 62.310000 60.320000 1000000 11.974484 11.832768 11.970867 11.829362 0.032068 0.032259 0.132483 0.128495 0.032259 0.032058 0.032259 920 948
55 62.310000 60.320000 1000000 11.972303 11.829542 11.969110 11.828645 0.032069 0.032259 0.130399 0.126346 0.032259 0.032060 0.032259 940 958
55 62.310000 60.320000 1000000 11.971274 11.828467 11.968080 11.827569 0.032068 0.032259 0.130399 0.126346 0.032259 0.032059 0.032259 950 1045
55 62.310000 60.320000 1000000 11.905662 11.770403 11.902415 11.769505 0.032060 0.032259 0.137706 0.133874 0.032259 0.032051 0.032259 1040 1063
55 62.310000 60.320000 1000000 11.897848 11.763951 11.894595 11.763054 0.032062 0.032259 0.133529 0.129573 0.032259 0.032053 0.032259 1060 1070
55 62.310000 60.320000 1000000 11.893143 11.759650 11.889886 11.758753 0.032063 0.032259 0.132485 0.128498 0.032259 0.032053 0.032259 1070 1106
55 62.310000 60.320000 1000000 11.878877 11.747822 11.875608 11.746925 0.032067 0.032259 0.132485 0.128498 0.032259 0.032057 0.032259 1100 1135
55 62.310000 60.320000 1000000 11.871420 11.740295 11.868144 11.739398 0.032064 0.032259 0.128318 0.124197 0.032259 0.032054 0.032259 1130 1156
55 62.310000 60.320000 1000000 11.860454 11.728467 11.857360 11.728824 0.032065 0.032259 0.121047 0.116670 0.032259 0.032056 0.032259 1150 1169
55 62.310000 60.320000 1000000 11.857852 11.724166 11.854756 11.724523 0.032065 0.032259 0.121047 0.116670 0.032259 0.032056 0.032259 1160 1186
55 62.310000 60.320000 1000000 11.847114 11.713413 11.844009 11.713771 0.032062 0.032259 0.124160 0.119896 0.032259 0.032053 0.032259 1180 1228
55 62.310000 60.320000 1000000 11.836942 11.700510 11.833829 11.700868 0.032060 0.032259 0.121048 0.116670 0.032259 0.032051 0.032259 1220 1234
55 62.310000 60.320000 1000000 11.832912 11.691908 11.829796 11.692266 0.032059 0.032259 0.120011 0.115595 0.032259 0.032050 0.032259 1230 1244
55 62.310000 60.320000 1000000 11.832585 11.690833 11.829469 11.691190 0.032059 0.032259 0.121047 0.116670 0.032259 0.032050 0.032259 1240 1265
55 62.310000 60.320000 1000000 11.828033 11.681156 11.824730 11.681154 0.032058 0.032259 0.113811 0.109144 0.032259 0.032049 0.032259 1260 1283
55 62.310000 60.320000 1000000 11.826074 11.680080 11.822769 11.680079 0.032059 0.032259 0.112782 0.108070 0.032259 0.032049 0.032259 1280 1357
55 62.310000 60.320000 1000000 11.812724 11.669328 11.809408 11.669327 0.032059 0.032259 0.113813 0.109145 0.032259 0.032050 0.032259 1350 1370
55 62.310000 60.320000 1000000 11.802959 11.656424 11.799635 11.656423 0.032052 0.032259 0.113813 0.109145 0.032259 0.032043 0.032259 1370 1401
55 62.310000 60.320000 1000000 11.791834 11.648897 11.788501 11.648896 0.032053 0.032259 0.117944 0.113446 0.032259 0.032043 0.032259 1400 1442
55 62.310000 60.320000 1000000 11.779969 11.619865 11.776625 11.619864 0.032049 0.032259 0.137708 0.133876 0.032259 0.032039 0.032259 1440 1488
55 62.310000 60.320000 1000000 11.723366 11.574167 11.719909 11.573314 0.032059 0.032259 0.155013 0.151619 0.032259 0.032050 0.032259 1480 1547
55 62.310000 60.320000 1000000 11.701036 11.558038 11.697559 11.557185 0.032059 0.032259 0.157116 0.153769 0.032259 0.032049 0.032259 1540 1632
55 62.310000 60.320000 1000000 11.679096 11.538683 11.675599 11.537830 0.032059 0.032259 0.155011 0.151617 0.032259 0.032049 0.032259 1630 1653
55 62.310000 60.320000 1000000 11.676352 11.536532 11.672853 11.535680 0.032059 0.032259 0.156062 0.152692 0.032259 0.032050 0.032259 1650 1692
55 62.310000 60.320000 1000000 11.669347 11.532231 11.665842 11.531379 0.032061 0.032259 0.155011 0.151617 0.032259 0.032052 0.032259 1690 1716
55 62.310000 60.320000 1000000 11.661071 11.526855 11.657557 11.526003 0.032062 0.032259 0.155010 0.151616 0.032259 0.032052 0.032259 1710 1787
55 62.310000 60.320000 1000000 11.627850 11.481693 11.624307 11.480841 0.032042 0.032259 0.170819 0.167745 0.032259 0.032033 0.032259 1780 1837
55 62.310000 60.320000 1000000 11.622209 11.469865 11.618856 11.470268 0.032039 0.032259 0.168707 0.165595 0.032259 0.032030 0.032259 1830 1864
55 62.310000 60.320000 1000000 11.621184 11.468790 11.617830 11.469192 0.032039 0.032259 0.168707 0.165595 0.032259 0.032030 0.032259 1860 1975
55 62.310000 60.320000 1000000 11.600903 11.451586 11.597532 11.451988 0.032032 0.032259 0.168707 0.165594 0.032259 0.032022 0.032259 1970 2069
55 62.310000 60.320000 1000000 11.595270 11.445134 11.591783 11.445133 0.032029 0.032259 0.167650 0.164517 0.032259 0.032019 0.032259 2060 2207
55 62.310000 60.320000 1000000 11.558574 11.412339 11.554988 11.411486 0.032019 0.032259 0.170289 0.167206 0.032259 0.032010 0.032259 2200 2234
55 62.310000 60.320000 1000000 11.558226 11.411263 11.554640 11.410411 0.032019 0.032259 0.171345 0.168281 0.032259 0.032010 0.032259 2230 2681
55 62.310000 60.320000 1000000 11.548441 11.397285 11.544846 11.396433 0.032020 0.032259 0.160797 0.157528 0.032259 0.032011 0.032259 2330 2396
55 62.310000 60.320000 1000000 11.545841 11.394059 11.542243 11.393207 0.032018 0.032259 0.159744 0.156453 0.032259 0.032008 0.032259 2390 2737
55 62.310000 60.320000 1000000 11.498973 11.354274 11.495331 11.353422 0.032001 0.032259 0.174514 0.171507 0.032259 0.031992 0.032259 2570 2646
55 62.310000 60.320000 1000000 11.498523 11.353199 11.494880 11.352347 0.032001 0.032259 0.173458 0.170432 0.032259 0.031992 0.032259 2640 2737
55 62.310000 60.320000 1000000 11.488887 11.346748 11.485235 11.345895 0.032002 0.032259 0.177686 0.174733 0.032259 0.031993 0.032259 2730 2772
55 62.310000 60.320000 1000000 11.486878 11.345672 11.483225 11.344820 0.032004 0.032259 0.176628 0.173658 0.032259 0.031995 0.032259 2770 2793
55 62.310000 60.320000 1000000 11.486677 11.344597 11.483258 11.344999 0.032004 0.032259 0.176628 0.173657 0.032259 0.031995 0.032259 2790 2801
55 62.310000 60.320000 1000000 11.485812 11.343522 11.482392 11.343924 0.032003 0.032259 0.177685 0.174732 0.032259 0.031993 0.032259 2800 2831
55 62.310000 60.320000 1000000 11.481266 11.337070 11.477842 11.337472 0.032002 0.032259 0.177685 0.174732 0.032259 0.031993 0.032259 2830 2851
55 62.310000 60.320000 1000000 11.462805 11.323092 11.459365 11.323494 0.031998 0.032259 0.173457 0.170431 0.032259 0.031989 0.032259 2850 2872
55 62.310000 60.320000 1000000 11.460718 11.322016 11.457276 11.322419 0.032000 0.032259 0.174514 0.171506 0.032259 0.031990 0.032259 2870 2888
55 62.310000 60.320000 1000000 11.458879 11.320941 11.455436 11.321343 0.032000 0.032259 0.174514 0.171506 0.032259 0.031991 0.032259 2880 3003
55 62.310000 60.320000 1000000 11.457525 11.319866 11.454080 11.320268 0.031999 0.032259 0.174514 0.171506 0.032259 0.031990 0.032259 3000 3038
55 62.310000 60.320000 1000000 11.449044 11.313414 11.445592 11.313816 0.032001 0.032259 0.178742 0.175807 0.032259 0.031992 0.032259 3030 3044
55 62.310000 60.320000 1000000 11.447380 11.312339 11.443926 11.312741 0.032002 0.032259 0.177685 0.174732 0.032259 0.031993 0.032259 3040 3090
55 62.310000 60.320000 1000000 11.431309 11.290834 11.428076 11.292490 0.031994 0.032259 0.178743 0.175808 0.032259 0.031984 0.032259 3090 3195
55 62.310000 60.320000 1000000 11.415872 11.272554 11.412308 11.270806 0.031996 0.032259 0.172403 0.169358 0.032259 0.031987 0.032259 3190 3246
55 62.310000 60.320000 1000000 11.405325 11.262877 11.401750 11.261129 0.031990 0.032259 0.177687 0.174734 0.032259 0.031981 0.032259 3240 3324
55 62.310000 60.320000 1000000 11.384701 11.243522 11.381107 11.241774 0.031984 0.032259 0.170290 0.167207 0.032259 0.031975 0.032259 3320 3354
55 62.310000 60.320000 1000000 11.379308 11.227393 11.375708 11.225645 0.031984 0.032259 0.170290 0.167207 0.032259 0.031974 0.032259 3350 3506
55 62.310000 60.320000 1000000 11.351725 11.171479 11.346166 11.162114 0.031965 0.032259 0.182976 0.180110 0.032259 0.031955 0.032259 3500 3563
55 62.310000 60.320000 1000000 11.349531 11.170404 11.343969 11.161039 0.031966 0.032259 0.182976 0.180110 0.032259 0.031957 0.032259 3560 3651
55 62.310000 60.320000 1000000 11.347369 11.169329 11.341805 11.159964 0.031968 0.032259 0.182976 0.180110 0.032259 0.031958 0.032259 3650 3714
55 62.310000 60.320000 1000000 11.340402 11.162877 11.334828 11.153512 0.031966 0.032259 0.184034 0.181185 0.032259 0.031957 0.032259 3710 3755
55 62.310000 60.320000 1000000 11.339747 11.161802 11.334171 11.152437 0.031965 0.032259 0.184034 0.181185 0.032259 0.031956 0.032259 3750 3849
55 62.310000 60.320000 1000000 11.329388 11.148899 11.323796 11.139534 0.031950 0.032259 0.185091 0.182258 0.032259 0.031940 0.032259 3840 4030
55 62.310000 60.320000 1000000 11.292484 11.122017 11.286838 11.112652 0.031950 0.032259 0.178742 0.175807 0.032259 0.031941 0.032259 4030 4088
55 62.310000 60.320000 1000000 11.277095 11.110189 11.271425 11.100824 0.031953 0.032259 0.180857 0.177957 0.032259 0.031943 0.032259 4080 4119
55 62.310000 60.320000 1000000 11.275629 11.109114 11.269957 11.099749 0.031954 0.032259 0.179799 0.176882 0.032259 0.031944 0.032259 4110 4145
55 62.310000 60.320000 1000000 11.267011 11.102662 11.261327 11.093297 0.031954 0.032259 0.181915 0.179032 0.032259 0.031945 0.032259 4140 4329
55 62.310000 60.320000 1000000 11.261511 11.095135 11.255818 11.085770 0.031947 0.032259 0.177684 0.174731 0.032259 0.031938 0.032259 4320 4485
55 62.310000 60.320000 1000000 11.247341 11.086533 11.241626 11.077168 0.031950 0.032259 0.176627 0.173656 0.032259 0.031940 0.032259 4480 4497
55 62.310000 60.320000 1000000 11.246865 11.085458 11.241150 11.076093 0.031949 0.032259 0.177684 0.174731 0.032259 0.031940 0.032259 4490 4640
55 62.310000 60.320000 1000000 11.218497 11.063953 11.212738 11.054588 0.031948 0.032259 0.170288 0.167205 0.032259 0.031939 0.032259 4640 4814
55 62.310000 60.320000 1000000 11.212077 11.055350 11.206309 11.045986 0.031942 0.032259 0.171344 0.168280 0.032259 0.031933 0.032259 4810 4890
55 62.310000 60.320000 1000000 11.209419 11.049974 11.203646 11.040609 0.031941 0.032259 0.171344 0.168280 0.032259 0.031932 0.032259 4890 4953
55 62.310000 60.320000 1000000 11.202947 11.039221 11.197410 11.031111 0.031937 0.032259 0.166067 0.162904 0.032259 0.031927 0.032259 4950 5238
55 62.310000 60.320000 1000000 11.124806 10.988684 11.118939 10.979768 0.031948 0.032259 0.191447 0.188710 0.032259 0.031939 0.032259 5230 5364
55 62.310000 60.320000 1000000 11.110243 10.972555 11.104352 10.963638 0.031948 0.032259 0.179800 0.176883 0.032259 0.031939 0.032259 5360 5421
55 62.310000 60.320000 1000000 11.107443 10.970405 11.101548 10.961488 0.031948 0.032259 0.179801 0.176883 0.032259 0.031938 0.032259 5420 5808
55 62.310000 60.320000 1000000 11.050620 10.891911 11.049115 10.909338 0.031947 0.032259 0.188268 0.185484 0.032259 0.031937 0.032259 5800 5945
55 62.310000 60.320000 1000000 11.049857 10.890835 11.048352 10.908262 0.031945 0.032259 0.189327 0.186558 0.032259 0.031936 0.032259 5940 6449
55 62.310000 60.320000 1000000 11.025259 10.870405 11.023744 10.887832 0.031936 0.032259 0.184031 0.181182 0.032259 0.031926 0.032259 6440 6464
55 62.310000 60.320000 1000000 11.023765 10.869330 11.022249 10.886757 0.031936 0.032259 0.184031 0.181182 0.032259 0.031927 0.032259 6460 6502
55 62.310000 60.320000 1000000 11.019529 10.866104 11.018011 10.883531 0.031937 0.032259 0.180856 0.177956 0.032259 0.031927 0.032259 6500 6773
55 62.310000 60.320000 1000000 10.953592 10.826319 10.952046 10.843746 0.031976 0.032259 0.159741 0.156450 0.032259 0.031967 0.032259 6770 6823
55 62.310000 60.320000 1000000 10.952825 10.825244 10.951279 10.842671 0.031975 0.032259 0.160795 0.157526 0.032259 0.031965 0.032259 6820 6887
55 62.310000 60.320000 1000000 10.945951 10.815567 10.944402 10.832994 0.031976 0.032259 0.156584 0.153225 0.032259 0.031966 0.032259 6880 7339
55 62.310000 60.320000 1000000 10.884403 10.759653 10.882672 10.775378 0.031945 0.032259 0.165010 0.161826 0.032259 0.031936 0.032259 7330 7583
55 62.310000 60.320000 1000000 10.875788 10.745675 10.874053 10.761399 0.031937 0.032259 0.166064 0.162901 0.032259 0.031928 0.032259 7580 8064
55 62.310000 60.320000 1000000 10.825280 10.701589 10.823521 10.717313 0.031928 0.032259 0.172398 0.169353 0.032259 0.031918 0.032259 8060 8101
55 62.310000 60.320000 1000000 10.824365 10.700513 10.822605 10.716238 0.031926 0.032259 0.171342 0.168278 0.032259 0.031917 0.032259 8100 8165
55 62.310000 60.320000 1000000 10.823621 10.699438 10.821862 10.715163 0.031926 0.032259 0.172398 0.169353 0.032259 0.031917 0.032259 8160 8740
55 62.310000 60.320000 1000000 10.810859 10.692987 10.809093 10.708711 0.031936 0.032259 0.172398 0.169353 0.032259 0.031926 0.032259 8740 9242
55 62.310000 60.320000 1000000 10.785550 10.652127 10.783658 10.667448 0.031931 0.032259 0.186147 0.183331 0.032259 0.031922 0.032259 9240 9533
55 62.310000 60.320000 1000000 10.768377 10.640299 10.766476 10.655620 0.031929 0.032259 0.174511 0.171503 0.032259 0.031919 0.032259 9530 9876
55 62.310000 60.320000 1000000 10.755942 10.624707 10.753943 10.639177 0.031923 0.032259 0.169758 0.166665 0.032259 0.031913 0.032259 9870 10365
55 62.310000 60.320000 1000000 10.690525 10.558041 10.688489 10.572511 0.031919 0.032259 0.143458 0.139784 0.032259 0.031909 0.032259 10360 10614
55 62.310000 60.320000 1000000 10.674739 10.548363 10.672693 10.562833 0.031931 0.032259 0.144507 0.140860 0.032259 0.031921 0.032259 10610 11591
55 62.310000 60.320000 1000000 10.667123 10.536535 10.665073 10.551005 0.031916 0.032259 0.153956 0.150539 0.032259 0.031907 0.032259 10890 11437
55 62.310000 60.320000 1000000 10.661253 10.495676 10.658583 10.498139 0.031915 0.032259 0.146606 0.143013 0.032259 0.031906 0.032259 11430 11591
55 62.310000 60.320000 1000000 10.638950 10.465568 10.636263 10.468032 0.031907 0.032259 0.149755 0.146240 0.032259 0.031898 0.032259 11590 12056
55 62.310000 60.320000 1000000 10.625887 10.451590 10.623190 10.454053 0.031898 0.032259 0.149755 0.146239 0.032259 0.031888 0.032259 12050 12775
55 62.310000 60.320000 1000000 10.625447 10.450514 10.622750 10.452978 0.031898 0.032259 0.148705 0.145164 0.032259 0.031888 0.032259 12770 13649
55 62.310000 60.320000 1000000 10.607355 10.436536 10.604644 10.438999 0.031898 0.032259 0.146606 0.143013 0.032259 0.031888 0.032259 13640 14969
55 62.310000 60.320000 1000000 10.560706 10.387074 10.557959 10.389537 0.031890 0.032259 0.148704 0.145163 0.032259 0.031880 0.032259 14960 14976
55 62.310000 60.320000 1000000 10.559264 10.385998 10.556516 10.388462 0.031890 0.032259 0.148704 0.145163 0.032259 0.031880 0.032259 14970 15049
55 62.310000 60.320000 1000000 10.557758 10.384923 10.555009 10.387386 0.031890 0.032259 0.147654 0.144087 0.032259 0.031880 0.032259 15040 15637
55 62.310000 60.320000 1000000 10.545567 10.366644 10.542808 10.369107 0.031885 0.032259 0.149754 0.146238 0.032259 0.031876 0.032259 15630 15738
55 62.310000 60.320000 1000000 10.543799 10.365568 10.541038 10.368031 0.031886 0.032259 0.148704 0.145163 0.032259 0.031876 0.032259 15730 15924
55 62.310000 60.320000 1000000 10.543536 10.364493 10.540677 10.366553 0.031886 0.032259 0.147654 0.144087 0.032259 0.031876 0.032259 15920 16319
55 62.310000 60.320000 1000000 10.540234 10.361267 10.537372 10.363327 0.031886 0.032259 0.145556 0.141937 0.032259 0.031876 0.032259 16310 16810
55 62.310000 60.320000 1000000 10.536050 10.358041 10.533185 10.360101 0.031887 0.032259 0.145556 0.141937 0.032259 0.031878 0.032259 16810 17548
55 62.310000 60.320000 1000000 10.522004 10.346214 10.519127 10.348274 0.031882 0.032259 0.146605 0.143012 0.032259 0.031873 0.032259 17540 18028
55 62.310000 60.320000 1000000 10.502642 10.336536 10.499749 10.338596 0.031896 0.032259 0.144508 0.140861 0.032259 0.031887 0.032259 18020 18563
55 62.310000 60.320000 1000000 10.480192 10.321483 10.477281 10.323543 0.031896 0.032259 0.138227 0.134410 0.032259 0.031886 0.032259 18560 20582
55 62.310000 60.320000 1000000 10.430777 10.244064 10.427824 10.246124 0.031848 0.032259 0.152907 0.149465 0.032259 0.031838 0.032259 20580 20897
55 62.310000 60.320000 1000000 10.428664 10.240838 10.425709 10.242898 0.031846 0.032259 0.150805 0.147315 0.032259 0.031837 0.032259 20890 20923
55 62.310000 60.320000 1000000 10.427382 10.239763 10.424426 10.241823 0.031847 0.032259 0.149755 0.146239 0.032259 0.031837 0.032259 20920 21744
55 62.310000 60.320000 1000000 10.422186 10.233311 10.419226 10.235371 0.031846 0.032259 0.153958 0.150540 0.032259 0.031836 0.032259 21740 22783
55 62.310000 60.320000 1000000 10.411080 10.223634 10.407986 10.225290 0.031840 0.032259 0.157114 0.153766 0.032259 0.031831 0.032259 22780 22951
55 62.310000 60.320000 1000000 10.410422 10.222558 10.407327 10.224215 0.031840 0.032259 0.157114 0.153766 0.032259 0.031830 0.032259 22950 22992
55 62.310000 60.320000 1000000 10.409959 10.221483 10.406864 10.223140 0.031839 0.032259 0.158166 0.154842 0.032259 0.031829 0.032259 22990 24775
55 62.310000 60.320000 1000000 10.405088 10.211806 10.401989 10.213463 0.031832 0.032259 0.157112 0.153765 0.032259 0.031822 0.032259 23840 24088
55 62.310000 60.320000 1000000 10.390345 10.202128 10.387232 10.203785 0.031832 0.032259 0.164485 0.161291 0.032259 0.031822 0.032259 24080 24775
55 62.310000 60.320000 1000000 10.377374 10.190301 10.374250 10.191957 0.031822 0.032259 0.163431 0.160216 0.032259 0.031812 0.032259 24770 25081
55 62.310000 60.320000 1000000 10.376462 10.189225 10.373337 10.190882 0.031822 0.032259 0.162377 0.159140 0.032259 0.031812 0.032259 25080 25173
55 62.310000 60.320000 1000000 10.370674 10.184924 10.367544 10.186581 0.031821 0.032259 0.163431 0.160216 0.032259 0.031811 0.032259 25170 27256
55 62.310000 60.320000 1000000 10.283599 10.132236 10.280388 10.133893 0.031865 0.032259 0.169761 0.166668 0.032259 0.031855 0.032259 27250 29418
55 62.310000 60.320000 1000000 10.270828 10.117182 10.267427 10.117137 0.031864 0.032259 0.164486 0.161291 0.032259 0.031855 0.032259 29410 30058
55 62.310000 60.320000 1000000 10.261692 10.111806 10.258282 10.111760 0.031868 0.032259 0.165540 0.162367 0.032259 0.031858 0.032259 30050 31482
55 62.310000 60.320000 1000000 10.254296 10.105354 10.250878 10.105309 0.031863 0.032259 0.166594 0.163441 0.032259 0.031853 0.032259 31480 33086
55 62.310000 60.320000 1000000 10.246508 10.098903 10.243083 10.098857 0.031858 0.032259 0.169760 0.166667 0.032259 0.031848 0.032259 33080 33227
55 62.310000 60.320000 1000000 10.245002 10.097827 10.241575 10.097782 0.031858 0.032259 0.169760 0.166667 0.032259 0.031849 0.032259 33220 36178
55 62.310000 60.320000 1000000 10.215266 10.060193 10.210190 10.054502 0.031849 0.032259 0.171872 0.168818 0.032259 0.031840 0.032259 36170 37047
55 62.310000 60.320000 1000000 10.206039 10.042989 10.200949 10.037298 0.031844 0.032259 0.166594 0.163441 0.032259 0.031835 0.032259 37040 37932
55 62.310000 60.320000 1000000 10.201084 10.033311 10.195986 10.027621 0.031834 0.032259 0.170816 0.167742 0.032259 0.031825 0.032259 37930 39271
55 62.310000 60.320000 1000000 10.183941 10.018258 10.178710 10.012164 0.031834 0.032259 0.170816 0.167743 0.032259 0.031825 0.032259 39270 39422
55 62.310000 60.320000 1000000 10.182773 10.017182 10.177540 10.011088 0.031833 0.032259 0.169760 0.166667 0.032259 0.031824 0.032259 39420 41457
55 62.310000 60.320000 1000000 10.154825 9.998903 10.149775 9.994063 0.031833 0.032259 0.169762 0.166669 0.032259 0.031824 0.032259 41450 43725
55 62.310000 60.320000 1000000 10.138343 9.978473 10.133268 9.973633 0.031828 0.032259 0.156061 0.152691 0.032259 0.031820 0.032259 43720 52329
55 62.310000 60.320000 1000000 9.999135 9.867720 9.993844 9.862881 0.031825 0.032259 0.165540 0.162367 0.032259 0.031816 0.032259 52320 53211
55 62.310000 60.320000 1000000 9.995304 9.864495 9.990008 9.859655 0.031823 0.032259 0.167650 0.164517 0.032259 0.031815 0.032259 53210 53426
55 62.310000 60.320000 1000000 9.995066 9.863419 9.990047 9.859834 0.031823 0.032259 0.167650 0.164517 0.032259 0.031814 0.032259 53420 53673
55 62.310000 60.320000 1000000 9.993994 9.862344 9.988973 9.858759 0.031824 0.032259 0.167650 0.164517 0.032259 0.031815 0.032259 53670 56149
55 62.310000 60.320000 1000000 9.986219 9.852667 9.981186 9.849082 0.031814 0.032259 0.161324 0.158066 0.032259 0.031805 0.032259 56140 57298
55 62.310000 60.320000 1000000 9.980394 9.842989 9.975352 9.839404 0.031804 0.032259 0.161322 0.158063 0.032259 0.031795 0.032259 57290 57313
55 62.310000 60.320000 1000000 9.979544 9.841914 9.974502 9.838329 0.031804 0.032259 0.160268 0.156988 0.032259 0.031796 0.032259 57310 66203
55 62.310000 60.320000 1000000 9.879111 9.772022 9.873913 9.768437 0.031830 0.032259 0.169759 0.166666 0.032259 0.031822 0.032259 66200 67115
55 62.310000 60.320000 1000000 9.874335 9.764495 9.869129 9.760910 0.031826 0.032259 0.171872 0.168818 0.032259 0.031818 0.032259 67110 67408
55 62.310000 60.320000 1000000 9.873243 9.763420 9.868035 9.759835 0.031827 0.032259 0.171872 0.168817 0.032259 0.031818 0.032259 67400 67920
55 62.310000 60.320000 1000000 9.871665 9.762344 9.866455 9.758759 0.031827 0.032259 0.170816 0.167742 0.032259 0.031818 0.032259 67920 68522
55 62.310000 60.320000 1000000 9.871183 9.761269 9.865972 9.757684 0.031826 0.032259 0.170816 0.167742 0.032259 0.031817 0.032259 68520 68548
55 62.310000 60.320000 1000000 9.870875 9.760194 9.865548 9.756206 0.031826 0.032259 0.170815 0.167742 0.032259 0.031817 0.032259 68540 74870
55 62.310000 60.320000 1000000 9.823496 9.724710 9.818091 9.720722 0.031849 0.032259 0.175041 0.172042 0.032259 0.031841 0.032259 74680 77658
55 62.310000 60.320000 1000000 9.803478 9.710732 9.798040 9.706743 0.031855 0.032259 0.167649 0.164516 0.032259 0.031847 0.032259 77650 79709
55 62.310000 60.320000 1000000 9.798737 9.702130 9.793291 9.698141 0.031851 0.032259 0.168705 0.165592 0.032259 0.031843 0.032259 79700 82737
55 62.310000 60.320000 1000000 9.777914 9.687076 9.772434 9.683087 0.031846 0.032259 0.177156 0.174194 0.032259 0.031838 0.032259 82730 83254
55 62.310000 60.320000 1000000 9.768296 9.678474 9.762799 9.674485 0.031849 0.032259 0.177156 0.174194 0.032259 0.031841 0.032259 83250 84980
55 62.310000 60.320000 1000000 9.765384 9.674173 9.759882 9.670184 0.031843 0.032259 0.177156 0.174194 0.032259 0.031835 0.032259 84980 91424
55 62.310000 60.320000 1000000 9.687843 9.617183 9.682208 9.613195 0.031855 0.032259 0.162377 0.159141 0.032259 0.031847 0.032259 91420 93189
55 62.310000 60.320000 1000000 9.682560 9.610732 9.676562 9.605534 0.031855 0.032259 0.161324 0.158065 0.032259 0.031848 0.032259 93180 96671
55 62.310000 60.320000 1000000 9.677111 9.607506 9.671102 9.602308 0.031856 0.032259 0.162377 0.159141 0.032259 0.031848 0.032259 96670 97270
55 62.310000 60.320000 1000000 9.672650 9.593527 9.669909 9.603383 0.031859 0.032259 0.163431 0.160216 0.032259 0.031849 0.032259 97270 98739
55 62.310000 60.320000 1000000 9.659731 9.583850 9.656980 9.593706 0.031855 0.032259 0.155007 0.151613 0.032259 0.031845 0.032259 98730 107815
55 62.310000 60.320000 1000000 9.639131 9.538151 9.634129 9.537882 0.031844 0.032259 0.173457 0.170430 0.032259 0.031834 0.032259 107810 108489
55 62.310000 60.320000 1000000 9.637399 9.537076 9.632394 9.536807 0.031845 0.032259 0.173457 0.170431 0.032259 0.031834 0.032259 108480 108968
55 62.310000 60.320000 1000000 9.635385 9.536001 9.630378 9.535731 0.031846 0.032259 0.172400 0.169356 0.032259 0.031836 0.032259 108960 114751
55 62.310000 60.320000 1000000 9.629518 9.531162 9.624397 9.530041 0.031850 0.032259 0.168705 0.165592 0.032259 0.031839 0.032259 114750 116519
55 62.310000 60.320000 1000000 9.628642 9.530087 9.623519 9.528966 0.031850 0.032259 0.169760 0.166667 0.032259 0.031840 0.032259 116510 120558
55 62.310000 60.320000 1000000 9.560761 9.497829 9.555405 9.496305 0.031914 0.032259 0.139272 0.135485 0.032259 0.031904 0.032259 120550 121572
55 62.310000 60.320000 1000000 9.559847 9.496754 9.554490 9.495230 0.031913 0.032259 0.139272 0.135485 0.032259 0.031902 0.032259 121570 125027
55 62.310000 60.320000 1000000 9.531954 9.464496 9.526549 9.462972 0.031915 0.032259 0.126755 0.122582 0.032259 0.031905 0.032259 125020 130444
55 62.310000 60.320000 1000000 9.509744 9.442991 9.506082 9.450248 0.031921 0.032259 0.134046 0.130107 0.032259 0.031910 0.032259 130440 137850
55 62.310000 60.320000 1000000 9.498555 9.414496 9.493979 9.412390 0.031927 0.032259 0.134570 0.130646 0.032259 0.031916 0.032259 137850 146219
55 62.310000 60.320000 1000000 9.457828 9.385464 9.453193 9.383358 0.031933 0.032259 0.129356 0.125269 0.032259 0.031923 0.032259 146210 151635
55 62.310000 60.320000 1000000 9.455745 9.382238 9.451107 9.380132 0.031929 0.032259 0.129356 0.125269 0.032259 0.031919 0.032259 151630 154743
55 62.310000 60.320000 1000000 9.443082 9.359658 9.438424 9.357552 0.031923 0.032259 0.132482 0.128495 0.032259 0.031912 0.032259 154740 174166
55 62.310000 60.320000 1000000 9.400067 9.292454 9.394368 9.277580 0.031931 0.032259 0.124677 0.120431 0.032259 0.031920 0.032259 174160 179395
55 62.310000 60.320000 1000000 9.391623 9.285465 9.385797 9.269739 0.031936 0.032259 0.121045 0.116667 0.032259 0.031925 0.032259 179390 187858
55 62.310000 60.320000 1000000 9.377087 9.260734 9.371234 9.245008 0.031913 0.032259 0.128315 0.124194 0.032259 0.031902 0.032259 187850 191598
55 62.310000 60.320000 1000000 9.368177 9.252132 9.362307 9.236406 0.031910 0.032259 0.130399 0.126346 0.032259 0.031899 0.032259 191590 191877
55 62.310000 60.320000 1000000 9.366201 9.251057 9.360327 9.235331 0.031911 0.032259 0.130399 0.126346 0.032259 0.031900 0.032259 191870 198412
55 62.310000 60.320000 1000000 9.349824 9.237078 9.344520 9.224712 0.031914 0.032259 0.129358 0.125271 0.032259 0.031903 0.032259 198410 209249
55 62.310000 60.320000 1000000 9.342792 9.230626 9.337476 9.218261 0.031911 0.032259 0.131442 0.127422 0.032259 0.031900 0.032259 200660 208320
55 62.310000 60.320000 1000000 9.337625 9.227401 9.332300 9.215035 0.031912 0.032259 0.132484 0.128496 0.032259 0.031901 0.032259 208320 209249
55 62.310000 60.320000 1000000 9.333718 9.205896 9.330141 9.204103 0.031909 0.032259 0.120010 0.115593 0.032259 0.031898 0.032259 209240 221662
55 62.310000 60.320000 1000000 9.317871 9.176863 9.313052 9.164856 0.031917 0.032259 0.120010 0.115593 0.032259 0.031907 0.032259 221660 227847
55 62.310000 60.320000 1000000 9.313745 9.169336 9.308919 9.157329 0.031913 0.032259 0.120010 0.115593 0.032259 0.031903 0.032259 227840 241245
55 62.310000 60.320000 1000000 9.271651 9.128476 9.266760 9.116469 0.031874 0.032259 0.128318 0.124197 0.032259 0.031864 0.032259 241240 243986
55 62.310000 60.320000 1000000 9.269621 9.127401 9.264727 9.115393 0.031875 0.032259 0.127277 0.123121 0.032259 0.031865 0.032259 243980 246845
55 62.310000 60.320000 1000000 9.268720 9.126326 9.263824 9.114318 0.031873 0.032259 0.126237 0.122046 0.032259 0.031863 0.032259 246840 247747
55 62.310000 60.320000 1000000 9.268452 9.125250 9.263556 9.113243 0.031873 0.032259 0.126237 0.122046 0.032259 0.031863 0.032259 247740 250117
55 62.310000 60.320000 1000000 9.267525 9.124175 9.262627 9.112168 0.031873 0.032259 0.127277 0.123121 0.032259 0.031863 0.032259 250110 250407
55 62.310000 60.320000 1000000 9.264947 9.120949 9.260045 9.108942 0.031869 0.032259 0.124159 0.119896 0.032259 0.031858 0.032259 250230 250288
55 62.310000 60.320000 1000000 9.264128 9.119874 9.259225 9.107866 0.031867 0.032259 0.123121 0.118820 0.032259 0.031857 0.032259 250280 250407
55 62.310000 60.320000 1000000 9.263299 9.118799 9.258394 9.106791 0.031865 0.032259 0.122084 0.117745 0.032259 0.031855 0.032259 250400 264406
55 62.310000 60.320000 1000000 9.244225 9.100519 9.239290 9.088512 0.031864 0.032259 0.125197 0.120970 0.032259 0.031853 0.032259 264400 285107
55 62.310000 60.320000 1000000 9.227203 9.087078 9.222147 9.074220 0.031858 0.032259 0.130920 0.126884 0.032259 0.031848 0.032259 285100 309402
55 62.310000 60.320000 1000000 9.183123 9.055896 9.177994 9.043037 0.031857 0.032259 0.123640 0.119358 0.032259 0.031847 0.032259 309400 312908
55 62.310000 60.320000 1000000 9.177581 9.051595 9.172443 9.038736 0.031855 0.032259 0.126757 0.122584 0.032259 0.031845 0.032259 312900 313394
55 62.310000 60.320000 1000000 9.175563 9.050519 9.170422 9.037661 0.031856 0.032259 0.126756 0.122583 0.032259 0.031846 0.032259 313390 317002
55 62.310000 60.320000 1000000 9.175321 9.049444 9.170462 9.037840 0.031857 0.032259 0.125717 0.121508 0.032259 0.031846 0.032259 317000 341310
55 62.310000 60.320000 1000000 9.150833 9.032240 9.145935 9.020635 0.031858 0.032259 0.118458 0.113981 0.032259 0.031848 0.032259 330700 369047
55 62.310000 60.320000 1000000 9.136824 9.016111 9.131904 9.004506 0.031868 0.032259 0.118458 0.113981 0.032259 0.031858 0.032259 369040 377469
55 62.310000 60.320000 1000000 9.130493 9.011810 9.125563 9.000205 0.031866 0.032259 0.114325 0.109680 0.032259 0.031856 0.032259 370700 396212
55 62.310000 60.320000 1000000 9.128401 9.009659 9.123467 8.998055 0.031863 0.032259 0.114325 0.109680 0.032259 0.031853 0.032259 371730 374916
55 62.310000 60.320000 1000000 9.127391 9.008584 9.122455 8.996980 0.031862 0.032259 0.114325 0.109680 0.032259 0.031852 0.032259 374910 396212
55 62.310000 60.320000 1000000 9.118207 9.001057 9.113257 8.989452 0.031856 0.032259 0.109178 0.104304 0.032259 0.031846 0.032259 381290 462000
55 62.310000 60.320000 1000000 9.113297 8.996756 9.108338 8.985151 0.031860 0.032259 0.108151 0.103228 0.032259 0.031850 0.032259 387520 466705
55 62.310000 60.320000 1000000 9.083217 8.972024 9.078209 8.960420 0.031854 0.032259 0.098956 0.093551 0.032259 0.031844 0.032259 437240 504480
55 62.310000 60.320000 1000000 9.062960 8.939229 9.060418 8.945143 0.031852 0.032259 0.106612 0.101614 0.032259 0.031845 0.032259 483620 525581
55 62.310000 60.320000 1000000 9.028469 8.899982 9.025675 8.900743 0.031857 0.032259 0.100990 0.095700 0.032259 0.031849 0.032259 525580 530258
55 62.310000 60.320000 1000000 8.996918 8.878477 8.994095 8.879238 0.031853 0.032259 0.092880 0.087098 0.032259 0.031845 0.032259 530250 575841
55 62.310000 60.320000 1000000 8.977975 8.862348 8.975133 8.863109 0.031863 0.032259 0.086858 0.080646 0.032259 0.031856 0.032259 575840 581692
55 62.310000 60.320000 1000000 8.977061 8.861272 8.974218 8.862034 0.031864 0.032259 0.085861 0.079571 0.032259 0.031856 0.032259 581690 595568
55 62.310000 60.320000 1000000 8.969686 8.850520 8.966837 8.851281 0.031854 0.032259 0.085861 0.079570 0.032259 0.031847 0.032259 595560 601389
55 62.310000 60.320000 1000000 8.968910 8.849444 8.966060 8.850206 0.031855 0.032259 0.086858 0.080646 0.032259 0.031847 0.032259 601380 637440
55 62.310000 60.320000 1000000 8.962036 8.845143 8.959179 8.845905 0.031857 0.032259 0.089861 0.083871 0.032259 0.031849 0.032259 637440 643056
55 62.310000 60.320000 1000000 8.960280 8.841917 8.957422 8.842679 0.031854 0.032259 0.088859 0.082796 0.032259 0.031847 0.032259 643050 669615
55 62.310000 60.320000 1000000 8.945207 8.820412 8.942928 8.823682 0.031866 0.032259 0.095911 0.090323 0.032259 0.031858 0.032259 669610 709844
55 62.310000 60.320000 1000000 8.926397 8.798907 8.923970 8.801012 0.031873 0.032259 0.094900 0.089249 0.032259 0.031864 0.032259 709840 733205
55 62.310000 60.320000 1000000 8.915474 8.791380 8.913037 8.793485 0.031875 0.032259 0.095912 0.090324 0.032259 0.031866 0.032259 733200 748543
55 62.310000 60.320000 1000000 8.903827 8.781702 8.901381 8.783808 0.031880 0.032259 0.094899 0.089249 0.032259 0.031871 0.032259 748540 812916
55 62.310000 60.320000 1000000 8.896179 8.776326 8.893726 8.778431 0.031882 0.032259 0.095911 0.090323 0.032259 0.031873 0.032259 763460 791087
55 62.310000 60.320000 1000000 8.885755 8.767724 8.883294 8.769829 0.031887 0.032259 0.094899 0.089248 0.032259 0.031878 0.032259 791080 812916
55 62.310000 60.320000 1000000 8.882552 8.764498 8.880088 8.766603 0.031890 0.032259 0.093888 0.088173 0.032259 0.031881 0.032259 812910 838382
55 62.310000 60.320000 1000000 8.876182 8.759122 8.873713 8.761227 0.031894 0.032259 0.089861 0.083871 0.032259 0.031885 0.032259 838380 855783
55 62.310000 60.320000 1000000 8.874879 8.758047 8.872409 8.760152 0.031893 0.032259 0.089861 0.083871 0.032259 0.031884 0.032259 855780 869511
55 62.310000 60.320000 1000000 8.870722 8.754821 8.868248 8.756926 0.031897 0.032259 0.088859 0.082796 0.032259 0.031887 0.032259 869510 897904
55 62.310000 60.320000 1000000 8.870273 8.753745 8.867798 8.755851 0.031896 0.032259 0.089861 0.083872 0.032259 0.031886 0.032259 897900 927456
55 62.310000 60.320000 1000000 8.858745 8.740842 8.855968 8.742141 0.031891 0.032259 0.085860 0.079570 0.032259 0.031882 0.032259 927450 946259
55 62.310000 60.320000 1000000 8.857849 8.739767 8.855070 8.741066 0.031892 0.032259 0.086858 0.080645 0.032259 0.031883 0.032259 946250 960418
55 62.310000 60.320000 1000000 8.842093 8.729014 8.839592 8.731568 0.031892 0.032259 0.090866 0.084947 0.032259 0.031883 0.032259 960410 1000000
