21 62.310000 60.320000 1000000 15.140689 14.767168 15.137404 14.766943 0.032144 0.032259 0.228632 0.226345 0.032259 0.032135 0.032259 0 50
21 62.310000 60.320000 1000000 13.947562 13.768243 13.947054 13.794003 0.032079 0.032259 0.366474 0.365051 0.032259 0.032072 0.032259 50 60
21 62.310000 60.320000 1000000 13.577479 13.427922 13.575363 13.433700 0.032110 0.032259 0.265407 0.263440 0.032259 0.032101 0.032259 60 70
21 62.310000 60.320000 1000000 13.352331 13.249966 13.349910 13.253190 0.032142 0.032259 0.235021 0.232797 0.032259 0.032133 0.032259 70 80
21 62.310000 60.320000 1000000 13.231743 13.129536 13.229187 13.130610 0.032125 0.032259 0.238219 0.236025 0.032259 0.032116 0.032259 80 90
21 62.310000 60.320000 1000000 13.129049 13.032762 13.125597 13.030207 0.032125 0.032259 0.244612 0.242475 0.032259 0.032116 0.032259 90 100
21 62.310000 60.320000 1000000 13.030494 12.926849 13.026902 12.923442 0.032131 0.032259 0.248341 0.246237 0.032259 0.032121 0.032259 100 111
21 62.310000 60.320000 1000000 12.970018 12.856957 12.966375 12.853550 0.032125 0.032259 0.223842 0.221505 0.032259 0.032116 0.032259 110 122
21 62.310000 60.320000 1000000 12.835307 12.759107 12.831946 12.758209 0.032156 0.032259 0.176097 0.173117 0.032259 0.032146 0.032259 120 130
21 62.310000 60.320000 1000000 12.782240 12.707494 12.778738 12.706193 0.032138 0.032259 0.163429 0.160214 0.032259 0.032128 0.032259 130 147
21 62.310000 60.320000 1000000 12.687845 12.622548 12.684264 12.621248 0.032123 0.032259 0.158157 0.154833 0.032259 0.032114 0.032259 140 153
21 62.310000 60.320000 1000000 12.618107 12.567709 12.614671 12.567663 0.032135 0.032259 0.165534 0.162360 0.032259 0.032125 0.032259 150 172
21 62.310000 60.320000 1000000 12.571539 12.523624 12.568064 12.523578 0.032135 0.032259 0.156052 0.152681 0.032259 0.032126 0.032259 160 170
21 62.310000 60.320000 1000000 12.535448 12.493517 12.532152 12.494725 0.032147 0.032259 0.170811 0.167737 0.032259 0.032137 0.032259 170 190
21 62.310000 60.320000 1000000 12.510184 12.466097 12.506795 12.466454 0.032149 0.032259 0.166060 0.162897 0.032259 0.032139 0.032259 190 203
21 62.310000 60.320000 1000000 12.498850 12.457495 12.495452 12.457852 0.032152 0.032259 0.161844 0.158596 0.032259 0.032142 0.032259 200 214
21 62.310000 60.320000 1000000 12.484051 12.441366 12.480642 12.441723 0.032150 0.032259 0.152373 0.148919 0.032259 0.032141 0.032259 210 223
21 62.310000 60.320000 1000000 12.474507 12.426313 12.471089 12.426670 0.032146 0.032259 0.150271 0.146768 0.032259 0.032137 0.032259 220 238
21 62.310000 60.320000 1000000 12.431361 12.392979 12.427393 12.391320 0.032165 0.032259 0.142930 0.139242 0.032259 0.032156 0.032259 230 240
21 62.310000 60.320000 1000000 12.404514 12.354807 12.400314 12.350595 0.032165 0.032259 0.142407 0.138705 0.032259 0.032155 0.032259 240 253
21 62.310000 60.320000 1000000 12.392954 12.342979 12.388742 12.338767 0.032163 0.032259 0.147648 0.144081 0.032259 0.032154 0.032259 250 273
21 62.310000 60.320000 1000000 12.373159 12.321474 12.368927 12.317261 0.032169 0.032259 0.148698 0.145157 0.032259 0.032159 0.032259 270 302
21 62.310000 60.320000 1000000 12.348981 12.289216 12.344724 12.285003 0.032164 0.032259 0.158159 0.154834 0.032259 0.032155 0.032259 280 303
21 62.310000 60.320000 1000000 12.303872 12.232765 12.299204 12.224296 0.032143 0.032259 0.168173 0.165050 0.032259 0.032134 0.032259 300 316
21 62.310000 60.320000 1000000 12.294976 12.220937 12.290516 12.213723 0.032135 0.032259 0.163954 0.160750 0.032259 0.032126 0.032259 310 326
21 62.310000 60.320000 1000000 12.281537 12.208034 12.276854 12.200013 0.032141 0.032259 0.163954 0.160749 0.032259 0.032132 0.032259 320 344
21 62.310000 60.320000 1000000 12.255094 12.169324 12.251240 12.166321 0.032137 0.032259 0.161846 0.158598 0.032259 0.032127 0.032259 340 350
21 62.310000 60.320000 1000000 12.230040 12.143518 12.226805 12.144278 0.032147 0.032259 0.146077 0.142470 0.032259 0.032138 0.032259 350 421
21 62.310000 60.320000 1000000 12.201864 12.092981 12.197729 12.090112 0.032136 0.032259 0.151326 0.147848 0.032259 0.032126 0.032259 360 379
21 62.310000 60.320000 1000000 12.194783 12.083303 12.190641 12.080435 0.032130 0.032259 0.148176 0.144622 0.032259 0.032121 0.032259 370 419
21 62.310000 60.320000 1000000 12.186364 12.072551 12.182213 12.069682 0.032124 0.032259 0.142933 0.139245 0.032259 0.032115 0.032259 410 421
21 62.310000 60.320000 1000000 12.169412 12.059647 12.165243 12.056779 0.032121 0.032259 0.137701 0.133869 0.032259 0.032112 0.032259 420 434
21 62.310000 60.320000 1000000 12.164216 12.051045 12.160867 12.053195 0.032122 0.032259 0.138746 0.134944 0.032259 0.032113 0.032259 430 445
21 62.310000 60.320000 1000000 12.163364 12.049970 12.160014 12.052119 0.032121 0.032259 0.139792 0.136019 0.032259 0.032111 0.032259 440 475
21 62.310000 60.320000 1000000 12.152634 12.032766 12.149095 12.034109 0.032119 0.032259 0.136656 0.132794 0.032259 0.032110 0.032259 470 511
21 62.310000 60.320000 1000000 12.135416 12.015562 12.131861 12.016905 0.032111 0.032259 0.136657 0.132795 0.032259 0.032101 0.032259 510 526
21 62.310000 60.320000 1000000 12.108817 11.995132 12.105240 11.996475 0.032109 0.032259 0.138747 0.134945 0.032259 0.032099 0.032259 520 534
21 62.310000 60.320000 1000000 12.102315 11.990831 12.098731 11.992174 0.032111 0.032259 0.138748 0.134946 0.032259 0.032102 0.032259 530 543
21 62.310000 60.320000 1000000 12.096629 11.985455 12.093041 11.986797 0.032111 0.032259 0.139793 0.136020 0.032259 0.032102 0.032259 540 567
21 62.310000 60.320000 1000000 12.071647 11.961799 12.068036 11.963142 0.032103 0.032259 0.133525 0.129570 0.032259 0.032093 0.032259 560 589
21 62.310000 60.320000 1000000 12.060831 11.945670 12.057032 11.946206 0.032099 0.032259 0.138750 0.134948 0.032259 0.032090 0.032259 570 607
21 62.310000 60.320000 1000000 12.029583 11.914487 12.027120 11.923805 0.032089 0.032259 0.151329 0.147851 0.032259 0.032080 0.032259 580 597
21 62.310000 60.320000 1000000 12.015866 11.897283 12.013395 11.906601 0.032089 0.032259 0.151329 0.147850 0.032259 0.032080 0.032259 590 607
21 62.310000 60.320000 1000000 11.994314 11.881154 11.991829 11.890472 0.032091 0.032259 0.138750 0.134948 0.032259 0.032082 0.032259 600 615
21 62.310000 60.320000 1000000 11.989134 11.875777 11.986646 11.885095 0.032093 0.032259 0.136659 0.132797 0.032259 0.032083 0.032259 610 623
21 62.310000 60.320000 1000000 11.978346 11.869326 11.975851 11.878644 0.032096 0.032259 0.135613 0.131721 0.032259 0.032087 0.032259 620 671
21 62.310000 60.320000 1000000 11.970869 11.860724 11.968369 11.870042 0.032087 0.032259 0.138750 0.134948 0.032259 0.032078 0.032259 630 672
21 62.310000 60.320000 1000000 11.921568 11.810187 11.918889 11.817802 0.032072 0.032259 0.139797 0.136024 0.032259 0.032063 0.032259 670 698
21 62.310000 60.320000 1000000 11.918600 11.790294 11.915180 11.788546 0.032071 0.032259 0.137182 0.133336 0.032259 0.032062 0.032259 690 700
21 62.310000 60.320000 1000000 11.912976 11.784918 11.909925 11.785679 0.032072 0.032259 0.137182 0.133336 0.032259 0.032063 0.032259 700 735
21 62.310000 60.320000 1000000 11.895680 11.769864 11.892615 11.770625 0.032070 0.032259 0.127797 0.123659 0.032259 0.032061 0.032259 730 782
21 62.310000 60.320000 1000000 11.880340 11.748897 11.876703 11.745894 0.032061 0.032259 0.128316 0.124194 0.032259 0.032052 0.032259 780 821
21 62.310000 60.320000 1000000 11.869792 11.741370 11.866146 11.738367 0.032061 0.032259 0.130398 0.126345 0.032259 0.032052 0.032259 820 853
21 62.310000 60.320000 1000000 11.861805 11.732768 11.858152 11.729765 0.032062 0.032259 0.130398 0.126345 0.032259 0.032052 0.032259 840 864
21 62.310000 60.320000 1000000 11.837750 11.699435 11.834075 11.696432 0.032042 0.032259 0.139795 0.136022 0.032259 0.032032 0.032259 860 905
21 62.310000 60.320000 1000000 11.829619 11.686531 11.825432 11.681512 0.032034 0.032259 0.141890 0.138175 0.032259 0.032024 0.032259 900 931
21 62.310000 60.320000 1000000 11.798755 11.655349 11.794535 11.650330 0.032020 0.032259 0.138750 0.134948 0.032259 0.032011 0.032259 930 960
21 62.310000 60.320000 1000000 11.774120 11.640295 11.769873 11.635276 0.032025 0.032259 0.137705 0.133873 0.032259 0.032016 0.032259 960 1013
21 62.310000 60.320000 1000000 11.762074 11.622015 11.757814 11.616997 0.032019 0.032259 0.138750 0.134948 0.032259 0.032010 0.032259 1010 1030
21 62.310000 60.320000 1000000 11.758265 11.618790 11.754001 11.613771 0.032021 0.032259 0.140843 0.137099 0.032259 0.032011 0.032259 1030 1066
21 62.310000 60.320000 1000000 11.753355 11.613413 11.749550 11.610903 0.032022 0.032259 0.139796 0.136024 0.032259 0.032013 0.032259 1060 1096
21 62.310000 60.320000 1000000 11.746898 11.609112 11.743087 11.606602 0.032022 0.032259 0.139796 0.136024 0.032259 0.032013 0.032259 1070 1091
21 62.310000 60.320000 1000000 11.740987 11.599435 11.737170 11.596925 0.032020 0.032259 0.146082 0.142475 0.032259 0.032011 0.032259 1090 1139
21 62.310000 60.320000 1000000 11.696728 11.568252 11.692868 11.565742 0.032027 0.032259 0.153430 0.150000 0.032259 0.032018 0.032259 1120 1151
21 62.310000 60.320000 1000000 11.668763 11.537070 11.664874 11.534560 0.032010 0.032259 0.145031 0.141398 0.032259 0.032001 0.032259 1150 1179
21 62.310000 60.320000 1000000 11.664293 11.532769 11.660400 11.530259 0.032007 0.032259 0.147129 0.143549 0.032259 0.031998 0.032259 1170 1202
21 62.310000 60.320000 1000000 11.650716 11.522016 11.646809 11.519506 0.032011 0.032259 0.143984 0.140323 0.032259 0.032002 0.032259 1200 1228
21 62.310000 60.320000 1000000 11.643804 11.516640 11.639891 11.514130 0.032011 0.032259 0.139796 0.136023 0.032259 0.032002 0.032259 1220 1230
21 62.310000 60.320000 1000000 11.642677 11.515564 11.638762 11.513054 0.032011 0.032259 0.139796 0.136023 0.032259 0.032002 0.032259 1230 1250
21 62.310000 60.320000 1000000 11.642554 11.513952 11.638574 11.510590 0.032011 0.032259 0.140319 0.136560 0.032259 0.032002 0.032259 1250 1285
21 62.310000 60.320000 1000000 11.629873 11.501048 11.625880 11.497687 0.032006 0.032259 0.135092 0.131184 0.032259 0.031997 0.032259 1280 1354
21 62.310000 60.320000 1000000 11.610066 11.481694 11.606052 11.478332 0.032001 0.032259 0.127796 0.123658 0.032259 0.031992 0.032259 1350 1386
21 62.310000 60.320000 1000000 11.609305 11.480618 11.605291 11.477257 0.032000 0.032259 0.128837 0.124733 0.032259 0.031990 0.032259 1380 1428
21 62.310000 60.320000 1000000 11.607379 11.479543 11.603363 11.476182 0.032000 0.032259 0.127796 0.123657 0.032259 0.031991 0.032259 1420 1439
21 62.310000 60.320000 1000000 11.606057 11.478468 11.602040 11.475106 0.032000 0.032259 0.128837 0.124733 0.032259 0.031991 0.032259 1430 1447
21 62.310000 60.320000 1000000 11.600160 11.472016 11.596136 11.468655 0.031995 0.032259 0.127796 0.123658 0.032259 0.031985 0.032259 1440 1469
21 62.310000 60.320000 1000000 11.599668 11.470941 11.595643 11.467580 0.031995 0.032259 0.126756 0.122582 0.032259 0.031985 0.032259 1460 1475
21 62.310000 60.320000 1000000 11.593200 11.463414 11.589169 11.460053 0.031994 0.032259 0.127796 0.123658 0.032259 0.031984 0.032259 1470 1511
21 62.310000 60.320000 1000000 11.581197 11.441909 11.577154 11.438547 0.031995 0.032259 0.135093 0.131185 0.032259 0.031985 0.032259 1510 1666
21 62.310000 60.320000 1000000 11.575263 11.429006 11.571213 11.425644 0.031993 0.032259 0.128837 0.124733 0.032259 0.031983 0.032259 1550 1688
21 62.310000 60.320000 1000000 11.555568 11.404275 11.551498 11.400913 0.031978 0.032259 0.129877 0.125808 0.032259 0.031969 0.032259 1600 1818
21 62.310000 60.320000 1000000 11.472326 11.338683 11.468166 11.335322 0.031967 0.032259 0.145556 0.141936 0.032259 0.031957 0.032259 1810 1826
21 62.310000 60.320000 1000000 11.472117 11.337608 11.468201 11.335501 0.031967 0.032259 0.144507 0.140861 0.032259 0.031957 0.032259 1820 1868
21 62.310000 60.320000 1000000 11.456288 11.327931 11.452355 11.325824 0.031973 0.032259 0.141365 0.137635 0.032259 0.031964 0.032259 1860 2151
21 62.310000 60.320000 1000000 11.394806 11.272017 11.390694 11.269507 0.031964 0.032259 0.140318 0.136559 0.032259 0.031955 0.032259 2150 2181
21 62.310000 60.320000 1000000 11.381757 11.247286 11.377631 11.244775 0.031965 0.032259 0.142413 0.138711 0.032259 0.031956 0.032259 2180 2229
21 62.310000 60.320000 1000000 11.374372 11.232232 11.370237 11.229722 0.031965 0.032259 0.141366 0.137636 0.032259 0.031955 0.032259 2220 2252
21 62.310000 60.320000 1000000 11.370537 11.229006 11.366399 11.226496 0.031965 0.032259 0.142413 0.138711 0.032259 0.031956 0.032259 2250 2403
21 62.310000 60.320000 1000000 11.354826 11.213952 11.350670 11.211442 0.031965 0.032259 0.140319 0.136561 0.032259 0.031956 0.032259 2400 2410
21 62.310000 60.320000 1000000 11.353069 11.212877 11.348911 11.210367 0.031965 0.032259 0.139274 0.135486 0.032259 0.031956 0.032259 2410 2423
21 62.310000 60.320000 1000000 11.351340 11.211802 11.347180 11.209292 0.031965 0.032259 0.140320 0.136562 0.032259 0.031956 0.032259 2420 2433
21 62.310000 60.320000 1000000 11.349155 11.210726 11.344993 11.208216 0.031967 0.032259 0.140320 0.136562 0.032259 0.031958 0.032259 2430 2726
21 62.310000 60.320000 1000000 11.310394 11.175243 11.306189 11.172733 0.031952 0.032259 0.142415 0.138713 0.032259 0.031943 0.032259 2540 2555
21 62.310000 60.320000 1000000 11.309477 11.174167 11.305271 11.171657 0.031951 0.032259 0.142415 0.138713 0.032259 0.031941 0.032259 2550 2726
21 62.310000 60.320000 1000000 11.272595 11.140834 11.268347 11.138324 0.031946 0.032259 0.149756 0.146241 0.032259 0.031937 0.032259 2720 2787
21 62.310000 60.320000 1000000 11.271670 11.139759 11.267421 11.137249 0.031946 0.032259 0.149756 0.146241 0.032259 0.031937 0.032259 2780 2792
21 62.310000 60.320000 1000000 11.258893 11.132232 11.254630 11.129722 0.031949 0.032259 0.148707 0.145166 0.032259 0.031940 0.032259 2790 2804
21 62.310000 60.320000 1000000 11.258578 11.131157 11.254196 11.128244 0.031949 0.032259 0.148707 0.145166 0.032259 0.031940 0.032259 2800 3032
21 62.310000 60.320000 1000000 11.233106 11.106426 11.228694 11.103512 0.031942 0.032259 0.162381 0.159144 0.032259 0.031933 0.032259 3030 3135
21 62.310000 60.320000 1000000 11.223771 11.099974 11.219348 11.097061 0.031943 0.032259 0.160273 0.156993 0.032259 0.031934 0.032259 3050 3153
21 62.310000 60.320000 1000000 11.223292 11.098899 11.218868 11.095985 0.031943 0.032259 0.161326 0.158068 0.032259 0.031934 0.032259 3150 3195
21 62.310000 60.320000 1000000 11.221258 11.097823 11.216832 11.094910 0.031944 0.032259 0.161326 0.158068 0.032259 0.031935 0.032259 3190 3337
21 62.310000 60.320000 1000000 11.211974 11.090296 11.207537 11.087383 0.031942 0.032259 0.165542 0.162369 0.032259 0.031933 0.032259 3330 3340
21 62.310000 60.320000 1000000 11.209554 11.088146 11.205115 11.085233 0.031942 0.032259 0.165542 0.162369 0.032259 0.031933 0.032259 3340 3357
21 62.310000 60.320000 1000000 11.207739 11.087071 11.203297 11.084157 0.031942 0.032259 0.166597 0.163444 0.032259 0.031933 0.032259 3350 3529
21 62.310000 60.320000 1000000 11.137806 11.015028 11.133280 11.012114 0.031905 0.032259 0.175046 0.172048 0.032259 0.031896 0.032259 3520 3594
21 62.310000 60.320000 1000000 11.137324 11.013952 11.132798 11.011039 0.031905 0.032259 0.176103 0.173123 0.032259 0.031896 0.032259 3590 3917
21 62.310000 60.320000 1000000 11.117003 10.994598 11.112451 10.991684 0.031907 0.032259 0.169765 0.166672 0.032259 0.031898 0.032259 3910 3984
21 62.310000 60.320000 1000000 11.105459 10.972017 11.100679 10.968297 0.031909 0.032259 0.183507 0.180649 0.032259 0.031900 0.032259 3980 3999
21 62.310000 60.320000 1000000 11.104679 10.970942 11.099899 10.967222 0.031909 0.032259 0.183506 0.180649 0.032259 0.031900 0.032259 3990 4009
21 62.310000 60.320000 1000000 11.104040 10.969867 11.099258 10.966147 0.031909 0.032259 0.184565 0.181724 0.032259 0.031900 0.032259 4000 4189
21 62.310000 60.320000 1000000 11.090850 10.951587 11.086051 10.947867 0.031902 0.032259 0.193040 0.190326 0.032259 0.031893 0.032259 4180 4211
21 62.310000 60.320000 1000000 11.090156 10.950512 11.085357 10.946792 0.031901 0.032259 0.191980 0.189251 0.032259 0.031892 0.032259 4210 4264
21 62.310000 60.320000 1000000 11.080730 10.942985 11.075918 10.939265 0.031900 0.032259 0.190921 0.188176 0.032259 0.031891 0.032259 4260 4378
21 62.310000 60.320000 1000000 11.052690 10.915028 11.048634 10.915071 0.031891 0.032259 0.197282 0.194626 0.032259 0.031881 0.032259 4370 4441
21 62.310000 60.320000 1000000 11.051973 10.913953 11.047916 10.913996 0.031889 0.032259 0.198343 0.195702 0.032259 0.031880 0.032259 4440 4515
21 62.310000 60.320000 1000000 11.033057 10.899974 11.028979 10.900018 0.031887 0.032259 0.199403 0.196776 0.032259 0.031878 0.032259 4510 4537
21 62.310000 60.320000 1000000 11.030742 10.898899 11.026661 10.898942 0.031889 0.032259 0.199403 0.196776 0.032259 0.031880 0.032259 4530 4618
21 62.310000 60.320000 1000000 11.017089 10.872017 11.012994 10.872061 0.031868 0.032259 0.197281 0.194625 0.032259 0.031859 0.032259 4610 4942
21 62.310000 60.320000 1000000 10.993666 10.850512 10.989544 10.850555 0.031855 0.032259 0.197279 0.194624 0.032259 0.031845 0.032259 4940 5055
21 62.310000 60.320000 1000000 10.986574 10.840297 10.982170 10.837787 0.031855 0.032259 0.196751 0.194088 0.032259 0.031845 0.032259 5050 5101
21 62.310000 60.320000 1000000 10.974460 10.832770 10.970041 10.830260 0.031861 0.032259 0.190389 0.187636 0.032259 0.031851 0.032259 5070 5115
21 62.310000 60.320000 1000000 10.966807 10.827394 10.962379 10.824883 0.031862 0.032259 0.187211 0.184411 0.032259 0.031853 0.032259 5110 5146
21 62.310000 60.320000 1000000 10.964961 10.826318 10.960530 10.823808 0.031862 0.032259 0.186152 0.183335 0.032259 0.031853 0.032259 5140 5742
21 62.310000 60.320000 1000000 10.930198 10.794060 10.925990 10.792805 0.031854 0.032259 0.176627 0.173656 0.032259 0.031844 0.032259 5740 5944
21 62.310000 60.320000 1000000 10.917096 10.782233 10.912873 10.780977 0.031855 0.032259 0.175571 0.172582 0.032259 0.031845 0.032259 5940 6527
21 62.310000 60.320000 1000000 10.861953 10.720943 10.856097 10.702663 0.031879 0.032259 0.182977 0.180111 0.032259 0.031870 0.032259 6520 6701
21 62.310000 60.320000 1000000 10.839595 10.683309 10.833704 10.665028 0.031857 0.032259 0.172403 0.169358 0.032259 0.031848 0.032259 6700 6914
21 62.310000 60.320000 1000000 10.834648 10.677932 10.828748 10.659652 0.031850 0.032259 0.172403 0.169358 0.032259 0.031841 0.032259 6720 6921
21 62.310000 60.320000 1000000 10.818474 10.667180 10.812548 10.648899 0.031851 0.032259 0.169235 0.166132 0.032259 0.031842 0.032259 6920 7220
21 62.310000 60.320000 1000000 10.808406 10.653201 10.802464 10.634921 0.031831 0.032259 0.168178 0.165056 0.032259 0.031822 0.032259 7220 7682
21 62.310000 60.320000 1000000 10.782770 10.615029 10.776077 10.593882 0.031804 0.032259 0.160269 0.156989 0.032259 0.031795 0.032259 7680 8071
21 62.310000 60.320000 1000000 10.763021 10.573631 10.754669 10.545987 0.031805 0.032259 0.152378 0.148925 0.032259 0.031797 0.032259 8070 8265
21 62.310000 60.320000 1000000 10.760060 10.570406 10.751702 10.542762 0.031802 0.032259 0.154481 0.151075 0.032259 0.031794 0.032259 8260 8360
21 62.310000 60.320000 1000000 10.728679 10.555352 10.720247 10.527708 0.031826 0.032259 0.154481 0.151076 0.032259 0.031818 0.032259 8360 8446
21 62.310000 60.320000 1000000 10.728186 10.554277 10.719753 10.526633 0.031825 0.032259 0.154481 0.151076 0.032259 0.031817 0.032259 8440 8572
21 62.310000 60.320000 1000000 10.727775 10.553202 10.719341 10.525557 0.031824 0.032259 0.154481 0.151076 0.032259 0.031816 0.032259 8570 8674
21 62.310000 60.320000 1000000 10.726750 10.552126 10.718314 10.524482 0.031824 0.032259 0.155533 0.152151 0.032259 0.031816 0.032259 8670 8734
21 62.310000 60.320000 1000000 10.725185 10.551051 10.716745 10.523407 0.031824 0.032259 0.155533 0.152151 0.032259 0.031816 0.032259 8730 9046
21 62.310000 60.320000 1000000 10.698509 10.532772 10.690005 10.505127 0.031833 0.032259 0.152379 0.148925 0.032259 0.031826 0.032259 9040 9051
21 62.310000 60.320000 1000000 10.695957 10.531696 10.687447 10.504052 0.031836 0.032259 0.152378 0.148925 0.032259 0.031828 0.032259 9050 9194
21 62.310000 60.320000 1000000 10.689231 10.524169 10.680957 10.497780 0.031832 0.032259 0.155532 0.152150 0.032259 0.031824 0.032259 9190 9200
21 62.310000 60.320000 1000000 10.686956 10.523094 10.678677 10.496705 0.031833 0.032259 0.156584 0.153226 0.032259 0.031825 0.032259 9200 9527
21 62.310000 60.320000 1000000 10.683323 10.520944 10.675035 10.494554 0.031834 0.032259 0.154481 0.151075 0.032259 0.031826 0.032259 9340 9490
21 62.310000 60.320000 1000000 10.647120 10.500514 10.638747 10.474124 0.031846 0.032259 0.152378 0.148925 0.032259 0.031838 0.032259 9490 9527
21 62.310000 60.320000 1000000 10.642446 10.488686 10.634313 10.463551 0.031834 0.032259 0.160796 0.157527 0.032259 0.031826 0.032259 9520 10685
21 62.310000 60.320000 1000000 10.638821 10.486535 10.630680 10.461400 0.031835 0.032259 0.160796 0.157527 0.032259 0.031827 0.032259 9810 10520
21 62.310000 60.320000 1000000 10.610682 10.446751 10.606715 10.442941 0.031826 0.032259 0.134569 0.130645 0.032259 0.031817 0.032259 10520 10685
21 62.310000 60.320000 1000000 10.586465 10.433847 10.582471 10.430038 0.031848 0.032259 0.132483 0.128495 0.032259 0.031838 0.032259 10680 10714
21 62.310000 60.320000 1000000 10.585459 10.432772 10.581464 10.428963 0.031848 0.032259 0.131440 0.127420 0.032259 0.031838 0.032259 10710 10989
21 62.310000 60.320000 1000000 10.583613 10.429546 10.579615 10.425737 0.031844 0.032259 0.133525 0.129569 0.032259 0.031835 0.032259 10980 11251
21 62.310000 60.320000 1000000 10.576101 10.420944 10.572095 10.417135 0.031845 0.032259 0.137702 0.133870 0.032259 0.031835 0.032259 11250 12172
21 62.310000 60.320000 1000000 10.569981 10.414493 10.565968 10.410683 0.031844 0.032259 0.139793 0.136020 0.032259 0.031834 0.032259 12170 12272
21 62.310000 60.320000 1000000 10.560926 10.403740 10.556903 10.399931 0.031842 0.032259 0.138747 0.134945 0.032259 0.031832 0.032259 12270 14771
21 62.310000 60.320000 1000000 10.508561 10.339224 10.504477 10.335415 0.031818 0.032259 0.137701 0.133869 0.032259 0.031809 0.032259 14770 15126
21 62.310000 60.320000 1000000 10.488847 10.318794 10.484740 10.314985 0.031818 0.032259 0.141886 0.138171 0.032259 0.031809 0.032259 15120 15146
21 62.310000 60.320000 1000000 10.488659 10.317719 10.484771 10.315164 0.031818 0.032259 0.140840 0.137096 0.032259 0.031809 0.032259 15140 16228
21 62.310000 60.320000 1000000 10.454529 10.297288 10.450603 10.294734 0.031838 0.032259 0.133524 0.129569 0.032259 0.031829 0.032259 16180 16282
21 62.310000 60.320000 1000000 10.450357 10.282235 10.444859 10.274035 0.031839 0.032259 0.133525 0.129569 0.032259 0.031830 0.032259 16190 16336
21 62.310000 60.320000 1000000 10.445854 10.277934 10.440348 10.269734 0.031835 0.032259 0.132482 0.128494 0.032259 0.031826 0.032259 16330 16789
21 62.310000 60.320000 1000000 10.443407 10.274708 10.437898 10.266508 0.031836 0.032259 0.132481 0.128494 0.032259 0.031827 0.032259 16780 16855
21 62.310000 60.320000 1000000 10.441007 10.273633 10.435494 10.265433 0.031838 0.032259 0.132481 0.128494 0.032259 0.031829 0.032259 16850 17294
21 62.310000 60.320000 1000000 10.435269 10.269332 10.429747 10.261132 0.031840 0.032259 0.130397 0.126343 0.032259 0.031831 0.032259 17290 17601
21 62.310000 60.320000 1000000 10.433640 10.268256 10.428115 10.260056 0.031840 0.032259 0.129355 0.125268 0.032259 0.031831 0.032259 17600 17803
21 62.310000 60.320000 1000000 10.425450 10.252127 10.420132 10.245182 0.031820 0.032259 0.137703 0.133871 0.032259 0.031812 0.032259 17800 18512
21 62.310000 60.320000 1000000 10.414444 10.240299 10.409109 10.233354 0.031814 0.032259 0.142937 0.139249 0.032259 0.031805 0.032259 18510 18847
21 62.310000 60.320000 1000000 10.400592 10.227396 10.395453 10.221705 0.031812 0.032259 0.142937 0.139249 0.032259 0.031803 0.032259 18840 19989
21 62.310000 60.320000 1000000 10.356293 10.190837 10.350889 10.184340 0.031799 0.032259 0.140842 0.137098 0.032259 0.031790 0.032259 19980 20776
21 62.310000 60.320000 1000000 10.340339 10.160730 10.334802 10.153829 0.031784 0.032259 0.139796 0.136023 0.032259 0.031775 0.032259 20770 20900
21 62.310000 60.320000 1000000 10.336269 10.149977 10.330725 10.143077 0.031774 0.032259 0.147130 0.143550 0.032259 0.031765 0.032259 20900 21054
21 62.310000 60.320000 1000000 10.335705 10.148902 10.330161 10.142001 0.031773 0.032259 0.146081 0.142475 0.032259 0.031764 0.032259 21050 21640
21 62.310000 60.320000 1000000 10.326935 10.142450 10.321376 10.135550 0.031775 0.032259 0.145033 0.141400 0.032259 0.031766 0.032259 21640 22231
21 62.310000 60.320000 1000000 10.290946 10.120945 10.285329 10.114045 0.031790 0.032259 0.142937 0.139250 0.032259 0.031781 0.032259 22230 22351
21 62.310000 60.320000 1000000 10.268207 10.103741 10.262552 10.096840 0.031778 0.032259 0.151329 0.147851 0.032259 0.031770 0.032259 22350 23462
21 62.310000 60.320000 1000000 10.261743 10.094601 10.255986 10.086849 0.031773 0.032259 0.151855 0.148390 0.032259 0.031765 0.032259 23460 23655
21 62.310000 60.320000 1000000 10.260386 10.093526 10.254626 10.085774 0.031774 0.032259 0.151855 0.148390 0.032259 0.031765 0.032259 23650 23978
21 62.310000 60.320000 1000000 10.258660 10.092451 10.252897 10.084699 0.031774 0.032259 0.151855 0.148390 0.032259 0.031765 0.032259 23970 25819
21 62.310000 60.320000 1000000 10.231078 10.055892 10.225493 10.049394 0.031750 0.032259 0.151854 0.148388 0.032259 0.031742 0.032259 25810 26933
21 62.310000 60.320000 1000000 10.194543 10.035462 10.188898 10.028964 0.031761 0.032259 0.162378 0.159141 0.032259 0.031752 0.032259 26390 27074
21 62.310000 60.320000 1000000 10.185403 10.024709 10.179743 10.018212 0.031759 0.032259 0.165541 0.162367 0.032259 0.031751 0.032259 27070 27112
21 62.310000 60.320000 1000000 10.184711 10.023634 10.179050 10.017136 0.031760 0.032259 0.164486 0.161292 0.032259 0.031751 0.032259 27110 28158
21 62.310000 60.320000 1000000 10.171447 10.010731 10.165764 10.004233 0.031753 0.032259 0.153958 0.150540 0.032259 0.031744 0.032259 28150 29273
21 62.310000 60.320000 1000000 10.164655 10.006430 10.158960 9.999932 0.031753 0.032259 0.153957 0.150540 0.032259 0.031745 0.032259 29270 29897
21 62.310000 60.320000 1000000 10.155145 10.001053 10.149434 9.994556 0.031756 0.032259 0.153957 0.150540 0.032259 0.031747 0.032259 29890 30261
21 62.310000 60.320000 1000000 10.154998 9.999440 10.149208 9.992092 0.031756 0.032259 0.153433 0.150004 0.032259 0.031747 0.032259 30260 30579
21 62.310000 60.320000 1000000 10.144268 9.990838 10.138357 9.983087 0.031757 0.032259 0.147132 0.143552 0.032259 0.031749 0.032259 30570 31502
21 62.310000 60.320000 1000000 10.141585 9.986537 10.135670 9.978785 0.031755 0.032259 0.147132 0.143552 0.032259 0.031747 0.032259 31500 34355
21 62.310000 60.320000 1000000 10.114414 9.948903 10.109020 9.943660 0.031750 0.032259 0.131442 0.127423 0.032259 0.031741 0.032259 34350 34554
21 62.310000 60.320000 1000000 10.113665 9.947828 10.108270 9.942585 0.031748 0.032259 0.132485 0.128498 0.032259 0.031739 0.032259 34550 36052
21 62.310000 60.320000 1000000 10.105378 9.941376 10.099969 9.936133 0.031747 0.032259 0.135615 0.131722 0.032259 0.031739 0.032259 36050 36115
21 62.310000 60.320000 1000000 10.103615 9.940301 10.098204 9.935058 0.031747 0.032259 0.135615 0.131722 0.032259 0.031739 0.032259 36110 36240
21 62.310000 60.320000 1000000 10.102881 9.939226 10.097469 9.933983 0.031747 0.032259 0.135615 0.131722 0.032259 0.031739 0.032259 36240 36696
21 62.310000 60.320000 1000000 10.100241 9.938150 10.094824 9.932908 0.031751 0.032259 0.134571 0.130647 0.032259 0.031742 0.032259 36690 38052
21 62.310000 60.320000 1000000 10.009910 9.886538 10.004346 9.881295 0.031804 0.032259 0.157641 0.154305 0.032259 0.031795 0.032259 37710 38827
21 62.310000 60.320000 1000000 10.009036 9.885462 10.003470 9.880220 0.031804 0.032259 0.156589 0.153230 0.032259 0.031796 0.032259 38820 39617
21 62.310000 60.320000 1000000 10.003267 9.871484 9.997691 9.866241 0.031790 0.032259 0.159747 0.156456 0.032259 0.031781 0.032259 39540 40919
21 62.310000 60.320000 1000000 9.990885 9.859656 9.985288 9.854413 0.031789 0.032259 0.159747 0.156456 0.032259 0.031781 0.032259 40910 40970
21 62.310000 60.320000 1000000 9.989682 9.858581 9.984084 9.853338 0.031790 0.032259 0.158694 0.155381 0.032259 0.031781 0.032259 40970 42422
21 62.310000 60.320000 1000000 9.977779 9.849979 9.972160 9.844736 0.031784 0.032259 0.157641 0.154306 0.032259 0.031776 0.032259 42420 42993
21 62.310000 60.320000 1000000 9.948344 9.816646 9.942675 9.811403 0.031773 0.032259 0.163959 0.160755 0.032259 0.031765 0.032259 42990 45556
21 62.310000 60.320000 1000000 9.942145 9.796215 9.935556 9.787792 0.031774 0.032259 0.165013 0.161829 0.032259 0.031766 0.032259 45550 45935
21 62.310000 60.320000 1000000 9.938493 9.792990 9.931896 9.784566 0.031772 0.032259 0.165013 0.161829 0.032259 0.031763 0.032259 45930 47548
21 62.310000 60.320000 1000000 9.846964 9.746753 9.840182 9.738329 0.031831 0.032259 0.149229 0.145700 0.032259 0.031824 0.032259 47540 50254
21 62.310000 60.320000 1000000 9.836260 9.724172 9.829455 9.715748 0.031813 0.032259 0.162904 0.159679 0.032259 0.031805 0.032259 50250 54810
21 62.310000 60.320000 1000000 9.799603 9.663958 9.792722 9.655534 0.031769 0.032259 0.151328 0.147849 0.032259 0.031761 0.032259 54810 60389
21 62.310000 60.320000 1000000 9.797103 9.654818 9.789715 9.642138 0.031770 0.032259 0.153955 0.150537 0.032259 0.031763 0.032259 60380 63079
21 62.310000 60.320000 1000000 9.789182 9.649441 9.781777 9.636761 0.031776 0.032259 0.149752 0.146236 0.032259 0.031769 0.032259 63070 65551
21 62.310000 60.320000 1000000 9.776545 9.641915 9.769111 9.629235 0.031779 0.032259 0.151852 0.148386 0.032259 0.031772 0.032259 65550 65840
21 62.310000 60.320000 1000000 9.775730 9.640839 9.768294 9.628159 0.031777 0.032259 0.151852 0.148386 0.032259 0.031770 0.032259 65840 66536
21 62.310000 60.320000 1000000 9.770990 9.633312 9.764143 9.623141 0.031771 0.032259 0.148702 0.145161 0.032259 0.031763 0.032259 66530 66952
21 62.310000 60.320000 1000000 9.769164 9.632237 9.762313 9.622066 0.031772 0.032259 0.147653 0.144086 0.032259 0.031764 0.032259 66950 74803
21 62.310000 60.320000 1000000 9.728627 9.584925 9.721690 9.574754 0.031745 0.032259 0.145554 0.141935 0.032259 0.031738 0.032259 74800 80953
21 62.310000 60.320000 1000000 9.652766 9.523635 9.648205 9.524755 0.031772 0.032259 0.111231 0.106451 0.032259 0.031762 0.032259 80950 84778
21 62.310000 60.320000 1000000 9.631738 9.509657 9.627146 9.510776 0.031782 0.032259 0.113291 0.108601 0.032259 0.031773 0.032259 84770 85110
21 62.310000 60.320000 1000000 9.631165 9.508581 9.626572 9.509701 0.031780 0.032259 0.113291 0.108601 0.032259 0.031771 0.032259 85110 93725
21 62.310000 60.320000 1000000 9.580200 9.455893 9.576557 9.462031 0.031787 0.032259 0.116387 0.111827 0.032259 0.031777 0.032259 92910 104194
21 62.310000 60.320000 1000000 9.539184 9.417184 9.535494 9.423321 0.031783 0.032259 0.120527 0.116130 0.032259 0.031774 0.032259 104190 107504
21 62.310000 60.320000 1000000 9.517718 9.403206 9.514003 9.409343 0.031794 0.032259 0.124676 0.120430 0.032259 0.031784 0.032259 107500 113589
21 62.310000 60.320000 1000000 9.468210 9.345141 9.463466 9.342766 0.031767 0.032259 0.126755 0.122581 0.032259 0.031758 0.032259 113580 118165
21 62.310000 60.320000 1000000 9.460045 9.333313 9.455289 9.330938 0.031772 0.032259 0.122600 0.118280 0.032259 0.031763 0.032259 118160 124233
21 62.310000 60.320000 1000000 9.431222 9.313958 9.426422 9.311583 0.031780 0.032259 0.123638 0.119356 0.032259 0.031771 0.032259 124230 140991
21 62.310000 60.320000 1000000 9.415400 9.304281 9.410576 9.301906 0.031783 0.032259 0.122601 0.118281 0.032259 0.031774 0.032259 129190 132561
21 62.310000 60.320000 1000000 9.412630 9.301055 9.407801 9.298680 0.031781 0.032259 0.124677 0.120432 0.032259 0.031773 0.032259 132560 140991
21 62.310000 60.320000 1000000 9.394495 9.222024 9.386914 9.184748 0.031772 0.032259 0.145031 0.141398 0.032259 0.031763 0.032259 140990 145955
21 62.310000 60.320000 1000000 9.372428 9.206970 9.364793 9.169694 0.031773 0.032259 0.139795 0.136022 0.032259 0.031764 0.032259 145950 165046
21 62.310000 60.320000 1000000 9.349472 9.172562 9.340613 9.130850 0.031769 0.032259 0.134569 0.130646 0.032259 0.031760 0.032259 165040 167172
21 62.310000 60.320000 1000000 9.349041 9.171486 9.340181 9.129775 0.031768 0.032259 0.133526 0.129571 0.032259 0.031759 0.032259 167170 170706
21 62.310000 60.320000 1000000 9.345746 9.162884 9.336877 9.121173 0.031766 0.032259 0.133526 0.129571 0.032259 0.031757 0.032259 170700 191178
21 62.310000 60.320000 1000000 9.308274 9.136003 9.299298 9.094291 0.031777 0.032259 0.130397 0.126344 0.032259 0.031768 0.032259 191170 197876
21 62.310000 60.320000 1000000 9.303827 9.132777 9.294838 9.091065 0.031775 0.032259 0.131440 0.127420 0.032259 0.031767 0.032259 197870 198217
21 62.310000 60.320000 1000000 9.302187 9.131702 9.293193 9.089990 0.031775 0.032259 0.131440 0.127420 0.032259 0.031766 0.032259 198210 203166
21 62.310000 60.320000 1000000 9.297950 9.126325 9.289473 9.087123 0.031776 0.032259 0.134569 0.130646 0.032259 0.031767 0.032259 203160 208274
21 62.310000 60.320000 1000000 9.296402 9.125250 9.287920 9.086048 0.031777 0.032259 0.134569 0.130645 0.032259 0.031768 0.032259 208270 208540
21 62.310000 60.320000 1000000 9.296227 9.123637 9.287652 9.083583 0.031777 0.032259 0.134047 0.130108 0.032259 0.031768 0.032259 208540 210920
21 62.310000 60.320000 1000000 9.291768 9.119336 9.283181 9.079282 0.031774 0.032259 0.131961 0.127957 0.032259 0.031765 0.032259 210920 236923
21 62.310000 60.320000 1000000 9.252048 9.049982 9.251392 9.058001 0.031771 0.032259 0.109689 0.104838 0.032259 0.031763 0.032259 236920 259484
21 62.310000 60.320000 1000000 9.244064 9.044605 9.243406 9.052624 0.031774 0.032259 0.112776 0.108064 0.032259 0.031766 0.032259 259480 267017
21 62.310000 60.320000 1000000 9.232183 9.036003 9.231522 9.044022 0.031783 0.032259 0.114839 0.110215 0.032259 0.031775 0.032259 267010 277555
21 62.310000 60.320000 1000000 9.224831 9.029551 9.224169 9.037571 0.031781 0.032259 0.114838 0.110214 0.032259 0.031773 0.032259 277550 278279
21 62.310000 60.320000 1000000 9.224474 9.028476 9.223678 9.036092 0.031782 0.032259 0.113806 0.109139 0.032259 0.031774 0.032259 278270 279954
21 62.310000 60.320000 1000000 9.218658 9.020949 9.217860 9.028565 0.031771 0.032259 0.115871 0.111290 0.032259 0.031763 0.032259 279950 285474
21 62.310000 60.320000 1000000 9.210315 9.015573 9.209515 9.023189 0.031773 0.032259 0.117938 0.113441 0.032259 0.031765 0.032259 285470 293884
21 62.310000 60.320000 1000000 9.176907 8.994068 9.176098 9.001684 0.031775 0.032259 0.112777 0.108065 0.032259 0.031767 0.032259 293880 293890
21 62.310000 60.320000 1000000 9.175692 8.992992 9.174883 9.000608 0.031776 0.032259 0.113808 0.109140 0.032259 0.031768 0.032259 293890 299890
21 62.310000 60.320000 1000000 9.171742 8.989766 9.170932 8.997382 0.031777 0.032259 0.113808 0.109140 0.032259 0.031769 0.032259 299890 331810
21 62.310000 60.320000 1000000 9.141549 8.954283 9.139822 8.957866 0.031774 0.032259 0.101499 0.096237 0.032259 0.031766 0.032259 331810 341617
21 62.310000 60.320000 1000000 9.130362 8.945681 9.128630 8.949264 0.031781 0.032259 0.101499 0.096237 0.032259 0.031772 0.032259 341610 342754
21 62.310000 60.320000 1000000 9.117791 8.937078 9.116052 8.940662 0.031778 0.032259 0.102518 0.097311 0.032259 0.031769 0.032259 342750 343641
21 62.310000 60.320000 1000000 9.117141 8.936003 9.115401 8.939587 0.031778 0.032259 0.103540 0.098386 0.032259 0.031770 0.032259 343640 365725
21 62.310000 60.320000 1000000 9.090228 8.906971 9.088472 8.910555 0.031762 0.032259 0.095404 0.089784 0.032259 0.031753 0.032259 365720 373835
21 62.310000 60.320000 1000000 9.089599 8.905896 9.087843 8.909479 0.031762 0.032259 0.094392 0.088709 0.032259 0.031754 0.032259 373830 423403
21 62.310000 60.320000 1000000 9.071127 8.891917 9.069171 8.893798 0.031766 0.032259 0.093381 0.087632 0.032259 0.031757 0.032259 423400 457676
21 62.310000 60.320000 1000000 9.039811 8.869337 9.037834 8.871218 0.031774 0.032259 0.091366 0.085482 0.032259 0.031765 0.032259 457670 465577
21 62.310000 60.320000 1000000 9.035777 8.866111 9.033714 8.867589 0.031775 0.032259 0.088356 0.082256 0.032259 0.031766 0.032259 465570 487151
21 62.310000 60.320000 1000000 9.030704 8.857509 9.028638 8.858987 0.031779 0.032259 0.085361 0.079031 0.032259 0.031771 0.032259 487150 491943
21 62.310000 60.320000 1000000 9.029049 8.856433 9.026982 8.857911 0.031781 0.032259 0.084366 0.077956 0.032259 0.031772 0.032259 491940 513220
21 62.310000 60.320000 1000000 9.015029 8.843530 9.013781 8.848772 0.031785 0.032259 0.086359 0.080108 0.032259 0.031776 0.032259 513220 523642
21 62.310000 60.320000 1000000 9.002856 8.832778 9.001362 8.836809 0.031790 0.032259 0.086359 0.080108 0.032259 0.031781 0.032259 523640 552194
21 62.310000 60.320000 1000000 8.976726 8.809122 8.975219 8.813154 0.031787 0.032259 0.097430 0.091935 0.032259 0.031778 0.032259 552190 556817
21 62.310000 60.320000 1000000 8.972055 8.805896 8.970546 8.809928 0.031790 0.032259 0.099462 0.094085 0.032259 0.031780 0.032259 556810 572311
21 62.310000 60.320000 1000000 8.968278 8.802670 8.966767 8.806702 0.031792 0.032259 0.097430 0.091935 0.032259 0.031783 0.032259 572310 610124
21 62.310000 60.320000 1000000 8.961783 8.797294 8.960268 8.801326 0.031794 0.032259 0.099462 0.094085 0.032259 0.031784 0.032259 610120 657841
21 62.310000 60.320000 1000000 8.942398 8.761810 8.940984 8.768889 0.031770 0.032259 0.090363 0.084409 0.032259 0.031761 0.032259 657840 704793
21 62.310000 60.320000 1000000 8.900556 8.734928 8.899122 8.742007 0.031786 0.032259 0.090363 0.084409 0.032259 0.031776 0.032259 683430 718885
21 62.310000 60.320000 1000000 8.880238 8.715573 8.878361 8.721442 0.031783 0.032259 0.094393 0.088710 0.032259 0.031774 0.032259 718880 747516
21 62.310000 60.320000 1000000 8.867525 8.701057 8.865349 8.704372 0.031788 0.032259 0.094898 0.089247 0.032259 0.031780 0.032259 747510 754416
21 62.310000 60.320000 1000000 8.857020 8.692455 8.854836 8.695770 0.031785 0.032259 0.094899 0.089248 0.032259 0.031776 0.032259 754410 755637
21 62.310000 60.320000 1000000 8.855311 8.691380 8.853126 8.694695 0.031785 0.032259 0.094899 0.089248 0.032259 0.031776 0.032259 755630 763698
21 62.310000 60.320000 1000000 8.853757 8.690304 8.851571 8.693619 0.031784 0.032259 0.095911 0.090323 0.032259 0.031775 0.032259 763690 793102
21 62.310000 60.320000 1000000 8.838853 8.676326 8.836657 8.679641 0.031776 0.032259 0.097938 0.092473 0.032259 0.031767 0.032259 793100 810954
21 62.310000 60.320000 1000000 8.828176 8.664498 8.825972 8.667813 0.031762 0.032259 0.096923 0.091398 0.032259 0.031754 0.032259 801230 870950
21 62.310000 60.320000 1000000 8.821532 8.658046 8.819190 8.660555 0.031764 0.032259 0.091871 0.086021 0.032259 0.031755 0.032259 843560 918472
21 62.310000 60.320000 1000000 8.815375 8.648369 8.813027 8.650877 0.031756 0.032259 0.085860 0.079570 0.032259 0.031747 0.032259 918470 922963
21 62.310000 60.320000 1000000 8.814000 8.647293 8.811651 8.649802 0.031754 0.032259 0.085860 0.079570 0.032259 0.031746 0.032259 922960 926588
21 62.310000 60.320000 1000000 8.813381 8.646218 8.811032 8.648727 0.031753 0.032259 0.084865 0.078495 0.032259 0.031744 0.032259 926580 933138
21 62.310000 60.320000 1000000 8.812676 8.645143 8.810326 8.647652 0.031754 0.032259 0.083871 0.077419 0.032259 0.031745 0.032259 933130 940855
21 62.310000 60.320000 1000000 8.810778 8.644068 8.808427 8.646576 0.031754 0.032259 0.082880 0.076344 0.032259 0.031745 0.032259 940850 975498
21 62.310000 60.320000 1000000 8.804604 8.639767 8.802248 8.642275 0.031756 0.032259 0.083871 0.077419 0.032259 0.031747 0.032259 975490 991621
21 62.310000 60.320000 1000000 8.800910 8.634390 8.798552 8.636899 0.031751 0.032259 0.084865 0.078494 0.032259 0.031742 0.032259 991620 1000000
