4 62.310000 60.320000 1000000 13.558910 13.612329 13.554130 13.616136 0.031966 0.032257 0.198872 0.196239 0.032257 0.031958 0.032257 0 50
4 62.310000 60.320000 1000000 12.432216 12.270935 12.429117 12.278640 0.031448 0.032257 0.322048 0.320429 0.032257 0.031437 0.032257 50 60
4 62.310000 60.320000 1000000 12.049057 11.862873 12.045686 11.870577 0.031423 0.032257 0.247806 0.245698 0.032257 0.031413 0.032257 60 70
4 62.310000 60.320000 1000000 11.828391 11.591906 11.825062 11.600865 0.031240 0.032257 0.219051 0.216663 0.032257 0.031230 0.032257 70 80
4 62.310000 60.320000 1000000 11.679351 11.481691 11.674838 11.482227 0.031323 0.032257 0.219585 0.217203 0.032257 0.031313 0.032257 80 91
4 62.310000 60.320000 1000000 11.588960 11.313412 11.584718 11.310453 0.031299 0.032257 0.197809 0.195161 0.032257 0.031289 0.032257 90 100
4 62.310000 60.320000 1000000 11.456160 11.212874 11.451561 11.208660 0.031347 0.032257 0.166595 0.163442 0.032257 0.031337 0.032257 100 110
4 62.310000 60.320000 1000000 11.400383 11.129003 11.395751 11.114844 0.031378 0.032257 0.173983 0.170967 0.032257 0.031367 0.032257 110 120
4 62.310000 60.320000 1000000 11.358514 11.054810 11.354521 11.048850 0.031347 0.032257 0.165540 0.162366 0.032257 0.031337 0.032257 120 134
4 62.310000 60.320000 1000000 11.324331 11.023628 11.320302 11.017667 0.031371 0.032257 0.151854 0.148388 0.032257 0.031361 0.032257 130 140
4 62.310000 60.320000 1000000 11.303166 11.009649 11.299114 11.003689 0.031383 0.032257 0.155006 0.151612 0.032257 0.031373 0.032257 140 152
4 62.310000 60.320000 1000000 11.265080 10.981692 11.260987 10.975731 0.031403 0.032257 0.152904 0.149463 0.032257 0.031393 0.032257 150 162
4 62.310000 60.320000 1000000 11.191586 10.925778 11.187176 10.919011 0.031417 0.032257 0.170817 0.167743 0.032257 0.031407 0.032257 160 179
4 62.310000 60.320000 1000000 11.120847 10.849433 11.117349 10.847685 0.031415 0.032257 0.205769 0.203225 0.032257 0.031405 0.032257 170 184
4 62.310000 60.320000 1000000 11.096008 10.825778 11.092486 10.824029 0.031417 0.032257 0.215331 0.212901 0.032257 0.031407 0.032257 180 190
4 62.310000 60.320000 1000000 10.955211 10.638682 10.951551 10.636933 0.031399 0.032257 0.272879 0.270966 0.032257 0.031389 0.032257 190 201
4 62.310000 60.320000 1000000 10.653044 10.442984 10.649064 10.441235 0.031605 0.032257 0.212143 0.209677 0.032257 0.031596 0.032257 200 211
4 62.310000 60.320000 1000000 10.608084 10.415027 10.604054 10.413278 0.031631 0.032257 0.208955 0.206450 0.032257 0.031621 0.032257 210 221
4 62.310000 60.320000 1000000 10.599055 10.408575 10.595290 10.408081 0.031634 0.032257 0.208955 0.206450 0.032257 0.031625 0.032257 220 236
4 62.310000 60.320000 1000000 10.556589 10.345135 10.552375 10.343431 0.031638 0.032257 0.206832 0.204301 0.032257 0.031629 0.032257 230 256
4 62.310000 60.320000 1000000 10.450888 10.212877 10.442692 10.195044 0.031690 0.032257 0.153953 0.150536 0.032257 0.031680 0.032257 250 269
4 62.310000 60.320000 1000000 10.442143 10.207501 10.434210 10.190922 0.031696 0.032257 0.155005 0.151611 0.032257 0.031686 0.032257 260 275
4 62.310000 60.320000 1000000 10.441007 10.205350 10.433072 10.188772 0.031694 0.032257 0.155005 0.151611 0.032257 0.031684 0.032257 270 281
4 62.310000 60.320000 1000000 10.392526 10.154813 10.383925 10.133127 0.031709 0.032257 0.162379 0.159143 0.032257 0.031699 0.032257 280 291
4 62.310000 60.320000 1000000 10.385415 10.148361 10.376796 10.126675 0.031709 0.032257 0.161325 0.158067 0.032257 0.031700 0.032257 290 306
4 62.310000 60.320000 1000000 10.357264 10.076318 10.348079 10.034919 0.031722 0.032257 0.175043 0.172045 0.032257 0.031711 0.032257 300 333
4 62.310000 60.320000 1000000 10.314807 9.998899 10.313039 10.003826 0.031740 0.032257 0.135091 0.131184 0.032257 0.031732 0.032257 330 345
4 62.310000 60.320000 1000000 10.291913 9.982770 10.290133 9.987697 0.031751 0.032257 0.127794 0.123656 0.032257 0.031743 0.032257 340 361
4 62.310000 60.320000 1000000 10.271888 9.966641 10.270097 9.971568 0.031761 0.032257 0.123637 0.119355 0.032257 0.031752 0.032257 360 377
4 62.310000 60.320000 1000000 10.245712 9.941910 10.243908 9.946837 0.031771 0.032257 0.117422 0.112904 0.032257 0.031763 0.032257 370 384
4 62.310000 60.320000 1000000 10.243847 9.933308 10.242276 9.942447 0.031770 0.032257 0.119491 0.115055 0.032257 0.031763 0.032257 380 413
4 62.310000 60.320000 1000000 10.175515 9.881695 10.173712 9.889624 0.031780 0.032257 0.110203 0.105377 0.032257 0.031772 0.032257 410 454
4 62.310000 60.320000 1000000 10.164997 9.873093 10.163189 9.881022 0.031778 0.032257 0.114324 0.109678 0.032257 0.031770 0.032257 430 465
4 62.310000 60.320000 1000000 10.145555 9.856964 10.143488 9.863280 0.031786 0.032257 0.108149 0.103226 0.032257 0.031778 0.032257 460 486
4 62.310000 60.320000 1000000 10.132346 9.834384 10.128633 9.834651 0.031788 0.032257 0.112263 0.107529 0.032257 0.031780 0.032257 480 498
4 62.310000 60.320000 1000000 10.117589 9.819330 10.113860 9.819598 0.031794 0.032257 0.115358 0.110757 0.032257 0.031786 0.032257 490 504
4 62.310000 60.320000 1000000 10.114940 9.815567 10.111120 9.814983 0.031791 0.032257 0.112781 0.108070 0.032257 0.031783 0.032257 500 521
4 62.310000 60.320000 1000000 10.049769 9.755352 10.045531 9.751364 0.031795 0.032257 0.139800 0.136028 0.032257 0.031787 0.032257 520 532
4 62.310000 60.320000 1000000 10.037516 9.737073 10.033263 9.733084 0.031789 0.032257 0.134575 0.130651 0.032257 0.031782 0.032257 530 549
4 62.310000 60.320000 1000000 9.986875 9.703740 9.982557 9.699751 0.031810 0.032257 0.150281 0.146778 0.032257 0.031802 0.032257 540 557
4 62.310000 60.320000 1000000 9.960297 9.687611 9.955945 9.683623 0.031819 0.032257 0.165015 0.161831 0.032257 0.031811 0.032257 550 568
4 62.310000 60.320000 1000000 9.923515 9.659654 9.919114 9.655666 0.031836 0.032257 0.151330 0.147852 0.032257 0.031829 0.032257 560 593
4 62.310000 60.320000 1000000 9.870930 9.613418 9.866458 9.609429 0.031826 0.032257 0.147130 0.143551 0.032257 0.031819 0.032257 590 603
4 62.310000 60.320000 1000000 9.866189 9.606966 9.861711 9.602978 0.031824 0.032257 0.142937 0.139249 0.032257 0.031816 0.032257 600 627
4 62.310000 60.320000 1000000 9.811219 9.564494 9.806343 9.554546 0.031853 0.032257 0.130920 0.126884 0.032257 0.031845 0.032257 620 639
4 62.310000 60.320000 1000000 9.806159 9.560193 9.801276 9.550245 0.031849 0.032257 0.135092 0.131185 0.032257 0.031842 0.032257 630 685
4 62.310000 60.320000 1000000 9.767344 9.517182 9.764329 9.516061 0.031830 0.032257 0.134048 0.130109 0.032257 0.031821 0.032257 680 701
4 62.310000 60.320000 1000000 9.750856 9.495677 9.749227 9.502083 0.031820 0.032257 0.129877 0.125807 0.032257 0.031810 0.032257 700 726
4 62.310000 60.320000 1000000 9.750480 9.494602 9.748850 9.501007 0.031819 0.032257 0.129878 0.125808 0.032257 0.031810 0.032257 720 758
4 62.310000 60.320000 1000000 9.749235 9.493527 9.747605 9.499932 0.031819 0.032257 0.129878 0.125808 0.032257 0.031810 0.032257 750 946
4 62.310000 60.320000 1000000 9.701024 9.470946 9.699370 9.477352 0.031870 0.032257 0.135093 0.131185 0.032257 0.031860 0.032257 760 984
4 62.310000 60.320000 1000000 9.550346 9.378473 9.549022 9.388642 0.031943 0.032257 0.134049 0.130110 0.032257 0.031934 0.032257 860 1016
4 62.310000 60.320000 1000000 9.532738 9.366645 9.531406 9.376814 0.031949 0.032257 0.125716 0.121508 0.032257 0.031940 0.032257 870 945
4 62.310000 60.320000 1000000 9.520654 9.361269 9.519318 9.371438 0.031964 0.032257 0.123639 0.119356 0.032257 0.031954 0.032257 940 1062
4 62.310000 60.320000 1000000 9.506127 9.354817 9.504785 9.364986 0.031979 0.032257 0.123639 0.119356 0.032257 0.031970 0.032257 950 1041
4 62.310000 60.320000 1000000 9.481598 9.331162 9.479687 9.336223 0.031991 0.032257 0.120528 0.116131 0.032257 0.031982 0.032257 1040 1062
4 62.310000 60.320000 1000000 9.458026 9.315033 9.456100 9.320094 0.032005 0.032257 0.125716 0.121507 0.032257 0.031996 0.032257 1060 1087
4 62.310000 60.320000 1000000 9.449139 9.303205 9.447208 9.308266 0.032009 0.032257 0.123639 0.119357 0.032257 0.032000 0.032257 1080 1106
4 62.310000 60.320000 1000000 9.436865 9.292452 9.434927 9.297514 0.032016 0.032257 0.116389 0.111830 0.032257 0.032007 0.032257 1100 1151
4 62.310000 60.320000 1000000 9.411769 9.270947 9.409583 9.275202 0.032019 0.032257 0.114324 0.109678 0.032257 0.032010 0.032257 1150 1190
4 62.310000 60.320000 1000000 9.405191 9.264495 9.403001 9.268750 0.032018 0.032257 0.116389 0.111829 0.032257 0.032009 0.032257 1190 1276
4 62.310000 60.320000 1000000 9.383517 9.244065 9.381311 9.248320 0.032029 0.032257 0.110206 0.105379 0.032257 0.032021 0.032257 1200 1315
4 62.310000 60.320000 1000000 9.310038 9.206431 9.307780 9.210686 0.032088 0.032257 0.093890 0.088175 0.032257 0.032080 0.032257 1310 1356
4 62.310000 60.320000 1000000 9.305951 9.201054 9.303690 9.205309 0.032084 0.032257 0.096926 0.091401 0.032257 0.032075 0.032257 1350 1378
4 62.310000 60.320000 1000000 9.301224 9.197829 9.298960 9.202084 0.032084 0.032257 0.097941 0.092476 0.032257 0.032076 0.032257 1370 1406
4 62.310000 60.320000 1000000 9.288262 9.187076 9.285988 9.191331 0.032090 0.032257 0.094900 0.089250 0.032257 0.032082 0.032257 1400 1516
4 62.310000 60.320000 1000000 9.277850 9.179549 9.275568 9.183804 0.032090 0.032257 0.093890 0.088175 0.032257 0.032081 0.032257 1510 1594
4 62.310000 60.320000 1000000 9.275325 9.175248 9.273041 9.179503 0.032091 0.032257 0.096926 0.091401 0.032257 0.032082 0.032257 1590 1638
4 62.310000 60.320000 1000000 9.273994 9.174173 9.271709 9.178428 0.032091 0.032257 0.096926 0.091401 0.032257 0.032083 0.032257 1630 1677
4 62.310000 60.320000 1000000 9.249151 9.156968 9.246848 9.161223 0.032104 0.032257 0.091871 0.086021 0.032257 0.032095 0.032257 1670 1690
4 62.310000 60.320000 1000000 9.243053 9.149441 9.240811 9.154145 0.032105 0.032257 0.095910 0.090323 0.032257 0.032096 0.032257 1690 1731
4 62.310000 60.320000 1000000 9.218529 9.127936 9.216268 9.132639 0.032107 0.032257 0.093888 0.088173 0.032257 0.032098 0.032257 1730 1793
4 62.310000 60.320000 1000000 9.204162 9.111807 9.201521 9.113105 0.032106 0.032257 0.091871 0.086022 0.032257 0.032097 0.032257 1790 1801
4 62.310000 60.320000 1000000 9.200781 9.109657 9.198137 9.110955 0.032106 0.032257 0.090865 0.084947 0.032257 0.032098 0.032257 1800 1860
4 62.310000 60.320000 1000000 9.190666 9.101055 9.188013 9.102353 0.032100 0.032257 0.092879 0.087097 0.032257 0.032091 0.032257 1860 1955
4 62.310000 60.320000 1000000 9.179140 9.093528 9.176477 9.094826 0.032103 0.032257 0.092879 0.087097 0.032257 0.032094 0.032257 1950 1961
4 62.310000 60.320000 1000000 9.176463 9.091377 9.173798 9.092675 0.032103 0.032257 0.091871 0.086022 0.032257 0.032094 0.032257 1960 2077
4 62.310000 60.320000 1000000 9.169063 9.086001 9.166391 9.087299 0.032104 0.032257 0.089861 0.083872 0.032257 0.032096 0.032257 2070 2094
4 62.310000 60.320000 1000000 9.168430 9.084926 9.165758 9.086224 0.032104 0.032257 0.088858 0.082797 0.032257 0.032095 0.032257 2090 2195
4 62.310000 60.320000 1000000 9.156326 9.076324 9.153643 9.077622 0.032109 0.032257 0.085861 0.079571 0.032257 0.032100 0.032257 2190 2200
4 62.310000 60.320000 1000000 9.156005 9.075248 9.153322 9.076546 0.032108 0.032257 0.085861 0.079571 0.032257 0.032100 0.032257 2200 2236
4 62.310000 60.320000 1000000 9.155500 9.074173 9.152817 9.075471 0.032108 0.032257 0.085860 0.079571 0.032257 0.032099 0.032257 2230 2245
4 62.310000 60.320000 1000000 9.155007 9.073098 9.152323 9.074396 0.032107 0.032257 0.086857 0.080645 0.032257 0.032098 0.032257 2240 2265
4 62.310000 60.320000 1000000 9.154306 9.072022 9.151621 9.073321 0.032107 0.032257 0.086857 0.080645 0.032257 0.032099 0.032257 2260 2474
4 62.310000 60.320000 1000000 9.093209 9.029012 9.090470 9.030310 0.032105 0.032257 0.078936 0.072044 0.032257 0.032097 0.032257 2470 2488
4 62.310000 60.320000 1000000 9.091990 9.027936 9.089250 9.029235 0.032104 0.032257 0.077956 0.070968 0.032257 0.032096 0.032257 2480 2611
4 62.310000 60.320000 1000000 9.090910 9.026861 9.088169 9.028159 0.032104 0.032257 0.077956 0.070968 0.032257 0.032095 0.032257 2610 2642
4 62.310000 60.320000 1000000 9.089332 9.025786 9.086590 9.027084 0.032104 0.032257 0.077956 0.070968 0.032257 0.032095 0.032257 2640 2724
4 62.310000 60.320000 1000000 9.072543 9.012883 9.069785 9.014181 0.032109 0.032257 0.076978 0.069893 0.032257 0.032100 0.032257 2720 2818
4 62.310000 60.320000 1000000 9.063991 9.006431 9.061226 9.007729 0.032111 0.032257 0.077957 0.070970 0.032257 0.032103 0.032257 2810 2832
4 62.310000 60.320000 1000000 9.050434 8.996754 9.047656 8.998052 0.032111 0.032257 0.077957 0.070970 0.032257 0.032103 0.032257 2830 3276
4 62.310000 60.320000 1000000 9.030209 8.980625 9.027682 8.983177 0.032122 0.032257 0.075033 0.067745 0.032257 0.032113 0.032257 3270 3307
4 62.310000 60.320000 1000000 9.025976 8.977399 9.023445 8.979951 0.032122 0.032257 0.077958 0.070971 0.032257 0.032113 0.032257 3300 3348
4 62.310000 60.320000 1000000 9.024823 8.976323 9.022291 8.978876 0.032123 0.032257 0.077958 0.070971 0.032257 0.032114 0.032257 3340 3350
4 62.310000 60.320000 1000000 9.016981 8.972022 9.014443 8.974575 0.032129 0.032257 0.074064 0.066670 0.032257 0.032120 0.032257 3350 3394
4 62.310000 60.320000 1000000 9.015606 8.970947 9.013067 8.973500 0.032129 0.032257 0.074064 0.066670 0.032257 0.032120 0.032257 3390 3478
4 62.310000 60.320000 1000000 9.012724 8.967721 9.010182 8.970274 0.032128 0.032257 0.073098 0.065596 0.032257 0.032119 0.032257 3470 3655
4 62.310000 60.320000 1000000 9.005767 8.963420 9.003219 8.965973 0.032129 0.032257 0.070218 0.062370 0.032257 0.032121 0.032257 3650 4075
4 62.310000 60.320000 1000000 8.995695 8.953743 8.992936 8.955489 0.032133 0.032257 0.075034 0.067747 0.032257 0.032124 0.032257 4070 4218
4 62.310000 60.320000 1000000 8.988376 8.946216 8.985610 8.947962 0.032127 0.032257 0.075035 0.067747 0.032257 0.032118 0.032257 4210 4445
4 62.310000 60.320000 1000000 8.984286 8.942990 8.981516 8.944737 0.032125 0.032257 0.076007 0.068822 0.032257 0.032116 0.032257 4440 4455
4 62.310000 60.320000 1000000 8.983820 8.941915 8.981049 8.943661 0.032125 0.032257 0.075035 0.067747 0.032257 0.032117 0.032257 4450 4476
4 62.310000 60.320000 1000000 8.982674 8.940840 8.979903 8.942586 0.032126 0.032257 0.075035 0.067747 0.032257 0.032117 0.032257 4470 4496
4 62.310000 60.320000 1000000 8.981590 8.939765 8.978818 8.941511 0.032127 0.032257 0.074065 0.066672 0.032257 0.032118 0.032257 4490 4613
4 62.310000 60.320000 1000000 8.970324 8.931162 8.967541 8.932909 0.032130 0.032257 0.068316 0.060220 0.032257 0.032121 0.032257 4610 5019
4 62.310000 60.320000 1000000 8.968715 8.930087 8.965931 8.931833 0.032130 0.032257 0.068316 0.060220 0.032257 0.032122 0.032257 5010 5023
4 62.310000 60.320000 1000000 8.968383 8.929012 8.965473 8.930355 0.032131 0.032257 0.069265 0.061295 0.032257 0.032122 0.032257 5020 5480
4 62.310000 60.320000 1000000 8.962404 8.924173 8.959434 8.924665 0.032133 0.032257 0.071655 0.063984 0.032257 0.032125 0.032257 5480 5502
4 62.310000 60.320000 1000000 8.960772 8.923098 8.957801 8.923590 0.032134 0.032257 0.072617 0.065059 0.032257 0.032125 0.032257 5500 5598
4 62.310000 60.320000 1000000 8.955052 8.913420 8.951703 8.910507 0.032137 0.032257 0.071656 0.063985 0.032257 0.032129 0.032257 5590 5823
4 62.310000 60.320000 1000000 8.933742 8.897292 8.930368 8.894378 0.032136 0.032257 0.070697 0.062909 0.032257 0.032128 0.032257 5820 6018
4 62.310000 60.320000 1000000 8.931729 8.896216 8.928354 8.893303 0.032137 0.032257 0.069742 0.061833 0.032257 0.032129 0.032257 6010 6060
4 62.310000 60.320000 1000000 8.930115 8.895141 8.926738 8.892228 0.032138 0.032257 0.070697 0.062909 0.032257 0.032130 0.032257 6060 6590
4 62.310000 60.320000 1000000 8.908678 8.880087 8.905276 8.877174 0.032138 0.032257 0.073581 0.066133 0.032257 0.032130 0.032257 6590 6649
4 62.310000 60.320000 1000000 8.906679 8.879012 8.903275 8.876099 0.032139 0.032257 0.072616 0.065058 0.032257 0.032131 0.032257 6640 6829
4 62.310000 60.320000 1000000 8.906443 8.877937 8.903314 8.876278 0.032140 0.032257 0.071654 0.063983 0.032257 0.032131 0.032257 6820 7033
4 62.310000 60.320000 1000000 8.900003 8.871485 8.896868 8.869826 0.032135 0.032257 0.074549 0.067208 0.032257 0.032126 0.032257 7030 7663
4 62.310000 60.320000 1000000 8.860658 8.843528 8.857480 8.841870 0.032136 0.032257 0.068789 0.060756 0.032257 0.032128 0.032257 7660 7787
4 62.310000 60.320000 1000000 8.860193 8.841378 8.857558 8.842228 0.032137 0.032257 0.067840 0.059680 0.032257 0.032128 0.032257 7780 7919
4 62.310000 60.320000 1000000 8.859908 8.840303 8.857273 8.841153 0.032136 0.032257 0.066896 0.058605 0.032257 0.032127 0.032257 7910 8092
4 62.310000 60.320000 1000000 8.857121 8.837077 8.854647 8.839182 0.032135 0.032257 0.066895 0.058604 0.032257 0.032126 0.032257 8090 8162
4 62.310000 60.320000 1000000 8.855329 8.836002 8.852853 8.838106 0.032135 0.032257 0.067839 0.059679 0.032257 0.032127 0.032257 8160 8247
4 62.310000 60.320000 1000000 8.854386 8.834926 8.851909 8.837031 0.032136 0.032257 0.066895 0.058604 0.032257 0.032127 0.032257 8240 8271
4 62.310000 60.320000 1000000 8.852747 8.833851 8.850269 8.835956 0.032137 0.032257 0.065955 0.057529 0.032257 0.032128 0.032257 8270 8329
4 62.310000 60.320000 1000000 8.851403 8.832776 8.848924 8.834880 0.032136 0.032257 0.065020 0.056454 0.032257 0.032127 0.032257 8320 8378
4 62.310000 60.320000 1000000 8.850733 8.831701 8.848254 8.833805 0.032137 0.032257 0.065020 0.056454 0.032257 0.032128 0.032257 8370 9494
4 62.310000 60.320000 1000000 8.849560 8.830625 8.847079 8.832730 0.032137 0.032257 0.065020 0.056454 0.032257 0.032128 0.032257 9490 9620
4 62.310000 60.320000 1000000 8.847562 8.829550 8.845079 8.831655 0.032138 0.032257 0.064089 0.055379 0.032257 0.032130 0.032257 9620 10453
4 62.310000 60.320000 1000000 8.837877 8.819873 8.835387 8.821977 0.032138 0.032257 0.064088 0.055378 0.032257 0.032129 0.032257 10450 10574
4 62.310000 60.320000 1000000 8.836264 8.818797 8.833772 8.820902 0.032138 0.032257 0.063161 0.054302 0.032257 0.032130 0.032257 10570 10700
4 62.310000 60.320000 1000000 8.834975 8.817722 8.832482 8.819827 0.032138 0.032257 0.064087 0.055377 0.032257 0.032129 0.032257 10700 10841
4 62.310000 60.320000 1000000 8.833011 8.816647 8.830517 8.818751 0.032139 0.032257 0.064087 0.055377 0.032257 0.032130 0.032257 10840 11456
4 62.310000 60.320000 1000000 8.829102 8.813421 8.826604 8.815526 0.032138 0.032257 0.063160 0.054302 0.032257 0.032130 0.032257 11450 11583
4 62.310000 60.320000 1000000 8.827196 8.812346 8.824696 8.814450 0.032139 0.032257 0.062239 0.053228 0.032257 0.032130 0.032257 11580 11632
4 62.310000 60.320000 1000000 8.824088 8.809120 8.821585 8.811225 0.032138 0.032257 0.063161 0.054302 0.032257 0.032129 0.032257 11630 11730
4 62.310000 60.320000 1000000 8.823013 8.808045 8.820509 8.810149 0.032137 0.032257 0.062239 0.053227 0.032257 0.032128 0.032257 11730 12769
4 62.310000 60.320000 1000000 8.820597 8.804819 8.818091 8.806924 0.032139 0.032257 0.060410 0.051076 0.032257 0.032130 0.032257 12760 12941
4 62.310000 60.320000 1000000 8.815093 8.799443 8.812583 8.801547 0.032141 0.032257 0.060410 0.051076 0.032257 0.032132 0.032257 12940 15655
4 62.310000 60.320000 1000000 8.778644 8.769335 8.775719 8.770230 0.032152 0.032257 0.061320 0.052149 0.032257 0.032144 0.032257 15650 16740
4 62.310000 60.320000 1000000 8.761129 8.747830 8.758801 8.750785 0.032159 0.032257 0.065018 0.056451 0.032257 0.032150 0.032257 16740 17768
4 62.310000 60.320000 1000000 8.753428 8.742453 8.751094 8.745409 0.032157 0.032257 0.067837 0.059677 0.032257 0.032148 0.032257 17760 18378
4 62.310000 60.320000 1000000 8.751555 8.741378 8.749220 8.744334 0.032157 0.032257 0.066893 0.058602 0.032257 0.032148 0.032257 18370 18417
4 62.310000 60.320000 1000000 8.750232 8.740303 8.747896 8.743259 0.032158 0.032257 0.065953 0.057527 0.032257 0.032149 0.032257 18410 20253
4 62.310000 60.320000 1000000 8.748500 8.736539 8.746071 8.738644 0.032159 0.032257 0.063622 0.054839 0.032257 0.032150 0.032257 20250 20453
4 62.310000 60.320000 1000000 8.747446 8.735464 8.745016 8.737569 0.032158 0.032257 0.064551 0.055914 0.032257 0.032149 0.032257 20450 21714
4 62.310000 60.320000 1000000 8.743277 8.732238 8.740843 8.734343 0.032158 0.032257 0.062698 0.053763 0.032257 0.032149 0.032257 21710 21996
4 62.310000 60.320000 1000000 8.742645 8.731163 8.740211 8.733268 0.032157 0.032257 0.062698 0.053764 0.032257 0.032148 0.032257 21990 22165
4 62.310000 60.320000 1000000 8.740709 8.730088 8.738274 8.732192 0.032158 0.032257 0.062698 0.053763 0.032257 0.032149 0.032257 22160 22234
4 62.310000 60.320000 1000000 8.740378 8.729012 8.737818 8.730714 0.032158 0.032257 0.063622 0.054838 0.032257 0.032149 0.032257 22230 22926
4 62.310000 60.320000 1000000 8.725246 8.718260 8.722672 8.719961 0.032157 0.032257 0.067364 0.059138 0.032257 0.032148 0.032257 22920 22957
4 62.310000 60.320000 1000000 8.723457 8.717184 8.720882 8.718886 0.032158 0.032257 0.066422 0.058063 0.032257 0.032149 0.032257 22950 24522
4 62.310000 60.320000 1000000 8.711929 8.708582 8.709344 8.710284 0.032160 0.032257 0.064550 0.055912 0.032257 0.032151 0.032257 24430 24543
4 62.310000 60.320000 1000000 8.705282 8.701055 8.702690 8.702757 0.032160 0.032257 0.067362 0.059137 0.032257 0.032151 0.032257 24540 27235
4 62.310000 60.320000 1000000 8.693539 8.693528 8.690937 8.695230 0.032162 0.032257 0.067362 0.059136 0.032257 0.032153 0.032257 27230 27356
4 62.310000 60.320000 1000000 8.692507 8.692453 8.689904 8.694155 0.032163 0.032257 0.066420 0.058061 0.032257 0.032154 0.032257 27350 29419
4 62.310000 60.320000 1000000 8.691736 8.691378 8.689133 8.693079 0.032164 0.032257 0.065482 0.056985 0.032257 0.032155 0.032257 29410 30111
4 62.310000 60.320000 1000000 8.679368 8.682776 8.676753 8.684477 0.032169 0.032257 0.065482 0.056985 0.032257 0.032160 0.032257 30110 31204
4 62.310000 60.320000 1000000 8.670891 8.675249 8.668269 8.676950 0.032166 0.032257 0.059952 0.050534 0.032257 0.032157 0.032257 31200 32076
4 62.310000 60.320000 1000000 8.669527 8.674174 8.666904 8.675875 0.032165 0.032257 0.060861 0.051609 0.032257 0.032156 0.032257 32070 36061
4 62.310000 60.320000 1000000 8.653971 8.660195 8.651333 8.661897 0.032172 0.032257 0.063619 0.054835 0.032257 0.032163 0.032257 36060 37425
4 62.310000 60.320000 1000000 8.647339 8.655894 8.644695 8.657596 0.032171 0.032257 0.063619 0.054835 0.032257 0.032162 0.032257 37420 43896
4 62.310000 60.320000 1000000 8.638854 8.646217 8.636203 8.647918 0.032170 0.032257 0.063619 0.054835 0.032257 0.032161 0.032257 43890 44463
4 62.310000 60.320000 1000000 8.637449 8.645142 8.634796 8.646843 0.032169 0.032257 0.063619 0.054835 0.032257 0.032160 0.032257 44460 44583
4 62.310000 60.320000 1000000 8.632296 8.640840 8.629638 8.642542 0.032169 0.032257 0.063619 0.054835 0.032257 0.032160 0.032257 44580 47326
4 62.310000 60.320000 1000000 8.622430 8.631163 8.619578 8.631162 0.032173 0.032257 0.060863 0.051612 0.032257 0.032165 0.032257 47320 47754
4 62.310000 60.320000 1000000 8.621258 8.630088 8.618405 8.630087 0.032174 0.032257 0.061778 0.052687 0.032257 0.032165 0.032257 47750 48354
4 62.310000 60.320000 1000000 8.619755 8.629013 8.616901 8.629012 0.032173 0.032257 0.061778 0.052687 0.032257 0.032164 0.032257 48350 49294
4 62.310000 60.320000 1000000 8.615895 8.625787 8.613037 8.625786 0.032173 0.032257 0.060861 0.051610 0.032257 0.032165 0.032257 49290 50663
4 62.310000 60.320000 1000000 8.607348 8.615034 8.605017 8.617542 0.032173 0.032257 0.059951 0.050532 0.032257 0.032164 0.032257 50660 50968
4 62.310000 60.320000 1000000 8.605873 8.613959 8.603541 8.616467 0.032172 0.032257 0.059951 0.050532 0.032257 0.032163 0.032257 50960 51204
4 62.310000 60.320000 1000000 8.602193 8.609658 8.599858 8.612166 0.032173 0.032257 0.059950 0.050532 0.032257 0.032164 0.032257 51200 56115
4 62.310000 60.320000 1000000 8.590128 8.601056 8.587782 8.603564 0.032175 0.032257 0.058150 0.048383 0.032257 0.032166 0.032257 56110 60096
4 62.310000 60.320000 1000000 8.573263 8.584927 8.570904 8.587435 0.032177 0.032257 0.058151 0.048384 0.032257 0.032168 0.032257 60090 61327
4 62.310000 60.320000 1000000 8.573147 8.583314 8.570727 8.584970 0.032177 0.032257 0.057705 0.047847 0.032257 0.032168 0.032257 61320 65581
4 62.310000 60.320000 1000000 8.567034 8.577400 8.564517 8.578205 0.032180 0.032257 0.057261 0.047310 0.032257 0.032171 0.032257 65580 71599
4 62.310000 60.320000 1000000 8.557982 8.568798 8.555457 8.569603 0.032182 0.032257 0.059050 0.049461 0.032257 0.032172 0.032257 71590 73165
4 62.310000 60.320000 1000000 8.548637 8.562346 8.546104 8.563151 0.032182 0.032257 0.062696 0.053761 0.032257 0.032173 0.032257 73160 73912
4 62.310000 60.320000 1000000 8.546947 8.561271 8.544412 8.562076 0.032183 0.032257 0.061777 0.052686 0.032257 0.032174 0.032257 73910 75625
4 62.310000 60.320000 1000000 8.540334 8.555894 8.537793 8.556700 0.032185 0.032257 0.061777 0.052686 0.032257 0.032175 0.032257 75620 76761
4 62.310000 60.320000 1000000 8.536768 8.552669 8.534224 8.553474 0.032185 0.032257 0.060862 0.051611 0.032257 0.032176 0.032257 76760 85667
4 62.310000 60.320000 1000000 8.523969 8.542991 8.521414 8.543797 0.032185 0.032257 0.062698 0.053763 0.032257 0.032176 0.032257 85660 86152
4 62.310000 60.320000 1000000 8.522856 8.541916 8.520300 8.542721 0.032185 0.032257 0.063622 0.054839 0.032257 0.032175 0.032257 86150 87112
4 62.310000 60.320000 1000000 8.519471 8.538690 8.516912 8.539496 0.032183 0.032257 0.064552 0.055914 0.032257 0.032174 0.032257 87110 91738
4 62.310000 60.320000 1000000 8.513641 8.534389 8.511077 8.535194 0.032181 0.032257 0.065485 0.056989 0.032257 0.032172 0.032257 91730 93839
4 62.310000 60.320000 1000000 8.509302 8.531163 8.506734 8.531969 0.032183 0.032257 0.065485 0.056989 0.032257 0.032174 0.032257 93830 95055
4 62.310000 60.320000 1000000 8.508650 8.530088 8.506081 8.530893 0.032184 0.032257 0.065485 0.056989 0.032257 0.032175 0.032257 95050 95723
4 62.310000 60.320000 1000000 8.504938 8.526862 8.502365 8.527668 0.032183 0.032257 0.063622 0.054839 0.032257 0.032174 0.032257 95720 96794
4 62.310000 60.320000 1000000 8.496185 8.520411 8.493605 8.521216 0.032184 0.032257 0.063622 0.054839 0.032257 0.032175 0.032257 96790 98946
4 62.310000 60.320000 1000000 8.491978 8.517185 8.489394 8.517990 0.032185 0.032257 0.060864 0.051613 0.032257 0.032176 0.032257 98940 101497
4 62.310000 60.320000 1000000 8.489704 8.513959 8.487654 8.517273 0.032186 0.032257 0.062697 0.053762 0.032257 0.032176 0.032257 101490 106180
4 62.310000 60.320000 1000000 8.488436 8.512884 8.486384 8.516198 0.032186 0.032257 0.063622 0.054838 0.032257 0.032176 0.032257 106180 112331
4 62.310000 60.320000 1000000 8.487975 8.511809 8.485923 8.515123 0.032186 0.032257 0.063622 0.054838 0.032257 0.032176 0.032257 112330 113382
4 62.310000 60.320000 1000000 8.483296 8.506432 8.481240 8.509747 0.032188 0.032257 0.064551 0.055913 0.032257 0.032178 0.032257 113380 116654
4 62.310000 60.320000 1000000 8.477053 8.498905 8.474992 8.502220 0.032189 0.032257 0.067365 0.059139 0.032257 0.032180 0.032257 116650 120764
4 62.310000 60.320000 1000000 8.475852 8.497830 8.473791 8.501144 0.032189 0.032257 0.066423 0.058064 0.032257 0.032180 0.032257 120760 120984
4 62.310000 60.320000 1000000 8.475245 8.496755 8.473184 8.500069 0.032189 0.032257 0.066423 0.058064 0.032257 0.032180 0.032257 120980 125122
4 62.310000 60.320000 1000000 8.473912 8.495679 8.471849 8.498994 0.032189 0.032257 0.065485 0.056989 0.032257 0.032180 0.032257 125120 126429
4 62.310000 60.320000 1000000 8.473737 8.494067 8.471582 8.496530 0.032189 0.032257 0.065017 0.056451 0.032257 0.032180 0.032257 126420 129233
4 62.310000 60.320000 1000000 8.471818 8.492991 8.469661 8.495454 0.032190 0.032257 0.065017 0.056451 0.032257 0.032181 0.032257 129230 147729
4 62.310000 60.320000 1000000 8.447762 8.472561 8.445587 8.475024 0.032190 0.032257 0.062237 0.053225 0.032257 0.032180 0.032257 147720 149532
4 62.310000 60.320000 1000000 8.445873 8.471486 8.443697 8.473949 0.032191 0.032257 0.061320 0.052150 0.032257 0.032181 0.032257 149530 150252
4 62.310000 60.320000 1000000 8.444061 8.470411 8.441884 8.472874 0.032191 0.032257 0.060409 0.051075 0.032257 0.032182 0.032257 150250 153283
4 62.310000 60.320000 1000000 8.442329 8.469335 8.440150 8.471799 0.032191 0.032257 0.059502 0.050000 0.032257 0.032182 0.032257 153280 163335
4 62.310000 60.320000 1000000 8.432445 8.461809 8.430258 8.464272 0.032189 0.032257 0.059502 0.050000 0.032257 0.032179 0.032257 163330 167395
4 62.310000 60.320000 1000000 8.424880 8.456432 8.422551 8.458492 0.032193 0.032257 0.058601 0.048924 0.032257 0.032183 0.032257 167390 167453
4 62.310000 60.320000 1000000 8.424721 8.455357 8.422578 8.458671 0.032193 0.032257 0.059502 0.049999 0.032257 0.032183 0.032257 167450 170072
4 62.310000 60.320000 1000000 8.423394 8.454282 8.421250 8.457596 0.032193 0.032257 0.058601 0.048924 0.032257 0.032183 0.032257 170070 177140
4 62.310000 60.320000 1000000 8.407446 8.442454 8.405289 8.445768 0.032195 0.032257 0.054195 0.043549 0.032257 0.032186 0.032257 177140 178448
4 62.310000 60.320000 1000000 8.405889 8.441378 8.403731 8.444693 0.032195 0.032257 0.053334 0.042474 0.032257 0.032186 0.032257 178440 183472
4 62.310000 60.320000 1000000 8.396533 8.431701 8.394368 8.435015 0.032198 0.032257 0.056819 0.046775 0.032257 0.032188 0.032257 183470 185330
4 62.310000 60.320000 1000000 8.377754 8.419873 8.375574 8.423187 0.032202 0.032257 0.063160 0.054301 0.032257 0.032193 0.032257 185330 200734
4 62.310000 60.320000 1000000 8.371371 8.409120 8.368914 8.411225 0.032204 0.032257 0.064088 0.055378 0.032257 0.032195 0.032257 200730 202768
4 62.310000 60.320000 1000000 8.366617 8.403744 8.364155 8.405849 0.032205 0.032257 0.066894 0.058603 0.032257 0.032196 0.032257 202760 206764
4 62.310000 60.320000 1000000 8.364679 8.400518 8.361946 8.401816 0.032206 0.032257 0.065018 0.056451 0.032257 0.032197 0.032257 206760 214390
4 62.310000 60.320000 1000000 8.363974 8.399443 8.361241 8.400741 0.032206 0.032257 0.064086 0.055376 0.032257 0.032197 0.032257 214390 215138
4 62.310000 60.320000 1000000 8.363302 8.398368 8.360568 8.399666 0.032207 0.032257 0.063160 0.054301 0.032257 0.032198 0.032257 215130 216471
4 62.310000 60.320000 1000000 8.361330 8.397292 8.358595 8.398590 0.032208 0.032257 0.062238 0.053226 0.032257 0.032199 0.032257 216470 216683
4 62.310000 60.320000 1000000 8.359914 8.396217 8.357176 8.397515 0.032207 0.032257 0.062238 0.053226 0.032257 0.032198 0.032257 216680 220124
4 62.310000 60.320000 1000000 8.352083 8.390841 8.349207 8.391736 0.032212 0.032257 0.061321 0.052151 0.032257 0.032203 0.032257 220120 229020
4 62.310000 60.320000 1000000 8.351741 8.389765 8.348736 8.390257 0.032212 0.032257 0.061321 0.052151 0.032257 0.032203 0.032257 229020 240057
4 62.310000 60.320000 1000000 8.349200 8.386540 8.346193 8.387031 0.032212 0.032257 0.059503 0.050001 0.032257 0.032204 0.032257 240050 243516
4 62.310000 60.320000 1000000 8.347955 8.385464 8.344947 8.385956 0.032212 0.032257 0.059503 0.050001 0.032257 0.032204 0.032257 243510 247882
4 62.310000 60.320000 1000000 8.341222 8.379013 8.338207 8.379505 0.032213 0.032257 0.063161 0.054302 0.032257 0.032205 0.032257 247880 294770
4 62.310000 60.320000 1000000 8.327206 8.362884 8.323803 8.362166 0.032212 0.032257 0.066895 0.058603 0.032257 0.032203 0.032257 294770 305171
4 62.310000 60.320000 1000000 8.305512 8.340303 8.302169 8.339137 0.032215 0.032257 0.065021 0.056455 0.032257 0.032206 0.032257 305170 328516
4 62.310000 60.320000 1000000 8.291097 8.328475 8.288276 8.329818 0.032216 0.032257 0.066894 0.058603 0.032257 0.032207 0.032257 328510 335238
4 62.310000 60.320000 1000000 8.290095 8.327400 8.287273 8.328743 0.032217 0.032257 0.066894 0.058603 0.032257 0.032208 0.032257 335230 335567
4 62.310000 60.320000 1000000 8.289388 8.326325 8.286565 8.327668 0.032217 0.032257 0.066894 0.058603 0.032257 0.032208 0.032257 335560 341113
4 62.310000 60.320000 1000000 8.285273 8.323099 8.282446 8.324442 0.032215 0.032257 0.069738 0.061829 0.032257 0.032206 0.032257 341110 341921
4 62.310000 60.320000 1000000 8.284423 8.322024 8.281595 8.323367 0.032215 0.032257 0.069738 0.061829 0.032257 0.032206 0.032257 341920 347988
4 62.310000 60.320000 1000000 8.280910 8.318798 8.278078 8.320141 0.032217 0.032257 0.066894 0.058603 0.032257 0.032208 0.032257 347980 350353
4 62.310000 60.320000 1000000 8.279583 8.317722 8.276750 8.319066 0.032216 0.032257 0.067838 0.059678 0.032257 0.032207 0.032257 350350 354370
4 62.310000 60.320000 1000000 8.273977 8.313421 8.271138 8.314764 0.032217 0.032257 0.065954 0.057527 0.032257 0.032208 0.032257 354370 369726
4 62.310000 60.320000 1000000 8.260788 8.302669 8.257935 8.304012 0.032219 0.032257 0.068786 0.060753 0.032257 0.032210 0.032257 369720 382702
4 62.310000 60.320000 1000000 8.259541 8.296755 8.256412 8.295544 0.032220 0.032257 0.069262 0.061292 0.032257 0.032212 0.032257 382700 399593
4 62.310000 60.320000 1000000 8.244357 8.281163 8.241143 8.279101 0.032222 0.032257 0.068788 0.060756 0.032257 0.032213 0.032257 399590 438022
4 62.310000 60.320000 1000000 8.233062 8.269336 8.229836 8.267274 0.032226 0.032257 0.067840 0.059681 0.032257 0.032217 0.032257 438020 462526
4 62.310000 60.320000 1000000 8.220318 8.254819 8.216987 8.251906 0.032228 0.032257 0.059958 0.050541 0.032257 0.032220 0.032257 462520 483099
4 62.310000 60.320000 1000000 8.218412 8.251594 8.215079 8.248680 0.032228 0.032257 0.060866 0.051615 0.032257 0.032220 0.032257 483090 517769
4 62.310000 60.320000 1000000 8.200598 8.238690 8.197243 8.235777 0.032226 0.032257 0.062700 0.053765 0.032257 0.032218 0.032257 517760 524588
4 62.310000 60.320000 1000000 8.199742 8.237615 8.196386 8.234702 0.032226 0.032257 0.062700 0.053765 0.032257 0.032217 0.032257 524580 535960
4 62.310000 60.320000 1000000 8.199029 8.236540 8.195672 8.233626 0.032226 0.032257 0.061780 0.052690 0.032257 0.032217 0.032257 535960 538481
4 62.310000 60.320000 1000000 8.198194 8.235464 8.194836 8.232551 0.032225 0.032257 0.061780 0.052690 0.032257 0.032217 0.032257 538480 553262
4 62.310000 60.320000 1000000 8.196727 8.234389 8.193367 8.231476 0.032225 0.032257 0.061780 0.052690 0.032257 0.032216 0.032257 553260 561557
4 62.310000 60.320000 1000000 8.196150 8.233314 8.192789 8.230401 0.032225 0.032257 0.060867 0.051616 0.032257 0.032216 0.032257 561550 621089
4 62.310000 60.320000 1000000 8.169747 8.208583 8.166746 8.208178 0.032227 0.032257 0.064554 0.055916 0.032257 0.032218 0.032257 621080 630963
4 62.310000 60.320000 1000000 8.168623 8.207507 8.165621 8.207103 0.032226 0.032257 0.065487 0.056991 0.032257 0.032218 0.032257 630960 631749
4 62.310000 60.320000 1000000 8.167171 8.206432 8.164168 8.206028 0.032226 0.032257 0.064554 0.055916 0.032257 0.032217 0.032257 631740 637148
4 62.310000 60.320000 1000000 8.166347 8.205357 8.163342 8.204952 0.032225 0.032257 0.064554 0.055916 0.032257 0.032217 0.032257 637140 643754
4 62.310000 60.320000 1000000 8.165045 8.204281 8.162039 8.203877 0.032225 0.032257 0.064554 0.055916 0.032257 0.032217 0.032257 643750 682101
4 62.310000 60.320000 1000000 8.143514 8.186002 8.140484 8.185598 0.032224 0.032257 0.066424 0.058066 0.032257 0.032216 0.032257 682100 682554
4 62.310000 60.320000 1000000 8.143094 8.184927 8.140063 8.184522 0.032225 0.032257 0.067366 0.059141 0.032257 0.032216 0.032257 682550 685459
4 62.310000 60.320000 1000000 8.142060 8.183851 8.139028 8.183447 0.032225 0.032257 0.067366 0.059141 0.032257 0.032216 0.032257 685450 687263
4 62.310000 60.320000 1000000 8.141931 8.182239 8.138831 8.180983 0.032225 0.032257 0.066895 0.058604 0.032257 0.032216 0.032257 687260 718723
4 62.310000 60.320000 1000000 8.141070 8.180088 8.137969 8.178832 0.032225 0.032257 0.065956 0.057529 0.032257 0.032216 0.032257 710480 735999
4 62.310000 60.320000 1000000 8.140654 8.179013 8.137553 8.177757 0.032224 0.032257 0.066896 0.058604 0.032257 0.032216 0.032257 735990 748430
4 62.310000 60.320000 1000000 8.139606 8.177938 8.136504 8.176682 0.032224 0.032257 0.067840 0.059680 0.032257 0.032216 0.032257 748430 844038
4 62.310000 60.320000 1000000 8.126971 8.155895 8.124498 8.155849 0.032230 0.032257 0.061780 0.052689 0.032257 0.032221 0.032257 844030 900962
4 62.310000 60.320000 1000000 8.125801 8.154819 8.123326 8.154774 0.032230 0.032257 0.062699 0.053765 0.032257 0.032221 0.032257 900960 913825
4 62.310000 60.320000 1000000 8.123540 8.150518 8.121063 8.150472 0.032231 0.032257 0.063624 0.054840 0.032257 0.032222 0.032257 913820 917764
4 62.310000 60.320000 1000000 8.119211 8.146217 8.116731 8.146171 0.032230 0.032257 0.064552 0.055914 0.032257 0.032221 0.032257 917760 932166
4 62.310000 60.320000 1000000 8.118683 8.145142 8.116202 8.145096 0.032230 0.032257 0.063623 0.054839 0.032257 0.032221 0.032257 932160 974339
4 62.310000 60.320000 1000000 8.116065 8.140841 8.113582 8.140795 0.032230 0.032257 0.063623 0.054839 0.032257 0.032221 0.032257 974330 981613
4 62.310000 60.320000 1000000 8.114806 8.139766 8.112321 8.139720 0.032230 0.032257 0.062699 0.053764 0.032257 0.032221 0.032257 981610 985088
4 62.310000 60.320000 1000000 8.114652 8.138153 8.112087 8.137256 0.032230 0.032257 0.063160 0.054302 0.032257 0.032221 0.032257 985080 1000000
