40 62.310000 60.320000 1000000 15.148605 14.728458 15.145755 14.722498 0.032123 0.032259 0.215863 0.213439 0.032259 0.032114 0.032259 0 50
40 62.310000 60.320000 1000000 13.930546 13.712330 13.926185 13.701845 0.032115 0.032259 0.260606 0.258601 0.032259 0.032106 0.032259 50 60
40 62.310000 60.320000 1000000 13.603790 13.437062 13.601713 13.445484 0.032122 0.032259 0.291573 0.289783 0.032259 0.032113 0.032259 60 70
40 62.310000 60.320000 1000000 13.337957 13.224160 13.335754 13.232581 0.032131 0.032259 0.232891 0.230646 0.032259 0.032122 0.032259 70 80
40 62.310000 60.320000 1000000 13.285810 13.182224 13.283581 13.190646 0.032137 0.032259 0.222247 0.219893 0.032259 0.032128 0.032259 80 90
40 62.310000 60.320000 1000000 13.066132 13.026311 13.063788 13.034732 0.032190 0.032259 0.187209 0.184409 0.032259 0.032181 0.032259 90 100
40 62.310000 60.320000 1000000 13.006912 12.955343 13.004528 12.965557 0.032190 0.032259 0.196748 0.194086 0.032259 0.032181 0.032259 100 115
40 62.310000 60.320000 1000000 12.863489 12.842439 12.861024 12.852653 0.032180 0.032259 0.185089 0.182256 0.032259 0.032171 0.032259 110 120
40 62.310000 60.320000 1000000 12.819678 12.804805 12.817188 12.815019 0.032186 0.032259 0.177682 0.174729 0.032259 0.032177 0.032259 120 133
40 62.310000 60.320000 1000000 12.778316 12.762870 12.775493 12.769679 0.032191 0.032259 0.171341 0.168277 0.032259 0.032182 0.032259 130 141
40 62.310000 60.320000 1000000 12.704472 12.687601 12.701599 12.694410 0.032213 0.032259 0.171340 0.168276 0.032259 0.032203 0.032259 140 150
40 62.310000 60.320000 1000000 12.697683 12.682225 12.694805 12.689034 0.032213 0.032259 0.169229 0.166126 0.032259 0.032204 0.032259 150 160
40 62.310000 60.320000 1000000 12.649693 12.638139 12.646783 12.644948 0.032209 0.032259 0.176624 0.173653 0.032259 0.032200 0.032259 160 173
40 62.310000 60.320000 1000000 12.618342 12.598355 12.615355 12.603013 0.032211 0.032259 0.163954 0.160749 0.032259 0.032201 0.032259 170 182
40 62.310000 60.320000 1000000 12.597965 12.577925 12.594963 12.582583 0.032210 0.032259 0.158686 0.155373 0.032259 0.032200 0.032259 180 200
40 62.310000 60.320000 1000000 12.589353 12.554269 12.585754 12.552118 0.032209 0.032259 0.154479 0.151073 0.032259 0.032200 0.032259 200 226
40 62.310000 60.320000 1000000 12.573198 12.540291 12.569586 12.538139 0.032212 0.032259 0.145029 0.141396 0.032259 0.032203 0.032259 210 230
40 62.310000 60.320000 1000000 12.561078 12.528463 12.557455 12.526311 0.032209 0.032259 0.153427 0.149998 0.032259 0.032200 0.032259 220 232
40 62.310000 60.320000 1000000 12.526942 12.483301 12.524601 12.489931 0.032202 0.032259 0.149225 0.145697 0.032259 0.032193 0.032259 230 278
40 62.310000 60.320000 1000000 12.457758 12.396205 12.454409 12.398802 0.032192 0.032259 0.146078 0.142471 0.032259 0.032183 0.032259 270 286
40 62.310000 60.320000 1000000 12.435185 12.377926 12.431818 12.380523 0.032189 0.032259 0.148178 0.144624 0.032259 0.032180 0.032259 280 290
40 62.310000 60.320000 1000000 12.428958 12.371474 12.425586 12.374071 0.032187 0.032259 0.152379 0.148925 0.032259 0.032178 0.032259 290 303
40 62.310000 60.320000 1000000 12.419031 12.359646 12.415651 12.362243 0.032186 0.032259 0.148179 0.144625 0.032259 0.032177 0.032259 300 312
40 62.310000 60.320000 1000000 12.404464 12.343517 12.401072 12.346115 0.032184 0.032259 0.151328 0.147850 0.032259 0.032175 0.032259 310 334
40 62.310000 60.320000 1000000 12.386255 12.324163 12.382848 12.326760 0.032182 0.032259 0.150278 0.146775 0.032259 0.032173 0.032259 330 347
40 62.310000 60.320000 1000000 12.381061 12.319861 12.377650 12.322459 0.032182 0.032259 0.146080 0.142474 0.032259 0.032172 0.032259 340 353
40 62.310000 60.320000 1000000 12.356918 12.294055 12.353486 12.296652 0.032180 0.032259 0.139795 0.136023 0.032259 0.032171 0.032259 350 380
40 62.310000 60.320000 1000000 12.325555 12.266098 12.322097 12.268696 0.032175 0.032259 0.125195 0.120967 0.032259 0.032166 0.032259 380 391
40 62.310000 60.320000 1000000 12.308201 12.252120 12.304729 12.254717 0.032169 0.032259 0.133525 0.129569 0.032259 0.032160 0.032259 390 401
40 62.310000 60.320000 1000000 12.302911 12.242442 12.300297 12.250058 0.032169 0.032259 0.135611 0.131718 0.032259 0.032160 0.032259 400 414
40 62.310000 60.320000 1000000 12.301780 12.241367 12.299165 12.248982 0.032168 0.032259 0.135611 0.131718 0.032259 0.032159 0.032259 410 421
40 62.310000 60.320000 1000000 12.289022 12.223088 12.286399 12.230703 0.032167 0.032259 0.133523 0.129568 0.032259 0.032158 0.032259 420 443
40 62.310000 60.320000 1000000 12.257377 12.187604 12.254733 12.195220 0.032150 0.032259 0.152377 0.148923 0.032259 0.032141 0.032259 440 450
40 62.310000 60.320000 1000000 12.252430 12.179002 12.249783 12.186617 0.032150 0.032259 0.153428 0.149998 0.032259 0.032140 0.032259 450 494
40 62.310000 60.320000 1000000 12.203223 12.110723 12.199808 12.114665 0.032128 0.032259 0.167648 0.164515 0.032259 0.032119 0.032259 490 508
40 62.310000 60.320000 1000000 12.200305 12.107498 12.196887 12.111439 0.032129 0.032259 0.167648 0.164515 0.032259 0.032119 0.032259 500 515
40 62.310000 60.320000 1000000 12.164856 12.075240 12.161408 12.079181 0.032119 0.032259 0.159214 0.155912 0.032259 0.032110 0.032259 510 527
40 62.310000 60.320000 1000000 12.152434 12.061261 12.149402 12.067711 0.032113 0.032259 0.150801 0.147310 0.032259 0.032104 0.032259 520 536
40 62.310000 60.320000 1000000 12.136293 12.035455 12.134003 12.046923 0.032113 0.032259 0.148700 0.145159 0.032259 0.032104 0.032259 530 569
40 62.310000 60.320000 1000000 12.114678 12.017175 12.112375 12.028643 0.032115 0.032259 0.143457 0.139783 0.032259 0.032106 0.032259 540 588
40 62.310000 60.320000 1000000 12.064560 11.972552 12.062156 11.983169 0.032120 0.032259 0.142933 0.139245 0.032259 0.032111 0.032259 580 592
40 62.310000 60.320000 1000000 12.056986 11.967176 12.054578 11.977793 0.032122 0.032259 0.138746 0.134944 0.032259 0.032113 0.032259 590 617
40 62.310000 60.320000 1000000 12.051383 11.960724 12.048971 11.971341 0.032123 0.032259 0.136655 0.132793 0.032259 0.032114 0.032259 610 621
40 62.310000 60.320000 1000000 12.042934 11.955348 12.040517 11.965965 0.032124 0.032259 0.132480 0.128493 0.032259 0.032115 0.032259 620 634
40 62.310000 60.320000 1000000 12.041676 11.953197 12.039259 11.963814 0.032124 0.032259 0.130395 0.126342 0.032259 0.032115 0.032259 630 681
40 62.310000 60.320000 1000000 12.019131 11.934918 12.016700 11.945535 0.032126 0.032259 0.136654 0.132792 0.032259 0.032117 0.032259 680 693
40 62.310000 60.320000 1000000 12.004699 11.924165 12.002259 11.934782 0.032123 0.032259 0.135611 0.131718 0.032259 0.032114 0.032259 690 711
40 62.310000 60.320000 1000000 12.001602 11.920939 11.999160 11.931556 0.032124 0.032259 0.134566 0.130642 0.032259 0.032114 0.032259 710 741
40 62.310000 60.320000 1000000 11.986625 11.912337 11.984174 11.922954 0.032129 0.032259 0.128312 0.124191 0.032259 0.032120 0.032259 740 753
40 62.310000 60.320000 1000000 11.977266 11.900509 11.974809 11.911126 0.032123 0.032259 0.128312 0.124191 0.032259 0.032114 0.032259 750 770
40 62.310000 60.320000 1000000 11.974674 11.898359 11.972216 11.908976 0.032123 0.032259 0.128312 0.124191 0.032259 0.032114 0.032259 770 809
40 62.310000 60.320000 1000000 11.953148 11.872552 11.950676 11.883169 0.032122 0.032259 0.126232 0.122040 0.032259 0.032112 0.032259 800 824
40 62.310000 60.320000 1000000 11.952056 11.871477 11.949584 11.882094 0.032121 0.032259 0.126232 0.122040 0.032259 0.032111 0.032259 820 851
40 62.310000 60.320000 1000000 11.927211 11.837606 11.924488 11.845670 0.032095 0.032259 0.115351 0.110749 0.032259 0.032086 0.032259 850 904
40 62.310000 60.320000 1000000 11.897102 11.794596 11.894253 11.802256 0.032081 0.032259 0.128832 0.124728 0.032259 0.032071 0.032259 900 929
40 62.310000 60.320000 1000000 11.892507 11.787069 11.889877 11.795984 0.032074 0.032259 0.135088 0.131180 0.032259 0.032065 0.032259 920 992
40 62.310000 60.320000 1000000 11.859081 11.753736 11.856428 11.762650 0.032066 0.032259 0.155004 0.151610 0.032259 0.032057 0.032259 970 1015
40 62.310000 60.320000 1000000 11.837520 11.726854 11.834853 11.735769 0.032058 0.032259 0.159214 0.155912 0.032259 0.032048 0.032259 1010 1026
40 62.310000 60.320000 1000000 11.837378 11.725241 11.834635 11.733304 0.032058 0.032259 0.158687 0.155374 0.032259 0.032048 0.032259 1020 1091
40 62.310000 60.320000 1000000 11.807530 11.695134 11.804557 11.702391 0.032053 0.032259 0.148175 0.144620 0.032259 0.032044 0.032259 1090 1107
40 62.310000 60.320000 1000000 11.805871 11.694059 11.802896 11.701315 0.032053 0.032259 0.147126 0.143546 0.032259 0.032044 0.032259 1100 1117
40 62.310000 60.320000 1000000 11.800359 11.686532 11.797380 11.693789 0.032052 0.032259 0.150275 0.146771 0.032259 0.032043 0.032259 1110 1136
40 62.310000 60.320000 1000000 11.785816 11.671478 11.782826 11.678735 0.032055 0.032259 0.139791 0.136018 0.032259 0.032046 0.032259 1130 1152
40 62.310000 60.320000 1000000 11.782924 11.668252 11.779932 11.675509 0.032055 0.032259 0.139792 0.136019 0.032259 0.032046 0.032259 1150 1179
40 62.310000 60.320000 1000000 11.769678 11.646747 11.766676 11.654004 0.032050 0.032259 0.142932 0.139244 0.032259 0.032040 0.032259 1170 1193
40 62.310000 60.320000 1000000 11.756350 11.628467 11.753337 11.635724 0.032044 0.032259 0.138745 0.134943 0.032259 0.032034 0.032259 1190 1202
40 62.310000 60.320000 1000000 11.756179 11.627392 11.753366 11.635903 0.032044 0.032259 0.139791 0.136018 0.032259 0.032034 0.032259 1200 1258
40 62.310000 60.320000 1000000 11.733885 11.613413 11.731056 11.621925 0.032050 0.032259 0.138745 0.134943 0.032259 0.032041 0.032259 1250 1285
40 62.310000 60.320000 1000000 11.715617 11.601585 11.712773 11.610097 0.032052 0.032259 0.142932 0.139245 0.032259 0.032042 0.032259 1280 1337
40 62.310000 60.320000 1000000 11.695957 11.563951 11.692639 11.567355 0.032050 0.032259 0.138748 0.134945 0.032259 0.032041 0.032259 1330 1349
40 62.310000 60.320000 1000000 11.695115 11.562876 11.691796 11.566280 0.032050 0.032259 0.138748 0.134945 0.032259 0.032041 0.032259 1340 1391
40 62.310000 60.320000 1000000 11.672118 11.538145 11.668780 11.541549 0.032032 0.032259 0.145031 0.141398 0.032259 0.032022 0.032259 1390 1402
40 62.310000 60.320000 1000000 11.670430 11.537070 11.667091 11.540474 0.032032 0.032259 0.145031 0.141398 0.032259 0.032023 0.032259 1400 1509
40 62.310000 60.320000 1000000 11.626200 11.508037 11.622822 11.511441 0.032034 0.032259 0.139795 0.136022 0.032259 0.032025 0.032259 1440 1497
40 62.310000 60.320000 1000000 11.623561 11.501586 11.619686 11.502974 0.032033 0.032259 0.137704 0.133872 0.032259 0.032024 0.032259 1490 1509
40 62.310000 60.320000 1000000 11.623181 11.500511 11.619305 11.501898 0.032033 0.032259 0.137704 0.133872 0.032259 0.032024 0.032259 1500 1652
40 62.310000 60.320000 1000000 11.592826 11.477930 11.589123 11.480572 0.032035 0.032259 0.142936 0.139249 0.032259 0.032025 0.032259 1650 1667
40 62.310000 60.320000 1000000 11.592371 11.476855 11.588668 11.479497 0.032035 0.032259 0.142936 0.139249 0.032259 0.032025 0.032259 1660 1823
40 62.310000 60.320000 1000000 11.517341 11.410188 11.513416 11.411128 0.032021 0.032259 0.143984 0.140324 0.032259 0.032012 0.032259 1820 1836
40 62.310000 60.320000 1000000 11.516498 11.409113 11.512572 11.410053 0.032020 0.032259 0.143984 0.140324 0.032259 0.032011 0.032259 1830 1869
40 62.310000 60.320000 1000000 11.514806 11.408038 11.510878 11.408978 0.032021 0.032259 0.143984 0.140324 0.032259 0.032011 0.032259 1860 2051
40 62.310000 60.320000 1000000 11.506455 11.402662 11.502518 11.403601 0.032023 0.032259 0.141889 0.138173 0.032259 0.032013 0.032259 2050 2188
40 62.310000 60.320000 1000000 11.475770 11.371479 11.472212 11.374927 0.032015 0.032259 0.139794 0.136021 0.032259 0.032005 0.032259 2180 2252
40 62.310000 60.320000 1000000 11.460065 11.332769 11.456492 11.336218 0.032012 0.032259 0.137703 0.133871 0.032259 0.032003 0.032259 2250 2309
40 62.310000 60.320000 1000000 11.451821 11.322017 11.448240 11.325465 0.032002 0.032259 0.136658 0.132796 0.032259 0.031992 0.032259 2300 2327
40 62.310000 60.320000 1000000 11.450938 11.320941 11.447357 11.324390 0.032002 0.032259 0.136658 0.132796 0.032259 0.031992 0.032259 2320 2410
40 62.310000 60.320000 1000000 11.434376 11.303737 11.430779 11.307186 0.031988 0.032259 0.153429 0.149999 0.032259 0.031979 0.032259 2410 2500
40 62.310000 60.320000 1000000 11.421050 11.285995 11.417219 11.286890 0.031975 0.032259 0.150802 0.147311 0.032259 0.031966 0.032259 2500 2780
40 62.310000 60.320000 1000000 11.368934 11.247286 11.365050 11.248181 0.031968 0.032259 0.149752 0.146236 0.032259 0.031959 0.032259 2620 2637
40 62.310000 60.320000 1000000 11.367412 11.246210 11.363527 11.247105 0.031968 0.032259 0.150802 0.147311 0.032259 0.031959 0.032259 2630 2780
40 62.310000 60.320000 1000000 11.331595 11.212877 11.327672 11.213772 0.031961 0.032259 0.160269 0.156989 0.032259 0.031951 0.032259 2760 2782
40 62.310000 60.320000 1000000 11.321108 11.192447 11.317175 11.193342 0.031960 0.032259 0.161322 0.158064 0.032259 0.031951 0.032259 2780 2824
40 62.310000 60.320000 1000000 11.295838 11.176318 11.291879 11.177213 0.031971 0.032259 0.159217 0.155914 0.032259 0.031962 0.032259 2820 2860
40 62.310000 60.320000 1000000 11.295360 11.175243 11.291400 11.176138 0.031971 0.032259 0.158164 0.154839 0.032259 0.031961 0.032259 2860 3053
40 62.310000 60.320000 1000000 11.259754 11.138684 11.255756 11.139579 0.031968 0.032259 0.167649 0.164516 0.032259 0.031959 0.032259 3050 3175
40 62.310000 60.320000 1000000 11.223370 11.113953 11.219333 11.114848 0.031975 0.032259 0.179271 0.176344 0.032259 0.031966 0.032259 3170 3283
40 62.310000 60.320000 1000000 11.206043 11.102125 11.201987 11.103020 0.031983 0.032259 0.168705 0.165592 0.032259 0.031974 0.032259 3280 3370
40 62.310000 60.320000 1000000 11.205763 11.101050 11.201602 11.101541 0.031983 0.032259 0.168705 0.165592 0.032259 0.031974 0.032259 3370 3401
40 62.310000 60.320000 1000000 11.193145 11.092447 11.188866 11.092536 0.031986 0.032259 0.166595 0.163442 0.032259 0.031977 0.032259 3400 3423
40 62.310000 60.320000 1000000 11.192111 11.091372 11.187831 11.091461 0.031985 0.032259 0.166595 0.163442 0.032259 0.031975 0.032259 3420 3541
40 62.310000 60.320000 1000000 11.174757 11.074168 11.170458 11.074257 0.031978 0.032259 0.170817 0.167743 0.032259 0.031969 0.032259 3540 3613
40 62.310000 60.320000 1000000 11.174435 11.073093 11.170014 11.072778 0.031978 0.032259 0.170817 0.167743 0.032259 0.031969 0.032259 3610 3673
40 62.310000 60.320000 1000000 11.163941 11.062340 11.159507 11.062025 0.031976 0.032259 0.166595 0.163442 0.032259 0.031967 0.032259 3670 3888
40 62.310000 60.320000 1000000 11.135640 11.038684 11.131173 11.038369 0.031969 0.032259 0.176100 0.173120 0.032259 0.031960 0.032259 3880 3917
40 62.310000 60.320000 1000000 11.133796 11.037609 11.129326 11.037294 0.031970 0.032259 0.176100 0.173120 0.032259 0.031961 0.032259 3910 4115
40 62.310000 60.320000 1000000 11.111277 11.004813 11.106551 11.001945 0.031963 0.032259 0.184034 0.181184 0.032259 0.031954 0.032259 4110 4370
40 62.310000 60.320000 1000000 11.086916 10.991910 11.082160 10.989041 0.031978 0.032259 0.184033 0.181184 0.032259 0.031969 0.032259 4370 4488
40 62.310000 60.320000 1000000 11.079350 10.986534 11.074584 10.983665 0.031978 0.032259 0.185092 0.182259 0.032259 0.031969 0.032259 4480 4644
40 62.310000 60.320000 1000000 11.068433 10.975243 11.063560 10.971524 0.031979 0.032259 0.180329 0.177420 0.032259 0.031970 0.032259 4640 4992
40 62.310000 60.320000 1000000 11.004273 10.881695 10.999314 10.877975 0.031942 0.032259 0.182445 0.179570 0.032259 0.031933 0.032259 4990 5022
40 62.310000 60.320000 1000000 11.003436 10.880620 10.998476 10.876900 0.031942 0.032259 0.182445 0.179570 0.032259 0.031933 0.032259 5020 5599
40 62.310000 60.320000 1000000 10.954700 10.844060 10.949673 10.840341 0.031936 0.032259 0.172929 0.169894 0.032259 0.031927 0.032259 5590 6181
40 62.310000 60.320000 1000000 10.898960 10.794598 10.895124 10.795000 0.031951 0.032259 0.164485 0.161291 0.032259 0.031941 0.032259 6180 6309
40 62.310000 60.320000 1000000 10.876846 10.779544 10.872987 10.779947 0.031952 0.032259 0.165539 0.162365 0.032259 0.031942 0.032259 6300 6575
40 62.310000 60.320000 1000000 10.856683 10.762340 10.852802 10.762742 0.031950 0.032259 0.163430 0.160214 0.032259 0.031941 0.032259 6570 6985
40 62.310000 60.320000 1000000 10.820547 10.719329 10.814672 10.712877 0.031953 0.032259 0.157110 0.153763 0.032259 0.031944 0.032259 6980 7068
40 62.310000 60.320000 1000000 10.813232 10.709652 10.807345 10.703199 0.031944 0.032259 0.158163 0.154838 0.032259 0.031935 0.032259 7060 7357
40 62.310000 60.320000 1000000 10.793294 10.693523 10.787179 10.686264 0.031944 0.032259 0.158163 0.154838 0.032259 0.031936 0.032259 7350 7567
40 62.310000 60.320000 1000000 10.792493 10.692448 10.786376 10.685189 0.031943 0.032259 0.157110 0.153763 0.032259 0.031934 0.032259 7560 7890
40 62.310000 60.320000 1000000 10.765729 10.673093 10.759566 10.665834 0.031940 0.032259 0.161321 0.158063 0.032259 0.031931 0.032259 7890 9021
40 62.310000 60.320000 1000000 10.762592 10.670943 10.756424 10.663683 0.031939 0.032259 0.160269 0.156989 0.032259 0.031931 0.032259 8010 8547
40 62.310000 60.320000 1000000 10.750214 10.659115 10.744025 10.651855 0.031940 0.032259 0.158163 0.154838 0.032259 0.031931 0.032259 8540 9021
40 62.310000 60.320000 1000000 10.723949 10.630083 10.717714 10.622823 0.031913 0.032259 0.169759 0.166666 0.032259 0.031904 0.032259 9020 10690
40 62.310000 60.320000 1000000 10.684873 10.574169 10.678569 10.566910 0.031878 0.032259 0.153954 0.150537 0.032259 0.031869 0.032259 10690 10740
40 62.310000 60.320000 1000000 10.675004 10.561266 10.668683 10.554007 0.031868 0.032259 0.150801 0.147311 0.032259 0.031859 0.032259 10740 10894
40 62.310000 60.320000 1000000 10.645932 10.540836 10.639559 10.533577 0.031868 0.032259 0.142410 0.138709 0.032259 0.031860 0.032259 10890 10992
40 62.310000 60.320000 1000000 10.645478 10.539760 10.639105 10.532501 0.031868 0.032259 0.142410 0.138709 0.032259 0.031860 0.032259 10990 11152
40 62.310000 60.320000 1000000 10.638747 10.534384 10.632361 10.527125 0.031870 0.032259 0.142410 0.138709 0.032259 0.031862 0.032259 11150 11459
40 62.310000 60.320000 1000000 10.629439 10.523631 10.622936 10.515969 0.031862 0.032259 0.137178 0.133332 0.032259 0.031853 0.032259 11450 11977
40 62.310000 60.320000 1000000 10.618458 10.504277 10.611935 10.496614 0.031848 0.032259 0.138225 0.134408 0.032259 0.031840 0.032259 11970 12199
40 62.310000 60.320000 1000000 10.617363 10.503201 10.610838 10.495539 0.031848 0.032259 0.138225 0.134409 0.032259 0.031840 0.032259 12190 12259
40 62.310000 60.320000 1000000 10.616289 10.502126 10.609762 10.494464 0.031847 0.032259 0.138225 0.134409 0.032259 0.031839 0.032259 12250 12314
40 62.310000 60.320000 1000000 10.614456 10.501051 10.607926 10.493388 0.031848 0.032259 0.137180 0.133333 0.032259 0.031839 0.032259 12310 12538
40 62.310000 60.320000 1000000 10.610551 10.493524 10.604568 10.488371 0.031843 0.032259 0.134047 0.130108 0.032259 0.031834 0.032259 12530 12949
40 62.310000 60.320000 1000000 10.585533 10.466642 10.583144 10.480306 0.031864 0.032259 0.134046 0.130106 0.032259 0.031854 0.032259 12940 14274
40 62.310000 60.320000 1000000 10.555698 10.424708 10.551754 10.423049 0.031888 0.032259 0.117423 0.112905 0.032259 0.031878 0.032259 14270 14834
40 62.310000 60.320000 1000000 10.503194 10.393525 10.499190 10.391867 0.031901 0.032259 0.118456 0.113979 0.032259 0.031892 0.032259 14830 15545
40 62.310000 60.320000 1000000 10.463548 10.367719 10.459499 10.366060 0.031917 0.032259 0.115356 0.110754 0.032259 0.031907 0.032259 15540 16534
40 62.310000 60.320000 1000000 10.457005 10.354816 10.453727 10.356920 0.031917 0.032259 0.112263 0.107528 0.032259 0.031907 0.032259 16530 17527
40 62.310000 60.320000 1000000 10.429337 10.333310 10.426033 10.335415 0.031910 0.032259 0.121562 0.117204 0.032259 0.031900 0.032259 17520 17609
40 62.310000 60.320000 1000000 10.426250 10.330085 10.422943 10.332189 0.031910 0.032259 0.121562 0.117204 0.032259 0.031901 0.032259 17600 17769
40 62.310000 60.320000 1000000 10.405770 10.310730 10.402443 10.312834 0.031902 0.032259 0.128835 0.124731 0.032259 0.031892 0.032259 17760 17912
40 62.310000 60.320000 1000000 10.405491 10.309654 10.402060 10.311356 0.031902 0.032259 0.129876 0.125806 0.032259 0.031892 0.032259 17910 18577
40 62.310000 60.320000 1000000 10.381190 10.285998 10.377735 10.287700 0.031909 0.032259 0.126754 0.122580 0.032259 0.031899 0.032259 18570 18908
40 62.310000 60.320000 1000000 10.366157 10.267719 10.362687 10.269420 0.031904 0.032259 0.131960 0.127956 0.032259 0.031895 0.032259 18900 20071
40 62.310000 60.320000 1000000 10.348691 10.249439 10.345203 10.251141 0.031894 0.032259 0.135092 0.131184 0.032259 0.031884 0.032259 20070 20465
40 62.310000 60.320000 1000000 10.348215 10.248364 10.344727 10.250066 0.031894 0.032259 0.134048 0.130108 0.032259 0.031884 0.032259 20460 21733
40 62.310000 60.320000 1000000 10.341956 10.235461 10.338461 10.237162 0.031890 0.032259 0.134048 0.130108 0.032259 0.031880 0.032259 21730 22470
40 62.310000 60.320000 1000000 10.321977 10.220407 10.318461 10.222109 0.031892 0.032259 0.133005 0.129034 0.032259 0.031882 0.032259 22470 23283
40 62.310000 60.320000 1000000 10.321783 10.219332 10.318494 10.222288 0.031892 0.032259 0.133004 0.129033 0.032259 0.031882 0.032259 23280 24606
40 62.310000 60.320000 1000000 10.319016 10.209655 10.315236 10.208802 0.031890 0.032259 0.130919 0.126883 0.032259 0.031881 0.032259 24600 24857
40 62.310000 60.320000 1000000 10.306993 10.191375 10.303200 10.190523 0.031892 0.032259 0.129877 0.125807 0.032259 0.031883 0.032259 24850 25557
40 62.310000 60.320000 1000000 10.305654 10.190300 10.301859 10.189448 0.031893 0.032259 0.128836 0.124732 0.032259 0.031883 0.032259 25550 25706
40 62.310000 60.320000 1000000 10.304771 10.189225 10.300976 10.188372 0.031891 0.032259 0.128835 0.124731 0.032259 0.031882 0.032259 25700 25863
40 62.310000 60.320000 1000000 10.303985 10.188149 10.300189 10.187297 0.031891 0.032259 0.128835 0.124731 0.032259 0.031882 0.032259 25860 25915
40 62.310000 60.320000 1000000 10.301799 10.187074 10.298000 10.186222 0.031893 0.032259 0.128835 0.124731 0.032259 0.031883 0.032259 25910 26800
40 62.310000 60.320000 1000000 10.282178 10.155891 10.278358 10.155039 0.031873 0.032259 0.138224 0.134407 0.032259 0.031863 0.032259 26800 27607
40 62.310000 60.320000 1000000 10.273819 10.150515 10.269989 10.149663 0.031873 0.032259 0.137179 0.133332 0.032259 0.031864 0.032259 27600 27984
40 62.310000 60.320000 1000000 10.272962 10.149440 10.269131 10.148587 0.031873 0.032259 0.138224 0.134407 0.032259 0.031864 0.032259 27980 29123
40 62.310000 60.320000 1000000 10.258144 10.132235 10.254297 10.131383 0.031856 0.032259 0.138222 0.134405 0.032259 0.031846 0.032259 29120 33939
40 62.310000 60.320000 1000000 10.203057 10.080622 10.199417 10.081025 0.031871 0.032259 0.136131 0.132253 0.032259 0.031862 0.032259 33930 34468
40 62.310000 60.320000 1000000 10.181740 10.066644 10.178077 10.067046 0.031872 0.032259 0.140313 0.136554 0.032259 0.031863 0.032259 34460 35535
40 62.310000 60.320000 1000000 10.178362 10.063418 10.174696 10.063821 0.031869 0.032259 0.141359 0.137630 0.032259 0.031860 0.032259 35530 36476
40 62.310000 60.320000 1000000 10.173872 10.055891 10.170200 10.056294 0.031861 0.032259 0.140313 0.136554 0.032259 0.031851 0.032259 36470 36488
40 62.310000 60.320000 1000000 10.173262 10.054816 10.169590 10.055218 0.031860 0.032259 0.141359 0.137630 0.032259 0.031851 0.032259 36480 38293
40 62.310000 60.320000 1000000 10.164681 10.046214 10.161000 10.046616 0.031855 0.032259 0.142406 0.138705 0.032259 0.031846 0.032259 38290 40619
40 62.310000 60.320000 1000000 10.158409 10.035461 10.154721 10.035864 0.031853 0.032259 0.141360 0.137630 0.032259 0.031843 0.032259 40610 41955
40 62.310000 60.320000 1000000 10.158256 10.033848 10.154487 10.033399 0.031853 0.032259 0.140838 0.137093 0.032259 0.031843 0.032259 41950 44545
40 62.310000 60.320000 1000000 10.134033 10.014494 10.130237 10.014045 0.031850 0.032259 0.146075 0.142469 0.032259 0.031840 0.032259 44540 44792
40 62.310000 60.320000 1000000 10.132447 10.013418 10.128649 10.012969 0.031850 0.032259 0.145027 0.141393 0.032259 0.031841 0.032259 44790 46005
40 62.310000 60.320000 1000000 10.110270 9.994064 10.106447 9.993615 0.031835 0.032259 0.146075 0.142468 0.032259 0.031825 0.032259 46000 46253
40 62.310000 60.320000 1000000 10.097215 9.982236 10.093377 9.981787 0.031830 0.032259 0.150273 0.146769 0.032259 0.031820 0.032259 46250 47705
40 62.310000 60.320000 1000000 10.072310 9.948365 10.068362 9.947065 0.031829 0.032259 0.149748 0.146232 0.032259 0.031819 0.032259 47700 48245
40 62.310000 60.320000 1000000 10.055349 9.936537 10.051381 9.935237 0.031825 0.032259 0.153951 0.150533 0.032259 0.031816 0.032259 48240 49316
40 62.310000 60.320000 1000000 10.019816 9.917182 10.015806 9.915882 0.031839 0.032259 0.172923 0.169888 0.032259 0.031829 0.032259 49310 51205
40 62.310000 60.320000 1000000 10.006730 9.895677 10.002704 9.894377 0.031829 0.032259 0.160265 0.156985 0.032259 0.031819 0.032259 51200 51345
40 62.310000 60.320000 1000000 10.006123 9.894602 10.002096 9.893302 0.031828 0.032259 0.159212 0.155910 0.032259 0.031818 0.032259 51340 51584
40 62.310000 60.320000 1000000 9.998271 9.880623 9.994234 9.879323 0.031817 0.032259 0.160266 0.156986 0.032259 0.031807 0.032259 51580 51733
40 62.310000 60.320000 1000000 9.997896 9.879548 9.993719 9.877845 0.031817 0.032259 0.159213 0.155910 0.032259 0.031808 0.032259 51730 54799
40 62.310000 60.320000 1000000 9.924858 9.839763 9.920587 9.838060 0.031856 0.032259 0.175037 0.172039 0.032259 0.031847 0.032259 54790 55546
40 62.310000 60.320000 1000000 9.905358 9.827935 9.901063 9.826232 0.031860 0.032259 0.175038 0.172040 0.032259 0.031851 0.032259 55540 56104
40 62.310000 60.320000 1000000 9.905110 9.826860 9.901104 9.826411 0.031861 0.032259 0.175039 0.172040 0.032259 0.031851 0.032259 56100 58473
40 62.310000 60.320000 1000000 9.890247 9.813957 9.886224 9.813508 0.031866 0.032259 0.177153 0.174191 0.032259 0.031857 0.032259 58470 58889
40 62.310000 60.320000 1000000 9.889867 9.812882 9.885700 9.812030 0.031867 0.032259 0.176096 0.173116 0.032259 0.031857 0.032259 58880 59006
40 62.310000 60.320000 1000000 9.888317 9.811806 9.884149 9.810954 0.031866 0.032259 0.177153 0.174191 0.032259 0.031857 0.032259 59000 59026
40 62.310000 60.320000 1000000 9.888101 9.810731 9.884185 9.811134 0.031866 0.032259 0.176096 0.173116 0.032259 0.031857 0.032259 59020 60718
40 62.310000 60.320000 1000000 9.873580 9.795678 9.869647 9.796080 0.031854 0.032259 0.178211 0.175267 0.032259 0.031844 0.032259 60710 61548
40 62.310000 60.320000 1000000 9.871183 9.794602 9.867247 9.795005 0.031856 0.032259 0.177153 0.174191 0.032259 0.031847 0.032259 61540 63037
40 62.310000 60.320000 1000000 9.866507 9.792452 9.862565 9.792854 0.031860 0.032259 0.175039 0.172041 0.032259 0.031851 0.032259 62290 63297
40 62.310000 60.320000 1000000 9.855537 9.783850 9.851582 9.784252 0.031855 0.032259 0.176096 0.173116 0.032259 0.031846 0.032259 63290 64850
40 62.310000 60.320000 1000000 9.853986 9.780624 9.850029 9.781026 0.031853 0.032259 0.176096 0.173116 0.032259 0.031844 0.032259 64850 66965
40 62.310000 60.320000 1000000 9.846604 9.773097 9.842639 9.773499 0.031850 0.032259 0.176096 0.173116 0.032259 0.031841 0.032259 66960 67047
40 62.310000 60.320000 1000000 9.846443 9.771484 9.842391 9.771035 0.031850 0.032259 0.176625 0.173654 0.032259 0.031841 0.032259 67040 67840
40 62.310000 60.320000 1000000 9.839222 9.766108 9.835162 9.765659 0.031849 0.032259 0.171342 0.168278 0.032259 0.031840 0.032259 67840 68401
40 62.310000 60.320000 1000000 9.817806 9.751054 9.813719 9.750605 0.031842 0.032259 0.169230 0.166127 0.032259 0.031833 0.032259 68400 71702
40 62.310000 60.320000 1000000 9.786817 9.709119 9.780459 9.699799 0.031866 0.032259 0.166065 0.162901 0.032259 0.031856 0.032259 71700 71889
40 62.310000 60.320000 1000000 9.785423 9.708044 9.779062 9.698724 0.031867 0.032259 0.165010 0.161826 0.032259 0.031857 0.032259 71880 73053
40 62.310000 60.320000 1000000 9.781666 9.695678 9.773856 9.681475 0.031870 0.032259 0.166592 0.163439 0.032259 0.031862 0.032259 73050 73330
40 62.310000 60.320000 1000000 9.776238 9.692452 9.768415 9.678249 0.031871 0.032259 0.166593 0.163440 0.032259 0.031863 0.032259 73330 80562
40 62.310000 60.320000 1000000 9.750147 9.663420 9.742261 9.649217 0.031862 0.032259 0.179269 0.176343 0.032259 0.031854 0.032259 80560 82260
40 62.310000 60.320000 1000000 9.747892 9.660195 9.740001 9.645991 0.031863 0.032259 0.176097 0.173117 0.032259 0.031856 0.032259 82260 83633
40 62.310000 60.320000 1000000 9.746256 9.656969 9.738361 9.642765 0.031861 0.032259 0.172927 0.169891 0.032259 0.031853 0.032259 83630 85272
40 62.310000 60.320000 1000000 9.742613 9.651592 9.734709 9.637389 0.031853 0.032259 0.176097 0.173117 0.032259 0.031845 0.032259 85270 88169
40 62.310000 60.320000 1000000 9.707891 9.615033 9.699901 9.600830 0.031869 0.032259 0.168704 0.165591 0.032259 0.031862 0.032259 88160 88893
40 62.310000 60.320000 1000000 9.706678 9.613958 9.698685 9.599755 0.031868 0.032259 0.168704 0.165591 0.032259 0.031861 0.032259 88890 89055
40 62.310000 60.320000 1000000 9.704970 9.612883 9.696973 9.598679 0.031869 0.032259 0.167649 0.164516 0.032259 0.031862 0.032259 89050 91277
40 62.310000 60.320000 1000000 9.663323 9.584388 9.655119 9.569334 0.031879 0.032259 0.156585 0.153226 0.032259 0.031872 0.032259 91270 94342
40 62.310000 60.320000 1000000 9.611316 9.553206 9.602978 9.538151 0.031910 0.032259 0.141889 0.138173 0.032259 0.031903 0.032259 94340 102392
40 62.310000 60.320000 1000000 9.580998 9.519872 9.572452 9.504415 0.031900 0.032259 0.140840 0.137096 0.032259 0.031894 0.032259 102390 103234
40 62.310000 60.320000 1000000 9.579825 9.518797 9.571275 9.503339 0.031901 0.032259 0.139794 0.136021 0.032259 0.031895 0.032259 103230 104248
40 62.310000 60.320000 1000000 9.575766 9.512346 9.567206 9.496888 0.031897 0.032259 0.133524 0.129569 0.032259 0.031891 0.032259 104240 122652
40 62.310000 60.320000 1000000 9.529267 9.466109 9.520451 9.450248 0.031875 0.032259 0.140840 0.137095 0.032259 0.031869 0.032259 122650 128311
40 62.310000 60.320000 1000000 9.509766 9.439227 9.505203 9.442184 0.031884 0.032259 0.140839 0.137095 0.032259 0.031874 0.032259 128310 137628
40 62.310000 60.320000 1000000 9.484603 9.414496 9.479428 9.414630 0.031889 0.032259 0.135611 0.131719 0.032259 0.031879 0.032259 136230 139132
40 62.310000 60.320000 1000000 9.475837 9.403743 9.470648 9.403877 0.031886 0.032259 0.131439 0.127419 0.032259 0.031876 0.032259 139130 146343
40 62.310000 60.320000 1000000 9.459082 9.386539 9.453865 9.386673 0.031884 0.032259 0.129356 0.125269 0.032259 0.031874 0.032259 146340 150705
40 62.310000 60.320000 1000000 9.447686 9.373636 9.442450 9.373770 0.031880 0.032259 0.133526 0.129571 0.032259 0.031870 0.032259 150700 155122
40 62.310000 60.320000 1000000 9.423068 9.357507 9.417791 9.357641 0.031892 0.032259 0.128315 0.124194 0.032259 0.031881 0.032259 155120 156195
40 62.310000 60.320000 1000000 9.421312 9.356432 9.416032 9.356565 0.031892 0.032259 0.127275 0.123119 0.032259 0.031882 0.032259 156190 160214
40 62.310000 60.320000 1000000 9.420732 9.355356 9.415451 9.355490 0.031891 0.032259 0.127275 0.123119 0.032259 0.031880 0.032259 160210 162151
40 62.310000 60.320000 1000000 9.419813 9.354281 9.414531 9.354415 0.031889 0.032259 0.128314 0.124193 0.032259 0.031879 0.032259 162150 185033
40 62.310000 60.320000 1000000 9.413756 9.351055 9.408463 9.351189 0.031892 0.032259 0.125195 0.120967 0.032259 0.031882 0.032259 163690 191642
40 62.310000 60.320000 1000000 9.391556 9.334926 9.386225 9.335060 0.031902 0.032259 0.121046 0.116668 0.032259 0.031892 0.032259 182350 196552
40 62.310000 60.320000 1000000 9.387418 9.326324 9.382080 9.326458 0.031894 0.032259 0.116906 0.112367 0.032259 0.031884 0.032259 187090 200692
40 62.310000 60.320000 1000000 9.349432 9.294066 9.344029 9.294200 0.031875 0.032259 0.113807 0.109139 0.032259 0.031865 0.032259 200690 200845
40 62.310000 60.320000 1000000 9.348378 9.292991 9.342973 9.293125 0.031876 0.032259 0.113807 0.109139 0.032259 0.031866 0.032259 200840 219631
40 62.310000 60.320000 1000000 9.333693 9.220411 9.325263 9.187840 0.031869 0.032259 0.137179 0.133333 0.032259 0.031859 0.032259 219630 234462
40 62.310000 60.320000 1000000 9.317802 9.208583 9.309076 9.175205 0.031869 0.032259 0.146603 0.143010 0.032259 0.031859 0.032259 234460 239158
40 62.310000 60.320000 1000000 9.315410 9.204282 9.306677 9.170904 0.031863 0.032259 0.149752 0.146236 0.032259 0.031854 0.032259 239150 244379
40 62.310000 60.320000 1000000 9.292943 9.190304 9.284147 9.156926 0.031863 0.032259 0.151853 0.148387 0.032259 0.031853 0.032259 244370 246377
40 62.310000 60.320000 1000000 9.292585 9.189228 9.283787 9.155850 0.031862 0.032259 0.151853 0.148387 0.032259 0.031853 0.032259 246370 259021
40 62.310000 60.320000 1000000 9.278482 9.173637 9.269530 9.139408 0.031861 0.032259 0.141887 0.138171 0.032259 0.031852 0.032259 259020 270088
40 62.310000 60.320000 1000000 9.270056 9.163959 9.261614 9.132239 0.031862 0.032259 0.142934 0.139246 0.032259 0.031852 0.032259 270080 275951
40 62.310000 60.320000 1000000 9.269580 9.162884 9.261137 9.131164 0.031862 0.032259 0.142934 0.139246 0.032259 0.031853 0.032259 275950 290558
40 62.310000 60.320000 1000000 9.262077 9.151056 9.255044 9.125608 0.031855 0.032259 0.135612 0.131720 0.032259 0.031844 0.032259 290550 306924
40 62.310000 60.320000 1000000 9.247070 9.141379 9.240003 9.115931 0.031863 0.032259 0.133524 0.129569 0.032259 0.031852 0.032259 306920 320431
40 62.310000 60.320000 1000000 9.231170 9.117723 9.223138 9.087033 0.031858 0.032259 0.133524 0.129569 0.032259 0.031846 0.032259 320430 345180
40 62.310000 60.320000 1000000 9.228786 9.114497 9.220748 9.083807 0.031858 0.032259 0.131438 0.127418 0.032259 0.031846 0.032259 345180 347368
40 62.310000 60.320000 1000000 9.227712 9.112347 9.219671 9.081657 0.031855 0.032259 0.132481 0.128493 0.032259 0.031844 0.032259 346140 348864
40 62.310000 60.320000 1000000 9.222445 9.100519 9.216200 9.078610 0.031851 0.032259 0.123118 0.118817 0.032259 0.031838 0.032259 348860 357611
40 62.310000 60.320000 1000000 9.210358 9.088691 9.204088 9.066782 0.031847 0.032259 0.116904 0.112365 0.032259 0.031834 0.032259 357610 359963
40 62.310000 60.320000 1000000 9.204342 9.059659 9.202908 9.070367 0.031846 0.032259 0.092374 0.086558 0.032259 0.031835 0.032259 359960 360083
40 62.310000 60.320000 1000000 9.203612 9.058584 9.202178 9.069291 0.031844 0.032259 0.092374 0.086558 0.032259 0.031834 0.032259 360080 361766
40 62.310000 60.320000 1000000 9.198536 9.051057 9.197099 9.061764 0.031835 0.032259 0.094391 0.088708 0.032259 0.031824 0.032259 361760 362593
40 62.310000 60.320000 1000000 9.197115 9.049982 9.195678 9.060689 0.031836 0.032259 0.094391 0.088708 0.032259 0.031825 0.032259 362590 388661
40 62.310000 60.320000 1000000 9.191112 9.041379 9.189672 9.052087 0.031836 0.032259 0.100477 0.095158 0.032259 0.031825 0.032259 388660 419541
40 62.310000 60.320000 1000000 9.166537 9.004820 9.163825 9.005313 0.031843 0.032259 0.105583 0.100534 0.032259 0.031833 0.032259 419540 436180
40 62.310000 60.320000 1000000 9.147850 8.989766 9.145121 8.990259 0.031841 0.032259 0.107633 0.102685 0.032259 0.031832 0.032259 436180 439444
40 62.310000 60.320000 1000000 9.138493 8.983315 9.135756 8.983807 0.031838 0.032259 0.109685 0.104835 0.032259 0.031829 0.032259 438750 470569
40 62.310000 60.320000 1000000 9.138258 8.981164 9.135795 8.984166 0.031837 0.032259 0.109685 0.104835 0.032259 0.031829 0.032259 441620 467696
40 62.310000 60.320000 1000000 9.127426 8.966111 9.125087 8.970367 0.031841 0.032259 0.103537 0.098383 0.032259 0.031833 0.032259 467690 470569
40 62.310000 60.320000 1000000 9.125494 8.965035 9.123153 8.969291 0.031842 0.032259 0.103537 0.098383 0.032259 0.031833 0.032259 470560 493167
40 62.310000 60.320000 1000000 9.090949 8.938154 9.088581 8.942409 0.031847 0.032259 0.099460 0.094083 0.032259 0.031838 0.032259 493160 500645
40 62.310000 60.320000 1000000 9.083393 8.933852 9.081019 8.938108 0.031851 0.032259 0.096414 0.090858 0.032259 0.031842 0.032259 500640 513405
40 62.310000 60.320000 1000000 9.073679 8.926326 9.071297 8.930581 0.031852 0.032259 0.101496 0.096234 0.032259 0.031844 0.032259 513400 518169
40 62.310000 60.320000 1000000 9.047957 8.911272 9.045555 8.915527 0.031857 0.032259 0.099460 0.094083 0.032259 0.031848 0.032259 518160 533360
40 62.310000 60.320000 1000000 9.038968 8.904820 9.036559 8.909076 0.031862 0.032259 0.100478 0.095159 0.032259 0.031853 0.032259 533360 574605
40 62.310000 60.320000 1000000 9.013598 8.885465 9.011168 8.889721 0.031858 0.032259 0.092373 0.086557 0.032259 0.031849 0.032259 555030 564983
40 62.310000 60.320000 1000000 9.008941 8.882239 9.006508 8.886495 0.031860 0.032259 0.093382 0.087633 0.032259 0.031852 0.032259 564980 574605
40 62.310000 60.320000 1000000 9.000395 8.873637 8.997955 8.877893 0.031859 0.032259 0.090361 0.084407 0.032259 0.031850 0.032259 574600 583810
40 62.310000 60.320000 1000000 8.994267 8.858584 8.991724 8.860689 0.031847 0.032259 0.092374 0.086558 0.032259 0.031839 0.032259 583810 608343
40 62.310000 60.320000 1000000 8.983576 8.851057 8.981024 8.853162 0.031850 0.032259 0.093382 0.087634 0.032259 0.031841 0.032259 608340 611701
40 62.310000 60.320000 1000000 8.982578 8.849981 8.980024 8.852087 0.031851 0.032259 0.094392 0.088709 0.032259 0.031842 0.032259 611700 661072
40 62.310000 60.320000 1000000 8.959182 8.829551 8.956609 8.831657 0.031856 0.032259 0.092374 0.086558 0.032259 0.031847 0.032259 661070 662793
40 62.310000 60.320000 1000000 8.958814 8.828476 8.956102 8.830178 0.031856 0.032259 0.092374 0.086558 0.032259 0.031848 0.032259 662790 679848
40 62.310000 60.320000 1000000 8.957313 8.827401 8.954600 8.829103 0.031855 0.032259 0.093382 0.087634 0.032259 0.031847 0.032259 679840 705924
40 62.310000 60.320000 1000000 8.947754 8.820949 8.945032 8.822651 0.031857 0.032259 0.088357 0.082257 0.032259 0.031849 0.032259 705920 710735
40 62.310000 60.320000 1000000 8.946641 8.819874 8.943918 8.821576 0.031858 0.032259 0.088357 0.082257 0.032259 0.031849 0.032259 710730 715535
40 62.310000 60.320000 1000000 8.946196 8.818799 8.943472 8.820501 0.031857 0.032259 0.088357 0.082257 0.032259 0.031849 0.032259 715530 720314
40 62.310000 60.320000 1000000 8.938708 8.812347 8.935977 8.814049 0.031857 0.032259 0.092374 0.086558 0.032259 0.031849 0.032259 720310 731771
40 62.310000 60.320000 1000000 8.930305 8.804820 8.927567 8.806522 0.031857 0.032259 0.089359 0.083333 0.032259 0.031849 0.032259 731770 734612
40 62.310000 60.320000 1000000 8.926220 8.799444 8.923479 8.801146 0.031860 0.032259 0.092374 0.086559 0.032259 0.031852 0.032259 734610 758084
40 62.310000 60.320000 1000000 8.917264 8.785465 8.914800 8.788422 0.031868 0.032259 0.090362 0.084408 0.032259 0.031859 0.032259 758080 817292
40 62.310000 60.320000 1000000 8.896848 8.770411 8.894366 8.773368 0.031879 0.032259 0.081396 0.074731 0.032259 0.031870 0.032259 817290 841949
40 62.310000 60.320000 1000000 8.889949 8.763960 8.887462 8.766917 0.031879 0.032259 0.082385 0.075807 0.032259 0.031870 0.032259 841940 857131
40 62.310000 60.320000 1000000 8.889275 8.762885 8.886788 8.765841 0.031880 0.032259 0.082385 0.075807 0.032259 0.031871 0.032259 857130 900324
40 62.310000 60.320000 1000000 8.867859 8.745680 8.865353 8.748637 0.031877 0.032259 0.092375 0.086559 0.032259 0.031869 0.032259 900320 916711
40 62.310000 60.320000 1000000 8.866045 8.744605 8.863538 8.747562 0.031878 0.032259 0.093383 0.087634 0.032259 0.031870 0.032259 916710 917962
40 62.310000 60.320000 1000000 8.865170 8.743530 8.862662 8.746487 0.031877 0.032259 0.093383 0.087634 0.032259 0.031868 0.032259 917960 935985
40 62.310000 60.320000 1000000 8.862561 8.740304 8.860050 8.743261 0.031872 0.032259 0.093383 0.087634 0.032259 0.031863 0.032259 935980 944662
40 62.310000 60.320000 1000000 8.857610 8.737078 8.855096 8.740035 0.031872 0.032259 0.092375 0.086559 0.032259 0.031863 0.032259 944660 1000000
40 62.310000 60.320000 1000000 8.853049 8.730627 8.850530 8.733583 0.031872 0.032259 0.092375 0.086559 0.032259 0.031863 0.032259 948010 965986
40 62.310000 60.320000 1000000 8.851671 8.729551 8.849151 8.732508 0.031873 0.032259 0.091368 0.085484 0.032259 0.031864 0.032259 965980 1000000
