1 62.310000 60.320000 1000000 12.492098 12.649964 12.486090 12.649112 0.031676 0.032257 0.330075 0.328495 0.032257 0.031668 0.032257 0 50
1 62.310000 60.320000 1000000 11.180201 11.288142 11.175750 11.285900 0.031498 0.032257 0.191977 0.189247 0.032257 0.031487 0.032257 50 60
1 62.310000 60.320000 1000000 10.832513 10.962338 10.826496 10.959020 0.031376 0.032257 0.134047 0.130108 0.032257 0.031367 0.032257 60 70
1 62.310000 60.320000 1000000 10.608211 10.745672 10.601680 10.741504 0.031282 0.032257 0.223311 0.220969 0.032257 0.031274 0.032257 70 82
1 62.310000 60.320000 1000000 10.507271 10.609650 10.501042 10.606781 0.031169 0.032257 0.191978 0.189249 0.032257 0.031161 0.032257 80 91
1 62.310000 60.320000 1000000 10.441159 10.549436 10.434812 10.546567 0.031133 0.032257 0.196220 0.193550 0.032257 0.031125 0.032257 90 103
1 62.310000 60.320000 1000000 10.327125 10.456963 10.320564 10.454094 0.031126 0.032257 0.160274 0.156994 0.032257 0.031118 0.032257 100 110
1 62.310000 60.320000 1000000 10.235670 10.353200 10.228085 10.346567 0.031074 0.032257 0.140845 0.137101 0.032257 0.031067 0.032257 110 122
1 62.310000 60.320000 1000000 10.180705 10.297286 10.172997 10.290654 0.031062 0.032257 0.141892 0.138176 0.032257 0.031056 0.032257 120 131
1 62.310000 60.320000 1000000 10.108007 10.158577 10.112701 10.237249 0.031048 0.032257 0.208429 0.205917 0.032257 0.031048 0.032257 130 140
1 62.310000 60.320000 1000000 10.097271 10.142448 10.101221 10.218208 0.031036 0.032257 0.209492 0.206993 0.032257 0.031037 0.032257 140 162
1 62.310000 60.320000 1000000 9.988159 9.958577 9.986578 10.009337 0.030982 0.032257 0.235027 0.232802 0.032257 0.030981 0.032257 160 172
1 62.310000 60.320000 1000000 9.867954 9.763953 9.865064 9.804498 0.030998 0.032257 0.247810 0.245701 0.032257 0.030997 0.032257 170 184
1 62.310000 60.320000 1000000 9.843618 9.746749 9.840707 9.787294 0.031023 0.032257 0.245677 0.243550 0.032257 0.031023 0.032257 180 195
1 62.310000 60.320000 1000000 9.823119 9.712340 9.820144 9.752482 0.030986 0.032257 0.259541 0.257529 0.032257 0.030985 0.032257 190 210
1 62.310000 60.320000 1000000 9.754927 9.611265 9.751801 9.650601 0.030963 0.032257 0.237152 0.234948 0.032257 0.030963 0.032257 210 220
1 62.310000 60.320000 1000000 9.699369 9.567718 9.696091 9.606202 0.030984 0.032257 0.233423 0.231184 0.032257 0.030984 0.032257 220 244
1 62.310000 60.320000 1000000 9.595656 9.426858 9.593468 9.469150 0.031039 0.032257 0.188800 0.186024 0.032257 0.031036 0.032257 240 252
1 62.310000 60.320000 1000000 9.588352 9.412880 9.586159 9.455172 0.031026 0.032257 0.183506 0.180649 0.032257 0.031024 0.032257 250 270
1 62.310000 60.320000 1000000 9.543718 9.295138 9.538451 9.299124 0.031035 0.032257 0.157640 0.154304 0.032257 0.031031 0.032257 270 282
1 62.310000 60.320000 1000000 9.527128 9.279009 9.521833 9.282995 0.031053 0.032257 0.153432 0.150003 0.032257 0.031050 0.032257 280 290
1 62.310000 60.320000 1000000 9.504162 9.233310 9.506056 9.256427 0.031084 0.032257 0.150803 0.147313 0.032257 0.031069 0.032257 290 315
1 62.310000 60.320000 1000000 9.476528 9.208579 9.478239 9.231248 0.031107 0.032257 0.150802 0.147312 0.032257 0.031092 0.032257 310 321
1 62.310000 60.320000 1000000 9.454255 9.185999 9.455978 9.208667 0.031114 0.032257 0.148702 0.145162 0.032257 0.031099 0.032257 320 335
1 62.310000 60.320000 1000000 9.391924 9.153741 9.393681 9.176409 0.031159 0.032257 0.142413 0.138711 0.032257 0.031144 0.032257 330 367
1 62.310000 60.320000 1000000 9.362572 9.123633 9.364345 9.146302 0.031176 0.032257 0.135092 0.131184 0.032257 0.031161 0.032257 360 370
1 62.310000 60.320000 1000000 9.347100 9.115031 9.348883 9.137700 0.031185 0.032257 0.133004 0.129033 0.032257 0.031170 0.032257 370 388
1 62.310000 60.320000 1000000 9.346876 9.113956 9.348659 9.136624 0.031185 0.032257 0.131962 0.127958 0.032257 0.031169 0.032257 380 397
1 62.310000 60.320000 1000000 9.346747 9.112881 9.348481 9.135146 0.031184 0.032257 0.130919 0.126883 0.032257 0.031169 0.032257 390 409
1 62.310000 60.320000 1000000 9.328845 9.076322 9.328924 9.094958 0.031199 0.032257 0.127795 0.123657 0.032257 0.031187 0.032257 400 414
1 62.310000 60.320000 1000000 9.320295 9.066644 9.320375 9.085281 0.031194 0.032257 0.124676 0.120430 0.032257 0.031181 0.032257 410 444
1 62.310000 60.320000 1000000 9.295528 9.050515 9.294939 9.067539 0.031214 0.032257 0.123637 0.119354 0.032257 0.031202 0.032257 440 462
1 62.310000 60.320000 1000000 9.278778 9.033311 9.278138 9.049931 0.031214 0.032257 0.119491 0.115054 0.032257 0.031202 0.032257 460 475
1 62.310000 60.320000 1000000 9.253513 9.012881 9.255105 9.038283 0.031229 0.032257 0.130919 0.126883 0.032257 0.031214 0.032257 470 481
1 62.310000 60.320000 1000000 9.237883 8.968796 9.236807 8.977173 0.031218 0.032257 0.119491 0.115055 0.032257 0.031207 0.032257 480 496
1 62.310000 60.320000 1000000 9.230233 8.958043 9.228990 8.966017 0.031222 0.032257 0.116388 0.111829 0.032257 0.031212 0.032257 490 548
1 62.310000 60.320000 1000000 9.169648 8.911269 9.167832 8.914987 0.031290 0.032257 0.098449 0.093014 0.032257 0.031281 0.032257 540 550
1 62.310000 60.320000 1000000 9.167195 8.908044 9.165377 8.911761 0.031290 0.032257 0.098449 0.093014 0.032257 0.031281 0.032257 550 577
1 62.310000 60.320000 1000000 9.151777 8.897291 9.149950 8.901008 0.031286 0.032257 0.096420 0.090864 0.032257 0.031276 0.032257 570 582
1 62.310000 60.320000 1000000 9.092205 8.858044 9.089493 8.858894 0.031329 0.032257 0.096925 0.091400 0.032257 0.031320 0.032257 580 617
1 62.310000 60.320000 1000000 9.060577 8.834388 9.057836 8.835238 0.031337 0.032257 0.097939 0.092475 0.032257 0.031328 0.032257 610 620
1 62.310000 60.320000 1000000 9.049895 8.821485 9.047145 8.822335 0.031345 0.032257 0.098955 0.093550 0.032257 0.031336 0.032257 620 663
1 62.310000 60.320000 1000000 9.023239 8.797829 9.020464 8.798679 0.031354 0.032257 0.093889 0.088174 0.032257 0.031345 0.032257 660 701
1 62.310000 60.320000 1000000 8.974452 8.768797 8.971632 8.769647 0.031381 0.032257 0.085862 0.079572 0.032257 0.031372 0.032257 700 739
1 62.310000 60.320000 1000000 8.967007 8.759119 8.964180 8.759969 0.031364 0.032257 0.088859 0.082798 0.032257 0.031356 0.032257 730 763
1 62.310000 60.320000 1000000 8.965733 8.756969 8.962905 8.757819 0.031362 0.032257 0.089862 0.083873 0.032257 0.031353 0.032257 760 786
1 62.310000 60.320000 1000000 8.943418 8.741915 8.940569 8.742765 0.031357 0.032257 0.087858 0.081722 0.032257 0.031349 0.032257 780 797
1 62.310000 60.320000 1000000 8.942717 8.740840 8.939867 8.741690 0.031356 0.032257 0.087858 0.081722 0.032257 0.031347 0.032257 790 802
1 62.310000 60.320000 1000000 8.942434 8.739764 8.939584 8.740615 0.031355 0.032257 0.086858 0.080646 0.032257 0.031346 0.032257 800 820
1 62.310000 60.320000 1000000 8.938559 8.736539 8.935705 8.737389 0.031352 0.032257 0.088859 0.082797 0.032257 0.031343 0.032257 820 860
1 62.310000 60.320000 1000000 8.937590 8.735463 8.934735 8.736313 0.031350 0.032257 0.087858 0.081722 0.032257 0.031341 0.032257 860 885
1 62.310000 60.320000 1000000 8.933956 8.730087 8.931098 8.730937 0.031353 0.032257 0.083872 0.077421 0.032257 0.031344 0.032257 880 929
1 62.310000 60.320000 1000000 8.913744 8.716108 8.910866 8.716959 0.031354 0.032257 0.081890 0.075269 0.032257 0.031345 0.032257 920 941
1 62.310000 60.320000 1000000 8.895164 8.703205 8.892268 8.704055 0.031350 0.032257 0.078936 0.072044 0.032257 0.031341 0.032257 940 966
1 62.310000 60.320000 1000000 8.889526 8.695141 8.886509 8.693437 0.031355 0.032257 0.077466 0.070431 0.032257 0.031346 0.032257 960 1017
1 62.310000 60.320000 1000000 8.878903 8.688689 8.875709 8.686582 0.031364 0.032257 0.081396 0.074732 0.032257 0.031355 0.032257 1010 1055
1 62.310000 60.320000 1000000 8.861392 8.670410 8.858179 8.668303 0.031381 0.032257 0.080410 0.073656 0.032257 0.031372 0.032257 1050 1126
1 62.310000 60.320000 1000000 8.827200 8.648904 8.823950 8.646798 0.031411 0.032257 0.080409 0.073656 0.032257 0.031402 0.032257 1120 1137
1 62.310000 60.320000 1000000 8.814994 8.641377 8.811730 8.639271 0.031415 0.032257 0.079426 0.072580 0.032257 0.031407 0.032257 1130 1143
1 62.310000 60.320000 1000000 8.786809 8.624173 8.783514 8.622066 0.031444 0.032257 0.070694 0.062905 0.032257 0.031436 0.032257 1140 1161
1 62.310000 60.320000 1000000 8.777947 8.613420 8.774761 8.612568 0.031434 0.032257 0.068787 0.060755 0.032257 0.031426 0.032257 1160 1178
1 62.310000 60.320000 1000000 8.775701 8.609120 8.772277 8.606565 0.031437 0.032257 0.069740 0.061831 0.032257 0.031429 0.032257 1170 1224
1 62.310000 60.320000 1000000 8.755777 8.597292 8.752330 8.594737 0.031456 0.032257 0.074548 0.067208 0.032257 0.031448 0.032257 1220 1260
1 62.310000 60.320000 1000000 8.753868 8.596216 8.750419 8.593662 0.031458 0.032257 0.073580 0.066133 0.032257 0.031450 0.032257 1260 1280
1 62.310000 60.320000 1000000 8.752494 8.594066 8.749043 8.591511 0.031459 0.032257 0.072616 0.065057 0.032257 0.031451 0.032257 1280 1380
1 62.310000 60.320000 1000000 8.749009 8.590840 8.745554 8.588285 0.031453 0.032257 0.074548 0.067208 0.032257 0.031445 0.032257 1380 1397
1 62.310000 60.320000 1000000 8.747109 8.589765 8.743652 8.587210 0.031454 0.032257 0.074548 0.067208 0.032257 0.031446 0.032257 1390 1448
1 62.310000 60.320000 1000000 8.744544 8.586539 8.741083 8.583984 0.031449 0.032257 0.072615 0.065057 0.032257 0.031441 0.032257 1440 1518
1 62.310000 60.320000 1000000 8.737885 8.581163 8.734417 8.578608 0.031442 0.032257 0.071654 0.063982 0.032257 0.031434 0.032257 1510 1606
1 62.310000 60.320000 1000000 8.718836 8.566109 8.715700 8.564809 0.031434 0.032257 0.083378 0.076885 0.032257 0.031425 0.032257 1600 1681
1 62.310000 60.320000 1000000 8.711271 8.559657 8.707622 8.557147 0.031440 0.032257 0.082387 0.075810 0.032257 0.031433 0.032257 1680 1692
1 62.310000 60.320000 1000000 8.702690 8.554281 8.699031 8.551771 0.031446 0.032257 0.085364 0.079035 0.032257 0.031438 0.032257 1690 1715
1 62.310000 60.320000 1000000 8.701774 8.553206 8.698113 8.550696 0.031444 0.032257 0.084370 0.077960 0.032257 0.031436 0.032257 1710 1749
1 62.310000 60.320000 1000000 8.701673 8.552130 8.698130 8.550875 0.031444 0.032257 0.084370 0.077959 0.032257 0.031436 0.032257 1740 1785
1 62.310000 60.320000 1000000 8.699685 8.551055 8.696140 8.549800 0.031445 0.032257 0.083377 0.076884 0.032257 0.031437 0.032257 1780 1890
1 62.310000 60.320000 1000000 8.684047 8.540302 8.680483 8.539047 0.031451 0.032257 0.079428 0.072582 0.032257 0.031444 0.032257 1890 2012
1 62.310000 60.320000 1000000 8.683746 8.539227 8.680181 8.537971 0.031450 0.032257 0.078446 0.071507 0.032257 0.031443 0.032257 2010 2060
1 62.310000 60.320000 1000000 8.681827 8.538152 8.678260 8.536896 0.031452 0.032257 0.077467 0.070432 0.032257 0.031445 0.032257 2060 2082
1 62.310000 60.320000 1000000 8.680753 8.537076 8.677184 8.535821 0.031450 0.032257 0.076491 0.069356 0.032257 0.031443 0.032257 2080 2108
1 62.310000 60.320000 1000000 8.679626 8.536001 8.676056 8.534746 0.031448 0.032257 0.075517 0.068281 0.032257 0.031441 0.032257 2100 2425
1 62.310000 60.320000 1000000 8.669492 8.527399 8.666555 8.528249 0.031457 0.032257 0.074546 0.067205 0.032257 0.031449 0.032257 2420 2786
1 62.310000 60.320000 1000000 8.648613 8.514496 8.645655 8.515346 0.031471 0.032257 0.075517 0.068281 0.032257 0.031462 0.032257 2780 2806
1 62.310000 60.320000 1000000 8.622910 8.497292 8.619925 8.498142 0.031485 0.032257 0.081397 0.074733 0.032257 0.031477 0.032257 2800 2831
1 62.310000 60.320000 1000000 8.619030 8.494066 8.616041 8.494916 0.031488 0.032257 0.079427 0.072582 0.032257 0.031479 0.032257 2830 2886
1 62.310000 60.320000 1000000 8.601358 8.484388 8.598351 8.485239 0.031497 0.032257 0.074548 0.067207 0.032257 0.031489 0.032257 2860 2964
1 62.310000 60.320000 1000000 8.589120 8.475786 8.585931 8.476233 0.031507 0.032257 0.071653 0.063981 0.032257 0.031499 0.032257 2960 3014
1 62.310000 60.320000 1000000 8.588572 8.474711 8.585382 8.475158 0.031506 0.032257 0.072615 0.065057 0.032257 0.031498 0.032257 3010 3088
1 62.310000 60.320000 1000000 8.587652 8.473636 8.584461 8.474083 0.031504 0.032257 0.073579 0.066132 0.032257 0.031496 0.032257 3080 3168
1 62.310000 60.320000 1000000 8.579871 8.469335 8.576671 8.469782 0.031508 0.032257 0.069739 0.061831 0.032257 0.031500 0.032257 3160 3633
1 62.310000 60.320000 1000000 8.563113 8.452131 8.559417 8.449173 0.031523 0.032257 0.068788 0.060755 0.032257 0.031515 0.032257 3630 3837
1 62.310000 60.320000 1000000 8.561969 8.451055 8.558271 8.448097 0.031521 0.032257 0.067840 0.059680 0.032257 0.031513 0.032257 3830 3841
1 62.310000 60.320000 1000000 8.559993 8.449980 8.556293 8.447022 0.031522 0.032257 0.067840 0.059680 0.032257 0.031514 0.032257 3840 3868
1 62.310000 60.320000 1000000 8.559546 8.448905 8.555678 8.445544 0.031522 0.032257 0.067840 0.059680 0.032257 0.031515 0.032257 3860 3973
1 62.310000 60.320000 1000000 8.512575 8.420948 8.508642 8.417587 0.031539 0.032257 0.082386 0.075808 0.032257 0.031532 0.032257 3970 4042
1 62.310000 60.320000 1000000 8.511551 8.419872 8.507617 8.416511 0.031537 0.032257 0.081398 0.074733 0.032257 0.031530 0.032257 4040 4539
1 62.310000 60.320000 1000000 8.499739 8.411270 8.495789 8.407909 0.031553 0.032257 0.078446 0.071507 0.032257 0.031546 0.032257 4530 4704
1 62.310000 60.320000 1000000 8.491304 8.402668 8.487341 8.399307 0.031537 0.032257 0.081397 0.074733 0.032257 0.031530 0.032257 4700 4924
1 62.310000 60.320000 1000000 8.487739 8.399442 8.483772 8.396081 0.031534 0.032257 0.081397 0.074732 0.032257 0.031528 0.032257 4920 5241
1 62.310000 60.320000 1000000 8.486821 8.396216 8.483925 8.396619 0.031536 0.032257 0.079427 0.072582 0.032257 0.031527 0.032257 5070 5868
1 62.310000 60.320000 1000000 8.458403 8.377937 8.455478 8.378339 0.031538 0.032257 0.074547 0.067206 0.032257 0.031530 0.032257 5860 6298
1 62.310000 60.320000 1000000 8.418411 8.352130 8.415444 8.352533 0.031572 0.032257 0.081398 0.074733 0.032257 0.031563 0.032257 6290 6373
1 62.310000 60.320000 1000000 8.417450 8.351055 8.414482 8.351457 0.031570 0.032257 0.080411 0.073658 0.032257 0.031562 0.032257 6370 6778
1 62.310000 60.320000 1000000 8.399946 8.340302 8.396960 8.340705 0.031585 0.032257 0.081398 0.074733 0.032257 0.031577 0.032257 6770 7005
1 62.310000 60.320000 1000000 8.399837 8.339227 8.396978 8.340884 0.031585 0.032257 0.082386 0.075808 0.032257 0.031577 0.032257 7000 7034
1 62.310000 60.320000 1000000 8.398176 8.338152 8.395316 8.339809 0.031587 0.032257 0.083376 0.076884 0.032257 0.031579 0.032257 7030 7084
1 62.310000 60.320000 1000000 8.397543 8.337077 8.394682 8.338733 0.031586 0.032257 0.083376 0.076884 0.032257 0.031578 0.032257 7080 7099
1 62.310000 60.320000 1000000 8.397461 8.335464 8.394556 8.336269 0.031586 0.032257 0.082881 0.076346 0.032257 0.031578 0.032257 7090 7245
1 62.310000 60.320000 1000000 8.394887 8.331163 8.391466 8.330758 0.031590 0.032257 0.081892 0.075271 0.032257 0.031583 0.032257 7240 7927
1 62.310000 60.320000 1000000 8.391335 8.325786 8.387848 8.324979 0.031588 0.032257 0.081892 0.075271 0.032257 0.031580 0.032257 7920 8110
1 62.310000 60.320000 1000000 8.390267 8.324711 8.386779 8.323904 0.031586 0.032257 0.080905 0.074196 0.032257 0.031579 0.032257 8110 8349
1 62.310000 60.320000 1000000 8.389166 8.323636 8.385677 8.322828 0.031584 0.032257 0.080905 0.074196 0.032257 0.031577 0.032257 8340 8483
1 62.310000 60.320000 1000000 8.387297 8.322560 8.383805 8.321753 0.031584 0.032257 0.079920 0.073120 0.032257 0.031577 0.032257 8480 8490
1 62.310000 60.320000 1000000 8.385708 8.321485 8.382214 8.320678 0.031587 0.032257 0.078937 0.072045 0.032257 0.031579 0.032257 8490 8525
1 62.310000 60.320000 1000000 8.384410 8.320410 8.380914 8.319603 0.031585 0.032257 0.078937 0.072045 0.032257 0.031578 0.032257 8520 8719
1 62.310000 60.320000 1000000 8.383367 8.319335 8.379870 8.318527 0.031583 0.032257 0.078937 0.072045 0.032257 0.031576 0.032257 8710 8907
1 62.310000 60.320000 1000000 8.382418 8.318259 8.378920 8.317452 0.031581 0.032257 0.077957 0.070970 0.032257 0.031574 0.032257 8900 9550
1 62.310000 60.320000 1000000 8.349488 8.292453 8.345948 8.291646 0.031591 0.032257 0.083872 0.077421 0.032257 0.031584 0.032257 9550 10988
1 62.310000 60.320000 1000000 8.315803 8.263958 8.311854 8.260597 0.031589 0.032257 0.088357 0.082258 0.032257 0.031582 0.032257 10980 11340
1 62.310000 60.320000 1000000 8.303462 8.249980 8.299496 8.246619 0.031599 0.032257 0.093383 0.087635 0.032257 0.031593 0.032257 11340 11429
1 62.310000 60.320000 1000000 8.302288 8.248905 8.298320 8.245544 0.031597 0.032257 0.094393 0.088710 0.032257 0.031591 0.032257 11420 11787
1 62.310000 60.320000 1000000 8.288282 8.240303 8.284294 8.236942 0.031612 0.032257 0.090363 0.084409 0.032257 0.031605 0.032257 11780 12481
1 62.310000 60.320000 1000000 8.283228 8.234926 8.279233 8.231565 0.031618 0.032257 0.088357 0.082259 0.032257 0.031611 0.032257 12480 13299
1 62.310000 60.320000 1000000 8.282223 8.233851 8.278226 8.230490 0.031619 0.032257 0.088357 0.082259 0.032257 0.031613 0.032257 13290 13431
1 62.310000 60.320000 1000000 8.278351 8.230625 8.274348 8.227264 0.031625 0.032257 0.086359 0.080108 0.032257 0.031619 0.032257 13430 13741
1 62.310000 60.320000 1000000 8.277363 8.229550 8.273359 8.226189 0.031627 0.032257 0.087357 0.081183 0.032257 0.031620 0.032257 13740 13924
1 62.310000 60.320000 1000000 8.274832 8.227400 8.270824 8.224038 0.031628 0.032257 0.087358 0.081184 0.032257 0.031621 0.032257 13920 13943
1 62.310000 60.320000 1000000 8.273709 8.226324 8.269700 8.222963 0.031629 0.032257 0.087358 0.081184 0.032257 0.031623 0.032257 13940 15710
1 62.310000 60.320000 1000000 8.212564 8.185464 8.209217 8.184612 0.031658 0.032257 0.080412 0.073658 0.032257 0.031650 0.032257 15710 20112
1 62.310000 60.320000 1000000 8.191702 8.169335 8.188330 8.168483 0.031678 0.032257 0.073579 0.066131 0.032257 0.031670 0.032257 20110 20499
1 62.310000 60.320000 1000000 8.190904 8.168260 8.187531 8.167407 0.031676 0.032257 0.074547 0.067206 0.032257 0.031669 0.032257 20490 20748
1 62.310000 60.320000 1000000 8.189870 8.167184 8.186495 8.166332 0.031675 0.032257 0.075517 0.068281 0.032257 0.031667 0.032257 20740 20814
1 62.310000 60.320000 1000000 8.188577 8.166109 8.185201 8.165257 0.031677 0.032257 0.074547 0.067206 0.032257 0.031669 0.032257 20810 21218
1 62.310000 60.320000 1000000 8.183981 8.161808 8.180599 8.160956 0.031681 0.032257 0.073578 0.066130 0.032257 0.031674 0.032257 21210 21338
1 62.310000 60.320000 1000000 8.183136 8.160733 8.179753 8.159880 0.031680 0.032257 0.072614 0.065055 0.032257 0.031672 0.032257 21330 22283
1 62.310000 60.320000 1000000 8.178139 8.155356 8.174571 8.154101 0.031674 0.032257 0.069738 0.061829 0.032257 0.031666 0.032257 22280 22339
1 62.310000 60.320000 1000000 8.177358 8.154281 8.173790 8.153026 0.031672 0.032257 0.070693 0.062905 0.032257 0.031665 0.032257 22330 22848
1 62.310000 60.320000 1000000 8.164883 8.139227 8.161298 8.137972 0.031689 0.032257 0.076491 0.069356 0.032257 0.031682 0.032257 22840 22851
1 62.310000 60.320000 1000000 8.164416 8.138152 8.160655 8.136493 0.031690 0.032257 0.076491 0.069356 0.032257 0.031683 0.032257 22850 22878
1 62.310000 60.320000 1000000 8.162666 8.137077 8.158903 8.135418 0.031690 0.032257 0.077467 0.070431 0.032257 0.031684 0.032257 22870 23392
1 62.310000 60.320000 1000000 8.158568 8.133851 8.154626 8.131789 0.031696 0.032257 0.075517 0.068281 0.032257 0.031690 0.032257 23390 23467
1 62.310000 60.320000 1000000 8.156646 8.132776 8.152701 8.130714 0.031697 0.032257 0.074546 0.067206 0.032257 0.031691 0.032257 23460 23818
1 62.310000 60.320000 1000000 8.151213 8.129550 8.147261 8.127488 0.031704 0.032257 0.073578 0.066130 0.032257 0.031697 0.032257 23810 24201
1 62.310000 60.320000 1000000 8.137926 8.119873 8.133955 8.117811 0.031720 0.032257 0.072614 0.065055 0.032257 0.031714 0.032257 23910 24238
1 62.310000 60.320000 1000000 8.136736 8.118797 8.132763 8.116735 0.031718 0.032257 0.072614 0.065055 0.032257 0.031712 0.032257 24230 24678
1 62.310000 60.320000 1000000 8.135791 8.117722 8.131816 8.115660 0.031717 0.032257 0.071652 0.063980 0.032257 0.031710 0.032257 24670 24907
1 62.310000 60.320000 1000000 8.134832 8.116647 8.130856 8.114585 0.031715 0.032257 0.072613 0.065055 0.032257 0.031709 0.032257 24900 26766
1 62.310000 60.320000 1000000 8.122354 8.102668 8.118284 8.101099 0.031727 0.032257 0.072612 0.065054 0.032257 0.031721 0.032257 26760 29161
1 62.310000 60.320000 1000000 8.100898 8.086539 8.096796 8.084970 0.031729 0.032257 0.073577 0.066129 0.032257 0.031722 0.032257 29160 30105
1 62.310000 60.320000 1000000 8.091514 8.076862 8.088825 8.080311 0.031729 0.032257 0.071650 0.063978 0.032257 0.031721 0.032257 30100 32110
1 62.310000 60.320000 1000000 8.068874 8.059658 8.066162 8.063107 0.031738 0.032257 0.073577 0.066129 0.032257 0.031729 0.032257 32110 33366
1 62.310000 60.320000 1000000 8.047047 8.042991 8.044184 8.045589 0.031755 0.032257 0.076978 0.069894 0.032257 0.031746 0.032257 33360 35140
1 62.310000 60.320000 1000000 8.045796 8.041916 8.042931 8.044513 0.031753 0.032257 0.076978 0.069893 0.032257 0.031744 0.032257 35140 38662
1 62.310000 60.320000 1000000 8.025998 8.024712 8.023112 8.027309 0.031772 0.032257 0.070216 0.062368 0.032257 0.031763 0.032257 38660 38733
1 62.310000 60.320000 1000000 8.024697 8.023636 8.021809 8.026234 0.031770 0.032257 0.070216 0.062368 0.032257 0.031761 0.032257 38730 41399
1 62.310000 60.320000 1000000 7.999534 7.999443 7.995461 7.997471 0.031794 0.032257 0.075519 0.068283 0.032257 0.031788 0.032257 41390 42510
1 62.310000 60.320000 1000000 7.998565 7.998368 7.994491 7.996396 0.031793 0.032257 0.074548 0.067208 0.032257 0.031787 0.032257 42510 44586
1 62.310000 60.320000 1000000 7.995427 7.995142 7.991493 7.994424 0.031791 0.032257 0.074547 0.067206 0.032257 0.031785 0.032257 44580 44590
1 62.310000 60.320000 1000000 7.994042 7.994067 7.990105 7.993349 0.031793 0.032257 0.074547 0.067206 0.032257 0.031787 0.032257 44590 45210
1 62.310000 60.320000 1000000 7.992043 7.992991 7.988103 7.992274 0.031795 0.032257 0.073579 0.066131 0.032257 0.031788 0.032257 45210 49386
1 62.310000 60.320000 1000000 7.987158 7.988690 7.983211 7.987973 0.031788 0.032257 0.072615 0.065056 0.032257 0.031782 0.032257 49380 49560
1 62.310000 60.320000 1000000 7.986721 7.987615 7.982774 7.986897 0.031788 0.032257 0.072615 0.065056 0.032257 0.031781 0.032257 49560 50755
1 62.310000 60.320000 1000000 7.977558 7.981163 7.973596 7.980446 0.031795 0.032257 0.072615 0.065056 0.032257 0.031789 0.032257 50750 51117
1 62.310000 60.320000 1000000 7.957262 7.968260 7.953270 7.967543 0.031798 0.032257 0.075518 0.068282 0.032257 0.031791 0.032257 51110 52751
1 62.310000 60.320000 1000000 7.954613 7.964497 7.950493 7.962928 0.031795 0.032257 0.076005 0.068820 0.032257 0.031789 0.032257 52750 52826
1 62.310000 60.320000 1000000 7.953352 7.963422 7.949230 7.961853 0.031793 0.032257 0.076980 0.069895 0.032257 0.031787 0.032257 52820 53291
1 62.310000 60.320000 1000000 7.947142 7.959121 7.943011 7.957552 0.031796 0.032257 0.074063 0.066670 0.032257 0.031791 0.032257 53290 53877
1 62.310000 60.320000 1000000 7.934813 7.944067 7.930663 7.942498 0.031814 0.032257 0.070216 0.062368 0.032257 0.031808 0.032257 53870 54031
1 62.310000 60.320000 1000000 7.933342 7.942991 7.929189 7.941422 0.031815 0.032257 0.070217 0.062369 0.032257 0.031810 0.032257 54030 55149
1 62.310000 60.320000 1000000 7.930704 7.939766 7.926547 7.938197 0.031812 0.032257 0.069264 0.061294 0.032257 0.031806 0.032257 55140 63933
1 62.310000 60.320000 1000000 7.907194 7.919336 7.903000 7.917767 0.031837 0.032257 0.070217 0.062369 0.032257 0.031831 0.032257 60120 78469
1 62.310000 60.320000 1000000 7.900797 7.907508 7.896112 7.902534 0.031836 0.032257 0.075033 0.067745 0.032257 0.031831 0.032257 78460 89145
1 62.310000 60.320000 1000000 7.831520 7.850518 7.828844 7.853071 0.031871 0.032257 0.086857 0.080645 0.032257 0.031863 0.032257 89140 90161
1 62.310000 60.320000 1000000 7.828199 7.847292 7.825520 7.849845 0.031867 0.032257 0.085860 0.079570 0.032257 0.031859 0.032257 90160 91235
1 62.310000 60.320000 1000000 7.821146 7.842991 7.818459 7.845544 0.031874 0.032257 0.083871 0.077419 0.032257 0.031866 0.032257 91230 92248
1 62.310000 60.320000 1000000 7.819187 7.841916 7.816498 7.844469 0.031876 0.032257 0.082879 0.076344 0.032257 0.031868 0.032257 92240 97013
1 62.310000 60.320000 1000000 7.804951 7.820949 7.801470 7.817543 0.031886 0.032257 0.079427 0.072582 0.032257 0.031879 0.032257 97010 99339
1 62.310000 60.320000 1000000 7.803708 7.819873 7.800225 7.816467 0.031884 0.032257 0.079427 0.072582 0.032257 0.031877 0.032257 99330 101830
1 62.310000 60.320000 1000000 7.796894 7.812346 7.793090 7.808134 0.031895 0.032257 0.074547 0.067206 0.032257 0.031888 0.032257 101830 103640
1 62.310000 60.320000 1000000 7.796299 7.811271 7.792494 7.807059 0.031894 0.032257 0.073579 0.066131 0.032257 0.031888 0.032257 103640 113212
1 62.310000 60.320000 1000000 7.790890 7.806970 7.787076 7.802758 0.031900 0.032257 0.071652 0.063980 0.032257 0.031893 0.032257 113210 116282
1 62.310000 60.320000 1000000 7.782079 7.800519 7.778253 7.796306 0.031905 0.032257 0.069739 0.061830 0.032257 0.031899 0.032257 116280 117352
1 62.310000 60.320000 1000000 7.780688 7.799443 7.776860 7.795231 0.031904 0.032257 0.070693 0.062905 0.032257 0.031898 0.032257 117350 118679
1 62.310000 60.320000 1000000 7.775754 7.792992 7.772257 7.790034 0.031912 0.032257 0.068787 0.060754 0.032257 0.031905 0.032257 118670 124564
1 62.310000 60.320000 1000000 7.773848 7.791916 7.770348 7.788959 0.031914 0.032257 0.068787 0.060754 0.032257 0.031907 0.032257 124560 132373
1 62.310000 60.320000 1000000 7.751253 7.776863 7.747722 7.773905 0.031926 0.032257 0.064088 0.055378 0.032257 0.031919 0.032257 132370 133436
1 62.310000 60.320000 1000000 7.750007 7.775788 7.746474 7.772830 0.031924 0.032257 0.063161 0.054303 0.032257 0.031917 0.032257 133430 143881
1 62.310000 60.320000 1000000 7.725121 7.752132 7.723169 7.755446 0.031946 0.032257 0.065018 0.056452 0.032257 0.031937 0.032257 143880 147798
1 62.310000 60.320000 1000000 7.708321 7.741379 7.706356 7.744693 0.031958 0.032257 0.062237 0.053225 0.032257 0.031949 0.032257 147790 159151
1 62.310000 60.320000 1000000 7.686169 7.718798 7.684187 7.722113 0.031985 0.032257 0.067837 0.059677 0.032257 0.031976 0.032257 159150 160171
1 62.310000 60.320000 1000000 7.685749 7.717723 7.683609 7.720634 0.031986 0.032257 0.066893 0.058602 0.032257 0.031977 0.032257 160170 170724
1 62.310000 60.320000 1000000 7.680370 7.709121 7.678225 7.712032 0.031994 0.032257 0.070692 0.062903 0.032257 0.031985 0.032257 170720 174174
1 62.310000 60.320000 1000000 7.678952 7.708046 7.676806 7.710957 0.031996 0.032257 0.070692 0.062903 0.032257 0.031987 0.032257 174170 180005
1 62.310000 60.320000 1000000 7.677796 7.706970 7.675649 7.709882 0.031994 0.032257 0.070692 0.062903 0.032257 0.031985 0.032257 180000 181172
1 62.310000 60.320000 1000000 7.671436 7.702669 7.669284 7.705581 0.032000 0.032257 0.070692 0.062903 0.032257 0.031990 0.032257 181170 186416
1 62.310000 60.320000 1000000 7.667050 7.698368 7.664816 7.700876 0.032003 0.032257 0.070693 0.062904 0.032257 0.031994 0.032257 186410 203070
1 62.310000 60.320000 1000000 7.647565 7.680089 7.645203 7.680894 0.032013 0.032257 0.069738 0.061829 0.032257 0.032004 0.032257 203070 207153
1 62.310000 60.320000 1000000 7.647148 7.679013 7.644628 7.679416 0.032014 0.032257 0.069738 0.061829 0.032257 0.032005 0.032257 207150 210770
1 62.310000 60.320000 1000000 7.641969 7.668261 7.639024 7.665258 0.032018 0.032257 0.069739 0.061831 0.032257 0.032009 0.032257 210770 213256
1 62.310000 60.320000 1000000 7.637493 7.665035 7.634544 7.662032 0.032019 0.032257 0.068788 0.060755 0.032257 0.032011 0.032257 213250 230729
1 62.310000 60.320000 1000000 7.625906 7.657508 7.622943 7.654506 0.032032 0.032257 0.062240 0.053228 0.032257 0.032023 0.032257 230720 234729
1 62.310000 60.320000 1000000 7.617193 7.649981 7.614220 7.646979 0.032030 0.032257 0.063163 0.054305 0.032257 0.032021 0.032257 234720 245877
1 62.310000 60.320000 1000000 7.608908 7.643530 7.605925 7.640527 0.032035 0.032257 0.063163 0.054305 0.032257 0.032027 0.032257 245870 246549
1 62.310000 60.320000 1000000 7.608637 7.642454 7.605970 7.640706 0.032036 0.032257 0.063163 0.054305 0.032257 0.032027 0.032257 246540 249372
1 62.310000 60.320000 1000000 7.607188 7.641379 7.604520 7.639631 0.032035 0.032257 0.064090 0.055380 0.032257 0.032026 0.032257 249370 251253
1 62.310000 60.320000 1000000 7.606076 7.640304 7.603407 7.638556 0.032034 0.032257 0.063163 0.054305 0.032257 0.032025 0.032257 251250 252477
1 62.310000 60.320000 1000000 7.599441 7.634928 7.596609 7.632776 0.032039 0.032257 0.062241 0.053230 0.032257 0.032031 0.032257 252470 254287
1 62.310000 60.320000 1000000 7.598033 7.633852 7.595199 7.631701 0.032038 0.032257 0.062241 0.053230 0.032257 0.032029 0.032257 254280 260802
1 62.310000 60.320000 1000000 7.596707 7.629551 7.594784 7.631163 0.032038 0.032257 0.064089 0.055379 0.032257 0.032029 0.032257 260800 263839
1 62.310000 60.320000 1000000 7.595213 7.628476 7.593289 7.630088 0.032038 0.032257 0.063162 0.054304 0.032257 0.032028 0.032257 263830 269841
1 62.310000 60.320000 1000000 7.594203 7.627401 7.592278 7.629013 0.032039 0.032257 0.063162 0.054304 0.032257 0.032029 0.032257 269840 275038
1 62.310000 60.320000 1000000 7.586931 7.622024 7.585000 7.623636 0.032041 0.032257 0.060411 0.051078 0.032257 0.032031 0.032257 275030 289108
1 62.310000 60.320000 1000000 7.582906 7.618799 7.580973 7.620411 0.032043 0.032257 0.059505 0.050004 0.032257 0.032033 0.032257 289100 309348
1 62.310000 60.320000 1000000 7.563225 7.602670 7.561197 7.603878 0.032045 0.032257 0.062240 0.053229 0.032257 0.032035 0.032257 309340 316340
1 62.310000 60.320000 1000000 7.561553 7.601594 7.559523 7.602803 0.032045 0.032257 0.061323 0.052154 0.032257 0.032035 0.032257 316340 337416
1 62.310000 60.320000 1000000 7.552896 7.595143 7.550859 7.596352 0.032052 0.032257 0.064089 0.055380 0.032257 0.032042 0.032257 337410 349133
1 62.310000 60.320000 1000000 7.540117 7.582240 7.538070 7.583448 0.032059 0.032257 0.064089 0.055379 0.032257 0.032049 0.032257 349130 354346
1 62.310000 60.320000 1000000 7.538616 7.581164 7.536567 7.582373 0.032060 0.032257 0.064089 0.055379 0.032257 0.032050 0.032257 354340 361238
1 62.310000 60.320000 1000000 7.532233 7.573637 7.530023 7.574443 0.032070 0.032257 0.058604 0.048928 0.032257 0.032060 0.032257 361230 400845
1 62.310000 60.320000 1000000 7.515896 7.561809 7.513671 7.562615 0.032066 0.032257 0.055939 0.045702 0.032257 0.032056 0.032257 400840 403023
1 62.310000 60.320000 1000000 7.515399 7.560734 7.513174 7.561540 0.032065 0.032257 0.055065 0.044627 0.032257 0.032055 0.032257 403020 407700
1 62.310000 60.320000 1000000 7.511222 7.557508 7.508993 7.558314 0.032062 0.032257 0.055940 0.045703 0.032257 0.032052 0.032257 407700 431001
1 62.310000 60.320000 1000000 7.501233 7.548906 7.498995 7.549712 0.032071 0.032257 0.057710 0.047853 0.032257 0.032061 0.032257 431000 437138
1 62.310000 60.320000 1000000 7.500149 7.547831 7.497910 7.548637 0.032070 0.032257 0.058605 0.048928 0.032257 0.032060 0.032257 437130 441888
1 62.310000 60.320000 1000000 7.499210 7.546756 7.496970 7.547561 0.032071 0.032257 0.057710 0.047853 0.032257 0.032061 0.032257 441880 446884
1 62.310000 60.320000 1000000 7.497979 7.545681 7.495738 7.546486 0.032072 0.032257 0.056822 0.046778 0.032257 0.032062 0.032257 446880 450372
1 62.310000 60.320000 1000000 7.496235 7.544605 7.493993 7.545411 0.032074 0.032257 0.055940 0.045702 0.032257 0.032064 0.032257 450370 452773
1 62.310000 60.320000 1000000 7.494634 7.543530 7.492390 7.544336 0.032074 0.032257 0.055065 0.044627 0.032257 0.032064 0.032257 452770 462080
1 62.310000 60.320000 1000000 7.493293 7.542455 7.491048 7.543260 0.032073 0.032257 0.055065 0.044627 0.032257 0.032063 0.032257 462080 463470
1 62.310000 60.320000 1000000 7.492082 7.541379 7.489836 7.542185 0.032071 0.032257 0.055939 0.045702 0.032257 0.032062 0.032257 463470 476935
1 62.310000 60.320000 1000000 7.484155 7.533853 7.481902 7.534658 0.032076 0.032257 0.057710 0.047853 0.032257 0.032066 0.032257 476930 479352
1 62.310000 60.320000 1000000 7.482837 7.532777 7.480583 7.533583 0.032075 0.032257 0.057710 0.047853 0.032257 0.032065 0.032257 479350 483957
1 62.310000 60.320000 1000000 7.481269 7.531702 7.479013 7.532508 0.032074 0.032257 0.058604 0.048927 0.032257 0.032065 0.032257 483950 485462
1 62.310000 60.320000 1000000 7.480454 7.530627 7.478197 7.531432 0.032075 0.032257 0.059505 0.050003 0.032257 0.032066 0.032257 485460 486196
1 62.310000 60.320000 1000000 7.478969 7.529552 7.476711 7.530357 0.032074 0.032257 0.060411 0.051078 0.032257 0.032065 0.032257 486190 549644
1 62.310000 60.320000 1000000 7.461454 7.506971 7.458569 7.506164 0.032076 0.032257 0.062240 0.053228 0.032257 0.032068 0.032257 549640 554958
1 62.310000 60.320000 1000000 7.461239 7.505896 7.458272 7.504685 0.032076 0.032257 0.063162 0.054303 0.032257 0.032067 0.032257 554950 562910
1 62.310000 60.320000 1000000 7.460275 7.502670 7.457307 7.501459 0.032075 0.032257 0.061323 0.052153 0.032257 0.032067 0.032257 562910 576778
1 62.310000 60.320000 1000000 7.458505 7.501595 7.455535 7.500384 0.032077 0.032257 0.060411 0.051078 0.032257 0.032068 0.032257 576770 603062
1 62.310000 60.320000 1000000 7.452677 7.497294 7.449700 7.496083 0.032077 0.032257 0.060411 0.051078 0.032257 0.032068 0.032257 603060 630961
1 62.310000 60.320000 1000000 7.443786 7.489767 7.440799 7.488556 0.032073 0.032257 0.058605 0.048928 0.032257 0.032064 0.032257 630960 632205
1 62.310000 60.320000 1000000 7.442291 7.488692 7.439302 7.487481 0.032072 0.032257 0.059505 0.050004 0.032257 0.032064 0.032257 632200 639733
1 62.310000 60.320000 1000000 7.439237 7.485466 7.436244 7.484255 0.032074 0.032257 0.056822 0.046778 0.032257 0.032065 0.032257 639730 651798
1 62.310000 60.320000 1000000 7.437493 7.484390 7.434498 7.483180 0.032075 0.032257 0.055940 0.045703 0.032257 0.032067 0.032257 651790 673490
1 62.310000 60.320000 1000000 7.435966 7.483315 7.432969 7.482105 0.032077 0.032257 0.055940 0.045703 0.032257 0.032068 0.032257 673490 712025
1 62.310000 60.320000 1000000 7.430148 7.477939 7.427144 7.476728 0.032081 0.032257 0.056822 0.046778 0.032257 0.032072 0.032257 712020 715714
1 62.310000 60.320000 1000000 7.428497 7.474713 7.425491 7.473503 0.032082 0.032257 0.055941 0.045703 0.032257 0.032073 0.032257 715710 731089
1 62.310000 60.320000 1000000 7.426850 7.473638 7.423842 7.472427 0.032083 0.032257 0.055941 0.045703 0.032257 0.032074 0.032257 731080 762641
1 62.310000 60.320000 1000000 7.424447 7.464498 7.420919 7.459031 0.032085 0.032257 0.058158 0.048392 0.032257 0.032077 0.032257 762640 797631
1 62.310000 60.320000 1000000 7.416568 7.458046 7.413029 7.452580 0.032087 0.032257 0.058158 0.048392 0.032257 0.032079 0.032257 797630 832106
1 62.310000 60.320000 1000000 7.415931 7.456971 7.412391 7.451504 0.032086 0.032257 0.059056 0.049468 0.032257 0.032079 0.032257 832100 872335
1 62.310000 60.320000 1000000 7.399336 7.445143 7.395772 7.439676 0.032095 0.032257 0.055503 0.045167 0.032257 0.032088 0.032257 859440 863032
1 62.310000 60.320000 1000000 7.397940 7.444068 7.394374 7.438601 0.032097 0.032257 0.055502 0.045165 0.032257 0.032089 0.032257 863030 872335
1 62.310000 60.320000 1000000 7.396398 7.442993 7.392830 7.437526 0.032096 0.032257 0.055502 0.045165 0.032257 0.032088 0.032257 872330 876217
1 62.310000 60.320000 1000000 7.395347 7.441917 7.391777 7.436451 0.032095 0.032257 0.056380 0.046240 0.032257 0.032087 0.032257 876210 893360
1 62.310000 60.320000 1000000 7.391734 7.438691 7.388158 7.433225 0.032094 0.032257 0.054630 0.044090 0.032257 0.032087 0.032257 893360 908785
1 62.310000 60.320000 1000000 7.390403 7.437616 7.386826 7.432149 0.032093 0.032257 0.055502 0.045165 0.032257 0.032086 0.032257 908780 917105
1 62.310000 60.320000 1000000 7.388661 7.433315 7.386008 7.431612 0.032094 0.032257 0.055502 0.045165 0.032257 0.032085 0.032257 917100 924167
1 62.310000 60.320000 1000000 7.384073 7.427939 7.381121 7.425429 0.032099 0.032257 0.052911 0.041941 0.032257 0.032090 0.032257 924160 949201
1 62.310000 60.320000 1000000 7.382944 7.426864 7.379991 7.424354 0.032100 0.032257 0.052911 0.041941 0.032257 0.032092 0.032257 949200 957808
1 62.310000 60.320000 1000000 7.376563 7.421487 7.373602 7.418977 0.032106 0.032257 0.054631 0.044091 0.032257 0.032097 0.032257 957800 978256
1 62.310000 60.320000 1000000 7.369997 7.417186 7.367029 7.414676 0.032110 0.032257 0.051223 0.039790 0.032257 0.032101 0.032257 978250 984727
1 62.310000 60.320000 1000000 7.368889 7.416111 7.365919 7.413601 0.032111 0.032257 0.051223 0.039790 0.032257 0.032102 0.032257 984720 1000000
