13 62.310000 60.320000 1000000 12.959150 13.013406 12.953590 13.010850 0.031678 0.032257 0.314028 0.312367 0.032257 0.031670 0.032257 0 50
13 62.310000 60.320000 1000000 11.650994 11.604808 11.646469 11.603911 0.031206 0.032257 0.336497 0.334947 0.032257 0.031196 0.032257 50 60
13 62.310000 60.320000 1000000 11.269421 11.300509 11.267070 11.309647 0.031112 0.032257 0.239283 0.237098 0.032257 0.031099 0.032257 60 70
13 62.310000 60.320000 1000000 10.980438 11.045671 10.975868 11.049074 0.031095 0.032257 0.180858 0.177958 0.032257 0.031085 0.032257 70 80
13 62.310000 60.320000 1000000 10.916483 10.960725 10.912538 10.967174 0.031050 0.032257 0.185092 0.182259 0.032257 0.031039 0.032257 80 90
13 62.310000 60.320000 1000000 10.857383 10.913413 10.853373 10.919863 0.031038 0.032257 0.190388 0.187636 0.032257 0.031026 0.032257 90 101
13 62.310000 60.320000 1000000 10.743710 10.820940 10.741149 10.834917 0.031053 0.032257 0.206303 0.203765 0.032257 0.031041 0.032257 100 112
13 62.310000 60.320000 1000000 10.629779 10.696209 10.627134 10.710186 0.030955 0.032257 0.213740 0.211292 0.032257 0.030942 0.032257 110 121
13 62.310000 60.320000 1000000 10.368862 10.486533 10.364161 10.488592 0.031214 0.032257 0.177688 0.174736 0.032257 0.031205 0.032257 120 134
13 62.310000 60.320000 1000000 10.307374 10.426318 10.302456 10.427974 0.031176 0.032257 0.182978 0.180112 0.032257 0.031166 0.032257 130 145
13 62.310000 60.320000 1000000 10.298376 10.416641 10.293075 10.417490 0.031176 0.032257 0.180861 0.177961 0.032257 0.031167 0.032257 140 150
13 62.310000 60.320000 1000000 10.225024 10.329545 10.219894 10.331649 0.031110 0.032257 0.160797 0.157528 0.032257 0.031101 0.032257 150 169
13 62.310000 60.320000 1000000 10.163403 10.233846 10.154944 10.218298 0.031107 0.032257 0.171347 0.168284 0.032257 0.031101 0.032257 160 171
13 62.310000 60.320000 1000000 10.082920 10.144599 10.074257 10.129051 0.031108 0.032257 0.165016 0.161833 0.032257 0.031102 0.032257 170 188
13 62.310000 60.320000 1000000 10.034841 10.003738 10.024014 9.951989 0.031067 0.032257 0.207367 0.204842 0.032257 0.031058 0.032257 180 195
13 62.310000 60.320000 1000000 10.026766 9.984383 10.017639 9.940161 0.031062 0.032257 0.210554 0.208068 0.032257 0.031052 0.032257 190 200
13 62.310000 60.320000 1000000 9.992971 9.898362 9.986801 9.870045 0.031047 0.032257 0.231829 0.229574 0.032257 0.031037 0.032257 200 212
13 62.310000 60.320000 1000000 9.950034 9.799438 9.944767 9.775691 0.031015 0.032257 0.223314 0.220972 0.032257 0.031005 0.032257 210 228
13 62.310000 60.320000 1000000 9.881690 9.699438 9.873856 9.667268 0.031002 0.032257 0.190392 0.187639 0.032257 0.030992 0.032257 220 232
13 62.310000 60.320000 1000000 9.829666 9.599438 9.824711 9.598182 0.031029 0.032257 0.180858 0.177958 0.032257 0.031024 0.032257 230 254
13 62.310000 60.320000 1000000 9.800715 9.566105 9.795716 9.564849 0.030976 0.032257 0.185092 0.182260 0.032257 0.030971 0.032257 250 262
13 62.310000 60.320000 1000000 9.793566 9.559653 9.788556 9.558397 0.030975 0.032257 0.186151 0.183335 0.032257 0.030970 0.032257 260 270
13 62.310000 60.320000 1000000 9.739621 9.488686 9.734527 9.487430 0.030998 0.032257 0.163959 0.160754 0.032257 0.030994 0.032257 270 303
13 62.310000 60.320000 1000000 9.689495 9.408579 9.689069 9.423855 0.031037 0.032257 0.178211 0.175267 0.032257 0.031024 0.032257 300 312
13 62.310000 60.320000 1000000 9.664819 9.385998 9.664086 9.400468 0.031056 0.032257 0.178211 0.175267 0.032257 0.031044 0.032257 310 330
13 62.310000 60.320000 1000000 9.660549 9.380084 9.659784 9.393702 0.031047 0.032257 0.177682 0.174729 0.032257 0.031035 0.032257 330 343
13 62.310000 60.320000 1000000 9.658171 9.379009 9.657405 9.392627 0.031050 0.032257 0.177682 0.174729 0.032257 0.031038 0.032257 340 361
13 62.310000 60.320000 1000000 9.631903 9.343525 9.631131 9.357144 0.031045 0.032257 0.151326 0.147848 0.032257 0.031033 0.032257 360 383
13 62.310000 60.320000 1000000 9.588706 9.308042 9.587874 9.321257 0.031061 0.032257 0.133524 0.129569 0.032257 0.031048 0.032257 380 416
13 62.310000 60.320000 1000000 9.563348 9.283310 9.562509 9.296526 0.031074 0.032257 0.133523 0.129568 0.032257 0.031061 0.032257 410 447
13 62.310000 60.320000 1000000 9.507395 9.246751 9.506238 9.258264 0.031136 0.032257 0.117936 0.113438 0.032257 0.031124 0.032257 440 491
13 62.310000 60.320000 1000000 9.499245 9.211805 9.496097 9.210550 0.031142 0.032257 0.112259 0.107525 0.032257 0.031133 0.032257 450 481
13 62.310000 60.320000 1000000 9.458734 9.191375 9.455545 9.190120 0.031179 0.032257 0.108147 0.103224 0.032257 0.031170 0.032257 480 491
13 62.310000 60.320000 1000000 9.438098 9.174171 9.434889 9.172915 0.031193 0.032257 0.106096 0.101074 0.032257 0.031184 0.032257 490 515
13 62.310000 60.320000 1000000 9.428858 9.163419 9.425639 9.162163 0.031201 0.032257 0.100988 0.095698 0.032257 0.031192 0.032257 510 531
13 62.310000 60.320000 1000000 9.402515 9.141913 9.399274 9.141106 0.031223 0.032257 0.109174 0.104299 0.032257 0.031214 0.032257 530 550
13 62.310000 60.320000 1000000 9.376728 9.116107 9.374743 9.119914 0.031250 0.032257 0.114322 0.109676 0.032257 0.031239 0.032257 550 560
13 62.310000 60.320000 1000000 9.357177 9.101591 9.355059 9.104547 0.031255 0.032257 0.113805 0.109138 0.032257 0.031244 0.032257 560 578
13 62.310000 60.320000 1000000 9.356916 9.100516 9.354798 9.103472 0.031254 0.032257 0.112774 0.108062 0.032257 0.031244 0.032257 570 594
13 62.310000 60.320000 1000000 9.352145 9.096215 9.350024 9.099170 0.031247 0.032257 0.112775 0.108063 0.032257 0.031236 0.032257 590 600
13 62.310000 60.320000 1000000 9.329341 9.074709 9.327204 9.077665 0.031266 0.032257 0.109691 0.104840 0.032257 0.031256 0.032257 600 615
13 62.310000 60.320000 1000000 9.327325 9.073634 9.325187 9.076590 0.031267 0.032257 0.110719 0.105916 0.032257 0.031257 0.032257 610 622
13 62.310000 60.320000 1000000 9.292953 9.052129 9.290791 9.055085 0.031270 0.032257 0.102521 0.097314 0.032257 0.031259 0.032257 620 649
13 62.310000 60.320000 1000000 9.272386 9.040301 9.270210 9.043257 0.031287 0.032257 0.104562 0.099462 0.032257 0.031277 0.032257 640 654
13 62.310000 60.320000 1000000 9.270405 9.034925 9.269198 9.041644 0.031285 0.032257 0.107635 0.102688 0.032257 0.031274 0.032257 650 663
13 62.310000 60.320000 1000000 9.260119 9.025247 9.258908 9.031966 0.031271 0.032257 0.110717 0.105913 0.032257 0.031259 0.032257 660 700
13 62.310000 60.320000 1000000 9.238692 9.000516 9.236202 9.004010 0.031279 0.032257 0.094393 0.088710 0.032257 0.031269 0.032257 690 704
13 62.310000 60.320000 1000000 9.203991 8.981161 9.201473 8.984655 0.031308 0.032257 0.094392 0.088709 0.032257 0.031298 0.032257 700 737
13 62.310000 60.320000 1000000 9.172090 8.954280 9.169295 8.956071 0.031327 0.032257 0.091367 0.085483 0.032257 0.031317 0.032257 730 746
13 62.310000 60.320000 1000000 9.165049 8.951054 9.162247 8.952845 0.031336 0.032257 0.090361 0.084407 0.032257 0.031326 0.032257 740 829
13 62.310000 60.320000 1000000 9.133968 8.934925 9.131138 8.936716 0.031366 0.032257 0.090361 0.084407 0.032257 0.031356 0.032257 820 877
13 62.310000 60.320000 1000000 9.120729 8.928474 9.117886 8.930264 0.031377 0.032257 0.090362 0.084409 0.032257 0.031368 0.032257 870 884
13 62.310000 60.320000 1000000 9.119052 8.927398 9.116208 8.929189 0.031377 0.032257 0.090362 0.084409 0.032257 0.031367 0.032257 880 915
13 62.310000 60.320000 1000000 9.117966 8.926323 9.115121 8.928114 0.031375 0.032257 0.090363 0.084409 0.032257 0.031365 0.032257 910 968
13 62.310000 60.320000 1000000 9.112770 8.920947 9.109919 8.922738 0.031365 0.032257 0.090363 0.084409 0.032257 0.031356 0.032257 960 1015
13 62.310000 60.320000 1000000 9.103301 8.906968 9.100777 8.912522 0.031374 0.032257 0.090362 0.084409 0.032257 0.031365 0.032257 1010 1074
13 62.310000 60.320000 1000000 9.093341 8.898366 9.090757 8.903517 0.031370 0.032257 0.086358 0.080107 0.032257 0.031362 0.032257 1070 1084
13 62.310000 60.320000 1000000 9.092640 8.897291 9.090054 8.902442 0.031369 0.032257 0.086358 0.080107 0.032257 0.031360 0.032257 1080 1138
13 62.310000 60.320000 1000000 9.084225 8.885463 9.081633 8.890614 0.031369 0.032257 0.087356 0.081182 0.032257 0.031360 0.032257 1130 1145
13 62.310000 60.320000 1000000 9.077852 8.880086 9.075254 8.885238 0.031370 0.032257 0.086357 0.080106 0.032257 0.031361 0.032257 1140 1181
13 62.310000 60.320000 1000000 9.056676 8.867183 9.054060 8.872334 0.031375 0.032257 0.085361 0.079031 0.032257 0.031366 0.032257 1180 1193
13 62.310000 60.320000 1000000 9.048752 8.861807 9.046129 8.866958 0.031379 0.032257 0.087357 0.081183 0.032257 0.031371 0.032257 1190 1233
13 62.310000 60.320000 1000000 9.046963 8.859657 9.044338 8.864808 0.031378 0.032257 0.088356 0.082258 0.032257 0.031369 0.032257 1230 1286
13 62.310000 60.320000 1000000 9.016026 8.838689 9.013246 8.842989 0.031389 0.032257 0.089859 0.083869 0.032257 0.031380 0.032257 1280 1307
13 62.310000 60.320000 1000000 9.013962 8.836538 9.011180 8.840838 0.031385 0.032257 0.089859 0.083869 0.032257 0.031377 0.032257 1300 1327
13 62.310000 60.320000 1000000 9.009859 8.834388 9.007073 8.838688 0.031391 0.032257 0.087855 0.081719 0.032257 0.031382 0.032257 1320 1341
13 62.310000 60.320000 1000000 9.007845 8.833313 9.005057 8.837612 0.031393 0.032257 0.087855 0.081719 0.032257 0.031384 0.032257 1340 1368
13 62.310000 60.320000 1000000 9.007384 8.832237 9.004596 8.836537 0.031392 0.032257 0.088856 0.082794 0.032257 0.031383 0.032257 1360 1540
13 62.310000 60.320000 1000000 9.000621 8.827936 8.998168 8.833491 0.031398 0.032257 0.085858 0.079568 0.032257 0.031389 0.032257 1540 1715
13 62.310000 60.320000 1000000 8.975741 8.801055 8.972063 8.800292 0.031421 0.032257 0.078935 0.072043 0.032257 0.031414 0.032257 1710 1752
13 62.310000 60.320000 1000000 8.962187 8.787614 8.958453 8.786000 0.031420 0.032257 0.078444 0.071505 0.032257 0.031413 0.032257 1750 1810
13 62.310000 60.320000 1000000 8.947014 8.776861 8.943262 8.775247 0.031424 0.032257 0.073578 0.066130 0.032257 0.031417 0.032257 1810 1822
13 62.310000 60.320000 1000000 8.922241 8.763958 8.918457 8.762344 0.031444 0.032257 0.072613 0.065055 0.032257 0.031437 0.032257 1820 1929
13 62.310000 60.320000 1000000 8.918497 8.760732 8.914708 8.759118 0.031439 0.032257 0.072613 0.065055 0.032257 0.031431 0.032257 1850 2153
13 62.310000 60.320000 1000000 8.912151 8.753205 8.908354 8.751591 0.031426 0.032257 0.076490 0.069356 0.032257 0.031419 0.032257 1870 1896
13 62.310000 60.320000 1000000 8.910156 8.749979 8.906357 8.748365 0.031422 0.032257 0.078445 0.071506 0.032257 0.031414 0.032257 1890 2165
13 62.310000 60.320000 1000000 8.905070 8.746754 8.901264 8.745140 0.031425 0.032257 0.077466 0.070431 0.032257 0.031418 0.032257 2160 2179
13 62.310000 60.320000 1000000 8.903973 8.745678 8.900165 8.744064 0.031423 0.032257 0.078445 0.071506 0.032257 0.031416 0.032257 2170 2236
13 62.310000 60.320000 1000000 8.893308 8.739227 8.889486 8.737613 0.031432 0.032257 0.073578 0.066130 0.032257 0.031425 0.032257 2230 2290
13 62.310000 60.320000 1000000 8.884333 8.732775 8.880500 8.731161 0.031442 0.032257 0.076490 0.069356 0.032257 0.031435 0.032257 2290 2357
13 62.310000 60.320000 1000000 8.883360 8.731700 8.879526 8.730086 0.031440 0.032257 0.077467 0.070431 0.032257 0.031433 0.032257 2350 2374
13 62.310000 60.320000 1000000 8.881257 8.730625 8.877421 8.729011 0.031443 0.032257 0.076490 0.069356 0.032257 0.031436 0.032257 2370 2385
13 62.310000 60.320000 1000000 8.878302 8.728474 8.874461 8.726860 0.031443 0.032257 0.075517 0.068281 0.032257 0.031436 0.032257 2380 2479
13 62.310000 60.320000 1000000 8.873010 8.725248 8.869162 8.723634 0.031445 0.032257 0.075517 0.068281 0.032257 0.031438 0.032257 2470 2551
13 62.310000 60.320000 1000000 8.867585 8.722023 8.863730 8.720409 0.031450 0.032257 0.075517 0.068281 0.032257 0.031443 0.032257 2550 2644
13 62.310000 60.320000 1000000 8.865511 8.720947 8.861654 8.719333 0.031452 0.032257 0.075517 0.068281 0.032257 0.031445 0.032257 2640 2670
13 62.310000 60.320000 1000000 8.865072 8.719872 8.861215 8.718258 0.031451 0.032257 0.075517 0.068281 0.032257 0.031444 0.032257 2670 2717
13 62.310000 60.320000 1000000 8.857955 8.715571 8.854088 8.713957 0.031454 0.032257 0.076490 0.069355 0.032257 0.031447 0.032257 2710 2720
13 62.310000 60.320000 1000000 8.856923 8.714496 8.853055 8.712882 0.031452 0.032257 0.075516 0.068280 0.032257 0.031445 0.032257 2720 2750
13 62.310000 60.320000 1000000 8.840406 8.704281 8.836395 8.701815 0.031464 0.032257 0.076004 0.068819 0.032257 0.031457 0.032257 2750 2764
13 62.310000 60.320000 1000000 8.838680 8.703205 8.834667 8.700740 0.031466 0.032257 0.075031 0.067743 0.032257 0.031459 0.032257 2760 2775
13 62.310000 60.320000 1000000 8.836984 8.702130 8.832969 8.699665 0.031468 0.032257 0.074062 0.066668 0.032257 0.031461 0.032257 2770 2791
13 62.310000 60.320000 1000000 8.832608 8.698904 8.828587 8.696439 0.031474 0.032257 0.073096 0.065593 0.032257 0.031467 0.032257 2790 2933
13 62.310000 60.320000 1000000 8.819192 8.691377 8.815152 8.688912 0.031480 0.032257 0.074061 0.066667 0.032257 0.031473 0.032257 2930 3034
13 62.310000 60.320000 1000000 8.807090 8.678474 8.803034 8.676009 0.031458 0.032257 0.074061 0.066668 0.032257 0.031451 0.032257 3030 3063
13 62.310000 60.320000 1000000 8.806835 8.677399 8.802778 8.674934 0.031457 0.032257 0.074062 0.066668 0.032257 0.031450 0.032257 3060 3254
13 62.310000 60.320000 1000000 8.798196 8.668797 8.794127 8.666331 0.031442 0.032257 0.074062 0.066668 0.032257 0.031435 0.032257 3250 3416
13 62.310000 60.320000 1000000 8.763460 8.646216 8.759343 8.643751 0.031452 0.032257 0.079918 0.073118 0.032257 0.031445 0.032257 3410 3520
13 62.310000 60.320000 1000000 8.761387 8.645141 8.757267 8.642675 0.031454 0.032257 0.079918 0.073118 0.032257 0.031448 0.032257 3520 3613
13 62.310000 60.320000 1000000 8.758054 8.641915 8.753929 8.639450 0.031449 0.032257 0.078935 0.072043 0.032257 0.031443 0.032257 3610 3752
13 62.310000 60.320000 1000000 8.756344 8.640840 8.752217 8.638374 0.031452 0.032257 0.077955 0.070968 0.032257 0.031445 0.032257 3750 3832
13 62.310000 60.320000 1000000 8.746895 8.633313 8.742755 8.630848 0.031451 0.032257 0.078936 0.072045 0.032257 0.031444 0.032257 3830 3868
13 62.310000 60.320000 1000000 8.746036 8.632238 8.741894 8.629772 0.031452 0.032257 0.078937 0.072045 0.032257 0.031445 0.032257 3860 3896
13 62.310000 60.320000 1000000 8.745934 8.631162 8.741912 8.629951 0.031452 0.032257 0.079919 0.073120 0.032257 0.031445 0.032257 3890 3919
13 62.310000 60.320000 1000000 8.744320 8.630087 8.740296 8.628876 0.031451 0.032257 0.078936 0.072044 0.032257 0.031445 0.032257 3910 4191
13 62.310000 60.320000 1000000 8.708874 8.605356 8.704800 8.604145 0.031440 0.032257 0.078937 0.072045 0.032257 0.031434 0.032257 4190 4251
13 62.310000 60.320000 1000000 8.707996 8.604280 8.703920 8.603070 0.031438 0.032257 0.077956 0.070970 0.032257 0.031432 0.032257 4250 4304
13 62.310000 60.320000 1000000 8.706913 8.603205 8.702837 8.601994 0.031436 0.032257 0.076979 0.069894 0.032257 0.031430 0.032257 4300 4522
13 62.310000 60.320000 1000000 8.679152 8.584926 8.675036 8.583715 0.031452 0.032257 0.083873 0.077422 0.032257 0.031446 0.032257 4520 4531
13 62.310000 60.320000 1000000 8.678243 8.583850 8.674126 8.582640 0.031450 0.032257 0.083873 0.077422 0.032257 0.031444 0.032257 4530 4624
13 62.310000 60.320000 1000000 8.667923 8.575248 8.663791 8.574037 0.031440 0.032257 0.078937 0.072046 0.032257 0.031434 0.032257 4620 4679
13 62.310000 60.320000 1000000 8.666689 8.574173 8.662555 8.572962 0.031438 0.032257 0.078937 0.072046 0.032257 0.031432 0.032257 4670 4914
13 62.310000 60.320000 1000000 8.665684 8.573098 8.661549 8.571887 0.031439 0.032257 0.079920 0.073121 0.032257 0.031433 0.032257 4910 5073
13 62.310000 60.320000 1000000 8.649538 8.563420 8.645379 8.562209 0.031453 0.032257 0.078937 0.072046 0.032257 0.031447 0.032257 5070 5105
13 62.310000 60.320000 1000000 8.627769 8.551592 8.623579 8.550381 0.031474 0.032257 0.079919 0.073120 0.032257 0.031468 0.032257 5090 5166
13 62.310000 60.320000 1000000 8.602906 8.534388 8.598679 8.533177 0.031494 0.032257 0.076979 0.069894 0.032257 0.031488 0.032257 5160 5609
13 62.310000 60.320000 1000000 8.602577 8.533313 8.598734 8.533356 0.031495 0.032257 0.076004 0.068819 0.032257 0.031488 0.032257 5600 5838
13 62.310000 60.320000 1000000 8.601039 8.530087 8.597194 8.530130 0.031496 0.032257 0.077957 0.070970 0.032257 0.031489 0.032257 5830 6116
13 62.310000 60.320000 1000000 8.595838 8.526861 8.591986 8.526905 0.031502 0.032257 0.076979 0.069894 0.032257 0.031495 0.032257 6110 6217
13 62.310000 60.320000 1000000 8.594669 8.525786 8.590815 8.525829 0.031503 0.032257 0.076979 0.069894 0.032257 0.031497 0.032257 6210 6364
13 62.310000 60.320000 1000000 8.585403 8.520409 8.581537 8.520453 0.031510 0.032257 0.074062 0.066669 0.032257 0.031504 0.032257 6360 6620
13 62.310000 60.320000 1000000 8.584379 8.519334 8.580512 8.519378 0.031508 0.032257 0.075032 0.067744 0.032257 0.031502 0.032257 6620 6644
13 62.310000 60.320000 1000000 8.576075 8.512883 8.572196 8.512926 0.031515 0.032257 0.075031 0.067743 0.032257 0.031509 0.032257 6640 6712
13 62.310000 60.320000 1000000 8.575180 8.511807 8.571300 8.511851 0.031517 0.032257 0.075031 0.067743 0.032257 0.031510 0.032257 6710 7210
13 62.310000 60.320000 1000000 8.552180 8.484388 8.547405 8.478473 0.031504 0.032257 0.072614 0.065056 0.032257 0.031499 0.032257 7210 7399
13 62.310000 60.320000 1000000 8.551066 8.483313 8.546289 8.477398 0.031502 0.032257 0.071652 0.063980 0.032257 0.031497 0.032257 7390 7625
13 62.310000 60.320000 1000000 8.545006 8.476861 8.540219 8.470946 0.031495 0.032257 0.074547 0.067206 0.032257 0.031490 0.032257 7620 7760
13 62.310000 60.320000 1000000 8.542032 8.472560 8.537240 8.466645 0.031489 0.032257 0.075517 0.068281 0.032257 0.031484 0.032257 7760 7838
13 62.310000 60.320000 1000000 8.540943 8.471485 8.536149 8.465570 0.031487 0.032257 0.074546 0.067205 0.032257 0.031482 0.032257 7830 8333
13 62.310000 60.320000 1000000 8.499204 8.445678 8.494339 8.439764 0.031510 0.032257 0.072615 0.065057 0.032257 0.031505 0.032257 8330 8412
13 62.310000 60.320000 1000000 8.490900 8.440302 8.486020 8.434387 0.031512 0.032257 0.075519 0.068283 0.032257 0.031507 0.032257 8410 8607
13 62.310000 60.320000 1000000 8.474699 8.428474 8.469792 8.422559 0.031532 0.032257 0.077469 0.070434 0.032257 0.031528 0.032257 8600 9595
13 62.310000 60.320000 1000000 8.473908 8.427399 8.469000 8.421484 0.031534 0.032257 0.076493 0.069358 0.032257 0.031529 0.032257 9590 9625
13 62.310000 60.320000 1000000 8.472326 8.426324 8.467414 8.420409 0.031533 0.032257 0.076493 0.069358 0.032257 0.031528 0.032257 9620 9980
13 62.310000 60.320000 1000000 8.469133 8.423098 8.464216 8.417183 0.031527 0.032257 0.077468 0.070433 0.032257 0.031523 0.032257 9980 10017
13 62.310000 60.320000 1000000 8.467092 8.422023 8.462171 8.416108 0.031530 0.032257 0.076492 0.069358 0.032257 0.031525 0.032257 10010 10208
13 62.310000 60.320000 1000000 8.454040 8.406969 8.449734 8.403608 0.031537 0.032257 0.073579 0.066131 0.032257 0.031531 0.032257 10200 10362
13 62.310000 60.320000 1000000 8.453320 8.405894 8.449014 8.402532 0.031536 0.032257 0.072614 0.065056 0.032257 0.031530 0.032257 10360 11252
13 62.310000 60.320000 1000000 8.452085 8.404818 8.447776 8.401457 0.031534 0.032257 0.072614 0.065056 0.032257 0.031528 0.032257 11250 11705
13 62.310000 60.320000 1000000 8.429318 8.389764 8.424975 8.386403 0.031542 0.032257 0.084370 0.077960 0.032257 0.031537 0.032257 11700 11788
13 62.310000 60.320000 1000000 8.428102 8.388689 8.423757 8.385328 0.031544 0.032257 0.083377 0.076884 0.032257 0.031539 0.032257 11780 12011
13 62.310000 60.320000 1000000 8.426919 8.387614 8.422572 8.384253 0.031542 0.032257 0.083377 0.076884 0.032257 0.031537 0.032257 12010 12234
13 62.310000 60.320000 1000000 8.426372 8.386539 8.422024 8.383177 0.031541 0.032257 0.083377 0.076884 0.032257 0.031536 0.032257 12230 12867
13 62.310000 60.320000 1000000 8.405820 8.371485 8.401440 8.368124 0.031561 0.032257 0.081399 0.074734 0.032257 0.031555 0.032257 12860 13467
13 62.310000 60.320000 1000000 8.399011 8.365033 8.394620 8.361672 0.031556 0.032257 0.082387 0.075809 0.032257 0.031550 0.032257 13460 13985
13 62.310000 60.320000 1000000 8.396953 8.361807 8.392213 8.357640 0.031559 0.032257 0.084370 0.077960 0.032257 0.031554 0.032257 13980 14683
13 62.310000 60.320000 1000000 8.389072 8.356431 8.384319 8.352264 0.031567 0.032257 0.081398 0.074733 0.032257 0.031562 0.032257 14680 14887
13 62.310000 60.320000 1000000 8.386385 8.353205 8.381628 8.349038 0.031562 0.032257 0.082386 0.075809 0.032257 0.031557 0.032257 14880 16351
13 62.310000 60.320000 1000000 8.358971 8.331162 8.354044 8.326143 0.031563 0.032257 0.089862 0.083872 0.032257 0.031558 0.032257 16350 16685
13 62.310000 60.320000 1000000 8.357628 8.330087 8.352699 8.325068 0.031561 0.032257 0.089862 0.083872 0.032257 0.031557 0.032257 16680 16919
13 62.310000 60.320000 1000000 8.345399 8.322560 8.340448 8.317541 0.031574 0.032257 0.086860 0.080648 0.032257 0.031570 0.032257 16910 17979
13 62.310000 60.320000 1000000 8.339775 8.317184 8.334814 8.312165 0.031573 0.032257 0.084867 0.078497 0.032257 0.031568 0.032257 17970 19287
13 62.310000 60.320000 1000000 8.328031 8.305356 8.323829 8.302846 0.031587 0.032257 0.078937 0.072045 0.032257 0.031582 0.032257 19280 20826
13 62.310000 60.320000 1000000 8.309832 8.290302 8.306356 8.290301 0.031578 0.032257 0.075032 0.067744 0.032257 0.031571 0.032257 20820 21228
13 62.310000 60.320000 1000000 8.304344 8.287076 8.300862 8.287075 0.031585 0.032257 0.075031 0.067743 0.032257 0.031578 0.032257 21220 23112
13 62.310000 60.320000 1000000 8.295644 8.277399 8.292150 8.277398 0.031590 0.032257 0.073095 0.065593 0.032257 0.031583 0.032257 23110 24585
13 62.310000 60.320000 1000000 8.251801 8.247292 8.248251 8.247291 0.031614 0.032257 0.072133 0.064519 0.032257 0.031607 0.032257 24580 25418
13 62.310000 60.320000 1000000 8.233630 8.232238 8.231344 8.236852 0.031628 0.032257 0.070215 0.062367 0.032257 0.031619 0.032257 25410 26015
13 62.310000 60.320000 1000000 8.225329 8.225786 8.223036 8.230400 0.031625 0.032257 0.069263 0.061292 0.032257 0.031615 0.032257 26010 26302
13 62.310000 60.320000 1000000 8.225024 8.224711 8.222731 8.229325 0.031624 0.032257 0.069263 0.061293 0.032257 0.031615 0.032257 26300 26469
13 62.310000 60.320000 1000000 8.223621 8.223636 8.221327 8.228249 0.031623 0.032257 0.069263 0.061293 0.032257 0.031614 0.032257 26460 27164
13 62.310000 60.320000 1000000 8.212124 8.215034 8.209820 8.219647 0.031627 0.032257 0.075031 0.067743 0.032257 0.031618 0.032257 27160 30624
13 62.310000 60.320000 1000000 8.211238 8.211808 8.209967 8.220185 0.031629 0.032257 0.077956 0.070969 0.032257 0.031618 0.032257 28910 32037
13 62.310000 60.320000 1000000 8.186513 8.194604 8.185230 8.202981 0.031649 0.032257 0.083871 0.077420 0.032257 0.031638 0.032257 32030 33974
13 62.310000 60.320000 1000000 8.173668 8.181700 8.172281 8.188375 0.031663 0.032257 0.083872 0.077420 0.032257 0.031652 0.032257 33970 34653
13 62.310000 60.320000 1000000 8.167439 8.177399 8.165979 8.183671 0.031671 0.032257 0.081891 0.075270 0.032257 0.031660 0.032257 34650 35172
13 62.310000 60.320000 1000000 8.163830 8.174174 8.162368 8.180445 0.031666 0.032257 0.083872 0.077421 0.032257 0.031655 0.032257 35170 35232
13 62.310000 60.320000 1000000 8.162370 8.173098 8.160907 8.179370 0.031665 0.032257 0.083872 0.077421 0.032257 0.031654 0.032257 35230 35714
13 62.310000 60.320000 1000000 8.161938 8.172023 8.160474 8.178294 0.031664 0.032257 0.084866 0.078496 0.032257 0.031653 0.032257 35710 36758
13 62.310000 60.320000 1000000 8.157303 8.164496 8.155837 8.170768 0.031672 0.032257 0.091872 0.086023 0.032257 0.031660 0.032257 36750 37529
13 62.310000 60.320000 1000000 8.151861 8.159120 8.150392 8.165391 0.031681 0.032257 0.094899 0.089249 0.032257 0.031669 0.032257 37520 38348
13 62.310000 60.320000 1000000 8.146493 8.154819 8.145021 8.161090 0.031690 0.032257 0.090866 0.084948 0.032257 0.031678 0.032257 38340 38507
13 62.310000 60.320000 1000000 8.145699 8.153744 8.144227 8.160015 0.031691 0.032257 0.089862 0.083872 0.032257 0.031680 0.032257 38500 38562
13 62.310000 60.320000 1000000 8.137226 8.147292 8.135749 8.153563 0.031703 0.032257 0.086859 0.080647 0.032257 0.031691 0.032257 38520 38670
13 62.310000 60.320000 1000000 8.136029 8.146217 8.134552 8.152488 0.031701 0.032257 0.085861 0.079571 0.032257 0.031690 0.032257 38670 44471
13 62.310000 60.320000 1000000 8.119231 8.130088 8.117236 8.132954 0.031717 0.032257 0.083872 0.077421 0.032257 0.031706 0.032257 44470 47115
13 62.310000 60.320000 1000000 8.118083 8.129012 8.116086 8.131879 0.031715 0.032257 0.084866 0.078497 0.032257 0.031704 0.032257 47110 47548
13 62.310000 60.320000 1000000 8.116278 8.127937 8.114281 8.130803 0.031718 0.032257 0.084864 0.078495 0.032257 0.031707 0.032257 47540 52352
13 62.310000 60.320000 1000000 8.092071 8.102131 8.089040 8.100382 0.031743 0.032257 0.080904 0.074195 0.032257 0.031734 0.032257 52350 54108
13 62.310000 60.320000 1000000 8.082484 8.088152 8.079442 8.086404 0.031758 0.032257 0.082880 0.076345 0.032257 0.031750 0.032257 54100 60278
13 62.310000 60.320000 1000000 8.071221 8.077400 8.068166 8.075651 0.031772 0.032257 0.086858 0.080646 0.032257 0.031764 0.032257 60270 61772
13 62.310000 60.320000 1000000 8.056654 8.064496 8.053582 8.062748 0.031783 0.032257 0.081891 0.075270 0.032257 0.031774 0.032257 61770 63734
13 62.310000 60.320000 1000000 8.034152 8.049442 8.031054 8.047694 0.031807 0.032257 0.087857 0.081721 0.032257 0.031798 0.032257 63730 73204
13 62.310000 60.320000 1000000 7.987136 8.013959 7.983984 8.012211 0.031832 0.032257 0.081891 0.075270 0.032257 0.031824 0.032257 73200 76942
13 62.310000 60.320000 1000000 7.979623 8.002131 7.976462 8.000383 0.031843 0.032257 0.080903 0.074195 0.032257 0.031834 0.032257 76940 81296
13 62.310000 60.320000 1000000 7.970617 7.992454 7.967445 7.990705 0.031854 0.032257 0.082880 0.076345 0.032257 0.031846 0.032257 81290 83093
13 62.310000 60.320000 1000000 7.969255 7.991378 7.966081 7.989630 0.031853 0.032257 0.081891 0.075270 0.032257 0.031844 0.032257 83090 83846
13 62.310000 60.320000 1000000 7.967388 7.990303 7.964212 7.988555 0.031855 0.032257 0.080904 0.074195 0.032257 0.031846 0.032257 83840 85548
13 62.310000 60.320000 1000000 7.966830 7.989228 7.963653 7.987480 0.031854 0.032257 0.081891 0.075270 0.032257 0.031846 0.032257 85540 86181
13 62.310000 60.320000 1000000 7.964187 7.986002 7.961007 7.984254 0.031850 0.032257 0.081891 0.075271 0.032257 0.031842 0.032257 86180 87416
13 62.310000 60.320000 1000000 7.962836 7.984927 7.959655 7.983178 0.031849 0.032257 0.080904 0.074195 0.032257 0.031841 0.032257 87410 92583
13 62.310000 60.320000 1000000 7.953465 7.969873 7.948755 7.964496 0.031864 0.032257 0.074062 0.066668 0.032257 0.031858 0.032257 92580 94034
13 62.310000 60.320000 1000000 7.952847 7.967722 7.948858 7.964854 0.031865 0.032257 0.072133 0.064518 0.032257 0.031858 0.032257 92800 95821
13 62.310000 60.320000 1000000 7.945466 7.960196 7.941466 7.957327 0.031860 0.032257 0.073096 0.065593 0.032257 0.031853 0.032257 95820 100667
13 62.310000 60.320000 1000000 7.938977 7.955895 7.934967 7.953026 0.031868 0.032257 0.072133 0.064518 0.032257 0.031861 0.032257 100660 102819
13 62.310000 60.320000 1000000 7.928557 7.950518 7.924532 7.947650 0.031879 0.032257 0.067367 0.059142 0.032257 0.031873 0.032257 100690 108835
13 62.310000 60.320000 1000000 7.925943 7.947292 7.921913 7.944424 0.031876 0.032257 0.066424 0.058066 0.032257 0.031869 0.032257 108830 112619
13 62.310000 60.320000 1000000 7.924655 7.946217 7.920624 7.943349 0.031874 0.032257 0.067366 0.059141 0.032257 0.031868 0.032257 112610 113365
13 62.310000 60.320000 1000000 7.923632 7.945142 7.919599 7.942274 0.031873 0.032257 0.066424 0.058066 0.032257 0.031867 0.032257 113360 115009
13 62.310000 60.320000 1000000 7.921375 7.941916 7.917339 7.939048 0.031872 0.032257 0.066424 0.058066 0.032257 0.031865 0.032257 115000 120530
13 62.310000 60.320000 1000000 7.912892 7.933314 7.908603 7.928743 0.031876 0.032257 0.066424 0.058065 0.032257 0.031869 0.032257 120530 131748
13 62.310000 60.320000 1000000 7.870497 7.905357 7.866138 7.900786 0.031897 0.032257 0.062701 0.053766 0.032257 0.031891 0.032257 131740 132017
13 62.310000 60.320000 1000000 7.869269 7.904282 7.864908 7.899711 0.031895 0.032257 0.062701 0.053767 0.032257 0.031889 0.032257 132010 132197
13 62.310000 60.320000 1000000 7.868607 7.903207 7.864245 7.898636 0.031896 0.032257 0.061781 0.052691 0.032257 0.031890 0.032257 132190 136175
13 62.310000 60.320000 1000000 7.868334 7.902131 7.863972 7.897560 0.031896 0.032257 0.062700 0.053766 0.032257 0.031890 0.032257 136170 136327
13 62.310000 60.320000 1000000 7.867686 7.901056 7.863323 7.896485 0.031897 0.032257 0.062700 0.053766 0.032257 0.031891 0.032257 136320 138718
13 62.310000 60.320000 1000000 7.859724 7.894604 7.855348 7.890034 0.031907 0.032257 0.064554 0.055917 0.032257 0.031901 0.032257 138710 139851
13 62.310000 60.320000 1000000 7.859305 7.893529 7.854771 7.888555 0.031908 0.032257 0.064554 0.055917 0.032257 0.031902 0.032257 139850 140290
13 62.310000 60.320000 1000000 7.858771 7.892454 7.854235 7.887480 0.031907 0.032257 0.064554 0.055916 0.032257 0.031901 0.032257 140290 143886
13 62.310000 60.320000 1000000 7.845997 7.882777 7.842162 7.880311 0.031920 0.032257 0.059054 0.049465 0.032257 0.031913 0.032257 143880 146821
13 62.310000 60.320000 1000000 7.833436 7.875250 7.829582 7.872785 0.031931 0.032257 0.059053 0.049465 0.032257 0.031924 0.032257 146820 166235
13 62.310000 60.320000 1000000 7.814705 7.862347 7.810823 7.859881 0.031952 0.032257 0.057264 0.047314 0.032257 0.031945 0.032257 166230 168296
13 62.310000 60.320000 1000000 7.811939 7.859121 7.807897 7.856252 0.031950 0.032257 0.058155 0.048389 0.032257 0.031944 0.032257 168290 170544
13 62.310000 60.320000 1000000 7.810967 7.858045 7.806923 7.855177 0.031949 0.032257 0.057264 0.047314 0.032257 0.031943 0.032257 170540 180739
13 62.310000 60.320000 1000000 7.788888 7.840841 7.785134 7.840482 0.031965 0.032257 0.062699 0.053764 0.032257 0.031958 0.032257 180730 189396
13 62.310000 60.320000 1000000 7.787385 7.839766 7.783630 7.839406 0.031964 0.032257 0.063623 0.054839 0.032257 0.031958 0.032257 189390 190535
13 62.310000 60.320000 1000000 7.785719 7.838691 7.781961 7.838331 0.031965 0.032257 0.064552 0.055914 0.032257 0.031959 0.032257 190530 193037
13 62.310000 60.320000 1000000 7.782031 7.833314 7.778268 7.832955 0.031967 0.032257 0.068312 0.060216 0.032257 0.031961 0.032257 193030 193963
13 62.310000 60.320000 1000000 7.778103 7.825787 7.773449 7.823009 0.031972 0.032257 0.074061 0.066668 0.032257 0.031967 0.032257 193960 196495
13 62.310000 60.320000 1000000 7.773504 7.817723 7.768483 7.812391 0.031969 0.032257 0.076491 0.069356 0.032257 0.031965 0.032257 196490 215411
13 62.310000 60.320000 1000000 7.762967 7.810196 7.757925 7.804864 0.031978 0.032257 0.072614 0.065056 0.032257 0.031974 0.032257 211570 219115
13 62.310000 60.320000 1000000 7.752859 7.798368 7.749204 7.798054 0.031991 0.032257 0.067839 0.059679 0.032257 0.031984 0.032257 219110 219673
13 62.310000 60.320000 1000000 7.752574 7.797293 7.749252 7.798233 0.031991 0.032257 0.067839 0.059679 0.032257 0.031984 0.032257 219670 234438
13 62.310000 60.320000 1000000 7.748038 7.788691 7.745128 7.790437 0.031995 0.032257 0.068787 0.060754 0.032257 0.031987 0.032257 234430 236285
13 62.310000 60.320000 1000000 7.746480 7.787616 7.743568 7.789362 0.031997 0.032257 0.069738 0.061829 0.032257 0.031989 0.032257 236280 239030
13 62.310000 60.320000 1000000 7.744857 7.784390 7.741943 7.786136 0.031998 0.032257 0.067839 0.059679 0.032257 0.031990 0.032257 239030 243854
13 62.310000 60.320000 1000000 7.741595 7.780626 7.738622 7.781522 0.031996 0.032257 0.066424 0.058065 0.032257 0.031988 0.032257 243850 245452
13 62.310000 60.320000 1000000 7.734044 7.775250 7.731063 7.776145 0.031999 0.032257 0.070215 0.062366 0.032257 0.031991 0.032257 245450 278641
13 62.310000 60.320000 1000000 7.724642 7.761272 7.721190 7.759255 0.031997 0.032257 0.070215 0.062367 0.032257 0.031990 0.032257 278640 287392
13 62.310000 60.320000 1000000 7.714407 7.752670 7.710941 7.750653 0.031999 0.032257 0.069264 0.061293 0.032257 0.031992 0.032257 287390 309468
13 62.310000 60.320000 1000000 7.700938 7.740842 7.697455 7.738825 0.032011 0.032257 0.064554 0.055917 0.032257 0.032004 0.032257 309460 313709
13 62.310000 60.320000 1000000 7.699794 7.739766 7.696309 7.737749 0.032013 0.032257 0.064554 0.055917 0.032257 0.032005 0.032257 313700 322541
13 62.310000 60.320000 1000000 7.692623 7.730089 7.690068 7.731835 0.032022 0.032257 0.063625 0.054841 0.032257 0.032013 0.032257 322540 327368
13 62.310000 60.320000 1000000 7.683607 7.722562 7.681043 7.724308 0.032015 0.032257 0.067367 0.059142 0.032257 0.032005 0.032257 327360 338181
13 62.310000 60.320000 1000000 7.677870 7.716110 7.675300 7.717857 0.032020 0.032257 0.067367 0.059142 0.032257 0.032011 0.032257 338180 341469
13 62.310000 60.320000 1000000 7.677612 7.715035 7.675343 7.718036 0.032020 0.032257 0.067367 0.059142 0.032257 0.032011 0.032257 341460 365962
13 62.310000 60.320000 1000000 7.661727 7.703207 7.659444 7.706208 0.032031 0.032257 0.064553 0.055916 0.032257 0.032021 0.032257 365960 384672
13 62.310000 60.320000 1000000 7.643987 7.689229 7.641688 7.692230 0.032038 0.032257 0.058157 0.048391 0.032257 0.032029 0.032257 384670 385999
13 62.310000 60.320000 1000000 7.641048 7.687078 7.638746 7.690079 0.032037 0.032257 0.057265 0.047316 0.032257 0.032027 0.032257 385190 387747
13 62.310000 60.320000 1000000 7.640036 7.686003 7.637734 7.689004 0.032036 0.032257 0.058157 0.048391 0.032257 0.032026 0.032257 387740 388328
13 62.310000 60.320000 1000000 7.638973 7.684928 7.636669 7.687928 0.032035 0.032257 0.057265 0.047316 0.032257 0.032025 0.032257 388320 400546
13 62.310000 60.320000 1000000 7.635968 7.681702 7.633662 7.684703 0.032035 0.032257 0.055502 0.045165 0.032257 0.032025 0.032257 400540 418324
13 62.310000 60.320000 1000000 7.627552 7.671487 7.624911 7.671934 0.032038 0.032257 0.053337 0.042477 0.032257 0.032029 0.032257 418320 425309
13 62.310000 60.320000 1000000 7.623299 7.668261 7.620653 7.668708 0.032043 0.032257 0.050806 0.039252 0.032257 0.032034 0.032257 425300 435310
13 62.310000 60.320000 1000000 7.622164 7.667186 7.619517 7.667633 0.032042 0.032257 0.049980 0.038176 0.032257 0.032033 0.032257 435310 454867
13 62.310000 60.320000 1000000 7.617933 7.661809 7.615282 7.662257 0.032047 0.032257 0.052485 0.041402 0.032257 0.032038 0.032257 438670 482952
13 62.310000 60.320000 1000000 7.609611 7.655358 7.607119 7.657059 0.032047 0.032257 0.049980 0.038176 0.032257 0.032038 0.032257 482950 489071
13 62.310000 60.320000 1000000 7.609237 7.654283 7.606744 7.655984 0.032047 0.032257 0.049163 0.037101 0.032257 0.032038 0.032257 489070 490150
13 62.310000 60.320000 1000000 7.608678 7.653207 7.606185 7.654909 0.032046 0.032257 0.049979 0.038176 0.032257 0.032037 0.032257 490150 491677
13 62.310000 60.320000 1000000 7.604016 7.649981 7.601518 7.651683 0.032044 0.032257 0.049979 0.038176 0.032257 0.032035 0.032257 491670 511313
13 62.310000 60.320000 1000000 7.599170 7.644605 7.596667 7.646307 0.032047 0.032257 0.053337 0.042476 0.032257 0.032039 0.032257 511310 538761
13 62.310000 60.320000 1000000 7.598970 7.642992 7.596362 7.643843 0.032048 0.032257 0.052910 0.041940 0.032257 0.032039 0.032257 538760 601879
13 62.310000 60.320000 1000000 7.582275 7.629014 7.579649 7.629864 0.032055 0.032257 0.057265 0.047315 0.032257 0.032047 0.032257 601870 637971
13 62.310000 60.320000 1000000 7.577011 7.622025 7.574322 7.622024 0.032058 0.032257 0.056822 0.046778 0.032257 0.032050 0.032257 637970 658441
13 62.310000 60.320000 1000000 7.564319 7.610197 7.561616 7.610196 0.032069 0.032257 0.058606 0.048929 0.032257 0.032061 0.032257 658440 664116
13 62.310000 60.320000 1000000 7.555200 7.601594 7.552339 7.601190 0.032078 0.032257 0.059505 0.050002 0.032257 0.032070 0.032257 664110 672551
13 62.310000 60.320000 1000000 7.553881 7.600519 7.551018 7.600115 0.032077 0.032257 0.058604 0.048927 0.032257 0.032069 0.032257 672550 693955
13 62.310000 60.320000 1000000 7.543920 7.592992 7.541046 7.592588 0.032080 0.032257 0.059505 0.050003 0.032257 0.032071 0.032257 693950 694886
13 62.310000 60.320000 1000000 7.542588 7.591917 7.539712 7.591513 0.032081 0.032257 0.059505 0.050003 0.032257 0.032072 0.032257 694880 711008
13 62.310000 60.320000 1000000 7.535327 7.586541 7.532443 7.586137 0.032085 0.032257 0.055940 0.045702 0.032257 0.032077 0.032257 711000 712468
13 62.310000 60.320000 1000000 7.535025 7.585465 7.532141 7.585061 0.032085 0.032257 0.055065 0.044627 0.032257 0.032077 0.032257 712460 726150
13 62.310000 60.320000 1000000 7.534732 7.584390 7.531847 7.583986 0.032085 0.032257 0.054197 0.043552 0.032257 0.032076 0.032257 726150 752251
13 62.310000 60.320000 1000000 7.532437 7.580627 7.529443 7.579371 0.032087 0.032257 0.056380 0.046240 0.032257 0.032079 0.032257 752250 803216
13 62.310000 60.320000 1000000 7.527478 7.573100 7.524047 7.570635 0.032095 0.032257 0.052910 0.041939 0.032257 0.032087 0.032257 803210 830832
13 62.310000 60.320000 1000000 7.525495 7.568799 7.522980 7.570097 0.032098 0.032257 0.051221 0.039787 0.032257 0.032089 0.032257 830830 883533
13 62.310000 60.320000 1000000 7.519851 7.563422 7.517331 7.564721 0.032097 0.032257 0.052060 0.040862 0.032257 0.032088 0.032257 883530 913264
13 62.310000 60.320000 1000000 7.516602 7.560197 7.514078 7.561495 0.032094 0.032257 0.054628 0.044087 0.032257 0.032086 0.032257 913260 942989
13 62.310000 60.320000 1000000 7.514961 7.559121 7.512435 7.560420 0.032095 0.032257 0.054628 0.044087 0.032257 0.032086 0.032257 942980 950679
13 62.310000 60.320000 1000000 7.513425 7.558046 7.510898 7.559344 0.032094 0.032257 0.053764 0.043012 0.032257 0.032085 0.032257 950670 954606
13 62.310000 60.320000 1000000 7.512664 7.556971 7.510136 7.558269 0.032095 0.032257 0.052908 0.041937 0.032257 0.032086 0.032257 954600 983641
13 62.310000 60.320000 1000000 7.511487 7.555895 7.508958 7.557194 0.032097 0.032257 0.052060 0.040862 0.032257 0.032088 0.032257 983640 992753
13 62.310000 60.320000 1000000 7.511236 7.554820 7.509000 7.557373 0.032097 0.032257 0.052060 0.040862 0.032257 0.032088 0.032257 992750 998097
13 62.310000 60.320000 1000000 7.504464 7.549444 7.502222 7.551997 0.032105 0.032257 0.047956 0.035485 0.032257 0.032096 0.032257 997370 1000000
