13 62.310000 60.320000 1000000 14.487582 14.217705 14.478519 14.195795 0.031885 0.032259 0.383614 0.382255 0.032259 0.031874 0.032259 0 50
13 62.310000 60.320000 1000000 13.168127 13.068245 13.152634 13.004176 0.031938 0.032259 0.391124 0.389791 0.032259 0.031933 0.032259 50 60
13 62.310000 60.320000 1000000 12.824924 12.787601 12.809905 12.734105 0.031973 0.032259 0.378261 0.376883 0.032259 0.031969 0.032259 60 70
13 62.310000 60.320000 1000000 12.472166 12.503731 12.468979 12.509196 0.032010 0.032259 0.259541 0.257529 0.032259 0.032000 0.032259 70 80
13 62.310000 60.320000 1000000 12.370566 12.409108 12.367299 12.414573 0.032008 0.032259 0.261676 0.259680 0.032259 0.031998 0.032259 80 93
13 62.310000 60.320000 1000000 12.282293 12.345667 12.278956 12.351132 0.032027 0.032259 0.258474 0.256453 0.032259 0.032018 0.032259 90 100
13 62.310000 60.320000 1000000 12.188813 12.263947 12.185398 12.269412 0.032046 0.032259 0.220120 0.217744 0.032259 0.032036 0.032259 100 110
13 62.310000 60.320000 1000000 12.143934 12.214485 12.140278 12.220039 0.032047 0.032259 0.214803 0.212367 0.032259 0.032038 0.032259 110 120
13 62.310000 60.320000 1000000 12.060579 12.144593 12.056847 12.150147 0.032068 0.032259 0.199932 0.197312 0.032259 0.032059 0.032259 120 134
13 62.310000 60.320000 1000000 12.042096 12.124163 12.038096 12.128911 0.032075 0.032259 0.199933 0.197313 0.032259 0.032065 0.032259 130 143
13 62.310000 60.320000 1000000 11.950633 12.040293 11.946164 12.041635 0.032086 0.032259 0.199932 0.197312 0.032259 0.032077 0.032259 140 153
13 62.310000 60.320000 1000000 11.917573 12.002121 11.913647 12.004673 0.032089 0.032259 0.187737 0.184945 0.032259 0.032080 0.032259 150 160
13 62.310000 60.320000 1000000 11.850416 11.950508 11.846423 11.953060 0.032090 0.032259 0.190913 0.188168 0.032259 0.032081 0.032259 160 176
13 62.310000 60.320000 1000000 11.834665 11.936530 11.830400 11.938275 0.032094 0.032259 0.193033 0.190318 0.032259 0.032085 0.032259 170 186
13 62.310000 60.320000 1000000 11.808598 11.915025 11.804305 11.916770 0.032089 0.032259 0.188795 0.186018 0.032259 0.032080 0.032259 180 193
13 62.310000 60.320000 1000000 11.736698 11.843520 11.731860 11.841010 0.032069 0.032259 0.199931 0.197311 0.032259 0.032060 0.032259 190 201
13 62.310000 60.320000 1000000 11.705838 11.810187 11.700139 11.804451 0.032066 0.032259 0.200993 0.198387 0.032259 0.032057 0.032259 200 217
13 62.310000 60.320000 1000000 11.699129 11.804811 11.693420 11.799074 0.032065 0.032259 0.197810 0.195162 0.032259 0.032056 0.032259 210 221
13 62.310000 60.320000 1000000 11.667875 11.784381 11.662121 11.778645 0.032065 0.032259 0.185092 0.182259 0.032259 0.032057 0.032259 220 246
13 62.310000 60.320000 1000000 11.588106 11.722015 11.582232 11.716279 0.032072 0.032259 0.179801 0.176884 0.032259 0.032063 0.032259 240 265
13 62.310000 60.320000 1000000 11.582967 11.713413 11.578201 11.712695 0.032074 0.032259 0.178743 0.175808 0.032259 0.032065 0.032259 250 267
13 62.310000 60.320000 1000000 11.544653 11.673628 11.539839 11.672910 0.032081 0.032259 0.173457 0.170431 0.032259 0.032071 0.032259 260 273
13 62.310000 60.320000 1000000 11.514832 11.652123 11.509980 11.651405 0.032088 0.032259 0.172401 0.169356 0.032259 0.032079 0.032259 270 282
13 62.310000 60.320000 1000000 11.471919 11.608037 11.469144 11.619460 0.032098 0.032259 0.165012 0.161828 0.032259 0.032089 0.032259 280 297
13 62.310000 60.320000 1000000 11.457512 11.591908 11.454727 11.603332 0.032088 0.032259 0.170287 0.167203 0.032259 0.032078 0.032259 290 305
13 62.310000 60.320000 1000000 11.446260 11.582231 11.443467 11.593654 0.032093 0.032259 0.165011 0.161827 0.032259 0.032083 0.032259 300 315
13 62.310000 60.320000 1000000 11.445366 11.581156 11.442572 11.592579 0.032094 0.032259 0.163956 0.160751 0.032259 0.032084 0.032259 310 320
13 62.310000 60.320000 1000000 11.405439 11.552123 11.402616 11.563547 0.032098 0.032259 0.138748 0.134945 0.032259 0.032088 0.032259 320 334
13 62.310000 60.320000 1000000 11.389979 11.534919 11.387144 11.546342 0.032106 0.032259 0.140839 0.137095 0.032259 0.032096 0.032259 330 386
13 62.310000 60.320000 1000000 11.291840 11.455349 11.288930 11.466773 0.032135 0.032259 0.146079 0.142473 0.032259 0.032126 0.032259 380 391
13 62.310000 60.320000 1000000 11.290179 11.454274 11.287267 11.465698 0.032135 0.032259 0.145031 0.141397 0.032259 0.032126 0.032259 390 404
13 62.310000 60.320000 1000000 11.269998 11.412339 11.266111 11.413547 0.032143 0.032259 0.134568 0.130644 0.032259 0.032134 0.032259 400 411
13 62.310000 60.320000 1000000 11.260177 11.401586 11.256280 11.402795 0.032143 0.032259 0.135612 0.131719 0.032259 0.032134 0.032259 410 423
13 62.310000 60.320000 1000000 11.253493 11.394059 11.249589 11.395268 0.032143 0.032259 0.135612 0.131720 0.032259 0.032134 0.032259 420 435
13 62.310000 60.320000 1000000 11.251846 11.392984 11.247940 11.394192 0.032143 0.032259 0.135612 0.131719 0.032259 0.032134 0.032259 430 456
13 62.310000 60.320000 1000000 11.251595 11.391909 11.247982 11.394372 0.032143 0.032259 0.136657 0.132795 0.032259 0.032134 0.032259 450 478
13 62.310000 60.320000 1000000 11.247174 11.386532 11.243557 11.388995 0.032144 0.032259 0.136657 0.132795 0.032259 0.032134 0.032259 470 499
13 62.310000 60.320000 1000000 11.189549 11.337070 11.185875 11.339533 0.032152 0.032259 0.132481 0.128494 0.032259 0.032142 0.032259 490 504
13 62.310000 60.320000 1000000 11.176293 11.324167 11.172606 11.326630 0.032154 0.032259 0.132482 0.128495 0.032259 0.032144 0.032259 500 520
13 62.310000 60.320000 1000000 11.146497 11.295672 11.142677 11.297284 0.032150 0.032259 0.133004 0.129032 0.032259 0.032140 0.032259 520 541
13 62.310000 60.320000 1000000 11.137781 11.285995 11.133951 11.287607 0.032148 0.032259 0.131960 0.127957 0.032259 0.032139 0.032259 540 553
13 62.310000 60.320000 1000000 11.121137 11.273092 11.117290 11.274704 0.032146 0.032259 0.135090 0.131182 0.032259 0.032136 0.032259 550 578
13 62.310000 60.320000 1000000 11.104966 11.260189 11.101103 11.261800 0.032143 0.032259 0.131961 0.127957 0.032259 0.032134 0.032259 570 580
13 62.310000 60.320000 1000000 11.071354 11.235457 11.067456 11.237069 0.032137 0.032259 0.138227 0.134410 0.032259 0.032128 0.032259 580 605
13 62.310000 60.320000 1000000 11.050284 11.205350 11.046363 11.206962 0.032139 0.032259 0.146605 0.143012 0.032259 0.032129 0.032259 600 636
13 62.310000 60.320000 1000000 11.035232 11.189221 11.031295 11.190833 0.032135 0.032259 0.152906 0.149465 0.032259 0.032125 0.032259 620 640
13 62.310000 60.320000 1000000 11.019273 11.172017 11.015319 11.173628 0.032128 0.032259 0.146605 0.143012 0.032259 0.032119 0.032259 640 694
13 62.310000 60.320000 1000000 10.979385 11.133307 10.975387 11.134919 0.032120 0.032259 0.127794 0.123656 0.032259 0.032111 0.032259 690 755
13 62.310000 60.320000 1000000 10.959455 11.093522 10.958192 11.105528 0.032133 0.032259 0.141364 0.137634 0.032259 0.032121 0.032259 730 767
13 62.310000 60.320000 1000000 10.939829 11.072017 10.938560 11.084023 0.032139 0.032259 0.125715 0.121505 0.032259 0.032128 0.032259 760 773
13 62.310000 60.320000 1000000 10.938364 11.070942 10.937094 11.082948 0.032139 0.032259 0.124676 0.120430 0.032259 0.032128 0.032259 770 787
13 62.310000 60.320000 1000000 10.936565 11.069867 10.935295 11.081872 0.032140 0.032259 0.123638 0.119355 0.032259 0.032128 0.032259 780 791
13 62.310000 60.320000 1000000 10.935104 11.064490 10.934248 11.079453 0.032141 0.032259 0.123638 0.119355 0.032259 0.032129 0.032259 790 815
13 62.310000 60.320000 1000000 10.931220 11.060189 10.930364 11.075152 0.032138 0.032259 0.123638 0.119355 0.032259 0.032126 0.032259 800 817
13 62.310000 60.320000 1000000 10.929411 11.059114 10.928555 11.074077 0.032138 0.032259 0.123638 0.119355 0.032259 0.032127 0.032259 810 870
13 62.310000 60.320000 1000000 10.913051 11.038684 10.912190 11.053647 0.032126 0.032259 0.131961 0.127957 0.032259 0.032114 0.032259 870 949
13 62.310000 60.320000 1000000 10.895431 11.018254 10.894336 11.032410 0.032127 0.032259 0.129877 0.125807 0.032259 0.032115 0.032259 940 982
13 62.310000 60.320000 1000000 10.884762 11.005350 10.883663 11.019507 0.032121 0.032259 0.129877 0.125807 0.032259 0.032109 0.032259 980 996
13 62.310000 60.320000 1000000 10.882948 11.004275 10.881850 11.018432 0.032121 0.032259 0.129877 0.125807 0.032259 0.032109 0.032259 990 1042
13 62.310000 60.320000 1000000 10.865814 10.991372 10.864710 11.005529 0.032118 0.032259 0.134047 0.130107 0.032259 0.032106 0.032259 1040 1052
13 62.310000 60.320000 1000000 10.860185 10.982770 10.859080 10.996926 0.032116 0.032259 0.141364 0.137634 0.032259 0.032104 0.032259 1050 1072
13 62.310000 60.320000 1000000 10.858078 10.978469 10.856812 10.990923 0.032116 0.032259 0.141363 0.137633 0.032259 0.032104 0.032259 1070 1101
13 62.310000 60.320000 1000000 10.850189 10.967716 10.848921 10.980170 0.032115 0.032259 0.143458 0.139784 0.032259 0.032103 0.032259 1100 1110
13 62.310000 60.320000 1000000 10.848439 10.965566 10.847170 10.978020 0.032115 0.032259 0.141363 0.137634 0.032259 0.032103 0.032259 1110 1144
13 62.310000 60.320000 1000000 10.830179 10.940834 10.828904 10.953288 0.032106 0.032259 0.139270 0.135483 0.032259 0.032095 0.032259 1140 1150
13 62.310000 60.320000 1000000 10.828580 10.939759 10.827304 10.952213 0.032106 0.032259 0.138225 0.134408 0.032259 0.032094 0.032259 1150 1168
13 62.310000 60.320000 1000000 10.824254 10.936533 10.822977 10.948987 0.032105 0.032259 0.140316 0.136558 0.032259 0.032093 0.032259 1160 1204
13 62.310000 60.320000 1000000 10.814032 10.924705 10.812751 10.937159 0.032103 0.032259 0.141361 0.137631 0.032259 0.032091 0.032259 1200 1285
13 62.310000 60.320000 1000000 10.777585 10.887072 10.776131 10.899122 0.032104 0.032259 0.136133 0.132256 0.032259 0.032093 0.032259 1280 1346
13 62.310000 60.320000 1000000 10.766452 10.872018 10.764993 10.884069 0.032101 0.032259 0.136133 0.132256 0.032259 0.032089 0.032259 1340 1520
13 62.310000 60.320000 1000000 10.729562 10.841910 10.728088 10.853961 0.032105 0.032259 0.138224 0.134407 0.032259 0.032093 0.032259 1520 1625
13 62.310000 60.320000 1000000 10.703719 10.817179 10.702235 10.829230 0.032100 0.032259 0.129877 0.125807 0.032259 0.032088 0.032259 1620 1678
13 62.310000 60.320000 1000000 10.685843 10.801050 10.684233 10.812698 0.032101 0.032259 0.125716 0.121507 0.032259 0.032089 0.032259 1670 1747
13 62.310000 60.320000 1000000 10.648515 10.767717 10.646887 10.779365 0.032109 0.032259 0.122600 0.118280 0.032259 0.032097 0.032259 1740 1759
13 62.310000 60.320000 1000000 10.646938 10.766642 10.645309 10.778289 0.032109 0.032259 0.121563 0.117205 0.032259 0.032097 0.032259 1750 1802
13 62.310000 60.320000 1000000 10.627008 10.740835 10.625370 10.752483 0.032100 0.032259 0.120527 0.116130 0.032259 0.032089 0.032259 1800 1871
13 62.310000 60.320000 1000000 10.615959 10.731158 10.614316 10.742806 0.032096 0.032259 0.126755 0.122581 0.032259 0.032084 0.032259 1870 2013
13 62.310000 60.320000 1000000 10.607836 10.722556 10.606189 10.734203 0.032097 0.032259 0.126755 0.122581 0.032259 0.032085 0.032259 2010 2074
13 62.310000 60.320000 1000000 10.589826 10.695674 10.586619 10.703290 0.032089 0.032259 0.121564 0.117206 0.032259 0.032079 0.032259 2070 2160
13 62.310000 60.320000 1000000 10.563364 10.675244 10.559989 10.682456 0.032092 0.032259 0.123638 0.119356 0.032259 0.032082 0.032259 2160 2179
13 62.310000 60.320000 1000000 10.561995 10.674169 10.558619 10.681381 0.032092 0.032259 0.122601 0.118281 0.032259 0.032082 0.032259 2170 2190
13 62.310000 60.320000 1000000 10.541993 10.661266 10.538597 10.668478 0.032095 0.032259 0.122600 0.118280 0.032259 0.032085 0.032259 2190 2258
13 62.310000 60.320000 1000000 10.519415 10.645137 10.515998 10.652349 0.032098 0.032259 0.126755 0.122582 0.032259 0.032088 0.032259 2250 2264
13 62.310000 60.320000 1000000 10.517728 10.644062 10.514309 10.651274 0.032098 0.032259 0.125716 0.121506 0.032259 0.032088 0.032259 2260 2286
13 62.310000 60.320000 1000000 10.515316 10.639761 10.511772 10.646569 0.032098 0.032259 0.124677 0.120431 0.032259 0.032088 0.032259 2280 2292
13 62.310000 60.320000 1000000 10.511724 10.636535 10.508432 10.644598 0.032098 0.032259 0.121564 0.117206 0.032259 0.032088 0.032259 2290 2321
13 62.310000 60.320000 1000000 10.510337 10.635459 10.507044 10.643523 0.032098 0.032259 0.122601 0.118281 0.032259 0.032088 0.032259 2320 2358
13 62.310000 60.320000 1000000 10.503107 10.630083 10.499806 10.638147 0.032097 0.032259 0.125716 0.121507 0.032259 0.032087 0.032259 2350 2360
13 62.310000 60.320000 1000000 10.502416 10.629008 10.499115 10.637071 0.032097 0.032259 0.124678 0.120432 0.032259 0.032087 0.032259 2360 2563
13 62.310000 60.320000 1000000 10.493080 10.617180 10.489770 10.625243 0.032099 0.032259 0.121564 0.117206 0.032259 0.032089 0.032259 2560 2715
13 62.310000 60.320000 1000000 10.476140 10.601051 10.472814 10.609114 0.032096 0.032259 0.117423 0.112905 0.032259 0.032086 0.032259 2710 2751
13 62.310000 60.320000 1000000 10.470440 10.594599 10.467109 10.602663 0.032097 0.032259 0.112263 0.107529 0.032259 0.032087 0.032259 2750 2775
13 62.310000 60.320000 1000000 10.464404 10.590298 10.461067 10.598362 0.032097 0.032259 0.109178 0.104303 0.032259 0.032087 0.032259 2770 2956
13 62.310000 60.320000 1000000 10.428263 10.549438 10.423440 10.552260 0.032092 0.032259 0.115358 0.110756 0.032259 0.032083 0.032259 2950 3033
13 62.310000 60.320000 1000000 10.420489 10.544062 10.415655 10.546884 0.032094 0.032259 0.114326 0.109680 0.032259 0.032084 0.032259 3030 3074
13 62.310000 60.320000 1000000 10.388081 10.501051 10.383202 10.503873 0.032095 0.032259 0.114326 0.109680 0.032259 0.032085 0.032259 3070 3087
13 62.310000 60.320000 1000000 10.387476 10.499976 10.382595 10.502798 0.032095 0.032259 0.114326 0.109680 0.032259 0.032085 0.032259 3080 3261
13 62.310000 60.320000 1000000 10.385389 10.496213 10.380387 10.498183 0.032093 0.032259 0.115874 0.111293 0.032259 0.032084 0.032259 3260 3313
13 62.310000 60.320000 1000000 10.365638 10.475783 10.360607 10.477753 0.032085 0.032259 0.112779 0.108067 0.032259 0.032075 0.032259 3310 3333
13 62.310000 60.320000 1000000 10.364240 10.474708 10.359207 10.476678 0.032085 0.032259 0.111749 0.106992 0.032259 0.032076 0.032259 3330 3373
13 62.310000 60.320000 1000000 10.359895 10.470406 10.354856 10.472377 0.032085 0.032259 0.112779 0.108067 0.032259 0.032076 0.032259 3370 3801
13 62.310000 60.320000 1000000 10.353556 10.465030 10.348813 10.468255 0.032084 0.032259 0.114841 0.110217 0.032259 0.032075 0.032259 3800 3905
13 62.310000 60.320000 1000000 10.347871 10.456428 10.343120 10.459653 0.032081 0.032259 0.116907 0.112368 0.032259 0.032071 0.032259 3900 3929
13 62.310000 60.320000 1000000 10.347080 10.455353 10.342328 10.458577 0.032081 0.032259 0.116907 0.112368 0.032259 0.032071 0.032259 3920 3956
13 62.310000 60.320000 1000000 10.342723 10.449976 10.337966 10.453201 0.032081 0.032259 0.117941 0.113444 0.032259 0.032071 0.032259 3950 4041
13 62.310000 60.320000 1000000 10.340680 10.448901 10.335920 10.452126 0.032082 0.032259 0.117941 0.113444 0.032259 0.032072 0.032259 4040 4229
13 62.310000 60.320000 1000000 10.339536 10.447826 10.334775 10.451051 0.032081 0.032259 0.117941 0.113444 0.032259 0.032072 0.032259 4220 4481
13 62.310000 60.320000 1000000 10.329907 10.411805 10.327545 10.425782 0.032085 0.032259 0.113296 0.108606 0.032259 0.032075 0.032259 4480 4553
13 62.310000 60.320000 1000000 10.321150 10.401590 10.318692 10.414716 0.032080 0.032259 0.118978 0.114521 0.032259 0.032071 0.032259 4550 4608
13 62.310000 60.320000 1000000 10.320547 10.400514 10.318088 10.413641 0.032079 0.032259 0.117943 0.113446 0.032259 0.032070 0.032259 4600 4631
13 62.310000 60.320000 1000000 10.318876 10.397288 10.316416 10.410415 0.032078 0.032259 0.118978 0.114522 0.032259 0.032069 0.032259 4630 4783
13 62.310000 60.320000 1000000 10.313862 10.389762 10.311398 10.402888 0.032080 0.032259 0.123124 0.118823 0.032259 0.032070 0.032259 4780 4806
13 62.310000 60.320000 1000000 10.313489 10.388686 10.311025 10.401813 0.032080 0.032259 0.122086 0.117747 0.032259 0.032070 0.032259 4800 5037
13 62.310000 60.320000 1000000 10.285971 10.366106 10.283487 10.379232 0.032082 0.032259 0.116909 0.112371 0.032259 0.032073 0.032259 5030 5110
13 62.310000 60.320000 1000000 10.262800 10.346751 10.260300 10.359878 0.032075 0.032259 0.116909 0.112370 0.032259 0.032065 0.032259 5110 5596
13 62.310000 60.320000 1000000 10.252121 10.313956 10.248411 10.314313 0.032080 0.032259 0.106102 0.101079 0.032259 0.032071 0.032259 5590 5617
13 62.310000 60.320000 1000000 10.251749 10.312880 10.248039 10.313238 0.032080 0.032259 0.105078 0.100004 0.032259 0.032071 0.032259 5610 5670
13 62.310000 60.320000 1000000 10.249912 10.311805 10.246200 10.312163 0.032081 0.032259 0.104055 0.098929 0.032259 0.032072 0.032259 5670 6102
13 62.310000 60.320000 1000000 10.248763 10.310730 10.245050 10.311087 0.032081 0.032259 0.103034 0.097854 0.032259 0.032072 0.032259 6100 6360
13 62.310000 60.320000 1000000 10.238113 10.302128 10.234388 10.302485 0.032078 0.032259 0.102013 0.096778 0.032259 0.032069 0.032259 6360 6476
13 62.310000 60.320000 1000000 10.237701 10.301052 10.233821 10.301007 0.032079 0.032259 0.100993 0.095703 0.032259 0.032070 0.032259 6470 6607
13 62.310000 60.320000 1000000 10.235908 10.299977 10.232026 10.299931 0.032079 0.032259 0.102013 0.096778 0.032259 0.032070 0.032259 6600 6679
13 62.310000 60.320000 1000000 10.223326 10.290300 10.219430 10.290254 0.032079 0.032259 0.102014 0.096779 0.032259 0.032070 0.032259 6670 7181
13 62.310000 60.320000 1000000 10.201123 10.260192 10.197201 10.260147 0.032073 0.032259 0.099975 0.094627 0.032259 0.032065 0.032259 7180 7302
13 62.310000 60.320000 1000000 10.197513 10.254816 10.193587 10.254770 0.032071 0.032259 0.102012 0.096778 0.032259 0.032062 0.032259 7300 7517
13 62.310000 60.320000 1000000 10.192107 10.248364 10.188175 10.248319 0.032075 0.032259 0.104055 0.098928 0.032259 0.032066 0.032259 7510 7809
13 62.310000 60.320000 1000000 10.176144 10.232235 10.172193 10.232190 0.032075 0.032259 0.106102 0.101079 0.032259 0.032067 0.032259 7800 8221
13 62.310000 60.320000 1000000 10.172904 10.229009 10.169161 10.230218 0.032075 0.032259 0.106102 0.101079 0.032259 0.032067 0.032259 8220 8365
13 62.310000 60.320000 1000000 10.163538 10.220407 10.159785 10.221616 0.032071 0.032259 0.104055 0.098929 0.032259 0.032062 0.032259 8360 8380
13 62.310000 60.320000 1000000 10.159926 10.216106 10.156169 10.217315 0.032071 0.032259 0.107127 0.102154 0.032259 0.032062 0.032259 8380 8443
13 62.310000 60.320000 1000000 10.158437 10.215031 10.154678 10.216240 0.032072 0.032259 0.106102 0.101079 0.032259 0.032063 0.032259 8440 8672
13 62.310000 60.320000 1000000 10.157340 10.211805 10.153589 10.213462 0.032073 0.032259 0.107125 0.102153 0.032259 0.032064 0.032259 8670 8934
13 62.310000 60.320000 1000000 10.149773 10.205354 10.146014 10.207011 0.032073 0.032259 0.104054 0.098927 0.032259 0.032064 0.032259 8930 8950
13 62.310000 60.320000 1000000 10.148583 10.204278 10.144822 10.205935 0.032073 0.032259 0.104054 0.098927 0.032259 0.032064 0.032259 8950 9182
13 62.310000 60.320000 1000000 10.145645 10.198902 10.141881 10.200559 0.032070 0.032259 0.104054 0.098927 0.032259 0.032061 0.032259 8970 9202
13 62.310000 60.320000 1000000 10.140131 10.192450 10.136361 10.194107 0.032065 0.032259 0.108150 0.103227 0.032259 0.032056 0.032259 9200 9642
13 62.310000 60.320000 1000000 10.069915 10.116107 10.065922 10.116061 0.032082 0.032259 0.110204 0.105377 0.032259 0.032073 0.032259 9640 10131
13 62.310000 60.320000 1000000 10.050214 10.089225 10.045880 10.087970 0.032072 0.032259 0.117422 0.112904 0.032259 0.032063 0.032259 10130 10160
13 62.310000 60.320000 1000000 10.048535 10.088150 10.044199 10.086894 0.032072 0.032259 0.116388 0.111829 0.032259 0.032063 0.032259 10160 10273
13 62.310000 60.320000 1000000 10.047331 10.087074 10.042994 10.085819 0.032072 0.032259 0.116388 0.111829 0.032259 0.032064 0.032259 10270 10438
13 62.310000 60.320000 1000000 10.045416 10.085999 10.041076 10.084744 0.032073 0.032259 0.115356 0.110753 0.032259 0.032064 0.032259 10430 10558
13 62.310000 60.320000 1000000 10.044637 10.084924 10.040295 10.083669 0.032072 0.032259 0.115356 0.110754 0.032259 0.032063 0.032259 10550 11240
13 62.310000 60.320000 1000000 10.040543 10.079547 10.036196 10.078292 0.032069 0.032259 0.113293 0.108603 0.032259 0.032060 0.032259 11240 11659
13 62.310000 60.320000 1000000 10.017635 10.041913 10.013259 10.040658 0.032074 0.032259 0.111233 0.106453 0.032259 0.032065 0.032259 11650 11733
13 62.310000 60.320000 1000000 10.013055 10.038687 10.008672 10.037432 0.032074 0.032259 0.110204 0.105377 0.032259 0.032065 0.032259 11730 11766
13 62.310000 60.320000 1000000 10.010663 10.034386 10.006277 10.033131 0.032074 0.032259 0.110204 0.105377 0.032259 0.032065 0.032259 11750 12797
13 62.310000 60.320000 1000000 10.000765 10.026859 9.996366 10.025604 0.032072 0.032259 0.110204 0.105377 0.032259 0.032064 0.032259 12330 12712
13 62.310000 60.320000 1000000 9.986845 10.015031 9.982428 10.013776 0.032068 0.032259 0.110204 0.105377 0.032259 0.032060 0.032259 12710 12797
13 62.310000 60.320000 1000000 9.986563 10.013956 9.982475 10.013955 0.032069 0.032259 0.111232 0.106452 0.032259 0.032060 0.032259 12790 12844
13 62.310000 60.320000 1000000 9.984648 10.012881 9.980558 10.012880 0.032069 0.032259 0.111232 0.106452 0.032259 0.032060 0.032259 12840 13275
13 62.310000 60.320000 1000000 9.973992 10.005354 9.969889 10.005353 0.032068 0.032259 0.114324 0.109678 0.032259 0.032059 0.032259 13270 13577
13 62.310000 60.320000 1000000 9.942674 9.982773 9.938532 9.982772 0.032068 0.032259 0.124677 0.120431 0.032259 0.032060 0.032259 13570 13754
13 62.310000 60.320000 1000000 9.940443 9.981698 9.936298 9.981697 0.032071 0.032259 0.123638 0.119356 0.032259 0.032062 0.032259 13750 13763
13 62.310000 60.320000 1000000 9.939616 9.980623 9.935470 9.980622 0.032069 0.032259 0.124676 0.120431 0.032259 0.032060 0.032259 13760 13884
13 62.310000 60.320000 1000000 9.933665 9.976322 9.929512 9.976321 0.032068 0.032259 0.125714 0.121505 0.032259 0.032059 0.032259 13880 13929
13 62.310000 60.320000 1000000 9.933474 9.975246 9.929543 9.976500 0.032068 0.032259 0.124675 0.120429 0.032259 0.032059 0.032259 13920 14449
13 62.310000 60.320000 1000000 9.926978 9.968795 9.923040 9.970048 0.032066 0.032259 0.124674 0.120428 0.032259 0.032057 0.032259 14440 15065
13 62.310000 60.320000 1000000 9.918675 9.959117 9.914727 9.960371 0.032060 0.032259 0.127792 0.123654 0.032259 0.032051 0.032259 15060 15350
13 62.310000 60.320000 1000000 9.917327 9.958042 9.913378 9.959296 0.032061 0.032259 0.126752 0.122578 0.032259 0.032052 0.032259 15350 15685
13 62.310000 60.320000 1000000 9.897368 9.946214 9.893395 9.947468 0.032073 0.032259 0.121561 0.117202 0.032259 0.032064 0.032259 15680 15730
13 62.310000 60.320000 1000000 9.895445 9.945139 9.891469 9.946393 0.032074 0.032259 0.120524 0.116127 0.032259 0.032065 0.032259 15730 16699
13 62.310000 60.320000 1000000 9.876560 9.927934 9.872561 9.929188 0.032062 0.032259 0.121561 0.117202 0.032259 0.032053 0.032259 16320 16743
13 62.310000 60.320000 1000000 9.862296 9.898902 9.857475 9.896930 0.032055 0.032259 0.126753 0.122579 0.032259 0.032046 0.032259 16740 17291
13 62.310000 60.320000 1000000 9.857026 9.889225 9.852197 9.887253 0.032051 0.032259 0.127793 0.123655 0.032259 0.032042 0.032259 17290 17656
13 62.310000 60.320000 1000000 9.855775 9.888150 9.850944 9.886178 0.032051 0.032259 0.127793 0.123655 0.032259 0.032042 0.032259 17650 19042
13 62.310000 60.320000 1000000 9.849277 9.879548 9.844437 9.877576 0.032049 0.032259 0.130917 0.126880 0.032259 0.032040 0.032259 19040 19708
13 62.310000 60.320000 1000000 9.847848 9.878472 9.843006 9.876500 0.032049 0.032259 0.130917 0.126880 0.032259 0.032040 0.032259 19700 20297
13 62.310000 60.320000 1000000 9.823427 9.861268 9.818548 9.859296 0.032048 0.032259 0.138224 0.134407 0.032259 0.032040 0.032259 20290 20922
13 62.310000 60.320000 1000000 9.812236 9.853741 9.807340 9.851769 0.032051 0.032259 0.133002 0.129031 0.032259 0.032042 0.032259 20920 21665
13 62.310000 60.320000 1000000 9.810423 9.850515 9.805753 9.849798 0.032049 0.032259 0.129876 0.125806 0.032259 0.032040 0.032259 21660 22467
13 62.310000 60.320000 1000000 9.803395 9.846214 9.798714 9.845497 0.032050 0.032259 0.127794 0.123655 0.032259 0.032041 0.032259 22460 23469
13 62.310000 60.320000 1000000 9.781013 9.823096 9.776178 9.821527 0.032050 0.032259 0.122082 0.117743 0.032259 0.032041 0.032259 23460 23972
13 62.310000 60.320000 1000000 9.772361 9.816644 9.767514 9.815076 0.032051 0.032259 0.121045 0.116667 0.032259 0.032043 0.032259 23970 24092
13 62.310000 60.320000 1000000 9.771490 9.815569 9.766641 9.814000 0.032051 0.032259 0.121045 0.116667 0.032259 0.032043 0.032259 24090 24926
13 62.310000 60.320000 1000000 9.764127 9.810193 9.759268 9.808624 0.032051 0.032259 0.117938 0.113441 0.032259 0.032043 0.032259 24920 25199
13 62.310000 60.320000 1000000 9.747201 9.797290 9.742316 9.795721 0.032056 0.032259 0.112776 0.108064 0.032259 0.032048 0.032259 25110 25867
13 62.310000 60.320000 1000000 9.746972 9.795677 9.741966 9.793257 0.032057 0.032259 0.112263 0.107528 0.032259 0.032048 0.032259 25860 26253
13 62.310000 60.320000 1000000 9.736941 9.778472 9.731919 9.776053 0.032066 0.032259 0.111234 0.106454 0.032259 0.032058 0.032259 26250 26648
13 62.310000 60.320000 1000000 9.712566 9.731161 9.707507 9.728741 0.032069 0.032259 0.117423 0.112905 0.032259 0.032061 0.032259 26640 29546
13 62.310000 60.320000 1000000 9.699799 9.716107 9.694719 9.713687 0.032066 0.032259 0.110207 0.105380 0.032259 0.032058 0.032259 29540 30138
13 62.310000 60.320000 1000000 9.694532 9.708580 9.689444 9.706160 0.032061 0.032259 0.103034 0.097854 0.032259 0.032053 0.032259 30130 30403
13 62.310000 60.320000 1000000 9.687935 9.704279 9.682836 9.701859 0.032062 0.032259 0.105078 0.100004 0.032259 0.032054 0.032259 30400 32257
13 62.310000 60.320000 1000000 9.663391 9.682774 9.658060 9.679548 0.032060 0.032259 0.115359 0.110757 0.032259 0.032052 0.032259 32250 34916
13 62.310000 60.320000 1000000 9.644074 9.665570 9.638711 9.662343 0.032054 0.032259 0.107128 0.102156 0.032259 0.032046 0.032259 34910 35033
13 62.310000 60.320000 1000000 9.643503 9.664494 9.638139 9.661268 0.032054 0.032259 0.106103 0.101080 0.032259 0.032046 0.032259 35030 37640
13 62.310000 60.320000 1000000 9.633475 9.649441 9.628095 9.646214 0.032047 0.032259 0.105079 0.100005 0.032259 0.032039 0.032259 37640 37800
13 62.310000 60.320000 1000000 9.632686 9.648365 9.627304 9.645139 0.032046 0.032259 0.105079 0.100005 0.032259 0.032038 0.032259 37800 39990
13 62.310000 60.320000 1000000 9.621213 9.636537 9.615812 9.633311 0.032041 0.032259 0.102013 0.096779 0.032259 0.032033 0.032259 39990 40140
13 62.310000 60.320000 1000000 9.619422 9.635462 9.614018 9.632236 0.032041 0.032259 0.102013 0.096779 0.032259 0.032033 0.032259 40140 42268
13 62.310000 60.320000 1000000 9.609556 9.629010 9.604135 9.625784 0.032042 0.032259 0.105078 0.100004 0.032259 0.032034 0.032259 42260 43899
13 62.310000 60.320000 1000000 9.584086 9.609656 9.578622 9.606429 0.032039 0.032259 0.113295 0.108605 0.032259 0.032031 0.032259 43890 46490
13 62.310000 60.320000 1000000 9.572275 9.599978 9.566790 9.596752 0.032041 0.032259 0.112265 0.107530 0.032259 0.032033 0.032259 46490 49108
13 62.310000 60.320000 1000000 9.560644 9.591376 9.555139 9.588150 0.032042 0.032259 0.113295 0.108605 0.032259 0.032034 0.032259 49100 50071
13 62.310000 60.320000 1000000 9.555899 9.586000 9.550386 9.582773 0.032037 0.032259 0.112265 0.107531 0.032259 0.032029 0.032259 50070 50420
13 62.310000 60.320000 1000000 9.548689 9.580623 9.543164 9.577397 0.032038 0.032259 0.111236 0.106455 0.032259 0.032031 0.032259 50420 52650
13 62.310000 60.320000 1000000 9.526769 9.510732 9.534469 9.579010 0.032045 0.032259 0.171873 0.168818 0.032259 0.032031 0.032259 52650 53051
13 62.310000 60.320000 1000000 9.522196 9.507506 9.529907 9.575784 0.032044 0.032259 0.173986 0.170969 0.032259 0.032030 0.032259 53050 53208
13 62.310000 60.320000 1000000 9.521736 9.506431 9.529448 9.574709 0.032044 0.032259 0.172929 0.169894 0.032259 0.032030 0.032259 53200 56509
13 62.310000 60.320000 1000000 9.502716 9.459119 9.510474 9.527397 0.032048 0.032259 0.210021 0.207528 0.032259 0.032034 0.032259 56500 59013
13 62.310000 60.320000 1000000 9.476566 9.442990 9.484388 9.511268 0.032056 0.032259 0.207896 0.205378 0.032259 0.032042 0.032259 59010 61382
13 62.310000 60.320000 1000000 9.465427 9.430087 9.473278 9.498365 0.032053 0.032259 0.201524 0.198926 0.032259 0.032039 0.032259 61380 62412
13 62.310000 60.320000 1000000 9.461196 9.426861 9.469056 9.495139 0.032054 0.032259 0.199403 0.196776 0.032259 0.032040 0.032259 62410 62890
13 62.310000 60.320000 1000000 9.457682 9.420409 9.464651 9.486671 0.032059 0.032259 0.194099 0.191400 0.032259 0.032046 0.032259 62890 63639
13 62.310000 60.320000 1000000 9.451136 9.408581 9.458119 9.474843 0.032054 0.032259 0.203648 0.201077 0.032259 0.032041 0.032259 63630 71212
13 62.310000 60.320000 1000000 9.445919 9.397829 9.452914 9.464091 0.032050 0.032259 0.208958 0.206453 0.032259 0.032037 0.032259 65410 76142
13 62.310000 60.320000 1000000 9.381092 9.301055 9.385308 9.362523 0.032058 0.032259 0.151855 0.148389 0.032259 0.032047 0.032259 76140 77371
13 62.310000 60.320000 1000000 9.377198 9.295679 9.381419 9.357147 0.032058 0.032259 0.153957 0.150540 0.032259 0.032047 0.032259 77370 79474
13 62.310000 60.320000 1000000 9.372682 9.288152 9.376909 9.349620 0.032054 0.032259 0.150804 0.147314 0.032259 0.032043 0.032259 79470 81114
13 62.310000 60.320000 1000000 9.355089 9.273098 9.359237 9.334163 0.032054 0.032259 0.155008 0.151614 0.032259 0.032042 0.032259 81110 82637
13 62.310000 60.320000 1000000 9.348424 9.268797 9.352580 9.329862 0.032054 0.032259 0.158165 0.154840 0.032259 0.032043 0.032259 82630 83443
13 62.310000 60.320000 1000000 9.347572 9.267722 9.351730 9.328787 0.032054 0.032259 0.158165 0.154840 0.032259 0.032043 0.032259 83440 87593
13 62.310000 60.320000 1000000 9.313415 9.244066 9.317618 9.305131 0.032049 0.032259 0.165540 0.162366 0.032259 0.032038 0.032259 87590 87656
13 62.310000 60.320000 1000000 9.312345 9.242990 9.316550 9.304055 0.032048 0.032259 0.165540 0.162366 0.032259 0.032037 0.032259 87650 91849
13 62.310000 60.320000 1000000 9.302516 9.234388 9.306734 9.295453 0.032051 0.032259 0.171873 0.168818 0.032259 0.032039 0.032259 91840 92911
13 62.310000 60.320000 1000000 9.300616 9.233313 9.304837 9.294378 0.032051 0.032259 0.170817 0.167743 0.032259 0.032040 0.032259 92910 94502
13 62.310000 60.320000 1000000 9.295357 9.230087 9.299585 9.291152 0.032053 0.032259 0.169760 0.166667 0.032259 0.032041 0.032259 94500 99304
13 62.310000 60.320000 1000000 9.282458 9.222560 9.286704 9.283625 0.032058 0.032259 0.167649 0.164517 0.032259 0.032047 0.032259 99300 100129
13 62.310000 60.320000 1000000 9.279049 9.205356 9.282027 9.257909 0.032063 0.032259 0.162377 0.159140 0.032259 0.032054 0.032259 100120 102230
13 62.310000 60.320000 1000000 9.272655 9.198905 9.275639 9.251457 0.032063 0.032259 0.161323 0.158065 0.032259 0.032053 0.032259 102230 102939
13 62.310000 60.320000 1000000 9.257174 9.181701 9.259657 9.231430 0.032061 0.032259 0.157112 0.153764 0.032259 0.032050 0.032259 102930 104962
13 62.310000 60.320000 1000000 9.231303 9.079552 9.230490 9.095232 0.032078 0.032259 0.100991 0.095700 0.032259 0.032069 0.032259 104960 105252
13 62.310000 60.320000 1000000 9.229558 9.078476 9.228745 9.094157 0.032078 0.032259 0.099973 0.094625 0.032259 0.032070 0.032259 105250 107915
13 62.310000 60.320000 1000000 9.227713 9.077401 9.226899 9.093082 0.032079 0.032259 0.099973 0.094626 0.032259 0.032070 0.032259 107910 109389
13 62.310000 60.320000 1000000 9.227336 9.076326 9.226522 9.092006 0.032079 0.032259 0.098956 0.093551 0.032259 0.032070 0.032259 109380 111951
13 62.310000 60.320000 1000000 9.212869 9.064498 9.211945 9.079775 0.032078 0.032259 0.092881 0.087099 0.032259 0.032070 0.032259 111950 115373
13 62.310000 60.320000 1000000 9.209424 9.060197 9.208499 9.075474 0.032074 0.032259 0.092880 0.087098 0.032259 0.032065 0.032259 115370 118624
13 62.310000 60.320000 1000000 9.206006 9.055896 9.205079 9.071173 0.032069 0.032259 0.093889 0.088173 0.032259 0.032060 0.032259 118470 126365
13 62.310000 60.320000 1000000 9.189496 9.042993 9.188565 9.058270 0.032068 0.032259 0.104051 0.098925 0.032259 0.032060 0.032259 126360 127563
13 62.310000 60.320000 1000000 9.188840 9.041917 9.187909 9.057195 0.032067 0.032259 0.104051 0.098924 0.032259 0.032059 0.032259 127560 132453
13 62.310000 60.320000 1000000 9.173863 9.023638 9.172927 9.038915 0.032067 0.032259 0.098953 0.093547 0.032259 0.032059 0.032259 132450 147685
13 62.310000 60.320000 1000000 9.163450 8.999982 9.162114 9.008449 0.032065 0.032259 0.095910 0.090323 0.032259 0.032056 0.032259 147680 153556
13 62.310000 60.320000 1000000 9.163274 8.998369 9.161846 9.005985 0.032066 0.032259 0.095404 0.089785 0.032259 0.032056 0.032259 153550 167296
13 62.310000 60.320000 1000000 9.156234 8.989767 9.154802 8.997383 0.032067 0.032259 0.094393 0.088710 0.032259 0.032058 0.032259 167290 174056
13 62.310000 60.320000 1000000 9.147065 8.982240 9.145628 8.989856 0.032070 0.032259 0.097430 0.091935 0.032259 0.032061 0.032259 174050 180123
13 62.310000 60.320000 1000000 9.142464 8.979014 9.141026 8.986630 0.032072 0.032259 0.098445 0.093010 0.032259 0.032063 0.032259 180120 183599
13 62.310000 60.320000 1000000 9.128405 8.969337 9.127187 8.978208 0.032077 0.032259 0.096415 0.090858 0.032259 0.032068 0.032259 183590 188904
13 62.310000 60.320000 1000000 9.124467 8.966111 9.123247 8.974982 0.032078 0.032259 0.099461 0.094084 0.032259 0.032069 0.032259 188900 189604
13 62.310000 60.320000 1000000 9.122571 8.965036 9.121350 8.973906 0.032079 0.032259 0.098444 0.093009 0.032259 0.032069 0.032259 189600 198713
13 62.310000 60.320000 1000000 9.120209 8.961810 9.118987 8.970681 0.032075 0.032259 0.100479 0.095160 0.032259 0.032066 0.032259 193820 200032
13 62.310000 60.320000 1000000 9.105671 8.946756 9.104444 8.955627 0.032067 0.032259 0.111746 0.106988 0.032259 0.032058 0.032259 200030 201280
13 62.310000 60.320000 1000000 9.103724 8.945681 9.102495 8.954552 0.032068 0.032259 0.111746 0.106988 0.032259 0.032059 0.032259 201280 215275
13 62.310000 60.320000 1000000 9.076077 8.922025 9.074837 8.930896 0.032063 0.032259 0.112777 0.108065 0.032259 0.032054 0.032259 215270 220919
13 62.310000 60.320000 1000000 9.071410 8.916649 9.070169 8.925520 0.032057 0.032259 0.108663 0.103764 0.032259 0.032048 0.032259 220910 223802
13 62.310000 60.320000 1000000 9.051473 8.902671 9.050224 8.911541 0.032060 0.032259 0.111748 0.106991 0.032259 0.032050 0.032259 223800 225460
13 62.310000 60.320000 1000000 9.045121 8.898369 9.043869 8.907240 0.032063 0.032259 0.108663 0.103765 0.032259 0.032053 0.032259 225460 269255
13 62.310000 60.320000 1000000 9.030677 8.886541 9.029419 8.895412 0.032067 0.032259 0.100481 0.095163 0.032259 0.032058 0.032259 237110 270509
13 62.310000 60.320000 1000000 9.001452 8.859660 9.000182 8.868530 0.032068 0.032259 0.093385 0.087636 0.032259 0.032059 0.032259 270500 272595
13 62.310000 60.320000 1000000 9.000758 8.858585 8.999487 8.867455 0.032069 0.032259 0.093385 0.087636 0.032259 0.032059 0.032259 272590 276242
13 62.310000 60.320000 1000000 8.992267 8.853208 8.990993 8.862079 0.032073 0.032259 0.090365 0.084411 0.032259 0.032063 0.032259 276240 306249
13 62.310000 60.320000 1000000 8.968701 8.832778 8.967416 8.841648 0.032066 0.032259 0.081398 0.074733 0.032259 0.032057 0.032259 285870 307468
13 62.310000 60.320000 1000000 8.888132 8.776864 8.886812 8.785734 0.032085 0.032259 0.104564 0.099463 0.032259 0.032075 0.032259 307460 312592
13 62.310000 60.320000 1000000 8.887943 8.775251 8.886523 8.783270 0.032085 0.032259 0.104052 0.098926 0.032259 0.032075 0.032259 312590 321117
13 62.310000 60.320000 1000000 8.886727 8.774175 8.885307 8.782195 0.032085 0.032259 0.105075 0.100001 0.032259 0.032076 0.032259 321110 341380
13 62.310000 60.320000 1000000 8.861470 8.754820 8.860037 8.762840 0.032089 0.032259 0.110205 0.105378 0.032259 0.032079 0.032259 341380 351116
13 62.310000 60.320000 1000000 8.859718 8.753745 8.858284 8.761764 0.032089 0.032259 0.110205 0.105378 0.032259 0.032080 0.032259 351110 373479
13 62.310000 60.320000 1000000 8.829550 8.735466 8.828102 8.743485 0.032094 0.032259 0.109176 0.104302 0.032259 0.032084 0.032259 373470 377881
13 62.310000 60.320000 1000000 8.829062 8.734390 8.827613 8.742410 0.032094 0.032259 0.110204 0.105377 0.032259 0.032084 0.032259 377880 404432
13 62.310000 60.320000 1000000 8.801804 8.710735 8.800223 8.718351 0.032102 0.032259 0.119490 0.115054 0.032259 0.032092 0.032259 404430 411446
13 62.310000 60.320000 1000000 8.797303 8.706433 8.795720 8.714050 0.032104 0.032259 0.115355 0.110753 0.032259 0.032095 0.032259 411440 414919
13 62.310000 60.320000 1000000 8.792911 8.702132 8.791326 8.709748 0.032107 0.032259 0.111232 0.106451 0.032259 0.032098 0.032259 414910 420597
13 62.310000 60.320000 1000000 8.791652 8.701057 8.790065 8.708673 0.032107 0.032259 0.111232 0.106451 0.032259 0.032097 0.032259 420590 430222
13 62.310000 60.320000 1000000 8.774981 8.679552 8.773881 8.689677 0.032105 0.032259 0.112262 0.107527 0.032259 0.032095 0.032259 430220 432842
13 62.310000 60.320000 1000000 8.774415 8.678477 8.773314 8.688602 0.032104 0.032259 0.112262 0.107527 0.032259 0.032094 0.032259 432840 437767
13 62.310000 60.320000 1000000 8.757933 8.663423 8.756826 8.673548 0.032103 0.032259 0.107123 0.102151 0.032259 0.032094 0.032259 437760 438312
13 62.310000 60.320000 1000000 8.755973 8.662348 8.754865 8.672473 0.032105 0.032259 0.106098 0.101075 0.032259 0.032095 0.032259 438310 439690
13 62.310000 60.320000 1000000 8.755655 8.661272 8.754547 8.671397 0.032104 0.032259 0.106098 0.101075 0.032259 0.032094 0.032259 439690 445062
13 62.310000 60.320000 1000000 8.747762 8.655896 8.746651 8.666021 0.032103 0.032259 0.109176 0.104301 0.032259 0.032093 0.032259 445060 446710
13 62.310000 60.320000 1000000 8.747630 8.654821 8.746673 8.666200 0.032102 0.032259 0.109176 0.104301 0.032259 0.032093 0.032259 446710 460360
13 62.310000 60.320000 1000000 8.736684 8.644068 8.735415 8.653835 0.032106 0.032259 0.107124 0.102152 0.032259 0.032096 0.032259 460360 474746
13 62.310000 60.320000 1000000 8.708878 8.624713 8.707596 8.634480 0.032113 0.032259 0.112262 0.107527 0.032259 0.032103 0.032259 474740 479842
13 62.310000 60.320000 1000000 8.707592 8.621487 8.706310 8.631254 0.032111 0.032259 0.112262 0.107527 0.032259 0.032101 0.032259 479840 491069
13 62.310000 60.320000 1000000 8.703546 8.618262 8.702262 8.628028 0.032111 0.032259 0.112261 0.107527 0.032259 0.032101 0.032259 491060 518381
13 62.310000 60.320000 1000000 8.690348 8.607509 8.689058 8.617276 0.032108 0.032259 0.120526 0.116129 0.032259 0.032098 0.032259 518380 528561
13 62.310000 60.320000 1000000 8.680106 8.598907 8.678812 8.608673 0.032104 0.032259 0.123638 0.119355 0.032259 0.032093 0.032259 528560 594443
13 62.310000 60.320000 1000000 8.639539 8.568799 8.638226 8.578566 0.032104 0.032259 0.120529 0.116132 0.032259 0.032094 0.032259 572100 607488
13 62.310000 60.320000 1000000 8.615435 8.549444 8.614112 8.559211 0.032099 0.032259 0.118458 0.113981 0.032259 0.032089 0.032259 607480 613301
13 62.310000 60.320000 1000000 8.614920 8.548369 8.613596 8.558136 0.032100 0.032259 0.118458 0.113981 0.032259 0.032089 0.032259 613300 613905
13 62.310000 60.320000 1000000 8.614785 8.547294 8.613619 8.558315 0.032099 0.032259 0.119492 0.115055 0.032259 0.032089 0.032259 613900 633636
13 62.310000 60.320000 1000000 8.613984 8.546219 8.612817 8.557240 0.032098 0.032259 0.120528 0.116131 0.032259 0.032088 0.032259 633630 638038
13 62.310000 60.320000 1000000 8.612601 8.545143 8.611433 8.556164 0.032098 0.032259 0.119492 0.115055 0.032259 0.032088 0.032259 638030 642737
13 62.310000 60.320000 1000000 8.611561 8.544068 8.610393 8.555089 0.032099 0.032259 0.119492 0.115055 0.032259 0.032088 0.032259 642730 722489
13 62.310000 60.320000 1000000 8.575062 8.517186 8.573879 8.528207 0.032107 0.032259 0.116389 0.111829 0.032259 0.032097 0.032259 722480 764872
13 62.310000 60.320000 1000000 8.562641 8.505358 8.561453 8.516379 0.032104 0.032259 0.110204 0.105377 0.032259 0.032093 0.032259 764870 767672
13 62.310000 60.320000 1000000 8.561225 8.504283 8.560036 8.515304 0.032105 0.032259 0.109176 0.104302 0.032259 0.032094 0.032259 767670 784233
13 62.310000 60.320000 1000000 8.549759 8.492455 8.548565 8.503476 0.032105 0.032259 0.115356 0.110753 0.032259 0.032095 0.032259 784230 791053
13 62.310000 60.320000 1000000 8.546681 8.489229 8.545486 8.500250 0.032102 0.032259 0.112262 0.107528 0.032259 0.032092 0.032259 791050 814162
13 62.310000 60.320000 1000000 8.534415 8.479552 8.533215 8.490573 0.032101 0.032259 0.109176 0.104302 0.032259 0.032091 0.032259 814160 837639
13 62.310000 60.320000 1000000 8.533980 8.478476 8.532780 8.489498 0.032102 0.032259 0.109176 0.104302 0.032259 0.032091 0.032259 837630 894724
13 62.310000 60.320000 1000000 8.527878 8.473100 8.526597 8.483718 0.032101 0.032259 0.112262 0.107528 0.032259 0.032091 0.032259 894720 1000000
