13 62.310000 60.320000 1000000 13.712868 13.723082 13.706976 13.716718 0.031918 0.032257 0.191450 0.188713 0.032257 0.031910 0.032257 0 50
13 62.310000 60.320000 1000000 12.518300 12.280614 12.511467 12.262153 0.031413 0.032257 0.378795 0.377419 0.032257 0.031403 0.032257 50 60
13 62.310000 60.320000 1000000 12.104810 11.884378 12.097235 11.865514 0.031377 0.032257 0.184032 0.181183 0.032257 0.031368 0.032257 60 70
13 62.310000 60.320000 1000000 11.934509 11.725238 11.926075 11.704359 0.031346 0.032257 0.173455 0.170430 0.032257 0.031337 0.032257 70 80
13 62.310000 60.320000 1000000 11.836501 11.623088 11.830044 11.612826 0.031367 0.032257 0.181919 0.179036 0.032257 0.031357 0.032257 80 90
13 62.310000 60.320000 1000000 11.704988 11.466636 11.701372 11.467934 0.031404 0.032257 0.160271 0.156991 0.032257 0.031394 0.032257 90 100
13 62.310000 60.320000 1000000 11.591287 11.385454 11.587476 11.385900 0.031444 0.032257 0.155533 0.152151 0.032257 0.031435 0.032257 100 110
13 62.310000 60.320000 1000000 11.556913 11.314486 11.553174 11.313678 0.031443 0.032257 0.151332 0.147854 0.032257 0.031433 0.032257 110 122
13 62.310000 60.320000 1000000 11.504888 11.236530 11.500067 11.222953 0.031422 0.032257 0.167650 0.164518 0.032257 0.031412 0.032257 120 135
13 62.310000 60.320000 1000000 11.469249 11.196745 11.465702 11.190695 0.031417 0.032257 0.167649 0.164517 0.032257 0.031407 0.032257 130 142
13 62.310000 60.320000 1000000 11.402261 11.103196 11.400053 11.105928 0.031388 0.032257 0.214270 0.211828 0.032257 0.031379 0.032257 140 150
13 62.310000 60.320000 1000000 11.307486 11.018250 11.304675 11.018966 0.031412 0.032257 0.228100 0.225808 0.032257 0.031403 0.032257 150 160
13 62.310000 60.320000 1000000 11.267872 10.969863 11.265032 10.970578 0.031390 0.032257 0.227035 0.224732 0.032257 0.031380 0.032257 160 173
13 62.310000 60.320000 1000000 11.255585 10.957498 11.252672 10.957362 0.031388 0.032257 0.225439 0.223119 0.032257 0.031378 0.032257 170 182
13 62.310000 60.320000 1000000 11.129370 10.842445 11.126356 10.842309 0.031402 0.032257 0.291573 0.289783 0.032257 0.031392 0.032257 180 190
13 62.310000 60.320000 1000000 11.011698 10.632768 11.013453 10.649478 0.031409 0.032257 0.291572 0.289782 0.032257 0.031403 0.032257 190 201
13 62.310000 60.320000 1000000 10.702863 10.476855 10.704774 10.493565 0.031677 0.032257 0.246741 0.244624 0.032257 0.031670 0.032257 200 210
13 62.310000 60.320000 1000000 10.598813 10.381156 10.600781 10.397866 0.031730 0.032257 0.271281 0.269357 0.032257 0.031723 0.032257 210 228
13 62.310000 60.320000 1000000 10.583420 10.367178 10.585024 10.382678 0.031738 0.032257 0.278756 0.276884 0.032257 0.031730 0.032257 220 230
13 62.310000 60.320000 1000000 10.546958 10.329543 10.548578 10.345044 0.031738 0.032257 0.288372 0.286562 0.032257 0.031730 0.032257 230 254
13 62.310000 60.320000 1000000 10.520989 10.302662 10.522622 10.318162 0.031744 0.032257 0.269147 0.267207 0.032257 0.031737 0.032257 250 265
13 62.310000 60.320000 1000000 10.505741 10.284382 10.507381 10.299883 0.031750 0.032257 0.256342 0.254304 0.032257 0.031743 0.032257 260 272
13 62.310000 60.320000 1000000 10.457937 10.230619 10.459599 10.246120 0.031725 0.032257 0.217994 0.215594 0.032257 0.031717 0.032257 270 283
13 62.310000 60.320000 1000000 10.453464 10.222017 10.455128 10.237517 0.031725 0.032257 0.217994 0.215594 0.032257 0.031717 0.032257 280 293
13 62.310000 60.320000 1000000 10.449394 10.219866 10.451060 10.235367 0.031727 0.032257 0.220120 0.217744 0.032257 0.031720 0.032257 290 313
13 62.310000 60.320000 1000000 10.387421 10.115566 10.389117 10.131067 0.031727 0.032257 0.240345 0.238171 0.032257 0.031719 0.032257 300 316
13 62.310000 60.320000 1000000 10.379436 10.106964 10.381136 10.122464 0.031722 0.032257 0.238215 0.236021 0.032257 0.031714 0.032257 310 326
13 62.310000 60.320000 1000000 10.364406 10.095136 10.366113 10.110636 0.031727 0.032257 0.229693 0.227417 0.032257 0.031719 0.032257 320 351
13 62.310000 60.320000 1000000 10.286431 9.969330 10.282828 9.963862 0.031745 0.032257 0.150274 0.146771 0.032257 0.031736 0.032257 350 366
13 62.310000 60.320000 1000000 10.284206 9.968254 10.280601 9.962787 0.031746 0.032257 0.150274 0.146771 0.032257 0.031738 0.032257 360 375
13 62.310000 60.320000 1000000 10.279728 9.965029 10.276119 9.959561 0.031746 0.032257 0.152375 0.148922 0.032257 0.031738 0.032257 370 404
13 62.310000 60.320000 1000000 10.248502 9.927394 10.244782 9.920225 0.031748 0.032257 0.138748 0.134946 0.032257 0.031739 0.032257 400 412
13 62.310000 60.320000 1000000 10.247883 9.926319 10.244162 9.919149 0.031748 0.032257 0.139794 0.136021 0.032257 0.031739 0.032257 410 425
13 62.310000 60.320000 1000000 10.226746 9.914491 10.223002 9.907322 0.031763 0.032257 0.141888 0.138172 0.032257 0.031755 0.032257 420 433
13 62.310000 60.320000 1000000 10.225025 9.911266 10.221170 9.903693 0.031763 0.032257 0.141888 0.138172 0.032257 0.031755 0.032257 430 456
13 62.310000 60.320000 1000000 10.171924 9.871481 10.168008 9.863908 0.031785 0.032257 0.153429 0.149999 0.032257 0.031777 0.032257 450 466
13 62.310000 60.320000 1000000 10.171219 9.870406 10.167302 9.862833 0.031785 0.032257 0.153429 0.149999 0.032257 0.031777 0.032257 460 475
13 62.310000 60.320000 1000000 10.170939 9.868255 10.167080 9.861533 0.031784 0.032257 0.152378 0.148924 0.032257 0.031776 0.032257 470 480
13 62.310000 60.320000 1000000 10.154817 9.855352 10.150940 9.848630 0.031793 0.032257 0.155532 0.152150 0.032257 0.031785 0.032257 480 502
13 62.310000 60.320000 1000000 10.093708 9.819868 10.089760 9.813147 0.031838 0.032257 0.138749 0.134947 0.032257 0.031830 0.032257 500 516
13 62.310000 60.320000 1000000 10.081878 9.802664 10.077916 9.795942 0.031837 0.032257 0.141888 0.138173 0.032257 0.031829 0.032257 510 520
13 62.310000 60.320000 1000000 10.078134 9.800514 10.074168 9.793792 0.031840 0.032257 0.141888 0.138172 0.032257 0.031832 0.032257 520 552
13 62.310000 60.320000 1000000 10.040347 9.757503 10.036336 9.750781 0.031844 0.032257 0.149229 0.145701 0.032257 0.031836 0.032257 550 574
13 62.310000 60.320000 1000000 10.001326 9.727396 9.997267 9.720674 0.031829 0.032257 0.149229 0.145701 0.032257 0.031821 0.032257 570 585
13 62.310000 60.320000 1000000 9.956753 9.689762 9.952522 9.682637 0.031842 0.032257 0.124158 0.119894 0.032257 0.031834 0.032257 580 592
13 62.310000 60.320000 1000000 9.946970 9.681160 9.942726 9.674035 0.031837 0.032257 0.128316 0.124195 0.032257 0.031830 0.032257 590 607
13 62.310000 60.320000 1000000 9.937485 9.672558 9.933029 9.664223 0.031842 0.032257 0.124158 0.119894 0.032257 0.031834 0.032257 600 623
13 62.310000 60.320000 1000000 9.890210 9.628472 9.887860 9.630621 0.031852 0.032257 0.115873 0.111292 0.032257 0.031842 0.032257 620 631
13 62.310000 60.320000 1000000 9.833579 9.592988 9.831189 9.595137 0.031865 0.032257 0.145033 0.141400 0.032257 0.031855 0.032257 630 645
13 62.310000 60.320000 1000000 9.785650 9.564494 9.783182 9.565792 0.031893 0.032257 0.126756 0.122582 0.032257 0.031883 0.032257 640 677
13 62.310000 60.320000 1000000 9.777890 9.560192 9.775416 9.561490 0.031900 0.032257 0.126755 0.122582 0.032257 0.031890 0.032257 670 690
13 62.310000 60.320000 1000000 9.721407 9.527934 9.718889 9.529232 0.031927 0.032257 0.155007 0.151614 0.032257 0.031918 0.032257 690 716
13 62.310000 60.320000 1000000 9.717066 9.524709 9.714545 9.526007 0.031928 0.032257 0.151854 0.148388 0.032257 0.031918 0.032257 710 783
13 62.310000 60.320000 1000000 9.656521 9.470945 9.653207 9.465434 0.031945 0.032257 0.158166 0.154841 0.032257 0.031936 0.032257 780 805
13 62.310000 60.320000 1000000 9.656297 9.469870 9.653244 9.465613 0.031945 0.032257 0.157113 0.153766 0.032257 0.031936 0.032257 800 889
13 62.310000 60.320000 1000000 9.607280 9.431160 9.604180 9.426903 0.031943 0.032257 0.152905 0.149464 0.032257 0.031934 0.032257 880 935
13 62.310000 60.320000 1000000 9.545172 9.390300 9.542090 9.387342 0.031984 0.032257 0.127796 0.123658 0.032257 0.031975 0.032257 930 995
13 62.310000 60.320000 1000000 9.530617 9.380623 9.527521 9.377665 0.031993 0.032257 0.124678 0.120433 0.032257 0.031984 0.032257 990 1010
13 62.310000 60.320000 1000000 9.484608 9.354817 9.481466 9.351858 0.032030 0.032257 0.129879 0.125809 0.032257 0.032022 0.032257 1010 1052
13 62.310000 60.320000 1000000 9.467886 9.347290 9.464728 9.344332 0.032049 0.032257 0.123640 0.119357 0.032257 0.032040 0.032257 1050 1138
13 62.310000 60.320000 1000000 9.435816 9.321483 9.432626 9.318525 0.032063 0.032257 0.112263 0.107529 0.032257 0.032054 0.032257 1130 1148
13 62.310000 60.320000 1000000 9.435642 9.319871 9.432360 9.316061 0.032063 0.032257 0.112778 0.108067 0.032257 0.032054 0.032257 1140 1169
13 62.310000 60.320000 1000000 9.418946 9.304817 9.415646 9.301008 0.032057 0.032257 0.105588 0.100540 0.032257 0.032049 0.032257 1160 1197
13 62.310000 60.320000 1000000 9.402684 9.294064 9.399367 9.290255 0.032069 0.032257 0.108664 0.103766 0.032257 0.032061 0.032257 1190 1227
13 62.310000 60.320000 1000000 9.369940 9.275785 9.366736 9.273230 0.032089 0.032257 0.104564 0.099464 0.032257 0.032080 0.032257 1220 1236
13 62.310000 60.320000 1000000 9.359340 9.268258 9.356125 9.265703 0.032085 0.032257 0.107637 0.102690 0.032257 0.032076 0.032257 1230 1242
13 62.310000 60.320000 1000000 9.358894 9.267183 9.355678 9.264628 0.032084 0.032257 0.106612 0.101615 0.032257 0.032076 0.032257 1240 1279
13 62.310000 60.320000 1000000 9.354993 9.263957 9.351774 9.261402 0.032084 0.032257 0.105588 0.100540 0.032257 0.032076 0.032257 1270 1300
13 62.310000 60.320000 1000000 9.343265 9.255355 9.340033 9.252800 0.032087 0.032257 0.105589 0.100541 0.032257 0.032079 0.032257 1300 1313
13 62.310000 60.320000 1000000 9.342948 9.254280 9.339716 9.251725 0.032087 0.032257 0.104566 0.099467 0.032257 0.032078 0.032257 1310 1340
13 62.310000 60.320000 1000000 9.340277 9.251054 9.337042 9.248499 0.032087 0.032257 0.102523 0.097316 0.032257 0.032079 0.032257 1340 1378
13 62.310000 60.320000 1000000 9.339838 9.249978 9.336603 9.247424 0.032087 0.032257 0.101503 0.096241 0.032257 0.032078 0.032257 1370 1502
13 62.310000 60.320000 1000000 9.335993 9.245677 9.332488 9.242316 0.032089 0.032257 0.100484 0.095166 0.032257 0.032080 0.032257 1420 1577
13 62.310000 60.320000 1000000 9.330428 9.238151 9.326660 9.233983 0.032087 0.032257 0.101503 0.096241 0.032257 0.032079 0.032257 1570 1600
13 62.310000 60.320000 1000000 9.327396 9.234925 9.323624 9.230757 0.032088 0.032257 0.100484 0.095166 0.032257 0.032080 0.032257 1600 1637
13 62.310000 60.320000 1000000 9.308564 9.216645 9.306412 9.220004 0.032086 0.032257 0.101502 0.096240 0.032257 0.032077 0.032257 1630 1643
13 62.310000 60.320000 1000000 9.307188 9.215570 9.305035 9.218929 0.032087 0.032257 0.100483 0.095164 0.032257 0.032077 0.032257 1640 1694
13 62.310000 60.320000 1000000 9.306507 9.214495 9.304353 9.217854 0.032087 0.032257 0.100483 0.095164 0.032257 0.032078 0.032257 1690 1702
13 62.310000 60.320000 1000000 9.301976 9.204817 9.299331 9.206564 0.032088 0.032257 0.102522 0.097315 0.032257 0.032079 0.032257 1700 1759
13 62.310000 60.320000 1000000 9.285113 9.189764 9.282265 9.189807 0.032094 0.032257 0.095407 0.089788 0.032257 0.032085 0.032257 1750 1760
13 62.310000 60.320000 1000000 9.284017 9.187613 9.281095 9.187254 0.032094 0.032257 0.095407 0.089789 0.032257 0.032085 0.032257 1760 1772
13 62.310000 60.320000 1000000 9.272762 9.181162 9.269830 9.180802 0.032101 0.032257 0.097434 0.091939 0.032257 0.032092 0.032257 1770 1793
13 62.310000 60.320000 1000000 9.247161 9.167183 9.244204 9.166824 0.032118 0.032257 0.086361 0.080110 0.032257 0.032109 0.032257 1790 1805
13 62.310000 60.320000 1000000 9.246111 9.166108 9.243153 9.165748 0.032117 0.032257 0.086361 0.080110 0.032257 0.032108 0.032257 1800 1810
13 62.310000 60.320000 1000000 9.245206 9.165033 9.242247 9.164673 0.032116 0.032257 0.086361 0.080110 0.032257 0.032107 0.032257 1810 1841
13 62.310000 60.320000 1000000 9.238436 9.159656 9.235471 9.159297 0.032116 0.032257 0.083377 0.076884 0.032257 0.032107 0.032257 1840 2042
13 62.310000 60.320000 1000000 9.219667 9.148904 9.216684 9.148544 0.032123 0.032257 0.079428 0.072583 0.032257 0.032114 0.032257 1850 1936
13 62.310000 60.320000 1000000 9.218053 9.147828 9.215069 9.147469 0.032123 0.032257 0.080412 0.073658 0.032257 0.032114 0.032257 1930 2042
13 62.310000 60.320000 1000000 9.216250 9.144602 9.213119 9.143436 0.032122 0.032257 0.082387 0.075809 0.032257 0.032113 0.032257 2040 2163
13 62.310000 60.320000 1000000 9.207930 9.138151 9.204790 9.136985 0.032124 0.032257 0.084369 0.077959 0.032257 0.032115 0.032257 2160 2275
13 62.310000 60.320000 1000000 9.203714 9.133850 9.200570 9.132684 0.032124 0.032257 0.087359 0.081185 0.032257 0.032115 0.032257 2270 2298
13 62.310000 60.320000 1000000 9.193071 9.126323 9.189916 9.125157 0.032130 0.032257 0.084368 0.077958 0.032257 0.032121 0.032257 2290 2300
13 62.310000 60.320000 1000000 9.192550 9.125248 9.189395 9.124082 0.032130 0.032257 0.084368 0.077958 0.032257 0.032121 0.032257 2300 2319
13 62.310000 60.320000 1000000 9.192101 9.124172 9.188945 9.123006 0.032129 0.032257 0.083376 0.076884 0.032257 0.032120 0.032257 2310 2330
13 62.310000 60.320000 1000000 9.190320 9.123097 9.187163 9.121931 0.032130 0.032257 0.084369 0.077959 0.032257 0.032121 0.032257 2330 2352
13 62.310000 60.320000 1000000 9.189288 9.122022 9.186129 9.120856 0.032130 0.032257 0.084369 0.077959 0.032257 0.032121 0.032257 2350 2385
13 62.310000 60.320000 1000000 9.185319 9.118796 9.182035 9.117227 0.032132 0.032257 0.083376 0.076884 0.032257 0.032123 0.032257 2380 2421
13 62.310000 60.320000 1000000 9.173701 9.111269 9.170405 9.109700 0.032135 0.032257 0.083377 0.076884 0.032257 0.032126 0.032257 2420 2477
13 62.310000 60.320000 1000000 9.156756 9.097291 9.153441 9.095722 0.032128 0.032257 0.082386 0.075808 0.032257 0.032119 0.032257 2470 2742
13 62.310000 60.320000 1000000 9.136412 9.081162 9.133075 9.079593 0.032124 0.032257 0.087358 0.081184 0.032257 0.032115 0.032257 2740 2784
13 62.310000 60.320000 1000000 9.124533 9.070409 9.122239 9.073858 0.032130 0.032257 0.086360 0.080110 0.032257 0.032121 0.032257 2780 3256
13 62.310000 60.320000 1000000 9.089283 9.042452 9.086962 9.045901 0.032116 0.032257 0.076493 0.069358 0.032257 0.032107 0.032257 3250 3575
13 62.310000 60.320000 1000000 9.073545 9.028474 9.071371 9.033177 0.032119 0.032257 0.073581 0.066133 0.032257 0.032109 0.032257 3570 3671
13 62.310000 60.320000 1000000 9.069565 9.025248 9.067388 9.029951 0.032116 0.032257 0.073581 0.066133 0.032257 0.032107 0.032257 3670 3767
13 62.310000 60.320000 1000000 9.068000 9.024173 9.065822 9.028876 0.032117 0.032257 0.073581 0.066133 0.032257 0.032107 0.032257 3760 3921
13 62.310000 60.320000 1000000 9.047680 9.006969 9.045487 9.011672 0.032112 0.032257 0.083378 0.076886 0.032257 0.032102 0.032257 3920 3985
13 62.310000 60.320000 1000000 9.045580 9.005893 9.043386 9.010597 0.032113 0.032257 0.082388 0.075810 0.032257 0.032104 0.032257 3980 4273
13 62.310000 60.320000 1000000 9.033555 8.989227 9.031574 8.993885 0.032114 0.032257 0.083874 0.077423 0.032257 0.032104 0.032257 4270 4398
13 62.310000 60.320000 1000000 9.033287 8.988152 9.031305 8.992810 0.032113 0.032257 0.083874 0.077423 0.032257 0.032104 0.032257 4390 4444
13 62.310000 60.320000 1000000 9.027284 8.983851 9.025299 8.988509 0.032117 0.032257 0.080906 0.074197 0.032257 0.032107 0.032257 4440 4514
13 62.310000 60.320000 1000000 9.015543 8.972022 9.013549 8.976681 0.032120 0.032257 0.078935 0.072043 0.032257 0.032110 0.032257 4510 4606
13 62.310000 60.320000 1000000 9.009859 8.967721 9.007861 8.972380 0.032117 0.032257 0.078935 0.072043 0.032257 0.032107 0.032257 4600 4685
13 62.310000 60.320000 1000000 9.008452 8.966646 9.006454 8.971305 0.032117 0.032257 0.078935 0.072043 0.032257 0.032107 0.032257 4680 4988
13 62.310000 60.320000 1000000 8.993872 8.955893 8.991864 8.960552 0.032122 0.032257 0.079918 0.073118 0.032257 0.032112 0.032257 4980 5441
13 62.310000 60.320000 1000000 8.974869 8.941915 8.972848 8.946573 0.032127 0.032257 0.076978 0.069893 0.032257 0.032117 0.032257 5440 5481
13 62.310000 60.320000 1000000 8.973887 8.940840 8.971866 8.945498 0.032127 0.032257 0.076003 0.068817 0.032257 0.032118 0.032257 5480 5954
13 62.310000 60.320000 1000000 8.957802 8.924711 8.955517 8.928563 0.032126 0.032257 0.076002 0.068817 0.032257 0.032116 0.032257 5950 6126
13 62.310000 60.320000 1000000 8.947024 8.916109 8.944731 8.919960 0.032126 0.032257 0.074060 0.066666 0.032257 0.032117 0.032257 6120 6146
13 62.310000 60.320000 1000000 8.945364 8.915033 8.943070 8.918885 0.032127 0.032257 0.075029 0.067741 0.032257 0.032117 0.032257 6140 6156
13 62.310000 60.320000 1000000 8.944392 8.913958 8.942097 8.917810 0.032127 0.032257 0.074060 0.066666 0.032257 0.032118 0.032257 6150 6538
13 62.310000 60.320000 1000000 8.941283 8.910732 8.938986 8.914584 0.032126 0.032257 0.072131 0.064516 0.032257 0.032116 0.032257 6530 6633
13 62.310000 60.320000 1000000 8.939958 8.909657 8.937659 8.913509 0.032124 0.032257 0.073094 0.065591 0.032257 0.032115 0.032257 6630 6879
13 62.310000 60.320000 1000000 8.934336 8.904281 8.932032 8.908133 0.032127 0.032257 0.072130 0.064516 0.032257 0.032118 0.032257 6870 7130
13 62.310000 60.320000 1000000 8.921678 8.895679 8.919365 8.899531 0.032129 0.032257 0.066423 0.058064 0.032257 0.032119 0.032257 7130 7265
13 62.310000 60.320000 1000000 8.921211 8.894603 8.918898 8.898455 0.032129 0.032257 0.065485 0.056989 0.032257 0.032120 0.032257 7260 7680
13 62.310000 60.320000 1000000 8.917396 8.891378 8.915080 8.895229 0.032127 0.032257 0.067365 0.059139 0.032257 0.032117 0.032257 7680 7992
13 62.310000 60.320000 1000000 8.914946 8.885464 8.912342 8.886762 0.032128 0.032257 0.066893 0.058602 0.032257 0.032119 0.032257 7990 8184
13 62.310000 60.320000 1000000 8.914805 8.884388 8.912366 8.886941 0.032128 0.032257 0.066893 0.058601 0.032257 0.032119 0.032257 8180 8474
13 62.310000 60.320000 1000000 8.910561 8.877937 8.907937 8.878787 0.032129 0.032257 0.065019 0.056453 0.032257 0.032120 0.032257 8470 8960
13 62.310000 60.320000 1000000 8.909651 8.875786 8.907026 8.876636 0.032129 0.032257 0.063161 0.054302 0.032257 0.032120 0.032257 8800 9106
13 62.310000 60.320000 1000000 8.908257 8.874711 8.905630 8.875561 0.032129 0.032257 0.063161 0.054302 0.032257 0.032120 0.032257 9100 9597
13 62.310000 60.320000 1000000 8.903852 8.870410 8.901222 8.871260 0.032129 0.032257 0.065955 0.057528 0.032257 0.032120 0.032257 9590 10476
13 62.310000 60.320000 1000000 8.877310 8.849980 8.874656 8.850830 0.032135 0.032257 0.066896 0.058605 0.032257 0.032126 0.032257 10470 10548
13 62.310000 60.320000 1000000 8.874849 8.846754 8.871943 8.846798 0.032136 0.032257 0.066897 0.058606 0.032257 0.032128 0.032257 10540 10795
13 62.310000 60.320000 1000000 8.861087 8.834926 8.858167 8.834970 0.032130 0.032257 0.068788 0.060755 0.032257 0.032121 0.032257 10790 11195
13 62.310000 60.320000 1000000 8.859097 8.833851 8.856175 8.833895 0.032131 0.032257 0.067840 0.059680 0.032257 0.032122 0.032257 11190 11320
13 62.310000 60.320000 1000000 8.854263 8.830625 8.851337 8.830669 0.032132 0.032257 0.070694 0.062906 0.032257 0.032124 0.032257 11320 11702
13 62.310000 60.320000 1000000 8.852675 8.829550 8.849747 8.829594 0.032133 0.032257 0.071653 0.063981 0.032257 0.032124 0.032257 11700 11754
13 62.310000 60.320000 1000000 8.851829 8.828475 8.848900 8.828518 0.032133 0.032257 0.071653 0.063981 0.032257 0.032125 0.032257 11750 12373
13 62.310000 60.320000 1000000 8.830703 8.813421 8.827753 8.813465 0.032137 0.032257 0.075518 0.068282 0.032257 0.032128 0.032257 12370 12762
13 62.310000 60.320000 1000000 8.829379 8.812346 8.826427 8.812389 0.032136 0.032257 0.075518 0.068282 0.032257 0.032128 0.032257 12760 12838
13 62.310000 60.320000 1000000 8.828090 8.811270 8.825138 8.811314 0.032136 0.032257 0.076492 0.069358 0.032257 0.032128 0.032257 12830 13144
13 62.310000 60.320000 1000000 8.826162 8.810195 8.823208 8.810239 0.032137 0.032257 0.075518 0.068282 0.032257 0.032128 0.032257 13140 13442
13 62.310000 60.320000 1000000 8.821248 8.806969 8.818288 8.807013 0.032139 0.032257 0.072615 0.065057 0.032257 0.032130 0.032257 13440 13461
13 62.310000 60.320000 1000000 8.820172 8.805894 8.817211 8.805938 0.032140 0.032257 0.073579 0.066132 0.032257 0.032131 0.032257 13460 13557
13 62.310000 60.320000 1000000 8.818814 8.804819 8.815852 8.804863 0.032139 0.032257 0.073580 0.066132 0.032257 0.032130 0.032257 13550 13625
13 62.310000 60.320000 1000000 8.818184 8.803743 8.815221 8.803787 0.032138 0.032257 0.072615 0.065056 0.032257 0.032130 0.032257 13620 14271
13 62.310000 60.320000 1000000 8.813830 8.800518 8.810863 8.800561 0.032140 0.032257 0.071651 0.063979 0.032257 0.032132 0.032257 14270 14685
13 62.310000 60.320000 1000000 8.809805 8.797292 8.806834 8.797336 0.032138 0.032257 0.071652 0.063980 0.032257 0.032129 0.032257 14680 15141
13 62.310000 60.320000 1000000 8.808358 8.796217 8.805386 8.796260 0.032138 0.032257 0.070693 0.062904 0.032257 0.032130 0.032257 15140 17348
13 62.310000 60.320000 1000000 8.777706 8.769873 8.774610 8.769065 0.032137 0.032257 0.066427 0.058069 0.032257 0.032128 0.032257 17340 17755
13 62.310000 60.320000 1000000 8.776710 8.768797 8.773613 8.767990 0.032136 0.032257 0.066427 0.058069 0.032257 0.032127 0.032257 17750 17831
13 62.310000 60.320000 1000000 8.775802 8.767722 8.772704 8.766915 0.032135 0.032257 0.066426 0.058068 0.032257 0.032127 0.032257 17830 18409
13 62.310000 60.320000 1000000 8.769949 8.761271 8.766729 8.758761 0.032137 0.032257 0.065489 0.056993 0.032257 0.032129 0.032257 18400 19501
13 62.310000 60.320000 1000000 8.765876 8.756969 8.762651 8.754459 0.032138 0.032257 0.067368 0.059143 0.032257 0.032129 0.032257 19500 20105
13 62.310000 60.320000 1000000 8.753906 8.747292 8.750668 8.744782 0.032137 0.032257 0.063626 0.054843 0.032257 0.032128 0.032257 20100 20681
13 62.310000 60.320000 1000000 8.752730 8.746217 8.749491 8.743707 0.032136 0.032257 0.063626 0.054843 0.032257 0.032128 0.032257 20680 20875
13 62.310000 60.320000 1000000 8.750928 8.745142 8.747687 8.742632 0.032137 0.032257 0.062702 0.053768 0.032257 0.032129 0.032257 20870 21545
13 62.310000 60.320000 1000000 8.738795 8.734389 8.735540 8.731879 0.032142 0.032257 0.058158 0.048392 0.032257 0.032133 0.032257 21540 21682
13 62.310000 60.320000 1000000 8.733798 8.730088 8.730538 8.727578 0.032139 0.032257 0.057266 0.047317 0.032257 0.032130 0.032257 21680 21825
13 62.310000 60.320000 1000000 8.731929 8.729012 8.728666 8.726502 0.032139 0.032257 0.058158 0.048392 0.032257 0.032131 0.032257 21820 22315
13 62.310000 60.320000 1000000 8.730308 8.727937 8.727043 8.725427 0.032140 0.032257 0.058158 0.048392 0.032257 0.032131 0.032257 22310 23565
13 62.310000 60.320000 1000000 8.727037 8.724711 8.723769 8.722201 0.032138 0.032257 0.058158 0.048392 0.032257 0.032129 0.032257 23560 24507
13 62.310000 60.320000 1000000 8.719548 8.715034 8.716272 8.712524 0.032143 0.032257 0.059056 0.049467 0.032257 0.032135 0.032257 24500 27084
13 62.310000 60.320000 1000000 8.702787 8.702131 8.699492 8.699621 0.032147 0.032257 0.061782 0.052692 0.032257 0.032138 0.032257 27080 27314
13 62.310000 60.320000 1000000 8.694499 8.696754 8.691194 8.694244 0.032151 0.032257 0.057266 0.047316 0.032257 0.032143 0.032257 27310 27370
13 62.310000 60.320000 1000000 8.693203 8.695679 8.689897 8.693169 0.032152 0.032257 0.056380 0.046241 0.032257 0.032143 0.032257 27370 29490
13 62.310000 60.320000 1000000 8.689908 8.692453 8.686598 8.689943 0.032151 0.032257 0.057265 0.047316 0.032257 0.032142 0.032257 29490 29722
13 62.310000 60.320000 1000000 8.688251 8.691378 8.684940 8.688868 0.032151 0.032257 0.057265 0.047315 0.032257 0.032142 0.032257 29720 31233
13 62.310000 60.320000 1000000 8.685736 8.688152 8.682421 8.685642 0.032151 0.032257 0.056380 0.046240 0.032257 0.032143 0.032257 31230 31413
13 62.310000 60.320000 1000000 8.683875 8.687077 8.680559 8.684567 0.032152 0.032257 0.057265 0.047315 0.032257 0.032143 0.032257 31410 31811
13 62.310000 60.320000 1000000 8.680862 8.682776 8.677541 8.680266 0.032153 0.032257 0.058156 0.048390 0.032257 0.032144 0.032257 31810 33377
13 62.310000 60.320000 1000000 8.655108 8.663421 8.651758 8.660911 0.032156 0.032257 0.058158 0.048392 0.032257 0.032147 0.032257 33370 34689
13 62.310000 60.320000 1000000 8.650080 8.655894 8.646217 8.651771 0.032155 0.032257 0.056381 0.046242 0.032257 0.032147 0.032257 34680 42863
13 62.310000 60.320000 1000000 8.607259 8.618797 8.603447 8.612927 0.032162 0.032257 0.063163 0.054305 0.032257 0.032154 0.032257 42860 42882
13 62.310000 60.320000 1000000 8.605389 8.617722 8.601575 8.611852 0.032163 0.032257 0.062241 0.053230 0.032257 0.032155 0.032257 42880 47295
13 62.310000 60.320000 1000000 8.603559 8.616647 8.599742 8.610777 0.032164 0.032257 0.061324 0.052155 0.032257 0.032155 0.032257 47290 50071
13 62.310000 60.320000 1000000 8.598298 8.613421 8.594474 8.607551 0.032164 0.032257 0.060412 0.051079 0.032257 0.032156 0.032257 49010 56215
13 62.310000 60.320000 1000000 8.588147 8.604819 8.584310 8.598949 0.032168 0.032257 0.059506 0.050004 0.032257 0.032160 0.032257 56210 62145
13 62.310000 60.320000 1000000 8.583779 8.597292 8.581016 8.596440 0.032168 0.032257 0.054198 0.043553 0.032257 0.032159 0.032257 62140 62724
13 62.310000 60.320000 1000000 8.582642 8.596217 8.579878 8.595364 0.032168 0.032257 0.055065 0.044628 0.032257 0.032159 0.032257 62720 65075
13 62.310000 60.320000 1000000 8.576271 8.590840 8.573500 8.589988 0.032165 0.032257 0.055940 0.045703 0.032257 0.032156 0.032257 65070 69670
13 62.310000 60.320000 1000000 8.558260 8.574711 8.555472 8.573859 0.032171 0.032257 0.060413 0.051080 0.032257 0.032162 0.032257 69670 72072
13 62.310000 60.320000 1000000 8.556904 8.573636 8.554115 8.572784 0.032171 0.032257 0.060413 0.051080 0.032257 0.032161 0.032257 72070 75106
13 62.310000 60.320000 1000000 8.549468 8.563959 8.546671 8.563106 0.032175 0.032257 0.065022 0.056456 0.032257 0.032165 0.032257 75100 75784
13 62.310000 60.320000 1000000 8.542677 8.558582 8.539874 8.557730 0.032173 0.032257 0.067841 0.059682 0.032257 0.032164 0.032257 75780 77297
13 62.310000 60.320000 1000000 8.541594 8.557507 8.538790 8.556655 0.032173 0.032257 0.066897 0.058606 0.032257 0.032164 0.032257 77290 78352
13 62.310000 60.320000 1000000 8.540798 8.556432 8.537993 8.555580 0.032173 0.032257 0.065957 0.057531 0.032257 0.032164 0.032257 78350 79452
13 62.310000 60.320000 1000000 8.536463 8.553206 8.533654 8.552354 0.032173 0.032257 0.067841 0.059682 0.032257 0.032164 0.032257 79450 84514
13 62.310000 60.320000 1000000 8.535188 8.552131 8.532377 8.551278 0.032172 0.032257 0.068789 0.060757 0.032257 0.032163 0.032257 84510 86608
13 62.310000 60.320000 1000000 8.530210 8.548905 8.527395 8.548053 0.032174 0.032257 0.067841 0.059681 0.032257 0.032165 0.032257 86600 89054
13 62.310000 60.320000 1000000 8.526677 8.545679 8.523858 8.544827 0.032176 0.032257 0.066897 0.058606 0.032257 0.032167 0.032257 89050 89406
13 62.310000 60.320000 1000000 8.525143 8.544604 8.522322 8.543752 0.032175 0.032257 0.066897 0.058606 0.032257 0.032166 0.032257 89400 95260
13 62.310000 60.320000 1000000 8.504723 8.522561 8.501368 8.518348 0.032181 0.032257 0.064556 0.055919 0.032257 0.032172 0.032257 95260 96876
13 62.310000 60.320000 1000000 8.503454 8.521486 8.500098 8.517273 0.032181 0.032257 0.063627 0.054844 0.032257 0.032172 0.032257 96870 102514
13 62.310000 60.320000 1000000 8.499409 8.518260 8.496048 8.514047 0.032180 0.032257 0.061783 0.052693 0.032257 0.032172 0.032257 102510 104163
13 62.310000 60.320000 1000000 8.497466 8.517185 8.494102 8.512972 0.032181 0.032257 0.061783 0.052693 0.032257 0.032173 0.032257 104160 110691
13 62.310000 60.320000 1000000 8.480422 8.502131 8.477038 8.497918 0.032186 0.032257 0.064556 0.055919 0.032257 0.032178 0.032257 110690 113036
13 62.310000 60.320000 1000000 8.476722 8.498905 8.473244 8.494289 0.032186 0.032257 0.065490 0.056995 0.032257 0.032178 0.032257 113030 120668
13 62.310000 60.320000 1000000 8.475824 8.497830 8.472345 8.493214 0.032186 0.032257 0.064556 0.055919 0.032257 0.032177 0.032257 120660 125454
13 62.310000 60.320000 1000000 8.472459 8.494604 8.468976 8.489988 0.032186 0.032257 0.066428 0.058070 0.032257 0.032178 0.032257 125450 130419
13 62.310000 60.320000 1000000 8.463921 8.487077 8.460428 8.482461 0.032182 0.032257 0.066428 0.058070 0.032257 0.032173 0.032257 130410 133455
13 62.310000 60.320000 1000000 8.462092 8.482776 8.459381 8.481924 0.032183 0.032257 0.063627 0.054844 0.032257 0.032174 0.032257 133450 137501
13 62.310000 60.320000 1000000 8.461411 8.481701 8.458700 8.480848 0.032183 0.032257 0.064556 0.055919 0.032257 0.032174 0.032257 137500 141766
13 62.310000 60.320000 1000000 8.452738 8.475249 8.450019 8.474397 0.032185 0.032257 0.068315 0.060220 0.032257 0.032176 0.032257 141760 150720
13 62.310000 60.320000 1000000 8.449755 8.470948 8.447033 8.470096 0.032187 0.032257 0.065488 0.056992 0.032257 0.032178 0.032257 150720 155097
13 62.310000 60.320000 1000000 8.439030 8.461271 8.436298 8.460418 0.032190 0.032257 0.058156 0.048390 0.032257 0.032181 0.032257 155090 157217
13 62.310000 60.320000 1000000 8.436524 8.458045 8.433789 8.457193 0.032189 0.032257 0.056379 0.046239 0.032257 0.032180 0.032257 157210 157341
13 62.310000 60.320000 1000000 8.435266 8.456970 8.432530 8.456117 0.032189 0.032257 0.057264 0.047315 0.032257 0.032180 0.032257 157340 158368
13 62.310000 60.320000 1000000 8.433974 8.455894 8.431236 8.455042 0.032189 0.032257 0.058156 0.048390 0.032257 0.032180 0.032257 158360 159623
13 62.310000 60.320000 1000000 8.430001 8.449980 8.427197 8.448277 0.032191 0.032257 0.060411 0.051078 0.032257 0.032182 0.032257 159620 181192
13 62.310000 60.320000 1000000 8.406007 8.428475 8.403178 8.426772 0.032198 0.032257 0.060412 0.051079 0.032257 0.032189 0.032257 181190 193813
13 62.310000 60.320000 1000000 8.404754 8.427400 8.401925 8.425696 0.032197 0.032257 0.061324 0.052154 0.032257 0.032188 0.032257 193810 208912
13 62.310000 60.320000 1000000 8.399653 8.418798 8.396646 8.415392 0.032199 0.032257 0.059506 0.050004 0.032257 0.032190 0.032257 208910 212418
13 62.310000 60.320000 1000000 8.398290 8.417722 8.395282 8.414316 0.032199 0.032257 0.058605 0.048929 0.032257 0.032190 0.032257 212410 224568
13 62.310000 60.320000 1000000 8.395652 8.409658 8.392458 8.403698 0.032197 0.032257 0.059957 0.050541 0.032257 0.032188 0.032257 224560 245934
13 62.310000 60.320000 1000000 8.392555 8.403206 8.388752 8.395231 0.032198 0.032257 0.061781 0.052691 0.032257 0.032189 0.032257 245930 250345
13 62.310000 60.320000 1000000 8.390809 8.402131 8.387003 8.394155 0.032198 0.032257 0.062701 0.053766 0.032257 0.032190 0.032257 250340 261933
13 62.310000 60.320000 1000000 8.387144 8.398905 8.383334 8.390929 0.032199 0.032257 0.061780 0.052690 0.032257 0.032190 0.032257 261930 267537
13 62.310000 60.320000 1000000 8.377673 8.390303 8.373849 8.382327 0.032201 0.032257 0.059956 0.050539 0.032257 0.032192 0.032257 267530 282677
13 62.310000 60.320000 1000000 8.368888 8.379551 8.365052 8.371575 0.032203 0.032257 0.059053 0.049464 0.032257 0.032194 0.032257 282670 292436
13 62.310000 60.320000 1000000 8.367340 8.375250 8.364071 8.371037 0.032203 0.032257 0.057263 0.047313 0.032257 0.032195 0.032257 292430 293657
13 62.310000 60.320000 1000000 8.366242 8.374174 8.362971 8.369962 0.032203 0.032257 0.058155 0.048388 0.032257 0.032194 0.032257 293650 294006
13 62.310000 60.320000 1000000 8.364877 8.373099 8.361605 8.368887 0.032202 0.032257 0.059052 0.049464 0.032257 0.032194 0.032257 294000 312688
13 62.310000 60.320000 1000000 8.350787 8.360196 8.347498 8.355983 0.032206 0.032257 0.065487 0.056991 0.032257 0.032197 0.032257 312680 314965
13 62.310000 60.320000 1000000 8.345509 8.356970 8.342214 8.352758 0.032207 0.032257 0.068312 0.060216 0.032257 0.032198 0.032257 314960 326861
13 62.310000 60.320000 1000000 8.341404 8.353744 8.338104 8.349532 0.032205 0.032257 0.070215 0.062367 0.032257 0.032196 0.032257 326860 344595
13 62.310000 60.320000 1000000 8.331592 8.340841 8.328280 8.336628 0.032203 0.032257 0.071172 0.063442 0.032257 0.032195 0.032257 344590 355711
13 62.310000 60.320000 1000000 8.330228 8.339766 8.326915 8.335553 0.032203 0.032257 0.071171 0.063441 0.032257 0.032195 0.032257 355710 368177
13 62.310000 60.320000 1000000 8.327202 8.336540 8.323885 8.332327 0.032203 0.032257 0.071171 0.063441 0.032257 0.032194 0.032257 368170 390254
13 62.310000 60.320000 1000000 8.324042 8.332239 8.320721 8.328026 0.032202 0.032257 0.072130 0.064515 0.032257 0.032194 0.032257 390250 393293
13 62.310000 60.320000 1000000 8.313706 8.324712 8.310373 8.320499 0.032202 0.032257 0.073095 0.065592 0.032257 0.032193 0.032257 393290 420493
13 62.310000 60.320000 1000000 8.302173 8.315034 8.299011 8.312076 0.032204 0.032257 0.070214 0.062365 0.032257 0.032195 0.032257 420490 423041
13 62.310000 60.320000 1000000 8.300305 8.313959 8.297141 8.311001 0.032204 0.032257 0.069260 0.061290 0.032257 0.032196 0.032257 423040 427454
13 62.310000 60.320000 1000000 8.293258 8.306432 8.290085 8.303474 0.032207 0.032257 0.074060 0.066665 0.032257 0.032199 0.032257 426760 437510
13 62.310000 60.320000 1000000 8.275587 8.292454 8.272394 8.289496 0.032211 0.032257 0.071171 0.063441 0.032257 0.032203 0.032257 437510 453603
13 62.310000 60.320000 1000000 8.268603 8.283852 8.265402 8.280894 0.032214 0.032257 0.070214 0.062366 0.032257 0.032205 0.032257 453600 463744
13 62.310000 60.320000 1000000 8.262801 8.276325 8.259594 8.273367 0.032215 0.032257 0.069260 0.061290 0.032257 0.032207 0.032257 463740 465924
13 62.310000 60.320000 1000000 8.261458 8.275250 8.258249 8.272292 0.032215 0.032257 0.069260 0.061290 0.032257 0.032207 0.032257 465920 484063
13 62.310000 60.320000 1000000 8.255727 8.269873 8.252511 8.266915 0.032216 0.032257 0.065485 0.056989 0.032257 0.032207 0.032257 479250 489166
13 62.310000 60.320000 1000000 8.235750 8.254820 8.232510 8.251862 0.032217 0.032257 0.069260 0.061290 0.032257 0.032209 0.032257 489160 523821
13 62.310000 60.320000 1000000 8.219851 8.236540 8.217396 8.237346 0.032216 0.032257 0.072129 0.064514 0.032257 0.032207 0.032257 523820 524284
13 62.310000 60.320000 1000000 8.219369 8.235465 8.216914 8.236270 0.032215 0.032257 0.072129 0.064514 0.032257 0.032206 0.032257 524280 597305
13 62.310000 60.320000 1000000 8.201029 8.220411 8.198558 8.221216 0.032222 0.032257 0.065481 0.056985 0.032257 0.032213 0.032257 597300 672668
13 62.310000 60.320000 1000000 8.197126 8.212884 8.195163 8.216198 0.032223 0.032257 0.064548 0.055910 0.032257 0.032213 0.032257 672660 675220
13 62.310000 60.320000 1000000 8.196563 8.211809 8.194599 8.215123 0.032223 0.032257 0.063620 0.054836 0.032257 0.032213 0.032257 675220 687733
13 62.310000 60.320000 1000000 8.193636 8.208583 8.191670 8.211897 0.032223 0.032257 0.063620 0.054836 0.032257 0.032214 0.032257 687730 722491
13 62.310000 60.320000 1000000 8.172030 8.193529 8.170049 8.196844 0.032227 0.032257 0.067361 0.059136 0.032257 0.032218 0.032257 722490 759827
13 62.310000 60.320000 1000000 8.160617 8.181164 8.158536 8.183627 0.032226 0.032257 0.067834 0.059674 0.032257 0.032217 0.032257 759820 768383
13 62.310000 60.320000 1000000 8.151506 8.175787 8.149419 8.178250 0.032231 0.032257 0.064084 0.055374 0.032257 0.032222 0.032257 768380 800875
13 62.310000 60.320000 1000000 8.149373 8.171486 8.147284 8.173949 0.032231 0.032257 0.064084 0.055373 0.032257 0.032222 0.032257 800870 833240
13 62.310000 60.320000 1000000 8.148079 8.170411 8.145989 8.172874 0.032231 0.032257 0.065015 0.056448 0.032257 0.032222 0.032257 833240 864949
13 62.310000 60.320000 1000000 8.143217 8.167185 8.141123 8.169648 0.032232 0.032257 0.063157 0.054298 0.032257 0.032222 0.032257 864940 873560
13 62.310000 60.320000 1000000 8.142892 8.166110 8.140798 8.168573 0.032231 0.032257 0.063157 0.054298 0.032257 0.032222 0.032257 873560 935238
13 62.310000 60.320000 1000000 8.131022 8.153207 8.129480 8.159433 0.032230 0.032257 0.062236 0.053224 0.032257 0.032220 0.032257 935230 965261
13 62.310000 60.320000 1000000 8.128350 8.148906 8.126440 8.153922 0.032231 0.032257 0.061319 0.052148 0.032257 0.032222 0.032257 965260 1000000
