32 62.310000 60.320000 1000000 13.332953 13.416630 13.327528 13.417032 0.031861 0.032257 0.226503 0.224194 0.032257 0.031854 0.032257 0 50
32 62.310000 60.320000 1000000 12.156138 12.134913 12.162158 12.188226 0.031479 0.032257 0.469389 0.468280 0.032257 0.031461 0.032257 50 60
32 62.310000 60.320000 1000000 11.646999 11.469863 11.643157 11.470712 0.031485 0.032257 0.221714 0.219355 0.032257 0.031475 0.032257 60 73
32 62.310000 60.320000 1000000 11.410121 11.223627 11.406035 11.224476 0.031404 0.032257 0.207896 0.205379 0.032257 0.031394 0.032257 70 80
32 62.310000 60.320000 1000000 11.190798 11.052659 11.186466 11.053508 0.031462 0.032257 0.161321 0.158063 0.032257 0.031452 0.032257 80 90
32 62.310000 60.320000 1000000 11.105841 10.925777 11.101410 10.926627 0.031418 0.032257 0.212141 0.209674 0.032257 0.031408 0.032257 90 100
32 62.310000 60.320000 1000000 11.018570 10.774165 11.015800 10.785185 0.031362 0.032257 0.219584 0.217201 0.032257 0.031352 0.032257 100 110
32 62.310000 60.320000 1000000 10.952941 10.627392 10.944803 10.581646 0.031394 0.032257 0.253136 0.251073 0.032257 0.031383 0.032257 110 120
32 62.310000 60.320000 1000000 10.893208 10.583306 10.884700 10.536754 0.031383 0.032257 0.252070 0.249997 0.032257 0.031372 0.032257 120 130
32 62.310000 60.320000 1000000 10.868700 10.554811 10.859894 10.505706 0.031396 0.032257 0.260071 0.258063 0.032257 0.031386 0.032257 130 140
32 62.310000 60.320000 1000000 10.826147 10.530080 10.817237 10.480975 0.031417 0.032257 0.260071 0.258063 0.032257 0.031407 0.032257 140 151
32 62.310000 60.320000 1000000 10.781392 10.482769 10.771773 10.426853 0.031397 0.032257 0.250471 0.248385 0.032257 0.031387 0.032257 150 161
32 62.310000 60.320000 1000000 10.637162 10.358038 10.629258 10.310904 0.031474 0.032257 0.200459 0.197847 0.032257 0.031463 0.032257 160 175
32 62.310000 60.320000 1000000 10.560341 10.307501 10.552262 10.260367 0.031514 0.032257 0.202583 0.199999 0.032257 0.031504 0.032257 170 180
32 62.310000 60.320000 1000000 10.381118 10.204276 10.373216 10.159651 0.031653 0.032257 0.187734 0.184942 0.032257 0.031643 0.032257 180 192
32 62.310000 60.320000 1000000 10.323204 10.125781 10.311443 10.064310 0.031681 0.032257 0.236614 0.234405 0.032257 0.031669 0.032257 190 205
32 62.310000 60.320000 1000000 10.236137 9.993524 10.224073 9.932053 0.031698 0.032257 0.293176 0.291396 0.032257 0.031686 0.032257 200 210
32 62.310000 60.320000 1000000 10.165422 9.893524 10.162492 9.888505 0.031715 0.032257 0.252605 0.250537 0.032257 0.031705 0.032257 210 226
32 62.310000 60.320000 1000000 10.088283 9.801051 10.084170 9.792000 0.031767 0.032257 0.180328 0.177419 0.032257 0.031758 0.032257 220 231
32 62.310000 60.320000 1000000 10.080884 9.791374 10.076762 9.782322 0.031765 0.032257 0.176098 0.173118 0.032257 0.031755 0.032257 230 247
32 62.310000 60.320000 1000000 10.075333 9.785998 10.071204 9.776946 0.031768 0.032257 0.172928 0.169893 0.032257 0.031758 0.032257 240 260
32 62.310000 60.320000 1000000 10.043186 9.761266 10.039017 9.752215 0.031789 0.032257 0.164488 0.161294 0.032257 0.031780 0.032257 260 278
32 62.310000 60.320000 1000000 10.021575 9.739761 10.017379 9.730710 0.031791 0.032257 0.157114 0.153767 0.032257 0.031781 0.032257 270 290
32 62.310000 60.320000 1000000 10.003106 9.719331 10.000566 9.719061 0.031797 0.032257 0.160271 0.156991 0.032257 0.031786 0.032257 290 339
32 62.310000 60.320000 1000000 9.938039 9.637611 9.935718 9.639850 0.031802 0.032257 0.120528 0.116132 0.032257 0.031793 0.032257 330 341
32 62.310000 60.320000 1000000 9.934432 9.634385 9.932108 9.636624 0.031802 0.032257 0.123639 0.119357 0.032257 0.031792 0.032257 340 388
32 62.310000 60.320000 1000000 9.853763 9.580622 9.852137 9.590388 0.031849 0.032257 0.136138 0.132261 0.032257 0.031840 0.032257 380 394
32 62.310000 60.320000 1000000 9.852462 9.579547 9.850835 9.589313 0.031847 0.032257 0.135093 0.131186 0.032257 0.031839 0.032257 390 402
32 62.310000 60.320000 1000000 9.847662 9.570945 9.846032 9.580711 0.031849 0.032257 0.139274 0.135487 0.032257 0.031841 0.032257 400 416
32 62.310000 60.320000 1000000 9.844125 9.567719 9.842494 9.577485 0.031846 0.032257 0.142414 0.138713 0.032257 0.031838 0.032257 410 421
32 62.310000 60.320000 1000000 9.831569 9.556966 9.829932 9.566732 0.031852 0.032257 0.131963 0.127960 0.032257 0.031844 0.032257 420 431
32 62.310000 60.320000 1000000 9.827728 9.552665 9.826088 9.562431 0.031850 0.032257 0.135093 0.131186 0.032257 0.031841 0.032257 430 454
32 62.310000 60.320000 1000000 9.808176 9.541913 9.806526 9.551678 0.031865 0.032257 0.133006 0.129035 0.032257 0.031856 0.032257 450 469
32 62.310000 60.320000 1000000 9.776791 9.513956 9.775126 9.523721 0.031868 0.032257 0.122602 0.118282 0.032257 0.031860 0.032257 460 491
32 62.310000 60.320000 1000000 9.769056 9.495139 9.766613 9.497244 0.031869 0.032257 0.118976 0.114520 0.032257 0.031861 0.032257 490 502
32 62.310000 60.320000 1000000 9.747627 9.477935 9.744632 9.478023 0.031874 0.032257 0.113811 0.109144 0.032257 0.031866 0.032257 500 510
32 62.310000 60.320000 1000000 9.711156 9.448903 9.708026 9.448588 0.031883 0.032257 0.115873 0.111293 0.032257 0.031875 0.032257 510 532
32 62.310000 60.320000 1000000 9.645439 9.406967 9.642244 9.406653 0.031913 0.032257 0.133527 0.129572 0.032257 0.031905 0.032257 530 542
32 62.310000 60.320000 1000000 9.615953 9.377935 9.612566 9.375918 0.031913 0.032257 0.137707 0.133875 0.032257 0.031905 0.032257 540 566
32 62.310000 60.320000 1000000 9.574725 9.347828 9.571294 9.345811 0.031922 0.032257 0.139798 0.136026 0.032257 0.031914 0.032257 560 592
32 62.310000 60.320000 1000000 9.480974 9.282237 9.477440 9.280220 0.031960 0.032257 0.136663 0.132802 0.032257 0.031953 0.032257 590 608
32 62.310000 60.320000 1000000 9.476173 9.277936 9.472634 9.275919 0.031960 0.032257 0.139800 0.136027 0.032257 0.031953 0.032257 600 610
32 62.310000 60.320000 1000000 9.472680 9.270409 9.469908 9.272155 0.031959 0.032257 0.134575 0.130651 0.032257 0.031951 0.032257 610 640
32 62.310000 60.320000 1000000 9.421018 9.238151 9.418201 9.239897 0.031985 0.032257 0.141893 0.138177 0.032257 0.031977 0.032257 640 653
32 62.310000 60.320000 1000000 9.420025 9.237076 9.417207 9.238822 0.031984 0.032257 0.141893 0.138177 0.032257 0.031976 0.032257 650 660
32 62.310000 60.320000 1000000 9.412093 9.228474 9.409067 9.229010 0.031984 0.032257 0.143989 0.140329 0.032257 0.031976 0.032257 660 690
32 62.310000 60.320000 1000000 9.365575 9.199441 9.362504 9.199978 0.032016 0.032257 0.134573 0.130650 0.032257 0.032008 0.032257 670 706
32 62.310000 60.320000 1000000 9.277774 9.151054 9.274614 9.151591 0.032072 0.032257 0.124160 0.119896 0.032257 0.032064 0.032257 700 762
32 62.310000 60.320000 1000000 9.242192 9.126323 9.238996 9.126860 0.032085 0.032257 0.122085 0.117746 0.032257 0.032077 0.032257 760 831
32 62.310000 60.320000 1000000 9.176556 9.081700 9.173134 9.079682 0.032120 0.032257 0.097941 0.092476 0.032257 0.032112 0.032257 810 835
32 62.310000 60.320000 1000000 9.174849 9.080624 9.171424 9.078607 0.032121 0.032257 0.097941 0.092476 0.032257 0.032113 0.032257 830 909
32 62.310000 60.320000 1000000 9.147963 9.060194 9.145317 9.061941 0.032129 0.032257 0.094899 0.089249 0.032257 0.032120 0.032257 900 912
32 62.310000 60.320000 1000000 9.134746 9.051592 9.132088 9.053338 0.032131 0.032257 0.090866 0.084948 0.032257 0.032122 0.032257 910 1072
32 62.310000 60.320000 1000000 9.093549 9.017184 9.090855 9.018930 0.032137 0.032257 0.086860 0.080648 0.032257 0.032128 0.032257 1070 1117
32 62.310000 60.320000 1000000 9.084941 9.007506 9.082240 9.009253 0.032138 0.032257 0.085864 0.079574 0.032257 0.032129 0.032257 1110 1206
32 62.310000 60.320000 1000000 9.065014 8.979012 9.062633 8.980713 0.032148 0.032257 0.082388 0.075810 0.032257 0.032139 0.032257 1200 1217
32 62.310000 60.320000 1000000 9.060274 8.974711 9.057889 8.976412 0.032149 0.032257 0.079430 0.072584 0.032257 0.032140 0.032257 1210 1238
32 62.310000 60.320000 1000000 9.051050 8.965571 9.048605 8.966421 0.032145 0.032257 0.085864 0.079574 0.032257 0.032136 0.032257 1230 1255
32 62.310000 60.320000 1000000 9.041874 8.959119 9.039423 8.959970 0.032143 0.032257 0.081893 0.075273 0.032257 0.032134 0.032257 1250 1283
32 62.310000 60.320000 1000000 9.036098 8.954818 9.033642 8.955669 0.032143 0.032257 0.084868 0.078498 0.032257 0.032134 0.032257 1280 1339
32 62.310000 60.320000 1000000 9.019320 8.942990 9.016850 8.943841 0.032143 0.032257 0.074064 0.066670 0.032257 0.032134 0.032257 1320 1337
32 62.310000 60.320000 1000000 9.017438 8.940840 9.014894 8.941287 0.032143 0.032257 0.073098 0.065596 0.032257 0.032134 0.032257 1330 1419
32 62.310000 60.320000 1000000 9.012872 8.935464 9.010323 8.935911 0.032141 0.032257 0.073098 0.065595 0.032257 0.032132 0.032257 1410 1426
32 62.310000 60.320000 1000000 9.011430 8.934388 9.008881 8.934835 0.032140 0.032257 0.074064 0.066671 0.032257 0.032131 0.032257 1420 1435
32 62.310000 60.320000 1000000 9.010721 8.933313 9.008171 8.933760 0.032139 0.032257 0.074064 0.066671 0.032257 0.032130 0.032257 1430 1551
32 62.310000 60.320000 1000000 9.002597 8.927937 9.000040 8.928384 0.032142 0.032257 0.070218 0.062370 0.032257 0.032133 0.032257 1550 1669
32 62.310000 60.320000 1000000 8.993120 8.920410 8.990555 8.920857 0.032145 0.032257 0.069265 0.061295 0.032257 0.032135 0.032257 1660 1701
32 62.310000 60.320000 1000000 8.992040 8.919335 8.989474 8.919781 0.032145 0.032257 0.068315 0.060219 0.032257 0.032136 0.032257 1700 1719
32 62.310000 60.320000 1000000 8.990215 8.918259 8.987648 8.918706 0.032146 0.032257 0.068315 0.060219 0.032257 0.032136 0.032257 1710 1748
32 62.310000 60.320000 1000000 8.984827 8.913958 8.982254 8.914405 0.032145 0.032257 0.068315 0.060219 0.032257 0.032136 0.032257 1740 1786
32 62.310000 60.320000 1000000 8.980672 8.910732 8.978096 8.911179 0.032143 0.032257 0.068315 0.060220 0.032257 0.032134 0.032257 1780 1795
32 62.310000 60.320000 1000000 8.979356 8.909657 8.976779 8.910104 0.032142 0.032257 0.068315 0.060220 0.032257 0.032133 0.032257 1790 1849
32 62.310000 60.320000 1000000 8.964657 8.898904 8.962067 8.899351 0.032145 0.032257 0.062700 0.053766 0.032257 0.032136 0.032257 1830 1842
32 62.310000 60.320000 1000000 8.961463 8.896754 8.958871 8.897201 0.032145 0.032257 0.062700 0.053766 0.032257 0.032136 0.032257 1840 1910
32 62.310000 60.320000 1000000 8.958605 8.892453 8.956010 8.892900 0.032143 0.032257 0.063624 0.054841 0.032257 0.032134 0.032257 1910 1927
32 62.310000 60.320000 1000000 8.958017 8.891377 8.955422 8.891824 0.032142 0.032257 0.062700 0.053766 0.032257 0.032133 0.032257 1920 1967
32 62.310000 60.320000 1000000 8.956436 8.890302 8.953840 8.890749 0.032142 0.032257 0.062700 0.053766 0.032257 0.032133 0.032257 1960 1977
32 62.310000 60.320000 1000000 8.954817 8.889227 8.952219 8.889674 0.032142 0.032257 0.063625 0.054841 0.032257 0.032133 0.032257 1970 2275
32 62.310000 60.320000 1000000 8.923676 8.863421 8.922051 8.868885 0.032154 0.032257 0.076979 0.069895 0.032257 0.032144 0.032257 2270 2382
32 62.310000 60.320000 1000000 8.905558 8.849442 8.903923 8.854907 0.032157 0.032257 0.070217 0.062368 0.032257 0.032147 0.032257 2380 2508
32 62.310000 60.320000 1000000 8.900114 8.845141 8.898476 8.850606 0.032153 0.032257 0.073097 0.065594 0.032257 0.032144 0.032257 2410 2634
32 62.310000 60.320000 1000000 8.891181 8.837614 8.889539 8.843079 0.032150 0.032257 0.075032 0.067745 0.032257 0.032141 0.032257 2630 2824
32 62.310000 60.320000 1000000 8.863916 8.818259 8.862259 8.823724 0.032154 0.032257 0.074063 0.066669 0.032257 0.032144 0.032257 2820 2857
32 62.310000 60.320000 1000000 8.858599 8.813958 8.856938 8.819423 0.032151 0.032257 0.072133 0.064519 0.032257 0.032142 0.032257 2850 2977
32 62.310000 60.320000 1000000 8.857290 8.812883 8.855629 8.818348 0.032151 0.032257 0.071173 0.063444 0.032257 0.032141 0.032257 2970 3332
32 62.310000 60.320000 1000000 8.845177 8.804281 8.843509 8.809746 0.032150 0.032257 0.071175 0.063446 0.032257 0.032141 0.032257 3330 3404
32 62.310000 60.320000 1000000 8.829656 8.792453 8.827979 8.797918 0.032156 0.032257 0.072135 0.064520 0.032257 0.032146 0.032257 3400 3472
32 62.310000 60.320000 1000000 8.817516 8.781700 8.815832 8.787165 0.032151 0.032257 0.069265 0.061295 0.032257 0.032141 0.032257 3470 3754
32 62.310000 60.320000 1000000 8.806979 8.773098 8.805289 8.778563 0.032147 0.032257 0.071174 0.063444 0.032257 0.032137 0.032257 3690 3717
32 62.310000 60.320000 1000000 8.805920 8.772023 8.804230 8.777488 0.032148 0.032257 0.072134 0.064519 0.032257 0.032138 0.032257 3710 3754
32 62.310000 60.320000 1000000 8.803999 8.770948 8.802307 8.776412 0.032148 0.032257 0.072134 0.064519 0.032257 0.032139 0.032257 3750 3782
32 62.310000 60.320000 1000000 8.803257 8.769872 8.801564 8.775337 0.032148 0.032257 0.072134 0.064519 0.032257 0.032138 0.032257 3780 3876
32 62.310000 60.320000 1000000 8.801594 8.768797 8.799901 8.774262 0.032148 0.032257 0.072134 0.064519 0.032257 0.032138 0.032257 3870 3888
32 62.310000 60.320000 1000000 8.801455 8.767722 8.799924 8.774441 0.032148 0.032257 0.072134 0.064519 0.032257 0.032138 0.032257 3880 3946
32 62.310000 60.320000 1000000 8.794281 8.762346 8.792747 8.769065 0.032150 0.032257 0.070216 0.062368 0.032257 0.032140 0.032257 3940 3977
32 62.310000 60.320000 1000000 8.793859 8.761270 8.792324 8.767990 0.032150 0.032257 0.069263 0.061293 0.032257 0.032140 0.032257 3970 4427
32 62.310000 60.320000 1000000 8.783063 8.753743 8.781523 8.760463 0.032153 0.032257 0.066425 0.058067 0.032257 0.032143 0.032257 4420 4760
32 62.310000 60.320000 1000000 8.770413 8.742991 8.768866 8.749710 0.032148 0.032257 0.067368 0.059143 0.032257 0.032138 0.032257 4760 5090
32 62.310000 60.320000 1000000 8.754569 8.733313 8.753014 8.740033 0.032152 0.032257 0.063626 0.054842 0.032257 0.032142 0.032257 5090 5169
32 62.310000 60.320000 1000000 8.746931 8.727937 8.745372 8.734656 0.032154 0.032257 0.068313 0.060218 0.032257 0.032144 0.032257 5160 5349
32 62.310000 60.320000 1000000 8.742275 8.723636 8.740713 8.730355 0.032151 0.032257 0.066425 0.058067 0.032257 0.032142 0.032257 5340 5385
32 62.310000 60.320000 1000000 8.740534 8.722561 8.738971 8.729280 0.032152 0.032257 0.065487 0.056991 0.032257 0.032142 0.032257 5380 5475
32 62.310000 60.320000 1000000 8.739696 8.721486 8.738133 8.728205 0.032152 0.032257 0.064553 0.055916 0.032257 0.032142 0.032257 5470 5598
32 62.310000 60.320000 1000000 8.738955 8.720410 8.737391 8.727130 0.032151 0.032257 0.065487 0.056991 0.032257 0.032141 0.032257 5590 5620
32 62.310000 60.320000 1000000 8.738534 8.719335 8.736970 8.726054 0.032151 0.032257 0.065486 0.056991 0.032257 0.032141 0.032257 5620 5686
32 62.310000 60.320000 1000000 8.735567 8.717184 8.734002 8.723904 0.032149 0.032257 0.063624 0.054840 0.032257 0.032140 0.032257 5680 5715
32 62.310000 60.320000 1000000 8.734411 8.716109 8.732845 8.722829 0.032149 0.032257 0.063624 0.054841 0.032257 0.032139 0.032257 5710 6024
32 62.310000 60.320000 1000000 8.730223 8.712883 8.728654 8.719603 0.032150 0.032257 0.062700 0.053766 0.032257 0.032140 0.032257 6020 6050
32 62.310000 60.320000 1000000 8.728516 8.711808 8.726947 8.718527 0.032150 0.032257 0.063624 0.054841 0.032257 0.032140 0.032257 6050 6367
32 62.310000 60.320000 1000000 8.717327 8.704281 8.715751 8.711001 0.032152 0.032257 0.064553 0.055916 0.032257 0.032142 0.032257 6360 6551
32 62.310000 60.320000 1000000 8.715548 8.703206 8.713972 8.709925 0.032152 0.032257 0.064553 0.055916 0.032257 0.032142 0.032257 6550 6691
32 62.310000 60.320000 1000000 8.714273 8.702131 8.712696 8.708850 0.032152 0.032257 0.065487 0.056991 0.032257 0.032143 0.032257 6690 6729
32 62.310000 60.320000 1000000 8.712760 8.701055 8.711182 8.707775 0.032153 0.032257 0.065487 0.056991 0.032257 0.032143 0.032257 6720 7136
32 62.310000 60.320000 1000000 8.707007 8.696754 8.705426 8.703474 0.032152 0.032257 0.064553 0.055916 0.032257 0.032142 0.032257 7130 7260
32 62.310000 60.320000 1000000 8.700752 8.690303 8.699168 8.697022 0.032152 0.032257 0.068312 0.060216 0.032257 0.032142 0.032257 7260 7838
32 62.310000 60.320000 1000000 8.695737 8.686002 8.694149 8.692721 0.032149 0.032257 0.072132 0.064517 0.032257 0.032140 0.032257 7830 7856
32 62.310000 60.320000 1000000 8.694413 8.684926 8.692825 8.691646 0.032150 0.032257 0.071172 0.063442 0.032257 0.032140 0.032257 7850 7924
32 62.310000 60.320000 1000000 8.688549 8.679550 8.686957 8.686269 0.032153 0.032257 0.072131 0.064516 0.032257 0.032143 0.032257 7920 8182
32 62.310000 60.320000 1000000 8.688101 8.678475 8.686509 8.685194 0.032153 0.032257 0.072131 0.064516 0.032257 0.032143 0.032257 8180 8392
32 62.310000 60.320000 1000000 8.686777 8.677400 8.685185 8.684119 0.032153 0.032257 0.071171 0.063441 0.032257 0.032143 0.032257 8390 9941
32 62.310000 60.320000 1000000 8.675758 8.657507 8.672984 8.658850 0.032159 0.032257 0.065019 0.056452 0.032257 0.032150 0.032257 9440 9561
32 62.310000 60.320000 1000000 8.674763 8.656432 8.671988 8.657775 0.032159 0.032257 0.064087 0.055377 0.032257 0.032150 0.032257 9560 9941
32 62.310000 60.320000 1000000 8.664250 8.646755 8.661725 8.649352 0.032154 0.032257 0.057709 0.047852 0.032257 0.032145 0.032257 9940 10027
32 62.310000 60.320000 1000000 8.663019 8.645679 8.660492 8.648277 0.032155 0.032257 0.057709 0.047852 0.032257 0.032146 0.032257 10020 10133
32 62.310000 60.320000 1000000 8.662177 8.644604 8.659650 8.647201 0.032154 0.032257 0.057709 0.047852 0.032257 0.032145 0.032257 10130 10303
32 62.310000 60.320000 1000000 8.653130 8.638152 8.650595 8.640750 0.032152 0.032257 0.061323 0.052153 0.032257 0.032143 0.032257 10300 10724
32 62.310000 60.320000 1000000 8.652169 8.637077 8.649633 8.639675 0.032152 0.032257 0.062240 0.053228 0.032257 0.032142 0.032257 10720 11170
32 62.310000 60.320000 1000000 8.643179 8.629550 8.640635 8.632148 0.032153 0.032257 0.062239 0.053227 0.032257 0.032144 0.032257 11170 11698
32 62.310000 60.320000 1000000 8.643068 8.627937 8.640466 8.629684 0.032153 0.032257 0.061780 0.052689 0.032257 0.032144 0.032257 11690 11709
32 62.310000 60.320000 1000000 8.642347 8.626862 8.639744 8.628608 0.032154 0.032257 0.062699 0.053765 0.032257 0.032145 0.032257 11700 12175
32 62.310000 60.320000 1000000 8.636522 8.621486 8.633914 8.623232 0.032155 0.032257 0.065488 0.056993 0.032257 0.032146 0.032257 11710 12556
32 62.310000 60.320000 1000000 8.635693 8.620411 8.633084 8.622157 0.032155 0.032257 0.065488 0.056993 0.032257 0.032146 0.032257 12550 12795
32 62.310000 60.320000 1000000 8.634423 8.619335 8.631813 8.621081 0.032154 0.032257 0.064555 0.055918 0.032257 0.032145 0.032257 12790 13066
32 62.310000 60.320000 1000000 8.629228 8.616109 8.626614 8.617856 0.032156 0.032257 0.065488 0.056993 0.032257 0.032147 0.032257 13060 13347
32 62.310000 60.320000 1000000 8.625323 8.610733 8.622705 8.612479 0.032158 0.032257 0.063626 0.054842 0.032257 0.032149 0.032257 13340 13481
32 62.310000 60.320000 1000000 8.623381 8.609658 8.620761 8.611404 0.032159 0.032257 0.063626 0.054842 0.032257 0.032150 0.032257 13480 13661
32 62.310000 60.320000 1000000 8.621583 8.608583 8.618961 8.610329 0.032159 0.032257 0.062702 0.053767 0.032257 0.032150 0.032257 13660 13873
32 62.310000 60.320000 1000000 8.620153 8.607507 8.617530 8.609253 0.032159 0.032257 0.062702 0.053768 0.032257 0.032150 0.032257 13870 13898
32 62.310000 60.320000 1000000 8.618375 8.606432 8.615751 8.608178 0.032160 0.032257 0.061782 0.052693 0.032257 0.032151 0.032257 13890 13962
32 62.310000 60.320000 1000000 8.617018 8.605357 8.614392 8.607103 0.032160 0.032257 0.060868 0.051617 0.032257 0.032150 0.032257 13960 14527
32 62.310000 60.320000 1000000 8.614408 8.602131 8.611779 8.603877 0.032158 0.032257 0.060868 0.051618 0.032257 0.032149 0.032257 14520 15256
32 62.310000 60.320000 1000000 8.610386 8.599980 8.607754 8.601727 0.032160 0.032257 0.059959 0.050542 0.032257 0.032151 0.032257 15050 16097
32 62.310000 60.320000 1000000 8.606453 8.593529 8.603818 8.595275 0.032162 0.032257 0.060868 0.051617 0.032257 0.032153 0.032257 16090 17246
32 62.310000 60.320000 1000000 8.587547 8.580626 8.584894 8.582372 0.032165 0.032257 0.063626 0.054842 0.032257 0.032156 0.032257 17240 17687
32 62.310000 60.320000 1000000 8.583655 8.577400 8.580999 8.579146 0.032166 0.032257 0.060867 0.051616 0.032257 0.032157 0.032257 17680 17785
32 62.310000 60.320000 1000000 8.582046 8.576324 8.579387 8.578071 0.032166 0.032257 0.060867 0.051616 0.032257 0.032157 0.032257 17780 18825
32 62.310000 60.320000 1000000 8.573207 8.567722 8.570541 8.569468 0.032170 0.032257 0.064555 0.055917 0.032257 0.032161 0.032257 18820 18974
32 62.310000 60.320000 1000000 8.569366 8.564496 8.566696 8.566243 0.032168 0.032257 0.063626 0.054842 0.032257 0.032159 0.032257 18970 19148
32 62.310000 60.320000 1000000 8.564661 8.561271 8.561987 8.563017 0.032167 0.032257 0.064555 0.055917 0.032257 0.032158 0.032257 19140 19510
32 62.310000 60.320000 1000000 8.547210 8.550518 8.544519 8.552264 0.032170 0.032257 0.063625 0.054842 0.032257 0.032161 0.032257 19510 20405
32 62.310000 60.320000 1000000 8.545931 8.549443 8.543239 8.551189 0.032169 0.032257 0.062701 0.053766 0.032257 0.032160 0.032257 20400 21485
32 62.310000 60.320000 1000000 8.538981 8.545142 8.536283 8.546888 0.032170 0.032257 0.061781 0.052691 0.032257 0.032161 0.032257 21480 21643
32 62.310000 60.320000 1000000 8.533637 8.540841 8.530933 8.542587 0.032169 0.032257 0.062701 0.053767 0.032257 0.032160 0.032257 21640 21716
32 62.310000 60.320000 1000000 8.532330 8.539765 8.529625 8.541511 0.032169 0.032257 0.063625 0.054842 0.032257 0.032160 0.032257 21710 21739
32 62.310000 60.320000 1000000 8.530292 8.538690 8.527585 8.540436 0.032171 0.032257 0.062701 0.053767 0.032257 0.032162 0.032257 21730 21822
32 62.310000 60.320000 1000000 8.530179 8.537077 8.527413 8.537972 0.032171 0.032257 0.063163 0.054304 0.032257 0.032162 0.032257 21820 22765
32 62.310000 60.320000 1000000 8.525854 8.533851 8.523083 8.534746 0.032171 0.032257 0.064089 0.055380 0.032257 0.032162 0.032257 22760 23316
32 62.310000 60.320000 1000000 8.516383 8.525249 8.513603 8.526144 0.032172 0.032257 0.064089 0.055379 0.032257 0.032163 0.032257 23310 23808
32 62.310000 60.320000 1000000 8.515041 8.524174 8.512259 8.525069 0.032171 0.032257 0.063162 0.054303 0.032257 0.032162 0.032257 23800 25290
32 62.310000 60.320000 1000000 8.508663 8.519873 8.505876 8.520768 0.032170 0.032257 0.063162 0.054303 0.032257 0.032161 0.032257 25290 27408
32 62.310000 60.320000 1000000 8.506949 8.518798 8.504160 8.519693 0.032171 0.032257 0.062240 0.053228 0.032257 0.032162 0.032257 27400 27988
32 62.310000 60.320000 1000000 8.504949 8.517722 8.502158 8.518617 0.032172 0.032257 0.061323 0.052154 0.032257 0.032163 0.032257 27980 29491
32 62.310000 60.320000 1000000 8.499634 8.513421 8.496838 8.514316 0.032171 0.032257 0.062240 0.053228 0.032257 0.032162 0.032257 28310 28985
32 62.310000 60.320000 1000000 8.498379 8.512346 8.495582 8.513241 0.032171 0.032257 0.063162 0.054304 0.032257 0.032162 0.032257 28980 29491
32 62.310000 60.320000 1000000 8.485782 8.504819 8.482972 8.505714 0.032174 0.032257 0.067840 0.059680 0.032257 0.032165 0.032257 29490 30455
32 62.310000 60.320000 1000000 8.478207 8.498368 8.475390 8.499262 0.032177 0.032257 0.062240 0.053229 0.032257 0.032168 0.032257 30450 32908
32 62.310000 60.320000 1000000 8.467903 8.487615 8.464950 8.488107 0.032181 0.032257 0.062241 0.053230 0.032257 0.032172 0.032257 32900 33403
32 62.310000 60.320000 1000000 8.466480 8.486540 8.463525 8.487031 0.032180 0.032257 0.062241 0.053230 0.032257 0.032171 0.032257 33400 33989
32 62.310000 60.320000 1000000 8.465609 8.485464 8.462653 8.485956 0.032181 0.032257 0.061324 0.052155 0.032257 0.032172 0.032257 33980 34156
32 62.310000 60.320000 1000000 8.460434 8.482239 8.457473 8.482730 0.032182 0.032257 0.059506 0.050004 0.032257 0.032173 0.032257 34150 35762
32 62.310000 60.320000 1000000 8.458612 8.481163 8.455648 8.481655 0.032183 0.032257 0.059506 0.050004 0.032257 0.032174 0.032257 35760 37183
32 62.310000 60.320000 1000000 8.451682 8.473636 8.449254 8.476637 0.032183 0.032257 0.058605 0.048928 0.032257 0.032173 0.032257 37180 38479
32 62.310000 60.320000 1000000 8.441553 8.463959 8.439116 8.466960 0.032184 0.032257 0.060410 0.051077 0.032257 0.032174 0.032257 38470 40098
32 62.310000 60.320000 1000000 8.437295 8.458583 8.434854 8.461583 0.032187 0.032257 0.061322 0.052152 0.032257 0.032177 0.032257 40090 41237
32 62.310000 60.320000 1000000 8.422347 8.448905 8.419893 8.451906 0.032189 0.032257 0.061322 0.052152 0.032257 0.032180 0.032257 41230 42380
32 62.310000 60.320000 1000000 8.420207 8.445679 8.417504 8.447874 0.032190 0.032257 0.062239 0.053228 0.032257 0.032181 0.032257 42380 42807
32 62.310000 60.320000 1000000 8.419979 8.444604 8.417542 8.448053 0.032190 0.032257 0.062239 0.053228 0.032257 0.032181 0.032257 42800 44241
32 62.310000 60.320000 1000000 8.418356 8.438690 8.415622 8.439585 0.032191 0.032257 0.060866 0.051615 0.032257 0.032182 0.032257 44240 45737
32 62.310000 60.320000 1000000 8.410821 8.433314 8.408080 8.434209 0.032190 0.032257 0.059957 0.050540 0.032257 0.032181 0.032257 45730 45747
32 62.310000 60.320000 1000000 8.408988 8.432238 8.406245 8.433133 0.032191 0.032257 0.059054 0.049465 0.032257 0.032182 0.032257 45740 46138
32 62.310000 60.320000 1000000 8.407627 8.431163 8.404883 8.432058 0.032190 0.032257 0.059053 0.049465 0.032257 0.032181 0.032257 46130 48034
32 62.310000 60.320000 1000000 8.391920 8.413959 8.388791 8.411449 0.032193 0.032257 0.055501 0.045164 0.032257 0.032185 0.032257 48030 51062
32 62.310000 60.320000 1000000 8.382309 8.406432 8.379170 8.403922 0.032197 0.032257 0.057265 0.047315 0.032257 0.032188 0.032257 49970 51823
32 62.310000 60.320000 1000000 8.380967 8.405357 8.377826 8.402847 0.032196 0.032257 0.057265 0.047315 0.032257 0.032187 0.032257 51820 52265
32 62.310000 60.320000 1000000 8.379801 8.404282 8.376659 8.401772 0.032197 0.032257 0.056380 0.046240 0.032257 0.032188 0.032257 52260 52741
32 62.310000 60.320000 1000000 8.378513 8.403206 8.375369 8.400696 0.032196 0.032257 0.056380 0.046240 0.032257 0.032188 0.032257 52740 52817
32 62.310000 60.320000 1000000 8.377455 8.402131 8.374310 8.399621 0.032197 0.032257 0.057265 0.047315 0.032257 0.032188 0.032257 52810 53758
32 62.310000 60.320000 1000000 8.371704 8.394067 8.368492 8.390705 0.032200 0.032257 0.054197 0.043552 0.032257 0.032192 0.032257 53750 59750
32 62.310000 60.320000 1000000 8.368977 8.389766 8.365761 8.386404 0.032201 0.032257 0.056822 0.046778 0.032257 0.032192 0.032257 59750 62922
32 62.310000 60.320000 1000000 8.366407 8.387615 8.363188 8.384254 0.032200 0.032257 0.055940 0.045703 0.032257 0.032191 0.032257 60610 66676
32 62.310000 60.320000 1000000 8.346671 8.371486 8.343430 8.368125 0.032199 0.032257 0.055940 0.045702 0.032257 0.032190 0.032257 66670 69536
32 62.310000 60.320000 1000000 8.342056 8.365034 8.339339 8.364182 0.032200 0.032257 0.055063 0.044625 0.032257 0.032191 0.032257 69530 70100
32 62.310000 60.320000 1000000 8.340924 8.363959 8.338205 8.363107 0.032201 0.032257 0.055063 0.044625 0.032257 0.032191 0.032257 70100 71234
32 62.310000 60.320000 1000000 8.337555 8.360733 8.334834 8.359881 0.032201 0.032257 0.055938 0.045700 0.032257 0.032192 0.032257 71230 73454
32 62.310000 60.320000 1000000 8.336472 8.359658 8.333749 8.358806 0.032201 0.032257 0.055938 0.045700 0.032257 0.032192 0.032257 73450 76877
32 62.310000 60.320000 1000000 8.335363 8.358583 8.332639 8.357730 0.032201 0.032257 0.055938 0.045700 0.032257 0.032192 0.032257 76870 77037
32 62.310000 60.320000 1000000 8.334889 8.357507 8.332165 8.356655 0.032201 0.032257 0.056818 0.046774 0.032257 0.032192 0.032257 77030 80243
32 62.310000 60.320000 1000000 8.330176 8.354282 8.327447 8.353429 0.032200 0.032257 0.054194 0.043548 0.032257 0.032191 0.032257 80240 83382
32 62.310000 60.320000 1000000 8.321155 8.348905 8.318418 8.348053 0.032204 0.032257 0.055063 0.044625 0.032257 0.032195 0.032257 83380 83862
32 62.310000 60.320000 1000000 8.319715 8.347830 8.316976 8.346978 0.032204 0.032257 0.054195 0.043549 0.032257 0.032195 0.032257 83860 85779
32 62.310000 60.320000 1000000 8.317785 8.346755 8.315044 8.345902 0.032205 0.032257 0.053335 0.042474 0.032257 0.032196 0.032257 85770 88373
32 62.310000 60.320000 1000000 8.311404 8.342454 8.308657 8.341601 0.032206 0.032257 0.054195 0.043550 0.032257 0.032197 0.032257 88370 90808
32 62.310000 60.320000 1000000 8.301920 8.336002 8.299163 8.335150 0.032207 0.032257 0.053334 0.042474 0.032257 0.032198 0.032257 90800 99620
32 62.310000 60.320000 1000000 8.295541 8.330626 8.292778 8.329773 0.032207 0.032257 0.056818 0.046774 0.032257 0.032197 0.032257 99620 101077
32 62.310000 60.320000 1000000 8.294092 8.329550 8.291328 8.328698 0.032206 0.032257 0.057707 0.047849 0.032257 0.032197 0.032257 101070 107891
32 62.310000 60.320000 1000000 8.282285 8.322024 8.279509 8.321171 0.032206 0.032257 0.056818 0.046773 0.032257 0.032197 0.032257 107890 108445
32 62.310000 60.320000 1000000 8.280569 8.320948 8.277790 8.320096 0.032207 0.032257 0.056818 0.046773 0.032257 0.032198 0.032257 108440 112852
32 62.310000 60.320000 1000000 8.273996 8.315572 8.271211 8.314720 0.032204 0.032257 0.053334 0.042473 0.032257 0.032195 0.032257 112850 115672
32 62.310000 60.320000 1000000 8.266225 8.306970 8.263432 8.306117 0.032207 0.032257 0.055063 0.044624 0.032257 0.032198 0.032257 115670 116701
32 62.310000 60.320000 1000000 8.265384 8.305894 8.262590 8.305042 0.032207 0.032257 0.054195 0.043549 0.032257 0.032198 0.032257 116700 117000
32 62.310000 60.320000 1000000 8.256098 8.300518 8.253295 8.299666 0.032211 0.032257 0.052482 0.041398 0.032257 0.032202 0.032257 117000 118579
32 62.310000 60.320000 1000000 8.248192 8.294067 8.245381 8.293214 0.032211 0.032257 0.052483 0.041400 0.032257 0.032201 0.032257 118570 119557
32 62.310000 60.320000 1000000 8.243916 8.289766 8.241101 8.288913 0.032210 0.032257 0.052483 0.041400 0.032257 0.032200 0.032257 119550 120857
32 62.310000 60.320000 1000000 8.240636 8.286540 8.237817 8.285687 0.032209 0.032257 0.053336 0.042475 0.032257 0.032199 0.032257 120850 136436
32 62.310000 60.320000 1000000 8.213566 8.258583 8.210463 8.256924 0.032220 0.032257 0.051639 0.040324 0.032257 0.032211 0.032257 136430 138487
32 62.310000 60.320000 1000000 8.212059 8.257507 8.208955 8.255849 0.032219 0.032257 0.051639 0.040324 0.032257 0.032210 0.032257 138480 139031
32 62.310000 60.320000 1000000 8.211407 8.256432 8.208303 8.254773 0.032219 0.032257 0.050804 0.039249 0.032257 0.032210 0.032257 139030 139047
32 62.310000 60.320000 1000000 8.210700 8.255357 8.207595 8.253698 0.032219 0.032257 0.051639 0.040324 0.032257 0.032210 0.032257 139040 146837
32 62.310000 60.320000 1000000 8.209128 8.254282 8.206021 8.252623 0.032219 0.032257 0.052483 0.041399 0.032257 0.032211 0.032257 146830 151105
32 62.310000 60.320000 1000000 8.208417 8.253206 8.205309 8.251548 0.032219 0.032257 0.053335 0.042475 0.032257 0.032210 0.032257 151100 173528
32 62.310000 60.320000 1000000 8.198254 8.241378 8.195134 8.239720 0.032219 0.032257 0.051639 0.040324 0.032257 0.032210 0.032257 173520 182303
32 62.310000 60.320000 1000000 8.188013 8.233852 8.184881 8.232193 0.032220 0.032257 0.055064 0.044626 0.032257 0.032211 0.032257 182300 183460
32 62.310000 60.320000 1000000 8.186824 8.232776 8.183692 8.231118 0.032220 0.032257 0.055064 0.044626 0.032257 0.032211 0.032257 183460 207371
32 62.310000 60.320000 1000000 8.175983 8.220948 8.173110 8.220544 0.032220 0.032257 0.053337 0.042476 0.032257 0.032211 0.032257 207370 215321
32 62.310000 60.320000 1000000 8.172271 8.216647 8.169394 8.216243 0.032221 0.032257 0.053337 0.042476 0.032257 0.032212 0.032257 215320 220745
32 62.310000 60.320000 1000000 8.168463 8.213421 8.165582 8.213017 0.032220 0.032257 0.055939 0.045701 0.032257 0.032211 0.032257 220740 231957
32 62.310000 60.320000 1000000 8.161803 8.201593 8.160197 8.207462 0.032222 0.032257 0.058604 0.048927 0.032257 0.032212 0.032257 231950 245373
32 62.310000 60.320000 1000000 8.157935 8.195142 8.155956 8.199800 0.032223 0.032257 0.056822 0.046778 0.032257 0.032213 0.032257 245370 253631
32 62.310000 60.320000 1000000 8.152813 8.189766 8.150831 8.194424 0.032223 0.032257 0.056821 0.046777 0.032257 0.032214 0.032257 253630 263030
32 62.310000 60.320000 1000000 8.151656 8.186002 8.149578 8.189809 0.032223 0.032257 0.057264 0.047314 0.032257 0.032214 0.032257 263030 303547
32 62.310000 60.320000 1000000 8.144200 8.170948 8.142985 8.180222 0.032223 0.032257 0.059957 0.050540 0.032257 0.032213 0.032257 303540 305107
32 62.310000 60.320000 1000000 8.143153 8.169873 8.141937 8.179146 0.032223 0.032257 0.059957 0.050540 0.032257 0.032213 0.032257 305100 312992
32 62.310000 60.320000 1000000 8.141688 8.168798 8.140471 8.178071 0.032222 0.032257 0.059053 0.049464 0.032257 0.032212 0.032257 312990 330387
32 62.310000 60.320000 1000000 8.139555 8.166647 8.138337 8.175920 0.032223 0.032257 0.058155 0.048389 0.032257 0.032214 0.032257 315250 319660
32 62.310000 60.320000 1000000 8.138523 8.165572 8.137306 8.174845 0.032224 0.032257 0.058155 0.048389 0.032257 0.032214 0.032257 319660 330387
32 62.310000 60.320000 1000000 8.134049 8.162346 8.132829 8.171619 0.032226 0.032257 0.057264 0.047313 0.032257 0.032216 0.032257 330380 332476
32 62.310000 60.320000 1000000 8.132946 8.161271 8.131725 8.170544 0.032226 0.032257 0.057264 0.047313 0.032257 0.032216 0.032257 332470 339930
32 62.310000 60.320000 1000000 8.119952 8.147293 8.118726 8.156566 0.032228 0.032257 0.060865 0.051615 0.032257 0.032218 0.032257 339930 346930
32 62.310000 60.320000 1000000 8.119335 8.146217 8.118109 8.155490 0.032228 0.032257 0.059956 0.050539 0.032257 0.032218 0.032257 346930 370075
32 62.310000 60.320000 1000000 8.107613 8.135465 8.106381 8.144738 0.032232 0.032257 0.060865 0.051614 0.032257 0.032222 0.032257 370070 381720
32 62.310000 60.320000 1000000 8.105136 8.132239 8.103805 8.141109 0.032231 0.032257 0.061779 0.052689 0.032257 0.032222 0.032257 381720 384093
32 62.310000 60.320000 1000000 8.104241 8.131164 8.102910 8.140033 0.032232 0.032257 0.062699 0.053764 0.032257 0.032222 0.032257 384090 393087
32 62.310000 60.320000 1000000 8.102843 8.130088 8.101512 8.138958 0.032232 0.032257 0.062699 0.053764 0.032257 0.032222 0.032257 393080 404286
32 62.310000 60.320000 1000000 8.101840 8.129013 8.100507 8.137883 0.032232 0.032257 0.063623 0.054839 0.032257 0.032222 0.032257 404280 418294
32 62.310000 60.320000 1000000 8.096125 8.118260 8.094602 8.125428 0.032232 0.032257 0.066424 0.058066 0.032257 0.032222 0.032257 418290 418586
32 62.310000 60.320000 1000000 8.094455 8.117185 8.092931 8.124352 0.032231 0.032257 0.066424 0.058066 0.032257 0.032222 0.032257 418580 419263
32 62.310000 60.320000 1000000 8.093070 8.116110 8.091544 8.123277 0.032231 0.032257 0.066424 0.058066 0.032257 0.032221 0.032257 419260 434606
32 62.310000 60.320000 1000000 8.091553 8.115035 8.090027 8.122202 0.032231 0.032257 0.067366 0.059141 0.032257 0.032221 0.032257 434600 445838
32 62.310000 60.320000 1000000 8.090474 8.113959 8.088947 8.121127 0.032231 0.032257 0.066425 0.058066 0.032257 0.032221 0.032257 445830 451963
32 62.310000 60.320000 1000000 8.087373 8.110734 8.085844 8.117901 0.032230 0.032257 0.069262 0.061292 0.032257 0.032220 0.032257 451960 466583
32 62.310000 60.320000 1000000 8.083524 8.107508 8.081994 8.114675 0.032229 0.032257 0.071172 0.063442 0.032257 0.032219 0.032257 466580 553844
32 62.310000 60.320000 1000000 8.063798 8.084927 8.062256 8.092094 0.032231 0.032257 0.068312 0.060216 0.032257 0.032221 0.032257 553840 560183
32 62.310000 60.320000 1000000 8.062302 8.083852 8.060759 8.091019 0.032230 0.032257 0.068312 0.060216 0.032257 0.032221 0.032257 560180 573874
32 62.310000 60.320000 1000000 8.060949 8.082776 8.059406 8.089944 0.032230 0.032257 0.067366 0.059141 0.032257 0.032220 0.032257 573870 600539
32 62.310000 60.320000 1000000 8.052984 8.076325 8.051436 8.083492 0.032234 0.032257 0.064552 0.055915 0.032257 0.032225 0.032257 579360 619975
32 62.310000 60.320000 1000000 8.042142 8.068798 8.040588 8.075965 0.032236 0.032257 0.063623 0.054839 0.032257 0.032226 0.032257 619970 649280
32 62.310000 60.320000 1000000 8.034778 8.056970 8.032801 8.061628 0.032238 0.032257 0.055499 0.045162 0.032257 0.032228 0.032257 649280 650371
32 62.310000 60.320000 1000000 8.032177 8.052669 8.030198 8.057327 0.032239 0.032257 0.053764 0.043012 0.032257 0.032229 0.032257 650370 659236
32 62.310000 60.320000 1000000 8.029241 8.049443 8.027495 8.055356 0.032238 0.032257 0.056378 0.046237 0.032257 0.032228 0.032257 659230 678249
32 62.310000 60.320000 1000000 8.023339 8.044067 8.021590 8.049980 0.032240 0.032257 0.055499 0.045162 0.032257 0.032230 0.032257 678240 714416
32 62.310000 60.320000 1000000 8.019510 8.036002 8.017559 8.039362 0.032239 0.032257 0.055937 0.045700 0.032257 0.032230 0.032257 714410 761775
32 62.310000 60.320000 1000000 8.006259 8.018798 8.003949 8.018752 0.032238 0.032257 0.055938 0.045701 0.032257 0.032229 0.032257 761770 772108
32 62.310000 60.320000 1000000 7.999990 8.014497 7.997675 8.014451 0.032239 0.032257 0.057710 0.047852 0.032257 0.032230 0.032257 772100 784068
32 62.310000 60.320000 1000000 7.990571 8.006970 7.988247 8.006924 0.032238 0.032257 0.057710 0.047853 0.032257 0.032228 0.032257 784060 835645
32 62.310000 60.320000 1000000 7.976973 7.989766 7.974637 7.989720 0.032234 0.032257 0.061324 0.052154 0.032257 0.032225 0.032257 835640 848114
32 62.310000 60.320000 1000000 7.975403 7.988691 7.973066 7.988645 0.032234 0.032257 0.060412 0.051079 0.032257 0.032225 0.032257 848110 848675
32 62.310000 60.320000 1000000 7.974901 7.987615 7.972563 7.987569 0.032234 0.032257 0.059506 0.050004 0.032257 0.032225 0.032257 848670 867664
32 62.310000 60.320000 1000000 7.973698 7.986540 7.971359 7.986494 0.032234 0.032257 0.059506 0.050004 0.032257 0.032224 0.032257 867660 877681
32 62.310000 60.320000 1000000 7.972382 7.985465 7.970042 7.985419 0.032233 0.032257 0.059506 0.050004 0.032257 0.032224 0.032257 877680 923027
32 62.310000 60.320000 1000000 7.966016 7.977938 7.963670 7.977892 0.032233 0.032257 0.063163 0.054305 0.032257 0.032224 0.032257 923020 966190
32 62.310000 60.320000 1000000 7.961386 7.972562 7.958807 7.971709 0.032232 0.032257 0.063163 0.054305 0.032257 0.032223 0.032257 966190 1000000
