60 62.310000 60.320000 1000000 12.599248 12.766094 12.594085 12.769453 0.031672 0.032257 0.255270 0.253223 0.032257 0.031664 0.032257 0 50
60 62.310000 60.320000 1000000 11.149943 11.220939 11.147256 11.232720 0.031215 0.032257 0.196747 0.194085 0.032257 0.031204 0.032257 50 60
60 62.310000 60.320000 1000000 10.909198 10.998359 10.905751 11.006332 0.031114 0.032257 0.170287 0.167203 0.032257 0.031103 0.032257 60 70
60 62.310000 60.320000 1000000 10.618294 10.769328 10.614274 10.775598 0.031115 0.032257 0.134569 0.130645 0.032257 0.031104 0.032257 70 81
60 62.310000 60.320000 1000000 10.519614 10.643521 10.516169 10.652794 0.031065 0.032257 0.133526 0.129571 0.032257 0.031053 0.032257 80 90
60 62.310000 60.320000 1000000 10.468864 10.604812 10.466597 10.619954 0.031076 0.032257 0.126235 0.122044 0.032257 0.031063 0.032257 90 101
60 62.310000 60.320000 1000000 10.376266 10.534920 10.373938 10.550061 0.031080 0.032257 0.142936 0.139248 0.032257 0.031068 0.032257 100 111
60 62.310000 60.320000 1000000 10.297796 10.437070 10.295492 10.452660 0.031017 0.032257 0.155532 0.152150 0.032257 0.031003 0.032257 110 128
60 62.310000 60.320000 1000000 10.254876 10.385995 10.253123 10.403242 0.030960 0.032257 0.145556 0.141937 0.032257 0.030946 0.032257 120 130
60 62.310000 60.320000 1000000 10.096828 10.058039 10.091255 10.024614 0.030854 0.032257 0.202587 0.200003 0.032257 0.030839 0.032257 130 152
60 62.310000 60.320000 1000000 10.049894 10.002663 10.042452 9.958173 0.030875 0.032257 0.213739 0.211290 0.032257 0.030862 0.032257 150 164
60 62.310000 60.320000 1000000 9.981680 9.914491 9.974084 9.870000 0.030876 0.032257 0.220116 0.217740 0.032257 0.030863 0.032257 160 175
60 62.310000 60.320000 1000000 9.932337 9.875782 9.924244 9.830485 0.030892 0.032257 0.214800 0.212365 0.032257 0.030880 0.032257 170 186
60 62.310000 60.320000 1000000 9.856470 9.762879 9.848189 9.717582 0.030849 0.032257 0.244610 0.242474 0.032257 0.030838 0.032257 180 195
60 62.310000 60.320000 1000000 9.812920 9.731696 9.804528 9.686399 0.030883 0.032257 0.222247 0.219893 0.032257 0.030872 0.032257 190 200
60 62.310000 60.320000 1000000 9.775555 9.615030 9.777264 9.639983 0.030856 0.032257 0.197280 0.194625 0.032257 0.030852 0.032257 200 212
60 62.310000 60.320000 1000000 9.768897 9.608578 9.770610 9.633532 0.030853 0.032257 0.194098 0.191399 0.032257 0.030850 0.032257 210 228
60 62.310000 60.320000 1000000 9.664728 9.385998 9.665330 9.408532 0.030841 0.032257 0.204712 0.202154 0.032257 0.030839 0.032257 220 243
60 62.310000 60.320000 1000000 9.598824 9.279546 9.593497 9.278693 0.030860 0.032257 0.142415 0.138713 0.032257 0.030856 0.032257 240 253
60 62.310000 60.320000 1000000 9.585173 9.267719 9.579771 9.266463 0.030877 0.032257 0.141369 0.137639 0.032257 0.030874 0.032257 250 260
60 62.310000 60.320000 1000000 9.581200 9.256966 9.575792 9.255710 0.030873 0.032257 0.136140 0.132263 0.032257 0.030870 0.032257 260 273
60 62.310000 60.320000 1000000 9.576912 9.246751 9.571184 9.242224 0.030873 0.032257 0.130403 0.126350 0.032257 0.030868 0.032257 270 291
60 62.310000 60.320000 1000000 9.548833 9.219870 9.543054 9.215343 0.030890 0.032257 0.142939 0.139252 0.032257 0.030886 0.032257 290 321
60 62.310000 60.320000 1000000 9.521803 9.191912 9.516033 9.187834 0.030883 0.032257 0.124161 0.119897 0.032257 0.030878 0.032257 320 330
60 62.310000 60.320000 1000000 9.501385 9.172558 9.495578 9.168479 0.030899 0.032257 0.109694 0.104843 0.032257 0.030895 0.032257 330 356
60 62.310000 60.320000 1000000 9.486000 9.162880 9.480164 9.158802 0.030902 0.032257 0.113811 0.109144 0.032257 0.030898 0.032257 350 364
60 62.310000 60.320000 1000000 9.462009 9.152128 9.456130 9.148049 0.030931 0.032257 0.109694 0.104843 0.032257 0.030927 0.032257 360 391
60 62.310000 60.320000 1000000 9.361507 9.083311 9.363270 9.104322 0.031019 0.032257 0.129359 0.125273 0.032257 0.031003 0.032257 390 400
60 62.310000 60.320000 1000000 9.330095 9.066107 9.331875 9.087118 0.031046 0.032257 0.130400 0.126347 0.032257 0.031030 0.032257 400 429
60 62.310000 60.320000 1000000 9.320892 9.053204 9.322678 9.074214 0.031058 0.032257 0.121047 0.116670 0.032257 0.031042 0.032257 420 438
60 62.310000 60.320000 1000000 9.319297 9.052128 9.321084 9.073139 0.031059 0.032257 0.120011 0.115595 0.032257 0.031043 0.032257 430 458
60 62.310000 60.320000 1000000 9.317454 9.049978 9.319242 9.070989 0.031058 0.032257 0.118976 0.114519 0.032257 0.031042 0.032257 450 467
60 62.310000 60.320000 1000000 9.311161 9.039225 9.312558 9.059430 0.031060 0.032257 0.122084 0.117745 0.032257 0.031045 0.032257 460 474
60 62.310000 60.320000 1000000 9.304642 9.031698 9.306373 9.053157 0.031067 0.032257 0.129359 0.125272 0.032257 0.031051 0.032257 470 503
60 62.310000 60.320000 1000000 9.291421 9.012881 9.292121 9.028382 0.031082 0.032257 0.122602 0.118283 0.032257 0.031068 0.032257 500 521
60 62.310000 60.320000 1000000 9.264969 8.986000 9.264673 8.995989 0.031108 0.032257 0.111235 0.106455 0.032257 0.031096 0.032257 520 551
60 62.310000 60.320000 1000000 9.252891 8.968796 9.250805 8.974753 0.031112 0.032257 0.100989 0.095699 0.032257 0.031102 0.032257 550 571
60 62.310000 60.320000 1000000 9.212549 8.938688 9.210538 8.945900 0.031135 0.032257 0.105074 0.100000 0.032257 0.031126 0.032257 570 617
60 62.310000 60.320000 1000000 9.164217 8.905355 9.162174 8.912567 0.031157 0.032257 0.104051 0.098924 0.032257 0.031147 0.032257 590 622
60 62.310000 60.320000 1000000 9.143597 8.887613 9.140539 8.891554 0.031178 0.032257 0.096416 0.090860 0.032257 0.031169 0.032257 620 632
60 62.310000 60.320000 1000000 9.140853 8.885462 9.137792 8.889404 0.031176 0.032257 0.096416 0.090860 0.032257 0.031167 0.032257 630 640
60 62.310000 60.320000 1000000 9.138158 8.882236 9.135095 8.886178 0.031170 0.032257 0.096416 0.090860 0.032257 0.031161 0.032257 640 690
60 62.310000 60.320000 1000000 9.056690 8.827936 9.053142 8.829323 0.031210 0.032257 0.082879 0.076344 0.032257 0.031203 0.032257 690 730
60 62.310000 60.320000 1000000 9.034691 8.810731 9.031117 8.812119 0.031204 0.032257 0.079917 0.073118 0.032257 0.031196 0.032257 730 762
60 62.310000 60.320000 1000000 9.013752 8.795140 9.010117 8.795676 0.031220 0.032257 0.086358 0.080107 0.032257 0.031212 0.032257 760 802
60 62.310000 60.320000 1000000 8.991544 8.782237 8.987882 8.782773 0.031237 0.032257 0.084367 0.077956 0.032257 0.031230 0.032257 800 840
60 62.310000 60.320000 1000000 8.981549 8.774172 8.977742 8.773858 0.031242 0.032257 0.080902 0.074193 0.032257 0.031235 0.032257 840 856
60 62.310000 60.320000 1000000 8.980927 8.773097 8.977120 8.772782 0.031240 0.032257 0.080902 0.074193 0.032257 0.031233 0.032257 850 867
60 62.310000 60.320000 1000000 8.979313 8.770947 8.975504 8.770632 0.031237 0.032257 0.081889 0.075268 0.032257 0.031230 0.032257 860 870
60 62.310000 60.320000 1000000 8.977720 8.769871 8.973908 8.769557 0.031237 0.032257 0.081889 0.075268 0.032257 0.031229 0.032257 870 927
60 62.310000 60.320000 1000000 8.976651 8.764495 8.973051 8.766689 0.031233 0.032257 0.080902 0.074192 0.032257 0.031226 0.032257 920 967
60 62.310000 60.320000 1000000 8.966424 8.756968 8.962811 8.759162 0.031244 0.032257 0.074060 0.066666 0.032257 0.031237 0.032257 960 1026
60 62.310000 60.320000 1000000 8.964413 8.755893 8.960798 8.758087 0.031246 0.032257 0.075029 0.067741 0.032257 0.031239 0.032257 1020 1042
60 62.310000 60.320000 1000000 8.957767 8.752667 8.954144 8.754861 0.031252 0.032257 0.074060 0.066665 0.032257 0.031245 0.032257 1040 1085
60 62.310000 60.320000 1000000 8.948678 8.742990 8.945044 8.745184 0.031262 0.032257 0.077954 0.070966 0.032257 0.031255 0.032257 1080 1146
60 62.310000 60.320000 1000000 8.902958 8.712882 8.899162 8.714270 0.031272 0.032257 0.076001 0.068816 0.032257 0.031265 0.032257 1140 1155
60 62.310000 60.320000 1000000 8.902378 8.711807 8.898582 8.713195 0.031273 0.032257 0.076976 0.069891 0.032257 0.031266 0.032257 1150 1161
60 62.310000 60.320000 1000000 8.887003 8.704280 8.883188 8.705668 0.031290 0.032257 0.071169 0.063439 0.032257 0.031283 0.032257 1160 1224
60 62.310000 60.320000 1000000 8.872033 8.695678 8.868198 8.697066 0.031295 0.032257 0.071169 0.063439 0.032257 0.031288 0.032257 1170 1194
60 62.310000 60.320000 1000000 8.868218 8.680087 8.863245 8.673813 0.031297 0.032257 0.072612 0.065053 0.032257 0.031292 0.032257 1190 1224
60 62.310000 60.320000 1000000 8.866600 8.679012 8.861625 8.672738 0.031297 0.032257 0.072612 0.065053 0.032257 0.031292 0.032257 1220 1274
60 62.310000 60.320000 1000000 8.854776 8.672560 8.849780 8.666287 0.031302 0.032257 0.068785 0.060752 0.032257 0.031297 0.032257 1270 1286
60 62.310000 60.320000 1000000 8.854328 8.671485 8.849332 8.665211 0.031301 0.032257 0.068785 0.060752 0.032257 0.031296 0.032257 1280 1319
60 62.310000 60.320000 1000000 8.852673 8.670409 8.847674 8.664136 0.031302 0.032257 0.068787 0.060754 0.032257 0.031297 0.032257 1310 1347
60 62.310000 60.320000 1000000 8.846102 8.665033 8.841092 8.658760 0.031301 0.032257 0.069739 0.061830 0.032257 0.031297 0.032257 1340 1380
60 62.310000 60.320000 1000000 8.839194 8.658581 8.834172 8.652308 0.031292 0.032257 0.069740 0.061831 0.032257 0.031287 0.032257 1380 1481
60 62.310000 60.320000 1000000 8.836656 8.655356 8.831630 8.649082 0.031286 0.032257 0.069739 0.061831 0.032257 0.031281 0.032257 1480 1546
60 62.310000 60.320000 1000000 8.836166 8.654280 8.831139 8.648007 0.031285 0.032257 0.069739 0.061831 0.032257 0.031280 0.032257 1540 1634
60 62.310000 60.320000 1000000 8.832178 8.649979 8.827144 8.643706 0.031286 0.032257 0.068788 0.060756 0.032257 0.031281 0.032257 1630 1654
60 62.310000 60.320000 1000000 8.830520 8.647291 8.825446 8.640166 0.031288 0.032257 0.067368 0.059143 0.032257 0.031283 0.032257 1650 1670
60 62.310000 60.320000 1000000 8.826610 8.638689 8.824064 8.640346 0.031294 0.032257 0.064552 0.055914 0.032257 0.031285 0.032257 1670 1683
60 62.310000 60.320000 1000000 8.817448 8.633313 8.814895 8.634969 0.031299 0.032257 0.065485 0.056989 0.032257 0.031290 0.032257 1680 1691
60 62.310000 60.320000 1000000 8.816305 8.632238 8.813751 8.633894 0.031297 0.032257 0.064552 0.055914 0.032257 0.031288 0.032257 1690 1704
60 62.310000 60.320000 1000000 8.810128 8.627936 8.807569 8.629593 0.031294 0.032257 0.068311 0.060215 0.032257 0.031285 0.032257 1700 1808
60 62.310000 60.320000 1000000 8.786979 8.612883 8.784399 8.614539 0.031301 0.032257 0.068310 0.060214 0.032257 0.031292 0.032257 1800 2143
60 62.310000 60.320000 1000000 8.782515 8.609657 8.780272 8.612568 0.031304 0.032257 0.067364 0.059139 0.032257 0.031294 0.032257 2140 2161
60 62.310000 60.320000 1000000 8.773931 8.604281 8.771682 8.607192 0.031311 0.032257 0.070212 0.062364 0.032257 0.031302 0.032257 2160 2219
60 62.310000 60.320000 1000000 8.761801 8.596754 8.759543 8.599665 0.031322 0.032257 0.071171 0.063441 0.032257 0.031313 0.032257 2210 2239
60 62.310000 60.320000 1000000 8.751319 8.590302 8.749052 8.593213 0.031331 0.032257 0.070216 0.062368 0.032257 0.031321 0.032257 2230 2264
60 62.310000 60.320000 1000000 8.749965 8.589227 8.747697 8.592138 0.031329 0.032257 0.070216 0.062368 0.032257 0.031320 0.032257 2260 2290
60 62.310000 60.320000 1000000 8.747969 8.588152 8.745699 8.591063 0.031330 0.032257 0.070216 0.062368 0.032257 0.031320 0.032257 2290 2301
60 62.310000 60.320000 1000000 8.746132 8.586001 8.743861 8.588912 0.031326 0.032257 0.070216 0.062368 0.032257 0.031316 0.032257 2300 2684
60 62.310000 60.320000 1000000 8.732264 8.576324 8.729982 8.579235 0.031341 0.032257 0.067368 0.059143 0.032257 0.031331 0.032257 2680 2712
60 62.310000 60.320000 1000000 8.730302 8.575248 8.728019 8.578160 0.031343 0.032257 0.067368 0.059143 0.032257 0.031334 0.032257 2710 2756
60 62.310000 60.320000 1000000 8.728325 8.574173 8.726040 8.577084 0.031345 0.032257 0.067368 0.059143 0.032257 0.031336 0.032257 2750 3010
60 62.310000 60.320000 1000000 8.699193 8.549980 8.696331 8.550830 0.031380 0.032257 0.067841 0.059681 0.032257 0.031372 0.032257 3010 3039
60 62.310000 60.320000 1000000 8.698061 8.548904 8.695198 8.549755 0.031378 0.032257 0.067841 0.059681 0.032257 0.031370 0.032257 3030 3195
60 62.310000 60.320000 1000000 8.689431 8.538152 8.686560 8.539002 0.031359 0.032257 0.067841 0.059681 0.032257 0.031351 0.032257 3190 3231
60 62.310000 60.320000 1000000 8.688144 8.537076 8.685271 8.537927 0.031361 0.032257 0.067841 0.059681 0.032257 0.031352 0.032257 3230 3279
60 62.310000 60.320000 1000000 8.675862 8.529549 8.672977 8.530400 0.031362 0.032257 0.067841 0.059681 0.032257 0.031353 0.032257 3270 3283
60 62.310000 60.320000 1000000 8.672231 8.526324 8.669342 8.527174 0.031360 0.032257 0.068789 0.060756 0.032257 0.031351 0.032257 3280 3529
60 62.310000 60.320000 1000000 8.650539 8.514496 8.647628 8.515346 0.031370 0.032257 0.067841 0.059681 0.032257 0.031362 0.032257 3520 3552
60 62.310000 60.320000 1000000 8.649060 8.513420 8.646148 8.514271 0.031372 0.032257 0.068789 0.060756 0.032257 0.031364 0.032257 3550 3629
60 62.310000 60.320000 1000000 8.648188 8.512345 8.645275 8.513195 0.031370 0.032257 0.068789 0.060756 0.032257 0.031362 0.032257 3620 3906
60 62.310000 60.320000 1000000 8.645090 8.509119 8.642174 8.509969 0.031371 0.032257 0.068789 0.060756 0.032257 0.031362 0.032257 3900 3983
60 62.310000 60.320000 1000000 8.635268 8.501592 8.632342 8.502443 0.031383 0.032257 0.071654 0.063982 0.032257 0.031374 0.032257 3980 4100
60 62.310000 60.320000 1000000 8.617568 8.490840 8.614623 8.491690 0.031388 0.032257 0.080412 0.073659 0.032257 0.031379 0.032257 4100 4111
60 62.310000 60.320000 1000000 8.615766 8.489765 8.612820 8.490615 0.031388 0.032257 0.080412 0.073659 0.032257 0.031380 0.032257 4110 4155
60 62.310000 60.320000 1000000 8.614630 8.488689 8.611683 8.489539 0.031386 0.032257 0.080412 0.073659 0.032257 0.031377 0.032257 4150 4267
60 62.310000 60.320000 1000000 8.612613 8.485463 8.609664 8.486314 0.031382 0.032257 0.079429 0.072583 0.032257 0.031373 0.032257 4260 4916
60 62.310000 60.320000 1000000 8.596905 8.461808 8.594046 8.459612 0.031393 0.032257 0.084371 0.077961 0.032257 0.031384 0.032257 4610 5000
60 62.310000 60.320000 1000000 8.588919 8.456431 8.586053 8.454235 0.031403 0.032257 0.082388 0.075810 0.032257 0.031395 0.032257 4670 5072
60 62.310000 60.320000 1000000 8.580921 8.449980 8.578047 8.447784 0.031411 0.032257 0.080413 0.073659 0.032257 0.031402 0.032257 5070 5372
60 62.310000 60.320000 1000000 8.565885 8.440302 8.562996 8.438106 0.031422 0.032257 0.078448 0.071509 0.032257 0.031414 0.032257 5210 5247
60 62.310000 60.320000 1000000 8.564306 8.439227 8.561415 8.437031 0.031422 0.032257 0.078448 0.071509 0.032257 0.031413 0.032257 5240 5372
60 62.310000 60.320000 1000000 8.558818 8.430625 8.555864 8.428026 0.031419 0.032257 0.077469 0.070434 0.032257 0.031410 0.032257 5370 5596
60 62.310000 60.320000 1000000 8.543295 8.419872 8.540326 8.417273 0.031416 0.032257 0.074548 0.067208 0.032257 0.031407 0.032257 5590 6321
60 62.310000 60.320000 1000000 8.508272 8.388690 8.505265 8.386090 0.031416 0.032257 0.082388 0.075811 0.032257 0.031407 0.032257 6320 6495
60 62.310000 60.320000 1000000 8.506504 8.387614 8.503496 8.385015 0.031418 0.032257 0.081400 0.074736 0.032257 0.031409 0.032257 6490 7176
60 62.310000 60.320000 1000000 8.500773 8.383313 8.497759 8.380714 0.031420 0.032257 0.077470 0.070435 0.032257 0.031412 0.032257 6690 7226
60 62.310000 60.320000 1000000 8.464210 8.357507 8.460976 8.354504 0.031437 0.032257 0.092378 0.086563 0.032257 0.031429 0.032257 7220 7584
60 62.310000 60.320000 1000000 8.457950 8.352130 8.454709 8.349128 0.031436 0.032257 0.095407 0.089788 0.032257 0.031427 0.032257 7580 7876
60 62.310000 60.320000 1000000 8.443002 8.342453 8.439744 8.339450 0.031433 0.032257 0.092378 0.086563 0.032257 0.031424 0.032257 7870 7998
60 62.310000 60.320000 1000000 8.441825 8.341378 8.438566 8.338375 0.031431 0.032257 0.091372 0.085488 0.032257 0.031422 0.032257 7990 8988
60 62.310000 60.320000 1000000 8.420459 8.327399 8.417175 8.324396 0.031452 0.032257 0.093387 0.087639 0.032257 0.031443 0.032257 8980 9318
60 62.310000 60.320000 1000000 8.383224 8.304818 8.379896 8.301816 0.031479 0.032257 0.093387 0.087639 0.032257 0.031471 0.032257 9310 9550
60 62.310000 60.320000 1000000 8.382077 8.303743 8.378748 8.300740 0.031477 0.032257 0.092379 0.086564 0.032257 0.031469 0.032257 9550 10556
60 62.310000 60.320000 1000000 8.372316 8.298367 8.368975 8.295364 0.031488 0.032257 0.088361 0.082263 0.032257 0.031479 0.032257 10550 10608
60 62.310000 60.320000 1000000 8.363599 8.289765 8.360247 8.286762 0.031500 0.032257 0.084371 0.077961 0.032257 0.031492 0.032257 10600 10689
60 62.310000 60.320000 1000000 8.352351 8.282238 8.348986 8.279235 0.031512 0.032257 0.090366 0.084413 0.032257 0.031503 0.032257 10680 11024
60 62.310000 60.320000 1000000 8.351324 8.281163 8.347957 8.278160 0.031510 0.032257 0.089363 0.083338 0.032257 0.031501 0.032257 11020 11240
60 62.310000 60.320000 1000000 8.350680 8.280087 8.347312 8.277085 0.031508 0.032257 0.089363 0.083338 0.032257 0.031500 0.032257 11240 11266
60 62.310000 60.320000 1000000 8.349736 8.279012 8.346367 8.276009 0.031506 0.032257 0.089363 0.083338 0.032257 0.031498 0.032257 11260 11336
60 62.310000 60.320000 1000000 8.348070 8.277937 8.344699 8.274934 0.031506 0.032257 0.088361 0.082262 0.032257 0.031498 0.032257 11330 11678
60 62.310000 60.320000 1000000 8.346910 8.276862 8.343538 8.273859 0.031508 0.032257 0.088361 0.082262 0.032257 0.031499 0.032257 11670 11705
60 62.310000 60.320000 1000000 8.346155 8.275786 8.342782 8.272784 0.031506 0.032257 0.089363 0.083338 0.032257 0.031498 0.032257 11700 11752
60 62.310000 60.320000 1000000 8.344968 8.274711 8.341594 8.271708 0.031504 0.032257 0.088361 0.082263 0.032257 0.031496 0.032257 11750 11801
60 62.310000 60.320000 1000000 8.344004 8.273636 8.340629 8.270633 0.031505 0.032257 0.089363 0.083338 0.032257 0.031497 0.032257 11800 13006
60 62.310000 60.320000 1000000 8.331112 8.259657 8.327721 8.256655 0.031502 0.032257 0.090367 0.084414 0.032257 0.031494 0.032257 13000 13966
60 62.310000 60.320000 1000000 8.319997 8.246754 8.318384 8.250024 0.031518 0.032257 0.097434 0.091940 0.032257 0.031507 0.032257 13960 15796
60 62.310000 60.320000 1000000 8.284256 8.223098 8.282249 8.225562 0.031528 0.032257 0.094396 0.088713 0.032257 0.031518 0.032257 15790 16482
60 62.310000 60.320000 1000000 8.277318 8.217722 8.275306 8.220185 0.031535 0.032257 0.093386 0.087637 0.032257 0.031525 0.032257 16480 16745
60 62.310000 60.320000 1000000 8.276157 8.216647 8.274144 8.219110 0.031533 0.032257 0.092377 0.086562 0.032257 0.031523 0.032257 16740 16995
60 62.310000 60.320000 1000000 8.274034 8.213421 8.272019 8.215884 0.031529 0.032257 0.093385 0.087637 0.032257 0.031518 0.032257 16990 17312
60 62.310000 60.320000 1000000 8.272684 8.212346 8.270669 8.214809 0.031527 0.032257 0.093385 0.087637 0.032257 0.031516 0.032257 17310 18390
60 62.310000 60.320000 1000000 8.238571 8.190840 8.236531 8.193303 0.031554 0.032257 0.085366 0.079037 0.032257 0.031543 0.032257 18390 18543
60 62.310000 60.320000 1000000 8.235486 8.184389 8.232554 8.184836 0.031557 0.032257 0.080413 0.073660 0.032257 0.031548 0.032257 18540 18827
60 62.310000 60.320000 1000000 8.234496 8.183313 8.231564 8.183761 0.031555 0.032257 0.079430 0.072585 0.032257 0.031546 0.032257 18820 20827
60 62.310000 60.320000 1000000 8.215698 8.167185 8.212745 8.167632 0.031576 0.032257 0.079430 0.072585 0.032257 0.031567 0.032257 20820 21667
60 62.310000 60.320000 1000000 8.211104 8.163959 8.208146 8.164406 0.031573 0.032257 0.077470 0.070435 0.032257 0.031565 0.032257 21660 23866
60 62.310000 60.320000 1000000 8.178991 8.129013 8.175055 8.124397 0.031610 0.032257 0.073099 0.065597 0.032257 0.031602 0.032257 23860 23933
60 62.310000 60.320000 1000000 8.177588 8.127937 8.173650 8.123322 0.031612 0.032257 0.072136 0.064522 0.032257 0.031605 0.032257 23930 25681
60 62.310000 60.320000 1000000 8.162675 8.118260 8.158714 8.113644 0.031628 0.032257 0.067367 0.059142 0.032257 0.031621 0.032257 25680 27349
60 62.310000 60.320000 1000000 8.157625 8.113959 8.153657 8.109343 0.031632 0.032257 0.071173 0.063443 0.032257 0.031624 0.032257 27340 27567
60 62.310000 60.320000 1000000 8.156905 8.112883 8.152936 8.108268 0.031630 0.032257 0.071173 0.063443 0.032257 0.031623 0.032257 27560 27884
60 62.310000 60.320000 1000000 8.156673 8.111808 8.152704 8.107193 0.031630 0.032257 0.070216 0.062368 0.032257 0.031623 0.032257 27880 28100
60 62.310000 60.320000 1000000 8.148575 8.106432 8.144594 8.101816 0.031634 0.032257 0.070216 0.062368 0.032257 0.031627 0.032257 28100 30775
60 62.310000 60.320000 1000000 8.113233 8.075249 8.111282 8.078160 0.031668 0.032257 0.066425 0.058067 0.032257 0.031657 0.032257 30770 30866
60 62.310000 60.320000 1000000 8.112118 8.074174 8.110165 8.077085 0.031666 0.032257 0.066425 0.058067 0.032257 0.031656 0.032257 30860 31780
60 62.310000 60.320000 1000000 8.107156 8.069873 8.105200 8.072784 0.031674 0.032257 0.063624 0.054841 0.032257 0.031663 0.032257 31780 33042
60 62.310000 60.320000 1000000 8.102707 8.064497 8.100748 8.067408 0.031672 0.032257 0.061781 0.052691 0.032257 0.031661 0.032257 33040 36249
60 62.310000 60.320000 1000000 8.094549 8.053744 8.092352 8.054953 0.031667 0.032257 0.062700 0.053765 0.032257 0.031657 0.032257 36240 36791
60 62.310000 60.320000 1000000 8.087798 8.048368 8.085595 8.049576 0.031675 0.032257 0.066425 0.058067 0.032257 0.031665 0.032257 36790 37267
60 62.310000 60.320000 1000000 8.079457 8.042991 8.077247 8.044200 0.031675 0.032257 0.063624 0.054841 0.032257 0.031665 0.032257 37260 39720
60 62.310000 60.320000 1000000 8.068266 8.035464 8.066047 8.036673 0.031678 0.032257 0.065487 0.056991 0.032257 0.031668 0.032257 39720 44505
60 62.310000 60.320000 1000000 8.058653 8.025249 8.056090 8.023904 0.031687 0.032257 0.067840 0.059681 0.032257 0.031678 0.032257 41300 50378
60 62.310000 60.320000 1000000 8.017357 7.995142 8.014754 7.993797 0.031700 0.032257 0.072615 0.065057 0.032257 0.031690 0.032257 50370 50447
60 62.310000 60.320000 1000000 8.017179 7.994067 8.014509 7.992318 0.031699 0.032257 0.073580 0.066132 0.032257 0.031690 0.032257 50440 51527
60 62.310000 60.320000 1000000 7.997316 7.980626 7.994517 7.978026 0.031718 0.032257 0.067369 0.059144 0.032257 0.031708 0.032257 51520 52778
60 62.310000 60.320000 1000000 7.996334 7.979551 7.993533 7.976951 0.031716 0.032257 0.067369 0.059144 0.032257 0.031707 0.032257 52770 52950
60 62.310000 60.320000 1000000 7.990594 7.975250 7.987787 7.972650 0.031724 0.032257 0.069264 0.061294 0.032257 0.031715 0.032257 52950 53224
60 62.310000 60.320000 1000000 7.989801 7.974174 7.986993 7.971575 0.031723 0.032257 0.068315 0.060219 0.032257 0.031714 0.032257 53220 57151
60 62.310000 60.320000 1000000 7.965725 7.955895 7.962892 7.953295 0.031733 0.032257 0.078937 0.072046 0.032257 0.031723 0.032257 57150 59336
60 62.310000 60.320000 1000000 7.956823 7.946217 7.953980 7.943618 0.031736 0.032257 0.078937 0.072046 0.032257 0.031727 0.032257 59330 62358
60 62.310000 60.320000 1000000 7.950443 7.940841 7.947594 7.938242 0.031737 0.032257 0.077957 0.070970 0.032257 0.031728 0.032257 62350 67662
60 62.310000 60.320000 1000000 7.926016 7.921486 7.922272 7.916871 0.031766 0.032257 0.071175 0.063445 0.032257 0.031758 0.032257 67660 71920
60 62.310000 60.320000 1000000 7.909284 7.909121 7.905467 7.903654 0.031775 0.032257 0.073581 0.066133 0.032257 0.031767 0.032257 71920 74666
60 62.310000 60.320000 1000000 7.901968 7.898368 7.898140 7.892901 0.031786 0.032257 0.070696 0.062907 0.032257 0.031778 0.032257 74660 76089
60 62.310000 60.320000 1000000 7.900511 7.897293 7.896680 7.891826 0.031787 0.032257 0.071654 0.063983 0.032257 0.031779 0.032257 76080 78455
60 62.310000 60.320000 1000000 7.900072 7.896218 7.896076 7.890348 0.031788 0.032257 0.072616 0.065058 0.032257 0.031780 0.032257 78450 79676
60 62.310000 60.320000 1000000 7.899080 7.895142 7.895082 7.889272 0.031786 0.032257 0.073581 0.066133 0.032257 0.031779 0.032257 79670 87965
60 62.310000 60.320000 1000000 7.867471 7.862884 7.866062 7.867050 0.031810 0.032257 0.067841 0.059682 0.032257 0.031799 0.032257 87960 97311
60 62.310000 60.320000 1000000 7.847071 7.846755 7.845325 7.850115 0.031826 0.032257 0.064088 0.055378 0.032257 0.031815 0.032257 97310 97508
60 62.310000 60.320000 1000000 7.845715 7.845680 7.843968 7.849039 0.031825 0.032257 0.064088 0.055378 0.032257 0.031814 0.032257 97500 102481
60 62.310000 60.320000 1000000 7.842318 7.841379 7.840569 7.844738 0.031826 0.032257 0.065955 0.057529 0.032257 0.031815 0.032257 102480 106501
60 62.310000 60.320000 1000000 7.841601 7.840304 7.839851 7.843663 0.031825 0.032257 0.065955 0.057529 0.032257 0.031814 0.032257 106500 108072
60 62.310000 60.320000 1000000 7.840020 7.836003 7.838269 7.839362 0.031823 0.032257 0.067839 0.059679 0.032257 0.031812 0.032257 108070 108806
60 62.310000 60.320000 1000000 7.838759 7.834927 7.837007 7.838287 0.031821 0.032257 0.067839 0.059679 0.032257 0.031810 0.032257 108800 109069
60 62.310000 60.320000 1000000 7.838248 7.833852 7.836496 7.837211 0.031820 0.032257 0.066895 0.058603 0.032257 0.031809 0.032257 109060 115453
60 62.310000 60.320000 1000000 7.827586 7.821486 7.825712 7.823995 0.031836 0.032257 0.068312 0.060216 0.032257 0.031825 0.032257 115450 120036
60 62.310000 60.320000 1000000 7.824036 7.818261 7.822314 7.822023 0.031837 0.032257 0.069262 0.061292 0.032257 0.031826 0.032257 120030 120648
60 62.310000 60.320000 1000000 7.823098 7.817185 7.821375 7.820948 0.031836 0.032257 0.069262 0.061292 0.032257 0.031825 0.032257 120640 121657
60 62.310000 60.320000 1000000 7.821426 7.816110 7.819702 7.819873 0.031835 0.032257 0.068312 0.060216 0.032257 0.031825 0.032257 121650 128276
60 62.310000 60.320000 1000000 7.807802 7.807508 7.806069 7.811271 0.031849 0.032257 0.068313 0.060217 0.032257 0.031839 0.032257 128270 128617
60 62.310000 60.320000 1000000 7.806427 7.806433 7.804693 7.810195 0.031848 0.032257 0.068313 0.060217 0.032257 0.031837 0.032257 128610 131163
60 62.310000 60.320000 1000000 7.805451 7.803207 7.803550 7.807418 0.031849 0.032257 0.065487 0.056991 0.032257 0.031839 0.032257 131160 135133
60 62.310000 60.320000 1000000 7.802657 7.801056 7.800754 7.805267 0.031852 0.032257 0.065487 0.056991 0.032257 0.031843 0.032257 131910 135235
60 62.310000 60.320000 1000000 7.798219 7.797831 7.796312 7.802041 0.031853 0.032257 0.066425 0.058067 0.032257 0.031844 0.032257 135230 138637
60 62.310000 60.320000 1000000 7.796573 7.796755 7.794665 7.800966 0.031853 0.032257 0.065487 0.056991 0.032257 0.031843 0.032257 138630 147359
60 62.310000 60.320000 1000000 7.788715 7.791379 7.786801 7.795590 0.031862 0.032257 0.061780 0.052690 0.032257 0.031853 0.032257 147350 148477
60 62.310000 60.320000 1000000 7.787309 7.790304 7.785394 7.794514 0.031864 0.032257 0.061780 0.052690 0.032257 0.031855 0.032257 148470 151357
60 62.310000 60.320000 1000000 7.777413 7.782777 7.775491 7.786988 0.031861 0.032257 0.062699 0.053765 0.032257 0.031851 0.032257 151350 151888
60 62.310000 60.320000 1000000 7.776089 7.781702 7.774166 7.785912 0.031863 0.032257 0.061780 0.052690 0.032257 0.031854 0.032257 151880 155699
60 62.310000 60.320000 1000000 7.771900 7.778476 7.769973 7.782686 0.031865 0.032257 0.060866 0.051615 0.032257 0.031855 0.032257 155690 155740
60 62.310000 60.320000 1000000 7.770075 7.777401 7.768148 7.781611 0.031866 0.032257 0.061780 0.052690 0.032257 0.031856 0.032257 155740 157937
60 62.310000 60.320000 1000000 7.768752 7.776325 7.766824 7.780536 0.031865 0.032257 0.062700 0.053765 0.032257 0.031855 0.032257 157930 163640
60 62.310000 60.320000 1000000 7.764747 7.773100 7.762816 7.777310 0.031867 0.032257 0.062700 0.053765 0.032257 0.031857 0.032257 163640 174057
60 62.310000 60.320000 1000000 7.752551 7.761272 7.749858 7.763466 0.031876 0.032257 0.063624 0.054841 0.032257 0.031867 0.032257 174050 177964
60 62.310000 60.320000 1000000 7.750553 7.758046 7.747858 7.760240 0.031878 0.032257 0.061780 0.052690 0.032257 0.031869 0.032257 177960 178115
60 62.310000 60.320000 1000000 7.749758 7.756971 7.747062 7.759165 0.031877 0.032257 0.061780 0.052690 0.032257 0.031868 0.032257 178110 184801
60 62.310000 60.320000 1000000 7.748378 7.755895 7.745681 7.758090 0.031879 0.032257 0.061780 0.052690 0.032257 0.031870 0.032257 184800 185761
60 62.310000 60.320000 1000000 7.747877 7.754820 7.745180 7.757014 0.031878 0.032257 0.062699 0.053765 0.032257 0.031869 0.032257 185760 188594
60 62.310000 60.320000 1000000 7.744167 7.748368 7.741236 7.748860 0.031882 0.032257 0.062699 0.053765 0.032257 0.031874 0.032257 188590 188776
60 62.310000 60.320000 1000000 7.742528 7.747293 7.739595 7.747785 0.031882 0.032257 0.061780 0.052689 0.032257 0.031873 0.032257 188770 189745
60 62.310000 60.320000 1000000 7.741586 7.746218 7.738652 7.746710 0.031883 0.032257 0.061780 0.052689 0.032257 0.031875 0.032257 189740 203505
60 62.310000 60.320000 1000000 7.729754 7.733315 7.727122 7.735061 0.031892 0.032257 0.062699 0.053765 0.032257 0.031883 0.032257 203500 219995
60 62.310000 60.320000 1000000 7.717905 7.721487 7.715261 7.723233 0.031896 0.032257 0.053764 0.043011 0.032257 0.031887 0.032257 219990 228701
60 62.310000 60.320000 1000000 7.716643 7.720411 7.713998 7.722158 0.031894 0.032257 0.052907 0.041936 0.032257 0.031885 0.032257 228700 240831
60 62.310000 60.320000 1000000 7.715392 7.719336 7.712745 7.721083 0.031893 0.032257 0.053764 0.043011 0.032257 0.031884 0.032257 240830 240987
60 62.310000 60.320000 1000000 7.714810 7.718261 7.712163 7.720007 0.031892 0.032257 0.053763 0.043011 0.032257 0.031883 0.032257 240980 245489
60 62.310000 60.320000 1000000 7.711669 7.715035 7.708945 7.716378 0.031890 0.032257 0.056377 0.046237 0.032257 0.031881 0.032257 245480 250860
60 62.310000 60.320000 1000000 7.705405 7.709659 7.702674 7.711002 0.031892 0.032257 0.057262 0.047312 0.032257 0.031883 0.032257 250860 252432
60 62.310000 60.320000 1000000 7.703471 7.708584 7.700739 7.709927 0.031894 0.032257 0.056377 0.046237 0.032257 0.031885 0.032257 252430 255346
60 62.310000 60.320000 1000000 7.702075 7.707508 7.699341 7.708851 0.031893 0.032257 0.056377 0.046237 0.032257 0.031884 0.032257 255340 278357
60 62.310000 60.320000 1000000 7.695400 7.702132 7.692659 7.703475 0.031893 0.032257 0.058154 0.048387 0.032257 0.031884 0.032257 278350 282439
60 62.310000 60.320000 1000000 7.690265 7.697831 7.687518 7.699174 0.031898 0.032257 0.057263 0.047313 0.032257 0.031889 0.032257 282430 305412
60 62.310000 60.320000 1000000 7.671070 7.681702 7.668302 7.683045 0.031915 0.032257 0.059052 0.049463 0.032257 0.031906 0.032257 305410 305591
60 62.310000 60.320000 1000000 7.670799 7.680627 7.668347 7.683224 0.031915 0.032257 0.059052 0.049463 0.032257 0.031906 0.032257 305590 315452
60 62.310000 60.320000 1000000 7.662633 7.673100 7.659885 7.674891 0.031923 0.032257 0.064552 0.055915 0.032257 0.031914 0.032257 315450 320334
60 62.310000 60.320000 1000000 7.652399 7.664498 7.649640 7.666289 0.031938 0.032257 0.060865 0.051614 0.032257 0.031929 0.032257 320330 338504
60 62.310000 60.320000 1000000 7.649949 7.656971 7.647575 7.659568 0.031942 0.032257 0.061780 0.052689 0.032257 0.031932 0.032257 328090 339656
60 62.310000 60.320000 1000000 7.647497 7.653745 7.645120 7.656343 0.031945 0.032257 0.062699 0.053765 0.032257 0.031935 0.032257 339650 341228
60 62.310000 60.320000 1000000 7.647231 7.652670 7.644854 7.655267 0.031944 0.032257 0.062699 0.053765 0.032257 0.031935 0.032257 341220 344888
60 62.310000 60.320000 1000000 7.645842 7.651594 7.643464 7.654192 0.031943 0.032257 0.062699 0.053765 0.032257 0.031934 0.032257 344880 350282
60 62.310000 60.320000 1000000 7.644278 7.650519 7.641898 7.653117 0.031945 0.032257 0.062699 0.053765 0.032257 0.031936 0.032257 350280 393859
60 62.310000 60.320000 1000000 7.622416 7.635465 7.620016 7.638063 0.031946 0.032257 0.064552 0.055915 0.032257 0.031936 0.032257 393850 410426
60 62.310000 60.320000 1000000 7.613852 7.627939 7.611443 7.630536 0.031952 0.032257 0.064552 0.055915 0.032257 0.031943 0.032257 410420 414240
60 62.310000 60.320000 1000000 7.610311 7.625788 7.607899 7.628386 0.031954 0.032257 0.066424 0.058065 0.032257 0.031945 0.032257 411680 416088
60 62.310000 60.320000 1000000 7.609030 7.624713 7.606617 7.627311 0.031953 0.032257 0.066424 0.058065 0.032257 0.031943 0.032257 416080 422052
60 62.310000 60.320000 1000000 7.607008 7.623638 7.604593 7.626235 0.031955 0.032257 0.065486 0.056990 0.032257 0.031945 0.032257 422050 423496
60 62.310000 60.320000 1000000 7.605604 7.622562 7.603188 7.625160 0.031953 0.032257 0.064552 0.055915 0.032257 0.031944 0.032257 423490 427122
60 62.310000 60.320000 1000000 7.601894 7.619336 7.599474 7.621934 0.031957 0.032257 0.062699 0.053764 0.032257 0.031947 0.032257 427120 429391
60 62.310000 60.320000 1000000 7.601250 7.618261 7.598829 7.620859 0.031958 0.032257 0.062699 0.053764 0.032257 0.031948 0.032257 429390 429945
60 62.310000 60.320000 1000000 7.600580 7.617186 7.598159 7.619784 0.031957 0.032257 0.061779 0.052689 0.032257 0.031948 0.032257 429940 432338
60 62.310000 60.320000 1000000 7.599353 7.616111 7.596931 7.618708 0.031956 0.032257 0.062698 0.053764 0.032257 0.031946 0.032257 432330 448488
60 62.310000 60.320000 1000000 7.595627 7.612885 7.593201 7.615483 0.031952 0.032257 0.063622 0.054839 0.032257 0.031942 0.032257 448480 456979
60 62.310000 60.320000 1000000 7.589250 7.608584 7.586818 7.611181 0.031956 0.032257 0.066423 0.058064 0.032257 0.031947 0.032257 448500 457575
60 62.310000 60.320000 1000000 7.579291 7.602132 7.576850 7.604730 0.031958 0.032257 0.062699 0.053764 0.032257 0.031949 0.032257 457570 474561
60 62.310000 60.320000 1000000 7.562862 7.583315 7.559857 7.581656 0.031963 0.032257 0.062239 0.053227 0.032257 0.031955 0.032257 474560 477632
60 62.310000 60.320000 1000000 7.560864 7.582240 7.557857 7.580581 0.031965 0.032257 0.061322 0.052152 0.032257 0.031957 0.032257 477630 485237
60 62.310000 60.320000 1000000 7.547931 7.571487 7.544908 7.569828 0.031980 0.032257 0.065019 0.056453 0.032257 0.031971 0.032257 485230 492681
60 62.310000 60.320000 1000000 7.546964 7.570412 7.543939 7.568753 0.031979 0.032257 0.065019 0.056453 0.032257 0.031970 0.032257 492680 509096
60 62.310000 60.320000 1000000 7.542168 7.562885 7.538883 7.560868 0.031980 0.032257 0.067839 0.059679 0.032257 0.031971 0.032257 509090 513540
60 62.310000 60.320000 1000000 7.526771 7.553207 7.523466 7.551190 0.031992 0.032257 0.060412 0.051079 0.032257 0.031984 0.032257 513540 517364
60 62.310000 60.320000 1000000 7.526567 7.552132 7.523185 7.549712 0.031991 0.032257 0.061324 0.052154 0.032257 0.031983 0.032257 517360 521833
60 62.310000 60.320000 1000000 7.525026 7.551057 7.521642 7.548637 0.031992 0.032257 0.062241 0.053229 0.032257 0.031984 0.032257 521830 534930
60 62.310000 60.320000 1000000 7.523909 7.549982 7.520524 7.547561 0.031991 0.032257 0.063162 0.054304 0.032257 0.031983 0.032257 534930 539071
60 62.310000 60.320000 1000000 7.518114 7.545681 7.514721 7.543260 0.031996 0.032257 0.059506 0.050004 0.032257 0.031988 0.032257 539070 573215
60 62.310000 60.320000 1000000 7.517710 7.544605 7.514316 7.542185 0.031996 0.032257 0.060412 0.051079 0.032257 0.031988 0.032257 573210 621149
60 62.310000 60.320000 1000000 7.502261 7.532777 7.498847 7.530357 0.032008 0.032257 0.061324 0.052155 0.032257 0.032000 0.032257 621140 642820
60 62.310000 60.320000 1000000 7.493028 7.520950 7.489490 7.516827 0.032020 0.032257 0.059506 0.050004 0.032257 0.032012 0.032257 642820 643638
60 62.310000 60.320000 1000000 7.491733 7.519874 7.488192 7.515752 0.032021 0.032257 0.060412 0.051079 0.032257 0.032013 0.032257 643630 667429
60 62.310000 60.320000 1000000 7.474793 7.508046 7.471228 7.503924 0.032033 0.032257 0.062241 0.053230 0.032257 0.032025 0.032257 667420 689329
60 62.310000 60.320000 1000000 7.470858 7.503745 7.467287 7.499623 0.032038 0.032257 0.065957 0.057531 0.032257 0.032030 0.032257 673890 695823
60 62.310000 60.320000 1000000 7.459765 7.492993 7.456179 7.488870 0.032050 0.032257 0.059506 0.050004 0.032257 0.032042 0.032257 695820 702679
60 62.310000 60.320000 1000000 7.454848 7.489767 7.451255 7.485644 0.032052 0.032257 0.062241 0.053230 0.032257 0.032044 0.032257 701040 706690
60 62.310000 60.320000 1000000 7.445908 7.481165 7.442302 7.477042 0.032061 0.032257 0.061324 0.052154 0.032257 0.032053 0.032257 706690 724527
60 62.310000 60.320000 1000000 7.441968 7.477939 7.438356 7.473816 0.032058 0.032257 0.060412 0.051078 0.032257 0.032050 0.032257 724520 730576
60 62.310000 60.320000 1000000 7.440463 7.476863 7.436848 7.472741 0.032057 0.032257 0.060412 0.051078 0.032257 0.032049 0.032257 730570 737245
60 62.310000 60.320000 1000000 7.439978 7.475788 7.436363 7.471666 0.032056 0.032257 0.060412 0.051079 0.032257 0.032048 0.032257 737240 865883
60 62.310000 60.320000 1000000 7.418110 7.452132 7.414801 7.450519 0.032061 0.032257 0.058605 0.048929 0.032257 0.032053 0.032257 865880 883294
60 62.310000 60.320000 1000000 7.415557 7.442993 7.411725 7.437123 0.032063 0.032257 0.060868 0.051617 0.032257 0.032056 0.032257 883290 906125
60 62.310000 60.320000 1000000 7.411088 7.438692 7.407249 7.432822 0.032066 0.032257 0.063626 0.054843 0.032257 0.032060 0.032257 906120 980051
60 62.310000 60.320000 1000000 7.403297 7.433315 7.399446 7.427445 0.032071 0.032257 0.064555 0.055918 0.032257 0.032064 0.032257 980050 1000000
