20 62.310000 60.320000 1000000 14.438539 14.169856 14.433935 14.171557 0.031906 0.032259 0.298525 0.296777 0.032259 0.031896 0.032259 0 50
20 62.310000 60.320000 1000000 13.085552 12.954805 13.077231 12.932223 0.031750 0.032259 0.279290 0.277420 0.032259 0.031743 0.032259 50 60
20 62.310000 60.320000 1000000 12.573313 12.557495 12.567988 12.549922 0.031862 0.032259 0.257406 0.255377 0.032259 0.031853 0.032259 60 70
20 62.310000 60.320000 1000000 12.343944 12.381151 12.339661 12.379850 0.031898 0.032259 0.210553 0.208068 0.032259 0.031888 0.032259 70 80
20 62.310000 60.320000 1000000 12.292462 12.326850 12.288054 12.324698 0.031901 0.032259 0.218526 0.216132 0.032259 0.031892 0.032259 80 90
20 62.310000 60.320000 1000000 12.178011 12.236527 12.173090 12.233166 0.031919 0.032259 0.193038 0.190324 0.032259 0.031910 0.032259 90 100
20 62.310000 60.320000 1000000 12.111134 12.159108 12.106131 12.155747 0.031927 0.032259 0.201525 0.198926 0.032259 0.031918 0.032259 100 112
20 62.310000 60.320000 1000000 12.030735 12.103194 12.026581 12.104896 0.031959 0.032259 0.183504 0.180646 0.032259 0.031949 0.032259 110 122
20 62.310000 60.320000 1000000 11.939823 12.016098 11.935574 12.017799 0.031982 0.032259 0.193038 0.190324 0.032259 0.031972 0.032259 120 131
20 62.310000 60.320000 1000000 11.875257 11.945131 11.870938 11.946832 0.031978 0.032259 0.196220 0.193550 0.032259 0.031969 0.032259 130 140
20 62.310000 60.320000 1000000 11.854926 11.923626 11.851045 11.927836 0.031980 0.032259 0.193038 0.190324 0.032259 0.031970 0.032259 140 153
20 62.310000 60.320000 1000000 11.792155 11.882766 11.788212 11.886976 0.031990 0.032259 0.183502 0.180645 0.032259 0.031980 0.032259 150 161
20 62.310000 60.320000 1000000 11.763509 11.856960 11.759537 11.861170 0.031981 0.032259 0.194097 0.191398 0.032259 0.031972 0.032259 160 170
20 62.310000 60.320000 1000000 11.679398 11.796745 11.675339 11.800955 0.031981 0.032259 0.190917 0.188172 0.032259 0.031972 0.032259 170 180
20 62.310000 60.320000 1000000 11.622728 11.756960 11.618610 11.761170 0.031990 0.032259 0.195158 0.192473 0.032259 0.031981 0.032259 180 191
20 62.310000 60.320000 1000000 11.576913 11.717176 11.572628 11.720982 0.031994 0.032259 0.184563 0.181722 0.032259 0.031984 0.032259 190 202
20 62.310000 60.320000 1000000 11.561495 11.703197 11.557076 11.706601 0.032001 0.032259 0.187740 0.184948 0.032259 0.031992 0.032259 200 214
20 62.310000 60.320000 1000000 11.487446 11.638144 11.483397 11.642802 0.032020 0.032259 0.173458 0.170432 0.032259 0.032010 0.032259 210 220
20 62.310000 60.320000 1000000 11.470625 11.620940 11.466558 11.625598 0.032024 0.032259 0.175571 0.172582 0.032259 0.032015 0.032259 220 233
20 62.310000 60.320000 1000000 11.438945 11.596209 11.434845 11.600867 0.032026 0.032259 0.177684 0.174732 0.032259 0.032017 0.032259 230 243
20 62.310000 60.320000 1000000 11.381818 11.549973 11.377656 11.554631 0.032050 0.032259 0.162904 0.159678 0.032259 0.032041 0.032259 240 254
20 62.310000 60.320000 1000000 11.365506 11.527392 11.361325 11.532050 0.032045 0.032259 0.167122 0.163979 0.032259 0.032036 0.032259 250 271
20 62.310000 60.320000 1000000 11.338281 11.503736 11.334070 11.508394 0.032053 0.032259 0.161850 0.158602 0.032259 0.032044 0.032259 270 298
20 62.310000 60.320000 1000000 11.257566 11.415564 11.252815 11.419013 0.032055 0.032259 0.148177 0.144623 0.032259 0.032046 0.032259 290 301
20 62.310000 60.320000 1000000 11.247930 11.406962 11.242737 11.409201 0.032057 0.032259 0.152376 0.148922 0.032259 0.032049 0.032259 300 312
20 62.310000 60.320000 1000000 11.211310 11.381156 11.206066 11.383394 0.032069 0.032259 0.150275 0.146772 0.032259 0.032061 0.032259 310 321
20 62.310000 60.320000 1000000 11.187570 11.362876 11.182292 11.365115 0.032064 0.032259 0.154479 0.151074 0.032259 0.032056 0.032259 320 337
20 62.310000 60.320000 1000000 11.177236 11.352124 11.171944 11.354362 0.032068 0.032259 0.154479 0.151074 0.032259 0.032060 0.032259 330 349
20 62.310000 60.320000 1000000 11.167690 11.345672 11.162384 11.347911 0.032067 0.032259 0.155532 0.152150 0.032259 0.032058 0.032259 340 350
20 62.310000 60.320000 1000000 11.155300 11.328468 11.148898 11.327078 0.032071 0.032259 0.150277 0.146773 0.032259 0.032063 0.032259 350 365
20 62.310000 60.320000 1000000 11.153469 11.326317 11.147065 11.324927 0.032071 0.032259 0.148177 0.144623 0.032259 0.032063 0.032259 360 370
20 62.310000 60.320000 1000000 11.117816 11.288683 11.111349 11.287293 0.032059 0.032259 0.155531 0.152149 0.032259 0.032051 0.032259 370 382
20 62.310000 60.320000 1000000 11.117060 11.287608 11.110592 11.286217 0.032059 0.032259 0.156583 0.153224 0.032259 0.032051 0.032259 380 396
20 62.310000 60.320000 1000000 11.115062 11.284382 11.108591 11.282991 0.032057 0.032259 0.159741 0.156450 0.032259 0.032049 0.032259 390 404
20 62.310000 60.320000 1000000 11.108052 11.272554 11.101119 11.267759 0.032061 0.032259 0.156585 0.153226 0.032259 0.032054 0.032259 400 430
20 62.310000 60.320000 1000000 11.087729 11.229006 11.079637 11.213144 0.032056 0.032259 0.161322 0.158064 0.032259 0.032049 0.032259 430 453
20 62.310000 60.320000 1000000 11.060957 11.211801 11.052805 11.195940 0.032062 0.032259 0.165538 0.162365 0.032259 0.032056 0.032259 450 469
20 62.310000 60.320000 1000000 11.059607 11.210726 11.051452 11.194865 0.032062 0.032259 0.164484 0.161290 0.032259 0.032056 0.032259 460 478
20 62.310000 60.320000 1000000 11.057878 11.209651 11.049720 11.193789 0.032062 0.032259 0.164484 0.161290 0.032259 0.032056 0.032259 470 488
20 62.310000 60.320000 1000000 11.056929 11.208576 11.048769 11.192714 0.032062 0.032259 0.164484 0.161290 0.032259 0.032056 0.032259 480 492
20 62.310000 60.320000 1000000 11.055249 11.207500 11.047085 11.191639 0.032062 0.032259 0.164484 0.161290 0.032259 0.032055 0.032259 490 501
20 62.310000 60.320000 1000000 11.036042 11.193522 11.027835 11.177660 0.032067 0.032259 0.161322 0.158064 0.032259 0.032060 0.032259 500 518
20 62.310000 60.320000 1000000 11.023637 11.182769 11.015402 11.166908 0.032068 0.032259 0.155006 0.151613 0.032259 0.032061 0.032259 510 527
20 62.310000 60.320000 1000000 11.016045 11.161801 11.010323 11.157634 0.032072 0.032259 0.142935 0.139247 0.032259 0.032065 0.032259 520 531
20 62.310000 60.320000 1000000 11.006277 11.152124 11.000539 11.147956 0.032068 0.032259 0.151328 0.147849 0.032259 0.032061 0.032259 530 547
20 62.310000 60.320000 1000000 10.964379 11.101586 10.959288 11.101182 0.032062 0.032259 0.147128 0.143548 0.032259 0.032054 0.032259 540 581
20 62.310000 60.320000 1000000 10.889170 11.034920 10.883464 11.031603 0.032071 0.032259 0.127275 0.123119 0.032259 0.032064 0.032259 580 602
20 62.310000 60.320000 1000000 10.857565 11.002662 10.851810 10.999346 0.032067 0.032259 0.130397 0.126343 0.032259 0.032059 0.032259 600 616
20 62.310000 60.320000 1000000 10.849779 10.992985 10.844094 10.989220 0.032064 0.032259 0.134568 0.130644 0.032259 0.032057 0.032259 610 652
20 62.310000 60.320000 1000000 10.804710 10.959651 10.799189 10.957141 0.032074 0.032259 0.138748 0.134945 0.032259 0.032066 0.032259 650 668
20 62.310000 60.320000 1000000 10.798678 10.938684 10.797199 10.951183 0.032079 0.032259 0.146602 0.143009 0.032259 0.032067 0.032259 660 688
20 62.310000 60.320000 1000000 10.791306 10.927931 10.789825 10.940430 0.032075 0.032259 0.147651 0.144084 0.032259 0.032063 0.032259 680 711
20 62.310000 60.320000 1000000 10.771254 10.898899 10.769764 10.911398 0.032080 0.032259 0.149751 0.146235 0.032259 0.032068 0.032259 710 722
20 62.310000 60.320000 1000000 10.770944 10.897824 10.769337 10.909919 0.032080 0.032259 0.148701 0.145160 0.032259 0.032068 0.032259 720 731
20 62.310000 60.320000 1000000 10.767721 10.894598 10.766113 10.906694 0.032081 0.032259 0.149751 0.146235 0.032259 0.032069 0.032259 730 743
20 62.310000 60.320000 1000000 10.757455 10.884921 10.755842 10.897016 0.032090 0.032259 0.148701 0.145160 0.032259 0.032078 0.032259 740 754
20 62.310000 60.320000 1000000 10.756442 10.883846 10.754829 10.895941 0.032089 0.032259 0.148701 0.145160 0.032259 0.032077 0.032259 750 765
20 62.310000 60.320000 1000000 10.754576 10.882770 10.752963 10.894866 0.032090 0.032259 0.148701 0.145160 0.032259 0.032078 0.032259 760 776
20 62.310000 60.320000 1000000 10.747507 10.872018 10.745890 10.884113 0.032089 0.032259 0.146603 0.143010 0.032259 0.032077 0.032259 770 815
20 62.310000 60.320000 1000000 10.744195 10.868792 10.742577 10.880887 0.032092 0.032259 0.143459 0.139785 0.032259 0.032080 0.032259 810 831
20 62.310000 60.320000 1000000 10.742329 10.867717 10.740710 10.879812 0.032092 0.032259 0.142411 0.138710 0.032259 0.032081 0.032259 830 844
20 62.310000 60.320000 1000000 10.728212 10.860190 10.726586 10.872285 0.032100 0.032259 0.137180 0.133333 0.032259 0.032088 0.032259 840 868
20 62.310000 60.320000 1000000 10.726621 10.859115 10.724995 10.871210 0.032100 0.032259 0.138226 0.134409 0.032259 0.032088 0.032259 860 900
20 62.310000 60.320000 1000000 10.719726 10.848362 10.718097 10.860457 0.032102 0.032259 0.139271 0.135484 0.032259 0.032090 0.032259 900 928
20 62.310000 60.320000 1000000 10.713335 10.838685 10.711703 10.850780 0.032108 0.032259 0.136135 0.132258 0.032259 0.032096 0.032259 920 1021
20 62.310000 60.320000 1000000 10.680804 10.799975 10.677644 10.808038 0.032108 0.032259 0.124676 0.120430 0.032259 0.032097 0.032259 1020 1061
20 62.310000 60.320000 1000000 10.614584 10.715029 10.614223 10.739401 0.032101 0.032259 0.134047 0.130107 0.032259 0.032090 0.032259 1060 1070
20 62.310000 60.320000 1000000 10.604714 10.694599 10.602854 10.713326 0.032102 0.032259 0.118456 0.113979 0.032259 0.032092 0.032259 1070 1089
20 62.310000 60.320000 1000000 10.602685 10.690298 10.600824 10.709024 0.032102 0.032259 0.117421 0.112903 0.032259 0.032092 0.032259 1080 1113
20 62.310000 60.320000 1000000 10.583495 10.673093 10.581624 10.691820 0.032096 0.032259 0.114324 0.109678 0.032259 0.032086 0.032259 1110 1120
20 62.310000 60.320000 1000000 10.568345 10.660190 10.566465 10.678917 0.032094 0.032259 0.117421 0.112903 0.032259 0.032084 0.032259 1120 1162
20 62.310000 60.320000 1000000 10.550842 10.640835 10.548953 10.659562 0.032087 0.032259 0.116388 0.111828 0.032259 0.032077 0.032259 1160 1212
20 62.310000 60.320000 1000000 10.542377 10.634384 10.540483 10.653111 0.032088 0.032259 0.115355 0.110753 0.032259 0.032077 0.032259 1210 1309
20 62.310000 60.320000 1000000 10.534316 10.624706 10.532418 10.643433 0.032088 0.032259 0.123637 0.119355 0.032259 0.032077 0.032259 1300 1452
20 62.310000 60.320000 1000000 10.527401 10.611803 10.525166 10.629320 0.032081 0.032259 0.120525 0.116128 0.032259 0.032070 0.032259 1450 1488
20 62.310000 60.320000 1000000 10.524884 10.608578 10.523244 10.628603 0.032082 0.032259 0.120526 0.116129 0.032259 0.032071 0.032259 1480 1498
20 62.310000 60.320000 1000000 10.524122 10.607502 10.522482 10.627528 0.032081 0.032259 0.121562 0.117204 0.032259 0.032070 0.032259 1490 1575
20 62.310000 60.320000 1000000 10.500051 10.583846 10.498399 10.603872 0.032068 0.032259 0.123638 0.119355 0.032259 0.032056 0.032259 1560 1605
20 62.310000 60.320000 1000000 10.495976 10.578470 10.494230 10.598093 0.032072 0.032259 0.119491 0.115054 0.032259 0.032061 0.032259 1600 1639
20 62.310000 60.320000 1000000 10.490833 10.574169 10.489085 10.593792 0.032073 0.032259 0.117422 0.112904 0.032259 0.032062 0.032259 1630 1657
20 62.310000 60.320000 1000000 10.482687 10.567717 10.480934 10.587340 0.032072 0.032259 0.121563 0.117205 0.032259 0.032061 0.032259 1650 1664
20 62.310000 60.320000 1000000 10.482370 10.566642 10.480617 10.586265 0.032072 0.032259 0.121563 0.117205 0.032259 0.032061 0.032259 1660 1700
20 62.310000 60.320000 1000000 10.477993 10.563416 10.476238 10.583039 0.032073 0.032259 0.121563 0.117205 0.032259 0.032061 0.032259 1700 1733
20 62.310000 60.320000 1000000 10.440081 10.533309 10.438709 10.555441 0.032073 0.032259 0.122601 0.118281 0.032259 0.032062 0.032259 1730 1747
20 62.310000 60.320000 1000000 10.438881 10.532234 10.437509 10.554366 0.032073 0.032259 0.121564 0.117206 0.032259 0.032062 0.032259 1740 1803
20 62.310000 60.320000 1000000 10.435067 10.529008 10.433693 10.551140 0.032073 0.032259 0.122601 0.118281 0.032259 0.032062 0.032259 1800 1831
20 62.310000 60.320000 1000000 10.431617 10.525782 10.430242 10.547914 0.032074 0.032259 0.121564 0.117206 0.032259 0.032063 0.032259 1830 1887
20 62.310000 60.320000 1000000 10.422100 10.515030 10.420721 10.537161 0.032066 0.032259 0.123639 0.119356 0.032259 0.032055 0.032259 1880 1945
20 62.310000 60.320000 1000000 10.417669 10.509653 10.416288 10.531785 0.032062 0.032259 0.121563 0.117205 0.032259 0.032051 0.032259 1940 1958
20 62.310000 60.320000 1000000 10.415691 10.508578 10.414309 10.530710 0.032063 0.032259 0.120527 0.116130 0.032259 0.032052 0.032259 1950 1971
20 62.310000 60.320000 1000000 10.384042 10.465567 10.382951 10.488954 0.032068 0.032259 0.121563 0.117205 0.032259 0.032056 0.032259 1970 2101
20 62.310000 60.320000 1000000 10.383345 10.464492 10.382254 10.487878 0.032067 0.032259 0.120527 0.116130 0.032259 0.032055 0.032259 2100 2232
20 62.310000 60.320000 1000000 10.371700 10.434385 10.369205 10.447556 0.032072 0.032259 0.117422 0.112904 0.032259 0.032062 0.032259 2230 2280
20 62.310000 60.320000 1000000 10.366422 10.430084 10.363923 10.443255 0.032072 0.032259 0.113293 0.108603 0.032259 0.032063 0.032259 2280 2303
20 62.310000 60.320000 1000000 10.364864 10.429009 10.362364 10.442180 0.032072 0.032259 0.113292 0.108602 0.032259 0.032062 0.032259 2300 2378
20 62.310000 60.320000 1000000 10.360383 10.424708 10.357879 10.437879 0.032073 0.032259 0.111232 0.106452 0.032259 0.032063 0.032259 2370 2397
20 62.310000 60.320000 1000000 10.358376 10.423632 10.355871 10.436804 0.032074 0.032259 0.111232 0.106452 0.032259 0.032065 0.032259 2390 2436
20 62.310000 60.320000 1000000 10.356307 10.422557 10.353800 10.435728 0.032075 0.032259 0.110204 0.105377 0.032259 0.032066 0.032259 2430 2462
20 62.310000 60.320000 1000000 10.354669 10.421482 10.352161 10.434653 0.032075 0.032259 0.110204 0.105377 0.032259 0.032066 0.032259 2460 2604
20 62.310000 60.320000 1000000 10.352633 10.420407 10.350124 10.433578 0.032077 0.032259 0.109176 0.104302 0.032259 0.032067 0.032259 2600 2637
20 62.310000 60.320000 1000000 10.347836 10.417181 10.345324 10.430352 0.032076 0.032259 0.109176 0.104302 0.032259 0.032066 0.032259 2630 2647
20 62.310000 60.320000 1000000 10.346671 10.416106 10.344158 10.429277 0.032076 0.032259 0.110204 0.105377 0.032259 0.032066 0.032259 2640 2780
20 62.310000 60.320000 1000000 10.335630 10.404278 10.332898 10.415747 0.032074 0.032259 0.102011 0.096776 0.032259 0.032064 0.032259 2780 2795
20 62.310000 60.320000 1000000 10.317633 10.393525 10.314887 10.404994 0.032079 0.032259 0.103032 0.097852 0.032259 0.032070 0.032259 2790 2858
20 62.310000 60.320000 1000000 10.315684 10.390299 10.313338 10.404277 0.032079 0.032259 0.104054 0.098927 0.032259 0.032070 0.032259 2850 2877
20 62.310000 60.320000 1000000 10.315285 10.389224 10.312939 10.403202 0.032079 0.032259 0.105076 0.100002 0.032259 0.032070 0.032259 2870 3013
20 62.310000 60.320000 1000000 10.305023 10.382773 10.302670 10.396750 0.032079 0.032259 0.102013 0.096778 0.032259 0.032070 0.032259 3010 3052
20 62.310000 60.320000 1000000 10.304827 10.381160 10.302370 10.394286 0.032080 0.032259 0.102523 0.097316 0.032259 0.032070 0.032259 3050 3092
20 62.310000 60.320000 1000000 10.303758 10.380084 10.301300 10.393211 0.032081 0.032259 0.102523 0.097316 0.032259 0.032072 0.032259 3090 3265
20 62.310000 60.320000 1000000 10.273813 10.342450 10.271333 10.355577 0.032085 0.032259 0.111750 0.106993 0.032259 0.032075 0.032259 3260 3864
20 62.310000 60.320000 1000000 10.238135 10.287074 10.234445 10.287432 0.032072 0.032259 0.111231 0.106450 0.032259 0.032063 0.032259 3860 3919
20 62.310000 60.320000 1000000 10.214053 10.265569 10.210336 10.265926 0.032071 0.032259 0.120526 0.116128 0.032259 0.032062 0.032259 3910 3932
20 62.310000 60.320000 1000000 10.212304 10.263418 10.208586 10.263776 0.032071 0.032259 0.119490 0.115053 0.032259 0.032062 0.032259 3930 4017
20 62.310000 60.320000 1000000 10.204794 10.256966 10.201067 10.257324 0.032072 0.032259 0.116387 0.111827 0.032259 0.032063 0.032259 4010 4509
20 62.310000 60.320000 1000000 10.186644 10.226859 10.182898 10.227217 0.032079 0.032259 0.124676 0.120430 0.032259 0.032070 0.032259 4500 5150
20 62.310000 60.320000 1000000 10.169467 10.217182 10.165702 10.217539 0.032087 0.032259 0.124676 0.120430 0.032259 0.032078 0.032259 4520 4810
20 62.310000 60.320000 1000000 10.160148 10.209655 10.156372 10.210013 0.032086 0.032259 0.127795 0.123656 0.032259 0.032077 0.032259 4810 5150
20 62.310000 60.320000 1000000 10.141645 10.191913 10.137778 10.191419 0.032081 0.032259 0.125196 0.120969 0.032259 0.032072 0.032259 5150 5624
20 62.310000 60.320000 1000000 10.133624 10.184386 10.129749 10.183892 0.032086 0.032259 0.125196 0.120969 0.032259 0.032078 0.032259 5250 6722
20 62.310000 60.320000 1000000 10.042743 10.081160 10.038261 10.078651 0.032071 0.032259 0.127275 0.123119 0.032259 0.032063 0.032259 6720 6817
20 62.310000 60.320000 1000000 10.041892 10.080085 10.037409 10.077575 0.032071 0.032259 0.127275 0.123119 0.032259 0.032063 0.032259 6810 7826
20 62.310000 60.320000 1000000 10.029622 10.067182 10.024844 10.063462 0.032066 0.032259 0.125197 0.120969 0.032259 0.032057 0.032259 7290 7503
20 62.310000 60.320000 1000000 10.027935 10.066106 10.023154 10.062387 0.032065 0.032259 0.124159 0.119895 0.032259 0.032057 0.032259 7500 7826
20 62.310000 60.320000 1000000 9.983863 10.005892 9.979235 10.003427 0.032073 0.032259 0.117941 0.113443 0.032259 0.032065 0.032259 7820 8372
20 62.310000 60.320000 1000000 9.977733 10.000515 9.973096 9.998051 0.032073 0.032259 0.116906 0.112367 0.032259 0.032065 0.032259 7840 8289
20 62.310000 60.320000 1000000 9.962782 9.990838 9.958124 9.988373 0.032075 0.032259 0.118974 0.114518 0.032259 0.032066 0.032259 8280 8372
20 62.310000 60.320000 1000000 9.962446 9.989763 9.957788 9.987298 0.032075 0.032259 0.118974 0.114518 0.032259 0.032066 0.032259 8370 8460
20 62.310000 60.320000 1000000 9.961611 9.988687 9.956952 9.986223 0.032074 0.032259 0.118975 0.114518 0.032259 0.032065 0.032259 8460 9523
20 62.310000 60.320000 1000000 9.913414 9.917720 9.908686 9.915255 0.032066 0.032259 0.122082 0.117743 0.032259 0.032057 0.032259 9400 10069
20 62.310000 60.320000 1000000 9.899207 9.898365 9.894458 9.895900 0.032061 0.032259 0.114840 0.110217 0.032259 0.032053 0.032259 10060 10638
20 62.310000 60.320000 1000000 9.882316 9.886537 9.877544 9.884072 0.032063 0.032259 0.109691 0.104840 0.032259 0.032054 0.032259 10630 10865
20 62.310000 60.320000 1000000 9.880505 9.885462 9.875730 9.882997 0.032063 0.032259 0.109691 0.104840 0.032259 0.032055 0.032259 10860 10947
20 62.310000 60.320000 1000000 9.875654 9.880086 9.870871 9.877621 0.032061 0.032259 0.107637 0.102689 0.032259 0.032053 0.032259 10940 12183
20 62.310000 60.320000 1000000 9.840690 9.854279 9.835682 9.851411 0.032075 0.032259 0.102520 0.097313 0.032259 0.032067 0.032259 12180 12215
20 62.310000 60.320000 1000000 9.839065 9.853204 9.834055 9.850336 0.032075 0.032259 0.102520 0.097313 0.032259 0.032067 0.032259 12210 12295
20 62.310000 60.320000 1000000 9.837528 9.852129 9.832515 9.849261 0.032075 0.032259 0.101500 0.096238 0.032259 0.032067 0.032259 12290 12792
20 62.310000 60.320000 1000000 9.831113 9.837075 9.824064 9.828965 0.032083 0.032259 0.109690 0.104839 0.032259 0.032077 0.032259 12790 12867
20 62.310000 60.320000 1000000 9.819294 9.824172 9.812220 9.816062 0.032080 0.032259 0.113808 0.109140 0.032259 0.032075 0.032259 12860 14511
20 62.310000 60.320000 1000000 9.806753 9.811268 9.800093 9.805667 0.032085 0.032259 0.114840 0.110216 0.032259 0.032079 0.032259 14510 14536
20 62.310000 60.320000 1000000 9.806147 9.810193 9.799486 9.804592 0.032085 0.032259 0.115872 0.111292 0.032259 0.032079 0.032259 14530 15263
20 62.310000 60.320000 1000000 9.805621 9.809118 9.798959 9.803517 0.032084 0.032259 0.114840 0.110216 0.032259 0.032079 0.032259 15260 16045
20 62.310000 60.320000 1000000 9.804523 9.806967 9.797859 9.801366 0.032084 0.032259 0.112778 0.108066 0.032259 0.032079 0.032259 15610 15846
20 62.310000 60.320000 1000000 9.801657 9.803742 9.794987 9.798141 0.032084 0.032259 0.112778 0.108066 0.032259 0.032079 0.032259 15840 16045
20 62.310000 60.320000 1000000 9.800048 9.802666 9.793375 9.797065 0.032084 0.032259 0.111748 0.106991 0.032259 0.032079 0.032259 16040 16167
20 62.310000 60.320000 1000000 9.796311 9.799440 9.789534 9.793436 0.032085 0.032259 0.110719 0.105915 0.032259 0.032079 0.032259 16160 17241
20 62.310000 60.320000 1000000 9.782623 9.782236 9.775817 9.776232 0.032093 0.032259 0.103542 0.098388 0.032259 0.032088 0.032259 17240 17474
20 62.310000 60.320000 1000000 9.781219 9.781161 9.774411 9.775157 0.032093 0.032259 0.103542 0.098388 0.032259 0.032088 0.032259 17470 18404
20 62.310000 60.320000 1000000 9.774008 9.772559 9.767185 9.766555 0.032090 0.032259 0.106612 0.101615 0.032259 0.032085 0.032259 18030 18422
20 62.310000 60.320000 1000000 9.762692 9.765032 9.755845 9.759028 0.032090 0.032259 0.109691 0.104840 0.032259 0.032085 0.032259 18420 18859
20 62.310000 60.320000 1000000 9.760688 9.763957 9.753836 9.757953 0.032092 0.032259 0.108663 0.103765 0.032259 0.032087 0.032259 18850 19452
20 62.310000 60.320000 1000000 9.756631 9.760731 9.749771 9.754727 0.032092 0.032259 0.106612 0.101615 0.032259 0.032087 0.032259 19410 19540
20 62.310000 60.320000 1000000 9.755187 9.759656 9.748324 9.753652 0.032093 0.032259 0.107637 0.102690 0.032259 0.032088 0.032259 19540 20220
20 62.310000 60.320000 1000000 9.716566 9.728473 9.709337 9.721662 0.032087 0.032259 0.120010 0.115593 0.032259 0.032082 0.032259 20220 22150
20 62.310000 60.320000 1000000 9.704391 9.715570 9.697135 9.708759 0.032076 0.032259 0.124158 0.119894 0.032259 0.032071 0.032259 22150 22313
20 62.310000 60.320000 1000000 9.691027 9.703742 9.683741 9.696931 0.032071 0.032259 0.124157 0.119893 0.032259 0.032067 0.032259 22310 23453
20 62.310000 60.320000 1000000 9.675660 9.681161 9.668339 9.674350 0.032058 0.032259 0.118974 0.114518 0.032259 0.032054 0.032259 23450 23812
20 62.310000 60.320000 1000000 9.673639 9.680086 9.666313 9.673275 0.032059 0.032259 0.118974 0.114518 0.032259 0.032055 0.032259 23810 24471
20 62.310000 60.320000 1000000 9.667540 9.675785 9.660200 9.668974 0.032060 0.032259 0.117940 0.113443 0.032259 0.032055 0.032259 24470 24543
20 62.310000 60.320000 1000000 9.661911 9.660731 9.658921 9.670228 0.032066 0.032259 0.116905 0.112366 0.032259 0.032055 0.032259 24540 25497
20 62.310000 60.320000 1000000 9.660909 9.659656 9.657918 9.669153 0.032065 0.032259 0.116905 0.112366 0.032259 0.032054 0.032259 25490 26304
20 62.310000 60.320000 1000000 9.656917 9.655355 9.653923 9.664852 0.032064 0.032259 0.120009 0.115592 0.032259 0.032053 0.032259 26300 27315
20 62.310000 60.320000 1000000 9.646988 9.648903 9.643985 9.658400 0.032064 0.032259 0.118973 0.114516 0.032259 0.032054 0.032259 27310 27875
20 62.310000 60.320000 1000000 9.625731 9.603742 9.622708 9.613239 0.032070 0.032259 0.117939 0.113441 0.032259 0.032060 0.032259 27870 29675
20 62.310000 60.320000 1000000 9.610549 9.583312 9.609016 9.601591 0.032064 0.032259 0.120009 0.115592 0.032259 0.032053 0.032259 29670 29937
20 62.310000 60.320000 1000000 9.606004 9.579011 9.604469 9.597290 0.032064 0.032259 0.123120 0.118819 0.032259 0.032053 0.032259 29930 30562
20 62.310000 60.320000 1000000 9.597558 9.573635 9.596019 9.591913 0.032067 0.032259 0.122082 0.117743 0.032259 0.032056 0.032259 30560 31177
20 62.310000 60.320000 1000000 9.580969 9.529549 9.575720 9.533715 0.032067 0.032259 0.162905 0.159679 0.032259 0.032057 0.032259 31170 31684
20 62.310000 60.320000 1000000 9.555282 9.475786 9.549990 9.479951 0.032074 0.032259 0.120010 0.115593 0.032259 0.032064 0.032259 31680 33985
20 62.310000 60.320000 1000000 9.543029 9.467183 9.537717 9.471349 0.032078 0.032259 0.116906 0.112367 0.032259 0.032068 0.032259 33980 36233
20 62.310000 60.320000 1000000 9.533574 9.460732 9.528246 9.464898 0.032079 0.032259 0.112778 0.108066 0.032259 0.032069 0.032259 34370 36992
20 62.310000 60.320000 1000000 9.527737 9.451592 9.522317 9.454907 0.032077 0.032259 0.116389 0.111830 0.032259 0.032067 0.032259 36990 37771
20 62.310000 60.320000 1000000 9.522868 9.446216 9.517439 9.449530 0.032076 0.032259 0.113294 0.108604 0.032259 0.032066 0.032259 37770 39035
20 62.310000 60.320000 1000000 9.519065 9.437614 9.513630 9.440928 0.032074 0.032259 0.115357 0.110754 0.032259 0.032064 0.032259 39030 39185
20 62.310000 60.320000 1000000 9.518122 9.436538 9.512685 9.439853 0.032074 0.032259 0.114325 0.109679 0.032259 0.032064 0.032259 39180 41307
20 62.310000 60.320000 1000000 9.502625 9.424710 9.497059 9.427622 0.032075 0.032259 0.114324 0.109678 0.032259 0.032065 0.032259 41300 41524
20 62.310000 60.320000 1000000 9.501595 9.423635 9.496026 9.426546 0.032073 0.032259 0.114324 0.109678 0.032259 0.032064 0.032259 41520 41596
20 62.310000 60.320000 1000000 9.500016 9.422560 9.494445 9.425471 0.032074 0.032259 0.113292 0.108603 0.032259 0.032064 0.032259 41590 42432
20 62.310000 60.320000 1000000 9.497920 9.421484 9.492346 9.424396 0.032075 0.032259 0.113292 0.108603 0.032259 0.032066 0.032259 42430 43159
20 62.310000 60.320000 1000000 9.495299 9.414495 9.489638 9.416555 0.032071 0.032259 0.113807 0.109140 0.032259 0.032061 0.032259 43150 43458
20 62.310000 60.320000 1000000 9.495123 9.413420 9.489667 9.416735 0.032071 0.032259 0.114839 0.110215 0.032259 0.032061 0.032259 43450 44478
20 62.310000 60.320000 1000000 9.489673 9.401592 9.484208 9.404907 0.032062 0.032259 0.117938 0.113441 0.032259 0.032052 0.032259 44470 45594
20 62.310000 60.320000 1000000 9.485137 9.397291 9.479664 9.400606 0.032063 0.032259 0.115870 0.111289 0.032259 0.032053 0.032259 45590 46371
20 62.310000 60.320000 1000000 9.480177 9.391915 9.474696 9.395229 0.032058 0.032259 0.117937 0.113439 0.032259 0.032048 0.032259 46370 46779
20 62.310000 60.320000 1000000 9.478381 9.390839 9.472896 9.394154 0.032058 0.032259 0.117937 0.113439 0.032259 0.032048 0.032259 46770 47900
20 62.310000 60.320000 1000000 9.477499 9.389764 9.472012 9.393079 0.032058 0.032259 0.117937 0.113439 0.032259 0.032048 0.032259 47900 48495
20 62.310000 60.320000 1000000 9.475361 9.388689 9.469871 9.392004 0.032060 0.032259 0.116903 0.112364 0.032259 0.032050 0.032259 48490 48991
20 62.310000 60.320000 1000000 9.474899 9.387614 9.469408 9.390928 0.032059 0.032259 0.116903 0.112364 0.032259 0.032049 0.032259 48990 49241
20 62.310000 60.320000 1000000 9.474124 9.386538 9.468632 9.389853 0.032057 0.032259 0.117937 0.113439 0.032259 0.032048 0.032259 49240 49588
20 62.310000 60.320000 1000000 9.472324 9.385463 9.466829 9.388778 0.032058 0.032259 0.116903 0.112364 0.032259 0.032048 0.032259 49580 53684
20 62.310000 60.320000 1000000 9.460754 9.355894 9.453686 9.348142 0.032058 0.032259 0.117420 0.112902 0.032259 0.032051 0.032259 53680 54000
20 62.310000 60.320000 1000000 9.458971 9.354818 9.451899 9.347067 0.032058 0.032259 0.116388 0.111828 0.032259 0.032051 0.032259 54000 55103
20 62.310000 60.320000 1000000 9.425984 9.333313 9.418837 9.325562 0.032069 0.032259 0.118456 0.113979 0.032259 0.032062 0.032259 55100 56760
20 62.310000 60.320000 1000000 9.397340 9.311808 9.390023 9.303653 0.032074 0.032259 0.117422 0.112904 0.032259 0.032067 0.032259 56760 57035
20 62.310000 60.320000 1000000 9.395981 9.310732 9.388661 9.302578 0.032074 0.032259 0.116389 0.111829 0.032259 0.032068 0.032259 57030 58132
20 62.310000 60.320000 1000000 9.378433 9.297829 9.371072 9.289675 0.032076 0.032259 0.116389 0.111829 0.032259 0.032069 0.032259 58130 61288
20 62.310000 60.320000 1000000 9.350438 9.276324 9.343338 9.269424 0.032075 0.032259 0.110206 0.105379 0.032259 0.032068 0.032259 61280 64231
20 62.310000 60.320000 1000000 9.344352 9.212347 9.334205 9.172248 0.032077 0.032259 0.130399 0.126346 0.032259 0.032071 0.032259 64230 68574
20 62.310000 60.320000 1000000 9.330868 9.202669 9.320677 9.162571 0.032082 0.032259 0.128317 0.124196 0.032259 0.032076 0.032259 68570 70628
20 62.310000 60.320000 1000000 9.325749 9.196218 9.315541 9.156119 0.032080 0.032259 0.129357 0.125271 0.032259 0.032074 0.032259 70620 73366
20 62.310000 60.320000 1000000 9.320061 9.189766 9.309834 9.149668 0.032078 0.032259 0.132484 0.128496 0.032259 0.032073 0.032259 73360 73476
20 62.310000 60.320000 1000000 9.319591 9.188691 9.309362 9.148593 0.032078 0.032259 0.132484 0.128497 0.032259 0.032073 0.032259 73470 76559
20 62.310000 60.320000 1000000 9.319430 9.187078 9.309116 9.146128 0.032078 0.032259 0.131962 0.127959 0.032259 0.032073 0.032259 76550 76599
20 62.310000 60.320000 1000000 9.315161 9.180626 9.304833 9.139677 0.032072 0.032259 0.131962 0.127958 0.032259 0.032066 0.032259 76590 76786
20 62.310000 60.320000 1000000 9.310694 9.176325 9.300350 9.135376 0.032070 0.032259 0.130919 0.126883 0.032259 0.032065 0.032259 76780 76862
20 62.310000 60.320000 1000000 9.310415 9.175250 9.300397 9.135555 0.032071 0.032259 0.129877 0.125808 0.032259 0.032065 0.032259 76860 80670
20 62.310000 60.320000 1000000 9.308415 9.168799 9.298390 9.129103 0.032069 0.032259 0.130920 0.126883 0.032259 0.032063 0.032259 80670 84730
20 62.310000 60.320000 1000000 9.281796 9.106434 9.281555 9.124444 0.032073 0.032259 0.104052 0.098925 0.032259 0.032065 0.032259 84730 94555
20 62.310000 60.320000 1000000 9.250708 9.073100 9.250015 9.088691 0.032076 0.032259 0.097938 0.092473 0.032259 0.032068 0.032259 94550 97189
20 62.310000 60.320000 1000000 9.249412 9.072025 9.248719 9.087616 0.032076 0.032259 0.098954 0.093548 0.032259 0.032068 0.032259 97180 103414
20 62.310000 60.320000 1000000 9.244122 9.065573 9.243428 9.081164 0.032074 0.032259 0.100989 0.095698 0.032259 0.032066 0.032259 103410 105102
20 62.310000 60.320000 1000000 9.241804 9.062347 9.241110 9.077938 0.032074 0.032259 0.103029 0.097848 0.032259 0.032066 0.032259 105100 106587
20 62.310000 60.320000 1000000 9.240583 9.061272 9.239888 9.076863 0.032075 0.032259 0.102008 0.096774 0.032259 0.032067 0.032259 106580 107878
20 62.310000 60.320000 1000000 9.240395 9.060197 9.239919 9.077042 0.032075 0.032259 0.103029 0.097849 0.032259 0.032067 0.032259 107870 109644
20 62.310000 60.320000 1000000 9.238992 9.055896 9.238408 9.072338 0.032075 0.032259 0.104051 0.098924 0.032259 0.032067 0.032259 109640 109989
20 62.310000 60.320000 1000000 9.237309 9.054821 9.236724 9.071263 0.032076 0.032259 0.103029 0.097849 0.032259 0.032068 0.032259 109980 110487
20 62.310000 60.320000 1000000 9.237212 9.053208 9.236576 9.068799 0.032076 0.032259 0.102519 0.097311 0.032259 0.032068 0.032259 110480 110611
20 62.310000 60.320000 1000000 9.236760 9.052132 9.236124 9.067723 0.032075 0.032259 0.103540 0.098386 0.032259 0.032067 0.032259 110610 110737
20 62.310000 60.320000 1000000 9.235450 9.051057 9.234814 9.066648 0.032074 0.032259 0.104562 0.099462 0.032259 0.032067 0.032259 110730 125619
20 62.310000 60.320000 1000000 9.199906 9.020950 9.199262 9.036540 0.032079 0.032259 0.115871 0.111290 0.032259 0.032071 0.032259 125610 133209
20 62.310000 60.320000 1000000 9.150126 8.981165 9.149494 8.994605 0.032095 0.032259 0.106610 0.101612 0.032259 0.032087 0.032259 133200 145898
20 62.310000 60.320000 1000000 9.105755 8.942993 9.105066 8.955582 0.032093 0.032259 0.105073 0.099998 0.032259 0.032084 0.032259 145890 146199
20 62.310000 60.320000 1000000 9.104514 8.941917 9.103824 8.954507 0.032092 0.032259 0.104050 0.098923 0.032259 0.032083 0.032259 146190 146387
20 62.310000 60.320000 1000000 9.104221 8.940842 9.103421 8.953028 0.032092 0.032259 0.103028 0.097848 0.032259 0.032084 0.032259 146380 151245
20 62.310000 60.320000 1000000 9.076722 8.923638 9.075915 8.935824 0.032097 0.032259 0.108147 0.103223 0.032259 0.032088 0.032259 147700 157261
20 62.310000 60.320000 1000000 9.052890 8.901057 9.051660 8.910824 0.032094 0.032259 0.113290 0.108600 0.032259 0.032085 0.032259 157260 159751
20 62.310000 60.320000 1000000 9.047916 8.897832 9.046684 8.907598 0.032096 0.032259 0.111230 0.106449 0.032259 0.032087 0.032259 159750 162885
20 62.310000 60.320000 1000000 9.038060 8.891380 9.036825 8.901147 0.032099 0.032259 0.108147 0.103224 0.032259 0.032090 0.032259 162880 165068
20 62.310000 60.320000 1000000 9.036562 8.890305 9.035326 8.900071 0.032100 0.032259 0.107121 0.102149 0.032259 0.032091 0.032259 165060 186300
20 62.310000 60.320000 1000000 9.007633 8.861272 9.006385 8.871039 0.032089 0.032259 0.113291 0.108601 0.032259 0.032080 0.032259 186300 217742
20 62.310000 60.320000 1000000 8.950758 8.801595 8.948866 8.805403 0.032092 0.032259 0.107635 0.102688 0.032259 0.032083 0.032259 217740 220773
20 62.310000 60.320000 1000000 8.949518 8.800520 8.947625 8.804327 0.032093 0.032259 0.107635 0.102688 0.032259 0.032084 0.032259 220770 231714
20 62.310000 60.320000 1000000 8.941873 8.795143 8.939975 8.798951 0.032094 0.032259 0.104562 0.099462 0.032259 0.032085 0.032259 225740 237747
20 62.310000 60.320000 1000000 8.937080 8.789767 8.935178 8.793575 0.032095 0.032259 0.101498 0.096236 0.032259 0.032086 0.032259 229490 232502
20 62.310000 60.320000 1000000 8.936833 8.788692 8.934932 8.792500 0.032095 0.032259 0.100480 0.095161 0.032259 0.032086 0.032259 232500 237747
20 62.310000 60.320000 1000000 8.933827 8.785466 8.931924 8.789274 0.032093 0.032259 0.099462 0.094085 0.032259 0.032084 0.032259 237740 238891
20 62.310000 60.320000 1000000 8.933734 8.783853 8.931782 8.786810 0.032093 0.032259 0.098953 0.093548 0.032259 0.032084 0.032259 238890 244791
20 62.310000 60.320000 1000000 8.928028 8.777401 8.926072 8.780358 0.032087 0.032259 0.096924 0.091399 0.032259 0.032078 0.032259 244790 247478
20 62.310000 60.320000 1000000 8.927514 8.776326 8.925557 8.779283 0.032087 0.032259 0.095911 0.090323 0.032259 0.032078 0.032259 247470 259445
20 62.310000 60.320000 1000000 8.917647 8.765573 8.915684 8.768530 0.032089 0.032259 0.094899 0.089248 0.032259 0.032080 0.032259 259440 270661
20 62.310000 60.320000 1000000 8.905530 8.754821 8.903559 8.757777 0.032091 0.032259 0.095911 0.090323 0.032259 0.032082 0.032259 270660 288341
20 62.310000 60.320000 1000000 8.904345 8.753745 8.902373 8.756702 0.032090 0.032259 0.095911 0.090323 0.032259 0.032081 0.032259 288340 288516
20 62.310000 60.320000 1000000 8.902918 8.752670 8.900945 8.755627 0.032091 0.032259 0.095911 0.090323 0.032259 0.032082 0.032259 288510 297608
20 62.310000 60.320000 1000000 8.899575 8.749444 8.897600 8.752401 0.032092 0.032259 0.094899 0.089248 0.032259 0.032083 0.032259 297600 307766
20 62.310000 60.320000 1000000 8.897771 8.748369 8.895795 8.751326 0.032092 0.032259 0.094899 0.089248 0.032259 0.032083 0.032259 307760 314215
20 62.310000 60.320000 1000000 8.896430 8.744068 8.894688 8.748279 0.032090 0.032259 0.097939 0.092474 0.032259 0.032081 0.032259 314210 322023
20 62.310000 60.320000 1000000 8.883520 8.734391 8.881771 8.738602 0.032090 0.032259 0.091872 0.086022 0.032259 0.032081 0.032259 322020 331402
20 62.310000 60.320000 1000000 8.881529 8.733315 8.879778 8.737527 0.032091 0.032259 0.090866 0.084947 0.032259 0.032082 0.032259 331400 332096
20 62.310000 60.320000 1000000 8.880969 8.732240 8.879218 8.736451 0.032090 0.032259 0.090866 0.084947 0.032259 0.032081 0.032259 332090 335569
20 62.310000 60.320000 1000000 8.880536 8.731165 8.878784 8.735376 0.032089 0.032259 0.090866 0.084947 0.032259 0.032080 0.032259 335560 341205
20 62.310000 60.320000 1000000 8.879511 8.730090 8.877759 8.734301 0.032088 0.032259 0.090866 0.084947 0.032259 0.032079 0.032259 341200 342912
20 62.310000 60.320000 1000000 8.879206 8.729014 8.877454 8.733225 0.032087 0.032259 0.090866 0.084947 0.032259 0.032078 0.032259 342910 368713
20 62.310000 60.320000 1000000 8.878580 8.727939 8.876827 8.732150 0.032086 0.032259 0.090866 0.084947 0.032259 0.032077 0.032259 368710 378935
20 62.310000 60.320000 1000000 8.867094 8.715036 8.865335 8.719247 0.032088 0.032259 0.092879 0.087097 0.032259 0.032079 0.032259 378930 385740
20 62.310000 60.320000 1000000 8.853980 8.705358 8.852212 8.709569 0.032086 0.032259 0.085861 0.079571 0.032259 0.032077 0.032259 385740 442927
20 62.310000 60.320000 1000000 8.803877 8.667724 8.802079 8.671935 0.032089 0.032259 0.088859 0.082797 0.032259 0.032080 0.032259 442920 451769
20 62.310000 60.320000 1000000 8.803083 8.663423 8.801115 8.665931 0.032088 0.032259 0.088859 0.082796 0.032259 0.032079 0.032259 451760 453461
20 62.310000 60.320000 1000000 8.801648 8.662347 8.799679 8.664856 0.032089 0.032259 0.087858 0.081721 0.032259 0.032080 0.032259 453460 454940
20 62.310000 60.320000 1000000 8.800745 8.661272 8.798776 8.663781 0.032090 0.032259 0.086858 0.080646 0.032259 0.032081 0.032259 454940 459882
20 62.310000 60.320000 1000000 8.790204 8.653745 8.788227 8.656254 0.032096 0.032259 0.082880 0.076345 0.032259 0.032086 0.032259 459880 460502
20 62.310000 60.320000 1000000 8.788792 8.652670 8.786814 8.655179 0.032096 0.032259 0.081891 0.075270 0.032259 0.032087 0.032259 460500 480592
20 62.310000 60.320000 1000000 8.768482 8.638692 8.766491 8.641200 0.032094 0.032259 0.091871 0.086022 0.032259 0.032085 0.032259 480590 499415
20 62.310000 60.320000 1000000 8.765823 8.635466 8.763830 8.637975 0.032096 0.032259 0.092879 0.087097 0.032259 0.032086 0.032259 499410 499609
20 62.310000 60.320000 1000000 8.764783 8.634391 8.762789 8.636899 0.032094 0.032259 0.093887 0.088171 0.032259 0.032085 0.032259 499600 499994
20 62.310000 60.320000 1000000 8.764081 8.633315 8.762086 8.635824 0.032093 0.032259 0.093887 0.088171 0.032259 0.032084 0.032259 499990 524832
20 62.310000 60.320000 1000000 8.726535 8.603208 8.724515 8.605716 0.032093 0.032259 0.098952 0.093546 0.032259 0.032084 0.032259 524830 580064
20 62.310000 60.320000 1000000 8.706115 8.587079 8.703957 8.589184 0.032100 0.032259 0.090863 0.084944 0.032259 0.032091 0.032259 580060 584642
20 62.310000 60.320000 1000000 8.705678 8.586003 8.703520 8.588109 0.032099 0.032259 0.090863 0.084944 0.032259 0.032090 0.032259 584640 585650
20 62.310000 60.320000 1000000 8.703764 8.584928 8.701604 8.587034 0.032100 0.032259 0.089858 0.083868 0.032259 0.032091 0.032259 585650 610735
20 62.310000 60.320000 1000000 8.703504 8.583853 8.701344 8.585958 0.032100 0.032259 0.088856 0.082793 0.032259 0.032091 0.032259 610730 615118
20 62.310000 60.320000 1000000 8.703203 8.582778 8.701043 8.584883 0.032100 0.032259 0.088856 0.082793 0.032259 0.032090 0.032259 615110 625776
20 62.310000 60.320000 1000000 8.678248 8.561272 8.676069 8.563378 0.032103 0.032259 0.091869 0.086019 0.032259 0.032094 0.032259 625770 625899
20 62.310000 60.320000 1000000 8.677755 8.560197 8.675576 8.562303 0.032103 0.032259 0.092877 0.087095 0.032259 0.032094 0.032259 625890 637114
20 62.310000 60.320000 1000000 8.676708 8.559122 8.674528 8.561227 0.032102 0.032259 0.093886 0.088170 0.032259 0.032093 0.032259 637110 646109
20 62.310000 60.320000 1000000 8.658281 8.547294 8.656087 8.549399 0.032108 0.032259 0.090863 0.084944 0.032259 0.032098 0.032259 646100 685557
20 62.310000 60.320000 1000000 8.645272 8.536541 8.643068 8.538647 0.032108 0.032259 0.092876 0.087094 0.032259 0.032098 0.032259 685550 702590
20 62.310000 60.320000 1000000 8.638138 8.532240 8.635929 8.534346 0.032110 0.032259 0.095907 0.090319 0.032259 0.032101 0.032259 687970 721959
20 62.310000 60.320000 1000000 8.629379 8.526864 8.627163 8.528969 0.032112 0.032259 0.092876 0.087094 0.032259 0.032103 0.032259 721950 795874
20 62.310000 60.320000 1000000 8.614282 8.510735 8.611881 8.511138 0.032114 0.032259 0.094895 0.089244 0.032259 0.032105 0.032259 795870 801225
20 62.310000 60.320000 1000000 8.613090 8.509660 8.610688 8.510062 0.032113 0.032259 0.094895 0.089244 0.032259 0.032104 0.032259 801220 805340
20 62.310000 60.320000 1000000 8.611222 8.508584 8.608818 8.508987 0.032114 0.032259 0.093885 0.088169 0.032259 0.032105 0.032259 805340 810060
20 62.310000 60.320000 1000000 8.608006 8.505358 8.605475 8.505358 0.032113 0.032259 0.090862 0.084943 0.032259 0.032104 0.032259 810060 834723
20 62.310000 60.320000 1000000 8.591996 8.492455 8.589451 8.492455 0.032114 0.032259 0.088855 0.082793 0.032259 0.032105 0.032259 834720 839306
20 62.310000 60.320000 1000000 8.590195 8.491380 8.587648 8.491380 0.032114 0.032259 0.087854 0.081718 0.032259 0.032106 0.032259 839300 840283
20 62.310000 60.320000 1000000 8.589976 8.490305 8.587684 8.491559 0.032115 0.032259 0.087855 0.081718 0.032259 0.032105 0.032259 840280 918253
20 62.310000 60.320000 1000000 8.572962 8.476326 8.570656 8.477580 0.032116 0.032259 0.085858 0.079568 0.032259 0.032107 0.032259 918250 948276
20 62.310000 60.320000 1000000 8.571237 8.475251 8.568930 8.476505 0.032116 0.032259 0.085858 0.079568 0.032259 0.032107 0.032259 948270 985868
20 62.310000 60.320000 1000000 8.565777 8.470950 8.563466 8.472204 0.032114 0.032259 0.085859 0.079569 0.032259 0.032105 0.032259 955390 993316
20 62.310000 60.320000 1000000 8.544782 8.458047 8.542453 8.459301 0.032119 0.032259 0.088856 0.082794 0.032259 0.032110 0.032259 973810 1000000
