57 62.310000 60.320000 1000000 12.541149 12.666631 12.535048 12.667929 0.031600 0.032257 0.353085 0.351608 0.032257 0.031593 0.032257 0 50
57 62.310000 60.320000 1000000 11.181825 11.243518 11.177944 11.249341 0.031341 0.032257 0.176626 0.173655 0.032257 0.031332 0.032257 50 60
57 62.310000 60.320000 1000000 10.917133 10.990832 10.911972 10.989845 0.031208 0.032257 0.173457 0.170431 0.032257 0.031200 0.032257 60 71
57 62.310000 60.320000 1000000 10.703552 10.780617 10.699136 10.784872 0.031163 0.032257 0.168705 0.165592 0.032257 0.031153 0.032257 70 80
57 62.310000 60.320000 1000000 10.572300 10.637607 10.566946 10.640293 0.031077 0.032257 0.161324 0.158067 0.032257 0.031067 0.032257 80 90
57 62.310000 60.320000 1000000 10.505558 10.575242 10.499844 10.576226 0.031057 0.032257 0.138227 0.134411 0.032257 0.031048 0.032257 90 100
57 62.310000 60.320000 1000000 10.391939 10.460188 10.386395 10.462427 0.031016 0.032257 0.133006 0.129035 0.032257 0.031007 0.032257 100 113
57 62.310000 60.320000 1000000 10.352395 10.424167 10.346262 10.423449 0.031012 0.032257 0.134572 0.130649 0.032257 0.031004 0.032257 110 121
57 62.310000 60.320000 1000000 10.220726 10.196749 10.209017 10.168969 0.030923 0.032257 0.208962 0.206458 0.032257 0.030910 0.032257 120 137
57 62.310000 60.320000 1000000 10.187250 10.057501 10.171802 9.979498 0.030870 0.032257 0.245681 0.243554 0.032257 0.030854 0.032257 130 153
57 62.310000 60.320000 1000000 10.165285 10.036534 10.149348 9.955976 0.030868 0.032257 0.244084 0.241943 0.032257 0.030853 0.032257 150 161
57 62.310000 60.320000 1000000 10.071108 9.962341 10.056762 9.890565 0.030932 0.032257 0.240885 0.238716 0.032257 0.030917 0.032257 160 172
57 62.310000 60.320000 1000000 9.990612 9.831158 9.976315 9.760637 0.030927 0.032257 0.241949 0.239789 0.032257 0.030912 0.032257 170 187
57 62.310000 60.320000 1000000 9.925664 9.749438 9.911084 9.678917 0.030918 0.032257 0.235558 0.233339 0.032257 0.030904 0.032257 180 200
57 62.310000 60.320000 1000000 9.875854 9.630083 9.861172 9.557009 0.030857 0.032257 0.243016 0.240866 0.032257 0.030842 0.032257 200 213
57 62.310000 60.320000 1000000 9.837429 9.535460 9.826067 9.473675 0.030805 0.032257 0.186683 0.183875 0.032257 0.030786 0.032257 210 220
57 62.310000 60.320000 1000000 9.788514 9.448901 9.785652 9.445225 0.030815 0.032257 0.136660 0.132798 0.032257 0.030802 0.032257 220 231
57 62.310000 60.320000 1000000 9.762359 9.420944 9.759474 9.417269 0.030818 0.032257 0.137705 0.133873 0.032257 0.030805 0.032257 230 240
57 62.310000 60.320000 1000000 9.754743 9.405890 9.751850 9.402215 0.030796 0.032257 0.133527 0.129572 0.032257 0.030784 0.032257 240 254
57 62.310000 60.320000 1000000 9.751687 9.398363 9.748752 9.394285 0.030787 0.032257 0.128317 0.124196 0.032257 0.030774 0.032257 250 274
57 62.310000 60.320000 1000000 9.738868 9.380084 9.735921 9.376005 0.030788 0.032257 0.124158 0.119895 0.032257 0.030775 0.032257 270 303
57 62.310000 60.320000 1000000 9.681876 9.333310 9.678241 9.329142 0.030825 0.032257 0.114324 0.109679 0.032257 0.030815 0.032257 300 321
57 62.310000 60.320000 1000000 9.649741 9.309654 9.646069 9.305486 0.030849 0.032257 0.118456 0.113979 0.032257 0.030840 0.032257 320 338
57 62.310000 60.320000 1000000 9.649395 9.308578 9.645722 9.304410 0.030848 0.032257 0.117422 0.112904 0.032257 0.030839 0.032257 330 340
57 62.310000 60.320000 1000000 9.643850 9.302127 9.640172 9.297959 0.030856 0.032257 0.117422 0.112904 0.032257 0.030847 0.032257 340 351
57 62.310000 60.320000 1000000 9.632819 9.283847 9.629128 9.279679 0.030869 0.032257 0.133003 0.129032 0.032257 0.030859 0.032257 350 390
57 62.310000 60.320000 1000000 9.596525 9.241912 9.593078 9.241508 0.030903 0.032257 0.127794 0.123656 0.032257 0.030895 0.032257 390 409
57 62.310000 60.320000 1000000 9.592574 9.235461 9.589123 9.235056 0.030900 0.032257 0.122599 0.118279 0.032257 0.030891 0.032257 400 414
57 62.310000 60.320000 1000000 9.585714 9.224708 9.581881 9.223497 0.030885 0.032257 0.120526 0.116129 0.032257 0.030877 0.032257 410 428
57 62.310000 60.320000 1000000 9.571587 9.211805 9.567738 9.210594 0.030901 0.032257 0.119490 0.115053 0.032257 0.030893 0.032257 420 435
57 62.310000 60.320000 1000000 9.563885 9.192450 9.565512 9.211310 0.030907 0.032257 0.134046 0.130107 0.032257 0.030893 0.032257 430 442
57 62.310000 60.320000 1000000 9.551790 9.185999 9.553424 9.204859 0.030917 0.032257 0.134046 0.130106 0.032257 0.030903 0.032257 440 518
57 62.310000 60.320000 1000000 9.464401 9.117719 9.465715 9.133578 0.031000 0.032257 0.133523 0.129568 0.032257 0.030985 0.032257 510 521
57 62.310000 60.320000 1000000 9.447319 9.108580 9.448513 9.123587 0.031019 0.032257 0.125714 0.121505 0.032257 0.031005 0.032257 520 531
57 62.310000 60.320000 1000000 9.428077 9.092450 9.429278 9.107458 0.031041 0.032257 0.112260 0.107526 0.032257 0.031027 0.032257 530 543
57 62.310000 60.320000 1000000 9.426300 9.090300 9.427502 9.105307 0.031037 0.032257 0.111231 0.106451 0.032257 0.031023 0.032257 540 572
57 62.310000 60.320000 1000000 9.327830 9.027397 9.328685 9.039851 0.031098 0.032257 0.136654 0.132792 0.032257 0.031084 0.032257 570 604
57 62.310000 60.320000 1000000 9.309356 9.017720 9.310216 9.030174 0.031116 0.032257 0.130396 0.126343 0.032257 0.031101 0.032257 590 605
57 62.310000 60.320000 1000000 9.305497 9.014494 9.306358 9.026948 0.031114 0.032257 0.130395 0.126342 0.032257 0.031099 0.032257 600 650
57 62.310000 60.320000 1000000 9.270071 8.973634 9.267915 8.977038 0.031130 0.032257 0.111745 0.106988 0.032257 0.031120 0.032257 650 662
57 62.310000 60.320000 1000000 9.267748 8.972559 9.265589 8.975963 0.031132 0.032257 0.111744 0.106987 0.032257 0.031122 0.032257 660 671
57 62.310000 60.320000 1000000 9.257762 8.966107 9.255596 8.969511 0.031129 0.032257 0.111744 0.106987 0.032257 0.031119 0.032257 670 718
57 62.310000 60.320000 1000000 9.241063 8.954279 9.238886 8.957683 0.031133 0.032257 0.101497 0.096235 0.032257 0.031123 0.032257 710 766
57 62.310000 60.320000 1000000 9.226624 8.941376 9.224437 8.944780 0.031137 0.032257 0.094390 0.088707 0.032257 0.031127 0.032257 760 780
57 62.310000 60.320000 1000000 9.218572 8.933849 9.216379 8.937253 0.031144 0.032257 0.093380 0.087632 0.032257 0.031134 0.032257 780 868
57 62.310000 60.320000 1000000 9.171217 8.899441 9.168989 8.902845 0.031169 0.032257 0.098445 0.093010 0.032257 0.031159 0.032257 860 877
57 62.310000 60.320000 1000000 9.171128 8.898366 9.169004 8.903024 0.031169 0.032257 0.097430 0.091935 0.032257 0.031159 0.032257 870 917
57 62.310000 60.320000 1000000 9.150607 8.880086 9.148469 8.884744 0.031180 0.032257 0.097429 0.091935 0.032257 0.031170 0.032257 910 949
57 62.310000 60.320000 1000000 9.150391 8.879011 9.148253 8.883669 0.031179 0.032257 0.096416 0.090860 0.032257 0.031169 0.032257 940 964
57 62.310000 60.320000 1000000 9.149737 8.877936 9.147598 8.882594 0.031177 0.032257 0.096416 0.090860 0.032257 0.031168 0.032257 960 980
57 62.310000 60.320000 1000000 9.144209 8.874710 9.142066 8.879368 0.031180 0.032257 0.096414 0.090857 0.032257 0.031170 0.032257 980 996
57 62.310000 60.320000 1000000 9.143792 8.873635 9.141649 8.878293 0.031179 0.032257 0.096414 0.090857 0.032257 0.031169 0.032257 990 1020
57 62.310000 60.320000 1000000 9.135674 8.868258 9.133526 8.872917 0.031182 0.032257 0.101496 0.096234 0.032257 0.031173 0.032257 1020 1034
57 62.310000 60.320000 1000000 9.133290 8.867183 9.131140 8.871841 0.031185 0.032257 0.101496 0.096234 0.032257 0.031175 0.032257 1030 1046
57 62.310000 60.320000 1000000 9.108848 8.854280 9.106680 8.858938 0.031212 0.032257 0.095401 0.089782 0.032257 0.031202 0.032257 1040 1076
57 62.310000 60.320000 1000000 9.085263 8.837076 9.083078 8.841734 0.031234 0.032257 0.096414 0.090857 0.032257 0.031224 0.032257 1070 1082
57 62.310000 60.320000 1000000 9.084735 8.836000 9.082550 8.840659 0.031232 0.032257 0.096414 0.090857 0.032257 0.031222 0.032257 1080 1143
57 62.310000 60.320000 1000000 9.033643 8.809119 9.031421 8.813777 0.031272 0.032257 0.088355 0.082256 0.032257 0.031262 0.032257 1140 1158
57 62.310000 60.320000 1000000 9.025352 8.797829 9.022747 8.799933 0.031281 0.032257 0.086855 0.080643 0.032257 0.031271 0.032257 1150 1163
57 62.310000 60.320000 1000000 9.023714 8.796753 9.021106 8.798858 0.031280 0.032257 0.086855 0.080643 0.032257 0.031271 0.032257 1160 1189
57 62.310000 60.320000 1000000 9.022109 8.795678 9.019501 8.797783 0.031279 0.032257 0.086856 0.080644 0.032257 0.031270 0.032257 1180 1218
57 62.310000 60.320000 1000000 9.021190 8.794603 9.018581 8.796707 0.031277 0.032257 0.085859 0.079569 0.032257 0.031268 0.032257 1210 1221
57 62.310000 60.320000 1000000 9.020960 8.792990 9.018229 8.794243 0.031278 0.032257 0.085361 0.079031 0.032257 0.031269 0.032257 1220 1338
57 62.310000 60.320000 1000000 9.013485 8.784926 9.010628 8.785328 0.031267 0.032257 0.084864 0.078495 0.032257 0.031259 0.032257 1330 1344
57 62.310000 60.320000 1000000 8.996365 8.775248 8.993598 8.776905 0.031282 0.032257 0.081890 0.075269 0.032257 0.031273 0.032257 1340 1359
57 62.310000 60.320000 1000000 8.994375 8.774173 8.991606 8.775829 0.031284 0.032257 0.082879 0.076344 0.032257 0.031275 0.032257 1350 1385
57 62.310000 60.320000 1000000 8.992858 8.773098 8.990087 8.774754 0.031282 0.032257 0.083871 0.077419 0.032257 0.031274 0.032257 1380 1487
57 62.310000 60.320000 1000000 8.992680 8.772022 8.989910 8.773679 0.031282 0.032257 0.084864 0.078494 0.032257 0.031273 0.032257 1480 1522
57 62.310000 60.320000 1000000 8.992217 8.770947 8.989272 8.772200 0.031283 0.032257 0.083870 0.077419 0.032257 0.031274 0.032257 1520 1575
57 62.310000 60.320000 1000000 8.988727 8.766646 8.985779 8.767899 0.031275 0.032257 0.079917 0.073118 0.032257 0.031267 0.032257 1530 1600
57 62.310000 60.320000 1000000 8.976844 8.760194 8.973884 8.761448 0.031284 0.032257 0.076003 0.068818 0.032257 0.031276 0.032257 1600 1623
57 62.310000 60.320000 1000000 8.966956 8.754818 8.963986 8.756071 0.031292 0.032257 0.077957 0.070970 0.032257 0.031284 0.032257 1620 1707
57 62.310000 60.320000 1000000 8.942392 8.740840 8.939397 8.742093 0.031306 0.032257 0.075031 0.067743 0.032257 0.031298 0.032257 1700 1710
57 62.310000 60.320000 1000000 8.940882 8.739764 8.937886 8.741018 0.031305 0.032257 0.076003 0.068818 0.032257 0.031296 0.032257 1710 1726
57 62.310000 60.320000 1000000 8.930137 8.733313 8.927131 8.734566 0.031308 0.032257 0.079919 0.073120 0.032257 0.031299 0.032257 1720 1744
57 62.310000 60.320000 1000000 8.929596 8.732237 8.926589 8.733491 0.031306 0.032257 0.079919 0.073120 0.032257 0.031298 0.032257 1740 1762
57 62.310000 60.320000 1000000 8.907017 8.717184 8.903986 8.718437 0.031326 0.032257 0.086858 0.080646 0.032257 0.031318 0.032257 1760 1859
57 62.310000 60.320000 1000000 8.893936 8.707506 8.890892 8.708760 0.031317 0.032257 0.082880 0.076345 0.032257 0.031309 0.032257 1850 1892
57 62.310000 60.320000 1000000 8.892025 8.705356 8.888980 8.706609 0.031314 0.032257 0.082880 0.076345 0.032257 0.031306 0.032257 1890 2065
57 62.310000 60.320000 1000000 8.889781 8.704280 8.886733 8.705534 0.031316 0.032257 0.081891 0.075270 0.032257 0.031308 0.032257 2060 2105
57 62.310000 60.320000 1000000 8.884759 8.701055 8.881706 8.702308 0.031318 0.032257 0.081891 0.075270 0.032257 0.031310 0.032257 2100 2110
57 62.310000 60.320000 1000000 8.883642 8.699979 8.880588 8.701233 0.031316 0.032257 0.081891 0.075270 0.032257 0.031307 0.032257 2110 2164
57 62.310000 60.320000 1000000 8.871537 8.693528 8.868470 8.694781 0.031325 0.032257 0.081891 0.075270 0.032257 0.031317 0.032257 2160 2198
57 62.310000 60.320000 1000000 8.871307 8.692452 8.868240 8.693706 0.031325 0.032257 0.081891 0.075270 0.032257 0.031317 0.032257 2190 2234
57 62.310000 60.320000 1000000 8.847110 8.670947 8.843613 8.668796 0.031348 0.032257 0.084867 0.078497 0.032257 0.031340 0.032257 2230 2247
57 62.310000 60.320000 1000000 8.844553 8.662345 8.843303 8.668572 0.031352 0.032257 0.087858 0.081722 0.032257 0.031341 0.032257 2240 2280
57 62.310000 60.320000 1000000 8.843196 8.661270 8.841945 8.667496 0.031353 0.032257 0.087858 0.081722 0.032257 0.031342 0.032257 2280 2295
57 62.310000 60.320000 1000000 8.838873 8.658044 8.837620 8.664270 0.031354 0.032257 0.087858 0.081722 0.032257 0.031343 0.032257 2290 2322
57 62.310000 60.320000 1000000 8.838260 8.656969 8.837007 8.663195 0.031353 0.032257 0.087858 0.081721 0.032257 0.031342 0.032257 2320 2421
57 62.310000 60.320000 1000000 8.826913 8.647291 8.825655 8.653518 0.031348 0.032257 0.084864 0.078494 0.032257 0.031337 0.032257 2420 2614
57 62.310000 60.320000 1000000 8.822322 8.641915 8.821062 8.648141 0.031338 0.032257 0.083871 0.077420 0.032257 0.031327 0.032257 2610 2871
57 62.310000 60.320000 1000000 8.802191 8.623635 8.800568 8.629055 0.031355 0.032257 0.076003 0.068818 0.032257 0.031345 0.032257 2870 3189
57 62.310000 60.320000 1000000 8.776870 8.603743 8.774683 8.607102 0.031361 0.032257 0.071651 0.063979 0.032257 0.031352 0.032257 3180 3245
57 62.310000 60.320000 1000000 8.764692 8.596216 8.762496 8.599575 0.031374 0.032257 0.067838 0.059678 0.032257 0.031364 0.032257 3240 3259
57 62.310000 60.320000 1000000 8.762536 8.595141 8.760339 8.598500 0.031375 0.032257 0.066894 0.058603 0.032257 0.031366 0.032257 3250 3402
57 62.310000 60.320000 1000000 8.723274 8.568259 8.721046 8.571618 0.031384 0.032257 0.073578 0.066130 0.032257 0.031374 0.032257 3390 3430
57 62.310000 60.320000 1000000 8.721133 8.567184 8.718904 8.570543 0.031386 0.032257 0.072613 0.065055 0.032257 0.031376 0.032257 3430 3681
57 62.310000 60.320000 1000000 8.673841 8.539227 8.671575 8.542586 0.031408 0.032257 0.093383 0.087635 0.032257 0.031398 0.032257 3680 3805
57 62.310000 60.320000 1000000 8.671372 8.537076 8.669104 8.540435 0.031411 0.032257 0.093383 0.087635 0.032257 0.031401 0.032257 3790 3883
57 62.310000 60.320000 1000000 8.670190 8.536001 8.667921 8.539360 0.031413 0.032257 0.093383 0.087635 0.032257 0.031403 0.032257 3880 3906
57 62.310000 60.320000 1000000 8.669098 8.534926 8.666828 8.538285 0.031411 0.032257 0.093383 0.087635 0.032257 0.031401 0.032257 3900 3970
57 62.310000 60.320000 1000000 8.667461 8.533850 8.665190 8.537209 0.031410 0.032257 0.094393 0.088710 0.032257 0.031401 0.032257 3970 4031
57 62.310000 60.320000 1000000 8.666225 8.532775 8.663953 8.536134 0.031409 0.032257 0.094393 0.088710 0.032257 0.031399 0.032257 4030 4159
57 62.310000 60.320000 1000000 8.651294 8.524173 8.649010 8.527532 0.031413 0.032257 0.091368 0.085484 0.032257 0.031403 0.032257 4150 4404
57 62.310000 60.320000 1000000 8.648749 8.520947 8.646407 8.523903 0.031409 0.032257 0.091368 0.085485 0.032257 0.031399 0.032257 4400 4411
57 62.310000 60.320000 1000000 8.643606 8.517721 8.641260 8.520677 0.031411 0.032257 0.089360 0.083334 0.032257 0.031401 0.032257 4410 4450
57 62.310000 60.320000 1000000 8.637476 8.506969 8.634633 8.506520 0.031420 0.032257 0.086360 0.080110 0.032257 0.031411 0.032257 4450 4481
57 62.310000 60.320000 1000000 8.635801 8.505894 8.632956 8.505444 0.031420 0.032257 0.087359 0.081185 0.032257 0.031411 0.032257 4480 4513
57 62.310000 60.320000 1000000 8.634942 8.504818 8.632096 8.504369 0.031421 0.032257 0.087359 0.081185 0.032257 0.031412 0.032257 4510 4553
57 62.310000 60.320000 1000000 8.608697 8.489765 8.605825 8.489316 0.031427 0.032257 0.075518 0.068282 0.032257 0.031418 0.032257 4550 4693
57 62.310000 60.320000 1000000 8.576564 8.468259 8.573659 8.467810 0.031430 0.032257 0.072613 0.065055 0.032257 0.031421 0.032257 4690 4884
57 62.310000 60.320000 1000000 8.575467 8.467184 8.572561 8.466735 0.031432 0.032257 0.071651 0.063980 0.032257 0.031423 0.032257 4880 5297
57 62.310000 60.320000 1000000 8.575114 8.466109 8.572208 8.465660 0.031431 0.032257 0.072613 0.065055 0.032257 0.031422 0.032257 5290 5792
57 62.310000 60.320000 1000000 8.557428 8.455356 8.554504 8.454907 0.031436 0.032257 0.064088 0.055378 0.032257 0.031427 0.032257 5790 5801
57 62.310000 60.320000 1000000 8.557324 8.454281 8.554521 8.455086 0.031435 0.032257 0.063161 0.054303 0.032257 0.031427 0.032257 5800 5985
57 62.310000 60.320000 1000000 8.540788 8.443528 8.537968 8.444334 0.031440 0.032257 0.068788 0.060755 0.032257 0.031432 0.032257 5980 6440
57 62.310000 60.320000 1000000 8.536281 8.440302 8.533457 8.441108 0.031444 0.032257 0.065956 0.057529 0.032257 0.031435 0.032257 6440 7348
57 62.310000 60.320000 1000000 8.513266 8.423098 8.510419 8.423903 0.031443 0.032257 0.065957 0.057531 0.032257 0.031434 0.032257 7340 7800
57 62.310000 60.320000 1000000 8.511298 8.412345 8.507746 8.408043 0.031446 0.032257 0.068788 0.060756 0.032257 0.031439 0.032257 7800 8116
57 62.310000 60.320000 1000000 8.499128 8.401593 8.495561 8.397291 0.031449 0.032257 0.074548 0.067208 0.032257 0.031441 0.032257 8110 8257
57 62.310000 60.320000 1000000 8.497944 8.400518 8.494376 8.396216 0.031447 0.032257 0.075519 0.068283 0.032257 0.031439 0.032257 8250 8444
57 62.310000 60.320000 1000000 8.470820 8.381163 8.467217 8.376861 0.031459 0.032257 0.090366 0.084412 0.032257 0.031452 0.032257 8440 9373
57 62.310000 60.320000 1000000 8.434669 8.353206 8.429957 8.346485 0.031485 0.032257 0.090366 0.084413 0.032257 0.031480 0.032257 9370 9462
57 62.310000 60.320000 1000000 8.431887 8.349980 8.427171 8.343259 0.031480 0.032257 0.088361 0.082262 0.032257 0.031475 0.032257 9460 9685
57 62.310000 60.320000 1000000 8.415091 8.331701 8.410347 8.324979 0.031495 0.032257 0.091371 0.085488 0.032257 0.031489 0.032257 9680 10294
57 62.310000 60.320000 1000000 8.412771 8.329550 8.408022 8.322829 0.031491 0.032257 0.091372 0.085488 0.032257 0.031485 0.032257 10000 10336
57 62.310000 60.320000 1000000 8.411654 8.328475 8.406904 8.321754 0.031489 0.032257 0.092378 0.086563 0.032257 0.031483 0.032257 10330 10502
57 62.310000 60.320000 1000000 8.409866 8.327400 8.405112 8.320678 0.031491 0.032257 0.091374 0.085490 0.032257 0.031486 0.032257 10500 10618
57 62.310000 60.320000 1000000 8.408259 8.326324 8.403502 8.319603 0.031494 0.032257 0.092380 0.086566 0.032257 0.031488 0.032257 10610 10842
57 62.310000 60.320000 1000000 8.404107 8.323099 8.399344 8.316377 0.031491 0.032257 0.093389 0.087641 0.032257 0.031486 0.032257 10840 11547
57 62.310000 60.320000 1000000 8.381614 8.309120 8.376812 8.302399 0.031509 0.032257 0.096423 0.090867 0.032257 0.031504 0.032257 11540 12126
57 62.310000 60.320000 1000000 8.363817 8.291916 8.358984 8.285194 0.031525 0.032257 0.094399 0.088716 0.032257 0.031520 0.032257 12120 12356
57 62.310000 60.320000 1000000 8.363046 8.290840 8.358212 8.284119 0.031523 0.032257 0.094399 0.088716 0.032257 0.031518 0.032257 12350 12845
57 62.310000 60.320000 1000000 8.358150 8.287615 8.353308 8.280893 0.031531 0.032257 0.091374 0.085490 0.032257 0.031526 0.032257 12840 14072
57 62.310000 60.320000 1000000 8.345796 8.275787 8.341315 8.270320 0.031536 0.032257 0.092380 0.086566 0.032257 0.031531 0.032257 14070 15523
57 62.310000 60.320000 1000000 8.338701 8.270410 8.334209 8.264944 0.031530 0.032257 0.092380 0.086566 0.032257 0.031524 0.032257 14100 14794
57 62.310000 60.320000 1000000 8.290883 8.232776 8.286313 8.227309 0.031591 0.032257 0.088361 0.082263 0.032257 0.031585 0.032257 14790 15523
57 62.310000 60.320000 1000000 8.280499 8.224174 8.275911 8.218707 0.031597 0.032257 0.087361 0.081187 0.032257 0.031591 0.032257 15500 15903
57 62.310000 60.320000 1000000 8.276976 8.216647 8.271381 8.208761 0.031600 0.032257 0.087361 0.081188 0.032257 0.031596 0.032257 15900 16471
57 62.310000 60.320000 1000000 8.260985 8.205894 8.255358 8.198008 0.031594 0.032257 0.087362 0.081188 0.032257 0.031590 0.032257 16470 17471
57 62.310000 60.320000 1000000 8.245598 8.195142 8.239939 8.187255 0.031609 0.032257 0.083379 0.076887 0.032257 0.031606 0.032257 17470 18077
57 62.310000 60.320000 1000000 8.235786 8.189765 8.230106 8.181879 0.031620 0.032257 0.080414 0.073661 0.032257 0.031616 0.032257 18070 19421
57 62.310000 60.320000 1000000 8.221608 8.176862 8.216293 8.170230 0.031615 0.032257 0.075520 0.068284 0.032257 0.031611 0.032257 19420 20780
57 62.310000 60.320000 1000000 8.219123 8.173636 8.213803 8.167004 0.031610 0.032257 0.073581 0.066133 0.032257 0.031606 0.032257 20780 20995
57 62.310000 60.320000 1000000 8.218000 8.172561 8.212678 8.165929 0.031608 0.032257 0.074549 0.067208 0.032257 0.031604 0.032257 20990 21130
57 62.310000 60.320000 1000000 8.216644 8.171486 8.211319 8.164854 0.031611 0.032257 0.074548 0.067208 0.032257 0.031607 0.032257 21130 23690
57 62.310000 60.320000 1000000 8.214820 8.164496 8.211233 8.163286 0.031614 0.032257 0.070217 0.062369 0.032257 0.031607 0.032257 23690 23900
57 62.310000 60.320000 1000000 8.213768 8.163421 8.210179 8.162211 0.031612 0.032257 0.071174 0.063445 0.032257 0.031605 0.032257 23900 27830
57 62.310000 60.320000 1000000 8.191096 8.148367 8.187477 8.147157 0.031613 0.032257 0.066425 0.058067 0.032257 0.031606 0.032257 25740 27708
57 62.310000 60.320000 1000000 8.187652 8.145141 8.184028 8.143931 0.031617 0.032257 0.064554 0.055917 0.032257 0.031610 0.032257 27700 27830
57 62.310000 60.320000 1000000 8.186423 8.144066 8.182798 8.142856 0.031620 0.032257 0.063625 0.054842 0.032257 0.031612 0.032257 27830 28071
57 62.310000 60.320000 1000000 8.181685 8.138690 8.178054 8.137479 0.031622 0.032257 0.066426 0.058067 0.032257 0.031615 0.032257 28070 28850
57 62.310000 60.320000 1000000 8.174288 8.132238 8.170647 8.131028 0.031622 0.032257 0.067368 0.059143 0.032257 0.031615 0.032257 28850 28931
57 62.310000 60.320000 1000000 8.173669 8.131163 8.170027 8.129952 0.031621 0.032257 0.068314 0.060218 0.032257 0.031613 0.032257 28930 29062
57 62.310000 60.320000 1000000 8.172052 8.130088 8.168408 8.128877 0.031623 0.032257 0.067368 0.059143 0.032257 0.031616 0.032257 29060 29754
57 62.310000 60.320000 1000000 8.155378 8.116109 8.151712 8.114899 0.031649 0.032257 0.066426 0.058067 0.032257 0.031641 0.032257 29750 31350
57 62.310000 60.320000 1000000 8.137295 8.092991 8.132794 8.085822 0.031667 0.032257 0.068788 0.060756 0.032257 0.031661 0.032257 31350 31798
57 62.310000 60.320000 1000000 8.114248 8.077937 8.109709 8.070768 0.031684 0.032257 0.072613 0.065055 0.032257 0.031679 0.032257 31790 33195
57 62.310000 60.320000 1000000 8.097419 8.068260 8.092851 8.061091 0.031699 0.032257 0.066895 0.058604 0.032257 0.031693 0.032257 33190 34171
57 62.310000 60.320000 1000000 8.094181 8.065034 8.089607 8.057865 0.031698 0.032257 0.067839 0.059679 0.032257 0.031692 0.032257 34170 34284
57 62.310000 60.320000 1000000 8.093079 8.063959 8.088504 8.056790 0.031696 0.032257 0.066895 0.058604 0.032257 0.031690 0.032257 34280 34577
57 62.310000 60.320000 1000000 8.091742 8.062884 8.087164 8.055714 0.031694 0.032257 0.065955 0.057529 0.032257 0.031689 0.032257 34570 37798
57 62.310000 60.320000 1000000 8.085236 8.058583 8.080647 8.051413 0.031698 0.032257 0.065955 0.057528 0.032257 0.031693 0.032257 37790 38184
57 62.310000 60.320000 1000000 8.065578 8.046755 8.060955 8.039585 0.031709 0.032257 0.065955 0.057528 0.032257 0.031703 0.032257 38180 41230
57 62.310000 60.320000 1000000 8.047196 8.031701 8.042542 8.024531 0.031719 0.032257 0.058603 0.048927 0.032257 0.031714 0.032257 41230 41563
57 62.310000 60.320000 1000000 8.046105 8.030625 8.041449 8.023456 0.031717 0.032257 0.057709 0.047851 0.032257 0.031712 0.032257 41560 43856
57 62.310000 60.320000 1000000 8.036457 8.024174 8.031784 8.017004 0.031717 0.032257 0.056820 0.046776 0.032257 0.031712 0.032257 43850 46766
57 62.310000 60.320000 1000000 8.020637 8.013421 8.015937 8.006252 0.031732 0.032257 0.052483 0.041400 0.032257 0.031727 0.032257 46760 47124
57 62.310000 60.320000 1000000 8.019427 8.012346 8.014725 8.005176 0.031730 0.032257 0.053335 0.042475 0.032257 0.031725 0.032257 47120 54230
57 62.310000 60.320000 1000000 7.970724 7.979013 7.965934 7.971843 0.031747 0.032257 0.058603 0.048927 0.032257 0.031743 0.032257 54230 55821
57 62.310000 60.320000 1000000 7.968779 7.975787 7.964748 7.971127 0.031747 0.032257 0.056821 0.046776 0.032257 0.031741 0.032257 55820 57025
57 62.310000 60.320000 1000000 7.961633 7.970411 7.957591 7.965750 0.031742 0.032257 0.059505 0.050002 0.032257 0.031735 0.032257 57020 57890
57 62.310000 60.320000 1000000 7.960375 7.969335 7.956332 7.964675 0.031740 0.032257 0.060411 0.051077 0.032257 0.031733 0.032257 57890 58729
57 62.310000 60.320000 1000000 7.941886 7.957507 7.937814 7.952847 0.031740 0.032257 0.057709 0.047851 0.032257 0.031734 0.032257 58720 63919
57 62.310000 60.320000 1000000 7.927873 7.946755 7.924155 7.943349 0.031751 0.032257 0.063161 0.054302 0.032257 0.031744 0.032257 63910 65254
57 62.310000 60.320000 1000000 7.922034 7.939228 7.918308 7.935822 0.031759 0.032257 0.062239 0.053227 0.032257 0.031752 0.032257 65250 65447
57 62.310000 60.320000 1000000 7.920681 7.938153 7.916953 7.934747 0.031757 0.032257 0.062239 0.053227 0.032257 0.031750 0.032257 65440 68096
57 62.310000 60.320000 1000000 7.911811 7.928475 7.908071 7.925069 0.031771 0.032257 0.065954 0.057528 0.032257 0.031764 0.032257 66740 69478
57 62.310000 60.320000 1000000 7.904913 7.917723 7.899985 7.911494 0.031782 0.032257 0.071651 0.063979 0.032257 0.031777 0.032257 69470 70311
57 62.310000 60.320000 1000000 7.898339 7.913422 7.893399 7.907193 0.031786 0.032257 0.068787 0.060754 0.032257 0.031781 0.032257 70310 82105
57 62.310000 60.320000 1000000 7.880256 7.897293 7.875281 7.891064 0.031811 0.032257 0.069738 0.061829 0.032257 0.031806 0.032257 82100 83497
57 62.310000 60.320000 1000000 7.878899 7.896217 7.873922 7.889989 0.031813 0.032257 0.068786 0.060754 0.032257 0.031808 0.032257 83490 89120
57 62.310000 60.320000 1000000 7.872865 7.887615 7.869683 7.887659 0.031820 0.032257 0.067838 0.059677 0.032257 0.031812 0.032257 84700 86822
57 62.310000 60.320000 1000000 7.870287 7.882239 7.867440 7.883537 0.031824 0.032257 0.066893 0.058602 0.032257 0.031816 0.032257 86820 89120
57 62.310000 60.320000 1000000 7.869212 7.881164 7.866365 7.882462 0.031823 0.032257 0.067837 0.059677 0.032257 0.031814 0.032257 89120 90465
57 62.310000 60.320000 1000000 7.868363 7.875250 7.865095 7.873591 0.031824 0.032257 0.068312 0.060216 0.032257 0.031815 0.032257 90460 90725
57 62.310000 60.320000 1000000 7.867657 7.874174 7.864389 7.872516 0.031825 0.032257 0.067366 0.059140 0.032257 0.031817 0.032257 90720 99236
57 62.310000 60.320000 1000000 7.846643 7.848368 7.842713 7.841602 0.031849 0.032257 0.065486 0.056990 0.032257 0.031842 0.032257 99230 116664
57 62.310000 60.320000 1000000 7.831922 7.835465 7.827353 7.827086 0.031854 0.032257 0.066424 0.058066 0.032257 0.031848 0.032257 116660 118942
57 62.310000 60.320000 1000000 7.830114 7.834390 7.825542 7.826011 0.031856 0.032257 0.065486 0.056991 0.032257 0.031850 0.032257 118940 119561
57 62.310000 60.320000 1000000 7.828261 7.833315 7.823686 7.824936 0.031857 0.032257 0.066424 0.058066 0.032257 0.031851 0.032257 119560 124027
57 62.310000 60.320000 1000000 7.825852 7.830089 7.821273 7.821710 0.031860 0.032257 0.068312 0.060216 0.032257 0.031854 0.032257 124010 125740
57 62.310000 60.320000 1000000 7.824290 7.829014 7.819708 7.820635 0.031860 0.032257 0.067366 0.059141 0.032257 0.031854 0.032257 125740 129858
57 62.310000 60.320000 1000000 7.819208 7.823637 7.815288 7.817767 0.031862 0.032257 0.064553 0.055915 0.032257 0.031855 0.032257 129850 134313
57 62.310000 60.320000 1000000 7.817938 7.822562 7.814017 7.816692 0.031861 0.032257 0.064553 0.055915 0.032257 0.031854 0.032257 134310 138028
57 62.310000 60.320000 1000000 7.816276 7.821487 7.812352 7.815617 0.031862 0.032257 0.064553 0.055915 0.032257 0.031855 0.032257 138020 141566
57 62.310000 60.320000 1000000 7.814399 7.820411 7.810472 7.814541 0.031864 0.032257 0.063624 0.054840 0.032257 0.031857 0.032257 141560 145447
57 62.310000 60.320000 1000000 7.813747 7.817186 7.810124 7.813825 0.031863 0.032257 0.064552 0.055915 0.032257 0.031857 0.032257 145440 145988
57 62.310000 60.320000 1000000 7.812654 7.816110 7.809030 7.812749 0.031862 0.032257 0.063623 0.054839 0.032257 0.031855 0.032257 145980 148691
57 62.310000 60.320000 1000000 7.794732 7.802132 7.791083 7.798771 0.031884 0.032257 0.062699 0.053764 0.032257 0.031878 0.032257 148690 150275
57 62.310000 60.320000 1000000 7.793662 7.801057 7.790011 7.797696 0.031883 0.032257 0.062699 0.053764 0.032257 0.031876 0.032257 150270 155445
57 62.310000 60.320000 1000000 7.793040 7.799981 7.789389 7.796620 0.031882 0.032257 0.063623 0.054839 0.032257 0.031875 0.032257 155440 158536
57 62.310000 60.320000 1000000 7.790182 7.797831 7.786527 7.794470 0.031880 0.032257 0.065486 0.056990 0.032257 0.031873 0.032257 155480 161098
57 62.310000 60.320000 1000000 7.785278 7.794605 7.781615 7.791244 0.031882 0.032257 0.063623 0.054840 0.032257 0.031876 0.032257 161090 164447
57 62.310000 60.320000 1000000 7.779837 7.790304 7.776167 7.786943 0.031888 0.032257 0.060865 0.051614 0.032257 0.031881 0.032257 164440 166723
57 62.310000 60.320000 1000000 7.779137 7.789229 7.775466 7.785868 0.031887 0.032257 0.059956 0.050539 0.032257 0.031880 0.032257 166720 169180
57 62.310000 60.320000 1000000 7.775368 7.786003 7.771691 7.782642 0.031882 0.032257 0.061780 0.052689 0.032257 0.031875 0.032257 169180 175766
57 62.310000 60.320000 1000000 7.770027 7.782777 7.766342 7.779416 0.031887 0.032257 0.061779 0.052689 0.032257 0.031880 0.032257 175760 176439
57 62.310000 60.320000 1000000 7.768817 7.781702 7.765131 7.778341 0.031885 0.032257 0.061779 0.052689 0.032257 0.031879 0.032257 176430 192636
57 62.310000 60.320000 1000000 7.741338 7.758046 7.737613 7.754685 0.031895 0.032257 0.062699 0.053764 0.032257 0.031889 0.032257 192630 200954
57 62.310000 60.320000 1000000 7.734434 7.750519 7.730699 7.747158 0.031900 0.032257 0.068312 0.060216 0.032257 0.031894 0.032257 200950 200960
57 62.310000 60.320000 1000000 7.733055 7.749444 7.729317 7.746083 0.031899 0.032257 0.068312 0.060216 0.032257 0.031893 0.032257 200960 203385
57 62.310000 60.320000 1000000 7.729035 7.744067 7.725292 7.740706 0.031903 0.032257 0.066424 0.058065 0.032257 0.031896 0.032257 203380 205315
57 62.310000 60.320000 1000000 7.727975 7.742992 7.724231 7.739631 0.031901 0.032257 0.066424 0.058065 0.032257 0.031895 0.032257 205310 213245
57 62.310000 60.320000 1000000 7.720051 7.731164 7.718513 7.736585 0.031906 0.032257 0.068311 0.060215 0.032257 0.031896 0.032257 213240 229480
57 62.310000 60.320000 1000000 7.704436 7.720412 7.702888 7.725832 0.031901 0.032257 0.069259 0.061289 0.032257 0.031891 0.032257 229480 230102
57 62.310000 60.320000 1000000 7.703454 7.719336 7.701905 7.724757 0.031900 0.032257 0.069259 0.061289 0.032257 0.031890 0.032257 230100 240338
57 62.310000 60.320000 1000000 7.693287 7.712885 7.691732 7.718305 0.031908 0.032257 0.063621 0.054837 0.032257 0.031898 0.032257 240330 246428
57 62.310000 60.320000 1000000 7.688099 7.707508 7.686541 7.712929 0.031913 0.032257 0.061777 0.052687 0.032257 0.031903 0.032257 246420 281018
57 62.310000 60.320000 1000000 7.675821 7.695680 7.674255 7.701101 0.031919 0.032257 0.058153 0.048386 0.032257 0.031909 0.032257 281010 283429
57 62.310000 60.320000 1000000 7.674591 7.694605 7.673025 7.700025 0.031920 0.032257 0.059050 0.049461 0.032257 0.031910 0.032257 283420 285204
57 62.310000 60.320000 1000000 7.673907 7.693530 7.672341 7.698950 0.031921 0.032257 0.059050 0.049461 0.032257 0.031911 0.032257 285200 289727
57 62.310000 60.320000 1000000 7.672810 7.692455 7.671243 7.697875 0.031923 0.032257 0.058153 0.048386 0.032257 0.031913 0.032257 289720 290674
57 62.310000 60.320000 1000000 7.670932 7.691379 7.669363 7.696800 0.031924 0.032257 0.057261 0.047310 0.032257 0.031914 0.032257 290670 301548
57 62.310000 60.320000 1000000 7.667363 7.684928 7.665683 7.688646 0.031928 0.032257 0.056376 0.046235 0.032257 0.031918 0.032257 301540 307579
57 62.310000 60.320000 1000000 7.662223 7.680627 7.660540 7.684345 0.031924 0.032257 0.056377 0.046236 0.032257 0.031914 0.032257 307570 315668
57 62.310000 60.320000 1000000 7.660510 7.679552 7.658825 7.683269 0.031925 0.032257 0.057262 0.047311 0.032257 0.031915 0.032257 315660 318518
57 62.310000 60.320000 1000000 7.658587 7.678476 7.656901 7.682194 0.031927 0.032257 0.056378 0.046237 0.032257 0.031917 0.032257 318510 318629
57 62.310000 60.320000 1000000 7.656743 7.677401 7.655056 7.681119 0.031928 0.032257 0.055499 0.045162 0.032257 0.031918 0.032257 318620 329491
57 62.310000 60.320000 1000000 7.656274 7.676326 7.654586 7.680043 0.031928 0.032257 0.056378 0.046237 0.032257 0.031918 0.032257 329490 341776
57 62.310000 60.320000 1000000 7.656069 7.675250 7.654304 7.678565 0.031927 0.032257 0.055499 0.045162 0.032257 0.031917 0.032257 341770 363567
57 62.310000 60.320000 1000000 7.644531 7.660197 7.642759 7.663511 0.031934 0.032257 0.059052 0.049463 0.032257 0.031924 0.032257 363560 380154
57 62.310000 60.320000 1000000 7.636464 7.651595 7.634686 7.654909 0.031945 0.032257 0.059052 0.049464 0.032257 0.031935 0.032257 372590 385172
57 62.310000 60.320000 1000000 7.629670 7.646218 7.627887 7.649533 0.031952 0.032257 0.058155 0.048388 0.032257 0.031942 0.032257 385170 387219
57 62.310000 60.320000 1000000 7.628457 7.645143 7.626674 7.648458 0.031951 0.032257 0.058154 0.048388 0.032257 0.031941 0.032257 387210 399323
57 62.310000 60.320000 1000000 7.625686 7.641917 7.623900 7.645232 0.031951 0.032257 0.057262 0.047312 0.032257 0.031941 0.032257 399320 417582
57 62.310000 60.320000 1000000 7.617174 7.636541 7.615382 7.639855 0.031959 0.032257 0.059955 0.050538 0.032257 0.031949 0.032257 417580 426347
57 62.310000 60.320000 1000000 7.615618 7.635466 7.613825 7.638780 0.031961 0.032257 0.059052 0.049463 0.032257 0.031951 0.032257 426340 431629
57 62.310000 60.320000 1000000 7.610897 7.632240 7.609100 7.635554 0.031962 0.032257 0.059052 0.049463 0.032257 0.031952 0.032257 431620 487022
57 62.310000 60.320000 1000000 7.599700 7.623638 7.597896 7.626952 0.031971 0.032257 0.059956 0.050539 0.032257 0.031961 0.032257 460310 517061
57 62.310000 60.320000 1000000 7.596858 7.620412 7.595051 7.623726 0.031974 0.032257 0.059956 0.050539 0.032257 0.031964 0.032257 517060 538266
57 62.310000 60.320000 1000000 7.582744 7.604283 7.579736 7.604372 0.031985 0.032257 0.061781 0.052691 0.032257 0.031976 0.032257 538260 551502
57 62.310000 60.320000 1000000 7.582246 7.603208 7.579238 7.603296 0.031985 0.032257 0.061781 0.052691 0.032257 0.031977 0.032257 551500 570227
57 62.310000 60.320000 1000000 7.557332 7.586003 7.554294 7.586092 0.032007 0.032257 0.057264 0.047314 0.032257 0.031999 0.032257 570220 591638
57 62.310000 60.320000 1000000 7.556118 7.584928 7.553078 7.585017 0.032006 0.032257 0.058156 0.048389 0.032257 0.031998 0.032257 591630 606726
57 62.310000 60.320000 1000000 7.552582 7.581702 7.549538 7.581791 0.032011 0.032257 0.056379 0.046239 0.032257 0.032002 0.032257 606720 615454
57 62.310000 60.320000 1000000 7.551158 7.580627 7.548112 7.580716 0.032009 0.032257 0.056379 0.046239 0.032257 0.032001 0.032257 615450 621362
57 62.310000 60.320000 1000000 7.550823 7.579552 7.547777 7.579641 0.032009 0.032257 0.057264 0.047314 0.032257 0.032001 0.032257 621360 625914
57 62.310000 60.320000 1000000 7.547135 7.576326 7.544085 7.576415 0.032006 0.032257 0.056379 0.046239 0.032257 0.031998 0.032257 625910 626621
57 62.310000 60.320000 1000000 7.546410 7.575251 7.543359 7.575339 0.032005 0.032257 0.057264 0.047314 0.032257 0.031997 0.032257 626620 650373
57 62.310000 60.320000 1000000 7.545195 7.574175 7.542142 7.574264 0.032007 0.032257 0.057264 0.047314 0.032257 0.031999 0.032257 650370 713954
57 62.310000 60.320000 1000000 7.524310 7.556971 7.521232 7.557060 0.032025 0.032257 0.054627 0.044086 0.032257 0.032017 0.032257 713950 747531
57 62.310000 60.320000 1000000 7.522494 7.551057 7.519087 7.548592 0.032027 0.032257 0.053335 0.042474 0.032257 0.032020 0.032257 747530 750811
57 62.310000 60.320000 1000000 7.521322 7.549982 7.517913 7.547517 0.032029 0.032257 0.052483 0.041399 0.032257 0.032021 0.032257 750810 772727
57 62.310000 60.320000 1000000 7.507690 7.539229 7.504262 7.536764 0.032035 0.032257 0.049160 0.037097 0.032257 0.032027 0.032257 772720 777678
57 62.310000 60.320000 1000000 7.507014 7.538154 7.503585 7.535689 0.032034 0.032257 0.049160 0.037097 0.032257 0.032027 0.032257 777670 812943
57 62.310000 60.320000 1000000 7.496995 7.528476 7.493552 7.526011 0.032036 0.032257 0.054195 0.043549 0.032257 0.032029 0.032257 812940 815446
57 62.310000 60.320000 1000000 7.495499 7.527401 7.492054 7.524936 0.032036 0.032257 0.055062 0.044624 0.032257 0.032028 0.032257 815440 822938
57 62.310000 60.320000 1000000 7.492691 7.524175 7.489243 7.521710 0.032038 0.032257 0.057707 0.047850 0.032257 0.032031 0.032257 822930 825929
57 62.310000 60.320000 1000000 7.490879 7.523100 7.487429 7.520635 0.032040 0.032257 0.056819 0.046774 0.032257 0.032033 0.032257 825920 826917
57 62.310000 60.320000 1000000 7.489486 7.522025 7.486034 7.519560 0.032042 0.032257 0.056819 0.046774 0.032257 0.032034 0.032257 826910 868387
57 62.310000 60.320000 1000000 7.485304 7.518799 7.481846 7.516334 0.032046 0.032257 0.056819 0.046774 0.032257 0.032039 0.032257 868380 896606
57 62.310000 60.320000 1000000 7.483958 7.517724 7.480498 7.515259 0.032045 0.032257 0.056819 0.046774 0.032257 0.032038 0.032257 896600 911969
57 62.310000 60.320000 1000000 7.482286 7.516648 7.478824 7.514183 0.032046 0.032257 0.057707 0.047849 0.032257 0.032039 0.032257 911960 922614
57 62.310000 60.320000 1000000 7.474951 7.511272 7.471478 7.508807 0.032047 0.032257 0.061321 0.052151 0.032257 0.032040 0.032257 922610 930099
57 62.310000 60.320000 1000000 7.474678 7.510197 7.471524 7.508986 0.032048 0.032257 0.060410 0.051076 0.032257 0.032040 0.032257 930090 1000000
