11 62.310000 60.320000 1000000 12.973377 13.002114 12.968642 13.005473 0.031531 0.032257 0.271812 0.269891 0.032257 0.031522 0.032257 0 50
11 62.310000 60.320000 1000000 11.523910 11.467712 11.518485 11.468696 0.031108 0.032257 0.219585 0.217202 0.032257 0.031099 0.032257 50 60
11 62.310000 60.320000 1000000 11.027790 11.120401 11.021008 11.118877 0.031188 0.032257 0.175041 0.172043 0.032257 0.031180 0.032257 60 71
11 62.310000 60.320000 1000000 10.935536 11.047821 10.928446 11.045445 0.031174 0.032257 0.181916 0.179033 0.032257 0.031167 0.032257 70 80
11 62.310000 60.320000 1000000 10.783080 10.887069 10.778747 10.894325 0.031154 0.032257 0.148702 0.145162 0.032257 0.031144 0.032257 80 99
11 62.310000 60.320000 1000000 10.735623 10.852123 10.731099 10.858528 0.031156 0.032257 0.147128 0.143548 0.032257 0.031146 0.032257 90 111
11 62.310000 60.320000 1000000 10.527992 10.687607 10.523194 10.694012 0.031169 0.032257 0.166068 0.162905 0.032257 0.031159 0.032257 100 110
11 62.310000 60.320000 1000000 10.464190 10.610188 10.458133 10.613770 0.031145 0.032257 0.177686 0.174733 0.032257 0.031136 0.032257 110 120
11 62.310000 60.320000 1000000 10.375690 10.479005 10.370153 10.485187 0.031090 0.032257 0.196750 0.194088 0.032257 0.031080 0.032257 120 132
11 62.310000 60.320000 1000000 10.317699 10.388683 10.312662 10.397373 0.031041 0.032257 0.198871 0.196238 0.032257 0.031030 0.032257 130 144
11 62.310000 60.320000 1000000 10.296845 10.354274 10.291371 10.359559 0.031013 0.032257 0.191447 0.188710 0.032257 0.031003 0.032257 140 154
11 62.310000 60.320000 1000000 10.272384 10.301586 10.265963 10.298359 0.030971 0.032257 0.177684 0.174732 0.032257 0.030962 0.032257 150 160
11 62.310000 60.320000 1000000 10.203638 10.137071 10.203115 10.185725 0.030968 0.032257 0.214801 0.212365 0.032257 0.030961 0.032257 160 178
11 62.310000 60.320000 1000000 10.179822 10.110189 10.179295 10.158843 0.030953 0.032257 0.212675 0.210215 0.032257 0.030947 0.032257 170 181
11 62.310000 60.320000 1000000 10.124880 10.022555 10.123019 10.063548 0.030932 0.032257 0.240879 0.238710 0.032257 0.030928 0.032257 180 201
11 62.310000 60.320000 1000000 10.055774 9.910727 10.054056 9.954229 0.030902 0.032257 0.204708 0.202150 0.032257 0.030899 0.032257 200 226
11 62.310000 60.320000 1000000 9.979277 9.747287 9.979022 9.795000 0.030892 0.032257 0.175041 0.172043 0.032257 0.030886 0.032257 210 235
11 62.310000 60.320000 1000000 9.947401 9.716104 9.947143 9.763817 0.030926 0.032257 0.183502 0.180644 0.032257 0.030920 0.032257 220 242
11 62.310000 60.320000 1000000 9.889572 9.570405 9.884788 9.568074 0.030917 0.032257 0.153429 0.149999 0.032257 0.030909 0.032257 240 250
11 62.310000 60.320000 1000000 9.883371 9.556427 9.878578 9.554096 0.030898 0.032257 0.148178 0.144624 0.032257 0.030891 0.032257 250 272
11 62.310000 60.320000 1000000 9.877766 9.552126 9.873057 9.551049 0.030903 0.032257 0.147128 0.143549 0.032257 0.030896 0.032257 270 289
11 62.310000 60.320000 1000000 9.844481 9.518792 9.839723 9.517716 0.030910 0.032257 0.145030 0.141397 0.032257 0.030903 0.032257 280 294
11 62.310000 60.320000 1000000 9.786795 9.462879 9.781953 9.461802 0.030935 0.032257 0.150278 0.146775 0.032257 0.030929 0.032257 290 307
11 62.310000 60.320000 1000000 9.757445 9.438148 9.752559 9.437071 0.030952 0.032257 0.136659 0.132798 0.032257 0.030946 0.032257 300 313
11 62.310000 60.320000 1000000 9.755106 9.434922 9.750217 9.433845 0.030955 0.032257 0.137704 0.133873 0.032257 0.030948 0.032257 310 357
11 62.310000 60.320000 1000000 9.746130 9.422557 9.740484 9.417224 0.030961 0.032257 0.134049 0.130109 0.032257 0.030956 0.032257 350 364
11 62.310000 60.320000 1000000 9.725055 9.407503 9.719089 9.400467 0.030981 0.032257 0.134050 0.130111 0.032257 0.030976 0.032257 360 392
11 62.310000 60.320000 1000000 9.673157 9.365568 9.667094 9.358532 0.030983 0.032257 0.129880 0.125810 0.032257 0.030979 0.032257 390 436
11 62.310000 60.320000 1000000 9.658732 9.340299 9.651208 9.323900 0.031000 0.032257 0.132483 0.128496 0.032257 0.030998 0.032257 430 467
11 62.310000 60.320000 1000000 9.632423 9.319869 9.624837 9.303470 0.031022 0.032257 0.128316 0.124196 0.032257 0.031020 0.032257 460 485
11 62.310000 60.320000 1000000 9.617696 9.311267 9.610075 9.294868 0.031030 0.032257 0.133527 0.129572 0.032257 0.031028 0.032257 480 508
11 62.310000 60.320000 1000000 9.578776 9.275784 9.576870 9.278202 0.031056 0.032257 0.122084 0.117745 0.032257 0.031046 0.032257 500 512
11 62.310000 60.320000 1000000 9.578048 9.271483 9.575902 9.272198 0.031056 0.032257 0.122084 0.117745 0.032257 0.031046 0.032257 510 531
11 62.310000 60.320000 1000000 9.569891 9.263956 9.567559 9.264268 0.031062 0.032257 0.120010 0.115593 0.032257 0.031052 0.032257 530 551
11 62.310000 60.320000 1000000 9.557949 9.251053 9.556235 9.253471 0.031048 0.032257 0.121046 0.116669 0.032257 0.031038 0.032257 550 562
11 62.310000 60.320000 1000000 9.556977 9.249977 9.555262 9.252395 0.031047 0.032257 0.120010 0.115594 0.032257 0.031036 0.032257 560 588
11 62.310000 60.320000 1000000 9.463902 9.194064 9.462136 9.196482 0.031113 0.032257 0.113811 0.109144 0.032257 0.031102 0.032257 580 599
11 62.310000 60.320000 1000000 9.453710 9.176860 9.452939 9.183041 0.031126 0.032257 0.106614 0.101617 0.032257 0.031113 0.032257 590 613
11 62.310000 60.320000 1000000 9.433733 9.151053 9.431709 9.150918 0.031134 0.032257 0.101505 0.096243 0.032257 0.031123 0.032257 610 635
11 62.310000 60.320000 1000000 9.413216 9.136000 9.411178 9.135864 0.031143 0.032257 0.098451 0.093016 0.032257 0.031132 0.032257 630 640
11 62.310000 60.320000 1000000 9.411454 9.134924 9.409415 9.134789 0.031143 0.032257 0.098451 0.093016 0.032257 0.031132 0.032257 640 680
11 62.310000 60.320000 1000000 9.388016 9.111269 9.384363 9.106698 0.031161 0.032257 0.093387 0.087639 0.032257 0.031152 0.032257 680 691
11 62.310000 60.320000 1000000 9.375549 9.101591 9.371881 9.097020 0.031168 0.032257 0.092379 0.086564 0.032257 0.031159 0.032257 690 761
11 62.310000 60.320000 1000000 9.316613 9.058580 9.313188 9.057773 0.031187 0.032257 0.105589 0.100541 0.032257 0.031179 0.032257 760 773
11 62.310000 60.320000 1000000 9.309248 9.053204 9.305815 9.052397 0.031185 0.032257 0.107639 0.102692 0.032257 0.031177 0.032257 770 843
11 62.310000 60.320000 1000000 9.281195 9.031699 9.277731 9.030891 0.031195 0.032257 0.098449 0.093015 0.032257 0.031187 0.032257 840 866
11 62.310000 60.320000 1000000 9.280110 9.030624 9.276644 9.029816 0.031193 0.032257 0.097434 0.091939 0.032257 0.031185 0.032257 860 897
11 62.310000 60.320000 1000000 9.268043 9.023097 9.264564 9.022289 0.031203 0.032257 0.096421 0.090865 0.032257 0.031195 0.032257 890 955
11 62.310000 60.320000 1000000 9.253714 9.010194 9.250319 9.010640 0.031203 0.032257 0.100484 0.095165 0.032257 0.031195 0.032257 950 966
11 62.310000 60.320000 1000000 9.253099 9.009118 9.249704 9.009565 0.031201 0.032257 0.100484 0.095165 0.032257 0.031194 0.032257 960 985
11 62.310000 60.320000 1000000 9.251408 9.008043 9.248011 9.008490 0.031203 0.032257 0.099466 0.094090 0.032257 0.031195 0.032257 980 1045
11 62.310000 60.320000 1000000 9.233227 8.995140 9.230156 8.996841 0.031208 0.032257 0.094395 0.088712 0.032257 0.031200 0.032257 1040 1086
11 62.310000 60.320000 1000000 9.226482 8.989764 9.223405 8.991465 0.031216 0.032257 0.094395 0.088712 0.032257 0.031208 0.032257 1080 1157
11 62.310000 60.320000 1000000 9.206289 8.975785 9.203190 8.977486 0.031234 0.032257 0.085364 0.079035 0.032257 0.031226 0.032257 1150 1166
11 62.310000 60.320000 1000000 9.204792 8.974710 9.201693 8.976411 0.031233 0.032257 0.086361 0.080110 0.032257 0.031225 0.032257 1160 1198
11 62.310000 60.320000 1000000 9.199413 8.968258 9.196308 8.969959 0.031222 0.032257 0.085365 0.079035 0.032257 0.031214 0.032257 1190 1219
11 62.310000 60.320000 1000000 9.170180 8.953204 9.167046 8.954906 0.031249 0.032257 0.077468 0.070433 0.032257 0.031241 0.032257 1210 1224
11 62.310000 60.320000 1000000 9.168699 8.952129 9.165563 8.953830 0.031248 0.032257 0.078447 0.071508 0.032257 0.031240 0.032257 1220 1247
11 62.310000 60.320000 1000000 9.165835 8.948903 9.162695 8.950605 0.031248 0.032257 0.079428 0.072583 0.032257 0.031241 0.032257 1240 1286
11 62.310000 60.320000 1000000 9.164903 8.947828 9.161763 8.949529 0.031246 0.032257 0.078447 0.071508 0.032257 0.031239 0.032257 1280 1422
11 62.310000 60.320000 1000000 9.159319 8.942452 9.156863 8.946662 0.031250 0.032257 0.078447 0.071508 0.032257 0.031241 0.032257 1420 1459
11 62.310000 60.320000 1000000 9.158165 8.941376 9.155708 8.945587 0.031248 0.032257 0.078447 0.071508 0.032257 0.031239 0.032257 1450 1499
11 62.310000 60.320000 1000000 9.154175 8.937075 9.151714 8.941286 0.031240 0.032257 0.079428 0.072583 0.032257 0.031231 0.032257 1490 1674
11 62.310000 60.320000 1000000 9.115218 8.909118 9.112726 8.913329 0.031250 0.032257 0.086361 0.080110 0.032257 0.031241 0.032257 1670 1716
11 62.310000 60.320000 1000000 9.102909 8.898366 9.100407 8.902576 0.031250 0.032257 0.079428 0.072583 0.032257 0.031241 0.032257 1710 1734
11 62.310000 60.320000 1000000 9.102597 8.897291 9.100095 8.901501 0.031249 0.032257 0.079428 0.072583 0.032257 0.031240 0.032257 1730 1780
11 62.310000 60.320000 1000000 9.085968 8.888688 9.083452 8.892899 0.031260 0.032257 0.074547 0.067207 0.032257 0.031251 0.032257 1780 1828
11 62.310000 60.320000 1000000 9.084870 8.887613 9.082353 8.891823 0.031258 0.032257 0.073580 0.066132 0.032257 0.031249 0.032257 1820 2130
11 62.310000 60.320000 1000000 9.067508 8.863957 9.064493 8.864763 0.031244 0.032257 0.080413 0.073660 0.032257 0.031236 0.032257 2130 2235
11 62.310000 60.320000 1000000 9.065334 8.862882 9.062317 8.863687 0.031247 0.032257 0.080413 0.073660 0.032257 0.031239 0.032257 2230 2254
11 62.310000 60.320000 1000000 9.063809 8.861807 9.060791 8.862612 0.031246 0.032257 0.080413 0.073660 0.032257 0.031238 0.032257 2250 2307
11 62.310000 60.320000 1000000 9.053986 8.854280 9.051305 8.856340 0.031251 0.032257 0.080413 0.073660 0.032257 0.031243 0.032257 2300 2384
11 62.310000 60.320000 1000000 9.028776 8.837076 9.026073 8.839135 0.031246 0.032257 0.082387 0.075810 0.032257 0.031237 0.032257 2380 2448
11 62.310000 60.320000 1000000 9.028501 8.836000 9.025798 8.838060 0.031245 0.032257 0.082387 0.075809 0.032257 0.031236 0.032257 2440 2678
11 62.310000 60.320000 1000000 9.019064 8.830624 9.016352 8.832684 0.031253 0.032257 0.085364 0.079034 0.032257 0.031245 0.032257 2670 2722
11 62.310000 60.320000 1000000 9.001745 8.819872 8.999018 8.821931 0.031273 0.032257 0.083377 0.076884 0.032257 0.031265 0.032257 2720 2761
11 62.310000 60.320000 1000000 9.000693 8.818796 8.997964 8.820856 0.031271 0.032257 0.083377 0.076884 0.032257 0.031262 0.032257 2760 2836
11 62.310000 60.320000 1000000 8.999797 8.817721 8.997067 8.819781 0.031272 0.032257 0.082386 0.075808 0.032257 0.031264 0.032257 2830 2942
11 62.310000 60.320000 1000000 8.993970 8.810194 8.990891 8.811447 0.031262 0.032257 0.079428 0.072583 0.032257 0.031255 0.032257 2940 3057
11 62.310000 60.320000 1000000 8.986349 8.804818 8.983209 8.805668 0.031270 0.032257 0.079428 0.072583 0.032257 0.031261 0.032257 3050 3314
11 62.310000 60.320000 1000000 8.962536 8.788689 8.959371 8.789539 0.031291 0.032257 0.078446 0.071507 0.032257 0.031283 0.032257 3290 3350
11 62.310000 60.320000 1000000 8.958791 8.784388 8.955622 8.785238 0.031288 0.032257 0.080411 0.073657 0.032257 0.031280 0.032257 3350 3720
11 62.310000 60.320000 1000000 8.951588 8.776861 8.948412 8.777711 0.031278 0.032257 0.080412 0.073658 0.032257 0.031270 0.032257 3720 3851
11 62.310000 60.320000 1000000 8.945930 8.770409 8.942748 8.771259 0.031266 0.032257 0.080411 0.073657 0.032257 0.031258 0.032257 3850 3914
11 62.310000 60.320000 1000000 8.944607 8.769334 8.941423 8.770184 0.031267 0.032257 0.081397 0.074733 0.032257 0.031259 0.032257 3910 3922
11 62.310000 60.320000 1000000 8.942699 8.768258 8.939513 8.769108 0.031268 0.032257 0.081397 0.074733 0.032257 0.031260 0.032257 3920 3971
11 62.310000 60.320000 1000000 8.918331 8.753205 8.915119 8.754055 0.031284 0.032257 0.073578 0.066130 0.032257 0.031276 0.032257 3970 3983
11 62.310000 60.320000 1000000 8.916346 8.752129 8.913131 8.752979 0.031287 0.032257 0.072614 0.065055 0.032257 0.031279 0.032257 3980 4076
11 62.310000 60.320000 1000000 8.891952 8.738151 8.888711 8.739001 0.031297 0.032257 0.073579 0.066131 0.032257 0.031289 0.032257 4070 4101
11 62.310000 60.320000 1000000 8.889986 8.737075 8.886743 8.737926 0.031299 0.032257 0.073579 0.066131 0.032257 0.031291 0.032257 4100 4236
11 62.310000 60.320000 1000000 8.884813 8.733850 8.881564 8.734700 0.031300 0.032257 0.074547 0.067206 0.032257 0.031292 0.032257 4230 4424
11 62.310000 60.320000 1000000 8.863144 8.718796 8.859871 8.719646 0.031303 0.032257 0.076491 0.069357 0.032257 0.031295 0.032257 4420 4461
11 62.310000 60.320000 1000000 8.862254 8.717721 8.858981 8.718571 0.031302 0.032257 0.075517 0.068281 0.032257 0.031294 0.032257 4460 4695
11 62.310000 60.320000 1000000 8.856171 8.712344 8.852890 8.713194 0.031305 0.032257 0.080411 0.073658 0.032257 0.031298 0.032257 4690 5565
11 62.310000 60.320000 1000000 8.851186 8.706968 8.847900 8.707818 0.031312 0.032257 0.085363 0.079034 0.032257 0.031304 0.032257 4990 5666
11 62.310000 60.320000 1000000 8.811419 8.682237 8.808823 8.685596 0.031341 0.032257 0.080411 0.073658 0.032257 0.031332 0.032257 5660 6071
11 62.310000 60.320000 1000000 8.794843 8.666108 8.792232 8.669467 0.031325 0.032257 0.083376 0.076883 0.032257 0.031316 0.032257 6070 6131
11 62.310000 60.320000 1000000 8.793154 8.665033 8.790542 8.668392 0.031327 0.032257 0.083377 0.076884 0.032257 0.031318 0.032257 6130 6200
11 62.310000 60.320000 1000000 8.771462 8.649441 8.768789 8.651949 0.031329 0.032257 0.081892 0.075271 0.032257 0.031320 0.032257 6200 6359
11 62.310000 60.320000 1000000 8.761777 8.642990 8.759096 8.645497 0.031336 0.032257 0.084866 0.078497 0.032257 0.031327 0.032257 6350 6371
11 62.310000 60.320000 1000000 8.760973 8.641914 8.758292 8.644422 0.031334 0.032257 0.084866 0.078497 0.032257 0.031325 0.032257 6370 6705
11 62.310000 60.320000 1000000 8.759762 8.640839 8.757079 8.643347 0.031336 0.032257 0.083873 0.077421 0.032257 0.031327 0.032257 6700 6748
11 62.310000 60.320000 1000000 8.758978 8.639764 8.756294 8.642272 0.031335 0.032257 0.084866 0.078497 0.032257 0.031326 0.032257 6740 7005
11 62.310000 60.320000 1000000 8.723235 8.616108 8.720518 8.618616 0.031338 0.032257 0.086858 0.080646 0.032257 0.031329 0.032257 7000 7440
11 62.310000 60.320000 1000000 8.709918 8.599979 8.708972 8.608759 0.031336 0.032257 0.085861 0.079571 0.032257 0.031324 0.032257 7400 7454
11 62.310000 60.320000 1000000 8.709468 8.598904 8.708521 8.607684 0.031335 0.032257 0.084866 0.078496 0.032257 0.031323 0.032257 7450 7633
11 62.310000 60.320000 1000000 8.705670 8.594602 8.704722 8.603383 0.031337 0.032257 0.085861 0.079571 0.032257 0.031325 0.032257 7630 8955
11 62.310000 60.320000 1000000 8.664730 8.547291 8.661218 8.547828 0.031365 0.032257 0.084863 0.078493 0.032257 0.031357 0.032257 8430 8992
11 62.310000 60.320000 1000000 8.645892 8.535463 8.642356 8.536000 0.031383 0.032257 0.088857 0.082795 0.032257 0.031375 0.032257 8990 9142
11 62.310000 60.320000 1000000 8.629402 8.524711 8.625847 8.525247 0.031401 0.032257 0.091873 0.086024 0.032257 0.031394 0.032257 9140 9385
11 62.310000 60.320000 1000000 8.628545 8.523635 8.624988 8.524172 0.031400 0.032257 0.090867 0.084949 0.032257 0.031392 0.032257 9380 9390
11 62.310000 60.320000 1000000 8.626615 8.522560 8.623056 8.523097 0.031400 0.032257 0.089862 0.083873 0.032257 0.031393 0.032257 9390 9657
11 62.310000 60.320000 1000000 8.620980 8.519334 8.617414 8.519871 0.031406 0.032257 0.091873 0.086024 0.032257 0.031399 0.032257 9650 10155
11 62.310000 60.320000 1000000 8.608439 8.511807 8.604857 8.512344 0.031408 0.032257 0.087859 0.081724 0.032257 0.031401 0.032257 10150 10495
11 62.310000 60.320000 1000000 8.607597 8.510732 8.604014 8.511269 0.031407 0.032257 0.088860 0.082798 0.032257 0.031399 0.032257 10490 11809
11 62.310000 60.320000 1000000 8.576480 8.490302 8.572858 8.490838 0.031422 0.032257 0.089863 0.083873 0.032257 0.031415 0.032257 11800 12162
11 62.310000 60.320000 1000000 8.576374 8.489226 8.572875 8.491017 0.031422 0.032257 0.090867 0.084948 0.032257 0.031415 0.032257 12160 13889
11 62.310000 60.320000 1000000 8.494820 8.424711 8.491219 8.426502 0.031506 0.032257 0.094900 0.089249 0.032257 0.031498 0.032257 13880 14713
11 62.310000 60.320000 1000000 8.463399 8.399980 8.459597 8.401367 0.031538 0.032257 0.094900 0.089250 0.032257 0.031531 0.032257 14710 15611
11 62.310000 60.320000 1000000 8.436648 8.368259 8.431695 8.361986 0.031541 0.032257 0.104567 0.099467 0.032257 0.031536 0.032257 15610 16299
11 62.310000 60.320000 1000000 8.430983 8.361808 8.426021 8.355534 0.031536 0.032257 0.101504 0.096242 0.032257 0.031531 0.032257 16290 17599
11 62.310000 60.320000 1000000 8.428677 8.354281 8.425841 8.355534 0.031538 0.032257 0.096422 0.090866 0.032257 0.031529 0.032257 17590 18179
11 62.310000 60.320000 1000000 8.423114 8.348905 8.420272 8.350158 0.031535 0.032257 0.096422 0.090866 0.032257 0.031527 0.032257 18020 18205
11 62.310000 60.320000 1000000 8.422239 8.347829 8.419396 8.349083 0.031533 0.032257 0.095409 0.089790 0.032257 0.031525 0.032257 18200 18697
11 62.310000 60.320000 1000000 8.421182 8.346754 8.418339 8.348008 0.031531 0.032257 0.095409 0.089791 0.032257 0.031523 0.032257 18690 19492
11 62.310000 60.320000 1000000 8.412927 8.341378 8.410075 8.342631 0.031545 0.032257 0.094397 0.088715 0.032257 0.031537 0.032257 19490 20025
11 62.310000 60.320000 1000000 8.407564 8.337077 8.404706 8.338330 0.031554 0.032257 0.091373 0.085489 0.032257 0.031546 0.032257 20020 20091
11 62.310000 60.320000 1000000 8.403977 8.332776 8.401115 8.334029 0.031557 0.032257 0.087362 0.081188 0.032257 0.031549 0.032257 20090 22817
11 62.310000 60.320000 1000000 8.344612 8.287615 8.341689 8.288868 0.031609 0.032257 0.092378 0.086563 0.032257 0.031601 0.032257 22810 23443
11 62.310000 60.320000 1000000 8.310728 8.256432 8.307769 8.257685 0.031638 0.032257 0.079430 0.072585 0.032257 0.031630 0.032257 23440 24726
11 62.310000 60.320000 1000000 8.298294 8.247292 8.295204 8.247694 0.031657 0.032257 0.076981 0.069896 0.032257 0.031650 0.032257 24720 24858
11 62.310000 60.320000 1000000 8.297080 8.246217 8.293989 8.246619 0.031655 0.032257 0.076981 0.069896 0.032257 0.031648 0.032257 24850 26115
11 62.310000 60.320000 1000000 8.285478 8.237077 8.282327 8.236628 0.031659 0.032257 0.078448 0.071509 0.032257 0.031652 0.032257 26110 26207
11 62.310000 60.320000 1000000 8.284686 8.236002 8.281534 8.235553 0.031658 0.032257 0.078448 0.071509 0.032257 0.031650 0.032257 26200 26625
11 62.310000 60.320000 1000000 8.272001 8.226324 8.268835 8.225875 0.031673 0.032257 0.075519 0.068283 0.032257 0.031665 0.032257 26620 26717
11 62.310000 60.320000 1000000 8.270040 8.225249 8.266872 8.224800 0.031677 0.032257 0.074548 0.067208 0.032257 0.031669 0.032257 26710 27457
11 62.310000 60.320000 1000000 8.268952 8.224174 8.265782 8.223725 0.031675 0.032257 0.073581 0.066133 0.032257 0.031667 0.032257 27450 28977
11 62.310000 60.320000 1000000 8.268651 8.223098 8.265832 8.223904 0.031675 0.032257 0.073581 0.066133 0.032257 0.031667 0.032257 28970 30180
11 62.310000 60.320000 1000000 8.255243 8.211270 8.252241 8.211673 0.031687 0.032257 0.076493 0.069358 0.032257 0.031679 0.032257 30180 31983
11 62.310000 60.320000 1000000 8.254837 8.210195 8.251834 8.210597 0.031686 0.032257 0.077469 0.070434 0.032257 0.031678 0.032257 31980 32681
11 62.310000 60.320000 1000000 8.253860 8.209120 8.250855 8.209522 0.031684 0.032257 0.078448 0.071509 0.032257 0.031676 0.032257 32680 32877
11 62.310000 60.320000 1000000 8.252567 8.208045 8.249562 8.208447 0.031682 0.032257 0.078448 0.071509 0.032257 0.031674 0.032257 32870 33039
11 62.310000 60.320000 1000000 8.251365 8.206969 8.248358 8.207372 0.031681 0.032257 0.079429 0.072584 0.032257 0.031673 0.032257 33030 33987
11 62.310000 60.320000 1000000 8.236117 8.198367 8.233093 8.198769 0.031697 0.032257 0.075519 0.068283 0.032257 0.031689 0.032257 33980 34985
11 62.310000 60.320000 1000000 8.234177 8.197292 8.231151 8.197694 0.031700 0.032257 0.075519 0.068283 0.032257 0.031692 0.032257 34980 36243
11 62.310000 60.320000 1000000 8.232558 8.196217 8.229530 8.196619 0.031699 0.032257 0.075519 0.068283 0.032257 0.031691 0.032257 36240 37187
11 62.310000 60.320000 1000000 8.231705 8.195141 8.228676 8.195544 0.031698 0.032257 0.074548 0.067208 0.032257 0.031690 0.032257 37180 37379
11 62.310000 60.320000 1000000 8.224750 8.190840 8.221714 8.191243 0.031700 0.032257 0.074548 0.067208 0.032257 0.031692 0.032257 37370 37436
11 62.310000 60.320000 1000000 8.223476 8.189765 8.220438 8.190167 0.031698 0.032257 0.075519 0.068283 0.032257 0.031690 0.032257 37430 37649
11 62.310000 60.320000 1000000 8.222783 8.188690 8.219745 8.189092 0.031697 0.032257 0.074548 0.067208 0.032257 0.031689 0.032257 37640 37852
11 62.310000 60.320000 1000000 8.213151 8.181163 8.210102 8.181565 0.031708 0.032257 0.072615 0.065057 0.032257 0.031700 0.032257 37850 37968
11 62.310000 60.320000 1000000 8.211492 8.180088 8.208441 8.180490 0.031707 0.032257 0.072615 0.065057 0.032257 0.031699 0.032257 37960 40789
11 62.310000 60.320000 1000000 8.184883 8.162884 8.181734 8.162883 0.031728 0.032257 0.083379 0.076886 0.032257 0.031720 0.032257 40780 44685
11 62.310000 60.320000 1000000 8.165000 8.132776 8.162298 8.134030 0.031744 0.032257 0.096420 0.090864 0.032257 0.031735 0.032257 44680 47279
11 62.310000 60.320000 1000000 8.160770 8.125249 8.157119 8.124083 0.031748 0.032257 0.096419 0.090863 0.032257 0.031741 0.032257 47270 55464
11 62.310000 60.320000 1000000 8.106273 8.078475 8.101761 8.071351 0.031770 0.032257 0.087858 0.081722 0.032257 0.031764 0.032257 55460 58321
11 62.310000 60.320000 1000000 8.098484 8.073099 8.093959 8.065974 0.031778 0.032257 0.088859 0.082797 0.032257 0.031772 0.032257 58320 61033
11 62.310000 60.320000 1000000 8.087962 8.065572 8.083419 8.058447 0.031788 0.032257 0.094900 0.089250 0.032257 0.031782 0.032257 61030 62625
11 62.310000 60.320000 1000000 8.056854 8.041916 8.052258 8.034791 0.031828 0.032257 0.084864 0.078494 0.032257 0.031823 0.032257 62620 63778
11 62.310000 60.320000 1000000 8.040053 8.030088 8.035428 8.022963 0.031843 0.032257 0.080904 0.074195 0.032257 0.031837 0.032257 63770 64468
11 62.310000 60.320000 1000000 8.038705 8.029013 8.034078 8.021888 0.031841 0.032257 0.079919 0.073120 0.032257 0.031836 0.032257 64460 66890
11 62.310000 60.320000 1000000 8.037410 8.027937 8.032781 8.020813 0.031840 0.032257 0.080904 0.074195 0.032257 0.031834 0.032257 66890 67995
11 62.310000 60.320000 1000000 8.033395 8.023636 8.028759 8.016512 0.031844 0.032257 0.080904 0.074195 0.032257 0.031839 0.032257 67990 68135
11 62.310000 60.320000 1000000 8.032183 8.022561 8.027545 8.015437 0.031843 0.032257 0.079919 0.073120 0.032257 0.031837 0.032257 68130 70209
11 62.310000 60.320000 1000000 8.030611 8.021486 8.025970 8.014361 0.031842 0.032257 0.078937 0.072045 0.032257 0.031837 0.032257 70200 71935
11 62.310000 60.320000 1000000 8.029958 8.020411 8.025316 8.013286 0.031841 0.032257 0.079919 0.073120 0.032257 0.031836 0.032257 71930 73552
11 62.310000 60.320000 1000000 8.024970 8.017185 8.020319 8.010060 0.031842 0.032257 0.077958 0.070971 0.032257 0.031837 0.032257 73550 77925
11 62.310000 60.320000 1000000 8.008668 8.003744 8.003882 7.995768 0.031844 0.032257 0.075517 0.068281 0.032257 0.031839 0.032257 77920 79649
11 62.310000 60.320000 1000000 8.007289 8.002669 8.002501 7.994693 0.031843 0.032257 0.075517 0.068281 0.032257 0.031838 0.032257 79640 80364
11 62.310000 60.320000 1000000 8.001891 7.998368 7.997092 7.990392 0.031842 0.032257 0.073579 0.066131 0.032257 0.031836 0.032257 80360 84840
11 62.310000 60.320000 1000000 7.998104 7.991916 7.994353 7.987704 0.031839 0.032257 0.072614 0.065056 0.032257 0.031832 0.032257 84840 85570
11 62.310000 60.320000 1000000 7.997198 7.990841 7.993446 7.986628 0.031838 0.032257 0.071653 0.063981 0.032257 0.031831 0.032257 85570 88963
11 62.310000 60.320000 1000000 7.996207 7.989766 7.992453 7.985553 0.031839 0.032257 0.070694 0.062906 0.032257 0.031832 0.032257 88960 88985
11 62.310000 60.320000 1000000 7.994272 7.988690 7.990515 7.984478 0.031842 0.032257 0.069739 0.061830 0.032257 0.031835 0.032257 88980 92488
11 62.310000 60.320000 1000000 7.992406 7.987615 7.988647 7.983403 0.031843 0.032257 0.068788 0.060756 0.032257 0.031836 0.032257 92480 98400
11 62.310000 60.320000 1000000 7.988191 7.981163 7.985738 7.981969 0.031849 0.032257 0.066897 0.058606 0.032257 0.031840 0.032257 95600 110877
11 62.310000 60.320000 1000000 7.968047 7.961809 7.965504 7.962211 0.031866 0.032257 0.065954 0.057527 0.032257 0.031857 0.032257 110870 118280
11 62.310000 60.320000 1000000 7.950707 7.949981 7.948147 7.950383 0.031870 0.032257 0.063161 0.054302 0.032257 0.031860 0.032257 118280 121399
11 62.310000 60.320000 1000000 7.949310 7.946755 7.946435 7.946351 0.031870 0.032257 0.062239 0.053227 0.032257 0.031861 0.032257 121390 124850
11 62.310000 60.320000 1000000 7.925945 7.927400 7.923675 7.929505 0.031883 0.032257 0.062238 0.053226 0.032257 0.031873 0.032257 124850 137018
11 62.310000 60.320000 1000000 7.883106 7.899443 7.880799 7.901548 0.031914 0.032257 0.065018 0.056451 0.032257 0.031905 0.032257 137010 142249
11 62.310000 60.320000 1000000 7.872249 7.891916 7.869932 7.894021 0.031919 0.032257 0.065953 0.057526 0.032257 0.031910 0.032257 142240 145055
11 62.310000 60.320000 1000000 7.864764 7.886540 7.862441 7.888645 0.031919 0.032257 0.068784 0.060751 0.032257 0.031909 0.032257 145050 150441
11 62.310000 60.320000 1000000 7.863023 7.879013 7.860268 7.877713 0.031919 0.032257 0.067838 0.059677 0.032257 0.031910 0.032257 150440 162953
11 62.310000 60.320000 1000000 7.849053 7.868260 7.846284 7.866960 0.031929 0.032257 0.067838 0.059678 0.032257 0.031920 0.032257 162950 168326
11 62.310000 60.320000 1000000 7.844601 7.865035 7.841827 7.863734 0.031927 0.032257 0.066895 0.058603 0.032257 0.031918 0.032257 168320 173918
11 62.310000 60.320000 1000000 7.819681 7.849981 7.816880 7.848681 0.031949 0.032257 0.059504 0.050001 0.032257 0.031940 0.032257 173910 185500
11 62.310000 60.320000 1000000 7.815017 7.844605 7.812370 7.844559 0.031950 0.032257 0.058603 0.048926 0.032257 0.031941 0.032257 185500 191277
11 62.310000 60.320000 1000000 7.810447 7.841379 7.807795 7.841333 0.031952 0.032257 0.056820 0.046776 0.032257 0.031943 0.032257 191270 191281
11 62.310000 60.320000 1000000 7.808829 7.840304 7.806176 7.840258 0.031953 0.032257 0.056820 0.046775 0.032257 0.031944 0.032257 191280 195563
11 62.310000 60.320000 1000000 7.807578 7.839228 7.804923 7.839183 0.031951 0.032257 0.057708 0.047851 0.032257 0.031943 0.032257 195560 210758
11 62.310000 60.320000 1000000 7.806464 7.838153 7.803808 7.838107 0.031953 0.032257 0.057708 0.047851 0.032257 0.031944 0.032257 210750 226855
11 62.310000 60.320000 1000000 7.785565 7.819874 7.782726 7.819425 0.031967 0.032257 0.053334 0.042474 0.032257 0.031959 0.032257 226850 238535
11 62.310000 60.320000 1000000 7.784684 7.818798 7.781844 7.818349 0.031966 0.032257 0.053335 0.042474 0.032257 0.031958 0.032257 238530 241740
11 62.310000 60.320000 1000000 7.783182 7.815572 7.780341 7.815124 0.031964 0.032257 0.053334 0.042473 0.032257 0.031956 0.032257 241740 256010
11 62.310000 60.320000 1000000 7.771030 7.796218 7.769431 7.800787 0.031975 0.032257 0.061320 0.052150 0.032257 0.031965 0.032257 256010 259531
11 62.310000 60.320000 1000000 7.767583 7.786540 7.765573 7.787704 0.031973 0.032257 0.060409 0.051076 0.032257 0.031964 0.032257 259530 264108
11 62.310000 60.320000 1000000 7.765772 7.785465 7.763760 7.786629 0.031974 0.032257 0.060409 0.051076 0.032257 0.031965 0.032257 264100 279723
11 62.310000 60.320000 1000000 7.765668 7.783852 7.763601 7.784165 0.031974 0.032257 0.059956 0.050538 0.032257 0.031965 0.032257 279720 287298
11 62.310000 60.320000 1000000 7.764676 7.782777 7.762608 7.783090 0.031976 0.032257 0.060865 0.051614 0.032257 0.031966 0.032257 287290 301891
11 62.310000 60.320000 1000000 7.752059 7.769874 7.749359 7.768574 0.031971 0.032257 0.063623 0.054840 0.032257 0.031962 0.032257 301890 318244
11 62.310000 60.320000 1000000 7.746437 7.764497 7.743440 7.762391 0.031973 0.032257 0.065486 0.056990 0.032257 0.031964 0.032257 318240 345874
11 62.310000 60.320000 1000000 7.732594 7.750519 7.729581 7.748412 0.031969 0.032257 0.067367 0.059142 0.032257 0.031961 0.032257 345870 403505
11 62.310000 60.320000 1000000 7.706570 7.730089 7.703526 7.727982 0.031989 0.032257 0.059054 0.049465 0.032257 0.031981 0.032257 403500 439128
11 62.310000 60.320000 1000000 7.704721 7.727938 7.701675 7.725832 0.031992 0.032257 0.057265 0.047315 0.032257 0.031984 0.032257 419160 425156
11 62.310000 60.320000 1000000 7.703825 7.726863 7.700778 7.724756 0.031993 0.032257 0.056379 0.046239 0.032257 0.031985 0.032257 425150 468644
11 62.310000 60.320000 1000000 7.696678 7.718261 7.693623 7.716154 0.031998 0.032257 0.059054 0.049465 0.032257 0.031990 0.032257 443760 509381
11 62.310000 60.320000 1000000 7.684822 7.710734 7.681752 7.708627 0.032001 0.032257 0.060867 0.051616 0.032257 0.031993 0.032257 468420 497652
11 62.310000 60.320000 1000000 7.679294 7.704282 7.676218 7.702176 0.032002 0.032257 0.061781 0.052691 0.032257 0.031994 0.032257 497650 509381
11 62.310000 60.320000 1000000 7.661315 7.688153 7.658217 7.686047 0.032018 0.032257 0.059958 0.050541 0.032257 0.032010 0.032257 509380 510059
11 62.310000 60.320000 1000000 7.659983 7.687078 7.656884 7.684972 0.032017 0.032257 0.059054 0.049466 0.032257 0.032009 0.032257 510050 531009
11 62.310000 60.320000 1000000 7.652932 7.681702 7.649823 7.679595 0.032022 0.032257 0.061782 0.052692 0.032257 0.032014 0.032257 531000 581480
11 62.310000 60.320000 1000000 7.643687 7.672024 7.639999 7.668305 0.032028 0.032257 0.064554 0.055917 0.032257 0.032021 0.032257 581480 588339
11 62.310000 60.320000 1000000 7.641087 7.667723 7.638313 7.667767 0.032030 0.032257 0.061780 0.052690 0.032257 0.032022 0.032257 588330 613592
11 62.310000 60.320000 1000000 7.636399 7.662347 7.633620 7.662391 0.032028 0.032257 0.062700 0.053765 0.032257 0.032019 0.032257 613590 623742
11 62.310000 60.320000 1000000 7.634801 7.661272 7.632020 7.661316 0.032028 0.032257 0.061780 0.052690 0.032257 0.032019 0.032257 623740 639727
11 62.310000 60.320000 1000000 7.621404 7.649444 7.618608 7.649488 0.032035 0.032257 0.057264 0.047314 0.032257 0.032027 0.032257 639720 647174
11 62.310000 60.320000 1000000 7.619580 7.645143 7.616702 7.644784 0.032038 0.032257 0.054629 0.044088 0.032257 0.032029 0.032257 647170 666340
11 62.310000 60.320000 1000000 7.616224 7.640842 7.613342 7.640483 0.032039 0.032257 0.057264 0.047314 0.032257 0.032030 0.032257 666340 685849
11 62.310000 60.320000 1000000 7.607828 7.635465 7.604936 7.635106 0.032045 0.032257 0.058156 0.048389 0.032257 0.032036 0.032257 685840 693454
11 62.310000 60.320000 1000000 7.603062 7.631164 7.600165 7.630805 0.032041 0.032257 0.059053 0.049464 0.032257 0.032032 0.032257 693450 699876
11 62.310000 60.320000 1000000 7.601349 7.630089 7.598450 7.629730 0.032042 0.032257 0.059052 0.049464 0.032257 0.032034 0.032257 699870 707234
11 62.310000 60.320000 1000000 7.598528 7.623637 7.595626 7.623278 0.032045 0.032257 0.060865 0.051614 0.032257 0.032036 0.032257 707230 730244
11 62.310000 60.320000 1000000 7.592253 7.618261 7.589343 7.617902 0.032048 0.032257 0.060866 0.051615 0.032257 0.032039 0.032257 730240 749926
11 62.310000 60.320000 1000000 7.590881 7.617186 7.587970 7.616827 0.032050 0.032257 0.059957 0.050540 0.032257 0.032041 0.032257 749920 800892
11 62.310000 60.320000 1000000 7.588984 7.613960 7.586071 7.613601 0.032052 0.032257 0.057264 0.047314 0.032257 0.032044 0.032257 783700 837023
11 62.310000 60.320000 1000000 7.573212 7.602132 7.570280 7.601773 0.032055 0.032257 0.062700 0.053766 0.032257 0.032046 0.032257 837020 862957
11 62.310000 60.320000 1000000 7.568387 7.598906 7.565450 7.598547 0.032056 0.032257 0.063624 0.054841 0.032257 0.032047 0.032257 862950 872833
11 62.310000 60.320000 1000000 7.566917 7.597831 7.563978 7.597472 0.032055 0.032257 0.064553 0.055916 0.032257 0.032046 0.032257 872830 877294
11 62.310000 60.320000 1000000 7.565914 7.596756 7.562973 7.596397 0.032056 0.032257 0.063624 0.054841 0.032257 0.032048 0.032257 877290 929814
11 62.310000 60.320000 1000000 7.563273 7.589767 7.560770 7.592320 0.032054 0.032257 0.064088 0.055378 0.032257 0.032046 0.032257 929810 934309
11 62.310000 60.320000 1000000 7.561581 7.588691 7.559076 7.591244 0.032055 0.032257 0.063162 0.054303 0.032257 0.032047 0.032257 934300 935225
11 62.310000 60.320000 1000000 7.556615 7.584390 7.554105 7.586943 0.032059 0.032257 0.065956 0.057529 0.032257 0.032050 0.032257 935220 977176
11 62.310000 60.320000 1000000 7.554560 7.580627 7.551992 7.582329 0.032061 0.032257 0.064554 0.055916 0.032257 0.032053 0.032257 977170 987749
11 62.310000 60.320000 1000000 7.546937 7.575250 7.544361 7.576952 0.032061 0.032257 0.064554 0.055916 0.032257 0.032053 0.032257 987740 989756
11 62.310000 60.320000 1000000 7.545993 7.574175 7.543416 7.575877 0.032063 0.032257 0.064554 0.055916 0.032257 0.032054 0.032257 989750 1000000
