10 62.310000 60.320000 1000000 15.168066 14.792974 15.165480 14.792480 0.032161 0.032259 0.168177 0.165054 0.032259 0.032153 0.032259 0 50
10 62.310000 60.320000 1000000 14.027876 13.803727 14.025214 13.803188 0.032098 0.032259 0.375047 0.373657 0.032259 0.032089 0.032259 50 60
10 62.310000 60.320000 1000000 13.605585 13.424159 13.602974 13.428862 0.032122 0.032259 0.284094 0.282257 0.032259 0.032113 0.032259 60 70
10 62.310000 60.320000 1000000 13.364956 13.215558 13.362134 13.220754 0.032132 0.032259 0.257404 0.255374 0.032259 0.032123 0.032259 70 81
10 62.310000 60.320000 1000000 13.264631 13.110720 13.261687 13.115064 0.032130 0.032259 0.235551 0.233332 0.032259 0.032121 0.032259 80 90
10 62.310000 60.320000 1000000 13.172707 13.026849 13.169701 13.031193 0.032126 0.032259 0.229162 0.226880 0.032259 0.032116 0.032259 90 100
10 62.310000 60.320000 1000000 13.137866 12.991365 13.134836 12.995709 0.032115 0.032259 0.244074 0.241933 0.032259 0.032106 0.032259 100 112
10 62.310000 60.320000 1000000 13.039014 12.896742 13.035498 12.895979 0.032134 0.032259 0.218521 0.216127 0.032259 0.032124 0.032259 110 123
10 62.310000 60.320000 1000000 12.958696 12.835451 12.955114 12.834688 0.032128 0.032259 0.231294 0.229033 0.032259 0.032118 0.032259 120 131
10 62.310000 60.320000 1000000 12.914543 12.781688 12.910924 12.780925 0.032137 0.032259 0.213208 0.210754 0.032259 0.032127 0.032259 130 141
10 62.310000 60.320000 1000000 12.816301 12.677387 12.812598 12.676624 0.032119 0.032259 0.200462 0.197849 0.032259 0.032109 0.032259 140 150
10 62.310000 60.320000 1000000 12.757533 12.632226 12.754723 12.637735 0.032141 0.032259 0.187737 0.184945 0.032259 0.032132 0.032259 150 161
10 62.310000 60.320000 1000000 12.676836 12.577925 12.673759 12.580880 0.032183 0.032259 0.160796 0.157527 0.032259 0.032174 0.032259 160 170
10 62.310000 60.320000 1000000 12.648895 12.554269 12.645799 12.557225 0.032185 0.032259 0.145032 0.141399 0.032259 0.032176 0.032259 170 182
10 62.310000 60.320000 1000000 12.641998 12.543516 12.638896 12.546472 0.032185 0.032259 0.143984 0.140324 0.032259 0.032176 0.032259 180 191
10 62.310000 60.320000 1000000 12.618642 12.513409 12.615523 12.516364 0.032178 0.032259 0.142936 0.139248 0.032259 0.032169 0.032259 190 214
10 62.310000 60.320000 1000000 12.578373 12.473086 12.575157 12.475191 0.032166 0.032259 0.142411 0.138710 0.032259 0.032157 0.032259 210 220
10 62.310000 60.320000 1000000 12.569888 12.455882 12.566665 12.457986 0.032164 0.032259 0.145555 0.141935 0.032259 0.032155 0.032259 220 234
10 62.310000 60.320000 1000000 12.516432 12.404269 12.513377 12.407628 0.032158 0.032259 0.148699 0.145158 0.032259 0.032148 0.032259 230 248
10 62.310000 60.320000 1000000 12.466825 12.361259 12.463734 12.364618 0.032156 0.032259 0.157109 0.153762 0.032259 0.032147 0.032259 240 250
10 62.310000 60.320000 1000000 12.446062 12.337604 12.442955 12.340963 0.032146 0.032259 0.156057 0.152686 0.032259 0.032137 0.032259 250 262
10 62.310000 60.320000 1000000 12.420822 12.316098 12.417696 12.319457 0.032144 0.032259 0.142409 0.138708 0.032259 0.032135 0.032259 260 277
10 62.310000 60.320000 1000000 12.420515 12.315023 12.417389 12.318382 0.032144 0.032259 0.143457 0.139783 0.032259 0.032135 0.032259 270 287
10 62.310000 60.320000 1000000 12.417451 12.302120 12.413321 12.301043 0.032144 0.032259 0.142410 0.138708 0.032259 0.032134 0.032259 280 293
10 62.310000 60.320000 1000000 12.415695 12.301045 12.411563 12.299968 0.032144 0.032259 0.143458 0.139784 0.032259 0.032134 0.032259 290 310
10 62.310000 60.320000 1000000 12.344745 12.237604 12.341584 12.242800 0.032162 0.032259 0.137181 0.133334 0.032259 0.032152 0.032259 310 320
10 62.310000 60.320000 1000000 12.321221 12.218249 12.318041 12.223445 0.032154 0.032259 0.135091 0.131183 0.032259 0.032145 0.032259 320 344
10 62.310000 60.320000 1000000 12.291430 12.193518 12.288227 12.198714 0.032151 0.032259 0.137180 0.133333 0.032259 0.032142 0.032259 340 355
10 62.310000 60.320000 1000000 12.289951 12.190293 12.286542 12.194682 0.032150 0.032259 0.134047 0.130107 0.032259 0.032141 0.032259 350 380
10 62.310000 60.320000 1000000 12.242999 12.140831 12.239551 12.145220 0.032127 0.032259 0.138225 0.134408 0.032259 0.032118 0.032259 380 404
10 62.310000 60.320000 1000000 12.231265 12.129003 12.227807 12.133392 0.032120 0.032259 0.140316 0.136558 0.032259 0.032111 0.032259 390 407
10 62.310000 60.320000 1000000 12.228840 12.116099 12.227457 12.134288 0.032120 0.032259 0.143457 0.139783 0.032259 0.032111 0.032259 400 412
10 62.310000 60.320000 1000000 12.226136 12.113949 12.224752 12.132138 0.032119 0.032259 0.141363 0.137633 0.032259 0.032110 0.032259 410 435
10 62.310000 60.320000 1000000 12.202014 12.090293 12.200535 12.108079 0.032105 0.032259 0.153955 0.150538 0.032259 0.032096 0.032259 430 443
10 62.310000 60.320000 1000000 12.192291 12.078465 12.190809 12.096251 0.032095 0.032259 0.149752 0.146236 0.032259 0.032086 0.032259 440 456
10 62.310000 60.320000 1000000 12.184840 12.066637 12.183354 12.084423 0.032093 0.032259 0.159216 0.155914 0.032259 0.032084 0.032259 450 461
10 62.310000 60.320000 1000000 12.180951 12.052121 12.178980 12.063948 0.032094 0.032259 0.152378 0.148925 0.032259 0.032085 0.032259 460 470
10 62.310000 60.320000 1000000 12.158198 12.022014 12.156216 12.033840 0.032089 0.032259 0.155533 0.152151 0.032259 0.032080 0.032259 470 489
10 62.310000 60.320000 1000000 12.145087 12.002121 12.142721 12.009692 0.032081 0.032259 0.149753 0.146237 0.032259 0.032072 0.032259 480 495
10 62.310000 60.320000 1000000 12.129780 11.989218 12.127405 11.996789 0.032082 0.032259 0.159217 0.155915 0.032259 0.032073 0.032259 490 501
10 62.310000 60.320000 1000000 12.125882 11.972552 12.123066 11.974163 0.032080 0.032259 0.154482 0.151076 0.032259 0.032071 0.032259 500 516
10 62.310000 60.320000 1000000 12.100471 11.955347 12.097638 11.956959 0.032084 0.032259 0.153430 0.150001 0.032259 0.032074 0.032259 510 528
10 62.310000 60.320000 1000000 12.095467 11.949971 12.092630 11.951583 0.032083 0.032259 0.148178 0.144624 0.032259 0.032073 0.032259 520 538
10 62.310000 60.320000 1000000 12.089580 11.941906 12.086680 11.942667 0.032082 0.032259 0.145556 0.141936 0.032259 0.032072 0.032259 530 540
10 62.310000 60.320000 1000000 12.085162 11.938681 12.082259 11.939441 0.032082 0.032259 0.143459 0.139785 0.032259 0.032073 0.032259 540 553
10 62.310000 60.320000 1000000 12.075571 11.932229 12.072661 11.932990 0.032084 0.032259 0.142411 0.138710 0.032259 0.032075 0.032259 550 578
10 62.310000 60.320000 1000000 12.063306 11.920401 12.060126 11.919952 0.032084 0.032259 0.145557 0.141937 0.032259 0.032074 0.032259 570 592
10 62.310000 60.320000 1000000 12.032973 11.896745 12.029768 11.896296 0.032092 0.032259 0.146605 0.143012 0.032259 0.032083 0.032259 590 611
10 62.310000 60.320000 1000000 12.021367 11.879541 12.018153 11.879092 0.032090 0.032259 0.142412 0.138711 0.032259 0.032080 0.032259 610 626
10 62.310000 60.320000 1000000 12.020342 11.878466 12.017128 11.878017 0.032089 0.032259 0.142412 0.138711 0.032259 0.032080 0.032259 620 650
10 62.310000 60.320000 1000000 12.007997 11.863412 12.005130 11.865472 0.032089 0.032259 0.146605 0.143012 0.032259 0.032080 0.032259 650 668
10 62.310000 60.320000 1000000 12.007484 11.862337 12.004617 11.864397 0.032089 0.032259 0.145556 0.141937 0.032259 0.032080 0.032259 660 677
10 62.310000 60.320000 1000000 11.995070 11.853735 11.992194 11.855795 0.032094 0.032259 0.143461 0.139787 0.032259 0.032084 0.032259 670 681
10 62.310000 60.320000 1000000 11.994507 11.852659 11.991630 11.854719 0.032093 0.032259 0.144509 0.140862 0.032259 0.032084 0.032259 680 697
10 62.310000 60.320000 1000000 11.991188 11.846208 11.988309 11.848268 0.032091 0.032259 0.147655 0.144088 0.032259 0.032081 0.032259 690 711
10 62.310000 60.320000 1000000 11.990431 11.845133 11.987551 11.847192 0.032090 0.032259 0.147655 0.144088 0.032259 0.032080 0.032259 710 739
10 62.310000 60.320000 1000000 11.983166 11.836530 11.980282 11.838590 0.032088 0.032259 0.146606 0.143013 0.032259 0.032078 0.032259 730 748
10 62.310000 60.320000 1000000 11.977003 11.823627 11.974006 11.825284 0.032085 0.032259 0.146606 0.143013 0.032259 0.032076 0.032259 740 773
10 62.310000 60.320000 1000000 11.959715 11.798896 11.956705 11.800553 0.032078 0.032259 0.152906 0.149464 0.032259 0.032068 0.032259 770 805
10 62.310000 60.320000 1000000 11.928888 11.769864 11.925854 11.771521 0.032069 0.032259 0.162379 0.159143 0.032259 0.032060 0.032259 790 806
10 62.310000 60.320000 1000000 11.927660 11.768789 11.924626 11.770445 0.032069 0.032259 0.162379 0.159143 0.032259 0.032060 0.032259 800 820
10 62.310000 60.320000 1000000 11.927472 11.767713 11.924657 11.770625 0.032069 0.032259 0.163433 0.160218 0.032259 0.032060 0.032259 820 837
10 62.310000 60.320000 1000000 11.921238 11.760187 11.918419 11.763098 0.032068 0.032259 0.159219 0.155917 0.032259 0.032059 0.032259 830 851
10 62.310000 60.320000 1000000 11.908861 11.748359 11.906034 11.751270 0.032065 0.032259 0.168707 0.165594 0.032259 0.032056 0.032259 850 922
10 62.310000 60.320000 1000000 11.882589 11.722552 11.879742 11.725463 0.032058 0.032259 0.165543 0.162369 0.032259 0.032048 0.032259 920 957
10 62.310000 60.320000 1000000 11.880890 11.720402 11.878043 11.723313 0.032057 0.032259 0.164488 0.161294 0.032259 0.032048 0.032259 950 965
10 62.310000 60.320000 1000000 11.880396 11.719327 11.877549 11.722238 0.032057 0.032259 0.165543 0.162369 0.032259 0.032048 0.032259 960 971
10 62.310000 60.320000 1000000 11.872488 11.713950 11.869634 11.716861 0.032057 0.032259 0.160273 0.156993 0.032259 0.032048 0.032259 970 1002
10 62.310000 60.320000 1000000 11.859500 11.706423 11.856637 11.709334 0.032062 0.032259 0.158167 0.154843 0.032259 0.032053 0.032259 1000 1031
10 62.310000 60.320000 1000000 11.846251 11.696746 11.843378 11.699657 0.032060 0.032259 0.162379 0.159143 0.032259 0.032051 0.032259 1030 1042
10 62.310000 60.320000 1000000 11.844660 11.695671 11.841786 11.698582 0.032060 0.032259 0.162379 0.159143 0.032259 0.032051 0.032259 1040 1089
10 62.310000 60.320000 1000000 11.831756 11.676316 11.828873 11.679227 0.032054 0.032259 0.160272 0.156992 0.032259 0.032045 0.032259 1080 1102
10 62.310000 60.320000 1000000 11.801481 11.649434 11.798576 11.652345 0.032057 0.032259 0.155009 0.151615 0.032259 0.032047 0.032259 1100 1113
10 62.310000 60.320000 1000000 11.799489 11.648359 11.796582 11.651270 0.032057 0.032259 0.153958 0.150540 0.032259 0.032048 0.032259 1110 1126
10 62.310000 60.320000 1000000 11.799002 11.647284 11.796095 11.650195 0.032057 0.032259 0.155009 0.151615 0.032259 0.032048 0.032259 1120 1203
10 62.310000 60.320000 1000000 11.789632 11.634381 11.786818 11.636844 0.032059 0.032259 0.155010 0.151616 0.032259 0.032049 0.032259 1200 1250
10 62.310000 60.320000 1000000 11.773760 11.620402 11.770935 11.622865 0.032056 0.032259 0.147656 0.144089 0.032259 0.032047 0.032259 1250 1262
10 62.310000 60.320000 1000000 11.767578 11.610725 11.764435 11.611978 0.032052 0.032259 0.141367 0.137637 0.032259 0.032043 0.032259 1260 1290
10 62.310000 60.320000 1000000 11.757641 11.599972 11.754490 11.601226 0.032046 0.032259 0.142414 0.138712 0.032259 0.032037 0.032259 1290 1308
10 62.310000 60.320000 1000000 11.746360 11.590295 11.743201 11.591548 0.032046 0.032259 0.143461 0.139787 0.032259 0.032037 0.032259 1300 1351
10 62.310000 60.320000 1000000 11.738690 11.580618 11.735365 11.580169 0.032043 0.032259 0.146606 0.143013 0.032259 0.032033 0.032259 1350 1402
10 62.310000 60.320000 1000000 11.722113 11.562338 11.718774 11.561889 0.032042 0.032259 0.149754 0.146239 0.032259 0.032033 0.032259 1390 1449
10 62.310000 60.320000 1000000 11.688335 11.533306 11.684967 11.532857 0.032037 0.032259 0.152905 0.149464 0.032259 0.032027 0.032259 1440 1550
10 62.310000 60.320000 1000000 11.661966 11.505349 11.658575 11.504900 0.032020 0.032259 0.142412 0.138710 0.032259 0.032010 0.032259 1550 1565
10 62.310000 60.320000 1000000 11.660433 11.504274 11.657041 11.503825 0.032020 0.032259 0.142412 0.138710 0.032259 0.032010 0.032259 1560 1658
10 62.310000 60.320000 1000000 11.607828 11.455887 11.604390 11.455438 0.032024 0.032259 0.134047 0.130108 0.032259 0.032015 0.032259 1650 1732
10 62.310000 60.320000 1000000 11.595729 11.446210 11.592280 11.445761 0.032025 0.032259 0.138226 0.134409 0.032259 0.032016 0.032259 1730 1756
10 62.310000 60.320000 1000000 11.592665 11.439758 11.588877 11.438099 0.032023 0.032259 0.139271 0.135483 0.032259 0.032014 0.032259 1750 1825
10 62.310000 60.320000 1000000 11.589942 11.437608 11.586152 11.435949 0.032022 0.032259 0.138225 0.134408 0.032259 0.032013 0.032259 1820 1831
10 62.310000 60.320000 1000000 11.587948 11.436532 11.584156 11.434874 0.032023 0.032259 0.137180 0.133333 0.032259 0.032014 0.032259 1830 1854
10 62.310000 60.320000 1000000 11.587123 11.435457 11.583330 11.433798 0.032022 0.032259 0.136135 0.132258 0.032259 0.032013 0.032259 1850 1893
10 62.310000 60.320000 1000000 11.576109 11.424704 11.572305 11.423046 0.032019 0.032259 0.144506 0.140860 0.032259 0.032010 0.032259 1890 1926
10 62.310000 60.320000 1000000 11.554426 11.404274 11.550601 11.402616 0.032020 0.032259 0.142411 0.138710 0.032259 0.032011 0.032259 1920 1949
10 62.310000 60.320000 1000000 11.537064 11.392446 11.533221 11.390788 0.032019 0.032259 0.141364 0.137634 0.032259 0.032010 0.032259 1940 1993
10 62.310000 60.320000 1000000 11.517158 11.361264 11.513295 11.359605 0.032007 0.032259 0.147653 0.144086 0.032259 0.031997 0.032259 1990 2008
10 62.310000 60.320000 1000000 11.512226 11.353737 11.508358 11.352078 0.032005 0.032259 0.150802 0.147312 0.032259 0.031995 0.032259 2000 2068
10 62.310000 60.320000 1000000 11.511550 11.352662 11.507682 11.351003 0.032005 0.032259 0.150802 0.147311 0.032259 0.031995 0.032259 2060 2286
10 62.310000 60.320000 1000000 11.459612 11.279543 11.455691 11.277885 0.031968 0.032259 0.143457 0.139783 0.032259 0.031958 0.032259 2280 2323
10 62.310000 60.320000 1000000 11.440496 11.261264 11.436758 11.260860 0.031957 0.032259 0.150800 0.147309 0.032259 0.031948 0.032259 2320 2374
10 62.310000 60.320000 1000000 11.433526 11.252662 11.429781 11.252258 0.031953 0.032259 0.151850 0.148384 0.032259 0.031943 0.032259 2370 2457
10 62.310000 60.320000 1000000 11.427088 11.246210 11.423335 11.245806 0.031951 0.032259 0.151850 0.148384 0.032259 0.031941 0.032259 2450 2497
10 62.310000 60.320000 1000000 11.426880 11.245135 11.423370 11.245985 0.031951 0.032259 0.151850 0.148384 0.032259 0.031941 0.032259 2490 2502
10 62.310000 60.320000 1000000 11.424367 11.240296 11.420771 11.240295 0.031948 0.032259 0.148175 0.144621 0.032259 0.031939 0.032259 2500 2778
10 62.310000 60.320000 1000000 11.372640 11.180082 11.368768 11.179274 0.031924 0.032259 0.156582 0.153223 0.032259 0.031914 0.032259 2770 2793
10 62.310000 60.320000 1000000 11.340824 11.160727 11.336919 11.159919 0.031933 0.032259 0.156582 0.153223 0.032259 0.031923 0.032259 2790 2858
10 62.310000 60.320000 1000000 11.337571 11.157501 11.333662 11.156693 0.031931 0.032259 0.154478 0.151072 0.032259 0.031921 0.032259 2850 2960
10 62.310000 60.320000 1000000 11.302417 11.134920 11.298471 11.134113 0.031943 0.032259 0.163955 0.160750 0.032259 0.031934 0.032259 2960 3002
10 62.310000 60.320000 1000000 11.287587 11.124168 11.283626 11.123360 0.031949 0.032259 0.162900 0.159674 0.032259 0.031940 0.032259 3000 3256
10 62.310000 60.320000 1000000 11.251220 11.079007 11.247221 11.078199 0.031933 0.032259 0.165009 0.161825 0.032259 0.031924 0.032259 3250 3291
10 62.310000 60.320000 1000000 11.238130 11.071480 11.234116 11.070672 0.031940 0.032259 0.167119 0.163976 0.032259 0.031931 0.032259 3290 3310
10 62.310000 60.320000 1000000 11.221769 11.061802 11.217738 11.060995 0.031948 0.032259 0.157635 0.154299 0.032259 0.031938 0.032259 3310 3328
10 62.310000 60.320000 1000000 11.220288 11.060727 11.216255 11.059920 0.031948 0.032259 0.156583 0.153224 0.032259 0.031939 0.032259 3320 3630
10 62.310000 60.320000 1000000 11.218879 11.058577 11.214845 11.057769 0.031946 0.032259 0.157634 0.154298 0.032259 0.031937 0.032259 3330 3416
10 62.310000 60.320000 1000000 11.216104 11.054276 11.212067 11.053468 0.031942 0.032259 0.158687 0.155374 0.032259 0.031933 0.032259 3410 3630
10 62.310000 60.320000 1000000 11.212075 11.051050 11.207917 11.049839 0.031944 0.032259 0.156582 0.153223 0.032259 0.031935 0.032259 3630 3663
10 62.310000 60.320000 1000000 11.192887 11.037071 11.188605 11.035457 0.031945 0.032259 0.157636 0.154300 0.032259 0.031935 0.032259 3660 3840
10 62.310000 60.320000 1000000 11.181549 11.029544 11.177254 11.027930 0.031946 0.032259 0.154480 0.151075 0.032259 0.031936 0.032259 3840 3882
10 62.310000 60.320000 1000000 11.173152 11.018792 11.168847 11.017178 0.031943 0.032259 0.156584 0.153225 0.032259 0.031934 0.032259 3880 3923
10 62.310000 60.320000 1000000 11.150946 10.996749 11.146543 10.994284 0.031928 0.032259 0.168703 0.165590 0.032259 0.031919 0.032259 3920 3938
10 62.310000 60.320000 1000000 11.140402 10.978469 11.135987 10.976004 0.031918 0.032259 0.171870 0.168816 0.032259 0.031909 0.032259 3930 3948
10 62.310000 60.320000 1000000 11.138081 10.977394 11.133663 10.974929 0.031920 0.032259 0.170814 0.167741 0.032259 0.031911 0.032259 3940 3996
10 62.310000 60.320000 1000000 11.127627 10.970942 11.123197 10.968477 0.031922 0.032259 0.165538 0.162364 0.032259 0.031913 0.032259 3990 4063
10 62.310000 60.320000 1000000 11.120011 10.963415 11.115571 10.960950 0.031920 0.032259 0.167648 0.164515 0.032259 0.031911 0.032259 4060 4153
10 62.310000 60.320000 1000000 11.064981 10.924706 11.060909 10.924750 0.031930 0.032259 0.179269 0.176342 0.032259 0.031921 0.032259 4150 4328
10 62.310000 60.320000 1000000 11.042320 10.897824 11.038223 10.897868 0.031912 0.032259 0.195156 0.192471 0.032259 0.031903 0.032259 4320 4369
10 62.310000 60.320000 1000000 11.035202 10.891373 11.031098 10.891417 0.031913 0.032259 0.193035 0.190321 0.032259 0.031904 0.032259 4360 4407
10 62.310000 60.320000 1000000 11.028472 10.883846 11.024360 10.883890 0.031914 0.032259 0.198337 0.195696 0.032259 0.031905 0.032259 4400 4712
10 62.310000 60.320000 1000000 11.008994 10.855889 11.005127 10.857187 0.031882 0.032259 0.188798 0.186022 0.032259 0.031873 0.032259 4710 5011
10 62.310000 60.320000 1000000 10.990563 10.842986 10.986677 10.844284 0.031879 0.032259 0.181387 0.178495 0.032259 0.031870 0.032259 5010 5221
10 62.310000 60.320000 1000000 10.975023 10.826857 10.971121 10.828155 0.031873 0.032259 0.183505 0.180647 0.032259 0.031863 0.032259 5220 5512
10 62.310000 60.320000 1000000 10.921341 10.775244 10.917381 10.776542 0.031862 0.032259 0.171871 0.168817 0.032259 0.031853 0.032259 5510 5525
10 62.310000 60.320000 1000000 10.920632 10.774168 10.916671 10.775466 0.031862 0.032259 0.170815 0.167741 0.032259 0.031853 0.032259 5520 5535
10 62.310000 60.320000 1000000 10.916798 10.770942 10.912833 10.772241 0.031862 0.032259 0.167648 0.164516 0.032259 0.031853 0.032259 5530 5739
10 62.310000 60.320000 1000000 10.916567 10.769867 10.912871 10.772420 0.031862 0.032259 0.167648 0.164516 0.032259 0.031853 0.032259 5730 5794
10 62.310000 60.320000 1000000 10.909619 10.748362 10.903890 10.743253 0.031863 0.032259 0.166593 0.163440 0.032259 0.031854 0.032259 5790 6404
10 62.310000 60.320000 1000000 10.873448 10.701588 10.867566 10.695628 0.031829 0.032259 0.178741 0.175806 0.032259 0.031820 0.032259 6400 6647
10 62.310000 60.320000 1000000 10.857822 10.690835 10.851914 10.684875 0.031832 0.032259 0.177682 0.174730 0.032259 0.031823 0.032259 6640 6804
10 62.310000 60.320000 1000000 10.855009 10.683308 10.849321 10.678603 0.031830 0.032259 0.181914 0.179031 0.032259 0.031821 0.032259 6800 6823
10 62.310000 60.320000 1000000 10.852364 10.680082 10.846672 10.675377 0.031831 0.032259 0.179798 0.176881 0.032259 0.031822 0.032259 6820 6906
10 62.310000 60.320000 1000000 10.848936 10.674706 10.843239 10.670001 0.031830 0.032259 0.176626 0.173655 0.032259 0.031821 0.032259 6860 6984
10 62.310000 60.320000 1000000 10.830151 10.640297 10.824963 10.638101 0.031810 0.032259 0.163956 0.160751 0.032259 0.031801 0.032259 6980 7054
10 62.310000 60.320000 1000000 10.827960 10.639222 10.822769 10.637026 0.031811 0.032259 0.163956 0.160751 0.032259 0.031802 0.032259 7050 7104
10 62.310000 60.320000 1000000 10.827455 10.638147 10.822263 10.635950 0.031811 0.032259 0.162902 0.159676 0.032259 0.031802 0.032259 7100 7253
10 62.310000 60.320000 1000000 10.826034 10.634921 10.820660 10.631918 0.031811 0.032259 0.165011 0.161827 0.032259 0.031801 0.032259 7250 7575
10 62.310000 60.320000 1000000 10.765144 10.579007 10.759298 10.572600 0.031809 0.032259 0.161851 0.158603 0.032259 0.031800 0.032259 7570 7774
10 62.310000 60.320000 1000000 10.752105 10.570405 10.746238 10.563997 0.031810 0.032259 0.163959 0.160754 0.032259 0.031801 0.032259 7770 8081
10 62.310000 60.320000 1000000 10.739703 10.560728 10.733815 10.554320 0.031812 0.032259 0.161850 0.158603 0.032259 0.031803 0.032259 8080 8136
10 62.310000 60.320000 1000000 10.739222 10.559653 10.733334 10.553245 0.031811 0.032259 0.161850 0.158603 0.032259 0.031802 0.032259 8130 8333
10 62.310000 60.320000 1000000 10.735922 10.556427 10.729913 10.549616 0.031812 0.032259 0.160797 0.157528 0.032259 0.031803 0.032259 8330 8963
10 62.310000 60.320000 1000000 10.726999 10.551051 10.720975 10.544239 0.031815 0.032259 0.160797 0.157528 0.032259 0.031806 0.032259 8350 8929
10 62.310000 60.320000 1000000 10.701680 10.523094 10.695613 10.516283 0.031812 0.032259 0.151329 0.147851 0.032259 0.031803 0.032259 8920 8963
10 62.310000 60.320000 1000000 10.700898 10.522018 10.694830 10.515207 0.031810 0.032259 0.152380 0.148926 0.032259 0.031801 0.032259 8960 10009
10 62.310000 60.320000 1000000 10.655354 10.453201 10.653320 10.467716 0.031797 0.032259 0.172400 0.169355 0.032259 0.031787 0.032259 10000 10065
10 62.310000 60.320000 1000000 10.652796 10.452126 10.650761 10.466641 0.031800 0.032259 0.172400 0.169355 0.032259 0.031790 0.032259 10060 10324
10 62.310000 60.320000 1000000 10.640821 10.441374 10.638779 10.455889 0.031802 0.032259 0.169232 0.166129 0.032259 0.031792 0.032259 10320 10388
10 62.310000 60.320000 1000000 10.638838 10.440298 10.636795 10.454813 0.031803 0.032259 0.169233 0.166130 0.032259 0.031793 0.032259 10380 10532
10 62.310000 60.320000 1000000 10.636896 10.439223 10.634852 10.453738 0.031804 0.032259 0.170287 0.167204 0.032259 0.031793 0.032259 10530 10583
10 62.310000 60.320000 1000000 10.636363 10.438148 10.634318 10.452663 0.031804 0.032259 0.170287 0.167204 0.032259 0.031793 0.032259 10580 10617
10 62.310000 60.320000 1000000 10.635793 10.437073 10.633748 10.451587 0.031802 0.032259 0.169232 0.166129 0.032259 0.031792 0.032259 10610 10884
10 62.310000 60.320000 1000000 10.635163 10.435997 10.633117 10.450512 0.031802 0.032259 0.168176 0.165053 0.032259 0.031792 0.032259 10880 11237
10 62.310000 60.320000 1000000 10.628411 10.426320 10.626362 10.440835 0.031802 0.032259 0.166066 0.162903 0.032259 0.031792 0.032259 11230 12437
10 62.310000 60.320000 1000000 10.540813 10.348901 10.538712 10.363416 0.031782 0.032259 0.146078 0.142471 0.032259 0.031772 0.032259 12430 12538
10 62.310000 60.320000 1000000 10.487894 10.290300 10.484011 10.286939 0.031817 0.032259 0.139271 0.135484 0.032259 0.031807 0.032259 12520 12856
10 62.310000 60.320000 1000000 10.484166 10.287074 10.480279 10.283713 0.031817 0.032259 0.137180 0.133333 0.032259 0.031807 0.032259 12850 13460
10 62.310000 60.320000 1000000 10.475662 10.279547 10.471765 10.276186 0.031814 0.032259 0.137180 0.133333 0.032259 0.031804 0.032259 13460 13700
10 62.310000 60.320000 1000000 10.471234 10.275246 10.467332 10.271885 0.031815 0.032259 0.140318 0.136559 0.032259 0.031806 0.032259 13700 14369
10 62.310000 60.320000 1000000 10.467381 10.269869 10.463475 10.266508 0.031814 0.032259 0.138226 0.134409 0.032259 0.031804 0.032259 14360 15259
10 62.310000 60.320000 1000000 10.457656 10.241913 10.454137 10.241509 0.031806 0.032259 0.143459 0.139785 0.032259 0.031797 0.032259 15250 15933
10 62.310000 60.320000 1000000 10.436604 10.221483 10.433064 10.221079 0.031787 0.032259 0.148702 0.145161 0.032259 0.031778 0.032259 15930 16168
10 62.310000 60.320000 1000000 10.428752 10.205354 10.423900 10.200111 0.031788 0.032259 0.148702 0.145161 0.032259 0.031779 0.032259 16160 16794
10 62.310000 60.320000 1000000 10.386856 10.175246 10.382155 10.171258 0.031795 0.032259 0.137182 0.133335 0.032259 0.031785 0.032259 16790 17519
10 62.310000 60.320000 1000000 10.377217 10.167720 10.372503 10.163731 0.031798 0.032259 0.134049 0.130109 0.032259 0.031788 0.032259 16990 17896
10 62.310000 60.320000 1000000 10.373364 10.162343 10.368644 10.158355 0.031790 0.032259 0.136138 0.132261 0.032259 0.031781 0.032259 17890 18000
10 62.310000 60.320000 1000000 10.372762 10.161268 10.368042 10.157280 0.031789 0.032259 0.135094 0.131186 0.032259 0.031780 0.032259 18000 20523
10 62.310000 60.320000 1000000 10.371552 10.159117 10.366830 10.155129 0.031786 0.032259 0.137183 0.133336 0.032259 0.031777 0.032259 18520 20364
10 62.310000 60.320000 1000000 10.271123 10.095676 10.266261 10.091688 0.031817 0.032259 0.148705 0.145164 0.032259 0.031808 0.032259 20360 20523
10 62.310000 60.320000 1000000 10.264843 10.091375 10.259972 10.087387 0.031819 0.032259 0.148705 0.145164 0.032259 0.031810 0.032259 20520 20686
10 62.310000 60.320000 1000000 10.257245 10.083848 10.252364 10.079860 0.031810 0.032259 0.153958 0.150541 0.032259 0.031801 0.032259 20610 20838
10 62.310000 60.320000 1000000 10.255660 10.082773 10.250776 10.078784 0.031811 0.032259 0.153958 0.150541 0.032259 0.031802 0.032259 20830 21091
10 62.310000 60.320000 1000000 10.249651 10.078472 10.244759 10.074483 0.031812 0.032259 0.151856 0.148390 0.032259 0.031803 0.032259 21090 21996
10 62.310000 60.320000 1000000 10.238547 10.054816 10.233639 10.050828 0.031796 0.032259 0.157114 0.153767 0.032259 0.031787 0.032259 21990 23629
10 62.310000 60.320000 1000000 10.205112 10.022558 10.200155 10.018570 0.031804 0.032259 0.161325 0.158067 0.032259 0.031795 0.032259 23620 23830
10 62.310000 60.320000 1000000 10.203662 10.021483 10.198703 10.017494 0.031803 0.032259 0.162379 0.159142 0.032259 0.031794 0.032259 23830 24713
10 62.310000 60.320000 1000000 10.194277 10.001053 10.189305 9.997065 0.031800 0.032259 0.156061 0.152691 0.032259 0.031791 0.032259 24710 25645
10 62.310000 60.320000 1000000 10.189413 9.995139 10.184341 9.990299 0.031798 0.032259 0.154483 0.151078 0.032259 0.031789 0.032259 25640 25761
10 62.310000 60.320000 1000000 10.188963 9.994064 10.183891 9.989224 0.031797 0.032259 0.154483 0.151078 0.032259 0.031788 0.032259 25760 26288
10 62.310000 60.320000 1000000 10.173460 9.987612 10.168364 9.982773 0.031815 0.032259 0.148180 0.144626 0.032259 0.031806 0.032259 26280 26476
10 62.310000 60.320000 1000000 10.171618 9.986537 10.166519 9.981697 0.031816 0.032259 0.148180 0.144626 0.032259 0.031807 0.032259 26470 26697
10 62.310000 60.320000 1000000 10.170183 9.985462 10.165082 9.980622 0.031815 0.032259 0.149230 0.145701 0.032259 0.031806 0.032259 26690 26974
10 62.310000 60.320000 1000000 10.159628 9.972558 10.154512 9.967719 0.031798 0.032259 0.152381 0.148928 0.032259 0.031789 0.032259 26970 26988
10 62.310000 60.320000 1000000 10.158210 9.971483 10.153091 9.966644 0.031797 0.032259 0.151331 0.147852 0.032259 0.031788 0.032259 26980 27816
10 62.310000 60.320000 1000000 10.155232 9.967182 10.150109 9.962343 0.031796 0.032259 0.148180 0.144627 0.032259 0.031787 0.032259 27810 29166
10 62.310000 60.320000 1000000 10.146072 9.961806 10.140934 9.956966 0.031801 0.032259 0.143986 0.140325 0.032259 0.031792 0.032259 29160 34725
10 62.310000 60.320000 1000000 10.144366 9.958580 10.139227 9.953740 0.031796 0.032259 0.143986 0.140325 0.032259 0.031787 0.032259 29510 31538
10 62.310000 60.320000 1000000 10.139208 9.946752 10.134060 9.941912 0.031787 0.032259 0.147131 0.143551 0.032259 0.031779 0.032259 31530 34725
10 62.310000 60.320000 1000000 10.038844 9.848903 10.031025 9.831967 0.031795 0.032259 0.171346 0.168282 0.032259 0.031785 0.032259 34720 35129
10 62.310000 60.320000 1000000 10.038454 9.847828 10.030635 9.830892 0.031795 0.032259 0.170290 0.167207 0.032259 0.031785 0.032259 35120 35913
10 62.310000 60.320000 1000000 10.032176 9.832774 10.024342 9.815838 0.031787 0.032259 0.180860 0.177960 0.032259 0.031777 0.032259 35910 36816
10 62.310000 60.320000 1000000 10.024554 9.795140 10.021949 9.815838 0.031778 0.032259 0.175571 0.172582 0.032259 0.031771 0.032259 36810 39803
10 62.310000 60.320000 1000000 10.001368 9.780087 9.998745 9.800784 0.031785 0.032259 0.170290 0.167206 0.032259 0.031778 0.032259 39800 42048
10 62.310000 60.320000 1000000 9.991139 9.770409 9.988508 9.791107 0.031784 0.032259 0.173458 0.170432 0.032259 0.031777 0.032259 42040 42237
10 62.310000 60.320000 1000000 9.989262 9.769334 9.986630 9.790032 0.031784 0.032259 0.174515 0.171507 0.032259 0.031777 0.032259 42230 45290
10 62.310000 60.320000 1000000 9.962282 9.743528 9.959436 9.762523 0.031794 0.032259 0.177685 0.174733 0.032259 0.031788 0.032259 45290 46931
10 62.310000 60.320000 1000000 9.958827 9.728474 9.955978 9.747469 0.031789 0.032259 0.167123 0.163980 0.032259 0.031783 0.032259 46930 47066
10 62.310000 60.320000 1000000 9.956938 9.727399 9.954088 9.746394 0.031790 0.032259 0.167124 0.163981 0.032259 0.031783 0.032259 47060 48408
10 62.310000 60.320000 1000000 9.914508 9.689765 9.911509 9.708357 0.031796 0.032259 0.168179 0.165056 0.032259 0.031790 0.032259 48400 48474
10 62.310000 60.320000 1000000 9.911760 9.688689 9.908758 9.707281 0.031800 0.032259 0.167124 0.163981 0.032259 0.031794 0.032259 48470 53222
10 62.310000 60.320000 1000000 9.809980 9.612346 9.806884 9.630938 0.031831 0.032259 0.133526 0.129571 0.032259 0.031824 0.032259 53220 54041
10 62.310000 60.320000 1000000 9.804685 9.608045 9.801584 9.626637 0.031828 0.032259 0.132483 0.128495 0.032259 0.031822 0.032259 54040 54610
10 62.310000 60.320000 1000000 9.803934 9.606969 9.800832 9.625561 0.031827 0.032259 0.131440 0.127420 0.032259 0.031820 0.032259 54610 54665
10 62.310000 60.320000 1000000 9.800347 9.600518 9.797541 9.620364 0.031820 0.032259 0.130398 0.126345 0.032259 0.031813 0.032259 54660 55161
10 62.310000 60.320000 1000000 9.799703 9.599442 9.796897 9.619289 0.031820 0.032259 0.131440 0.127420 0.032259 0.031813 0.032259 55160 59301
10 62.310000 60.320000 1000000 9.776682 9.581163 9.773855 9.601009 0.031822 0.032259 0.141888 0.138172 0.032259 0.031815 0.032259 59300 62586
10 62.310000 60.320000 1000000 9.759601 9.567184 9.757351 9.589540 0.031823 0.032259 0.139795 0.136022 0.032259 0.031815 0.032259 62580 66044
10 62.310000 60.320000 1000000 9.725223 9.544604 9.722949 9.566959 0.031820 0.032259 0.151328 0.147850 0.032259 0.031813 0.032259 66040 66066
10 62.310000 60.320000 1000000 9.723739 9.543529 9.721464 9.565884 0.031821 0.032259 0.150277 0.146774 0.032259 0.031814 0.032259 66060 70386
10 62.310000 60.320000 1000000 9.694352 9.523099 9.692056 9.545454 0.031815 0.032259 0.141888 0.138172 0.032259 0.031808 0.032259 70380 72267
10 62.310000 60.320000 1000000 9.688698 9.513421 9.686280 9.535373 0.031804 0.032259 0.134569 0.130646 0.032259 0.031797 0.032259 72260 73999
10 62.310000 60.320000 1000000 9.682078 9.499980 9.679568 9.521081 0.031806 0.032259 0.135092 0.131184 0.032259 0.031799 0.032259 73990 76359
10 62.310000 60.320000 1000000 9.640945 9.475249 9.638403 9.496350 0.031817 0.032259 0.139272 0.135484 0.032259 0.031810 0.032259 76350 78713
10 62.310000 60.320000 1000000 9.625459 9.465572 9.622904 9.486673 0.031819 0.032259 0.131961 0.127957 0.032259 0.031812 0.032259 78710 79884
10 62.310000 60.320000 1000000 9.609557 9.454819 9.606990 9.475920 0.031821 0.032259 0.136135 0.132258 0.032259 0.031814 0.032259 79880 83326
10 62.310000 60.320000 1000000 9.602051 9.433313 9.601941 9.465302 0.031816 0.032259 0.128835 0.124731 0.032259 0.031806 0.032259 83320 85126
10 62.310000 60.320000 1000000 9.601162 9.432238 9.601053 9.464226 0.031814 0.032259 0.129876 0.125806 0.032259 0.031805 0.032259 85120 85759
10 62.310000 60.320000 1000000 9.592610 9.424711 9.592500 9.456700 0.031816 0.032259 0.130918 0.126882 0.032259 0.031806 0.032259 85750 87784
10 62.310000 60.320000 1000000 9.582595 9.417184 9.582485 9.449173 0.031816 0.032259 0.134046 0.130106 0.032259 0.031807 0.032259 87780 93499
10 62.310000 60.320000 1000000 9.573685 9.406969 9.573264 9.436404 0.031818 0.032259 0.127273 0.123117 0.032259 0.031809 0.032259 93490 102610
10 62.310000 60.320000 1000000 9.545205 9.365572 9.544194 9.389048 0.031811 0.032259 0.130916 0.126879 0.032259 0.031802 0.032259 102610 105351
10 62.310000 60.320000 1000000 9.539891 9.340303 9.537481 9.351996 0.031813 0.032259 0.132479 0.128492 0.032259 0.031804 0.032259 105350 106671
10 62.310000 60.320000 1000000 9.506897 9.324174 9.504463 9.335867 0.031843 0.032259 0.125193 0.120966 0.032259 0.031834 0.032259 106670 110406
10 62.310000 60.320000 1000000 9.472948 9.286540 9.469761 9.289721 0.031853 0.032259 0.113805 0.109138 0.032259 0.031844 0.032259 110400 111003
10 62.310000 60.320000 1000000 9.464105 9.279014 9.460909 9.282194 0.031854 0.032259 0.107634 0.102686 0.032259 0.031845 0.032259 111000 113287
10 62.310000 60.320000 1000000 9.460991 9.275788 9.457792 9.278968 0.031850 0.032259 0.107634 0.102686 0.032259 0.031842 0.032259 113280 120995
10 62.310000 60.320000 1000000 9.440687 9.254282 9.437467 9.257463 0.031831 0.032259 0.109689 0.104838 0.032259 0.031822 0.032259 120990 126433
10 62.310000 60.320000 1000000 9.438601 9.253207 9.435379 9.256387 0.031832 0.032259 0.109689 0.104838 0.032259 0.031823 0.032259 126430 126468
10 62.310000 60.320000 1000000 9.436878 9.252132 9.433654 9.255312 0.031833 0.032259 0.108662 0.103763 0.032259 0.031824 0.032259 126460 136443
10 62.310000 60.320000 1000000 9.423744 9.241379 9.420507 9.244560 0.031835 0.032259 0.115871 0.111290 0.032259 0.031826 0.032259 136440 141584
10 62.310000 60.320000 1000000 9.418041 9.233852 9.415598 9.240796 0.031832 0.032259 0.112776 0.108064 0.032259 0.031822 0.032259 141580 165092
10 62.310000 60.320000 1000000 9.372841 9.183853 9.370222 9.186899 0.031842 0.032259 0.107121 0.102149 0.032259 0.031833 0.032259 165090 172474
10 62.310000 60.320000 1000000 9.369121 9.179552 9.366499 9.182598 0.031838 0.032259 0.104050 0.098923 0.032259 0.031829 0.032259 172470 178035
10 62.310000 60.320000 1000000 9.355890 9.159122 9.353257 9.162168 0.031832 0.032259 0.094897 0.089246 0.032259 0.031823 0.032259 175670 179802
10 62.310000 60.320000 1000000 9.348191 9.151595 9.345551 9.154641 0.031830 0.032259 0.090864 0.084945 0.032259 0.031821 0.032259 179800 180708
10 62.310000 60.320000 1000000 9.347548 9.150519 9.344908 9.153566 0.031829 0.032259 0.089860 0.083870 0.032259 0.031820 0.032259 180700 195505
10 62.310000 60.320000 1000000 9.314256 9.118261 9.311262 9.116200 0.031836 0.032259 0.092878 0.087096 0.032259 0.031827 0.032259 195500 196185
10 62.310000 60.320000 1000000 9.312293 9.117186 9.309297 9.115125 0.031837 0.032259 0.091871 0.086021 0.032259 0.031828 0.032259 196180 206505
10 62.310000 60.320000 1000000 9.293579 9.103208 9.290565 9.101146 0.031845 0.032259 0.086858 0.080646 0.032259 0.031835 0.032259 206500 210740
10 62.310000 60.320000 1000000 9.293483 9.101595 9.290419 9.098682 0.031845 0.032259 0.086360 0.080109 0.032259 0.031835 0.032259 210740 215645
10 62.310000 60.320000 1000000 9.286889 9.089767 9.283818 9.086854 0.031848 0.032259 0.088358 0.082259 0.032259 0.031839 0.032259 215640 216513
10 62.310000 60.320000 1000000 9.285184 9.088692 9.282112 9.085779 0.031849 0.032259 0.088358 0.082259 0.032259 0.031840 0.032259 216510 229740
10 62.310000 60.320000 1000000 9.269685 9.073100 9.266509 9.069337 0.031850 0.032259 0.098955 0.093550 0.032259 0.031840 0.032259 229740 267039
10 62.310000 60.320000 1000000 9.213263 9.032240 9.210028 9.028476 0.031858 0.032259 0.102011 0.096776 0.032259 0.031848 0.032259 267030 268744
10 62.310000 60.320000 1000000 9.211549 9.031165 9.208313 9.027401 0.031859 0.032259 0.102011 0.096776 0.032259 0.031850 0.032259 268740 281607
10 62.310000 60.320000 1000000 9.196961 9.019337 9.193709 9.015573 0.031856 0.032259 0.106100 0.101077 0.032259 0.031846 0.032259 281600 290422
10 62.310000 60.320000 1000000 9.193243 9.008584 9.190290 9.008180 0.031848 0.032259 0.102010 0.096775 0.032259 0.031840 0.032259 290420 299114
10 62.310000 60.320000 1000000 9.192906 9.007509 9.189953 9.007105 0.031848 0.032259 0.102010 0.096775 0.032259 0.031839 0.032259 299110 302017
10 62.310000 60.320000 1000000 9.191918 9.006434 9.188963 9.006030 0.031846 0.032259 0.102010 0.096775 0.032259 0.031838 0.032259 302010 303652
10 62.310000 60.320000 1000000 9.185613 9.002132 9.182653 9.001729 0.031848 0.032259 0.098955 0.093549 0.032259 0.031839 0.032259 303650 309985
10 62.310000 60.320000 1000000 9.184661 9.001057 9.181700 9.000654 0.031849 0.032259 0.099972 0.094624 0.032259 0.031840 0.032259 309980 330260
10 62.310000 60.320000 1000000 9.158896 8.982778 9.155910 8.982374 0.031857 0.032259 0.100989 0.095698 0.032259 0.031849 0.032259 330260 333178
10 62.310000 60.320000 1000000 9.158082 8.981703 9.155095 8.981299 0.031856 0.032259 0.099970 0.094623 0.032259 0.031847 0.032259 333170 346553
10 62.310000 60.320000 1000000 9.153918 8.978477 9.150927 8.978073 0.031857 0.032259 0.096923 0.091397 0.032259 0.031848 0.032259 346550 354878
10 62.310000 60.320000 1000000 9.152500 8.975251 9.149507 8.974847 0.031857 0.032259 0.096923 0.091397 0.032259 0.031848 0.032259 354870 370829
10 62.310000 60.320000 1000000 9.142131 8.959122 9.139490 8.960017 0.031845 0.032259 0.103028 0.097848 0.032259 0.031836 0.032259 370820 388236
10 62.310000 60.320000 1000000 9.114079 8.935466 9.111413 8.936362 0.031848 0.032259 0.105072 0.099998 0.032259 0.031839 0.032259 388230 406303
10 62.310000 60.320000 1000000 9.112760 8.934391 9.110093 8.935286 0.031848 0.032259 0.104050 0.098923 0.032259 0.031838 0.032259 406300 408189
10 62.310000 60.320000 1000000 9.110568 8.933315 9.107899 8.934211 0.031849 0.032259 0.103028 0.097847 0.032259 0.031840 0.032259 408180 420458
10 62.310000 60.320000 1000000 9.104587 8.925789 9.101913 8.926684 0.031846 0.032259 0.104050 0.098923 0.032259 0.031836 0.032259 420450 428756
10 62.310000 60.320000 1000000 9.099472 8.920412 9.096656 8.920905 0.031850 0.032259 0.103028 0.097848 0.032259 0.031840 0.032259 428750 452943
10 62.310000 60.320000 1000000 9.098870 8.916111 9.095950 8.914901 0.031848 0.032259 0.103028 0.097848 0.032259 0.031839 0.032259 452940 454270
10 62.310000 60.320000 1000000 9.097122 8.915036 9.094201 8.913826 0.031849 0.032259 0.103028 0.097848 0.032259 0.031839 0.032259 454270 498814
10 62.310000 60.320000 1000000 9.057123 8.889229 9.054163 8.888019 0.031870 0.032259 0.106097 0.101074 0.032259 0.031861 0.032259 474070 488804
10 62.310000 60.320000 1000000 9.021599 8.864498 9.018603 8.863288 0.031877 0.032259 0.098954 0.093549 0.032259 0.031868 0.032259 488800 498814
10 62.310000 60.320000 1000000 9.020119 8.863423 9.017122 8.862213 0.031877 0.032259 0.098954 0.093549 0.032259 0.031867 0.032259 498810 506799
10 62.310000 60.320000 1000000 9.017391 8.859659 9.014339 8.857598 0.031875 0.032259 0.097432 0.091937 0.032259 0.031865 0.032259 506790 511345
10 62.310000 60.320000 1000000 9.011176 8.854283 9.008119 8.852222 0.031874 0.032259 0.095406 0.089786 0.032259 0.031865 0.032259 511340 512139
10 62.310000 60.320000 1000000 9.010411 8.853208 9.007352 8.851147 0.031874 0.032259 0.094394 0.088711 0.032259 0.031865 0.032259 512130 532665
10 62.310000 60.320000 1000000 9.010233 8.851595 9.007080 8.848682 0.031875 0.032259 0.094900 0.089249 0.032259 0.031865 0.032259 532660 545804
10 62.310000 60.320000 1000000 9.000821 8.842993 8.997594 8.839677 0.031874 0.032259 0.087858 0.081722 0.032259 0.031864 0.032259 545800 555040
10 62.310000 60.320000 1000000 9.000085 8.841917 8.996857 8.838602 0.031872 0.032259 0.088860 0.082797 0.032259 0.031863 0.032259 555040 574694
10 62.310000 60.320000 1000000 8.996334 8.838692 8.993102 8.835376 0.031874 0.032259 0.087858 0.081722 0.032259 0.031864 0.032259 574690 592802
10 62.310000 60.320000 1000000 8.986661 8.832240 8.983418 8.828924 0.031878 0.032259 0.083873 0.077421 0.032259 0.031869 0.032259 592800 612702
10 62.310000 60.320000 1000000 8.985944 8.829014 8.983538 8.829462 0.031879 0.032259 0.084867 0.078497 0.032259 0.031868 0.032259 593390 616637
10 62.310000 60.320000 1000000 8.977229 8.822563 8.974816 8.823010 0.031884 0.032259 0.082881 0.076346 0.032259 0.031874 0.032259 616630 623447
10 62.310000 60.320000 1000000 8.975760 8.821487 8.973346 8.821935 0.031883 0.032259 0.082881 0.076346 0.032259 0.031873 0.032259 623440 660219
10 62.310000 60.320000 1000000 8.960605 8.811810 8.958178 8.812258 0.031883 0.032259 0.089861 0.083871 0.032259 0.031872 0.032259 660210 695761
10 62.310000 60.320000 1000000 8.932279 8.791380 8.929980 8.793082 0.031902 0.032259 0.086857 0.080645 0.032259 0.031892 0.032259 695760 759076
10 62.310000 60.320000 1000000 8.915645 8.772025 8.913334 8.773727 0.031891 0.032259 0.086856 0.080643 0.032259 0.031881 0.032259 741470 801549
10 62.310000 60.320000 1000000 8.903173 8.763423 8.900852 8.765125 0.031895 0.032259 0.084864 0.078493 0.032259 0.031885 0.032259 801540 847199
10 62.310000 60.320000 1000000 8.889181 8.750520 8.886849 8.752222 0.031892 0.032259 0.085860 0.079569 0.032259 0.031882 0.032259 847190 908248
10 62.310000 60.320000 1000000 8.882130 8.745143 8.879792 8.746845 0.031894 0.032259 0.087856 0.081720 0.032259 0.031884 0.032259 908240 909729
10 62.310000 60.320000 1000000 8.881705 8.744068 8.879367 8.745770 0.031893 0.032259 0.087856 0.081720 0.032259 0.031882 0.032259 909720 1000000
