29 62.310000 60.320000 1000000 13.463481 13.540286 13.457996 13.539433 0.031879 0.032257 0.264875 0.262903 0.032257 0.031871 0.032257 0 50
29 62.310000 60.320000 1000000 12.028197 11.930077 12.024458 11.933929 0.031403 0.032257 0.304939 0.303228 0.032257 0.031393 0.032257 50 60
29 62.310000 60.320000 1000000 11.737404 11.622013 11.733053 11.624206 0.031465 0.032257 0.197810 0.195162 0.032257 0.031456 0.032257 60 70
29 62.310000 60.320000 1000000 11.592064 11.446207 11.586572 11.436886 0.031390 0.032257 0.224906 0.222580 0.032257 0.031380 0.032257 70 80
29 62.310000 60.320000 1000000 11.539114 11.394594 11.533546 11.385273 0.031389 0.032257 0.227034 0.224731 0.032257 0.031379 0.032257 80 90
29 62.310000 60.320000 1000000 11.406822 11.253734 11.400198 11.240829 0.031446 0.032257 0.223842 0.221506 0.032257 0.031437 0.032257 90 100
29 62.310000 60.320000 1000000 11.297781 11.162336 11.293730 11.163230 0.031465 0.032257 0.195160 0.192475 0.032257 0.031455 0.032257 100 112
29 62.310000 60.320000 1000000 11.163952 10.935993 11.161611 10.947909 0.031377 0.032257 0.160798 0.157529 0.032257 0.031368 0.032257 110 123
29 62.310000 60.320000 1000000 11.096467 10.749434 11.090241 10.704316 0.031353 0.032257 0.231295 0.229035 0.032257 0.031341 0.032257 120 132
29 62.310000 60.320000 1000000 11.034502 10.660187 11.028170 10.615069 0.031331 0.032257 0.183503 0.180646 0.032257 0.031319 0.032257 130 142
29 62.310000 60.320000 1000000 11.008454 10.592445 11.002077 10.547327 0.031308 0.032257 0.237683 0.235484 0.032257 0.031295 0.032257 140 150
29 62.310000 60.320000 1000000 10.980442 10.565564 10.974016 10.520446 0.031291 0.032257 0.240880 0.238710 0.032257 0.031278 0.032257 150 165
29 62.310000 60.320000 1000000 10.927537 10.515026 10.921017 10.469908 0.031315 0.032257 0.243009 0.240858 0.032257 0.031303 0.032257 160 170
29 62.310000 60.320000 1000000 10.914001 10.504274 10.907457 10.459156 0.031316 0.032257 0.239814 0.237635 0.032257 0.031304 0.032257 170 187
29 62.310000 60.320000 1000000 10.796203 10.433307 10.789442 10.388189 0.031404 0.032257 0.256873 0.254840 0.032257 0.031392 0.032257 180 193
29 62.310000 60.320000 1000000 10.683577 10.359114 10.677396 10.317759 0.031462 0.032257 0.276081 0.274190 0.032257 0.031450 0.032257 190 202
29 62.310000 60.320000 1000000 10.552958 10.249437 10.542430 10.189937 0.031543 0.032257 0.267540 0.265589 0.032257 0.031530 0.032257 200 212
29 62.310000 60.320000 1000000 10.481683 10.173093 10.470938 10.113593 0.031585 0.032257 0.248338 0.246234 0.032257 0.031572 0.032257 210 230
29 62.310000 60.320000 1000000 10.439270 10.108576 10.436538 10.101765 0.031609 0.032257 0.188795 0.186019 0.032257 0.031599 0.032257 230 242
29 62.310000 60.320000 1000000 10.404616 10.081695 10.401856 10.074884 0.031625 0.032257 0.198338 0.195697 0.032257 0.031615 0.032257 240 250
29 62.310000 60.320000 1000000 10.357509 10.014490 10.354635 10.006828 0.031644 0.032257 0.192506 0.189784 0.032257 0.031634 0.032257 250 267
29 62.310000 60.320000 1000000 10.349987 10.009114 10.347048 10.001048 0.031651 0.032257 0.189326 0.186558 0.032257 0.031641 0.032257 260 272
29 62.310000 60.320000 1000000 10.309507 9.981157 10.306764 9.974346 0.031681 0.032257 0.185090 0.182257 0.032257 0.031671 0.032257 270 280
29 62.310000 60.320000 1000000 10.298319 9.971480 10.295695 9.965923 0.031686 0.032257 0.187207 0.184407 0.032257 0.031676 0.032257 280 291
29 62.310000 60.320000 1000000 10.275088 9.946749 10.272815 9.944956 0.031695 0.032257 0.173454 0.170428 0.032257 0.031686 0.032257 290 303
29 62.310000 60.320000 1000000 10.262231 9.939222 10.259950 9.937429 0.031705 0.032257 0.171343 0.168279 0.032257 0.031696 0.032257 300 325
29 62.310000 60.320000 1000000 10.187780 9.880083 10.185158 9.876273 0.031708 0.032257 0.170289 0.167205 0.032257 0.031699 0.032257 320 373
29 62.310000 60.320000 1000000 10.048858 9.768256 10.046126 9.764446 0.031780 0.032257 0.124158 0.119894 0.032257 0.031770 0.032257 370 404
29 62.310000 60.320000 1000000 10.026800 9.751051 10.024050 9.747242 0.031794 0.032257 0.116909 0.112370 0.032257 0.031785 0.032257 380 402
29 62.310000 60.320000 1000000 10.003559 9.732772 10.001163 9.732726 0.031805 0.032257 0.108667 0.103768 0.032257 0.031796 0.032257 400 426
29 62.310000 60.320000 1000000 10.001349 9.727396 9.998951 9.727350 0.031802 0.032257 0.105591 0.100543 0.032257 0.031793 0.032257 420 431
29 62.310000 60.320000 1000000 9.993070 9.720944 9.990666 9.720898 0.031806 0.032257 0.099467 0.094091 0.032257 0.031797 0.032257 430 441
29 62.310000 60.320000 1000000 9.967058 9.697288 9.964147 9.695630 0.031815 0.032257 0.108667 0.103769 0.032257 0.031806 0.032257 440 452
29 62.310000 60.320000 1000000 9.963230 9.692987 9.960315 9.691328 0.031815 0.032257 0.108667 0.103769 0.032257 0.031807 0.032257 450 471
29 62.310000 60.320000 1000000 9.949870 9.676858 9.946827 9.674796 0.031815 0.032257 0.113812 0.109145 0.032257 0.031807 0.032257 470 485
29 62.310000 60.320000 1000000 9.948786 9.675783 9.945742 9.673721 0.031814 0.032257 0.113812 0.109145 0.032257 0.031806 0.032257 480 505
29 62.310000 60.320000 1000000 9.927972 9.659654 9.925658 9.661355 0.031826 0.032257 0.115876 0.111296 0.032257 0.031817 0.032257 500 517
29 62.310000 60.320000 1000000 9.922538 9.656428 9.920220 9.658130 0.031830 0.032257 0.115876 0.111296 0.032257 0.031821 0.032257 510 524
29 62.310000 60.320000 1000000 9.920058 9.651052 9.917738 9.652753 0.031828 0.032257 0.115877 0.111296 0.032257 0.031819 0.032257 520 569
29 62.310000 60.320000 1000000 9.840065 9.567182 9.837689 9.568883 0.031851 0.032257 0.122082 0.117743 0.032257 0.031842 0.032257 560 593
29 62.310000 60.320000 1000000 9.819062 9.544601 9.818095 9.553829 0.031852 0.032257 0.131441 0.127421 0.032257 0.031843 0.032257 590 603
29 62.310000 60.320000 1000000 9.818653 9.543526 9.817686 9.552754 0.031852 0.032257 0.131440 0.127421 0.032257 0.031842 0.032257 600 618
29 62.310000 60.320000 1000000 9.806987 9.533848 9.805778 9.542270 0.031849 0.032257 0.128316 0.124195 0.032257 0.031840 0.032257 610 620
29 62.310000 60.320000 1000000 9.775926 9.508042 9.774706 9.516464 0.031852 0.032257 0.136658 0.132796 0.032257 0.031842 0.032257 620 630
29 62.310000 60.320000 1000000 9.768600 9.498365 9.766813 9.504770 0.031850 0.032257 0.130398 0.126345 0.032257 0.031841 0.032257 630 661
29 62.310000 60.320000 1000000 9.713453 9.465032 9.711636 9.471437 0.031860 0.032257 0.133526 0.129571 0.032257 0.031851 0.032257 660 686
29 62.310000 60.320000 1000000 9.711118 9.460193 9.709192 9.465344 0.031859 0.032257 0.137181 0.133334 0.032257 0.031849 0.032257 680 696
29 62.310000 60.320000 1000000 9.708912 9.456967 9.706985 9.462118 0.031859 0.032257 0.137180 0.133334 0.032257 0.031849 0.032257 690 842
29 62.310000 60.320000 1000000 9.637171 9.413956 9.635201 9.419107 0.031891 0.032257 0.169760 0.166667 0.032257 0.031882 0.032257 710 721
29 62.310000 60.320000 1000000 9.620092 9.398903 9.618112 9.404054 0.031876 0.032257 0.184561 0.181720 0.032257 0.031867 0.032257 720 842
29 62.310000 60.320000 1000000 9.584133 9.378473 9.582130 9.383624 0.031904 0.032257 0.182443 0.179569 0.032257 0.031894 0.032257 740 866
29 62.310000 60.320000 1000000 9.498944 9.327935 9.496887 9.333086 0.031945 0.032257 0.163429 0.160214 0.032257 0.031936 0.032257 860 1001
29 62.310000 60.320000 1000000 9.406301 9.270946 9.404183 9.276097 0.031999 0.032257 0.139270 0.135483 0.032257 0.031989 0.032257 1000 1053
29 62.310000 60.320000 1000000 9.347738 9.230623 9.345089 9.231518 0.032040 0.032257 0.129356 0.125269 0.032257 0.032031 0.032257 1040 1052
29 62.310000 60.320000 1000000 9.343213 9.226860 9.340468 9.226904 0.032045 0.032257 0.126754 0.122581 0.032257 0.032036 0.032257 1050 1078
29 62.310000 60.320000 1000000 9.321513 9.211269 9.318657 9.210461 0.032056 0.032257 0.122082 0.117743 0.032257 0.032047 0.032257 1070 1123
29 62.310000 60.320000 1000000 9.291483 9.190839 9.288892 9.192540 0.032074 0.032257 0.108662 0.103764 0.032257 0.032065 0.032257 1120 1130
29 62.310000 60.320000 1000000 9.287982 9.188688 9.285388 9.190390 0.032075 0.032257 0.107636 0.102689 0.032257 0.032066 0.032257 1130 1150
29 62.310000 60.320000 1000000 9.259962 9.167183 9.256859 9.167271 0.032084 0.032257 0.111747 0.106989 0.032257 0.032075 0.032257 1150 1171
29 62.310000 60.320000 1000000 9.221947 9.137075 9.218805 9.137164 0.032088 0.032257 0.095404 0.089785 0.032257 0.032079 0.032257 1170 1181
29 62.310000 60.320000 1000000 9.220404 9.136000 9.217261 9.136089 0.032088 0.032257 0.095404 0.089785 0.032257 0.032080 0.032257 1180 1192
29 62.310000 60.320000 1000000 9.219251 9.134925 9.216107 9.135013 0.032087 0.032257 0.096416 0.090860 0.032257 0.032079 0.032257 1190 1219
29 62.310000 60.320000 1000000 9.218589 9.133850 9.215444 9.133938 0.032086 0.032257 0.096416 0.090860 0.032257 0.032078 0.032257 1210 1299
29 62.310000 60.320000 1000000 9.206266 9.123097 9.203109 9.123186 0.032079 0.032257 0.098445 0.093010 0.032257 0.032071 0.032257 1290 1368
29 62.310000 60.320000 1000000 9.167937 9.101592 9.164739 9.101680 0.032099 0.032257 0.087356 0.081182 0.032257 0.032091 0.032257 1360 1500
29 62.310000 60.320000 1000000 9.152540 9.090839 9.149326 9.090928 0.032103 0.032257 0.085360 0.079031 0.032257 0.032094 0.032257 1500 1673
29 62.310000 60.320000 1000000 9.139971 9.077936 9.136744 9.078024 0.032100 0.032257 0.083373 0.076880 0.032257 0.032092 0.032257 1670 1715
29 62.310000 60.320000 1000000 9.135658 9.074710 9.132426 9.074799 0.032101 0.032257 0.083373 0.076880 0.032257 0.032093 0.032257 1710 1789
29 62.310000 60.320000 1000000 9.132570 9.071484 9.129335 9.071573 0.032098 0.032257 0.086356 0.080105 0.032257 0.032090 0.032257 1780 1851
29 62.310000 60.320000 1000000 9.117795 9.058581 9.114544 9.058670 0.032086 0.032257 0.090359 0.084405 0.032257 0.032078 0.032257 1850 1956
29 62.310000 60.320000 1000000 9.110710 9.053205 9.107452 9.053293 0.032089 0.032257 0.087353 0.081179 0.032257 0.032080 0.032257 1950 2114
29 62.310000 60.320000 1000000 9.098348 9.044603 9.095076 9.044691 0.032088 0.032257 0.079423 0.072577 0.032257 0.032080 0.032257 2110 2200
29 62.310000 60.320000 1000000 9.078498 9.024173 9.075057 9.023455 0.032093 0.032257 0.086357 0.080106 0.032257 0.032085 0.032257 2200 2211
29 62.310000 60.320000 1000000 9.077243 9.023098 9.073801 9.022380 0.032093 0.032257 0.087355 0.081181 0.032257 0.032085 0.032257 2210 2250
29 62.310000 60.320000 1000000 9.045305 8.997291 9.041826 8.996573 0.032095 0.032257 0.077465 0.070429 0.032257 0.032087 0.032257 2240 2276
29 62.310000 60.320000 1000000 9.034045 8.986539 9.030553 8.985821 0.032100 0.032257 0.080408 0.073654 0.032257 0.032091 0.032257 2270 2358
29 62.310000 60.320000 1000000 9.032190 8.985463 9.028696 8.984745 0.032100 0.032257 0.080408 0.073654 0.032257 0.032092 0.032257 2350 2364
29 62.310000 60.320000 1000000 9.031738 8.984388 9.028243 8.983670 0.032100 0.032257 0.080409 0.073654 0.032257 0.032091 0.032257 2360 2821
29 62.310000 60.320000 1000000 9.003334 8.965033 8.999806 8.964315 0.032110 0.032257 0.080410 0.073656 0.032257 0.032102 0.032257 2820 2865
29 62.310000 60.320000 1000000 9.001009 8.961808 8.998050 8.963599 0.032111 0.032257 0.080410 0.073656 0.032257 0.032102 0.032257 2860 2981
29 62.310000 60.320000 1000000 8.978246 8.946754 8.975264 8.948545 0.032109 0.032257 0.077466 0.070430 0.032257 0.032100 0.032257 2980 3096
29 62.310000 60.320000 1000000 8.977662 8.945679 8.974680 8.947470 0.032108 0.032257 0.077466 0.070430 0.032257 0.032099 0.032257 3090 3402
29 62.310000 60.320000 1000000 8.953199 8.928474 8.950751 8.932774 0.032114 0.032257 0.080410 0.073656 0.032257 0.032105 0.032257 3400 3412
29 62.310000 60.320000 1000000 8.952967 8.927399 8.950790 8.932953 0.032115 0.032257 0.080410 0.073656 0.032257 0.032105 0.032257 3410 3538
29 62.310000 60.320000 1000000 8.951728 8.926324 8.949550 8.931878 0.032114 0.032257 0.081396 0.074731 0.032257 0.032104 0.032257 3530 3686
29 62.310000 60.320000 1000000 8.949168 8.923098 8.946988 8.928652 0.032112 0.032257 0.079426 0.072580 0.032257 0.032103 0.032257 3680 3769
29 62.310000 60.320000 1000000 8.947696 8.922023 8.945514 8.927577 0.032112 0.032257 0.078444 0.071505 0.032257 0.032102 0.032257 3760 3777
29 62.310000 60.320000 1000000 8.946309 8.920947 8.944127 8.926502 0.032111 0.032257 0.077465 0.070430 0.032257 0.032101 0.032257 3770 3854
29 62.310000 60.320000 1000000 8.938666 8.915571 8.936478 8.921126 0.032113 0.032257 0.082384 0.075806 0.032257 0.032103 0.032257 3850 3896
29 62.310000 60.320000 1000000 8.936601 8.912345 8.934411 8.917900 0.032114 0.032257 0.080409 0.073655 0.032257 0.032105 0.032257 3890 3904
29 62.310000 60.320000 1000000 8.935030 8.911270 8.932839 8.916824 0.032115 0.032257 0.079425 0.072580 0.032257 0.032106 0.032257 3900 3918
29 62.310000 60.320000 1000000 8.934893 8.910195 8.932862 8.917004 0.032115 0.032257 0.079425 0.072580 0.032257 0.032106 0.032257 3910 3949
29 62.310000 60.320000 1000000 8.933111 8.909119 8.931078 8.915928 0.032116 0.032257 0.078444 0.071504 0.032257 0.032106 0.032257 3940 4128
29 62.310000 60.320000 1000000 8.927800 8.905894 8.925764 8.912703 0.032117 0.032257 0.079425 0.072580 0.032257 0.032107 0.032257 4120 4155
29 62.310000 60.320000 1000000 8.927695 8.904281 8.925603 8.910238 0.032117 0.032257 0.078934 0.072042 0.032257 0.032107 0.032257 4150 4466
29 62.310000 60.320000 1000000 8.925953 8.903205 8.923860 8.909163 0.032117 0.032257 0.077955 0.070967 0.032257 0.032108 0.032257 4460 4496
29 62.310000 60.320000 1000000 8.925110 8.902130 8.923016 8.908088 0.032117 0.032257 0.078935 0.072043 0.032257 0.032107 0.032257 4490 4651
29 62.310000 60.320000 1000000 8.924092 8.901055 8.921997 8.907013 0.032117 0.032257 0.077955 0.070967 0.032257 0.032108 0.032257 4650 4706
29 62.310000 60.320000 1000000 8.922356 8.899980 8.920260 8.905937 0.032118 0.032257 0.076977 0.069892 0.032257 0.032109 0.032257 4700 4843
29 62.310000 60.320000 1000000 8.918364 8.896754 8.916265 8.902712 0.032116 0.032257 0.074060 0.066666 0.032257 0.032107 0.032257 4840 4944
29 62.310000 60.320000 1000000 8.917233 8.895679 8.915134 8.901636 0.032117 0.032257 0.073094 0.065591 0.032257 0.032107 0.032257 4940 4958
29 62.310000 60.320000 1000000 8.915927 8.894603 8.913827 8.900561 0.032117 0.032257 0.073094 0.065591 0.032257 0.032108 0.032257 4950 4996
29 62.310000 60.320000 1000000 8.910902 8.891378 8.908798 8.897335 0.032119 0.032257 0.074060 0.066666 0.032257 0.032109 0.032257 4990 5144
29 62.310000 60.320000 1000000 8.907872 8.888152 8.905767 8.894109 0.032121 0.032257 0.073093 0.065590 0.032257 0.032111 0.032257 5140 5598
29 62.310000 60.320000 1000000 8.890221 8.874711 8.887999 8.879817 0.032121 0.032257 0.070691 0.062903 0.032257 0.032112 0.032257 5590 5802
29 62.310000 60.320000 1000000 8.866195 8.858582 8.863955 8.863688 0.032125 0.032257 0.067838 0.059678 0.032257 0.032115 0.032257 5800 5959
29 62.310000 60.320000 1000000 8.863188 8.855356 8.860946 8.860462 0.032123 0.032257 0.067838 0.059678 0.032257 0.032114 0.032257 5950 6145
29 62.310000 60.320000 1000000 8.861169 8.853206 8.858925 8.858312 0.032125 0.032257 0.065954 0.057527 0.032257 0.032115 0.032257 6120 6135
29 62.310000 60.320000 1000000 8.860189 8.852130 8.857944 8.857237 0.032126 0.032257 0.065018 0.056452 0.032257 0.032116 0.032257 6130 6145
29 62.310000 60.320000 1000000 8.855314 8.847829 8.853066 8.852936 0.032128 0.032257 0.066893 0.058602 0.032257 0.032119 0.032257 6140 6702
29 62.310000 60.320000 1000000 8.833262 8.830625 8.830996 8.835731 0.032119 0.032257 0.067838 0.059678 0.032257 0.032110 0.032257 6700 6774
29 62.310000 60.320000 1000000 8.832215 8.829550 8.829949 8.834656 0.032120 0.032257 0.067838 0.059678 0.032257 0.032111 0.032257 6770 7265
29 62.310000 60.320000 1000000 8.827859 8.826324 8.825589 8.831430 0.032121 0.032257 0.067838 0.059678 0.032257 0.032112 0.032257 7260 7850
29 62.310000 60.320000 1000000 8.804197 8.806969 8.801909 8.812076 0.032120 0.032257 0.067840 0.059680 0.032257 0.032110 0.032257 7850 8510
29 62.310000 60.320000 1000000 8.797633 8.797829 8.795284 8.802085 0.032123 0.032257 0.070216 0.062368 0.032257 0.032114 0.032257 8510 8722
29 62.310000 60.320000 1000000 8.797280 8.796754 8.794930 8.801009 0.032123 0.032257 0.069264 0.061294 0.032257 0.032114 0.032257 8720 8879
29 62.310000 60.320000 1000000 8.792108 8.793528 8.789754 8.797783 0.032124 0.032257 0.068314 0.060218 0.032257 0.032115 0.032257 8870 9059
29 62.310000 60.320000 1000000 8.787778 8.789227 8.785286 8.793079 0.032121 0.032257 0.069264 0.061293 0.032257 0.032112 0.032257 9050 9061
29 62.310000 60.320000 1000000 8.784607 8.787077 8.782111 8.790929 0.032122 0.032257 0.067368 0.059143 0.032257 0.032113 0.032257 9060 9546
29 62.310000 60.320000 1000000 8.783318 8.784389 8.780716 8.787389 0.032122 0.032257 0.065956 0.057530 0.032257 0.032113 0.032257 9540 10046
29 62.310000 60.320000 1000000 8.777796 8.780087 8.775056 8.782685 0.032123 0.032257 0.065956 0.057530 0.032257 0.032114 0.032257 10040 10085
29 62.310000 60.320000 1000000 8.776386 8.779012 8.773644 8.781610 0.032122 0.032257 0.065021 0.056455 0.032257 0.032113 0.032257 10080 10474
29 62.310000 60.320000 1000000 8.775293 8.777937 8.772551 8.780534 0.032122 0.032257 0.065957 0.057530 0.032257 0.032113 0.032257 10470 10554
29 62.310000 60.320000 1000000 8.770808 8.774711 8.768062 8.777309 0.032122 0.032257 0.065957 0.057530 0.032257 0.032113 0.032257 10550 10570
29 62.310000 60.320000 1000000 8.769761 8.773636 8.767013 8.776233 0.032122 0.032257 0.065021 0.056455 0.032257 0.032113 0.032257 10570 10635
29 62.310000 60.320000 1000000 8.768547 8.772561 8.765799 8.775158 0.032123 0.032257 0.065956 0.057530 0.032257 0.032114 0.032257 10630 11117
29 62.310000 60.320000 1000000 8.760788 8.765571 8.757928 8.767318 0.032124 0.032257 0.065488 0.056992 0.032257 0.032115 0.032257 11110 11148
29 62.310000 60.320000 1000000 8.759494 8.764496 8.756633 8.766242 0.032125 0.032257 0.064554 0.055917 0.032257 0.032116 0.032257 11140 11219
29 62.310000 60.320000 1000000 8.758108 8.763421 8.755245 8.765167 0.032124 0.032257 0.063625 0.054842 0.032257 0.032115 0.032257 11210 11744
29 62.310000 60.320000 1000000 8.725404 8.744066 8.722509 8.745812 0.032135 0.032257 0.057264 0.047314 0.032257 0.032126 0.032257 11740 12688
29 62.310000 60.320000 1000000 8.715473 8.731701 8.712262 8.730893 0.032130 0.032257 0.055064 0.044627 0.032257 0.032122 0.032257 12680 12877
29 62.310000 60.320000 1000000 8.714588 8.730625 8.711377 8.729818 0.032129 0.032257 0.055939 0.045702 0.032257 0.032121 0.032257 12870 15114
29 62.310000 60.320000 1000000 8.702003 8.719873 8.698778 8.719065 0.032132 0.032257 0.054197 0.043552 0.032257 0.032124 0.032257 15110 15539
29 62.310000 60.320000 1000000 8.700538 8.718797 8.697311 8.717990 0.032133 0.032257 0.055065 0.044628 0.032257 0.032124 0.032257 15530 15751
29 62.310000 60.320000 1000000 8.695751 8.714496 8.692519 8.713689 0.032133 0.032257 0.055940 0.045703 0.032257 0.032125 0.032257 15750 19095
29 62.310000 60.320000 1000000 8.678869 8.686539 8.676185 8.685642 0.032130 0.032257 0.058605 0.048929 0.032257 0.032121 0.032257 19090 19805
29 62.310000 60.320000 1000000 8.675450 8.683314 8.672762 8.682417 0.032131 0.032257 0.055941 0.045704 0.032257 0.032121 0.032257 19800 21155
29 62.310000 60.320000 1000000 8.659145 8.670410 8.656442 8.669513 0.032136 0.032257 0.056822 0.046778 0.032257 0.032127 0.032257 21150 21468
29 62.310000 60.320000 1000000 8.658080 8.669335 8.655377 8.668438 0.032135 0.032257 0.056822 0.046778 0.032257 0.032126 0.032257 21460 22362
29 62.310000 60.320000 1000000 8.656780 8.668260 8.654075 8.667363 0.032134 0.032257 0.056822 0.046778 0.032257 0.032125 0.032257 22360 23394
29 62.310000 60.320000 1000000 8.655374 8.663959 8.652140 8.661449 0.032135 0.032257 0.058605 0.048928 0.032257 0.032127 0.032257 23380 24286
29 62.310000 60.320000 1000000 8.650851 8.658582 8.647612 8.656072 0.032138 0.032257 0.062241 0.053230 0.032257 0.032130 0.032257 24280 24589
29 62.310000 60.320000 1000000 8.646736 8.655357 8.643492 8.652847 0.032138 0.032257 0.064090 0.055380 0.032257 0.032130 0.032257 24580 26373
29 62.310000 60.320000 1000000 8.640629 8.648905 8.637378 8.646395 0.032134 0.032257 0.064090 0.055380 0.032257 0.032126 0.032257 26370 26662
29 62.310000 60.320000 1000000 8.639196 8.647830 8.635944 8.645320 0.032135 0.032257 0.064090 0.055380 0.032257 0.032126 0.032257 26660 26757
29 62.310000 60.320000 1000000 8.634987 8.643529 8.631730 8.641019 0.032137 0.032257 0.061324 0.052154 0.032257 0.032129 0.032257 26750 27750
29 62.310000 60.320000 1000000 8.628954 8.639228 8.625690 8.636718 0.032136 0.032257 0.062241 0.053229 0.032257 0.032128 0.032257 27750 31183
29 62.310000 60.320000 1000000 8.620458 8.632776 8.617185 8.630266 0.032136 0.032257 0.063163 0.054304 0.032257 0.032128 0.032257 31180 31543
29 62.310000 60.320000 1000000 8.620347 8.631163 8.617014 8.627802 0.032136 0.032257 0.063625 0.054842 0.032257 0.032128 0.032257 31540 33419
29 62.310000 60.320000 1000000 8.610927 8.624712 8.607456 8.620947 0.032139 0.032257 0.068313 0.060217 0.032257 0.032130 0.032257 33410 33786
29 62.310000 60.320000 1000000 8.609822 8.623636 8.606349 8.619872 0.032138 0.032257 0.067367 0.059142 0.032257 0.032130 0.032257 33780 34585
29 62.310000 60.320000 1000000 8.607000 8.620410 8.603525 8.616646 0.032138 0.032257 0.065488 0.056992 0.032257 0.032129 0.032257 34580 34952
29 62.310000 60.320000 1000000 8.606094 8.619335 8.602617 8.615571 0.032138 0.032257 0.066425 0.058067 0.032257 0.032130 0.032257 34950 36215
29 62.310000 60.320000 1000000 8.601331 8.616109 8.597848 8.612345 0.032139 0.032257 0.065487 0.056991 0.032257 0.032131 0.032257 36210 37303
29 62.310000 60.320000 1000000 8.594816 8.610733 8.591325 8.606968 0.032141 0.032257 0.068313 0.060217 0.032257 0.032132 0.032257 37300 37332
29 62.310000 60.320000 1000000 8.594518 8.609658 8.591027 8.605893 0.032140 0.032257 0.069262 0.061291 0.032257 0.032132 0.032257 37330 39040
29 62.310000 60.320000 1000000 8.561268 8.584926 8.557736 8.581162 0.032147 0.032257 0.068313 0.060218 0.032257 0.032139 0.032257 39040 40551
29 62.310000 60.320000 1000000 8.553910 8.579550 8.550370 8.575786 0.032148 0.032257 0.069262 0.061292 0.032257 0.032140 0.032257 40550 42921
29 62.310000 60.320000 1000000 8.545297 8.573099 8.541746 8.569334 0.032150 0.032257 0.067367 0.059142 0.032257 0.032142 0.032257 42920 43349
29 62.310000 60.320000 1000000 8.544450 8.572023 8.540897 8.568259 0.032151 0.032257 0.066425 0.058066 0.032257 0.032142 0.032257 43340 44545
29 62.310000 60.320000 1000000 8.538643 8.563421 8.535083 8.559657 0.032156 0.032257 0.063624 0.054840 0.032257 0.032148 0.032257 44540 44606
29 62.310000 60.320000 1000000 8.537356 8.562346 8.533794 8.558581 0.032157 0.032257 0.063624 0.054840 0.032257 0.032148 0.032257 44600 47395
29 62.310000 60.320000 1000000 8.528350 8.553744 8.524777 8.549979 0.032154 0.032257 0.063624 0.054841 0.032257 0.032146 0.032257 47390 50819
29 62.310000 60.320000 1000000 8.523263 8.549443 8.519684 8.545678 0.032156 0.032257 0.064555 0.055918 0.032257 0.032147 0.032257 50810 52442
29 62.310000 60.320000 1000000 8.516509 8.544067 8.512921 8.540302 0.032156 0.032257 0.063626 0.054842 0.032257 0.032148 0.032257 52440 56287
29 62.310000 60.320000 1000000 8.496681 8.524712 8.493068 8.520947 0.032166 0.032257 0.060865 0.051614 0.032257 0.032158 0.032257 56280 56530
29 62.310000 60.320000 1000000 8.494909 8.523636 8.491294 8.519872 0.032166 0.032257 0.060864 0.051613 0.032257 0.032158 0.032257 56530 57173
29 62.310000 60.320000 1000000 8.493767 8.522561 8.490150 8.518797 0.032165 0.032257 0.061779 0.052689 0.032257 0.032157 0.032257 57170 57751
29 62.310000 60.320000 1000000 8.492281 8.521486 8.488663 8.517721 0.032165 0.032257 0.060864 0.051613 0.032257 0.032156 0.032257 57750 58352
29 62.310000 60.320000 1000000 8.491020 8.520411 8.487399 8.516646 0.032165 0.032257 0.061779 0.052689 0.032257 0.032157 0.032257 58350 58496
29 62.310000 60.320000 1000000 8.489352 8.519335 8.485729 8.515571 0.032165 0.032257 0.061779 0.052688 0.032257 0.032156 0.032257 58490 61038
29 62.310000 60.320000 1000000 8.488622 8.518260 8.484998 8.514496 0.032165 0.032257 0.062698 0.053764 0.032257 0.032157 0.032257 61030 62936
29 62.310000 60.320000 1000000 8.485420 8.513959 8.481792 8.510195 0.032167 0.032257 0.062698 0.053764 0.032257 0.032159 0.032257 62930 63252
29 62.310000 60.320000 1000000 8.479086 8.509658 8.475451 8.505893 0.032166 0.032257 0.062699 0.053764 0.032257 0.032157 0.032257 63250 64079
29 62.310000 60.320000 1000000 8.477758 8.508583 8.474121 8.504818 0.032165 0.032257 0.062698 0.053764 0.032257 0.032157 0.032257 64070 68312
29 62.310000 60.320000 1000000 8.474551 8.505357 8.470909 8.501592 0.032165 0.032257 0.062699 0.053764 0.032257 0.032157 0.032257 68310 69459
29 62.310000 60.320000 1000000 8.472492 8.502131 8.468848 8.498367 0.032166 0.032257 0.062699 0.053764 0.032257 0.032158 0.032257 69450 80626
29 62.310000 60.320000 1000000 8.451464 8.488153 8.447793 8.484388 0.032173 0.032257 0.062699 0.053764 0.032257 0.032165 0.032257 80620 81997
29 62.310000 60.320000 1000000 8.450999 8.487077 8.447327 8.483313 0.032173 0.032257 0.062698 0.053764 0.032257 0.032165 0.032257 81990 85183
29 62.310000 60.320000 1000000 8.450513 8.486002 8.446840 8.482237 0.032174 0.032257 0.061779 0.052689 0.032257 0.032166 0.032257 85180 97871
29 62.310000 60.320000 1000000 8.444830 8.478475 8.442284 8.479729 0.032177 0.032257 0.061778 0.052688 0.032257 0.032168 0.032257 97870 100654
29 62.310000 60.320000 1000000 8.444083 8.474174 8.441347 8.473725 0.032177 0.032257 0.059956 0.050539 0.032257 0.032168 0.032257 100650 101663
29 62.310000 60.320000 1000000 8.443730 8.473099 8.440863 8.472246 0.032178 0.032257 0.059956 0.050539 0.032257 0.032169 0.032257 101660 106191
29 62.310000 60.320000 1000000 8.443077 8.472024 8.440209 8.471171 0.032178 0.032257 0.059956 0.050539 0.032257 0.032169 0.032257 106190 112858
29 62.310000 60.320000 1000000 8.441697 8.470948 8.438827 8.470096 0.032178 0.032257 0.059956 0.050539 0.032257 0.032169 0.032257 112850 113843
29 62.310000 60.320000 1000000 8.440273 8.469873 8.437401 8.469021 0.032178 0.032257 0.059956 0.050539 0.032257 0.032169 0.032257 113840 121356
29 62.310000 60.320000 1000000 8.434354 8.461271 8.430973 8.458806 0.032178 0.032257 0.064554 0.055916 0.032257 0.032170 0.032257 121350 130156
29 62.310000 60.320000 1000000 8.417893 8.447292 8.414492 8.444827 0.032181 0.032257 0.066426 0.058068 0.032257 0.032172 0.032257 130150 135734
29 62.310000 60.320000 1000000 8.416502 8.446217 8.413099 8.443752 0.032180 0.032257 0.065489 0.056993 0.032257 0.032172 0.032257 135730 137007
29 62.310000 60.320000 1000000 8.416263 8.445142 8.412771 8.442273 0.032180 0.032257 0.065489 0.056994 0.032257 0.032172 0.032257 137000 138433
29 62.310000 60.320000 1000000 8.415803 8.444066 8.412310 8.441198 0.032180 0.032257 0.065489 0.056993 0.032257 0.032171 0.032257 138430 147865
29 62.310000 60.320000 1000000 8.413822 8.441916 8.410327 8.439047 0.032181 0.032257 0.067369 0.059144 0.032257 0.032173 0.032257 138940 154336
29 62.310000 60.320000 1000000 8.397866 8.419335 8.393635 8.411852 0.032185 0.032257 0.072136 0.064521 0.032257 0.032177 0.032257 154330 158516
29 62.310000 60.320000 1000000 8.397298 8.418260 8.393066 8.410777 0.032186 0.032257 0.072135 0.064521 0.032257 0.032178 0.032257 158510 162450
29 62.310000 60.320000 1000000 8.396277 8.414497 8.391981 8.406162 0.032187 0.032257 0.071655 0.063984 0.032257 0.032179 0.032257 162450 168298
29 62.310000 60.320000 1000000 8.386281 8.408045 8.381970 8.399711 0.032190 0.032257 0.071656 0.063984 0.032257 0.032182 0.032257 168290 179535
29 62.310000 60.320000 1000000 8.379157 8.396217 8.375904 8.392901 0.032193 0.032257 0.067843 0.059683 0.032257 0.032184 0.032257 174740 183036
29 62.310000 60.320000 1000000 8.372089 8.389766 8.368827 8.386449 0.032195 0.032257 0.065023 0.056457 0.032257 0.032186 0.032257 183030 185106
29 62.310000 60.320000 1000000 8.368662 8.386540 8.365396 8.383223 0.032194 0.032257 0.065958 0.057532 0.032257 0.032185 0.032257 185100 187586
29 62.310000 60.320000 1000000 8.363504 8.380088 8.360232 8.376772 0.032197 0.032257 0.064092 0.055382 0.032257 0.032188 0.032257 187580 188843
29 62.310000 60.320000 1000000 8.362658 8.379013 8.359385 8.375696 0.032196 0.032257 0.063165 0.054307 0.032257 0.032187 0.032257 188840 193913
29 62.310000 60.320000 1000000 8.361618 8.377938 8.358344 8.374621 0.032196 0.032257 0.062243 0.053232 0.032257 0.032187 0.032257 193910 195119
29 62.310000 60.320000 1000000 8.360269 8.376862 8.356993 8.373546 0.032196 0.032257 0.062242 0.053231 0.032257 0.032187 0.032257 195110 209161
29 62.310000 60.320000 1000000 8.346098 8.362884 8.342806 8.359567 0.032197 0.032257 0.062242 0.053231 0.032257 0.032188 0.032257 209160 217307
29 62.310000 60.320000 1000000 8.344793 8.361809 8.341499 8.358492 0.032197 0.032257 0.061325 0.052156 0.032257 0.032188 0.032257 217300 219846
29 62.310000 60.320000 1000000 8.343402 8.360733 8.340106 8.357417 0.032197 0.032257 0.062242 0.053231 0.032257 0.032188 0.032257 219840 222735
29 62.310000 60.320000 1000000 8.341764 8.359658 8.338466 8.356342 0.032196 0.032257 0.061325 0.052156 0.032257 0.032187 0.032257 222730 225049
29 62.310000 60.320000 1000000 8.337152 8.355357 8.333849 8.352040 0.032198 0.032257 0.059506 0.050004 0.032257 0.032189 0.032257 225040 230775
29 62.310000 60.320000 1000000 8.336912 8.354282 8.333519 8.350562 0.032198 0.032257 0.059506 0.050004 0.032257 0.032189 0.032257 230770 235210
29 62.310000 60.320000 1000000 8.335751 8.353206 8.332356 8.349487 0.032197 0.032257 0.058605 0.048929 0.032257 0.032188 0.032257 235210 240882
29 62.310000 60.320000 1000000 8.331011 8.349981 8.327610 8.346261 0.032199 0.032257 0.059506 0.050005 0.032257 0.032191 0.032257 240880 256778
29 62.310000 60.320000 1000000 8.318329 8.339228 8.314913 8.335508 0.032196 0.032257 0.062242 0.053230 0.032257 0.032187 0.032257 256770 262362
29 62.310000 60.320000 1000000 8.316529 8.336002 8.313111 8.332282 0.032196 0.032257 0.063164 0.054306 0.032257 0.032187 0.032257 262360 265133
29 62.310000 60.320000 1000000 8.311933 8.332776 8.308509 8.329057 0.032196 0.032257 0.064090 0.055381 0.032257 0.032187 0.032257 265130 279920
29 62.310000 60.320000 1000000 8.307428 8.328475 8.303998 8.324756 0.032194 0.032257 0.065022 0.056456 0.032257 0.032185 0.032257 279920 286402
29 62.310000 60.320000 1000000 8.306390 8.327400 8.302959 8.323680 0.032194 0.032257 0.065958 0.057531 0.032257 0.032185 0.032257 286400 290154
29 62.310000 60.320000 1000000 8.305045 8.326325 8.301612 8.322605 0.032194 0.032257 0.065958 0.057531 0.032257 0.032185 0.032257 290150 291038
29 62.310000 60.320000 1000000 8.303284 8.325249 8.299850 8.321530 0.032194 0.032257 0.066898 0.058607 0.032257 0.032186 0.032257 291030 297536
29 62.310000 60.320000 1000000 8.301545 8.324174 8.298108 8.320455 0.032195 0.032257 0.065958 0.057531 0.032257 0.032186 0.032257 297530 303253
29 62.310000 60.320000 1000000 8.295240 8.318798 8.291795 8.315078 0.032198 0.032257 0.064090 0.055380 0.032257 0.032189 0.032257 303250 317500
29 62.310000 60.320000 1000000 8.283465 8.305895 8.280006 8.302175 0.032198 0.032257 0.062242 0.053231 0.032257 0.032189 0.032257 317500 321303
29 62.310000 60.320000 1000000 8.282858 8.304819 8.279397 8.301100 0.032198 0.032257 0.063164 0.054306 0.032257 0.032189 0.032257 321300 335092
29 62.310000 60.320000 1000000 8.277984 8.300518 8.274518 8.296799 0.032198 0.032257 0.061325 0.052156 0.032257 0.032189 0.032257 335090 361808
29 62.310000 60.320000 1000000 8.264298 8.283314 8.261336 8.282103 0.032201 0.032257 0.064092 0.055382 0.032257 0.032192 0.032257 342440 363736
29 62.310000 60.320000 1000000 8.259541 8.274712 8.256224 8.272292 0.032203 0.032257 0.065959 0.057533 0.032257 0.032194 0.032257 363730 364672
29 62.310000 60.320000 1000000 8.259324 8.273637 8.256260 8.272471 0.032204 0.032257 0.065959 0.057533 0.032257 0.032194 0.032257 364670 367785
29 62.310000 60.320000 1000000 8.258849 8.272561 8.255785 8.271395 0.032203 0.032257 0.066898 0.058607 0.032257 0.032194 0.032257 367780 368046
29 62.310000 60.320000 1000000 8.258250 8.271486 8.255185 8.270320 0.032204 0.032257 0.067842 0.059682 0.032257 0.032194 0.032257 368040 372088
29 62.310000 60.320000 1000000 8.256500 8.270411 8.253433 8.269245 0.032204 0.032257 0.068790 0.060757 0.032257 0.032195 0.032257 372080 373475
29 62.310000 60.320000 1000000 8.254849 8.269336 8.251780 8.268170 0.032204 0.032257 0.067842 0.059683 0.032257 0.032195 0.032257 373470 378079
29 62.310000 60.320000 1000000 8.253705 8.268260 8.250635 8.267094 0.032203 0.032257 0.068790 0.060758 0.032257 0.032194 0.032257 378070 402525
29 62.310000 60.320000 1000000 8.240656 8.256432 8.237392 8.253564 0.032202 0.032257 0.069741 0.061832 0.032257 0.032193 0.032257 402520 448134
29 62.310000 60.320000 1000000 8.231629 8.244604 8.228355 8.241736 0.032204 0.032257 0.069740 0.061831 0.032257 0.032195 0.032257 448130 470653
29 62.310000 60.320000 1000000 8.229593 8.243529 8.226317 8.240661 0.032206 0.032257 0.068789 0.060756 0.032257 0.032197 0.032257 470650 498377
29 62.310000 60.320000 1000000 8.224003 8.237077 8.220919 8.235464 0.032204 0.032257 0.067841 0.059681 0.032257 0.032195 0.032257 498370 529204
29 62.310000 60.320000 1000000 8.210000 8.212346 8.208551 8.219514 0.032207 0.032257 0.070696 0.062907 0.032257 0.032198 0.032257 529200 549286
29 62.310000 60.320000 1000000 8.208640 8.211271 8.207190 8.218438 0.032207 0.032257 0.070695 0.062907 0.032257 0.032198 0.032257 549280 550304
29 62.310000 60.320000 1000000 8.206028 8.205895 8.204576 8.213062 0.032208 0.032257 0.075519 0.068283 0.032257 0.032198 0.032257 550300 553699
29 62.310000 60.320000 1000000 8.202833 8.201594 8.201380 8.208761 0.032207 0.032257 0.076492 0.069358 0.032257 0.032197 0.032257 553690 554210
29 62.310000 60.320000 1000000 8.201389 8.200518 8.199935 8.207686 0.032206 0.032257 0.076492 0.069358 0.032257 0.032196 0.032257 554210 590342
29 62.310000 60.320000 1000000 8.195048 8.192991 8.193590 8.200159 0.032207 0.032257 0.077469 0.070433 0.032257 0.032198 0.032257 560880 599694
29 62.310000 60.320000 1000000 8.182980 8.180088 8.181869 8.190213 0.032208 0.032257 0.079429 0.072584 0.032257 0.032199 0.032257 599690 642991
29 62.310000 60.320000 1000000 8.179910 8.174712 8.178797 8.184836 0.032207 0.032257 0.081400 0.074735 0.032257 0.032197 0.032257 642990 659904
29 62.310000 60.320000 1000000 8.179581 8.173637 8.178468 8.183761 0.032207 0.032257 0.082387 0.075810 0.032257 0.032197 0.032257 659900 699620
29 62.310000 60.320000 1000000 8.174487 8.167185 8.173372 8.177309 0.032208 0.032257 0.082387 0.075810 0.032257 0.032198 0.032257 699620 703596
29 62.310000 60.320000 1000000 8.173348 8.166110 8.172232 8.176234 0.032208 0.032257 0.082387 0.075810 0.032257 0.032198 0.032257 703590 763486
29 62.310000 60.320000 1000000 8.151892 8.146217 8.150574 8.153788 0.032214 0.032257 0.074064 0.066670 0.032257 0.032205 0.032257 763480 787079
29 62.310000 60.320000 1000000 8.151024 8.141916 8.149528 8.147784 0.032215 0.032257 0.072134 0.064519 0.032257 0.032205 0.032257 787070 787670
29 62.310000 60.320000 1000000 8.149864 8.140841 8.148368 8.146709 0.032215 0.032257 0.073097 0.065595 0.032257 0.032205 0.032257 787670 837224
29 62.310000 60.320000 1000000 8.138640 8.132239 8.137138 8.138107 0.032217 0.032257 0.070216 0.062368 0.032257 0.032207 0.032257 814470 833269
29 62.310000 60.320000 1000000 8.138138 8.131164 8.136636 8.137032 0.032217 0.032257 0.069263 0.061293 0.032257 0.032207 0.032257 833260 837224
29 62.310000 60.320000 1000000 8.137976 8.129551 8.136387 8.134568 0.032217 0.032257 0.068787 0.060755 0.032257 0.032208 0.032257 837220 908366
29 62.310000 60.320000 1000000 8.133271 8.123099 8.131680 8.128116 0.032216 0.032257 0.068787 0.060755 0.032257 0.032206 0.032257 908360 957867
29 62.310000 60.320000 1000000 8.129182 8.116648 8.127588 8.121664 0.032214 0.032257 0.069739 0.061831 0.032257 0.032205 0.032257 957860 1000000
