45 62.310000 60.320000 1000000 14.530679 14.185986 14.530747 14.203188 0.031946 0.032259 0.253671 0.251612 0.032259 0.031938 0.032259 0 50
45 62.310000 60.320000 1000000 13.388851 13.176311 13.383319 13.164168 0.031856 0.032259 0.368084 0.366668 0.032259 0.031847 0.032259 50 60
45 62.310000 60.320000 1000000 12.776370 12.744052 12.773108 12.746963 0.031948 0.032259 0.270746 0.268818 0.032259 0.031938 0.032259 60 72
45 62.310000 60.320000 1000000 12.583738 12.579000 12.580009 12.580253 0.031947 0.032259 0.239282 0.237097 0.032259 0.031938 0.032259 70 80
45 62.310000 60.320000 1000000 12.373194 12.398892 12.369003 12.397591 0.031979 0.032259 0.206837 0.204306 0.032259 0.031970 0.032259 80 90
45 62.310000 60.320000 1000000 12.310072 12.358032 12.305816 12.356731 0.031994 0.032259 0.205773 0.203229 0.032259 0.031985 0.032259 90 101
45 62.310000 60.320000 1000000 12.245081 12.296742 12.240238 12.293828 0.032003 0.032259 0.208960 0.206455 0.032259 0.031994 0.032259 100 110
45 62.310000 60.320000 1000000 12.164530 12.227925 12.160428 12.230030 0.032035 0.032259 0.193040 0.190325 0.032259 0.032026 0.032259 110 121
45 62.310000 60.320000 1000000 12.136442 12.195130 12.132750 12.198937 0.032045 0.032259 0.198873 0.196239 0.032259 0.032035 0.032259 120 139
45 62.310000 60.320000 1000000 12.085237 12.155345 12.081313 12.157449 0.032054 0.032259 0.193571 0.190865 0.032259 0.032045 0.032259 130 145
45 62.310000 60.320000 1000000 12.040952 12.114485 12.036984 12.116589 0.032065 0.032259 0.196752 0.194090 0.032259 0.032056 0.032259 140 150
45 62.310000 60.320000 1000000 11.959499 12.052120 11.955315 12.053821 0.032075 0.032259 0.181917 0.179034 0.032259 0.032066 0.032259 150 160
45 62.310000 60.320000 1000000 11.883594 11.994056 11.879330 11.995757 0.032079 0.032259 0.176629 0.173658 0.032259 0.032070 0.032259 160 175
45 62.310000 60.320000 1000000 11.858147 11.971475 11.853855 11.973176 0.032087 0.032259 0.184034 0.181185 0.032259 0.032078 0.032259 170 182
45 62.310000 60.320000 1000000 11.841148 11.953196 11.837121 11.956151 0.032089 0.032259 0.186151 0.183334 0.032259 0.032079 0.032259 180 190
45 62.310000 60.320000 1000000 11.804445 11.922013 11.800380 11.924969 0.032086 0.032259 0.182974 0.180108 0.032259 0.032077 0.032259 190 202
45 62.310000 60.320000 1000000 11.778472 11.894057 11.775219 11.900776 0.032075 0.032259 0.187209 0.184409 0.032259 0.032065 0.032259 200 211
45 62.310000 60.320000 1000000 11.726093 11.845132 11.722717 11.851000 0.032069 0.032259 0.190919 0.188174 0.032259 0.032059 0.032259 210 221
45 62.310000 60.320000 1000000 11.704410 11.824702 11.701015 11.830570 0.032077 0.032259 0.187740 0.184947 0.032259 0.032067 0.032259 220 233
45 62.310000 60.320000 1000000 11.683709 11.807498 11.680296 11.813366 0.032077 0.032259 0.190918 0.188173 0.032259 0.032067 0.032259 230 241
45 62.310000 60.320000 1000000 11.649064 11.780617 11.645621 11.786484 0.032078 0.032259 0.185622 0.182798 0.032259 0.032068 0.032259 240 256
45 62.310000 60.320000 1000000 11.638834 11.766638 11.635382 11.772506 0.032080 0.032259 0.184563 0.181722 0.032259 0.032070 0.032259 250 260
45 62.310000 60.320000 1000000 11.594165 11.727929 11.589570 11.730570 0.032089 0.032259 0.177156 0.174194 0.032259 0.032080 0.032259 260 270
45 62.310000 60.320000 1000000 11.552216 11.697283 11.547466 11.699074 0.032092 0.032259 0.173458 0.170432 0.032259 0.032083 0.032259 270 298
45 62.310000 60.320000 1000000 11.536873 11.676853 11.531901 11.676942 0.032094 0.032259 0.168178 0.165056 0.032259 0.032085 0.032259 290 331
45 62.310000 60.320000 1000000 11.520235 11.658574 11.515241 11.658662 0.032098 0.032259 0.168178 0.165056 0.032259 0.032089 0.032259 330 341
45 62.310000 60.320000 1000000 11.513181 11.649972 11.508178 11.650060 0.032103 0.032259 0.163960 0.160755 0.032259 0.032095 0.032259 340 361
45 62.310000 60.320000 1000000 11.505920 11.643520 11.500908 11.643609 0.032104 0.032259 0.162905 0.159680 0.032259 0.032096 0.032259 360 385
45 62.310000 60.320000 1000000 11.489590 11.619865 11.483585 11.616324 0.032105 0.032259 0.161852 0.158605 0.032259 0.032097 0.032259 380 404
45 62.310000 60.320000 1000000 11.457518 11.596209 11.451463 11.592668 0.032102 0.032259 0.152381 0.148928 0.032259 0.032093 0.032259 400 436
45 62.310000 60.320000 1000000 11.427644 11.573628 11.421541 11.570087 0.032110 0.032259 0.143985 0.140325 0.032259 0.032102 0.032259 430 460
45 62.310000 60.320000 1000000 11.403568 11.545671 11.397426 11.542130 0.032116 0.032259 0.138751 0.134949 0.032259 0.032108 0.032259 460 475
45 62.310000 60.320000 1000000 11.375658 11.524166 11.369471 11.520625 0.032116 0.032259 0.135615 0.131722 0.032259 0.032108 0.032259 470 493
45 62.310000 60.320000 1000000 11.359747 11.500510 11.353534 11.496969 0.032115 0.032259 0.135615 0.131723 0.032259 0.032107 0.032259 490 508
45 62.310000 60.320000 1000000 11.344255 11.488682 11.338016 11.485141 0.032111 0.032259 0.125197 0.120970 0.032259 0.032104 0.032259 500 518
45 62.310000 60.320000 1000000 11.302763 11.457499 11.296456 11.453959 0.032117 0.032259 0.128318 0.124197 0.032259 0.032109 0.032259 510 521
45 62.310000 60.320000 1000000 11.288939 11.433843 11.284953 11.442848 0.032115 0.032259 0.131442 0.127422 0.032259 0.032106 0.032259 520 565
45 62.310000 60.320000 1000000 11.191443 11.357500 11.187134 11.364801 0.032120 0.032259 0.150280 0.146777 0.032259 0.032112 0.032259 560 589
45 62.310000 60.320000 1000000 11.176613 11.345672 11.172287 11.352974 0.032116 0.032259 0.145034 0.141401 0.032259 0.032108 0.032259 580 593
45 62.310000 60.320000 1000000 11.173823 11.342446 11.169494 11.349748 0.032115 0.032259 0.143985 0.140325 0.032259 0.032106 0.032259 590 602
45 62.310000 60.320000 1000000 11.165137 11.332769 11.161739 11.343834 0.032114 0.032259 0.141888 0.138173 0.032259 0.032105 0.032259 600 628
45 62.310000 60.320000 1000000 11.157824 11.324167 11.154420 11.335232 0.032120 0.032259 0.142936 0.139248 0.032259 0.032111 0.032259 620 647
45 62.310000 60.320000 1000000 11.148201 11.313414 11.144788 11.324479 0.032120 0.032259 0.137703 0.133871 0.032259 0.032111 0.032259 640 658
45 62.310000 60.320000 1000000 11.132591 11.295134 11.129163 11.306199 0.032114 0.032259 0.138749 0.134947 0.032259 0.032104 0.032259 650 667
45 62.310000 60.320000 1000000 11.115602 11.277930 11.112159 11.288995 0.032120 0.032259 0.132483 0.128495 0.032259 0.032111 0.032259 660 686
45 62.310000 60.320000 1000000 11.100916 11.253199 11.097459 11.264264 0.032117 0.032259 0.136658 0.132796 0.032259 0.032107 0.032259 680 714
45 62.310000 60.320000 1000000 11.044600 11.199973 11.040980 11.210187 0.032117 0.032259 0.115353 0.110751 0.032259 0.032108 0.032259 710 738
45 62.310000 60.320000 1000000 11.042823 11.198898 11.039200 11.209112 0.032117 0.032259 0.115353 0.110750 0.032259 0.032108 0.032259 730 817
45 62.310000 60.320000 1000000 11.002057 11.161264 10.998177 11.169775 0.032134 0.032259 0.104051 0.098924 0.032259 0.032125 0.032259 810 860
45 62.310000 60.320000 1000000 10.993122 11.144060 10.992749 11.167625 0.032136 0.032259 0.117420 0.112902 0.032259 0.032124 0.032259 860 982
45 62.310000 60.320000 1000000 10.975204 11.121479 10.974528 11.144238 0.032135 0.032259 0.122599 0.118279 0.032259 0.032123 0.032259 980 993
45 62.310000 60.320000 1000000 10.967779 11.116103 10.967102 11.138862 0.032136 0.032259 0.119491 0.115054 0.032259 0.032124 0.032259 990 1040
45 62.310000 60.320000 1000000 10.924214 11.067716 10.923313 11.088772 0.032127 0.032259 0.135090 0.131182 0.032259 0.032115 0.032259 1040 1051
45 62.310000 60.320000 1000000 10.921912 11.064490 10.921010 11.085546 0.032126 0.032259 0.137180 0.133333 0.032259 0.032114 0.032259 1050 1067
45 62.310000 60.320000 1000000 10.921216 11.063415 10.920314 11.084471 0.032126 0.032259 0.137180 0.133333 0.032259 0.032114 0.032259 1060 1089
45 62.310000 60.320000 1000000 10.915670 11.056963 10.914766 11.078019 0.032126 0.032259 0.140317 0.136559 0.032259 0.032114 0.032259 1080 1093
45 62.310000 60.320000 1000000 10.903866 11.048361 10.902960 11.069417 0.032127 0.032259 0.141364 0.137634 0.032259 0.032115 0.032259 1090 1127
45 62.310000 60.320000 1000000 10.886842 11.026856 10.885700 11.047105 0.032125 0.032259 0.135091 0.131183 0.032259 0.032114 0.032259 1120 1134
45 62.310000 60.320000 1000000 10.870078 10.990834 10.867669 10.999615 0.032128 0.032259 0.129357 0.125270 0.032259 0.032117 0.032259 1130 1147
45 62.310000 60.320000 1000000 10.863605 10.985458 10.861191 10.994238 0.032128 0.032259 0.129357 0.125270 0.032259 0.032117 0.032259 1140 1252
45 62.310000 60.320000 1000000 10.822198 10.937071 10.818870 10.943432 0.032138 0.032259 0.128317 0.124196 0.032259 0.032128 0.032259 1250 1290
45 62.310000 60.320000 1000000 10.820913 10.935996 10.817584 10.942357 0.032138 0.032259 0.127277 0.123121 0.032259 0.032128 0.032259 1290 1333
45 62.310000 60.320000 1000000 10.817341 10.932770 10.814251 10.940386 0.032138 0.032259 0.126237 0.122046 0.032259 0.032128 0.032259 1330 1365
45 62.310000 60.320000 1000000 10.808028 10.924168 10.804791 10.931380 0.032135 0.032259 0.124158 0.119894 0.032259 0.032125 0.032259 1360 1484
45 62.310000 60.320000 1000000 10.779353 10.889760 10.776089 10.896972 0.032136 0.032259 0.101502 0.096239 0.032259 0.032126 0.032259 1480 1506
45 62.310000 60.320000 1000000 10.778296 10.888684 10.775031 10.895896 0.032137 0.032259 0.101502 0.096239 0.032259 0.032127 0.032259 1500 1547
45 62.310000 60.320000 1000000 10.773356 10.869867 10.769157 10.869418 0.032135 0.032259 0.099974 0.094627 0.032259 0.032126 0.032259 1510 1558
45 62.310000 60.320000 1000000 10.768208 10.854814 10.762661 10.849123 0.032135 0.032259 0.112265 0.107531 0.032259 0.032126 0.032259 1550 1561
45 62.310000 60.320000 1000000 10.766862 10.853739 10.761313 10.848048 0.032135 0.032259 0.112264 0.107529 0.032259 0.032126 0.032259 1560 1613
45 62.310000 60.320000 1000000 10.762769 10.850513 10.757214 10.844822 0.032135 0.032259 0.111234 0.106454 0.032259 0.032126 0.032259 1610 1687
45 62.310000 60.320000 1000000 10.750411 10.838685 10.744837 10.832994 0.032134 0.032259 0.107126 0.102154 0.032259 0.032125 0.032259 1680 1783
45 62.310000 60.320000 1000000 10.743369 10.832233 10.737504 10.825736 0.032134 0.032259 0.107126 0.102154 0.032259 0.032125 0.032259 1780 1795
45 62.310000 60.320000 1000000 10.743187 10.830620 10.737225 10.823272 0.032134 0.032259 0.107639 0.102691 0.032259 0.032125 0.032259 1790 1863
45 62.310000 60.320000 1000000 10.731243 10.808040 10.725262 10.800691 0.032132 0.032259 0.095406 0.089787 0.032259 0.032124 0.032259 1860 1894
45 62.310000 60.320000 1000000 10.723931 10.798362 10.717937 10.791014 0.032123 0.032259 0.097434 0.091939 0.032259 0.032115 0.032259 1890 2119
45 62.310000 60.320000 1000000 10.677322 10.759115 10.671153 10.750916 0.032131 0.032259 0.102011 0.096776 0.032259 0.032123 0.032259 2110 2163
45 62.310000 60.320000 1000000 10.661020 10.740836 10.654823 10.732636 0.032134 0.032259 0.100992 0.095701 0.032259 0.032126 0.032259 2160 2228
45 62.310000 60.320000 1000000 10.644714 10.727933 10.638489 10.719733 0.032133 0.032259 0.109176 0.104302 0.032259 0.032124 0.032259 2220 2233
45 62.310000 60.320000 1000000 10.638434 10.723632 10.632197 10.715432 0.032132 0.032259 0.108149 0.103226 0.032259 0.032124 0.032259 2230 2244
45 62.310000 60.320000 1000000 10.635540 10.721481 10.629298 10.713281 0.032132 0.032259 0.110203 0.105376 0.032259 0.032124 0.032259 2240 2260
45 62.310000 60.320000 1000000 10.628477 10.716105 10.622222 10.707905 0.032132 0.032259 0.110204 0.105377 0.032259 0.032123 0.032259 2260 2350
45 62.310000 60.320000 1000000 10.620272 10.709653 10.614003 10.701453 0.032130 0.032259 0.107124 0.102152 0.032259 0.032122 0.032259 2310 2428
45 62.310000 60.320000 1000000 10.614874 10.700514 10.608511 10.691462 0.032128 0.032259 0.107637 0.102689 0.032259 0.032120 0.032259 2420 2664
45 62.310000 60.320000 1000000 10.593323 10.651589 10.585404 10.626857 0.032123 0.032259 0.118455 0.113978 0.032259 0.032115 0.032259 2660 2683
45 62.310000 60.320000 1000000 10.593207 10.649976 10.585227 10.624393 0.032123 0.032259 0.118973 0.114516 0.032259 0.032115 0.032259 2680 2729
45 62.310000 60.320000 1000000 10.590354 10.647825 10.582366 10.622242 0.032125 0.032259 0.117938 0.113440 0.032259 0.032117 0.032259 2720 2741
45 62.310000 60.320000 1000000 10.586190 10.644600 10.578193 10.619016 0.032125 0.032259 0.120007 0.115590 0.032259 0.032117 0.032259 2740 2871
45 62.310000 60.320000 1000000 10.561542 10.628471 10.553489 10.602887 0.032131 0.032259 0.127274 0.123118 0.032259 0.032123 0.032259 2870 2888
45 62.310000 60.320000 1000000 10.559820 10.627396 10.551763 10.601812 0.032131 0.032259 0.127274 0.123118 0.032259 0.032123 0.032259 2880 2943
45 62.310000 60.320000 1000000 10.541428 10.615568 10.533329 10.589984 0.032134 0.032259 0.126234 0.122043 0.032259 0.032127 0.032259 2940 3044
45 62.310000 60.320000 1000000 10.524298 10.594062 10.516160 10.568479 0.032128 0.032259 0.122081 0.117742 0.032259 0.032120 0.032259 3040 3058
45 62.310000 60.320000 1000000 10.524076 10.592987 10.516197 10.568658 0.032128 0.032259 0.121044 0.116667 0.032259 0.032120 0.032259 3050 3077
45 62.310000 60.320000 1000000 10.522975 10.591912 10.515093 10.567583 0.032128 0.032259 0.120009 0.115592 0.032259 0.032121 0.032259 3070 3094
45 62.310000 60.320000 1000000 10.522403 10.590837 10.514520 10.566508 0.032128 0.032259 0.120009 0.115592 0.032259 0.032120 0.032259 3090 3162
45 62.310000 60.320000 1000000 10.521990 10.589761 10.514106 10.565432 0.032128 0.032259 0.120009 0.115592 0.032259 0.032120 0.032259 3160 3197
45 62.310000 60.320000 1000000 10.520476 10.588686 10.512588 10.564357 0.032128 0.032259 0.120009 0.115592 0.032259 0.032120 0.032259 3190 3229
45 62.310000 60.320000 1000000 10.520218 10.587611 10.512631 10.564536 0.032128 0.032259 0.120009 0.115592 0.032259 0.032120 0.032259 3220 3347
45 62.310000 60.320000 1000000 10.504196 10.577933 10.496574 10.554859 0.032132 0.032259 0.110718 0.105915 0.032259 0.032124 0.032259 3340 3363
45 62.310000 60.320000 1000000 10.500267 10.572557 10.492637 10.549482 0.032129 0.032259 0.112777 0.108065 0.032259 0.032121 0.032259 3360 3805
45 62.310000 60.320000 1000000 10.489942 10.544062 10.485810 10.540208 0.032129 0.032259 0.096925 0.091399 0.032259 0.032120 0.032259 3800 3811
45 62.310000 60.320000 1000000 10.488487 10.542987 10.484353 10.539133 0.032129 0.032259 0.095912 0.090324 0.032259 0.032120 0.032259 3810 3889
45 62.310000 60.320000 1000000 10.469626 10.530084 10.465469 10.526230 0.032127 0.032259 0.094901 0.089250 0.032259 0.032118 0.032259 3880 4285
45 62.310000 60.320000 1000000 10.447402 10.508578 10.443219 10.504725 0.032132 0.032259 0.094900 0.089249 0.032259 0.032124 0.032259 4280 4672
45 62.310000 60.320000 1000000 10.433135 10.495675 10.428935 10.491821 0.032131 0.032259 0.102012 0.096777 0.032259 0.032122 0.032259 4670 4812
45 62.310000 60.320000 1000000 10.416921 10.481697 10.412701 10.477843 0.032127 0.032259 0.105077 0.100003 0.032259 0.032119 0.032259 4810 4995
45 62.310000 60.320000 1000000 10.416342 10.480621 10.412122 10.476768 0.032127 0.032259 0.105077 0.100003 0.032259 0.032119 0.032259 4990 5435
45 62.310000 60.320000 1000000 10.347282 10.389224 10.343289 10.386624 0.032123 0.032259 0.142413 0.138711 0.032259 0.032114 0.032259 5430 5576
45 62.310000 60.320000 1000000 10.346395 10.388148 10.342400 10.385549 0.032123 0.032259 0.141366 0.137636 0.032259 0.032114 0.032259 5570 5626
45 62.310000 60.320000 1000000 10.337263 10.381697 10.333257 10.379098 0.032123 0.032259 0.141366 0.137636 0.032259 0.032114 0.032259 5620 5645
45 62.310000 60.320000 1000000 10.335485 10.380622 10.331477 10.378022 0.032123 0.032259 0.141366 0.137636 0.032259 0.032114 0.032259 5640 5655
45 62.310000 60.320000 1000000 10.333984 10.379546 10.329974 10.376947 0.032123 0.032259 0.141365 0.137635 0.032259 0.032114 0.032259 5650 5668
45 62.310000 60.320000 1000000 10.333811 10.378471 10.330003 10.377126 0.032123 0.032259 0.141365 0.137635 0.032259 0.032114 0.032259 5660 6064
45 62.310000 60.320000 1000000 10.294625 10.340837 10.290774 10.339492 0.032130 0.032259 0.107124 0.102151 0.032259 0.032121 0.032259 6060 6241
45 62.310000 60.320000 1000000 10.286545 10.334385 10.282685 10.333040 0.032129 0.032259 0.108150 0.103227 0.032259 0.032121 0.032259 6240 6981
45 62.310000 60.320000 1000000 10.265586 10.316106 10.261702 10.314761 0.032124 0.032259 0.107126 0.102153 0.032259 0.032115 0.032259 6980 7075
45 62.310000 60.320000 1000000 10.258124 10.310729 10.254231 10.309385 0.032125 0.032259 0.107125 0.102153 0.032259 0.032116 0.032259 7070 7753
45 62.310000 60.320000 1000000 10.234474 10.289224 10.230554 10.287879 0.032128 0.032259 0.109178 0.104303 0.032259 0.032120 0.032259 7750 8389
45 62.310000 60.320000 1000000 10.223967 10.280622 10.220035 10.279277 0.032128 0.032259 0.116389 0.111830 0.032259 0.032119 0.032259 7900 8789
45 62.310000 60.320000 1000000 10.205125 10.255891 10.201172 10.254546 0.032118 0.032259 0.118456 0.113979 0.032259 0.032110 0.032259 8420 9081
45 62.310000 60.320000 1000000 10.193386 10.242988 10.189419 10.241643 0.032115 0.032259 0.126755 0.122582 0.032259 0.032106 0.032259 9080 9443
45 62.310000 60.320000 1000000 10.186691 10.237611 10.182716 10.236267 0.032115 0.032259 0.121564 0.117206 0.032259 0.032107 0.032259 9440 9948
45 62.310000 60.320000 1000000 10.155034 10.192450 10.151022 10.191105 0.032117 0.032259 0.118457 0.113980 0.032259 0.032109 0.032259 9940 10586
45 62.310000 60.320000 1000000 10.139426 10.173095 10.135395 10.171751 0.032119 0.032259 0.106099 0.101076 0.032259 0.032111 0.032259 10580 10598
45 62.310000 60.320000 1000000 10.137547 10.172020 10.133514 10.170675 0.032120 0.032259 0.106100 0.101077 0.032259 0.032111 0.032259 10590 11280
45 62.310000 60.320000 1000000 10.112337 10.149440 10.108274 10.148095 0.032114 0.032259 0.108152 0.103229 0.032259 0.032105 0.032259 10910 11395
45 62.310000 60.320000 1000000 10.111646 10.148364 10.107582 10.147020 0.032114 0.032259 0.108152 0.103229 0.032259 0.032105 0.032259 11390 11790
45 62.310000 60.320000 1000000 10.106979 10.142988 10.102909 10.141643 0.032112 0.032259 0.105077 0.100003 0.032259 0.032103 0.032259 11790 12308
45 62.310000 60.320000 1000000 10.082789 10.121483 10.078689 10.120138 0.032107 0.032259 0.103033 0.097853 0.032259 0.032098 0.032259 12300 12797
45 62.310000 60.320000 1000000 10.078214 10.117182 10.074109 10.115837 0.032104 0.032259 0.103033 0.097853 0.032259 0.032095 0.032259 12790 13479
45 62.310000 60.320000 1000000 10.071216 10.110730 10.067435 10.110640 0.032104 0.032259 0.103033 0.097853 0.032259 0.032095 0.032259 13470 13671
45 62.310000 60.320000 1000000 10.064442 10.096752 10.060653 10.096661 0.032111 0.032259 0.113296 0.108606 0.032259 0.032102 0.032259 13670 14486
45 62.310000 60.320000 1000000 10.054296 10.079547 10.050496 10.079457 0.032117 0.032259 0.110207 0.105380 0.032259 0.032108 0.032259 14480 14497
45 62.310000 60.320000 1000000 10.049756 10.076322 10.045950 10.076231 0.032117 0.032259 0.112265 0.107530 0.032259 0.032108 0.032259 14490 15000
45 62.310000 60.320000 1000000 10.042299 10.066644 10.038485 10.066554 0.032117 0.032259 0.111234 0.106454 0.032259 0.032108 0.032259 15000 15568
45 62.310000 60.320000 1000000 10.033282 10.058042 10.029458 10.057952 0.032118 0.032259 0.108152 0.103229 0.032259 0.032109 0.032259 15560 15663
45 62.310000 60.320000 1000000 10.031114 10.054816 10.027287 10.054726 0.032118 0.032259 0.106101 0.101078 0.032259 0.032109 0.032259 15660 16642
45 62.310000 60.320000 1000000 10.015376 10.040838 10.011532 10.040747 0.032115 0.032259 0.103032 0.097852 0.032259 0.032106 0.032259 16640 17285
45 62.310000 60.320000 1000000 10.005215 10.031160 10.001146 10.030264 0.032116 0.032259 0.100992 0.095702 0.032259 0.032107 0.032259 17280 17337
45 62.310000 60.320000 1000000 10.003936 10.030085 9.999866 10.029188 0.032116 0.032259 0.100992 0.095702 0.032259 0.032107 0.032259 17330 17594
45 62.310000 60.320000 1000000 10.002488 10.029010 9.998416 10.028113 0.032116 0.032259 0.102011 0.096777 0.032259 0.032107 0.032259 17590 17623
45 62.310000 60.320000 1000000 10.001846 10.027935 9.997774 10.027038 0.032115 0.032259 0.103032 0.097852 0.032259 0.032106 0.032259 17620 18334
45 62.310000 60.320000 1000000 10.000314 10.026859 9.996240 10.025963 0.032116 0.032259 0.102011 0.096777 0.032259 0.032106 0.032259 18330 18678
45 62.310000 60.320000 1000000 9.992666 10.018257 9.988582 10.017360 0.032111 0.032259 0.102011 0.096776 0.032259 0.032102 0.032259 18670 19238
45 62.310000 60.320000 1000000 9.975828 9.996752 9.971222 9.994645 0.032100 0.032259 0.102012 0.096777 0.032259 0.032092 0.032259 19230 19404
45 62.310000 60.320000 1000000 9.973914 9.995677 9.969305 9.993570 0.032101 0.032259 0.103033 0.097852 0.032259 0.032093 0.032259 19400 19443
45 62.310000 60.320000 1000000 9.972182 9.994601 9.967570 9.992495 0.032101 0.032259 0.102012 0.096777 0.032259 0.032093 0.032259 19440 20095
45 62.310000 60.320000 1000000 9.970665 9.993526 9.966051 9.991420 0.032102 0.032259 0.100992 0.095702 0.032259 0.032094 0.032259 20090 20872
45 62.310000 60.320000 1000000 9.966044 9.987074 9.961424 9.984968 0.032097 0.032259 0.098957 0.093551 0.032259 0.032089 0.032259 20870 21231
45 62.310000 60.320000 1000000 9.961691 9.977397 9.957286 9.976545 0.032093 0.032259 0.098956 0.093551 0.032259 0.032085 0.032259 21230 21711
45 62.310000 60.320000 1000000 9.926707 9.921483 9.922475 9.921886 0.032094 0.032259 0.106101 0.101079 0.032259 0.032086 0.032259 21710 21954
45 62.310000 60.320000 1000000 9.918900 9.913957 9.914657 9.914359 0.032091 0.032259 0.105078 0.100003 0.032259 0.032083 0.032259 21950 22410
45 62.310000 60.320000 1000000 9.909193 9.907505 9.904938 9.907908 0.032095 0.032259 0.103033 0.097853 0.032259 0.032086 0.032259 22410 23297
45 62.310000 60.320000 1000000 9.898859 9.898903 9.894591 9.899305 0.032092 0.032259 0.099975 0.094627 0.032259 0.032084 0.032259 23290 24457
45 62.310000 60.320000 1000000 9.888198 9.890301 9.883916 9.890703 0.032091 0.032259 0.098958 0.093552 0.032259 0.032083 0.032259 24450 25487
45 62.310000 60.320000 1000000 9.876586 9.875247 9.872289 9.875650 0.032084 0.032259 0.107127 0.102154 0.032259 0.032075 0.032259 25480 27283
45 62.310000 60.320000 1000000 9.860663 9.846215 9.855540 9.843392 0.032072 0.032259 0.112265 0.107530 0.032259 0.032064 0.032259 27280 29244
45 62.310000 60.320000 1000000 9.853141 9.838688 9.848006 9.835865 0.032071 0.032259 0.113295 0.108606 0.032259 0.032063 0.032259 27830 30772
45 62.310000 60.320000 1000000 9.842105 9.829010 9.836952 9.826187 0.032069 0.032259 0.107126 0.102154 0.032259 0.032061 0.032259 28520 31706
45 62.310000 60.320000 1000000 9.831479 9.817182 9.826310 9.814359 0.032068 0.032259 0.103033 0.097853 0.032259 0.032059 0.032259 31310 31715
45 62.310000 60.320000 1000000 9.829435 9.816107 9.824263 9.813284 0.032069 0.032259 0.103033 0.097853 0.032259 0.032061 0.032259 31710 32919
45 62.310000 60.320000 1000000 9.822452 9.811806 9.817269 9.808983 0.032071 0.032259 0.099974 0.094627 0.032259 0.032063 0.032259 31870 33319
45 62.310000 60.320000 1000000 9.811003 9.803204 9.805708 9.799978 0.032071 0.032259 0.104054 0.098927 0.032259 0.032063 0.032259 33310 34561
45 62.310000 60.320000 1000000 9.782568 9.781698 9.777227 9.778472 0.032065 0.032259 0.107126 0.102154 0.032259 0.032057 0.032259 34560 40006
45 62.310000 60.320000 1000000 9.748973 9.734387 9.743576 9.731160 0.032070 0.032259 0.112263 0.107529 0.032259 0.032062 0.032259 40000 41766
45 62.310000 60.320000 1000000 9.742782 9.727935 9.737375 9.724709 0.032070 0.032259 0.114325 0.109679 0.032259 0.032062 0.032259 41760 44494
45 62.310000 60.320000 1000000 9.721651 9.702129 9.716208 9.698903 0.032057 0.032259 0.109177 0.104302 0.032259 0.032049 0.032259 44490 45308
45 62.310000 60.320000 1000000 9.715457 9.697828 9.710003 9.694602 0.032057 0.032259 0.108151 0.103228 0.032259 0.032049 0.032259 45300 47231
45 62.310000 60.320000 1000000 9.715309 9.696215 9.709778 9.692137 0.032057 0.032259 0.108664 0.103765 0.032259 0.032049 0.032259 47230 47254
45 62.310000 60.320000 1000000 9.713493 9.695140 9.707958 9.691062 0.032058 0.032259 0.107637 0.102690 0.032259 0.032050 0.032259 47250 52548
45 62.310000 60.320000 1000000 9.708746 9.691914 9.703204 9.687836 0.032058 0.032259 0.108663 0.103765 0.032259 0.032050 0.032259 48070 52793
45 62.310000 60.320000 1000000 9.636723 9.643527 9.631055 9.639449 0.032069 0.032259 0.116905 0.112366 0.032259 0.032061 0.032259 52790 53364
45 62.310000 60.320000 1000000 9.635713 9.642452 9.630043 9.638374 0.032069 0.032259 0.117939 0.113441 0.032259 0.032061 0.032259 53360 53389
45 62.310000 60.320000 1000000 9.633898 9.641376 9.628225 9.637299 0.032069 0.032259 0.116905 0.112366 0.032259 0.032062 0.032259 53380 53965
45 62.310000 60.320000 1000000 9.632071 9.640301 9.626395 9.636223 0.032070 0.032259 0.115872 0.111292 0.032259 0.032062 0.032259 53960 54549
45 62.310000 60.320000 1000000 9.626568 9.632774 9.620882 9.628697 0.032067 0.032259 0.114840 0.110217 0.032259 0.032060 0.032259 54540 56991
45 62.310000 60.320000 1000000 9.625721 9.631699 9.620034 9.627621 0.032066 0.032259 0.113809 0.109142 0.032259 0.032059 0.032259 56990 57558
45 62.310000 60.320000 1000000 9.624937 9.630624 9.619249 9.626546 0.032065 0.032259 0.113809 0.109141 0.032259 0.032058 0.032259 57550 61158
45 62.310000 60.320000 1000000 9.621509 9.626323 9.615814 9.622245 0.032062 0.032259 0.113809 0.109141 0.032259 0.032055 0.032259 61150 62424
45 62.310000 60.320000 1000000 9.618090 9.623097 9.612389 9.619019 0.032062 0.032259 0.114841 0.110217 0.032259 0.032055 0.032259 62420 63356
45 62.310000 60.320000 1000000 9.614676 9.616645 9.608969 9.612568 0.032058 0.032259 0.114840 0.110216 0.032259 0.032051 0.032259 63350 64503
45 62.310000 60.320000 1000000 9.601333 9.597290 9.598453 9.603249 0.032065 0.032259 0.127273 0.123118 0.032259 0.032053 0.032259 64500 65341
45 62.310000 60.320000 1000000 9.597812 9.594065 9.594929 9.600023 0.032064 0.032259 0.124156 0.119892 0.032259 0.032052 0.032259 65340 65862
45 62.310000 60.320000 1000000 9.597331 9.592989 9.594448 9.598947 0.032064 0.032259 0.123118 0.118817 0.032259 0.032052 0.032259 65860 67019
45 62.310000 60.320000 1000000 9.596042 9.588151 9.593029 9.593258 0.032062 0.032259 0.123637 0.119354 0.032259 0.032051 0.032259 67010 68301
45 62.310000 60.320000 1000000 9.594996 9.587075 9.591982 9.592182 0.032061 0.032259 0.123637 0.119354 0.032259 0.032050 0.032259 68300 74506
45 62.310000 60.320000 1000000 9.571476 9.549441 9.568664 9.557594 0.032063 0.032259 0.124675 0.120430 0.032259 0.032051 0.032259 74500 77007
45 62.310000 60.320000 1000000 9.566229 9.545140 9.563412 9.553293 0.032061 0.032259 0.128835 0.124731 0.032259 0.032050 0.032259 77000 78982
45 62.310000 60.320000 1000000 9.555710 9.538688 9.552884 9.546842 0.032062 0.032259 0.127795 0.123656 0.032259 0.032051 0.032259 78980 79015
45 62.310000 60.320000 1000000 9.555380 9.537613 9.552554 9.545766 0.032062 0.032259 0.128836 0.124732 0.032259 0.032050 0.032259 79010 80044
45 62.310000 60.320000 1000000 9.550098 9.534387 9.547266 9.542541 0.032063 0.032259 0.127795 0.123656 0.032259 0.032052 0.032259 80040 81789
45 62.310000 60.320000 1000000 9.547861 9.526861 9.545028 9.535014 0.032060 0.032259 0.126755 0.122581 0.032259 0.032048 0.032259 81780 82601
45 62.310000 60.320000 1000000 9.545995 9.525785 9.543160 9.533939 0.032060 0.032259 0.125715 0.121506 0.032259 0.032049 0.032259 82600 83437
45 62.310000 60.320000 1000000 9.544164 9.524710 9.541327 9.532863 0.032061 0.032259 0.124676 0.120431 0.032259 0.032049 0.032259 83430 84567
45 62.310000 60.320000 1000000 9.543519 9.523635 9.540682 9.531788 0.032061 0.032259 0.123638 0.119355 0.032259 0.032049 0.032259 84560 85624
45 62.310000 60.320000 1000000 9.542585 9.522559 9.539748 9.530713 0.032060 0.032259 0.123638 0.119355 0.032259 0.032048 0.032259 85620 87376
45 62.310000 60.320000 1000000 9.519249 9.506430 9.516390 9.514583 0.032059 0.032259 0.125715 0.121505 0.032259 0.032047 0.032259 87370 91111
45 62.310000 60.320000 1000000 9.502522 9.493527 9.499649 9.501680 0.032054 0.032259 0.129875 0.125805 0.032259 0.032042 0.032259 91110 91212
45 62.310000 60.320000 1000000 9.502256 9.492452 9.499693 9.501859 0.032054 0.032259 0.130917 0.126880 0.032259 0.032042 0.032259 91210 91873
45 62.310000 60.320000 1000000 9.501223 9.491376 9.498660 9.500784 0.032054 0.032259 0.129875 0.125805 0.032259 0.032042 0.032259 91870 95568
45 62.310000 60.320000 1000000 9.493562 9.484925 9.490993 9.494332 0.032054 0.032259 0.127793 0.123654 0.032259 0.032042 0.032259 95560 95584
45 62.310000 60.320000 1000000 9.491739 9.483849 9.489168 9.493257 0.032055 0.032259 0.126753 0.122579 0.032259 0.032042 0.032259 95580 102621
45 62.310000 60.320000 1000000 9.443993 9.445140 9.441179 9.453741 0.032049 0.032259 0.128833 0.124729 0.032259 0.032037 0.032259 102620 102870
45 62.310000 60.320000 1000000 9.442373 9.444065 9.439558 9.452666 0.032049 0.032259 0.127792 0.123654 0.032259 0.032037 0.032259 102870 107375
45 62.310000 60.320000 1000000 9.394006 9.378474 9.391148 9.387075 0.032068 0.032259 0.124674 0.120428 0.032259 0.032056 0.032259 107370 108657
45 62.310000 60.320000 1000000 9.393155 9.377398 9.390296 9.386000 0.032067 0.032259 0.123636 0.119354 0.032259 0.032055 0.032259 108650 114171
45 62.310000 60.320000 1000000 9.390856 9.374173 9.387994 9.382774 0.032067 0.032259 0.122598 0.118278 0.032259 0.032054 0.032259 114170 114493
45 62.310000 60.320000 1000000 9.389724 9.373097 9.386861 9.381699 0.032067 0.032259 0.122598 0.118278 0.032259 0.032055 0.032259 114490 114616
45 62.310000 60.320000 1000000 9.389506 9.372022 9.386898 9.381878 0.032067 0.032259 0.121562 0.117203 0.032259 0.032055 0.032259 114610 115852
45 62.310000 60.320000 1000000 9.387763 9.370947 9.385154 9.380803 0.032067 0.032259 0.121562 0.117203 0.032259 0.032055 0.032259 115850 123636
45 62.310000 60.320000 1000000 9.375873 9.353742 9.373516 9.366197 0.032074 0.032259 0.120525 0.116128 0.032259 0.032062 0.032259 123630 134649
45 62.310000 60.320000 1000000 9.367093 9.348366 9.364729 9.360820 0.032077 0.032259 0.121560 0.117202 0.032259 0.032064 0.032259 134640 138553
45 62.310000 60.320000 1000000 9.349862 9.336538 9.347484 9.348992 0.032080 0.032259 0.122596 0.118276 0.032259 0.032068 0.032259 138550 145655
45 62.310000 60.320000 1000000 9.294756 9.248366 9.289560 9.253115 0.032087 0.032259 0.124674 0.120428 0.032259 0.032075 0.032259 145650 146248
45 62.310000 60.320000 1000000 9.292977 9.247291 9.287778 9.252039 0.032088 0.032259 0.123635 0.119353 0.032259 0.032076 0.032259 146240 148124
45 62.310000 60.320000 1000000 9.291265 9.246216 9.286063 9.250964 0.032089 0.032259 0.123635 0.119353 0.032259 0.032077 0.032259 148120 156429
45 62.310000 60.320000 1000000 9.263549 9.220410 9.258739 9.227667 0.032089 0.032259 0.121560 0.117202 0.032259 0.032077 0.032259 156420 161007
45 62.310000 60.320000 1000000 9.250143 9.208582 9.245312 9.215839 0.032089 0.032259 0.124673 0.120428 0.032259 0.032077 0.032259 161000 162257
45 62.310000 60.320000 1000000 9.249421 9.207506 9.244589 9.214764 0.032088 0.032259 0.124674 0.120428 0.032259 0.032076 0.032259 162250 174935
45 62.310000 60.320000 1000000 9.241843 9.197829 9.237213 9.206341 0.032088 0.032259 0.124674 0.120428 0.032259 0.032076 0.032259 174930 180747
45 62.310000 60.320000 1000000 9.225571 9.147292 9.229591 9.205982 0.032085 0.032259 0.126753 0.122579 0.032259 0.032071 0.032259 180740 187214
45 62.310000 60.320000 1000000 9.188048 9.123636 9.192117 9.182326 0.032098 0.032259 0.114323 0.109677 0.032259 0.032084 0.032259 187210 197188
45 62.310000 60.320000 1000000 9.168935 9.109657 9.173029 9.168348 0.032095 0.032259 0.119489 0.115052 0.032259 0.032081 0.032259 190100 199508
45 62.310000 60.320000 1000000 9.159242 9.027939 9.158542 9.044067 0.032105 0.032259 0.093887 0.088172 0.032259 0.032096 0.032259 199500 200836
45 62.310000 60.320000 1000000 9.153557 9.024713 9.152854 9.040841 0.032107 0.032259 0.091871 0.086021 0.032259 0.032098 0.032259 200830 212927
45 62.310000 60.320000 1000000 9.134366 9.008584 9.133659 9.024712 0.032113 0.032259 0.090865 0.084946 0.032259 0.032104 0.032259 212920 213184
45 62.310000 60.320000 1000000 9.132943 9.007509 9.132237 9.023637 0.032114 0.032259 0.090865 0.084946 0.032259 0.032105 0.032259 213180 216646
45 62.310000 60.320000 1000000 9.123103 8.995681 9.122394 9.011809 0.032114 0.032259 0.084865 0.078495 0.032259 0.032105 0.032259 216640 218403
45 62.310000 60.320000 1000000 9.122598 8.994605 9.121889 9.010734 0.032113 0.032259 0.084864 0.078494 0.032259 0.032104 0.032259 218400 243772
45 62.310000 60.320000 1000000 9.098780 8.969874 9.097747 8.980895 0.032115 0.032259 0.088857 0.082795 0.032259 0.032105 0.032259 243770 251497
45 62.310000 60.320000 1000000 9.097727 8.968799 9.096694 8.979820 0.032114 0.032259 0.087857 0.081721 0.032259 0.032104 0.032259 251490 264331
45 62.310000 60.320000 1000000 9.059948 8.940842 9.058902 8.951863 0.032121 0.032259 0.086858 0.080645 0.032259 0.032111 0.032259 264330 266588
45 62.310000 60.320000 1000000 9.059064 8.939767 9.058017 8.950788 0.032120 0.032259 0.086858 0.080646 0.032259 0.032110 0.032259 266580 277702
45 62.310000 60.320000 1000000 9.035557 8.923638 9.034502 8.934659 0.032122 0.032259 0.084865 0.078495 0.032259 0.032112 0.032259 277700 293847
45 62.310000 60.320000 1000000 9.028352 8.917186 9.027294 8.928207 0.032123 0.032259 0.080904 0.074195 0.032259 0.032114 0.032259 293840 299391
45 62.310000 60.320000 1000000 9.021589 8.910735 9.020529 8.921756 0.032124 0.032259 0.084866 0.078496 0.032259 0.032115 0.032259 299390 309555
45 62.310000 60.320000 1000000 9.001468 8.897832 9.000401 8.908853 0.032127 0.032259 0.085861 0.079570 0.032259 0.032117 0.032259 309550 329990
45 62.310000 60.320000 1000000 8.970301 8.850520 8.968176 8.851326 0.032119 0.032259 0.090866 0.084947 0.032259 0.032109 0.032259 329990 341525
45 62.310000 60.320000 1000000 8.950381 8.835466 8.948242 8.836272 0.032121 0.032259 0.095911 0.090324 0.032259 0.032112 0.032259 341520 347313
45 62.310000 60.320000 1000000 8.949671 8.834391 8.947531 8.835197 0.032120 0.032259 0.095911 0.090324 0.032259 0.032111 0.032259 347310 377721
45 62.310000 60.320000 1000000 8.941430 8.826864 8.939284 8.827670 0.032120 0.032259 0.091872 0.086023 0.032259 0.032110 0.032259 377720 397607
45 62.310000 60.320000 1000000 8.933803 8.820412 8.931651 8.821218 0.032119 0.032259 0.091872 0.086023 0.032259 0.032110 0.032259 397600 416192
45 62.310000 60.320000 1000000 8.920554 8.810735 8.918392 8.811541 0.032117 0.032259 0.093889 0.088173 0.032259 0.032108 0.032259 416190 421426
45 62.310000 60.320000 1000000 8.920106 8.809660 8.917944 8.810466 0.032116 0.032259 0.093889 0.088173 0.032259 0.032107 0.032259 421420 422304
45 62.310000 60.320000 1000000 8.919249 8.808584 8.917087 8.809390 0.032115 0.032259 0.092880 0.087098 0.032259 0.032106 0.032259 422300 429036
45 62.310000 60.320000 1000000 8.918413 8.807509 8.916250 8.808315 0.032114 0.032259 0.092879 0.087097 0.032259 0.032105 0.032259 429030 446827
45 62.310000 60.320000 1000000 8.881723 8.782778 8.879534 8.783584 0.032121 0.032259 0.094900 0.089249 0.032259 0.032112 0.032259 446820 447952
45 62.310000 60.320000 1000000 8.881163 8.781703 8.878973 8.782509 0.032120 0.032259 0.095912 0.090324 0.032259 0.032111 0.032259 447950 448510
45 62.310000 60.320000 1000000 8.880343 8.780627 8.878152 8.781433 0.032120 0.032259 0.094900 0.089249 0.032259 0.032111 0.032259 448510 480663
45 62.310000 60.320000 1000000 8.876269 8.777401 8.874076 8.778208 0.032120 0.032259 0.093890 0.088174 0.032259 0.032111 0.032259 480660 495932
45 62.310000 60.320000 1000000 8.875464 8.776326 8.873270 8.777132 0.032121 0.032259 0.093890 0.088174 0.032259 0.032112 0.032259 495930 501182
45 62.310000 60.320000 1000000 8.873914 8.773100 8.871719 8.773906 0.032118 0.032259 0.093890 0.088174 0.032259 0.032109 0.032259 501180 521010
45 62.310000 60.320000 1000000 8.872374 8.772025 8.870178 8.772831 0.032119 0.032259 0.092881 0.087099 0.032259 0.032110 0.032259 521010 529105
45 62.310000 60.320000 1000000 8.866518 8.766649 8.864317 8.767455 0.032122 0.032259 0.088860 0.082798 0.032259 0.032113 0.032259 529100 529745
45 62.310000 60.320000 1000000 8.865386 8.765574 8.863184 8.766380 0.032121 0.032259 0.087859 0.081723 0.032259 0.032112 0.032259 529740 543341
45 62.310000 60.320000 1000000 8.860618 8.760197 8.858413 8.761003 0.032122 0.032259 0.088859 0.082797 0.032259 0.032113 0.032259 543340 553750
45 62.310000 60.320000 1000000 8.860280 8.759122 8.858074 8.759928 0.032122 0.032259 0.088859 0.082797 0.032259 0.032113 0.032259 553750 569673
45 62.310000 60.320000 1000000 8.859467 8.758047 8.857261 8.758853 0.032121 0.032259 0.088859 0.082797 0.032259 0.032112 0.032259 569670 615750
45 62.310000 60.320000 1000000 8.839213 8.738692 8.836991 8.739498 0.032121 0.032259 0.095910 0.090322 0.032259 0.032112 0.032259 615750 619951
45 62.310000 60.320000 1000000 8.838779 8.737617 8.836557 8.738423 0.032122 0.032259 0.094898 0.089247 0.032259 0.032112 0.032259 619950 635388
45 62.310000 60.320000 1000000 8.819270 8.723638 8.817033 8.724444 0.032127 0.032259 0.091870 0.086021 0.032259 0.032118 0.032259 635380 637359
45 62.310000 60.320000 1000000 8.819072 8.722563 8.816761 8.722966 0.032127 0.032259 0.092878 0.087096 0.032259 0.032118 0.032259 637350 638759
45 62.310000 60.320000 1000000 8.818620 8.721488 8.816309 8.721890 0.032127 0.032259 0.092878 0.087096 0.032259 0.032118 0.032259 638750 675591
45 62.310000 60.320000 1000000 8.768089 8.684928 8.765983 8.686586 0.032136 0.032259 0.086857 0.080645 0.032259 0.032127 0.032259 675590 695906
45 62.310000 60.320000 1000000 8.764488 8.679552 8.762379 8.681209 0.032134 0.032259 0.087856 0.081720 0.032259 0.032124 0.032259 695900 707950
45 62.310000 60.320000 1000000 8.764159 8.678477 8.761927 8.679731 0.032134 0.032259 0.087856 0.081720 0.032259 0.032125 0.032259 707950 708111
45 62.310000 60.320000 1000000 8.762238 8.677402 8.760004 8.678656 0.032135 0.032259 0.086857 0.080644 0.032259 0.032126 0.032259 708110 718262
45 62.310000 60.320000 1000000 8.760340 8.674176 8.758106 8.675430 0.032135 0.032259 0.086857 0.080644 0.032259 0.032126 0.032259 718260 726418
45 62.310000 60.320000 1000000 8.760206 8.673100 8.758128 8.675609 0.032135 0.032259 0.086857 0.080645 0.032259 0.032126 0.032259 726410 730567
45 62.310000 60.320000 1000000 8.747094 8.664498 8.745006 8.667007 0.032137 0.032259 0.084864 0.078494 0.032259 0.032128 0.032259 730560 738219
45 62.310000 60.320000 1000000 8.746269 8.663423 8.744181 8.665932 0.032136 0.032259 0.084864 0.078494 0.032259 0.032127 0.032259 738210 739814
45 62.310000 60.320000 1000000 8.745656 8.662348 8.743568 8.664856 0.032136 0.032259 0.084864 0.078494 0.032259 0.032127 0.032259 739810 744729
45 62.310000 60.320000 1000000 8.735880 8.655896 8.733785 8.658405 0.032137 0.032259 0.085860 0.079570 0.032259 0.032128 0.032259 744720 760563
45 62.310000 60.320000 1000000 8.731816 8.652670 8.729718 8.655179 0.032136 0.032259 0.085860 0.079570 0.032259 0.032127 0.032259 760560 790426
45 62.310000 60.320000 1000000 8.725612 8.637617 8.723510 8.640125 0.032131 0.032259 0.086857 0.080645 0.032259 0.032122 0.032259 790420 810460
45 62.310000 60.320000 1000000 8.706653 8.623638 8.704537 8.626147 0.032126 0.032259 0.095911 0.090324 0.032259 0.032117 0.032259 810460 816293
45 62.310000 60.320000 1000000 8.704767 8.622563 8.702649 8.625071 0.032126 0.032259 0.095911 0.090324 0.032259 0.032117 0.032259 816290 916199
45 62.310000 60.320000 1000000 8.682547 8.607509 8.680413 8.610018 0.032125 0.032259 0.102010 0.096775 0.032259 0.032115 0.032259 916190 916595
45 62.310000 60.320000 1000000 8.680850 8.606434 8.678715 8.608942 0.032125 0.032259 0.102010 0.096775 0.032259 0.032116 0.032259 916590 927719
45 62.310000 60.320000 1000000 8.674122 8.601058 8.671857 8.603163 0.032127 0.032259 0.100991 0.095700 0.032259 0.032118 0.032259 927710 1000000
