7 62.310000 60.320000 1000000 14.937871 14.558565 14.933725 14.547273 0.032135 0.032259 0.203114 0.200536 0.032259 0.032126 0.032259 0 50
7 62.310000 60.320000 1000000 13.945823 13.690287 13.944143 13.698170 0.032089 0.032259 0.322050 0.320431 0.032259 0.032081 0.032259 50 60
7 62.310000 60.320000 1000000 13.613276 13.411793 13.611385 13.419273 0.032119 0.032259 0.284629 0.282795 0.032259 0.032110 0.032259 60 70
7 62.310000 60.320000 1000000 13.425809 13.273084 13.423266 13.277742 0.032155 0.032259 0.247275 0.245162 0.032259 0.032146 0.032259 70 81
7 62.310000 60.320000 1000000 13.318753 13.158031 13.315940 13.158836 0.032165 0.032259 0.248342 0.246238 0.032259 0.032156 0.032259 80 92
7 62.310000 60.320000 1000000 13.158154 13.033300 13.155237 13.034105 0.032163 0.032259 0.268612 0.266668 0.032259 0.032154 0.032259 90 101
7 62.310000 60.320000 1000000 13.101635 12.988139 13.098680 12.988944 0.032168 0.032259 0.255806 0.253764 0.032259 0.032159 0.032259 100 110
7 62.310000 60.320000 1000000 13.060408 12.950505 13.057331 12.950907 0.032159 0.032259 0.250474 0.248388 0.032259 0.032150 0.032259 110 121
7 62.310000 60.320000 1000000 12.968288 12.879537 12.964597 12.877520 0.032189 0.032259 0.225970 0.223655 0.032259 0.032180 0.032259 120 130
7 62.310000 60.320000 1000000 12.898702 12.798892 12.894950 12.796874 0.032178 0.032259 0.203645 0.201074 0.032259 0.032169 0.032259 130 142
7 62.310000 60.320000 1000000 12.833314 12.729000 12.829505 12.726982 0.032168 0.032259 0.202581 0.199997 0.032259 0.032159 0.032259 140 150
7 62.310000 60.320000 1000000 12.764198 12.664484 12.760326 12.662466 0.032178 0.032259 0.205768 0.203223 0.032259 0.032169 0.032259 150 161
7 62.310000 60.320000 1000000 12.734186 12.636527 12.730287 12.634509 0.032180 0.032259 0.208954 0.206449 0.032259 0.032170 0.032259 160 171
7 62.310000 60.320000 1000000 12.717902 12.616097 12.713739 12.610674 0.032180 0.032259 0.205767 0.203222 0.032259 0.032171 0.032259 170 181
7 62.310000 60.320000 1000000 12.651658 12.562333 12.647151 12.553506 0.032196 0.032259 0.184559 0.181718 0.032259 0.032187 0.032259 180 192
7 62.310000 60.320000 1000000 12.631772 12.534376 12.627244 12.525549 0.032195 0.032259 0.183501 0.180643 0.032259 0.032185 0.032259 190 208
7 62.310000 60.320000 1000000 12.577720 12.474162 12.572763 12.463721 0.032174 0.032259 0.162375 0.159138 0.032259 0.032164 0.032259 200 213
7 62.310000 60.320000 1000000 12.545193 12.447280 12.540197 12.436840 0.032180 0.032259 0.159215 0.155912 0.032259 0.032170 0.032259 210 222
7 62.310000 60.320000 1000000 12.528124 12.426850 12.524090 12.422682 0.032176 0.032259 0.163429 0.160213 0.032259 0.032167 0.032259 220 236
7 62.310000 60.320000 1000000 12.527805 12.425775 12.523771 12.421607 0.032176 0.032259 0.164483 0.161289 0.032259 0.032167 0.032259 230 248
7 62.310000 60.320000 1000000 12.494735 12.395667 12.490668 12.391499 0.032174 0.032259 0.158162 0.154837 0.032259 0.032165 0.032259 240 285
7 62.310000 60.320000 1000000 12.464156 12.358033 12.460480 12.356374 0.032167 0.032259 0.144508 0.140862 0.032259 0.032157 0.032259 280 298
7 62.310000 60.320000 1000000 12.431072 12.315023 12.427367 12.313364 0.032151 0.032259 0.157112 0.153764 0.032259 0.032142 0.032259 290 306
7 62.310000 60.320000 1000000 12.419889 12.305345 12.416174 12.303686 0.032150 0.032259 0.163430 0.160215 0.032259 0.032141 0.032259 300 310
7 62.310000 60.320000 1000000 12.409526 12.297819 12.405801 12.296160 0.032147 0.032259 0.169759 0.166666 0.032259 0.032138 0.032259 310 337
7 62.310000 60.320000 1000000 12.386310 12.278464 12.382564 12.276805 0.032145 0.032259 0.164485 0.161290 0.032259 0.032136 0.032259 330 342
7 62.310000 60.320000 1000000 12.377843 12.266636 12.375108 12.271249 0.032144 0.032259 0.163430 0.160214 0.032259 0.032135 0.032259 340 365
7 62.310000 60.320000 1000000 12.341484 12.229002 12.338724 12.233615 0.032129 0.032259 0.156058 0.152687 0.032259 0.032119 0.032259 360 374
7 62.310000 60.320000 1000000 12.327434 12.211798 12.324862 12.217666 0.032115 0.032259 0.160268 0.156988 0.032259 0.032105 0.032259 370 380
7 62.310000 60.320000 1000000 12.322223 12.204271 12.319548 12.209736 0.032112 0.032259 0.160268 0.156988 0.032259 0.032103 0.032259 380 392
7 62.310000 60.320000 1000000 12.302813 12.180615 12.300125 12.186080 0.032112 0.032259 0.162375 0.159138 0.032259 0.032103 0.032259 390 417
7 62.310000 60.320000 1000000 12.268207 12.152658 12.265496 12.158123 0.032108 0.032259 0.153955 0.150537 0.032259 0.032099 0.032259 410 427
7 62.310000 60.320000 1000000 12.249587 12.139755 12.246864 12.145220 0.032118 0.032259 0.148702 0.145161 0.032259 0.032109 0.032259 420 431
7 62.310000 60.320000 1000000 12.244988 12.135454 12.242262 12.140918 0.032119 0.032259 0.144506 0.140860 0.032259 0.032110 0.032259 430 451
7 62.310000 60.320000 1000000 12.236967 12.122013 12.233878 12.123222 0.032120 0.032259 0.140840 0.137096 0.032259 0.032111 0.032259 450 467
7 62.310000 60.320000 1000000 12.227792 12.112336 12.224695 12.113544 0.032116 0.032259 0.137702 0.133870 0.032259 0.032107 0.032259 460 486
7 62.310000 60.320000 1000000 12.211908 12.090831 12.208800 12.092039 0.032118 0.032259 0.133525 0.129570 0.032259 0.032108 0.032259 480 503
7 62.310000 60.320000 1000000 12.193351 12.056422 12.192118 12.070175 0.032110 0.032259 0.161849 0.158601 0.032259 0.032101 0.032259 500 535
7 62.310000 60.320000 1000000 12.172420 12.041368 12.171180 12.055122 0.032116 0.032259 0.157636 0.154300 0.032259 0.032107 0.032259 530 542
7 62.310000 60.320000 1000000 12.167028 12.037067 12.165787 12.050821 0.032117 0.032259 0.158688 0.155375 0.032259 0.032108 0.032259 540 572
7 62.310000 60.320000 1000000 12.136534 12.006960 12.134600 12.017891 0.032125 0.032259 0.143981 0.140320 0.032259 0.032116 0.032259 570 612
7 62.310000 60.320000 1000000 12.102022 11.975777 12.099713 11.985095 0.032124 0.032259 0.134568 0.130645 0.032259 0.032115 0.032259 610 620
7 62.310000 60.320000 1000000 12.100274 11.974702 12.097964 11.984020 0.032125 0.032259 0.134568 0.130645 0.032259 0.032116 0.032259 620 631
7 62.310000 60.320000 1000000 12.091032 11.966100 12.088716 11.975418 0.032122 0.032259 0.129355 0.125268 0.032259 0.032113 0.032259 630 649
7 62.310000 60.320000 1000000 12.089276 11.965025 12.086959 11.974343 0.032123 0.032259 0.130397 0.126344 0.032259 0.032114 0.032259 640 651
7 62.310000 60.320000 1000000 12.082737 11.957498 12.080417 11.966816 0.032119 0.032259 0.131440 0.127420 0.032259 0.032110 0.032259 650 661
7 62.310000 60.320000 1000000 12.079742 11.955347 12.077420 11.964665 0.032119 0.032259 0.133525 0.129570 0.032259 0.032110 0.032259 660 674
7 62.310000 60.320000 1000000 12.064592 11.939219 12.062261 11.948536 0.032110 0.032259 0.137702 0.133870 0.032259 0.032101 0.032259 670 691
7 62.310000 60.320000 1000000 12.062235 11.935993 12.059902 11.945311 0.032109 0.032259 0.136657 0.132795 0.032259 0.032100 0.032259 690 721
7 62.310000 60.320000 1000000 12.019741 11.890832 12.017384 11.900150 0.032077 0.032259 0.135612 0.131719 0.032259 0.032068 0.032259 720 730
7 62.310000 60.320000 1000000 12.017843 11.889757 12.015484 11.899074 0.032077 0.032259 0.134569 0.130645 0.032259 0.032068 0.032259 730 777
7 62.310000 60.320000 1000000 11.980716 11.853198 11.978132 11.861709 0.032077 0.032259 0.136657 0.132795 0.032259 0.032068 0.032259 770 834
7 62.310000 60.320000 1000000 11.955121 11.809111 11.952520 11.817623 0.032066 0.032259 0.140840 0.137096 0.032259 0.032057 0.032259 830 841
7 62.310000 60.320000 1000000 11.952290 11.806961 11.949687 11.815472 0.032067 0.032259 0.138748 0.134946 0.032259 0.032058 0.032259 840 874
7 62.310000 60.320000 1000000 11.948542 11.799434 11.945640 11.806736 0.032065 0.032259 0.145030 0.141397 0.032259 0.032056 0.032259 870 891
7 62.310000 60.320000 1000000 11.915737 11.768252 11.912811 11.775553 0.032064 0.032259 0.149227 0.145699 0.032259 0.032055 0.032259 890 912
7 62.310000 60.320000 1000000 11.892692 11.753198 11.889748 11.760499 0.032072 0.032259 0.152378 0.148924 0.032259 0.032063 0.032259 910 925
7 62.310000 60.320000 1000000 11.891989 11.752122 11.889045 11.759424 0.032072 0.032259 0.151327 0.147849 0.032259 0.032063 0.032259 920 991
7 62.310000 60.320000 1000000 11.881537 11.734918 11.878585 11.742220 0.032070 0.032259 0.140841 0.137097 0.032259 0.032060 0.032259 990 1031
7 62.310000 60.320000 1000000 11.872428 11.728466 11.869470 11.735768 0.032071 0.032259 0.140841 0.137097 0.032259 0.032061 0.032259 1030 1063
7 62.310000 60.320000 1000000 11.869578 11.725241 11.866617 11.732542 0.032069 0.032259 0.139795 0.136022 0.032259 0.032060 0.032259 1060 1078
7 62.310000 60.320000 1000000 11.861923 11.717714 11.858957 11.725016 0.032069 0.032259 0.139795 0.136022 0.032259 0.032060 0.032259 1070 1089
7 62.310000 60.320000 1000000 11.860094 11.716639 11.857127 11.723940 0.032070 0.032259 0.139795 0.136022 0.032259 0.032060 0.032259 1080 1120
7 62.310000 60.320000 1000000 11.851844 11.691370 11.848120 11.689308 0.032067 0.032259 0.135091 0.131183 0.032259 0.032057 0.032259 1120 1152
7 62.310000 60.320000 1000000 11.844602 11.682768 11.840871 11.680706 0.032066 0.032259 0.134047 0.130108 0.032259 0.032056 0.032259 1150 1175
7 62.310000 60.320000 1000000 11.836711 11.674166 11.832972 11.672104 0.032061 0.032259 0.138226 0.134409 0.032259 0.032051 0.032259 1170 1211
7 62.310000 60.320000 1000000 11.818469 11.644058 11.814713 11.641996 0.032056 0.032259 0.155007 0.151613 0.032259 0.032046 0.032259 1210 1257
7 62.310000 60.320000 1000000 11.808929 11.634381 11.804980 11.631512 0.032052 0.032259 0.160269 0.156989 0.032259 0.032043 0.032259 1250 1384
7 62.310000 60.320000 1000000 11.766443 11.589220 11.762892 11.588860 0.032037 0.032259 0.135089 0.131181 0.032259 0.032028 0.032259 1380 1401
7 62.310000 60.320000 1000000 11.764483 11.588145 11.760930 11.587785 0.032038 0.032259 0.134046 0.130107 0.032259 0.032029 0.032259 1400 1428
7 62.310000 60.320000 1000000 11.751453 11.579542 11.747889 11.579183 0.032036 0.032259 0.142411 0.138709 0.032259 0.032027 0.032259 1420 1447
7 62.310000 60.320000 1000000 11.751036 11.578467 11.747471 11.578108 0.032036 0.032259 0.143458 0.139784 0.032259 0.032027 0.032259 1440 1564
7 62.310000 60.320000 1000000 11.726013 11.549435 11.722425 11.549075 0.032025 0.032259 0.151853 0.148387 0.032259 0.032015 0.032259 1480 1563
7 62.310000 60.320000 1000000 11.699892 11.526854 11.696280 11.526495 0.032023 0.032259 0.151853 0.148387 0.032259 0.032014 0.032259 1560 1697
7 62.310000 60.320000 1000000 11.690972 11.517177 11.687740 11.519326 0.032019 0.032259 0.150803 0.147312 0.032259 0.032010 0.032259 1660 1806
7 62.310000 60.320000 1000000 11.665152 11.485994 11.661898 11.488144 0.032006 0.032259 0.151854 0.148388 0.032259 0.031996 0.032259 1800 1861
7 62.310000 60.320000 1000000 11.653292 11.472016 11.650028 11.474165 0.031999 0.032259 0.162378 0.159141 0.032259 0.031989 0.032259 1860 1938
7 62.310000 60.320000 1000000 11.614834 11.441909 11.611537 11.444058 0.031999 0.032259 0.184562 0.181721 0.032259 0.031990 0.032259 1930 1985
7 62.310000 60.320000 1000000 11.606540 11.428468 11.603156 11.429766 0.031987 0.032259 0.188268 0.185483 0.032259 0.031977 0.032259 1980 2195
7 62.310000 60.320000 1000000 11.583592 11.410188 11.580636 11.413995 0.031987 0.032259 0.180858 0.177958 0.032259 0.031977 0.032259 2190 2296
7 62.310000 60.320000 1000000 11.512476 11.333307 11.509266 11.334560 0.031979 0.032259 0.194098 0.191399 0.032259 0.031969 0.032259 2290 2555
7 62.310000 60.320000 1000000 11.456428 11.274167 11.453171 11.275420 0.031975 0.032259 0.210020 0.207528 0.032259 0.031966 0.032259 2500 2574
7 62.310000 60.320000 1000000 11.429255 11.254812 11.425975 11.256066 0.031972 0.032259 0.196219 0.193549 0.032259 0.031963 0.032259 2570 2601
7 62.310000 60.320000 1000000 11.422965 11.249436 11.419679 11.250689 0.031973 0.032259 0.193038 0.190323 0.032259 0.031963 0.032259 2600 2832
7 62.310000 60.320000 1000000 11.344776 11.175243 11.341832 11.179005 0.031962 0.032259 0.163431 0.160216 0.032259 0.031952 0.032259 2830 2840
7 62.310000 60.320000 1000000 11.342540 11.174167 11.339595 11.177930 0.031963 0.032259 0.162377 0.159140 0.032259 0.031954 0.032259 2840 2869
7 62.310000 60.320000 1000000 11.341935 11.173092 11.338989 11.176854 0.031962 0.032259 0.161323 0.158065 0.032259 0.031953 0.032259 2860 2887
7 62.310000 60.320000 1000000 11.341252 11.172017 11.338305 11.175779 0.031962 0.032259 0.160270 0.156990 0.032259 0.031953 0.032259 2880 2982
7 62.310000 60.320000 1000000 11.328473 11.150511 11.325751 11.155528 0.031943 0.032259 0.169759 0.166666 0.032259 0.031933 0.032259 2980 3135
7 62.310000 60.320000 1000000 11.303904 11.122554 11.301051 11.127168 0.031935 0.032259 0.160270 0.156990 0.032259 0.031926 0.032259 3130 3330
7 62.310000 60.320000 1000000 11.280140 11.103199 11.277268 11.107813 0.031931 0.032259 0.163431 0.160215 0.032259 0.031922 0.032259 3330 3385
7 62.310000 60.320000 1000000 11.279596 11.102124 11.276724 11.106738 0.031930 0.032259 0.163431 0.160215 0.032259 0.031920 0.032259 3380 3570
7 62.310000 60.320000 1000000 11.275808 11.097823 11.272933 11.102437 0.031926 0.032259 0.160270 0.156990 0.032259 0.031916 0.032259 3570 3656
7 62.310000 60.320000 1000000 11.260970 11.088146 11.258083 11.092759 0.031929 0.032259 0.160271 0.156991 0.032259 0.031919 0.032259 3650 3748
7 62.310000 60.320000 1000000 11.256287 11.084920 11.253397 11.089534 0.031930 0.032259 0.160271 0.156991 0.032259 0.031920 0.032259 3740 4046
7 62.310000 60.320000 1000000 11.246660 11.060189 11.241996 11.057544 0.031927 0.032259 0.163431 0.160216 0.032259 0.031917 0.032259 4040 4305
7 62.310000 60.320000 1000000 11.185666 11.010726 11.180925 11.008082 0.031914 0.032259 0.172929 0.169894 0.032259 0.031904 0.032259 4300 4448
7 62.310000 60.320000 1000000 11.160681 10.985995 11.155697 10.982544 0.031905 0.032259 0.173986 0.170969 0.032259 0.031895 0.032259 4440 4555
7 62.310000 60.320000 1000000 11.160106 10.984920 11.155121 10.981469 0.031905 0.032259 0.173986 0.170969 0.032259 0.031895 0.032259 4550 5008
7 62.310000 60.320000 1000000 11.111507 10.950512 11.106457 10.947061 0.031913 0.032259 0.176098 0.173118 0.032259 0.031903 0.032259 5000 5231
7 62.310000 60.320000 1000000 11.100496 10.937608 11.095260 10.933351 0.031911 0.032259 0.176098 0.173118 0.032259 0.031901 0.032259 5230 5401
7 62.310000 60.320000 1000000 11.095508 10.933307 11.090265 10.929050 0.031912 0.032259 0.176098 0.173118 0.032259 0.031902 0.032259 5400 5484
7 62.310000 60.320000 1000000 11.056120 10.910727 11.050821 10.906469 0.031927 0.032259 0.177154 0.174192 0.032259 0.031918 0.032259 5480 6039
7 62.310000 60.320000 1000000 10.973706 10.858039 10.968287 10.853782 0.031946 0.032259 0.166594 0.163441 0.032259 0.031936 0.032259 6030 6303
7 62.310000 60.320000 1000000 10.949623 10.827932 10.944168 10.823674 0.031932 0.032259 0.178213 0.175269 0.032259 0.031922 0.032259 6300 6981
7 62.310000 60.320000 1000000 10.927746 10.793523 10.922258 10.789266 0.031922 0.032259 0.177155 0.174193 0.032259 0.031912 0.032259 6980 7190
7 62.310000 60.320000 1000000 10.917939 10.783846 10.912327 10.779185 0.031922 0.032259 0.171872 0.168818 0.032259 0.031912 0.032259 7190 7993
7 62.310000 60.320000 1000000 10.857991 10.665567 10.854701 10.663864 0.031894 0.032259 0.170819 0.167746 0.032259 0.031884 0.032259 7990 8506
7 62.310000 60.320000 1000000 10.802028 10.626858 10.798686 10.625155 0.031914 0.032259 0.172932 0.169896 0.032259 0.031904 0.032259 8180 9029
7 62.310000 60.320000 1000000 10.749232 10.556966 10.745841 10.555262 0.031865 0.032259 0.159218 0.155916 0.032259 0.031856 0.032259 8960 9293
7 62.310000 60.320000 1000000 10.745125 10.553740 10.741730 10.552036 0.031867 0.032259 0.158166 0.154841 0.032259 0.031857 0.032259 9290 9774
7 62.310000 60.320000 1000000 10.734939 10.530084 10.731534 10.528381 0.031860 0.032259 0.165542 0.162368 0.032259 0.031851 0.032259 9770 10110
7 62.310000 60.320000 1000000 10.733857 10.529009 10.730452 10.527305 0.031859 0.032259 0.165542 0.162368 0.032259 0.031849 0.032259 10110 10610
7 62.310000 60.320000 1000000 10.719551 10.516106 10.716131 10.514402 0.031859 0.032259 0.162379 0.159142 0.032259 0.031849 0.032259 10610 10780
7 62.310000 60.320000 1000000 10.715464 10.507503 10.712966 10.510818 0.031855 0.032259 0.167651 0.164519 0.032259 0.031845 0.032259 10780 11165
7 62.310000 60.320000 1000000 10.691248 10.493525 10.688733 10.496840 0.031867 0.032259 0.168706 0.165594 0.032259 0.031858 0.032259 11160 11728
7 62.310000 60.320000 1000000 10.679043 10.470945 10.676519 10.474259 0.031866 0.032259 0.163433 0.160217 0.032259 0.031856 0.032259 11720 12126
7 62.310000 60.320000 1000000 10.670029 10.450515 10.667269 10.453023 0.031858 0.032259 0.167651 0.164518 0.032259 0.031849 0.032259 12120 12159
7 62.310000 60.320000 1000000 10.667812 10.449439 10.665051 10.451947 0.031860 0.032259 0.166596 0.163443 0.032259 0.031850 0.032259 12150 12364
7 62.310000 60.320000 1000000 10.658175 10.429009 10.655407 10.431517 0.031848 0.032259 0.156061 0.152691 0.032259 0.031838 0.032259 12360 12715
7 62.310000 60.320000 1000000 10.654231 10.424708 10.651459 10.427216 0.031848 0.032259 0.156061 0.152691 0.032259 0.031838 0.032259 12710 12828
7 62.310000 60.320000 1000000 10.653372 10.423633 10.650600 10.426141 0.031848 0.032259 0.155009 0.151615 0.032259 0.031838 0.032259 12820 13713
7 62.310000 60.320000 1000000 10.626569 10.404278 10.623776 10.406786 0.031855 0.032259 0.152907 0.149465 0.032259 0.031846 0.032259 13710 13756
7 62.310000 60.320000 1000000 10.624770 10.403203 10.621975 10.405711 0.031856 0.032259 0.151856 0.148390 0.032259 0.031846 0.032259 13750 14431
7 62.310000 60.320000 1000000 10.612979 10.389225 10.610174 10.391733 0.031849 0.032259 0.151855 0.148389 0.032259 0.031839 0.032259 14430 14556
7 62.310000 60.320000 1000000 10.607976 10.381698 10.605168 10.384206 0.031840 0.032259 0.158165 0.154841 0.032259 0.031830 0.032259 14550 15420
7 62.310000 60.320000 1000000 10.597724 10.372020 10.594908 10.374528 0.031834 0.032259 0.157112 0.153765 0.032259 0.031824 0.032259 15420 15501
7 62.310000 60.320000 1000000 10.596778 10.370945 10.593961 10.373453 0.031832 0.032259 0.157112 0.153765 0.032259 0.031823 0.032259 15500 16619
7 62.310000 60.320000 1000000 10.592716 10.364493 10.589895 10.367002 0.031825 0.032259 0.150804 0.147313 0.032259 0.031815 0.032259 15880 16735
7 62.310000 60.320000 1000000 10.547054 10.315031 10.544197 10.317539 0.031830 0.032259 0.142412 0.138710 0.032259 0.031820 0.032259 16730 17873
7 62.310000 60.320000 1000000 10.505957 10.288149 10.503066 10.290657 0.031853 0.032259 0.133003 0.129032 0.032259 0.031844 0.032259 17870 18016
7 62.310000 60.320000 1000000 10.472178 10.264494 10.469464 10.268256 0.031848 0.032259 0.138225 0.134408 0.032259 0.031838 0.032259 18010 18192
7 62.310000 60.320000 1000000 10.471095 10.263418 10.468381 10.267181 0.031848 0.032259 0.138225 0.134408 0.032259 0.031839 0.032259 18190 18387
7 62.310000 60.320000 1000000 10.469667 10.262343 10.466951 10.266106 0.031848 0.032259 0.138225 0.134408 0.032259 0.031838 0.032259 18380 18959
7 62.310000 60.320000 1000000 10.465968 10.255892 10.463250 10.259654 0.031840 0.032259 0.140317 0.136558 0.032259 0.031830 0.032259 18950 19113
7 62.310000 60.320000 1000000 10.465027 10.254816 10.462308 10.258579 0.031838 0.032259 0.141363 0.137634 0.032259 0.031828 0.032259 19110 19422
7 62.310000 60.320000 1000000 10.437853 10.237612 10.435112 10.241374 0.031846 0.032259 0.131961 0.127958 0.032259 0.031836 0.032259 19420 19626
7 62.310000 60.320000 1000000 10.437004 10.236537 10.434263 10.240299 0.031846 0.032259 0.131961 0.127958 0.032259 0.031836 0.032259 19620 21730
7 62.310000 60.320000 1000000 10.355526 10.194601 10.352720 10.198364 0.031904 0.032259 0.121563 0.117204 0.032259 0.031894 0.032259 21730 22259
7 62.310000 60.320000 1000000 10.349382 10.185999 10.346570 10.189762 0.031899 0.032259 0.120526 0.116129 0.032259 0.031889 0.032259 22250 23468
7 62.310000 60.320000 1000000 10.336596 10.168795 10.333774 10.172557 0.031886 0.032259 0.115356 0.110753 0.032259 0.031876 0.032259 23460 23951
7 62.310000 60.320000 1000000 10.327221 10.153741 10.324391 10.157503 0.031879 0.032259 0.121564 0.117206 0.032259 0.031870 0.032259 23950 24318
7 62.310000 60.320000 1000000 10.321673 10.146214 10.318839 10.149977 0.031870 0.032259 0.120526 0.116129 0.032259 0.031861 0.032259 24310 26606
7 62.310000 60.320000 1000000 10.274917 10.066645 10.270384 10.064359 0.031850 0.032259 0.140318 0.136559 0.032259 0.031840 0.032259 26600 27091
7 62.310000 60.320000 1000000 10.273229 10.065569 10.268694 10.063284 0.031850 0.032259 0.139272 0.135485 0.032259 0.031841 0.032259 27090 27804
7 62.310000 60.320000 1000000 10.264309 10.059118 10.259762 10.056832 0.031853 0.032259 0.139272 0.135485 0.032259 0.031844 0.032259 27800 28662
7 62.310000 60.320000 1000000 10.263319 10.058043 10.258771 10.055757 0.031853 0.032259 0.139272 0.135485 0.032259 0.031844 0.032259 28660 29159
7 62.310000 60.320000 1000000 10.261812 10.056967 10.257262 10.054682 0.031854 0.032259 0.139272 0.135485 0.032259 0.031844 0.032259 29150 29446
7 62.310000 60.320000 1000000 10.261392 10.055892 10.256841 10.053606 0.031853 0.032259 0.139272 0.135485 0.032259 0.031844 0.032259 29440 30427
7 62.310000 60.320000 1000000 10.252697 10.045677 10.247868 10.040837 0.031854 0.032259 0.137703 0.133871 0.032259 0.031845 0.032259 30420 31251
7 62.310000 60.320000 1000000 10.252101 10.044602 10.247272 10.039762 0.031853 0.032259 0.136658 0.132796 0.032259 0.031844 0.032259 31250 31296
7 62.310000 60.320000 1000000 10.250554 10.043526 10.245722 10.038687 0.031853 0.032259 0.135613 0.131721 0.032259 0.031844 0.032259 31290 31483
7 62.310000 60.320000 1000000 10.249035 10.042451 10.244200 10.037612 0.031853 0.032259 0.134569 0.130645 0.032259 0.031843 0.032259 31480 32672
7 62.310000 60.320000 1000000 10.248164 10.041376 10.243329 10.036536 0.031851 0.032259 0.134569 0.130645 0.032259 0.031842 0.032259 32670 34374
7 62.310000 60.320000 1000000 10.201135 9.989763 10.196232 9.984924 0.031829 0.032259 0.138749 0.134947 0.032259 0.031819 0.032259 34370 35785
7 62.310000 60.320000 1000000 10.155900 9.943527 10.150931 9.938687 0.031821 0.032259 0.134571 0.130648 0.032259 0.031812 0.032259 35780 37018
7 62.310000 60.320000 1000000 10.125467 9.917721 10.120132 9.911671 0.031816 0.032259 0.134570 0.130646 0.032259 0.031807 0.032259 37010 37736
7 62.310000 60.320000 1000000 10.121611 9.913420 10.116269 9.907370 0.031810 0.032259 0.134570 0.130646 0.032259 0.031801 0.032259 37220 42027
7 62.310000 60.320000 1000000 10.105477 9.891914 10.099706 9.884252 0.031799 0.032259 0.141888 0.138173 0.032259 0.031790 0.032259 42020 42773
7 62.310000 60.320000 1000000 10.095850 9.879011 10.090062 9.871349 0.031791 0.032259 0.143983 0.140323 0.032259 0.031782 0.032259 42770 42800
7 62.310000 60.320000 1000000 10.093364 9.877936 10.087572 9.870274 0.031793 0.032259 0.143983 0.140323 0.032259 0.031784 0.032259 42800 47808
7 62.310000 60.320000 1000000 9.988006 9.794065 9.981831 9.785596 0.031810 0.032259 0.146080 0.142474 0.032259 0.031802 0.032259 47800 49161
7 62.310000 60.320000 1000000 9.983701 9.789764 9.977518 9.781295 0.031805 0.032259 0.142936 0.139249 0.032259 0.031797 0.032259 49160 49733
7 62.310000 60.320000 1000000 9.981751 9.788689 9.975565 9.780220 0.031806 0.032259 0.141889 0.138173 0.032259 0.031798 0.032259 49730 49803
7 62.310000 60.320000 1000000 9.980882 9.787613 9.974694 9.779145 0.031805 0.032259 0.141889 0.138173 0.032259 0.031796 0.032259 49800 49878
7 62.310000 60.320000 1000000 9.978321 9.786538 9.972128 9.778070 0.031807 0.032259 0.140842 0.137098 0.032259 0.031799 0.032259 49870 50505
7 62.310000 60.320000 1000000 9.977679 9.785463 9.971485 9.776994 0.031806 0.032259 0.139796 0.136023 0.032259 0.031797 0.032259 50500 58297
7 62.310000 60.320000 1000000 9.940716 9.727399 9.934730 9.720185 0.031799 0.032259 0.155535 0.152153 0.032259 0.031790 0.032259 58290 59499
7 62.310000 60.320000 1000000 9.927679 9.718796 9.921670 9.711582 0.031804 0.032259 0.160798 0.157529 0.032259 0.031795 0.032259 59490 63254
7 62.310000 60.320000 1000000 9.906008 9.702668 9.899959 9.695453 0.031809 0.032259 0.153432 0.150003 0.032259 0.031800 0.032259 63250 65237
7 62.310000 60.320000 1000000 9.902137 9.699442 9.896081 9.692228 0.031809 0.032259 0.152381 0.148927 0.032259 0.031801 0.032259 65230 69769
7 62.310000 60.320000 1000000 9.900470 9.698366 9.894410 9.691152 0.031810 0.032259 0.152381 0.148927 0.032259 0.031801 0.032259 69760 70177
7 62.310000 60.320000 1000000 9.899627 9.697291 9.893566 9.690077 0.031808 0.032259 0.152381 0.148927 0.032259 0.031800 0.032259 70170 70972
7 62.310000 60.320000 1000000 9.891570 9.676861 9.888502 9.684701 0.031805 0.032259 0.147131 0.143551 0.032259 0.031795 0.032259 70970 74838
7 62.310000 60.320000 1000000 9.883417 9.663958 9.880342 9.671798 0.031802 0.032259 0.137705 0.133873 0.032259 0.031792 0.032259 72130 83166
7 62.310000 60.320000 1000000 9.836344 9.609120 9.831245 9.606879 0.031808 0.032259 0.148180 0.144626 0.032259 0.031797 0.032259 82010 87128
7 62.310000 60.320000 1000000 9.834660 9.605894 9.829559 9.603653 0.031805 0.032259 0.145033 0.141400 0.032259 0.031793 0.032259 82730 83005
7 62.310000 60.320000 1000000 9.834125 9.604818 9.829023 9.602578 0.031804 0.032259 0.143985 0.140325 0.032259 0.031792 0.032259 83000 87128
7 62.310000 60.320000 1000000 9.804583 9.580087 9.799435 9.577847 0.031797 0.032259 0.163959 0.160755 0.032259 0.031786 0.032259 85790 92543
7 62.310000 60.320000 1000000 9.732538 9.538152 9.727274 9.535911 0.031836 0.032259 0.168178 0.165055 0.032259 0.031825 0.032259 92540 98194
7 62.310000 60.320000 1000000 9.697627 9.514496 9.692306 9.512255 0.031841 0.032259 0.167121 0.163978 0.032259 0.031830 0.032259 98190 103950
7 62.310000 60.320000 1000000 9.676950 9.500518 9.671595 9.498277 0.031850 0.032259 0.163957 0.160752 0.032259 0.031839 0.032259 103950 107450
7 62.310000 60.320000 1000000 9.657828 9.486539 9.652441 9.484298 0.031846 0.032259 0.156584 0.153225 0.032259 0.031835 0.032259 107450 112657
7 62.310000 60.320000 1000000 9.649351 9.475786 9.643826 9.472739 0.031838 0.032259 0.153429 0.150000 0.032259 0.031826 0.032259 112650 116454
7 62.310000 60.320000 1000000 9.647361 9.471485 9.641629 9.466736 0.031838 0.032259 0.152378 0.148925 0.032259 0.031826 0.032259 116450 118111
7 62.310000 60.320000 1000000 9.646731 9.470410 9.640998 9.465660 0.031836 0.032259 0.152378 0.148925 0.032259 0.031825 0.032259 118110 129620
7 62.310000 60.320000 1000000 9.613898 9.432776 9.608106 9.428026 0.031814 0.032259 0.154481 0.151075 0.032259 0.031803 0.032259 129620 130691
7 62.310000 60.320000 1000000 9.608630 9.408045 9.607255 9.428384 0.031811 0.032259 0.156583 0.153224 0.032259 0.031799 0.032259 130690 133156
7 62.310000 60.320000 1000000 9.606460 9.403744 9.605084 9.424083 0.031808 0.032259 0.155531 0.152149 0.032259 0.031796 0.032259 133150 136422
7 62.310000 60.320000 1000000 9.598683 9.397292 9.597304 9.417632 0.031811 0.032259 0.152377 0.148924 0.032259 0.031799 0.032259 136420 137538
7 62.310000 60.320000 1000000 9.594389 9.394066 9.593008 9.414406 0.031813 0.032259 0.153428 0.149999 0.032259 0.031801 0.032259 137530 142576
7 62.310000 60.320000 1000000 9.538129 9.360733 9.536724 9.381073 0.031838 0.032259 0.150277 0.146774 0.032259 0.031826 0.032259 142570 150061
7 62.310000 60.320000 1000000 9.525479 9.285465 9.523259 9.288601 0.031838 0.032259 0.135614 0.131721 0.032259 0.031826 0.032259 150060 153187
7 62.310000 60.320000 1000000 9.510833 9.276863 9.508602 9.279999 0.031842 0.032259 0.137704 0.133873 0.032259 0.031830 0.032259 153180 153896
7 62.310000 60.320000 1000000 9.510191 9.275788 9.507960 9.278924 0.031840 0.032259 0.137704 0.133873 0.032259 0.031829 0.032259 153890 159694
7 62.310000 60.320000 1000000 9.504522 9.272562 9.502287 9.275698 0.031842 0.032259 0.136659 0.132797 0.032259 0.031831 0.032259 159690 166044
7 62.310000 60.320000 1000000 9.485528 9.254283 9.483280 9.257419 0.031832 0.032259 0.136660 0.132798 0.032259 0.031821 0.032259 166040 171535
7 62.310000 60.320000 1000000 9.484897 9.253208 9.482649 9.256343 0.031831 0.032259 0.135615 0.131723 0.032259 0.031819 0.032259 171530 176204
7 62.310000 60.320000 1000000 9.414631 9.215573 9.412331 9.218709 0.031883 0.032259 0.109691 0.104840 0.032259 0.031872 0.032259 176200 179994
7 62.310000 60.320000 1000000 9.411929 9.212347 9.409628 9.215483 0.031880 0.032259 0.108664 0.103765 0.032259 0.031869 0.032259 179990 180433
7 62.310000 60.320000 1000000 9.406352 9.205896 9.404047 9.209032 0.031877 0.032259 0.106613 0.101615 0.032259 0.031866 0.032259 180430 181273
7 62.310000 60.320000 1000000 9.404460 9.204821 9.402153 9.207956 0.031878 0.032259 0.106613 0.101615 0.032259 0.031867 0.032259 181270 214006
7 62.310000 60.320000 1000000 9.361112 9.153208 9.360092 9.165036 0.031880 0.032259 0.101502 0.096240 0.032259 0.031871 0.032259 214000 214413
7 62.310000 60.320000 1000000 9.354642 9.148907 9.353620 9.160735 0.031880 0.032259 0.101502 0.096240 0.032259 0.031870 0.032259 214410 221963
7 62.310000 60.320000 1000000 9.341095 9.137079 9.340068 9.148906 0.031869 0.032259 0.104565 0.099465 0.032259 0.031859 0.032259 221960 227275
7 62.310000 60.320000 1000000 9.339120 9.136004 9.338093 9.147831 0.031870 0.032259 0.103543 0.098390 0.032259 0.031861 0.032259 227270 242762
7 62.310000 60.320000 1000000 9.307088 9.105896 9.305831 9.116021 0.031869 0.032259 0.095407 0.089788 0.032259 0.031859 0.032259 242760 258176
7 62.310000 60.320000 1000000 9.294665 9.081703 9.292325 9.082464 0.031873 0.032259 0.090867 0.084948 0.032259 0.031865 0.032259 258170 272320
7 62.310000 60.320000 1000000 9.290292 9.078477 9.287949 9.079238 0.031876 0.032259 0.093890 0.088174 0.032259 0.031867 0.032259 272320 296474
7 62.310000 60.320000 1000000 9.265574 9.062348 9.263212 9.063109 0.031882 0.032259 0.097939 0.092474 0.032259 0.031873 0.032259 296470 310557
7 62.310000 60.320000 1000000 9.261973 9.056971 9.259609 9.057733 0.031884 0.032259 0.095911 0.090324 0.032259 0.031876 0.032259 310550 320941
7 62.310000 60.320000 1000000 9.238138 9.037616 9.235754 9.038378 0.031893 0.032259 0.099973 0.094625 0.032259 0.031884 0.032259 320940 325339
7 62.310000 60.320000 1000000 9.231100 9.027939 9.228781 9.028745 0.031892 0.032259 0.095912 0.090325 0.032259 0.031883 0.032259 325330 342567
7 62.310000 60.320000 1000000 9.209590 9.010735 9.207254 9.011541 0.031883 0.032259 0.092881 0.087099 0.032259 0.031874 0.032259 342560 363954
7 62.310000 60.320000 1000000 9.188817 8.996756 9.186465 8.997563 0.031888 0.032259 0.095912 0.090324 0.032259 0.031879 0.032259 363950 380827
7 62.310000 60.320000 1000000 9.165601 8.979552 9.163231 8.980358 0.031891 0.032259 0.097940 0.092475 0.032259 0.031882 0.032259 380820 387909
7 62.310000 60.320000 1000000 9.156175 8.974176 9.153798 8.974982 0.031895 0.032259 0.092880 0.087098 0.032259 0.031886 0.032259 387900 407676
7 62.310000 60.320000 1000000 9.131605 8.954821 9.129209 8.955627 0.031896 0.032259 0.083872 0.077420 0.032259 0.031887 0.032259 407670 433347
7 62.310000 60.320000 1000000 9.114933 8.934391 9.112254 8.934390 0.031882 0.032259 0.086860 0.080648 0.032259 0.031873 0.032259 433340 433857
7 62.310000 60.320000 1000000 9.114257 8.933315 9.111577 8.933315 0.031881 0.032259 0.085863 0.079572 0.032259 0.031872 0.032259 433850 452915
7 62.310000 60.320000 1000000 9.107766 8.925789 9.105080 8.925788 0.031880 0.032259 0.088860 0.082798 0.032259 0.031871 0.032259 452910 463262
7 62.310000 60.320000 1000000 9.091697 8.915036 9.088997 8.915035 0.031883 0.032259 0.090865 0.084946 0.032259 0.031874 0.032259 463260 467916
7 62.310000 60.320000 1000000 9.086077 8.905358 9.083372 8.905358 0.031876 0.032259 0.085860 0.079569 0.032259 0.031867 0.032259 467910 478810
7 62.310000 60.320000 1000000 9.084452 8.904283 9.081745 8.904283 0.031876 0.032259 0.086857 0.080645 0.032259 0.031867 0.032259 478810 484427
7 62.310000 60.320000 1000000 9.084216 8.903208 9.081784 8.904462 0.031876 0.032259 0.087856 0.081720 0.032259 0.031867 0.032259 484420 507042
7 62.310000 60.320000 1000000 9.065354 8.886003 9.063313 8.891021 0.031879 0.032259 0.089860 0.083870 0.032259 0.031871 0.032259 507040 518437
7 62.310000 60.320000 1000000 9.059890 8.875251 9.057713 8.879462 0.031876 0.032259 0.086857 0.080644 0.032259 0.031868 0.032259 518430 534272
7 62.310000 60.320000 1000000 9.059275 8.874175 9.057097 8.878387 0.031875 0.032259 0.086857 0.080644 0.032259 0.031866 0.032259 534270 544660
7 62.310000 60.320000 1000000 9.057405 8.870950 9.055226 8.875161 0.031876 0.032259 0.088857 0.082795 0.032259 0.031867 0.032259 544660 548443
7 62.310000 60.320000 1000000 9.056394 8.869874 9.054214 8.874085 0.031876 0.032259 0.088857 0.082795 0.032259 0.031868 0.032259 548440 562496
7 62.310000 60.320000 1000000 9.044604 8.862347 9.042416 8.866559 0.031884 0.032259 0.082880 0.076344 0.032259 0.031875 0.032259 562490 570078
7 62.310000 60.320000 1000000 9.044001 8.861272 9.041813 8.865483 0.031883 0.032259 0.082880 0.076344 0.032259 0.031874 0.032259 570070 599507
7 62.310000 60.320000 1000000 9.033128 8.852670 9.030932 8.856881 0.031887 0.032259 0.082879 0.076344 0.032259 0.031878 0.032259 599500 609351
7 62.310000 60.320000 1000000 9.032341 8.851595 9.030145 8.855806 0.031885 0.032259 0.081891 0.075270 0.032259 0.031876 0.032259 609350 628504
7 62.310000 60.320000 1000000 9.016517 8.838692 9.014309 8.842903 0.031879 0.032259 0.086859 0.080646 0.032259 0.031871 0.032259 628500 639618
7 62.310000 60.320000 1000000 9.002314 8.824175 8.999812 8.825833 0.031887 0.032259 0.083376 0.076883 0.032259 0.031879 0.032259 639610 645133
7 62.310000 60.320000 1000000 9.000496 8.823100 8.997993 8.824758 0.031887 0.032259 0.084369 0.077958 0.032259 0.031879 0.032259 645130 649747
7 62.310000 60.320000 1000000 8.997397 8.816649 8.994891 8.818306 0.031885 0.032259 0.084369 0.077958 0.032259 0.031877 0.032259 649740 655236
7 62.310000 60.320000 1000000 8.990416 8.812347 8.987905 8.814005 0.031887 0.032259 0.088358 0.082259 0.032259 0.031879 0.032259 655230 721509
7 62.310000 60.320000 1000000 8.984909 8.805896 8.982256 8.807150 0.031888 0.032259 0.088359 0.082260 0.032259 0.031880 0.032259 721500 723807
7 62.310000 60.320000 1000000 8.983503 8.804821 8.980848 8.806075 0.031887 0.032259 0.089360 0.083335 0.032259 0.031879 0.032259 723800 780769
7 62.310000 60.320000 1000000 8.958721 8.784390 8.956045 8.785645 0.031874 0.032259 0.084368 0.077957 0.032259 0.031866 0.032259 780760 784326
7 62.310000 60.320000 1000000 8.958238 8.783315 8.955561 8.784569 0.031873 0.032259 0.085363 0.079033 0.032259 0.031864 0.032259 784320 789151
7 62.310000 60.320000 1000000 8.958063 8.782240 8.955320 8.783091 0.031872 0.032259 0.084368 0.077957 0.032259 0.031864 0.032259 789150 796030
7 62.310000 60.320000 1000000 8.951574 8.777939 8.948825 8.778790 0.031873 0.032259 0.084367 0.077957 0.032259 0.031865 0.032259 796030 811009
7 62.310000 60.320000 1000000 8.946878 8.774713 8.944125 8.775564 0.031874 0.032259 0.085362 0.079032 0.032259 0.031866 0.032259 811000 877168
7 62.310000 60.320000 1000000 8.927174 8.749982 8.924402 8.750833 0.031868 0.032259 0.092374 0.086558 0.032259 0.031860 0.032259 877160 884211
7 62.310000 60.320000 1000000 8.927001 8.748906 8.924165 8.749354 0.031868 0.032259 0.092374 0.086558 0.032259 0.031859 0.032259 884210 909033
7 62.310000 60.320000 1000000 8.925599 8.747831 8.922761 8.748279 0.031867 0.032259 0.092374 0.086558 0.032259 0.031858 0.032259 909030 927146
7 62.310000 60.320000 1000000 8.922149 8.743530 8.919308 8.743978 0.031865 0.032259 0.090362 0.084408 0.032259 0.031856 0.032259 927140 994384
7 62.310000 60.320000 1000000 8.918413 8.740304 8.915569 8.740752 0.031865 0.032259 0.092374 0.086559 0.032259 0.031856 0.032259 994380 998647
7 62.310000 60.320000 1000000 8.917356 8.739229 8.914511 8.739677 0.031863 0.032259 0.092374 0.086559 0.032259 0.031855 0.032259 998640 1000000
