37 62.310000 60.320000 1000000 13.498578 13.496738 13.491816 13.483071 0.031972 0.032257 0.229168 0.226887 0.032257 0.031965 0.032257 0 50
37 62.310000 60.320000 1000000 11.917126 11.841903 11.913467 11.847457 0.031424 0.032257 0.265408 0.263440 0.032257 0.031414 0.032257 50 60
37 62.310000 60.320000 1000000 11.644468 11.510184 11.640445 11.514887 0.031455 0.032257 0.175567 0.172578 0.032257 0.031444 0.032257 60 71
37 62.310000 60.320000 1000000 11.540374 11.422550 11.534480 11.418561 0.031491 0.032257 0.175039 0.172041 0.032257 0.031481 0.032257 70 82
37 62.310000 60.320000 1000000 11.441777 11.326313 11.436141 11.323131 0.031511 0.032257 0.177683 0.174731 0.032257 0.031501 0.032257 80 90
37 62.310000 60.320000 1000000 11.377294 11.229540 11.368987 11.214887 0.031520 0.032257 0.187209 0.184409 0.032257 0.031512 0.032257 90 100
37 62.310000 60.320000 1000000 11.275612 11.135992 11.269206 11.131375 0.031541 0.032257 0.169228 0.166125 0.032257 0.031531 0.032257 100 110
37 62.310000 60.320000 1000000 11.167233 10.918251 11.170337 10.978644 0.031486 0.032257 0.200460 0.197848 0.032257 0.031483 0.032257 110 120
37 62.310000 60.320000 1000000 11.118543 10.834918 11.120701 10.884245 0.031461 0.032257 0.205237 0.202686 0.032257 0.031458 0.032257 120 147
37 62.310000 60.320000 1000000 11.091264 10.804811 11.093681 10.855392 0.031456 0.032257 0.202053 0.199462 0.032257 0.031453 0.032257 140 154
37 62.310000 60.320000 1000000 11.066445 10.789757 11.068879 10.840338 0.031467 0.032257 0.204177 0.201613 0.032257 0.031464 0.032257 150 162
37 62.310000 60.320000 1000000 11.035791 10.749972 11.037229 10.796118 0.031466 0.032257 0.217990 0.215591 0.032257 0.031463 0.032257 160 171
37 62.310000 60.320000 1000000 10.963003 10.687069 10.963187 10.724837 0.031486 0.032257 0.221711 0.219352 0.032257 0.031482 0.032257 170 187
37 62.310000 60.320000 1000000 10.927029 10.658037 10.927214 10.695805 0.031505 0.032257 0.222776 0.220428 0.032257 0.031502 0.032257 180 190
37 62.310000 60.320000 1000000 10.857749 10.477392 10.855724 10.482812 0.031494 0.032257 0.285697 0.283870 0.032257 0.031489 0.032257 190 219
37 62.310000 60.320000 1000000 10.644995 10.266640 10.639136 10.253915 0.031608 0.032257 0.198336 0.195695 0.032257 0.031600 0.032257 210 220
37 62.310000 60.320000 1000000 10.568589 10.194598 10.567930 10.210725 0.031652 0.032257 0.191978 0.189249 0.032257 0.031644 0.032257 220 232
37 62.310000 60.320000 1000000 10.494160 10.155888 10.493487 10.172016 0.031713 0.032257 0.183502 0.180645 0.032257 0.031704 0.032257 230 256
37 62.310000 60.320000 1000000 10.467681 10.133308 10.467003 10.149435 0.031717 0.032257 0.179269 0.176343 0.032257 0.031708 0.032257 250 264
37 62.310000 60.320000 1000000 10.463582 10.131157 10.462903 10.147285 0.031719 0.032257 0.179269 0.176343 0.032257 0.031711 0.032257 260 275
37 62.310000 60.320000 1000000 10.433813 10.115028 10.433128 10.131156 0.031741 0.032257 0.179268 0.176342 0.032257 0.031733 0.032257 270 281
37 62.310000 60.320000 1000000 10.395738 10.047286 10.394646 10.054902 0.031741 0.032257 0.158163 0.154839 0.032257 0.031732 0.032257 280 292
37 62.310000 60.320000 1000000 10.362433 10.019330 10.361331 10.026945 0.031731 0.032257 0.146604 0.143011 0.032257 0.031722 0.032257 290 304
37 62.310000 60.320000 1000000 10.359876 10.015028 10.358773 10.022644 0.031731 0.032257 0.143459 0.139786 0.032257 0.031721 0.032257 300 318
37 62.310000 60.320000 1000000 10.304985 9.954814 10.303864 9.962429 0.031731 0.032257 0.133001 0.129030 0.032257 0.031721 0.032257 310 348
37 62.310000 60.320000 1000000 10.270499 9.934384 10.269367 9.941999 0.031746 0.032257 0.136133 0.132256 0.032257 0.031736 0.032257 340 362
37 62.310000 60.320000 1000000 10.238837 9.911803 10.237694 9.919418 0.031766 0.032257 0.120522 0.116125 0.032257 0.031757 0.032257 360 375
37 62.310000 60.320000 1000000 10.218364 9.897825 10.217215 9.905440 0.031780 0.032257 0.120524 0.116127 0.032257 0.031771 0.032257 370 395
37 62.310000 60.320000 1000000 10.217789 9.896750 10.216639 9.904365 0.031779 0.032257 0.120524 0.116127 0.032257 0.031770 0.032257 390 400
37 62.310000 60.320000 1000000 10.203805 9.885997 10.202650 9.893612 0.031789 0.032257 0.117418 0.112900 0.032257 0.031779 0.032257 400 448
37 62.310000 60.320000 1000000 10.158510 9.830084 10.156525 9.829186 0.031798 0.032257 0.121561 0.117203 0.032257 0.031788 0.032257 440 450
37 62.310000 60.320000 1000000 10.116635 9.803202 10.114626 9.802305 0.031815 0.032257 0.122597 0.118277 0.032257 0.031805 0.032257 450 461
37 62.310000 60.320000 1000000 10.074348 9.774170 10.072313 9.773273 0.031832 0.032257 0.142409 0.138707 0.032257 0.031822 0.032257 460 472
37 62.310000 60.320000 1000000 10.057577 9.756966 10.055005 9.754053 0.031836 0.032257 0.146604 0.143012 0.032257 0.031826 0.032257 470 494
37 62.310000 60.320000 1000000 9.966612 9.697826 9.963969 9.694913 0.031881 0.032257 0.149753 0.146237 0.032257 0.031871 0.032257 490 517
37 62.310000 60.320000 1000000 9.931672 9.661267 9.929002 9.658354 0.031877 0.032257 0.138226 0.134410 0.032257 0.031867 0.032257 510 537
37 62.310000 60.320000 1000000 9.870688 9.609654 9.867436 9.604322 0.031895 0.032257 0.168706 0.165593 0.032257 0.031885 0.032257 530 550
37 62.310000 60.320000 1000000 9.835061 9.579547 9.831578 9.573408 0.031898 0.032257 0.166596 0.163443 0.032257 0.031888 0.032257 550 571
37 62.310000 60.320000 1000000 9.818393 9.563418 9.814892 9.557279 0.031901 0.032257 0.166596 0.163443 0.032257 0.031891 0.032257 560 572
37 62.310000 60.320000 1000000 9.787978 9.545139 9.784445 9.539000 0.031922 0.032257 0.155010 0.151617 0.032257 0.031912 0.032257 570 590
37 62.310000 60.320000 1000000 9.727266 9.494601 9.723340 9.485057 0.031942 0.032257 0.155010 0.151617 0.032257 0.031933 0.032257 590 609
37 62.310000 60.320000 1000000 9.714826 9.482773 9.710885 9.473229 0.031939 0.032257 0.151857 0.148391 0.032257 0.031929 0.032257 600 611
37 62.310000 60.320000 1000000 9.697883 9.468795 9.693921 9.459251 0.031924 0.032257 0.157114 0.153767 0.032257 0.031915 0.032257 610 626
37 62.310000 60.320000 1000000 9.662481 9.448365 9.658476 9.438821 0.031945 0.032257 0.151855 0.148390 0.032257 0.031936 0.032257 620 638
37 62.310000 60.320000 1000000 9.632736 9.420408 9.628693 9.410864 0.031922 0.032257 0.165541 0.162367 0.032257 0.031912 0.032257 630 646
37 62.310000 60.320000 1000000 9.609731 9.405355 9.605659 9.395811 0.031934 0.032257 0.167650 0.164518 0.032257 0.031925 0.032257 640 679
37 62.310000 60.320000 1000000 9.581112 9.379548 9.577003 9.370004 0.031912 0.032257 0.155008 0.151615 0.032257 0.031903 0.032257 670 711
37 62.310000 60.320000 1000000 9.497744 9.330086 9.493394 9.319736 0.031959 0.032257 0.179273 0.176347 0.032257 0.031950 0.032257 710 722
37 62.310000 60.320000 1000000 9.473498 9.316108 9.469115 9.305757 0.031972 0.032257 0.180331 0.177423 0.032257 0.031962 0.032257 720 730
37 62.310000 60.320000 1000000 9.472052 9.315033 9.467666 9.304682 0.031971 0.032257 0.179273 0.176347 0.032257 0.031962 0.032257 730 772
37 62.310000 60.320000 1000000 9.469260 9.305355 9.465381 9.297514 0.031968 0.032257 0.173988 0.170971 0.032257 0.031959 0.032257 770 807
37 62.310000 60.320000 1000000 9.469131 9.304280 9.465402 9.297693 0.031968 0.032257 0.172931 0.169896 0.032257 0.031959 0.032257 800 898
37 62.310000 60.320000 1000000 9.434585 9.279549 9.431250 9.276725 0.031981 0.032257 0.157115 0.153768 0.032257 0.031972 0.032257 890 939
37 62.310000 60.320000 1000000 9.419133 9.269871 9.415782 9.267048 0.031986 0.032257 0.148707 0.145166 0.032257 0.031978 0.032257 930 980
37 62.310000 60.320000 1000000 9.398384 9.259119 9.395011 9.256295 0.032006 0.032257 0.146608 0.143015 0.032257 0.031997 0.032257 980 1020
37 62.310000 60.320000 1000000 9.375624 9.236538 9.372731 9.236223 0.032020 0.032257 0.139273 0.135486 0.032257 0.032011 0.032257 1020 1081
37 62.310000 60.320000 1000000 9.351246 9.223635 9.348330 9.223320 0.032038 0.032257 0.129878 0.125808 0.032257 0.032029 0.032257 1080 1109
37 62.310000 60.320000 1000000 9.324919 9.203205 9.321979 9.202890 0.032043 0.032257 0.136137 0.132260 0.032257 0.032034 0.032257 1100 1130
37 62.310000 60.320000 1000000 9.317906 9.192452 9.314959 9.192137 0.032046 0.032257 0.128837 0.124733 0.032257 0.032037 0.032257 1130 1182
37 62.310000 60.320000 1000000 9.259037 9.158044 9.256034 9.157729 0.032093 0.032257 0.106100 0.101078 0.032257 0.032084 0.032257 1180 1206
37 62.310000 60.320000 1000000 9.242512 9.144065 9.239492 9.143750 0.032104 0.032257 0.095912 0.090325 0.032257 0.032095 0.032257 1200 1229
37 62.310000 60.320000 1000000 9.235524 9.138689 9.232498 9.138374 0.032107 0.032257 0.094900 0.089250 0.032257 0.032098 0.032257 1220 1244
37 62.310000 60.320000 1000000 9.202105 9.117183 9.199195 9.118123 0.032122 0.032257 0.083872 0.077421 0.032257 0.032113 0.032257 1240 1310
37 62.310000 60.320000 1000000 9.174268 9.094603 9.171331 9.095543 0.032126 0.032257 0.084867 0.078497 0.032257 0.032117 0.032257 1310 1350
37 62.310000 60.320000 1000000 9.172265 9.092452 9.169326 9.093392 0.032125 0.032257 0.085862 0.079572 0.032257 0.032117 0.032257 1350 1379
37 62.310000 60.320000 1000000 9.171473 9.091377 9.168533 9.092317 0.032126 0.032257 0.085862 0.079572 0.032257 0.032117 0.032257 1370 1394
37 62.310000 60.320000 1000000 9.158921 9.083850 9.155969 9.084790 0.032129 0.032257 0.086859 0.080648 0.032257 0.032121 0.032257 1390 1489
37 62.310000 60.320000 1000000 9.149492 9.077398 9.146531 9.078338 0.032128 0.032257 0.086859 0.080647 0.032257 0.032119 0.032257 1480 1626
37 62.310000 60.320000 1000000 9.110924 9.049442 9.107926 9.050381 0.032133 0.032257 0.073098 0.065595 0.032257 0.032124 0.032257 1620 1657
37 62.310000 60.320000 1000000 9.107109 9.041915 9.104895 9.046618 0.032132 0.032257 0.072136 0.064521 0.032257 0.032123 0.032257 1650 1670
37 62.310000 60.320000 1000000 9.106782 9.040840 9.104568 9.045543 0.032131 0.032257 0.073099 0.065597 0.032257 0.032122 0.032257 1670 1692
37 62.310000 60.320000 1000000 9.105492 9.039764 9.103276 9.044467 0.032133 0.032257 0.072136 0.064521 0.032257 0.032123 0.032257 1690 1703
37 62.310000 60.320000 1000000 9.104338 9.038689 9.102121 9.043392 0.032133 0.032257 0.073099 0.065597 0.032257 0.032124 0.032257 1700 1773
37 62.310000 60.320000 1000000 9.084884 9.023635 9.082654 9.028338 0.032136 0.032257 0.068315 0.060220 0.032257 0.032127 0.032257 1770 1901
37 62.310000 60.320000 1000000 9.084084 9.022560 9.081853 9.027263 0.032135 0.032257 0.068315 0.060220 0.032257 0.032126 0.032257 1900 2128
37 62.310000 60.320000 1000000 9.071137 9.010732 9.068896 9.015435 0.032133 0.032257 0.064556 0.055919 0.032257 0.032124 0.032257 2120 2143
37 62.310000 60.320000 1000000 9.069667 9.009657 9.067425 9.014360 0.032134 0.032257 0.065489 0.056994 0.032257 0.032124 0.032257 2140 2156
37 62.310000 60.320000 1000000 9.067983 9.008582 9.065740 9.013285 0.032134 0.032257 0.066427 0.058069 0.032257 0.032124 0.032257 2150 2209
37 62.310000 60.320000 1000000 9.066355 9.007506 9.064111 9.012210 0.032134 0.032257 0.067369 0.059145 0.032257 0.032125 0.032257 2200 2225
37 62.310000 60.320000 1000000 9.065387 9.006431 9.063142 9.011134 0.032134 0.032257 0.067369 0.059145 0.032257 0.032125 0.032257 2220 2269
37 62.310000 60.320000 1000000 9.062249 8.995678 9.059452 8.995274 0.032137 0.032257 0.065491 0.056995 0.032257 0.032128 0.032257 2260 2306
37 62.310000 60.320000 1000000 9.061853 8.994603 9.059057 8.994199 0.032136 0.032257 0.064557 0.055920 0.032257 0.032127 0.032257 2300 2403
37 62.310000 60.320000 1000000 9.036089 8.978474 9.033268 8.978070 0.032143 0.032257 0.069266 0.061296 0.032257 0.032135 0.032257 2400 2436
37 62.310000 60.320000 1000000 9.034964 8.977399 9.032142 8.976995 0.032143 0.032257 0.069266 0.061296 0.032257 0.032134 0.032257 2430 2445
37 62.310000 60.320000 1000000 9.033404 8.976324 9.030581 8.975919 0.032143 0.032257 0.070219 0.062371 0.032257 0.032134 0.032257 2440 2770
37 62.310000 60.320000 1000000 9.026619 8.972022 9.023790 8.971618 0.032143 0.032257 0.072136 0.064522 0.032257 0.032135 0.032257 2770 2852
37 62.310000 60.320000 1000000 9.018521 8.967721 9.015683 8.967317 0.032148 0.032257 0.068316 0.060221 0.032257 0.032139 0.032257 2840 2985
37 62.310000 60.320000 1000000 9.011025 8.962345 9.008180 8.961941 0.032149 0.032257 0.068316 0.060221 0.032257 0.032141 0.032257 2980 3111
37 62.310000 60.320000 1000000 9.006419 8.959119 9.003570 8.958715 0.032150 0.032257 0.067371 0.059146 0.032257 0.032141 0.032257 3110 3169
37 62.310000 60.320000 1000000 8.997040 8.952668 8.994182 8.952263 0.032156 0.032257 0.062704 0.053770 0.032257 0.032147 0.032257 3160 3199
37 62.310000 60.320000 1000000 8.995162 8.951592 8.992302 8.951188 0.032156 0.032257 0.062704 0.053770 0.032257 0.032148 0.032257 3190 3221
37 62.310000 60.320000 1000000 8.993566 8.950517 8.990705 8.950113 0.032157 0.032257 0.061784 0.052695 0.032257 0.032148 0.032257 3220 3345
37 62.310000 60.320000 1000000 8.979946 8.940840 8.977072 8.940435 0.032161 0.032257 0.059057 0.049469 0.032257 0.032152 0.032257 3340 3351
37 62.310000 60.320000 1000000 8.977813 8.938689 8.974936 8.938285 0.032162 0.032257 0.058159 0.048394 0.032257 0.032153 0.032257 3350 3481
37 62.310000 60.320000 1000000 8.946271 8.911808 8.943364 8.911403 0.032151 0.032257 0.067370 0.059146 0.032257 0.032142 0.032257 3480 3702
37 62.310000 60.320000 1000000 8.930689 8.897829 8.927767 8.897425 0.032145 0.032257 0.072135 0.064521 0.032257 0.032136 0.032257 3700 3814
37 62.310000 60.320000 1000000 8.929262 8.896754 8.926339 8.896350 0.032144 0.032257 0.072135 0.064521 0.032257 0.032136 0.032257 3810 3869
37 62.310000 60.320000 1000000 8.928655 8.895679 8.925731 8.895274 0.032144 0.032257 0.072136 0.064521 0.032257 0.032135 0.032257 3860 3924
37 62.310000 60.320000 1000000 8.916166 8.887076 8.913230 8.886672 0.032149 0.032257 0.069264 0.061294 0.032257 0.032140 0.032257 3920 3998
37 62.310000 60.320000 1000000 8.915417 8.886001 8.912481 8.885597 0.032148 0.032257 0.068314 0.060218 0.032257 0.032140 0.032257 3990 4016
37 62.310000 60.320000 1000000 8.913676 8.884926 8.910738 8.884522 0.032149 0.032257 0.067368 0.059143 0.032257 0.032140 0.032257 4010 4063
37 62.310000 60.320000 1000000 8.907882 8.880625 8.904938 8.880221 0.032150 0.032257 0.064555 0.055917 0.032257 0.032141 0.032257 4060 4441
37 62.310000 60.320000 1000000 8.906731 8.879550 8.903785 8.879145 0.032151 0.032257 0.064555 0.055917 0.032257 0.032142 0.032257 4440 4460
37 62.310000 60.320000 1000000 8.904782 8.878474 8.901835 8.878070 0.032151 0.032257 0.063625 0.054842 0.032257 0.032143 0.032257 4460 4494
37 62.310000 60.320000 1000000 8.903541 8.877399 8.900593 8.876995 0.032151 0.032257 0.062701 0.053767 0.032257 0.032142 0.032257 4490 4547
37 62.310000 60.320000 1000000 8.895731 8.872023 8.892774 8.871618 0.032149 0.032257 0.065488 0.056992 0.032257 0.032140 0.032257 4540 4553
37 62.310000 60.320000 1000000 8.894007 8.870947 8.891049 8.870543 0.032149 0.032257 0.064554 0.055917 0.032257 0.032140 0.032257 4550 4563
37 62.310000 60.320000 1000000 8.893775 8.869872 8.891088 8.870722 0.032149 0.032257 0.063625 0.054842 0.032257 0.032140 0.032257 4560 4602
37 62.310000 60.320000 1000000 8.892088 8.867722 8.889399 8.868572 0.032148 0.032257 0.064554 0.055916 0.032257 0.032139 0.032257 4600 5046
37 62.310000 60.320000 1000000 8.871495 8.853743 8.868788 8.854593 0.032146 0.032257 0.063625 0.054841 0.032257 0.032137 0.032257 5040 5243
37 62.310000 60.320000 1000000 8.864324 8.847292 8.861610 8.848142 0.032145 0.032257 0.066425 0.058067 0.032257 0.032136 0.032257 5240 5270
37 62.310000 60.320000 1000000 8.863780 8.846216 8.861066 8.847067 0.032144 0.032257 0.066425 0.058066 0.032257 0.032135 0.032257 5270 5296
37 62.310000 60.320000 1000000 8.862074 8.845141 8.859357 8.845991 0.032145 0.032257 0.067367 0.059142 0.032257 0.032136 0.032257 5290 5390
37 62.310000 60.320000 1000000 8.856449 8.839765 8.853728 8.840615 0.032142 0.032257 0.068312 0.060216 0.032257 0.032134 0.032257 5390 5596
37 62.310000 60.320000 1000000 8.843819 8.831163 8.841086 8.832013 0.032148 0.032257 0.067366 0.059141 0.032257 0.032139 0.032257 5590 5754
37 62.310000 60.320000 1000000 8.830734 8.822560 8.827989 8.823411 0.032147 0.032257 0.065486 0.056990 0.032257 0.032138 0.032257 5750 6249
37 62.310000 60.320000 1000000 8.812855 8.808582 8.810093 8.809432 0.032149 0.032257 0.063625 0.054842 0.032257 0.032140 0.032257 6240 6410
37 62.310000 60.320000 1000000 8.811834 8.807507 8.809071 8.808357 0.032148 0.032257 0.062701 0.053767 0.032257 0.032140 0.032257 6410 6682
37 62.310000 60.320000 1000000 8.801022 8.797829 8.798249 8.798680 0.032150 0.032257 0.063625 0.054842 0.032257 0.032141 0.032257 6680 7081
37 62.310000 60.320000 1000000 8.799234 8.796754 8.796459 8.797604 0.032150 0.032257 0.064554 0.055917 0.032257 0.032141 0.032257 7080 7616
37 62.310000 60.320000 1000000 8.792352 8.792453 8.789570 8.793303 0.032153 0.032257 0.062700 0.053765 0.032257 0.032145 0.032257 7420 7763
37 62.310000 60.320000 1000000 8.791802 8.791378 8.789021 8.792228 0.032154 0.032257 0.063624 0.054841 0.032257 0.032145 0.032257 7760 8347
37 62.310000 60.320000 1000000 8.785391 8.787077 8.782603 8.787927 0.032156 0.032257 0.063624 0.054840 0.032257 0.032147 0.032257 8340 8372
37 62.310000 60.320000 1000000 8.782019 8.783851 8.779228 8.784701 0.032155 0.032257 0.062700 0.053766 0.032257 0.032146 0.032257 8370 8380
37 62.310000 60.320000 1000000 8.781558 8.782776 8.778766 8.783626 0.032155 0.032257 0.062700 0.053766 0.032257 0.032146 0.032257 8380 9498
37 62.310000 60.320000 1000000 8.777219 8.774174 8.773907 8.773411 0.032159 0.032257 0.062701 0.053766 0.032257 0.032150 0.032257 9490 9529
37 62.310000 60.320000 1000000 8.776982 8.773098 8.773947 8.773590 0.032159 0.032257 0.062700 0.053765 0.032257 0.032150 0.032257 9520 10019
37 62.310000 60.320000 1000000 8.753575 8.753744 8.750515 8.754235 0.032154 0.032257 0.071171 0.063441 0.032257 0.032145 0.032257 10010 10050
37 62.310000 60.320000 1000000 8.752406 8.752668 8.749345 8.753160 0.032154 0.032257 0.072131 0.064517 0.032257 0.032146 0.032257 10050 10180
37 62.310000 60.320000 1000000 8.751129 8.751593 8.748066 8.752085 0.032154 0.032257 0.071171 0.063441 0.032257 0.032145 0.032257 10180 11534
37 62.310000 60.320000 1000000 8.715530 8.726862 8.712978 8.729862 0.032155 0.032257 0.072130 0.064516 0.032257 0.032146 0.032257 11530 11639
37 62.310000 60.320000 1000000 8.711856 8.722561 8.709301 8.725561 0.032154 0.032257 0.070213 0.062365 0.032257 0.032145 0.032257 11630 11724
37 62.310000 60.320000 1000000 8.710177 8.721485 8.707620 8.724486 0.032154 0.032257 0.070213 0.062365 0.032257 0.032145 0.032257 11720 12214
37 62.310000 60.320000 1000000 8.708887 8.720410 8.706329 8.723411 0.032155 0.032257 0.069260 0.061290 0.032257 0.032146 0.032257 12210 12256
37 62.310000 60.320000 1000000 8.707896 8.719335 8.705337 8.722336 0.032156 0.032257 0.069260 0.061289 0.032257 0.032147 0.032257 12250 13340
37 62.310000 60.320000 1000000 8.699662 8.710733 8.697096 8.713733 0.032158 0.032257 0.073094 0.065591 0.032257 0.032149 0.032257 13340 14583
37 62.310000 60.320000 1000000 8.697028 8.706432 8.694460 8.709432 0.032160 0.032257 0.070213 0.062365 0.032257 0.032151 0.032257 14580 14789
37 62.310000 60.320000 1000000 8.696177 8.705356 8.693608 8.708357 0.032159 0.032257 0.069260 0.061289 0.032257 0.032150 0.032257 14780 15701
37 62.310000 60.320000 1000000 8.691340 8.701055 8.688766 8.704056 0.032163 0.032257 0.068310 0.060214 0.032257 0.032153 0.032257 15700 17306
37 62.310000 60.320000 1000000 8.683595 8.695679 8.681014 8.698680 0.032160 0.032257 0.068310 0.060214 0.032257 0.032151 0.032257 15750 17260
37 62.310000 60.320000 1000000 8.678983 8.687615 8.676113 8.688062 0.032158 0.032257 0.069737 0.061828 0.032257 0.032149 0.032257 17260 17306
37 62.310000 60.320000 1000000 8.677142 8.686539 8.674269 8.686986 0.032158 0.032257 0.068785 0.060753 0.032257 0.032150 0.032257 17300 17726
37 62.310000 60.320000 1000000 8.675545 8.685464 8.672671 8.685911 0.032158 0.032257 0.068785 0.060753 0.032257 0.032149 0.032257 17720 18884
37 62.310000 60.320000 1000000 8.664139 8.675787 8.661254 8.676233 0.032161 0.032257 0.063160 0.054302 0.032257 0.032152 0.032257 18880 19435
37 62.310000 60.320000 1000000 8.662774 8.674711 8.659887 8.675158 0.032161 0.032257 0.063160 0.054302 0.032257 0.032153 0.032257 19430 20795
37 62.310000 60.320000 1000000 8.655909 8.668260 8.653016 8.668707 0.032163 0.032257 0.064087 0.055377 0.032257 0.032154 0.032257 20060 22276
37 62.310000 60.320000 1000000 8.645968 8.660733 8.643065 8.661180 0.032165 0.032257 0.065955 0.057528 0.032257 0.032156 0.032257 21850 22849
37 62.310000 60.320000 1000000 8.644982 8.659658 8.642078 8.660104 0.032164 0.032257 0.065019 0.056453 0.032257 0.032155 0.032257 22840 24501
37 62.310000 60.320000 1000000 8.644807 8.658045 8.641810 8.657640 0.032164 0.032257 0.065486 0.056991 0.032257 0.032156 0.032257 24500 24982
37 62.310000 60.320000 1000000 8.641632 8.652668 8.638510 8.650561 0.032165 0.032257 0.065484 0.056988 0.032257 0.032156 0.032257 24980 25015
37 62.310000 60.320000 1000000 8.640442 8.651593 8.637319 8.649486 0.032166 0.032257 0.065486 0.056990 0.032257 0.032157 0.032257 25010 25441
37 62.310000 60.320000 1000000 8.639788 8.650518 8.636664 8.648411 0.032165 0.032257 0.064553 0.055915 0.032257 0.032157 0.032257 25440 26149
37 62.310000 60.320000 1000000 8.619885 8.634389 8.616610 8.631879 0.032160 0.032257 0.059957 0.050539 0.032257 0.032152 0.032257 26140 27224
37 62.310000 60.320000 1000000 8.619326 8.633314 8.616050 8.630804 0.032161 0.032257 0.059956 0.050539 0.032257 0.032152 0.032257 27220 29011
37 62.310000 60.320000 1000000 8.606773 8.624711 8.603483 8.622201 0.032164 0.032257 0.059052 0.049462 0.032257 0.032155 0.032257 29010 31597
37 62.310000 60.320000 1000000 8.589660 8.611808 8.586350 8.609298 0.032164 0.032257 0.059956 0.050538 0.032257 0.032155 0.032257 31590 32253
37 62.310000 60.320000 1000000 8.584999 8.606432 8.581684 8.603922 0.032166 0.032257 0.061779 0.052689 0.032257 0.032158 0.032257 32250 33941
37 62.310000 60.320000 1000000 8.583589 8.603206 8.580824 8.603205 0.032166 0.032257 0.060864 0.051613 0.032257 0.032157 0.032257 33940 37706
37 62.310000 60.320000 1000000 8.575460 8.595679 8.572600 8.595275 0.032167 0.032257 0.057262 0.047312 0.032257 0.032158 0.032257 37700 38925
37 62.310000 60.320000 1000000 8.573520 8.592453 8.570658 8.592049 0.032169 0.032257 0.058154 0.048387 0.032257 0.032160 0.032257 38920 39496
37 62.310000 60.320000 1000000 8.568533 8.589228 8.565666 8.588823 0.032170 0.032257 0.058154 0.048388 0.032257 0.032161 0.032257 39490 40188
37 62.310000 60.320000 1000000 8.560104 8.582776 8.557229 8.582372 0.032171 0.032257 0.057262 0.047312 0.032257 0.032162 0.032257 40180 42006
37 62.310000 60.320000 1000000 8.542016 8.570948 8.539122 8.570544 0.032173 0.032257 0.066423 0.058065 0.032257 0.032164 0.032257 42000 42496
37 62.310000 60.320000 1000000 8.540684 8.569873 8.537789 8.569468 0.032172 0.032257 0.066423 0.058065 0.032257 0.032163 0.032257 42490 43234
37 62.310000 60.320000 1000000 8.539888 8.568797 8.536992 8.568393 0.032173 0.032257 0.065485 0.056989 0.032257 0.032164 0.032257 43230 45071
37 62.310000 60.320000 1000000 8.529995 8.558045 8.527628 8.560149 0.032176 0.032257 0.067365 0.059139 0.032257 0.032167 0.032257 45070 45995
37 62.310000 60.320000 1000000 8.528754 8.556969 8.526386 8.559074 0.032176 0.032257 0.066423 0.058064 0.032257 0.032166 0.032257 45990 48786
37 62.310000 60.320000 1000000 8.522361 8.551593 8.519988 8.553698 0.032174 0.032257 0.067365 0.059140 0.032257 0.032164 0.032257 48780 50715
37 62.310000 60.320000 1000000 8.509051 8.539765 8.506667 8.541870 0.032179 0.032257 0.068312 0.060216 0.032257 0.032170 0.032257 50710 50769
37 62.310000 60.320000 1000000 8.507593 8.538690 8.505207 8.540795 0.032179 0.032257 0.068311 0.060216 0.032257 0.032169 0.032257 50760 53912
37 62.310000 60.320000 1000000 8.500162 8.530088 8.497769 8.532192 0.032181 0.032257 0.070214 0.062365 0.032257 0.032171 0.032257 53910 54020
37 62.310000 60.320000 1000000 8.498816 8.529013 8.496423 8.531117 0.032181 0.032257 0.070214 0.062365 0.032257 0.032171 0.032257 54020 54483
37 62.310000 60.320000 1000000 8.498590 8.527937 8.496461 8.531296 0.032181 0.032257 0.071171 0.063441 0.032257 0.032171 0.032257 54480 56128
37 62.310000 60.320000 1000000 8.494732 8.523636 8.492467 8.526592 0.032184 0.032257 0.067365 0.059140 0.032257 0.032174 0.032257 56120 58547
37 62.310000 60.320000 1000000 8.491122 8.519335 8.488854 8.522291 0.032181 0.032257 0.069261 0.061290 0.032257 0.032172 0.032257 58540 62234
37 62.310000 60.320000 1000000 8.489677 8.518260 8.487408 8.521216 0.032181 0.032257 0.068312 0.060216 0.032257 0.032171 0.032257 62230 63396
37 62.310000 60.320000 1000000 8.489020 8.517185 8.486750 8.520141 0.032181 0.032257 0.068312 0.060216 0.032257 0.032172 0.032257 63390 67411
37 62.310000 60.320000 1000000 8.479101 8.510733 8.476823 8.513689 0.032184 0.032257 0.063623 0.054839 0.032257 0.032174 0.032257 67410 68221
37 62.310000 60.320000 1000000 8.478251 8.509658 8.475973 8.512614 0.032184 0.032257 0.063623 0.054839 0.032257 0.032175 0.032257 68220 68418
37 62.310000 60.320000 1000000 8.476955 8.508582 8.474676 8.511538 0.032185 0.032257 0.062699 0.053765 0.032257 0.032175 0.032257 68410 70350
37 62.310000 60.320000 1000000 8.475482 8.507507 8.473201 8.510463 0.032184 0.032257 0.063624 0.054840 0.032257 0.032174 0.032257 70350 74090
37 62.310000 60.320000 1000000 8.462989 8.499980 8.460698 8.502936 0.032189 0.032257 0.059957 0.050540 0.032257 0.032179 0.032257 74090 74132
37 62.310000 60.320000 1000000 8.462239 8.498905 8.459948 8.501861 0.032189 0.032257 0.059956 0.050539 0.032257 0.032179 0.032257 74130 76197
37 62.310000 60.320000 1000000 8.460378 8.497830 8.458085 8.500786 0.032190 0.032257 0.059053 0.049464 0.032257 0.032180 0.032257 76190 77253
37 62.310000 60.320000 1000000 8.459941 8.496754 8.457648 8.499710 0.032190 0.032257 0.059956 0.050539 0.032257 0.032180 0.032257 77250 77702
37 62.310000 60.320000 1000000 8.458807 8.495679 8.456513 8.498635 0.032190 0.032257 0.059956 0.050539 0.032257 0.032181 0.032257 77700 78011
37 62.310000 60.320000 1000000 8.457638 8.494604 8.455343 8.497560 0.032190 0.032257 0.059053 0.049464 0.032257 0.032180 0.032257 78010 78825
37 62.310000 60.320000 1000000 8.452157 8.489228 8.449726 8.491780 0.032193 0.032257 0.059053 0.049464 0.032257 0.032183 0.032257 78820 79244
37 62.310000 60.320000 1000000 8.450854 8.488152 8.448422 8.490705 0.032192 0.032257 0.059053 0.049464 0.032257 0.032182 0.032257 79240 79278
37 62.310000 60.320000 1000000 8.449684 8.487077 8.447251 8.489630 0.032191 0.032257 0.059053 0.049464 0.032257 0.032182 0.032257 79270 81819
37 62.310000 60.320000 1000000 8.446627 8.483314 8.444094 8.485015 0.032192 0.032257 0.058603 0.048927 0.032257 0.032182 0.032257 81810 90754
37 62.310000 60.320000 1000000 8.440126 8.477937 8.437587 8.479639 0.032193 0.032257 0.059504 0.050002 0.032257 0.032183 0.032257 90750 95045
37 62.310000 60.320000 1000000 8.438486 8.474712 8.435816 8.476010 0.032194 0.032257 0.058603 0.048926 0.032257 0.032185 0.032257 95040 97248
37 62.310000 60.320000 1000000 8.434435 8.471486 8.431761 8.472784 0.032194 0.032257 0.060409 0.051076 0.032257 0.032184 0.032257 97240 99557
37 62.310000 60.320000 1000000 8.433141 8.470411 8.430466 8.471709 0.032194 0.032257 0.060409 0.051076 0.032257 0.032185 0.032257 99550 101665
37 62.310000 60.320000 1000000 8.432960 8.468798 8.430189 8.469245 0.032194 0.032257 0.059955 0.050538 0.032257 0.032185 0.032257 101660 102295
37 62.310000 60.320000 1000000 8.432782 8.467185 8.429917 8.466780 0.032194 0.032257 0.059503 0.050001 0.032257 0.032185 0.032257 102290 115098
37 62.310000 60.320000 1000000 8.415407 8.452131 8.412341 8.450024 0.032198 0.032257 0.059502 0.050000 0.032257 0.032190 0.032257 115090 116270
37 62.310000 60.320000 1000000 8.413471 8.451056 8.410403 8.448949 0.032200 0.032257 0.058602 0.048924 0.032257 0.032191 0.032257 116270 117125
37 62.310000 60.320000 1000000 8.412020 8.449981 8.408951 8.447874 0.032199 0.032257 0.058602 0.048925 0.032257 0.032190 0.032257 117120 125061
37 62.310000 60.320000 1000000 8.406808 8.442454 8.403604 8.439944 0.032197 0.032257 0.056818 0.046774 0.032257 0.032189 0.032257 125060 131698
37 62.310000 60.320000 1000000 8.400764 8.436002 8.397932 8.436001 0.032199 0.032257 0.055936 0.045698 0.032257 0.032190 0.032257 131690 133262
37 62.310000 60.320000 1000000 8.399399 8.434927 8.396565 8.434926 0.032198 0.032257 0.055061 0.044623 0.032257 0.032190 0.032257 133260 141801
37 62.310000 60.320000 1000000 8.382117 8.413421 8.378667 8.409209 0.032200 0.032257 0.062238 0.053226 0.032257 0.032192 0.032257 141800 154142
37 62.310000 60.320000 1000000 8.373306 8.404819 8.369845 8.400607 0.032202 0.032257 0.062238 0.053226 0.032257 0.032194 0.032257 154140 160112
37 62.310000 60.320000 1000000 8.367154 8.399443 8.363686 8.395231 0.032202 0.032257 0.065955 0.057528 0.032257 0.032194 0.032257 160110 160688
37 62.310000 60.320000 1000000 8.359570 8.394067 8.356092 8.389854 0.032204 0.032257 0.066894 0.058603 0.032257 0.032195 0.032257 160680 176772
37 62.310000 60.320000 1000000 8.331636 8.370411 8.328123 8.366198 0.032206 0.032257 0.066895 0.058604 0.032257 0.032198 0.032257 172930 174702
37 62.310000 60.320000 1000000 8.327402 8.366110 8.323884 8.361897 0.032207 0.032257 0.069739 0.061830 0.032257 0.032199 0.032257 174700 176772
37 62.310000 60.320000 1000000 8.326088 8.365034 8.322568 8.360822 0.032207 0.032257 0.068787 0.060755 0.032257 0.032199 0.032257 176770 189990
37 62.310000 60.320000 1000000 8.320030 8.359658 8.316503 8.355446 0.032207 0.032257 0.066895 0.058604 0.032257 0.032199 0.032257 189990 190670
37 62.310000 60.320000 1000000 8.319612 8.358583 8.316084 8.354370 0.032207 0.032257 0.065956 0.057529 0.032257 0.032199 0.032257 190670 198055
37 62.310000 60.320000 1000000 8.314959 8.351056 8.311425 8.346844 0.032209 0.032257 0.069739 0.061831 0.032257 0.032201 0.032257 198050 201322
37 62.310000 60.320000 1000000 8.311559 8.347830 8.308021 8.343618 0.032210 0.032257 0.067840 0.059680 0.032257 0.032202 0.032257 201320 204202
37 62.310000 60.320000 1000000 8.310221 8.346755 8.306681 8.342542 0.032210 0.032257 0.068788 0.060755 0.032257 0.032202 0.032257 204200 210691
37 62.310000 60.320000 1000000 8.309311 8.343529 8.306317 8.341826 0.032211 0.032257 0.066895 0.058604 0.032257 0.032202 0.032257 210690 211717
37 62.310000 60.320000 1000000 8.309084 8.342454 8.306355 8.342005 0.032211 0.032257 0.065956 0.057529 0.032257 0.032202 0.032257 211710 212148
37 62.310000 60.320000 1000000 8.307882 8.341379 8.305152 8.340930 0.032211 0.032257 0.065955 0.057529 0.032257 0.032202 0.032257 212140 225347
37 62.310000 60.320000 1000000 8.304458 8.338153 8.301725 8.337704 0.032209 0.032257 0.067839 0.059679 0.032257 0.032200 0.032257 225340 241921
37 62.310000 60.320000 1000000 8.293899 8.325250 8.291156 8.324801 0.032212 0.032257 0.065955 0.057529 0.032257 0.032203 0.032257 241920 248618
37 62.310000 60.320000 1000000 8.288560 8.319873 8.285811 8.319424 0.032215 0.032257 0.065019 0.056453 0.032257 0.032206 0.032257 246150 247937
37 62.310000 60.320000 1000000 8.287561 8.318798 8.284811 8.318349 0.032215 0.032257 0.065955 0.057529 0.032257 0.032206 0.032257 247930 248618
37 62.310000 60.320000 1000000 8.286580 8.317723 8.283829 8.317274 0.032215 0.032257 0.065955 0.057528 0.032257 0.032206 0.032257 248610 250977
37 62.310000 60.320000 1000000 8.284725 8.316647 8.281972 8.316198 0.032215 0.032257 0.065955 0.057528 0.032257 0.032207 0.032257 250970 253537
37 62.310000 60.320000 1000000 8.283786 8.315572 8.281032 8.315123 0.032216 0.032257 0.065019 0.056453 0.032257 0.032207 0.032257 253530 261953
37 62.310000 60.320000 1000000 8.282395 8.314497 8.279640 8.314048 0.032215 0.032257 0.065019 0.056453 0.032257 0.032207 0.032257 261950 284773
37 62.310000 60.320000 1000000 8.260765 8.291916 8.257496 8.289854 0.032219 0.032257 0.064089 0.055379 0.032257 0.032211 0.032257 284400 285196
37 62.310000 60.320000 1000000 8.259941 8.290841 8.256671 8.288779 0.032220 0.032257 0.064089 0.055379 0.032257 0.032211 0.032257 285190 285820
37 62.310000 60.320000 1000000 8.258364 8.289766 8.255092 8.287704 0.032220 0.032257 0.063162 0.054303 0.032257 0.032211 0.032257 285820 288048
37 62.310000 60.320000 1000000 8.257196 8.288691 8.253923 8.286629 0.032219 0.032257 0.063162 0.054304 0.032257 0.032211 0.032257 288040 292110
37 62.310000 60.320000 1000000 8.255591 8.287615 8.252316 8.285553 0.032219 0.032257 0.062240 0.053228 0.032257 0.032211 0.032257 292110 298518
37 62.310000 60.320000 1000000 8.252239 8.282777 8.248874 8.279863 0.032218 0.032257 0.064554 0.055917 0.032257 0.032209 0.032257 298510 312066
37 62.310000 60.320000 1000000 8.241917 8.275250 8.238539 8.272337 0.032216 0.032257 0.066425 0.058067 0.032257 0.032208 0.032257 312060 312429
37 62.310000 60.320000 1000000 8.241497 8.274175 8.238119 8.271261 0.032216 0.032257 0.066425 0.058067 0.032257 0.032208 0.032257 312420 338668
37 62.310000 60.320000 1000000 8.221970 8.256970 8.218568 8.254057 0.032217 0.032257 0.065488 0.056993 0.032257 0.032209 0.032257 338660 339862
37 62.310000 60.320000 1000000 8.221715 8.255895 8.218216 8.252578 0.032217 0.032257 0.064555 0.055918 0.032257 0.032209 0.032257 339860 375704
37 62.310000 60.320000 1000000 8.210121 8.247293 8.206607 8.243976 0.032214 0.032257 0.066427 0.058069 0.032257 0.032206 0.032257 375700 394688
37 62.310000 60.320000 1000000 8.204455 8.244067 8.200934 8.240750 0.032217 0.032257 0.066427 0.058069 0.032257 0.032209 0.032257 394680 405734
37 62.310000 60.320000 1000000 8.203843 8.242992 8.200322 8.239675 0.032217 0.032257 0.067369 0.059144 0.032257 0.032209 0.032257 405730 441335
37 62.310000 60.320000 1000000 8.195398 8.232239 8.191865 8.228923 0.032219 0.032257 0.068315 0.060219 0.032257 0.032211 0.032257 441330 446332
37 62.310000 60.320000 1000000 8.194205 8.231164 8.190671 8.227847 0.032218 0.032257 0.069265 0.061295 0.032257 0.032210 0.032257 446330 449885
37 62.310000 60.320000 1000000 8.192548 8.230088 8.189011 8.226772 0.032219 0.032257 0.069265 0.061295 0.032257 0.032210 0.032257 449880 458835
37 62.310000 60.320000 1000000 8.187635 8.225787 8.184092 8.222471 0.032219 0.032257 0.068314 0.060219 0.032257 0.032211 0.032257 458830 469799
37 62.310000 60.320000 1000000 8.173102 8.217185 8.169541 8.213869 0.032226 0.032257 0.066427 0.058069 0.032257 0.032217 0.032257 469790 487075
37 62.310000 60.320000 1000000 8.172938 8.215572 8.169289 8.211405 0.032226 0.032257 0.066897 0.058606 0.032257 0.032218 0.032257 487070 511031
37 62.310000 60.320000 1000000 8.162668 8.205895 8.158816 8.200921 0.032225 0.032257 0.072616 0.065058 0.032257 0.032217 0.032257 511030 526320
37 62.310000 60.320000 1000000 8.156699 8.201594 8.152838 8.196620 0.032224 0.032257 0.071654 0.063982 0.032257 0.032216 0.032257 526320 545938
37 62.310000 60.320000 1000000 8.156276 8.200518 8.152415 8.195544 0.032224 0.032257 0.071654 0.063983 0.032257 0.032216 0.032257 545930 548682
37 62.310000 60.320000 1000000 8.154853 8.199443 8.150990 8.194469 0.032224 0.032257 0.071655 0.063983 0.032257 0.032216 0.032257 548680 550953
37 62.310000 60.320000 1000000 8.154618 8.198368 8.151029 8.194648 0.032224 0.032257 0.070696 0.062908 0.032257 0.032215 0.032257 550950 561397
37 62.310000 60.320000 1000000 8.150690 8.194067 8.147096 8.190347 0.032225 0.032257 0.074549 0.067209 0.032257 0.032216 0.032257 561390 575345
37 62.310000 60.320000 1000000 8.150460 8.192992 8.147135 8.190526 0.032225 0.032257 0.073581 0.066134 0.032257 0.032216 0.032257 575340 582826
37 62.310000 60.320000 1000000 8.147792 8.189766 8.144664 8.188555 0.032226 0.032257 0.071655 0.063983 0.032257 0.032217 0.032257 582820 603749
37 62.310000 60.320000 1000000 8.144133 8.185465 8.141000 8.184254 0.032225 0.032257 0.071655 0.063983 0.032257 0.032216 0.032257 603740 609249
37 62.310000 60.320000 1000000 8.139925 8.180088 8.137052 8.180132 0.032226 0.032257 0.072617 0.065059 0.032257 0.032217 0.032257 609240 611414
37 62.310000 60.320000 1000000 8.139401 8.179013 8.136527 8.179057 0.032227 0.032257 0.072617 0.065059 0.032257 0.032218 0.032257 611410 611463
37 62.310000 60.320000 1000000 8.139067 8.177938 8.136193 8.177982 0.032227 0.032257 0.072616 0.065058 0.032257 0.032218 0.032257 611460 627536
37 62.310000 60.320000 1000000 8.136591 8.175787 8.133715 8.175831 0.032226 0.032257 0.072616 0.065058 0.032257 0.032218 0.032257 623630 662027
37 62.310000 60.320000 1000000 8.126849 8.167185 8.123962 8.167229 0.032225 0.032257 0.072615 0.065056 0.032257 0.032216 0.032257 662020 666586
37 62.310000 60.320000 1000000 8.126603 8.166110 8.123623 8.165750 0.032225 0.032257 0.073580 0.066132 0.032257 0.032216 0.032257 666580 680147
37 62.310000 60.320000 1000000 8.119748 8.158583 8.116761 8.158224 0.032226 0.032257 0.076493 0.069359 0.032257 0.032217 0.032257 680140 701736
37 62.310000 60.320000 1000000 8.110581 8.144604 8.107584 8.144245 0.032227 0.032257 0.072615 0.065057 0.032257 0.032218 0.032257 701730 714351
37 62.310000 60.320000 1000000 8.109507 8.143529 8.106509 8.143170 0.032228 0.032257 0.071654 0.063982 0.032257 0.032219 0.032257 714350 719885
37 62.310000 60.320000 1000000 8.104602 8.138153 8.101598 8.137793 0.032228 0.032257 0.070695 0.062907 0.032257 0.032220 0.032257 719880 735467
37 62.310000 60.320000 1000000 8.103348 8.137078 8.100343 8.136718 0.032228 0.032257 0.070695 0.062907 0.032257 0.032219 0.032257 735460 764877
37 62.310000 60.320000 1000000 8.099074 8.132777 8.096064 8.132417 0.032226 0.032257 0.073580 0.066132 0.032257 0.032218 0.032257 764870 820218
37 62.310000 60.320000 1000000 8.089641 8.119336 8.086364 8.116422 0.032225 0.032257 0.076979 0.069895 0.032257 0.032216 0.032257 820210 879905
37 62.310000 60.320000 1000000 8.084055 8.112346 8.080699 8.108582 0.032225 0.032257 0.075518 0.068282 0.032257 0.032216 0.032257 879900 919042
37 62.310000 60.320000 1000000 8.070715 8.101594 8.067343 8.097829 0.032223 0.032257 0.078447 0.071507 0.032257 0.032215 0.032257 919040 927481
37 62.310000 60.320000 1000000 8.055788 8.091916 8.052397 8.088152 0.032226 0.032257 0.072613 0.065055 0.032257 0.032217 0.032257 927480 945651
37 62.310000 60.320000 1000000 8.046724 8.074175 8.042615 8.064944 0.032226 0.032257 0.076004 0.068819 0.032257 0.032218 0.032257 945650 974407
37 62.310000 60.320000 1000000 8.046193 8.073099 8.042084 8.063869 0.032226 0.032257 0.076004 0.068819 0.032257 0.032218 0.032257 974400 1000000
