22 62.310000 60.320000 1000000 14.469032 14.142437 14.468433 14.150993 0.031889 0.032259 0.271279 0.269354 0.032259 0.031881 0.032259 0 50
22 62.310000 60.320000 1000000 13.408691 13.244053 13.407762 13.250190 0.031814 0.032259 0.402371 0.401076 0.032259 0.031804 0.032259 50 60
22 62.310000 60.320000 1000000 12.838460 12.798891 12.833589 12.793917 0.031957 0.032259 0.277152 0.275268 0.032259 0.031947 0.032259 60 70
22 62.310000 60.320000 1000000 12.581838 12.569860 12.576045 12.560271 0.031985 0.032259 0.295318 0.293551 0.032259 0.031977 0.032259 70 80
22 62.310000 60.320000 1000000 12.464840 12.458032 12.460685 12.457225 0.031980 0.032259 0.252608 0.250539 0.032259 0.031971 0.032259 80 91
22 62.310000 60.320000 1000000 12.352900 12.365560 12.348535 12.364349 0.031997 0.032259 0.248343 0.246239 0.032259 0.031987 0.032259 90 101
22 62.310000 60.320000 1000000 12.241980 12.290291 12.237496 12.289080 0.032017 0.032259 0.251540 0.249463 0.032259 0.032008 0.032259 100 112
22 62.310000 60.320000 1000000 12.202834 12.256421 12.198043 12.252656 0.032029 0.032259 0.255274 0.253228 0.032259 0.032020 0.032259 110 123
22 62.310000 60.320000 1000000 12.112885 12.165023 12.109011 12.167172 0.032069 0.032259 0.229696 0.227419 0.032259 0.032059 0.032259 120 130
22 62.310000 60.320000 1000000 12.074684 12.128464 12.070650 12.130210 0.032077 0.032259 0.227566 0.225268 0.032259 0.032067 0.032259 130 144
22 62.310000 60.320000 1000000 12.041112 12.105883 12.037044 12.107629 0.032081 0.032259 0.223310 0.220968 0.032259 0.032072 0.032259 140 152
22 62.310000 60.320000 1000000 11.962465 12.033841 11.959211 12.040605 0.032077 0.032259 0.210549 0.208063 0.032259 0.032067 0.032259 150 164
22 62.310000 60.320000 1000000 11.929040 11.999433 11.925759 12.006197 0.032092 0.032259 0.202052 0.199461 0.032259 0.032083 0.032259 160 171
22 62.310000 60.320000 1000000 11.889730 11.972551 11.886416 11.979315 0.032089 0.032259 0.196747 0.194084 0.032259 0.032080 0.032259 170 182
22 62.310000 60.320000 1000000 11.852070 11.943519 11.848725 11.950283 0.032083 0.032259 0.210549 0.208063 0.032259 0.032074 0.032259 180 195
22 62.310000 60.320000 1000000 11.797371 11.904810 11.793979 11.911574 0.032085 0.032259 0.203116 0.200538 0.032259 0.032075 0.032259 190 203
22 62.310000 60.320000 1000000 11.741953 11.856423 11.738513 11.863187 0.032089 0.032259 0.195690 0.193012 0.032259 0.032079 0.032259 200 222
22 62.310000 60.320000 1000000 11.640255 11.771477 11.636723 11.778241 0.032094 0.032259 0.167124 0.163981 0.032259 0.032084 0.032259 220 234
22 62.310000 60.320000 1000000 11.618077 11.753198 11.614526 11.759961 0.032092 0.032259 0.165014 0.161830 0.032259 0.032082 0.032259 230 247
22 62.310000 60.320000 1000000 11.616885 11.752122 11.613333 11.758886 0.032091 0.032259 0.165014 0.161830 0.032259 0.032081 0.032259 240 252
22 62.310000 60.320000 1000000 11.567231 11.716101 11.563418 11.721610 0.032096 0.032259 0.171874 0.168819 0.032259 0.032087 0.032259 250 265
22 62.310000 60.320000 1000000 11.551308 11.695671 11.547479 11.701180 0.032092 0.032259 0.180330 0.177421 0.032259 0.032083 0.032259 260 271
22 62.310000 60.320000 1000000 11.545383 11.691370 11.541548 11.696879 0.032092 0.032259 0.181388 0.178497 0.032259 0.032082 0.032259 270 288
22 62.310000 60.320000 1000000 11.526853 11.664488 11.523000 11.669997 0.032075 0.032259 0.185620 0.182796 0.032259 0.032066 0.032259 280 293
22 62.310000 60.320000 1000000 11.489900 11.610725 11.485068 11.613412 0.032076 0.032259 0.194097 0.191398 0.032259 0.032067 0.032259 290 322
22 62.310000 60.320000 1000000 11.466875 11.588682 11.461912 11.590517 0.032079 0.032259 0.185090 0.182257 0.032259 0.032070 0.032259 320 354
22 62.310000 60.320000 1000000 11.416421 11.522015 11.411393 11.523851 0.032064 0.032259 0.185089 0.182256 0.032259 0.032055 0.032259 350 377
22 62.310000 60.320000 1000000 11.413780 11.515026 11.408448 11.514308 0.032065 0.032259 0.184561 0.181720 0.032259 0.032056 0.032259 370 384
22 62.310000 60.320000 1000000 11.407138 11.506424 11.401797 11.505706 0.032061 0.032259 0.182444 0.179569 0.032259 0.032053 0.032259 380 408
22 62.310000 60.320000 1000000 11.395773 11.496746 11.390417 11.496028 0.032068 0.032259 0.187739 0.184947 0.032259 0.032059 0.032259 400 439
22 62.310000 60.320000 1000000 11.371219 11.462876 11.364906 11.457588 0.032075 0.032259 0.194628 0.191936 0.032259 0.032068 0.032259 430 448
22 62.310000 60.320000 1000000 11.354687 11.451048 11.348346 11.445760 0.032073 0.032259 0.194629 0.191937 0.032259 0.032065 0.032259 440 452
22 62.310000 60.320000 1000000 11.328307 11.420941 11.321922 11.415653 0.032079 0.032259 0.182975 0.180109 0.032259 0.032071 0.032259 450 464
22 62.310000 60.320000 1000000 11.323971 11.415565 11.317579 11.410277 0.032080 0.032259 0.180858 0.177958 0.032259 0.032072 0.032259 460 482
22 62.310000 60.320000 1000000 11.311317 11.389758 11.304109 11.380796 0.032077 0.032259 0.179801 0.176883 0.032259 0.032070 0.032259 480 497
22 62.310000 60.320000 1000000 11.303472 11.383307 11.296249 11.374345 0.032075 0.032259 0.180859 0.177959 0.032259 0.032068 0.032259 490 511
22 62.310000 60.320000 1000000 11.264394 11.357500 11.257095 11.348539 0.032081 0.032259 0.181917 0.179034 0.032259 0.032074 0.032259 510 526
22 62.310000 60.320000 1000000 11.254713 11.349973 11.247395 11.341012 0.032078 0.032259 0.179802 0.176885 0.032259 0.032071 0.032259 520 532
22 62.310000 60.320000 1000000 11.208651 11.311264 11.201243 11.302302 0.032060 0.032259 0.191448 0.188711 0.032259 0.032053 0.032259 530 544
22 62.310000 60.320000 1000000 11.147987 11.270404 11.140457 11.261442 0.032083 0.032259 0.158691 0.155377 0.032259 0.032077 0.032259 540 584
22 62.310000 60.320000 1000000 11.090488 11.211264 11.085353 11.214847 0.032073 0.032259 0.161850 0.158602 0.032259 0.032065 0.032259 570 585
22 62.310000 60.320000 1000000 11.080617 11.189759 11.075821 11.196344 0.032076 0.032259 0.167122 0.163979 0.032259 0.032068 0.032259 580 590
22 62.310000 60.320000 1000000 11.079281 11.188684 11.074484 11.195269 0.032075 0.032259 0.167122 0.163979 0.032259 0.032067 0.032259 590 603
22 62.310000 60.320000 1000000 11.062147 11.170404 11.057328 11.176989 0.032079 0.032259 0.160797 0.157527 0.032259 0.032071 0.032259 600 625
22 62.310000 60.320000 1000000 11.056738 11.165028 11.051912 11.171613 0.032080 0.032259 0.161849 0.158602 0.032259 0.032072 0.032259 620 638
22 62.310000 60.320000 1000000 11.054240 11.161802 11.049410 11.168387 0.032079 0.032259 0.160796 0.157527 0.032259 0.032072 0.032259 630 649
22 62.310000 60.320000 1000000 11.043181 11.125243 11.036997 11.118208 0.032080 0.032259 0.148177 0.144623 0.032259 0.032073 0.032259 640 664
22 62.310000 60.320000 1000000 11.041634 11.124167 11.035446 11.117132 0.032080 0.032259 0.147128 0.143548 0.032259 0.032072 0.032259 660 672
22 62.310000 60.320000 1000000 11.040617 11.123092 11.034428 11.116057 0.032081 0.032259 0.146079 0.142473 0.032259 0.032074 0.032259 670 692
22 62.310000 60.320000 1000000 11.023512 11.106963 11.017294 11.099928 0.032072 0.032259 0.141888 0.138172 0.032259 0.032065 0.032259 690 703
22 62.310000 60.320000 1000000 11.018674 11.103737 11.012447 11.096702 0.032074 0.032259 0.141887 0.138172 0.032259 0.032067 0.032259 700 712
22 62.310000 60.320000 1000000 11.002982 11.084383 10.996729 11.077348 0.032085 0.032259 0.133525 0.129569 0.032259 0.032078 0.032259 710 752
22 62.310000 60.320000 1000000 10.974982 11.068254 10.968682 11.061219 0.032098 0.032259 0.146078 0.142472 0.032259 0.032091 0.032259 750 792
22 62.310000 60.320000 1000000 10.923235 11.030619 10.916635 11.021882 0.032115 0.032259 0.149226 0.145697 0.032259 0.032109 0.032259 790 816
22 62.310000 60.320000 1000000 10.918313 11.022017 10.911302 11.012070 0.032119 0.032259 0.151326 0.147848 0.032259 0.032113 0.032259 810 830
22 62.310000 60.320000 1000000 10.913240 11.018791 10.906219 11.008844 0.032119 0.032259 0.151326 0.147848 0.032259 0.032113 0.032259 830 856
22 62.310000 60.320000 1000000 10.898906 11.000512 10.891857 10.990565 0.032108 0.032259 0.143981 0.140321 0.032259 0.032101 0.032259 850 886
22 62.310000 60.320000 1000000 10.892950 10.996211 10.885889 10.986264 0.032108 0.032259 0.140840 0.137096 0.032259 0.032102 0.032259 880 925
22 62.310000 60.320000 1000000 10.877830 10.980082 10.870740 10.970135 0.032101 0.032259 0.140839 0.137095 0.032259 0.032095 0.032259 920 1039
22 62.310000 60.320000 1000000 10.856096 10.948899 10.853162 10.956515 0.032103 0.032259 0.131439 0.127419 0.032259 0.032093 0.032259 1030 1090
22 62.310000 60.320000 1000000 10.848322 10.937071 10.845382 10.944687 0.032102 0.032259 0.130396 0.126343 0.032259 0.032092 0.032259 1050 1089
22 62.310000 60.320000 1000000 10.842889 10.930620 10.839944 10.938235 0.032101 0.032259 0.131438 0.127418 0.032259 0.032091 0.032259 1080 1090
22 62.310000 60.320000 1000000 10.832568 10.912340 10.828409 10.915117 0.032104 0.032259 0.140840 0.137096 0.032259 0.032094 0.032259 1090 1101
22 62.310000 60.320000 1000000 10.821537 10.896211 10.817232 10.898585 0.032098 0.032259 0.140840 0.137096 0.032259 0.032088 0.032259 1100 1121
22 62.310000 60.320000 1000000 10.810304 10.874706 10.805986 10.877079 0.032098 0.032259 0.132481 0.128493 0.032259 0.032088 0.032259 1120 1205
22 62.310000 60.320000 1000000 10.738069 10.825244 10.733663 10.827617 0.032123 0.032259 0.111746 0.106989 0.032259 0.032113 0.032259 1200 1323
22 62.310000 60.320000 1000000 10.733402 10.822018 10.728990 10.824392 0.032123 0.032259 0.112776 0.108064 0.032259 0.032114 0.032259 1320 1340
22 62.310000 60.320000 1000000 10.731458 10.820943 10.727044 10.823316 0.032124 0.032259 0.111746 0.106989 0.032259 0.032114 0.032259 1340 1503
22 62.310000 60.320000 1000000 10.713802 10.801588 10.709366 10.803962 0.032114 0.032259 0.109688 0.104837 0.032259 0.032105 0.032259 1360 1475
22 62.310000 60.320000 1000000 10.696070 10.769330 10.694596 10.789266 0.032117 0.032259 0.115871 0.111290 0.032259 0.032107 0.032259 1470 1503
22 62.310000 60.320000 1000000 10.694375 10.768255 10.692900 10.788191 0.032117 0.032259 0.115871 0.111290 0.032259 0.032106 0.032259 1500 1519
22 62.310000 60.320000 1000000 10.689943 10.761803 10.688467 10.781739 0.032113 0.032259 0.115871 0.111290 0.032259 0.032103 0.032259 1510 1589
22 62.310000 60.320000 1000000 10.683411 10.757502 10.681932 10.777438 0.032113 0.032259 0.111746 0.106989 0.032259 0.032103 0.032259 1520 1661
22 62.310000 60.320000 1000000 10.666181 10.740298 10.664510 10.759428 0.032111 0.032259 0.106611 0.101613 0.032259 0.032101 0.032259 1660 1679
22 62.310000 60.320000 1000000 10.657173 10.733846 10.655498 10.752976 0.032110 0.032259 0.106612 0.101614 0.032259 0.032100 0.032259 1670 1688
22 62.310000 60.320000 1000000 10.655063 10.729545 10.653387 10.748675 0.032109 0.032259 0.108663 0.103764 0.032259 0.032099 0.032259 1680 1729
22 62.310000 60.320000 1000000 10.644253 10.717180 10.642491 10.735458 0.032109 0.032259 0.106099 0.101076 0.032259 0.032099 0.032259 1720 1774
22 62.310000 60.320000 1000000 10.634753 10.709653 10.632986 10.727931 0.032109 0.032259 0.107123 0.102150 0.032259 0.032099 0.032259 1770 1844
22 62.310000 60.320000 1000000 10.606008 10.669868 10.604227 10.688147 0.032100 0.032259 0.107123 0.102150 0.032259 0.032090 0.032259 1810 1836
22 62.310000 60.320000 1000000 10.603279 10.664492 10.601220 10.681964 0.032098 0.032259 0.109175 0.104301 0.032259 0.032088 0.032259 1830 1902
22 62.310000 60.320000 1000000 10.591940 10.650513 10.590252 10.670494 0.032090 0.032259 0.113292 0.108602 0.032259 0.032081 0.032259 1900 1910
22 62.310000 60.320000 1000000 10.590028 10.649438 10.588340 10.669419 0.032091 0.032259 0.112261 0.107527 0.032259 0.032081 0.032259 1910 1981
22 62.310000 60.320000 1000000 10.587617 10.645137 10.585705 10.663416 0.032093 0.032259 0.110203 0.105376 0.032259 0.032083 0.032259 1980 1994
22 62.310000 60.320000 1000000 10.586282 10.644062 10.584369 10.662340 0.032093 0.032259 0.111232 0.106451 0.032259 0.032083 0.032259 1990 2009
22 62.310000 60.320000 1000000 10.584236 10.640836 10.582322 10.659115 0.032095 0.032259 0.112261 0.107526 0.032259 0.032085 0.032259 2000 2070
22 62.310000 60.320000 1000000 10.583117 10.639761 10.581202 10.658039 0.032096 0.032259 0.111232 0.106451 0.032259 0.032086 0.032259 2070 2191
22 62.310000 60.320000 1000000 10.578184 10.635459 10.576267 10.653738 0.032099 0.032259 0.109175 0.104301 0.032259 0.032089 0.032259 2190 2213
22 62.310000 60.320000 1000000 10.573488 10.630083 10.571568 10.648362 0.032102 0.032259 0.108148 0.103225 0.032259 0.032092 0.032259 2210 2222
22 62.310000 60.320000 1000000 10.569270 10.626857 10.567348 10.645136 0.032101 0.032259 0.110203 0.105376 0.032259 0.032092 0.032259 2220 2300
22 62.310000 60.320000 1000000 10.528133 10.595674 10.526188 10.613953 0.032104 0.032259 0.112260 0.107525 0.032259 0.032094 0.032259 2300 2316
22 62.310000 60.320000 1000000 10.526186 10.594599 10.524240 10.612878 0.032105 0.032259 0.111230 0.106450 0.032259 0.032095 0.032259 2310 2353
22 62.310000 60.320000 1000000 10.524553 10.593524 10.522606 10.611803 0.032105 0.032259 0.111230 0.106450 0.032259 0.032095 0.032259 2350 2732
22 62.310000 60.320000 1000000 10.511182 10.582771 10.509228 10.601050 0.032101 0.032259 0.120524 0.116127 0.032259 0.032091 0.032259 2730 2769
22 62.310000 60.320000 1000000 10.507792 10.567180 10.504896 10.577798 0.032103 0.032259 0.117938 0.113440 0.032259 0.032094 0.032259 2760 2784
22 62.310000 60.320000 1000000 10.502299 10.562879 10.499399 10.573497 0.032103 0.032259 0.114838 0.110215 0.032259 0.032095 0.032259 2780 2845
22 62.310000 60.320000 1000000 10.494398 10.557503 10.491491 10.568120 0.032103 0.032259 0.114838 0.110214 0.032259 0.032095 0.032259 2840 2882
22 62.310000 60.320000 1000000 10.483506 10.547825 10.480590 10.558443 0.032100 0.032259 0.117937 0.113440 0.032259 0.032091 0.032259 2880 2900
22 62.310000 60.320000 1000000 10.473694 10.540299 10.470770 10.550916 0.032102 0.032259 0.111747 0.106990 0.032259 0.032093 0.032259 2900 2930
22 62.310000 60.320000 1000000 10.472292 10.539223 10.469366 10.549841 0.032101 0.032259 0.111747 0.106990 0.032259 0.032093 0.032259 2930 3284
22 62.310000 60.320000 1000000 10.436275 10.491912 10.433320 10.502529 0.032098 0.032259 0.110718 0.105915 0.032259 0.032089 0.032259 3280 3319
22 62.310000 60.320000 1000000 10.434145 10.488686 10.431187 10.499303 0.032097 0.032259 0.109690 0.104839 0.032259 0.032088 0.032259 3310 3367
22 62.310000 60.320000 1000000 10.432772 10.486535 10.429717 10.496750 0.032097 0.032259 0.108663 0.103764 0.032259 0.032088 0.032259 3360 3379
22 62.310000 60.320000 1000000 10.432608 10.485460 10.429745 10.496929 0.032097 0.032259 0.109690 0.104839 0.032259 0.032088 0.032259 3370 3394
22 62.310000 60.320000 1000000 10.427653 10.482234 10.424786 10.493703 0.032098 0.032259 0.108663 0.103764 0.032259 0.032090 0.032259 3390 3437
22 62.310000 60.320000 1000000 10.425920 10.481159 10.423052 10.492628 0.032098 0.032259 0.107636 0.102689 0.032259 0.032090 0.032259 3430 3441
22 62.310000 60.320000 1000000 10.425050 10.480084 10.422181 10.491552 0.032097 0.032259 0.107636 0.102689 0.032259 0.032088 0.032259 3440 3525
22 62.310000 60.320000 1000000 10.423350 10.476858 10.420480 10.488327 0.032097 0.032259 0.109690 0.104839 0.032259 0.032088 0.032259 3460 3616
22 62.310000 60.320000 1000000 10.410343 10.465030 10.407462 10.476499 0.032104 0.032259 0.109690 0.104840 0.032259 0.032096 0.032259 3610 3688
22 62.310000 60.320000 1000000 10.398065 10.442449 10.395174 10.453918 0.032085 0.032259 0.122082 0.117743 0.032259 0.032077 0.032259 3680 4094
22 62.310000 60.320000 1000000 10.363533 10.411267 10.360613 10.422735 0.032076 0.032259 0.132483 0.128496 0.032259 0.032068 0.032259 4090 4477
22 62.310000 60.320000 1000000 10.345581 10.390837 10.343254 10.404814 0.032062 0.032259 0.133527 0.129572 0.032259 0.032053 0.032259 4470 4482
22 62.310000 60.320000 1000000 10.343923 10.389761 10.341595 10.403739 0.032062 0.032259 0.132484 0.128497 0.032259 0.032053 0.032259 4480 4530
22 62.310000 60.320000 1000000 10.343051 10.388686 10.340722 10.402664 0.032062 0.032259 0.132484 0.128497 0.032259 0.032053 0.032259 4530 4563
22 62.310000 60.320000 1000000 10.341397 10.387611 10.339066 10.401589 0.032062 0.032259 0.131441 0.127421 0.032259 0.032053 0.032259 4560 4608
22 62.310000 60.320000 1000000 10.337005 10.383310 10.334672 10.397288 0.032062 0.032259 0.131441 0.127421 0.032259 0.032053 0.032259 4600 4732
22 62.310000 60.320000 1000000 10.312043 10.341374 10.309693 10.355352 0.032064 0.032259 0.169234 0.166131 0.032259 0.032055 0.032259 4730 4883
22 62.310000 60.320000 1000000 10.310292 10.340299 10.307941 10.354277 0.032064 0.032259 0.170290 0.167206 0.032259 0.032055 0.032259 4880 5010
22 62.310000 60.320000 1000000 10.288240 10.323633 10.285771 10.336759 0.032070 0.032259 0.165541 0.162368 0.032259 0.032061 0.032259 5010 5028
22 62.310000 60.320000 1000000 10.282956 10.318256 10.280484 10.331383 0.032069 0.032259 0.167651 0.164518 0.032259 0.032060 0.032259 5020 5527
22 62.310000 60.320000 1000000 10.247834 10.288149 10.245236 10.300872 0.032068 0.032259 0.168707 0.165594 0.032259 0.032059 0.032259 5520 5575
22 62.310000 60.320000 1000000 10.216157 10.244063 10.213535 10.256786 0.032079 0.032259 0.129879 0.125809 0.032259 0.032069 0.032259 5570 5686
22 62.310000 60.320000 1000000 10.211531 10.213956 10.207643 10.213059 0.032079 0.032259 0.119493 0.115056 0.032259 0.032070 0.032259 5680 5916
22 62.310000 60.320000 1000000 10.203097 10.207504 10.199199 10.206607 0.032081 0.032259 0.121565 0.117207 0.032259 0.032072 0.032259 5910 6103
22 62.310000 60.320000 1000000 10.202605 10.206429 10.198706 10.205532 0.032080 0.032259 0.121565 0.117207 0.032259 0.032072 0.032259 6100 6122
22 62.310000 60.320000 1000000 10.201107 10.205353 10.197207 10.204457 0.032081 0.032259 0.121565 0.117207 0.032259 0.032072 0.032259 6120 6192
22 62.310000 60.320000 1000000 10.195603 10.199977 10.191597 10.198677 0.032080 0.032259 0.122603 0.118283 0.032259 0.032071 0.032259 6190 6653
22 62.310000 60.320000 1000000 10.194266 10.196751 10.190462 10.196706 0.032079 0.032259 0.124679 0.120434 0.032259 0.032070 0.032259 6650 6694
22 62.310000 60.320000 1000000 10.184223 10.188149 10.180407 10.188104 0.032080 0.032259 0.122602 0.118282 0.032259 0.032071 0.032259 6670 6811
22 62.310000 60.320000 1000000 10.170396 10.170945 10.166412 10.170496 0.032082 0.032259 0.122603 0.118283 0.032259 0.032074 0.032259 6810 7580
22 62.310000 60.320000 1000000 10.162683 10.156966 10.158689 10.156518 0.032070 0.032259 0.118459 0.113982 0.032259 0.032062 0.032259 6890 7770
22 62.310000 60.320000 1000000 10.121542 10.118257 10.117500 10.117808 0.032063 0.032259 0.118458 0.113981 0.032259 0.032054 0.032259 7590 8342
22 62.310000 60.320000 1000000 10.093570 10.096751 10.089494 10.096303 0.032069 0.032259 0.119494 0.115057 0.032259 0.032060 0.032259 8340 8829
22 62.310000 60.320000 1000000 10.080524 10.070945 10.076432 10.070496 0.032052 0.032259 0.127797 0.123658 0.032259 0.032043 0.032259 8820 8989
22 62.310000 60.320000 1000000 10.066257 10.056967 10.062148 10.056518 0.032060 0.032259 0.123640 0.119358 0.032259 0.032052 0.032259 8980 9033
22 62.310000 60.320000 1000000 10.064726 10.055891 10.060615 10.055443 0.032061 0.032259 0.122602 0.118282 0.032259 0.032052 0.032259 9030 9486
22 62.310000 60.320000 1000000 10.051338 10.046214 10.047211 10.045765 0.032059 0.032259 0.128838 0.124734 0.032259 0.032050 0.032259 9480 9524
22 62.310000 60.320000 1000000 10.049737 10.045139 10.045607 10.044690 0.032059 0.032259 0.127797 0.123659 0.032259 0.032050 0.032259 9520 9790
22 62.310000 60.320000 1000000 10.033997 10.034386 10.029847 10.033937 0.032059 0.032259 0.128837 0.124733 0.032259 0.032051 0.032259 9790 10319
22 62.310000 60.320000 1000000 10.006951 10.015031 10.002768 10.014583 0.032061 0.032259 0.123640 0.119357 0.032259 0.032053 0.032259 10310 10378
22 62.310000 60.320000 1000000 10.005996 10.013956 10.001812 10.013507 0.032061 0.032259 0.123639 0.119357 0.032259 0.032053 0.032259 10370 11217
22 62.310000 60.320000 1000000 9.990862 10.004279 9.986659 10.003830 0.032066 0.032259 0.122601 0.118281 0.032259 0.032057 0.032259 11210 11385
22 62.310000 60.320000 1000000 9.984810 9.999978 9.980599 9.999529 0.032066 0.032259 0.121564 0.117206 0.032259 0.032058 0.032259 11380 11647
22 62.310000 60.320000 1000000 9.972900 9.989225 9.968674 9.988776 0.032069 0.032259 0.121564 0.117206 0.032259 0.032061 0.032259 11640 11659
22 62.310000 60.320000 1000000 9.972383 9.988150 9.968156 9.987701 0.032069 0.032259 0.121564 0.117206 0.032259 0.032061 0.032259 11650 11854
22 62.310000 60.320000 1000000 9.955580 9.976322 9.951332 9.975873 0.032068 0.032259 0.120528 0.116131 0.032259 0.032060 0.032259 11850 12141
22 62.310000 60.320000 1000000 9.948430 9.966644 9.944173 9.966196 0.032075 0.032259 0.123638 0.119356 0.032259 0.032067 0.032259 12140 12314
22 62.310000 60.320000 1000000 9.942294 9.960193 9.938029 9.959744 0.032075 0.032259 0.127796 0.123657 0.032259 0.032067 0.032259 12310 12755
22 62.310000 60.320000 1000000 9.938829 9.956967 9.934559 9.956518 0.032074 0.032259 0.126756 0.122582 0.032259 0.032065 0.032259 12750 13610
22 62.310000 60.320000 1000000 9.931676 9.949440 9.927253 9.947289 0.032076 0.032259 0.125716 0.121507 0.032259 0.032067 0.032259 13610 13876
22 62.310000 60.320000 1000000 9.928953 9.946214 9.924526 9.944063 0.032078 0.032259 0.122601 0.118281 0.032259 0.032069 0.032259 13870 14082
22 62.310000 60.320000 1000000 9.928237 9.945139 9.923809 9.942988 0.032078 0.032259 0.123639 0.119356 0.032259 0.032069 0.032259 14080 14708
22 62.310000 60.320000 1000000 9.915086 9.933311 9.910431 9.930353 0.032077 0.032259 0.128837 0.124733 0.032259 0.032069 0.032259 14700 15262
22 62.310000 60.320000 1000000 9.914453 9.932236 9.909796 9.929278 0.032077 0.032259 0.127796 0.123658 0.032259 0.032069 0.032259 15260 15366
22 62.310000 60.320000 1000000 9.910097 9.929010 9.905435 9.926052 0.032078 0.032259 0.126756 0.122583 0.032259 0.032070 0.032259 15360 15965
22 62.310000 60.320000 1000000 9.873737 9.897827 9.869023 9.894870 0.032079 0.032259 0.127796 0.123658 0.032259 0.032071 0.032259 15960 16173
22 62.310000 60.320000 1000000 9.858815 9.860193 9.853975 9.856832 0.032078 0.032259 0.163432 0.160217 0.032259 0.032070 0.032259 16170 16599
22 62.310000 60.320000 1000000 9.858319 9.859118 9.853479 9.855757 0.032077 0.032259 0.163432 0.160217 0.032259 0.032069 0.032259 16590 17812
22 62.310000 60.320000 1000000 9.821757 9.807505 9.816863 9.804144 0.032080 0.032259 0.126756 0.122582 0.032259 0.032072 0.032259 17810 18923
22 62.310000 60.320000 1000000 9.819079 9.802667 9.814065 9.798455 0.032076 0.032259 0.127276 0.123120 0.032259 0.032068 0.032259 18920 19011
22 62.310000 60.320000 1000000 9.817518 9.801591 9.812501 9.797379 0.032076 0.032259 0.127276 0.123120 0.032259 0.032069 0.032259 19010 19341
22 62.310000 60.320000 1000000 9.807455 9.792989 9.802423 9.788777 0.032074 0.032259 0.128316 0.124195 0.032259 0.032067 0.032259 19340 22401
22 62.310000 60.320000 1000000 9.769114 9.761807 9.763616 9.755982 0.032086 0.032259 0.112778 0.108066 0.032259 0.032079 0.032259 22400 22648
22 62.310000 60.320000 1000000 9.761162 9.755355 9.755650 9.749530 0.032085 0.032259 0.114841 0.110217 0.032259 0.032077 0.032259 22640 22911
22 62.310000 60.320000 1000000 9.755815 9.751054 9.750295 9.745229 0.032083 0.032259 0.115873 0.111293 0.032259 0.032076 0.032259 22910 24114
22 62.310000 60.320000 1000000 9.740884 9.740301 9.735338 9.734476 0.032085 0.032259 0.111748 0.106991 0.032259 0.032077 0.032259 24110 26138
22 62.310000 60.320000 1000000 9.733189 9.728473 9.727630 9.722648 0.032079 0.032259 0.111749 0.106991 0.032259 0.032071 0.032259 26130 29091
22 62.310000 60.320000 1000000 9.689744 9.681161 9.683914 9.674530 0.032067 0.032259 0.114841 0.110217 0.032259 0.032060 0.032259 29090 30042
22 62.310000 60.320000 1000000 9.684834 9.672559 9.678995 9.665928 0.032066 0.032259 0.115873 0.111292 0.032259 0.032059 0.032259 30040 32384
22 62.310000 60.320000 1000000 9.674945 9.662882 9.669088 9.656251 0.032068 0.032259 0.112779 0.108067 0.032259 0.032060 0.032259 32380 33027
22 62.310000 60.320000 1000000 9.674555 9.661807 9.668697 9.655175 0.032067 0.032259 0.111749 0.106991 0.032259 0.032060 0.032259 33020 33072
22 62.310000 60.320000 1000000 9.673246 9.660731 9.667386 9.654100 0.032067 0.032259 0.110720 0.105917 0.032259 0.032060 0.032259 33070 33147
22 62.310000 60.320000 1000000 9.671601 9.659656 9.665738 9.653025 0.032068 0.032259 0.111749 0.106992 0.032259 0.032060 0.032259 33140 34550
22 62.310000 60.320000 1000000 9.668091 9.656430 9.662221 9.649799 0.032068 0.032259 0.109692 0.104842 0.032259 0.032061 0.032259 34550 36726
22 62.310000 60.320000 1000000 9.655847 9.633850 9.647339 9.620363 0.032078 0.032259 0.115873 0.111292 0.032259 0.032074 0.032259 36720 38184
22 62.310000 60.320000 1000000 9.650518 9.630624 9.641996 9.617138 0.032079 0.032259 0.114841 0.110217 0.032259 0.032075 0.032259 38180 38356
22 62.310000 60.320000 1000000 9.648940 9.629548 9.640414 9.616062 0.032079 0.032259 0.113809 0.109142 0.032259 0.032075 0.032259 38350 38679
22 62.310000 60.320000 1000000 9.648415 9.628473 9.639887 9.614987 0.032080 0.032259 0.112778 0.108066 0.032259 0.032076 0.032259 38670 39176
22 62.310000 60.320000 1000000 9.647806 9.627398 9.639277 9.613912 0.032079 0.032259 0.112778 0.108066 0.032259 0.032075 0.032259 39170 39227
22 62.310000 60.320000 1000000 9.646992 9.626323 9.638460 9.612836 0.032078 0.032259 0.111748 0.106991 0.032259 0.032074 0.032259 39220 39571
22 62.310000 60.320000 1000000 9.629908 9.613419 9.621331 9.599933 0.032073 0.032259 0.124158 0.119894 0.032259 0.032070 0.032259 39570 40033
22 62.310000 60.320000 1000000 9.623834 9.605892 9.615241 9.592406 0.032070 0.032259 0.121046 0.116668 0.032259 0.032067 0.032259 40030 40420
22 62.310000 60.320000 1000000 9.623292 9.604817 9.614697 9.591331 0.032069 0.032259 0.122083 0.117744 0.032259 0.032066 0.032259 40420 42631
22 62.310000 60.320000 1000000 9.606648 9.588688 9.598008 9.575202 0.032069 0.032259 0.115874 0.111293 0.032259 0.032066 0.032259 42630 42876
22 62.310000 60.320000 1000000 9.606244 9.587613 9.597604 9.574127 0.032069 0.032259 0.116907 0.112368 0.032259 0.032065 0.032259 42870 43269
22 62.310000 60.320000 1000000 9.599863 9.582237 9.591205 9.568750 0.032067 0.032259 0.120010 0.115594 0.032259 0.032064 0.032259 43260 43522
22 62.310000 60.320000 1000000 9.599382 9.581161 9.590723 9.567675 0.032067 0.032259 0.118975 0.114518 0.032259 0.032063 0.032259 43520 44464
22 62.310000 60.320000 1000000 9.594910 9.576860 9.586239 9.563374 0.032064 0.032259 0.122082 0.117743 0.032259 0.032061 0.032259 44460 45723
22 62.310000 60.320000 1000000 9.594130 9.575785 9.585456 9.562299 0.032063 0.032259 0.122082 0.117743 0.032259 0.032060 0.032259 45720 47300
22 62.310000 60.320000 1000000 9.587874 9.571484 9.579184 9.557998 0.032064 0.032259 0.122082 0.117743 0.032259 0.032060 0.032259 47300 48397
22 62.310000 60.320000 1000000 9.582260 9.560731 9.573554 9.547245 0.032056 0.032259 0.120010 0.115593 0.032259 0.032052 0.032259 48390 49149
22 62.310000 60.320000 1000000 9.564355 9.520947 9.555600 9.507460 0.032058 0.032259 0.116906 0.112367 0.032259 0.032055 0.032259 49140 51931
22 62.310000 60.320000 1000000 9.562738 9.518796 9.553979 9.505310 0.032056 0.032259 0.114841 0.110217 0.032259 0.032053 0.032259 49160 49888
22 62.310000 60.320000 1000000 9.561957 9.517721 9.553196 9.504234 0.032055 0.032259 0.113809 0.109142 0.032259 0.032052 0.032259 49880 51931
22 62.310000 60.320000 1000000 9.560927 9.516645 9.552163 9.503159 0.032055 0.032259 0.113809 0.109142 0.032259 0.032052 0.032259 51930 53941
22 62.310000 60.320000 1000000 9.557658 9.502667 9.551296 9.502980 0.032053 0.032259 0.114841 0.110217 0.032259 0.032050 0.032259 52830 55036
22 62.310000 60.320000 1000000 9.529627 9.479011 9.523209 9.479324 0.032060 0.032259 0.134570 0.130647 0.032259 0.032057 0.032259 55030 59831
22 62.310000 60.320000 1000000 9.470411 9.434925 9.463870 9.435238 0.032068 0.032259 0.141890 0.138174 0.032259 0.032065 0.032259 59830 60317
22 62.310000 60.320000 1000000 9.468835 9.433850 9.462291 9.434163 0.032068 0.032259 0.140843 0.137099 0.032259 0.032065 0.032259 60310 62323
22 62.310000 60.320000 1000000 9.468048 9.432775 9.461503 9.433088 0.032067 0.032259 0.139796 0.136023 0.032259 0.032064 0.032259 62320 63959
22 62.310000 60.320000 1000000 9.465278 9.428474 9.458727 9.428787 0.032064 0.032259 0.140843 0.137099 0.032259 0.032062 0.032259 63950 64043
22 62.310000 60.320000 1000000 9.465016 9.427399 9.458464 9.427711 0.032064 0.032259 0.140843 0.137099 0.032259 0.032061 0.032259 64040 66584
22 62.310000 60.320000 1000000 9.454064 9.416646 9.447387 9.416556 0.032063 0.032259 0.139796 0.136023 0.032259 0.032061 0.032259 66580 69401
22 62.310000 60.320000 1000000 9.443175 9.404818 9.436475 9.404728 0.032061 0.032259 0.139796 0.136024 0.032259 0.032059 0.032259 69400 69596
22 62.310000 60.320000 1000000 9.442509 9.403743 9.435808 9.403652 0.032061 0.032259 0.139796 0.136024 0.032259 0.032059 0.032259 69590 69720
22 62.310000 60.320000 1000000 9.438303 9.400517 9.431593 9.400427 0.032062 0.032259 0.137705 0.133873 0.032259 0.032060 0.032259 69720 81831
22 62.310000 60.320000 1000000 9.409862 9.358582 9.408048 9.376054 0.032067 0.032259 0.132483 0.128495 0.032259 0.032056 0.032259 81830 83403
22 62.310000 60.320000 1000000 9.401382 9.348904 9.399563 9.366377 0.032062 0.032259 0.132483 0.128496 0.032259 0.032052 0.032259 83400 84335
22 62.310000 60.320000 1000000 9.400042 9.347829 9.398222 9.365301 0.032062 0.032259 0.132483 0.128496 0.032259 0.032051 0.032259 84330 86264
22 62.310000 60.320000 1000000 9.392809 9.340302 9.390985 9.357774 0.032057 0.032259 0.128316 0.124195 0.032259 0.032047 0.032259 86260 87514
22 62.310000 60.320000 1000000 9.391019 9.339227 9.389193 9.356699 0.032058 0.032259 0.129357 0.125270 0.032259 0.032047 0.032259 87510 92710
22 62.310000 60.320000 1000000 9.369152 9.322022 9.367314 9.339495 0.032060 0.032259 0.122082 0.117743 0.032259 0.032050 0.032259 92710 93629
22 62.310000 60.320000 1000000 9.368888 9.320947 9.367050 9.338419 0.032060 0.032259 0.122082 0.117743 0.032259 0.032049 0.032259 93620 102754
22 62.310000 60.320000 1000000 9.350333 9.289765 9.347488 9.300427 0.032058 0.032259 0.112778 0.108065 0.032259 0.032049 0.032259 102750 104014
22 62.310000 60.320000 1000000 9.348496 9.288689 9.345649 9.299352 0.032058 0.032259 0.113808 0.109141 0.032259 0.032049 0.032259 104010 105618
22 62.310000 60.320000 1000000 9.346826 9.287614 9.343978 9.298276 0.032059 0.032259 0.112778 0.108066 0.032259 0.032050 0.032259 105610 105903
22 62.310000 60.320000 1000000 9.346142 9.286539 9.343293 9.297201 0.032058 0.032259 0.112778 0.108066 0.032259 0.032049 0.032259 105900 106557
22 62.310000 60.320000 1000000 9.322033 9.272560 9.319162 9.283222 0.032065 0.032259 0.120009 0.115592 0.032259 0.032056 0.032259 106550 110063
22 62.310000 60.320000 1000000 9.278383 9.242453 9.276423 9.256878 0.032083 0.032259 0.113808 0.109140 0.032259 0.032073 0.032259 110060 112672
22 62.310000 60.320000 1000000 9.276196 9.239227 9.274234 9.253653 0.032080 0.032259 0.114839 0.110215 0.032259 0.032069 0.032259 112670 112687
22 62.310000 60.320000 1000000 9.275410 9.238152 9.273448 9.252577 0.032078 0.032259 0.114840 0.110216 0.032259 0.032068 0.032259 112680 120888
22 62.310000 60.320000 1000000 9.254818 9.162884 9.249481 9.143261 0.032082 0.032259 0.126237 0.122046 0.032259 0.032074 0.032259 120880 122990
22 62.310000 60.320000 1000000 9.254051 9.161809 9.248713 9.142185 0.032081 0.032259 0.125198 0.120970 0.032259 0.032073 0.032259 122990 125860
22 62.310000 60.320000 1000000 9.251788 9.158583 9.246446 9.138959 0.032077 0.032259 0.128317 0.124196 0.032259 0.032068 0.032259 123480 127844
22 62.310000 60.320000 1000000 9.243452 9.148906 9.238095 9.129282 0.032076 0.032259 0.133526 0.129571 0.032259 0.032068 0.032259 127840 130066
22 62.310000 60.320000 1000000 9.233018 9.114497 9.224128 9.082374 0.032079 0.032259 0.133526 0.129571 0.032259 0.032073 0.032259 130060 135573
22 62.310000 60.320000 1000000 9.227023 9.108046 9.218115 9.075922 0.032081 0.032259 0.135613 0.131721 0.032259 0.032074 0.032259 135570 153163
22 62.310000 60.320000 1000000 9.166748 9.030627 9.164953 9.036137 0.032082 0.032259 0.104564 0.099463 0.032259 0.032072 0.032259 153160 160691
22 62.310000 60.320000 1000000 9.164018 9.026326 9.162222 9.031836 0.032080 0.032259 0.107637 0.102689 0.032259 0.032071 0.032259 160690 163740
22 62.310000 60.320000 1000000 9.153081 9.017724 9.151278 9.023234 0.032082 0.032259 0.114840 0.110216 0.032259 0.032072 0.032259 163740 168220
22 62.310000 60.320000 1000000 9.142605 8.999444 9.140493 9.003431 0.032081 0.032259 0.117939 0.113442 0.032259 0.032070 0.032259 168220 172932
22 62.310000 60.320000 1000000 9.138795 8.997294 9.136680 9.001281 0.032083 0.032259 0.115872 0.111291 0.032259 0.032072 0.032259 168300 181812
22 62.310000 60.320000 1000000 9.132078 8.992993 9.129959 8.996980 0.032083 0.032259 0.117939 0.113442 0.032259 0.032072 0.032259 181810 182418
22 62.310000 60.320000 1000000 9.131782 8.991917 9.129551 8.995501 0.032083 0.032259 0.116905 0.112367 0.032259 0.032072 0.032259 182410 193230
22 62.310000 60.320000 1000000 9.117621 8.981165 9.115380 8.984749 0.032088 0.032259 0.110719 0.105915 0.032259 0.032077 0.032259 193230 196617
22 62.310000 60.320000 1000000 9.115649 8.976864 9.113406 8.980447 0.032088 0.032259 0.109690 0.104839 0.032259 0.032077 0.032259 196610 198061
22 62.310000 60.320000 1000000 9.113965 8.973638 9.111897 8.978476 0.032088 0.032259 0.106611 0.101613 0.032259 0.032077 0.032259 198060 203502
22 62.310000 60.320000 1000000 9.113216 8.970412 9.111147 8.975250 0.032087 0.032259 0.103541 0.098388 0.032259 0.032076 0.032259 201940 210484
22 62.310000 60.320000 1000000 9.094128 8.955358 9.092220 8.961451 0.032088 0.032259 0.102520 0.097313 0.032259 0.032077 0.032259 210480 215131
22 62.310000 60.320000 1000000 9.077807 8.944606 9.075888 8.950698 0.032090 0.032259 0.104564 0.099463 0.032259 0.032079 0.032259 215130 228003
22 62.310000 60.320000 1000000 9.071913 8.940305 9.069991 8.946397 0.032093 0.032259 0.100481 0.095162 0.032259 0.032082 0.032259 224540 232214
22 62.310000 60.320000 1000000 9.064154 8.933853 9.062227 8.939946 0.032093 0.032259 0.100481 0.095163 0.032259 0.032082 0.032259 232210 235885
22 62.310000 60.320000 1000000 9.059563 8.930627 9.057632 8.936720 0.032096 0.032259 0.097432 0.091937 0.032259 0.032085 0.032259 233270 243027
22 62.310000 60.320000 1000000 9.053978 8.926326 9.052044 8.932419 0.032097 0.032259 0.096418 0.090861 0.032259 0.032086 0.032259 243020 251905
22 62.310000 60.320000 1000000 9.048150 8.916649 9.046213 8.922741 0.032091 0.032259 0.096418 0.090861 0.032259 0.032081 0.032259 251900 262801
22 62.310000 60.320000 1000000 9.027759 8.900520 9.025808 8.906612 0.032091 0.032259 0.094394 0.088711 0.032259 0.032080 0.032259 262800 267448
22 62.310000 60.320000 1000000 9.013387 8.887616 9.011427 8.893709 0.032094 0.032259 0.101501 0.096238 0.032259 0.032084 0.032259 267440 290038
22 62.310000 60.320000 1000000 9.004952 8.879014 9.002986 8.885107 0.032091 0.032259 0.101501 0.096238 0.032259 0.032080 0.032259 290030 309911
22 62.310000 60.320000 1000000 8.985320 8.862885 8.983181 8.869023 0.032093 0.032259 0.100481 0.095162 0.032259 0.032083 0.032259 309910 341368
22 62.310000 60.320000 1000000 8.973179 8.852132 8.971032 8.858270 0.032092 0.032259 0.094393 0.088710 0.032259 0.032081 0.032259 326740 352630
22 62.310000 60.320000 1000000 8.963842 8.842455 8.961687 8.848593 0.032090 0.032259 0.092375 0.086559 0.032259 0.032080 0.032259 336540 357887
22 62.310000 60.320000 1000000 8.945094 8.803746 8.943729 8.813557 0.032085 0.032259 0.093383 0.087634 0.032259 0.032075 0.032259 357880 359753
22 62.310000 60.320000 1000000 8.944333 8.802670 8.942967 8.812482 0.032084 0.032259 0.092375 0.086559 0.032259 0.032074 0.032259 359750 368228
22 62.310000 60.320000 1000000 8.944139 8.801595 8.942999 8.812661 0.032084 0.032259 0.093383 0.087634 0.032259 0.032074 0.032259 368220 385371
22 62.310000 60.320000 1000000 8.918135 8.781165 8.916986 8.792231 0.032076 0.032259 0.103541 0.098388 0.032259 0.032066 0.032259 382940 394243
22 62.310000 60.320000 1000000 8.917719 8.780090 8.916569 8.791156 0.032075 0.032259 0.102520 0.097313 0.032259 0.032065 0.032259 394240 407819
22 62.310000 60.320000 1000000 8.906102 8.771488 8.904948 8.782553 0.032080 0.032259 0.100481 0.095162 0.032259 0.032070 0.032259 407810 438026
22 62.310000 60.320000 1000000 8.886411 8.752133 8.885400 8.764453 0.032078 0.032259 0.098447 0.093012 0.032259 0.032068 0.032259 438020 453989
22 62.310000 60.320000 1000000 8.878199 8.741918 8.877086 8.753387 0.032078 0.032259 0.096924 0.091399 0.032259 0.032068 0.032259 453980 468148
22 62.310000 60.320000 1000000 8.865556 8.731165 8.864439 8.742634 0.032076 0.032259 0.097939 0.092474 0.032259 0.032066 0.032259 468140 519641
22 62.310000 60.320000 1000000 8.858650 8.725789 8.857530 8.737258 0.032078 0.032259 0.094900 0.089249 0.032259 0.032068 0.032259 472650 512970
22 62.310000 60.320000 1000000 8.851375 8.719337 8.850252 8.730806 0.032079 0.032259 0.092880 0.087098 0.032259 0.032069 0.032259 512970 519641
22 62.310000 60.320000 1000000 8.840393 8.712885 8.839266 8.724355 0.032083 0.032259 0.087858 0.081722 0.032259 0.032074 0.032259 519640 569212
22 62.310000 60.320000 1000000 8.837932 8.708584 8.836804 8.720054 0.032083 0.032259 0.087858 0.081722 0.032259 0.032073 0.032259 569210 608501
22 62.310000 60.320000 1000000 8.806205 8.684929 8.805064 8.696398 0.032086 0.032259 0.100990 0.095700 0.032259 0.032077 0.032259 608500 618203
22 62.310000 60.320000 1000000 8.805392 8.683853 8.804252 8.695322 0.032085 0.032259 0.100990 0.095700 0.032259 0.032075 0.032259 618200 623107
22 62.310000 60.320000 1000000 8.799903 8.679552 8.798760 8.691021 0.032086 0.032259 0.100991 0.095700 0.032259 0.032076 0.032259 623100 653361
22 62.310000 60.320000 1000000 8.788161 8.670950 8.787014 8.682419 0.032087 0.032259 0.103031 0.097850 0.032259 0.032077 0.032259 653360 659885
22 62.310000 60.320000 1000000 8.786690 8.669875 8.785543 8.681344 0.032086 0.032259 0.104052 0.098926 0.032259 0.032076 0.032259 659880 692312
22 62.310000 60.320000 1000000 8.764795 8.654821 8.763639 8.666290 0.032093 0.032259 0.107124 0.102151 0.032259 0.032083 0.032259 692310 722494
22 62.310000 60.320000 1000000 8.758086 8.648369 8.756927 8.659839 0.032094 0.032259 0.102010 0.096775 0.032259 0.032084 0.032259 722490 800123
22 62.310000 60.320000 1000000 8.729640 8.622563 8.728470 8.634032 0.032094 0.032259 0.102008 0.096773 0.032259 0.032084 0.032259 800120 817610
22 62.310000 60.320000 1000000 8.728949 8.618262 8.727669 8.628028 0.032092 0.032259 0.102009 0.096774 0.032259 0.032082 0.032259 817610 959335
22 62.310000 60.320000 1000000 8.692119 8.586004 8.690823 8.595770 0.032090 0.032259 0.109174 0.104299 0.032259 0.032080 0.032259 959330 1000000
