18 62.310000 60.320000 1000000 13.209819 13.283835 13.203615 13.279577 0.031947 0.032257 0.211082 0.208602 0.032257 0.031939 0.032257 0 50
18 62.310000 60.320000 1000000 11.788959 11.629539 11.784921 11.631240 0.031464 0.032257 0.242478 0.240323 0.032257 0.031454 0.032257 50 60
18 62.310000 60.320000 1000000 11.691522 11.515561 11.687263 11.516859 0.031474 0.032257 0.233954 0.231720 0.032257 0.031464 0.032257 60 70
18 62.310000 60.320000 1000000 11.428964 11.233842 11.427284 11.254225 0.031413 0.032257 0.233953 0.231718 0.032257 0.031402 0.032257 70 80
18 62.310000 60.320000 1000000 11.292723 11.074703 11.289272 11.075911 0.031367 0.032257 0.160797 0.157528 0.032257 0.031357 0.032257 80 90
18 62.310000 60.320000 1000000 11.204220 10.924703 11.201288 10.929227 0.031333 0.032257 0.181385 0.178494 0.032257 0.031324 0.032257 90 101
18 62.310000 60.320000 1000000 11.126878 10.826854 11.124068 10.835948 0.031371 0.032257 0.158163 0.154839 0.032257 0.031361 0.032257 100 110
18 62.310000 60.320000 1000000 11.077768 10.796747 11.075081 10.807095 0.031406 0.032257 0.159215 0.155913 0.032257 0.031397 0.032257 110 120
18 62.310000 60.320000 1000000 11.033397 10.698898 11.026812 10.684739 0.031396 0.032257 0.208956 0.206451 0.032257 0.031383 0.032257 120 135
18 62.310000 60.320000 1000000 10.992355 10.624704 10.985696 10.610545 0.031389 0.032257 0.257937 0.255912 0.032257 0.031375 0.032257 130 141
18 62.310000 60.320000 1000000 10.949323 10.561264 10.942746 10.548359 0.031353 0.032257 0.261138 0.259138 0.032257 0.031340 0.032257 140 154
18 62.310000 60.320000 1000000 10.887799 10.474167 10.881110 10.461263 0.031357 0.032257 0.251537 0.249460 0.032257 0.031344 0.032257 150 160
18 62.310000 60.320000 1000000 10.862016 10.456963 10.855278 10.444058 0.031374 0.032257 0.260071 0.258063 0.032257 0.031361 0.032257 160 172
18 62.310000 60.320000 1000000 10.793569 10.403737 10.786445 10.388279 0.031369 0.032257 0.270208 0.268276 0.032257 0.031357 0.032257 170 180
18 62.310000 60.320000 1000000 10.654414 10.271480 10.647006 10.256021 0.031415 0.032257 0.292642 0.290858 0.032257 0.031403 0.032257 180 197
18 62.310000 60.320000 1000000 10.616255 10.248362 10.608698 10.232052 0.031436 0.032257 0.298523 0.296775 0.032257 0.031424 0.032257 190 200
18 62.310000 60.320000 1000000 10.400316 10.023631 10.389370 9.968163 0.031576 0.032257 0.259009 0.256992 0.032257 0.031564 0.032257 200 211
18 62.310000 60.320000 1000000 10.294837 9.906427 10.293576 9.916192 0.031653 0.032257 0.185620 0.182795 0.032257 0.031645 0.032257 210 221
18 62.310000 60.320000 1000000 10.233724 9.855890 10.232440 9.865655 0.031678 0.032257 0.173980 0.170964 0.032257 0.031670 0.032257 220 234
18 62.310000 60.320000 1000000 10.182868 9.823632 10.181564 9.833397 0.031716 0.032257 0.169756 0.166663 0.032257 0.031707 0.032257 230 251
18 62.310000 60.320000 1000000 10.126943 9.783847 10.125617 9.793613 0.031745 0.032257 0.151850 0.148384 0.032257 0.031737 0.032257 250 275
18 62.310000 60.320000 1000000 10.125263 9.780621 10.123751 9.789580 0.031744 0.032257 0.152901 0.149459 0.032257 0.031735 0.032257 270 293
18 62.310000 60.320000 1000000 10.110634 9.766643 10.109116 9.775602 0.031746 0.032257 0.149749 0.146234 0.032257 0.031738 0.032257 290 304
18 62.310000 60.320000 1000000 10.088903 9.751589 10.087375 9.760548 0.031752 0.032257 0.156055 0.152685 0.032257 0.031744 0.032257 300 313
18 62.310000 60.320000 1000000 10.081290 9.742449 10.079679 9.750557 0.031753 0.032257 0.162899 0.159673 0.032257 0.031744 0.032257 310 321
18 62.310000 60.320000 1000000 10.071879 9.735997 10.070264 9.744106 0.031756 0.032257 0.163954 0.160750 0.032257 0.031747 0.032257 320 363
18 62.310000 60.320000 1000000 10.054504 9.722019 10.052880 9.730127 0.031755 0.032257 0.171341 0.168277 0.032257 0.031746 0.032257 330 359
18 62.310000 60.320000 1000000 10.018080 9.655353 10.015982 9.658354 0.031770 0.032257 0.122079 0.117741 0.032257 0.031762 0.032257 350 363
18 62.310000 60.320000 1000000 10.004758 9.643525 10.002652 9.646526 0.031775 0.032257 0.114837 0.110213 0.032257 0.031767 0.032257 360 371
18 62.310000 60.320000 1000000 9.981893 9.630622 9.979773 9.633623 0.031788 0.032257 0.121043 0.116666 0.032257 0.031780 0.032257 370 381
18 62.310000 60.320000 1000000 9.978353 9.628471 9.976230 9.631472 0.031791 0.032257 0.120007 0.115590 0.032257 0.031782 0.032257 380 402
18 62.310000 60.320000 1000000 9.976190 9.622020 9.974477 9.627529 0.031789 0.032257 0.120006 0.115590 0.032257 0.031780 0.032257 400 411
18 62.310000 60.320000 1000000 9.908561 9.580085 9.906813 9.585594 0.031817 0.032257 0.123116 0.118815 0.032257 0.031808 0.032257 410 426
18 62.310000 60.320000 1000000 9.882147 9.561805 9.880385 9.567315 0.031825 0.032257 0.124155 0.119891 0.032257 0.031816 0.032257 420 433
18 62.310000 60.320000 1000000 9.825608 9.526321 9.823816 9.531831 0.031855 0.032257 0.132481 0.128493 0.032257 0.031847 0.032257 430 456
18 62.310000 60.320000 1000000 9.814921 9.517182 9.813078 9.521840 0.031859 0.032257 0.134045 0.130106 0.032257 0.031850 0.032257 450 472
18 62.310000 60.320000 1000000 9.737030 9.459655 9.734914 9.461760 0.031879 0.032257 0.156586 0.153227 0.032257 0.031871 0.032257 470 482
18 62.310000 60.320000 1000000 9.730812 9.452128 9.728692 9.454233 0.031879 0.032257 0.161851 0.158604 0.032257 0.031870 0.032257 480 500
18 62.310000 60.320000 1000000 9.677227 9.410193 9.675072 9.412298 0.031881 0.032257 0.160798 0.157529 0.032257 0.031873 0.032257 500 525
18 62.310000 60.320000 1000000 9.650634 9.388688 9.648461 9.390792 0.031886 0.032257 0.148179 0.144625 0.032257 0.031877 0.032257 520 531
18 62.310000 60.320000 1000000 9.646331 9.386537 9.644156 9.388642 0.031889 0.032257 0.148179 0.144625 0.032257 0.031881 0.032257 530 556
18 62.310000 60.320000 1000000 9.594707 9.344064 9.591923 9.338507 0.031912 0.032257 0.151856 0.148390 0.032257 0.031904 0.032257 550 564
18 62.310000 60.320000 1000000 9.560599 9.326860 9.557785 9.321303 0.031944 0.032257 0.150804 0.147314 0.032257 0.031935 0.032257 560 571
18 62.310000 60.320000 1000000 9.555078 9.321483 9.552710 9.318436 0.031945 0.032257 0.147655 0.144088 0.032257 0.031936 0.032257 570 583
18 62.310000 60.320000 1000000 9.485441 9.277397 9.483019 9.274350 0.031991 0.032257 0.146602 0.143010 0.032257 0.031982 0.032257 580 593
18 62.310000 60.320000 1000000 9.455540 9.251591 9.452769 9.247334 0.031996 0.032257 0.142412 0.138711 0.032257 0.031987 0.032257 590 618
18 62.310000 60.320000 1000000 9.440994 9.238688 9.438211 9.234430 0.031995 0.032257 0.138226 0.134409 0.032257 0.031986 0.032257 610 652
18 62.310000 60.320000 1000000 9.341110 9.175248 9.338095 9.170184 0.032052 0.032257 0.124678 0.120433 0.032257 0.032043 0.032257 650 683
18 62.310000 60.320000 1000000 9.320739 9.161269 9.317704 9.156205 0.032057 0.032257 0.125716 0.121507 0.032257 0.032048 0.032257 680 722
18 62.310000 60.320000 1000000 9.276936 9.125785 9.273858 9.120722 0.032050 0.032257 0.131962 0.127959 0.032257 0.032041 0.032257 720 788
18 62.310000 60.320000 1000000 9.194188 9.079549 9.191025 9.074485 0.032106 0.032257 0.120527 0.116131 0.032257 0.032097 0.032257 780 869
18 62.310000 60.320000 1000000 9.180474 9.072022 9.177297 9.066958 0.032116 0.032257 0.114324 0.109679 0.032257 0.032107 0.032257 860 913
18 62.310000 60.320000 1000000 9.157242 9.055893 9.154041 9.050829 0.032118 0.032257 0.120527 0.116130 0.032257 0.032109 0.032257 910 981
18 62.310000 60.320000 1000000 9.141133 9.045140 9.137915 9.040077 0.032122 0.032257 0.112262 0.107528 0.032257 0.032113 0.032257 980 1000
18 62.310000 60.320000 1000000 9.139263 9.044065 9.136043 9.039001 0.032123 0.032257 0.111233 0.106453 0.032257 0.032114 0.032257 1000 1012
18 62.310000 60.320000 1000000 9.136309 9.041915 9.133086 9.036851 0.032122 0.032257 0.113293 0.108603 0.032257 0.032113 0.032257 1010 1051
18 62.310000 60.320000 1000000 9.126025 9.032237 9.122791 9.027173 0.032128 0.032257 0.113294 0.108604 0.032257 0.032119 0.032257 1050 1070
18 62.310000 60.320000 1000000 9.114522 9.022022 9.111197 9.016107 0.032129 0.032257 0.115873 0.111292 0.032257 0.032121 0.032257 1070 1080
18 62.310000 60.320000 1000000 9.108928 9.016646 9.105597 9.010731 0.032132 0.032257 0.112778 0.108066 0.032257 0.032123 0.032257 1080 1105
18 62.310000 60.320000 1000000 9.076983 8.987614 9.073617 8.981699 0.032132 0.032257 0.106611 0.101614 0.032257 0.032123 0.032257 1100 1136
18 62.310000 60.320000 1000000 9.063316 8.973635 9.059586 8.966511 0.032139 0.032257 0.106612 0.101614 0.032257 0.032131 0.032257 1130 1155
18 62.310000 60.320000 1000000 9.061931 8.968259 9.059195 8.966152 0.032140 0.032257 0.101500 0.096238 0.032257 0.032131 0.032257 1150 1180
18 62.310000 60.320000 1000000 9.055684 8.960732 9.052943 8.958625 0.032138 0.032257 0.104563 0.099463 0.032257 0.032129 0.032257 1180 1206
18 62.310000 60.320000 1000000 9.040838 8.951055 9.038083 8.948948 0.032144 0.032257 0.097432 0.091937 0.032257 0.032134 0.032257 1200 1245
18 62.310000 60.320000 1000000 9.023539 8.934926 9.021007 8.934074 0.032150 0.032257 0.086360 0.080109 0.032257 0.032141 0.032257 1240 1344
18 62.310000 60.320000 1000000 9.006532 8.919872 9.003986 8.919020 0.032144 0.032257 0.085363 0.079033 0.032257 0.032135 0.032257 1340 1522
18 62.310000 60.320000 1000000 9.003559 8.917722 9.001010 8.916869 0.032145 0.032257 0.085363 0.079033 0.032257 0.032136 0.032257 1380 1443
18 62.310000 60.320000 1000000 8.999124 8.914496 8.996572 8.913644 0.032144 0.032257 0.085363 0.079033 0.032257 0.032135 0.032257 1440 1522
18 62.310000 60.320000 1000000 8.979655 8.897292 8.976934 8.895633 0.032143 0.032257 0.078446 0.071507 0.032257 0.032134 0.032257 1520 1581
18 62.310000 60.320000 1000000 8.970039 8.889765 8.967309 8.888106 0.032142 0.032257 0.080412 0.073658 0.032257 0.032132 0.032257 1580 1628
18 62.310000 60.320000 1000000 8.968175 8.888690 8.965443 8.887031 0.032143 0.032257 0.079428 0.072583 0.032257 0.032133 0.032257 1620 1641
18 62.310000 60.320000 1000000 8.967663 8.887614 8.964930 8.885956 0.032142 0.032257 0.080411 0.073657 0.032257 0.032133 0.032257 1640 1668
18 62.310000 60.320000 1000000 8.963346 8.884389 8.960609 8.882730 0.032143 0.032257 0.077468 0.070433 0.032257 0.032134 0.032257 1660 1727
18 62.310000 60.320000 1000000 8.950092 8.875786 8.947343 8.874128 0.032152 0.032257 0.079429 0.072583 0.032257 0.032142 0.032257 1720 1802
18 62.310000 60.320000 1000000 8.921853 8.854281 8.918847 8.851816 0.032159 0.032257 0.076492 0.069358 0.032257 0.032149 0.032257 1800 1816
18 62.310000 60.320000 1000000 8.919997 8.853206 8.916989 8.850740 0.032160 0.032257 0.075518 0.068282 0.032257 0.032151 0.032257 1810 1894
18 62.310000 60.320000 1000000 8.913383 8.846754 8.910693 8.846798 0.032160 0.032257 0.077467 0.070432 0.032257 0.032151 0.032257 1890 2090
18 62.310000 60.320000 1000000 8.907391 8.841378 8.904696 8.841421 0.032156 0.032257 0.080411 0.073658 0.032257 0.032147 0.032257 2090 2105
18 62.310000 60.320000 1000000 8.905750 8.840302 8.903053 8.840346 0.032156 0.032257 0.081397 0.074733 0.032257 0.032148 0.032257 2100 2124
18 62.310000 60.320000 1000000 8.904273 8.839227 8.901575 8.839271 0.032156 0.032257 0.080411 0.073658 0.032257 0.032147 0.032257 2120 2292
18 62.310000 60.320000 1000000 8.882716 8.818797 8.879998 8.818841 0.032158 0.032257 0.077468 0.070432 0.032257 0.032149 0.032257 2290 2301
18 62.310000 60.320000 1000000 8.875778 8.814496 8.873053 8.814540 0.032161 0.032257 0.075518 0.068282 0.032257 0.032152 0.032257 2300 2317
18 62.310000 60.320000 1000000 8.874078 8.813421 8.871352 8.813464 0.032161 0.032257 0.075518 0.068282 0.032257 0.032152 0.032257 2310 2338
18 62.310000 60.320000 1000000 8.872550 8.812345 8.869822 8.812389 0.032161 0.032257 0.076491 0.069356 0.032257 0.032153 0.032257 2330 2396
18 62.310000 60.320000 1000000 8.869129 8.809120 8.866399 8.809163 0.032159 0.032257 0.076491 0.069356 0.032257 0.032151 0.032257 2390 2421
18 62.310000 60.320000 1000000 8.867501 8.808044 8.864768 8.808088 0.032159 0.032257 0.076491 0.069356 0.032257 0.032150 0.032257 2420 2488
18 62.310000 60.320000 1000000 8.865261 8.806969 8.862527 8.807013 0.032161 0.032257 0.075517 0.068281 0.032257 0.032152 0.032257 2480 2620
18 62.310000 60.320000 1000000 8.861425 8.803743 8.858687 8.803787 0.032160 0.032257 0.076491 0.069356 0.032257 0.032151 0.032257 2620 2737
18 62.310000 60.320000 1000000 8.861213 8.802668 8.858723 8.803966 0.032160 0.032257 0.076490 0.069355 0.032257 0.032151 0.032257 2730 2741
18 62.310000 60.320000 1000000 8.859469 8.801593 8.856977 8.802891 0.032161 0.032257 0.075516 0.068280 0.032257 0.032152 0.032257 2740 2805
18 62.310000 60.320000 1000000 8.859265 8.800517 8.856696 8.801412 0.032161 0.032257 0.076490 0.069355 0.032257 0.032152 0.032257 2800 2871
18 62.310000 60.320000 1000000 8.858536 8.799442 8.855967 8.800337 0.032160 0.032257 0.076490 0.069355 0.032257 0.032151 0.032257 2870 3111
18 62.310000 60.320000 1000000 8.831461 8.783313 8.828868 8.784208 0.032172 0.032257 0.076490 0.069355 0.032257 0.032163 0.032257 3110 3360
18 62.310000 60.320000 1000000 8.822759 8.774711 8.820158 8.775606 0.032172 0.032257 0.073578 0.066130 0.032257 0.032163 0.032257 3360 3380
18 62.310000 60.320000 1000000 8.814507 8.768260 8.811899 8.769155 0.032169 0.032257 0.070692 0.062904 0.032257 0.032160 0.032257 3380 3396
18 62.310000 60.320000 1000000 8.813387 8.767184 8.810778 8.768079 0.032169 0.032257 0.070694 0.062905 0.032257 0.032160 0.032257 3390 3427
18 62.310000 60.320000 1000000 8.812278 8.766109 8.809668 8.767004 0.032169 0.032257 0.070694 0.062905 0.032257 0.032160 0.032257 3420 3760
18 62.310000 60.320000 1000000 8.803445 8.759657 8.800828 8.760552 0.032170 0.032257 0.074546 0.067206 0.032257 0.032161 0.032257 3760 3854
18 62.310000 60.320000 1000000 8.793636 8.753206 8.791010 8.754101 0.032170 0.032257 0.069738 0.061830 0.032257 0.032161 0.032257 3850 3889
18 62.310000 60.320000 1000000 8.791557 8.752130 8.788929 8.753025 0.032172 0.032257 0.068787 0.060754 0.032257 0.032163 0.032257 3880 3912
18 62.310000 60.320000 1000000 8.790936 8.751055 8.788307 8.751950 0.032171 0.032257 0.067839 0.059679 0.032257 0.032162 0.032257 3910 3991
18 62.310000 60.320000 1000000 8.776700 8.736001 8.773946 8.735194 0.032173 0.032257 0.064087 0.055377 0.032257 0.032164 0.032257 3990 4021
18 62.310000 60.320000 1000000 8.774705 8.734926 8.771949 8.734119 0.032174 0.032257 0.063160 0.054302 0.032257 0.032165 0.032257 4020 4221
18 62.310000 60.320000 1000000 8.773356 8.733851 8.770598 8.733043 0.032173 0.032257 0.063161 0.054302 0.032257 0.032164 0.032257 4220 4466
18 62.310000 60.320000 1000000 8.767461 8.729550 8.764698 8.728742 0.032173 0.032257 0.064088 0.055378 0.032257 0.032164 0.032257 4460 4495
18 62.310000 60.320000 1000000 8.766178 8.728475 8.763414 8.727667 0.032172 0.032257 0.065019 0.056453 0.032257 0.032163 0.032257 4490 4556
18 62.310000 60.320000 1000000 8.761597 8.723098 8.758828 8.722291 0.032172 0.032257 0.065019 0.056453 0.032257 0.032163 0.032257 4550 4573
18 62.310000 60.320000 1000000 8.756155 8.718797 8.753381 8.717990 0.032171 0.032257 0.065019 0.056453 0.032257 0.032162 0.032257 4570 4816
18 62.310000 60.320000 1000000 8.755541 8.717722 8.752766 8.716914 0.032170 0.032257 0.065019 0.056453 0.032257 0.032161 0.032257 4810 5160
18 62.310000 60.320000 1000000 8.745527 8.708045 8.742743 8.707237 0.032170 0.032257 0.066895 0.058604 0.032257 0.032161 0.032257 5160 5235
18 62.310000 60.320000 1000000 8.741470 8.704819 8.738682 8.704011 0.032170 0.032257 0.064088 0.055378 0.032257 0.032160 0.032257 5230 5504
18 62.310000 60.320000 1000000 8.729597 8.696217 8.726798 8.695409 0.032168 0.032257 0.060410 0.051077 0.032257 0.032159 0.032257 5440 5555
18 62.310000 60.320000 1000000 8.728164 8.695141 8.725363 8.694334 0.032167 0.032257 0.061322 0.052152 0.032257 0.032158 0.032257 5550 5786
18 62.310000 60.320000 1000000 8.715682 8.686539 8.712869 8.685732 0.032170 0.032257 0.058603 0.048926 0.032257 0.032161 0.032257 5780 5920
18 62.310000 60.320000 1000000 8.714242 8.685464 8.711428 8.684657 0.032170 0.032257 0.058603 0.048926 0.032257 0.032160 0.032257 5920 6026
18 62.310000 60.320000 1000000 8.711580 8.683314 8.708763 8.682506 0.032168 0.032257 0.060410 0.051077 0.032257 0.032159 0.032257 5970 7174
18 62.310000 60.320000 1000000 8.676899 8.655357 8.674049 8.654549 0.032167 0.032257 0.060410 0.051076 0.032257 0.032158 0.032257 7170 8018
18 62.310000 60.320000 1000000 8.663865 8.645679 8.661001 8.644872 0.032169 0.032257 0.062238 0.053226 0.032257 0.032160 0.032257 8010 8405
18 62.310000 60.320000 1000000 8.649920 8.634927 8.647043 8.634119 0.032170 0.032257 0.062238 0.053226 0.032257 0.032161 0.032257 8400 8968
18 62.310000 60.320000 1000000 8.648904 8.633851 8.646025 8.633044 0.032169 0.032257 0.062238 0.053227 0.032257 0.032160 0.032257 8960 9477
18 62.310000 60.320000 1000000 8.632726 8.623099 8.629832 8.622291 0.032174 0.032257 0.063162 0.054304 0.032257 0.032165 0.032257 9470 9637
18 62.310000 60.320000 1000000 8.616299 8.611271 8.613387 8.610463 0.032178 0.032257 0.061322 0.052152 0.032257 0.032169 0.032257 9630 9647
18 62.310000 60.320000 1000000 8.615464 8.610195 8.612552 8.609388 0.032177 0.032257 0.062239 0.053228 0.032257 0.032168 0.032257 9640 9678
18 62.310000 60.320000 1000000 8.613689 8.609120 8.610775 8.608313 0.032178 0.032257 0.062239 0.053228 0.032257 0.032169 0.032257 9670 9912
18 62.310000 60.320000 1000000 8.612222 8.608045 8.609307 8.607237 0.032178 0.032257 0.061322 0.052152 0.032257 0.032169 0.032257 9910 9993
18 62.310000 60.320000 1000000 8.611926 8.606970 8.609011 8.606162 0.032178 0.032257 0.061322 0.052152 0.032257 0.032169 0.032257 9990 10169
18 62.310000 60.320000 1000000 8.603541 8.598367 8.600616 8.597560 0.032180 0.032257 0.065956 0.057529 0.032257 0.032171 0.032257 10160 10201
18 62.310000 60.320000 1000000 8.603100 8.597292 8.600175 8.596485 0.032180 0.032257 0.066894 0.058603 0.032257 0.032170 0.032257 10200 10674
18 62.310000 60.320000 1000000 8.599437 8.595142 8.596509 8.594334 0.032181 0.032257 0.066895 0.058603 0.032257 0.032172 0.032257 10410 10681
18 62.310000 60.320000 1000000 8.598101 8.594066 8.595171 8.593259 0.032180 0.032257 0.067839 0.059679 0.032257 0.032171 0.032257 10680 11573
18 62.310000 60.320000 1000000 8.596326 8.592991 8.593394 8.592184 0.032181 0.032257 0.068787 0.060754 0.032257 0.032172 0.032257 11570 11760
18 62.310000 60.320000 1000000 8.595956 8.591916 8.593024 8.591108 0.032180 0.032257 0.067839 0.059680 0.032257 0.032171 0.032257 11760 12875
18 62.310000 60.320000 1000000 8.569135 8.571486 8.566175 8.570678 0.032184 0.032257 0.064089 0.055379 0.032257 0.032175 0.032257 12870 13591
18 62.310000 60.320000 1000000 8.565636 8.568260 8.562673 8.567452 0.032184 0.032257 0.063162 0.054303 0.032257 0.032175 0.032257 13590 14665
18 62.310000 60.320000 1000000 8.550648 8.553206 8.547669 8.552399 0.032183 0.032257 0.062239 0.053227 0.032257 0.032174 0.032257 14660 16184
18 62.310000 60.320000 1000000 8.537817 8.543529 8.534825 8.542721 0.032188 0.032257 0.063160 0.054302 0.032257 0.032179 0.032257 16180 17342
18 62.310000 60.320000 1000000 8.523614 8.520948 8.520067 8.515033 0.032188 0.032257 0.065020 0.056454 0.032257 0.032180 0.032257 17340 18287
18 62.310000 60.320000 1000000 8.514152 8.514496 8.510867 8.509836 0.032192 0.032257 0.065956 0.057529 0.032257 0.032183 0.032257 18280 18872
18 62.310000 60.320000 1000000 8.513567 8.513421 8.510282 8.508761 0.032191 0.032257 0.066895 0.058604 0.032257 0.032182 0.032257 18870 19443
18 62.310000 60.320000 1000000 8.508405 8.509120 8.505113 8.504460 0.032188 0.032257 0.069738 0.061830 0.032257 0.032180 0.032257 19440 19597
18 62.310000 60.320000 1000000 8.504079 8.504819 8.500963 8.501413 0.032190 0.032257 0.068786 0.060754 0.032257 0.032182 0.032257 19590 20966
18 62.310000 60.320000 1000000 8.502826 8.503744 8.499709 8.500338 0.032190 0.032257 0.067839 0.059679 0.032257 0.032181 0.032257 20960 22273
18 62.310000 60.320000 1000000 8.498177 8.498367 8.494798 8.494155 0.032191 0.032257 0.067839 0.059679 0.032257 0.032182 0.032257 22270 22608
18 62.310000 60.320000 1000000 8.496659 8.497292 8.493278 8.493080 0.032190 0.032257 0.066895 0.058604 0.032257 0.032182 0.032257 22600 23357
18 62.310000 60.320000 1000000 8.477731 8.483314 8.474327 8.479101 0.032190 0.032257 0.063161 0.054303 0.032257 0.032182 0.032257 23350 23926
18 62.310000 60.320000 1000000 8.476466 8.482238 8.473061 8.478026 0.032190 0.032257 0.064088 0.055378 0.032257 0.032181 0.032257 23920 25901
18 62.310000 60.320000 1000000 8.457967 8.465034 8.454539 8.460822 0.032189 0.032257 0.064087 0.055377 0.032257 0.032181 0.032257 25900 26136
18 62.310000 60.320000 1000000 8.457422 8.463959 8.453993 8.459746 0.032190 0.032257 0.063160 0.054302 0.032257 0.032181 0.032257 26130 28874
18 62.310000 60.320000 1000000 8.449868 8.458583 8.446430 8.454370 0.032190 0.032257 0.060410 0.051076 0.032257 0.032181 0.032257 28870 29985
18 62.310000 60.320000 1000000 8.439964 8.451056 8.436514 8.446843 0.032190 0.032257 0.060410 0.051077 0.032257 0.032182 0.032257 29980 31204
18 62.310000 60.320000 1000000 8.438977 8.449981 8.435526 8.445768 0.032190 0.032257 0.060410 0.051077 0.032257 0.032182 0.032257 31200 35060
18 62.310000 60.320000 1000000 8.424298 8.437077 8.421376 8.435374 0.032191 0.032257 0.060410 0.051076 0.032257 0.032182 0.032257 35000 35671
18 62.310000 60.320000 1000000 8.423364 8.436002 8.420442 8.434298 0.032190 0.032257 0.059503 0.050001 0.032257 0.032182 0.032257 35670 36175
18 62.310000 60.320000 1000000 8.422949 8.434927 8.420026 8.433223 0.032191 0.032257 0.060410 0.051076 0.032257 0.032182 0.032257 36170 37531
18 62.310000 60.320000 1000000 8.421426 8.433851 8.418501 8.432148 0.032190 0.032257 0.059503 0.050001 0.032257 0.032181 0.032257 37530 38299
18 62.310000 60.320000 1000000 8.420350 8.432776 8.417425 8.431073 0.032190 0.032257 0.060409 0.051076 0.032257 0.032182 0.032257 38290 39003
18 62.310000 60.320000 1000000 8.419153 8.431701 8.416226 8.429997 0.032191 0.032257 0.060409 0.051076 0.032257 0.032182 0.032257 39000 41759
18 62.310000 60.320000 1000000 8.403378 8.420948 8.400703 8.420499 0.032193 0.032257 0.065018 0.056452 0.032257 0.032184 0.032257 41750 44510
18 62.310000 60.320000 1000000 8.399185 8.415572 8.396505 8.415123 0.032195 0.032257 0.066894 0.058602 0.032257 0.032186 0.032257 43870 45936
18 62.310000 60.320000 1000000 8.393088 8.409120 8.390023 8.407462 0.032198 0.032257 0.065954 0.057527 0.032257 0.032189 0.032257 45930 49025
18 62.310000 60.320000 1000000 8.382554 8.396217 8.379478 8.394558 0.032203 0.032257 0.065954 0.057527 0.032257 0.032195 0.032257 49020 51581
18 62.310000 60.320000 1000000 8.380552 8.395142 8.377474 8.393483 0.032205 0.032257 0.065018 0.056452 0.032257 0.032196 0.032257 51580 52134
18 62.310000 60.320000 1000000 8.379084 8.394067 8.376004 8.392408 0.032204 0.032257 0.065019 0.056452 0.032257 0.032195 0.032257 52130 56188
18 62.310000 60.320000 1000000 8.372631 8.387615 8.369544 8.385956 0.032204 0.032257 0.061322 0.052152 0.032257 0.032195 0.032257 56180 59934
18 62.310000 60.320000 1000000 8.372089 8.386540 8.369001 8.384881 0.032204 0.032257 0.061322 0.052152 0.032257 0.032195 0.032257 59930 61117
18 62.310000 60.320000 1000000 8.369503 8.383314 8.366677 8.382910 0.032203 0.032257 0.062239 0.053228 0.032257 0.032194 0.032257 61110 65489
18 62.310000 60.320000 1000000 8.358727 8.376862 8.355890 8.376458 0.032208 0.032257 0.057709 0.047852 0.032257 0.032199 0.032257 63840 67791
18 62.310000 60.320000 1000000 8.358198 8.375787 8.355360 8.375383 0.032208 0.032257 0.056820 0.046776 0.032257 0.032199 0.032257 67790 69813
18 62.310000 60.320000 1000000 8.355145 8.369873 8.351999 8.367811 0.032207 0.032257 0.056379 0.046239 0.032257 0.032199 0.032257 69810 70375
18 62.310000 60.320000 1000000 8.354752 8.368798 8.351605 8.366736 0.032207 0.032257 0.057264 0.047314 0.032257 0.032198 0.032257 70370 70952
18 62.310000 60.320000 1000000 8.353817 8.367723 8.350669 8.365661 0.032207 0.032257 0.058155 0.048389 0.032257 0.032198 0.032257 70950 74508
18 62.310000 60.320000 1000000 8.341496 8.355895 8.338334 8.353833 0.032208 0.032257 0.056379 0.046239 0.032257 0.032199 0.032257 74500 75560
18 62.310000 60.320000 1000000 8.337396 8.352669 8.334229 8.350607 0.032207 0.032257 0.058155 0.048389 0.032257 0.032199 0.032257 75560 75825
18 62.310000 60.320000 1000000 8.335940 8.351594 8.332772 8.349532 0.032207 0.032257 0.059053 0.049464 0.032257 0.032198 0.032257 75820 78954
18 62.310000 60.320000 1000000 8.335771 8.349981 8.332513 8.347068 0.032207 0.032257 0.059504 0.050002 0.032257 0.032198 0.032257 78950 80073
18 62.310000 60.320000 1000000 8.334584 8.348906 8.331325 8.345992 0.032207 0.032257 0.058604 0.048927 0.032257 0.032199 0.032257 80070 80214
18 62.310000 60.320000 1000000 8.333085 8.347830 8.329824 8.344917 0.032207 0.032257 0.059504 0.050002 0.032257 0.032198 0.032257 80210 85724
18 62.310000 60.320000 1000000 8.312682 8.332776 8.309921 8.332372 0.032211 0.032257 0.058602 0.048926 0.032257 0.032202 0.032257 85720 88407
18 62.310000 60.320000 1000000 8.311272 8.331701 8.308510 8.331297 0.032211 0.032257 0.058602 0.048925 0.032257 0.032202 0.032257 88400 91700
18 62.310000 60.320000 1000000 8.310559 8.330626 8.307796 8.330222 0.032211 0.032257 0.058602 0.048925 0.032257 0.032202 0.032257 91700 99550
18 62.310000 60.320000 1000000 8.307920 8.327400 8.305154 8.326996 0.032210 0.032257 0.061320 0.052150 0.032257 0.032201 0.032257 99550 102286
18 62.310000 60.320000 1000000 8.301546 8.320949 8.298774 8.320544 0.032210 0.032257 0.058603 0.048926 0.032257 0.032201 0.032257 102280 102443
18 62.310000 60.320000 1000000 8.296915 8.316647 8.294138 8.316243 0.032208 0.032257 0.060410 0.051077 0.032257 0.032199 0.032257 102440 103478
18 62.310000 60.320000 1000000 8.295580 8.315572 8.292802 8.315168 0.032208 0.032257 0.060410 0.051077 0.032257 0.032199 0.032257 103470 107660
18 62.310000 60.320000 1000000 8.294457 8.314497 8.291678 8.314093 0.032207 0.032257 0.061322 0.052152 0.032257 0.032198 0.032257 107660 107796
18 62.310000 60.320000 1000000 8.293232 8.313422 8.290452 8.313017 0.032207 0.032257 0.060410 0.051076 0.032257 0.032198 0.032257 107790 112974
18 62.310000 60.320000 1000000 8.293070 8.312346 8.290479 8.313197 0.032207 0.032257 0.060410 0.051076 0.032257 0.032198 0.032257 112970 114096
18 62.310000 60.320000 1000000 8.291683 8.311271 8.289091 8.312121 0.032207 0.032257 0.061321 0.052151 0.032257 0.032198 0.032257 114090 114805
18 62.310000 60.320000 1000000 8.291439 8.310196 8.288756 8.310643 0.032207 0.032257 0.061322 0.052152 0.032257 0.032198 0.032257 114800 118498
18 62.310000 60.320000 1000000 8.290660 8.309121 8.287975 8.309568 0.032207 0.032257 0.062239 0.053227 0.032257 0.032198 0.032257 118490 129543
18 62.310000 60.320000 1000000 8.269846 8.291916 8.267141 8.292363 0.032209 0.032257 0.062238 0.053226 0.032257 0.032200 0.032257 129540 131820
18 62.310000 60.320000 1000000 8.268627 8.290841 8.265921 8.291288 0.032209 0.032257 0.062238 0.053226 0.032257 0.032200 0.032257 131820 133434
18 62.310000 60.320000 1000000 8.267342 8.289766 8.264635 8.290213 0.032209 0.032257 0.062238 0.053226 0.032257 0.032200 0.032257 133430 139643
18 62.310000 60.320000 1000000 8.261293 8.284389 8.258580 8.284836 0.032209 0.032257 0.064087 0.055377 0.032257 0.032200 0.032257 139640 141715
18 62.310000 60.320000 1000000 8.253552 8.279013 8.250831 8.279460 0.032212 0.032257 0.059504 0.050002 0.032257 0.032203 0.032257 141710 145117
18 62.310000 60.320000 1000000 8.248034 8.270411 8.245308 8.270858 0.032214 0.032257 0.064088 0.055378 0.032257 0.032205 0.032257 145110 146618
18 62.310000 60.320000 1000000 8.247812 8.269336 8.245345 8.271037 0.032214 0.032257 0.064088 0.055378 0.032257 0.032205 0.032257 146610 147934
18 62.310000 60.320000 1000000 8.246486 8.268260 8.244018 8.269962 0.032213 0.032257 0.065020 0.056453 0.032257 0.032204 0.032257 147930 151836
18 62.310000 60.320000 1000000 8.240282 8.262884 8.237686 8.264182 0.032214 0.032257 0.066895 0.058603 0.032257 0.032205 0.032257 151830 154617
18 62.310000 60.320000 1000000 8.239133 8.261809 8.236536 8.263107 0.032214 0.032257 0.067838 0.059678 0.032257 0.032205 0.032257 154610 167453
18 62.310000 60.320000 1000000 8.225532 8.246755 8.222570 8.244648 0.032218 0.032257 0.061322 0.052152 0.032257 0.032209 0.032257 167450 177924
18 62.310000 60.320000 1000000 8.201870 8.229551 8.198882 8.227444 0.032215 0.032257 0.065954 0.057527 0.032257 0.032206 0.032257 177920 180773
18 62.310000 60.320000 1000000 8.200646 8.228475 8.197657 8.226369 0.032215 0.032257 0.066894 0.058602 0.032257 0.032206 0.032257 180770 189023
18 62.310000 60.320000 1000000 8.198978 8.227400 8.195987 8.225293 0.032215 0.032257 0.067838 0.059678 0.032257 0.032206 0.032257 189020 192870
18 62.310000 60.320000 1000000 8.197543 8.226325 8.194551 8.224218 0.032215 0.032257 0.067838 0.059678 0.032257 0.032206 0.032257 192870 194637
18 62.310000 60.320000 1000000 8.195816 8.225250 8.192822 8.223143 0.032215 0.032257 0.068785 0.060753 0.032257 0.032206 0.032257 194630 201767
18 62.310000 60.320000 1000000 8.181999 8.211271 8.178989 8.209164 0.032211 0.032257 0.073577 0.066129 0.032257 0.032202 0.032257 201760 205172
18 62.310000 60.320000 1000000 8.172158 8.204819 8.169137 8.202713 0.032215 0.032257 0.073578 0.066130 0.032257 0.032206 0.032257 205170 212422
18 62.310000 60.320000 1000000 8.171830 8.203744 8.168687 8.201234 0.032215 0.032257 0.074545 0.067205 0.032257 0.032206 0.032257 212420 214559
18 62.310000 60.320000 1000000 8.161621 8.195142 8.158466 8.192632 0.032217 0.032257 0.075516 0.068280 0.032257 0.032208 0.032257 214550 219876
18 62.310000 60.320000 1000000 8.160010 8.194067 8.156852 8.191557 0.032217 0.032257 0.074545 0.067204 0.032257 0.032208 0.032257 219870 221791
18 62.310000 60.320000 1000000 8.158809 8.192991 8.155650 8.190481 0.032217 0.032257 0.074545 0.067204 0.032257 0.032208 0.032257 221790 244049
18 62.310000 60.320000 1000000 8.151392 8.185465 8.148487 8.184209 0.032218 0.032257 0.077466 0.070430 0.032257 0.032209 0.032257 244040 245887
18 62.310000 60.320000 1000000 8.150452 8.184389 8.147547 8.183134 0.032217 0.032257 0.076490 0.069355 0.032257 0.032208 0.032257 245880 249054
18 62.310000 60.320000 1000000 8.149509 8.183314 8.146603 8.182058 0.032218 0.032257 0.076490 0.069355 0.032257 0.032209 0.032257 249050 284018
18 62.310000 60.320000 1000000 8.121058 8.158583 8.118636 8.159836 0.032223 0.032257 0.069737 0.061828 0.032257 0.032214 0.032257 284010 288515
18 62.310000 60.320000 1000000 8.114160 8.152131 8.111731 8.153385 0.032223 0.032257 0.071651 0.063979 0.032257 0.032214 0.032257 288510 290927
18 62.310000 60.320000 1000000 8.112715 8.151056 8.110286 8.152309 0.032223 0.032257 0.070692 0.062903 0.032257 0.032213 0.032257 290920 314286
18 62.310000 60.320000 1000000 8.110896 8.149981 8.108465 8.151234 0.032223 0.032257 0.069737 0.061828 0.032257 0.032214 0.032257 314280 325135
18 62.310000 60.320000 1000000 8.096585 8.140303 8.094141 8.141557 0.032224 0.032257 0.065017 0.056451 0.032257 0.032215 0.032257 325130 361416
18 62.310000 60.320000 1000000 8.073252 8.117723 8.070786 8.118976 0.032229 0.032257 0.062238 0.053226 0.032257 0.032220 0.032257 361410 426316
18 62.310000 60.320000 1000000 8.060706 8.104819 8.058229 8.106073 0.032233 0.032257 0.065017 0.056450 0.032257 0.032223 0.032257 426310 464703
18 62.310000 60.320000 1000000 8.056918 8.099443 8.054245 8.099890 0.032233 0.032257 0.067838 0.059677 0.032257 0.032224 0.032257 445400 472733
18 62.310000 60.320000 1000000 8.045379 8.083852 8.042493 8.081745 0.032234 0.032257 0.067365 0.059140 0.032257 0.032225 0.032257 472730 519180
18 62.310000 60.320000 1000000 8.037522 8.077400 8.034627 8.075293 0.032236 0.032257 0.066423 0.058065 0.032257 0.032227 0.032257 519180 535671
18 62.310000 60.320000 1000000 8.029286 8.066647 8.026383 8.064541 0.032237 0.032257 0.066424 0.058065 0.032257 0.032228 0.032257 535670 538209
18 62.310000 60.320000 1000000 8.027728 8.065572 8.024822 8.063465 0.032237 0.032257 0.067366 0.059140 0.032257 0.032227 0.032257 538200 545212
18 62.310000 60.320000 1000000 8.026790 8.064497 8.023884 8.062390 0.032237 0.032257 0.067366 0.059140 0.032257 0.032227 0.032257 545210 574167
18 62.310000 60.320000 1000000 8.021242 8.059120 8.018330 8.057014 0.032236 0.032257 0.067366 0.059140 0.032257 0.032226 0.032257 574160 588136
18 62.310000 60.320000 1000000 8.017886 8.053744 8.014718 8.050831 0.032236 0.032257 0.066424 0.058065 0.032257 0.032227 0.032257 588130 617598
18 62.310000 60.320000 1000000 8.011542 8.039228 8.009021 8.038779 0.032236 0.032257 0.066895 0.058604 0.032257 0.032227 0.032257 617590 668658
18 62.310000 60.320000 1000000 7.989141 8.015572 7.987238 8.018483 0.032236 0.032257 0.071652 0.063980 0.032257 0.032227 0.032257 668650 699046
18 62.310000 60.320000 1000000 7.986917 8.010196 7.985012 8.013107 0.032238 0.032257 0.071652 0.063980 0.032257 0.032228 0.032257 699040 730141
18 62.310000 60.320000 1000000 7.985307 8.009121 7.983401 8.012032 0.032237 0.032257 0.071652 0.063980 0.032257 0.032228 0.032257 730140 744376
18 62.310000 60.320000 1000000 7.978693 8.000518 7.976420 8.002220 0.032236 0.032257 0.069738 0.061830 0.032257 0.032226 0.032257 744370 744468
18 62.310000 60.320000 1000000 7.978446 7.999443 7.976079 8.000741 0.032236 0.032257 0.070693 0.062905 0.032257 0.032226 0.032257 744460 784328
18 62.310000 60.320000 1000000 7.973570 7.995142 7.971200 7.996440 0.032237 0.032257 0.068787 0.060754 0.032257 0.032228 0.032257 758680 809988
18 62.310000 60.320000 1000000 7.969081 7.986540 7.966706 7.987838 0.032237 0.032257 0.067839 0.059679 0.032257 0.032227 0.032257 809980 824448
18 62.310000 60.320000 1000000 7.967687 7.983314 7.965311 7.984613 0.032237 0.032257 0.065020 0.056454 0.032257 0.032228 0.032257 824440 841651
18 62.310000 60.320000 1000000 7.962945 7.977938 7.960564 7.979236 0.032237 0.032257 0.064088 0.055378 0.032257 0.032228 0.032257 841650 869237
18 62.310000 60.320000 1000000 7.961104 7.976863 7.958722 7.978161 0.032238 0.032257 0.064088 0.055378 0.032257 0.032228 0.032257 869230 917391
18 62.310000 60.320000 1000000 7.939985 7.955357 7.937584 7.956656 0.032238 0.032257 0.063160 0.054301 0.032257 0.032229 0.032257 917390 922279
18 62.310000 60.320000 1000000 7.939821 7.953744 7.937333 7.954191 0.032238 0.032257 0.062698 0.053764 0.032257 0.032229 0.032257 922270 966092
18 62.310000 60.320000 1000000 7.938662 7.952669 7.936173 7.953116 0.032238 0.032257 0.062698 0.053764 0.032257 0.032228 0.032257 966090 1000000
