6 62.310000 60.320000 1000000 14.938510 14.540285 14.935131 14.533967 0.032116 0.032259 0.281959 0.280107 0.032259 0.032107 0.032259 0 50
6 62.310000 60.320000 1000000 14.056101 13.822006 14.054637 13.829352 0.032115 0.032259 0.305472 0.303764 0.032259 0.032106 0.032259 50 60
6 62.310000 60.320000 1000000 13.696641 13.517168 13.694225 13.520482 0.032127 0.032259 0.254739 0.252688 0.032259 0.032119 0.032259 60 70
6 62.310000 60.320000 1000000 13.412004 13.277923 13.409708 13.282895 0.032169 0.032259 0.244607 0.242471 0.032259 0.032160 0.032259 70 80
6 62.310000 60.320000 1000000 13.322174 13.172547 13.318940 13.169992 0.032167 0.032259 0.220116 0.217740 0.032259 0.032158 0.032259 80 90
6 62.310000 60.320000 1000000 13.238792 13.101580 13.235496 13.099025 0.032174 0.032259 0.197805 0.195157 0.032259 0.032165 0.032259 90 102
6 62.310000 60.320000 1000000 13.164617 13.032762 13.161264 13.030207 0.032174 0.032259 0.199928 0.197308 0.032259 0.032165 0.032259 100 111
6 62.310000 60.320000 1000000 13.079423 12.954268 13.076005 12.951712 0.032158 0.032259 0.208422 0.205910 0.032259 0.032149 0.032259 110 120
6 62.310000 60.320000 1000000 13.000018 12.874697 12.996444 12.871739 0.032143 0.032259 0.203113 0.200535 0.032259 0.032133 0.032259 120 131
6 62.310000 60.320000 1000000 12.900068 12.787601 12.896796 12.787152 0.032141 0.032259 0.205235 0.202684 0.032259 0.032131 0.032259 130 141
6 62.310000 60.320000 1000000 12.778844 12.708032 12.775478 12.707582 0.032181 0.032259 0.176622 0.173651 0.032259 0.032172 0.032259 140 152
6 62.310000 60.320000 1000000 12.732576 12.661795 12.729272 12.662197 0.032177 0.032259 0.168173 0.165050 0.032259 0.032167 0.032259 150 162
6 62.310000 60.320000 1000000 12.670243 12.595129 12.666510 12.593918 0.032174 0.032259 0.158685 0.155372 0.032259 0.032165 0.032259 160 171
6 62.310000 60.320000 1000000 12.657425 12.584376 12.653681 12.583165 0.032173 0.032259 0.154477 0.151071 0.032259 0.032164 0.032259 170 190
6 62.310000 60.320000 1000000 12.595287 12.522548 12.591277 12.518784 0.032175 0.032259 0.128833 0.124729 0.032259 0.032165 0.032259 190 207
6 62.310000 60.320000 1000000 12.590497 12.518247 12.586483 12.514483 0.032176 0.032259 0.129874 0.125804 0.032259 0.032167 0.032259 200 213
6 62.310000 60.320000 1000000 12.581105 12.502118 12.577082 12.498354 0.032175 0.032259 0.138223 0.134406 0.032259 0.032165 0.032259 210 220
6 62.310000 60.320000 1000000 12.568074 12.484914 12.564038 12.481149 0.032177 0.032259 0.131959 0.127955 0.032259 0.032168 0.032259 220 241
6 62.310000 60.320000 1000000 12.521228 12.439753 12.517394 12.438587 0.032194 0.032259 0.130915 0.126878 0.032259 0.032185 0.032259 240 268
6 62.310000 60.320000 1000000 12.462462 12.379539 12.458574 12.378373 0.032176 0.032259 0.144506 0.140860 0.032259 0.032167 0.032259 260 279
6 62.310000 60.320000 1000000 12.436207 12.348356 12.432293 12.347190 0.032165 0.032259 0.163429 0.160213 0.032259 0.032155 0.032259 270 281
6 62.310000 60.320000 1000000 12.409322 12.322549 12.405383 12.321383 0.032160 0.032259 0.172926 0.169891 0.032259 0.032151 0.032259 280 300
6 62.310000 60.320000 1000000 12.388051 12.298894 12.384092 12.297727 0.032161 0.032259 0.176096 0.173117 0.032259 0.032151 0.032259 300 318
6 62.310000 60.320000 1000000 12.365944 12.280614 12.361964 12.279448 0.032159 0.032259 0.182443 0.179568 0.032259 0.032150 0.032259 310 345
6 62.310000 60.320000 1000000 12.293348 12.199970 12.289296 12.198804 0.032140 0.032259 0.155006 0.151612 0.032259 0.032130 0.032259 340 351
6 62.310000 60.320000 1000000 12.275783 12.181690 12.271409 12.179314 0.032135 0.032259 0.158162 0.154838 0.032259 0.032126 0.032259 350 364
6 62.310000 60.320000 1000000 12.273044 12.176314 12.268470 12.173132 0.032135 0.032259 0.156058 0.152687 0.032259 0.032125 0.032259 360 381
6 62.310000 60.320000 1000000 12.267201 12.168787 12.262620 12.165605 0.032130 0.032259 0.155006 0.151612 0.032259 0.032121 0.032259 380 404
6 62.310000 60.320000 1000000 12.260680 12.156959 12.257359 12.161304 0.032130 0.032259 0.157109 0.153762 0.032259 0.032121 0.032259 400 426
6 62.310000 60.320000 1000000 12.251695 12.149432 12.248367 12.153777 0.032129 0.032259 0.155005 0.151611 0.032259 0.032119 0.032259 420 454
6 62.310000 60.320000 1000000 12.235251 12.123089 12.231416 12.121474 0.032126 0.032259 0.151329 0.147850 0.032259 0.032117 0.032259 450 475
6 62.310000 60.320000 1000000 12.222842 12.108035 12.218996 12.106421 0.032125 0.032259 0.156584 0.153225 0.032259 0.032115 0.032259 470 493
6 62.310000 60.320000 1000000 12.201022 12.082229 12.197155 12.080614 0.032127 0.032259 0.149228 0.145699 0.032259 0.032117 0.032259 490 504
6 62.310000 60.320000 1000000 12.194735 12.073627 12.190862 12.072012 0.032123 0.032259 0.148180 0.144626 0.032259 0.032113 0.032259 500 510
6 62.310000 60.320000 1000000 12.186549 12.056422 12.184592 12.067353 0.032122 0.032259 0.155534 0.152152 0.032259 0.032113 0.032259 510 525
6 62.310000 60.320000 1000000 12.163495 12.031691 12.161703 12.043876 0.032120 0.032259 0.152380 0.148926 0.032259 0.032111 0.032259 520 553
6 62.310000 60.320000 1000000 12.143272 11.986530 12.140089 11.984782 0.032121 0.032259 0.142936 0.139249 0.032259 0.032111 0.032259 550 560
6 62.310000 60.320000 1000000 12.119945 11.965025 12.116657 11.962873 0.032123 0.032259 0.130398 0.126345 0.032259 0.032114 0.032259 560 580
6 62.310000 60.320000 1000000 12.118151 11.963949 12.114862 11.961798 0.032124 0.032259 0.129357 0.125270 0.032259 0.032115 0.032259 580 620
6 62.310000 60.320000 1000000 12.078896 11.925240 12.075574 11.923088 0.032115 0.032259 0.126237 0.122046 0.032259 0.032106 0.032259 620 659
6 62.310000 60.320000 1000000 12.064855 11.911262 12.061874 11.911619 0.032108 0.032259 0.133528 0.129573 0.032259 0.032099 0.032259 650 701
6 62.310000 60.320000 1000000 12.046629 11.889757 12.043634 11.890114 0.032093 0.032259 0.142939 0.139251 0.032259 0.032084 0.032259 700 723
6 62.310000 60.320000 1000000 12.033334 11.873090 12.030270 11.872596 0.032087 0.032259 0.149756 0.146240 0.032259 0.032078 0.032259 720 756
6 62.310000 60.320000 1000000 12.025847 11.860187 12.023109 11.861799 0.032083 0.032259 0.145559 0.141939 0.032259 0.032073 0.032259 750 795
6 62.310000 60.320000 1000000 12.016942 11.844058 12.014198 11.845669 0.032080 0.032259 0.148706 0.145165 0.032259 0.032071 0.032259 790 838
6 62.310000 60.320000 1000000 11.969358 11.811800 11.966581 11.813412 0.032084 0.032259 0.145557 0.141938 0.032259 0.032075 0.032259 830 840
6 62.310000 60.320000 1000000 11.957093 11.802122 11.954308 11.803734 0.032081 0.032259 0.143461 0.139787 0.032259 0.032072 0.032259 840 869
6 62.310000 60.320000 1000000 11.941560 11.783843 11.938764 11.785455 0.032064 0.032259 0.146606 0.143013 0.032259 0.032055 0.032259 860 886
6 62.310000 60.320000 1000000 11.940631 11.782768 11.937834 11.784380 0.032064 0.032259 0.145557 0.141938 0.032259 0.032055 0.032259 880 950
6 62.310000 60.320000 1000000 11.890611 11.731155 11.887570 11.731960 0.032061 0.032259 0.145557 0.141938 0.032259 0.032051 0.032259 950 985
6 62.310000 60.320000 1000000 11.876919 11.713951 11.873867 11.714756 0.032048 0.032259 0.146605 0.143012 0.032259 0.032039 0.032259 980 996
6 62.310000 60.320000 1000000 11.875621 11.711800 11.872568 11.712606 0.032048 0.032259 0.146605 0.143012 0.032259 0.032038 0.032259 990 1028
6 62.310000 60.320000 1000000 11.864931 11.702123 11.861870 11.702928 0.032043 0.032259 0.140320 0.136561 0.032259 0.032034 0.032259 1020 1097
6 62.310000 60.320000 1000000 11.837647 11.669865 11.834564 11.670670 0.032026 0.032259 0.136137 0.132260 0.032259 0.032017 0.032259 1090 1104
6 62.310000 60.320000 1000000 11.825539 11.658037 11.822447 11.658842 0.032024 0.032259 0.139273 0.135486 0.032259 0.032015 0.032259 1100 1127
6 62.310000 60.320000 1000000 11.809778 11.647284 11.806674 11.648090 0.032029 0.032259 0.135093 0.131185 0.032259 0.032020 0.032259 1120 1142
6 62.310000 60.320000 1000000 11.793594 11.635456 11.790477 11.636262 0.032031 0.032259 0.128837 0.124733 0.032259 0.032022 0.032259 1140 1151
6 62.310000 60.320000 1000000 11.791821 11.634381 11.788703 11.635187 0.032032 0.032259 0.128837 0.124733 0.032259 0.032023 0.032259 1150 1160
6 62.310000 60.320000 1000000 11.787763 11.627930 11.784517 11.627032 0.032032 0.032259 0.127796 0.123658 0.032259 0.032023 0.032259 1160 1198
6 62.310000 60.320000 1000000 11.774607 11.617177 11.771350 11.616280 0.032032 0.032259 0.130918 0.126882 0.032259 0.032023 0.032259 1190 1353
6 62.310000 60.320000 1000000 11.739084 11.583844 11.735798 11.582947 0.032033 0.032259 0.133004 0.129033 0.032259 0.032023 0.032259 1350 1416
6 62.310000 60.320000 1000000 11.711103 11.565564 11.707793 11.564667 0.032036 0.032259 0.135091 0.131183 0.032259 0.032027 0.032259 1410 1473
6 62.310000 60.320000 1000000 11.693711 11.532231 11.690386 11.531334 0.032032 0.032259 0.150804 0.147313 0.032259 0.032023 0.032259 1470 1507
6 62.310000 60.320000 1000000 11.669490 11.506424 11.666144 11.505527 0.032012 0.032259 0.148703 0.145161 0.032259 0.032003 0.032259 1500 1611
6 62.310000 60.320000 1000000 11.577664 11.430081 11.574238 11.429184 0.032004 0.032259 0.176100 0.173120 0.032259 0.031995 0.032259 1610 1624
6 62.310000 60.320000 1000000 11.577130 11.429006 11.573704 11.428108 0.032004 0.032259 0.176100 0.173120 0.032259 0.031995 0.032259 1620 1670
6 62.310000 60.320000 1000000 11.574548 11.425780 11.571119 11.424883 0.032003 0.032259 0.178214 0.175271 0.032259 0.031994 0.032259 1670 1699
6 62.310000 60.320000 1000000 11.564888 11.410726 11.561451 11.409829 0.031991 0.032259 0.181388 0.178497 0.032259 0.031981 0.032259 1690 1705
6 62.310000 60.320000 1000000 11.564450 11.409651 11.561013 11.408754 0.031991 0.032259 0.182446 0.179572 0.032259 0.031981 0.032259 1700 1809
6 62.310000 60.320000 1000000 11.558059 11.403199 11.554616 11.402302 0.031989 0.032259 0.179272 0.176346 0.032259 0.031979 0.032259 1710 1721
6 62.310000 60.320000 1000000 11.556752 11.402124 11.553308 11.401227 0.031989 0.032259 0.178215 0.175271 0.032259 0.031980 0.032259 1720 1809
6 62.310000 60.320000 1000000 11.542007 11.368791 11.538549 11.367894 0.031984 0.032259 0.167650 0.164517 0.032259 0.031975 0.032259 1800 1941
6 62.310000 60.320000 1000000 11.512223 11.323630 11.508739 11.322732 0.031967 0.032259 0.162379 0.159143 0.032259 0.031958 0.032259 1840 1903
6 62.310000 60.320000 1000000 11.504726 11.312877 11.501234 11.311980 0.031959 0.032259 0.165543 0.162369 0.032259 0.031949 0.032259 1900 1941
6 62.310000 60.320000 1000000 11.494057 11.298898 11.490555 11.298001 0.031947 0.032259 0.172930 0.169895 0.032259 0.031937 0.032259 1940 2094
6 62.310000 60.320000 1000000 11.461867 11.267715 11.458000 11.265609 0.031944 0.032259 0.163432 0.160217 0.032259 0.031934 0.032259 2090 2241
6 62.310000 60.320000 1000000 11.448900 11.256963 11.445020 11.254856 0.031943 0.032259 0.161325 0.158066 0.032259 0.031934 0.032259 2240 2379
6 62.310000 60.320000 1000000 11.434293 11.240834 11.430994 11.242490 0.031943 0.032259 0.164487 0.161292 0.032259 0.031934 0.032259 2310 2382
6 62.310000 60.320000 1000000 11.432823 11.237608 11.429761 11.240519 0.031942 0.032259 0.164485 0.161291 0.032259 0.031932 0.032259 2380 2415
6 62.310000 60.320000 1000000 11.411576 11.224705 11.408497 11.227616 0.031954 0.032259 0.158163 0.154839 0.032259 0.031945 0.032259 2410 2556
6 62.310000 60.320000 1000000 11.391958 11.195672 11.388863 11.198584 0.031939 0.032259 0.160269 0.156989 0.032259 0.031929 0.032259 2550 2742
6 62.310000 60.320000 1000000 11.364699 11.176318 11.361582 11.179229 0.031943 0.032259 0.160270 0.156990 0.032259 0.031933 0.032259 2630 2917
6 62.310000 60.320000 1000000 11.288087 11.120404 11.284906 11.123315 0.031946 0.032259 0.149752 0.146237 0.032259 0.031937 0.032259 2910 2936
6 62.310000 60.320000 1000000 11.270084 11.107500 11.266888 11.110412 0.031945 0.032259 0.162376 0.159140 0.032259 0.031936 0.032259 2930 2972
6 62.310000 60.320000 1000000 11.269874 11.106425 11.266923 11.110591 0.031945 0.032259 0.162376 0.159140 0.032259 0.031936 0.032259 2970 3436
6 62.310000 60.320000 1000000 11.202915 11.051587 11.199910 11.055752 0.031942 0.032259 0.140318 0.136559 0.032259 0.031932 0.032259 3430 3462
6 62.310000 60.320000 1000000 11.197592 11.047286 11.194582 11.051451 0.031942 0.032259 0.137180 0.133334 0.032259 0.031933 0.032259 3460 3684
6 62.310000 60.320000 1000000 11.195604 11.042984 11.192593 11.047150 0.031939 0.032259 0.140318 0.136559 0.032259 0.031929 0.032259 3680 4100
6 62.310000 60.320000 1000000 11.161616 11.017178 11.158578 11.021344 0.031943 0.032259 0.142411 0.138709 0.032259 0.031933 0.032259 4100 4350
6 62.310000 60.320000 1000000 11.146740 10.996748 11.143689 11.000914 0.031944 0.032259 0.142411 0.138709 0.032259 0.031934 0.032259 4350 4537
6 62.310000 60.320000 1000000 11.140454 10.991372 11.137290 10.995134 0.031947 0.032259 0.138225 0.134408 0.032259 0.031938 0.032259 4530 4550
6 62.310000 60.320000 1000000 11.139955 10.989221 11.136933 10.993835 0.031947 0.032259 0.137181 0.133334 0.032259 0.031938 0.032259 4550 4692
6 62.310000 60.320000 1000000 11.126630 10.981695 11.123597 10.986308 0.031952 0.032259 0.141364 0.137634 0.032259 0.031942 0.032259 4690 4906
6 62.310000 60.320000 1000000 11.104950 10.965566 11.101899 10.970179 0.031946 0.032259 0.140319 0.136561 0.032259 0.031936 0.032259 4900 5527
6 62.310000 60.320000 1000000 11.039410 10.909652 11.036305 10.914265 0.031937 0.032259 0.145557 0.141937 0.032259 0.031927 0.032259 5520 6102
6 62.310000 60.320000 1000000 11.034904 10.901050 11.032509 10.909427 0.031931 0.032259 0.147654 0.144087 0.032259 0.031922 0.032259 6100 6565
6 62.310000 60.320000 1000000 11.005739 10.868792 11.002900 10.875556 0.031917 0.032259 0.151854 0.148389 0.032259 0.031907 0.032259 6560 6781
6 62.310000 60.320000 1000000 10.994688 10.842985 10.989652 10.841282 0.031917 0.032259 0.156059 0.152688 0.032259 0.031908 0.032259 6780 6823
6 62.310000 60.320000 1000000 10.990585 10.838684 10.985543 10.836980 0.031917 0.032259 0.158163 0.154838 0.032259 0.031908 0.032259 6820 6879
6 62.310000 60.320000 1000000 10.972115 10.825781 10.967047 10.824077 0.031922 0.032259 0.160269 0.156989 0.032259 0.031912 0.032259 6870 6894
6 62.310000 60.320000 1000000 10.970448 10.822018 10.965286 10.819463 0.031922 0.032259 0.157636 0.154300 0.032259 0.031912 0.032259 6890 7239
6 62.310000 60.320000 1000000 10.955851 10.811265 10.950669 10.808710 0.031921 0.032259 0.163957 0.160752 0.032259 0.031911 0.032259 7230 7303
6 62.310000 60.320000 1000000 10.936348 10.792985 10.931138 10.790430 0.031922 0.032259 0.161849 0.158602 0.032259 0.031912 0.032259 7300 7323
6 62.310000 60.320000 1000000 10.918525 10.759652 10.913290 10.757097 0.031903 0.032259 0.180858 0.177957 0.032259 0.031894 0.032259 7320 7759
6 62.310000 60.320000 1000000 10.908431 10.752125 10.903181 10.749570 0.031901 0.032259 0.180857 0.177957 0.032259 0.031892 0.032259 7550 7800
6 62.310000 60.320000 1000000 10.895901 10.743523 10.890633 10.740968 0.031901 0.032259 0.186150 0.183334 0.032259 0.031892 0.032259 7800 7908
6 62.310000 60.320000 1000000 10.894684 10.742448 10.889414 10.739893 0.031900 0.032259 0.186150 0.183334 0.032259 0.031891 0.032259 7900 8233
6 62.310000 60.320000 1000000 10.882608 10.734921 10.877320 10.732366 0.031905 0.032259 0.182972 0.180106 0.032259 0.031895 0.032259 8230 8294
6 62.310000 60.320000 1000000 10.882208 10.733846 10.876920 10.731291 0.031905 0.032259 0.181914 0.179031 0.032259 0.031895 0.032259 8290 8450
6 62.310000 60.320000 1000000 10.879391 10.730620 10.874099 10.728065 0.031903 0.032259 0.181914 0.179031 0.032259 0.031894 0.032259 8450 9347
6 62.310000 60.320000 1000000 10.837368 10.688147 10.831737 10.683038 0.031884 0.032259 0.184560 0.181719 0.032259 0.031875 0.032259 8870 9317
6 62.310000 60.320000 1000000 10.792369 10.646212 10.786668 10.641103 0.031880 0.032259 0.160268 0.156988 0.032259 0.031871 0.032259 9310 9347
6 62.310000 60.320000 1000000 10.788281 10.642986 10.782573 10.637877 0.031880 0.032259 0.159215 0.155913 0.032259 0.031871 0.032259 9340 9435
6 62.310000 60.320000 1000000 10.788131 10.641373 10.782344 10.635413 0.031880 0.032259 0.158689 0.155376 0.032259 0.031871 0.032259 9430 9744
6 62.310000 60.320000 1000000 10.782119 10.637072 10.776322 10.631112 0.031880 0.032259 0.158688 0.155374 0.032259 0.031871 0.032259 9740 11722
6 62.310000 60.320000 1000000 10.680964 10.534922 10.678809 10.549033 0.031869 0.032259 0.149228 0.145699 0.032259 0.031859 0.032259 11720 11995
6 62.310000 60.320000 1000000 10.656040 10.510191 10.653870 10.524302 0.031852 0.032259 0.156584 0.153225 0.032259 0.031842 0.032259 11990 13388
6 62.310000 60.320000 1000000 10.623037 10.481159 10.621258 10.497779 0.031840 0.032259 0.160795 0.157526 0.032259 0.031830 0.032259 13380 13685
6 62.310000 60.320000 1000000 10.614833 10.463954 10.613050 10.480575 0.031844 0.032259 0.160795 0.157525 0.032259 0.031833 0.032259 13680 15573
6 62.310000 60.320000 1000000 10.571218 10.440299 10.569413 10.456919 0.031871 0.032259 0.156583 0.153224 0.032259 0.031861 0.032259 15570 17437
6 62.310000 60.320000 1000000 10.512270 10.349977 10.508765 10.349573 0.031843 0.032259 0.141889 0.138173 0.032259 0.031833 0.032259 17430 17702
6 62.310000 60.320000 1000000 10.511813 10.348902 10.508308 10.348498 0.031842 0.032259 0.142936 0.139248 0.032259 0.031833 0.032259 17700 18603
6 62.310000 60.320000 1000000 10.492029 10.324171 10.488336 10.322064 0.031828 0.032259 0.139795 0.136022 0.032259 0.031818 0.032259 18460 19053
6 62.310000 60.320000 1000000 10.469447 10.304816 10.465731 10.302709 0.031828 0.032259 0.145031 0.141398 0.032259 0.031819 0.032259 19050 19324
6 62.310000 60.320000 1000000 10.461350 10.291913 10.457625 10.289806 0.031827 0.032259 0.148178 0.144624 0.032259 0.031817 0.032259 19320 19587
6 62.310000 60.320000 1000000 10.456976 10.288687 10.453246 10.286580 0.031827 0.032259 0.148178 0.144624 0.032259 0.031817 0.032259 19580 19661
6 62.310000 60.320000 1000000 10.454502 10.287612 10.450770 10.285505 0.031829 0.032259 0.147128 0.143548 0.032259 0.031820 0.032259 19660 21415
6 62.310000 60.320000 1000000 10.443780 10.280085 10.440036 10.277978 0.031832 0.032259 0.148178 0.144624 0.032259 0.031822 0.032259 21410 23091
6 62.310000 60.320000 1000000 10.428802 10.258579 10.425042 10.256473 0.031816 0.032259 0.149227 0.145699 0.032259 0.031807 0.032259 23090 24368
6 62.310000 60.320000 1000000 10.397451 10.234924 10.393657 10.232817 0.031832 0.032259 0.152378 0.148924 0.032259 0.031822 0.032259 24360 24419
6 62.310000 60.320000 1000000 10.396901 10.233848 10.393106 10.231742 0.031832 0.032259 0.152378 0.148924 0.032259 0.031822 0.032259 24410 24556
6 62.310000 60.320000 1000000 10.388958 10.229547 10.385155 10.227441 0.031835 0.032259 0.151328 0.147850 0.032259 0.031825 0.032259 24550 24666
6 62.310000 60.320000 1000000 10.386282 10.228472 10.382476 10.226365 0.031838 0.032259 0.151328 0.147850 0.032259 0.031829 0.032259 24660 24694
6 62.310000 60.320000 1000000 10.385464 10.227397 10.381657 10.225290 0.031836 0.032259 0.152379 0.148925 0.032259 0.031827 0.032259 24690 25176
6 62.310000 60.320000 1000000 10.385092 10.226321 10.381285 10.224215 0.031836 0.032259 0.152379 0.148925 0.032259 0.031827 0.032259 25170 27238
6 62.310000 60.320000 1000000 10.367265 10.204816 10.362674 10.199484 0.031833 0.032259 0.161849 0.158601 0.032259 0.031824 0.032259 27230 27797
6 62.310000 60.320000 1000000 10.367080 10.203741 10.362705 10.199663 0.031833 0.032259 0.160795 0.157526 0.032259 0.031824 0.032259 27790 28519
6 62.310000 60.320000 1000000 10.366415 10.202665 10.362039 10.198587 0.031832 0.032259 0.161849 0.158601 0.032259 0.031822 0.032259 28510 28846
6 62.310000 60.320000 1000000 10.365758 10.201590 10.361382 10.197512 0.031830 0.032259 0.161849 0.158601 0.032259 0.031821 0.032259 28840 29945
6 62.310000 60.320000 1000000 10.321199 10.166107 10.316765 10.162029 0.031835 0.032259 0.167121 0.163978 0.032259 0.031826 0.032259 29940 30549
6 62.310000 60.320000 1000000 10.311169 10.151053 10.306723 10.146975 0.031813 0.032259 0.161849 0.158602 0.032259 0.031803 0.032259 30190 31397
6 62.310000 60.320000 1000000 10.300407 10.142451 10.295947 10.138373 0.031807 0.032259 0.156586 0.153227 0.032259 0.031798 0.032259 31390 31914
6 62.310000 60.320000 1000000 10.292118 10.127397 10.287647 10.123319 0.031798 0.032259 0.157639 0.154303 0.032259 0.031788 0.032259 31500 33096
6 62.310000 60.320000 1000000 10.280603 10.115569 10.276117 10.111491 0.031788 0.032259 0.155534 0.152152 0.032259 0.031778 0.032259 33090 33989
6 62.310000 60.320000 1000000 10.267577 10.105892 10.263073 10.101814 0.031785 0.032259 0.152380 0.148926 0.032259 0.031775 0.032259 33980 35901
6 62.310000 60.320000 1000000 10.243146 10.084386 10.238610 10.080308 0.031776 0.032259 0.154482 0.151077 0.032259 0.031767 0.032259 35900 36725
6 62.310000 60.320000 1000000 10.237158 10.077935 10.232877 10.075111 0.031777 0.032259 0.157638 0.154302 0.032259 0.031767 0.032259 36720 38541
6 62.310000 60.320000 1000000 10.220516 10.048903 10.216214 10.046079 0.031767 0.032259 0.174514 0.171506 0.032259 0.031757 0.032259 38540 38892
6 62.310000 60.320000 1000000 10.219609 10.045677 10.215527 10.044108 0.031767 0.032259 0.176626 0.173655 0.032259 0.031757 0.032259 38890 39845
6 62.310000 60.320000 1000000 10.176873 10.017720 10.172739 10.016151 0.031765 0.032259 0.196748 0.194085 0.032259 0.031755 0.032259 39840 40483
6 62.310000 60.320000 1000000 10.175337 10.013419 10.170929 10.010640 0.031763 0.032259 0.200992 0.198387 0.032259 0.031753 0.032259 40480 41541
6 62.310000 60.320000 1000000 10.174207 10.009118 10.169620 10.004637 0.031761 0.032259 0.203115 0.200537 0.032259 0.031752 0.032259 41540 41972
6 62.310000 60.320000 1000000 10.167427 10.004817 10.162831 10.000336 0.031764 0.032259 0.199931 0.197311 0.032259 0.031754 0.032259 41970 42593
6 62.310000 60.320000 1000000 10.093484 9.970408 10.088786 9.965926 0.031829 0.032259 0.192506 0.189784 0.032259 0.031819 0.032259 42590 42965
6 62.310000 60.320000 1000000 10.091883 9.966107 10.087978 9.965389 0.031827 0.032259 0.193566 0.190859 0.032259 0.031817 0.032259 42960 43397
6 62.310000 60.320000 1000000 10.085805 9.958580 10.081761 9.957459 0.031824 0.032259 0.186149 0.183332 0.032259 0.031814 0.032259 43390 44684
6 62.310000 60.320000 1000000 10.060978 9.940300 10.056904 9.939179 0.031820 0.032259 0.191447 0.188710 0.032259 0.031810 0.032259 44680 46367
6 62.310000 60.320000 1000000 10.044943 9.904817 10.040849 9.903696 0.031819 0.032259 0.188268 0.185484 0.032259 0.031809 0.032259 46360 46478
6 62.310000 60.320000 1000000 10.044593 9.903741 10.040367 9.902217 0.031819 0.032259 0.187209 0.184409 0.032259 0.031810 0.032259 46470 46809
6 62.310000 60.320000 1000000 10.038619 9.900516 10.034386 9.898991 0.031824 0.032259 0.185091 0.182258 0.032259 0.031815 0.032259 46800 47690
6 62.310000 60.320000 1000000 10.000237 9.867720 9.995875 9.865344 0.031815 0.032259 0.182445 0.179571 0.032259 0.031806 0.032259 47690 49233
6 62.310000 60.320000 1000000 9.987267 9.854816 9.982887 9.852441 0.031805 0.032259 0.181387 0.178496 0.032259 0.031795 0.032259 49230 50572
6 62.310000 60.320000 1000000 9.978684 9.848365 9.974294 9.845990 0.031807 0.032259 0.186680 0.183871 0.032259 0.031798 0.032259 50480 57543
6 62.310000 60.320000 1000000 9.938967 9.824709 9.934524 9.822334 0.031822 0.032259 0.181387 0.178495 0.032259 0.031812 0.032259 52850 53203
6 62.310000 60.320000 1000000 9.932536 9.816107 9.928084 9.813732 0.031812 0.032259 0.172928 0.169893 0.032259 0.031803 0.032259 53200 57543
6 62.310000 60.320000 1000000 9.899257 9.748366 9.893180 9.740748 0.031789 0.032259 0.160267 0.156987 0.032259 0.031780 0.032259 57540 58078
6 62.310000 60.320000 1000000 9.897516 9.747290 9.891436 9.739673 0.031790 0.032259 0.160267 0.156987 0.032259 0.031781 0.032259 58070 63964
6 62.310000 60.320000 1000000 9.871472 9.724710 9.865344 9.717092 0.031786 0.032259 0.152903 0.149462 0.032259 0.031778 0.032259 63960 67414
6 62.310000 60.320000 1000000 9.855869 9.688151 9.849712 9.680534 0.031776 0.032259 0.163430 0.160215 0.032259 0.031768 0.032259 67410 68460
6 62.310000 60.320000 1000000 9.854646 9.687076 9.848487 9.679458 0.031777 0.032259 0.164484 0.161290 0.032259 0.031768 0.032259 68460 73379
6 62.310000 60.320000 1000000 9.815937 9.655893 9.809704 9.648276 0.031769 0.032259 0.167649 0.164516 0.032259 0.031761 0.032259 73370 75847
6 62.310000 60.320000 1000000 9.802838 9.646216 9.796580 9.638598 0.031771 0.032259 0.165540 0.162367 0.032259 0.031762 0.032259 75840 76832
6 62.310000 60.320000 1000000 9.802655 9.644603 9.796300 9.636134 0.031771 0.032259 0.165013 0.161829 0.032259 0.031762 0.032259 76830 80176
6 62.310000 60.320000 1000000 9.673828 9.577399 9.667117 9.568079 0.031862 0.032259 0.151854 0.148388 0.032259 0.031854 0.032259 80170 80443
6 62.310000 60.320000 1000000 9.668845 9.574173 9.662123 9.564853 0.031864 0.032259 0.149753 0.146237 0.032259 0.031856 0.032259 80440 84734
6 62.310000 60.320000 1000000 9.653184 9.556969 9.646430 9.547649 0.031854 0.032259 0.162377 0.159140 0.032259 0.031847 0.032259 84730 87413
6 62.310000 60.320000 1000000 9.652601 9.555894 9.645845 9.546574 0.031853 0.032259 0.163431 0.160215 0.032259 0.031845 0.032259 87410 90329
6 62.310000 60.320000 1000000 9.649995 9.552668 9.643235 9.543348 0.031852 0.032259 0.165539 0.162366 0.032259 0.031844 0.032259 90320 90876
6 62.310000 60.320000 1000000 9.641550 9.547292 9.634771 9.537972 0.031857 0.032259 0.160270 0.156990 0.032259 0.031849 0.032259 90870 93251
6 62.310000 60.320000 1000000 9.606704 9.517184 9.599851 9.507864 0.031852 0.032259 0.168706 0.165593 0.032259 0.031844 0.032259 93250 99862
6 62.310000 60.320000 1000000 9.581831 9.499980 9.574925 9.490660 0.031851 0.032259 0.176101 0.173121 0.032259 0.031844 0.032259 99860 100991
6 62.310000 60.320000 1000000 9.581266 9.498905 9.574359 9.489585 0.031850 0.032259 0.175044 0.172045 0.032259 0.031843 0.032259 100990 106887
6 62.310000 60.320000 1000000 9.563211 9.467722 9.556264 9.458402 0.031832 0.032259 0.169763 0.166669 0.032259 0.031824 0.032259 106880 112754
6 62.310000 60.320000 1000000 9.547427 9.432776 9.539431 9.414092 0.031840 0.032259 0.171347 0.168283 0.032259 0.031833 0.032259 112750 116875
6 62.310000 60.320000 1000000 9.482221 9.394066 9.474059 9.375382 0.031863 0.032259 0.150280 0.146777 0.032259 0.031857 0.032259 116870 119156
6 62.310000 60.320000 1000000 9.480475 9.392991 9.472308 9.374307 0.031863 0.032259 0.151331 0.147853 0.032259 0.031857 0.032259 119150 119265
6 62.310000 60.320000 1000000 9.479906 9.391915 9.471738 9.373232 0.031862 0.032259 0.150280 0.146777 0.032259 0.031856 0.032259 119260 123376
6 62.310000 60.320000 1000000 9.453007 9.375249 9.444684 9.355714 0.031872 0.032259 0.144509 0.140862 0.032259 0.031867 0.032259 123370 123544
6 62.310000 60.320000 1000000 9.452177 9.374174 9.443851 9.354639 0.031873 0.032259 0.143461 0.139787 0.032259 0.031867 0.032259 123540 130358
6 62.310000 60.320000 1000000 9.445764 9.360195 9.436608 9.337434 0.031867 0.032259 0.143461 0.139787 0.032259 0.031861 0.032259 130350 141866
6 62.310000 60.320000 1000000 9.436668 9.351593 9.427485 9.328832 0.031863 0.032259 0.149754 0.146238 0.032259 0.031858 0.032259 141860 152364
6 62.310000 60.320000 1000000 9.397097 9.312883 9.387798 9.290123 0.031861 0.032259 0.128838 0.124734 0.032259 0.031856 0.032259 152360 152970
6 62.310000 60.320000 1000000 9.396608 9.311808 9.387307 9.289048 0.031860 0.032259 0.129879 0.125809 0.032259 0.031855 0.032259 152970 161655
6 62.310000 60.320000 1000000 9.370104 9.289227 9.360724 9.266467 0.031856 0.032259 0.131963 0.127959 0.032259 0.031851 0.032259 161650 162217
6 62.310000 60.320000 1000000 9.363408 9.283851 9.354008 9.261090 0.031861 0.032259 0.133006 0.129034 0.032259 0.031856 0.032259 162210 206430
6 62.310000 60.320000 1000000 9.292412 9.224711 9.282794 9.201951 0.031839 0.032259 0.141367 0.137637 0.032259 0.031835 0.032259 195030 245312
6 62.310000 60.320000 1000000 9.242026 9.187077 9.232249 9.164316 0.031855 0.032259 0.136136 0.132259 0.032259 0.031851 0.032259 213660 221790
6 62.310000 60.320000 1000000 9.220903 9.140841 9.220114 9.160732 0.031857 0.032259 0.128835 0.124731 0.032259 0.031847 0.032259 221790 245312
6 62.310000 60.320000 1000000 9.189392 9.112883 9.188595 9.132775 0.031860 0.032259 0.128835 0.124731 0.032259 0.031850 0.032259 245310 252212
6 62.310000 60.320000 1000000 9.180456 9.104819 9.179555 9.123859 0.031863 0.032259 0.123119 0.118818 0.032259 0.031853 0.032259 252210 290056
6 62.310000 60.320000 1000000 9.149047 9.048368 9.146386 9.049532 0.031866 0.032259 0.104052 0.098926 0.032259 0.031857 0.032259 290050 294304
6 62.310000 60.320000 1000000 9.145035 9.044067 9.142371 9.045231 0.031867 0.032259 0.104052 0.098925 0.032259 0.031858 0.032259 294300 305029
6 62.310000 60.320000 1000000 9.134479 9.027938 9.131407 9.027893 0.031854 0.032259 0.109177 0.104302 0.032259 0.031845 0.032259 305020 315874
6 62.310000 60.320000 1000000 9.112880 9.008583 9.109787 9.008538 0.031844 0.032259 0.115356 0.110754 0.032259 0.031835 0.032259 315870 323275
6 62.310000 60.320000 1000000 9.112279 9.007508 9.109185 9.007463 0.031844 0.032259 0.116389 0.111829 0.032259 0.031835 0.032259 323270 331898
6 62.310000 60.320000 1000000 9.107511 9.001056 9.104228 8.999309 0.031842 0.032259 0.116389 0.111829 0.032259 0.031833 0.032259 331890 332262
6 62.310000 60.320000 1000000 9.106682 8.999981 9.103399 8.998233 0.031841 0.032259 0.116389 0.111829 0.032259 0.031831 0.032259 332260 380021
6 62.310000 60.320000 1000000 9.071655 8.932777 9.065917 8.912302 0.031834 0.032259 0.126234 0.122043 0.032259 0.031824 0.032259 380020 384736
6 62.310000 60.320000 1000000 9.069374 8.929551 9.063633 8.909076 0.031834 0.032259 0.128314 0.124193 0.032259 0.031823 0.032259 384730 411312
6 62.310000 60.320000 1000000 9.053929 8.916648 9.048158 8.896173 0.031826 0.032259 0.122081 0.117742 0.032259 0.031815 0.032259 411310 418700
6 62.310000 60.320000 1000000 9.050690 8.908046 9.044913 8.887571 0.031820 0.032259 0.121044 0.116667 0.032259 0.031810 0.032259 418700 433340
6 62.310000 60.320000 1000000 9.030530 8.895143 9.024714 8.874668 0.031820 0.032259 0.122082 0.117742 0.032259 0.031809 0.032259 433340 453007
6 62.310000 60.320000 1000000 9.001432 8.874712 8.995560 8.854237 0.031830 0.032259 0.118974 0.114517 0.032259 0.031820 0.032259 453000 456968
6 62.310000 60.320000 1000000 8.999522 8.873637 8.993646 8.853162 0.031831 0.032259 0.117940 0.113442 0.032259 0.031821 0.032259 456960 467952
6 62.310000 60.320000 1000000 8.998118 8.872562 8.992239 8.852087 0.031832 0.032259 0.117940 0.113443 0.032259 0.031822 0.032259 467950 486731
6 62.310000 60.320000 1000000 8.991493 8.861809 8.985600 8.841334 0.031827 0.032259 0.115873 0.111292 0.032259 0.031817 0.032259 486730 488479
6 62.310000 60.320000 1000000 8.990724 8.860734 8.984830 8.840259 0.031826 0.032259 0.116905 0.112366 0.032259 0.031815 0.032259 488470 495232
6 62.310000 60.320000 1000000 8.984965 8.856433 8.979060 8.835958 0.031829 0.032259 0.116905 0.112366 0.032259 0.031818 0.032259 495230 504899
6 62.310000 60.320000 1000000 8.980969 8.840304 8.977613 8.837392 0.031829 0.032259 0.101500 0.096237 0.032259 0.031820 0.032259 504890 544637
6 62.310000 60.320000 1000000 8.958071 8.817186 8.954536 8.811720 0.031829 0.032259 0.100989 0.095699 0.032259 0.031820 0.032259 544630 583990
6 62.310000 60.320000 1000000 8.943558 8.796756 8.940005 8.791290 0.031838 0.032259 0.099972 0.094624 0.032259 0.031829 0.032259 583990 589237
6 62.310000 60.320000 1000000 8.942320 8.795681 8.938766 8.790214 0.031840 0.032259 0.099972 0.094624 0.032259 0.031831 0.032259 589230 609960
6 62.310000 60.320000 1000000 8.931612 8.788154 8.928201 8.783942 0.031846 0.032259 0.099972 0.094624 0.032259 0.031837 0.032259 609960 613388
6 62.310000 60.320000 1000000 8.930421 8.787078 8.927008 8.782867 0.031845 0.032259 0.098954 0.093549 0.032259 0.031836 0.032259 613380 631977
6 62.310000 60.320000 1000000 8.920767 8.779552 8.917343 8.775340 0.031853 0.032259 0.094899 0.089248 0.032259 0.031844 0.032259 631970 653246
6 62.310000 60.320000 1000000 8.911680 8.772025 8.908246 8.767813 0.031852 0.032259 0.091872 0.086022 0.032259 0.031844 0.032259 653240 661230
6 62.310000 60.320000 1000000 8.908284 8.769874 8.904846 8.765662 0.031853 0.032259 0.093888 0.088173 0.032259 0.031844 0.032259 659600 666554
6 62.310000 60.320000 1000000 8.904257 8.766648 8.900814 8.762437 0.031852 0.032259 0.093888 0.088172 0.032259 0.031843 0.032259 666550 691796
6 62.310000 60.320000 1000000 8.900259 8.764498 8.896812 8.760286 0.031854 0.032259 0.091872 0.086023 0.032259 0.031845 0.032259 672530 681043
6 62.310000 60.320000 1000000 8.898320 8.763423 8.894870 8.759211 0.031854 0.032259 0.091873 0.086023 0.032259 0.031846 0.032259 681040 691796
6 62.310000 60.320000 1000000 8.896635 8.762347 8.893183 8.758135 0.031854 0.032259 0.092880 0.087098 0.032259 0.031845 0.032259 691790 692446
6 62.310000 60.320000 1000000 8.896116 8.761272 8.892664 8.757060 0.031855 0.032259 0.091873 0.086023 0.032259 0.031846 0.032259 692440 706477
6 62.310000 60.320000 1000000 8.885476 8.750519 8.882011 8.746307 0.031858 0.032259 0.094900 0.089249 0.032259 0.031850 0.032259 706470 713054
6 62.310000 60.320000 1000000 8.885294 8.748906 8.881733 8.743843 0.031858 0.032259 0.095406 0.089787 0.032259 0.031850 0.032259 713050 718574
6 62.310000 60.320000 1000000 8.880943 8.742455 8.877377 8.737392 0.031853 0.032259 0.090365 0.084411 0.032259 0.031845 0.032259 718570 763488
6 62.310000 60.320000 1000000 8.871811 8.731702 8.868161 8.726236 0.031850 0.032259 0.097432 0.091936 0.032259 0.031842 0.032259 763480 834632
6 62.310000 60.320000 1000000 8.850796 8.713960 8.847024 8.707643 0.031842 0.032259 0.099972 0.094624 0.032259 0.031833 0.032259 834630 856782
6 62.310000 60.320000 1000000 8.846752 8.710734 8.842976 8.704417 0.031842 0.032259 0.100991 0.095700 0.032259 0.031834 0.032259 856780 865902
6 62.310000 60.320000 1000000 8.839169 8.706433 8.835382 8.700116 0.031845 0.032259 0.100991 0.095700 0.032259 0.031836 0.032259 865900 874372
6 62.310000 60.320000 1000000 8.839034 8.705358 8.835405 8.700295 0.031845 0.032259 0.099972 0.094625 0.032259 0.031836 0.032259 874370 902593
6 62.310000 60.320000 1000000 8.823966 8.694605 8.820317 8.689542 0.031844 0.032259 0.096924 0.091398 0.032259 0.031835 0.032259 902590 918839
6 62.310000 60.320000 1000000 8.822192 8.691379 8.819136 8.688825 0.031845 0.032259 0.094899 0.089248 0.032259 0.031836 0.032259 918830 920761
6 62.310000 60.320000 1000000 8.813969 8.684928 8.810906 8.682374 0.031839 0.032259 0.097938 0.092473 0.032259 0.031830 0.032259 920760 926675
6 62.310000 60.320000 1000000 8.813641 8.683853 8.810577 8.681298 0.031839 0.032259 0.098954 0.093548 0.032259 0.031830 0.032259 926670 963622
6 62.310000 60.320000 1000000 8.809862 8.678476 8.806693 8.674220 0.031841 0.032259 0.097938 0.092473 0.032259 0.031832 0.032259 952770 991903
6 62.310000 60.320000 1000000 8.794290 8.665573 8.791104 8.661316 0.031848 0.032259 0.093889 0.088173 0.032259 0.031838 0.032259 991900 998684
6 62.310000 60.320000 1000000 8.793909 8.664498 8.790579 8.659838 0.031848 0.032259 0.093889 0.088173 0.032259 0.031839 0.032259 998680 1000000
