16 62.310000 60.320000 1000000 13.548049 13.578996 13.542515 13.572991 0.031970 0.032257 0.217994 0.215594 0.032257 0.031962 0.032257 0 50
16 62.310000 60.320000 1000000 12.339801 12.112335 12.335795 12.114125 0.031373 0.032257 0.318306 0.316667 0.032257 0.031362 0.032257 50 60
16 62.310000 60.320000 1000000 12.069847 11.841367 12.065565 11.843157 0.031349 0.032257 0.232893 0.230648 0.032257 0.031339 0.032257 60 70
16 62.310000 60.320000 1000000 11.861123 11.646206 11.856116 11.645980 0.031324 0.032257 0.186680 0.183871 0.032257 0.031314 0.032257 70 80
16 62.310000 60.320000 1000000 11.783779 11.560185 11.778871 11.558212 0.031317 0.032257 0.176099 0.173120 0.032257 0.031307 0.032257 80 90
16 62.310000 60.320000 1000000 11.649231 11.383304 11.644066 11.380479 0.031226 0.032257 0.200993 0.198388 0.032257 0.031216 0.032257 90 101
16 62.310000 60.320000 1000000 11.462684 11.180079 11.457992 11.177613 0.031242 0.032257 0.216931 0.214519 0.032257 0.031232 0.032257 100 110
16 62.310000 60.320000 1000000 11.417926 11.103735 11.411282 11.089127 0.031211 0.032257 0.203119 0.200541 0.032257 0.031201 0.032257 110 120
16 62.310000 60.320000 1000000 11.388753 11.030080 11.381014 11.002704 0.031177 0.032257 0.203651 0.201080 0.032257 0.031167 0.032257 120 130
16 62.310000 60.320000 1000000 11.331701 10.991370 11.323844 10.963994 0.031216 0.032257 0.173989 0.170973 0.032257 0.031206 0.032257 130 141
16 62.310000 60.320000 1000000 11.314682 10.981693 11.307028 10.955571 0.031227 0.032257 0.175043 0.172045 0.032257 0.031218 0.032257 140 169
16 62.310000 60.320000 1000000 11.154895 10.794595 11.149583 10.781915 0.031245 0.032257 0.181386 0.178494 0.032257 0.031235 0.032257 160 171
16 62.310000 60.320000 1000000 11.134718 10.761262 11.132398 10.765293 0.031254 0.032257 0.177156 0.174194 0.032257 0.031244 0.032257 170 183
16 62.310000 60.320000 1000000 11.071526 10.707499 11.068850 10.708125 0.031282 0.032257 0.190914 0.188169 0.032257 0.031272 0.032257 180 199
16 62.310000 60.320000 1000000 11.039555 10.692445 11.036855 10.693071 0.031307 0.032257 0.190914 0.188169 0.032257 0.031297 0.032257 190 201
16 62.310000 60.320000 1000000 10.908811 10.625779 10.906013 10.626405 0.031409 0.032257 0.205769 0.203224 0.032257 0.031399 0.032257 200 215
16 62.310000 60.320000 1000000 10.801862 10.512877 10.799980 10.518520 0.031449 0.032257 0.198341 0.195701 0.032257 0.031439 0.032257 210 228
16 62.310000 60.320000 1000000 10.751568 10.441909 10.745731 10.429811 0.031467 0.032257 0.248340 0.246236 0.032257 0.031455 0.032257 220 230
16 62.310000 60.320000 1000000 10.652109 10.382769 10.646107 10.370671 0.031503 0.032257 0.229162 0.226881 0.032257 0.031491 0.032257 230 247
16 62.310000 60.320000 1000000 10.631865 10.309651 10.623552 10.266907 0.031497 0.032257 0.246206 0.244083 0.032257 0.031484 0.032257 240 251
16 62.310000 60.320000 1000000 10.612099 10.257500 10.603664 10.213905 0.031486 0.032257 0.247805 0.245696 0.032257 0.031473 0.032257 250 260
16 62.310000 60.320000 1000000 10.566967 10.234919 10.558424 10.191325 0.031526 0.032257 0.230758 0.228493 0.032257 0.031514 0.032257 260 272
16 62.310000 60.320000 1000000 10.562044 10.231694 10.553489 10.188099 0.031529 0.032257 0.229694 0.227418 0.032257 0.031516 0.032257 270 290
16 62.310000 60.320000 1000000 10.519212 10.191909 10.510017 10.141190 0.031566 0.032257 0.232888 0.230643 0.032257 0.031552 0.032257 290 304
16 62.310000 60.320000 1000000 10.473305 10.155350 10.463988 10.104632 0.031577 0.032257 0.239283 0.237099 0.032257 0.031564 0.032257 300 315
16 62.310000 60.320000 1000000 10.396516 10.080081 10.394049 10.073718 0.031660 0.032257 0.188269 0.185485 0.032257 0.031649 0.032257 310 357
16 62.310000 60.320000 1000000 10.340905 10.037071 10.339056 10.036980 0.031687 0.032257 0.168177 0.165054 0.032257 0.031676 0.032257 350 361
16 62.310000 60.320000 1000000 10.329582 10.020942 10.327727 10.020851 0.031694 0.032257 0.153429 0.150000 0.032257 0.031683 0.032257 360 384
16 62.310000 60.320000 1000000 10.310462 9.968254 10.308597 9.968163 0.031690 0.032257 0.127273 0.123118 0.032257 0.031680 0.032257 380 403
16 62.310000 60.320000 1000000 10.243408 9.908040 10.239466 9.901094 0.031724 0.032257 0.116906 0.112368 0.032257 0.031715 0.032257 400 426
16 62.310000 60.320000 1000000 10.183994 9.863416 10.179900 9.855619 0.031751 0.032257 0.124677 0.120432 0.032257 0.031742 0.032257 420 433
16 62.310000 60.320000 1000000 10.182374 9.862341 10.178278 9.854544 0.031752 0.032257 0.125716 0.121507 0.032257 0.031742 0.032257 430 458
16 62.310000 60.320000 1000000 10.159469 9.835460 10.155916 9.828021 0.031766 0.032257 0.131961 0.127957 0.032257 0.031756 0.032257 450 470
16 62.310000 60.320000 1000000 10.150862 9.819331 10.147804 9.816910 0.031767 0.032257 0.126754 0.122581 0.032257 0.031758 0.032257 470 493
16 62.310000 60.320000 1000000 10.101582 9.790298 10.098480 9.787878 0.031792 0.032257 0.136135 0.132258 0.032257 0.031783 0.032257 490 502
16 62.310000 60.320000 1000000 10.037429 9.754815 10.034266 9.752395 0.031833 0.032257 0.146605 0.143013 0.032257 0.031824 0.032257 500 549
16 62.310000 60.320000 1000000 9.924025 9.673095 9.923188 9.684518 0.031898 0.032257 0.145556 0.141937 0.032257 0.031889 0.032257 540 569
16 62.310000 60.320000 1000000 9.887023 9.645138 9.886177 9.656561 0.031906 0.032257 0.150804 0.147314 0.032257 0.031897 0.032257 560 570
16 62.310000 60.320000 1000000 9.858623 9.622557 9.857899 9.635235 0.031917 0.032257 0.148704 0.145163 0.032257 0.031908 0.032257 570 580
16 62.310000 60.320000 1000000 9.825503 9.588149 9.824772 9.600827 0.031914 0.032257 0.150804 0.147314 0.032257 0.031904 0.032257 580 606
16 62.310000 60.320000 1000000 9.763671 9.534386 9.762566 9.543659 0.031910 0.032257 0.149753 0.146238 0.032257 0.031901 0.032257 600 611
16 62.310000 60.320000 1000000 9.754159 9.527934 9.753051 9.537207 0.031910 0.032257 0.150803 0.147313 0.032257 0.031900 0.032257 610 622
16 62.310000 60.320000 1000000 9.742809 9.514494 9.741442 9.521213 0.031908 0.032257 0.149228 0.145700 0.032257 0.031899 0.032257 620 669
16 62.310000 60.320000 1000000 9.703390 9.480085 9.702006 9.486804 0.031911 0.032257 0.149228 0.145699 0.032257 0.031902 0.032257 660 685
16 62.310000 60.320000 1000000 9.625087 9.433849 9.623603 9.440165 0.031948 0.032257 0.160796 0.157528 0.032257 0.031938 0.032257 680 691
16 62.310000 60.320000 1000000 9.613147 9.425247 9.611658 9.431563 0.031951 0.032257 0.159743 0.156452 0.032257 0.031941 0.032257 690 720
16 62.310000 60.320000 1000000 9.528948 9.371484 9.526919 9.372692 0.032028 0.032257 0.127277 0.123121 0.032257 0.032019 0.032257 720 767
16 62.310000 60.320000 1000000 9.512534 9.355355 9.510256 9.355757 0.032028 0.032257 0.125196 0.120969 0.032257 0.032019 0.032257 760 1108
16 62.310000 60.320000 1000000 9.367300 9.254280 9.365208 9.257191 0.032093 0.032257 0.103543 0.098390 0.032257 0.032084 0.032257 1100 1126
16 62.310000 60.320000 1000000 9.366619 9.253205 9.364526 9.256116 0.032093 0.032257 0.102521 0.097314 0.032257 0.032084 0.032257 1120 1145
16 62.310000 60.320000 1000000 9.362247 9.246753 9.360151 9.249664 0.032091 0.032257 0.099465 0.094089 0.032257 0.032082 0.032257 1140 1152
16 62.310000 60.320000 1000000 9.356907 9.242452 9.354808 9.245363 0.032090 0.032257 0.100483 0.095165 0.032257 0.032081 0.032257 1150 1200
16 62.310000 60.320000 1000000 9.331333 9.226323 9.329217 9.229234 0.032101 0.032257 0.089363 0.083337 0.032257 0.032092 0.032257 1200 1252
16 62.310000 60.320000 1000000 9.309409 9.211807 9.307226 9.213867 0.032116 0.032257 0.082883 0.076348 0.032257 0.032107 0.032257 1250 1301
16 62.310000 60.320000 1000000 9.307775 9.210732 9.305591 9.212791 0.032116 0.032257 0.082883 0.076348 0.032257 0.032107 0.032257 1300 1311
16 62.310000 60.320000 1000000 9.307410 9.209656 9.305226 9.211716 0.032115 0.032257 0.083874 0.077423 0.032257 0.032107 0.032257 1310 1335
16 62.310000 60.320000 1000000 9.306289 9.208581 9.304104 9.210641 0.032115 0.032257 0.084868 0.078498 0.032257 0.032106 0.032257 1330 1343
16 62.310000 60.320000 1000000 9.302300 9.205355 9.300112 9.207415 0.032116 0.032257 0.082883 0.076348 0.032257 0.032107 0.032257 1340 1426
16 62.310000 60.320000 1000000 9.302176 9.204280 9.300133 9.207594 0.032115 0.032257 0.083874 0.077423 0.032257 0.032107 0.032257 1420 1446
16 62.310000 60.320000 1000000 9.299515 9.201054 9.297470 9.204368 0.032115 0.032257 0.082884 0.076349 0.032257 0.032106 0.032257 1440 1533
16 62.310000 60.320000 1000000 9.292512 9.196753 9.290463 9.200067 0.032117 0.032257 0.082884 0.076349 0.032257 0.032108 0.032257 1530 1603
16 62.310000 60.320000 1000000 9.257213 9.166646 9.255140 9.169960 0.032112 0.032257 0.087860 0.081724 0.032257 0.032103 0.032257 1600 1651
16 62.310000 60.320000 1000000 9.251918 9.163420 9.249841 9.166734 0.032113 0.032257 0.088861 0.082800 0.032257 0.032105 0.032257 1650 1682
16 62.310000 60.320000 1000000 9.241099 9.153743 9.239014 9.157057 0.032117 0.032257 0.093892 0.088177 0.032257 0.032108 0.032257 1680 1709
16 62.310000 60.320000 1000000 9.239462 9.152667 9.237377 9.155982 0.032117 0.032257 0.093892 0.088177 0.032257 0.032108 0.032257 1700 1848
16 62.310000 60.320000 1000000 9.185240 9.111807 9.183117 9.115122 0.032124 0.032257 0.091875 0.086026 0.032257 0.032115 0.032257 1840 1882
16 62.310000 60.320000 1000000 9.184483 9.110732 9.182360 9.114046 0.032123 0.032257 0.092882 0.087101 0.032257 0.032114 0.032257 1880 1960
16 62.310000 60.320000 1000000 9.182540 9.106431 9.180312 9.108043 0.032123 0.032257 0.091875 0.086026 0.032257 0.032114 0.032257 1960 2107
16 62.310000 60.320000 1000000 9.168615 9.093528 9.166377 9.095140 0.032116 0.032257 0.084868 0.078499 0.032257 0.032107 0.032257 2100 2174
16 62.310000 60.320000 1000000 9.157786 9.084926 9.155540 9.086538 0.032111 0.032257 0.085864 0.079574 0.032257 0.032102 0.032257 2170 2241
16 62.310000 60.320000 1000000 9.134669 9.065571 9.132331 9.066779 0.032118 0.032257 0.082884 0.076349 0.032257 0.032109 0.032257 2240 2291
16 62.310000 60.320000 1000000 9.133867 9.064496 9.131529 9.065704 0.032119 0.032257 0.082884 0.076349 0.032257 0.032109 0.032257 2290 2594
16 62.310000 60.320000 1000000 9.085547 9.023635 9.083313 9.026591 0.032116 0.032257 0.084868 0.078498 0.032257 0.032107 0.032257 2590 2731
16 62.310000 60.320000 1000000 9.081558 9.019334 9.079321 9.022290 0.032113 0.032257 0.083874 0.077423 0.032257 0.032104 0.032257 2730 2788
16 62.310000 60.320000 1000000 9.081115 9.018259 9.078878 9.021215 0.032114 0.032257 0.082883 0.076348 0.032257 0.032105 0.032257 2780 2828
16 62.310000 60.320000 1000000 9.068018 9.009657 9.065771 9.012613 0.032120 0.032257 0.078938 0.072047 0.032257 0.032111 0.032257 2820 2910
16 62.310000 60.320000 1000000 9.061410 9.005356 9.059158 9.008312 0.032122 0.032257 0.076006 0.068821 0.032257 0.032113 0.032257 2910 2922
16 62.310000 60.320000 1000000 9.060068 9.004281 9.057815 9.007237 0.032121 0.032257 0.076006 0.068821 0.032257 0.032112 0.032257 2920 3109
16 62.310000 60.320000 1000000 9.059736 9.003205 9.057483 9.006161 0.032121 0.032257 0.076006 0.068822 0.032257 0.032112 0.032257 3100 3195
16 62.310000 60.320000 1000000 9.055877 8.999980 9.053621 9.002935 0.032119 0.032257 0.076982 0.069897 0.032257 0.032110 0.032257 3190 3556
16 62.310000 60.320000 1000000 9.040635 8.987076 9.038368 8.990032 0.032127 0.032257 0.076004 0.068819 0.032257 0.032118 0.032257 3550 3713
16 62.310000 60.320000 1000000 9.034881 8.981700 9.032609 8.984656 0.032123 0.032257 0.077956 0.070969 0.032257 0.032114 0.032257 3710 3906
16 62.310000 60.320000 1000000 9.021352 8.969872 9.018888 8.971125 0.032127 0.032257 0.077956 0.070969 0.032257 0.032118 0.032257 3900 3911
16 62.310000 60.320000 1000000 9.019469 8.968797 9.017003 8.970050 0.032128 0.032257 0.076978 0.069894 0.032257 0.032119 0.032257 3910 3981
16 62.310000 60.320000 1000000 9.012152 8.961270 9.009681 8.962523 0.032123 0.032257 0.080903 0.074194 0.032257 0.032114 0.032257 3980 4120
16 62.310000 60.320000 1000000 8.996154 8.946216 8.993669 8.947470 0.032125 0.032257 0.079919 0.073119 0.032257 0.032116 0.032257 4120 4138
16 62.310000 60.320000 1000000 8.994741 8.945141 8.992255 8.946394 0.032126 0.032257 0.078936 0.072044 0.032257 0.032117 0.032257 4130 4497
16 62.310000 60.320000 1000000 8.984610 8.934388 8.982116 8.935642 0.032127 0.032257 0.076978 0.069893 0.032257 0.032118 0.032257 4490 4534
16 62.310000 60.320000 1000000 8.984076 8.933313 8.981581 8.934566 0.032127 0.032257 0.076003 0.068818 0.032257 0.032118 0.032257 4530 4920
16 62.310000 60.320000 1000000 8.956447 8.916109 8.953929 8.917362 0.032136 0.032257 0.077954 0.070967 0.032257 0.032127 0.032257 4920 4949
16 62.310000 60.320000 1000000 8.955691 8.915033 8.953172 8.916287 0.032135 0.032257 0.076976 0.069891 0.032257 0.032126 0.032257 4940 4991
16 62.310000 60.320000 1000000 8.944878 8.907507 8.942350 8.908760 0.032136 0.032257 0.076002 0.068817 0.032257 0.032127 0.032257 4990 5123
16 62.310000 60.320000 1000000 8.943750 8.906431 8.941221 8.907685 0.032136 0.032257 0.076002 0.068817 0.032257 0.032127 0.032257 5120 5196
16 62.310000 60.320000 1000000 8.941619 8.905356 8.939088 8.906609 0.032137 0.032257 0.075030 0.067742 0.032257 0.032128 0.032257 5190 5232
16 62.310000 60.320000 1000000 8.940641 8.904281 8.938110 8.905534 0.032137 0.032257 0.075030 0.067742 0.032257 0.032128 0.032257 5230 5268
16 62.310000 60.320000 1000000 8.931587 8.896754 8.929048 8.898007 0.032132 0.032257 0.077954 0.070967 0.032257 0.032123 0.032257 5260 5400
16 62.310000 60.320000 1000000 8.930995 8.895679 8.928455 8.896932 0.032131 0.032257 0.078934 0.072042 0.032257 0.032122 0.032257 5400 5524
16 62.310000 60.320000 1000000 8.929114 8.894603 8.926573 8.895857 0.032132 0.032257 0.078934 0.072042 0.032257 0.032123 0.032257 5520 5667
16 62.310000 60.320000 1000000 8.909663 8.878475 8.907105 8.879728 0.032130 0.032257 0.070214 0.062365 0.032257 0.032121 0.032257 5660 6181
16 62.310000 60.320000 1000000 8.906690 8.876324 8.904130 8.877577 0.032128 0.032257 0.070214 0.062365 0.032257 0.032120 0.032257 5750 6159
16 62.310000 60.320000 1000000 8.902065 8.873098 8.899500 8.874352 0.032129 0.032257 0.069260 0.061289 0.032257 0.032120 0.032257 6150 6181
16 62.310000 60.320000 1000000 8.893950 8.866647 8.891378 8.867900 0.032124 0.032257 0.073094 0.065591 0.032257 0.032115 0.032257 6180 6421
16 62.310000 60.320000 1000000 8.883469 8.859120 8.880888 8.860373 0.032125 0.032257 0.070214 0.062365 0.032257 0.032116 0.032257 6420 6621
16 62.310000 60.320000 1000000 8.882014 8.858044 8.879432 8.859298 0.032124 0.032257 0.069261 0.061290 0.032257 0.032115 0.032257 6620 6658
16 62.310000 60.320000 1000000 8.880602 8.856969 8.878018 8.858223 0.032124 0.032257 0.070214 0.062365 0.032257 0.032116 0.032257 6650 6673
16 62.310000 60.320000 1000000 8.879016 8.855894 8.876432 8.857147 0.032125 0.032257 0.071171 0.063441 0.032257 0.032116 0.032257 6670 6692
16 62.310000 60.320000 1000000 8.877747 8.854819 8.875161 8.856072 0.032125 0.032257 0.071171 0.063441 0.032257 0.032116 0.032257 6690 6705
16 62.310000 60.320000 1000000 8.875929 8.853743 8.873341 8.854997 0.032126 0.032257 0.072131 0.064516 0.032257 0.032117 0.032257 6700 6822
16 62.310000 60.320000 1000000 8.868562 8.848367 8.865968 8.849620 0.032127 0.032257 0.076002 0.068817 0.032257 0.032118 0.032257 6820 7137
16 62.310000 60.320000 1000000 8.867570 8.847292 8.864975 8.848545 0.032128 0.032257 0.076977 0.069893 0.032257 0.032119 0.032257 7130 7146
16 62.310000 60.320000 1000000 8.866604 8.846216 8.864008 8.847470 0.032127 0.032257 0.077955 0.070968 0.032257 0.032118 0.032257 7140 7338
16 62.310000 60.320000 1000000 8.864172 8.842991 8.861319 8.843438 0.032128 0.032257 0.079918 0.073119 0.032257 0.032119 0.032257 7330 8143
16 62.310000 60.320000 1000000 8.859030 8.837614 8.856171 8.838061 0.032130 0.032257 0.076978 0.069893 0.032257 0.032122 0.032257 8140 8299
16 62.310000 60.320000 1000000 8.841973 8.825786 8.839098 8.826233 0.032131 0.032257 0.072131 0.064516 0.032257 0.032122 0.032257 8290 8838
16 62.310000 60.320000 1000000 8.828247 8.816109 8.825358 8.816556 0.032131 0.032257 0.066423 0.058065 0.032257 0.032123 0.032257 8830 8902
16 62.310000 60.320000 1000000 8.827128 8.815033 8.824239 8.815480 0.032132 0.032257 0.065486 0.056990 0.032257 0.032123 0.032257 8900 9355
16 62.310000 60.320000 1000000 8.819217 8.808582 8.816320 8.809029 0.032128 0.032257 0.064552 0.055914 0.032257 0.032119 0.032257 9350 9481
16 62.310000 60.320000 1000000 8.818185 8.807507 8.815287 8.807954 0.032127 0.032257 0.064552 0.055914 0.032257 0.032118 0.032257 9480 9944
16 62.310000 60.320000 1000000 8.816174 8.803206 8.814077 8.807416 0.032129 0.032257 0.064552 0.055914 0.032257 0.032119 0.032257 9940 10141
16 62.310000 60.320000 1000000 8.812022 8.799980 8.809921 8.804190 0.032129 0.032257 0.067365 0.059140 0.032257 0.032120 0.032257 10010 10632
16 62.310000 60.320000 1000000 8.805900 8.792991 8.803700 8.796350 0.032133 0.032257 0.065954 0.057527 0.032257 0.032124 0.032257 10630 10943
16 62.310000 60.320000 1000000 8.804510 8.791915 8.802309 8.795274 0.032132 0.032257 0.065955 0.057528 0.032257 0.032123 0.032257 10940 11393
16 62.310000 60.320000 1000000 8.802147 8.788690 8.799862 8.791645 0.032130 0.032257 0.065955 0.057529 0.032257 0.032121 0.032257 11390 11928
16 62.310000 60.320000 1000000 8.797330 8.785464 8.795041 8.788420 0.032132 0.032257 0.065019 0.056453 0.032257 0.032122 0.032257 11920 12622
16 62.310000 60.320000 1000000 8.795961 8.784388 8.793672 8.787344 0.032131 0.032257 0.064088 0.055378 0.032257 0.032122 0.032257 12620 13052
16 62.310000 60.320000 1000000 8.778334 8.771485 8.776031 8.774441 0.032135 0.032257 0.064090 0.055380 0.032257 0.032125 0.032257 13050 14185
16 62.310000 60.320000 1000000 8.766358 8.761808 8.764046 8.764764 0.032136 0.032257 0.059505 0.050003 0.032257 0.032127 0.032257 14180 15608
16 62.310000 60.320000 1000000 8.755080 8.749980 8.752571 8.751233 0.032140 0.032257 0.059505 0.050003 0.032257 0.032131 0.032257 15600 16229
16 62.310000 60.320000 1000000 8.753659 8.748905 8.751149 8.750158 0.032139 0.032257 0.060411 0.051078 0.032257 0.032130 0.032257 16220 16459
16 62.310000 60.320000 1000000 8.753095 8.747830 8.750584 8.749083 0.032139 0.032257 0.059505 0.050003 0.032257 0.032130 0.032257 16450 17258
16 62.310000 60.320000 1000000 8.747432 8.742453 8.744916 8.743707 0.032143 0.032257 0.058604 0.048927 0.032257 0.032133 0.032257 17250 19459
16 62.310000 60.320000 1000000 8.734392 8.733851 8.731865 8.735104 0.032148 0.032257 0.060410 0.051077 0.032257 0.032139 0.032257 19450 20788
16 62.310000 60.320000 1000000 8.726942 8.727399 8.724408 8.728653 0.032150 0.032257 0.060408 0.051074 0.032257 0.032140 0.032257 20780 21082
16 62.310000 60.320000 1000000 8.726651 8.726324 8.724117 8.727577 0.032149 0.032257 0.061319 0.052149 0.032257 0.032140 0.032257 21080 24425
16 62.310000 60.320000 1000000 8.713424 8.714496 8.710878 8.715750 0.032155 0.032257 0.057705 0.047847 0.032257 0.032146 0.032257 24420 25276
16 62.310000 60.320000 1000000 8.711070 8.711270 8.708522 8.712524 0.032155 0.032257 0.056817 0.046772 0.032257 0.032146 0.032257 25270 26164
16 62.310000 60.320000 1000000 8.709904 8.710195 8.707356 8.711448 0.032154 0.032257 0.055935 0.045697 0.032257 0.032145 0.032257 26160 26584
16 62.310000 60.320000 1000000 8.708494 8.709120 8.705944 8.710373 0.032153 0.032257 0.056817 0.046772 0.032257 0.032144 0.032257 26580 28036
16 62.310000 60.320000 1000000 8.693330 8.697292 8.690766 8.698545 0.032152 0.032257 0.057705 0.047847 0.032257 0.032143 0.032257 28030 29527
16 62.310000 60.320000 1000000 8.691287 8.695141 8.688722 8.696395 0.032153 0.032257 0.058600 0.048922 0.032257 0.032144 0.032257 28340 30568
16 62.310000 60.320000 1000000 8.680914 8.685464 8.678340 8.686717 0.032156 0.032257 0.061319 0.052148 0.032257 0.032147 0.032257 30560 30814
16 62.310000 60.320000 1000000 8.680546 8.684389 8.677971 8.685642 0.032156 0.032257 0.061319 0.052148 0.032257 0.032147 0.032257 30810 32709
16 62.310000 60.320000 1000000 8.670255 8.677937 8.667671 8.679190 0.032160 0.032257 0.056817 0.046772 0.032257 0.032151 0.032257 32700 38457
16 62.310000 60.320000 1000000 8.660707 8.670410 8.658115 8.671664 0.032162 0.032257 0.058601 0.048923 0.032257 0.032153 0.032257 38450 38561
16 62.310000 60.320000 1000000 8.659695 8.669335 8.657102 8.670588 0.032162 0.032257 0.058601 0.048924 0.032257 0.032152 0.032257 38560 38914
16 62.310000 60.320000 1000000 8.657717 8.668260 8.655122 8.669513 0.032163 0.032257 0.057707 0.047849 0.032257 0.032154 0.032257 38910 38938
16 62.310000 60.320000 1000000 8.656416 8.667184 8.653820 8.668438 0.032163 0.032257 0.056819 0.046774 0.032257 0.032154 0.032257 38930 38981
16 62.310000 60.320000 1000000 8.655211 8.666109 8.652614 8.667362 0.032163 0.032257 0.057707 0.047849 0.032257 0.032154 0.032257 38980 42246
16 62.310000 60.320000 1000000 8.633630 8.648905 8.631014 8.650158 0.032163 0.032257 0.055937 0.045699 0.032257 0.032154 0.032257 42240 43384
16 62.310000 60.320000 1000000 8.630942 8.634926 8.627615 8.629370 0.032165 0.032257 0.058603 0.048926 0.032257 0.032156 0.032257 43380 50076
16 62.310000 60.320000 1000000 8.582153 8.599442 8.578769 8.593886 0.032178 0.032257 0.063161 0.054303 0.032257 0.032169 0.032257 50070 51397
16 62.310000 60.320000 1000000 8.576827 8.595141 8.573437 8.589585 0.032177 0.032257 0.065020 0.056454 0.032257 0.032169 0.032257 51390 54624
16 62.310000 60.320000 1000000 8.572944 8.590840 8.569550 8.585284 0.032179 0.032257 0.067839 0.059679 0.032257 0.032170 0.032257 54620 56260
16 62.310000 60.320000 1000000 8.569959 8.587615 8.566561 8.582058 0.032177 0.032257 0.066895 0.058604 0.032257 0.032168 0.032257 56260 57506
16 62.310000 60.320000 1000000 8.568837 8.586539 8.565438 8.580983 0.032176 0.032257 0.067839 0.059679 0.032257 0.032168 0.032257 57500 58425
16 62.310000 60.320000 1000000 8.561674 8.581163 8.558265 8.575606 0.032173 0.032257 0.068786 0.060754 0.032257 0.032165 0.032257 58420 58664
16 62.310000 60.320000 1000000 8.560174 8.580088 8.556765 8.574531 0.032173 0.032257 0.067838 0.059678 0.032257 0.032164 0.032257 58660 60722
16 62.310000 60.320000 1000000 8.555082 8.576862 8.551666 8.571305 0.032173 0.032257 0.068786 0.060754 0.032257 0.032164 0.032257 60720 69449
16 62.310000 60.320000 1000000 8.547657 8.570410 8.544233 8.564854 0.032173 0.032257 0.069738 0.061829 0.032257 0.032164 0.032257 69440 72338
16 62.310000 60.320000 1000000 8.546807 8.569335 8.543381 8.563778 0.032172 0.032257 0.068787 0.060754 0.032257 0.032164 0.032257 72330 72786
16 62.310000 60.320000 1000000 8.545066 8.568260 8.541638 8.562703 0.032173 0.032257 0.067839 0.059679 0.032257 0.032165 0.032257 72780 73480
16 62.310000 60.320000 1000000 8.540487 8.562883 8.537054 8.557327 0.032177 0.032257 0.065955 0.057528 0.032257 0.032168 0.032257 73480 73998
16 62.310000 60.320000 1000000 8.533675 8.557507 8.530233 8.551951 0.032178 0.032257 0.061323 0.052153 0.032257 0.032169 0.032257 73990 76330
16 62.310000 60.320000 1000000 8.532673 8.556432 8.529230 8.550875 0.032177 0.032257 0.060411 0.051078 0.032257 0.032169 0.032257 76330 77520
16 62.310000 60.320000 1000000 8.527543 8.548905 8.524094 8.543348 0.032179 0.032257 0.065020 0.056454 0.032257 0.032170 0.032257 77520 78140
16 62.310000 60.320000 1000000 8.526878 8.547830 8.523428 8.542273 0.032178 0.032257 0.065956 0.057529 0.032257 0.032170 0.032257 78140 78400
16 62.310000 60.320000 1000000 8.522279 8.543529 8.518823 8.537972 0.032179 0.032257 0.064089 0.055379 0.032257 0.032171 0.032257 78400 78421
16 62.310000 60.320000 1000000 8.521907 8.542453 8.518311 8.536494 0.032180 0.032257 0.063162 0.054304 0.032257 0.032171 0.032257 78420 79350
16 62.310000 60.320000 1000000 8.521310 8.541378 8.517713 8.535418 0.032179 0.032257 0.063162 0.054304 0.032257 0.032171 0.032257 79350 82994
16 62.310000 60.320000 1000000 8.519394 8.540303 8.515795 8.534343 0.032181 0.032257 0.062240 0.053228 0.032257 0.032172 0.032257 82990 90558
16 62.310000 60.320000 1000000 8.515960 8.534927 8.512356 8.528967 0.032182 0.032257 0.060411 0.051078 0.032257 0.032173 0.032257 90550 91195
16 62.310000 60.320000 1000000 8.512458 8.531701 8.508850 8.525741 0.032182 0.032257 0.058604 0.048927 0.032257 0.032173 0.032257 91190 94023
16 62.310000 60.320000 1000000 8.512020 8.530625 8.508412 8.524666 0.032182 0.032257 0.058604 0.048927 0.032257 0.032174 0.032257 94020 95898
16 62.310000 60.320000 1000000 8.508866 8.519335 8.504050 8.508895 0.032184 0.032257 0.061781 0.052691 0.032257 0.032177 0.032257 95890 104450
16 62.310000 60.320000 1000000 8.490631 8.507507 8.485784 8.497067 0.032186 0.032257 0.059957 0.050540 0.032257 0.032179 0.032257 104450 106521
16 62.310000 60.320000 1000000 8.488887 8.506432 8.484037 8.495992 0.032186 0.032257 0.059053 0.049465 0.032257 0.032179 0.032257 106520 112769
16 62.310000 60.320000 1000000 8.473587 8.495679 8.468711 8.485239 0.032191 0.032257 0.060864 0.051613 0.032257 0.032184 0.032257 112760 112929
16 62.310000 60.320000 1000000 8.472345 8.494604 8.467467 8.484164 0.032191 0.032257 0.060865 0.051613 0.032257 0.032184 0.032257 112920 114951
16 62.310000 60.320000 1000000 8.466434 8.489228 8.461546 8.478788 0.032191 0.032257 0.062699 0.053764 0.032257 0.032184 0.032257 114950 115565
16 62.310000 60.320000 1000000 8.465386 8.488152 8.460496 8.477712 0.032192 0.032257 0.062699 0.053764 0.032257 0.032185 0.032257 115560 115857
16 62.310000 60.320000 1000000 8.463872 8.487077 8.458979 8.476637 0.032191 0.032257 0.063623 0.054839 0.032257 0.032184 0.032257 115850 117840
16 62.310000 60.320000 1000000 8.462563 8.486002 8.457668 8.475562 0.032191 0.032257 0.062698 0.053764 0.032257 0.032184 0.032257 117840 122417
16 62.310000 60.320000 1000000 8.461321 8.484927 8.456424 8.474487 0.032191 0.032257 0.061779 0.052689 0.032257 0.032184 0.032257 122410 124174
16 62.310000 60.320000 1000000 8.457549 8.481701 8.452645 8.471261 0.032191 0.032257 0.060865 0.051614 0.032257 0.032184 0.032257 124170 125218
16 62.310000 60.320000 1000000 8.456211 8.480626 8.451305 8.470186 0.032190 0.032257 0.059956 0.050539 0.032257 0.032183 0.032257 125210 126036
16 62.310000 60.320000 1000000 8.455773 8.479550 8.450866 8.469110 0.032191 0.032257 0.059052 0.049464 0.032257 0.032184 0.032257 126030 133601
16 62.310000 60.320000 1000000 8.450128 8.474174 8.445211 8.463734 0.032189 0.032257 0.063623 0.054839 0.032257 0.032182 0.032257 133600 134254
16 62.310000 60.320000 1000000 8.448275 8.473099 8.443355 8.462659 0.032190 0.032257 0.063623 0.054839 0.032257 0.032183 0.032257 134250 147842
16 62.310000 60.320000 1000000 8.442555 8.463421 8.438760 8.457999 0.032188 0.032257 0.060865 0.051614 0.032257 0.032180 0.032257 147840 152781
16 62.310000 60.320000 1000000 8.438207 8.453744 8.435943 8.455849 0.032191 0.032257 0.060864 0.051612 0.032257 0.032181 0.032257 152780 156319
16 62.310000 60.320000 1000000 8.428031 8.446217 8.425759 8.448322 0.032191 0.032257 0.062698 0.053764 0.032257 0.032181 0.032257 156310 161165
16 62.310000 60.320000 1000000 8.425183 8.442991 8.422908 8.445096 0.032191 0.032257 0.065485 0.056990 0.032257 0.032181 0.032257 161160 166251
16 62.310000 60.320000 1000000 8.422335 8.438690 8.420058 8.440795 0.032191 0.032257 0.069261 0.061291 0.032257 0.032181 0.032257 166250 167936
16 62.310000 60.320000 1000000 8.421294 8.437615 8.419016 8.439720 0.032191 0.032257 0.069261 0.061291 0.032257 0.032182 0.032257 167930 167943
16 62.310000 60.320000 1000000 8.419860 8.436540 8.417581 8.438644 0.032191 0.032257 0.068311 0.060215 0.032257 0.032182 0.032257 167940 174016
16 62.310000 60.320000 1000000 8.417928 8.435464 8.415647 8.437569 0.032193 0.032257 0.068311 0.060215 0.032257 0.032183 0.032257 174010 175159
16 62.310000 60.320000 1000000 8.417149 8.434389 8.414868 8.436494 0.032193 0.032257 0.069261 0.061291 0.032257 0.032183 0.032257 175150 190707
16 62.310000 60.320000 1000000 8.405656 8.423637 8.403365 8.425741 0.032197 0.032257 0.068311 0.060215 0.032257 0.032187 0.032257 190700 191811
16 62.310000 60.320000 1000000 8.405260 8.422561 8.402969 8.424666 0.032196 0.032257 0.069261 0.061291 0.032257 0.032187 0.032257 191810 206292
16 62.310000 60.320000 1000000 8.403096 8.417185 8.400677 8.417587 0.032198 0.032257 0.068311 0.060215 0.032257 0.032188 0.032257 196140 201263
16 62.310000 60.320000 1000000 8.396662 8.408583 8.394238 8.408985 0.032201 0.032257 0.069261 0.061290 0.032257 0.032191 0.032257 201260 206292
16 62.310000 60.320000 1000000 8.388723 8.399981 8.386292 8.400383 0.032203 0.032257 0.073094 0.065591 0.032257 0.032193 0.032257 206290 214569
16 62.310000 60.320000 1000000 8.386161 8.396755 8.383728 8.397157 0.032202 0.032257 0.072131 0.064516 0.032257 0.032192 0.032257 214560 228038
16 62.310000 60.320000 1000000 8.381742 8.393529 8.379305 8.393931 0.032201 0.032257 0.073094 0.065591 0.032257 0.032191 0.032257 228030 233038
16 62.310000 60.320000 1000000 8.377944 8.390303 8.375504 8.390705 0.032200 0.032257 0.074060 0.066666 0.032257 0.032190 0.032257 233030 236354
16 62.310000 60.320000 1000000 8.376474 8.389228 8.374033 8.389630 0.032199 0.032257 0.073094 0.065591 0.032257 0.032190 0.032257 236350 238720
16 62.310000 60.320000 1000000 8.374699 8.388153 8.372256 8.388555 0.032200 0.032257 0.073094 0.065591 0.032257 0.032190 0.032257 238720 247508
16 62.310000 60.320000 1000000 8.373263 8.387077 8.370819 8.387480 0.032199 0.032257 0.073094 0.065591 0.032257 0.032190 0.032257 247500 249564
16 62.310000 60.320000 1000000 8.371713 8.386002 8.369267 8.386404 0.032199 0.032257 0.072131 0.064516 0.032257 0.032189 0.032257 249560 253419
16 62.310000 60.320000 1000000 8.368570 8.377938 8.365862 8.375786 0.032200 0.032257 0.067838 0.059678 0.032257 0.032191 0.032257 250740 255801
16 62.310000 60.320000 1000000 8.367831 8.376862 8.365123 8.374711 0.032200 0.032257 0.068786 0.060754 0.032257 0.032191 0.032257 255800 257371
16 62.310000 60.320000 1000000 8.359001 8.370411 8.356164 8.367856 0.032204 0.032257 0.064087 0.055377 0.032257 0.032195 0.032257 257370 265221
16 62.310000 60.320000 1000000 8.354931 8.362884 8.352334 8.361584 0.032206 0.032257 0.061321 0.052150 0.032257 0.032197 0.032257 265220 273619
16 62.310000 60.320000 1000000 8.349444 8.357508 8.346842 8.356207 0.032204 0.032257 0.060409 0.051076 0.032257 0.032194 0.032257 273610 277648
16 62.310000 60.320000 1000000 8.341920 8.352131 8.339217 8.350428 0.032206 0.032257 0.062239 0.053227 0.032257 0.032197 0.032257 277640 281290
16 62.310000 60.320000 1000000 8.340389 8.351056 8.337685 8.349353 0.032206 0.032257 0.061322 0.052152 0.032257 0.032196 0.032257 281290 281730
16 62.310000 60.320000 1000000 8.339576 8.349981 8.336871 8.348277 0.032205 0.032257 0.061322 0.052152 0.032257 0.032196 0.032257 281730 290184
16 62.310000 60.320000 1000000 8.332579 8.342454 8.330255 8.343259 0.032208 0.032257 0.059503 0.050001 0.032257 0.032198 0.032257 290180 295159
16 62.310000 60.320000 1000000 8.326202 8.336002 8.323873 8.336808 0.032209 0.032257 0.058603 0.048926 0.032257 0.032200 0.032257 295150 328807
16 62.310000 60.320000 1000000 8.306012 8.320949 8.303666 8.321754 0.032214 0.032257 0.058604 0.048927 0.032257 0.032205 0.032257 328800 360897
16 62.310000 60.320000 1000000 8.297809 8.313422 8.295456 8.314227 0.032214 0.032257 0.058603 0.048926 0.032257 0.032205 0.032257 360890 361995
16 62.310000 60.320000 1000000 8.296684 8.312346 8.294330 8.313152 0.032215 0.032257 0.057708 0.047851 0.032257 0.032205 0.032257 361990 365757
16 62.310000 60.320000 1000000 8.291161 8.308045 8.288802 8.308851 0.032213 0.032257 0.059503 0.050001 0.032257 0.032204 0.032257 365750 405381
16 62.310000 60.320000 1000000 8.273739 8.289228 8.271114 8.287480 0.032213 0.032257 0.066424 0.058066 0.032257 0.032204 0.032257 405380 421957
16 62.310000 60.320000 1000000 8.268805 8.283852 8.266175 8.282103 0.032214 0.032257 0.068311 0.060215 0.032257 0.032205 0.032257 421950 426932
16 62.310000 60.320000 1000000 8.267927 8.282776 8.265297 8.281028 0.032215 0.032257 0.067365 0.059140 0.032257 0.032206 0.032257 426930 426944
16 62.310000 60.320000 1000000 8.266586 8.281701 8.263955 8.279953 0.032215 0.032257 0.066423 0.058065 0.032257 0.032206 0.032257 426940 427651
16 62.310000 60.320000 1000000 8.265301 8.280626 8.262668 8.278878 0.032214 0.032257 0.067365 0.059140 0.032257 0.032205 0.032257 427650 456454
16 62.310000 60.320000 1000000 8.251144 8.255895 8.247899 8.250831 0.032218 0.032257 0.073095 0.065592 0.032257 0.032209 0.032257 456450 497588
16 62.310000 60.320000 1000000 8.248470 8.252669 8.245222 8.247605 0.032219 0.032257 0.071171 0.063441 0.032257 0.032210 0.032257 497580 507689
16 62.310000 60.320000 1000000 8.239699 8.246217 8.236440 8.241154 0.032220 0.032257 0.069262 0.061292 0.032257 0.032211 0.032257 507680 528910
16 62.310000 60.320000 1000000 8.238663 8.245142 8.235403 8.240078 0.032220 0.032257 0.068312 0.060216 0.032257 0.032211 0.032257 528910 531393
16 62.310000 60.320000 1000000 8.236877 8.244067 8.233615 8.239003 0.032220 0.032257 0.069262 0.061292 0.032257 0.032211 0.032257 531390 568100
16 62.310000 60.320000 1000000 8.232506 8.235465 8.229733 8.232910 0.032221 0.032257 0.063623 0.054840 0.032257 0.032212 0.032257 568100 568675
16 62.310000 60.320000 1000000 8.229303 8.227938 8.226158 8.223770 0.032222 0.032257 0.067366 0.059141 0.032257 0.032212 0.032257 568670 616247
16 62.310000 60.320000 1000000 8.224391 8.224712 8.221240 8.220544 0.032221 0.032257 0.067366 0.059141 0.032257 0.032212 0.032257 616240 622832
16 62.310000 60.320000 1000000 8.222923 8.223637 8.219770 8.219469 0.032221 0.032257 0.068312 0.060216 0.032257 0.032211 0.032257 622830 660224
16 62.310000 60.320000 1000000 8.211211 8.212884 8.208045 8.208716 0.032217 0.032257 0.075031 0.067743 0.032257 0.032208 0.032257 660220 706169
16 62.310000 60.320000 1000000 8.208714 8.209658 8.205544 8.205491 0.032218 0.032257 0.074061 0.066667 0.032257 0.032209 0.032257 706160 721231
16 62.310000 60.320000 1000000 8.204831 8.206432 8.201657 8.202265 0.032218 0.032257 0.073096 0.065593 0.032257 0.032209 0.032257 721230 722566
16 62.310000 60.320000 1000000 8.204122 8.205357 8.200947 8.201190 0.032219 0.032257 0.072132 0.064518 0.032257 0.032209 0.032257 722560 770508
16 62.310000 60.320000 1000000 8.181622 8.186002 8.178421 8.181835 0.032228 0.032257 0.072132 0.064517 0.032257 0.032219 0.032257 770500 791024
16 62.310000 60.320000 1000000 8.180526 8.184927 8.177324 8.180759 0.032229 0.032257 0.071172 0.063442 0.032257 0.032219 0.032257 791020 856833
16 62.310000 60.320000 1000000 8.170082 8.174174 8.166868 8.170007 0.032228 0.032257 0.075031 0.067743 0.032257 0.032219 0.032257 856830 867760
16 62.310000 60.320000 1000000 8.169776 8.173099 8.166446 8.168528 0.032228 0.032257 0.075031 0.067743 0.032257 0.032219 0.032257 867760 871024
16 62.310000 60.320000 1000000 8.169446 8.172024 8.166115 8.167453 0.032228 0.032257 0.075031 0.067743 0.032257 0.032219 0.032257 871020 896299
16 62.310000 60.320000 1000000 8.159108 8.158583 8.155702 8.153161 0.032227 0.032257 0.072612 0.065054 0.032257 0.032218 0.032257 896290 897052
16 62.310000 60.320000 1000000 8.158152 8.157508 8.154745 8.152086 0.032227 0.032257 0.073577 0.066129 0.032257 0.032218 0.032257 897050 909557
16 62.310000 60.320000 1000000 8.151415 8.152131 8.147999 8.146709 0.032226 0.032257 0.073577 0.066129 0.032257 0.032217 0.032257 909550 920703
16 62.310000 60.320000 1000000 8.149510 8.151056 8.146091 8.145634 0.032227 0.032257 0.072612 0.065054 0.032257 0.032218 0.032257 920700 932772
16 62.310000 60.320000 1000000 8.147985 8.149981 8.144565 8.144559 0.032227 0.032257 0.072612 0.065054 0.032257 0.032218 0.032257 932770 986708
16 62.310000 60.320000 1000000 8.145719 8.144605 8.143069 8.144200 0.032227 0.032257 0.068785 0.060752 0.032257 0.032218 0.032257 986700 1000000
