53 62.310000 60.320000 1000000 14.487897 14.156953 14.487386 14.165912 0.031881 0.032259 0.298522 0.296774 0.032259 0.031873 0.032259 0 50
53 62.310000 60.320000 1000000 13.221422 13.090825 13.224360 13.116451 0.031910 0.032259 0.326864 0.325268 0.032259 0.031899 0.032259 50 60
53 62.310000 60.320000 1000000 12.704990 12.708569 12.707665 12.730431 0.031995 0.032259 0.325264 0.323660 0.032259 0.031982 0.032259 60 71
53 62.310000 60.320000 1000000 12.530094 12.565559 12.531901 12.584195 0.032006 0.032259 0.303870 0.302153 0.032259 0.031993 0.032259 70 80
53 62.310000 60.320000 1000000 12.421044 12.470935 12.422899 12.489572 0.032022 0.032259 0.310286 0.308605 0.032259 0.032009 0.032259 80 90
53 62.310000 60.320000 1000000 12.318716 12.375237 12.320920 12.394680 0.032013 0.032259 0.308147 0.306454 0.032259 0.031998 0.032259 90 100
53 62.310000 60.320000 1000000 12.215059 12.303194 12.217320 12.322637 0.032034 0.032259 0.286769 0.284949 0.032259 0.032019 0.032259 100 110
53 62.310000 60.320000 1000000 12.169628 12.224700 12.165125 12.223489 0.032055 0.032259 0.234491 0.232262 0.032259 0.032045 0.032259 110 122
53 62.310000 60.320000 1000000 12.136181 12.195668 12.131640 12.194457 0.032047 0.032259 0.243015 0.240864 0.032259 0.032037 0.032259 120 131
53 62.310000 60.320000 1000000 12.053791 12.125775 12.048900 12.123758 0.032040 0.032259 0.204711 0.202154 0.032259 0.032031 0.032259 130 144
53 62.310000 60.320000 1000000 11.934472 12.025238 11.929150 12.020667 0.032045 0.032259 0.202055 0.199464 0.032259 0.032036 0.032259 140 151
53 62.310000 60.320000 1000000 11.888905 11.986528 11.884086 11.985317 0.032053 0.032259 0.180858 0.177958 0.032259 0.032044 0.032259 150 167
53 62.310000 60.320000 1000000 11.812468 11.917712 11.807161 11.915291 0.032059 0.032259 0.170289 0.167205 0.032259 0.032050 0.032259 160 172
53 62.310000 60.320000 1000000 11.773799 11.889755 11.768440 11.887334 0.032072 0.032259 0.179800 0.176883 0.032259 0.032064 0.032259 170 187
53 62.310000 60.320000 1000000 11.728875 11.844594 11.723454 11.842174 0.032076 0.032259 0.163959 0.160754 0.032259 0.032067 0.032259 180 191
53 62.310000 60.320000 1000000 11.711670 11.831691 11.706225 11.829270 0.032074 0.032259 0.163961 0.160756 0.032259 0.032065 0.032259 190 205
53 62.310000 60.320000 1000000 11.693700 11.809111 11.688814 11.809199 0.032081 0.032259 0.165015 0.161831 0.032259 0.032072 0.032259 200 222
53 62.310000 60.320000 1000000 11.596033 11.730617 11.591023 11.730705 0.032086 0.032259 0.161852 0.158605 0.032259 0.032077 0.032259 220 230
53 62.310000 60.320000 1000000 11.554278 11.684380 11.549212 11.684468 0.032084 0.032259 0.166071 0.162907 0.032259 0.032075 0.032259 230 243
53 62.310000 60.320000 1000000 11.542451 11.672552 11.537668 11.673895 0.032079 0.032259 0.162906 0.159680 0.032259 0.032071 0.032259 240 250
53 62.310000 60.320000 1000000 11.504590 11.642445 11.499759 11.643788 0.032090 0.032259 0.150280 0.146777 0.032259 0.032082 0.032259 250 260
53 62.310000 60.320000 1000000 11.499948 11.635993 11.495986 11.641099 0.032090 0.032259 0.151332 0.147853 0.032259 0.032081 0.032259 260 288
53 62.310000 60.320000 1000000 11.457930 11.590832 11.453924 11.595938 0.032086 0.032259 0.143987 0.140326 0.032259 0.032076 0.032259 280 290
53 62.310000 60.320000 1000000 11.431199 11.557499 11.426276 11.558887 0.032091 0.032259 0.147130 0.143550 0.032259 0.032083 0.032259 290 305
53 62.310000 60.320000 1000000 11.415059 11.545671 11.410115 11.547059 0.032089 0.032259 0.147131 0.143551 0.032259 0.032081 0.032259 300 310
53 62.310000 60.320000 1000000 11.401596 11.530618 11.396634 11.532005 0.032098 0.032259 0.142937 0.139250 0.032259 0.032089 0.032259 310 325
53 62.310000 60.320000 1000000 11.391913 11.514489 11.386737 11.514174 0.032103 0.032259 0.141892 0.138176 0.032259 0.032095 0.032259 320 351
53 62.310000 60.320000 1000000 11.377551 11.501586 11.372354 11.501271 0.032101 0.032259 0.141892 0.138177 0.032259 0.032093 0.032259 350 363
53 62.310000 60.320000 1000000 11.362220 11.490833 11.357002 11.490518 0.032107 0.032259 0.131444 0.127424 0.032259 0.032099 0.032259 360 374
53 62.310000 60.320000 1000000 11.342756 11.460726 11.337511 11.460411 0.032105 0.032259 0.142940 0.139252 0.032259 0.032096 0.032259 370 389
53 62.310000 60.320000 1000000 11.338176 11.457500 11.332925 11.457185 0.032104 0.032259 0.141893 0.138177 0.032259 0.032096 0.032259 380 399
53 62.310000 60.320000 1000000 11.309687 11.440296 11.304397 11.439981 0.032114 0.032259 0.156589 0.153231 0.032259 0.032106 0.032259 390 404
53 62.310000 60.320000 1000000 11.295609 11.425242 11.290298 11.424927 0.032109 0.032259 0.157640 0.154304 0.032259 0.032101 0.032259 400 419
53 62.310000 60.320000 1000000 11.288809 11.406425 11.284062 11.407812 0.032112 0.032259 0.160272 0.156992 0.032259 0.032103 0.032259 410 425
53 62.310000 60.320000 1000000 11.278915 11.391371 11.273726 11.391146 0.032113 0.032259 0.153958 0.150540 0.032259 0.032104 0.032259 420 444
53 62.310000 60.320000 1000000 11.268527 11.382769 11.263324 11.382544 0.032113 0.032259 0.152907 0.149465 0.032259 0.032104 0.032259 440 458
53 62.310000 60.320000 1000000 11.242214 11.366640 11.236974 11.366415 0.032122 0.032259 0.163433 0.160217 0.032259 0.032113 0.032259 450 467
53 62.310000 60.320000 1000000 11.222905 11.347285 11.217637 11.347060 0.032121 0.032259 0.159219 0.155916 0.032259 0.032112 0.032259 460 483
53 62.310000 60.320000 1000000 11.202861 11.325780 11.197565 11.325554 0.032117 0.032259 0.152906 0.149465 0.032259 0.032108 0.032259 480 497
53 62.310000 60.320000 1000000 11.200657 11.323091 11.195268 11.322015 0.032118 0.032259 0.152381 0.148927 0.032259 0.032110 0.032259 490 504
53 62.310000 60.320000 1000000 11.194069 11.316102 11.188581 11.314174 0.032120 0.032259 0.148705 0.145164 0.032259 0.032111 0.032259 500 528
53 62.310000 60.320000 1000000 11.149929 11.283844 11.144375 11.281916 0.032128 0.032259 0.134050 0.130111 0.032259 0.032120 0.032259 520 533
53 62.310000 60.320000 1000000 11.121398 11.264489 11.115802 11.262561 0.032138 0.032259 0.133005 0.129034 0.032259 0.032129 0.032259 530 548
53 62.310000 60.320000 1000000 11.088820 11.237607 11.083174 11.235680 0.032129 0.032259 0.136136 0.132259 0.032259 0.032120 0.032259 540 551
53 62.310000 60.320000 1000000 11.075954 11.215027 11.072996 11.226898 0.032125 0.032259 0.137182 0.133335 0.032259 0.032115 0.032259 550 586
53 62.310000 60.320000 1000000 11.026054 11.181694 11.023056 11.193565 0.032133 0.032259 0.120528 0.116130 0.032259 0.032124 0.032259 580 627
53 62.310000 60.320000 1000000 11.006913 11.155887 11.003898 11.167759 0.032134 0.032259 0.116388 0.111828 0.032259 0.032124 0.032259 620 633
53 62.310000 60.320000 1000000 10.997156 11.141909 10.994134 11.153780 0.032131 0.032259 0.122600 0.118280 0.032259 0.032121 0.032259 630 645
53 62.310000 60.320000 1000000 10.979203 11.125780 10.975837 11.136442 0.032131 0.032259 0.115357 0.110754 0.032259 0.032122 0.032259 640 673
53 62.310000 60.320000 1000000 10.978053 11.124705 10.974685 11.135367 0.032131 0.032259 0.115357 0.110754 0.032259 0.032122 0.032259 670 724
53 62.310000 60.320000 1000000 10.961549 11.099974 10.958165 11.110635 0.032133 0.032259 0.115357 0.110755 0.032259 0.032123 0.032259 720 740
53 62.310000 60.320000 1000000 10.949743 11.085995 10.946349 11.096657 0.032123 0.032259 0.120528 0.116131 0.032259 0.032113 0.032259 740 772
53 62.310000 60.320000 1000000 10.915420 11.054813 10.911994 11.065474 0.032126 0.032259 0.115356 0.110754 0.032259 0.032116 0.032259 770 785
53 62.310000 60.320000 1000000 10.914631 11.053737 10.911204 11.064399 0.032125 0.032259 0.115356 0.110754 0.032259 0.032115 0.032259 780 801
53 62.310000 60.320000 1000000 10.914452 11.052124 10.910930 11.061935 0.032125 0.032259 0.114840 0.110216 0.032259 0.032116 0.032259 800 813
53 62.310000 60.320000 1000000 10.911931 11.049974 10.908407 11.059784 0.032125 0.032259 0.116905 0.112366 0.032259 0.032115 0.032259 810 824
53 62.310000 60.320000 1000000 10.910100 11.048899 10.906574 11.058709 0.032125 0.032259 0.115872 0.111291 0.032259 0.032116 0.032259 820 861
53 62.310000 60.320000 1000000 10.901802 11.028469 10.898268 11.038279 0.032125 0.032259 0.123119 0.118818 0.032259 0.032116 0.032259 860 872
53 62.310000 60.320000 1000000 10.897486 11.024168 10.893948 11.033978 0.032128 0.032259 0.124157 0.119893 0.032259 0.032118 0.032259 870 894
53 62.310000 60.320000 1000000 10.888500 11.018791 10.884953 11.028602 0.032130 0.032259 0.122082 0.117743 0.032259 0.032120 0.032259 890 955
53 62.310000 60.320000 1000000 10.875104 10.982233 10.868936 10.977796 0.032135 0.032259 0.132483 0.128496 0.032259 0.032128 0.032259 910 1030
53 62.310000 60.320000 1000000 10.847362 10.943523 10.839682 10.933039 0.032137 0.032259 0.131442 0.127422 0.032259 0.032130 0.032259 1030 1054
53 62.310000 60.320000 1000000 10.846074 10.942448 10.838392 10.931963 0.032137 0.032259 0.131442 0.127422 0.032259 0.032130 0.032259 1050 1065
53 62.310000 60.320000 1000000 10.831687 10.927394 10.823974 10.916909 0.032130 0.032259 0.129358 0.125271 0.032259 0.032123 0.032259 1060 1074
53 62.310000 60.320000 1000000 10.830243 10.926319 10.822527 10.915834 0.032130 0.032259 0.130400 0.126346 0.032259 0.032123 0.032259 1070 1087
53 62.310000 60.320000 1000000 10.828389 10.925244 10.820669 10.914759 0.032131 0.032259 0.129358 0.125271 0.032259 0.032124 0.032259 1080 1118
53 62.310000 60.320000 1000000 10.785159 10.896212 10.777346 10.885727 0.032132 0.032259 0.130399 0.126346 0.032259 0.032125 0.032259 1110 1137
53 62.310000 60.320000 1000000 10.763245 10.868255 10.755384 10.857770 0.032135 0.032259 0.138750 0.134948 0.032259 0.032128 0.032259 1130 1155
53 62.310000 60.320000 1000000 10.740018 10.847825 10.732105 10.837340 0.032128 0.032259 0.133527 0.129572 0.032259 0.032121 0.032259 1150 1166
53 62.310000 60.320000 1000000 10.734245 10.842448 10.726320 10.831964 0.032132 0.032259 0.131441 0.127421 0.032259 0.032126 0.032259 1160 1236
53 62.310000 60.320000 1000000 10.717423 10.806965 10.708378 10.786265 0.032141 0.032259 0.133528 0.129572 0.032259 0.032135 0.032259 1230 1435
53 62.310000 60.320000 1000000 10.678803 10.759653 10.672712 10.751498 0.032150 0.032259 0.109693 0.104842 0.032259 0.032142 0.032259 1430 1443
53 62.310000 60.320000 1000000 10.678026 10.758578 10.671935 10.750423 0.032149 0.032259 0.108666 0.103768 0.032259 0.032141 0.032259 1440 1563
53 62.310000 60.320000 1000000 10.650414 10.729545 10.644275 10.721390 0.032133 0.032259 0.114841 0.110218 0.032259 0.032124 0.032259 1530 1571
53 62.310000 60.320000 1000000 10.640324 10.719868 10.634167 10.711713 0.032133 0.032259 0.116906 0.112367 0.032259 0.032124 0.032259 1570 1688
53 62.310000 60.320000 1000000 10.604320 10.692986 10.598101 10.684831 0.032133 0.032259 0.125197 0.120970 0.032259 0.032124 0.032259 1680 1745
53 62.310000 60.320000 1000000 10.585460 10.675782 10.579207 10.667627 0.032131 0.032259 0.127276 0.123120 0.032259 0.032123 0.032259 1740 1779
53 62.310000 60.320000 1000000 10.581265 10.670406 10.575005 10.662251 0.032128 0.032259 0.123120 0.118819 0.032259 0.032120 0.032259 1770 1800
53 62.310000 60.320000 1000000 10.573513 10.659653 10.567239 10.651498 0.032119 0.032259 0.122083 0.117744 0.032259 0.032110 0.032259 1800 1862
53 62.310000 60.320000 1000000 10.562012 10.651051 10.555717 10.642896 0.032117 0.032259 0.123121 0.118819 0.032259 0.032108 0.032259 1860 2146
53 62.310000 60.320000 1000000 10.538935 10.618793 10.533361 10.614401 0.032105 0.032259 0.116908 0.112369 0.032259 0.032096 0.032259 2140 2201
53 62.310000 60.320000 1000000 10.505236 10.594062 10.499608 10.589670 0.032112 0.032259 0.113811 0.109144 0.032259 0.032103 0.032259 2160 2233
53 62.310000 60.320000 1000000 10.483855 10.576858 10.478192 10.572466 0.032112 0.032259 0.112780 0.108068 0.032259 0.032103 0.032259 2230 2272
53 62.310000 60.320000 1000000 10.472716 10.568256 10.467035 10.563864 0.032112 0.032259 0.115874 0.111293 0.032259 0.032104 0.032259 2270 2349
53 62.310000 60.320000 1000000 10.466621 10.559654 10.461227 10.556516 0.032112 0.032259 0.114841 0.110217 0.032259 0.032103 0.032259 2340 2381
53 62.310000 60.320000 1000000 10.457078 10.549976 10.451497 10.545137 0.032111 0.032259 0.118974 0.114518 0.032259 0.032102 0.032259 2380 2397
53 62.310000 60.320000 1000000 10.452907 10.544600 10.447319 10.539760 0.032110 0.032259 0.117940 0.113442 0.032259 0.032101 0.032259 2390 2757
53 62.310000 60.320000 1000000 10.427545 10.518794 10.421916 10.513954 0.032103 0.032259 0.121046 0.116668 0.032259 0.032094 0.032259 2750 2791
53 62.310000 60.320000 1000000 10.420068 10.505890 10.414427 10.501051 0.032098 0.032259 0.122082 0.117743 0.032259 0.032089 0.032259 2790 2823
53 62.310000 60.320000 1000000 10.415890 10.500514 10.410242 10.495674 0.032098 0.032259 0.117940 0.113442 0.032259 0.032089 0.032259 2810 2854
53 62.310000 60.320000 1000000 10.414191 10.499439 10.408541 10.494599 0.032098 0.032259 0.117940 0.113442 0.032259 0.032089 0.032259 2850 2873
53 62.310000 60.320000 1000000 10.412181 10.498364 10.406527 10.493524 0.032099 0.032259 0.117939 0.113442 0.032259 0.032090 0.032259 2870 2983
53 62.310000 60.320000 1000000 10.403861 10.485460 10.397952 10.479366 0.032100 0.032259 0.113810 0.109142 0.032259 0.032092 0.032259 2980 2996
53 62.310000 60.320000 1000000 10.402793 10.484385 10.396883 10.478291 0.032101 0.032259 0.113810 0.109142 0.032259 0.032093 0.032259 2990 3303
53 62.310000 60.320000 1000000 10.363008 10.455353 10.357029 10.449259 0.032109 0.032259 0.107640 0.102693 0.032259 0.032101 0.032259 3300 3319
53 62.310000 60.320000 1000000 10.362124 10.454278 10.356144 10.448184 0.032109 0.032259 0.106615 0.101618 0.032259 0.032101 0.032259 3310 3400
53 62.310000 60.320000 1000000 10.355331 10.447288 10.349252 10.440343 0.032109 0.032259 0.105077 0.100003 0.032259 0.032101 0.032259 3400 3593
53 62.310000 60.320000 1000000 10.347218 10.437611 10.341427 10.431920 0.032102 0.032259 0.108152 0.103229 0.032259 0.032094 0.032259 3590 4104
53 62.310000 60.320000 1000000 10.262625 10.334386 10.256690 10.328695 0.032099 0.032259 0.164488 0.161294 0.032259 0.032090 0.032259 4100 4287
53 62.310000 60.320000 1000000 10.257414 10.326859 10.251469 10.321168 0.032099 0.032259 0.163433 0.160218 0.032259 0.032091 0.032259 4280 4695
53 62.310000 60.320000 1000000 10.238999 10.298902 10.236709 10.313283 0.032100 0.032259 0.168707 0.165595 0.032259 0.032090 0.032259 4690 5191
53 62.310000 60.320000 1000000 10.221635 10.276321 10.219333 10.290702 0.032095 0.032259 0.169764 0.166671 0.032259 0.032085 0.032259 5190 5284
53 62.310000 60.320000 1000000 10.216199 10.269869 10.213893 10.284250 0.032090 0.032259 0.165542 0.162369 0.032259 0.032080 0.032259 5280 5340
53 62.310000 60.320000 1000000 10.176855 10.218256 10.174523 10.232638 0.032091 0.032259 0.123640 0.119358 0.032259 0.032081 0.032259 5340 5946
53 62.310000 60.320000 1000000 10.170620 10.213955 10.168283 10.228336 0.032091 0.032259 0.120528 0.116131 0.032259 0.032082 0.032259 5520 6187
53 62.310000 60.320000 1000000 10.120039 10.177396 10.117667 10.191778 0.032095 0.032259 0.112264 0.107529 0.032259 0.032085 0.032259 6180 6664
53 62.310000 60.320000 1000000 10.118191 10.174171 10.115817 10.188552 0.032092 0.032259 0.111235 0.106455 0.032259 0.032083 0.032259 6660 6760
53 62.310000 60.320000 1000000 10.117915 10.173095 10.115438 10.187073 0.032092 0.032259 0.110206 0.105379 0.032259 0.032083 0.032259 6760 6998
53 62.310000 60.320000 1000000 10.111300 10.167719 10.108818 10.181697 0.032092 0.032259 0.106101 0.101078 0.032259 0.032083 0.032259 6990 7184
53 62.310000 60.320000 1000000 10.107117 10.142450 10.103423 10.143659 0.032093 0.032259 0.097433 0.091938 0.032259 0.032085 0.032259 7180 7241
53 62.310000 60.320000 1000000 10.105284 10.141375 10.101588 10.142584 0.032094 0.032259 0.097433 0.091938 0.032259 0.032085 0.032259 7240 7312
53 62.310000 60.320000 1000000 10.103586 10.140300 10.099888 10.141509 0.032094 0.032259 0.096419 0.090863 0.032259 0.032085 0.032259 7310 8034
53 62.310000 60.320000 1000000 10.077974 10.120945 10.074247 10.122154 0.032094 0.032259 0.094394 0.088711 0.032259 0.032085 0.032259 8030 8095
53 62.310000 60.320000 1000000 10.077700 10.119870 10.073871 10.120676 0.032094 0.032259 0.093384 0.087636 0.032259 0.032085 0.032259 8090 8345
53 62.310000 60.320000 1000000 10.069806 10.114493 10.065968 10.115299 0.032093 0.032259 0.094394 0.088710 0.032259 0.032085 0.032259 8340 8399
53 62.310000 60.320000 1000000 10.068111 10.113418 10.064271 10.114224 0.032094 0.032259 0.093384 0.087635 0.032259 0.032085 0.032259 8390 8418
53 62.310000 60.320000 1000000 10.066472 10.112343 10.062630 10.113149 0.032094 0.032259 0.093384 0.087635 0.032259 0.032085 0.032259 8410 8883
53 62.310000 60.320000 1000000 10.052859 10.095139 10.049001 10.095944 0.032079 0.032259 0.100481 0.095162 0.032259 0.032070 0.032259 8880 10127
53 62.310000 60.320000 1000000 10.048344 10.087612 10.044481 10.088418 0.032080 0.032259 0.102520 0.097312 0.032259 0.032072 0.032259 9030 9241
53 62.310000 60.320000 1000000 10.044708 10.084386 10.040841 10.085192 0.032080 0.032259 0.102520 0.097313 0.032259 0.032071 0.032259 9240 10127
53 62.310000 60.320000 1000000 10.022498 10.062881 10.018605 10.063686 0.032066 0.032259 0.098448 0.093013 0.032259 0.032057 0.032259 10120 10141
53 62.310000 60.320000 1000000 10.020753 10.061805 10.016858 10.062611 0.032066 0.032259 0.098448 0.093013 0.032259 0.032058 0.032259 10140 10227
53 62.310000 60.320000 1000000 10.017175 10.058580 10.013275 10.059385 0.032066 0.032259 0.099464 0.094088 0.032259 0.032058 0.032259 10220 10987
53 62.310000 60.320000 1000000 10.001399 10.040300 9.997481 10.041106 0.032064 0.032259 0.100482 0.095163 0.032259 0.032055 0.032259 10980 11304
53 62.310000 60.320000 1000000 9.996835 10.037074 9.992912 10.037880 0.032065 0.032259 0.102521 0.097313 0.032259 0.032056 0.032259 11300 11646
53 62.310000 60.320000 1000000 9.992201 10.033849 9.988273 10.034654 0.032065 0.032259 0.100481 0.095162 0.032259 0.032056 0.032259 11640 11828
53 62.310000 60.320000 1000000 9.984328 10.025246 9.980390 10.026052 0.032065 0.032259 0.103541 0.098388 0.032259 0.032057 0.032259 11820 11887
53 62.310000 60.320000 1000000 9.983079 10.024171 9.979140 10.024977 0.032065 0.032259 0.103541 0.098388 0.032259 0.032057 0.032259 11880 12390
53 62.310000 60.320000 1000000 9.972980 10.008042 9.969029 10.008848 0.032075 0.032259 0.104564 0.099463 0.032259 0.032067 0.032259 12390 12671
53 62.310000 60.320000 1000000 9.971285 10.006967 9.967331 10.007773 0.032075 0.032259 0.104564 0.099463 0.032259 0.032067 0.032259 12670 12837
53 62.310000 60.320000 1000000 9.969344 10.005892 9.965389 10.006697 0.032076 0.032259 0.103541 0.098388 0.032259 0.032068 0.032259 12830 14627
53 62.310000 60.320000 1000000 9.945377 9.984924 9.941279 9.984878 0.032076 0.032259 0.109177 0.104303 0.032259 0.032068 0.032259 14620 15060
53 62.310000 60.320000 1000000 9.941189 9.981698 9.937086 9.981653 0.032078 0.032259 0.107125 0.102152 0.032259 0.032069 0.032259 15060 15094
53 62.310000 60.320000 1000000 9.940672 9.980623 9.936569 9.980577 0.032077 0.032259 0.106100 0.101077 0.032259 0.032069 0.032259 15090 15577
53 62.310000 60.320000 1000000 9.934041 9.974171 9.929930 9.974126 0.032078 0.032259 0.106100 0.101077 0.032259 0.032070 0.032259 15570 15969
53 62.310000 60.320000 1000000 9.932475 9.973096 9.928361 9.973051 0.032078 0.032259 0.106100 0.101077 0.032259 0.032070 0.032259 15960 16441
53 62.310000 60.320000 1000000 9.905649 9.926860 9.901501 9.926814 0.032076 0.032259 0.142413 0.138712 0.032259 0.032068 0.032259 16440 16666
53 62.310000 60.320000 1000000 9.904913 9.925784 9.900765 9.925739 0.032076 0.032259 0.142413 0.138712 0.032259 0.032068 0.032259 16660 17234
53 62.310000 60.320000 1000000 9.904265 9.924709 9.900116 9.924664 0.032077 0.032259 0.141366 0.137637 0.032259 0.032069 0.032259 17230 17271
53 62.310000 60.320000 1000000 9.900679 9.921483 9.896526 9.921438 0.032078 0.032259 0.140320 0.136561 0.032259 0.032070 0.032259 17270 17671
53 62.310000 60.320000 1000000 9.898809 9.920408 9.894653 9.920363 0.032079 0.032259 0.140320 0.136561 0.032259 0.032070 0.032259 17670 18114
53 62.310000 60.320000 1000000 9.897243 9.919333 9.893085 9.919287 0.032078 0.032259 0.141366 0.137636 0.032259 0.032070 0.032259 18110 18368
53 62.310000 60.320000 1000000 9.870306 9.876322 9.866114 9.876277 0.032084 0.032259 0.100992 0.095701 0.032259 0.032076 0.032259 18360 18388
53 62.310000 60.320000 1000000 9.870166 9.874709 9.865899 9.873813 0.032084 0.032259 0.101501 0.096239 0.032259 0.032076 0.032259 18380 18602
53 62.310000 60.320000 1000000 9.869482 9.873634 9.865215 9.872737 0.032083 0.032259 0.101501 0.096239 0.032259 0.032075 0.032259 18600 18658
53 62.310000 60.320000 1000000 9.868397 9.872559 9.864128 9.871662 0.032083 0.032259 0.101502 0.096239 0.032259 0.032075 0.032259 18650 20076
53 62.310000 60.320000 1000000 9.866951 9.870408 9.862680 9.869512 0.032083 0.032259 0.101502 0.096239 0.032259 0.032075 0.032259 18770 20556
53 62.310000 60.320000 1000000 9.831349 9.810194 9.827378 9.810551 0.032086 0.032259 0.100482 0.095163 0.032259 0.032077 0.032259 20550 20804
53 62.310000 60.320000 1000000 9.830640 9.809118 9.826667 9.809476 0.032086 0.032259 0.100482 0.095163 0.032259 0.032077 0.032259 20800 21005
53 62.310000 60.320000 1000000 9.828906 9.805892 9.824595 9.805444 0.032087 0.032259 0.097432 0.091937 0.032259 0.032079 0.032259 21000 21127
53 62.310000 60.320000 1000000 9.826096 9.802667 9.821782 9.802218 0.032087 0.032259 0.099464 0.094088 0.032259 0.032079 0.032259 21120 21249
53 62.310000 60.320000 1000000 9.824358 9.801591 9.820041 9.801143 0.032087 0.032259 0.100481 0.095162 0.032259 0.032079 0.032259 21240 22802
53 62.310000 60.320000 1000000 9.781109 9.757505 9.776735 9.757057 0.032066 0.032259 0.110717 0.105914 0.032259 0.032058 0.032259 22800 23813
53 62.310000 60.320000 1000000 9.765151 9.746753 9.760756 9.746304 0.032068 0.032259 0.112776 0.108064 0.032259 0.032060 0.032259 23810 23932
53 62.310000 60.320000 1000000 9.765008 9.745140 9.760538 9.743840 0.032068 0.032259 0.113291 0.108602 0.032259 0.032060 0.032259 23930 24248
53 62.310000 60.320000 1000000 9.764869 9.743527 9.760324 9.741376 0.032068 0.032259 0.113807 0.109139 0.032259 0.032060 0.032259 24240 25964
53 62.310000 60.320000 1000000 9.755561 9.731699 9.751003 9.729548 0.032060 0.032259 0.109688 0.104837 0.032259 0.032052 0.032259 25960 26001
53 62.310000 60.320000 1000000 9.754766 9.730624 9.750207 9.728473 0.032058 0.032259 0.109688 0.104837 0.032259 0.032050 0.032259 26000 26116
53 62.310000 60.320000 1000000 9.752984 9.729548 9.748422 9.727397 0.032059 0.032259 0.109688 0.104837 0.032259 0.032051 0.032259 26110 26816
53 62.310000 60.320000 1000000 9.745875 9.724172 9.741303 9.722021 0.032058 0.032259 0.110716 0.105912 0.032259 0.032050 0.032259 26810 28172
53 62.310000 60.320000 1000000 9.739416 9.711269 9.734836 9.709118 0.032055 0.032259 0.112775 0.108063 0.032259 0.032047 0.032259 27030 28675
53 62.310000 60.320000 1000000 9.701391 9.672559 9.696757 9.670408 0.032047 0.032259 0.130395 0.126342 0.032259 0.032039 0.032259 28670 30247
53 62.310000 60.320000 1000000 9.689659 9.660731 9.685363 9.659835 0.032041 0.032259 0.132479 0.128492 0.032259 0.032033 0.032259 30240 30302
53 62.310000 60.320000 1000000 9.687583 9.659656 9.683284 9.658760 0.032043 0.032259 0.132479 0.128492 0.032259 0.032034 0.032259 30300 32346
53 62.310000 60.320000 1000000 9.683695 9.656430 9.679391 9.655534 0.032043 0.032259 0.131437 0.127416 0.032259 0.032035 0.032259 32340 32656
53 62.310000 60.320000 1000000 9.683110 9.655355 9.678805 9.654458 0.032042 0.032259 0.130394 0.126341 0.032259 0.032034 0.032259 32650 34863
53 62.310000 60.320000 1000000 9.663113 9.640301 9.658781 9.639405 0.032047 0.032259 0.135610 0.131717 0.032259 0.032038 0.032259 34860 36105
53 62.310000 60.320000 1000000 9.645630 9.629549 9.641275 9.628652 0.032049 0.032259 0.133524 0.129569 0.032259 0.032041 0.032259 35710 36221
53 62.310000 60.320000 1000000 9.643971 9.628473 9.639613 9.627577 0.032049 0.032259 0.133524 0.129569 0.032259 0.032041 0.032259 36220 36783
53 62.310000 60.320000 1000000 9.638894 9.624172 9.634765 9.624530 0.032050 0.032259 0.134568 0.130644 0.032259 0.032041 0.032259 36780 36833
53 62.310000 60.320000 1000000 9.637116 9.623097 9.632984 9.623455 0.032050 0.032259 0.134568 0.130644 0.032259 0.032041 0.032259 36830 37274
53 62.310000 60.320000 1000000 9.633513 9.619871 9.629376 9.620229 0.032048 0.032259 0.132481 0.128494 0.032259 0.032040 0.032259 37270 39320
53 62.310000 60.320000 1000000 9.625022 9.608043 9.620031 9.606385 0.032049 0.032259 0.128312 0.124191 0.032259 0.032042 0.032259 39320 39679
53 62.310000 60.320000 1000000 9.615809 9.597291 9.610804 9.595632 0.032047 0.032259 0.127272 0.123116 0.032259 0.032040 0.032259 39670 39835
53 62.310000 60.320000 1000000 9.613712 9.596215 9.608703 9.594557 0.032049 0.032259 0.126232 0.122041 0.032259 0.032041 0.032259 39830 40099
53 62.310000 60.320000 1000000 9.611847 9.595140 9.606836 9.593482 0.032049 0.032259 0.125193 0.120965 0.032259 0.032042 0.032259 40090 40876
53 62.310000 60.320000 1000000 9.609166 9.591914 9.604150 9.590256 0.032049 0.032259 0.124154 0.119890 0.032259 0.032042 0.032259 40870 41477
53 62.310000 60.320000 1000000 9.608931 9.590301 9.603791 9.587792 0.032050 0.032259 0.123637 0.119354 0.032259 0.032043 0.032259 41470 43383
53 62.310000 60.320000 1000000 9.596954 9.578473 9.591563 9.575157 0.032048 0.032259 0.127793 0.123655 0.032259 0.032041 0.032259 43380 43484
53 62.310000 60.320000 1000000 9.595141 9.577398 9.589748 9.574082 0.032049 0.032259 0.126754 0.122580 0.032259 0.032042 0.032259 43480 46791
53 62.310000 60.320000 1000000 9.567850 9.552667 9.562410 9.549351 0.032049 0.032259 0.118454 0.113977 0.032259 0.032043 0.032259 46790 48191
53 62.310000 60.320000 1000000 9.566195 9.551592 9.560752 9.548276 0.032050 0.032259 0.117420 0.112902 0.032259 0.032043 0.032259 48190 51202
53 62.310000 60.320000 1000000 9.535993 9.501054 9.530498 9.497738 0.032052 0.032259 0.119490 0.115053 0.032259 0.032045 0.032259 51200 51287
53 62.310000 60.320000 1000000 9.535536 9.499979 9.530040 9.496663 0.032052 0.032259 0.119489 0.115053 0.032259 0.032045 0.032259 51280 53841
53 62.310000 60.320000 1000000 9.511962 9.475248 9.505173 9.468706 0.032057 0.032259 0.121562 0.117204 0.032259 0.032053 0.032259 53840 55506
53 62.310000 60.320000 1000000 9.506858 9.462345 9.499194 9.452577 0.032056 0.032259 0.123637 0.119355 0.032259 0.032052 0.032259 55500 55700
53 62.310000 60.320000 1000000 9.506219 9.461270 9.498553 9.451502 0.032057 0.032259 0.123637 0.119355 0.032259 0.032052 0.032259 55700 56493
53 62.310000 60.320000 1000000 9.505812 9.460194 9.498145 9.450427 0.032056 0.032259 0.122599 0.118279 0.032259 0.032051 0.032259 56490 58046
53 62.310000 60.320000 1000000 9.503921 9.459119 9.496249 9.449351 0.032057 0.032259 0.121562 0.117204 0.032259 0.032052 0.032259 58040 62663
53 62.310000 60.320000 1000000 9.451011 9.384926 9.438757 9.356341 0.032071 0.032259 0.126755 0.122581 0.032259 0.032069 0.032259 62660 65744
53 62.310000 60.320000 1000000 9.427205 9.367721 9.414710 9.338330 0.032071 0.032259 0.137181 0.133334 0.032259 0.032070 0.032259 65740 68046
53 62.310000 60.320000 1000000 9.415523 9.360195 9.402980 9.330803 0.032076 0.032259 0.131961 0.127958 0.032259 0.032074 0.032259 68040 69920
53 62.310000 60.320000 1000000 9.398956 9.301055 9.399133 9.335642 0.032082 0.032259 0.128834 0.124731 0.032259 0.032072 0.032259 69920 75717
53 62.310000 60.320000 1000000 9.365602 9.208584 9.362304 9.207419 0.032083 0.032259 0.110202 0.105375 0.032259 0.032075 0.032259 75710 76096
53 62.310000 60.320000 1000000 9.365407 9.207509 9.362036 9.205940 0.032083 0.032259 0.110202 0.105375 0.032259 0.032075 0.032259 76090 80743
53 62.310000 60.320000 1000000 9.364992 9.206433 9.361620 9.204865 0.032082 0.032259 0.110202 0.105375 0.032259 0.032074 0.032259 80740 89501
53 62.310000 60.320000 1000000 9.345101 9.187078 9.341960 9.186764 0.032076 0.032259 0.107123 0.102150 0.032259 0.032068 0.032259 89500 90062
53 62.310000 60.320000 1000000 9.344320 9.186003 9.341179 9.185689 0.032075 0.032259 0.106098 0.101075 0.032259 0.032067 0.032259 90060 91971
53 62.310000 60.320000 1000000 9.325820 9.174175 9.322660 9.173861 0.032076 0.032259 0.099972 0.094624 0.032259 0.032068 0.032259 91970 92678
53 62.310000 60.320000 1000000 9.324631 9.173100 9.321469 9.172786 0.032077 0.032259 0.098955 0.093549 0.032259 0.032069 0.032259 92670 92952
53 62.310000 60.320000 1000000 9.322780 9.172025 9.319617 9.171711 0.032077 0.032259 0.098955 0.093549 0.032259 0.032069 0.032259 92950 97913
53 62.310000 60.320000 1000000 9.285289 9.134390 9.281943 9.133270 0.032064 0.032259 0.104053 0.098926 0.032259 0.032056 0.032259 97910 99806
53 62.310000 60.320000 1000000 9.283022 9.130089 9.279673 9.128968 0.032064 0.032259 0.102010 0.096776 0.032259 0.032056 0.032259 99800 101797
53 62.310000 60.320000 1000000 9.281268 9.129014 9.277918 9.127893 0.032065 0.032259 0.103031 0.097851 0.032259 0.032056 0.032259 101790 103000
53 62.310000 60.320000 1000000 9.280432 9.127938 9.277081 9.126818 0.032065 0.032259 0.104053 0.098926 0.032259 0.032056 0.032259 103000 104506
53 62.310000 60.320000 1000000 9.266185 9.118261 9.262712 9.116737 0.032066 0.032259 0.111233 0.106453 0.032259 0.032057 0.032259 104500 105100
53 62.310000 60.320000 1000000 9.265509 9.117186 9.262035 9.115662 0.032066 0.032259 0.110205 0.105378 0.032259 0.032058 0.032259 105100 113673
53 62.310000 60.320000 1000000 9.240493 9.089229 9.236990 9.087705 0.032063 0.032259 0.117422 0.112904 0.032259 0.032054 0.032259 113670 114057
53 62.310000 60.320000 1000000 9.240150 9.088153 9.236647 9.086630 0.032062 0.032259 0.116388 0.111828 0.032259 0.032054 0.032259 114050 128772
53 62.310000 60.320000 1000000 9.183287 9.037079 9.179269 9.027894 0.032082 0.032259 0.107637 0.102690 0.032259 0.032073 0.032259 128770 131506
53 62.310000 60.320000 1000000 9.174130 9.027401 9.170100 9.018216 0.032083 0.032259 0.108664 0.103765 0.032259 0.032074 0.032259 131500 136907
53 62.310000 60.320000 1000000 9.162802 9.015573 9.158758 9.006388 0.032086 0.032259 0.103542 0.098388 0.032259 0.032077 0.032259 136900 136954
53 62.310000 60.320000 1000000 9.161882 9.014498 9.157836 9.005313 0.032085 0.032259 0.103542 0.098388 0.032259 0.032076 0.032259 136950 137556
53 62.310000 60.320000 1000000 9.161220 9.013423 9.157174 9.004238 0.032084 0.032259 0.104564 0.099463 0.032259 0.032075 0.032259 137550 141784
53 62.310000 60.320000 1000000 9.155629 9.006971 9.151467 8.997383 0.032079 0.032259 0.104565 0.099464 0.032259 0.032070 0.032259 141780 145874
53 62.310000 60.320000 1000000 9.152707 9.002670 9.148434 8.992679 0.032075 0.032259 0.104564 0.099464 0.032259 0.032067 0.032259 145870 146801
53 62.310000 60.320000 1000000 9.145655 8.997294 9.141373 8.987302 0.032074 0.032259 0.109691 0.104840 0.032259 0.032065 0.032259 146800 153187
53 62.310000 60.320000 1000000 9.134293 8.986541 9.129995 8.976550 0.032072 0.032259 0.114841 0.110217 0.032259 0.032064 0.032259 153180 153215
53 62.310000 60.320000 1000000 9.133247 8.985466 9.128947 8.975474 0.032073 0.032259 0.113809 0.109142 0.032259 0.032064 0.032259 153210 156634
53 62.310000 60.320000 1000000 9.109039 8.968261 9.104705 8.958270 0.032079 0.032259 0.121045 0.116667 0.032259 0.032070 0.032259 156630 162146
53 62.310000 60.320000 1000000 9.096802 8.959659 9.092451 8.949668 0.032082 0.032259 0.118974 0.114517 0.032259 0.032074 0.032259 162140 166435
53 62.310000 60.320000 1000000 9.093476 8.954283 9.089119 8.944291 0.032080 0.032259 0.116905 0.112367 0.032259 0.032072 0.032259 166430 172124
53 62.310000 60.320000 1000000 9.090536 8.949982 9.086175 8.939990 0.032076 0.032259 0.116905 0.112366 0.032259 0.032067 0.032259 172120 173612
53 62.310000 60.320000 1000000 9.088511 8.944605 9.083859 8.933001 0.032075 0.032259 0.116905 0.112366 0.032259 0.032066 0.032259 173610 176854
53 62.310000 60.320000 1000000 9.084134 8.941380 9.079476 8.929775 0.032077 0.032259 0.114839 0.110215 0.032259 0.032068 0.032259 176850 179223
53 62.310000 60.320000 1000000 9.080408 8.937078 9.075744 8.925474 0.032075 0.032259 0.114839 0.110215 0.032259 0.032066 0.032259 179220 186195
53 62.310000 60.320000 1000000 9.079378 8.936003 9.074713 8.924399 0.032074 0.032259 0.114839 0.110215 0.032259 0.032065 0.032259 186190 188136
53 62.310000 60.320000 1000000 9.078209 8.931702 9.073998 8.923861 0.032072 0.032259 0.111747 0.106990 0.032259 0.032064 0.032259 188130 189753
53 62.310000 60.320000 1000000 9.076305 8.930627 9.072090 8.922786 0.032073 0.032259 0.110718 0.105915 0.032259 0.032064 0.032259 189750 218949
53 62.310000 60.320000 1000000 9.045218 8.909122 9.040960 8.901281 0.032078 0.032259 0.095405 0.089786 0.032259 0.032069 0.032259 218940 221115
53 62.310000 60.320000 1000000 9.034332 8.902670 9.030059 8.894829 0.032081 0.032259 0.094394 0.088710 0.032259 0.032072 0.032259 221110 227259
53 62.310000 60.320000 1000000 9.027685 8.891917 9.023402 8.884077 0.032078 0.032259 0.094394 0.088711 0.032259 0.032070 0.032259 227250 228213
53 62.310000 60.320000 1000000 9.027079 8.890842 9.022795 8.883001 0.032078 0.032259 0.093384 0.087636 0.032259 0.032070 0.032259 228210 240855
53 62.310000 60.320000 1000000 9.012858 8.881165 9.008554 8.873324 0.032081 0.032259 0.095405 0.089786 0.032259 0.032072 0.032259 240850 250340
53 62.310000 60.320000 1000000 9.002711 8.872563 8.998392 8.864722 0.032081 0.032259 0.097432 0.091936 0.032259 0.032073 0.032259 250340 275590
53 62.310000 60.320000 1000000 8.978387 8.842455 8.976823 8.848413 0.032081 0.032259 0.091368 0.085484 0.032259 0.032071 0.032259 275590 276439
53 62.310000 60.320000 1000000 8.977831 8.841380 8.976267 8.847338 0.032080 0.032259 0.091368 0.085484 0.032259 0.032070 0.032259 276430 282705
53 62.310000 60.320000 1000000 8.960586 8.830627 8.959013 8.836586 0.032084 0.032259 0.090363 0.084409 0.032259 0.032074 0.032259 282700 289040
53 62.310000 60.320000 1000000 8.955144 8.826326 8.953568 8.832284 0.032086 0.032259 0.089359 0.083333 0.032259 0.032076 0.032259 289040 299220
53 62.310000 60.320000 1000000 8.948972 8.822025 8.947393 8.827983 0.032088 0.032259 0.086358 0.080107 0.032259 0.032078 0.032259 299220 305435
53 62.310000 60.320000 1000000 8.940647 8.813423 8.939063 8.819381 0.032085 0.032259 0.087356 0.081182 0.032259 0.032075 0.032259 305430 309299
53 62.310000 60.320000 1000000 8.940098 8.812348 8.938514 8.818306 0.032084 0.032259 0.087356 0.081182 0.032259 0.032074 0.032259 309290 325594
53 62.310000 60.320000 1000000 8.906782 8.784391 8.905180 8.790349 0.032089 0.032259 0.092375 0.086559 0.032259 0.032079 0.032259 325590 335669
53 62.310000 60.320000 1000000 8.904013 8.781165 8.902410 8.787123 0.032089 0.032259 0.090363 0.084409 0.032259 0.032079 0.032259 335660 344959
53 62.310000 60.320000 1000000 8.899441 8.775788 8.897763 8.781344 0.032090 0.032259 0.093383 0.087634 0.032259 0.032080 0.032259 344950 348487
53 62.310000 60.320000 1000000 8.897830 8.774713 8.896152 8.780268 0.032090 0.032259 0.094393 0.088710 0.032259 0.032080 0.032259 348480 360199
53 62.310000 60.320000 1000000 8.885473 8.767186 8.883787 8.772741 0.032095 0.032259 0.092375 0.086560 0.032259 0.032084 0.032259 360190 373744
53 62.310000 60.320000 1000000 8.879546 8.761810 8.877857 8.767365 0.032098 0.032259 0.087358 0.081183 0.032259 0.032087 0.032259 373740 374485
53 62.310000 60.320000 1000000 8.878151 8.760735 8.876462 8.766290 0.032097 0.032259 0.088358 0.082259 0.032259 0.032087 0.032259 374480 393273
53 62.310000 60.320000 1000000 8.852262 8.743530 8.850557 8.749085 0.032104 0.032259 0.086359 0.080108 0.032259 0.032094 0.032259 393270 435076
53 62.310000 60.320000 1000000 8.833572 8.731702 8.831857 8.737257 0.032111 0.032259 0.080412 0.073657 0.032259 0.032101 0.032259 416560 442862
53 62.310000 60.320000 1000000 8.824692 8.725251 8.823129 8.732060 0.032113 0.032259 0.080411 0.073657 0.032259 0.032103 0.032259 442860 443952
53 62.310000 60.320000 1000000 8.823501 8.724175 8.821937 8.730985 0.032114 0.032259 0.080411 0.073657 0.032259 0.032103 0.032259 443950 479961
53 62.310000 60.320000 1000000 8.804991 8.712348 8.803418 8.719157 0.032116 0.032259 0.076491 0.069357 0.032259 0.032106 0.032259 453280 523224
53 62.310000 60.320000 1000000 8.793102 8.697294 8.791449 8.703700 0.032107 0.032259 0.083376 0.076883 0.032259 0.032097 0.032259 523220 566957
53 62.310000 60.320000 1000000 8.774791 8.679014 8.773128 8.685421 0.032110 0.032259 0.090363 0.084409 0.032259 0.032100 0.032259 566950 577234
53 62.310000 60.320000 1000000 8.772877 8.675788 8.771522 8.684704 0.032110 0.032259 0.088358 0.082259 0.032259 0.032100 0.032259 577230 612626
53 62.310000 60.320000 1000000 8.759751 8.665036 8.758389 8.673951 0.032112 0.032259 0.087357 0.081183 0.032259 0.032102 0.032259 612620 660791
53 62.310000 60.320000 1000000 8.756879 8.659659 8.755516 8.668575 0.032114 0.032259 0.087357 0.081182 0.032259 0.032104 0.032259 660790 667050
53 62.310000 60.320000 1000000 8.756106 8.658584 8.754743 8.667499 0.032113 0.032259 0.088357 0.082257 0.032259 0.032103 0.032259 667050 673579
53 62.310000 60.320000 1000000 8.754166 8.655358 8.752683 8.663870 0.032111 0.032259 0.087356 0.081182 0.032259 0.032101 0.032259 673570 696594
53 62.310000 60.320000 1000000 8.748535 8.649982 8.747049 8.658494 0.032107 0.032259 0.086359 0.080107 0.032259 0.032097 0.032259 696590 740639
53 62.310000 60.320000 1000000 8.740181 8.644606 8.738691 8.653118 0.032107 0.032259 0.086359 0.080108 0.032259 0.032098 0.032259 740630 745652
53 62.310000 60.320000 1000000 8.725673 8.634928 8.724176 8.643440 0.032109 0.032259 0.089360 0.083334 0.032259 0.032099 0.032259 745650 802293
53 62.310000 60.320000 1000000 8.709273 8.620949 8.707767 8.629462 0.032108 0.032259 0.085363 0.079033 0.032259 0.032098 0.032259 802290 805579
53 62.310000 60.320000 1000000 8.707656 8.619874 8.706150 8.628386 0.032109 0.032259 0.085363 0.079033 0.032259 0.032099 0.032259 805570 840294
53 62.310000 60.320000 1000000 8.707403 8.618799 8.705896 8.627311 0.032109 0.032259 0.086360 0.080109 0.032259 0.032099 0.032259 840290 844149
53 62.310000 60.320000 1000000 8.707072 8.617724 8.705565 8.626236 0.032108 0.032259 0.085363 0.079033 0.032259 0.032098 0.032259 844140 849963
53 62.310000 60.320000 1000000 8.706748 8.616648 8.705241 8.625161 0.032108 0.032259 0.084369 0.077958 0.032259 0.032098 0.032259 849960 858741
53 62.310000 60.320000 1000000 8.705165 8.615573 8.703657 8.624085 0.032108 0.032259 0.084369 0.077958 0.032259 0.032098 0.032259 858740 859703
53 62.310000 60.320000 1000000 8.704517 8.614498 8.703009 8.623010 0.032107 0.032259 0.084369 0.077958 0.032259 0.032097 0.032259 859700 884859
53 62.310000 60.320000 1000000 8.700176 8.608046 8.698666 8.616558 0.032102 0.032259 0.080412 0.073657 0.032259 0.032092 0.032259 884850 936242
53 62.310000 60.320000 1000000 8.695382 8.604820 8.693869 8.613333 0.032103 0.032259 0.079428 0.072582 0.032259 0.032093 0.032259 936240 1000000
