50 62.310000 60.320000 1000000 12.838726 12.901040 12.832545 12.898485 0.031697 0.032257 0.342383 0.340860 0.032257 0.031690 0.032257 0 50
50 62.310000 60.320000 1000000 11.156393 11.169326 11.147085 11.153061 0.031275 0.032257 0.192506 0.189784 0.032257 0.031271 0.032257 50 60
50 62.310000 60.320000 1000000 10.830765 10.910725 10.823953 10.906154 0.031296 0.032257 0.171874 0.168820 0.032257 0.031289 0.032257 60 70
50 62.310000 60.320000 1000000 10.644924 10.722553 10.640147 10.723358 0.031259 0.032257 0.156060 0.152690 0.032257 0.031250 0.032257 70 80
50 62.310000 60.320000 1000000 10.576492 10.652661 10.571727 10.653018 0.031216 0.032257 0.157110 0.153762 0.032257 0.031206 0.032257 80 90
50 62.310000 60.320000 1000000 10.458593 10.521478 10.454226 10.524837 0.031110 0.032257 0.150805 0.147314 0.032257 0.031100 0.032257 90 102
50 62.310000 60.320000 1000000 10.420041 10.488683 10.415503 10.491190 0.031090 0.032257 0.157638 0.154303 0.032257 0.031080 0.032257 100 115
50 62.310000 60.320000 1000000 10.296520 10.356425 10.291978 10.358485 0.031072 0.032257 0.174515 0.171508 0.032257 0.031062 0.032257 110 124
50 62.310000 60.320000 1000000 10.201213 10.234921 10.196045 10.233575 0.031008 0.032257 0.171346 0.168282 0.032257 0.030999 0.032257 120 134
50 62.310000 60.320000 1000000 10.068843 10.054276 10.057419 10.026318 0.031009 0.032257 0.231828 0.229573 0.032257 0.030997 0.032257 130 141
50 62.310000 60.320000 1000000 10.032863 10.026319 10.021314 9.998361 0.031018 0.032257 0.224379 0.222048 0.032257 0.031007 0.032257 140 152
50 62.310000 60.320000 1000000 10.012557 10.010191 10.000938 9.982232 0.031016 0.032257 0.231829 0.229574 0.032257 0.031005 0.032257 150 162
50 62.310000 60.320000 1000000 9.934139 9.835997 9.918805 9.758666 0.031011 0.032257 0.253143 0.251079 0.032257 0.030998 0.032257 160 174
50 62.310000 60.320000 1000000 9.874484 9.728471 9.858870 9.651140 0.030983 0.032257 0.245679 0.243552 0.032257 0.030970 0.032257 170 181
50 62.310000 60.320000 1000000 9.844313 9.701589 9.828554 9.624258 0.031000 0.032257 0.255275 0.253229 0.032257 0.030987 0.032257 180 202
50 62.310000 60.320000 1000000 9.834121 9.681159 9.818255 9.602125 0.030982 0.032257 0.254208 0.252153 0.032257 0.030969 0.032257 200 229
50 62.310000 60.320000 1000000 9.776922 9.520943 9.772193 9.517671 0.030957 0.032257 0.207364 0.204839 0.032257 0.030950 0.032257 220 270
50 62.310000 60.320000 1000000 9.687543 9.373632 9.682599 9.370853 0.030929 0.032257 0.149226 0.145698 0.032257 0.030923 0.032257 270 283
50 62.310000 60.320000 1000000 9.669345 9.349976 9.664374 9.347197 0.030932 0.032257 0.147128 0.143548 0.032257 0.030926 0.032257 280 337
50 62.310000 60.320000 1000000 9.658930 9.320406 9.653801 9.316776 0.030928 0.032257 0.151851 0.148385 0.032257 0.030922 0.032257 330 340
50 62.310000 60.320000 1000000 9.647421 9.296751 9.648605 9.315701 0.030935 0.032257 0.163428 0.160213 0.032257 0.030921 0.032257 340 361
50 62.310000 60.320000 1000000 9.617198 9.279546 9.618394 9.298496 0.030955 0.032257 0.173982 0.170966 0.032257 0.030941 0.032257 360 374
50 62.310000 60.320000 1000000 9.602853 9.266643 9.604144 9.286848 0.030963 0.032257 0.161321 0.158063 0.032257 0.030949 0.032257 370 381
50 62.310000 60.320000 1000000 9.582319 9.256966 9.583619 9.277170 0.030980 0.032257 0.164482 0.161287 0.032257 0.030966 0.032257 380 403
50 62.310000 60.320000 1000000 9.555105 9.236536 9.556416 9.256740 0.031012 0.032257 0.153951 0.150534 0.032257 0.030998 0.032257 400 421
50 62.310000 60.320000 1000000 9.543633 9.225783 9.544949 9.245988 0.031003 0.032257 0.147649 0.144083 0.032257 0.030989 0.032257 420 449
50 62.310000 60.320000 1000000 9.508322 9.203203 9.509652 9.223407 0.031031 0.032257 0.143456 0.139782 0.032257 0.031017 0.032257 440 453
50 62.310000 60.320000 1000000 9.500183 9.169870 9.499228 9.174752 0.031035 0.032257 0.133001 0.129030 0.032257 0.031024 0.032257 450 469
50 62.310000 60.320000 1000000 9.493799 9.164494 9.492841 9.169376 0.031039 0.032257 0.127792 0.123654 0.032257 0.031028 0.032257 460 487
50 62.310000 60.320000 1000000 9.491731 9.163418 9.490773 9.168301 0.031040 0.032257 0.128833 0.124729 0.032257 0.031029 0.032257 480 549
50 62.310000 60.320000 1000000 9.377148 9.076322 9.375781 9.080398 0.031134 0.032257 0.136135 0.132258 0.032257 0.031124 0.032257 540 559
50 62.310000 60.320000 1000000 9.372697 9.070946 9.371145 9.074618 0.031126 0.032257 0.133004 0.129033 0.032257 0.031116 0.032257 550 561
50 62.310000 60.320000 1000000 9.359259 9.063419 9.357701 9.067092 0.031134 0.032257 0.130919 0.126883 0.032257 0.031124 0.032257 560 573
50 62.310000 60.320000 1000000 9.317590 9.034387 9.316010 9.038060 0.031173 0.032257 0.134048 0.130109 0.032257 0.031162 0.032257 570 589
50 62.310000 60.320000 1000000 9.294704 9.019333 9.293113 9.023006 0.031176 0.032257 0.131961 0.127958 0.032257 0.031166 0.032257 580 601
50 62.310000 60.320000 1000000 9.265400 8.977398 9.262168 8.978383 0.031207 0.032257 0.115356 0.110754 0.032257 0.031198 0.032257 600 611
50 62.310000 60.320000 1000000 9.264191 8.975248 9.260957 8.976232 0.031205 0.032257 0.114324 0.109679 0.032257 0.031196 0.032257 610 635
50 62.310000 60.320000 1000000 9.247269 8.958043 9.244018 8.959028 0.031207 0.032257 0.110204 0.105378 0.032257 0.031199 0.032257 630 643
50 62.310000 60.320000 1000000 9.208962 8.931162 9.205770 8.933401 0.031211 0.032257 0.119494 0.115057 0.032257 0.031203 0.032257 640 661
50 62.310000 60.320000 1000000 9.198502 8.922560 9.195299 8.924799 0.031201 0.032257 0.120529 0.116132 0.032257 0.031193 0.032257 660 673
50 62.310000 60.320000 1000000 9.189175 8.915033 9.185963 8.917272 0.031199 0.032257 0.117424 0.112906 0.032257 0.031191 0.032257 670 702
50 62.310000 60.320000 1000000 9.167255 8.898904 9.164348 8.902397 0.031207 0.032257 0.114326 0.109681 0.032257 0.031199 0.032257 700 714
50 62.310000 60.320000 1000000 9.167190 8.897291 9.164249 8.899933 0.031207 0.032257 0.113811 0.109144 0.032257 0.031199 0.032257 710 730
50 62.310000 60.320000 1000000 9.163433 8.894065 9.160488 8.896707 0.031209 0.032257 0.112780 0.108068 0.032257 0.031200 0.032257 730 774
50 62.310000 60.320000 1000000 9.151856 8.880086 9.148900 8.882729 0.031201 0.032257 0.114842 0.110219 0.032257 0.031193 0.032257 770 804
50 62.310000 60.320000 1000000 9.151598 8.879011 9.148642 8.881653 0.031201 0.032257 0.115874 0.111293 0.032257 0.031192 0.032257 800 833
50 62.310000 60.320000 1000000 9.145279 8.873635 9.142316 8.876277 0.031192 0.032257 0.115874 0.111293 0.032257 0.031184 0.032257 830 845
50 62.310000 60.320000 1000000 9.142725 8.872560 9.139760 8.875202 0.031196 0.032257 0.114842 0.110218 0.032257 0.031187 0.032257 840 874
50 62.310000 60.320000 1000000 9.142171 8.871484 9.139205 8.874127 0.031194 0.032257 0.114842 0.110218 0.032257 0.031186 0.032257 870 884
50 62.310000 60.320000 1000000 9.134911 8.865033 9.131938 8.867675 0.031186 0.032257 0.114841 0.110218 0.032257 0.031177 0.032257 880 940
50 62.310000 60.320000 1000000 9.132464 8.863957 9.129489 8.866600 0.031188 0.032257 0.113810 0.109143 0.032257 0.031180 0.032257 940 981
50 62.310000 60.320000 1000000 9.131857 8.862882 9.128882 8.865524 0.031187 0.032257 0.113810 0.109143 0.032257 0.031178 0.032257 980 1008
50 62.310000 60.320000 1000000 9.109951 8.847829 9.106954 8.850471 0.031205 0.032257 0.110719 0.105916 0.032257 0.031197 0.032257 1000 1010
50 62.310000 60.320000 1000000 9.103659 8.843527 9.100656 8.846170 0.031212 0.032257 0.108664 0.103766 0.032257 0.031204 0.032257 1010 1021
50 62.310000 60.320000 1000000 9.086138 8.836001 9.083117 8.838643 0.031234 0.032257 0.101501 0.096239 0.032257 0.031226 0.032257 1020 1032
50 62.310000 60.320000 1000000 9.084653 8.834925 9.081631 8.837567 0.031236 0.032257 0.100482 0.095164 0.032257 0.031228 0.032257 1030 1040
50 62.310000 60.320000 1000000 9.083587 8.833850 9.080563 8.836492 0.031238 0.032257 0.099465 0.094089 0.032257 0.031229 0.032257 1040 1107
50 62.310000 60.320000 1000000 9.065496 8.822022 9.062455 8.824664 0.031256 0.032257 0.089361 0.083336 0.032257 0.031247 0.032257 1100 1113
50 62.310000 60.320000 1000000 9.059570 8.818796 9.056523 8.821439 0.031258 0.032257 0.088359 0.082260 0.032257 0.031250 0.032257 1110 1122
50 62.310000 60.320000 1000000 9.058770 8.817721 9.055722 8.820363 0.031257 0.032257 0.088359 0.082260 0.032257 0.031248 0.032257 1120 1146
50 62.310000 60.320000 1000000 9.038975 8.806968 9.035906 8.809611 0.031273 0.032257 0.092376 0.086560 0.032257 0.031265 0.032257 1140 1152
50 62.310000 60.320000 1000000 9.026476 8.797291 9.023395 8.799933 0.031281 0.032257 0.097432 0.091937 0.032257 0.031273 0.032257 1150 1164
50 62.310000 60.320000 1000000 9.024722 8.795140 9.021639 8.797783 0.031277 0.032257 0.097432 0.091937 0.032257 0.031269 0.032257 1160 1186
50 62.310000 60.320000 1000000 9.019251 8.791915 9.016162 8.794557 0.031278 0.032257 0.097433 0.091938 0.032257 0.031269 0.032257 1180 1191
50 62.310000 60.320000 1000000 9.017020 8.790839 9.013929 8.793482 0.031280 0.032257 0.097433 0.091938 0.032257 0.031271 0.032257 1190 1221
50 62.310000 60.320000 1000000 8.985337 8.770409 8.982214 8.773052 0.031282 0.032257 0.091372 0.085489 0.032257 0.031274 0.032257 1220 1271
50 62.310000 60.320000 1000000 8.970765 8.760732 8.967626 8.763374 0.031293 0.032257 0.092379 0.086564 0.032257 0.031285 0.032257 1270 1280
50 62.310000 60.320000 1000000 8.970536 8.759657 8.967397 8.762299 0.031293 0.032257 0.091373 0.085489 0.032257 0.031284 0.032257 1280 1304
50 62.310000 60.320000 1000000 8.970055 8.758582 8.966915 8.761224 0.031291 0.032257 0.092379 0.086565 0.032257 0.031283 0.032257 1300 1312
50 62.310000 60.320000 1000000 8.969027 8.757506 8.965886 8.760148 0.031289 0.032257 0.092379 0.086565 0.032257 0.031281 0.032257 1310 1338
50 62.310000 60.320000 1000000 8.968804 8.756431 8.965663 8.759073 0.031288 0.032257 0.093388 0.087640 0.032257 0.031280 0.032257 1330 1344
50 62.310000 60.320000 1000000 8.965114 8.754281 8.961969 8.756923 0.031289 0.032257 0.094397 0.088714 0.032257 0.031281 0.032257 1340 1415
50 62.310000 60.320000 1000000 8.964579 8.753205 8.961434 8.755847 0.031288 0.032257 0.094397 0.088714 0.032257 0.031279 0.032257 1410 1459
50 62.310000 60.320000 1000000 8.961606 8.749979 8.958458 8.752622 0.031281 0.032257 0.092379 0.086564 0.032257 0.031273 0.032257 1450 1478
50 62.310000 60.320000 1000000 8.959418 8.748904 8.956267 8.751546 0.031283 0.032257 0.093387 0.087639 0.032257 0.031275 0.032257 1470 1530
50 62.310000 60.320000 1000000 8.941703 8.738151 8.938534 8.740794 0.031298 0.032257 0.089363 0.083338 0.032257 0.031290 0.032257 1530 1552
50 62.310000 60.320000 1000000 8.937292 8.734926 8.934117 8.737568 0.031303 0.032257 0.087361 0.081187 0.032257 0.031295 0.032257 1550 1567
50 62.310000 60.320000 1000000 8.936437 8.733850 8.933262 8.736493 0.031301 0.032257 0.088361 0.082263 0.032257 0.031293 0.032257 1560 1572
50 62.310000 60.320000 1000000 8.933198 8.731700 8.930019 8.734342 0.031305 0.032257 0.087361 0.081187 0.032257 0.031297 0.032257 1570 1593
50 62.310000 60.320000 1000000 8.920374 8.712883 8.916317 8.709566 0.031319 0.032257 0.081895 0.075275 0.032257 0.031312 0.032257 1590 1646
50 62.310000 60.320000 1000000 8.914200 8.709657 8.910134 8.706341 0.031323 0.032257 0.083876 0.077425 0.032257 0.031316 0.032257 1630 1682
50 62.310000 60.320000 1000000 8.913303 8.708582 8.909236 8.705265 0.031321 0.032257 0.082885 0.076350 0.032257 0.031314 0.032257 1680 1691
50 62.310000 60.320000 1000000 8.907967 8.703205 8.903892 8.699889 0.031315 0.032257 0.081895 0.075274 0.032257 0.031308 0.032257 1690 1717
50 62.310000 60.320000 1000000 8.906934 8.702130 8.902858 8.698814 0.031313 0.032257 0.081895 0.075275 0.032257 0.031306 0.032257 1710 1741
50 62.310000 60.320000 1000000 8.887458 8.691378 8.883355 8.688061 0.031326 0.032257 0.081895 0.075275 0.032257 0.031319 0.032257 1740 1809
50 62.310000 60.320000 1000000 8.880636 8.686001 8.876524 8.682685 0.031330 0.032257 0.081895 0.075274 0.032257 0.031324 0.032257 1800 1981
50 62.310000 60.320000 1000000 8.858726 8.674173 8.854583 8.670857 0.031341 0.032257 0.082885 0.076350 0.032257 0.031334 0.032257 1980 2180
50 62.310000 60.320000 1000000 8.857349 8.673098 8.853204 8.669781 0.031342 0.032257 0.083876 0.077425 0.032257 0.031335 0.032257 2180 2213
50 62.310000 60.320000 1000000 8.856890 8.672023 8.852744 8.668706 0.031341 0.032257 0.083876 0.077425 0.032257 0.031334 0.032257 2210 2230
50 62.310000 60.320000 1000000 8.850922 8.668797 8.846768 8.665480 0.031346 0.032257 0.080908 0.074199 0.032257 0.031339 0.032257 2230 2276
50 62.310000 60.320000 1000000 8.849024 8.667721 8.844867 8.664405 0.031347 0.032257 0.081895 0.075274 0.032257 0.031341 0.032257 2270 2301
50 62.310000 60.320000 1000000 8.840060 8.660195 8.835890 8.656878 0.031343 0.032257 0.080908 0.074199 0.032257 0.031337 0.032257 2300 2399
50 62.310000 60.320000 1000000 8.827330 8.650517 8.823143 8.647201 0.031356 0.032257 0.079923 0.073124 0.032257 0.031350 0.032257 2390 2401
50 62.310000 60.320000 1000000 8.827259 8.648904 8.823034 8.644737 0.031356 0.032257 0.080415 0.073662 0.032257 0.031350 0.032257 2400 2555
50 62.310000 60.320000 1000000 8.826225 8.647829 8.821998 8.643661 0.031354 0.032257 0.081401 0.074737 0.032257 0.031347 0.032257 2550 2637
50 62.310000 60.320000 1000000 8.824252 8.646754 8.820023 8.642586 0.031356 0.032257 0.080415 0.073662 0.032257 0.031350 0.032257 2630 2770
50 62.310000 60.320000 1000000 8.811391 8.640302 8.807143 8.636135 0.031368 0.032257 0.078449 0.071510 0.032257 0.031361 0.032257 2770 2800
50 62.310000 60.320000 1000000 8.809852 8.639227 8.805602 8.635059 0.031370 0.032257 0.077470 0.070435 0.032257 0.031363 0.032257 2800 2850
50 62.310000 60.320000 1000000 8.808196 8.636001 8.804054 8.633088 0.031366 0.032257 0.078449 0.071510 0.032257 0.031360 0.032257 2850 2956
50 62.310000 60.320000 1000000 8.804847 8.632775 8.800647 8.629459 0.031369 0.032257 0.080414 0.073660 0.032257 0.031363 0.032257 2950 2961
50 62.310000 60.320000 1000000 8.802805 8.631700 8.798603 8.628384 0.031371 0.032257 0.080414 0.073660 0.032257 0.031364 0.032257 2960 3063
50 62.310000 60.320000 1000000 8.802201 8.630625 8.797997 8.627308 0.031369 0.032257 0.080414 0.073660 0.032257 0.031363 0.032257 3060 3221
50 62.310000 60.320000 1000000 8.779744 8.615571 8.775509 8.612255 0.031372 0.032257 0.087362 0.081188 0.032257 0.031365 0.032257 3220 3316
50 62.310000 60.320000 1000000 8.777391 8.613421 8.773152 8.610104 0.031372 0.032257 0.087361 0.081187 0.032257 0.031366 0.032257 3310 3528
50 62.310000 60.320000 1000000 8.734549 8.587614 8.730247 8.584298 0.031400 0.032257 0.077469 0.070434 0.032257 0.031394 0.032257 3520 3762
50 62.310000 60.320000 1000000 8.732012 8.584388 8.727706 8.581072 0.031395 0.032257 0.076493 0.069359 0.032257 0.031389 0.032257 3760 3878
50 62.310000 60.320000 1000000 8.731048 8.583313 8.726741 8.579997 0.031396 0.032257 0.077469 0.070434 0.032257 0.031390 0.032257 3870 3888
50 62.310000 60.320000 1000000 8.730728 8.582238 8.726794 8.580176 0.031397 0.032257 0.076493 0.069359 0.032257 0.031390 0.032257 3880 3898
50 62.310000 60.320000 1000000 8.729834 8.581162 8.725900 8.579100 0.031395 0.032257 0.075520 0.068284 0.032257 0.031388 0.032257 3890 3953
50 62.310000 60.320000 1000000 8.713339 8.571485 8.709382 8.569423 0.031398 0.032257 0.069740 0.061832 0.032257 0.031391 0.032257 3950 4016
50 62.310000 60.320000 1000000 8.712659 8.570410 8.708701 8.568348 0.031396 0.032257 0.069740 0.061832 0.032257 0.031389 0.032257 4010 4299
50 62.310000 60.320000 1000000 8.709091 8.567184 8.705128 8.565122 0.031394 0.032257 0.068789 0.060757 0.032257 0.031388 0.032257 4290 4391
50 62.310000 60.320000 1000000 8.708188 8.566109 8.704224 8.564047 0.031396 0.032257 0.067841 0.059681 0.032257 0.031389 0.032257 4390 4474
50 62.310000 60.320000 1000000 8.694962 8.558582 8.690979 8.556520 0.031407 0.032257 0.070697 0.062909 0.032257 0.031400 0.032257 4470 4519
50 62.310000 60.320000 1000000 8.693976 8.557507 8.689993 8.555445 0.031405 0.032257 0.071655 0.063984 0.032257 0.031398 0.032257 4510 4793
50 62.310000 60.320000 1000000 8.660077 8.534926 8.656047 8.532864 0.031398 0.032257 0.079431 0.072586 0.032257 0.031392 0.032257 4790 5025
50 62.310000 60.320000 1000000 8.641955 8.523098 8.637899 8.521036 0.031416 0.032257 0.073582 0.066134 0.032257 0.031409 0.032257 5020 5115
50 62.310000 60.320000 1000000 8.639145 8.519872 8.635085 8.517810 0.031410 0.032257 0.072617 0.065059 0.032257 0.031403 0.032257 5110 5248
50 62.310000 60.320000 1000000 8.633712 8.514496 8.629644 8.512434 0.031399 0.032257 0.071655 0.063984 0.032257 0.031393 0.032257 5240 5270
50 62.310000 60.320000 1000000 8.632756 8.513420 8.628687 8.511358 0.031397 0.032257 0.071655 0.063983 0.032257 0.031390 0.032257 5270 5555
50 62.310000 60.320000 1000000 8.626402 8.508044 8.621981 8.505176 0.031400 0.032257 0.071655 0.063984 0.032257 0.031394 0.032257 5550 5614
50 62.310000 60.320000 1000000 8.622710 8.504818 8.618283 8.501950 0.031395 0.032257 0.073582 0.066134 0.032257 0.031389 0.032257 5610 5687
50 62.310000 60.320000 1000000 8.616827 8.500517 8.612391 8.497649 0.031403 0.032257 0.072617 0.065059 0.032257 0.031397 0.032257 5680 5702
50 62.310000 60.320000 1000000 8.615344 8.499442 8.610905 8.496573 0.031402 0.032257 0.073582 0.066135 0.032257 0.031396 0.032257 5700 5726
50 62.310000 60.320000 1000000 8.614176 8.498367 8.609736 8.495498 0.031400 0.032257 0.073582 0.066135 0.032257 0.031394 0.032257 5720 6284
50 62.310000 60.320000 1000000 8.611982 8.497291 8.607538 8.494423 0.031402 0.032257 0.072617 0.065059 0.032257 0.031396 0.032257 6280 6466
50 62.310000 60.320000 1000000 8.610896 8.496216 8.606451 8.493348 0.031400 0.032257 0.072617 0.065059 0.032257 0.031394 0.032257 6460 6646
50 62.310000 60.320000 1000000 8.607712 8.492990 8.603261 8.490122 0.031393 0.032257 0.072617 0.065059 0.032257 0.031387 0.032257 6640 6805
50 62.310000 60.320000 1000000 8.607257 8.491915 8.602806 8.489046 0.031392 0.032257 0.071655 0.063984 0.032257 0.031386 0.032257 6800 6835
50 62.310000 60.320000 1000000 8.606180 8.490840 8.601727 8.487971 0.031390 0.032257 0.070697 0.062909 0.032257 0.031384 0.032257 6830 6884
50 62.310000 60.320000 1000000 8.598440 8.485463 8.593975 8.482595 0.031386 0.032257 0.067843 0.059683 0.032257 0.031381 0.032257 6880 7137
50 62.310000 60.320000 1000000 8.592426 8.479012 8.587952 8.476143 0.031380 0.032257 0.065023 0.056457 0.032257 0.031374 0.032257 7130 7203
50 62.310000 60.320000 1000000 8.590399 8.477936 8.585922 8.475068 0.031381 0.032257 0.064092 0.055382 0.032257 0.031375 0.032257 7200 7396
50 62.310000 60.320000 1000000 8.577120 8.468259 8.572622 8.465391 0.031372 0.032257 0.069742 0.061833 0.032257 0.031366 0.032257 7390 7534
50 62.310000 60.320000 1000000 8.576170 8.467184 8.571670 8.464315 0.031370 0.032257 0.069741 0.061833 0.032257 0.031364 0.032257 7530 7563
50 62.310000 60.320000 1000000 8.575838 8.466108 8.571726 8.464495 0.031370 0.032257 0.068790 0.060758 0.032257 0.031364 0.032257 7560 7633
50 62.310000 60.320000 1000000 8.575052 8.465033 8.570938 8.463419 0.031368 0.032257 0.069741 0.061833 0.032257 0.031362 0.032257 7630 7679
50 62.310000 60.320000 1000000 8.574010 8.463958 8.569895 8.462344 0.031366 0.032257 0.069741 0.061833 0.032257 0.031360 0.032257 7670 8016
50 62.310000 60.320000 1000000 8.571147 8.453743 8.568129 8.454593 0.031368 0.032257 0.068314 0.060219 0.032257 0.031359 0.032257 8010 8138
50 62.310000 60.320000 1000000 8.569806 8.452668 8.566787 8.453518 0.031366 0.032257 0.068314 0.060219 0.032257 0.031358 0.032257 8130 8855
50 62.310000 60.320000 1000000 8.566234 8.447291 8.563211 8.448142 0.031372 0.032257 0.069264 0.061294 0.032257 0.031363 0.032257 8850 9454
50 62.310000 60.320000 1000000 8.559888 8.444066 8.556859 8.444916 0.031378 0.032257 0.066427 0.058069 0.032257 0.031369 0.032257 9450 10526
50 62.310000 60.320000 1000000 8.544115 8.432238 8.541069 8.433088 0.031368 0.032257 0.067368 0.059144 0.032257 0.031359 0.032257 10520 10752
50 62.310000 60.320000 1000000 8.543179 8.431162 8.540132 8.432013 0.031366 0.032257 0.068314 0.060219 0.032257 0.031357 0.032257 10750 11051
50 62.310000 60.320000 1000000 8.541875 8.430087 8.538826 8.430937 0.031368 0.032257 0.067368 0.059144 0.032257 0.031359 0.032257 11050 11169
50 62.310000 60.320000 1000000 8.538211 8.426861 8.535159 8.427712 0.031365 0.032257 0.068314 0.060219 0.032257 0.031357 0.032257 11160 11729
50 62.310000 60.320000 1000000 8.533054 8.423636 8.529996 8.424486 0.031367 0.032257 0.065489 0.056993 0.032257 0.031358 0.032257 11720 11860
50 62.310000 60.320000 1000000 8.526940 8.419334 8.523876 8.420185 0.031372 0.032257 0.063625 0.054842 0.032257 0.031364 0.032257 11860 12075
50 62.310000 60.320000 1000000 8.524055 8.416109 8.520988 8.416959 0.031366 0.032257 0.064555 0.055917 0.032257 0.031358 0.032257 12070 12793
50 62.310000 60.320000 1000000 8.505425 8.402130 8.502337 8.402980 0.031387 0.032257 0.064554 0.055917 0.032257 0.031379 0.032257 12790 13330
50 62.310000 60.320000 1000000 8.503150 8.398904 8.500060 8.399755 0.031388 0.032257 0.064555 0.055917 0.032257 0.031379 0.032257 13330 13404
50 62.310000 60.320000 1000000 8.502437 8.397829 8.499346 8.398679 0.031386 0.032257 0.063626 0.054843 0.032257 0.031378 0.032257 13400 13432
50 62.310000 60.320000 1000000 8.500387 8.396754 8.497294 8.397604 0.031388 0.032257 0.063626 0.054843 0.032257 0.031380 0.032257 13430 15074
50 62.310000 60.320000 1000000 8.499836 8.395679 8.496742 8.396529 0.031387 0.032257 0.064555 0.055918 0.032257 0.031378 0.032257 15070 15083
50 62.310000 60.320000 1000000 8.498835 8.394603 8.495740 8.395454 0.031385 0.032257 0.063626 0.054843 0.032257 0.031376 0.032257 15080 15254
50 62.310000 60.320000 1000000 8.492977 8.389227 8.489876 8.390077 0.031389 0.032257 0.064555 0.055918 0.032257 0.031381 0.032257 15250 16590
50 62.310000 60.320000 1000000 8.482282 8.380625 8.479169 8.381475 0.031379 0.032257 0.063625 0.054842 0.032257 0.031371 0.032257 16590 17118
50 62.310000 60.320000 1000000 8.475586 8.375249 8.472465 8.376099 0.031381 0.032257 0.063625 0.054842 0.032257 0.031373 0.032257 17110 17520
50 62.310000 60.320000 1000000 8.462956 8.364496 8.461250 8.370364 0.031394 0.032257 0.065488 0.056992 0.032257 0.031384 0.032257 17520 18395
50 62.310000 60.320000 1000000 8.461300 8.363421 8.459593 8.369289 0.031397 0.032257 0.066426 0.058067 0.032257 0.031386 0.032257 18390 19305
50 62.310000 60.320000 1000000 8.452694 8.358044 8.450982 8.363912 0.031402 0.032257 0.070217 0.062368 0.032257 0.031391 0.032257 19300 20189
50 62.310000 60.320000 1000000 8.436601 8.347292 8.434879 8.353160 0.031413 0.032257 0.070217 0.062369 0.032257 0.031402 0.032257 20180 20993
50 62.310000 60.320000 1000000 8.407295 8.327937 8.406243 8.336314 0.031432 0.032257 0.072134 0.064519 0.032257 0.031421 0.032257 20990 21321
50 62.310000 60.320000 1000000 8.407049 8.326324 8.405867 8.333850 0.031433 0.032257 0.071653 0.063982 0.032257 0.031421 0.032257 21320 21535
50 62.310000 60.320000 1000000 8.405923 8.325249 8.404740 8.332775 0.031431 0.032257 0.071653 0.063981 0.032257 0.031419 0.032257 21530 23443
50 62.310000 60.320000 1000000 8.390602 8.304281 8.387998 8.306834 0.031444 0.032257 0.074064 0.066670 0.032257 0.031435 0.032257 22210 23877
50 62.310000 60.320000 1000000 8.352020 8.268797 8.351627 8.280131 0.031469 0.032257 0.074063 0.066669 0.032257 0.031457 0.032257 23870 23997
50 62.310000 60.320000 1000000 8.340601 8.261270 8.340206 8.272604 0.031480 0.032257 0.073095 0.065592 0.032257 0.031468 0.032257 23990 27883
50 62.310000 60.320000 1000000 8.331875 8.253743 8.331479 8.265077 0.031484 0.032257 0.073095 0.065592 0.032257 0.031472 0.032257 26010 28421
50 62.310000 60.320000 1000000 8.320678 8.242991 8.320280 8.254325 0.031496 0.032257 0.072132 0.064517 0.032257 0.031484 0.032257 28420 32331
50 62.310000 60.320000 1000000 8.308668 8.232776 8.308144 8.243258 0.031494 0.032257 0.069738 0.061829 0.032257 0.031482 0.032257 32330 32437
50 62.310000 60.320000 1000000 8.307968 8.231700 8.307444 8.242183 0.031493 0.032257 0.070692 0.062903 0.032257 0.031481 0.032257 32430 33426
50 62.310000 60.320000 1000000 8.305196 8.228475 8.304672 8.238957 0.031497 0.032257 0.072611 0.065053 0.032257 0.031485 0.032257 33420 35062
50 62.310000 60.320000 1000000 8.296894 8.223098 8.296368 8.233581 0.031503 0.032257 0.072612 0.065054 0.032257 0.031491 0.032257 35060 35915
50 62.310000 60.320000 1000000 8.295755 8.222023 8.295229 8.232506 0.031501 0.032257 0.071650 0.063978 0.032257 0.031489 0.032257 35910 36037
50 62.310000 60.320000 1000000 8.293947 8.220948 8.293421 8.231431 0.031503 0.032257 0.072612 0.065054 0.032257 0.031491 0.032257 36030 36956
50 62.310000 60.320000 1000000 8.293378 8.219872 8.292851 8.230355 0.031504 0.032257 0.073577 0.066129 0.032257 0.031492 0.032257 36950 37446
50 62.310000 60.320000 1000000 8.289276 8.216647 8.288749 8.227129 0.031509 0.032257 0.072612 0.065054 0.032257 0.031497 0.032257 37440 40396
50 62.310000 60.320000 1000000 8.268502 8.199442 8.267725 8.208223 0.031518 0.032257 0.077466 0.070430 0.032257 0.031506 0.032257 40390 41185
50 62.310000 60.320000 1000000 8.246942 8.184389 8.245989 8.192766 0.031514 0.032257 0.075517 0.068281 0.032257 0.031503 0.032257 41180 42217
50 62.310000 60.320000 1000000 8.217583 8.165034 8.216530 8.171709 0.031534 0.032257 0.069738 0.061829 0.032257 0.031523 0.032257 42210 42943
50 62.310000 60.320000 1000000 8.207416 8.159658 8.206360 8.166332 0.031544 0.032257 0.069738 0.061829 0.032257 0.031533 0.032257 42520 48686
50 62.310000 60.320000 1000000 8.193844 8.142991 8.192193 8.145409 0.031549 0.032257 0.062699 0.053765 0.032257 0.031538 0.032257 42900 45609
50 62.310000 60.320000 1000000 8.191600 8.140840 8.189948 8.143259 0.031552 0.032257 0.062700 0.053765 0.032257 0.031541 0.032257 43320 48686
50 62.310000 60.320000 1000000 8.180585 8.132238 8.178926 8.134657 0.031563 0.032257 0.065487 0.056991 0.032257 0.031552 0.032257 48680 52964
50 62.310000 60.320000 1000000 8.152091 8.113959 8.150415 8.116377 0.031588 0.032257 0.059957 0.050540 0.032257 0.031577 0.032257 52960 55511
50 62.310000 60.320000 1000000 8.144692 8.106432 8.143012 8.108850 0.031597 0.032257 0.058155 0.048389 0.032257 0.031586 0.032257 55510 56725
50 62.310000 60.320000 1000000 8.142745 8.105357 8.141063 8.107775 0.031599 0.032257 0.058155 0.048389 0.032257 0.031588 0.032257 56720 58295
50 62.310000 60.320000 1000000 8.141692 8.104281 8.140009 8.106700 0.031597 0.032257 0.057263 0.047313 0.032257 0.031587 0.032257 58290 59520
50 62.310000 60.320000 1000000 8.135480 8.098905 8.133794 8.101323 0.031597 0.032257 0.057264 0.047314 0.032257 0.031586 0.032257 59520 59577
50 62.310000 60.320000 1000000 8.134729 8.097830 8.133042 8.100248 0.031598 0.032257 0.057264 0.047314 0.032257 0.031588 0.032257 59570 66820
50 62.310000 60.320000 1000000 8.087186 8.061271 8.085469 8.063689 0.031623 0.032257 0.055500 0.045163 0.032257 0.031612 0.032257 66820 68991
50 62.310000 60.320000 1000000 8.084606 8.056970 8.082366 8.058178 0.031624 0.032257 0.053765 0.043013 0.032257 0.031614 0.032257 68990 70561
50 62.310000 60.320000 1000000 8.083692 8.055894 8.081452 8.057103 0.031622 0.032257 0.053765 0.043013 0.032257 0.031612 0.032257 70560 73068
50 62.310000 60.320000 1000000 8.079143 8.052668 8.076899 8.053877 0.031620 0.032257 0.053765 0.043013 0.032257 0.031610 0.032257 73060 77321
50 62.310000 60.320000 1000000 8.057930 8.033314 8.055668 8.034522 0.031647 0.032257 0.059053 0.049464 0.032257 0.031637 0.032257 77320 86079
50 62.310000 60.320000 1000000 8.050292 8.026862 8.048023 8.028071 0.031640 0.032257 0.061781 0.052691 0.032257 0.031630 0.032257 86070 97220
50 62.310000 60.320000 1000000 8.026214 8.009658 8.024068 8.012121 0.031662 0.032257 0.061781 0.052692 0.032257 0.031652 0.032257 97220 97862
50 62.310000 60.320000 1000000 8.025964 8.008583 8.023818 8.011046 0.031662 0.032257 0.060867 0.051616 0.032257 0.031652 0.032257 97860 100498
50 62.310000 60.320000 1000000 8.016185 8.002131 8.014031 8.004594 0.031667 0.032257 0.065489 0.056993 0.032257 0.031657 0.032257 100490 100693
50 62.310000 60.320000 1000000 8.011750 7.997830 8.009253 7.999487 0.031674 0.032257 0.066426 0.058068 0.032257 0.031665 0.032257 100690 105883
50 62.310000 60.320000 1000000 8.008174 7.993529 8.005673 7.995186 0.031680 0.032257 0.066426 0.058068 0.032257 0.031671 0.032257 101340 106721
50 62.310000 60.320000 1000000 8.003535 7.988153 8.000703 7.989003 0.031681 0.032257 0.069263 0.061293 0.032257 0.031672 0.032257 106720 106854
50 62.310000 60.320000 1000000 8.002372 7.987077 7.999539 7.987928 0.031679 0.032257 0.068314 0.060218 0.032257 0.031671 0.032257 106850 107899
50 62.310000 60.320000 1000000 8.001598 7.986002 7.998764 7.986852 0.031681 0.032257 0.068314 0.060218 0.032257 0.031672 0.032257 107890 109890
50 62.310000 60.320000 1000000 7.994148 7.981701 7.991306 7.982551 0.031689 0.032257 0.067368 0.059143 0.032257 0.031680 0.032257 109890 115820
50 62.310000 60.320000 1000000 7.966332 7.959120 7.963461 7.959971 0.031717 0.032257 0.076004 0.068819 0.032257 0.031709 0.032257 115820 120431
50 62.310000 60.320000 1000000 7.963849 7.955894 7.960974 7.956745 0.031718 0.032257 0.075032 0.067744 0.032257 0.031709 0.032257 120430 124675
50 62.310000 60.320000 1000000 7.958069 7.949443 7.955189 7.950293 0.031724 0.032257 0.075032 0.067744 0.032257 0.031715 0.032257 124670 136912
50 62.310000 60.320000 1000000 7.947614 7.941916 7.944722 7.942766 0.031734 0.032257 0.073097 0.065594 0.032257 0.031726 0.032257 131820 142959
50 62.310000 60.320000 1000000 7.918758 7.908583 7.915203 7.905132 0.031767 0.032257 0.077961 0.070974 0.032257 0.031761 0.032257 142950 147973
50 62.310000 60.320000 1000000 7.906769 7.896755 7.903198 7.893304 0.031781 0.032257 0.085866 0.079577 0.032257 0.031775 0.032257 147840 151168
50 62.310000 60.320000 1000000 7.892475 7.883852 7.890246 7.885419 0.031794 0.032257 0.083876 0.077425 0.032257 0.031785 0.032257 151160 151228
50 62.310000 60.320000 1000000 7.891208 7.882777 7.888977 7.884344 0.031796 0.032257 0.083876 0.077425 0.032257 0.031787 0.032257 151220 151665
50 62.310000 60.320000 1000000 7.890081 7.881701 7.887850 7.883269 0.031794 0.032257 0.084869 0.078500 0.032257 0.031785 0.032257 151660 151785
50 62.310000 60.320000 1000000 7.888309 7.880626 7.886076 7.882193 0.031797 0.032257 0.083876 0.077425 0.032257 0.031788 0.032257 151780 154359
50 62.310000 60.320000 1000000 7.845329 7.838691 7.843710 7.842767 0.031845 0.032257 0.087861 0.081725 0.032257 0.031835 0.032257 154350 161924
50 62.310000 60.320000 1000000 7.841835 7.835465 7.840213 7.839541 0.031840 0.032257 0.087861 0.081725 0.032257 0.031831 0.032257 161920 166156
50 62.310000 60.320000 1000000 7.840113 7.834390 7.838490 7.838466 0.031842 0.032257 0.086862 0.080650 0.032257 0.031832 0.032257 166150 167387
50 62.310000 60.320000 1000000 7.838996 7.833315 7.837373 7.837391 0.031840 0.032257 0.085864 0.079575 0.032257 0.031831 0.032257 167380 174991
50 62.310000 60.320000 1000000 7.831658 7.820411 7.830030 7.824487 0.031850 0.032257 0.082883 0.076348 0.032257 0.031840 0.032257 174990 195214
50 62.310000 60.320000 1000000 7.828440 7.818261 7.826810 7.822337 0.031855 0.032257 0.080907 0.074198 0.032257 0.031846 0.032257 178420 194683
50 62.310000 60.320000 1000000 7.823856 7.815035 7.822223 7.819111 0.031862 0.032257 0.079922 0.073123 0.032257 0.031853 0.032257 186750 206511
50 62.310000 60.320000 1000000 7.786860 7.789229 7.785204 7.793305 0.031879 0.032257 0.079922 0.073123 0.032257 0.031870 0.032257 206510 206867
50 62.310000 60.320000 1000000 7.782437 7.786003 7.780778 7.790079 0.031882 0.032257 0.077959 0.070972 0.032257 0.031873 0.032257 206860 210773
50 62.310000 60.320000 1000000 7.776529 7.781702 7.774866 7.785778 0.031885 0.032257 0.079921 0.073122 0.032257 0.031875 0.032257 210770 213765
50 62.310000 60.320000 1000000 7.774767 7.780626 7.773103 7.784703 0.031885 0.032257 0.080906 0.074198 0.032257 0.031876 0.032257 213760 235100
50 62.310000 60.320000 1000000 7.753455 7.764498 7.751777 7.768574 0.031901 0.032257 0.079921 0.073122 0.032257 0.031892 0.032257 235100 235570
50 62.310000 60.320000 1000000 7.748712 7.761272 7.747031 7.765348 0.031906 0.032257 0.078938 0.072047 0.032257 0.031896 0.032257 235570 236395
50 62.310000 60.320000 1000000 7.741187 7.755895 7.739501 7.759972 0.031910 0.032257 0.082882 0.076347 0.032257 0.031900 0.032257 236390 252089
50 62.310000 60.320000 1000000 7.725918 7.736541 7.724756 7.740975 0.031922 0.032257 0.080906 0.074197 0.032257 0.031911 0.032257 252080 255952
50 62.310000 60.320000 1000000 7.725338 7.735465 7.724176 7.739900 0.031921 0.032257 0.080906 0.074197 0.032257 0.031910 0.032257 255950 272076
50 62.310000 60.320000 1000000 7.711788 7.722562 7.710620 7.726997 0.031928 0.032257 0.083873 0.077422 0.032257 0.031918 0.032257 272070 275440
50 62.310000 60.320000 1000000 7.710856 7.721487 7.709687 7.725921 0.031927 0.032257 0.083873 0.077422 0.032257 0.031917 0.032257 275440 275858
50 62.310000 60.320000 1000000 7.710470 7.720412 7.709302 7.724846 0.031926 0.032257 0.084867 0.078497 0.032257 0.031916 0.032257 275850 304822
50 62.310000 60.320000 1000000 7.701737 7.710734 7.699712 7.713153 0.031929 0.032257 0.078937 0.072045 0.032257 0.031921 0.032257 280410 282639
50 62.310000 60.320000 1000000 7.700219 7.709659 7.698192 7.712077 0.031929 0.032257 0.079920 0.073120 0.032257 0.031920 0.032257 282630 304822
50 62.310000 60.320000 1000000 7.695360 7.703207 7.693488 7.706074 0.031935 0.032257 0.076979 0.069895 0.032257 0.031925 0.032257 304820 323683
50 62.310000 60.320000 1000000 7.688333 7.696756 7.686456 7.699622 0.031939 0.032257 0.073096 0.065594 0.032257 0.031930 0.032257 323680 348838
50 62.310000 60.320000 1000000 7.679529 7.691379 7.677646 7.694246 0.031945 0.032257 0.068313 0.060217 0.032257 0.031936 0.032257 348830 368485
50 62.310000 60.320000 1000000 7.672340 7.684928 7.670451 7.687794 0.031939 0.032257 0.069263 0.061293 0.032257 0.031929 0.032257 364770 384785
50 62.310000 60.320000 1000000 7.647569 7.663422 7.645662 7.666289 0.031966 0.032257 0.067367 0.059142 0.032257 0.031957 0.032257 383360 400831
50 62.310000 60.320000 1000000 7.634686 7.652670 7.632769 7.655536 0.031982 0.032257 0.065488 0.056992 0.032257 0.031972 0.032257 400830 400889
50 62.310000 60.320000 1000000 7.634485 7.651057 7.632461 7.653072 0.031982 0.032257 0.065956 0.057530 0.032257 0.031973 0.032257 400880 402416
50 62.310000 60.320000 1000000 7.633932 7.649981 7.631908 7.651997 0.031982 0.032257 0.065020 0.056454 0.032257 0.031972 0.032257 402410 407901
50 62.310000 60.320000 1000000 7.633831 7.648368 7.631754 7.649533 0.031981 0.032257 0.064554 0.055917 0.032257 0.031972 0.032257 407900 416844
50 62.310000 60.320000 1000000 7.632518 7.647293 7.630440 7.648457 0.031980 0.032257 0.065488 0.056992 0.032257 0.031971 0.032257 416840 421786
50 62.310000 60.320000 1000000 7.616011 7.637616 7.613919 7.638780 0.031990 0.032257 0.059053 0.049464 0.032257 0.031981 0.032257 421780 423561
50 62.310000 60.320000 1000000 7.615357 7.636540 7.613264 7.637705 0.031991 0.032257 0.059053 0.049464 0.032257 0.031982 0.032257 423560 438552
50 62.310000 60.320000 1000000 7.614029 7.635465 7.611935 7.636629 0.031992 0.032257 0.059053 0.049464 0.032257 0.031983 0.032257 438550 446329
50 62.310000 60.320000 1000000 7.610606 7.631164 7.608509 7.632328 0.031994 0.032257 0.062699 0.053765 0.032257 0.031985 0.032257 446320 451236
50 62.310000 60.320000 1000000 7.608912 7.630089 7.606814 7.631253 0.031994 0.032257 0.062699 0.053765 0.032257 0.031985 0.032257 451230 506580
50 62.310000 60.320000 1000000 7.590986 7.615035 7.588873 7.616199 0.032007 0.032257 0.059051 0.049462 0.032257 0.031998 0.032257 506580 506699
50 62.310000 60.320000 1000000 7.590035 7.613960 7.587922 7.615124 0.032006 0.032257 0.059052 0.049463 0.032257 0.031997 0.032257 506690 510073
50 62.310000 60.320000 1000000 7.588720 7.612885 7.586605 7.614049 0.032005 0.032257 0.058154 0.048388 0.032257 0.031996 0.032257 510070 517575
50 62.310000 60.320000 1000000 7.586870 7.611809 7.584753 7.612973 0.032006 0.032257 0.057263 0.047312 0.032257 0.031997 0.032257 517570 529862
50 62.310000 60.320000 1000000 7.586669 7.610196 7.584446 7.610509 0.032007 0.032257 0.057708 0.047850 0.032257 0.031997 0.032257 529860 543727
50 62.310000 60.320000 1000000 7.579712 7.604820 7.577484 7.605133 0.032007 0.032257 0.057708 0.047851 0.032257 0.031998 0.032257 543720 556936
50 62.310000 60.320000 1000000 7.579438 7.603745 7.577529 7.605312 0.032007 0.032257 0.057708 0.047851 0.032257 0.031998 0.032257 556930 573818
50 62.310000 60.320000 1000000 7.568894 7.595143 7.566977 7.596710 0.032004 0.032257 0.059504 0.050002 0.032257 0.031995 0.032257 573810 595313
50 62.310000 60.320000 1000000 7.561503 7.585465 7.558618 7.584613 0.032012 0.032257 0.056821 0.046777 0.032257 0.032004 0.032257 595310 619399
50 62.310000 60.320000 1000000 7.553039 7.577938 7.550145 7.577086 0.032019 0.032257 0.053336 0.042476 0.032257 0.032011 0.032257 619390 624540
50 62.310000 60.320000 1000000 7.551862 7.576863 7.548966 7.576011 0.032018 0.032257 0.052484 0.041401 0.032257 0.032010 0.032257 624540 626227
50 62.310000 60.320000 1000000 7.550562 7.575788 7.547665 7.574936 0.032019 0.032257 0.052484 0.041401 0.032257 0.032012 0.032257 626220 631056
50 62.310000 60.320000 1000000 7.549188 7.574713 7.546289 7.573861 0.032018 0.032257 0.052484 0.041401 0.032257 0.032010 0.032257 631050 634120
50 62.310000 60.320000 1000000 7.547660 7.573637 7.544759 7.572785 0.032020 0.032257 0.051640 0.040325 0.032257 0.032012 0.032257 634120 645156
50 62.310000 60.320000 1000000 7.545990 7.572562 7.543088 7.571710 0.032022 0.032257 0.051639 0.040325 0.032257 0.032014 0.032257 645150 647478
50 62.310000 60.320000 1000000 7.541534 7.569336 7.538627 7.568484 0.032019 0.032257 0.053335 0.042475 0.032257 0.032012 0.032257 647470 668456
50 62.310000 60.320000 1000000 7.533551 7.556433 7.532289 7.562301 0.032018 0.032257 0.057708 0.047850 0.032257 0.032007 0.032257 668450 736910
50 62.310000 60.320000 1000000 7.512307 7.540304 7.511035 7.546173 0.032033 0.032257 0.059503 0.050000 0.032257 0.032023 0.032257 736910 756524
50 62.310000 60.320000 1000000 7.507266 7.537078 7.505990 7.542947 0.032036 0.032257 0.058603 0.048926 0.032257 0.032025 0.032257 756520 776929
50 62.310000 60.320000 1000000 7.504961 7.533853 7.503684 7.539721 0.032034 0.032257 0.060410 0.051076 0.032257 0.032023 0.032257 776920 824775
50 62.310000 60.320000 1000000 7.495228 7.527401 7.493947 7.533269 0.032042 0.032257 0.058603 0.048926 0.032257 0.032031 0.032257 781540 793762
50 62.310000 60.320000 1000000 7.493585 7.526326 7.492303 7.532194 0.032042 0.032257 0.059504 0.050001 0.032257 0.032032 0.032257 793760 824775
50 62.310000 60.320000 1000000 7.492305 7.525250 7.491022 7.531119 0.032041 0.032257 0.059503 0.050001 0.032257 0.032031 0.032257 824770 850653
50 62.310000 60.320000 1000000 7.488233 7.518799 7.486646 7.523861 0.032045 0.032257 0.059503 0.050001 0.032257 0.032035 0.032257 850650 867645
50 62.310000 60.320000 1000000 7.480235 7.513422 7.478643 7.518484 0.032043 0.032257 0.056819 0.046775 0.032257 0.032033 0.032257 867640 879389
50 62.310000 60.320000 1000000 7.479559 7.512347 7.477967 7.517409 0.032044 0.032257 0.055938 0.045700 0.032257 0.032034 0.032257 879380 914810
50 62.310000 60.320000 1000000 7.476835 7.509121 7.475241 7.514183 0.032042 0.032257 0.055063 0.044624 0.032257 0.032031 0.032257 914810 932452
50 62.310000 60.320000 1000000 7.461810 7.497293 7.460206 7.502355 0.032049 0.032257 0.051639 0.040324 0.032257 0.032038 0.032257 932450 993355
50 62.310000 60.320000 1000000 7.459130 7.494068 7.457524 7.499130 0.032049 0.032257 0.050803 0.039248 0.032257 0.032038 0.032257 993350 1000000
