8 62.310000 60.320000 1000000 14.475190 14.045662 14.473335 14.057533 0.031835 0.032259 0.291575 0.289785 0.032259 0.031827 0.032259 0 50
8 62.310000 60.320000 1000000 12.880472 12.716096 12.875567 12.706283 0.031777 0.032259 0.303867 0.302150 0.032259 0.031768 0.032259 50 61
8 62.310000 60.320000 1000000 12.416341 12.363409 12.409210 12.348354 0.031812 0.032259 0.248339 0.246235 0.032259 0.031804 0.032259 60 70
8 62.310000 60.320000 1000000 12.261962 12.232764 12.257889 12.233166 0.031897 0.032259 0.188267 0.185482 0.032259 0.031888 0.032259 70 81
8 62.310000 60.320000 1000000 12.156946 12.135990 12.152198 12.133973 0.031911 0.032259 0.173457 0.170431 0.032259 0.031902 0.032259 80 92
8 62.310000 60.320000 1000000 12.042890 12.043518 12.039352 12.047772 0.031944 0.032259 0.158692 0.155378 0.032259 0.031935 0.032259 90 101
8 62.310000 60.320000 1000000 12.010999 12.019324 12.007343 12.022728 0.031949 0.032259 0.159216 0.155914 0.032259 0.031939 0.032259 100 110
8 62.310000 60.320000 1000000 11.973526 11.987066 11.969707 11.990067 0.031960 0.032259 0.153957 0.150540 0.032259 0.031951 0.032259 110 121
8 62.310000 60.320000 1000000 11.918470 11.954808 11.914598 11.957809 0.031982 0.032259 0.140319 0.136561 0.032259 0.031973 0.032259 120 130
8 62.310000 60.320000 1000000 11.866115 11.908572 11.862191 11.911573 0.032006 0.032259 0.143461 0.139787 0.032259 0.031997 0.032259 130 142
8 62.310000 60.320000 1000000 11.842634 11.892443 11.838687 11.895444 0.032008 0.032259 0.151855 0.148389 0.032259 0.031998 0.032259 140 155
8 62.310000 60.320000 1000000 11.795356 11.852658 11.791360 11.855659 0.032003 0.032259 0.148705 0.145164 0.032259 0.031994 0.032259 150 161
8 62.310000 60.320000 1000000 11.743623 11.815024 11.740396 11.821788 0.032016 0.032259 0.161323 0.158065 0.032259 0.032006 0.032259 160 179
8 62.310000 60.320000 1000000 11.655165 11.747283 11.651863 11.754047 0.032014 0.032259 0.155007 0.151613 0.032259 0.032005 0.032259 170 183
8 62.310000 60.320000 1000000 11.616745 11.721477 11.613410 11.728240 0.032021 0.032259 0.155009 0.151615 0.032259 0.032011 0.032259 180 191
8 62.310000 60.320000 1000000 11.579839 11.699971 11.576473 11.706735 0.032030 0.032259 0.142414 0.138712 0.032259 0.032021 0.032259 190 204
8 62.310000 60.320000 1000000 11.555037 11.681692 11.551370 11.687649 0.032033 0.032259 0.145559 0.141939 0.032259 0.032023 0.032259 200 215
8 62.310000 60.320000 1000000 11.520144 11.640832 11.517808 11.653062 0.032045 0.032259 0.163432 0.160217 0.032259 0.032034 0.032259 210 220
8 62.310000 60.320000 1000000 11.455506 11.594596 11.453357 11.608080 0.032053 0.032259 0.158167 0.154842 0.032259 0.032043 0.032259 220 231
8 62.310000 60.320000 1000000 11.447357 11.585994 11.444998 11.597776 0.032056 0.032259 0.156062 0.152692 0.032259 0.032045 0.032259 230 240
8 62.310000 60.320000 1000000 11.423714 11.562338 11.421340 11.574120 0.032058 0.032259 0.142415 0.138713 0.032259 0.032047 0.032259 240 253
8 62.310000 60.320000 1000000 11.394704 11.532231 11.391892 11.542803 0.032072 0.032259 0.140320 0.136562 0.032259 0.032062 0.032259 250 262
8 62.310000 60.320000 1000000 11.384632 11.523629 11.381813 11.534201 0.032073 0.032259 0.139274 0.135487 0.032259 0.032063 0.032259 260 275
8 62.310000 60.320000 1000000 11.339661 11.481693 11.336808 11.492265 0.032074 0.032259 0.151854 0.148388 0.032259 0.032064 0.032259 270 281
8 62.310000 60.320000 1000000 11.334730 11.478468 11.331873 11.489040 0.032076 0.032259 0.152905 0.149464 0.032259 0.032065 0.032259 280 300
8 62.310000 60.320000 1000000 11.319477 11.460188 11.316402 11.469058 0.032087 0.032259 0.147654 0.144087 0.032259 0.032077 0.032259 300 319
8 62.310000 60.320000 1000000 11.297484 11.435457 11.294392 11.444327 0.032090 0.032259 0.134048 0.130109 0.032259 0.032080 0.032259 310 330
8 62.310000 60.320000 1000000 11.271848 11.403199 11.268457 11.411262 0.032090 0.032259 0.133004 0.129033 0.032259 0.032080 0.032259 330 366
8 62.310000 60.320000 1000000 11.220432 11.341909 11.216396 11.344865 0.032079 0.032259 0.133005 0.129033 0.032259 0.032070 0.032259 360 378
8 62.310000 60.320000 1000000 11.206381 11.330081 11.202330 11.333037 0.032084 0.032259 0.126755 0.122582 0.032259 0.032075 0.032259 370 404
8 62.310000 60.320000 1000000 11.196408 11.317178 11.192175 11.318431 0.032085 0.032259 0.128836 0.124732 0.032259 0.032076 0.032259 400 413
8 62.310000 60.320000 1000000 11.185402 11.306425 11.181156 11.307678 0.032086 0.032259 0.124677 0.120431 0.032259 0.032077 0.032259 410 424
8 62.310000 60.320000 1000000 11.179255 11.302124 11.175002 11.303377 0.032087 0.032259 0.121564 0.117206 0.032259 0.032078 0.032259 420 447
8 62.310000 60.320000 1000000 11.157563 11.278468 11.153285 11.279721 0.032080 0.032259 0.125716 0.121507 0.032259 0.032071 0.032259 440 453
8 62.310000 60.320000 1000000 11.132659 11.263414 11.128352 11.264668 0.032087 0.032259 0.123638 0.119356 0.032259 0.032078 0.032259 450 470
8 62.310000 60.320000 1000000 11.092354 11.235457 11.088001 11.236711 0.032097 0.032259 0.130919 0.126882 0.032259 0.032089 0.032259 470 500
8 62.310000 60.320000 1000000 11.030079 11.184920 11.025651 11.186173 0.032106 0.032259 0.146604 0.143010 0.032259 0.032097 0.032259 500 512
8 62.310000 60.320000 1000000 11.008781 11.166641 11.004328 11.167894 0.032109 0.032259 0.141364 0.137634 0.032259 0.032101 0.032259 510 530
8 62.310000 60.320000 1000000 10.978794 11.148361 10.974304 11.149614 0.032118 0.032259 0.130918 0.126881 0.032259 0.032109 0.032259 530 542
8 62.310000 60.320000 1000000 10.931002 11.098899 10.926453 11.100152 0.032123 0.032259 0.127795 0.123656 0.032259 0.032115 0.032259 540 555
8 62.310000 60.320000 1000000 10.921580 11.088146 10.917019 11.089399 0.032122 0.032259 0.128835 0.124731 0.032259 0.032114 0.032259 550 577
8 62.310000 60.320000 1000000 10.908276 11.078469 10.903698 11.079722 0.032121 0.032259 0.133004 0.129032 0.032259 0.032112 0.032259 570 580
8 62.310000 60.320000 1000000 10.896064 11.064490 10.891471 11.065744 0.032116 0.032259 0.133004 0.129033 0.032259 0.032108 0.032259 580 591
8 62.310000 60.320000 1000000 10.887781 11.056963 10.883177 11.058217 0.032114 0.032259 0.133004 0.129032 0.032259 0.032105 0.032259 590 622
8 62.310000 60.320000 1000000 10.867302 11.029007 10.862672 11.030260 0.032120 0.032259 0.136137 0.132259 0.032259 0.032111 0.032259 620 640
8 62.310000 60.320000 1000000 10.860545 11.016103 10.857644 11.026138 0.032118 0.032259 0.147654 0.144087 0.032259 0.032109 0.032259 640 664
8 62.310000 60.320000 1000000 10.858855 11.015028 10.855953 11.025063 0.032118 0.032259 0.146605 0.143012 0.032259 0.032109 0.032259 660 673
8 62.310000 60.320000 1000000 10.837842 10.983845 10.834923 10.993880 0.032111 0.032259 0.141364 0.137634 0.032259 0.032102 0.032259 670 720
8 62.310000 60.320000 1000000 10.826612 10.973093 10.823683 10.983127 0.032106 0.032259 0.143459 0.139785 0.032259 0.032096 0.032259 690 711
8 62.310000 60.320000 1000000 10.807675 10.956426 10.804457 10.963907 0.032115 0.032259 0.135614 0.131721 0.032259 0.032106 0.032259 710 757
8 62.310000 60.320000 1000000 10.793949 10.943523 10.790719 10.951004 0.032117 0.032259 0.132483 0.128495 0.032259 0.032107 0.032259 750 795
8 62.310000 60.320000 1000000 10.787922 10.930620 10.787368 10.949391 0.032118 0.032259 0.138747 0.134945 0.032259 0.032106 0.032259 790 866
8 62.310000 60.320000 1000000 10.733289 10.874706 10.732726 10.893477 0.032099 0.032259 0.157636 0.154300 0.032259 0.032086 0.032259 860 908
8 62.310000 60.320000 1000000 10.714427 10.847824 10.712524 10.862966 0.032100 0.032259 0.148176 0.144622 0.032259 0.032090 0.032259 900 957
8 62.310000 60.320000 1000000 10.704903 10.839222 10.702995 10.854364 0.032099 0.032259 0.141887 0.138171 0.032259 0.032088 0.032259 950 966
8 62.310000 60.320000 1000000 10.701157 10.835996 10.699247 10.851138 0.032098 0.032259 0.140840 0.137096 0.032259 0.032087 0.032259 960 977
8 62.310000 60.320000 1000000 10.699810 10.833846 10.697900 10.848988 0.032100 0.032259 0.138748 0.134946 0.032259 0.032089 0.032259 970 994
8 62.310000 60.320000 1000000 10.686279 10.823093 10.684361 10.838235 0.032099 0.032259 0.135612 0.131719 0.032259 0.032089 0.032259 990 1049
8 62.310000 60.320000 1000000 10.676799 10.817717 10.674876 10.832859 0.032103 0.032259 0.132481 0.128494 0.032259 0.032092 0.032259 1040 1060
8 62.310000 60.320000 1000000 10.662354 10.794598 10.659648 10.802079 0.032105 0.032259 0.126754 0.122580 0.032259 0.032094 0.032259 1060 1092
8 62.310000 60.320000 1000000 10.644912 10.772018 10.642193 10.779499 0.032105 0.032259 0.125714 0.121505 0.032259 0.032095 0.032259 1090 1119
8 62.310000 60.320000 1000000 10.643781 10.770943 10.641060 10.778424 0.032105 0.032259 0.125714 0.121505 0.032259 0.032094 0.032259 1110 1145
8 62.310000 60.320000 1000000 10.631674 10.762341 10.628944 10.769822 0.032106 0.032259 0.120526 0.116129 0.032259 0.032096 0.032259 1140 1155
8 62.310000 60.320000 1000000 10.631318 10.761265 10.628454 10.768343 0.032106 0.032259 0.119490 0.115053 0.032259 0.032096 0.032259 1150 1162
8 62.310000 60.320000 1000000 10.629801 10.760190 10.626936 10.767268 0.032106 0.032259 0.120526 0.116129 0.032259 0.032095 0.032259 1160 1172
8 62.310000 60.320000 1000000 10.622616 10.754814 10.619745 10.761891 0.032106 0.032259 0.122600 0.118280 0.032259 0.032096 0.032259 1170 1183
8 62.310000 60.320000 1000000 10.620750 10.753739 10.617878 10.760816 0.032107 0.032259 0.122599 0.118279 0.032259 0.032097 0.032259 1180 1190
8 62.310000 60.320000 1000000 10.614599 10.747287 10.611721 10.754365 0.032107 0.032259 0.120526 0.116129 0.032259 0.032097 0.032259 1190 1201
8 62.310000 60.320000 1000000 10.612975 10.746212 10.610096 10.753289 0.032107 0.032259 0.119490 0.115053 0.032259 0.032097 0.032259 1200 1283
8 62.310000 60.320000 1000000 10.598026 10.731158 10.595135 10.738236 0.032107 0.032259 0.120528 0.116131 0.032259 0.032096 0.032259 1280 1364
8 62.310000 60.320000 1000000 10.587435 10.721481 10.584536 10.728558 0.032117 0.032259 0.117423 0.112905 0.032259 0.032106 0.032259 1360 1495
8 62.310000 60.320000 1000000 10.562723 10.696749 10.559519 10.703021 0.032125 0.032259 0.121563 0.117205 0.032259 0.032115 0.032259 1490 1627
8 62.310000 60.320000 1000000 10.556052 10.692448 10.552842 10.698720 0.032125 0.032259 0.120527 0.116130 0.032259 0.032115 0.032259 1620 1676
8 62.310000 60.320000 1000000 10.546115 10.679545 10.542896 10.685816 0.032124 0.032259 0.116389 0.111829 0.032259 0.032114 0.032259 1670 1688
8 62.310000 60.320000 1000000 10.545779 10.678470 10.542559 10.684741 0.032124 0.032259 0.117422 0.112904 0.032259 0.032114 0.032259 1680 1694
8 62.310000 60.320000 1000000 10.544472 10.677395 10.541251 10.683666 0.032124 0.032259 0.117422 0.112904 0.032259 0.032114 0.032259 1690 1714
8 62.310000 60.320000 1000000 10.541928 10.675244 10.538705 10.681515 0.032123 0.032259 0.116389 0.111829 0.032259 0.032113 0.032259 1710 1785
8 62.310000 60.320000 1000000 10.526408 10.659115 10.523171 10.665386 0.032121 0.032259 0.118456 0.113979 0.032259 0.032111 0.032259 1780 1812
8 62.310000 60.320000 1000000 10.521324 10.655889 10.518082 10.662160 0.032121 0.032259 0.115356 0.110754 0.032259 0.032111 0.032259 1810 1827
8 62.310000 60.320000 1000000 10.520802 10.654814 10.517560 10.661085 0.032122 0.032259 0.115356 0.110754 0.032259 0.032112 0.032259 1820 1975
8 62.310000 60.320000 1000000 10.518354 10.649438 10.514579 10.654096 0.032124 0.032259 0.110204 0.105377 0.032259 0.032115 0.032259 1970 2183
8 62.310000 60.320000 1000000 10.485033 10.602664 10.481107 10.606471 0.032129 0.032259 0.106612 0.101614 0.032259 0.032119 0.032259 2180 2214
8 62.310000 60.320000 1000000 10.479480 10.597287 10.475547 10.601094 0.032130 0.032259 0.103542 0.098388 0.032259 0.032121 0.032259 2210 2236
8 62.310000 60.320000 1000000 10.467634 10.587610 10.463688 10.591417 0.032129 0.032259 0.106611 0.101614 0.032259 0.032119 0.032259 2230 2248
8 62.310000 60.320000 1000000 10.466555 10.586535 10.462608 10.590342 0.032129 0.032259 0.105587 0.100539 0.032259 0.032119 0.032259 2240 2258
8 62.310000 60.320000 1000000 10.463697 10.583309 10.459747 10.587116 0.032127 0.032259 0.106611 0.101614 0.032259 0.032117 0.032259 2250 2537
8 62.310000 60.320000 1000000 10.450656 10.558578 10.445820 10.555575 0.032129 0.032259 0.100483 0.095165 0.032259 0.032121 0.032259 2530 2604
8 62.310000 60.320000 1000000 10.450024 10.557503 10.445187 10.554500 0.032129 0.032259 0.100483 0.095165 0.032259 0.032120 0.032259 2600 2735
8 62.310000 60.320000 1000000 10.428831 10.527395 10.428035 10.546973 0.032134 0.032259 0.117942 0.113444 0.032259 0.032124 0.032259 2730 2744
8 62.310000 60.320000 1000000 10.427333 10.526320 10.426537 10.545898 0.032133 0.032259 0.117942 0.113445 0.032259 0.032124 0.032259 2740 2797
8 62.310000 60.320000 1000000 10.426278 10.522556 10.425397 10.541283 0.032133 0.032259 0.119494 0.115058 0.032259 0.032124 0.032259 2790 2861
8 62.310000 60.320000 1000000 10.419442 10.512879 10.418559 10.531606 0.032132 0.032259 0.123641 0.119358 0.032259 0.032122 0.032259 2860 3017
8 62.310000 60.320000 1000000 10.407095 10.504277 10.406210 10.523004 0.032132 0.032259 0.124679 0.120433 0.032259 0.032123 0.032259 3010 3034
8 62.310000 60.320000 1000000 10.405146 10.503202 10.404260 10.521929 0.032133 0.032259 0.123640 0.119358 0.032259 0.032124 0.032259 3030 3045
8 62.310000 60.320000 1000000 10.404345 10.502126 10.403459 10.520853 0.032134 0.032259 0.124679 0.120433 0.032259 0.032124 0.032259 3040 3124
8 62.310000 60.320000 1000000 10.396245 10.489223 10.395357 10.507950 0.032127 0.032259 0.127798 0.123659 0.032259 0.032118 0.032259 3120 3243
8 62.310000 60.320000 1000000 10.382325 10.433847 10.377946 10.430038 0.032130 0.032259 0.099466 0.094090 0.032259 0.032122 0.032259 3220 3319
8 62.310000 60.320000 1000000 10.364471 10.414492 10.360068 10.410684 0.032138 0.032259 0.097435 0.091940 0.032259 0.032130 0.032259 3310 3342
8 62.310000 60.320000 1000000 10.363021 10.412342 10.358523 10.408130 0.032138 0.032259 0.096421 0.090864 0.032259 0.032130 0.032259 3340 3373
8 62.310000 60.320000 1000000 10.357673 10.409116 10.353168 10.404904 0.032140 0.032259 0.097434 0.091939 0.032259 0.032132 0.032259 3370 3403
8 62.310000 60.320000 1000000 10.353714 10.404815 10.349205 10.400603 0.032140 0.032259 0.097434 0.091939 0.032259 0.032131 0.032259 3400 3678
8 62.310000 60.320000 1000000 10.349182 10.400514 10.344667 10.396302 0.032137 0.032259 0.094396 0.088713 0.032259 0.032129 0.032259 3670 3690
8 62.310000 60.320000 1000000 10.348916 10.399439 10.344711 10.396481 0.032138 0.032259 0.093387 0.087638 0.032259 0.032129 0.032259 3690 3825
8 62.310000 60.320000 1000000 10.343531 10.395138 10.339320 10.392180 0.032136 0.032259 0.093386 0.087637 0.032259 0.032127 0.032259 3820 4431
8 62.310000 60.320000 1000000 10.281376 10.337073 10.277089 10.334116 0.032138 0.032259 0.098449 0.093014 0.032259 0.032130 0.032259 4430 4543
8 62.310000 60.320000 1000000 10.242829 10.280084 10.238493 10.277127 0.032139 0.032259 0.110720 0.105917 0.032259 0.032130 0.032259 4540 4625
8 62.310000 60.320000 1000000 10.240180 10.276858 10.235840 10.273901 0.032137 0.032259 0.108665 0.103766 0.032259 0.032129 0.032259 4620 4762
8 62.310000 60.320000 1000000 10.234166 10.272557 10.229818 10.269600 0.032137 0.032259 0.108665 0.103766 0.032259 0.032129 0.032259 4760 4977
8 62.310000 60.320000 1000000 10.212317 10.256428 10.207942 10.253471 0.032135 0.032259 0.115872 0.111291 0.032259 0.032127 0.032259 4970 5064
8 62.310000 60.320000 1000000 10.195746 10.234923 10.191350 10.231965 0.032122 0.032259 0.118972 0.114516 0.032259 0.032113 0.032259 5060 5170
8 62.310000 60.320000 1000000 10.183804 10.219869 10.179392 10.216912 0.032125 0.032259 0.113807 0.109139 0.032259 0.032116 0.032259 5170 5228
8 62.310000 60.320000 1000000 10.178723 10.212880 10.174195 10.209071 0.032121 0.032259 0.114323 0.109677 0.032259 0.032112 0.032259 5220 5609
8 62.310000 60.320000 1000000 10.172939 10.206429 10.168403 10.202620 0.032122 0.032259 0.113291 0.108601 0.032259 0.032114 0.032259 5600 5775
8 62.310000 60.320000 1000000 10.162108 10.192988 10.157449 10.188328 0.032114 0.032259 0.111747 0.106990 0.032259 0.032106 0.032259 5770 5862
8 62.310000 60.320000 1000000 10.159624 10.188687 10.154962 10.184027 0.032110 0.032259 0.113808 0.109140 0.032259 0.032102 0.032259 5860 5988
8 62.310000 60.320000 1000000 10.156186 10.182773 10.152055 10.179770 0.032111 0.032259 0.114323 0.109678 0.032259 0.032102 0.032259 5980 6124
8 62.310000 60.320000 1000000 10.140459 10.163418 10.136309 10.160416 0.032104 0.032259 0.111232 0.106452 0.032259 0.032095 0.032259 6120 6483
8 62.310000 60.320000 1000000 10.123236 10.142988 10.119065 10.139986 0.032097 0.032259 0.107123 0.102150 0.032259 0.032088 0.032259 6480 6524
8 62.310000 60.320000 1000000 10.122678 10.141913 10.118507 10.138910 0.032098 0.032259 0.107123 0.102150 0.032259 0.032089 0.032259 6520 6832
8 62.310000 60.320000 1000000 10.108665 10.132235 10.104476 10.129233 0.032098 0.032259 0.107124 0.102151 0.032259 0.032089 0.032259 6830 6873
8 62.310000 60.320000 1000000 10.104298 10.129009 10.100104 10.126007 0.032097 0.032259 0.108150 0.103226 0.032259 0.032088 0.032259 6870 7225
8 62.310000 60.320000 1000000 10.078463 10.085999 10.074236 10.082996 0.032099 0.032259 0.107124 0.102151 0.032259 0.032090 0.032259 7220 7252
8 62.310000 60.320000 1000000 10.072485 10.076321 10.068251 10.073319 0.032092 0.032259 0.112262 0.107528 0.032259 0.032083 0.032259 7250 7625
8 62.310000 60.320000 1000000 10.062709 10.062343 10.058302 10.058937 0.032085 0.032259 0.113293 0.108603 0.032259 0.032076 0.032259 7620 8516
8 62.310000 60.320000 1000000 10.033801 10.008580 10.029356 10.005174 0.032084 0.032259 0.121564 0.117205 0.032259 0.032075 0.032259 8510 8936
8 62.310000 60.320000 1000000 10.017952 9.993526 10.013485 9.990121 0.032075 0.032259 0.117423 0.112905 0.032259 0.032066 0.032259 8930 9332
8 62.310000 60.320000 1000000 10.005250 9.981698 10.000766 9.978293 0.032073 0.032259 0.121564 0.117206 0.032259 0.032064 0.032259 9330 9683
8 62.310000 60.320000 1000000 10.004563 9.980623 10.000079 9.977217 0.032072 0.032259 0.121564 0.117206 0.032259 0.032063 0.032259 9680 9992
8 62.310000 60.320000 1000000 10.004380 9.979548 10.000109 9.977396 0.032072 0.032259 0.120528 0.116131 0.032259 0.032063 0.032259 9990 10585
8 62.310000 60.320000 1000000 9.987953 9.966644 9.983662 9.964493 0.032072 0.032259 0.120527 0.116130 0.032259 0.032063 0.032259 10580 10614
8 62.310000 60.320000 1000000 9.986192 9.965569 9.981898 9.963418 0.032072 0.032259 0.119492 0.115055 0.032259 0.032063 0.032259 10610 10667
8 62.310000 60.320000 1000000 9.982813 9.960193 9.978515 9.958042 0.032070 0.032259 0.114324 0.109679 0.032259 0.032061 0.032259 10660 11135
8 62.310000 60.320000 1000000 9.979806 9.952128 9.975652 9.950829 0.032070 0.032259 0.111748 0.106990 0.032259 0.032062 0.032259 11130 11673
8 62.310000 60.320000 1000000 9.973189 9.943526 9.969027 9.942226 0.032062 0.032259 0.113808 0.109140 0.032259 0.032054 0.032259 11670 12274
8 62.310000 60.320000 1000000 9.951691 9.926322 9.947502 9.925022 0.032061 0.032259 0.114840 0.110216 0.032259 0.032052 0.032259 12270 12772
8 62.310000 60.320000 1000000 9.924180 9.903742 9.919957 9.902442 0.032076 0.032259 0.114840 0.110217 0.032259 0.032068 0.032259 12770 12818
8 62.310000 60.320000 1000000 9.922248 9.902666 9.918022 9.901367 0.032077 0.032259 0.114840 0.110217 0.032259 0.032069 0.032259 12810 12823
8 62.310000 60.320000 1000000 9.921211 9.901591 9.916984 9.900291 0.032077 0.032259 0.114840 0.110217 0.032259 0.032069 0.032259 12820 13078
8 62.310000 60.320000 1000000 9.920523 9.900516 9.916294 9.899216 0.032076 0.032259 0.114840 0.110217 0.032259 0.032068 0.032259 13070 13357
8 62.310000 60.320000 1000000 9.919751 9.899441 9.915522 9.898141 0.032076 0.032259 0.114840 0.110217 0.032259 0.032068 0.032259 13350 13757
8 62.310000 60.320000 1000000 9.915164 9.892989 9.910764 9.891286 0.032075 0.032259 0.110719 0.105915 0.032259 0.032067 0.032259 13750 14496
8 62.310000 60.320000 1000000 9.898210 9.872559 9.893787 9.870856 0.032072 0.032259 0.114841 0.110217 0.032259 0.032064 0.032259 14490 14502
8 62.310000 60.320000 1000000 9.897368 9.871484 9.892944 9.869781 0.032071 0.032259 0.113809 0.109142 0.032259 0.032063 0.032259 14500 15011
8 62.310000 60.320000 1000000 9.870444 9.856430 9.865983 9.854727 0.032084 0.032259 0.105588 0.100540 0.032259 0.032076 0.032259 15010 17317
8 62.310000 60.320000 1000000 9.849448 9.834925 9.844959 9.833221 0.032077 0.032259 0.100483 0.095164 0.032259 0.032069 0.032259 17310 17816
8 62.310000 60.320000 1000000 9.842732 9.820946 9.838579 9.820497 0.032085 0.032259 0.102522 0.097315 0.032259 0.032077 0.032259 17810 18348
8 62.310000 60.320000 1000000 9.821676 9.805892 9.817496 9.805444 0.032087 0.032259 0.101502 0.096239 0.032259 0.032078 0.032259 18340 18359
8 62.310000 60.320000 1000000 9.821249 9.804817 9.817068 9.804368 0.032087 0.032259 0.102522 0.097314 0.032259 0.032078 0.032259 18350 18427
8 62.310000 60.320000 1000000 9.820748 9.803742 9.816567 9.803293 0.032086 0.032259 0.101501 0.096239 0.032259 0.032077 0.032259 18420 19258
8 62.310000 60.320000 1000000 9.809488 9.794064 9.805292 9.793616 0.032086 0.032259 0.098449 0.093014 0.032259 0.032078 0.032259 19250 19591
8 62.310000 60.320000 1000000 9.802983 9.789763 9.798779 9.789315 0.032087 0.032259 0.096419 0.090862 0.032259 0.032078 0.032259 19590 20758
8 62.310000 60.320000 1000000 9.796403 9.785462 9.792190 9.785014 0.032087 0.032259 0.097433 0.091938 0.032259 0.032079 0.032259 20750 20847
8 62.310000 60.320000 1000000 9.794725 9.784387 9.790510 9.783938 0.032087 0.032259 0.097433 0.091938 0.032259 0.032079 0.032259 20840 21049
8 62.310000 60.320000 1000000 9.793825 9.783312 9.789609 9.782863 0.032087 0.032259 0.096419 0.090863 0.032259 0.032079 0.032259 21040 21618
8 62.310000 60.320000 1000000 9.789632 9.780086 9.785410 9.779637 0.032087 0.032259 0.098449 0.093013 0.032259 0.032078 0.032259 21610 21835
8 62.310000 60.320000 1000000 9.785294 9.776860 9.781067 9.776411 0.032087 0.032259 0.098449 0.093014 0.032259 0.032079 0.032259 21830 22301
8 62.310000 60.320000 1000000 9.783319 9.773634 9.779090 9.773186 0.032085 0.032259 0.097434 0.091939 0.032259 0.032077 0.032259 22300 22899
8 62.310000 60.320000 1000000 9.753441 9.719871 9.749172 9.719422 0.032083 0.032259 0.095407 0.089788 0.032259 0.032075 0.032259 22890 23341
8 62.310000 60.320000 1000000 9.747143 9.715570 9.742866 9.715121 0.032083 0.032259 0.092378 0.086562 0.032259 0.032074 0.032259 23340 23445
8 62.310000 60.320000 1000000 9.745640 9.714495 9.741361 9.714046 0.032083 0.032259 0.091371 0.085487 0.032259 0.032075 0.032259 23440 23881
8 62.310000 60.320000 1000000 9.742512 9.712344 9.738229 9.711896 0.032084 0.032259 0.091371 0.085487 0.032259 0.032075 0.032259 23880 25040
8 62.310000 60.320000 1000000 9.719838 9.687613 9.714074 9.683535 0.032083 0.032259 0.096418 0.090862 0.032259 0.032077 0.032259 24440 25796
8 62.310000 60.320000 1000000 9.712185 9.671484 9.709070 9.677442 0.032082 0.032259 0.098446 0.093011 0.032259 0.032072 0.032259 25790 26354
8 62.310000 60.320000 1000000 9.710891 9.670409 9.707775 9.676367 0.032082 0.032259 0.097431 0.091936 0.032259 0.032072 0.032259 26350 26827
8 62.310000 60.320000 1000000 9.705631 9.666108 9.702511 9.672066 0.032082 0.032259 0.095404 0.089785 0.032259 0.032072 0.032259 26820 27378
8 62.310000 60.320000 1000000 9.689761 9.652129 9.686186 9.656878 0.032085 0.032259 0.101499 0.096236 0.032259 0.032075 0.032259 27370 28161
8 62.310000 60.320000 1000000 9.680484 9.643527 9.676898 9.648275 0.032086 0.032259 0.100480 0.095161 0.032259 0.032076 0.032259 28160 29961
8 62.310000 60.320000 1000000 9.661587 9.627398 9.657980 9.632146 0.032080 0.032259 0.095405 0.089786 0.032259 0.032071 0.032259 29960 30021
8 62.310000 60.320000 1000000 9.659734 9.626323 9.656125 9.631071 0.032081 0.032259 0.095405 0.089786 0.032259 0.032071 0.032259 30020 30626
8 62.310000 60.320000 1000000 9.659294 9.625247 9.655685 9.629996 0.032081 0.032259 0.095405 0.089786 0.032259 0.032071 0.032259 30620 31467
8 62.310000 60.320000 1000000 9.657750 9.624172 9.654139 9.628920 0.032081 0.032259 0.094394 0.088710 0.032259 0.032072 0.032259 31460 33215
8 62.310000 60.320000 1000000 9.646729 9.615570 9.643105 9.620318 0.032083 0.032259 0.095405 0.089786 0.032259 0.032074 0.032259 33210 33815
8 62.310000 60.320000 1000000 9.626643 9.599441 9.622996 9.604189 0.032079 0.032259 0.093384 0.087636 0.032259 0.032069 0.032259 33810 33854
8 62.310000 60.320000 1000000 9.626293 9.598365 9.622646 9.603114 0.032079 0.032259 0.094394 0.088711 0.032259 0.032069 0.032259 33850 35594
8 62.310000 60.320000 1000000 9.623900 9.596215 9.620251 9.600963 0.032079 0.032259 0.095405 0.089786 0.032259 0.032070 0.032259 35590 35659
8 62.310000 60.320000 1000000 9.623284 9.595140 9.619634 9.599888 0.032079 0.032259 0.095405 0.089786 0.032259 0.032070 0.032259 35650 36585
8 62.310000 60.320000 1000000 9.607737 9.581161 9.604069 9.585909 0.032075 0.032259 0.100481 0.095162 0.032259 0.032066 0.032259 36580 37217
8 62.310000 60.320000 1000000 9.605284 9.577935 9.601613 9.582684 0.032073 0.032259 0.103540 0.098387 0.032259 0.032064 0.032259 37210 38282
8 62.310000 60.320000 1000000 9.603471 9.576860 9.599798 9.581608 0.032073 0.032259 0.103540 0.098387 0.032259 0.032064 0.032259 38280 38439
8 62.310000 60.320000 1000000 9.601770 9.575785 9.598095 9.580533 0.032074 0.032259 0.102519 0.097311 0.032259 0.032065 0.032259 38430 39333
8 62.310000 60.320000 1000000 9.583169 9.561806 9.579702 9.567809 0.032076 0.032259 0.102519 0.097311 0.032259 0.032067 0.032259 39330 39591
8 62.310000 60.320000 1000000 9.579002 9.558581 9.575531 9.564583 0.032077 0.032259 0.099462 0.094085 0.032259 0.032068 0.032259 39590 41808
8 62.310000 60.320000 1000000 9.572648 9.552129 9.569170 9.558132 0.032078 0.032259 0.098446 0.093010 0.032259 0.032068 0.032259 41800 44084
8 62.310000 60.320000 1000000 9.553999 9.530624 9.550729 9.537881 0.032073 0.032259 0.114839 0.110215 0.032259 0.032063 0.032259 44080 47402
8 62.310000 60.320000 1000000 9.547861 9.513419 9.543748 9.517451 0.032067 0.032259 0.108661 0.103763 0.032259 0.032058 0.032259 47400 47567
8 62.310000 60.320000 1000000 9.547013 9.512344 9.542899 9.516376 0.032066 0.032259 0.109689 0.104838 0.032259 0.032057 0.032259 47560 50143
8 62.310000 60.320000 1000000 9.529325 9.494065 9.525188 9.498096 0.032061 0.032259 0.117937 0.113439 0.032259 0.032052 0.032259 49190 50019
8 62.310000 60.320000 1000000 9.527593 9.492989 9.523454 9.497021 0.032061 0.032259 0.118971 0.114514 0.032259 0.032052 0.032259 50010 50143
8 62.310000 60.320000 1000000 9.525950 9.491914 9.521808 9.495946 0.032062 0.032259 0.117937 0.113439 0.032259 0.032052 0.032259 50140 50600
8 62.310000 60.320000 1000000 9.522533 9.487613 9.518387 9.491644 0.032058 0.032259 0.121043 0.116665 0.032259 0.032049 0.032259 50600 50754
8 62.310000 60.320000 1000000 9.522005 9.486538 9.517859 9.490569 0.032059 0.032259 0.121043 0.116665 0.032259 0.032050 0.032259 50750 51064
8 62.310000 60.320000 1000000 9.520230 9.485462 9.516081 9.489494 0.032059 0.032259 0.122079 0.117740 0.032259 0.032050 0.032259 51060 52832
8 62.310000 60.320000 1000000 9.514260 9.481161 9.510103 9.485193 0.032061 0.032259 0.121042 0.116664 0.032259 0.032052 0.032259 52830 54485
8 62.310000 60.320000 1000000 9.513172 9.480086 9.509014 9.484118 0.032062 0.032259 0.120006 0.115589 0.032259 0.032052 0.032259 54480 58055
8 62.310000 60.320000 1000000 9.491074 9.463957 9.486887 9.467989 0.032059 0.032259 0.120005 0.115588 0.032259 0.032050 0.032259 56360 66159
8 62.310000 60.320000 1000000 9.406928 9.330624 9.398482 9.319737 0.032076 0.032259 0.127272 0.123116 0.032259 0.032069 0.032259 66150 67401
8 62.310000 60.320000 1000000 9.404701 9.329549 9.396249 9.318661 0.032078 0.032259 0.126232 0.122041 0.032259 0.032071 0.032259 67400 69505
8 62.310000 60.320000 1000000 9.402513 9.328474 9.394055 9.317586 0.032080 0.032259 0.126232 0.122041 0.032259 0.032073 0.032259 69500 74676
8 62.310000 60.320000 1000000 9.346297 9.266109 9.335784 9.241601 0.032090 0.032259 0.145031 0.141398 0.032259 0.032086 0.032259 74670 79075
8 62.310000 60.320000 1000000 9.339830 9.256431 9.329294 9.231924 0.032080 0.032259 0.150277 0.146774 0.032259 0.032076 0.032259 75270 80298
8 62.310000 60.320000 1000000 9.327709 9.247829 9.317133 9.223322 0.032079 0.032259 0.151328 0.147849 0.032259 0.032075 0.032259 80290 86966
8 62.310000 60.320000 1000000 9.300775 9.218259 9.289727 9.191288 0.032076 0.032259 0.158164 0.154839 0.032259 0.032072 0.032259 86960 87384
8 62.310000 60.320000 1000000 9.300410 9.217184 9.289360 9.190212 0.032076 0.032259 0.158164 0.154839 0.032259 0.032072 0.032259 87380 93814
8 62.310000 60.320000 1000000 9.282652 9.199980 9.273886 9.181789 0.032083 0.032259 0.153956 0.150539 0.032259 0.032075 0.032259 93810 93894
8 62.310000 60.320000 1000000 9.282376 9.198905 9.273505 9.180311 0.032083 0.032259 0.153956 0.150539 0.032259 0.032075 0.032259 93890 101821
8 62.310000 60.320000 1000000 9.265974 9.181700 9.257055 9.163107 0.032075 0.032259 0.158165 0.154840 0.032259 0.032068 0.032259 101820 106490
8 62.310000 60.320000 1000000 9.251319 9.166647 9.242358 9.148053 0.032073 0.032259 0.153956 0.150539 0.032259 0.032066 0.032259 106490 108448
8 62.310000 60.320000 1000000 9.231484 9.155894 9.222466 9.137300 0.032083 0.032259 0.153956 0.150539 0.032259 0.032076 0.032259 108440 114619
8 62.310000 60.320000 1000000 9.174698 9.118260 9.165510 9.099666 0.032102 0.032259 0.136137 0.132260 0.032259 0.032096 0.032259 114610 121411
8 62.310000 60.320000 1000000 9.143900 9.036003 9.131535 8.982508 0.032110 0.032259 0.149230 0.145702 0.032259 0.032105 0.032259 121410 134834
8 62.310000 60.320000 1000000 9.125387 8.984390 9.120903 8.971935 0.032113 0.032259 0.111749 0.106992 0.032259 0.032103 0.032259 130940 132440
8 62.310000 60.320000 1000000 9.122880 8.981165 9.118393 8.968709 0.032112 0.032259 0.110720 0.105916 0.032259 0.032102 0.032259 132440 134834
8 62.310000 60.320000 1000000 9.122274 8.980089 9.117785 8.967634 0.032111 0.032259 0.110720 0.105917 0.032259 0.032101 0.032259 134830 154244
8 62.310000 60.320000 1000000 9.072049 8.934928 9.067975 8.926236 0.032113 0.032259 0.106614 0.101617 0.032259 0.032104 0.032259 154240 154609
8 62.310000 60.320000 1000000 9.070280 8.933853 9.066204 8.925161 0.032113 0.032259 0.107640 0.102692 0.032259 0.032104 0.032259 154600 160467
8 62.310000 60.320000 1000000 9.068706 8.932777 9.064628 8.924085 0.032114 0.032259 0.107640 0.102692 0.032259 0.032104 0.032259 160460 166598
8 62.310000 60.320000 1000000 9.067086 8.931702 9.063005 8.923010 0.032114 0.032259 0.106614 0.101617 0.032259 0.032105 0.032259 166590 168558
8 62.310000 60.320000 1000000 9.065765 8.930627 9.061682 8.921935 0.032115 0.032259 0.105590 0.100542 0.032259 0.032105 0.032259 168550 175749
8 62.310000 60.320000 1000000 9.050407 8.917724 9.046304 8.909032 0.032114 0.032259 0.095408 0.089789 0.032259 0.032105 0.032259 175740 176388
8 62.310000 60.320000 1000000 9.045916 8.914498 9.041806 8.905806 0.032116 0.032259 0.094397 0.088714 0.032259 0.032106 0.032259 176380 177637
8 62.310000 60.320000 1000000 9.042784 8.910197 9.038671 8.901505 0.032112 0.032259 0.091372 0.085488 0.032259 0.032103 0.032259 177630 181251
8 62.310000 60.320000 1000000 9.026797 8.891917 9.024637 8.893261 0.032115 0.032259 0.091369 0.085485 0.032259 0.032104 0.032259 181250 183125
8 62.310000 60.320000 1000000 9.025242 8.890842 9.023081 8.892186 0.032115 0.032259 0.091369 0.085485 0.032259 0.032105 0.032259 183120 188145
8 62.310000 60.320000 1000000 9.022640 8.887616 9.020477 8.888960 0.032113 0.032259 0.092378 0.086562 0.032259 0.032103 0.032259 188140 193040
8 62.310000 60.320000 1000000 9.012461 8.876326 9.010814 8.881836 0.032117 0.032259 0.082883 0.076347 0.032259 0.032107 0.032259 193040 196411
8 62.310000 60.320000 1000000 9.008912 8.872025 9.007151 8.877132 0.032115 0.032259 0.080907 0.074198 0.032259 0.032105 0.032259 196410 206466
8 62.310000 60.320000 1000000 9.007942 8.869874 9.006180 8.874982 0.032115 0.032259 0.081894 0.075273 0.032259 0.032105 0.032259 202910 214994
8 62.310000 60.320000 1000000 9.003568 8.862348 9.001805 8.867455 0.032112 0.032259 0.078939 0.072047 0.032259 0.032102 0.032259 214990 216623
8 62.310000 60.320000 1000000 8.996798 8.856971 8.995030 8.862078 0.032112 0.032259 0.079922 0.073123 0.032259 0.032103 0.032259 216620 226122
8 62.310000 60.320000 1000000 8.995546 8.853745 8.993777 8.858853 0.032110 0.032259 0.081894 0.075273 0.032259 0.032101 0.032259 226120 231302
8 62.310000 60.320000 1000000 8.990197 8.850520 8.988426 8.855627 0.032111 0.032259 0.078940 0.072047 0.032259 0.032102 0.032259 231300 242060
8 62.310000 60.320000 1000000 8.974370 8.836541 8.972589 8.841648 0.032111 0.032259 0.076007 0.068822 0.032259 0.032101 0.032259 242060 263277
8 62.310000 60.320000 1000000 8.939960 8.799982 8.938396 8.806792 0.032117 0.032259 0.083875 0.077424 0.032259 0.032108 0.032259 263270 291191
8 62.310000 60.320000 1000000 8.937644 8.797831 8.936079 8.804641 0.032115 0.032259 0.085864 0.079574 0.032259 0.032106 0.032259 275480 294971
8 62.310000 60.320000 1000000 8.923612 8.789229 8.922040 8.796039 0.032121 0.032259 0.082885 0.076349 0.032259 0.032111 0.032259 294970 307236
8 62.310000 60.320000 1000000 8.918839 8.786003 8.917264 8.792813 0.032121 0.032259 0.082885 0.076350 0.032259 0.032111 0.032259 307230 313829
8 62.310000 60.320000 1000000 8.899166 8.773100 8.897581 8.779910 0.032122 0.032259 0.086863 0.080650 0.032259 0.032112 0.032259 313820 329105
8 62.310000 60.320000 1000000 8.878698 8.758047 8.877102 8.764856 0.032125 0.032259 0.087861 0.081725 0.032259 0.032115 0.032259 329100 343556
8 62.310000 60.320000 1000000 8.877224 8.756971 8.875627 8.763781 0.032125 0.032259 0.086862 0.080650 0.032259 0.032115 0.032259 343550 375948
8 62.310000 60.320000 1000000 8.852318 8.734391 8.850707 8.741200 0.032119 0.032259 0.087862 0.081726 0.032259 0.032109 0.032259 375940 377055
8 62.310000 60.320000 1000000 8.848742 8.731165 8.847129 8.737974 0.032119 0.032259 0.087862 0.081726 0.032259 0.032109 0.032259 377050 385783
8 62.310000 60.320000 1000000 8.821203 8.708584 8.819575 8.715394 0.032125 0.032259 0.084869 0.078500 0.032259 0.032116 0.032259 385780 391125
8 62.310000 60.320000 1000000 8.820432 8.707509 8.818804 8.714318 0.032126 0.032259 0.084870 0.078500 0.032259 0.032116 0.032259 391120 414019
8 62.310000 60.320000 1000000 8.796622 8.689229 8.794980 8.696039 0.032119 0.032259 0.096929 0.091403 0.032259 0.032109 0.032259 414010 417762
8 62.310000 60.320000 1000000 8.795445 8.688154 8.793802 8.694964 0.032120 0.032259 0.095916 0.090328 0.032259 0.032110 0.032259 417760 437640
8 62.310000 60.320000 1000000 8.781364 8.677401 8.779714 8.684211 0.032123 0.032259 0.093893 0.088177 0.032259 0.032114 0.032259 437640 440588
8 62.310000 60.320000 1000000 8.779967 8.676326 8.778316 8.683136 0.032124 0.032259 0.094903 0.089253 0.032259 0.032114 0.032259 440580 445357
8 62.310000 60.320000 1000000 8.774853 8.672025 8.773199 8.678835 0.032125 0.032259 0.093893 0.088177 0.032259 0.032115 0.032259 445350 447440
8 62.310000 60.320000 1000000 8.772983 8.670950 8.771328 8.677759 0.032126 0.032259 0.093893 0.088177 0.032259 0.032116 0.032259 447440 454207
8 62.310000 60.320000 1000000 8.762362 8.664498 8.760701 8.671308 0.032129 0.032259 0.090870 0.084951 0.032259 0.032120 0.032259 454200 467061
8 62.310000 60.320000 1000000 8.738500 8.642992 8.737138 8.652311 0.032131 0.032259 0.089863 0.083873 0.032259 0.032121 0.032259 457590 520786
8 62.310000 60.320000 1000000 8.708169 8.619337 8.706793 8.628655 0.032126 0.032259 0.093889 0.088174 0.032259 0.032117 0.032259 520780 534015
8 62.310000 60.320000 1000000 8.699986 8.609659 8.698846 8.620232 0.032128 0.032259 0.095912 0.090324 0.032259 0.032119 0.032259 534010 543635
8 62.310000 60.320000 1000000 8.679415 8.593530 8.678267 8.604103 0.032127 0.032259 0.102009 0.096774 0.032259 0.032117 0.032259 543630 569245
8 62.310000 60.320000 1000000 8.670204 8.586003 8.669053 8.596576 0.032130 0.032259 0.099972 0.094624 0.032259 0.032120 0.032259 569240 569564
8 62.310000 60.320000 1000000 8.669869 8.584928 8.668718 8.595501 0.032129 0.032259 0.098954 0.093549 0.032259 0.032120 0.032259 569560 601027
8 62.310000 60.320000 1000000 8.654760 8.574175 8.653603 8.584748 0.032135 0.032259 0.097938 0.092473 0.032259 0.032125 0.032259 591780 624031
8 62.310000 60.320000 1000000 8.636113 8.560197 8.634792 8.569963 0.032136 0.032259 0.100990 0.095699 0.032259 0.032126 0.032259 624030 635389
8 62.310000 60.320000 1000000 8.629299 8.554820 8.628132 8.565841 0.032138 0.032259 0.103030 0.097850 0.032259 0.032128 0.032259 635380 663550
8 62.310000 60.320000 1000000 8.602559 8.533315 8.601381 8.544336 0.032137 0.032259 0.103030 0.097850 0.032259 0.032127 0.032259 663550 677447
8 62.310000 60.320000 1000000 8.601973 8.532240 8.600795 8.543261 0.032136 0.032259 0.103030 0.097850 0.032259 0.032127 0.032259 677440 699985
8 62.310000 60.320000 1000000 8.595883 8.524713 8.594702 8.535734 0.032138 0.032259 0.100990 0.095699 0.032259 0.032129 0.032259 699980 719993
8 62.310000 60.320000 1000000 8.592080 8.521487 8.590898 8.532508 0.032139 0.032259 0.098954 0.093549 0.032259 0.032129 0.032259 719990 726476
8 62.310000 60.320000 1000000 8.588455 8.516648 8.587215 8.526818 0.032136 0.032259 0.095404 0.089785 0.032259 0.032126 0.032259 726470 774479
8 62.310000 60.320000 1000000 8.578274 8.508046 8.577031 8.518216 0.032135 0.032259 0.093383 0.087635 0.032259 0.032125 0.032259 774470 817531
8 62.310000 60.320000 1000000 8.568268 8.498369 8.567020 8.508539 0.032134 0.032259 0.092376 0.086560 0.032259 0.032124 0.032259 817530 836070
8 62.310000 60.320000 1000000 8.560700 8.492993 8.559449 8.503162 0.032136 0.032259 0.094394 0.088710 0.032259 0.032126 0.032259 836070 881776
8 62.310000 60.320000 1000000 8.553003 8.487616 8.551749 8.497786 0.032138 0.032259 0.093383 0.087634 0.032259 0.032128 0.032259 881770 915623
8 62.310000 60.320000 1000000 8.548737 8.482777 8.547377 8.492096 0.032136 0.032259 0.095910 0.090322 0.032259 0.032126 0.032259 915620 949435
8 62.310000 60.320000 1000000 8.541090 8.477401 8.539727 8.486720 0.032138 0.032259 0.093888 0.088172 0.032259 0.032128 0.032259 949430 975050
8 62.310000 60.320000 1000000 8.526309 8.466649 8.524938 8.475967 0.032142 0.032259 0.088858 0.082796 0.032259 0.032133 0.032259 975050 1000000
