39 62.310000 60.320000 1000000 15.037301 14.673617 15.034951 14.670390 0.032138 0.032259 0.251008 0.248927 0.032259 0.032129 0.032259 0 50
39 62.310000 60.320000 1000000 13.991683 13.740286 13.989121 13.740598 0.032078 0.032259 0.357908 0.356451 0.032259 0.032069 0.032259 50 60
39 62.310000 60.320000 1000000 13.463493 13.327385 13.461598 13.335717 0.032135 0.032259 0.240347 0.238172 0.032259 0.032127 0.032259 60 70
39 62.310000 60.320000 1000000 13.303020 13.187601 13.300321 13.189212 0.032147 0.032259 0.232890 0.230645 0.032259 0.032138 0.032259 70 86
39 62.310000 60.320000 1000000 13.234267 13.115558 13.231526 13.117169 0.032144 0.032259 0.235019 0.232795 0.032259 0.032135 0.032259 80 91
39 62.310000 60.320000 1000000 13.093331 12.999429 13.091387 13.007313 0.032167 0.032259 0.200994 0.198388 0.032259 0.032158 0.032259 90 100
39 62.310000 60.320000 1000000 13.005435 12.925235 13.003451 12.933119 0.032169 0.032259 0.202055 0.199463 0.032259 0.032161 0.032259 100 114
39 62.310000 60.320000 1000000 12.954904 12.880074 12.952897 12.887958 0.032173 0.032259 0.190388 0.187635 0.032259 0.032164 0.032259 110 120
39 62.310000 60.320000 1000000 12.860728 12.784375 12.858026 12.789437 0.032166 0.032259 0.174508 0.171501 0.032259 0.032157 0.032259 120 133
39 62.310000 60.320000 1000000 12.818494 12.735988 12.815579 12.740243 0.032168 0.032259 0.168172 0.165050 0.032259 0.032159 0.032259 130 140
39 62.310000 60.320000 1000000 12.796354 12.716634 12.793424 12.720888 0.032169 0.032259 0.167117 0.163974 0.032259 0.032159 0.032259 140 150
39 62.310000 60.320000 1000000 12.766558 12.682763 12.763538 12.686166 0.032165 0.032259 0.178208 0.175264 0.032259 0.032156 0.032259 150 164
39 62.310000 60.320000 1000000 12.677680 12.610720 12.674596 12.614124 0.032180 0.032259 0.179266 0.176339 0.032259 0.032171 0.032259 160 171
39 62.310000 60.320000 1000000 12.636571 12.579538 12.633657 12.584196 0.032183 0.032259 0.167645 0.164513 0.032259 0.032174 0.032259 170 181
39 62.310000 60.320000 1000000 12.599076 12.549430 12.596136 12.554088 0.032199 0.032259 0.165537 0.162363 0.032259 0.032190 0.032259 180 194
39 62.310000 60.320000 1000000 12.557764 12.504807 12.554724 12.508614 0.032191 0.032259 0.157634 0.154298 0.032259 0.032182 0.032259 190 201
39 62.310000 60.320000 1000000 12.541055 12.491903 12.538003 12.495710 0.032190 0.032259 0.155530 0.152148 0.032259 0.032180 0.032259 200 213
39 62.310000 60.320000 1000000 12.505257 12.452119 12.502178 12.455926 0.032183 0.032259 0.154477 0.151071 0.032259 0.032173 0.032259 210 223
39 62.310000 60.320000 1000000 12.457121 12.409646 12.453935 12.412601 0.032176 0.032259 0.148701 0.145160 0.032259 0.032167 0.032259 220 231
39 62.310000 60.320000 1000000 12.450925 12.396742 12.447733 12.399698 0.032178 0.032259 0.145553 0.141934 0.032259 0.032169 0.032259 230 244
39 62.310000 60.320000 1000000 12.443576 12.391366 12.440379 12.394322 0.032184 0.032259 0.142410 0.138708 0.032259 0.032174 0.032259 240 259
39 62.310000 60.320000 1000000 12.431899 12.370936 12.428890 12.375146 0.032180 0.032259 0.153953 0.150536 0.032259 0.032171 0.032259 250 278
39 62.310000 60.320000 1000000 12.408466 12.346205 12.405440 12.350415 0.032168 0.032259 0.155005 0.151611 0.032259 0.032159 0.032259 270 280
39 62.310000 60.320000 1000000 12.400532 12.337603 12.397501 12.341813 0.032168 0.032259 0.148701 0.145160 0.032259 0.032159 0.032259 280 300
39 62.310000 60.320000 1000000 12.373671 12.298893 12.370225 12.301491 0.032159 0.032259 0.150799 0.147309 0.032259 0.032150 0.032259 300 310
39 62.310000 60.320000 1000000 12.327813 12.249431 12.323405 12.247996 0.032145 0.032259 0.139270 0.135482 0.032259 0.032136 0.032259 310 335
39 62.310000 60.320000 1000000 12.294440 12.212872 12.290421 12.213946 0.032142 0.032259 0.146603 0.143010 0.032259 0.032132 0.032259 330 358
39 62.310000 60.320000 1000000 12.254835 12.163411 12.250777 12.164485 0.032122 0.032259 0.143458 0.139784 0.032259 0.032112 0.032259 350 360
39 62.310000 60.320000 1000000 12.246602 12.153733 12.243331 12.159825 0.032121 0.032259 0.143458 0.139784 0.032259 0.032112 0.032259 360 378
39 62.310000 60.320000 1000000 12.245712 12.152658 12.242440 12.158750 0.032121 0.032259 0.142410 0.138708 0.032259 0.032111 0.032259 370 403
39 62.310000 60.320000 1000000 12.175316 12.083841 12.171987 12.089933 0.032107 0.032259 0.146601 0.143008 0.032259 0.032097 0.032259 400 428
39 62.310000 60.320000 1000000 12.171380 12.075777 12.167730 12.078912 0.032107 0.032259 0.143980 0.140320 0.032259 0.032097 0.032259 420 433
39 62.310000 60.320000 1000000 12.169656 12.072551 12.166005 12.075686 0.032106 0.032259 0.141885 0.138169 0.032259 0.032097 0.032259 430 476
39 62.310000 60.320000 1000000 12.155218 12.049970 12.151413 12.051403 0.032104 0.032259 0.143981 0.140321 0.032259 0.032095 0.032259 470 490
39 62.310000 60.320000 1000000 12.131031 12.027390 12.127204 12.028822 0.032109 0.032259 0.135611 0.131718 0.032259 0.032099 0.032259 490 517
39 62.310000 60.320000 1000000 12.128480 12.019863 12.125783 12.028822 0.032109 0.032259 0.137700 0.133868 0.032259 0.032100 0.032259 510 530
39 62.310000 60.320000 1000000 12.110486 12.000508 12.107777 12.009467 0.032112 0.032259 0.136655 0.132793 0.032259 0.032103 0.032259 530 543
39 62.310000 60.320000 1000000 12.073445 11.960724 12.070891 11.970937 0.032090 0.032259 0.147128 0.143548 0.032259 0.032080 0.032259 540 555
39 62.310000 60.320000 1000000 12.066976 11.956423 12.064418 11.966636 0.032092 0.032259 0.147128 0.143548 0.032259 0.032083 0.032259 550 567
39 62.310000 60.320000 1000000 12.055098 11.942444 12.052533 11.952658 0.032091 0.032259 0.149227 0.145698 0.032259 0.032082 0.032259 560 588
39 62.310000 60.320000 1000000 12.025273 11.913412 12.022688 11.923626 0.032098 0.032259 0.158689 0.155375 0.032259 0.032089 0.032259 580 595
39 62.310000 60.320000 1000000 12.010358 11.902659 12.007764 11.912873 0.032101 0.032259 0.158689 0.155376 0.032259 0.032092 0.032259 590 619
39 62.310000 60.320000 1000000 11.998344 11.890831 11.995653 11.901090 0.032102 0.032259 0.152378 0.148924 0.032259 0.032093 0.032259 610 626
39 62.310000 60.320000 1000000 11.987144 11.877928 11.984445 11.888187 0.032090 0.032259 0.157636 0.154300 0.032259 0.032081 0.032259 620 640
39 62.310000 60.320000 1000000 11.977308 11.863950 11.974602 11.874208 0.032089 0.032259 0.155531 0.152149 0.032259 0.032080 0.032259 640 657
39 62.310000 60.320000 1000000 11.962271 11.827391 11.958607 11.825732 0.032079 0.032259 0.136656 0.132794 0.032259 0.032070 0.032259 650 665
39 62.310000 60.320000 1000000 11.959834 11.823090 11.956833 11.825194 0.032079 0.032259 0.137702 0.133870 0.032259 0.032070 0.032259 660 671
39 62.310000 60.320000 1000000 11.942532 11.801584 11.939518 11.803689 0.032080 0.032259 0.136657 0.132796 0.032259 0.032071 0.032259 670 698
39 62.310000 60.320000 1000000 11.917757 11.783305 11.914724 11.785409 0.032082 0.032259 0.132482 0.128495 0.032259 0.032072 0.032259 690 708
39 62.310000 60.320000 1000000 11.910196 11.773628 11.907157 11.775732 0.032074 0.032259 0.134568 0.130645 0.032259 0.032065 0.032259 700 713
39 62.310000 60.320000 1000000 11.908944 11.771477 11.905904 11.773582 0.032074 0.032259 0.133525 0.129569 0.032259 0.032064 0.032259 710 749
39 62.310000 60.320000 1000000 11.875497 11.745671 11.872343 11.747372 0.032080 0.032259 0.147129 0.143549 0.032259 0.032070 0.032259 740 773
39 62.310000 60.320000 1000000 11.851473 11.728466 11.848299 11.730168 0.032083 0.032259 0.142936 0.139248 0.032259 0.032074 0.032259 770 837
39 62.310000 60.320000 1000000 11.833516 11.713413 11.830328 11.715114 0.032078 0.032259 0.146080 0.142474 0.032259 0.032068 0.032259 830 845
39 62.310000 60.320000 1000000 11.833074 11.712337 11.829885 11.714039 0.032078 0.032259 0.147129 0.143549 0.032259 0.032068 0.032259 840 888
39 62.310000 60.320000 1000000 11.802257 11.681693 11.798650 11.679138 0.032081 0.032259 0.144509 0.140862 0.032259 0.032072 0.032259 870 923
39 62.310000 60.320000 1000000 11.784565 11.667714 11.780942 11.665159 0.032081 0.032259 0.145557 0.141938 0.032259 0.032072 0.032259 920 994
39 62.310000 60.320000 1000000 11.758361 11.647284 11.754714 11.644729 0.032084 0.032259 0.137183 0.133336 0.032259 0.032075 0.032259 990 1041
39 62.310000 60.320000 1000000 11.705268 11.603198 11.701571 11.600643 0.032087 0.032259 0.125716 0.121507 0.032259 0.032078 0.032259 1040 1143
39 62.310000 60.320000 1000000 11.663495 11.547285 11.659218 11.542714 0.032081 0.032259 0.148703 0.145162 0.032259 0.032072 0.032259 1140 1180
39 62.310000 60.320000 1000000 11.656905 11.539758 11.652620 11.535187 0.032082 0.032259 0.148704 0.145163 0.032259 0.032073 0.032259 1180 1266
39 62.310000 60.320000 1000000 11.592212 11.485994 11.587855 11.481423 0.032088 0.032259 0.162377 0.159141 0.032259 0.032078 0.032259 1260 1273
39 62.310000 60.320000 1000000 11.591110 11.482768 11.587143 11.480706 0.032087 0.032259 0.162377 0.159140 0.032259 0.032077 0.032259 1270 1408
39 62.310000 60.320000 1000000 11.573809 11.464489 11.569824 11.462427 0.032086 0.032259 0.155007 0.151614 0.032259 0.032077 0.032259 1310 1423
39 62.310000 60.320000 1000000 11.567335 11.451586 11.563343 11.449524 0.032086 0.032259 0.153956 0.150538 0.032259 0.032077 0.032259 1420 1496
39 62.310000 60.320000 1000000 11.559329 11.446209 11.555329 11.444147 0.032087 0.032259 0.149753 0.146237 0.032259 0.032078 0.032259 1490 1598
39 62.310000 60.320000 1000000 11.555320 11.440833 11.551316 11.438771 0.032086 0.032259 0.149753 0.146237 0.032259 0.032077 0.032259 1500 1623
39 62.310000 60.320000 1000000 11.532997 11.423629 11.528970 11.421567 0.032082 0.032259 0.144508 0.140861 0.032259 0.032073 0.032259 1620 1710
39 62.310000 60.320000 1000000 11.507106 11.392984 11.502985 11.390071 0.032067 0.032259 0.158690 0.155377 0.032259 0.032058 0.032259 1710 1739
39 62.310000 60.320000 1000000 11.481332 11.359650 11.477183 11.356737 0.032055 0.032259 0.169232 0.166129 0.032259 0.032045 0.032259 1730 1816
39 62.310000 60.320000 1000000 11.447652 11.339220 11.443467 11.336307 0.032064 0.032259 0.166067 0.162904 0.032259 0.032055 0.032259 1810 1832
39 62.310000 60.320000 1000000 11.446977 11.338145 11.442791 11.335232 0.032063 0.032259 0.166067 0.162904 0.032259 0.032054 0.032259 1830 1843
39 62.310000 60.320000 1000000 11.444894 11.337070 11.440706 11.334157 0.032065 0.032259 0.166066 0.162903 0.032259 0.032055 0.032259 1840 1860
39 62.310000 60.320000 1000000 11.443821 11.335995 11.439631 11.333081 0.032065 0.032259 0.166066 0.162903 0.032259 0.032056 0.032259 1860 1907
39 62.310000 60.320000 1000000 11.439041 11.332769 11.434846 11.329856 0.032067 0.032259 0.162903 0.159677 0.032259 0.032058 0.032259 1900 1930
39 62.310000 60.320000 1000000 11.434644 11.326317 11.430444 11.323404 0.032061 0.032259 0.158690 0.155377 0.032259 0.032052 0.032259 1930 2013
39 62.310000 60.320000 1000000 11.396734 11.291909 11.392492 11.288996 0.032036 0.032259 0.163956 0.160751 0.032259 0.032027 0.032259 2010 2190
39 62.310000 60.320000 1000000 11.348795 11.245672 11.344500 11.242759 0.032017 0.032259 0.179798 0.176881 0.032259 0.032008 0.032259 2190 2286
39 62.310000 60.320000 1000000 11.336041 11.233845 11.331731 11.230931 0.032008 0.032259 0.178741 0.175806 0.032259 0.031999 0.032259 2280 2328
39 62.310000 60.320000 1000000 11.318976 11.211264 11.314646 11.208351 0.032006 0.032259 0.174513 0.171506 0.032259 0.031997 0.032259 2320 2331
39 62.310000 60.320000 1000000 11.318339 11.210189 11.314008 11.207276 0.032006 0.032259 0.174513 0.171506 0.032259 0.031997 0.032259 2330 2575
39 62.310000 60.320000 1000000 11.246595 11.148899 11.242181 11.145986 0.031993 0.032259 0.147128 0.143548 0.032259 0.031984 0.032259 2570 2745
39 62.310000 60.320000 1000000 11.220007 11.128469 11.215562 11.125556 0.031995 0.032259 0.136656 0.132794 0.032259 0.031986 0.032259 2740 3122
39 62.310000 60.320000 1000000 11.155691 11.077931 11.151168 11.075018 0.031994 0.032259 0.147127 0.143547 0.032259 0.031985 0.032259 3120 3257
39 62.310000 60.320000 1000000 11.144619 11.055351 11.140082 11.052438 0.031987 0.032259 0.145030 0.141396 0.032259 0.031978 0.032259 3250 3402
39 62.310000 60.320000 1000000 11.138584 11.043523 11.134041 11.040610 0.031984 0.032259 0.152377 0.148923 0.032259 0.031975 0.032259 3400 3447
39 62.310000 60.320000 1000000 11.134499 11.032770 11.131381 11.036981 0.031981 0.032259 0.149225 0.145697 0.032259 0.031971 0.032259 3440 3518
39 62.310000 60.320000 1000000 11.132319 11.031695 11.129199 11.035905 0.031982 0.032259 0.149225 0.145696 0.032259 0.031973 0.032259 3510 3548
39 62.310000 60.320000 1000000 11.132135 11.030620 11.129230 11.036085 0.031982 0.032259 0.149225 0.145696 0.032259 0.031973 0.032259 3540 4117
39 62.310000 60.320000 1000000 11.045945 10.956426 11.042972 10.961891 0.031976 0.032259 0.165010 0.161826 0.032259 0.031967 0.032259 4110 4123
39 62.310000 60.320000 1000000 11.044457 10.955351 11.041482 10.960816 0.031976 0.032259 0.163956 0.160751 0.032259 0.031967 0.032259 4120 4170
39 62.310000 60.320000 1000000 11.020450 10.930620 11.017456 10.936085 0.031988 0.032259 0.163956 0.160751 0.032259 0.031978 0.032259 4170 4240
39 62.310000 60.320000 1000000 11.015443 10.926319 11.012445 10.931784 0.031989 0.032259 0.160795 0.157526 0.032259 0.031980 0.032259 4240 4314
39 62.310000 60.320000 1000000 10.999497 10.914491 10.996486 10.919956 0.031991 0.032259 0.161849 0.158601 0.032259 0.031981 0.032259 4310 4391
39 62.310000 60.320000 1000000 10.989741 10.902663 10.986722 10.908128 0.031978 0.032259 0.155532 0.152150 0.032259 0.031969 0.032259 4390 4423
39 62.310000 60.320000 1000000 10.987087 10.898362 10.984065 10.903827 0.031978 0.032259 0.158690 0.155376 0.032259 0.031968 0.032259 4420 4556
39 62.310000 60.320000 1000000 10.977258 10.891910 10.974228 10.897375 0.031978 0.032259 0.156584 0.153225 0.032259 0.031968 0.032259 4550 4596
39 62.310000 60.320000 1000000 10.975117 10.888684 10.971975 10.893746 0.031975 0.032259 0.156584 0.153225 0.032259 0.031965 0.032259 4590 4661
39 62.310000 60.320000 1000000 10.974940 10.887071 10.971706 10.891282 0.031975 0.032259 0.156058 0.152688 0.032259 0.031966 0.032259 4660 4790
39 62.310000 60.320000 1000000 10.959615 10.867717 10.956367 10.871927 0.031973 0.032259 0.138225 0.134408 0.032259 0.031963 0.032259 4790 4847
39 62.310000 60.320000 1000000 10.954865 10.864491 10.951612 10.868701 0.031974 0.032259 0.137181 0.133334 0.032259 0.031964 0.032259 4840 4922
39 62.310000 60.320000 1000000 10.946222 10.852663 10.942962 10.856873 0.031961 0.032259 0.142413 0.138711 0.032259 0.031952 0.032259 4920 5021
39 62.310000 60.320000 1000000 10.945211 10.851588 10.941950 10.855798 0.031961 0.032259 0.141366 0.137636 0.032259 0.031952 0.032259 5020 5051
39 62.310000 60.320000 1000000 10.944731 10.850512 10.941469 10.854723 0.031961 0.032259 0.141366 0.137636 0.032259 0.031952 0.032259 5050 5366
39 62.310000 60.320000 1000000 10.924305 10.818254 10.919158 10.815610 0.031957 0.032259 0.141366 0.137636 0.032259 0.031948 0.032259 5360 5489
39 62.310000 60.320000 1000000 10.919109 10.815028 10.913954 10.812384 0.031958 0.032259 0.139272 0.135485 0.032259 0.031949 0.032259 5480 5658
39 62.310000 60.320000 1000000 10.914673 10.808577 10.909512 10.805932 0.031954 0.032259 0.144508 0.140861 0.032259 0.031944 0.032259 5650 5888
39 62.310000 60.320000 1000000 10.909297 10.803200 10.903910 10.799750 0.031953 0.032259 0.144508 0.140862 0.032259 0.031944 0.032259 5880 5993
39 62.310000 60.320000 1000000 10.863167 10.773631 10.857616 10.769329 0.031972 0.032259 0.141889 0.138173 0.032259 0.031963 0.032259 5990 6439
39 62.310000 60.320000 1000000 10.830513 10.737072 10.824629 10.731560 0.031946 0.032259 0.143984 0.140323 0.032259 0.031937 0.032259 6430 6637
39 62.310000 60.320000 1000000 10.825380 10.729545 10.819488 10.724033 0.031944 0.032259 0.138749 0.134947 0.032259 0.031935 0.032259 6630 6681
39 62.310000 60.320000 1000000 10.818673 10.725244 10.812770 10.719732 0.031945 0.032259 0.140842 0.137098 0.032259 0.031936 0.032259 6680 7426
39 62.310000 60.320000 1000000 10.772514 10.689223 10.766253 10.681157 0.031949 0.032259 0.136138 0.132261 0.032259 0.031940 0.032259 7420 7570
39 62.310000 60.320000 1000000 10.764454 10.683846 10.758179 10.675781 0.031949 0.032259 0.133005 0.129034 0.032259 0.031940 0.032259 7570 7644
39 62.310000 60.320000 1000000 10.762019 10.681696 10.755740 10.673630 0.031950 0.032259 0.133005 0.129034 0.032259 0.031941 0.032259 7580 7773
39 62.310000 60.320000 1000000 10.747713 10.663416 10.741408 10.655351 0.031943 0.032259 0.137183 0.133336 0.032259 0.031935 0.032259 7770 7826
39 62.310000 60.320000 1000000 10.746967 10.662341 10.740661 10.654275 0.031943 0.032259 0.138228 0.134412 0.032259 0.031934 0.032259 7820 8360
39 62.310000 60.320000 1000000 10.722198 10.631158 10.715848 10.623093 0.031945 0.032259 0.141367 0.137637 0.032259 0.031936 0.032259 8360 8382
39 62.310000 60.320000 1000000 10.721872 10.630083 10.715522 10.622018 0.031945 0.032259 0.142414 0.138713 0.032259 0.031936 0.032259 8380 8594
39 62.310000 60.320000 1000000 10.719079 10.626857 10.712724 10.618792 0.031944 0.032259 0.143462 0.139788 0.032259 0.031935 0.032259 8590 8700
39 62.310000 60.320000 1000000 10.718225 10.625782 10.711868 10.617717 0.031942 0.032259 0.143461 0.139787 0.032259 0.031934 0.032259 8700 8810
39 62.310000 60.320000 1000000 10.710080 10.589761 10.702195 10.565522 0.031940 0.032259 0.155534 0.152152 0.032259 0.031932 0.032259 8810 9095
39 62.310000 60.320000 1000000 10.693501 10.561804 10.685580 10.537565 0.031924 0.032259 0.149229 0.145701 0.032259 0.031916 0.032259 9090 9720
39 62.310000 60.320000 1000000 10.672522 10.531697 10.664554 10.507458 0.031915 0.032259 0.139796 0.136024 0.032259 0.031907 0.032259 9530 9749
39 62.310000 60.320000 1000000 10.666892 10.526321 10.658816 10.501678 0.031915 0.032259 0.136660 0.132798 0.032259 0.031907 0.032259 9740 10080
39 62.310000 60.320000 1000000 10.663060 10.522020 10.654975 10.497377 0.031915 0.032259 0.135615 0.131722 0.032259 0.031907 0.032259 9780 9980
39 62.310000 60.320000 1000000 10.662144 10.520944 10.654057 10.496302 0.031915 0.032259 0.136659 0.132797 0.032259 0.031907 0.032259 9980 10080
39 62.310000 60.320000 1000000 10.652567 10.510191 10.644343 10.485146 0.031909 0.032259 0.140842 0.137098 0.032259 0.031901 0.032259 10080 10303
39 62.310000 60.320000 1000000 10.638630 10.495138 10.630374 10.470092 0.031906 0.032259 0.137703 0.133871 0.032259 0.031898 0.032259 10300 10813
39 62.310000 60.320000 1000000 10.599892 10.447826 10.596341 10.447870 0.031915 0.032259 0.118974 0.114517 0.032259 0.031906 0.032259 10810 11125
39 62.310000 60.320000 1000000 10.590876 10.440299 10.587315 10.440343 0.031910 0.032259 0.117939 0.113442 0.032259 0.031901 0.032259 11120 13110
39 62.310000 60.320000 1000000 10.425586 10.337073 10.421853 10.337117 0.031967 0.032259 0.118973 0.114516 0.032259 0.031958 0.032259 13110 13920
39 62.310000 60.320000 1000000 10.412828 10.315568 10.407772 10.310773 0.031967 0.032259 0.125195 0.120967 0.032259 0.031958 0.032259 13920 15157
39 62.310000 60.320000 1000000 10.408641 10.312342 10.403579 10.307547 0.031966 0.032259 0.124156 0.119892 0.032259 0.031957 0.032259 14120 16912
39 62.310000 60.320000 1000000 10.396661 10.294063 10.391581 10.289268 0.031948 0.032259 0.122082 0.117743 0.032259 0.031939 0.032259 14410 15338
39 62.310000 60.320000 1000000 10.373565 10.274708 10.368451 10.269913 0.031940 0.032259 0.131439 0.127419 0.032259 0.031931 0.032259 15330 16912
39 62.310000 60.320000 1000000 10.338714 10.220945 10.334328 10.219913 0.031922 0.032259 0.153430 0.150001 0.032259 0.031913 0.032259 16910 17054
39 62.310000 60.320000 1000000 10.328758 10.214493 10.324358 10.213462 0.031925 0.032259 0.154481 0.151076 0.032259 0.031916 0.032259 17050 17396
39 62.310000 60.320000 1000000 10.328058 10.213418 10.323658 10.212386 0.031925 0.032259 0.155533 0.152151 0.032259 0.031916 0.032259 17390 17743
39 62.310000 60.320000 1000000 10.308954 10.197289 10.304529 10.196257 0.031919 0.032259 0.158690 0.155377 0.032259 0.031910 0.032259 17740 17955
39 62.310000 60.320000 1000000 10.308782 10.195676 10.304267 10.193793 0.031919 0.032259 0.158164 0.154839 0.032259 0.031910 0.032259 17950 18135
39 62.310000 60.320000 1000000 10.305399 10.190299 10.300880 10.188417 0.031916 0.032259 0.160270 0.156990 0.032259 0.031907 0.032259 18130 18289
39 62.310000 60.320000 1000000 10.298271 10.184923 10.293742 10.183040 0.031916 0.032259 0.164485 0.161291 0.032259 0.031907 0.032259 18280 18779
39 62.310000 60.320000 1000000 10.294616 10.178472 10.290082 10.176589 0.031913 0.032259 0.167649 0.164516 0.032259 0.031904 0.032259 18770 19997
39 62.310000 60.320000 1000000 10.259382 10.153741 10.254801 10.151858 0.031918 0.032259 0.163430 0.160215 0.032259 0.031909 0.032259 19990 20222
39 62.310000 60.320000 1000000 10.259017 10.152665 10.254436 10.150783 0.031918 0.032259 0.163430 0.160215 0.032259 0.031909 0.032259 20220 21531
39 62.310000 60.320000 1000000 10.242951 10.134386 10.238348 10.132503 0.031913 0.032259 0.168704 0.165591 0.032259 0.031904 0.032259 21530 21706
39 62.310000 60.320000 1000000 10.242474 10.133310 10.237870 10.131428 0.031913 0.032259 0.168704 0.165591 0.032259 0.031904 0.032259 21700 22998
39 62.310000 60.320000 1000000 10.207287 10.095676 10.202636 10.093794 0.031904 0.032259 0.141364 0.137635 0.032259 0.031895 0.032259 22990 23134
39 62.310000 60.320000 1000000 10.205445 10.094601 10.200791 10.092718 0.031904 0.032259 0.140318 0.136559 0.032259 0.031895 0.032259 23130 23797
39 62.310000 60.320000 1000000 10.182332 10.070945 10.177646 10.069063 0.031893 0.032259 0.139272 0.135484 0.032259 0.031884 0.032259 23790 24000
39 62.310000 60.320000 1000000 10.182140 10.069870 10.177678 10.069242 0.031893 0.032259 0.140318 0.136559 0.032259 0.031884 0.032259 24000 24464
39 62.310000 60.320000 1000000 10.179526 10.066644 10.175060 10.066016 0.031889 0.032259 0.139272 0.135484 0.032259 0.031879 0.032259 24460 25558
39 62.310000 60.320000 1000000 10.176680 10.064494 10.172210 10.063866 0.031888 0.032259 0.137181 0.133334 0.032259 0.031878 0.032259 24580 25385
39 62.310000 60.320000 1000000 10.165263 10.050515 10.160778 10.049887 0.031877 0.032259 0.127794 0.123656 0.032259 0.031868 0.032259 25100 25121
39 62.310000 60.320000 1000000 10.164670 10.049440 10.160184 10.048812 0.031876 0.032259 0.128835 0.124731 0.032259 0.031867 0.032259 25120 25385
39 62.310000 60.320000 1000000 10.155186 10.041913 10.150688 10.041285 0.031874 0.032259 0.127794 0.123655 0.032259 0.031865 0.032259 25380 25558
39 62.310000 60.320000 1000000 10.154357 10.040838 10.149858 10.040210 0.031873 0.032259 0.126754 0.122580 0.032259 0.031864 0.032259 25550 25938
39 62.310000 60.320000 1000000 10.148102 10.032236 10.143594 10.031607 0.031862 0.032259 0.127792 0.123654 0.032259 0.031853 0.032259 25930 26101
39 62.310000 60.320000 1000000 10.147954 10.030623 10.143368 10.029143 0.031862 0.032259 0.127272 0.123116 0.032259 0.031853 0.032259 26100 26785
39 62.310000 60.320000 1000000 10.112354 10.008042 10.107719 10.006563 0.031873 0.032259 0.145029 0.141395 0.032259 0.031864 0.032259 26780 27075
39 62.310000 60.320000 1000000 10.111791 10.006967 10.107156 10.005488 0.031872 0.032259 0.143981 0.140320 0.032259 0.031863 0.032259 27070 27975
39 62.310000 60.320000 1000000 10.100802 9.997290 10.096151 9.995810 0.031875 0.032259 0.138746 0.134944 0.032259 0.031866 0.032259 27970 29639
39 62.310000 60.320000 1000000 10.085987 9.985462 10.081315 9.983982 0.031871 0.032259 0.147125 0.143545 0.032259 0.031862 0.032259 29630 32347
39 62.310000 60.320000 1000000 10.062643 9.967182 10.057940 9.965703 0.031875 0.032259 0.154479 0.151073 0.032259 0.031866 0.032259 31760 33481
39 62.310000 60.320000 1000000 10.015803 9.911269 10.011033 9.909789 0.031862 0.032259 0.150275 0.146772 0.032259 0.031853 0.032259 33480 34943
39 62.310000 60.320000 1000000 9.978413 9.865032 9.973589 9.863553 0.031834 0.032259 0.157635 0.154299 0.032259 0.031825 0.032259 34940 35214
39 62.310000 60.320000 1000000 9.976678 9.863957 9.971852 9.862478 0.031834 0.032259 0.157635 0.154299 0.032259 0.031825 0.032259 35210 38195
39 62.310000 60.320000 1000000 9.949920 9.812344 9.944943 9.810462 0.031827 0.032259 0.189326 0.186557 0.032259 0.031818 0.032259 38190 38642
39 62.310000 60.320000 1000000 9.946390 9.809119 9.941408 9.807236 0.031824 0.032259 0.186148 0.183331 0.032259 0.031815 0.032259 38270 39766
39 62.310000 60.320000 1000000 9.944459 9.808043 9.939474 9.806161 0.031825 0.032259 0.186148 0.183331 0.032259 0.031816 0.032259 39760 40440
39 62.310000 60.320000 1000000 9.938475 9.800516 9.933481 9.798634 0.031822 0.032259 0.186148 0.183331 0.032259 0.031814 0.032259 40440 40791
39 62.310000 60.320000 1000000 9.937017 9.799441 9.932021 9.797559 0.031822 0.032259 0.186148 0.183331 0.032259 0.031813 0.032259 40790 43339
39 62.310000 60.320000 1000000 9.898399 9.770409 9.893630 9.769781 0.031823 0.032259 0.180856 0.177955 0.032259 0.031814 0.032259 43330 44265
39 62.310000 60.320000 1000000 9.889357 9.752130 9.884575 9.751501 0.031823 0.032259 0.165010 0.161827 0.032259 0.031814 0.032259 44260 45164
39 62.310000 60.320000 1000000 9.881286 9.745678 9.876492 9.745050 0.031827 0.032259 0.165010 0.161826 0.032259 0.031818 0.032259 45160 50496
39 62.310000 60.320000 1000000 9.848530 9.722022 9.843689 9.721394 0.031828 0.032259 0.167120 0.163977 0.032259 0.031819 0.032259 50490 51830
39 62.310000 60.320000 1000000 9.844370 9.718796 9.839522 9.718168 0.031829 0.032259 0.166064 0.162901 0.032259 0.031820 0.032259 51830 54511
39 62.310000 60.320000 1000000 9.837103 9.701054 9.832160 9.699575 0.031819 0.032259 0.149752 0.146236 0.032259 0.031811 0.032259 54510 60312
39 62.310000 60.320000 1000000 9.753759 9.629549 9.748672 9.626771 0.031862 0.032259 0.150276 0.146773 0.032259 0.031853 0.032259 60310 63810
39 62.310000 60.320000 1000000 9.719091 9.595141 9.717120 9.607416 0.031863 0.032259 0.151327 0.147849 0.032259 0.031852 0.032259 63810 65522
39 62.310000 60.320000 1000000 9.717710 9.594065 9.715738 9.606341 0.031863 0.032259 0.152378 0.148924 0.032259 0.031853 0.032259 65520 69049
39 62.310000 60.320000 1000000 9.648706 9.555356 9.646692 9.567631 0.031915 0.032259 0.127274 0.123118 0.032259 0.031905 0.032259 69040 71336
39 62.310000 60.320000 1000000 9.629402 9.532776 9.629537 9.556341 0.031915 0.032259 0.138746 0.134944 0.032259 0.031903 0.032259 71330 73195
39 62.310000 60.320000 1000000 9.624681 9.517722 9.623339 9.536045 0.031916 0.032259 0.127272 0.123116 0.032259 0.031905 0.032259 73190 75208
39 62.310000 60.320000 1000000 9.602979 9.503743 9.601629 9.522067 0.031916 0.032259 0.125193 0.120966 0.032259 0.031905 0.032259 75200 78039
39 62.310000 60.320000 1000000 9.600632 9.499442 9.598924 9.516556 0.031918 0.032259 0.125193 0.120966 0.032259 0.031907 0.032259 78030 81408
39 62.310000 60.320000 1000000 9.575787 9.479012 9.574065 9.496126 0.031915 0.032259 0.125195 0.120968 0.032259 0.031904 0.032259 81400 82915
39 62.310000 60.320000 1000000 9.566267 9.469335 9.564540 9.486449 0.031910 0.032259 0.125195 0.120967 0.032259 0.031899 0.032259 82910 83068
39 62.310000 60.320000 1000000 9.562716 9.462883 9.560988 9.479997 0.031903 0.032259 0.125195 0.120967 0.032259 0.031893 0.032259 83060 83190
39 62.310000 60.320000 1000000 9.562093 9.461808 9.560364 9.478922 0.031902 0.032259 0.124156 0.119892 0.032259 0.031891 0.032259 83190 90693
39 62.310000 60.320000 1000000 9.517890 9.411270 9.515288 9.424755 0.031881 0.032259 0.128314 0.124193 0.032259 0.031870 0.032259 90690 91525
39 62.310000 60.320000 1000000 9.516108 9.410195 9.513505 9.423680 0.031882 0.032259 0.128314 0.124193 0.032259 0.031871 0.032259 91520 95490
39 62.310000 60.320000 1000000 9.490943 9.389765 9.488319 9.403250 0.031872 0.032259 0.134568 0.130644 0.032259 0.031861 0.032259 95490 95714
39 62.310000 60.320000 1000000 9.490499 9.388690 9.487875 9.402175 0.031872 0.032259 0.134568 0.130644 0.032259 0.031861 0.032259 95710 113436
39 62.310000 60.320000 1000000 9.451838 9.346755 9.451477 9.374039 0.031884 0.032259 0.125195 0.120967 0.032259 0.031873 0.032259 113430 116697
39 62.310000 60.320000 1000000 9.439485 9.338153 9.439122 9.365437 0.031890 0.032259 0.128314 0.124193 0.032259 0.031879 0.032259 116690 120496
39 62.310000 60.320000 1000000 9.434537 9.334927 9.434173 9.362211 0.031892 0.032259 0.129355 0.125268 0.032259 0.031881 0.032259 120490 128891
39 62.310000 60.320000 1000000 9.419501 9.312346 9.420822 9.352175 0.031895 0.032259 0.141888 0.138172 0.032259 0.031885 0.032259 128890 130818
39 62.310000 60.320000 1000000 9.418760 9.311271 9.420082 9.351100 0.031893 0.032259 0.142934 0.139246 0.032259 0.031883 0.032259 130810 143669
39 62.310000 60.320000 1000000 9.416309 9.290303 9.416339 9.319066 0.031895 0.032259 0.136134 0.132257 0.032259 0.031887 0.032259 131100 144968
39 62.310000 60.320000 1000000 9.407953 9.283852 9.407983 9.312614 0.031896 0.032259 0.138225 0.134408 0.032259 0.031887 0.032259 144960 145537
39 62.310000 60.320000 1000000 9.403403 9.279551 9.403432 9.308313 0.031898 0.032259 0.139271 0.135484 0.032259 0.031889 0.032259 145530 146683
39 62.310000 60.320000 1000000 9.397040 9.275250 9.397070 9.304012 0.031899 0.032259 0.137180 0.133333 0.032259 0.031891 0.032259 146680 148585
39 62.310000 60.320000 1000000 9.396284 9.274174 9.396314 9.302937 0.031898 0.032259 0.137180 0.133333 0.032259 0.031889 0.032259 148580 150392
39 62.310000 60.320000 1000000 9.396063 9.273099 9.396351 9.303116 0.031898 0.032259 0.137180 0.133333 0.032259 0.031889 0.032259 150390 150557
39 62.310000 60.320000 1000000 9.394048 9.272024 9.394336 9.302041 0.031899 0.032259 0.136135 0.132258 0.032259 0.031891 0.032259 150550 157592
39 62.310000 60.320000 1000000 9.371522 9.251594 9.371812 9.281611 0.031891 0.032259 0.136137 0.132259 0.032259 0.031883 0.032259 157590 161827
39 62.310000 60.320000 1000000 9.369568 9.250518 9.369858 9.280535 0.031892 0.032259 0.135092 0.131184 0.032259 0.031884 0.032259 161820 163393
39 62.310000 60.320000 1000000 9.368635 9.249443 9.368925 9.279460 0.031893 0.032259 0.135092 0.131184 0.032259 0.031884 0.032259 163390 171158
39 62.310000 60.320000 1000000 9.358904 9.225787 9.358832 9.255983 0.031885 0.032259 0.128837 0.124734 0.032259 0.031877 0.032259 171150 175471
39 62.310000 60.320000 1000000 9.349426 9.212884 9.349353 9.243080 0.031869 0.032259 0.124680 0.120434 0.032259 0.031860 0.032259 175470 177357
39 62.310000 60.320000 1000000 9.348713 9.211809 9.348640 9.242005 0.031869 0.032259 0.125719 0.121509 0.032259 0.031860 0.032259 177350 180300
39 62.310000 60.320000 1000000 9.347255 9.210734 9.347182 9.240930 0.031869 0.032259 0.126758 0.122585 0.032259 0.031860 0.032259 180300 181316
39 62.310000 60.320000 1000000 9.345266 9.209658 9.345193 9.239855 0.031870 0.032259 0.126758 0.122585 0.032259 0.031861 0.032259 181310 192751
39 62.310000 60.320000 1000000 9.316410 9.191379 9.316337 9.221575 0.031872 0.032259 0.130922 0.126886 0.032259 0.031863 0.032259 192750 200405
39 62.310000 60.320000 1000000 9.305024 9.178476 9.304951 9.208672 0.031870 0.032259 0.138228 0.134412 0.032259 0.031861 0.032259 200400 200497
39 62.310000 60.320000 1000000 9.304187 9.177400 9.304113 9.207597 0.031870 0.032259 0.137183 0.133336 0.032259 0.031861 0.032259 200490 201893
39 62.310000 60.320000 1000000 9.277738 9.160196 9.277664 9.190392 0.031869 0.032259 0.148706 0.145165 0.032259 0.031859 0.032259 201890 231746
39 62.310000 60.320000 1000000 9.239107 9.121486 9.239032 9.151682 0.031859 0.032259 0.130921 0.126885 0.032259 0.031850 0.032259 231740 231918
39 62.310000 60.320000 1000000 9.238565 9.120411 9.238490 9.150607 0.031858 0.032259 0.130921 0.126885 0.032259 0.031849 0.032259 231910 245563
39 62.310000 60.320000 1000000 9.225291 9.103207 9.225216 9.133403 0.031843 0.032259 0.136138 0.132261 0.032259 0.031834 0.032259 245560 274451
39 62.310000 60.320000 1000000 9.186645 9.032240 9.185166 9.042365 0.031858 0.032259 0.133007 0.129036 0.032259 0.031849 0.032259 274450 290200
39 62.310000 60.320000 1000000 9.143966 8.990304 9.141989 8.997607 0.031850 0.032259 0.121564 0.117205 0.032259 0.031839 0.032259 290200 295491
39 62.310000 60.320000 1000000 9.143275 8.986003 9.141109 8.991603 0.031849 0.032259 0.120527 0.116130 0.032259 0.031839 0.032259 295490 296748
39 62.310000 60.320000 1000000 9.141193 8.984928 9.139026 8.990528 0.031851 0.032259 0.119492 0.115055 0.032259 0.031841 0.032259 296740 297199
39 62.310000 60.320000 1000000 9.139476 8.983853 9.137308 8.989453 0.031851 0.032259 0.119492 0.115055 0.032259 0.031841 0.032259 297190 305581
39 62.310000 60.320000 1000000 9.137647 8.982777 9.135478 8.988377 0.031851 0.032259 0.120527 0.116130 0.032259 0.031841 0.032259 305580 310025
39 62.310000 60.320000 1000000 9.137032 8.981702 9.134862 8.987302 0.031849 0.032259 0.120527 0.116130 0.032259 0.031840 0.032259 310020 329042
39 62.310000 60.320000 1000000 9.098552 8.946218 9.096231 8.951012 0.031839 0.032259 0.106099 0.101076 0.032259 0.031829 0.032259 329040 330379
39 62.310000 60.320000 1000000 9.097207 8.945143 9.094884 8.949936 0.031840 0.032259 0.105075 0.100001 0.032259 0.031830 0.032259 330370 344184
39 62.310000 60.320000 1000000 9.086908 8.936541 9.084577 8.941334 0.031841 0.032259 0.098955 0.093549 0.032259 0.031831 0.032259 344180 358821
39 62.310000 60.320000 1000000 9.078801 8.924713 9.076235 8.926101 0.031846 0.032259 0.099971 0.094624 0.032259 0.031836 0.032259 350940 382563
39 62.310000 60.320000 1000000 9.076335 8.922562 9.073768 8.923951 0.031844 0.032259 0.100989 0.095699 0.032259 0.031833 0.032259 370800 383075
39 62.310000 60.320000 1000000 9.074851 8.921487 9.072282 8.922876 0.031845 0.032259 0.099971 0.094623 0.032259 0.031835 0.032259 383070 391985
39 62.310000 60.320000 1000000 9.064757 8.915035 9.062445 8.917678 0.031849 0.032259 0.096924 0.091398 0.032259 0.031839 0.032259 391980 397860
39 62.310000 60.320000 1000000 9.060745 8.908584 9.058431 8.911227 0.031846 0.032259 0.100989 0.095699 0.032259 0.031835 0.032259 397860 411732
39 62.310000 60.320000 1000000 9.054976 8.904283 9.052521 8.906522 0.031847 0.032259 0.103030 0.097849 0.032259 0.031836 0.032259 411730 426860
39 62.310000 60.320000 1000000 9.042237 8.889229 9.039772 8.891469 0.031852 0.032259 0.099971 0.094624 0.032259 0.031842 0.032259 426860 455555
39 62.310000 60.320000 1000000 9.041035 8.888154 9.038568 8.890393 0.031851 0.032259 0.098954 0.093548 0.032259 0.031841 0.032259 455550 461854
39 62.310000 60.320000 1000000 9.025372 8.878476 9.022892 8.880716 0.031856 0.032259 0.097938 0.092473 0.032259 0.031845 0.032259 461850 494862
39 62.310000 60.320000 1000000 9.015371 8.866648 9.013622 8.875160 0.031855 0.032259 0.098954 0.093548 0.032259 0.031846 0.032259 494860 507843
39 62.310000 60.320000 1000000 9.010724 8.863422 9.008972 8.871935 0.031856 0.032259 0.099971 0.094624 0.032259 0.031847 0.032259 507840 575901
39 62.310000 60.320000 1000000 8.973363 8.834928 8.971493 8.842589 0.031850 0.032259 0.096416 0.090860 0.032259 0.031840 0.032259 575900 587318
39 62.310000 60.320000 1000000 8.965677 8.826326 8.963613 8.832284 0.031847 0.032259 0.096416 0.090860 0.032259 0.031838 0.032259 587310 589953
39 62.310000 60.320000 1000000 8.962691 8.823100 8.960625 8.829058 0.031846 0.032259 0.095404 0.089785 0.032259 0.031837 0.032259 589950 599256
39 62.310000 60.320000 1000000 8.962237 8.822025 8.960170 8.827983 0.031845 0.032259 0.095404 0.089784 0.032259 0.031836 0.032259 599250 601377
39 62.310000 60.320000 1000000 8.961451 8.820949 8.959384 8.826908 0.031844 0.032259 0.094393 0.088710 0.032259 0.031834 0.032259 601370 610301
39 62.310000 60.320000 1000000 8.958900 8.817724 8.956831 8.823682 0.031845 0.032259 0.091368 0.085484 0.032259 0.031836 0.032259 610300 614516
39 62.310000 60.320000 1000000 8.945438 8.806971 8.943360 8.812929 0.031849 0.032259 0.094393 0.088710 0.032259 0.031840 0.032259 614510 619026
39 62.310000 60.320000 1000000 8.938462 8.800519 8.936379 8.806478 0.031846 0.032259 0.093383 0.087635 0.032259 0.031837 0.032259 619020 629843
39 62.310000 60.320000 1000000 8.938000 8.799444 8.935917 8.805402 0.031845 0.032259 0.093383 0.087635 0.032259 0.031836 0.032259 629840 633194
39 62.310000 60.320000 1000000 8.918818 8.782777 8.916555 8.786182 0.031849 0.032259 0.091870 0.086021 0.032259 0.031840 0.032259 633190 643485
39 62.310000 60.320000 1000000 8.916492 8.779014 8.914173 8.781567 0.031851 0.032259 0.091367 0.085483 0.032259 0.031841 0.032259 643480 644162
39 62.310000 60.320000 1000000 8.915208 8.777939 8.912888 8.780492 0.031850 0.032259 0.092374 0.086558 0.032259 0.031840 0.032259 644160 653915
39 62.310000 60.320000 1000000 8.914928 8.776864 8.912608 8.779417 0.031849 0.032259 0.093382 0.087633 0.032259 0.031840 0.032259 653910 704142
39 62.310000 60.320000 1000000 8.910335 8.762885 8.908011 8.765438 0.031845 0.032259 0.089358 0.083332 0.032259 0.031835 0.032259 669780 733504
39 62.310000 60.320000 1000000 8.886265 8.740305 8.883922 8.742858 0.031842 0.032259 0.101497 0.096234 0.032259 0.031832 0.032259 733500 747322
39 62.310000 60.320000 1000000 8.881420 8.733853 8.879217 8.737661 0.031840 0.032259 0.099460 0.094084 0.032259 0.031831 0.032259 747320 777524
39 62.310000 60.320000 1000000 8.859080 8.718799 8.856861 8.722607 0.031851 0.032259 0.098445 0.093009 0.032259 0.031841 0.032259 777520 804200
39 62.310000 60.320000 1000000 8.858099 8.717724 8.855879 8.721532 0.031851 0.032259 0.098445 0.093009 0.032259 0.031842 0.032259 804200 830917
39 62.310000 60.320000 1000000 8.839409 8.704821 8.837175 8.708629 0.031858 0.032259 0.097430 0.091934 0.032259 0.031849 0.032259 830910 848591
39 62.310000 60.320000 1000000 8.829429 8.696218 8.827082 8.698324 0.031862 0.032259 0.091367 0.085483 0.032259 0.031852 0.032259 843960 857259
39 62.310000 60.320000 1000000 8.820162 8.689767 8.817807 8.691872 0.031861 0.032259 0.088356 0.082257 0.032259 0.031852 0.032259 857250 892790
39 62.310000 60.320000 1000000 8.812870 8.680627 8.810125 8.681075 0.031861 0.032259 0.086855 0.080643 0.032259 0.031852 0.032259 892790 911243
39 62.310000 60.320000 1000000 8.804971 8.672025 8.802219 8.672472 0.031863 0.032259 0.085858 0.079567 0.032259 0.031854 0.032259 911240 928855
39 62.310000 60.320000 1000000 8.801265 8.668799 8.798654 8.670501 0.031866 0.032259 0.084862 0.078492 0.032259 0.031857 0.032259 928850 939846
39 62.310000 60.320000 1000000 8.769707 8.649444 8.767067 8.651146 0.031887 0.032259 0.076975 0.069890 0.032259 0.031878 0.032259 939840 1000000
