50 62.310000 60.320000 1000000 13.375305 13.423618 13.369676 13.422766 0.032000 0.032257 0.217460 0.215054 0.032257 0.031993 0.032257 0 50
50 62.310000 60.320000 1000000 12.297382 12.180076 12.282968 12.136168 0.031359 0.032257 0.311885 0.310213 0.032257 0.031360 0.032257 50 60
50 62.310000 60.320000 1000000 11.912254 11.677389 11.895508 11.624162 0.031316 0.032257 0.281422 0.279567 0.032257 0.031317 0.032257 60 71
50 62.310000 60.320000 1000000 11.707901 11.531690 11.691337 11.480972 0.031365 0.032257 0.296918 0.295161 0.032257 0.031367 0.032257 70 80
50 62.310000 60.320000 1000000 11.471897 11.262875 11.467318 11.260319 0.031382 0.032257 0.309748 0.308064 0.032257 0.031372 0.032257 80 91
50 62.310000 60.320000 1000000 11.375549 11.155348 11.369339 11.143159 0.031405 0.032257 0.308679 0.306989 0.032257 0.031396 0.032257 90 100
50 62.310000 60.320000 1000000 11.259076 11.025778 11.252755 11.014486 0.031366 0.032257 0.216395 0.213977 0.032257 0.031357 0.032257 100 110
50 62.310000 60.320000 1000000 11.238456 10.982230 11.232027 10.968877 0.031374 0.032257 0.213739 0.211291 0.032257 0.031365 0.032257 110 120
50 62.310000 60.320000 1000000 11.180542 10.920940 11.173181 10.897373 0.031397 0.032257 0.214802 0.212366 0.032257 0.031388 0.032257 120 131
50 62.310000 60.320000 1000000 11.062392 10.834919 11.054465 10.810141 0.031386 0.032257 0.170288 0.167205 0.032257 0.031377 0.032257 130 141
50 62.310000 60.320000 1000000 11.024840 10.803736 11.017958 10.783976 0.031406 0.032257 0.169232 0.166129 0.032257 0.031397 0.032257 140 153
50 62.310000 60.320000 1000000 10.914128 10.686532 10.909744 10.681826 0.031398 0.032257 0.219056 0.216667 0.032257 0.031389 0.032257 150 160
50 62.310000 60.320000 1000000 10.804118 10.580081 10.799600 10.575375 0.031430 0.032257 0.179801 0.176884 0.032257 0.031421 0.032257 160 172
50 62.310000 60.320000 1000000 10.749956 10.463414 10.744078 10.424524 0.031450 0.032257 0.218523 0.216129 0.032257 0.031438 0.032257 170 181
50 62.310000 60.320000 1000000 10.615279 10.296749 10.609174 10.257858 0.031470 0.032257 0.271812 0.269891 0.032257 0.031459 0.032257 180 191
50 62.310000 60.320000 1000000 10.425197 10.161265 10.418752 10.122375 0.031594 0.032257 0.194095 0.191396 0.032257 0.031583 0.032257 190 201
50 62.310000 60.320000 1000000 10.353119 10.117179 10.346497 10.078737 0.031646 0.032257 0.193037 0.190322 0.032257 0.031635 0.032257 200 213
50 62.310000 60.320000 1000000 10.274140 10.016104 10.277327 10.041641 0.031681 0.032257 0.180329 0.177420 0.032257 0.031673 0.032257 210 240
50 62.310000 60.320000 1000000 10.219946 9.901050 10.218803 9.907635 0.031688 0.032257 0.172929 0.169893 0.032257 0.031679 0.032257 230 244
50 62.310000 60.320000 1000000 10.219541 9.899975 10.218397 9.906560 0.031687 0.032257 0.172929 0.169894 0.032257 0.031678 0.032257 240 252
50 62.310000 60.320000 1000000 10.192120 9.876319 10.190967 9.882904 0.031699 0.032257 0.170816 0.167742 0.032257 0.031690 0.032257 250 279
50 62.310000 60.320000 1000000 10.161823 9.851588 10.160549 9.857366 0.031713 0.032257 0.171871 0.168816 0.032257 0.031704 0.032257 270 280
50 62.310000 60.320000 1000000 10.159760 9.850513 10.158486 9.856291 0.031714 0.032257 0.172927 0.169892 0.032257 0.031705 0.032257 280 302
50 62.310000 60.320000 1000000 10.109629 9.818255 10.108336 9.824033 0.031742 0.032257 0.176096 0.173117 0.032257 0.031732 0.032257 300 319
50 62.310000 60.320000 1000000 10.109549 9.816642 10.108214 9.821569 0.031742 0.032257 0.175568 0.172579 0.032257 0.031732 0.032257 310 321
50 62.310000 60.320000 1000000 10.100281 9.808040 10.098942 9.812967 0.031744 0.032257 0.173453 0.170428 0.032257 0.031735 0.032257 320 358
50 62.310000 60.320000 1000000 10.077927 9.781158 10.077455 9.791999 0.031753 0.032257 0.175567 0.172579 0.032257 0.031743 0.032257 350 361
50 62.310000 60.320000 1000000 10.053936 9.769330 10.053460 9.780171 0.031771 0.032257 0.169230 0.166127 0.032257 0.031761 0.032257 360 380
50 62.310000 60.320000 1000000 10.036504 9.717180 10.035595 9.725960 0.031773 0.032257 0.119489 0.115052 0.032257 0.031763 0.032257 380 394
50 62.310000 60.320000 1000000 10.006943 9.698901 10.006027 9.707681 0.031791 0.032257 0.116386 0.111826 0.032257 0.031782 0.032257 390 403
50 62.310000 60.320000 1000000 10.000340 9.691374 9.999422 9.700154 0.031791 0.032257 0.109173 0.104299 0.032257 0.031782 0.032257 400 421
50 62.310000 60.320000 1000000 9.964435 9.659116 9.963507 9.667896 0.031807 0.032257 0.103027 0.097847 0.032257 0.031797 0.032257 420 448
50 62.310000 60.320000 1000000 9.873260 9.596751 9.872306 9.605531 0.031848 0.032257 0.129874 0.125804 0.032257 0.031838 0.032257 440 512
50 62.310000 60.320000 1000000 9.750802 9.485462 9.747709 9.481742 0.031886 0.032257 0.134568 0.130645 0.032257 0.031877 0.032257 510 526
50 62.310000 60.320000 1000000 9.709915 9.460731 9.706783 9.457011 0.031901 0.032257 0.155532 0.152150 0.032257 0.031892 0.032257 520 535
50 62.310000 60.320000 1000000 9.704994 9.455354 9.701857 9.451634 0.031901 0.032257 0.159743 0.156452 0.032257 0.031891 0.032257 530 547
50 62.310000 60.320000 1000000 9.702567 9.454279 9.699428 9.450559 0.031903 0.032257 0.158690 0.155377 0.032257 0.031894 0.032257 540 550
50 62.310000 60.320000 1000000 9.677780 9.433849 9.674617 9.430129 0.031904 0.032257 0.165013 0.161829 0.032257 0.031895 0.032257 550 576
50 62.310000 60.320000 1000000 9.670991 9.427398 9.667821 9.423678 0.031905 0.032257 0.165013 0.161830 0.032257 0.031895 0.032257 570 599
50 62.310000 60.320000 1000000 9.644832 9.404817 9.641304 9.399888 0.031907 0.032257 0.161851 0.158604 0.032257 0.031898 0.032257 590 604
50 62.310000 60.320000 1000000 9.625473 9.388688 9.621923 9.383759 0.031889 0.032257 0.163959 0.160755 0.032257 0.031880 0.032257 600 640
50 62.310000 60.320000 1000000 9.549721 9.339226 9.546086 9.334297 0.031914 0.032257 0.165013 0.161829 0.032257 0.031905 0.032257 640 653
50 62.310000 60.320000 1000000 9.493393 9.306968 9.489969 9.304547 0.031955 0.032257 0.166067 0.162904 0.032257 0.031946 0.032257 650 696
50 62.310000 60.320000 1000000 9.477714 9.296215 9.474272 9.293795 0.031958 0.032257 0.161852 0.158605 0.032257 0.031950 0.032257 690 728
50 62.310000 60.320000 1000000 9.471669 9.290839 9.468221 9.288418 0.031957 0.032257 0.158692 0.155379 0.032257 0.031948 0.032257 720 734
50 62.310000 60.320000 1000000 9.467987 9.287613 9.464535 9.285193 0.031954 0.032257 0.159745 0.156455 0.032257 0.031946 0.032257 730 748
50 62.310000 60.320000 1000000 9.407876 9.253204 9.404357 9.250784 0.031990 0.032257 0.154482 0.151077 0.032257 0.031982 0.032257 740 763
50 62.310000 60.320000 1000000 9.407176 9.252129 9.403656 9.249709 0.031990 0.032257 0.155534 0.152152 0.032257 0.031982 0.032257 760 793
50 62.310000 60.320000 1000000 9.396116 9.245678 9.392584 9.243257 0.031999 0.032257 0.151329 0.147851 0.032257 0.031990 0.032257 770 813
50 62.310000 60.320000 1000000 9.393868 9.244602 9.390333 9.242182 0.032001 0.032257 0.150279 0.146776 0.032257 0.031993 0.032257 810 832
50 62.310000 60.320000 1000000 9.360073 9.224172 9.356500 9.221752 0.032019 0.032257 0.148179 0.144626 0.032257 0.032010 0.032257 830 845
50 62.310000 60.320000 1000000 9.358769 9.223097 9.355195 9.220676 0.032017 0.032257 0.148179 0.144626 0.032257 0.032009 0.032257 840 884
50 62.310000 60.320000 1000000 9.329068 9.205893 9.325390 9.203069 0.032034 0.032257 0.131441 0.127422 0.032257 0.032025 0.032257 880 917
50 62.310000 60.320000 1000000 9.317301 9.198366 9.313610 9.195542 0.032038 0.032257 0.126236 0.122045 0.032257 0.032030 0.032257 910 1015
50 62.310000 60.320000 1000000 9.260056 9.154280 9.257672 9.157728 0.032047 0.032257 0.111749 0.106992 0.032257 0.032037 0.032257 1010 1029
50 62.310000 60.320000 1000000 9.258363 9.153205 9.255978 9.156653 0.032047 0.032257 0.111749 0.106992 0.032257 0.032038 0.032257 1020 1050
50 62.310000 60.320000 1000000 9.212217 9.126323 9.210060 9.131026 0.032079 0.032257 0.100483 0.095164 0.032257 0.032069 0.032257 1050 1088
50 62.310000 60.320000 1000000 9.207019 9.122022 9.204858 9.126725 0.032076 0.032257 0.102522 0.097315 0.032257 0.032067 0.032257 1080 1129
50 62.310000 60.320000 1000000 9.150483 9.087613 9.148281 9.092317 0.032110 0.032257 0.088360 0.082261 0.032257 0.032100 0.032257 1120 1142
50 62.310000 60.320000 1000000 9.144128 9.075248 9.141620 9.077397 0.032114 0.032257 0.083874 0.077423 0.032257 0.032105 0.032257 1140 1245
50 62.310000 60.320000 1000000 9.118030 9.056969 9.115500 9.059118 0.032119 0.032257 0.080906 0.074197 0.032257 0.032109 0.032257 1240 1250
50 62.310000 60.320000 1000000 9.117329 9.055893 9.114799 9.058043 0.032118 0.032257 0.080906 0.074197 0.032257 0.032109 0.032257 1250 1359
50 62.310000 60.320000 1000000 9.107977 9.046216 9.105735 9.050874 0.032117 0.032257 0.082882 0.076347 0.032257 0.032108 0.032257 1350 1388
50 62.310000 60.320000 1000000 9.103106 9.041915 9.100861 9.046573 0.032119 0.032257 0.079920 0.073121 0.032257 0.032110 0.032257 1380 1390
50 62.310000 60.320000 1000000 9.102779 9.040839 9.100534 9.045498 0.032119 0.032257 0.078938 0.072046 0.032257 0.032110 0.032257 1390 1423
50 62.310000 60.320000 1000000 9.102337 9.039764 9.100092 9.044423 0.032118 0.032257 0.078938 0.072047 0.032257 0.032109 0.032257 1420 1522
50 62.310000 60.320000 1000000 9.090377 9.029012 9.088123 9.033670 0.032113 0.032257 0.076006 0.068821 0.032257 0.032104 0.032257 1520 1564
50 62.310000 60.320000 1000000 9.087154 9.024711 9.084770 9.028966 0.032111 0.032257 0.076006 0.068821 0.032257 0.032102 0.032257 1560 1586
50 62.310000 60.320000 1000000 9.086356 9.023635 9.083971 9.027890 0.032111 0.032257 0.076981 0.069896 0.032257 0.032102 0.032257 1580 1604
50 62.310000 60.320000 1000000 9.083402 9.021485 9.081015 9.025740 0.032111 0.032257 0.076981 0.069896 0.032257 0.032102 0.032257 1600 1643
50 62.310000 60.320000 1000000 9.077132 9.016109 9.074740 9.020364 0.032109 0.032257 0.076005 0.068821 0.032257 0.032100 0.032257 1640 1671
50 62.310000 60.320000 1000000 9.069753 9.009657 9.067355 9.013912 0.032111 0.032257 0.072132 0.064517 0.032257 0.032102 0.032257 1670 1731
50 62.310000 60.320000 1000000 9.064640 9.006431 9.062238 9.010686 0.032112 0.032257 0.073095 0.065592 0.032257 0.032103 0.032257 1730 1741
50 62.310000 60.320000 1000000 9.064407 9.005356 9.062277 9.010865 0.032112 0.032257 0.073095 0.065592 0.032257 0.032103 0.032257 1740 1752
50 62.310000 60.320000 1000000 9.061132 9.003205 9.059000 9.008715 0.032112 0.032257 0.074061 0.066667 0.032257 0.032103 0.032257 1750 1768
50 62.310000 60.320000 1000000 9.059537 9.002130 9.057403 9.007639 0.032112 0.032257 0.074061 0.066667 0.032257 0.032103 0.032257 1760 1773
50 62.310000 60.320000 1000000 9.058459 9.001055 9.056324 9.006564 0.032112 0.032257 0.074061 0.066667 0.032257 0.032103 0.032257 1770 1795
50 62.310000 60.320000 1000000 9.052487 8.995678 9.050275 9.000785 0.032110 0.032257 0.074062 0.066669 0.032257 0.032101 0.032257 1790 1819
50 62.310000 60.320000 1000000 9.045125 8.988151 9.042907 8.993258 0.032106 0.032257 0.072133 0.064518 0.032257 0.032097 0.032257 1810 1894
50 62.310000 60.320000 1000000 9.035844 8.975786 9.033323 8.978339 0.032108 0.032257 0.070694 0.062906 0.032257 0.032099 0.032257 1890 1934
50 62.310000 60.320000 1000000 9.031974 8.972560 9.029450 8.975113 0.032106 0.032257 0.068788 0.060755 0.032257 0.032097 0.032257 1930 1952
50 62.310000 60.320000 1000000 9.030872 8.971485 9.028347 8.974038 0.032105 0.032257 0.068788 0.060755 0.032257 0.032096 0.032257 1950 2207
50 62.310000 60.320000 1000000 9.029311 8.970410 9.026784 8.972962 0.032105 0.032257 0.069739 0.061830 0.032257 0.032096 0.032257 2200 2242
50 62.310000 60.320000 1000000 9.016643 8.962883 9.014105 8.965435 0.032112 0.032257 0.070694 0.062906 0.032257 0.032103 0.032257 2240 2262
50 62.310000 60.320000 1000000 9.015918 8.960732 9.013308 8.962882 0.032112 0.032257 0.070695 0.062906 0.032257 0.032103 0.032257 2260 2306
50 62.310000 60.320000 1000000 9.004570 8.951055 9.001949 8.953204 0.032114 0.032257 0.076492 0.069358 0.032257 0.032105 0.032257 2300 2493
50 62.310000 60.320000 1000000 8.987610 8.939227 8.984974 8.941376 0.032112 0.032257 0.080412 0.073658 0.032257 0.032103 0.032257 2490 2516
50 62.310000 60.320000 1000000 8.981200 8.933851 8.978560 8.936000 0.032109 0.032257 0.075518 0.068282 0.032257 0.032100 0.032257 2510 2539
50 62.310000 60.320000 1000000 8.979790 8.932775 8.977148 8.934925 0.032108 0.032257 0.076492 0.069357 0.032257 0.032100 0.032257 2530 2686
50 62.310000 60.320000 1000000 8.970833 8.926324 8.968183 8.928473 0.032108 0.032257 0.077468 0.070432 0.032257 0.032099 0.032257 2680 2786
50 62.310000 60.320000 1000000 8.968789 8.923098 8.966137 8.925247 0.032109 0.032257 0.080412 0.073658 0.032257 0.032100 0.032257 2780 2815
50 62.310000 60.320000 1000000 8.967177 8.922023 8.964523 8.924172 0.032109 0.032257 0.080412 0.073658 0.032257 0.032100 0.032257 2810 2836
50 62.310000 60.320000 1000000 8.966069 8.919872 8.963285 8.921618 0.032110 0.032257 0.079428 0.072583 0.032257 0.032101 0.032257 2830 2840
50 62.310000 60.320000 1000000 8.964211 8.918797 8.961425 8.920543 0.032110 0.032257 0.079428 0.072583 0.032257 0.032102 0.032257 2840 2864
50 62.310000 60.320000 1000000 8.962565 8.917722 8.959778 8.919468 0.032111 0.032257 0.078447 0.071508 0.032257 0.032103 0.032257 2860 2904
50 62.310000 60.320000 1000000 8.959570 8.914496 8.956780 8.916242 0.032113 0.032257 0.076492 0.069357 0.032257 0.032104 0.032257 2900 2957
50 62.310000 60.320000 1000000 8.957198 8.911270 8.954406 8.913016 0.032113 0.032257 0.075519 0.068283 0.032257 0.032104 0.032257 2950 2963
50 62.310000 60.320000 1000000 8.955481 8.910195 8.952687 8.911941 0.032113 0.032257 0.074548 0.067208 0.032257 0.032105 0.032257 2960 2973
50 62.310000 60.320000 1000000 8.955382 8.908582 8.952536 8.909477 0.032113 0.032257 0.074064 0.066671 0.032257 0.032104 0.032257 2970 3064
50 62.310000 60.320000 1000000 8.953757 8.907507 8.950908 8.908401 0.032114 0.032257 0.073098 0.065595 0.032257 0.032106 0.032257 3060 3313
50 62.310000 60.320000 1000000 8.951376 8.903205 8.949340 8.907864 0.032116 0.032257 0.073098 0.065595 0.032257 0.032106 0.032257 3310 3351
50 62.310000 60.320000 1000000 8.940601 8.893528 8.938557 8.898186 0.032118 0.032257 0.070218 0.062370 0.032257 0.032109 0.032257 3350 3416
50 62.310000 60.320000 1000000 8.929962 8.884926 8.927911 8.889584 0.032117 0.032257 0.076006 0.068821 0.032257 0.032108 0.032257 3410 3429
50 62.310000 60.320000 1000000 8.929776 8.883313 8.927626 8.887120 0.032118 0.032257 0.075519 0.068284 0.032257 0.032108 0.032257 3420 3474
50 62.310000 60.320000 1000000 8.928661 8.882238 8.926511 8.886045 0.032117 0.032257 0.075519 0.068284 0.032257 0.032107 0.032257 3470 3808
50 62.310000 60.320000 1000000 8.907402 8.865034 8.905236 8.868841 0.032108 0.032257 0.077469 0.070434 0.032257 0.032098 0.032257 3800 3865
50 62.310000 60.320000 1000000 8.906035 8.863958 8.903868 8.867765 0.032108 0.032257 0.077469 0.070434 0.032257 0.032099 0.032257 3860 3916
50 62.310000 60.320000 1000000 8.904391 8.862883 8.902223 8.866690 0.032109 0.032257 0.076493 0.069359 0.032257 0.032099 0.032257 3910 4119
50 62.310000 60.320000 1000000 8.882271 8.849980 8.880086 8.853787 0.032122 0.032257 0.069741 0.061832 0.032257 0.032113 0.032257 4110 4502
50 62.310000 60.320000 1000000 8.873663 8.838152 8.871472 8.841959 0.032123 0.032257 0.068789 0.060757 0.032257 0.032114 0.032257 4500 4526
50 62.310000 60.320000 1000000 8.871643 8.836001 8.869451 8.839808 0.032122 0.032257 0.070695 0.062907 0.032257 0.032112 0.032257 4520 4710
50 62.310000 60.320000 1000000 8.871241 8.834926 8.869048 8.838733 0.032121 0.032257 0.069740 0.061832 0.032257 0.032112 0.032257 4710 4726
50 62.310000 60.320000 1000000 8.870104 8.833851 8.867910 8.837658 0.032121 0.032257 0.068789 0.060757 0.032257 0.032111 0.032257 4720 4962
50 62.310000 60.320000 1000000 8.860559 8.824173 8.858359 8.827980 0.032118 0.032257 0.067840 0.059680 0.032257 0.032108 0.032257 4960 5029
50 62.310000 60.320000 1000000 8.860372 8.822560 8.858073 8.825516 0.032118 0.032257 0.067368 0.059143 0.032257 0.032109 0.032257 5020 5065
50 62.310000 60.320000 1000000 8.859703 8.821485 8.857403 8.824441 0.032117 0.032257 0.066426 0.058068 0.032257 0.032108 0.032257 5060 5488
50 62.310000 60.320000 1000000 8.847923 8.813958 8.845614 8.816914 0.032120 0.032257 0.068314 0.060218 0.032257 0.032111 0.032257 5480 5494
50 62.310000 60.320000 1000000 8.845843 8.812883 8.843532 8.815839 0.032121 0.032257 0.068314 0.060218 0.032257 0.032112 0.032257 5490 5626
50 62.310000 60.320000 1000000 8.843770 8.811808 8.841458 8.814764 0.032123 0.032257 0.067368 0.059143 0.032257 0.032114 0.032257 5620 5658
50 62.310000 60.320000 1000000 8.842008 8.810733 8.839694 8.813688 0.032123 0.032257 0.068314 0.060218 0.032257 0.032114 0.032257 5650 6150
50 62.310000 60.320000 1000000 8.821488 8.795679 8.819158 8.798634 0.032124 0.032257 0.063625 0.054842 0.032257 0.032115 0.032257 6150 6231
50 62.310000 60.320000 1000000 8.820538 8.794603 8.818207 8.797559 0.032123 0.032257 0.063626 0.054842 0.032257 0.032114 0.032257 6230 6646
50 62.310000 60.320000 1000000 8.806866 8.783851 8.804524 8.786807 0.032123 0.032257 0.065488 0.056992 0.032257 0.032114 0.032257 6640 6750
50 62.310000 60.320000 1000000 8.802103 8.778474 8.799757 8.781430 0.032125 0.032257 0.067367 0.059142 0.032257 0.032116 0.032257 6750 7109
50 62.310000 60.320000 1000000 8.800715 8.777399 8.798369 8.780355 0.032126 0.032257 0.067367 0.059142 0.032257 0.032116 0.032257 7100 7245
50 62.310000 60.320000 1000000 8.793753 8.772023 8.791400 8.774979 0.032128 0.032257 0.066425 0.058067 0.032257 0.032118 0.032257 7240 7267
50 62.310000 60.320000 1000000 8.791685 8.770948 8.789332 8.773903 0.032129 0.032257 0.066425 0.058067 0.032257 0.032120 0.032257 7260 7557
50 62.310000 60.320000 1000000 8.762100 8.741915 8.759066 8.742855 0.032125 0.032257 0.070218 0.062370 0.032257 0.032116 0.032257 7550 7763
50 62.310000 60.320000 1000000 8.748643 8.733313 8.745595 8.734253 0.032131 0.032257 0.069265 0.061295 0.032257 0.032122 0.032257 7760 7890
50 62.310000 60.320000 1000000 8.748435 8.732238 8.745310 8.732775 0.032131 0.032257 0.070218 0.062370 0.032257 0.032122 0.032257 7890 8488
50 62.310000 60.320000 1000000 8.739583 8.726862 8.736448 8.727398 0.032132 0.032257 0.071175 0.063445 0.032257 0.032123 0.032257 8480 9919
50 62.310000 60.320000 1000000 8.719618 8.707507 8.716260 8.706341 0.032135 0.032257 0.071174 0.063444 0.032257 0.032127 0.032257 9910 10357
50 62.310000 60.320000 1000000 8.707596 8.696754 8.704224 8.695588 0.032131 0.032257 0.076006 0.068821 0.032257 0.032122 0.032257 10350 10592
50 62.310000 60.320000 1000000 8.701087 8.689765 8.697609 8.687748 0.032133 0.032257 0.078447 0.071507 0.032257 0.032125 0.032257 10590 10682
50 62.310000 60.320000 1000000 8.700604 8.688690 8.697125 8.686673 0.032133 0.032257 0.078447 0.071508 0.032257 0.032124 0.032257 10680 11093
50 62.310000 60.320000 1000000 8.699017 8.687615 8.695537 8.685597 0.032133 0.032257 0.077468 0.070433 0.032257 0.032125 0.032257 11090 11182
50 62.310000 60.320000 1000000 8.697666 8.686539 8.694184 8.684522 0.032133 0.032257 0.076492 0.069357 0.032257 0.032124 0.032257 11180 12177
50 62.310000 60.320000 1000000 8.686517 8.674711 8.683587 8.675203 0.032130 0.032257 0.081397 0.074733 0.032257 0.032121 0.032257 12170 12943
50 62.310000 60.320000 1000000 8.684200 8.670410 8.680895 8.669692 0.032130 0.032257 0.083376 0.076883 0.032257 0.032122 0.032257 12940 14218
50 62.310000 60.320000 1000000 8.651759 8.639765 8.648128 8.636494 0.032143 0.032257 0.077957 0.070970 0.032257 0.032135 0.032257 14210 14620
50 62.310000 60.320000 1000000 8.650597 8.638690 8.646965 8.635418 0.032142 0.032257 0.077957 0.070971 0.032257 0.032134 0.032257 14620 15089
50 62.310000 60.320000 1000000 8.648738 8.637615 8.645103 8.634343 0.032143 0.032257 0.076980 0.069895 0.032257 0.032135 0.032257 15080 15684
50 62.310000 60.320000 1000000 8.646916 8.636539 8.643279 8.633268 0.032144 0.032257 0.076005 0.068820 0.032257 0.032136 0.032257 15680 15842
50 62.310000 60.320000 1000000 8.645872 8.635464 8.642233 8.632192 0.032143 0.032257 0.076980 0.069896 0.032257 0.032135 0.032257 15840 15972
50 62.310000 60.320000 1000000 8.645587 8.634389 8.641948 8.631117 0.032143 0.032257 0.076980 0.069895 0.032257 0.032135 0.032257 15970 16267
50 62.310000 60.320000 1000000 8.644387 8.633314 8.640746 8.630042 0.032142 0.032257 0.076005 0.068820 0.032257 0.032134 0.032257 16260 16303
50 62.310000 60.320000 1000000 8.642894 8.632238 8.639252 8.628967 0.032142 0.032257 0.075033 0.067745 0.032257 0.032134 0.032257 16300 17714
50 62.310000 60.320000 1000000 8.625415 8.618260 8.621750 8.614988 0.032140 0.032257 0.072134 0.064519 0.032257 0.032131 0.032257 17710 20384
50 62.310000 60.320000 1000000 8.597935 8.597830 8.594236 8.594558 0.032142 0.032257 0.074063 0.066669 0.032257 0.032134 0.032257 20380 20408
50 62.310000 60.320000 1000000 8.596779 8.596755 8.593078 8.593483 0.032141 0.032257 0.074063 0.066669 0.032257 0.032133 0.032257 20400 20663
50 62.310000 60.320000 1000000 8.595169 8.595679 8.591465 8.592408 0.032142 0.032257 0.073097 0.065594 0.032257 0.032133 0.032257 20660 21188
50 62.310000 60.320000 1000000 8.590620 8.592453 8.586910 8.589182 0.032143 0.032257 0.074063 0.066669 0.032257 0.032134 0.032257 21180 21417
50 62.310000 60.320000 1000000 8.590473 8.591378 8.586935 8.589361 0.032142 0.032257 0.074063 0.066669 0.032257 0.032134 0.032257 21410 21695
50 62.310000 60.320000 1000000 8.589784 8.590303 8.586245 8.588286 0.032143 0.032257 0.073097 0.065594 0.032257 0.032135 0.032257 21690 21796
50 62.310000 60.320000 1000000 8.588414 8.589228 8.584873 8.587210 0.032143 0.032257 0.073096 0.065594 0.032257 0.032135 0.032257 21790 22007
50 62.310000 60.320000 1000000 8.588052 8.588152 8.584510 8.586135 0.032143 0.032257 0.073097 0.065594 0.032257 0.032135 0.032257 22000 24059
50 62.310000 60.320000 1000000 8.574413 8.578475 8.570854 8.576458 0.032143 0.032257 0.076006 0.068821 0.032257 0.032135 0.032257 23490 24658
50 62.310000 60.320000 1000000 8.569216 8.575249 8.565651 8.573232 0.032145 0.032257 0.073098 0.065595 0.032257 0.032137 0.032257 24650 26015
50 62.310000 60.320000 1000000 8.567361 8.574174 8.563794 8.572157 0.032145 0.032257 0.074064 0.066670 0.032257 0.032138 0.032257 26010 26022
50 62.310000 60.320000 1000000 8.565948 8.573099 8.562378 8.571081 0.032145 0.032257 0.074064 0.066670 0.032257 0.032137 0.032257 26020 26237
50 62.310000 60.320000 1000000 8.564704 8.572023 8.561134 8.570006 0.032145 0.032257 0.074064 0.066670 0.032257 0.032137 0.032257 26230 28905
50 62.310000 60.320000 1000000 8.551199 8.556970 8.547612 8.554952 0.032147 0.032257 0.075034 0.067746 0.032257 0.032139 0.032257 28900 31757
50 62.310000 60.320000 1000000 8.546890 8.553744 8.543297 8.551727 0.032145 0.032257 0.072135 0.064520 0.032257 0.032137 0.032257 31750 32915
50 62.310000 60.320000 1000000 8.541147 8.547292 8.537546 8.545275 0.032149 0.032257 0.074065 0.066671 0.032257 0.032141 0.032257 32910 33896
50 62.310000 60.320000 1000000 8.526415 8.536540 8.522796 8.534522 0.032146 0.032257 0.076005 0.068820 0.032257 0.032138 0.032257 33890 38407
50 62.310000 60.320000 1000000 8.516670 8.517722 8.512864 8.512703 0.032153 0.032257 0.073580 0.066132 0.032257 0.032145 0.032257 38400 39477
50 62.310000 60.320000 1000000 8.513766 8.513421 8.509957 8.508402 0.032154 0.032257 0.073580 0.066132 0.032257 0.032146 0.032257 39470 40350
50 62.310000 60.320000 1000000 8.506010 8.509120 8.502191 8.504101 0.032158 0.032257 0.069739 0.061831 0.032257 0.032150 0.032257 40350 40931
50 62.310000 60.320000 1000000 8.502166 8.504819 8.498341 8.499800 0.032156 0.032257 0.071652 0.063980 0.032257 0.032148 0.032257 40930 41713
50 62.310000 60.320000 1000000 8.497887 8.501593 8.494057 8.496574 0.032154 0.032257 0.071652 0.063980 0.032257 0.032146 0.032257 41710 42859
50 62.310000 60.320000 1000000 8.497100 8.500518 8.493268 8.495499 0.032154 0.032257 0.072614 0.065056 0.032257 0.032146 0.032257 42850 45100
50 62.310000 60.320000 1000000 8.486567 8.494067 8.482721 8.489048 0.032157 0.032257 0.073580 0.066132 0.032257 0.032150 0.032257 45100 45718
50 62.310000 60.320000 1000000 8.485184 8.492991 8.481336 8.487972 0.032157 0.032257 0.073580 0.066132 0.032257 0.032150 0.032257 45710 49385
50 62.310000 60.320000 1000000 8.472793 8.481163 8.469779 8.479908 0.032159 0.032257 0.073580 0.066132 0.032257 0.032150 0.032257 49380 49483
50 62.310000 60.320000 1000000 8.471120 8.480088 8.468104 8.478833 0.032159 0.032257 0.073580 0.066132 0.032257 0.032151 0.032257 49480 50250
50 62.310000 60.320000 1000000 8.464757 8.475787 8.461735 8.474531 0.032161 0.032257 0.070695 0.062906 0.032257 0.032152 0.032257 50250 53665
50 62.310000 60.320000 1000000 8.445886 8.459658 8.442587 8.457596 0.032160 0.032257 0.073579 0.066131 0.032257 0.032151 0.032257 53660 59958
50 62.310000 60.320000 1000000 8.439975 8.455357 8.436669 8.453295 0.032161 0.032257 0.071653 0.063981 0.032257 0.032153 0.032257 56070 56637
50 62.310000 60.320000 1000000 8.438698 8.454282 8.435391 8.452220 0.032162 0.032257 0.070694 0.062906 0.032257 0.032154 0.032257 56630 59958
50 62.310000 60.320000 1000000 8.427964 8.442454 8.424643 8.440392 0.032164 0.032257 0.065955 0.057529 0.032257 0.032155 0.032257 58390 65089
50 62.310000 60.320000 1000000 8.422183 8.434927 8.418856 8.432865 0.032167 0.032257 0.064088 0.055378 0.032257 0.032158 0.032257 65080 67464
50 62.310000 60.320000 1000000 8.414399 8.428475 8.411063 8.426413 0.032167 0.032257 0.062239 0.053227 0.032257 0.032159 0.032257 67460 70507
50 62.310000 60.320000 1000000 8.413607 8.427400 8.410270 8.425338 0.032167 0.032257 0.063161 0.054303 0.032257 0.032158 0.032257 70500 77211
50 62.310000 60.320000 1000000 8.410693 8.424174 8.407353 8.422112 0.032166 0.032257 0.062239 0.053227 0.032257 0.032157 0.032257 77210 77865
50 62.310000 60.320000 1000000 8.409408 8.423099 8.406066 8.421037 0.032166 0.032257 0.062239 0.053227 0.032257 0.032158 0.032257 77860 81993
50 62.310000 60.320000 1000000 8.390338 8.411271 8.386973 8.409209 0.032175 0.032257 0.061322 0.052152 0.032257 0.032167 0.032257 81990 82190
50 62.310000 60.320000 1000000 8.388551 8.410196 8.385184 8.408134 0.032176 0.032257 0.062239 0.053227 0.032257 0.032167 0.032257 82190 83431
50 62.310000 60.320000 1000000 8.386860 8.409120 8.383490 8.407058 0.032176 0.032257 0.062239 0.053227 0.032257 0.032168 0.032257 83430 83563
50 62.310000 60.320000 1000000 8.384976 8.408045 8.381604 8.405983 0.032177 0.032257 0.061322 0.052152 0.032257 0.032169 0.032257 83560 87826
50 62.310000 60.320000 1000000 8.380667 8.402669 8.377290 8.400607 0.032177 0.032257 0.060410 0.051077 0.032257 0.032169 0.032257 87820 91830
50 62.310000 60.320000 1000000 8.369147 8.390303 8.365694 8.387390 0.032182 0.032257 0.057264 0.047314 0.032257 0.032173 0.032257 91830 92908
50 62.310000 60.320000 1000000 8.368504 8.389228 8.365050 8.386315 0.032182 0.032257 0.057264 0.047314 0.032257 0.032174 0.032257 92900 93230
50 62.310000 60.320000 1000000 8.367434 8.388153 8.363978 8.385239 0.032182 0.032257 0.056379 0.046238 0.032257 0.032173 0.032257 93230 95155
50 62.310000 60.320000 1000000 8.366052 8.387077 8.362595 8.384164 0.032181 0.032257 0.056378 0.046238 0.032257 0.032173 0.032257 95150 98515
50 62.310000 60.320000 1000000 8.360347 8.382776 8.356883 8.379863 0.032181 0.032257 0.057264 0.047314 0.032257 0.032173 0.032257 98510 102427
50 62.310000 60.320000 1000000 8.355956 8.376325 8.353320 8.377175 0.032181 0.032257 0.055500 0.045163 0.032257 0.032172 0.032257 102420 103981
50 62.310000 60.320000 1000000 8.354778 8.375249 8.352140 8.376100 0.032181 0.032257 0.055500 0.045163 0.032257 0.032172 0.032257 103980 107274
50 62.310000 60.320000 1000000 8.346417 8.369873 8.343771 8.370723 0.032181 0.032257 0.055500 0.045163 0.032257 0.032172 0.032257 107270 120138
50 62.310000 60.320000 1000000 8.338304 8.363421 8.335650 8.364272 0.032181 0.032257 0.053766 0.043014 0.032257 0.032172 0.032257 120130 127243
50 62.310000 60.320000 1000000 8.336039 8.360196 8.333384 8.361046 0.032180 0.032257 0.053765 0.043013 0.032257 0.032171 0.032257 127240 148107
50 62.310000 60.320000 1000000 8.321950 8.348368 8.319282 8.349218 0.032184 0.032257 0.052061 0.040863 0.032257 0.032175 0.032257 148100 149714
50 62.310000 60.320000 1000000 8.320054 8.347292 8.317383 8.348143 0.032185 0.032257 0.052061 0.040863 0.032257 0.032176 0.032257 149710 167917
50 62.310000 60.320000 1000000 8.272902 8.313959 8.270186 8.314809 0.032191 0.032257 0.057262 0.047311 0.032257 0.032182 0.032257 167910 176973
50 62.310000 60.320000 1000000 8.266983 8.309658 8.264261 8.310508 0.032188 0.032257 0.055498 0.045161 0.032257 0.032179 0.032257 174930 187297
50 62.310000 60.320000 1000000 8.256748 8.301056 8.254015 8.301906 0.032188 0.032257 0.052907 0.041935 0.032257 0.032179 0.032257 187290 188490
50 62.310000 60.320000 1000000 8.255411 8.299981 8.252677 8.300831 0.032188 0.032257 0.052059 0.040860 0.032257 0.032179 0.032257 188490 190522
50 62.310000 60.320000 1000000 8.254859 8.298905 8.252125 8.299756 0.032188 0.032257 0.051220 0.039786 0.032257 0.032179 0.032257 190520 204602
50 62.310000 60.320000 1000000 8.244855 8.290303 8.242660 8.293662 0.032192 0.032257 0.052060 0.040863 0.032257 0.032182 0.032257 204600 210949
50 62.310000 60.320000 1000000 8.244028 8.282239 8.241395 8.281342 0.032193 0.032257 0.051640 0.040326 0.032257 0.032184 0.032257 210940 218627
50 62.310000 60.320000 1000000 8.240948 8.272561 8.239040 8.276682 0.032194 0.032257 0.057709 0.047851 0.032257 0.032185 0.032257 218620 220142
50 62.310000 60.320000 1000000 8.240062 8.271486 8.238153 8.275607 0.032194 0.032257 0.058603 0.048926 0.032257 0.032185 0.032257 220140 225597
50 62.310000 60.320000 1000000 8.239402 8.270411 8.237493 8.274532 0.032195 0.032257 0.057709 0.047851 0.032257 0.032186 0.032257 225590 228051
50 62.310000 60.320000 1000000 8.237989 8.269336 8.236079 8.273456 0.032195 0.032257 0.056820 0.046776 0.032257 0.032186 0.032257 228050 228801
50 62.310000 60.320000 1000000 8.236796 8.268260 8.234885 8.272381 0.032194 0.032257 0.056820 0.046776 0.032257 0.032185 0.032257 228800 253532
50 62.310000 60.320000 1000000 8.219013 8.253206 8.217090 8.257327 0.032191 0.032257 0.057709 0.047852 0.032257 0.032182 0.032257 253530 261855
50 62.310000 60.320000 1000000 8.217588 8.252131 8.215663 8.256252 0.032190 0.032257 0.057709 0.047852 0.032257 0.032181 0.032257 261850 272390
50 62.310000 60.320000 1000000 8.205338 8.237078 8.203150 8.240840 0.032195 0.032257 0.055939 0.045702 0.032257 0.032186 0.032257 272390 276038
50 62.310000 60.320000 1000000 8.204932 8.236002 8.202744 8.239765 0.032195 0.032257 0.055065 0.044627 0.032257 0.032186 0.032257 276030 280853
50 62.310000 60.320000 1000000 8.204279 8.234927 8.202090 8.238689 0.032195 0.032257 0.055065 0.044627 0.032257 0.032187 0.032257 280850 302689
50 62.310000 60.320000 1000000 8.199553 8.226863 8.197174 8.228071 0.032195 0.032257 0.055501 0.045165 0.032257 0.032187 0.032257 302680 318021
50 62.310000 60.320000 1000000 8.197827 8.225787 8.195447 8.226996 0.032195 0.032257 0.054630 0.044090 0.032257 0.032187 0.032257 318020 319617
50 62.310000 60.320000 1000000 8.196395 8.224712 8.194014 8.225921 0.032195 0.032257 0.054630 0.044090 0.032257 0.032186 0.032257 319610 326916
50 62.310000 60.320000 1000000 8.192386 8.220411 8.190001 8.221620 0.032196 0.032257 0.056380 0.046240 0.032257 0.032187 0.032257 326910 345044
50 62.310000 60.320000 1000000 8.180188 8.207508 8.177793 8.208716 0.032199 0.032257 0.057264 0.047315 0.032257 0.032190 0.032257 345040 359308
50 62.310000 60.320000 1000000 8.178999 8.206433 8.176602 8.207641 0.032198 0.032257 0.058156 0.048390 0.032257 0.032190 0.032257 359300 373552
50 62.310000 60.320000 1000000 8.162590 8.195680 8.160179 8.196888 0.032200 0.032257 0.061781 0.052691 0.032257 0.032191 0.032257 373550 374012
50 62.310000 60.320000 1000000 8.160692 8.194604 8.158280 8.195813 0.032201 0.032257 0.060866 0.051615 0.032257 0.032192 0.032257 374010 375768
50 62.310000 60.320000 1000000 8.159922 8.193529 8.157509 8.194738 0.032202 0.032257 0.059957 0.050540 0.032257 0.032193 0.032257 375760 379126
50 62.310000 60.320000 1000000 8.156079 8.189228 8.153662 8.190437 0.032200 0.032257 0.062700 0.053766 0.032257 0.032191 0.032257 379120 393024
50 62.310000 60.320000 1000000 8.146357 8.161271 8.143372 8.155222 0.032202 0.032257 0.070217 0.062368 0.032257 0.032193 0.032257 393020 393050
50 62.310000 60.320000 1000000 8.145329 8.160196 8.142342 8.154147 0.032202 0.032257 0.071173 0.063444 0.032257 0.032194 0.032257 393050 393873
50 62.310000 60.320000 1000000 8.144345 8.159121 8.141357 8.153071 0.032202 0.032257 0.070217 0.062369 0.032257 0.032193 0.032257 393870 417991
50 62.310000 60.320000 1000000 8.140356 8.155895 8.137364 8.149846 0.032201 0.032257 0.072132 0.064518 0.032257 0.032193 0.032257 398040 433133
50 62.310000 60.320000 1000000 8.133525 8.148368 8.130338 8.141512 0.032199 0.032257 0.073097 0.065594 0.032257 0.032191 0.032257 433130 434173
50 62.310000 60.320000 1000000 8.132254 8.147293 8.129066 8.140437 0.032199 0.032257 0.073097 0.065594 0.032257 0.032191 0.032257 434170 436071
50 62.310000 60.320000 1000000 8.131196 8.146217 8.128006 8.139362 0.032198 0.032257 0.074063 0.066670 0.032257 0.032190 0.032257 436070 451873
50 62.310000 60.320000 1000000 8.119334 8.134389 8.116131 8.127534 0.032200 0.032257 0.078936 0.072044 0.032257 0.032191 0.032257 451870 461220
50 62.310000 60.320000 1000000 8.111891 8.125787 8.108678 8.118931 0.032202 0.032257 0.078936 0.072044 0.032257 0.032193 0.032257 461220 463591
50 62.310000 60.320000 1000000 8.111436 8.124712 8.108223 8.117856 0.032202 0.032257 0.078936 0.072044 0.032257 0.032194 0.032257 463590 479233
50 62.310000 60.320000 1000000 8.107065 8.118260 8.103847 8.111405 0.032205 0.032257 0.076003 0.068818 0.032257 0.032197 0.032257 479230 483936
50 62.310000 60.320000 1000000 8.105172 8.117185 8.101952 8.110329 0.032206 0.032257 0.075031 0.067743 0.032257 0.032198 0.032257 483930 486229
50 62.310000 60.320000 1000000 8.104049 8.116110 8.100827 8.109254 0.032206 0.032257 0.075031 0.067743 0.032257 0.032197 0.032257 486220 493696
50 62.310000 60.320000 1000000 8.103603 8.115035 8.100380 8.108179 0.032206 0.032257 0.075031 0.067743 0.032257 0.032198 0.032257 493690 538847
50 62.310000 60.320000 1000000 8.099817 8.111809 8.096590 8.104953 0.032207 0.032257 0.072132 0.064517 0.032257 0.032199 0.032257 538840 552036
50 62.310000 60.320000 1000000 8.093040 8.103207 8.089304 8.094738 0.032209 0.032257 0.073096 0.065593 0.032257 0.032201 0.032257 552030 555396
50 62.310000 60.320000 1000000 8.091590 8.102131 8.087853 8.093663 0.032208 0.032257 0.073096 0.065593 0.032257 0.032201 0.032257 555390 556912
50 62.310000 60.320000 1000000 8.090457 8.101056 8.086718 8.092587 0.032209 0.032257 0.072133 0.064518 0.032257 0.032201 0.032257 556910 558994
50 62.310000 60.320000 1000000 8.089640 8.099981 8.085899 8.091512 0.032209 0.032257 0.072132 0.064518 0.032257 0.032201 0.032257 558990 567510
50 62.310000 60.320000 1000000 8.087471 8.094605 8.084771 8.091154 0.032210 0.032257 0.068312 0.060217 0.032257 0.032201 0.032257 567510 572777
50 62.310000 60.320000 1000000 8.086490 8.093529 8.083789 8.090079 0.032209 0.032257 0.068312 0.060216 0.032257 0.032201 0.032257 572770 575800
50 62.310000 60.320000 1000000 8.085308 8.092454 8.082605 8.089003 0.032209 0.032257 0.067366 0.059141 0.032257 0.032200 0.032257 575800 630969
50 62.310000 60.320000 1000000 8.075049 8.082777 8.072337 8.079326 0.032210 0.032257 0.068312 0.060216 0.032257 0.032201 0.032257 630960 652578
50 62.310000 60.320000 1000000 8.073559 8.081701 8.070845 8.078251 0.032209 0.032257 0.068312 0.060216 0.032257 0.032201 0.032257 652570 671656
50 62.310000 60.320000 1000000 8.052278 8.062346 8.050959 8.066423 0.032220 0.032257 0.071171 0.063441 0.032257 0.032210 0.032257 671650 716015
50 62.310000 60.320000 1000000 8.050788 8.059121 8.049467 8.063197 0.032221 0.032257 0.071171 0.063441 0.032257 0.032211 0.032257 716010 756925
50 62.310000 60.320000 1000000 8.037873 8.046217 8.036547 8.050294 0.032220 0.032257 0.074061 0.066667 0.032257 0.032211 0.032257 756920 810158
50 62.310000 60.320000 1000000 8.021842 8.034390 8.020507 8.038466 0.032220 0.032257 0.069261 0.061291 0.032257 0.032210 0.032257 810150 866207
50 62.310000 60.320000 1000000 8.015288 8.029013 8.013950 8.033089 0.032221 0.032257 0.067366 0.059140 0.032257 0.032212 0.032257 866200 924725
50 62.310000 60.320000 1000000 8.007678 8.016110 8.005978 8.018976 0.032225 0.032257 0.065486 0.056990 0.032257 0.032216 0.032257 924720 935932
50 62.310000 60.320000 1000000 8.007181 8.015035 8.005481 8.017901 0.032225 0.032257 0.064552 0.055914 0.032257 0.032216 0.032257 935930 951284
50 62.310000 60.320000 1000000 8.002880 8.010734 8.001177 8.013600 0.032225 0.032257 0.065487 0.056991 0.032257 0.032216 0.032257 938850 970348
50 62.310000 60.320000 1000000 7.975473 7.990304 7.973941 7.994424 0.032235 0.032257 0.060866 0.051615 0.032257 0.032226 0.032257 970340 1000000
