5 62.310000 60.320000 1000000 14.279919 14.058029 14.279752 14.082580 0.031867 0.032259 0.243013 0.240862 0.032259 0.031858 0.032259 0 50
5 62.310000 60.320000 1000000 12.975475 12.914482 12.974116 12.939167 0.031930 0.032259 0.362197 0.360757 0.032259 0.031920 0.032259 50 60
5 62.310000 60.320000 1000000 12.553848 12.595129 12.552347 12.619814 0.031974 0.032259 0.272352 0.270435 0.032259 0.031964 0.032259 60 70
5 62.310000 60.320000 1000000 12.381294 12.411259 12.377097 12.410406 0.032022 0.032259 0.227571 0.225273 0.032259 0.032013 0.032259 70 80
5 62.310000 60.320000 1000000 12.298360 12.350506 12.294006 12.348802 0.032035 0.032259 0.231296 0.229036 0.032259 0.032026 0.032259 80 92
5 62.310000 60.320000 1000000 12.209487 12.283840 12.205037 12.282136 0.032059 0.032259 0.218526 0.216132 0.032259 0.032050 0.032259 90 101
5 62.310000 60.320000 1000000 12.142410 12.220399 12.137272 12.217172 0.032068 0.032259 0.239815 0.237635 0.032259 0.032059 0.032259 100 116
5 62.310000 60.320000 1000000 12.109534 12.185453 12.104482 12.182630 0.032079 0.032259 0.226505 0.224196 0.032259 0.032070 0.032259 110 121
5 62.310000 60.320000 1000000 12.095586 12.171475 12.090517 12.168651 0.032075 0.032259 0.229698 0.227421 0.032259 0.032066 0.032259 120 130
5 62.310000 60.320000 1000000 11.993346 12.076851 11.988043 12.073624 0.032073 0.032259 0.229697 0.227420 0.032259 0.032064 0.032259 130 142
5 62.310000 60.320000 1000000 11.920871 12.013411 11.915471 12.010184 0.032072 0.032259 0.208426 0.205915 0.032259 0.032064 0.032259 140 150
5 62.310000 60.320000 1000000 11.882055 11.979540 11.877057 11.977971 0.032080 0.032259 0.197278 0.194622 0.032259 0.032071 0.032259 150 161
5 62.310000 60.320000 1000000 11.835505 11.937605 11.830447 11.936035 0.032092 0.032259 0.196216 0.193546 0.032259 0.032084 0.032259 160 180
5 62.310000 60.320000 1000000 11.732638 11.848359 11.727913 11.849298 0.032095 0.032259 0.195159 0.192475 0.032259 0.032086 0.032259 180 191
5 62.310000 60.320000 1000000 11.716005 11.829541 11.711443 11.830884 0.032094 0.032259 0.189329 0.186560 0.032259 0.032085 0.032259 190 201
5 62.310000 60.320000 1000000 11.679995 11.795133 11.675391 11.796476 0.032088 0.032259 0.196748 0.194086 0.032259 0.032079 0.032259 200 213
5 62.310000 60.320000 1000000 11.665464 11.781155 11.661121 11.783752 0.032096 0.032259 0.187209 0.184408 0.032259 0.032087 0.032259 210 220
5 62.310000 60.320000 1000000 11.612749 11.740295 11.608153 11.741189 0.032094 0.032259 0.163959 0.160754 0.032259 0.032085 0.032259 220 239
5 62.310000 60.320000 1000000 11.572051 11.705886 11.567407 11.706781 0.032098 0.032259 0.156586 0.153227 0.032259 0.032089 0.032259 230 255
5 62.310000 60.320000 1000000 11.497985 11.645134 11.493570 11.645984 0.032098 0.032259 0.145556 0.141937 0.032259 0.032089 0.032259 250 284
5 62.310000 60.320000 1000000 11.479655 11.618252 11.475219 11.619102 0.032097 0.032259 0.143460 0.139786 0.032259 0.032088 0.032259 260 298
5 62.310000 60.320000 1000000 11.433138 11.573091 11.428106 11.572328 0.032096 0.032259 0.152904 0.149463 0.032259 0.032088 0.032259 290 306
5 62.310000 60.320000 1000000 11.416011 11.543521 11.410289 11.536800 0.032094 0.032259 0.156586 0.153227 0.032259 0.032086 0.032259 300 325
5 62.310000 60.320000 1000000 11.388942 11.502661 11.384300 11.500957 0.032099 0.032259 0.153432 0.150002 0.032259 0.032090 0.032259 320 332
5 62.310000 60.320000 1000000 11.385215 11.500511 11.380569 11.498807 0.032100 0.032259 0.152380 0.148927 0.032259 0.032091 0.032259 330 340
5 62.310000 60.320000 1000000 11.380286 11.496210 11.375634 11.494506 0.032098 0.032259 0.155535 0.152153 0.032259 0.032089 0.032259 340 371
5 62.310000 60.320000 1000000 11.343064 11.457500 11.338366 11.455796 0.032095 0.032259 0.151331 0.147852 0.032259 0.032086 0.032259 370 382
5 62.310000 60.320000 1000000 11.333858 11.451048 11.329148 11.449345 0.032095 0.032259 0.148180 0.144627 0.032259 0.032086 0.032259 380 400
5 62.310000 60.320000 1000000 11.319621 11.440296 11.314893 11.438592 0.032099 0.032259 0.142938 0.139250 0.032259 0.032091 0.032259 400 421
5 62.310000 60.320000 1000000 11.311086 11.427393 11.306623 11.426943 0.032100 0.032259 0.142938 0.139251 0.032259 0.032091 0.032259 420 430
5 62.310000 60.320000 1000000 11.305103 11.423092 11.300633 11.422642 0.032103 0.032259 0.138752 0.134950 0.032259 0.032094 0.032259 430 443
5 62.310000 60.320000 1000000 11.277757 11.387607 11.273254 11.387158 0.032104 0.032259 0.136661 0.132799 0.032259 0.032095 0.032259 440 478
5 62.310000 60.320000 1000000 11.269613 11.376855 11.265101 11.376405 0.032102 0.032259 0.138751 0.134949 0.032259 0.032093 0.032259 470 496
5 62.310000 60.320000 1000000 11.256038 11.361801 11.251509 11.361352 0.032103 0.032259 0.135615 0.131723 0.032259 0.032094 0.032259 490 534
5 62.310000 60.320000 1000000 11.224610 11.329543 11.220043 11.329094 0.032086 0.032259 0.141890 0.138175 0.032259 0.032077 0.032259 530 546
5 62.310000 60.320000 1000000 11.211568 11.319866 11.206986 11.319416 0.032085 0.032259 0.138751 0.134949 0.032259 0.032076 0.032259 540 561
5 62.310000 60.320000 1000000 11.180269 11.285457 11.175894 11.286710 0.032079 0.032259 0.151328 0.147849 0.032259 0.032070 0.032259 560 585
5 62.310000 60.320000 1000000 11.154768 11.263952 11.150363 11.265205 0.032079 0.032259 0.153429 0.149999 0.032259 0.032070 0.032259 580 603
5 62.310000 60.320000 1000000 11.113120 11.234920 11.108665 11.236173 0.032085 0.032259 0.152377 0.148924 0.032259 0.032077 0.032259 600 630
5 62.310000 60.320000 1000000 11.033528 11.167178 11.028976 11.168431 0.032097 0.032259 0.148177 0.144623 0.032259 0.032088 0.032259 630 718
5 62.310000 60.320000 1000000 11.013790 11.132770 11.010482 11.142536 0.032106 0.032259 0.139795 0.136022 0.032259 0.032097 0.032259 710 751
5 62.310000 60.320000 1000000 10.998113 11.124168 10.994791 11.133934 0.032113 0.032259 0.139795 0.136022 0.032259 0.032104 0.032259 720 785
5 62.310000 60.320000 1000000 10.986919 11.099437 10.982636 11.106380 0.032116 0.032259 0.142935 0.139247 0.032259 0.032107 0.032259 740 758
5 62.310000 60.320000 1000000 10.986081 11.098361 10.981797 11.105305 0.032116 0.032259 0.142935 0.139247 0.032259 0.032107 0.032259 750 785
5 62.310000 60.320000 1000000 10.919854 11.049974 10.915491 11.056918 0.032136 0.032259 0.128314 0.124192 0.032259 0.032128 0.032259 780 805
5 62.310000 60.320000 1000000 10.918139 11.048899 10.913774 11.055842 0.032136 0.032259 0.129355 0.125268 0.032259 0.032128 0.032259 800 822
5 62.310000 60.320000 1000000 10.912205 11.042447 10.907833 11.049391 0.032133 0.032259 0.132480 0.128493 0.032259 0.032125 0.032259 820 848
5 62.310000 60.320000 1000000 10.911388 11.041372 10.907015 11.048315 0.032132 0.032259 0.133523 0.129568 0.032259 0.032124 0.032259 840 868
5 62.310000 60.320000 1000000 10.909734 11.040297 10.905360 11.047240 0.032132 0.032259 0.133523 0.129568 0.032259 0.032124 0.032259 860 871
5 62.310000 60.320000 1000000 10.908945 11.039222 10.904569 11.046165 0.032131 0.032259 0.132480 0.128493 0.032259 0.032123 0.032259 870 913
5 62.310000 60.320000 1000000 10.900962 11.019867 10.896576 11.026810 0.032133 0.032259 0.131437 0.127417 0.032259 0.032125 0.032259 910 1003
5 62.310000 60.320000 1000000 10.837067 10.971480 10.832604 10.978423 0.032145 0.032259 0.115868 0.111287 0.032259 0.032137 0.032259 1000 1030
5 62.310000 60.320000 1000000 10.834634 10.969330 10.830168 10.976273 0.032144 0.032259 0.117935 0.113437 0.032259 0.032136 0.032259 1030 1047
5 62.310000 60.320000 1000000 10.834219 10.968254 10.829752 10.975198 0.032144 0.032259 0.116901 0.112362 0.032259 0.032136 0.032259 1040 1088
5 62.310000 60.320000 1000000 10.826744 10.960727 10.822268 10.967671 0.032143 0.032259 0.115868 0.111287 0.032259 0.032135 0.032259 1080 1096
5 62.310000 60.320000 1000000 10.815751 10.949975 10.811262 10.956918 0.032143 0.032259 0.117935 0.113438 0.032259 0.032134 0.032259 1090 1108
5 62.310000 60.320000 1000000 10.814315 10.948899 10.809824 10.955843 0.032143 0.032259 0.117935 0.113438 0.032259 0.032134 0.032259 1100 1111
5 62.310000 60.320000 1000000 10.812493 10.946749 10.807999 10.953692 0.032143 0.032259 0.115868 0.111287 0.032259 0.032134 0.032259 1110 1123
5 62.310000 60.320000 1000000 10.806240 10.940297 10.801739 10.947241 0.032141 0.032259 0.115869 0.111288 0.032259 0.032133 0.032259 1120 1143
5 62.310000 60.320000 1000000 10.804763 10.939222 10.800260 10.946165 0.032141 0.032259 0.115869 0.111288 0.032259 0.032133 0.032259 1140 1152
5 62.310000 60.320000 1000000 10.778015 10.914491 10.773478 10.921434 0.032126 0.032259 0.116901 0.112362 0.032259 0.032118 0.032259 1150 1195
5 62.310000 60.320000 1000000 10.752235 10.863953 10.746577 10.860682 0.032117 0.032259 0.110714 0.105910 0.032259 0.032110 0.032259 1190 1216
5 62.310000 60.320000 1000000 10.744087 10.855351 10.738416 10.852079 0.032119 0.032259 0.103537 0.098384 0.032259 0.032111 0.032259 1210 1350
5 62.310000 60.320000 1000000 10.716866 10.832771 10.711152 10.829499 0.032125 0.032259 0.099460 0.094084 0.032259 0.032118 0.032259 1350 1527
5 62.310000 60.320000 1000000 10.672925 10.787610 10.666864 10.783531 0.032120 0.032259 0.110717 0.105913 0.032259 0.032113 0.032259 1520 1642
5 62.310000 60.320000 1000000 10.626457 10.743524 10.620316 10.739445 0.032107 0.032259 0.129355 0.125268 0.032259 0.032100 0.032259 1640 1658
5 62.310000 60.320000 1000000 10.626129 10.742448 10.619864 10.737967 0.032107 0.032259 0.128314 0.124193 0.032259 0.032101 0.032259 1650 1661
5 62.310000 60.320000 1000000 10.621005 10.732771 10.616621 10.735816 0.032110 0.032259 0.127272 0.123116 0.032259 0.032101 0.032259 1660 1750
5 62.310000 60.320000 1000000 10.614794 10.727395 10.610403 10.730440 0.032109 0.032259 0.123117 0.118815 0.032259 0.032100 0.032259 1680 1711
5 62.310000 60.320000 1000000 10.605759 10.719868 10.601356 10.722913 0.032109 0.032259 0.120008 0.115591 0.032259 0.032100 0.032259 1710 1750
5 62.310000 60.320000 1000000 10.601333 10.713416 10.596757 10.714759 0.032109 0.032259 0.122080 0.117741 0.032259 0.032100 0.032259 1750 1841
5 62.310000 60.320000 1000000 10.582205 10.692986 10.577603 10.694329 0.032122 0.032259 0.120007 0.115590 0.032259 0.032113 0.032259 1840 1882
5 62.310000 60.320000 1000000 10.578279 10.688685 10.573672 10.690028 0.032124 0.032259 0.117937 0.113439 0.032259 0.032116 0.032259 1880 1949
5 62.310000 60.320000 1000000 10.571642 10.682233 10.567026 10.683576 0.032124 0.032259 0.118971 0.114514 0.032259 0.032115 0.032259 1940 1966
5 62.310000 60.320000 1000000 10.570699 10.681158 10.566083 10.682501 0.032125 0.032259 0.117937 0.113439 0.032259 0.032116 0.032259 1960 2259
5 62.310000 60.320000 1000000 10.567515 10.679008 10.562894 10.680351 0.032125 0.032259 0.117937 0.113439 0.032259 0.032116 0.032259 1980 2245
5 62.310000 60.320000 1000000 10.560650 10.673631 10.556020 10.674974 0.032123 0.032259 0.112775 0.108063 0.032259 0.032115 0.032259 2010 2143
5 62.310000 60.320000 1000000 10.556768 10.669330 10.552735 10.673182 0.032124 0.032259 0.111745 0.106988 0.032259 0.032114 0.032259 2060 2245
5 62.310000 60.320000 1000000 10.534092 10.649976 10.530032 10.653828 0.032120 0.032259 0.107635 0.102687 0.032259 0.032111 0.032259 2210 2250
5 62.310000 60.320000 1000000 10.530789 10.641374 10.527022 10.646480 0.032119 0.032259 0.113807 0.109139 0.032259 0.032110 0.032259 2250 2359
5 62.310000 60.320000 1000000 10.523444 10.621481 10.517992 10.620091 0.032121 0.032259 0.116387 0.111827 0.032259 0.032112 0.032259 2350 2374
5 62.310000 60.320000 1000000 10.516541 10.616105 10.511078 10.614715 0.032121 0.032259 0.114323 0.109677 0.032259 0.032112 0.032259 2370 2624
5 62.310000 60.320000 1000000 10.507264 10.602127 10.501787 10.600737 0.032116 0.032259 0.112260 0.107526 0.032259 0.032107 0.032259 2430 2504
5 62.310000 60.320000 1000000 10.505153 10.598901 10.499672 10.597511 0.032112 0.032259 0.115353 0.110751 0.032259 0.032103 0.032259 2480 2624
5 62.310000 60.320000 1000000 10.502366 10.595675 10.496880 10.594285 0.032115 0.032259 0.113290 0.108600 0.032259 0.032106 0.032259 2500 2537
5 62.310000 60.320000 1000000 10.492584 10.577395 10.487083 10.576005 0.032106 0.032259 0.113290 0.108600 0.032259 0.032097 0.032259 2530 2624
5 62.310000 60.320000 1000000 10.487088 10.569869 10.481298 10.567672 0.032102 0.032259 0.112259 0.107525 0.032259 0.032094 0.032259 2620 2793
5 62.310000 60.320000 1000000 10.477849 10.560191 10.472043 10.557995 0.032098 0.032259 0.117419 0.112901 0.032259 0.032089 0.032259 2790 2822
5 62.310000 60.320000 1000000 10.476180 10.559116 10.470372 10.556919 0.032098 0.032259 0.117419 0.112901 0.032259 0.032089 0.032259 2820 2907
5 62.310000 60.320000 1000000 10.475416 10.555890 10.470094 10.555799 0.032098 0.032259 0.117420 0.112902 0.032259 0.032089 0.032259 2900 3129
5 62.310000 60.320000 1000000 10.467984 10.548363 10.462651 10.548272 0.032100 0.032259 0.120524 0.116127 0.032259 0.032091 0.032259 3120 3152
5 62.310000 60.320000 1000000 10.464519 10.544062 10.459180 10.543971 0.032100 0.032259 0.120524 0.116127 0.032259 0.032091 0.032259 3150 3204
5 62.310000 60.320000 1000000 10.463915 10.542987 10.458576 10.542896 0.032100 0.032259 0.119489 0.115052 0.032259 0.032091 0.032259 3200 3273
5 62.310000 60.320000 1000000 10.463122 10.541912 10.457781 10.541821 0.032100 0.032259 0.118454 0.113977 0.032259 0.032091 0.032259 3270 3299
5 62.310000 60.320000 1000000 10.460176 10.538686 10.454831 10.538595 0.032098 0.032259 0.119488 0.115052 0.032259 0.032089 0.032259 3290 3338
5 62.310000 60.320000 1000000 10.453404 10.533310 10.448048 10.533219 0.032098 0.032259 0.123635 0.119353 0.032259 0.032089 0.032259 3330 3342
5 62.310000 60.320000 1000000 10.451777 10.532234 10.446419 10.532143 0.032098 0.032259 0.124674 0.120428 0.032259 0.032089 0.032259 3340 3353
5 62.310000 60.320000 1000000 10.450169 10.531159 10.444808 10.531068 0.032098 0.032259 0.124673 0.120428 0.032259 0.032089 0.032259 3350 3460
5 62.310000 60.320000 1000000 10.441774 10.508579 10.435326 10.499976 0.032102 0.032259 0.117421 0.112903 0.032259 0.032094 0.032259 3460 3868
5 62.310000 60.320000 1000000 10.401534 10.476321 10.395011 10.467718 0.032098 0.032259 0.127795 0.123656 0.032259 0.032090 0.032259 3780 3963
5 62.310000 60.320000 1000000 10.345630 10.410730 10.339000 10.402126 0.032100 0.032259 0.149752 0.146236 0.032259 0.032092 0.032259 3960 4061
5 62.310000 60.320000 1000000 10.328136 10.396751 10.321473 10.388148 0.032103 0.032259 0.142411 0.138709 0.032259 0.032096 0.032259 4060 4391
5 62.310000 60.320000 1000000 10.319496 10.389224 10.312815 10.380621 0.032099 0.032259 0.144507 0.140860 0.032259 0.032092 0.032259 4390 4473
5 62.310000 60.320000 1000000 10.305515 10.378472 10.298807 10.369869 0.032100 0.032259 0.143460 0.139786 0.032259 0.032093 0.032259 4470 4893
5 62.310000 60.320000 1000000 10.295106 10.368794 10.288378 10.360191 0.032099 0.032259 0.141365 0.137636 0.032259 0.032092 0.032259 4890 4982
5 62.310000 60.320000 1000000 10.286777 10.363418 10.280032 10.354815 0.032100 0.032259 0.137182 0.133335 0.032259 0.032092 0.032259 4980 4998
5 62.310000 60.320000 1000000 10.285568 10.362343 10.278821 10.353739 0.032100 0.032259 0.137182 0.133335 0.032259 0.032092 0.032259 4990 5035
5 62.310000 60.320000 1000000 10.282176 10.333848 10.274095 10.310774 0.032101 0.032259 0.145033 0.141400 0.032259 0.032094 0.032259 5030 5105
5 62.310000 60.320000 1000000 10.263479 10.323096 10.255353 10.300021 0.032108 0.032259 0.135615 0.131723 0.032259 0.032102 0.032259 5100 5279
5 62.310000 60.320000 1000000 10.258760 10.317719 10.250624 10.294645 0.032106 0.032259 0.134571 0.130647 0.032259 0.032099 0.032259 5270 5534
5 62.310000 60.320000 1000000 10.257090 10.316644 10.248950 10.293570 0.032106 0.032259 0.134571 0.130647 0.032259 0.032099 0.032259 5530 5561
5 62.310000 60.320000 1000000 10.254850 10.313418 10.246499 10.289537 0.032106 0.032259 0.134571 0.130647 0.032259 0.032100 0.032259 5560 5711
5 62.310000 60.320000 1000000 10.246651 10.305891 10.238838 10.284519 0.032106 0.032259 0.133528 0.129573 0.032259 0.032099 0.032259 5710 5867
5 62.310000 60.320000 1000000 10.246454 10.304278 10.238537 10.282055 0.032106 0.032259 0.134050 0.130111 0.032259 0.032099 0.032259 5860 5904
5 62.310000 60.320000 1000000 10.237363 10.296752 10.229731 10.275783 0.032105 0.032259 0.139274 0.135487 0.032259 0.032098 0.032259 5900 6074
5 62.310000 60.320000 1000000 10.236363 10.295676 10.228729 10.274708 0.032105 0.032259 0.139274 0.135487 0.032259 0.032098 0.032259 6070 6322
5 62.310000 60.320000 1000000 10.232822 10.291375 10.225180 10.270407 0.032106 0.032259 0.139275 0.135487 0.032259 0.032098 0.032259 6320 6735
5 62.310000 60.320000 1000000 10.213735 10.274171 10.206050 10.253202 0.032100 0.032259 0.137184 0.133337 0.032259 0.032092 0.032259 6710 6769
5 62.310000 60.320000 1000000 10.199757 10.255891 10.192040 10.234923 0.032100 0.032259 0.119494 0.115058 0.032259 0.032092 0.032259 6760 6860
5 62.310000 60.320000 1000000 10.198198 10.252666 10.190478 10.231697 0.032098 0.032259 0.120530 0.116133 0.032259 0.032091 0.032259 6860 7129
5 62.310000 60.320000 1000000 10.178381 10.226859 10.170615 10.205891 0.032093 0.032259 0.107127 0.102155 0.032259 0.032086 0.032259 7120 7251
5 62.310000 60.320000 1000000 10.161624 10.211805 10.153820 10.190837 0.032089 0.032259 0.106102 0.101079 0.032259 0.032082 0.032259 7250 7268
5 62.310000 60.320000 1000000 10.160779 10.210730 10.152973 10.189762 0.032090 0.032259 0.106102 0.101079 0.032259 0.032083 0.032259 7260 7891
5 62.310000 60.320000 1000000 10.138892 10.181698 10.131035 10.160729 0.032086 0.032259 0.113295 0.108606 0.032259 0.032079 0.032259 7890 7980
5 62.310000 60.320000 1000000 10.136811 10.178472 10.128949 10.157504 0.032086 0.032259 0.111235 0.106455 0.032259 0.032079 0.032259 7980 8097
5 62.310000 60.320000 1000000 10.135069 10.175246 10.127203 10.154278 0.032085 0.032259 0.109179 0.104304 0.032259 0.032078 0.032259 8090 8140
5 62.310000 60.320000 1000000 10.134613 10.174171 10.126746 10.153202 0.032084 0.032259 0.109179 0.104305 0.032259 0.032077 0.032259 8140 8411
5 62.310000 60.320000 1000000 10.124171 10.160193 10.116280 10.139224 0.032083 0.032259 0.114326 0.109681 0.032259 0.032076 0.032259 8410 8422
5 62.310000 60.320000 1000000 10.123896 10.159117 10.115901 10.137745 0.032083 0.032259 0.114326 0.109681 0.032259 0.032077 0.032259 8420 8461
5 62.310000 60.320000 1000000 10.122072 10.158042 10.114073 10.136670 0.032084 0.032259 0.114326 0.109681 0.032259 0.032077 0.032259 8460 8715
5 62.310000 60.320000 1000000 10.120481 10.156967 10.112478 10.135595 0.032084 0.032259 0.113295 0.108606 0.032259 0.032078 0.032259 8710 8870
5 62.310000 60.320000 1000000 10.120211 10.155892 10.112105 10.134116 0.032084 0.032259 0.113295 0.108606 0.032259 0.032078 0.032259 8870 9103
5 62.310000 60.320000 1000000 10.109384 10.146214 10.101252 10.124439 0.032079 0.032259 0.118459 0.113982 0.032259 0.032073 0.032259 9100 9561
5 62.310000 60.320000 1000000 10.069072 10.088150 10.060842 10.066375 0.032076 0.032259 0.114327 0.109681 0.032259 0.032069 0.032259 9560 9854
5 62.310000 60.320000 1000000 10.065585 10.084924 10.057346 10.063149 0.032077 0.032259 0.111236 0.106455 0.032259 0.032071 0.032259 9850 9981
5 62.310000 60.320000 1000000 10.062856 10.081698 10.054610 10.059923 0.032076 0.032259 0.111236 0.106455 0.032259 0.032070 0.032259 9980 10143
5 62.310000 60.320000 1000000 10.051577 10.059118 10.047346 10.057414 0.032080 0.032259 0.093891 0.088176 0.032259 0.032071 0.032259 10140 10633
5 62.310000 60.320000 1000000 10.045499 10.049440 10.041261 10.047737 0.032085 0.032259 0.092882 0.087101 0.032259 0.032077 0.032259 10630 10886
5 62.310000 60.320000 1000000 10.030621 10.036537 10.026364 10.034834 0.032088 0.032259 0.097942 0.092477 0.032259 0.032079 0.032259 10880 10964
5 62.310000 60.320000 1000000 10.028968 10.035462 10.024709 10.033759 0.032088 0.032259 0.096927 0.091401 0.032259 0.032079 0.032259 10960 11128
5 62.310000 60.320000 1000000 10.022173 10.030085 10.017906 10.028382 0.032089 0.032259 0.097941 0.092476 0.032259 0.032080 0.032259 11120 12156
5 62.310000 60.320000 1000000 9.981865 9.988150 9.977546 9.986446 0.032070 0.032259 0.116388 0.111828 0.032259 0.032061 0.032259 12150 12232
5 62.310000 60.320000 1000000 9.981677 9.987074 9.977577 9.986626 0.032070 0.032259 0.115355 0.110753 0.032259 0.032061 0.032259 12230 12748
5 62.310000 60.320000 1000000 9.977924 9.982773 9.973820 9.982325 0.032067 0.032259 0.116388 0.111828 0.032259 0.032059 0.032259 12740 13453
5 62.310000 60.320000 1000000 9.955874 9.962343 9.951742 9.961895 0.032062 0.032259 0.120526 0.116129 0.032259 0.032054 0.032259 13450 13790
5 62.310000 60.320000 1000000 9.949398 9.955892 9.945258 9.955443 0.032060 0.032259 0.121562 0.117204 0.032259 0.032051 0.032259 13790 14070
5 62.310000 60.320000 1000000 9.939665 9.949440 9.935513 9.948991 0.032061 0.032259 0.121563 0.117204 0.032259 0.032052 0.032259 14070 14522
5 62.310000 60.320000 1000000 9.936546 9.945139 9.932390 9.944690 0.032063 0.032259 0.120527 0.116129 0.032259 0.032054 0.032259 14520 14603
5 62.310000 60.320000 1000000 9.935422 9.941913 9.931056 9.940658 0.032062 0.032259 0.119491 0.115054 0.032259 0.032054 0.032259 14600 15819
5 62.310000 60.320000 1000000 9.913134 9.918257 9.908738 9.917002 0.032051 0.032259 0.114324 0.109679 0.032259 0.032042 0.032259 15600 16257
5 62.310000 60.320000 1000000 9.894565 9.904279 9.890144 9.903024 0.032049 0.032259 0.113292 0.108602 0.032259 0.032041 0.032259 16250 16392
5 62.310000 60.320000 1000000 9.889160 9.899978 9.884732 9.898723 0.032050 0.032259 0.111232 0.106452 0.032259 0.032042 0.032259 16390 17284
5 62.310000 60.320000 1000000 9.865267 9.851591 9.860807 9.850336 0.032050 0.032259 0.112262 0.107527 0.032259 0.032041 0.032259 17280 17332
5 62.310000 60.320000 1000000 9.861442 9.848365 9.856812 9.846707 0.032051 0.032259 0.110204 0.105377 0.032259 0.032043 0.032259 17330 17668
5 62.310000 60.320000 1000000 9.858332 9.846215 9.853698 9.844556 0.032052 0.032259 0.109176 0.104301 0.032259 0.032044 0.032259 17400 18044
5 62.310000 60.320000 1000000 9.855463 9.842989 9.850825 9.841331 0.032050 0.032259 0.110204 0.105377 0.032259 0.032042 0.032259 18040 18445
5 62.310000 60.320000 1000000 9.853864 9.841914 9.849223 9.840255 0.032050 0.032259 0.110204 0.105377 0.032259 0.032042 0.032259 18440 20521
5 62.310000 60.320000 1000000 9.810785 9.775247 9.806425 9.774843 0.032051 0.032259 0.162376 0.159139 0.032259 0.032043 0.032259 20520 20595
5 62.310000 60.320000 1000000 9.803927 9.768796 9.799558 9.768392 0.032052 0.032259 0.161322 0.158063 0.032259 0.032044 0.032259 20590 21693
5 62.310000 60.320000 1000000 9.786252 9.754817 9.781860 9.754413 0.032054 0.032259 0.153955 0.150537 0.032259 0.032046 0.032259 21690 22220
5 62.310000 60.320000 1000000 9.764803 9.739764 9.760381 9.739360 0.032058 0.032259 0.157111 0.153763 0.032259 0.032050 0.032259 22220 23013
5 62.310000 60.320000 1000000 9.763143 9.738688 9.758719 9.738284 0.032059 0.032259 0.157111 0.153763 0.032259 0.032050 0.032259 23010 23371
5 62.310000 60.320000 1000000 9.752824 9.731161 9.748386 9.730758 0.032060 0.032259 0.152904 0.149462 0.032259 0.032051 0.032259 23370 23382
5 62.310000 60.320000 1000000 9.752282 9.730086 9.747843 9.729682 0.032060 0.032259 0.153955 0.150537 0.032259 0.032051 0.032259 23380 23945
5 62.310000 60.320000 1000000 9.734020 9.718258 9.729556 9.717854 0.032062 0.032259 0.156058 0.152688 0.032259 0.032053 0.032259 23940 25649
5 62.310000 60.320000 1000000 9.722498 9.699979 9.718018 9.699575 0.032055 0.032259 0.160269 0.156989 0.032259 0.032046 0.032259 25640 25685
5 62.310000 60.320000 1000000 9.722040 9.698903 9.717559 9.698500 0.032055 0.032259 0.159216 0.155914 0.032259 0.032046 0.032259 25680 26250
5 62.310000 60.320000 1000000 9.714287 9.683850 9.708078 9.679010 0.032058 0.032259 0.157110 0.153762 0.032259 0.032052 0.032259 26250 26683
5 62.310000 60.320000 1000000 9.680534 9.658043 9.674260 9.653204 0.032057 0.032259 0.158162 0.154837 0.032259 0.032051 0.032259 26680 27167
5 62.310000 60.320000 1000000 9.680023 9.656968 9.673749 9.652129 0.032057 0.032259 0.157109 0.153762 0.032259 0.032051 0.032259 27160 28067
5 62.310000 60.320000 1000000 9.673465 9.652667 9.667178 9.647827 0.032058 0.032259 0.160268 0.156988 0.032259 0.032052 0.032259 28060 28232
5 62.310000 60.320000 1000000 9.668025 9.642989 9.661727 9.638150 0.032051 0.032259 0.159215 0.155912 0.032259 0.032045 0.032259 28230 30134
5 62.310000 60.320000 1000000 9.611605 9.481701 9.601161 9.432150 0.032044 0.032259 0.158163 0.154838 0.032259 0.032040 0.032259 30130 31022
5 62.310000 60.320000 1000000 9.609269 9.478476 9.598818 9.428924 0.032043 0.032259 0.158163 0.154838 0.032259 0.032039 0.032259 31020 31757
5 62.310000 60.320000 1000000 9.602162 9.474175 9.591687 9.424623 0.032047 0.032259 0.157111 0.153763 0.032259 0.032043 0.032259 31750 32281
5 62.310000 60.320000 1000000 9.588320 9.464497 9.577800 9.414945 0.032053 0.032259 0.152904 0.149462 0.032259 0.032049 0.032259 32280 35589
5 62.310000 60.320000 1000000 9.574078 9.441917 9.562762 9.389542 0.032052 0.032259 0.149752 0.146236 0.032259 0.032049 0.032259 35580 39263
5 62.310000 60.320000 1000000 9.553214 9.421486 9.541823 9.369112 0.032046 0.032259 0.142412 0.138710 0.032259 0.032042 0.032259 38020 39560
5 62.310000 60.320000 1000000 9.551351 9.420411 9.539953 9.368037 0.032046 0.032259 0.141364 0.137635 0.032259 0.032043 0.032259 39560 40049
5 62.310000 60.320000 1000000 9.534551 9.360197 9.535337 9.371800 0.032053 0.032259 0.128837 0.124733 0.032259 0.032043 0.032259 40040 40588
5 62.310000 60.320000 1000000 9.525984 9.354820 9.526772 9.366424 0.032055 0.032259 0.131962 0.127959 0.032259 0.032045 0.032259 40580 40597
5 62.310000 60.320000 1000000 9.524343 9.353745 9.525131 9.365349 0.032056 0.032259 0.130920 0.126883 0.032259 0.032046 0.032259 40590 41640
5 62.310000 60.320000 1000000 9.522571 9.352670 9.523360 9.364273 0.032056 0.032259 0.130920 0.126883 0.032259 0.032046 0.032259 41640 41960
5 62.310000 60.320000 1000000 9.522174 9.351595 9.522814 9.362795 0.032056 0.032259 0.129878 0.125808 0.032259 0.032047 0.032259 41960 45689
5 62.310000 60.320000 1000000 9.475580 9.313960 9.476229 9.325160 0.032055 0.032259 0.136136 0.132259 0.032259 0.032045 0.032259 45680 45828
5 62.310000 60.320000 1000000 9.475012 9.312885 9.475662 9.324085 0.032054 0.032259 0.136136 0.132259 0.032259 0.032044 0.032259 45820 47213
5 62.310000 60.320000 1000000 9.438618 9.256971 9.435508 9.254506 0.032063 0.032259 0.102010 0.096775 0.032259 0.032054 0.032259 47210 47921
5 62.310000 60.320000 1000000 9.436778 9.255896 9.433667 9.253431 0.032063 0.032259 0.102010 0.096775 0.032259 0.032055 0.032259 47920 48038
5 62.310000 60.320000 1000000 9.435587 9.254820 9.432474 9.252356 0.032062 0.032259 0.102010 0.096775 0.032259 0.032054 0.032259 48030 49253
5 62.310000 60.320000 1000000 9.426903 9.244068 9.423781 9.241603 0.032056 0.032259 0.100990 0.095699 0.032259 0.032048 0.032259 49250 51819
5 62.310000 60.320000 1000000 9.426429 9.242992 9.423307 9.240528 0.032056 0.032259 0.100990 0.095699 0.032259 0.032048 0.032259 51810 52378
5 62.310000 60.320000 1000000 9.426056 9.241917 9.422934 9.239453 0.032056 0.032259 0.100990 0.095699 0.032259 0.032048 0.032259 52370 56475
5 62.310000 60.320000 1000000 9.406634 9.225788 9.403492 9.223323 0.032056 0.032259 0.109176 0.104301 0.032259 0.032048 0.032259 56470 56680
5 62.310000 60.320000 1000000 9.398120 9.218261 9.394970 9.215797 0.032058 0.032259 0.115354 0.110752 0.032259 0.032049 0.032259 56680 60619
5 62.310000 60.320000 1000000 9.381070 9.205358 9.377903 9.202893 0.032056 0.032259 0.110202 0.105375 0.032259 0.032047 0.032259 60610 62309
5 62.310000 60.320000 1000000 9.378916 9.201057 9.375575 9.196890 0.032056 0.032259 0.109174 0.104300 0.032259 0.032048 0.032259 62300 62428
5 62.310000 60.320000 1000000 9.378512 9.199982 9.375170 9.195815 0.032056 0.032259 0.109174 0.104300 0.032259 0.032047 0.032259 62420 63196
5 62.310000 60.320000 1000000 9.373782 9.195681 9.370436 9.191514 0.032053 0.032259 0.106098 0.101075 0.032259 0.032045 0.032259 63190 64214
5 62.310000 60.320000 1000000 9.365608 9.188154 9.362252 9.183987 0.032052 0.032259 0.105076 0.100002 0.032259 0.032044 0.032259 64210 64906
5 62.310000 60.320000 1000000 9.364008 9.187078 9.360651 9.182911 0.032053 0.032259 0.104053 0.098926 0.032259 0.032044 0.032259 64900 67321
5 62.310000 60.320000 1000000 9.356975 9.182777 9.353610 9.178610 0.032055 0.032259 0.103031 0.097851 0.032259 0.032047 0.032259 67320 68739
5 62.310000 60.320000 1000000 9.340535 9.169874 9.337152 9.165707 0.032055 0.032259 0.109177 0.104303 0.032259 0.032046 0.032259 68730 74977
5 62.310000 60.320000 1000000 9.336571 9.160197 9.333110 9.155627 0.032053 0.032259 0.111234 0.106454 0.032259 0.032045 0.032259 74970 77289
5 62.310000 60.320000 1000000 9.333097 9.154820 9.329632 9.150250 0.032049 0.032259 0.111234 0.106453 0.032259 0.032040 0.032259 77280 77303
5 62.310000 60.320000 1000000 9.331764 9.153745 9.328298 9.149175 0.032049 0.032259 0.110205 0.105378 0.032259 0.032041 0.032259 77300 77696
5 62.310000 60.320000 1000000 9.331157 9.152670 9.327691 9.148100 0.032049 0.032259 0.109177 0.104303 0.032259 0.032041 0.032259 77690 78143
5 62.310000 60.320000 1000000 9.330516 9.151595 9.327048 9.147024 0.032048 0.032259 0.109177 0.104303 0.032259 0.032040 0.032259 78140 83393
5 62.310000 60.320000 1000000 9.319702 9.140842 9.316223 9.136272 0.032041 0.032259 0.110206 0.105379 0.032259 0.032033 0.032259 83390 86894
5 62.310000 60.320000 1000000 9.309159 9.132240 9.305668 9.127670 0.032044 0.032259 0.106101 0.101079 0.032259 0.032035 0.032259 86890 87744
5 62.310000 60.320000 1000000 9.307385 9.131164 9.303892 9.126594 0.032044 0.032259 0.106101 0.101079 0.032259 0.032036 0.032259 87740 88414
5 62.310000 60.320000 1000000 9.305562 9.130089 9.302067 9.125519 0.032045 0.032259 0.105078 0.100003 0.032259 0.032036 0.032259 88410 92294
5 62.310000 60.320000 1000000 9.301669 9.119337 9.297694 9.111944 0.032043 0.032259 0.104054 0.098928 0.032259 0.032034 0.032259 92290 94475
5 62.310000 60.320000 1000000 9.301144 9.118261 9.297168 9.110869 0.032042 0.032259 0.104054 0.098928 0.032259 0.032033 0.032259 94470 95638
5 62.310000 60.320000 1000000 9.299438 9.117186 9.295460 9.109793 0.032043 0.032259 0.104054 0.098928 0.032259 0.032034 0.032259 95630 101811
5 62.310000 60.320000 1000000 9.268011 9.097831 9.263992 9.090439 0.032055 0.032259 0.092882 0.087100 0.032259 0.032046 0.032259 101810 103229
5 62.310000 60.320000 1000000 9.250332 9.086003 9.246290 9.078611 0.032056 0.032259 0.098957 0.093551 0.032259 0.032046 0.032259 103220 103660
5 62.310000 60.320000 1000000 9.249811 9.084928 9.245768 9.077535 0.032055 0.032259 0.098957 0.093551 0.032259 0.032045 0.032259 103660 108857
5 62.310000 60.320000 1000000 9.242585 9.080627 9.238533 9.073234 0.032058 0.032259 0.095913 0.090325 0.032259 0.032049 0.032259 107460 110490
5 62.310000 60.320000 1000000 9.238464 9.072025 9.234085 9.063423 0.032056 0.032259 0.097941 0.092476 0.032259 0.032047 0.032259 110490 110532
5 62.310000 60.320000 1000000 9.236847 9.070950 9.232465 9.062347 0.032056 0.032259 0.097941 0.092476 0.032259 0.032047 0.032259 110530 112678
5 62.310000 60.320000 1000000 9.207415 9.046218 9.202896 9.035914 0.032062 0.032259 0.107124 0.102151 0.032259 0.032053 0.032259 112670 119649
5 62.310000 60.320000 1000000 9.194089 9.037616 9.189550 9.027311 0.032065 0.032259 0.104052 0.098926 0.032259 0.032056 0.032259 119640 127603
5 62.310000 60.320000 1000000 9.190538 9.033315 9.185993 9.023010 0.032062 0.032259 0.105075 0.100001 0.032259 0.032053 0.032259 127600 128464
5 62.310000 60.320000 1000000 9.189320 9.032240 9.184773 9.021935 0.032063 0.032259 0.105075 0.100001 0.032259 0.032054 0.032259 128460 133832
5 62.310000 60.320000 1000000 9.172021 9.017186 9.167449 9.006881 0.032066 0.032259 0.104052 0.098925 0.032259 0.032058 0.032259 133830 137838
5 62.310000 60.320000 1000000 9.165304 9.008584 9.160722 8.998279 0.032062 0.032259 0.106098 0.101075 0.032259 0.032053 0.032259 137830 138188
5 62.310000 60.320000 1000000 9.164939 9.007509 9.160356 8.997204 0.032061 0.032259 0.107123 0.102150 0.032259 0.032052 0.032259 138180 141585
5 62.310000 60.320000 1000000 9.163923 9.006434 9.159339 8.996129 0.032062 0.032259 0.106098 0.101075 0.032259 0.032053 0.032259 141580 144403
5 62.310000 60.320000 1000000 9.148104 8.993531 9.143496 8.983226 0.032059 0.032259 0.106097 0.101074 0.032259 0.032050 0.032259 144400 150122
5 62.310000 60.320000 1000000 9.138681 8.986003 9.134058 8.975699 0.032058 0.032259 0.105073 0.099999 0.032259 0.032049 0.032259 150120 151145
5 62.310000 60.320000 1000000 9.138347 8.984928 9.133724 8.974623 0.032057 0.032259 0.105073 0.099999 0.032259 0.032048 0.032259 151140 153622
5 62.310000 60.320000 1000000 9.131743 8.976326 9.127110 8.966021 0.032055 0.032259 0.102007 0.096772 0.032259 0.032047 0.032259 153620 161368
5 62.310000 60.320000 1000000 9.128260 8.973100 9.123622 8.962795 0.032054 0.032259 0.102008 0.096773 0.032259 0.032045 0.032259 161360 164389
5 62.310000 60.320000 1000000 9.128171 8.971487 9.123485 8.960331 0.032053 0.032259 0.102518 0.097310 0.032259 0.032044 0.032259 164380 168924
5 62.310000 60.320000 1000000 9.115448 8.957509 9.110742 8.946353 0.032048 0.032259 0.098445 0.093010 0.032259 0.032039 0.032259 168920 172327
5 62.310000 60.320000 1000000 9.115214 8.956434 9.110781 8.946532 0.032048 0.032259 0.097430 0.091935 0.032259 0.032039 0.032259 172320 175511
5 62.310000 60.320000 1000000 9.113578 8.955358 9.109142 8.945457 0.032048 0.032259 0.098446 0.093010 0.032259 0.032039 0.032259 175510 178489
5 62.310000 60.320000 1000000 9.105817 8.949982 9.101370 8.940080 0.032049 0.032259 0.102519 0.097311 0.032259 0.032040 0.032259 178480 178922
5 62.310000 60.320000 1000000 9.104207 8.948907 9.099757 8.939005 0.032050 0.032259 0.102519 0.097311 0.032259 0.032041 0.032259 178920 182944
5 62.310000 60.320000 1000000 9.103508 8.947831 9.099057 8.937930 0.032050 0.032259 0.101499 0.096236 0.032259 0.032041 0.032259 182940 183081
5 62.310000 60.320000 1000000 9.102657 8.946756 9.098206 8.936854 0.032051 0.032259 0.101499 0.096236 0.032259 0.032041 0.032259 183080 183547
5 62.310000 60.320000 1000000 9.102482 8.945681 9.097964 8.935376 0.032050 0.032259 0.101499 0.096236 0.032259 0.032041 0.032259 183540 184448
5 62.310000 60.320000 1000000 9.100965 8.944606 9.096445 8.934301 0.032051 0.032259 0.101499 0.096236 0.032259 0.032042 0.032259 184440 185938
5 62.310000 60.320000 1000000 9.099923 8.943530 9.095401 8.933225 0.032051 0.032259 0.102519 0.097311 0.032259 0.032042 0.032259 185930 213343
5 62.310000 60.320000 1000000 9.083616 8.925251 9.079071 8.914946 0.032053 0.032259 0.096416 0.090860 0.032259 0.032044 0.032259 208480 220429
5 62.310000 60.320000 1000000 9.048877 8.900520 9.044436 8.891469 0.032053 0.032259 0.097432 0.091937 0.032259 0.032044 0.032259 220420 231723
5 62.310000 60.320000 1000000 9.041531 8.890842 9.037812 8.888064 0.032055 0.032259 0.094393 0.088710 0.032259 0.032047 0.032259 231720 246990
5 62.310000 60.320000 1000000 9.030140 8.882240 9.026406 8.879462 0.032054 0.032259 0.099463 0.094086 0.032259 0.032046 0.032259 246990 255593
5 62.310000 60.320000 1000000 9.023133 8.875788 9.019391 8.873010 0.032055 0.032259 0.101500 0.096237 0.032259 0.032047 0.032259 255590 267405
5 62.310000 60.320000 1000000 8.985486 8.840305 8.984019 8.848817 0.032060 0.032259 0.111747 0.106990 0.032259 0.032050 0.032259 267400 284652
5 62.310000 60.320000 1000000 8.912315 8.784390 8.910811 8.792903 0.032059 0.032259 0.113809 0.109141 0.032259 0.032049 0.032259 284650 297446
5 62.310000 60.320000 1000000 8.886381 8.767186 8.884864 8.775698 0.032065 0.032259 0.102521 0.097313 0.032259 0.032055 0.032259 297440 305212
5 62.310000 60.320000 1000000 8.884351 8.766111 8.882833 8.774623 0.032066 0.032259 0.101500 0.096238 0.032259 0.032056 0.032259 305210 309164
5 62.310000 60.320000 1000000 8.871997 8.756433 8.870472 8.764946 0.032068 0.032259 0.099464 0.094087 0.032259 0.032058 0.032259 309160 309222
5 62.310000 60.320000 1000000 8.871119 8.755358 8.869594 8.763870 0.032066 0.032259 0.099464 0.094087 0.032259 0.032057 0.032259 309220 311168
5 62.310000 60.320000 1000000 8.869118 8.749982 8.867592 8.758494 0.032063 0.032259 0.099464 0.094087 0.032259 0.032053 0.032259 311160 333352
5 62.310000 60.320000 1000000 8.863764 8.743530 8.862235 8.752042 0.032064 0.032259 0.098447 0.093012 0.032259 0.032054 0.032259 333350 335879
5 62.310000 60.320000 1000000 8.853046 8.733853 8.851512 8.742365 0.032069 0.032259 0.097431 0.091936 0.032259 0.032060 0.032259 335870 345339
5 62.310000 60.320000 1000000 8.847022 8.723638 8.845386 8.731299 0.032060 0.032259 0.097938 0.092473 0.032259 0.032051 0.032259 345330 368454
5 62.310000 60.320000 1000000 8.837939 8.712885 8.836297 8.720546 0.032059 0.032259 0.096923 0.091397 0.032259 0.032049 0.032259 368450 397546
5 62.310000 60.320000 1000000 8.831413 8.705358 8.829667 8.711317 0.032061 0.032259 0.095911 0.090323 0.032259 0.032052 0.032259 397540 398995
5 62.310000 60.320000 1000000 8.830792 8.704283 8.829046 8.710241 0.032060 0.032259 0.094899 0.089248 0.032259 0.032051 0.032259 398990 410045
5 62.310000 60.320000 1000000 8.819230 8.693530 8.817477 8.699489 0.032063 0.032259 0.098955 0.093549 0.032259 0.032053 0.032259 410040 415208
5 62.310000 60.320000 1000000 8.812776 8.689229 8.811019 8.695188 0.032066 0.032259 0.095911 0.090323 0.032259 0.032056 0.032259 415200 420721
5 62.310000 60.320000 1000000 8.804130 8.680627 8.802368 8.686585 0.032068 0.032259 0.093888 0.088172 0.032259 0.032059 0.032259 420720 426446
5 62.310000 60.320000 1000000 8.803433 8.679552 8.801670 8.685510 0.032069 0.032259 0.094899 0.089248 0.032259 0.032059 0.032259 426440 454912
5 62.310000 60.320000 1000000 8.793576 8.670950 8.792056 8.678162 0.032070 0.032259 0.094899 0.089247 0.032259 0.032060 0.032259 454910 456438
5 62.310000 60.320000 1000000 8.792960 8.669874 8.791440 8.677087 0.032070 0.032259 0.093888 0.088172 0.032259 0.032060 0.032259 456430 457186
5 62.310000 60.320000 1000000 8.792525 8.668799 8.791004 8.676012 0.032069 0.032259 0.093888 0.088172 0.032259 0.032059 0.032259 457180 479483
5 62.310000 60.320000 1000000 8.770831 8.652670 8.769299 8.659883 0.032077 0.032259 0.089862 0.083873 0.032259 0.032067 0.032259 479480 515565
5 62.310000 60.320000 1000000 8.770264 8.651595 8.768732 8.658808 0.032076 0.032259 0.089862 0.083873 0.032259 0.032067 0.032259 515560 531158
5 62.310000 60.320000 1000000 8.762554 8.645143 8.761017 8.652356 0.032079 0.032259 0.089862 0.083873 0.032259 0.032069 0.032259 531150 541583
5 62.310000 60.320000 1000000 8.760590 8.644068 8.759053 8.651281 0.032080 0.032259 0.089862 0.083873 0.032259 0.032070 0.032259 541580 562877
5 62.310000 60.320000 1000000 8.753024 8.638692 8.751483 8.645905 0.032083 0.032259 0.086859 0.080647 0.032259 0.032073 0.032259 562870 571785
5 62.310000 60.320000 1000000 8.751499 8.637616 8.749957 8.644829 0.032083 0.032259 0.087859 0.081722 0.032259 0.032073 0.032259 571780 574105
5 62.310000 60.320000 1000000 8.749202 8.634391 8.747809 8.642858 0.032081 0.032259 0.086858 0.080646 0.032259 0.032071 0.032259 574100 579767
5 62.310000 60.320000 1000000 8.742347 8.630089 8.740951 8.638557 0.032083 0.032259 0.084866 0.078496 0.032259 0.032073 0.032259 579760 586996
5 62.310000 60.320000 1000000 8.741789 8.629014 8.740392 8.637482 0.032082 0.032259 0.084866 0.078496 0.032259 0.032072 0.032259 586990 610102
5 62.310000 60.320000 1000000 8.721591 8.610735 8.720184 8.619202 0.032085 0.032259 0.083874 0.077422 0.032259 0.032075 0.032259 610100 636473
5 62.310000 60.320000 1000000 8.706921 8.597832 8.705758 8.607553 0.032085 0.032259 0.087859 0.081723 0.032259 0.032075 0.032259 636470 673417
5 62.310000 60.320000 1000000 8.691725 8.588154 8.690432 8.597473 0.032090 0.032259 0.088860 0.082798 0.032259 0.032081 0.032259 673410 678344
5 62.310000 60.320000 1000000 8.690814 8.587079 8.689521 8.596397 0.032089 0.032259 0.088860 0.082798 0.032259 0.032079 0.032259 678340 803880
5 62.310000 60.320000 1000000 8.647908 8.555896 8.646448 8.564408 0.032094 0.032259 0.089863 0.083873 0.032259 0.032083 0.032259 803880 844636
5 62.310000 60.320000 1000000 8.638816 8.549444 8.637351 8.557957 0.032096 0.032259 0.086860 0.080648 0.032259 0.032086 0.032259 844630 865083
5 62.310000 60.320000 1000000 8.638316 8.548369 8.636851 8.556881 0.032096 0.032259 0.087859 0.081723 0.032259 0.032086 0.032259 865080 874832
5 62.310000 60.320000 1000000 8.637816 8.547294 8.636351 8.555806 0.032095 0.032259 0.088860 0.082798 0.032259 0.032085 0.032259 874830 876026
5 62.310000 60.320000 1000000 8.636911 8.546219 8.635446 8.554731 0.032094 0.032259 0.088860 0.082798 0.032259 0.032084 0.032259 876020 879373
5 62.310000 60.320000 1000000 8.634978 8.545143 8.633512 8.553655 0.032095 0.032259 0.088860 0.082798 0.032259 0.032085 0.032259 879370 885449
5 62.310000 60.320000 1000000 8.634174 8.544068 8.632707 8.552580 0.032096 0.032259 0.088860 0.082798 0.032259 0.032085 0.032259 885440 891574
5 62.310000 60.320000 1000000 8.633684 8.542993 8.632216 8.551505 0.032096 0.032259 0.089863 0.083873 0.032259 0.032086 0.032259 891570 894194
5 62.310000 60.320000 1000000 8.633268 8.541918 8.631801 8.550430 0.032095 0.032259 0.088860 0.082798 0.032259 0.032085 0.032259 894190 929852
5 62.310000 60.320000 1000000 8.623047 8.533315 8.621574 8.541828 0.032095 0.032259 0.088860 0.082798 0.032259 0.032085 0.032259 929850 935281
5 62.310000 60.320000 1000000 8.621435 8.532240 8.619961 8.540752 0.032095 0.032259 0.087859 0.081723 0.032259 0.032085 0.032259 935280 1000000
