39 62.310000 60.320000 1000000 14.464973 14.127383 14.463780 14.133161 0.031885 0.032259 0.253144 0.251080 0.032259 0.031876 0.032259 0 50
39 62.310000 60.320000 1000000 12.957905 12.917707 12.960730 12.942930 0.031844 0.032259 0.370761 0.369355 0.032259 0.031833 0.032259 50 60
39 62.310000 60.320000 1000000 12.675169 12.697278 12.677529 12.720484 0.031957 0.032259 0.327937 0.326346 0.032259 0.031945 0.032259 60 70
39 62.310000 60.320000 1000000 12.468344 12.501579 12.464941 12.507134 0.031977 0.032259 0.229700 0.227423 0.032259 0.031968 0.032259 70 80
39 62.310000 60.320000 1000000 12.335335 12.390290 12.331731 12.394993 0.031988 0.032259 0.245145 0.243013 0.032259 0.031978 0.032259 80 90
39 62.310000 60.320000 1000000 12.224155 12.302656 12.220589 12.307762 0.032001 0.032259 0.249941 0.247851 0.032259 0.031991 0.032259 90 100
39 62.310000 60.320000 1000000 12.139417 12.215560 12.135410 12.217261 0.031995 0.032259 0.260611 0.258607 0.032259 0.031985 0.032259 100 111
39 62.310000 60.320000 1000000 12.091017 12.174700 12.086962 12.176401 0.032014 0.032259 0.244612 0.242476 0.032259 0.032005 0.032259 110 122
39 62.310000 60.320000 1000000 12.021244 12.115560 12.017118 12.117261 0.032046 0.032259 0.233958 0.231723 0.032259 0.032037 0.032259 120 133
39 62.310000 60.320000 1000000 11.986473 12.084377 11.982311 12.086078 0.032046 0.032259 0.239284 0.237099 0.032259 0.032036 0.032259 130 140
39 62.310000 60.320000 1000000 11.968285 12.070399 11.964104 12.072100 0.032048 0.032259 0.239284 0.237099 0.032259 0.032039 0.032259 140 152
39 62.310000 60.320000 1000000 11.912237 12.029539 11.907789 12.030434 0.032050 0.032259 0.239284 0.237099 0.032259 0.032041 0.032259 150 160
39 62.310000 60.320000 1000000 11.839819 11.963948 11.835014 11.964036 0.032060 0.032259 0.226501 0.224192 0.032259 0.032051 0.032259 160 170
39 62.310000 60.320000 1000000 11.806728 11.934916 11.801098 11.932585 0.032064 0.032259 0.225435 0.223115 0.032259 0.032056 0.032259 170 180
39 62.310000 60.320000 1000000 11.773517 11.895131 11.768528 11.896563 0.032067 0.032259 0.219053 0.216665 0.032259 0.032058 0.032259 180 192
39 62.310000 60.320000 1000000 11.753051 11.874164 11.747749 11.873042 0.032067 0.032259 0.217458 0.215052 0.032259 0.032059 0.032259 190 205
39 62.310000 60.320000 1000000 11.722904 11.846207 11.717561 11.845085 0.032066 0.032259 0.218523 0.216128 0.032259 0.032058 0.032259 200 217
39 62.310000 60.320000 1000000 11.696175 11.827927 11.690795 11.826806 0.032071 0.032259 0.214270 0.211828 0.032259 0.032063 0.032259 210 221
39 62.310000 60.320000 1000000 11.673263 11.809648 11.667851 11.808526 0.032069 0.032259 0.215333 0.212903 0.032259 0.032060 0.032259 220 236
39 62.310000 60.320000 1000000 11.651001 11.781691 11.646425 11.784333 0.032071 0.032259 0.216396 0.213978 0.032259 0.032063 0.032259 230 242
39 62.310000 60.320000 1000000 11.635357 11.768788 11.630763 11.771430 0.032068 0.032259 0.222777 0.220429 0.032259 0.032059 0.032259 240 257
39 62.310000 60.320000 1000000 11.623585 11.760186 11.618977 11.762828 0.032070 0.032259 0.218522 0.216128 0.032259 0.032061 0.032259 250 261
39 62.310000 60.320000 1000000 11.614095 11.749433 11.610037 11.754584 0.032074 0.032259 0.215331 0.212901 0.032259 0.032065 0.032259 260 291
39 62.310000 60.320000 1000000 11.516929 11.656961 11.512571 11.660410 0.032078 0.032259 0.200462 0.197849 0.032259 0.032069 0.032259 290 301
39 62.310000 60.320000 1000000 11.484459 11.619327 11.478693 11.618340 0.032087 0.032259 0.201523 0.198925 0.032259 0.032079 0.032259 300 320
39 62.310000 60.320000 1000000 11.406280 11.559113 11.400394 11.558126 0.032094 0.032259 0.162377 0.159140 0.032259 0.032086 0.032259 320 332
39 62.310000 60.320000 1000000 11.372815 11.520403 11.366877 11.519416 0.032088 0.032259 0.173985 0.170968 0.032259 0.032080 0.032259 330 355
39 62.310000 60.320000 1000000 11.346996 11.473629 11.339541 11.464757 0.032091 0.032259 0.181916 0.179033 0.032259 0.032084 0.032259 350 384
39 62.310000 60.320000 1000000 11.330074 11.453199 11.322585 11.444327 0.032083 0.032259 0.172402 0.169357 0.032259 0.032076 0.032259 360 405
39 62.310000 60.320000 1000000 11.302437 11.429543 11.294893 11.420671 0.032088 0.032259 0.160799 0.157530 0.032259 0.032081 0.032259 400 412
39 62.310000 60.320000 1000000 11.250724 11.387608 11.243075 11.378736 0.032112 0.032259 0.153433 0.150003 0.032259 0.032105 0.032259 410 468
39 62.310000 60.320000 1000000 11.198587 11.328468 11.193981 11.335053 0.032109 0.032259 0.152380 0.148926 0.032259 0.032101 0.032259 460 480
39 62.310000 60.320000 1000000 11.180713 11.310188 11.176085 11.316773 0.032104 0.032259 0.153431 0.150001 0.032259 0.032096 0.032259 480 491
39 62.310000 60.320000 1000000 11.173435 11.303737 11.168798 11.310322 0.032110 0.032259 0.152380 0.148926 0.032259 0.032102 0.032259 490 506
39 62.310000 60.320000 1000000 11.163170 11.291909 11.158520 11.298494 0.032116 0.032259 0.149229 0.145701 0.032259 0.032108 0.032259 500 530
39 62.310000 60.320000 1000000 11.083648 11.224705 11.078438 11.227033 0.032113 0.032259 0.162377 0.159140 0.032259 0.032105 0.032259 530 544
39 62.310000 60.320000 1000000 11.076021 11.218253 11.070800 11.220582 0.032112 0.032259 0.160270 0.156990 0.032259 0.032105 0.032259 540 560
39 62.310000 60.320000 1000000 11.040722 11.162877 11.034552 11.155842 0.032111 0.032259 0.165013 0.161829 0.032259 0.032104 0.032259 560 605
39 62.310000 60.320000 1000000 11.000916 11.125243 10.994678 11.118208 0.032103 0.032259 0.157638 0.154302 0.032259 0.032096 0.032259 580 617
39 62.310000 60.320000 1000000 10.990899 11.116641 10.984644 11.109606 0.032099 0.032259 0.160797 0.157528 0.032259 0.032092 0.032259 610 634
39 62.310000 60.320000 1000000 10.974145 11.094060 10.967862 11.087025 0.032101 0.032259 0.156586 0.153227 0.032259 0.032095 0.032259 630 644
39 62.310000 60.320000 1000000 10.973340 11.092985 10.967056 11.085950 0.032101 0.032259 0.156586 0.153227 0.032259 0.032094 0.032259 640 658
39 62.310000 60.320000 1000000 10.960158 11.082232 10.953851 11.075197 0.032103 0.032259 0.150279 0.146776 0.032259 0.032096 0.032259 650 673
39 62.310000 60.320000 1000000 10.950740 11.065028 10.944416 11.057993 0.032097 0.032259 0.152380 0.148926 0.032259 0.032090 0.032259 670 694
39 62.310000 60.320000 1000000 10.947246 11.061802 10.941142 11.056021 0.032098 0.032259 0.152380 0.148927 0.032259 0.032091 0.032259 690 721
39 62.310000 60.320000 1000000 10.932743 11.052125 10.926615 11.046344 0.032096 0.032259 0.154482 0.151077 0.032259 0.032089 0.032259 720 786
39 62.310000 60.320000 1000000 10.888614 11.020942 10.882412 11.015161 0.032093 0.032259 0.149228 0.145700 0.032259 0.032086 0.032259 750 841
39 62.310000 60.320000 1000000 10.829360 10.979007 10.822919 10.972823 0.032116 0.032259 0.126235 0.122044 0.032259 0.032110 0.032259 840 864
39 62.310000 60.320000 1000000 10.812622 10.961803 10.806152 10.955619 0.032108 0.032259 0.127277 0.123121 0.032259 0.032102 0.032259 850 869
39 62.310000 60.320000 1000000 10.805563 10.945674 10.800058 10.943253 0.032111 0.032259 0.123121 0.118820 0.032259 0.032104 0.032259 860 945
39 62.310000 60.320000 1000000 10.783892 10.916641 10.778672 10.915475 0.032110 0.032259 0.134570 0.130646 0.032259 0.032102 0.032259 940 1058
39 62.310000 60.320000 1000000 10.766004 10.882233 10.759748 10.873003 0.032107 0.032259 0.137705 0.133874 0.032259 0.032100 0.032259 1050 1060
39 62.310000 60.320000 1000000 10.762578 10.880083 10.756316 10.870852 0.032107 0.032259 0.138751 0.134949 0.032259 0.032100 0.032259 1060 1094
39 62.310000 60.320000 1000000 10.735499 10.845674 10.729189 10.836444 0.032117 0.032259 0.140843 0.137099 0.032259 0.032110 0.032259 1090 1115
39 62.310000 60.320000 1000000 10.734480 10.844599 10.728169 10.835369 0.032117 0.032259 0.140843 0.137099 0.032259 0.032110 0.032259 1110 1155
39 62.310000 60.320000 1000000 10.727026 10.838147 10.720702 10.828917 0.032116 0.032259 0.137705 0.133873 0.032259 0.032110 0.032259 1150 1169
39 62.310000 60.320000 1000000 10.726560 10.837072 10.720235 10.827842 0.032116 0.032259 0.138750 0.134948 0.032259 0.032110 0.032259 1160 1284
39 62.310000 60.320000 1000000 10.683153 10.803739 10.676750 10.794508 0.032120 0.032259 0.132484 0.128497 0.032259 0.032114 0.032259 1280 1302
39 62.310000 60.320000 1000000 10.677065 10.796212 10.670651 10.786982 0.032126 0.032259 0.129358 0.125271 0.032259 0.032120 0.032259 1300 1407
39 62.310000 60.320000 1000000 10.667200 10.786534 10.660769 10.777304 0.032126 0.032259 0.129359 0.125272 0.032259 0.032120 0.032259 1400 1520
39 62.310000 60.320000 1000000 10.658791 10.774706 10.652344 10.765476 0.032119 0.032259 0.131441 0.127421 0.032259 0.032113 0.032259 1520 1536
39 62.310000 60.320000 1000000 10.658080 10.773631 10.651632 10.764401 0.032119 0.032259 0.130399 0.126346 0.032259 0.032113 0.032259 1530 1551
39 62.310000 60.320000 1000000 10.656148 10.772556 10.649696 10.763326 0.032120 0.032259 0.129358 0.125271 0.032259 0.032114 0.032259 1550 1561
39 62.310000 60.320000 1000000 10.653536 10.770405 10.647080 10.761175 0.032121 0.032259 0.129358 0.125271 0.032259 0.032114 0.032259 1560 1600
39 62.310000 60.320000 1000000 10.648680 10.766104 10.642215 10.756874 0.032120 0.032259 0.131442 0.127422 0.032259 0.032114 0.032259 1600 1644
39 62.310000 60.320000 1000000 10.648261 10.765029 10.641795 10.755799 0.032120 0.032259 0.130400 0.126347 0.032259 0.032114 0.032259 1640 1663
39 62.310000 60.320000 1000000 10.637395 10.756427 10.630909 10.747197 0.032120 0.032259 0.126236 0.122045 0.032259 0.032113 0.032259 1660 1683
39 62.310000 60.320000 1000000 10.631024 10.746750 10.624527 10.737519 0.032118 0.032259 0.123121 0.118820 0.032259 0.032112 0.032259 1680 1702
39 62.310000 60.320000 1000000 10.629867 10.745674 10.623368 10.736444 0.032118 0.032259 0.122084 0.117745 0.032259 0.032112 0.032259 1700 1734
39 62.310000 60.320000 1000000 10.619456 10.723094 10.612944 10.714312 0.032119 0.032259 0.121047 0.116669 0.032259 0.032112 0.032259 1730 1752
39 62.310000 60.320000 1000000 10.616643 10.720943 10.610126 10.712161 0.032118 0.032259 0.118975 0.114519 0.032259 0.032112 0.032259 1750 1798
39 62.310000 60.320000 1000000 10.616110 10.719868 10.609593 10.711086 0.032119 0.032259 0.118975 0.114519 0.032259 0.032113 0.032259 1790 1857
39 62.310000 60.320000 1000000 10.603771 10.705889 10.597231 10.697107 0.032126 0.032259 0.111749 0.106992 0.032259 0.032120 0.032259 1850 1887
39 62.310000 60.320000 1000000 10.603588 10.704277 10.596950 10.694643 0.032126 0.032259 0.112264 0.107529 0.032259 0.032120 0.032259 1880 1958
39 62.310000 60.320000 1000000 10.587352 10.688148 10.580684 10.678514 0.032117 0.032259 0.109177 0.104303 0.032259 0.032111 0.032259 1950 1976
39 62.310000 60.320000 1000000 10.586421 10.687072 10.579751 10.677439 0.032116 0.032259 0.108151 0.103228 0.032259 0.032110 0.032259 1970 1991
39 62.310000 60.320000 1000000 10.585622 10.685997 10.578951 10.676364 0.032117 0.032259 0.109177 0.104303 0.032259 0.032111 0.032259 1990 2022
39 62.310000 60.320000 1000000 10.585094 10.684922 10.578421 10.675288 0.032118 0.032259 0.109177 0.104303 0.032259 0.032112 0.032259 2020 2107
39 62.310000 60.320000 1000000 10.579572 10.678470 10.572889 10.668837 0.032122 0.032259 0.107124 0.102152 0.032259 0.032116 0.032259 2100 2171
39 62.310000 60.320000 1000000 10.565782 10.649438 10.562247 10.658622 0.032129 0.032259 0.126756 0.122582 0.032259 0.032123 0.032259 2170 2197
39 62.310000 60.320000 1000000 10.562283 10.646212 10.558744 10.655396 0.032128 0.032259 0.128836 0.124732 0.032259 0.032122 0.032259 2190 2330
39 62.310000 60.320000 1000000 10.535862 10.622556 10.532297 10.631740 0.032127 0.032259 0.125715 0.121506 0.032259 0.032121 0.032259 2330 2351
39 62.310000 60.320000 1000000 10.534433 10.621481 10.530866 10.630665 0.032127 0.032259 0.126755 0.122581 0.032259 0.032121 0.032259 2350 2467
39 62.310000 60.320000 1000000 10.523607 10.611803 10.520029 10.620987 0.032123 0.032259 0.134047 0.130108 0.032259 0.032117 0.032259 2460 2642
39 62.310000 60.320000 1000000 10.502300 10.585997 10.501561 10.606471 0.032125 0.032259 0.128837 0.124733 0.032259 0.032115 0.032259 2640 2653
39 62.310000 60.320000 1000000 10.501358 10.584922 10.500620 10.605396 0.032125 0.032259 0.127796 0.123657 0.032259 0.032115 0.032259 2650 2911
39 62.310000 60.320000 1000000 10.460304 10.537611 10.457894 10.551633 0.032117 0.032259 0.121563 0.117205 0.032259 0.032108 0.032259 2910 2976
39 62.310000 60.320000 1000000 10.459223 10.536535 10.456813 10.550558 0.032117 0.032259 0.121563 0.117205 0.032259 0.032108 0.032259 2970 3024
39 62.310000 60.320000 1000000 10.458267 10.535460 10.455856 10.549483 0.032116 0.032259 0.120527 0.116130 0.032259 0.032107 0.032259 3020 3156
39 62.310000 60.320000 1000000 10.422896 10.489224 10.420461 10.503246 0.032107 0.032259 0.122600 0.118280 0.032259 0.032097 0.032259 3150 3202
39 62.310000 60.320000 1000000 10.422731 10.487611 10.420207 10.500782 0.032107 0.032259 0.122081 0.117742 0.032259 0.032097 0.032259 3200 3289
39 62.310000 60.320000 1000000 10.418839 10.482234 10.416017 10.494599 0.032109 0.032259 0.123118 0.118817 0.032259 0.032100 0.032259 3280 3376
39 62.310000 60.320000 1000000 10.406046 10.471482 10.403213 10.483847 0.032109 0.032259 0.123118 0.118817 0.032259 0.032100 0.032259 3370 3450
39 62.310000 60.320000 1000000 10.395432 10.461804 10.392591 10.474169 0.032107 0.032259 0.124157 0.119894 0.032259 0.032098 0.032259 3450 3636
39 62.310000 60.320000 1000000 10.393964 10.460729 10.391122 10.473094 0.032107 0.032259 0.124157 0.119894 0.032259 0.032098 0.032259 3630 3813
39 62.310000 60.320000 1000000 10.393110 10.459654 10.390267 10.472019 0.032106 0.032259 0.123119 0.118818 0.032259 0.032098 0.032259 3810 3859
39 62.310000 60.320000 1000000 10.392028 10.458578 10.389184 10.470943 0.032106 0.032259 0.122082 0.117743 0.032259 0.032098 0.032259 3850 3927
39 62.310000 60.320000 1000000 10.364140 10.438149 10.361273 10.450513 0.032110 0.032259 0.127275 0.123119 0.032259 0.032101 0.032259 3920 4070
39 62.310000 60.320000 1000000 10.355203 10.427396 10.352329 10.439761 0.032105 0.032259 0.124157 0.119893 0.032259 0.032096 0.032259 4070 4121
39 62.310000 60.320000 1000000 10.351770 10.424170 10.348893 10.436535 0.032105 0.032259 0.122082 0.117743 0.032259 0.032096 0.032259 4120 4130
39 62.310000 60.320000 1000000 10.350916 10.423095 10.348038 10.435460 0.032105 0.032259 0.122082 0.117743 0.032259 0.032096 0.032259 4130 4185
39 62.310000 60.320000 1000000 10.335932 10.400514 10.333349 10.414134 0.032108 0.032259 0.124157 0.119893 0.032259 0.032098 0.032259 4180 4284
39 62.310000 60.320000 1000000 10.335082 10.399439 10.332498 10.413058 0.032107 0.032259 0.123119 0.118818 0.032259 0.032097 0.032259 4280 4465
39 62.310000 60.320000 1000000 10.306277 10.379009 10.303671 10.392628 0.032112 0.032259 0.120009 0.115592 0.032259 0.032103 0.032259 4460 4479
39 62.310000 60.320000 1000000 10.296530 10.366106 10.293917 10.379725 0.032111 0.032259 0.117939 0.113442 0.032259 0.032102 0.032259 4470 4804
39 62.310000 60.320000 1000000 10.291570 10.361805 10.288954 10.375424 0.032110 0.032259 0.116906 0.112367 0.032259 0.032101 0.032259 4800 4851
39 62.310000 60.320000 1000000 10.290822 10.360729 10.288205 10.374349 0.032109 0.032259 0.117939 0.113442 0.032259 0.032100 0.032259 4850 4931
39 62.310000 60.320000 1000000 10.284660 10.353203 10.282038 10.366822 0.032112 0.032259 0.113808 0.109140 0.032259 0.032102 0.032259 4930 5291
39 62.310000 60.320000 1000000 10.262210 10.324171 10.259392 10.336087 0.032105 0.032259 0.108663 0.103764 0.032259 0.032096 0.032259 5290 5330
39 62.310000 60.320000 1000000 10.261664 10.323095 10.258845 10.335012 0.032105 0.032259 0.108663 0.103764 0.032259 0.032096 0.032259 5330 5410
39 62.310000 60.320000 1000000 10.260275 10.322020 10.257456 10.333937 0.032105 0.032259 0.109690 0.104839 0.032259 0.032096 0.032259 5410 5615
39 62.310000 60.320000 1000000 10.244270 10.306966 10.241636 10.320138 0.032100 0.032259 0.112778 0.108066 0.032259 0.032091 0.032259 5610 5698
39 62.310000 60.320000 1000000 10.242670 10.305891 10.240035 10.319062 0.032101 0.032259 0.111748 0.106990 0.032259 0.032092 0.032259 5690 5794
39 62.310000 60.320000 1000000 10.242031 10.304816 10.239396 10.317987 0.032100 0.032259 0.112777 0.108065 0.032259 0.032091 0.032259 5790 6065
39 62.310000 60.320000 1000000 10.230434 10.295138 10.227790 10.308310 0.032100 0.032259 0.111747 0.106990 0.032259 0.032091 0.032259 6060 6625
39 62.310000 60.320000 1000000 10.200552 10.272558 10.197885 10.285729 0.032099 0.032259 0.121046 0.116669 0.032259 0.032090 0.032259 6620 6651
39 62.310000 60.320000 1000000 10.199036 10.271482 10.196367 10.284654 0.032099 0.032259 0.122083 0.117744 0.032259 0.032090 0.032259 6650 6763
39 62.310000 60.320000 1000000 10.198081 10.270407 10.195412 10.283579 0.032099 0.032259 0.121046 0.116669 0.032259 0.032090 0.032259 6760 7126
39 62.310000 60.320000 1000000 10.192188 10.241375 10.188267 10.240926 0.032097 0.032259 0.114841 0.110217 0.032259 0.032089 0.032259 7120 7229
39 62.310000 60.320000 1000000 10.186990 10.238149 10.183064 10.237701 0.032098 0.032259 0.111748 0.106991 0.032259 0.032089 0.032259 7220 7238
39 62.310000 60.320000 1000000 10.186865 10.236536 10.182872 10.235236 0.032098 0.032259 0.112263 0.107529 0.032259 0.032089 0.032259 7230 7262
39 62.310000 60.320000 1000000 10.185924 10.235461 10.181930 10.234161 0.032098 0.032259 0.112263 0.107529 0.032259 0.032089 0.032259 7260 7304
39 62.310000 60.320000 1000000 10.185248 10.234386 10.181253 10.233086 0.032098 0.032259 0.111234 0.106454 0.032259 0.032089 0.032259 7300 7335
39 62.310000 60.320000 1000000 10.185045 10.232773 10.180942 10.230622 0.032098 0.032259 0.111749 0.106991 0.032259 0.032089 0.032259 7330 7667
39 62.310000 60.320000 1000000 10.184646 10.231698 10.180543 10.229546 0.032098 0.032259 0.111749 0.106991 0.032259 0.032089 0.032259 7660 7827
39 62.310000 60.320000 1000000 10.183983 10.230622 10.179879 10.228471 0.032098 0.032259 0.111749 0.106991 0.032259 0.032089 0.032259 7820 8100
39 62.310000 60.320000 1000000 10.178468 10.219870 10.174357 10.217719 0.032093 0.032259 0.112779 0.108067 0.032259 0.032085 0.032259 8100 8181
39 62.310000 60.320000 1000000 10.177650 10.218794 10.173539 10.216643 0.032092 0.032259 0.112779 0.108068 0.032259 0.032084 0.032259 8180 8251
39 62.310000 60.320000 1000000 10.175795 10.217719 10.171681 10.215568 0.032093 0.032259 0.112779 0.108068 0.032259 0.032084 0.032259 8250 8431
39 62.310000 60.320000 1000000 10.169516 10.212343 10.165395 10.210192 0.032093 0.032259 0.113810 0.109143 0.032259 0.032084 0.032259 8430 8725
39 62.310000 60.320000 1000000 10.140124 10.169332 10.135966 10.167181 0.032097 0.032259 0.110720 0.105917 0.032259 0.032089 0.032259 8720 9291
39 62.310000 60.320000 1000000 10.133429 10.159655 10.129263 10.157504 0.032102 0.032259 0.113810 0.109142 0.032259 0.032093 0.032259 9290 9394
39 62.310000 60.320000 1000000 10.132165 10.158579 10.127997 10.156428 0.032102 0.032259 0.112779 0.108067 0.032259 0.032093 0.032259 9390 9449
39 62.310000 60.320000 1000000 10.130527 10.157504 10.126358 10.155353 0.032102 0.032259 0.111749 0.106992 0.032259 0.032093 0.032259 9440 9477
39 62.310000 60.320000 1000000 10.121150 10.143526 10.116969 10.141375 0.032097 0.032259 0.113810 0.109143 0.032259 0.032088 0.032259 9470 9488
39 62.310000 60.320000 1000000 10.119475 10.142450 10.115292 10.140299 0.032097 0.032259 0.113810 0.109143 0.032259 0.032088 0.032259 9480 9738
39 62.310000 60.320000 1000000 10.117654 10.139225 10.113311 10.136670 0.032099 0.032259 0.113810 0.109142 0.032259 0.032091 0.032259 9730 10247
39 62.310000 60.320000 1000000 10.115024 10.135999 10.110677 10.133444 0.032097 0.032259 0.113809 0.109141 0.032259 0.032088 0.032259 10240 10392
39 62.310000 60.320000 1000000 10.097921 10.113418 10.093552 10.110864 0.032083 0.032259 0.116907 0.112368 0.032259 0.032075 0.032259 10390 10466
39 62.310000 60.320000 1000000 10.074906 10.076859 10.070508 10.074305 0.032087 0.032259 0.113810 0.109143 0.032259 0.032079 0.032259 10460 10529
39 62.310000 60.320000 1000000 10.074156 10.075784 10.069756 10.073230 0.032087 0.032259 0.114841 0.110218 0.032259 0.032079 0.032259 10520 11274
39 62.310000 60.320000 1000000 10.073209 10.074709 10.068808 10.072154 0.032086 0.032259 0.115874 0.111293 0.032259 0.032078 0.032259 11270 11694
39 62.310000 60.320000 1000000 10.059947 10.063956 10.055529 10.061402 0.032082 0.032259 0.115873 0.111293 0.032259 0.032074 0.032259 11690 12718
39 62.310000 60.320000 1000000 10.043851 10.048902 10.039823 10.048857 0.032079 0.032259 0.116907 0.112368 0.032259 0.032071 0.032259 12710 12837
39 62.310000 60.320000 1000000 10.039881 10.043526 10.035848 10.043480 0.032075 0.032259 0.116907 0.112369 0.032259 0.032067 0.032259 12830 12867
39 62.310000 60.320000 1000000 10.037962 10.042451 10.033926 10.042405 0.032076 0.032259 0.115874 0.111293 0.032259 0.032068 0.032259 12860 13197
39 62.310000 60.320000 1000000 10.036094 10.041375 10.032057 10.041330 0.032077 0.032259 0.116907 0.112369 0.032259 0.032068 0.032259 13190 13402
39 62.310000 60.320000 1000000 10.024254 10.023096 10.020101 10.022647 0.032069 0.032259 0.116907 0.112369 0.032259 0.032061 0.032259 13400 13492
39 62.310000 60.320000 1000000 10.022012 10.019870 10.017857 10.019421 0.032069 0.032259 0.116908 0.112369 0.032259 0.032061 0.032259 13490 13528
39 62.310000 60.320000 1000000 10.021410 10.018795 10.017254 10.018346 0.032069 0.032259 0.115874 0.111294 0.032259 0.032061 0.032259 13520 14027
39 62.310000 60.320000 1000000 10.008188 10.006967 10.004015 10.006518 0.032066 0.032259 0.121047 0.116670 0.032259 0.032058 0.032259 14020 14979
39 62.310000 60.320000 1000000 9.988552 9.987612 9.984355 9.987163 0.032065 0.032259 0.116907 0.112368 0.032259 0.032057 0.032259 14970 15055
39 62.310000 60.320000 1000000 9.987953 9.986537 9.983755 9.986088 0.032065 0.032259 0.115873 0.111293 0.032259 0.032056 0.032259 15050 15205
39 62.310000 60.320000 1000000 9.980859 9.980085 9.976653 9.979637 0.032065 0.032259 0.116907 0.112368 0.032259 0.032057 0.032259 15200 15885
39 62.310000 60.320000 1000000 9.968298 9.971483 9.964076 9.971034 0.032066 0.032259 0.116907 0.112368 0.032259 0.032058 0.032259 15880 16419
39 62.310000 60.320000 1000000 9.942734 9.926322 9.938479 9.925874 0.032064 0.032259 0.117941 0.113443 0.032259 0.032056 0.032259 16410 16434
39 62.310000 60.320000 1000000 9.942312 9.925247 9.938056 9.924798 0.032063 0.032259 0.118975 0.114519 0.032259 0.032055 0.032259 16430 17259
39 62.310000 60.320000 1000000 9.914914 9.890839 9.910623 9.890390 0.032063 0.032259 0.117940 0.113442 0.032259 0.032055 0.032259 17250 17399
39 62.310000 60.320000 1000000 9.912944 9.889763 9.908651 9.889315 0.032064 0.032259 0.116906 0.112367 0.032259 0.032056 0.032259 17390 17802
39 62.310000 60.320000 1000000 9.911140 9.888688 9.906844 9.888239 0.032065 0.032259 0.115873 0.111292 0.032259 0.032057 0.032259 17800 18239
39 62.310000 60.320000 1000000 9.895954 9.875785 9.891638 9.875336 0.032064 0.032259 0.122082 0.117743 0.032259 0.032056 0.032259 18230 18337
39 62.310000 60.320000 1000000 9.894325 9.874710 9.890007 9.874261 0.032064 0.032259 0.123119 0.118818 0.032259 0.032056 0.032259 18330 18641
39 62.310000 60.320000 1000000 9.894030 9.873634 9.890056 9.874440 0.032065 0.032259 0.123119 0.118818 0.032259 0.032056 0.032259 18640 18869
39 62.310000 60.320000 1000000 9.882840 9.866107 9.878853 9.866913 0.032065 0.032259 0.125195 0.120968 0.032259 0.032056 0.032259 18860 19898
39 62.310000 60.320000 1000000 9.880141 9.862882 9.876151 9.863687 0.032063 0.032259 0.126234 0.122043 0.032259 0.032054 0.032259 19890 20691
39 62.310000 60.320000 1000000 9.873555 9.858580 9.869556 9.859386 0.032063 0.032259 0.124156 0.119892 0.032259 0.032055 0.032259 20690 21210
39 62.310000 60.320000 1000000 9.865830 9.848903 9.861822 9.849709 0.032068 0.032259 0.122080 0.117741 0.032259 0.032059 0.032259 21210 22839
39 62.310000 60.320000 1000000 9.809222 9.805892 9.805145 9.806698 0.032076 0.032259 0.104563 0.099462 0.032259 0.032067 0.032259 22830 23685
39 62.310000 60.320000 1000000 9.805434 9.802667 9.801352 9.803472 0.032075 0.032259 0.105586 0.100538 0.032259 0.032066 0.032259 23680 24095
39 62.310000 60.320000 1000000 9.787593 9.759656 9.783489 9.760462 0.032074 0.032259 0.107636 0.102688 0.032259 0.032066 0.032259 24030 24143
39 62.310000 60.320000 1000000 9.774563 9.747828 9.770441 9.748634 0.032067 0.032259 0.118973 0.114516 0.032259 0.032058 0.032259 24140 25623
39 62.310000 60.320000 1000000 9.746918 9.728473 9.742762 9.729279 0.032066 0.032259 0.128314 0.124193 0.032259 0.032057 0.032259 25620 25635
39 62.310000 60.320000 1000000 9.746633 9.727398 9.742476 9.728204 0.032065 0.032259 0.128314 0.124193 0.032259 0.032057 0.032259 25630 26141
39 62.310000 60.320000 1000000 9.737743 9.720946 9.733575 9.721752 0.032068 0.032259 0.122081 0.117742 0.032259 0.032059 0.032259 26140 26260
39 62.310000 60.320000 1000000 9.737047 9.719871 9.732878 9.720677 0.032067 0.032259 0.122081 0.117742 0.032259 0.032058 0.032259 26260 26748
39 62.310000 60.320000 1000000 9.735304 9.718796 9.731133 9.719602 0.032067 0.032259 0.121044 0.116666 0.032259 0.032059 0.032259 26740 27475
39 62.310000 60.320000 1000000 9.729243 9.708043 9.724059 9.706430 0.032068 0.032259 0.124156 0.119892 0.032259 0.032061 0.032259 27470 28284
39 62.310000 60.320000 1000000 9.721167 9.699441 9.715970 9.697827 0.032069 0.032259 0.123119 0.118818 0.032259 0.032062 0.032259 28280 28341
39 62.310000 60.320000 1000000 9.719364 9.698366 9.714164 9.696752 0.032069 0.032259 0.122081 0.117742 0.032259 0.032063 0.032259 28340 28830
39 62.310000 60.320000 1000000 9.712751 9.692989 9.707432 9.690973 0.032071 0.032259 0.118974 0.114517 0.032259 0.032064 0.032259 28830 29539
39 62.310000 60.320000 1000000 9.699152 9.682237 9.693811 9.680220 0.032073 0.032259 0.114840 0.110216 0.032259 0.032066 0.032259 29530 29764
39 62.310000 60.320000 1000000 9.694793 9.679011 9.689444 9.676994 0.032072 0.032259 0.115872 0.111291 0.032259 0.032065 0.032259 29760 33704
39 62.310000 60.320000 1000000 9.682308 9.662882 9.676938 9.660865 0.032068 0.032259 0.108662 0.103763 0.032259 0.032061 0.032259 33700 34591
39 62.310000 60.320000 1000000 9.675440 9.658581 9.670059 9.656564 0.032068 0.032259 0.106609 0.101612 0.032259 0.032062 0.032259 34590 34674
39 62.310000 60.320000 1000000 9.674738 9.657506 9.669356 9.655489 0.032068 0.032259 0.105585 0.100537 0.032259 0.032062 0.032259 34670 36520
39 62.310000 60.320000 1000000 9.670826 9.652129 9.665438 9.650112 0.032067 0.032259 0.106609 0.101611 0.032259 0.032061 0.032259 36520 37325
39 62.310000 60.320000 1000000 9.665286 9.646753 9.659888 9.644736 0.032064 0.032259 0.108661 0.103762 0.032259 0.032058 0.032259 37320 39853
39 62.310000 60.320000 1000000 9.648746 9.630624 9.643320 9.628607 0.032056 0.032259 0.099461 0.094084 0.032259 0.032050 0.032259 39850 43128
39 62.310000 60.320000 1000000 9.639471 9.615570 9.633216 9.610328 0.032056 0.032259 0.102518 0.097310 0.032259 0.032050 0.032259 43120 45795
39 62.310000 60.320000 1000000 9.621594 9.563957 9.610411 9.541376 0.032060 0.032259 0.149225 0.145697 0.032259 0.032055 0.032259 45790 46007
39 62.310000 60.320000 1000000 9.621108 9.562882 9.609924 9.540301 0.032059 0.032259 0.149225 0.145696 0.032259 0.032055 0.032259 46000 47344
39 62.310000 60.320000 1000000 9.591527 9.544603 9.580239 9.522021 0.032066 0.032259 0.154478 0.151072 0.032259 0.032062 0.032259 47340 48091
39 62.310000 60.320000 1000000 9.582624 9.536000 9.571304 9.513419 0.032063 0.032259 0.154478 0.151073 0.032259 0.032060 0.032259 48090 48381
39 62.310000 60.320000 1000000 9.581099 9.534925 9.569773 9.512344 0.032064 0.032259 0.153427 0.149997 0.032259 0.032060 0.032259 48380 48399
39 62.310000 60.320000 1000000 9.579751 9.533850 9.568421 9.511269 0.032064 0.032259 0.152377 0.148923 0.032259 0.032060 0.032259 48390 50032
39 62.310000 60.320000 1000000 9.565197 9.524173 9.553815 9.501591 0.032065 0.032259 0.156584 0.153225 0.032259 0.032062 0.032259 50030 51699
39 62.310000 60.320000 1000000 9.563116 9.520947 9.551726 9.498366 0.032065 0.032259 0.157637 0.154301 0.032259 0.032062 0.032259 51690 52301
39 62.310000 60.320000 1000000 9.555183 9.508043 9.543765 9.485462 0.032075 0.032259 0.145031 0.141398 0.032259 0.032071 0.032259 52300 52608
39 62.310000 60.320000 1000000 9.553600 9.506968 9.542177 9.484387 0.032075 0.032259 0.143983 0.140322 0.032259 0.032072 0.032259 52600 53501
39 62.310000 60.320000 1000000 9.547516 9.502667 9.536070 9.480086 0.032074 0.032259 0.146079 0.142473 0.032259 0.032071 0.032259 53500 53628
39 62.310000 60.320000 1000000 9.546246 9.501592 9.534796 9.479011 0.032074 0.032259 0.147127 0.143547 0.032259 0.032071 0.032259 53620 54337
39 62.310000 60.320000 1000000 9.544689 9.500517 9.533233 9.477935 0.032075 0.032259 0.146079 0.142472 0.032259 0.032071 0.032259 54330 57044
39 62.310000 60.320000 1000000 9.532975 9.491914 9.521477 9.469333 0.032074 0.032259 0.142934 0.139247 0.032259 0.032071 0.032259 55080 58395
39 62.310000 60.320000 1000000 9.528420 9.486538 9.516905 9.463957 0.032071 0.032259 0.143983 0.140323 0.032259 0.032068 0.032259 58390 58431
39 62.310000 60.320000 1000000 9.527700 9.485463 9.516182 9.462882 0.032071 0.032259 0.143983 0.140323 0.032259 0.032068 0.032259 58430 58805
39 62.310000 60.320000 1000000 9.526911 9.484388 9.515391 9.461806 0.032071 0.032259 0.145031 0.141398 0.032259 0.032068 0.032259 58800 60278
39 62.310000 60.320000 1000000 9.500152 9.431700 9.488534 9.409119 0.032069 0.032259 0.117938 0.113441 0.032259 0.032066 0.032259 60270 61107
39 62.310000 60.320000 1000000 9.495120 9.427399 9.483484 9.404818 0.032070 0.032259 0.115872 0.111291 0.032259 0.032068 0.032259 61100 62126
39 62.310000 60.320000 1000000 9.494763 9.426323 9.483125 9.403742 0.032070 0.032259 0.114839 0.110215 0.032259 0.032068 0.032259 62120 64508
39 62.310000 60.320000 1000000 9.454119 9.398366 9.442330 9.375785 0.032070 0.032259 0.116905 0.112367 0.032259 0.032067 0.032259 64500 65191
39 62.310000 60.320000 1000000 9.453261 9.397291 9.441469 9.374710 0.032068 0.032259 0.117939 0.113442 0.032259 0.032066 0.032259 65190 67410
39 62.310000 60.320000 1000000 9.430844 9.381162 9.418967 9.358581 0.032071 0.032259 0.118975 0.114518 0.032259 0.032069 0.032259 67410 70659
39 62.310000 60.320000 1000000 9.428140 9.377936 9.416253 9.355355 0.032069 0.032259 0.120010 0.115593 0.032259 0.032067 0.032259 70650 82818
39 62.310000 60.320000 1000000 9.423225 9.369334 9.411320 9.346753 0.032068 0.032259 0.120009 0.115592 0.032259 0.032066 0.032259 72590 78480
39 62.310000 60.320000 1000000 9.421299 9.362883 9.409165 9.339092 0.032067 0.032259 0.121045 0.116667 0.032259 0.032065 0.032259 78480 82818
39 62.310000 60.320000 1000000 9.407035 9.257508 9.392608 9.193127 0.032073 0.032259 0.140841 0.137097 0.032259 0.032069 0.032259 82810 83107
39 62.310000 60.320000 1000000 9.405953 9.256433 9.391521 9.192052 0.032073 0.032259 0.140841 0.137097 0.032259 0.032070 0.032259 83100 85836
39 62.310000 60.320000 1000000 9.402627 9.244605 9.391438 9.192769 0.032076 0.032259 0.130397 0.126344 0.032259 0.032068 0.032259 85830 88561
39 62.310000 60.320000 1000000 9.395425 9.201595 9.392310 9.198683 0.032076 0.032259 0.096418 0.090861 0.032259 0.032068 0.032259 88560 93271
39 62.310000 60.320000 1000000 9.392148 9.199445 9.389029 9.196532 0.032076 0.032259 0.096418 0.090861 0.032259 0.032068 0.032259 91220 91749
39 62.310000 60.320000 1000000 9.390557 9.198369 9.387437 9.195457 0.032076 0.032259 0.097432 0.091936 0.032259 0.032068 0.032259 91740 93271
39 62.310000 60.320000 1000000 9.382916 9.191918 9.379788 9.189005 0.032076 0.032259 0.098447 0.093011 0.032259 0.032068 0.032259 93270 96268
39 62.310000 60.320000 1000000 9.342448 9.154283 9.339279 9.151371 0.032072 0.032259 0.105586 0.100538 0.032259 0.032064 0.032259 96260 97364
39 62.310000 60.320000 1000000 9.341119 9.153208 9.337949 9.150295 0.032073 0.032259 0.104563 0.099462 0.032259 0.032064 0.032259 97360 98223
39 62.310000 60.320000 1000000 9.337598 9.144606 9.334424 9.141693 0.032066 0.032259 0.111747 0.106989 0.032259 0.032058 0.032259 98220 100699
39 62.310000 60.320000 1000000 9.292330 9.117724 9.289110 9.114812 0.032082 0.032259 0.127273 0.123117 0.032259 0.032074 0.032259 100240 102310
39 62.310000 60.320000 1000000 9.287260 9.113423 9.284034 9.110511 0.032083 0.032259 0.127273 0.123117 0.032259 0.032075 0.032259 102310 109607
39 62.310000 60.320000 1000000 9.273615 9.102671 9.270375 9.099758 0.032088 0.032259 0.124155 0.119891 0.032259 0.032080 0.032259 109600 124607
39 62.310000 60.320000 1000000 9.272859 9.098369 9.269334 9.093844 0.032087 0.032259 0.123117 0.118816 0.032259 0.032079 0.032259 110580 115338
39 62.310000 60.320000 1000000 9.267205 9.094068 9.263607 9.089140 0.032088 0.032259 0.125194 0.120967 0.032259 0.032080 0.032259 115330 127499
39 62.310000 60.320000 1000000 9.238128 9.071488 9.234496 9.066559 0.032083 0.032259 0.136656 0.132794 0.032259 0.032075 0.032259 127490 137142
39 62.310000 60.320000 1000000 9.217588 9.052133 9.213932 9.047204 0.032069 0.032259 0.131441 0.127421 0.032259 0.032061 0.032259 137140 138128
39 62.310000 60.320000 1000000 9.216726 9.051058 9.213069 9.046129 0.032068 0.032259 0.132484 0.128497 0.032259 0.032060 0.032259 138120 143968
39 62.310000 60.320000 1000000 9.203703 9.037079 9.199819 9.031344 0.032066 0.032259 0.131441 0.127421 0.032259 0.032058 0.032259 143960 166955
39 62.310000 60.320000 1000000 9.119834 8.982240 9.115842 8.976505 0.032095 0.032259 0.107638 0.102690 0.032259 0.032087 0.032259 166950 168543
39 62.310000 60.320000 1000000 9.118450 8.981165 9.114456 8.975430 0.032095 0.032259 0.108664 0.103765 0.032259 0.032087 0.032259 168540 188560
39 62.310000 60.320000 1000000 9.065358 8.942456 9.061294 8.936720 0.032106 0.032259 0.096419 0.090862 0.032259 0.032098 0.032259 188560 188870
39 62.310000 60.320000 1000000 9.064627 8.941380 9.060561 8.935645 0.032105 0.032259 0.096419 0.090863 0.032259 0.032097 0.032259 188870 197819
39 62.310000 60.320000 1000000 9.061468 8.938154 9.057398 8.932419 0.032106 0.032259 0.098448 0.093013 0.032259 0.032098 0.032259 197810 214639
39 62.310000 60.320000 1000000 9.042889 8.917724 9.038794 8.911989 0.032103 0.032259 0.098447 0.093012 0.032259 0.032095 0.032259 214630 234108
39 62.310000 60.320000 1000000 9.034839 8.904821 9.030733 8.899086 0.032095 0.032259 0.090364 0.084410 0.032259 0.032087 0.032259 234100 234726
39 62.310000 60.320000 1000000 9.033553 8.901595 9.029446 8.895860 0.032093 0.032259 0.088359 0.082260 0.032259 0.032085 0.032259 234720 248592
39 62.310000 60.320000 1000000 9.018601 8.891918 9.014473 8.886183 0.032095 0.032259 0.084370 0.077959 0.032259 0.032087 0.032259 246270 263030
39 62.310000 60.320000 1000000 9.007367 8.882240 9.003224 8.876505 0.032096 0.032259 0.089361 0.083336 0.032259 0.032088 0.032259 250620 284845
39 62.310000 60.320000 1000000 8.974163 8.861810 8.969973 8.856075 0.032104 0.032259 0.088360 0.082261 0.032259 0.032096 0.032259 259270 289362
39 62.310000 60.320000 1000000 8.953859 8.834928 8.952224 8.841738 0.032101 0.032259 0.092378 0.086563 0.032259 0.032092 0.032259 289360 289696
39 62.310000 60.320000 1000000 8.952985 8.833853 8.951349 8.840663 0.032100 0.032259 0.092378 0.086563 0.032259 0.032091 0.032259 289690 290024
39 62.310000 60.320000 1000000 8.952168 8.832778 8.950531 8.839587 0.032101 0.032259 0.091372 0.085488 0.032259 0.032091 0.032259 290020 350873
39 62.310000 60.320000 1000000 8.924288 8.811272 8.922636 8.818082 0.032104 0.032259 0.079429 0.072583 0.032259 0.032094 0.032259 350870 354274
39 62.310000 60.320000 1000000 8.923989 8.810197 8.922225 8.816603 0.032104 0.032259 0.080413 0.073659 0.032259 0.032094 0.032259 354270 355434
39 62.310000 60.320000 1000000 8.923666 8.809122 8.921902 8.815528 0.032103 0.032259 0.080412 0.073658 0.032259 0.032094 0.032259 355430 366320
39 62.310000 60.320000 1000000 8.880976 8.781165 8.879187 8.787571 0.032109 0.032259 0.091369 0.085485 0.032259 0.032099 0.032259 366320 374117
39 62.310000 60.320000 1000000 8.860494 8.763960 8.858692 8.770367 0.032111 0.032259 0.095406 0.089787 0.032259 0.032101 0.032259 374110 375244
39 62.310000 60.320000 1000000 8.859386 8.762885 8.857583 8.769291 0.032110 0.032259 0.095406 0.089787 0.032259 0.032100 0.032259 375240 399969
39 62.310000 60.320000 1000000 8.820515 8.729552 8.818688 8.735958 0.032110 0.032259 0.098447 0.093012 0.032259 0.032100 0.032259 399960 407876
39 62.310000 60.320000 1000000 8.816085 8.723100 8.814255 8.729506 0.032110 0.032259 0.100482 0.095163 0.032259 0.032100 0.032259 407870 412589
39 62.310000 60.320000 1000000 8.805537 8.713423 8.803701 8.719829 0.032114 0.032259 0.096417 0.090861 0.032259 0.032104 0.032259 412580 463713
39 62.310000 60.320000 1000000 8.787587 8.697294 8.785739 8.703700 0.032118 0.032259 0.102520 0.097313 0.032259 0.032108 0.032259 463710 466441
39 62.310000 60.320000 1000000 8.787009 8.696218 8.785161 8.702625 0.032117 0.032259 0.102520 0.097313 0.032259 0.032107 0.032259 466440 466909
39 62.310000 60.320000 1000000 8.785699 8.695143 8.783850 8.701549 0.032118 0.032259 0.101500 0.096238 0.032259 0.032108 0.032259 466900 470694
39 62.310000 60.320000 1000000 8.785562 8.694068 8.783873 8.701729 0.032118 0.032259 0.101500 0.096238 0.032259 0.032108 0.032259 470690 491422
39 62.310000 60.320000 1000000 8.779839 8.688691 8.778146 8.696352 0.032118 0.032259 0.097432 0.091936 0.032259 0.032109 0.032259 491420 503172
39 62.310000 60.320000 1000000 8.774664 8.682777 8.772869 8.689587 0.032120 0.032259 0.094899 0.089248 0.032259 0.032111 0.032259 503170 510814
39 62.310000 60.320000 1000000 8.770698 8.678476 8.768900 8.685286 0.032122 0.032259 0.092879 0.087097 0.032259 0.032113 0.032259 510810 520747
39 62.310000 60.320000 1000000 8.758125 8.670949 8.756319 8.677759 0.032126 0.032259 0.088859 0.082797 0.032259 0.032117 0.032259 520740 521382
39 62.310000 60.320000 1000000 8.756865 8.667724 8.755216 8.675788 0.032124 0.032259 0.090866 0.084947 0.032259 0.032115 0.032259 521380 564812
39 62.310000 60.320000 1000000 8.748503 8.660197 8.746849 8.668261 0.032124 0.032259 0.093889 0.088173 0.032259 0.032115 0.032259 564810 569783
39 62.310000 60.320000 1000000 8.746997 8.659122 8.745343 8.667186 0.032125 0.032259 0.092880 0.087098 0.032259 0.032116 0.032259 569780 575289
39 62.310000 60.320000 1000000 8.746454 8.658046 8.744799 8.666110 0.032124 0.032259 0.093889 0.088173 0.032259 0.032115 0.032259 575280 597533
39 62.310000 60.320000 1000000 8.745046 8.653745 8.743390 8.661809 0.032124 0.032259 0.092880 0.087098 0.032259 0.032114 0.032259 597530 607668
39 62.310000 60.320000 1000000 8.732599 8.645143 8.730936 8.653207 0.032122 0.032259 0.098955 0.093550 0.032259 0.032113 0.032259 607660 689818
39 62.310000 60.320000 1000000 8.707693 8.625788 8.706016 8.633852 0.032122 0.032259 0.106100 0.101077 0.032259 0.032113 0.032259 689810 695968
39 62.310000 60.320000 1000000 8.707590 8.624175 8.705858 8.631388 0.032122 0.032259 0.105589 0.100541 0.032259 0.032113 0.032259 695960 715723
39 62.310000 60.320000 1000000 8.702252 8.620950 8.700517 8.628162 0.032125 0.032259 0.102522 0.097315 0.032259 0.032115 0.032259 715720 727528
39 62.310000 60.320000 1000000 8.701773 8.619874 8.700038 8.627087 0.032125 0.032259 0.103544 0.098390 0.032259 0.032115 0.032259 727520 775104
39 62.310000 60.320000 1000000 8.690974 8.611272 8.689233 8.618485 0.032125 0.032259 0.102522 0.097315 0.032259 0.032115 0.032259 775100 804221
39 62.310000 60.320000 1000000 8.672058 8.596219 8.670306 8.603431 0.032131 0.032259 0.098449 0.093014 0.032259 0.032122 0.032259 804220 841367
39 62.310000 60.320000 1000000 8.667962 8.592993 8.666207 8.600206 0.032131 0.032259 0.098450 0.093015 0.032259 0.032121 0.032259 841360 928016
39 62.310000 60.320000 1000000 8.624785 8.558584 8.623003 8.565797 0.032132 0.032259 0.093388 0.087639 0.032259 0.032123 0.032259 928010 952580
39 62.310000 60.320000 1000000 8.614119 8.551057 8.612330 8.558270 0.032135 0.032259 0.093388 0.087640 0.032259 0.032125 0.032259 952580 972506
39 62.310000 60.320000 1000000 8.600967 8.541380 8.599171 8.548593 0.032137 0.032259 0.098451 0.093016 0.032259 0.032127 0.032259 972500 975833
39 62.310000 60.320000 1000000 8.599931 8.540305 8.598134 8.547518 0.032136 0.032259 0.097436 0.091941 0.032259 0.032126 0.032259 975830 1000000
