41 62.310000 60.320000 1000000 12.593025 12.687061 12.587900 12.688717 0.031569 0.032257 0.285699 0.283872 0.032257 0.031561 0.032257 0 50
41 62.310000 60.320000 1000000 11.148125 11.221477 11.145330 11.229405 0.031312 0.032257 0.248340 0.246236 0.032257 0.031300 0.032257 50 60
41 62.310000 60.320000 1000000 10.908039 10.965564 10.904930 10.975732 0.031226 0.032257 0.193035 0.190321 0.032257 0.031214 0.032257 60 70
41 62.310000 60.320000 1000000 10.626061 10.749435 10.622338 10.757498 0.031236 0.032257 0.181387 0.178496 0.032257 0.031224 0.032257 70 80
41 62.310000 60.320000 1000000 10.556763 10.649973 10.552273 10.652928 0.031177 0.032257 0.159745 0.156454 0.032257 0.031167 0.032257 80 90
41 62.310000 60.320000 1000000 10.420092 10.524167 10.414761 10.525509 0.031152 0.032257 0.139798 0.136025 0.032257 0.031142 0.032257 90 103
41 62.310000 60.320000 1000000 10.344058 10.452661 10.338188 10.452346 0.031146 0.032257 0.144510 0.140864 0.032257 0.031138 0.032257 100 110
41 62.310000 60.320000 1000000 10.279008 10.386533 10.272736 10.383664 0.031138 0.032257 0.142939 0.139252 0.032257 0.031129 0.032257 110 120
41 62.310000 60.320000 1000000 10.185596 10.205888 10.190218 10.283754 0.031081 0.032257 0.210555 0.208069 0.032257 0.031082 0.032257 120 130
41 62.310000 60.320000 1000000 10.153338 10.173092 10.157130 10.244999 0.031084 0.032257 0.210023 0.207531 0.032257 0.031086 0.032257 130 142
41 62.310000 60.320000 1000000 10.082071 10.096748 10.085943 10.168655 0.031089 0.032257 0.210022 0.207530 0.032257 0.031090 0.032257 140 152
41 62.310000 60.320000 1000000 10.026514 10.047286 10.031579 10.122957 0.031079 0.032257 0.207895 0.205378 0.032257 0.031078 0.032257 150 161
41 62.310000 60.320000 1000000 9.965839 9.954813 9.970997 10.030484 0.030998 0.032257 0.208960 0.206455 0.032257 0.030997 0.032257 160 171
41 62.310000 60.320000 1000000 9.931509 9.911803 9.936320 9.984068 0.030973 0.032257 0.200465 0.197852 0.032257 0.030972 0.032257 170 180
41 62.310000 60.320000 1000000 9.882463 9.779007 9.884232 9.809561 0.030989 0.032257 0.179800 0.176883 0.032257 0.030986 0.032257 180 194
41 62.310000 60.320000 1000000 9.842623 9.743524 9.844413 9.774078 0.031021 0.032257 0.158691 0.155378 0.032257 0.031018 0.032257 190 205
41 62.310000 60.320000 1000000 9.800181 9.657502 9.801994 9.688056 0.030990 0.032257 0.187211 0.184411 0.032257 0.030986 0.032257 200 214
41 62.310000 60.320000 1000000 9.773479 9.581158 9.775701 9.612967 0.030951 0.032257 0.191449 0.188712 0.032257 0.030948 0.032257 210 231
41 62.310000 60.320000 1000000 9.665305 9.432772 9.661757 9.439984 0.031002 0.032257 0.126238 0.122047 0.032257 0.030995 0.032257 230 249
41 62.310000 60.320000 1000000 9.664135 9.417181 9.660277 9.416731 0.030998 0.032257 0.122604 0.118284 0.032257 0.030991 0.032257 240 250
41 62.310000 60.320000 1000000 9.662635 9.413955 9.658391 9.412699 0.030999 0.032257 0.122604 0.118284 0.032257 0.030992 0.032257 250 290
41 62.310000 60.320000 1000000 9.625755 9.343525 9.621325 9.341418 0.030964 0.032257 0.108666 0.103768 0.032257 0.030958 0.032257 290 334
41 62.310000 60.320000 1000000 9.608432 9.319869 9.603977 9.317762 0.030970 0.032257 0.106614 0.101617 0.032257 0.030963 0.032257 330 343
41 62.310000 60.320000 1000000 9.601744 9.314493 9.597280 9.312385 0.030978 0.032257 0.106615 0.101618 0.032257 0.030972 0.032257 340 364
41 62.310000 60.320000 1000000 9.593425 9.303740 9.588949 9.301633 0.030969 0.032257 0.105590 0.100542 0.032257 0.030963 0.032257 360 371
41 62.310000 60.320000 1000000 9.578838 9.284385 9.574342 9.282278 0.030976 0.032257 0.108665 0.103767 0.032257 0.030970 0.032257 370 394
41 62.310000 60.320000 1000000 9.536080 9.260729 9.531523 9.258622 0.031009 0.032257 0.113806 0.109138 0.032257 0.031003 0.032257 390 433
41 62.310000 60.320000 1000000 9.441248 9.181160 9.443624 9.202888 0.031100 0.032257 0.139789 0.136017 0.032257 0.031084 0.032257 430 462
41 62.310000 60.320000 1000000 9.417070 9.134924 9.417638 9.144735 0.031101 0.032257 0.129350 0.125264 0.032257 0.031088 0.032257 460 484
41 62.310000 60.320000 1000000 9.395545 9.111268 9.395324 9.119466 0.031107 0.032257 0.125190 0.120962 0.032257 0.031095 0.032257 480 502
41 62.310000 60.320000 1000000 9.353348 9.073634 9.353124 9.081832 0.031147 0.032257 0.136652 0.132791 0.032257 0.031135 0.032257 500 510
41 62.310000 60.320000 1000000 9.324742 9.051054 9.323756 9.057638 0.031175 0.032257 0.122076 0.117737 0.032257 0.031164 0.032257 510 524
41 62.310000 60.320000 1000000 9.321609 9.046753 9.320622 9.053337 0.031174 0.032257 0.117933 0.113436 0.032257 0.031163 0.032257 520 530
41 62.310000 60.320000 1000000 9.318346 9.043527 9.317175 9.049708 0.031177 0.032257 0.116900 0.112361 0.032257 0.031166 0.032257 530 541
41 62.310000 60.320000 1000000 9.316362 9.039226 9.315092 9.044601 0.031172 0.032257 0.118968 0.114512 0.032257 0.031161 0.032257 540 554
41 62.310000 60.320000 1000000 9.297112 9.029548 9.295834 9.034923 0.031187 0.032257 0.115867 0.111286 0.032257 0.031176 0.032257 550 563
41 62.310000 60.320000 1000000 9.272564 8.993527 9.270065 8.989539 0.031202 0.032257 0.133001 0.129029 0.032257 0.031192 0.032257 560 589
41 62.310000 60.320000 1000000 9.257134 8.984925 9.254623 8.980937 0.031215 0.032257 0.139268 0.135481 0.032257 0.031205 0.032257 580 607
41 62.310000 60.320000 1000000 9.239732 8.967721 9.237206 8.963732 0.031229 0.032257 0.133000 0.129029 0.032257 0.031219 0.032257 600 616
41 62.310000 60.320000 1000000 9.224249 8.955893 9.221711 8.951905 0.031239 0.032257 0.135091 0.131183 0.032257 0.031229 0.032257 610 719
41 62.310000 60.320000 1000000 9.183552 8.927936 9.180979 8.923947 0.031247 0.032257 0.139273 0.135485 0.032257 0.031237 0.032257 630 652
41 62.310000 60.320000 1000000 9.156149 8.911807 9.153554 8.907819 0.031270 0.032257 0.143460 0.139786 0.032257 0.031260 0.032257 650 719
41 62.310000 60.320000 1000000 9.119881 8.876323 9.117254 8.872335 0.031295 0.032257 0.130919 0.126882 0.032257 0.031285 0.032257 710 733
41 62.310000 60.320000 1000000 9.107915 8.863420 9.103828 8.856206 0.031305 0.032257 0.119491 0.115055 0.032257 0.031298 0.032257 730 796
41 62.310000 60.320000 1000000 9.093123 8.851592 9.089016 8.844378 0.031292 0.032257 0.112262 0.107528 0.032257 0.031285 0.032257 750 837
41 62.310000 60.320000 1000000 9.068570 8.834388 9.064430 8.827174 0.031286 0.032257 0.106100 0.101078 0.032257 0.031279 0.032257 830 872
41 62.310000 60.320000 1000000 9.067881 8.833313 9.063739 8.826099 0.031285 0.032257 0.106100 0.101078 0.032257 0.031277 0.032257 870 956
41 62.310000 60.320000 1000000 9.031469 8.809657 9.027277 8.802443 0.031298 0.032257 0.100993 0.095702 0.032257 0.031291 0.032257 950 964
41 62.310000 60.320000 1000000 9.031012 8.808582 9.026648 8.800964 0.031299 0.032257 0.100993 0.095702 0.032257 0.031292 0.032257 960 1005
41 62.310000 60.320000 1000000 9.030777 8.806431 9.026472 8.799665 0.031298 0.032257 0.100993 0.095702 0.032257 0.031291 0.032257 1000 1024
41 62.310000 60.320000 1000000 9.030279 8.805356 9.025974 8.798590 0.031297 0.032257 0.100993 0.095702 0.032257 0.031290 0.032257 1020 1048
41 62.310000 60.320000 1000000 9.022140 8.801055 9.017823 8.794288 0.031304 0.032257 0.102013 0.096779 0.032257 0.031297 0.032257 1040 1057
41 62.310000 60.320000 1000000 9.020660 8.799980 9.016341 8.793213 0.031303 0.032257 0.100993 0.095703 0.032257 0.031296 0.032257 1050 1118
41 62.310000 60.320000 1000000 8.958701 8.763421 8.954291 8.756654 0.031369 0.032257 0.091876 0.086027 0.032257 0.031362 0.032257 1110 1131
41 62.310000 60.320000 1000000 8.952743 8.760195 8.948324 8.753428 0.031374 0.032257 0.089866 0.083877 0.032257 0.031368 0.032257 1130 1206
41 62.310000 60.320000 1000000 8.894589 8.715033 8.892041 8.715839 0.031414 0.032257 0.090869 0.084950 0.032257 0.031405 0.032257 1200 1225
41 62.310000 60.320000 1000000 8.869471 8.698905 8.866732 8.699307 0.031413 0.032257 0.089864 0.083875 0.032257 0.031404 0.032257 1220 1245
41 62.310000 60.320000 1000000 8.867306 8.695679 8.864565 8.696081 0.031410 0.032257 0.087860 0.081725 0.032257 0.031401 0.032257 1240 1274
41 62.310000 60.320000 1000000 8.865807 8.694603 8.863065 8.695006 0.031409 0.032257 0.088861 0.082799 0.032257 0.031400 0.032257 1270 1289
41 62.310000 60.320000 1000000 8.864828 8.693528 8.862086 8.693930 0.031407 0.032257 0.088861 0.082800 0.032257 0.031398 0.032257 1280 1293
41 62.310000 60.320000 1000000 8.850182 8.683851 8.847426 8.684253 0.031406 0.032257 0.083875 0.077424 0.032257 0.031397 0.032257 1290 1329
41 62.310000 60.320000 1000000 8.839729 8.676862 8.836924 8.676412 0.031415 0.032257 0.089363 0.083338 0.032257 0.031406 0.032257 1320 1361
41 62.310000 60.320000 1000000 8.831478 8.671485 8.828665 8.671036 0.031420 0.032257 0.088361 0.082262 0.032257 0.031411 0.032257 1360 1424
41 62.310000 60.320000 1000000 8.831137 8.670410 8.828324 8.669961 0.031419 0.032257 0.088361 0.082263 0.032257 0.031410 0.032257 1420 1469
41 62.310000 60.320000 1000000 8.829189 8.669335 8.826373 8.668885 0.031421 0.032257 0.089363 0.083338 0.032257 0.031412 0.032257 1460 1589
41 62.310000 60.320000 1000000 8.809749 8.654281 8.806915 8.653832 0.031422 0.032257 0.095408 0.089790 0.032257 0.031413 0.032257 1580 1593
41 62.310000 60.320000 1000000 8.808390 8.653205 8.805555 8.652756 0.031420 0.032257 0.095408 0.089790 0.032257 0.031411 0.032257 1590 1619
41 62.310000 60.320000 1000000 8.803231 8.644603 8.799270 8.641332 0.031426 0.032257 0.098451 0.093016 0.032257 0.031419 0.032257 1610 1687
41 62.310000 60.320000 1000000 8.769437 8.626324 8.765429 8.623052 0.031457 0.032257 0.091373 0.085489 0.032257 0.031450 0.032257 1680 1696
41 62.310000 60.320000 1000000 8.764981 8.624173 8.760967 8.620902 0.031461 0.032257 0.089364 0.083339 0.032257 0.031454 0.032257 1690 1730
41 62.310000 60.320000 1000000 8.754584 8.614496 8.750555 8.611224 0.031475 0.032257 0.082390 0.075812 0.032257 0.031467 0.032257 1730 1772
41 62.310000 60.320000 1000000 8.754337 8.613421 8.750309 8.610149 0.031474 0.032257 0.083380 0.076887 0.032257 0.031467 0.032257 1770 1930
41 62.310000 60.320000 1000000 8.740967 8.603743 8.736920 8.600472 0.031471 0.032257 0.080415 0.073662 0.032257 0.031464 0.032257 1930 2089
41 62.310000 60.320000 1000000 8.737505 8.598367 8.733454 8.595095 0.031463 0.032257 0.080415 0.073661 0.032257 0.031456 0.032257 2080 2114
41 62.310000 60.320000 1000000 8.735893 8.596216 8.731839 8.592945 0.031465 0.032257 0.078450 0.071511 0.032257 0.031457 0.032257 2110 2410
41 62.310000 60.320000 1000000 8.696338 8.568260 8.692229 8.564988 0.031481 0.032257 0.074549 0.067209 0.032257 0.031474 0.032257 2410 2534
41 62.310000 60.320000 1000000 8.693112 8.565034 8.688998 8.561762 0.031477 0.032257 0.074549 0.067209 0.032257 0.031470 0.032257 2530 2606
41 62.310000 60.320000 1000000 8.691033 8.563958 8.686916 8.560687 0.031479 0.032257 0.073581 0.066133 0.032257 0.031471 0.032257 2600 2767
41 62.310000 60.320000 1000000 8.687364 8.558582 8.684281 8.559074 0.031483 0.032257 0.073580 0.066132 0.032257 0.031474 0.032257 2750 2770
41 62.310000 60.320000 1000000 8.678583 8.553206 8.675490 8.553698 0.031487 0.032257 0.070694 0.062905 0.032257 0.031478 0.032257 2770 2810
41 62.310000 60.320000 1000000 8.676501 8.549442 8.673285 8.549083 0.031484 0.032257 0.072133 0.064518 0.032257 0.031475 0.032257 2810 2869
41 62.310000 60.320000 1000000 8.657210 8.538690 8.653973 8.538330 0.031494 0.032257 0.075032 0.067744 0.032257 0.031486 0.032257 2860 2876
41 62.310000 60.320000 1000000 8.656155 8.537614 8.652917 8.537255 0.031492 0.032257 0.076004 0.068819 0.032257 0.031484 0.032257 2870 2986
41 62.310000 60.320000 1000000 8.651357 8.532238 8.648113 8.531878 0.031483 0.032257 0.072132 0.064518 0.032257 0.031475 0.032257 2980 3017
41 62.310000 60.320000 1000000 8.649457 8.531163 8.646212 8.530803 0.031484 0.032257 0.072132 0.064518 0.032257 0.031476 0.032257 3010 3055
41 62.310000 60.320000 1000000 8.648121 8.530087 8.644874 8.529728 0.031482 0.032257 0.072132 0.064518 0.032257 0.031474 0.032257 3050 3387
41 62.310000 60.320000 1000000 8.639138 8.520410 8.635880 8.520051 0.031477 0.032257 0.075032 0.067744 0.032257 0.031468 0.032257 3380 3391
41 62.310000 60.320000 1000000 8.637224 8.519335 8.633965 8.518975 0.031478 0.032257 0.075032 0.067744 0.032257 0.031469 0.032257 3390 3445
41 62.310000 60.320000 1000000 8.605853 8.499980 8.602558 8.499620 0.031481 0.032257 0.078936 0.072044 0.032257 0.031473 0.032257 3420 3821
41 62.310000 60.320000 1000000 8.599577 8.494603 8.596274 8.494244 0.031484 0.032257 0.078937 0.072045 0.032257 0.031476 0.032257 3820 3863
41 62.310000 60.320000 1000000 8.599217 8.493528 8.595914 8.493169 0.031483 0.032257 0.079919 0.073120 0.032257 0.031475 0.032257 3860 3882
41 62.310000 60.320000 1000000 8.597316 8.492453 8.594011 8.492093 0.031485 0.032257 0.079919 0.073120 0.032257 0.031477 0.032257 3880 4332
41 62.310000 60.320000 1000000 8.582058 8.478474 8.578736 8.478115 0.031505 0.032257 0.077957 0.070970 0.032257 0.031497 0.032257 3930 4437
41 62.310000 60.320000 1000000 8.567764 8.469872 8.564425 8.469513 0.031509 0.032257 0.076004 0.068819 0.032257 0.031500 0.032257 4430 4482
41 62.310000 60.320000 1000000 8.554807 8.461270 8.551452 8.460911 0.031524 0.032257 0.076977 0.069893 0.032257 0.031516 0.032257 4480 4539
41 62.310000 60.320000 1000000 8.553533 8.460195 8.550177 8.459835 0.031525 0.032257 0.076977 0.069893 0.032257 0.031517 0.032257 4530 4561
41 62.310000 60.320000 1000000 8.551552 8.459120 8.548193 8.458760 0.031528 0.032257 0.077955 0.070968 0.032257 0.031519 0.032257 4560 4755
41 62.310000 60.320000 1000000 8.546145 8.454818 8.542781 8.454459 0.031523 0.032257 0.080902 0.074193 0.032257 0.031514 0.032257 4750 5044
41 62.310000 60.320000 1000000 8.541637 8.450517 8.538267 8.450158 0.031520 0.032257 0.079918 0.073118 0.032257 0.031512 0.032257 5040 5079
41 62.310000 60.320000 1000000 8.540798 8.449442 8.537427 8.449083 0.031521 0.032257 0.079918 0.073118 0.032257 0.031513 0.032257 5070 5102
41 62.310000 60.320000 1000000 8.539372 8.448367 8.535999 8.448007 0.031520 0.032257 0.080902 0.074193 0.032257 0.031512 0.032257 5100 5554
41 62.310000 60.320000 1000000 8.535009 8.445141 8.531631 8.444782 0.031518 0.032257 0.078935 0.072043 0.032257 0.031509 0.032257 5550 5560
41 62.310000 60.320000 1000000 8.528823 8.440840 8.525274 8.440077 0.031524 0.032257 0.082879 0.076344 0.032257 0.031516 0.032257 5560 5592
41 62.310000 60.320000 1000000 8.523200 8.432238 8.519644 8.431475 0.031522 0.032257 0.085859 0.079569 0.032257 0.031514 0.032257 5590 5873
41 62.310000 60.320000 1000000 8.522492 8.431163 8.518935 8.430400 0.031521 0.032257 0.086856 0.080644 0.032257 0.031513 0.032257 5870 5930
41 62.310000 60.320000 1000000 8.520902 8.430087 8.517344 8.429325 0.031523 0.032257 0.086856 0.080644 0.032257 0.031515 0.032257 5930 6311
41 62.310000 60.320000 1000000 8.514122 8.424711 8.510555 8.423948 0.031518 0.032257 0.082878 0.076343 0.032257 0.031510 0.032257 6310 6352
41 62.310000 60.320000 1000000 8.512987 8.423636 8.509419 8.422873 0.031516 0.032257 0.082879 0.076343 0.032257 0.031508 0.032257 6350 6624
41 62.310000 60.320000 1000000 8.511747 8.422560 8.508177 8.421798 0.031514 0.032257 0.082879 0.076343 0.032257 0.031506 0.032257 6620 6639
41 62.310000 60.320000 1000000 8.509607 8.421485 8.506034 8.420723 0.031516 0.032257 0.081889 0.075268 0.032257 0.031508 0.032257 6630 6684
41 62.310000 60.320000 1000000 8.508775 8.420410 8.505201 8.419647 0.031517 0.032257 0.082879 0.076343 0.032257 0.031509 0.032257 6680 6787
41 62.310000 60.320000 1000000 8.508237 8.419335 8.504662 8.418572 0.031518 0.032257 0.083870 0.077419 0.032257 0.031510 0.032257 6780 6790
41 62.310000 60.320000 1000000 8.507595 8.418259 8.504019 8.417497 0.031517 0.032257 0.082879 0.076343 0.032257 0.031509 0.032257 6790 6952
41 62.310000 60.320000 1000000 8.506500 8.417184 8.502923 8.416421 0.031515 0.032257 0.081889 0.075268 0.032257 0.031507 0.032257 6950 7332
41 62.310000 60.320000 1000000 8.496921 8.411808 8.493332 8.411045 0.031524 0.032257 0.082879 0.076344 0.032257 0.031516 0.032257 7220 7244
41 62.310000 60.320000 1000000 8.495025 8.410733 8.491434 8.409970 0.031525 0.032257 0.083871 0.077419 0.032257 0.031517 0.032257 7240 7332
41 62.310000 60.320000 1000000 8.493082 8.409657 8.489488 8.408895 0.031527 0.032257 0.082879 0.076344 0.032257 0.031519 0.032257 7330 7485
41 62.310000 60.320000 1000000 8.488921 8.406431 8.485322 8.405669 0.031527 0.032257 0.079917 0.073118 0.032257 0.031519 0.032257 7480 7625
41 62.310000 60.320000 1000000 8.487701 8.405356 8.484101 8.404594 0.031525 0.032257 0.079917 0.073118 0.032257 0.031517 0.032257 7620 8535
41 62.310000 60.320000 1000000 8.459648 8.386001 8.456012 8.385239 0.031552 0.032257 0.074060 0.066665 0.032257 0.031545 0.032257 8530 8629
41 62.310000 60.320000 1000000 8.458755 8.384926 8.455117 8.384163 0.031551 0.032257 0.073093 0.065590 0.032257 0.031543 0.032257 8620 8699
41 62.310000 60.320000 1000000 8.458590 8.383851 8.454890 8.382685 0.031551 0.032257 0.074060 0.066665 0.032257 0.031543 0.032257 8690 9138
41 62.310000 60.320000 1000000 8.446347 8.376324 8.442631 8.375158 0.031559 0.032257 0.075031 0.067742 0.032257 0.031551 0.032257 9130 9304
41 62.310000 60.320000 1000000 8.446105 8.374711 8.442261 8.372694 0.031559 0.032257 0.074546 0.067205 0.032257 0.031551 0.032257 9300 9544
41 62.310000 60.320000 1000000 8.445466 8.373636 8.441620 8.371619 0.031558 0.032257 0.075516 0.068280 0.032257 0.031550 0.032257 9540 9684
41 62.310000 60.320000 1000000 8.443320 8.372560 8.439471 8.370543 0.031560 0.032257 0.074545 0.067205 0.032257 0.031552 0.032257 9680 10130
41 62.310000 60.320000 1000000 8.435394 8.363958 8.431285 8.360239 0.031556 0.032257 0.078446 0.071507 0.032257 0.031549 0.032257 10130 10275
41 62.310000 60.320000 1000000 8.428341 8.359657 8.424222 8.355938 0.031559 0.032257 0.076491 0.069356 0.032257 0.031552 0.032257 10270 11569
41 62.310000 60.320000 1000000 8.418269 8.352130 8.414135 8.348411 0.031552 0.032257 0.075517 0.068281 0.032257 0.031544 0.032257 11560 11606
41 62.310000 60.320000 1000000 8.416729 8.351055 8.412593 8.347336 0.031554 0.032257 0.074546 0.067205 0.032257 0.031547 0.032257 11600 11709
41 62.310000 60.320000 1000000 8.414771 8.349980 8.410631 8.346260 0.031556 0.032257 0.074546 0.067205 0.032257 0.031549 0.032257 11700 11857
41 62.310000 60.320000 1000000 8.414078 8.348905 8.409938 8.345185 0.031555 0.032257 0.073578 0.066130 0.032257 0.031547 0.032257 11850 11979
41 62.310000 60.320000 1000000 8.412925 8.347829 8.408783 8.344110 0.031553 0.032257 0.074545 0.067205 0.032257 0.031545 0.032257 11970 12149
41 62.310000 60.320000 1000000 8.412611 8.346754 8.408836 8.344289 0.031553 0.032257 0.073577 0.066129 0.032257 0.031545 0.032257 12140 13931
41 62.310000 60.320000 1000000 8.356626 8.305894 8.353045 8.305938 0.031574 0.032257 0.064088 0.055378 0.032257 0.031567 0.032257 13930 14504
41 62.310000 60.320000 1000000 8.349889 8.291915 8.345583 8.286852 0.031573 0.032257 0.066895 0.058604 0.032257 0.031567 0.032257 14500 14645
41 62.310000 60.320000 1000000 8.344326 8.288690 8.340012 8.283626 0.031575 0.032257 0.065019 0.056453 0.032257 0.031569 0.032257 14640 14856
41 62.310000 60.320000 1000000 8.342776 8.287614 8.338459 8.282551 0.031577 0.032257 0.065019 0.056453 0.032257 0.031571 0.032257 14850 14959
41 62.310000 60.320000 1000000 8.341673 8.286539 8.337355 8.281475 0.031575 0.032257 0.065019 0.056453 0.032257 0.031569 0.032257 14950 14979
41 62.310000 60.320000 1000000 8.338797 8.283313 8.334474 8.278250 0.031575 0.032257 0.064088 0.055379 0.032257 0.031569 0.032257 14970 15922
41 62.310000 60.320000 1000000 8.335192 8.277937 8.330524 8.272067 0.031572 0.032257 0.063162 0.054304 0.032257 0.031566 0.032257 15920 16767
41 62.310000 60.320000 1000000 8.313435 8.258582 8.308730 8.252712 0.031585 0.032257 0.061322 0.052152 0.032257 0.031580 0.032257 16760 17197
41 62.310000 60.320000 1000000 8.312068 8.257507 8.307361 8.251637 0.031587 0.032257 0.062239 0.053227 0.032257 0.031582 0.032257 17190 18897
41 62.310000 60.320000 1000000 8.288370 8.240302 8.283622 8.234432 0.031591 0.032257 0.065955 0.057528 0.032257 0.031586 0.032257 18790 20042
41 62.310000 60.320000 1000000 8.281029 8.233851 8.276100 8.227577 0.031584 0.032257 0.065019 0.056453 0.032257 0.031579 0.032257 20040 20295
41 62.310000 60.320000 1000000 8.263988 8.223098 8.259029 8.216825 0.031593 0.032257 0.068787 0.060755 0.032257 0.031588 0.032257 20290 21391
41 62.310000 60.320000 1000000 8.259827 8.219872 8.254860 8.213599 0.031596 0.032257 0.068787 0.060754 0.032257 0.031591 0.032257 21390 21522
41 62.310000 60.320000 1000000 8.258763 8.218797 8.253794 8.212524 0.031594 0.032257 0.067839 0.059679 0.032257 0.031589 0.032257 21520 21669
41 62.310000 60.320000 1000000 8.257192 8.217722 8.252221 8.211448 0.031593 0.032257 0.068786 0.060754 0.032257 0.031589 0.032257 21660 23629
41 62.310000 60.320000 1000000 8.235410 8.197292 8.231160 8.193527 0.031612 0.032257 0.064088 0.055378 0.032257 0.031606 0.032257 23620 24474
41 62.310000 60.320000 1000000 8.233801 8.196216 8.229548 8.192452 0.031611 0.032257 0.063161 0.054303 0.032257 0.031605 0.032257 24470 24500
41 62.310000 60.320000 1000000 8.231763 8.195141 8.227507 8.191377 0.031614 0.032257 0.062239 0.053228 0.032257 0.031608 0.032257 24500 26036
41 62.310000 60.320000 1000000 8.220963 8.183313 8.218477 8.185821 0.031624 0.032257 0.064086 0.055376 0.032257 0.031615 0.032257 26030 26754
41 62.310000 60.320000 1000000 8.219685 8.182238 8.217198 8.184746 0.031626 0.032257 0.063159 0.054301 0.032257 0.031617 0.032257 26750 28282
41 62.310000 60.320000 1000000 8.216399 8.177937 8.213413 8.179235 0.031630 0.032257 0.063160 0.054301 0.032257 0.031622 0.032257 28280 29564
41 62.310000 60.320000 1000000 8.206648 8.170410 8.203652 8.171708 0.031641 0.032257 0.065018 0.056452 0.032257 0.031633 0.032257 29560 29795
41 62.310000 60.320000 1000000 8.204986 8.169335 8.201987 8.170633 0.031641 0.032257 0.064087 0.055377 0.032257 0.031633 0.032257 29790 30583
41 62.310000 60.320000 1000000 8.204397 8.168259 8.201398 8.169558 0.031642 0.032257 0.063160 0.054301 0.032257 0.031634 0.032257 30580 31940
41 62.310000 60.320000 1000000 8.200682 8.165034 8.197679 8.166332 0.031644 0.032257 0.061321 0.052151 0.032257 0.031636 0.032257 31940 32005
41 62.310000 60.320000 1000000 8.199290 8.163958 8.196285 8.165257 0.031643 0.032257 0.062238 0.053226 0.032257 0.031634 0.032257 32000 32295
41 62.310000 60.320000 1000000 8.196332 8.159657 8.193324 8.160956 0.031644 0.032257 0.061321 0.052151 0.032257 0.031636 0.032257 32290 33309
41 62.310000 60.320000 1000000 8.194995 8.158582 8.191985 8.159880 0.031646 0.032257 0.061321 0.052151 0.032257 0.031638 0.032257 33300 35041
41 62.310000 60.320000 1000000 8.183880 8.149980 8.180859 8.151278 0.031658 0.032257 0.062239 0.053227 0.032257 0.031650 0.032257 35040 35575
41 62.310000 60.320000 1000000 8.182476 8.148905 8.179453 8.150203 0.031660 0.032257 0.062239 0.053227 0.032257 0.031652 0.032257 35570 36134
41 62.310000 60.320000 1000000 8.181440 8.147829 8.178415 8.149128 0.031658 0.032257 0.062239 0.053227 0.032257 0.031650 0.032257 36130 36168
41 62.310000 60.320000 1000000 8.179469 8.146754 8.176442 8.148052 0.031660 0.032257 0.062239 0.053228 0.032257 0.031652 0.032257 36160 36179
41 62.310000 60.320000 1000000 8.178248 8.145679 8.175219 8.146977 0.031662 0.032257 0.061322 0.052152 0.032257 0.031654 0.032257 36170 37858
41 62.310000 60.320000 1000000 8.171246 8.141378 8.168210 8.142676 0.031666 0.032257 0.060410 0.051077 0.032257 0.031658 0.032257 37850 40478
41 62.310000 60.320000 1000000 8.148635 8.125249 8.145095 8.125337 0.031691 0.032257 0.062238 0.053227 0.032257 0.031683 0.032257 40470 41422
41 62.310000 60.320000 1000000 8.147450 8.124173 8.143908 8.124262 0.031689 0.032257 0.062238 0.053227 0.032257 0.031681 0.032257 41420 42517
41 62.310000 60.320000 1000000 8.146298 8.123098 8.142754 8.123187 0.031687 0.032257 0.063160 0.054302 0.032257 0.031679 0.032257 42510 42613
41 62.310000 60.320000 1000000 8.145463 8.122023 8.141918 8.122112 0.031685 0.032257 0.063161 0.054302 0.032257 0.031678 0.032257 42610 43150
41 62.310000 60.320000 1000000 8.134855 8.114496 8.131296 8.114585 0.031679 0.032257 0.057709 0.047852 0.032257 0.031672 0.032257 43150 44534
41 62.310000 60.320000 1000000 8.132815 8.111270 8.129942 8.113868 0.031682 0.032257 0.058604 0.048927 0.032257 0.031673 0.032257 44530 45986
41 62.310000 60.320000 1000000 8.132238 8.110195 8.129364 8.112793 0.031681 0.032257 0.059504 0.050002 0.032257 0.031672 0.032257 45980 47167
41 62.310000 60.320000 1000000 8.129956 8.105894 8.127080 8.108492 0.031683 0.032257 0.056821 0.046776 0.032257 0.031674 0.032257 47160 48846
41 62.310000 60.320000 1000000 8.122030 8.099442 8.119146 8.102040 0.031684 0.032257 0.059505 0.050003 0.032257 0.031675 0.032257 48840 49702
41 62.310000 60.320000 1000000 8.121168 8.098367 8.118283 8.100965 0.031682 0.032257 0.059505 0.050003 0.032257 0.031674 0.032257 49700 50976
41 62.310000 60.320000 1000000 8.115903 8.094066 8.113012 8.096664 0.031677 0.032257 0.060411 0.051078 0.032257 0.031668 0.032257 50970 54998
41 62.310000 60.320000 1000000 8.091509 8.070411 8.089598 8.077220 0.031687 0.032257 0.064091 0.055382 0.032257 0.031677 0.032257 54990 63353
41 62.310000 60.320000 1000000 8.044927 8.039228 8.042982 8.046037 0.031735 0.032257 0.070694 0.062906 0.032257 0.031725 0.032257 63350 64750
41 62.310000 60.320000 1000000 8.037223 8.033852 8.035273 8.040661 0.031740 0.032257 0.071653 0.063981 0.032257 0.031730 0.032257 64750 65047
41 62.310000 60.320000 1000000 8.036193 8.032776 8.034242 8.039585 0.031739 0.032257 0.071653 0.063981 0.032257 0.031729 0.032257 65040 68990
41 62.310000 60.320000 1000000 8.006773 7.996217 8.004080 7.997919 0.031764 0.032257 0.076492 0.069357 0.032257 0.031755 0.032257 68990 69631
41 62.310000 60.320000 1000000 7.999628 7.986540 7.996927 7.988241 0.031774 0.032257 0.073579 0.066132 0.032257 0.031765 0.032257 69630 70515
41 62.310000 60.320000 1000000 7.998391 7.985465 7.995689 7.987166 0.031772 0.032257 0.072615 0.065056 0.032257 0.031764 0.032257 70510 73917
41 62.310000 60.320000 1000000 7.994393 7.980088 7.991687 7.981790 0.031778 0.032257 0.068788 0.060756 0.032257 0.031769 0.032257 73910 74373
41 62.310000 60.320000 1000000 7.987600 7.975787 7.984887 7.977489 0.031785 0.032257 0.068789 0.060756 0.032257 0.031776 0.032257 74370 77454
41 62.310000 60.320000 1000000 7.967361 7.963959 7.964627 7.965661 0.031796 0.032257 0.069739 0.061831 0.032257 0.031787 0.032257 77450 81418
41 62.310000 60.320000 1000000 7.967233 7.962884 7.964649 7.965840 0.031795 0.032257 0.070694 0.062906 0.032257 0.031787 0.032257 81410 81577
41 62.310000 60.320000 1000000 7.965944 7.961809 7.963359 7.964765 0.031794 0.032257 0.070694 0.062905 0.032257 0.031785 0.032257 81570 81749
41 62.310000 60.320000 1000000 7.965274 7.960733 7.962688 7.963689 0.031793 0.032257 0.070694 0.062905 0.032257 0.031784 0.032257 81740 82403
41 62.310000 60.320000 1000000 7.964039 7.959658 7.961452 7.962614 0.031791 0.032257 0.071652 0.063980 0.032257 0.031783 0.032257 82400 84273
41 62.310000 60.320000 1000000 7.954298 7.952131 7.951701 7.955087 0.031801 0.032257 0.072612 0.065053 0.032257 0.031792 0.032257 84270 88643
41 62.310000 60.320000 1000000 7.947049 7.945680 7.944445 7.948636 0.031804 0.032257 0.074544 0.067204 0.032257 0.031795 0.032257 88640 92575
41 62.310000 60.320000 1000000 7.934714 7.936002 7.932098 7.938958 0.031816 0.032257 0.081395 0.074730 0.032257 0.031808 0.032257 92570 93159
41 62.310000 60.320000 1000000 7.931191 7.932776 7.928572 7.935732 0.031811 0.032257 0.083373 0.076880 0.032257 0.031803 0.032257 93150 93895
41 62.310000 60.320000 1000000 7.929956 7.931701 7.927335 7.934657 0.031810 0.032257 0.083373 0.076880 0.032257 0.031801 0.032257 93890 100267
41 62.310000 60.320000 1000000 7.913339 7.913422 7.910252 7.912973 0.031833 0.032257 0.073576 0.066128 0.032257 0.031825 0.032257 97430 103011
41 62.310000 60.320000 1000000 7.891239 7.898368 7.888127 7.897919 0.031845 0.032257 0.079426 0.072580 0.032257 0.031838 0.032257 103010 104630
41 62.310000 60.320000 1000000 7.889863 7.892454 7.886591 7.889451 0.031846 0.032257 0.079917 0.073118 0.032257 0.031838 0.032257 104630 109057
41 62.310000 60.320000 1000000 7.877882 7.884927 7.874596 7.881924 0.031855 0.032257 0.076002 0.068817 0.032257 0.031847 0.032257 109050 116284
41 62.310000 60.320000 1000000 7.875453 7.881701 7.872016 7.877892 0.031856 0.032257 0.075030 0.067742 0.032257 0.031848 0.032257 116280 117856
41 62.310000 60.320000 1000000 7.869548 7.877400 7.866104 7.873591 0.031863 0.032257 0.073095 0.065592 0.032257 0.031855 0.032257 117850 120679
41 62.310000 60.320000 1000000 7.868508 7.876325 7.865062 7.872516 0.031864 0.032257 0.073095 0.065592 0.032257 0.031856 0.032257 120670 122621
41 62.310000 60.320000 1000000 7.860789 7.870949 7.857333 7.867140 0.031872 0.032257 0.071172 0.063442 0.032257 0.031864 0.032257 122620 123373
41 62.310000 60.320000 1000000 7.859209 7.869873 7.855751 7.866064 0.031874 0.032257 0.070215 0.062367 0.032257 0.031866 0.032257 123370 126912
41 62.310000 60.320000 1000000 7.857203 7.868798 7.853742 7.864989 0.031876 0.032257 0.069262 0.061292 0.032257 0.031868 0.032257 126910 130309
41 62.310000 60.320000 1000000 7.851319 7.864497 7.847851 7.860688 0.031880 0.032257 0.069262 0.061292 0.032257 0.031872 0.032257 130300 138560
41 62.310000 60.320000 1000000 7.841939 7.856970 7.838458 7.853161 0.031888 0.032257 0.074062 0.066668 0.032257 0.031880 0.032257 138560 138809
41 62.310000 60.320000 1000000 7.841312 7.855895 7.837830 7.852086 0.031887 0.032257 0.075031 0.067743 0.032257 0.031879 0.032257 138800 146606
41 62.310000 60.320000 1000000 7.836736 7.852669 7.833248 7.848860 0.031893 0.032257 0.072132 0.064517 0.032257 0.031885 0.032257 140570 142947
41 62.310000 60.320000 1000000 7.835274 7.851594 7.831785 7.847785 0.031894 0.032257 0.071172 0.063442 0.032257 0.031886 0.032257 142940 146606
41 62.310000 60.320000 1000000 7.833718 7.850518 7.830226 7.846709 0.031894 0.032257 0.070215 0.062367 0.032257 0.031886 0.032257 146600 147297
41 62.310000 60.320000 1000000 7.831824 7.849443 7.828329 7.845634 0.031895 0.032257 0.069262 0.061291 0.032257 0.031887 0.032257 147290 147328
41 62.310000 60.320000 1000000 7.830527 7.848368 7.827031 7.844559 0.031897 0.032257 0.068312 0.060216 0.032257 0.031889 0.032257 147320 152780
41 62.310000 60.320000 1000000 7.807886 7.826863 7.804360 7.823054 0.031913 0.032257 0.074062 0.066668 0.032257 0.031905 0.032257 152780 158343
41 62.310000 60.320000 1000000 7.806181 7.822562 7.802433 7.817050 0.031912 0.032257 0.076004 0.068819 0.032257 0.031904 0.032257 158340 159240
41 62.310000 60.320000 1000000 7.804312 7.821486 7.800560 7.815975 0.031913 0.032257 0.075033 0.067745 0.032257 0.031905 0.032257 159240 165672
41 62.310000 60.320000 1000000 7.803866 7.820411 7.799946 7.814496 0.031914 0.032257 0.075033 0.067745 0.032257 0.031907 0.032257 165670 168585
41 62.310000 60.320000 1000000 7.802430 7.819336 7.798508 7.813421 0.031912 0.032257 0.076005 0.068820 0.032257 0.031905 0.032257 168580 172779
41 62.310000 60.320000 1000000 7.802297 7.818261 7.798530 7.813600 0.031912 0.032257 0.075032 0.067745 0.032257 0.031906 0.032257 172770 176240
41 62.310000 60.320000 1000000 7.777262 7.801056 7.773458 7.796396 0.031909 0.032257 0.067368 0.059143 0.032257 0.031902 0.032257 176240 177126
41 62.310000 60.320000 1000000 7.776485 7.799981 7.772681 7.795321 0.031908 0.032257 0.067368 0.059143 0.032257 0.031901 0.032257 177120 189212
41 62.310000 60.320000 1000000 7.746440 7.777401 7.742591 7.772740 0.031938 0.032257 0.072133 0.064518 0.032257 0.031931 0.032257 189210 210014
41 62.310000 60.320000 1000000 7.736522 7.762347 7.730990 7.753251 0.031947 0.032257 0.081892 0.075271 0.032257 0.031943 0.032257 192220 209557
41 62.310000 60.320000 1000000 7.713834 7.738691 7.711537 7.742140 0.031968 0.032257 0.071171 0.063441 0.032257 0.031958 0.032257 209550 210014
41 62.310000 60.320000 1000000 7.712244 7.737616 7.709945 7.741065 0.031967 0.032257 0.071171 0.063441 0.032257 0.031958 0.032257 210010 210743
41 62.310000 60.320000 1000000 7.710419 7.736540 7.708119 7.739989 0.031969 0.032257 0.070214 0.062366 0.032257 0.031960 0.032257 210740 220789
41 62.310000 60.320000 1000000 7.707456 7.731702 7.705100 7.734299 0.031974 0.032257 0.069737 0.061828 0.032257 0.031964 0.032257 220780 223097
41 62.310000 60.320000 1000000 7.706572 7.730627 7.704215 7.733224 0.031973 0.032257 0.069737 0.061828 0.032257 0.031963 0.032257 223090 223772
41 62.310000 60.320000 1000000 7.702743 7.727401 7.700382 7.729998 0.031968 0.032257 0.070692 0.062903 0.032257 0.031959 0.032257 223770 233469
41 62.310000 60.320000 1000000 7.691205 7.719874 7.688834 7.722472 0.031980 0.032257 0.065954 0.057527 0.032257 0.031970 0.032257 233460 242621
41 62.310000 60.320000 1000000 7.679470 7.712347 7.677088 7.714945 0.031986 0.032257 0.065019 0.056453 0.032257 0.031977 0.032257 242620 242863
41 62.310000 60.320000 1000000 7.678398 7.711272 7.676015 7.713869 0.031988 0.032257 0.064088 0.055378 0.032257 0.031979 0.032257 242860 245400
41 62.310000 60.320000 1000000 7.676797 7.710196 7.674412 7.712794 0.031989 0.032257 0.063161 0.054303 0.032257 0.031980 0.032257 245400 255239
41 62.310000 60.320000 1000000 7.675308 7.706971 7.672922 7.709568 0.031991 0.032257 0.060410 0.051077 0.032257 0.031982 0.032257 255230 259400
41 62.310000 60.320000 1000000 7.667887 7.701594 7.665495 7.704192 0.031992 0.032257 0.061322 0.052152 0.032257 0.031982 0.032257 259400 269794
41 62.310000 60.320000 1000000 7.666857 7.700519 7.664463 7.703117 0.031993 0.032257 0.062239 0.053227 0.032257 0.031984 0.032257 269790 273380
41 62.310000 60.320000 1000000 7.659272 7.694068 7.656871 7.696665 0.032002 0.032257 0.058605 0.048928 0.032257 0.031992 0.032257 273380 273920
41 62.310000 60.320000 1000000 7.658261 7.692992 7.655859 7.695590 0.032003 0.032257 0.059505 0.050003 0.032257 0.031994 0.032257 273920 274827
41 62.310000 60.320000 1000000 7.652057 7.688691 7.649649 7.691289 0.032001 0.032257 0.058605 0.048928 0.032257 0.031991 0.032257 274820 275684
41 62.310000 60.320000 1000000 7.650416 7.687616 7.648007 7.690214 0.032002 0.032257 0.058605 0.048928 0.032257 0.031993 0.032257 275680 276158
41 62.310000 60.320000 1000000 7.649786 7.686541 7.647376 7.689138 0.032001 0.032257 0.057710 0.047853 0.032257 0.031992 0.032257 276150 278203
41 62.310000 60.320000 1000000 7.648324 7.685465 7.645913 7.688063 0.032000 0.032257 0.056822 0.046779 0.032257 0.031991 0.032257 278200 284874
41 62.310000 60.320000 1000000 7.640102 7.677939 7.637683 7.680536 0.032003 0.032257 0.055065 0.044628 0.032257 0.031994 0.032257 284870 293008
41 62.310000 60.320000 1000000 7.634110 7.672562 7.631685 7.675160 0.032007 0.032257 0.054197 0.043552 0.032257 0.031998 0.032257 293000 294057
41 62.310000 60.320000 1000000 7.633445 7.671487 7.631020 7.674085 0.032008 0.032257 0.053337 0.042477 0.032257 0.031999 0.032257 294050 295579
41 62.310000 60.320000 1000000 7.632893 7.670412 7.630467 7.673009 0.032008 0.032257 0.054197 0.043552 0.032257 0.031998 0.032257 295570 298019
41 62.310000 60.320000 1000000 7.631752 7.669336 7.629325 7.671934 0.032007 0.032257 0.055065 0.044627 0.032257 0.031997 0.032257 298010 299127
41 62.310000 60.320000 1000000 7.627949 7.666111 7.625518 7.668708 0.032003 0.032257 0.054197 0.043552 0.032257 0.031994 0.032257 299120 314037
41 62.310000 60.320000 1000000 7.625683 7.661809 7.623251 7.664407 0.032005 0.032257 0.056821 0.046777 0.032257 0.031996 0.032257 314030 317526
41 62.310000 60.320000 1000000 7.624087 7.660734 7.621653 7.663332 0.032007 0.032257 0.055940 0.045702 0.032257 0.031998 0.032257 317520 328566
41 62.310000 60.320000 1000000 7.615038 7.651057 7.612456 7.653251 0.032019 0.032257 0.055939 0.045702 0.032257 0.032009 0.032257 328560 336448
41 62.310000 60.320000 1000000 7.613819 7.649982 7.611236 7.652176 0.032018 0.032257 0.055064 0.044627 0.032257 0.032008 0.032257 336440 341261
41 62.310000 60.320000 1000000 7.612306 7.648906 7.609722 7.651101 0.032019 0.032257 0.054197 0.043551 0.032257 0.032010 0.032257 341260 351275
41 62.310000 60.320000 1000000 7.611288 7.647831 7.608702 7.650025 0.032018 0.032257 0.053336 0.042476 0.032257 0.032009 0.032257 351270 357953
41 62.310000 60.320000 1000000 7.610796 7.646756 7.608210 7.648950 0.032018 0.032257 0.053337 0.042477 0.032257 0.032009 0.032257 357950 364308
41 62.310000 60.320000 1000000 7.606039 7.643530 7.603448 7.645724 0.032021 0.032257 0.055940 0.045702 0.032257 0.032012 0.032257 364300 386992
41 62.310000 60.320000 1000000 7.593461 7.634928 7.590857 7.637122 0.032030 0.032257 0.051640 0.040325 0.032257 0.032021 0.032257 386990 389082
41 62.310000 60.320000 1000000 7.592200 7.633852 7.589594 7.636047 0.032029 0.032257 0.052484 0.041401 0.032257 0.032020 0.032257 389080 405184
41 62.310000 60.320000 1000000 7.591243 7.632777 7.588637 7.634972 0.032031 0.032257 0.051640 0.040325 0.032257 0.032022 0.032257 405180 422019
41 62.310000 60.320000 1000000 7.585597 7.627401 7.582985 7.629595 0.032031 0.032257 0.048356 0.036025 0.032257 0.032022 0.032257 422010 456208
41 62.310000 60.320000 1000000 7.568926 7.613422 7.566217 7.615214 0.032040 0.032257 0.051640 0.040325 0.032257 0.032030 0.032257 456200 459179
41 62.310000 60.320000 1000000 7.567146 7.612347 7.564435 7.614138 0.032041 0.032257 0.050805 0.039250 0.032257 0.032031 0.032257 459170 462541
41 62.310000 60.320000 1000000 7.565407 7.611272 7.562694 7.613063 0.032041 0.032257 0.050805 0.039250 0.032257 0.032032 0.032257 462540 464641
41 62.310000 60.320000 1000000 7.563484 7.597293 7.559902 7.592275 0.032044 0.032257 0.049979 0.038176 0.032257 0.032036 0.032257 464640 474812
41 62.310000 60.320000 1000000 7.559511 7.594068 7.555923 7.589049 0.032041 0.032257 0.050805 0.039251 0.032257 0.032033 0.032257 474810 475667
41 62.310000 60.320000 1000000 7.558204 7.592992 7.554615 7.587974 0.032040 0.032257 0.050805 0.039251 0.032257 0.032032 0.032257 475660 487089
41 62.310000 60.320000 1000000 7.556659 7.591917 7.553067 7.586898 0.032039 0.032257 0.050805 0.039251 0.032257 0.032032 0.032257 487080 491789
41 62.310000 60.320000 1000000 7.555056 7.590842 7.551462 7.585823 0.032041 0.032257 0.050805 0.039251 0.032257 0.032033 0.032257 491780 503966
41 62.310000 60.320000 1000000 7.553671 7.589766 7.550075 7.584748 0.032040 0.032257 0.049980 0.038176 0.032257 0.032032 0.032257 503960 530541
41 62.310000 60.320000 1000000 7.547552 7.580089 7.544560 7.577579 0.032041 0.032257 0.049979 0.038176 0.032257 0.032033 0.032257 530540 538221
41 62.310000 60.320000 1000000 7.535855 7.570412 7.532850 7.567902 0.032045 0.032257 0.052486 0.041403 0.032257 0.032037 0.032257 538220 538938
41 62.310000 60.320000 1000000 7.534941 7.569337 7.531935 7.566827 0.032045 0.032257 0.051642 0.040328 0.032257 0.032036 0.032257 538930 585743
41 62.310000 60.320000 1000000 7.520457 7.549982 7.516888 7.545859 0.032052 0.032257 0.058606 0.048930 0.032257 0.032044 0.032257 585740 609556
41 62.310000 60.320000 1000000 7.513241 7.541380 7.509662 7.537257 0.032061 0.032257 0.056823 0.046779 0.032257 0.032053 0.032257 609550 635885
41 62.310000 60.320000 1000000 7.505474 7.533853 7.501884 7.529730 0.032060 0.032257 0.055066 0.044629 0.032257 0.032052 0.032257 635880 650480
41 62.310000 60.320000 1000000 7.504392 7.532778 7.500801 7.528655 0.032059 0.032257 0.055941 0.045704 0.032257 0.032051 0.032257 650480 667959
41 62.310000 60.320000 1000000 7.496313 7.525251 7.492709 7.521128 0.032061 0.032257 0.055940 0.045703 0.032257 0.032053 0.032257 667950 694294
41 62.310000 60.320000 1000000 7.485221 7.517724 7.481602 7.513601 0.032063 0.032257 0.055064 0.044626 0.032257 0.032055 0.032257 694290 780985
41 62.310000 60.320000 1000000 7.480659 7.512347 7.477635 7.510734 0.032061 0.032257 0.054195 0.043549 0.032257 0.032052 0.032257 780980 858568
41 62.310000 60.320000 1000000 7.474954 7.506971 7.471923 7.505357 0.032063 0.032257 0.057708 0.047850 0.032257 0.032055 0.032257 858560 859755
41 62.310000 60.320000 1000000 7.473362 7.505896 7.470330 7.504282 0.032063 0.032257 0.057708 0.047850 0.032257 0.032054 0.032257 859750 866276
41 62.310000 60.320000 1000000 7.471841 7.504820 7.468807 7.503207 0.032062 0.032257 0.058602 0.048925 0.032257 0.032053 0.032257 866270 878665
41 62.310000 60.320000 1000000 7.470263 7.503745 7.467227 7.502131 0.032062 0.032257 0.057708 0.047850 0.032257 0.032053 0.032257 878660 963993
41 62.310000 60.320000 1000000 7.451569 7.489767 7.448510 7.488153 0.032076 0.032257 0.060410 0.051076 0.032257 0.032067 0.032257 963990 974283
41 62.310000 60.320000 1000000 7.450563 7.488691 7.447503 7.487078 0.032075 0.032257 0.060410 0.051076 0.032257 0.032066 0.032257 974280 1000000
