31 62.310000 60.320000 1000000 12.917579 12.955341 12.918019 12.978861 0.031822 0.032257 0.394330 0.393008 0.032257 0.031808 0.032257 0 50
31 62.310000 60.320000 1000000 11.488352 11.555884 11.482393 11.548311 0.031619 0.032257 0.231293 0.229033 0.032257 0.031611 0.032257 50 60
31 62.310000 60.320000 1000000 11.126920 11.190294 11.118551 11.178285 0.031333 0.032257 0.236620 0.234411 0.032257 0.031326 0.032257 60 70
31 62.310000 60.320000 1000000 10.845478 10.947284 10.840428 10.950329 0.031276 0.032257 0.136132 0.132255 0.032257 0.031267 0.032257 70 80
31 62.310000 60.320000 1000000 10.758223 10.861800 10.751996 10.861575 0.031248 0.032257 0.150275 0.146772 0.032257 0.031240 0.032257 80 92
31 62.310000 60.320000 1000000 10.696223 10.790833 10.689887 10.790607 0.031194 0.032257 0.149227 0.145699 0.032257 0.031186 0.032257 90 101
31 62.310000 60.320000 1000000 10.577925 10.695134 10.571057 10.694102 0.031196 0.032257 0.128312 0.124192 0.032257 0.031188 0.032257 100 110
31 62.310000 60.320000 1000000 10.483141 10.595134 10.475317 10.588995 0.031177 0.032257 0.148177 0.144623 0.032257 0.031171 0.032257 110 120
31 62.310000 60.320000 1000000 10.439434 10.535995 10.431511 10.529855 0.031154 0.032257 0.151328 0.147850 0.032257 0.031148 0.032257 120 133
31 62.310000 60.320000 1000000 10.393521 10.483307 10.385492 10.477167 0.031102 0.032257 0.147127 0.143547 0.032257 0.031096 0.032257 130 140
31 62.310000 60.320000 1000000 10.384562 10.470403 10.376131 10.462158 0.031103 0.032257 0.150277 0.146774 0.032257 0.031098 0.032257 140 151
31 62.310000 60.320000 1000000 10.333729 10.396210 10.324968 10.386263 0.031033 0.032257 0.159743 0.156453 0.032257 0.031028 0.032257 150 161
31 62.310000 60.320000 1000000 10.234284 10.282232 10.229221 10.284381 0.031049 0.032257 0.154479 0.151074 0.032257 0.031039 0.032257 160 177
31 62.310000 60.320000 1000000 10.144891 10.017179 10.134726 9.963773 0.030989 0.032257 0.248338 0.246234 0.032257 0.030977 0.032257 170 188
31 62.310000 60.320000 1000000 10.089899 9.903201 10.075568 9.830036 0.030971 0.032257 0.215330 0.212901 0.032257 0.030956 0.032257 180 200
31 62.310000 60.320000 1000000 10.026741 9.790297 10.017619 9.742223 0.030937 0.032257 0.181384 0.178493 0.032257 0.030920 0.032257 200 213
31 62.310000 60.320000 1000000 9.975036 9.753738 9.965604 9.703961 0.030975 0.032257 0.183502 0.180644 0.032257 0.030958 0.032257 210 228
31 62.310000 60.320000 1000000 9.945795 9.651588 9.942563 9.650735 0.030922 0.032257 0.127793 0.123655 0.032257 0.030912 0.032257 220 235
31 62.310000 60.320000 1000000 9.934820 9.639760 9.931576 9.638907 0.030915 0.032257 0.136134 0.132257 0.032257 0.030906 0.032257 230 248
31 62.310000 60.320000 1000000 9.909976 9.617180 9.906708 9.616327 0.030941 0.032257 0.148702 0.145161 0.032257 0.030931 0.032257 240 262
31 62.310000 60.320000 1000000 9.909109 9.616104 9.905840 9.615252 0.030939 0.032257 0.148703 0.145162 0.032257 0.030929 0.032257 260 283
31 62.310000 60.320000 1000000 9.892087 9.597825 9.888662 9.595762 0.030951 0.032257 0.147652 0.144086 0.032257 0.030941 0.032257 280 296
31 62.310000 60.320000 1000000 9.892030 9.596212 9.888574 9.593298 0.030951 0.032257 0.148177 0.144623 0.032257 0.030940 0.032257 290 303
31 62.310000 60.320000 1000000 9.883126 9.590298 9.879523 9.586533 0.030956 0.032257 0.145554 0.141935 0.032257 0.030946 0.032257 300 334
31 62.310000 60.320000 1000000 9.842386 9.541911 9.838941 9.540655 0.030927 0.032257 0.130918 0.126882 0.032257 0.030918 0.032257 330 342
31 62.310000 60.320000 1000000 9.838493 9.531159 9.837273 9.537430 0.030924 0.032257 0.140317 0.136559 0.032257 0.030911 0.032257 340 351
31 62.310000 60.320000 1000000 9.832929 9.514492 9.831568 9.519912 0.030909 0.032257 0.129355 0.125269 0.032257 0.030897 0.032257 350 362
31 62.310000 60.320000 1000000 9.822256 9.506965 9.820892 9.512385 0.030920 0.032257 0.129355 0.125269 0.032257 0.030908 0.032257 360 384
31 62.310000 60.320000 1000000 9.757355 9.471482 9.755963 9.476901 0.030964 0.032257 0.127277 0.123121 0.032257 0.030952 0.032257 380 401
31 62.310000 60.320000 1000000 9.742504 9.451052 9.741106 9.456471 0.030961 0.032257 0.114841 0.110218 0.032257 0.030948 0.032257 400 415
31 62.310000 60.320000 1000000 9.741986 9.449976 9.740392 9.454993 0.030962 0.032257 0.113810 0.109143 0.032257 0.030950 0.032257 410 422
31 62.310000 60.320000 1000000 9.738937 9.444600 9.737342 9.449616 0.030962 0.032257 0.116907 0.112368 0.032257 0.030950 0.032257 420 432
31 62.310000 60.320000 1000000 9.675956 9.395138 9.671406 9.393300 0.031019 0.032257 0.140841 0.137097 0.032257 0.031010 0.032257 430 459
31 62.310000 60.320000 1000000 9.674377 9.391375 9.669682 9.388685 0.031021 0.032257 0.138226 0.134409 0.032257 0.031013 0.032257 450 473
31 62.310000 60.320000 1000000 9.648446 9.358579 9.642774 9.351589 0.031041 0.032257 0.130400 0.126347 0.032257 0.031036 0.032257 470 487
31 62.310000 60.320000 1000000 9.624159 9.332773 9.618445 9.325783 0.031063 0.032257 0.151330 0.147852 0.032257 0.031057 0.032257 480 502
31 62.310000 60.320000 1000000 9.622769 9.331698 9.617052 9.324707 0.031061 0.032257 0.151330 0.147852 0.032257 0.031056 0.032257 500 516
31 62.310000 60.320000 1000000 9.622336 9.330623 9.616618 9.323632 0.031060 0.032257 0.151330 0.147852 0.032257 0.031054 0.032257 510 532
31 62.310000 60.320000 1000000 9.543692 9.254279 9.537104 9.242181 0.031142 0.032257 0.146081 0.142475 0.032257 0.031139 0.032257 530 541
31 62.310000 60.320000 1000000 9.492593 9.225247 9.485898 9.213148 0.031196 0.032257 0.135615 0.131723 0.032257 0.031193 0.032257 540 553
31 62.310000 60.320000 1000000 9.449696 9.197289 9.442909 9.185191 0.031216 0.032257 0.135615 0.131723 0.032257 0.031213 0.032257 550 560
31 62.310000 60.320000 1000000 9.443831 9.191913 9.437031 9.179815 0.031209 0.032257 0.136660 0.132798 0.032257 0.031206 0.032257 560 576
31 62.310000 60.320000 1000000 9.427553 9.180085 9.420718 9.167987 0.031227 0.032257 0.127277 0.123121 0.032257 0.031224 0.032257 570 625
31 62.310000 60.320000 1000000 9.377690 9.123634 9.371973 9.114000 0.031275 0.032257 0.118457 0.113980 0.032257 0.031270 0.032257 610 661
31 62.310000 60.320000 1000000 9.304807 9.075247 9.298954 9.065613 0.031271 0.032257 0.111235 0.106456 0.032257 0.031267 0.032257 660 681
31 62.310000 60.320000 1000000 9.299639 9.067720 9.293884 9.059341 0.031263 0.032257 0.111234 0.106454 0.032257 0.031259 0.032257 680 693
31 62.310000 60.320000 1000000 9.298195 9.066645 9.292437 9.058265 0.031262 0.032257 0.111234 0.106454 0.032257 0.031258 0.032257 690 708
31 62.310000 60.320000 1000000 9.290796 9.063419 9.285025 9.055040 0.031272 0.032257 0.108151 0.103229 0.032257 0.031268 0.032257 700 721
31 62.310000 60.320000 1000000 9.285776 9.059656 9.279960 9.050425 0.031278 0.032257 0.106613 0.101616 0.032257 0.031274 0.032257 720 732
31 62.310000 60.320000 1000000 9.284320 9.057505 9.278501 9.048274 0.031275 0.032257 0.107638 0.102691 0.032257 0.031271 0.032257 730 766
31 62.310000 60.320000 1000000 9.282134 9.046752 9.276519 9.040031 0.031269 0.032257 0.100483 0.095164 0.032257 0.031266 0.032257 740 769
31 62.310000 60.320000 1000000 9.281242 9.045677 9.275625 9.038955 0.031271 0.032257 0.099465 0.094089 0.032257 0.031267 0.032257 760 787
31 62.310000 60.320000 1000000 9.243986 9.019333 9.238266 9.011760 0.031288 0.032257 0.095912 0.090325 0.032257 0.031285 0.032257 780 828
31 62.310000 60.320000 1000000 9.234716 9.015032 9.228978 9.007459 0.031299 0.032257 0.093890 0.088174 0.032257 0.031295 0.032257 820 868
31 62.310000 60.320000 1000000 9.230930 9.010731 9.225186 9.003158 0.031290 0.032257 0.094900 0.089250 0.032257 0.031287 0.032257 860 942
31 62.310000 60.320000 1000000 9.203940 8.984924 9.198145 8.977351 0.031254 0.032257 0.092880 0.087099 0.032257 0.031250 0.032257 940 950
31 62.310000 60.320000 1000000 9.203485 8.983849 9.197517 8.975873 0.031254 0.032257 0.092880 0.087099 0.032257 0.031251 0.032257 950 999
31 62.310000 60.320000 1000000 9.197780 8.977397 9.191801 8.969421 0.031243 0.032257 0.093889 0.088174 0.032257 0.031240 0.032257 990 1017
31 62.310000 60.320000 1000000 9.196640 8.976322 9.190659 8.968346 0.031240 0.032257 0.093889 0.088174 0.032257 0.031238 0.032257 1010 1050
31 62.310000 60.320000 1000000 9.193486 8.968795 9.189814 8.968346 0.031245 0.032257 0.088859 0.082797 0.032257 0.031238 0.032257 1050 1063
31 62.310000 60.320000 1000000 9.184143 8.962344 9.180460 8.961894 0.031244 0.032257 0.087858 0.081722 0.032257 0.031238 0.032257 1060 1085
31 62.310000 60.320000 1000000 9.183385 8.961268 9.179700 8.960819 0.031245 0.032257 0.087858 0.081722 0.032257 0.031239 0.032257 1080 1143
31 62.310000 60.320000 1000000 9.081713 8.886000 9.080059 8.894422 0.031323 0.032257 0.093887 0.088172 0.032257 0.031313 0.032257 1140 1154
31 62.310000 60.320000 1000000 9.080731 8.884925 9.079077 8.893346 0.031321 0.032257 0.092878 0.087097 0.032257 0.031311 0.032257 1150 1166
31 62.310000 60.320000 1000000 9.079821 8.883850 9.078166 8.892271 0.031319 0.032257 0.093887 0.088172 0.032257 0.031309 0.032257 1160 1225
31 62.310000 60.320000 1000000 9.026514 8.847828 9.024452 8.853696 0.031354 0.032257 0.090364 0.084410 0.032257 0.031345 0.032257 1220 1265
31 62.310000 60.320000 1000000 9.019577 8.839226 9.017511 8.845094 0.031355 0.032257 0.089360 0.083335 0.032257 0.031346 0.032257 1260 1302
31 62.310000 60.320000 1000000 9.018914 8.838151 9.016847 8.844019 0.031354 0.032257 0.089360 0.083335 0.032257 0.031345 0.032257 1300 1345
31 62.310000 60.320000 1000000 9.018372 8.834925 9.016192 8.839987 0.031352 0.032257 0.086360 0.080109 0.032257 0.031343 0.032257 1340 1352
31 62.310000 60.320000 1000000 9.017818 8.833850 9.015638 8.838911 0.031351 0.032257 0.086360 0.080109 0.032257 0.031341 0.032257 1350 1387
31 62.310000 60.320000 1000000 9.015384 8.832775 9.013203 8.837836 0.031354 0.032257 0.085364 0.079034 0.032257 0.031345 0.032257 1380 1434
31 62.310000 60.320000 1000000 9.014384 8.831699 9.012202 8.836761 0.031352 0.032257 0.085364 0.079034 0.032257 0.031343 0.032257 1430 1441
31 62.310000 60.320000 1000000 9.013336 8.830624 9.011153 8.835686 0.031350 0.032257 0.084369 0.077959 0.032257 0.031340 0.032257 1440 1469
31 62.310000 60.320000 1000000 9.012352 8.829549 9.010168 8.834610 0.031347 0.032257 0.085364 0.079034 0.032257 0.031338 0.032257 1460 1537
31 62.310000 60.320000 1000000 8.997434 8.822022 8.995239 8.827083 0.031363 0.032257 0.085363 0.079033 0.032257 0.031354 0.032257 1530 1584
31 62.310000 60.320000 1000000 8.996158 8.820947 8.993962 8.826008 0.031361 0.032257 0.085363 0.079033 0.032257 0.031352 0.032257 1580 1658
31 62.310000 60.320000 1000000 8.985706 8.813420 8.983503 8.818481 0.031369 0.032257 0.083376 0.076883 0.032257 0.031360 0.032257 1650 1666
31 62.310000 60.320000 1000000 8.983674 8.812345 8.981469 8.817406 0.031371 0.032257 0.083376 0.076883 0.032257 0.031362 0.032257 1660 1747
31 62.310000 60.320000 1000000 8.963218 8.801592 8.960998 8.806653 0.031394 0.032257 0.077467 0.070432 0.032257 0.031385 0.032257 1740 1791
31 62.310000 60.320000 1000000 8.959273 8.797291 8.956995 8.801949 0.031388 0.032257 0.075519 0.068283 0.032257 0.031379 0.032257 1790 1836
31 62.310000 60.320000 1000000 8.957196 8.796216 8.954917 8.800874 0.031390 0.032257 0.076492 0.069358 0.032257 0.031381 0.032257 1830 1859
31 62.310000 60.320000 1000000 8.930049 8.780087 8.927749 8.784745 0.031404 0.032257 0.075518 0.068282 0.032257 0.031395 0.032257 1840 1957
31 62.310000 60.320000 1000000 8.929620 8.779011 8.927320 8.783670 0.031403 0.032257 0.075518 0.068282 0.032257 0.031394 0.032257 1950 2002
31 62.310000 60.320000 1000000 8.928346 8.777936 8.926044 8.782594 0.031401 0.032257 0.075518 0.068282 0.032257 0.031392 0.032257 2000 2224
31 62.310000 60.320000 1000000 8.911218 8.762882 8.908904 8.767540 0.031403 0.032257 0.074548 0.067208 0.032257 0.031394 0.032257 2220 2258
31 62.310000 60.320000 1000000 8.906190 8.759656 8.903871 8.764315 0.031408 0.032257 0.075518 0.068282 0.032257 0.031399 0.032257 2250 2260
31 62.310000 60.320000 1000000 8.904124 8.758581 8.901803 8.763239 0.031410 0.032257 0.074548 0.067207 0.032257 0.031400 0.032257 2260 2317
31 62.310000 60.320000 1000000 8.897116 8.747291 8.894179 8.747693 0.031415 0.032257 0.072135 0.064520 0.032257 0.031406 0.032257 2310 2333
31 62.310000 60.320000 1000000 8.895217 8.746216 8.892278 8.746618 0.031415 0.032257 0.072135 0.064520 0.032257 0.031407 0.032257 2330 2395
31 62.310000 60.320000 1000000 8.890730 8.742990 8.887786 8.743392 0.031414 0.032257 0.071175 0.063445 0.032257 0.031405 0.032257 2390 2473
31 62.310000 60.320000 1000000 8.890251 8.741915 8.887307 8.742317 0.031413 0.032257 0.071175 0.063445 0.032257 0.031404 0.032257 2470 2790
31 62.310000 60.320000 1000000 8.866673 8.720409 8.863049 8.719199 0.031441 0.032257 0.071175 0.063446 0.032257 0.031433 0.032257 2790 2817
31 62.310000 60.320000 1000000 8.862586 8.717184 8.858957 8.715973 0.031443 0.032257 0.073099 0.065597 0.032257 0.031435 0.032257 2810 2885
31 62.310000 60.320000 1000000 8.852498 8.709657 8.848856 8.708446 0.031442 0.032257 0.075034 0.067747 0.032257 0.031435 0.032257 2880 3002
31 62.310000 60.320000 1000000 8.851000 8.708581 8.847357 8.707371 0.031441 0.032257 0.075034 0.067747 0.032257 0.031434 0.032257 3000 3066
31 62.310000 60.320000 1000000 8.849424 8.707506 8.845779 8.706295 0.031441 0.032257 0.076006 0.068822 0.032257 0.031433 0.032257 3060 3247
31 62.310000 60.320000 1000000 8.835585 8.696754 8.831922 8.695543 0.031452 0.032257 0.076982 0.069898 0.032257 0.031445 0.032257 3240 3280
31 62.310000 60.320000 1000000 8.831975 8.693528 8.828308 8.692317 0.031458 0.032257 0.074066 0.066672 0.032257 0.031451 0.032257 3260 3380
31 62.310000 60.320000 1000000 8.827567 8.689227 8.823894 8.688016 0.031464 0.032257 0.073099 0.065597 0.032257 0.031456 0.032257 3380 3399
31 62.310000 60.320000 1000000 8.826961 8.688152 8.823288 8.686941 0.031465 0.032257 0.072136 0.064522 0.032257 0.031457 0.032257 3390 3533
31 62.310000 60.320000 1000000 8.794662 8.666646 8.790948 8.665435 0.031462 0.032257 0.077960 0.070973 0.032257 0.031455 0.032257 3530 3811
31 62.310000 60.320000 1000000 8.782366 8.655894 8.778636 8.654683 0.031450 0.032257 0.077960 0.070973 0.032257 0.031443 0.032257 3810 3871
31 62.310000 60.320000 1000000 8.775210 8.651593 8.771471 8.650382 0.031458 0.032257 0.075035 0.067747 0.032257 0.031451 0.032257 3870 4045
31 62.310000 60.320000 1000000 8.768819 8.645141 8.765072 8.643930 0.031459 0.032257 0.071175 0.063446 0.032257 0.031452 0.032257 4040 4146
31 62.310000 60.320000 1000000 8.763956 8.640840 8.760202 8.639629 0.031452 0.032257 0.073099 0.065596 0.032257 0.031445 0.032257 4140 4425
31 62.310000 60.320000 1000000 8.756795 8.629550 8.752675 8.625785 0.031441 0.032257 0.076494 0.069360 0.032257 0.031434 0.032257 4390 4440
31 62.310000 60.320000 1000000 8.746947 8.624173 8.742813 8.620409 0.031450 0.032257 0.078449 0.071511 0.032257 0.031443 0.032257 4440 4455
31 62.310000 60.320000 1000000 8.745816 8.623098 8.741681 8.619334 0.031451 0.032257 0.077470 0.070435 0.032257 0.031444 0.032257 4450 4597
31 62.310000 60.320000 1000000 8.736499 8.615571 8.732350 8.611807 0.031447 0.032257 0.077471 0.070435 0.032257 0.031440 0.032257 4590 4847
31 62.310000 60.320000 1000000 8.710860 8.600517 8.706674 8.596753 0.031456 0.032257 0.069741 0.061832 0.032257 0.031450 0.032257 4840 5063
31 62.310000 60.320000 1000000 8.707104 8.596216 8.702913 8.592452 0.031461 0.032257 0.072616 0.065058 0.032257 0.031454 0.032257 5060 5178
31 62.310000 60.320000 1000000 8.705494 8.595141 8.701301 8.591376 0.031461 0.032257 0.073581 0.066133 0.032257 0.031454 0.032257 5170 5353
31 62.310000 60.320000 1000000 8.704215 8.594066 8.700019 8.590301 0.031459 0.032257 0.073581 0.066133 0.032257 0.031452 0.032257 5350 5942
31 62.310000 60.320000 1000000 8.696136 8.585464 8.691929 8.581699 0.031466 0.032257 0.069741 0.061832 0.032257 0.031460 0.032257 5940 6592
31 62.310000 60.320000 1000000 8.672672 8.566109 8.668099 8.561538 0.031466 0.032257 0.075516 0.068280 0.032257 0.031460 0.032257 6590 6643
31 62.310000 60.320000 1000000 8.671233 8.565033 8.666657 8.560462 0.031468 0.032257 0.075516 0.068280 0.032257 0.031462 0.032257 6640 7290
31 62.310000 60.320000 1000000 8.665969 8.560732 8.661386 8.556161 0.031463 0.032257 0.076489 0.069355 0.032257 0.031457 0.032257 7290 7326
31 62.310000 60.320000 1000000 8.665103 8.559657 8.660517 8.555086 0.031464 0.032257 0.076489 0.069355 0.032257 0.031458 0.032257 7320 7460
31 62.310000 60.320000 1000000 8.664165 8.558582 8.659578 8.554011 0.031462 0.032257 0.075516 0.068280 0.032257 0.031456 0.032257 7460 7476
31 62.310000 60.320000 1000000 8.662083 8.557506 8.657493 8.552935 0.031464 0.032257 0.074545 0.067204 0.032257 0.031458 0.032257 7470 7542
31 62.310000 60.320000 1000000 8.661208 8.556431 8.656616 8.551860 0.031463 0.032257 0.073577 0.066129 0.032257 0.031457 0.032257 7540 7672
31 62.310000 60.320000 1000000 8.660750 8.555356 8.656157 8.550785 0.031462 0.032257 0.074545 0.067204 0.032257 0.031456 0.032257 7670 8147
31 62.310000 60.320000 1000000 8.658465 8.544603 8.653188 8.534925 0.031462 0.032257 0.076489 0.069355 0.032257 0.031457 0.032257 8140 8203
31 62.310000 60.320000 1000000 8.657364 8.543528 8.652085 8.533850 0.031460 0.032257 0.075516 0.068279 0.032257 0.031455 0.032257 8200 8724
31 62.310000 60.320000 1000000 8.643152 8.533851 8.637848 8.524172 0.031462 0.032257 0.072612 0.065054 0.032257 0.031457 0.032257 8720 8929
31 62.310000 60.320000 1000000 8.638188 8.530625 8.632875 8.520947 0.031469 0.032257 0.070692 0.062904 0.032257 0.031464 0.032257 8920 9401
31 62.310000 60.320000 1000000 8.628432 8.525249 8.623100 8.515570 0.031480 0.032257 0.066894 0.058603 0.032257 0.031475 0.032257 9400 10113
31 62.310000 60.320000 1000000 8.620071 8.517722 8.614724 8.508043 0.031487 0.032257 0.070692 0.062903 0.032257 0.031483 0.032257 10110 10784
31 62.310000 60.320000 1000000 8.598924 8.504818 8.593537 8.495140 0.031495 0.032257 0.072613 0.065055 0.032257 0.031490 0.032257 10780 10884
31 62.310000 60.320000 1000000 8.598045 8.503743 8.592656 8.494065 0.031493 0.032257 0.072613 0.065055 0.032257 0.031488 0.032257 10880 11211
31 62.310000 60.320000 1000000 8.596889 8.500517 8.592247 8.493348 0.031493 0.032257 0.070693 0.062904 0.032257 0.031487 0.032257 11210 11653
31 62.310000 60.320000 1000000 8.595097 8.496216 8.591526 8.492810 0.031493 0.032257 0.066895 0.058603 0.032257 0.031485 0.032257 11650 12295
31 62.310000 60.320000 1000000 8.589587 8.492990 8.586009 8.489584 0.031495 0.032257 0.065955 0.057528 0.032257 0.031487 0.032257 12290 12380
31 62.310000 60.320000 1000000 8.588714 8.491915 8.585135 8.488509 0.031496 0.032257 0.065955 0.057528 0.032257 0.031489 0.032257 12380 12666
31 62.310000 60.320000 1000000 8.576103 8.483313 8.572507 8.479907 0.031495 0.032257 0.064089 0.055379 0.032257 0.031488 0.032257 12660 12688
31 62.310000 60.320000 1000000 8.575395 8.482238 8.571799 8.478832 0.031494 0.032257 0.063162 0.054304 0.032257 0.031486 0.032257 12680 12794
31 62.310000 60.320000 1000000 8.574248 8.481163 8.570650 8.477757 0.031492 0.032257 0.062240 0.053228 0.032257 0.031484 0.032257 12790 12808
31 62.310000 60.320000 1000000 8.572225 8.480087 8.568625 8.476681 0.031494 0.032257 0.063162 0.054304 0.032257 0.031486 0.032257 12800 12951
31 62.310000 60.320000 1000000 8.566268 8.474711 8.562660 8.471305 0.031499 0.032257 0.064089 0.055379 0.032257 0.031492 0.032257 12950 13806
31 62.310000 60.320000 1000000 8.563036 8.471485 8.559424 8.468079 0.031493 0.032257 0.064088 0.055378 0.032257 0.031486 0.032257 13800 13867
31 62.310000 60.320000 1000000 8.556241 8.467184 8.552621 8.463778 0.031501 0.032257 0.065022 0.056456 0.032257 0.031494 0.032257 13860 14556
31 62.310000 60.320000 1000000 8.542062 8.456431 8.538423 8.453025 0.031499 0.032257 0.065956 0.057530 0.032257 0.031491 0.032257 14550 14599
31 62.310000 60.320000 1000000 8.540864 8.455356 8.537224 8.451950 0.031497 0.032257 0.065956 0.057530 0.032257 0.031489 0.032257 14590 15655
31 62.310000 60.320000 1000000 8.530760 8.442453 8.529121 8.446574 0.031506 0.032257 0.065019 0.056453 0.032257 0.031496 0.032257 15650 15691
31 62.310000 60.320000 1000000 8.528762 8.441378 8.527123 8.445499 0.031507 0.032257 0.064088 0.055378 0.032257 0.031497 0.032257 15690 15741
31 62.310000 60.320000 1000000 8.528174 8.440302 8.526534 8.444423 0.031508 0.032257 0.065019 0.056453 0.032257 0.031498 0.032257 15740 16056
31 62.310000 60.320000 1000000 8.526518 8.438152 8.524877 8.442273 0.031505 0.032257 0.065020 0.056454 0.032257 0.031494 0.032257 16050 17232
31 62.310000 60.320000 1000000 8.513003 8.427399 8.511354 8.431520 0.031496 0.032257 0.063162 0.054304 0.032257 0.031486 0.032257 17230 17277
31 62.310000 60.320000 1000000 8.511035 8.426324 8.509385 8.430445 0.031497 0.032257 0.062240 0.053229 0.032257 0.031487 0.032257 17270 18277
31 62.310000 60.320000 1000000 8.498314 8.416646 8.496657 8.420767 0.031502 0.032257 0.061321 0.052151 0.032257 0.031492 0.032257 18270 18924
31 62.310000 60.320000 1000000 8.491915 8.411270 8.490254 8.415391 0.031499 0.032257 0.062238 0.053226 0.032257 0.031488 0.032257 18920 19534
31 62.310000 60.320000 1000000 8.475125 8.401593 8.473454 8.405713 0.031514 0.032257 0.060408 0.051074 0.032257 0.031503 0.032257 19530 20272
31 62.310000 60.320000 1000000 8.473178 8.400517 8.471506 8.404638 0.031516 0.032257 0.059502 0.049999 0.032257 0.031506 0.032257 20270 20653
31 62.310000 60.320000 1000000 8.467255 8.394066 8.465579 8.398187 0.031508 0.032257 0.058601 0.048924 0.032257 0.031498 0.032257 20650 21981
31 62.310000 60.320000 1000000 8.449135 8.381162 8.447448 8.385283 0.031503 0.032257 0.059502 0.050000 0.032257 0.031493 0.032257 21980 22859
31 62.310000 60.320000 1000000 8.439822 8.374711 8.438129 8.378832 0.031505 0.032257 0.057708 0.047851 0.032257 0.031494 0.032257 22850 23012
31 62.310000 60.320000 1000000 8.438329 8.373636 8.436636 8.377756 0.031504 0.032257 0.058603 0.048926 0.032257 0.031493 0.032257 23010 23394
31 62.310000 60.320000 1000000 8.428164 8.365033 8.426465 8.369154 0.031516 0.032257 0.064088 0.055377 0.032257 0.031505 0.032257 23390 23941
31 62.310000 60.320000 1000000 8.426353 8.363958 8.424653 8.368079 0.031518 0.032257 0.064088 0.055377 0.032257 0.031508 0.032257 23940 25140
31 62.310000 60.320000 1000000 8.426015 8.362883 8.424315 8.367004 0.031517 0.032257 0.064087 0.055377 0.032257 0.031507 0.032257 25140 28524
31 62.310000 60.320000 1000000 8.407980 8.351055 8.406269 8.355176 0.031524 0.032257 0.065954 0.057528 0.032257 0.031513 0.032257 28520 30152
31 62.310000 60.320000 1000000 8.394336 8.342453 8.392616 8.346574 0.031537 0.032257 0.065954 0.057528 0.032257 0.031527 0.032257 30150 31683
31 62.310000 60.320000 1000000 8.394116 8.340840 8.392280 8.344109 0.031538 0.032257 0.065486 0.056990 0.032257 0.031527 0.032257 31680 32574
31 62.310000 60.320000 1000000 8.384910 8.335464 8.383067 8.338733 0.031543 0.032257 0.066425 0.058066 0.032257 0.031533 0.032257 32570 32842
31 62.310000 60.320000 1000000 8.383988 8.334388 8.382146 8.337658 0.031545 0.032257 0.066425 0.058066 0.032257 0.031534 0.032257 32840 34286
31 62.310000 60.320000 1000000 8.368114 8.322560 8.366261 8.325830 0.031561 0.032257 0.065486 0.056990 0.032257 0.031551 0.032257 34280 34352
31 62.310000 60.320000 1000000 8.366483 8.321485 8.364628 8.324755 0.031564 0.032257 0.064552 0.055915 0.032257 0.031553 0.032257 34350 36191
31 62.310000 60.320000 1000000 8.359804 8.316109 8.357945 8.319378 0.031561 0.032257 0.069261 0.061291 0.032257 0.031551 0.032257 36190 36555
31 62.310000 60.320000 1000000 8.359308 8.315033 8.357449 8.318303 0.031560 0.032257 0.070215 0.062366 0.032257 0.031550 0.032257 36550 36998
31 62.310000 60.320000 1000000 8.358162 8.313958 8.356302 8.317228 0.031558 0.032257 0.071171 0.063441 0.032257 0.031548 0.032257 36990 37027
31 62.310000 60.320000 1000000 8.356797 8.312883 8.354936 8.316153 0.031560 0.032257 0.070214 0.062366 0.032257 0.031550 0.032257 37020 37335
31 62.310000 60.320000 1000000 8.341168 8.304281 8.339297 8.307550 0.031577 0.032257 0.069261 0.061291 0.032257 0.031566 0.032257 37330 38093
31 62.310000 60.320000 1000000 8.331800 8.296754 8.329923 8.300023 0.031589 0.032257 0.074061 0.066667 0.032257 0.031578 0.032257 38090 39506
31 62.310000 60.320000 1000000 8.311669 8.277399 8.309778 8.280669 0.031616 0.032257 0.074061 0.066667 0.032257 0.031605 0.032257 39500 39522
31 62.310000 60.320000 1000000 8.310818 8.276324 8.308926 8.279593 0.031614 0.032257 0.073094 0.065591 0.032257 0.031604 0.032257 39520 40184
31 62.310000 60.320000 1000000 8.305633 8.273098 8.303738 8.276368 0.031617 0.032257 0.071171 0.063441 0.032257 0.031607 0.032257 40180 41824
31 62.310000 60.320000 1000000 8.296041 8.265571 8.294139 8.268841 0.031626 0.032257 0.075030 0.067742 0.032257 0.031615 0.032257 41820 41878
31 62.310000 60.320000 1000000 8.294911 8.264496 8.293009 8.267765 0.031624 0.032257 0.074061 0.066667 0.032257 0.031614 0.032257 41870 47287
31 62.310000 60.320000 1000000 8.261553 8.242990 8.259627 8.246260 0.031639 0.032257 0.075030 0.067742 0.032257 0.031629 0.032257 47280 52039
31 62.310000 60.320000 1000000 8.251888 8.233313 8.249956 8.236583 0.031652 0.032257 0.078935 0.072043 0.032257 0.031642 0.032257 52030 52333
31 62.310000 60.320000 1000000 8.244845 8.219335 8.240880 8.217766 0.031661 0.032257 0.081891 0.075270 0.032257 0.031654 0.032257 52330 52543
31 62.310000 60.320000 1000000 8.243999 8.218259 8.240033 8.216690 0.031659 0.032257 0.082880 0.076345 0.032257 0.031652 0.032257 52540 53650
31 62.310000 60.320000 1000000 8.242902 8.217184 8.238934 8.215615 0.031658 0.032257 0.083872 0.077420 0.032257 0.031651 0.032257 53650 55615
31 62.310000 60.320000 1000000 8.226772 8.206431 8.222780 8.204862 0.031677 0.032257 0.081889 0.075268 0.032257 0.031670 0.032257 55610 56622
31 62.310000 60.320000 1000000 8.225529 8.205356 8.221535 8.203787 0.031679 0.032257 0.081889 0.075268 0.032257 0.031672 0.032257 56620 57144
31 62.310000 60.320000 1000000 8.224550 8.204281 8.220556 8.202712 0.031677 0.032257 0.080902 0.074193 0.032257 0.031670 0.032257 57140 60538
31 62.310000 60.320000 1000000 8.214303 8.197829 8.210293 8.196260 0.031687 0.032257 0.082879 0.076344 0.032257 0.031680 0.032257 60530 65931
31 62.310000 60.320000 1000000 8.192044 8.179550 8.187758 8.176278 0.031683 0.032257 0.077956 0.070969 0.032257 0.031677 0.032257 65930 70074
31 62.310000 60.320000 1000000 8.180092 8.166647 8.175788 8.163375 0.031692 0.032257 0.076003 0.068818 0.032257 0.031686 0.032257 70070 74270
31 62.310000 60.320000 1000000 8.154865 8.144066 8.150421 8.139092 0.031714 0.032257 0.079919 0.073120 0.032257 0.031708 0.032257 74270 75404
31 62.310000 60.320000 1000000 8.153606 8.142991 8.149161 8.138017 0.031713 0.032257 0.078937 0.072045 0.032257 0.031706 0.032257 75400 77272
31 62.310000 60.320000 1000000 8.150008 8.139765 8.145557 8.134791 0.031707 0.032257 0.079919 0.073120 0.032257 0.031701 0.032257 77270 78083
31 62.310000 60.320000 1000000 8.148287 8.138690 8.143833 8.133716 0.031707 0.032257 0.078936 0.072044 0.032257 0.031701 0.032257 78080 78298
31 62.310000 60.320000 1000000 8.147010 8.137615 8.142554 8.132640 0.031706 0.032257 0.078936 0.072044 0.032257 0.031699 0.032257 78290 78742
31 62.310000 60.320000 1000000 8.146011 8.136539 8.141553 8.131565 0.031707 0.032257 0.079919 0.073120 0.032257 0.031700 0.032257 78740 81096
31 62.310000 60.320000 1000000 8.131224 8.124711 8.126741 8.119737 0.031720 0.032257 0.076980 0.069895 0.032257 0.031714 0.032257 81090 82282
31 62.310000 60.320000 1000000 8.128712 8.122561 8.124225 8.117587 0.031724 0.032257 0.075033 0.067745 0.032257 0.031718 0.032257 81260 85187
31 62.310000 60.320000 1000000 8.122945 8.115034 8.118449 8.110060 0.031729 0.032257 0.076005 0.068820 0.032257 0.031723 0.032257 85180 85286
31 62.310000 60.320000 1000000 8.121920 8.113959 8.117422 8.108985 0.031728 0.032257 0.076980 0.069895 0.032257 0.031721 0.032257 85280 89287
31 62.310000 60.320000 1000000 8.118916 8.109658 8.114413 8.104684 0.031729 0.032257 0.074063 0.066669 0.032257 0.031723 0.032257 89280 92483
31 62.310000 60.320000 1000000 8.114074 8.106432 8.109563 8.101458 0.031732 0.032257 0.071173 0.063444 0.032257 0.031726 0.032257 92480 100142
31 62.310000 60.320000 1000000 8.108749 8.102131 8.104229 8.097157 0.031736 0.032257 0.072134 0.064519 0.032257 0.031730 0.032257 100140 105085
31 62.310000 60.320000 1000000 8.084927 8.084927 8.080518 8.081207 0.031759 0.032257 0.076004 0.068819 0.032257 0.031753 0.032257 105080 105460
31 62.310000 60.320000 1000000 8.083821 8.083851 8.079411 8.080132 0.031757 0.032257 0.076978 0.069894 0.032257 0.031751 0.032257 105460 118745
31 62.310000 60.320000 1000000 8.048599 8.049443 8.048439 8.062031 0.031786 0.032257 0.078935 0.072043 0.032257 0.031773 0.032257 118740 121268
31 62.310000 60.320000 1000000 8.047064 8.048367 8.046904 8.060956 0.031785 0.032257 0.078934 0.072042 0.032257 0.031772 0.032257 121260 125677
31 62.310000 60.320000 1000000 8.023964 8.034389 8.023803 8.046977 0.031803 0.032257 0.077954 0.070967 0.032257 0.031790 0.032257 125670 128736
31 62.310000 60.320000 1000000 8.004036 8.008045 8.002823 8.012972 0.031829 0.032257 0.070692 0.062903 0.032257 0.031818 0.032257 128730 133403
31 62.310000 60.320000 1000000 8.002486 8.006970 8.001273 8.011897 0.031828 0.032257 0.069738 0.061829 0.032257 0.031817 0.032257 133400 133532
31 62.310000 60.320000 1000000 8.001173 8.005895 7.999959 8.010822 0.031827 0.032257 0.069738 0.061829 0.032257 0.031816 0.032257 133530 139566
31 62.310000 60.320000 1000000 7.992844 7.998368 7.991464 8.002892 0.031832 0.032257 0.070693 0.062904 0.032257 0.031821 0.032257 139560 144714
31 62.310000 60.320000 1000000 7.972281 7.983314 7.970890 7.987838 0.031850 0.032257 0.075518 0.068281 0.032257 0.031840 0.032257 144710 159896
31 62.310000 60.320000 1000000 7.951469 7.967185 7.950067 7.971709 0.031862 0.032257 0.071652 0.063980 0.032257 0.031851 0.032257 159890 161481
31 62.310000 60.320000 1000000 7.947946 7.963959 7.946542 7.968483 0.031859 0.032257 0.071651 0.063979 0.032257 0.031849 0.032257 161480 166871
31 62.310000 60.320000 1000000 7.934586 7.947830 7.932950 7.951145 0.031873 0.032257 0.081397 0.074733 0.032257 0.031862 0.032257 166870 167581
31 62.310000 60.320000 1000000 7.932509 7.942991 7.930820 7.945455 0.031875 0.032257 0.084866 0.078496 0.032257 0.031864 0.032257 167580 175600
31 62.310000 60.320000 1000000 7.921923 7.934389 7.920227 7.936853 0.031876 0.032257 0.088858 0.082796 0.032257 0.031865 0.032257 169330 176169
31 62.310000 60.320000 1000000 7.902800 7.921486 7.901093 7.923949 0.031877 0.032257 0.085862 0.079572 0.032257 0.031866 0.032257 176160 189111
31 62.310000 60.320000 1000000 7.893366 7.907508 7.891652 7.909971 0.031889 0.032257 0.079919 0.073120 0.032257 0.031878 0.032257 189110 200339
31 62.310000 60.320000 1000000 7.878416 7.887078 7.876425 7.887390 0.031903 0.032257 0.075032 0.067744 0.032257 0.031893 0.032257 200330 212344
31 62.310000 60.320000 1000000 7.876886 7.886002 7.874893 7.886315 0.031905 0.032257 0.074063 0.066669 0.032257 0.031895 0.032257 212340 223562
31 62.310000 60.320000 1000000 7.872466 7.882777 7.870470 7.883089 0.031910 0.032257 0.072132 0.064518 0.032257 0.031900 0.032257 223560 228288
31 62.310000 60.320000 1000000 7.863899 7.877400 7.861896 7.877713 0.031915 0.032257 0.074063 0.066670 0.032257 0.031904 0.032257 228280 230127
31 62.310000 60.320000 1000000 7.862631 7.876325 7.860627 7.876638 0.031913 0.032257 0.075033 0.067745 0.032257 0.031903 0.032257 230120 235366
31 62.310000 60.320000 1000000 7.859997 7.873099 7.857991 7.873412 0.031913 0.032257 0.077957 0.070970 0.032257 0.031903 0.032257 235360 243991
31 62.310000 60.320000 1000000 7.850974 7.865572 7.848961 7.865885 0.031917 0.032257 0.071173 0.063444 0.032257 0.031907 0.032257 243990 253027
31 62.310000 60.320000 1000000 7.849238 7.861271 7.846573 7.859971 0.031921 0.032257 0.067368 0.059143 0.032257 0.031911 0.032257 247150 249460
31 62.310000 60.320000 1000000 7.848827 7.860196 7.846006 7.858493 0.031921 0.032257 0.066426 0.058068 0.032257 0.031912 0.032257 249460 253027
31 62.310000 60.320000 1000000 7.847674 7.856970 7.844852 7.855267 0.031920 0.032257 0.066426 0.058068 0.032257 0.031911 0.032257 253020 255325
31 62.310000 60.320000 1000000 7.843544 7.852669 7.840718 7.850966 0.031923 0.032257 0.063626 0.054843 0.032257 0.031914 0.032257 255320 285465
31 62.310000 60.320000 1000000 7.821321 7.834390 7.818168 7.831880 0.031926 0.032257 0.071174 0.063444 0.032257 0.031918 0.032257 285460 294134
31 62.310000 60.320000 1000000 7.819790 7.833314 7.816635 7.830805 0.031928 0.032257 0.070217 0.062369 0.032257 0.031920 0.032257 294130 304526
31 62.310000 60.320000 1000000 7.816159 7.830089 7.812999 7.827579 0.031925 0.032257 0.071174 0.063444 0.032257 0.031917 0.032257 304520 309281
31 62.310000 60.320000 1000000 7.807081 7.822562 7.803910 7.820052 0.031935 0.032257 0.069263 0.061293 0.032257 0.031927 0.032257 309280 319598
31 62.310000 60.320000 1000000 7.806010 7.821486 7.802838 7.818977 0.031934 0.032257 0.069263 0.061293 0.032257 0.031926 0.032257 319590 326668
31 62.310000 60.320000 1000000 7.801368 7.818261 7.798190 7.815751 0.031934 0.032257 0.067368 0.059143 0.032257 0.031926 0.032257 326660 332093
31 62.310000 60.320000 1000000 7.796878 7.812884 7.793695 7.810374 0.031938 0.032257 0.066426 0.058068 0.032257 0.031929 0.032257 332090 350602
31 62.310000 60.320000 1000000 7.781734 7.802132 7.778848 7.800876 0.031946 0.032257 0.072134 0.064519 0.032257 0.031937 0.032257 350600 353624
31 62.310000 60.320000 1000000 7.781184 7.801056 7.778298 7.799801 0.031947 0.032257 0.071174 0.063444 0.032257 0.031938 0.032257 353620 369511
31 62.310000 60.320000 1000000 7.756394 7.782239 7.753374 7.780133 0.031968 0.032257 0.075519 0.068283 0.032257 0.031959 0.032257 369510 376753
31 62.310000 60.320000 1000000 7.748834 7.776863 7.745805 7.774756 0.031975 0.032257 0.074548 0.067208 0.032257 0.031966 0.032257 376750 377340
31 62.310000 60.320000 1000000 7.747564 7.775788 7.744534 7.773681 0.031973 0.032257 0.075519 0.068283 0.032257 0.031965 0.032257 377340 388664
31 62.310000 60.320000 1000000 7.727532 7.759659 7.723890 7.755939 0.031992 0.032257 0.074548 0.067208 0.032257 0.031985 0.032257 388660 390898
31 62.310000 60.320000 1000000 7.725887 7.758583 7.722243 7.754864 0.031994 0.032257 0.074548 0.067208 0.032257 0.031986 0.032257 390890 413003
31 62.310000 60.320000 1000000 7.714417 7.744605 7.711082 7.743394 0.032001 0.032257 0.082388 0.075810 0.032257 0.031994 0.032257 413000 432535
31 62.310000 60.320000 1000000 7.701310 7.730627 7.699193 7.734434 0.032010 0.032257 0.080412 0.073659 0.032257 0.032001 0.032257 432530 464423
31 62.310000 60.320000 1000000 7.692487 7.724175 7.690363 7.727982 0.032019 0.032257 0.077468 0.070433 0.032257 0.032010 0.032257 464420 473086
31 62.310000 60.320000 1000000 7.691930 7.723100 7.689805 7.726907 0.032020 0.032257 0.076492 0.069358 0.032257 0.032011 0.032257 473080 473723
31 62.310000 60.320000 1000000 7.690915 7.722024 7.688790 7.725832 0.032019 0.032257 0.077468 0.070433 0.032257 0.032010 0.032257 473720 492500
31 62.310000 60.320000 1000000 7.688278 7.718799 7.686150 7.722606 0.032019 0.032257 0.076492 0.069357 0.032257 0.032010 0.032257 492500 495126
31 62.310000 60.320000 1000000 7.687612 7.717723 7.685484 7.721531 0.032018 0.032257 0.077468 0.070433 0.032257 0.032009 0.032257 495120 502370
31 62.310000 60.320000 1000000 7.685833 7.716648 7.683703 7.720455 0.032019 0.032257 0.077468 0.070433 0.032257 0.032010 0.032257 502370 506434
31 62.310000 60.320000 1000000 7.684839 7.715573 7.682708 7.719380 0.032018 0.032257 0.076492 0.069358 0.032257 0.032009 0.032257 506430 508931
31 62.310000 60.320000 1000000 7.683585 7.714498 7.681454 7.718305 0.032017 0.032257 0.075518 0.068282 0.032257 0.032008 0.032257 508930 509327
31 62.310000 60.320000 1000000 7.682617 7.713422 7.680484 7.717230 0.032016 0.032257 0.075519 0.068283 0.032257 0.032007 0.032257 509320 550362
31 62.310000 60.320000 1000000 7.666093 7.703745 7.663947 7.707552 0.032028 0.032257 0.068788 0.060756 0.032257 0.032019 0.032257 521130 564256
31 62.310000 60.320000 1000000 7.643045 7.684390 7.640879 7.688197 0.032039 0.032257 0.073579 0.066131 0.032257 0.032030 0.032257 564250 581352
31 62.310000 60.320000 1000000 7.642030 7.683315 7.639864 7.687122 0.032040 0.032257 0.074547 0.067207 0.032257 0.032031 0.032257 581350 594154
31 62.310000 60.320000 1000000 7.640383 7.682240 7.638215 7.686047 0.032040 0.032257 0.075517 0.068281 0.032257 0.032031 0.032257 594150 597159
31 62.310000 60.320000 1000000 7.639507 7.681164 7.637338 7.684972 0.032040 0.032257 0.075517 0.068281 0.032257 0.032031 0.032257 597150 687117
31 62.310000 60.320000 1000000 7.615405 7.663960 7.613215 7.667767 0.032060 0.032257 0.072614 0.065056 0.032257 0.032051 0.032257 687110 699124
31 62.310000 60.320000 1000000 7.608586 7.657508 7.606391 7.661316 0.032060 0.032257 0.067840 0.059680 0.032257 0.032051 0.032257 699120 739179
31 62.310000 60.320000 1000000 7.604144 7.654283 7.601945 7.658090 0.032058 0.032257 0.068787 0.060755 0.032257 0.032049 0.032257 739170 746480
31 62.310000 60.320000 1000000 7.603851 7.653207 7.601651 7.657015 0.032058 0.032257 0.067839 0.059679 0.032257 0.032049 0.032257 746480 775625
31 62.310000 60.320000 1000000 7.600530 7.647831 7.598110 7.649936 0.032057 0.032257 0.065020 0.056454 0.032257 0.032048 0.032257 772960 794033
31 62.310000 60.320000 1000000 7.595279 7.642455 7.592854 7.644559 0.032064 0.032257 0.060411 0.051078 0.032257 0.032055 0.032257 794030 830543
31 62.310000 60.320000 1000000 7.588305 7.633852 7.585872 7.635957 0.032071 0.032257 0.056821 0.046777 0.032257 0.032062 0.032257 830540 836804
31 62.310000 60.320000 1000000 7.586880 7.632777 7.584446 7.634882 0.032072 0.032257 0.056820 0.046776 0.032257 0.032064 0.032257 836800 850313
31 62.310000 60.320000 1000000 7.586592 7.631702 7.584158 7.633807 0.032072 0.032257 0.057708 0.047850 0.032257 0.032063 0.032257 850310 858225
31 62.310000 60.320000 1000000 7.585456 7.630627 7.583021 7.632731 0.032071 0.032257 0.057708 0.047850 0.032257 0.032063 0.032257 858220 866900
31 62.310000 60.320000 1000000 7.580146 7.626326 7.577706 7.628430 0.032073 0.032257 0.056820 0.046776 0.032257 0.032065 0.032257 866900 872464
31 62.310000 60.320000 1000000 7.579037 7.625250 7.576596 7.627355 0.032072 0.032257 0.056820 0.046776 0.032257 0.032064 0.032257 872460 874936
31 62.310000 60.320000 1000000 7.578836 7.623637 7.576288 7.624891 0.032073 0.032257 0.056379 0.046240 0.032257 0.032064 0.032257 874930 894166
31 62.310000 60.320000 1000000 7.573316 7.619336 7.570763 7.620590 0.032071 0.032257 0.056380 0.046240 0.032257 0.032062 0.032257 894160 901893
31 62.310000 60.320000 1000000 7.571903 7.618261 7.569348 7.619515 0.032070 0.032257 0.057265 0.047315 0.032257 0.032061 0.032257 901890 909272
31 62.310000 60.320000 1000000 7.568104 7.615035 7.565545 7.616289 0.032072 0.032257 0.055502 0.045165 0.032257 0.032063 0.032257 909270 912585
31 62.310000 60.320000 1000000 7.566701 7.613960 7.564141 7.615214 0.032073 0.032257 0.055501 0.045165 0.032257 0.032065 0.032257 912580 940295
31 62.310000 60.320000 1000000 7.557629 7.607508 7.555059 7.608762 0.032075 0.032257 0.054630 0.044089 0.032257 0.032067 0.032257 940290 967726
31 62.310000 60.320000 1000000 7.556049 7.604283 7.553478 7.605536 0.032078 0.032257 0.055501 0.045164 0.032257 0.032069 0.032257 942130 1000000
