27 62.310000 60.320000 1000000 15.016191 14.619855 15.013298 14.615104 0.032129 0.032259 0.189328 0.186559 0.032259 0.032120 0.032259 0 50
27 62.310000 60.320000 1000000 14.038611 13.789748 14.036667 13.799021 0.032118 0.032259 0.281958 0.280107 0.032259 0.032109 0.032259 50 60
27 62.310000 60.320000 1000000 13.618829 13.469319 13.616529 13.477786 0.032145 0.032259 0.269143 0.267203 0.032259 0.032136 0.032259 60 70
27 62.310000 60.320000 1000000 13.461227 13.320933 13.458845 13.329399 0.032135 0.032259 0.249940 0.247849 0.032259 0.032126 0.032259 70 80
27 62.310000 60.320000 1000000 13.373578 13.246202 13.371092 13.253817 0.032139 0.032259 0.211083 0.208604 0.032259 0.032130 0.032259 80 90
27 62.310000 60.320000 1000000 13.303859 13.185987 13.300819 13.191183 0.032144 0.032259 0.200463 0.197850 0.032259 0.032134 0.032259 90 100
27 62.310000 60.320000 1000000 13.184558 13.075773 13.181028 13.074114 0.032177 0.032259 0.200993 0.198388 0.032259 0.032167 0.032259 100 111
27 62.310000 60.320000 1000000 13.105290 12.996203 13.101337 12.990736 0.032165 0.032259 0.215867 0.213443 0.032259 0.032156 0.032259 110 120
27 62.310000 60.320000 1000000 13.066096 12.941902 13.061916 12.933881 0.032162 0.032259 0.234490 0.232260 0.032259 0.032152 0.032259 120 130
27 62.310000 60.320000 1000000 12.988798 12.875236 12.985525 12.873487 0.032164 0.032259 0.225972 0.223658 0.032259 0.032155 0.032259 130 145
27 62.310000 60.320000 1000000 12.956319 12.842978 12.953021 12.841229 0.032159 0.032259 0.235554 0.233335 0.032259 0.032149 0.032259 140 152
27 62.310000 60.320000 1000000 12.890843 12.770935 12.887252 12.765782 0.032149 0.032259 0.229166 0.226884 0.032259 0.032140 0.032259 150 161
27 62.310000 60.320000 1000000 12.788799 12.698892 12.785121 12.693739 0.032188 0.032259 0.193039 0.190324 0.032259 0.032179 0.032259 160 172
27 62.310000 60.320000 1000000 12.764306 12.677387 12.760607 12.672233 0.032189 0.032259 0.184563 0.181722 0.032259 0.032179 0.032259 170 180
27 62.310000 60.320000 1000000 12.717272 12.632225 12.713532 12.627072 0.032178 0.032259 0.171871 0.168817 0.032259 0.032168 0.032259 180 190
27 62.310000 60.320000 1000000 12.697205 12.608569 12.693447 12.603416 0.032176 0.032259 0.169759 0.166666 0.032259 0.032166 0.032259 190 204
27 62.310000 60.320000 1000000 12.650662 12.563408 12.646862 12.558255 0.032162 0.032259 0.177154 0.174192 0.032259 0.032153 0.032259 200 211
27 62.310000 60.320000 1000000 12.642375 12.549430 12.638095 12.542260 0.032160 0.032259 0.171870 0.168816 0.032259 0.032151 0.032259 210 224
27 62.310000 60.320000 1000000 12.623480 12.533301 12.619180 12.526131 0.032158 0.032259 0.164483 0.161289 0.032259 0.032149 0.032259 220 234
27 62.310000 60.320000 1000000 12.608494 12.517172 12.604384 12.511257 0.032163 0.032259 0.160268 0.156988 0.032259 0.032154 0.032259 230 245
27 62.310000 60.320000 1000000 12.585673 12.498893 12.581541 12.492977 0.032155 0.032259 0.172926 0.169891 0.032259 0.032146 0.032259 240 269
27 62.310000 60.320000 1000000 12.566748 12.472011 12.562597 12.466096 0.032148 0.032259 0.173983 0.170967 0.032259 0.032139 0.032259 260 274
27 62.310000 60.320000 1000000 12.541527 12.449430 12.537247 12.443112 0.032157 0.032259 0.172927 0.169891 0.032259 0.032147 0.032259 270 295
27 62.310000 60.320000 1000000 12.482877 12.390291 12.477801 12.379850 0.032163 0.032259 0.163430 0.160215 0.032259 0.032154 0.032259 290 310
27 62.310000 60.320000 1000000 12.478413 12.382764 12.473331 12.372324 0.032163 0.032259 0.165539 0.162365 0.032259 0.032153 0.032259 310 345
27 62.310000 60.320000 1000000 12.434153 12.341904 12.429840 12.336482 0.032179 0.032259 0.145555 0.141936 0.032259 0.032170 0.032259 340 352
27 62.310000 60.320000 1000000 12.416228 12.316098 12.411896 12.310675 0.032175 0.032259 0.149752 0.146236 0.032259 0.032166 0.032259 350 366
27 62.310000 60.320000 1000000 12.414448 12.313947 12.410114 12.308525 0.032175 0.032259 0.150802 0.147312 0.032259 0.032166 0.032259 360 371
27 62.310000 60.320000 1000000 12.411889 12.310721 12.407552 12.305299 0.032175 0.032259 0.149752 0.146236 0.032259 0.032166 0.032259 370 409
27 62.310000 60.320000 1000000 12.383081 12.280614 12.378526 12.274385 0.032162 0.032259 0.150798 0.147308 0.032259 0.032152 0.032259 400 416
27 62.310000 60.320000 1000000 12.373761 12.267711 12.368910 12.260272 0.032154 0.032259 0.142408 0.138707 0.032259 0.032145 0.032259 410 461
27 62.310000 60.320000 1000000 12.367956 12.262334 12.363099 12.254896 0.032154 0.032259 0.142409 0.138707 0.032259 0.032145 0.032259 420 430
27 62.310000 60.320000 1000000 12.363201 12.258033 12.358338 12.250595 0.032155 0.032259 0.141362 0.137632 0.032259 0.032146 0.032259 430 461
27 62.310000 60.320000 1000000 12.329473 12.185453 12.325418 12.180031 0.032138 0.032259 0.125193 0.120966 0.032259 0.032129 0.032259 460 470
27 62.310000 60.320000 1000000 12.328157 12.184378 12.324100 12.178956 0.032138 0.032259 0.125193 0.120966 0.032259 0.032129 0.032259 470 482
27 62.310000 60.320000 1000000 12.324069 12.174701 12.321255 12.176805 0.032137 0.032259 0.123115 0.118813 0.032259 0.032128 0.032259 480 523
27 62.310000 60.320000 1000000 12.246534 12.110185 12.243667 12.112290 0.032147 0.032259 0.123115 0.118814 0.032259 0.032138 0.032259 520 536
27 62.310000 60.320000 1000000 12.227290 12.080077 12.224583 12.083436 0.032142 0.032259 0.132479 0.128492 0.032259 0.032133 0.032259 530 563
27 62.310000 60.320000 1000000 12.208427 12.058572 12.205620 12.061528 0.032141 0.032259 0.132479 0.128492 0.032259 0.032132 0.032259 560 571
27 62.310000 60.320000 1000000 12.196973 12.044594 12.194159 12.047549 0.032139 0.032259 0.133522 0.129567 0.032259 0.032130 0.032259 570 592
27 62.310000 60.320000 1000000 12.157946 12.008035 12.155104 12.010991 0.032135 0.032259 0.135610 0.131717 0.032259 0.032126 0.032259 590 604
27 62.310000 60.320000 1000000 12.152903 12.003734 12.150057 12.006689 0.032136 0.032259 0.134567 0.130643 0.032259 0.032127 0.032259 600 612
27 62.310000 60.320000 1000000 12.149277 11.999433 12.146429 12.002388 0.032133 0.032259 0.137701 0.133869 0.032259 0.032124 0.032259 610 626
27 62.310000 60.320000 1000000 12.140568 11.992981 12.137627 11.995534 0.032134 0.032259 0.138746 0.134944 0.032259 0.032125 0.032259 620 631
27 62.310000 60.320000 1000000 12.127488 11.979003 12.124538 11.981555 0.032134 0.032259 0.131436 0.127416 0.032259 0.032125 0.032259 630 650
27 62.310000 60.320000 1000000 12.121126 11.972551 12.118171 11.975104 0.032134 0.032259 0.127272 0.123116 0.032259 0.032125 0.032259 650 675
27 62.310000 60.320000 1000000 12.105262 11.959648 12.102295 11.962201 0.032130 0.032259 0.118971 0.114514 0.032259 0.032121 0.032259 670 697
27 62.310000 60.320000 1000000 12.101332 11.955347 12.098362 11.957900 0.032130 0.032259 0.118971 0.114514 0.032259 0.032121 0.032259 690 728
27 62.310000 60.320000 1000000 12.096382 11.949971 12.093409 11.952523 0.032129 0.032259 0.120006 0.115589 0.032259 0.032119 0.032259 720 742
27 62.310000 60.320000 1000000 12.075795 11.935992 12.072807 11.938545 0.032132 0.032259 0.121043 0.116665 0.032259 0.032123 0.032259 740 815
27 62.310000 60.320000 1000000 12.055086 11.910186 12.052082 11.912739 0.032117 0.032259 0.118974 0.114517 0.032259 0.032108 0.032259 780 831
27 62.310000 60.320000 1000000 12.017094 11.881154 12.014062 11.883707 0.032123 0.032259 0.116905 0.112367 0.032259 0.032113 0.032259 830 953
27 62.310000 60.320000 1000000 11.941211 11.820940 11.938336 11.824747 0.032113 0.032259 0.121047 0.116669 0.032259 0.032104 0.032259 950 961
27 62.310000 60.320000 1000000 11.940716 11.819864 11.937841 11.823671 0.032113 0.032259 0.122084 0.117745 0.032259 0.032104 0.032259 960 983
27 62.310000 60.320000 1000000 11.932578 11.810187 11.929697 11.813994 0.032107 0.032259 0.113810 0.109143 0.032259 0.032097 0.032259 980 993
27 62.310000 60.320000 1000000 11.921344 11.796208 11.918299 11.798313 0.032106 0.032259 0.111749 0.106992 0.032259 0.032097 0.032259 990 1027
27 62.310000 60.320000 1000000 11.919454 11.795133 11.916407 11.797238 0.032107 0.032259 0.112779 0.108067 0.032259 0.032097 0.032259 1020 1041
27 62.310000 60.320000 1000000 11.905270 11.781692 11.902136 11.782946 0.032102 0.032259 0.114326 0.109680 0.032259 0.032093 0.032259 1040 1059
27 62.310000 60.320000 1000000 11.904038 11.779542 11.900903 11.780795 0.032102 0.032259 0.115358 0.110755 0.032259 0.032092 0.032259 1050 1064
27 62.310000 60.320000 1000000 11.903168 11.778467 11.900033 11.779720 0.032101 0.032259 0.115357 0.110755 0.032259 0.032092 0.032259 1060 1083
27 62.310000 60.320000 1000000 11.895927 11.769865 11.892786 11.771118 0.032097 0.032259 0.119493 0.115056 0.032259 0.032088 0.032259 1080 1109
27 62.310000 60.320000 1000000 11.892278 11.767714 11.889134 11.768967 0.032098 0.032259 0.117423 0.112905 0.032259 0.032089 0.032259 1090 1124
27 62.310000 60.320000 1000000 11.879968 11.748897 11.876752 11.749299 0.032092 0.032259 0.128317 0.124196 0.032259 0.032083 0.032259 1120 1152
27 62.310000 60.320000 1000000 11.874786 11.737607 11.871341 11.735455 0.032092 0.032259 0.127798 0.123660 0.032259 0.032082 0.032259 1150 1222
27 62.310000 60.320000 1000000 11.873041 11.736531 11.869595 11.734380 0.032092 0.032259 0.128839 0.124735 0.032259 0.032082 0.032259 1220 1267
27 62.310000 60.320000 1000000 11.862486 11.722553 11.858939 11.719998 0.032079 0.032259 0.127799 0.123660 0.032259 0.032070 0.032259 1260 1413
27 62.310000 60.320000 1000000 11.835006 11.688145 11.831435 11.685590 0.032073 0.032259 0.128838 0.124735 0.032259 0.032064 0.032259 1410 1445
27 62.310000 60.320000 1000000 11.829859 11.684919 11.826283 11.682364 0.032074 0.032259 0.130922 0.126885 0.032259 0.032064 0.032259 1440 1602
27 62.310000 60.320000 1000000 11.801034 11.659112 11.797431 11.656557 0.032073 0.032259 0.133007 0.129036 0.032259 0.032063 0.032259 1600 1614
27 62.310000 60.320000 1000000 11.797332 11.654811 11.793726 11.652256 0.032070 0.032259 0.133007 0.129036 0.032259 0.032060 0.032259 1610 1677
27 62.310000 60.320000 1000000 11.768698 11.630080 11.764750 11.626316 0.032074 0.032259 0.136138 0.132261 0.032259 0.032064 0.032259 1670 1731
27 62.310000 60.320000 1000000 11.733921 11.605349 11.730131 11.602839 0.032079 0.032259 0.141367 0.137637 0.032259 0.032070 0.032259 1730 1771
27 62.310000 60.320000 1000000 11.718583 11.581693 11.714593 11.578377 0.032073 0.032259 0.142415 0.138714 0.032259 0.032063 0.032259 1770 1855
27 62.310000 60.320000 1000000 11.700409 11.559113 11.696401 11.555796 0.032064 0.032259 0.134048 0.130109 0.032259 0.032055 0.032259 1850 1999
27 62.310000 60.320000 1000000 11.672493 11.523629 11.668455 11.520312 0.032066 0.032259 0.135092 0.131184 0.032259 0.032057 0.032259 1990 2037
27 62.310000 60.320000 1000000 11.663941 11.518253 11.659895 11.514936 0.032069 0.032259 0.133005 0.129033 0.032259 0.032060 0.032259 2030 2232
27 62.310000 60.320000 1000000 11.593086 11.468790 11.589162 11.466728 0.032071 0.032259 0.142411 0.138709 0.032259 0.032062 0.032259 2230 2251
27 62.310000 60.320000 1000000 11.584224 11.462339 11.580291 11.460277 0.032075 0.032259 0.138226 0.134409 0.032259 0.032065 0.032259 2250 2299
27 62.310000 60.320000 1000000 11.557962 11.443522 11.553935 11.440609 0.032076 0.032259 0.124157 0.119893 0.032259 0.032066 0.032259 2290 2391
27 62.310000 60.320000 1000000 11.548226 11.430619 11.544190 11.427706 0.032072 0.032259 0.128315 0.124194 0.032259 0.032062 0.032259 2390 2991
27 62.310000 60.320000 1000000 11.517768 11.388683 11.513699 11.385770 0.032071 0.032259 0.127275 0.123119 0.032259 0.032062 0.032259 2700 3004
27 62.310000 60.320000 1000000 11.492739 11.366103 11.489231 11.366953 0.032069 0.032259 0.132481 0.128494 0.032259 0.032059 0.032259 3000 3158
27 62.310000 60.320000 1000000 11.456473 11.335995 11.452931 11.336845 0.032070 0.032259 0.134568 0.130644 0.032259 0.032061 0.032259 3150 3164
27 62.310000 60.320000 1000000 11.438102 11.324167 11.434543 11.325017 0.032069 0.032259 0.134569 0.130645 0.032259 0.032060 0.032259 3160 3202
27 62.310000 60.320000 1000000 11.436318 11.323092 11.432758 11.323942 0.032070 0.032259 0.133525 0.129570 0.032259 0.032061 0.032259 3200 3254
27 62.310000 60.320000 1000000 11.429016 11.316640 11.425449 11.317491 0.032071 0.032259 0.137703 0.133871 0.032259 0.032062 0.032259 3250 3308
27 62.310000 60.320000 1000000 11.426833 11.315565 11.423263 11.316415 0.032072 0.032259 0.137703 0.133871 0.032259 0.032063 0.032259 3300 3331
27 62.310000 60.320000 1000000 11.426625 11.314490 11.423298 11.316594 0.032072 0.032259 0.136658 0.132796 0.032259 0.032063 0.032259 3330 3747
27 62.310000 60.320000 1000000 11.383953 11.255350 11.381068 11.259964 0.032036 0.032259 0.152377 0.148924 0.032259 0.032027 0.032259 3740 3799
27 62.310000 60.320000 1000000 11.376808 11.244597 11.373917 11.249211 0.032029 0.032259 0.156584 0.153225 0.032259 0.032020 0.032259 3790 3954
27 62.310000 60.320000 1000000 11.349235 11.201587 11.346323 11.206200 0.032002 0.032259 0.154480 0.151075 0.032259 0.031993 0.032259 3950 3961
27 62.310000 60.320000 1000000 11.348774 11.200512 11.345862 11.205125 0.032002 0.032259 0.153429 0.149999 0.032259 0.031993 0.032259 3960 3976
27 62.310000 60.320000 1000000 11.345967 11.197286 11.342828 11.201093 0.032004 0.032259 0.153427 0.149998 0.032259 0.031994 0.032259 3970 4010
27 62.310000 60.320000 1000000 11.345335 11.196210 11.342195 11.200018 0.032003 0.032259 0.152376 0.148923 0.032259 0.031994 0.032259 4010 4503
27 62.310000 60.320000 1000000 11.291611 11.151587 11.288355 11.154543 0.031990 0.032259 0.159213 0.155911 0.032259 0.031980 0.032259 4500 4530
27 62.310000 60.320000 1000000 11.289944 11.150512 11.286688 11.153468 0.031990 0.032259 0.160266 0.156986 0.032259 0.031981 0.032259 4530 4595
27 62.310000 60.320000 1000000 11.282503 11.145135 11.279240 11.148091 0.031990 0.032259 0.157108 0.153761 0.032259 0.031981 0.032259 4590 4703
27 62.310000 60.320000 1000000 11.248420 11.117178 11.245127 11.120134 0.031979 0.032259 0.171871 0.168816 0.032259 0.031970 0.032259 4700 4851
27 62.310000 60.320000 1000000 11.214247 11.084920 11.210924 11.087876 0.031976 0.032259 0.173985 0.170968 0.032259 0.031967 0.032259 4850 4903
27 62.310000 60.320000 1000000 11.203650 11.074168 11.200317 11.077124 0.031966 0.032259 0.164485 0.161291 0.032259 0.031957 0.032259 4900 5128
27 62.310000 60.320000 1000000 11.179061 11.061265 11.175706 11.064221 0.031980 0.032259 0.167650 0.164517 0.032259 0.031970 0.032259 5120 5534
27 62.310000 60.320000 1000000 11.144328 11.032233 11.140942 11.035189 0.031968 0.032259 0.169760 0.166667 0.032259 0.031958 0.032259 5530 5769
27 62.310000 60.320000 1000000 11.129822 11.018792 11.126351 11.020896 0.031965 0.032259 0.160796 0.157527 0.032259 0.031956 0.032259 5760 6197
27 62.310000 60.320000 1000000 11.099604 10.988684 11.096104 10.990789 0.031960 0.032259 0.152378 0.148924 0.032259 0.031951 0.032259 6190 6339
27 62.310000 60.320000 1000000 11.068096 10.962878 11.064567 10.964982 0.031955 0.032259 0.151326 0.147848 0.032259 0.031945 0.032259 6330 6426
27 62.310000 60.320000 1000000 11.065807 10.958577 11.062276 10.960681 0.031951 0.032259 0.154479 0.151073 0.032259 0.031942 0.032259 6420 6672
27 62.310000 60.320000 1000000 11.039857 10.932770 11.036301 10.934875 0.031942 0.032259 0.149226 0.145698 0.032259 0.031932 0.032259 6670 6768
27 62.310000 60.320000 1000000 11.032950 10.925243 11.029386 10.927348 0.031938 0.032259 0.145030 0.141397 0.032259 0.031929 0.032259 6760 6787
27 62.310000 60.320000 1000000 11.030194 10.918792 11.026308 10.919687 0.031935 0.032259 0.146079 0.142473 0.032259 0.031926 0.032259 6780 7486
27 62.310000 60.320000 1000000 11.017330 10.872018 11.011567 10.851633 0.031937 0.032259 0.160270 0.156990 0.032259 0.031928 0.032259 7480 7796
27 62.310000 60.320000 1000000 11.008457 10.852664 11.001069 10.826229 0.031940 0.032259 0.158164 0.154840 0.032259 0.031931 0.032259 7790 7846
27 62.310000 60.320000 1000000 10.999799 10.833309 10.992394 10.806875 0.031938 0.032259 0.161324 0.158065 0.032259 0.031929 0.032259 7840 7895
27 62.310000 60.320000 1000000 10.999164 10.832234 10.991758 10.805799 0.031938 0.032259 0.161324 0.158065 0.032259 0.031929 0.032259 7890 8081
27 62.310000 60.320000 1000000 10.996627 10.829008 10.989215 10.802574 0.031938 0.032259 0.162377 0.159140 0.032259 0.031929 0.032259 8080 8733
27 62.310000 60.320000 1000000 10.963151 10.790298 10.955671 10.763864 0.031936 0.032259 0.158164 0.154840 0.032259 0.031928 0.032259 8730 8789
27 62.310000 60.320000 1000000 10.960839 10.789223 10.953354 10.762789 0.031938 0.032259 0.158164 0.154840 0.032259 0.031930 0.032259 8780 9010
27 62.310000 60.320000 1000000 10.958000 10.785997 10.950509 10.759563 0.031938 0.032259 0.161324 0.158065 0.032259 0.031929 0.032259 9010 9108
27 62.310000 60.320000 1000000 10.957118 10.784922 10.949625 10.758487 0.031936 0.032259 0.161324 0.158065 0.032259 0.031928 0.032259 9100 9350
27 62.310000 60.320000 1000000 10.943187 10.775244 10.935666 10.748810 0.031938 0.032259 0.160270 0.156990 0.032259 0.031930 0.032259 9350 9845
27 62.310000 60.320000 1000000 10.924562 10.758040 10.917003 10.731606 0.031924 0.032259 0.161325 0.158067 0.032259 0.031915 0.032259 9840 9915
27 62.310000 60.320000 1000000 10.922802 10.756965 10.915238 10.730531 0.031924 0.032259 0.161325 0.158067 0.032259 0.031916 0.032259 9910 9969
27 62.310000 60.320000 1000000 10.920922 10.755890 10.913355 10.729455 0.031926 0.032259 0.160272 0.156992 0.032259 0.031917 0.032259 9960 10120
27 62.310000 60.320000 1000000 10.900854 10.740836 10.893244 10.714402 0.031918 0.032259 0.164486 0.161292 0.032259 0.031910 0.032259 10120 10575
27 62.310000 60.320000 1000000 10.864254 10.709653 10.856282 10.682009 0.031922 0.032259 0.167650 0.164518 0.032259 0.031914 0.032259 10570 10653
27 62.310000 60.320000 1000000 10.863924 10.708578 10.855951 10.680934 0.031922 0.032259 0.166596 0.163443 0.032259 0.031914 0.032259 10650 10756
27 62.310000 60.320000 1000000 10.852863 10.702126 10.844866 10.674482 0.031926 0.032259 0.162378 0.159141 0.032259 0.031917 0.032259 10750 11933
27 62.310000 60.320000 1000000 10.838599 10.693524 10.830570 10.665880 0.031932 0.032259 0.155008 0.151615 0.032259 0.031924 0.032259 10930 11959
27 62.310000 60.320000 1000000 10.814676 10.647288 10.811461 10.645988 0.031918 0.032259 0.147655 0.144088 0.032259 0.031909 0.032259 11950 12191
27 62.310000 60.320000 1000000 10.810045 10.644062 10.806826 10.642762 0.031917 0.032259 0.149755 0.146239 0.032259 0.031908 0.032259 12190 13303
27 62.310000 60.320000 1000000 10.789236 10.624707 10.785998 10.623407 0.031912 0.032259 0.143461 0.139787 0.032259 0.031902 0.032259 13300 14094
27 62.310000 60.320000 1000000 10.786664 10.620406 10.783424 10.619106 0.031911 0.032259 0.142414 0.138712 0.032259 0.031901 0.032259 13540 13723
27 62.310000 60.320000 1000000 10.782759 10.617180 10.779515 10.615880 0.031911 0.032259 0.144509 0.140863 0.032259 0.031901 0.032259 13720 14094
27 62.310000 60.320000 1000000 10.770062 10.604277 10.766806 10.602977 0.031912 0.032259 0.146607 0.143014 0.032259 0.031902 0.032259 13750 15891
27 62.310000 60.320000 1000000 10.716587 10.536535 10.713478 10.536490 0.031882 0.032259 0.142417 0.138715 0.032259 0.031872 0.032259 15890 16488
27 62.310000 60.320000 1000000 10.705065 10.527933 10.701850 10.527484 0.031882 0.032259 0.146609 0.143016 0.032259 0.031873 0.032259 16480 16935
27 62.310000 60.320000 1000000 10.700998 10.524707 10.697779 10.524259 0.031883 0.032259 0.146609 0.143016 0.032259 0.031874 0.032259 16730 17203
27 62.310000 60.320000 1000000 10.689201 10.509654 10.685972 10.509205 0.031882 0.032259 0.148707 0.145166 0.032259 0.031872 0.032259 17200 19151
27 62.310000 60.320000 1000000 10.633566 10.459116 10.630285 10.458667 0.031879 0.032259 0.143463 0.139790 0.032259 0.031869 0.032259 19150 20147
27 62.310000 60.320000 1000000 10.546560 10.387074 10.543198 10.386625 0.031907 0.032259 0.135095 0.131187 0.032259 0.031897 0.032259 20140 20744
27 62.310000 60.320000 1000000 10.526329 10.352665 10.522947 10.352216 0.031888 0.032259 0.148706 0.145165 0.032259 0.031879 0.032259 20740 21339
27 62.310000 60.320000 1000000 10.511376 10.337612 10.507979 10.337163 0.031883 0.032259 0.146607 0.143014 0.032259 0.031873 0.032259 21330 21511
27 62.310000 60.320000 1000000 10.504599 10.329010 10.501196 10.328561 0.031877 0.032259 0.147655 0.144088 0.032259 0.031867 0.032259 21510 21779
27 62.310000 60.320000 1000000 10.502854 10.327934 10.499449 10.327485 0.031877 0.032259 0.147655 0.144088 0.032259 0.031868 0.032259 21770 21916
27 62.310000 60.320000 1000000 10.502137 10.326859 10.498732 10.326410 0.031876 0.032259 0.148704 0.145163 0.032259 0.031867 0.032259 21910 22119
27 62.310000 60.320000 1000000 10.500718 10.325784 10.497311 10.325335 0.031876 0.032259 0.148704 0.145163 0.032259 0.031867 0.032259 22110 22722
27 62.310000 60.320000 1000000 10.489529 10.307504 10.486111 10.307055 0.031853 0.032259 0.159217 0.155915 0.032259 0.031843 0.032259 22720 23037
27 62.310000 60.320000 1000000 10.489262 10.306429 10.485744 10.305577 0.031853 0.032259 0.159217 0.155915 0.032259 0.031843 0.032259 23030 23122
27 62.310000 60.320000 1000000 10.488558 10.305354 10.485040 10.304501 0.031851 0.032259 0.160270 0.156990 0.032259 0.031842 0.032259 23120 25461
27 62.310000 60.320000 1000000 10.468616 10.266644 10.465077 10.265792 0.031835 0.032259 0.162378 0.159141 0.032259 0.031825 0.032259 25460 25621
27 62.310000 60.320000 1000000 10.467756 10.265569 10.464216 10.264717 0.031833 0.032259 0.162377 0.159141 0.032259 0.031824 0.032259 25620 26554
27 62.310000 60.320000 1000000 10.450144 10.249440 10.446587 10.248588 0.031818 0.032259 0.163431 0.160216 0.032259 0.031809 0.032259 26550 29417
27 62.310000 60.320000 1000000 10.414946 10.216107 10.412379 10.219824 0.031819 0.032259 0.178213 0.175270 0.032259 0.031809 0.032259 29410 31202
27 62.310000 60.320000 1000000 10.396891 10.197827 10.394311 10.201545 0.031808 0.032259 0.173986 0.170969 0.032259 0.031798 0.032259 31200 31981
27 62.310000 60.320000 1000000 10.387317 10.187074 10.384730 10.190792 0.031800 0.032259 0.173986 0.170969 0.032259 0.031790 0.032259 31980 35910
27 62.310000 60.320000 1000000 10.372141 10.175246 10.369542 10.178964 0.031793 0.032259 0.169762 0.166669 0.032259 0.031784 0.032259 33750 36817
27 62.310000 60.320000 1000000 10.345535 10.134386 10.342916 10.138104 0.031767 0.032259 0.158165 0.154840 0.032259 0.031757 0.032259 36810 37383
27 62.310000 60.320000 1000000 10.343790 10.133311 10.341170 10.137029 0.031767 0.032259 0.157113 0.153765 0.032259 0.031757 0.032259 37380 38166
27 62.310000 60.320000 1000000 10.298724 10.101053 10.296069 10.104771 0.031761 0.032259 0.179272 0.176346 0.032259 0.031752 0.032259 38160 39609
27 62.310000 60.320000 1000000 10.285981 10.091376 10.283317 10.095094 0.031756 0.032259 0.181388 0.178496 0.032259 0.031746 0.032259 39600 40063
27 62.310000 60.320000 1000000 10.283561 10.090301 10.280895 10.094018 0.031759 0.032259 0.182446 0.179571 0.032259 0.031749 0.032259 40060 43571
27 62.310000 60.320000 1000000 10.270354 10.077397 10.267678 10.081115 0.031761 0.032259 0.176099 0.173119 0.032259 0.031751 0.032259 40810 46442
27 62.310000 60.320000 1000000 10.214980 10.029010 10.210540 10.026680 0.031802 0.032259 0.155009 0.151615 0.032259 0.031792 0.032259 43470 47482
27 62.310000 60.320000 1000000 10.104066 9.954817 10.099478 9.952486 0.031835 0.032259 0.170814 0.167741 0.032259 0.031826 0.032259 47480 48683
27 62.310000 60.320000 1000000 10.068805 9.931161 10.064168 9.928830 0.031839 0.032259 0.161321 0.158062 0.032259 0.031830 0.032259 48680 51539
27 62.310000 60.320000 1000000 10.031857 9.883849 10.027168 9.881519 0.031839 0.032259 0.164481 0.161287 0.032259 0.031830 0.032259 51530 54364
27 62.310000 60.320000 1000000 10.026651 9.877398 10.021956 9.875067 0.031833 0.032259 0.160266 0.156986 0.032259 0.031823 0.032259 54360 54989
27 62.310000 60.320000 1000000 10.024769 9.876322 10.020071 9.873992 0.031833 0.032259 0.159213 0.155911 0.032259 0.031824 0.032259 54980 57082
27 62.310000 60.320000 1000000 10.019280 9.861269 10.014574 9.858938 0.031828 0.032259 0.144504 0.140857 0.032259 0.031819 0.032259 57080 60330
27 62.310000 60.320000 1000000 9.960313 9.815033 9.955523 9.812702 0.031857 0.032259 0.147650 0.144083 0.032259 0.031848 0.032259 60330 71683
27 62.310000 60.320000 1000000 9.891215 9.763420 9.886324 9.761089 0.031861 0.032259 0.142409 0.138707 0.032259 0.031852 0.032259 68090 74228
27 62.310000 60.320000 1000000 9.837275 9.717183 9.832192 9.714450 0.031842 0.032259 0.157109 0.153761 0.032259 0.031834 0.032259 74220 75139
27 62.310000 60.320000 1000000 9.834496 9.716108 9.829409 9.713374 0.031846 0.032259 0.156057 0.152686 0.032259 0.031837 0.032259 75130 77413
27 62.310000 60.320000 1000000 9.833821 9.715033 9.828733 9.712299 0.031845 0.032259 0.156057 0.152686 0.032259 0.031836 0.032259 77410 79322
27 62.310000 60.320000 1000000 9.824361 9.707506 9.819259 9.704772 0.031850 0.032259 0.155006 0.151612 0.032259 0.031841 0.032259 79320 79425
27 62.310000 60.320000 1000000 9.822447 9.706431 9.817341 9.703697 0.031850 0.032259 0.156057 0.152687 0.032259 0.031842 0.032259 79420 80140
27 62.310000 60.320000 1000000 9.821999 9.705355 9.816892 9.702622 0.031850 0.032259 0.155006 0.151612 0.032259 0.031841 0.032259 80140 82984
27 62.310000 60.320000 1000000 9.774720 9.677399 9.769539 9.674665 0.031871 0.032259 0.141364 0.137634 0.032259 0.031862 0.032259 82980 84254
27 62.310000 60.320000 1000000 9.772896 9.676323 9.767712 9.673590 0.031871 0.032259 0.142411 0.138709 0.032259 0.031863 0.032259 84250 90068
27 62.310000 60.320000 1000000 9.768872 9.669872 9.763682 9.667138 0.031866 0.032259 0.145556 0.141937 0.032259 0.031857 0.032259 87290 95490
27 62.310000 60.320000 1000000 9.746746 9.655893 9.741520 9.653159 0.031872 0.032259 0.145557 0.141937 0.032259 0.031864 0.032259 95490 101295
27 62.310000 60.320000 1000000 9.719042 9.632237 9.713771 9.629503 0.031865 0.032259 0.155008 0.151615 0.032259 0.031857 0.032259 101290 106992
27 62.310000 60.320000 1000000 9.703757 9.619334 9.698462 9.616600 0.031862 0.032259 0.161323 0.158065 0.032259 0.031854 0.032259 106990 109653
27 62.310000 60.320000 1000000 9.703562 9.617721 9.698163 9.614136 0.031862 0.032259 0.160797 0.157528 0.032259 0.031854 0.032259 109650 110503
27 62.310000 60.320000 1000000 9.702928 9.616646 9.697528 9.613061 0.031861 0.032259 0.159743 0.156452 0.032259 0.031853 0.032259 110500 114242
27 62.310000 60.320000 1000000 9.684437 9.596216 9.679006 9.592631 0.031862 0.032259 0.151329 0.147850 0.032259 0.031854 0.032259 111140 119185
27 62.310000 60.320000 1000000 9.678646 9.592990 9.673205 9.589405 0.031868 0.032259 0.148179 0.144625 0.032259 0.031860 0.032259 119180 119485
27 62.310000 60.320000 1000000 9.676657 9.591915 9.671213 9.588330 0.031869 0.032259 0.147130 0.143551 0.032259 0.031861 0.032259 119480 125187
27 62.310000 60.320000 1000000 9.647589 9.567183 9.642095 9.563598 0.031854 0.032259 0.148180 0.144626 0.032259 0.031846 0.032259 125180 133113
27 62.310000 60.320000 1000000 9.645619 9.566108 9.640122 9.562523 0.031855 0.032259 0.148180 0.144626 0.032259 0.031847 0.032259 133110 144587
27 62.310000 60.320000 1000000 9.595486 9.510194 9.592742 9.518706 0.031842 0.032259 0.143985 0.140324 0.032259 0.031832 0.032259 144580 144755
27 62.310000 60.320000 1000000 9.594937 9.509119 9.592193 9.517631 0.031841 0.032259 0.145033 0.141400 0.032259 0.031831 0.032259 144750 145386
27 62.310000 60.320000 1000000 9.590866 9.503742 9.588118 9.512254 0.031833 0.032259 0.147129 0.143549 0.032259 0.031823 0.032259 145380 146944
27 62.310000 60.320000 1000000 9.587314 9.498366 9.584563 9.506878 0.031831 0.032259 0.148178 0.144624 0.032259 0.031821 0.032259 146940 153038
27 62.310000 60.320000 1000000 9.571404 9.486538 9.568640 9.495050 0.031832 0.032259 0.152379 0.148925 0.032259 0.031822 0.032259 153030 161801
27 62.310000 60.320000 1000000 9.569071 9.484388 9.566305 9.492900 0.031834 0.032259 0.150278 0.146775 0.032259 0.031823 0.032259 153570 177939
27 62.310000 60.320000 1000000 9.423454 9.390839 9.420557 9.399351 0.031886 0.032259 0.112780 0.108068 0.032259 0.031876 0.032259 177930 180931
27 62.310000 60.320000 1000000 9.418978 9.378474 9.416741 9.389898 0.031881 0.032259 0.115358 0.110756 0.032259 0.031871 0.032259 180930 181590
27 62.310000 60.320000 1000000 9.418187 9.377399 9.415949 9.388823 0.031881 0.032259 0.115358 0.110756 0.032259 0.031871 0.032259 181590 197110
27 62.310000 60.320000 1000000 9.401050 9.348366 9.397652 9.349575 0.031889 0.032259 0.111236 0.106455 0.032259 0.031879 0.032259 197110 201724
27 62.310000 60.320000 1000000 9.397066 9.340839 9.393665 9.342049 0.031881 0.032259 0.113296 0.108606 0.032259 0.031871 0.032259 201720 205967
27 62.310000 60.320000 1000000 9.378212 9.327936 9.374790 9.329145 0.031885 0.032259 0.112265 0.107531 0.032259 0.031875 0.032259 205960 208343
27 62.310000 60.320000 1000000 9.367600 9.269872 9.371828 9.320005 0.031878 0.032259 0.158166 0.154841 0.032259 0.031870 0.032259 208340 219217
27 62.310000 60.320000 1000000 9.329801 9.240840 9.334081 9.290973 0.031877 0.032259 0.155009 0.151615 0.032259 0.031869 0.032259 219210 237408
27 62.310000 60.320000 1000000 9.309011 9.204281 9.310693 9.245140 0.031873 0.032259 0.123639 0.119357 0.032259 0.031866 0.032259 237400 249907
27 62.310000 60.320000 1000000 9.303905 9.191916 9.305492 9.231923 0.031866 0.032259 0.116907 0.112368 0.032259 0.031859 0.032259 249900 256488
27 62.310000 60.320000 1000000 9.298600 9.181163 9.300190 9.221171 0.031854 0.032259 0.117941 0.113444 0.032259 0.031847 0.032259 256480 264872
27 62.310000 60.320000 1000000 9.289753 9.175787 9.291347 9.215794 0.031858 0.032259 0.116907 0.112368 0.032259 0.031850 0.032259 264870 270688
27 62.310000 60.320000 1000000 9.283383 9.168260 9.284980 9.208268 0.031857 0.032259 0.116907 0.112368 0.032259 0.031849 0.032259 270680 282105
27 62.310000 60.320000 1000000 9.275974 9.154281 9.276836 9.190660 0.031857 0.032259 0.110721 0.105917 0.032259 0.031850 0.032259 282100 298132
27 62.310000 60.320000 1000000 9.245484 9.136002 9.246354 9.172381 0.031876 0.032259 0.113811 0.109143 0.032259 0.031868 0.032259 298130 304376
27 62.310000 60.320000 1000000 9.234031 9.128475 9.234904 9.164854 0.031884 0.032259 0.111750 0.106993 0.032259 0.031876 0.032259 304370 323809
27 62.310000 60.320000 1000000 9.224246 9.058584 9.222511 9.063915 0.031874 0.032259 0.096420 0.090864 0.032259 0.031865 0.032259 323800 327259
27 62.310000 60.320000 1000000 9.217494 9.051057 9.215755 9.056388 0.031863 0.032259 0.100485 0.095166 0.032259 0.031855 0.032259 327250 331312
27 62.310000 60.320000 1000000 9.208458 9.037078 9.206714 9.042410 0.031861 0.032259 0.104567 0.099467 0.032259 0.031853 0.032259 331310 360472
27 62.310000 60.320000 1000000 9.184301 9.018799 9.182544 9.024130 0.031870 0.032259 0.105589 0.100541 0.032259 0.031862 0.032259 360470 363713
27 62.310000 60.320000 1000000 9.178472 9.015573 9.176711 9.020904 0.031873 0.032259 0.102522 0.097315 0.032259 0.031865 0.032259 363710 364319
27 62.310000 60.320000 1000000 9.174023 9.012347 9.172259 9.017678 0.031873 0.032259 0.103544 0.098390 0.032259 0.031865 0.032259 364310 384614
27 62.310000 60.320000 1000000 9.159790 9.002670 9.158018 9.008001 0.031875 0.032259 0.110721 0.105917 0.032259 0.031867 0.032259 384610 390557
27 62.310000 60.320000 1000000 9.149433 8.992993 9.147655 8.998324 0.031877 0.032259 0.107639 0.102691 0.032259 0.031868 0.032259 390550 396830
27 62.310000 60.320000 1000000 9.149028 8.991917 9.147250 8.997248 0.031876 0.032259 0.106614 0.101616 0.032259 0.031868 0.032259 396830 429773
27 62.310000 60.320000 1000000 9.134525 8.981164 9.132739 8.986496 0.031879 0.032259 0.104567 0.099466 0.032259 0.031870 0.032259 411260 443706
27 62.310000 60.320000 1000000 9.128605 8.971487 9.127086 8.978073 0.031870 0.032259 0.101504 0.096241 0.032259 0.031862 0.032259 443700 459441
27 62.310000 60.320000 1000000 9.121870 8.960734 9.120614 8.968575 0.031871 0.032259 0.101503 0.096240 0.032259 0.031863 0.032259 459440 460263
27 62.310000 60.320000 1000000 9.121507 8.959659 9.120116 8.967096 0.031871 0.032259 0.101503 0.096240 0.032259 0.031863 0.032259 460260 462140
27 62.310000 60.320000 1000000 9.121332 8.958046 9.119848 8.964632 0.031872 0.032259 0.100993 0.095703 0.032259 0.031863 0.032259 462140 475841
27 62.310000 60.320000 1000000 9.119301 8.954820 9.117816 8.961406 0.031869 0.032259 0.100994 0.095703 0.032259 0.031861 0.032259 475840 481004
27 62.310000 60.320000 1000000 9.118188 8.953745 9.116702 8.960331 0.031868 0.032259 0.099975 0.094628 0.032259 0.031860 0.032259 481000 484200
27 62.310000 60.320000 1000000 9.116375 8.952670 9.114888 8.959256 0.031869 0.032259 0.100994 0.095703 0.032259 0.031860 0.032259 484200 524631
27 62.310000 60.320000 1000000 9.103445 8.942993 9.101952 8.949578 0.031879 0.032259 0.093892 0.088177 0.032259 0.031870 0.032259 524630 532928
27 62.310000 60.320000 1000000 9.101775 8.941917 9.100281 8.948503 0.031880 0.032259 0.093892 0.088177 0.032259 0.031871 0.032259 532920 535438
27 62.310000 60.320000 1000000 9.099826 8.940842 9.098331 8.947428 0.031880 0.032259 0.093892 0.088176 0.032259 0.031872 0.032259 535430 539126
27 62.310000 60.320000 1000000 9.099592 8.939767 9.098098 8.946352 0.031880 0.032259 0.093892 0.088176 0.032259 0.031872 0.032259 539120 543070
27 62.310000 60.320000 1000000 9.098759 8.938691 9.097264 8.945277 0.031879 0.032259 0.092883 0.087101 0.032259 0.031870 0.032259 543070 544576
27 62.310000 60.320000 1000000 9.098143 8.937616 9.096648 8.944202 0.031879 0.032259 0.091875 0.086026 0.032259 0.031871 0.032259 544570 549119
27 62.310000 60.320000 1000000 9.096533 8.936541 9.095036 8.943127 0.031879 0.032259 0.092883 0.087101 0.032259 0.031870 0.032259 549110 568713
27 62.310000 60.320000 1000000 9.095399 8.932240 9.093679 8.937616 0.031877 0.032259 0.088862 0.082800 0.032259 0.031868 0.032259 568710 594632
27 62.310000 60.320000 1000000 9.072622 8.913960 9.070889 8.919336 0.031870 0.032259 0.094902 0.089251 0.032259 0.031861 0.032259 594630 624611
27 62.310000 60.320000 1000000 9.059246 8.896756 9.057296 8.900922 0.031859 0.032259 0.086861 0.080649 0.032259 0.031850 0.032259 624610 646713
27 62.310000 60.320000 1000000 9.041435 8.883853 9.039472 8.888019 0.031855 0.032259 0.092882 0.087100 0.032259 0.031846 0.032259 646710 648746
27 62.310000 60.320000 1000000 9.040939 8.882777 9.038976 8.886944 0.031854 0.032259 0.093891 0.088175 0.032259 0.031845 0.032259 648740 651256
27 62.310000 60.320000 1000000 9.037434 8.879552 9.035470 8.883718 0.031851 0.032259 0.090868 0.084949 0.032259 0.031842 0.032259 651250 652802
27 62.310000 60.320000 1000000 9.036048 8.878476 9.034082 8.882643 0.031853 0.032259 0.089864 0.083874 0.032259 0.031843 0.032259 652800 676562
27 62.310000 60.320000 1000000 9.005534 8.859122 9.003548 8.863288 0.031863 0.032259 0.087862 0.081725 0.032259 0.031854 0.032259 676560 706152
27 62.310000 60.320000 1000000 8.998170 8.852670 8.996179 8.856836 0.031865 0.032259 0.091875 0.086026 0.032259 0.031856 0.032259 685330 725449
27 62.310000 60.320000 1000000 8.952663 8.811810 8.950642 8.815976 0.031856 0.032259 0.098956 0.093551 0.032259 0.031847 0.032259 725440 726764
27 62.310000 60.320000 1000000 8.952287 8.810735 8.950125 8.814498 0.031856 0.032259 0.098956 0.093551 0.032259 0.031847 0.032259 726760 728564
27 62.310000 60.320000 1000000 8.950715 8.809659 8.948552 8.813422 0.031858 0.032259 0.097941 0.092476 0.032259 0.031849 0.032259 728560 729330
27 62.310000 60.320000 1000000 8.950218 8.808584 8.948054 8.812347 0.031856 0.032259 0.098956 0.093551 0.032259 0.031847 0.032259 729330 736344
27 62.310000 60.320000 1000000 8.948601 8.804283 8.946246 8.806344 0.031858 0.032259 0.099973 0.094626 0.032259 0.031849 0.032259 736340 738457
27 62.310000 60.320000 1000000 8.945207 8.799982 8.942780 8.801639 0.031860 0.032259 0.099973 0.094625 0.032259 0.031851 0.032259 738450 746588
27 62.310000 60.320000 1000000 8.944301 8.798907 8.941873 8.800564 0.031860 0.032259 0.098956 0.093550 0.032259 0.031851 0.032259 746580 807913
27 62.310000 60.320000 1000000 8.896184 8.760197 8.893717 8.761854 0.031854 0.032259 0.090868 0.084949 0.032259 0.031845 0.032259 803730 819917
27 62.310000 60.320000 1000000 8.895727 8.759122 8.893259 8.760779 0.031853 0.032259 0.090868 0.084949 0.032259 0.031844 0.032259 819910 826927
27 62.310000 60.320000 1000000 8.894882 8.758047 8.892414 8.759704 0.031851 0.032259 0.091874 0.086024 0.032259 0.031842 0.032259 826920 856549
27 62.310000 60.320000 1000000 8.893151 8.756971 8.890681 8.758629 0.031851 0.032259 0.091874 0.086024 0.032259 0.031842 0.032259 856540 862278
27 62.310000 60.320000 1000000 8.892247 8.755896 8.889777 8.757553 0.031852 0.032259 0.090868 0.084949 0.032259 0.031843 0.032259 862270 867155
27 62.310000 60.320000 1000000 8.890953 8.754821 8.888481 8.756478 0.031850 0.032259 0.089864 0.083874 0.032259 0.031841 0.032259 867150 876062
27 62.310000 60.320000 1000000 8.887967 8.750520 8.885351 8.751774 0.031853 0.032259 0.092882 0.087100 0.032259 0.031844 0.032259 876060 906779
27 62.310000 60.320000 1000000 8.881594 8.745143 8.878972 8.746397 0.031855 0.032259 0.090869 0.084950 0.032259 0.031846 0.032259 906770 914316
27 62.310000 60.320000 1000000 8.881029 8.744068 8.878407 8.745322 0.031854 0.032259 0.090869 0.084950 0.032259 0.031845 0.032259 914310 1000000
