9 62.310000 60.320000 1000000 14.854549 14.488672 14.852070 14.483832 0.032078 0.032259 0.212678 0.210217 0.032259 0.032070 0.032259 0 50
9 62.310000 60.320000 1000000 13.795973 13.642437 13.794524 13.652830 0.032110 0.032259 0.273415 0.271506 0.032259 0.032102 0.032259 50 60
9 62.310000 60.320000 1000000 13.528016 13.406417 13.526174 13.412554 0.032132 0.032259 0.247274 0.245161 0.032259 0.032123 0.032259 60 70
9 62.310000 60.320000 1000000 13.302752 13.184913 13.300209 13.188675 0.032174 0.032259 0.215335 0.212905 0.032259 0.032165 0.032259 70 80
9 62.310000 60.320000 1000000 13.227670 13.111795 13.225083 13.115557 0.032174 0.032259 0.221715 0.219356 0.032259 0.032165 0.032259 80 90
9 62.310000 60.320000 1000000 13.118837 13.027924 13.116185 13.031686 0.032177 0.032259 0.215336 0.212906 0.032259 0.032168 0.032259 90 102
9 62.310000 60.320000 1000000 12.973345 12.901043 12.970143 12.902789 0.032203 0.032259 0.195159 0.192474 0.032259 0.032194 0.032259 100 115
9 62.310000 60.320000 1000000 12.873788 12.808569 12.870511 12.810315 0.032194 0.032259 0.179269 0.176342 0.032259 0.032185 0.032259 110 120
9 62.310000 60.320000 1000000 12.857209 12.792440 12.853919 12.794186 0.032189 0.032259 0.175040 0.172042 0.032259 0.032179 0.032259 120 132
9 62.310000 60.320000 1000000 12.812663 12.756957 12.809339 12.758703 0.032188 0.032259 0.162375 0.159139 0.032259 0.032179 0.032259 130 146
9 62.310000 60.320000 1000000 12.787823 12.729000 12.784479 12.730746 0.032185 0.032259 0.163429 0.160214 0.032259 0.032176 0.032259 140 150
9 62.310000 60.320000 1000000 12.715261 12.652656 12.711480 12.649294 0.032178 0.032259 0.165539 0.162365 0.032259 0.032169 0.032259 150 160
9 62.310000 60.320000 1000000 12.663694 12.595667 12.659589 12.588901 0.032190 0.032259 0.157112 0.153765 0.032259 0.032181 0.032259 160 173
9 62.310000 60.320000 1000000 12.648509 12.579538 12.644390 12.572772 0.032192 0.032259 0.149754 0.146238 0.032259 0.032182 0.032259 170 182
9 62.310000 60.320000 1000000 12.625578 12.551581 12.622210 12.549832 0.032190 0.032259 0.146603 0.143010 0.032259 0.032181 0.032259 180 191
9 62.310000 60.320000 1000000 12.565011 12.495667 12.561594 12.493919 0.032175 0.032259 0.134049 0.130110 0.032259 0.032166 0.032259 190 200
9 62.310000 60.320000 1000000 12.545389 12.465560 12.541577 12.462199 0.032174 0.032259 0.138228 0.134411 0.032259 0.032165 0.032259 200 211
9 62.310000 60.320000 1000000 12.537800 12.456958 12.533800 12.452790 0.032173 0.032259 0.139274 0.135487 0.032259 0.032163 0.032259 210 221
9 62.310000 60.320000 1000000 12.516497 12.427926 12.512476 12.423758 0.032166 0.032259 0.145558 0.141939 0.032259 0.032156 0.032259 220 241
9 62.310000 60.320000 1000000 12.477331 12.384915 12.473287 12.381195 0.032160 0.032259 0.144509 0.140863 0.032259 0.032151 0.032259 240 267
9 62.310000 60.320000 1000000 12.452474 12.353732 12.448815 12.352521 0.032157 0.032259 0.141364 0.137635 0.032259 0.032147 0.032259 260 280
9 62.310000 60.320000 1000000 12.400854 12.305346 12.397150 12.304135 0.032150 0.032259 0.149753 0.146237 0.032259 0.032141 0.032259 280 291
9 62.310000 60.320000 1000000 12.390228 12.295668 12.386514 12.294457 0.032148 0.032259 0.149754 0.146238 0.032259 0.032139 0.032259 290 306
9 62.310000 60.320000 1000000 12.374251 12.283840 12.370523 12.282629 0.032146 0.032259 0.143460 0.139786 0.032259 0.032137 0.032259 300 314
9 62.310000 60.320000 1000000 12.359145 12.264486 12.355601 12.264529 0.032139 0.032259 0.143460 0.139786 0.032259 0.032130 0.032259 310 340
9 62.310000 60.320000 1000000 12.299365 12.197819 12.295293 12.195847 0.032121 0.032259 0.167649 0.164517 0.032259 0.032111 0.032259 340 362
9 62.310000 60.320000 1000000 12.293089 12.192443 12.289011 12.190470 0.032121 0.032259 0.166594 0.163441 0.032259 0.032112 0.032259 360 374
9 62.310000 60.320000 1000000 12.292507 12.191368 12.288428 12.189395 0.032121 0.032259 0.165540 0.162366 0.032259 0.032112 0.032259 370 380
9 62.310000 60.320000 1000000 12.277521 12.179540 12.273427 12.177567 0.032126 0.032259 0.162377 0.159140 0.032259 0.032116 0.032259 380 392
9 62.310000 60.320000 1000000 12.261507 12.165562 12.257397 12.163589 0.032118 0.032259 0.161323 0.158065 0.032259 0.032108 0.032259 390 447
9 62.310000 60.320000 1000000 12.234781 12.133304 12.230498 12.129629 0.032104 0.032259 0.152906 0.149465 0.032259 0.032095 0.032259 440 460
9 62.310000 60.320000 1000000 12.214358 12.113949 12.209605 12.108258 0.032105 0.032259 0.160271 0.156991 0.032259 0.032096 0.032259 460 475
9 62.310000 60.320000 1000000 12.180501 12.089218 12.175708 12.083527 0.032117 0.032259 0.165541 0.162367 0.032259 0.032107 0.032259 470 485
9 62.310000 60.320000 1000000 12.177048 12.082766 12.172251 12.077075 0.032117 0.032259 0.160271 0.156991 0.032259 0.032107 0.032259 480 497
9 62.310000 60.320000 1000000 12.163796 12.068788 12.159389 12.065606 0.032108 0.032259 0.161323 0.158065 0.032259 0.032099 0.032259 490 501
9 62.310000 60.320000 1000000 12.159397 12.062336 12.154985 12.059154 0.032107 0.032259 0.167649 0.164516 0.032259 0.032098 0.032259 500 523
9 62.310000 60.320000 1000000 12.144943 12.046207 12.140516 12.043025 0.032108 0.032259 0.156059 0.152688 0.032259 0.032098 0.032259 510 536
9 62.310000 60.320000 1000000 12.126132 12.032229 12.121683 12.029047 0.032119 0.032259 0.148703 0.145162 0.032259 0.032109 0.032259 530 555
9 62.310000 60.320000 1000000 12.111264 12.013949 12.106799 12.010767 0.032118 0.032259 0.150804 0.147313 0.032259 0.032108 0.032259 550 580
9 62.310000 60.320000 1000000 12.043099 11.949434 12.039629 11.952524 0.032125 0.032259 0.151855 0.148389 0.032259 0.032115 0.032259 580 591
9 62.310000 60.320000 1000000 12.041131 11.948358 12.037659 11.951448 0.032126 0.032259 0.150804 0.147313 0.032259 0.032117 0.032259 590 619
9 62.310000 60.320000 1000000 12.040294 11.947283 12.036822 11.950373 0.032126 0.032259 0.149754 0.146238 0.032259 0.032117 0.032259 610 636
9 62.310000 60.320000 1000000 12.038427 11.946208 12.034953 11.949298 0.032126 0.032259 0.148704 0.145163 0.032259 0.032117 0.032259 630 641
9 62.310000 60.320000 1000000 12.037157 11.944057 12.033683 11.947147 0.032127 0.032259 0.147654 0.144088 0.032259 0.032117 0.032259 640 665
9 62.310000 60.320000 1000000 12.032904 11.939756 12.029425 11.942846 0.032126 0.032259 0.150804 0.147313 0.032259 0.032116 0.032259 660 671
9 62.310000 60.320000 1000000 12.002066 11.899971 12.000119 11.913097 0.032114 0.032259 0.157112 0.153765 0.032259 0.032105 0.032259 670 702
9 62.310000 60.320000 1000000 11.986693 11.881692 11.984739 11.894818 0.032106 0.032259 0.160272 0.156992 0.032259 0.032097 0.032259 700 714
9 62.310000 60.320000 1000000 11.978541 11.873090 11.976582 11.886216 0.032104 0.032259 0.156061 0.152691 0.032259 0.032094 0.032259 710 732
9 62.310000 60.320000 1000000 11.972649 11.867714 11.970688 11.880840 0.032101 0.032259 0.156060 0.152690 0.032259 0.032091 0.032259 730 785
9 62.310000 60.320000 1000000 11.924331 11.813413 11.921971 11.822283 0.032086 0.032259 0.150280 0.146777 0.032259 0.032077 0.032259 780 821
9 62.310000 60.320000 1000000 11.889213 11.774704 11.886832 11.783573 0.032075 0.032259 0.140844 0.137100 0.032259 0.032066 0.032259 820 880
9 62.310000 60.320000 1000000 11.856584 11.745671 11.853875 11.753331 0.032079 0.032259 0.143985 0.140325 0.032259 0.032070 0.032259 880 913
9 62.310000 60.320000 1000000 11.842532 11.718252 11.839594 11.723358 0.032077 0.032259 0.147655 0.144089 0.032259 0.032068 0.032259 910 1006
9 62.310000 60.320000 1000000 11.812521 11.689220 11.809561 11.694326 0.032064 0.032259 0.135093 0.131185 0.032259 0.032054 0.032259 1000 1013
9 62.310000 60.320000 1000000 11.810730 11.688145 11.807769 11.693251 0.032064 0.032259 0.134049 0.130110 0.032259 0.032055 0.032259 1010 1061
9 62.310000 60.320000 1000000 11.778794 11.656424 11.775330 11.655572 0.032077 0.032259 0.128317 0.124196 0.032259 0.032067 0.032259 1060 1089
9 62.310000 60.320000 1000000 11.768955 11.643521 11.765482 11.642669 0.032072 0.032259 0.131442 0.127422 0.032259 0.032063 0.032259 1080 1099
9 62.310000 60.320000 1000000 11.764573 11.640295 11.761097 11.639443 0.032072 0.032259 0.132485 0.128497 0.032259 0.032063 0.032259 1090 1149
9 62.310000 60.320000 1000000 11.747649 11.625242 11.744158 11.624389 0.032068 0.032259 0.129359 0.125272 0.032259 0.032059 0.032259 1140 1189
9 62.310000 60.320000 1000000 11.737668 11.610188 11.734168 11.609335 0.032060 0.032259 0.130400 0.126347 0.032259 0.032050 0.032259 1180 1198
9 62.310000 60.320000 1000000 11.735684 11.609113 11.732182 11.608260 0.032060 0.032259 0.129358 0.125272 0.032259 0.032051 0.032259 1190 1335
9 62.310000 60.320000 1000000 11.682224 11.566102 11.678480 11.564443 0.032055 0.032259 0.140844 0.137100 0.032259 0.032046 0.032259 1330 1363
9 62.310000 60.320000 1000000 11.681315 11.562876 11.678014 11.563727 0.032055 0.032259 0.140843 0.137099 0.032259 0.032046 0.032259 1360 1398
9 62.310000 60.320000 1000000 11.674432 11.556425 11.671125 11.557275 0.032052 0.032259 0.139796 0.136023 0.032259 0.032043 0.032259 1390 1438
9 62.310000 60.320000 1000000 11.673486 11.555350 11.670179 11.556200 0.032051 0.032259 0.138750 0.134948 0.032259 0.032042 0.032259 1430 1543
9 62.310000 60.320000 1000000 11.622134 11.497285 11.618783 11.498135 0.032038 0.032259 0.149229 0.145700 0.032259 0.032028 0.032259 1540 1675
9 62.310000 60.320000 1000000 11.598095 11.468253 11.594723 11.469103 0.032036 0.032259 0.155533 0.152151 0.032259 0.032027 0.032259 1670 1685
9 62.310000 60.320000 1000000 11.578677 11.453199 11.575287 11.454049 0.032040 0.032259 0.151328 0.147850 0.032259 0.032031 0.032259 1680 1707
9 62.310000 60.320000 1000000 11.566872 11.443522 11.563472 11.444372 0.032041 0.032259 0.156584 0.153226 0.032259 0.032031 0.032259 1700 1730
9 62.310000 60.320000 1000000 11.549241 11.419866 11.545825 11.420716 0.032039 0.032259 0.168175 0.165053 0.032259 0.032030 0.032259 1730 1765
9 62.310000 60.320000 1000000 11.544433 11.411264 11.540820 11.411308 0.032036 0.032259 0.169231 0.166128 0.032259 0.032026 0.032259 1760 1770
9 62.310000 60.320000 1000000 11.540405 11.406963 11.536788 11.407007 0.032033 0.032259 0.169231 0.166128 0.032259 0.032023 0.032259 1770 1799
9 62.310000 60.320000 1000000 11.540117 11.405888 11.536392 11.405528 0.032033 0.032259 0.170286 0.167203 0.032259 0.032023 0.032259 1790 1864
9 62.310000 60.320000 1000000 11.489992 11.368253 11.486217 11.367894 0.032042 0.032259 0.174510 0.171503 0.032259 0.032032 0.032259 1860 1903
9 62.310000 60.320000 1000000 11.462761 11.352124 11.458960 11.351765 0.032050 0.032259 0.166066 0.162903 0.032259 0.032040 0.032259 1900 2145
9 62.310000 60.320000 1000000 11.419467 11.316641 11.415622 11.316281 0.032057 0.032259 0.161850 0.158602 0.032259 0.032047 0.032259 2140 2151
9 62.310000 60.320000 1000000 11.416766 11.314490 11.412918 11.314130 0.032058 0.032259 0.161850 0.158602 0.032259 0.032048 0.032259 2150 2309
9 62.310000 60.320000 1000000 11.400468 11.296210 11.397226 11.299614 0.032059 0.032259 0.152378 0.148924 0.032259 0.032049 0.032259 2250 2320
9 62.310000 60.320000 1000000 11.394287 11.288684 11.391039 11.292087 0.032052 0.032259 0.146079 0.142473 0.032259 0.032042 0.032259 2320 2554
9 62.310000 60.320000 1000000 11.349739 11.244598 11.346453 11.248002 0.032032 0.032259 0.146078 0.142472 0.032259 0.032023 0.032259 2550 2644
9 62.310000 60.320000 1000000 11.326880 11.222017 11.323574 11.225421 0.032026 0.032259 0.147128 0.143548 0.032259 0.032016 0.032259 2570 2591
9 62.310000 60.320000 1000000 11.322771 11.215565 11.319462 11.218969 0.032023 0.032259 0.153429 0.149999 0.032259 0.032013 0.032259 2590 2644
9 62.310000 60.320000 1000000 11.316583 11.206963 11.313268 11.210367 0.032014 0.032259 0.161848 0.158601 0.032259 0.032005 0.032259 2640 2682
9 62.310000 60.320000 1000000 11.315714 11.205888 11.312399 11.209292 0.032014 0.032259 0.160794 0.157525 0.032259 0.032005 0.032259 2680 2695
9 62.310000 60.320000 1000000 11.315129 11.204813 11.311813 11.208217 0.032013 0.032259 0.161848 0.158601 0.032259 0.032004 0.032259 2690 2709
9 62.310000 60.320000 1000000 11.313843 11.203737 11.310526 11.207141 0.032012 0.032259 0.161848 0.158601 0.032259 0.032003 0.032259 2700 2801
9 62.310000 60.320000 1000000 11.300831 11.189759 11.297503 11.193163 0.032001 0.032259 0.158687 0.155373 0.032259 0.031991 0.032259 2800 2971
9 62.310000 60.320000 1000000 11.238892 11.138146 11.235508 11.141550 0.031993 0.032259 0.169229 0.166126 0.032259 0.031984 0.032259 2970 3268
9 62.310000 60.320000 1000000 11.168248 11.075781 11.164799 11.079185 0.032011 0.032259 0.162900 0.159674 0.032259 0.032001 0.032259 3260 3295
9 62.310000 60.320000 1000000 11.159719 11.069329 11.156511 11.073988 0.032011 0.032259 0.167119 0.163976 0.032259 0.032001 0.032259 3290 3310
9 62.310000 60.320000 1000000 11.153239 11.063953 11.150025 11.068611 0.032014 0.032259 0.162901 0.159675 0.032259 0.032004 0.032259 3310 3345
9 62.310000 60.320000 1000000 11.133675 11.039222 11.130444 11.043880 0.032006 0.032259 0.154478 0.151073 0.032259 0.031996 0.032259 3340 3405
9 62.310000 60.320000 1000000 11.131592 11.038146 11.128359 11.042805 0.032007 0.032259 0.153427 0.149997 0.032259 0.031997 0.032259 3400 3439
9 62.310000 60.320000 1000000 11.131195 11.037071 11.127962 11.041729 0.032007 0.032259 0.152376 0.148922 0.032259 0.031997 0.032259 3430 3619
9 62.310000 60.320000 1000000 11.107856 11.020405 11.104514 11.024212 0.032013 0.032259 0.152902 0.149460 0.032259 0.032003 0.032259 3610 3746
9 62.310000 60.320000 1000000 11.101416 11.012878 11.098068 11.016685 0.032012 0.032259 0.153953 0.150536 0.032259 0.032003 0.032259 3740 4056
9 62.310000 60.320000 1000000 11.090037 10.999974 11.087173 11.006290 0.032008 0.032259 0.149752 0.146236 0.032259 0.031998 0.032259 4050 4221
9 62.310000 60.320000 1000000 11.066881 10.974168 11.063999 10.980484 0.031991 0.032259 0.153955 0.150537 0.032259 0.031982 0.032259 4220 4355
9 62.310000 60.320000 1000000 11.061632 10.966641 11.058745 10.972957 0.031991 0.032259 0.152903 0.149462 0.032259 0.031981 0.032259 4350 4520
9 62.310000 60.320000 1000000 11.027684 10.924706 11.024771 10.931022 0.031978 0.032259 0.179269 0.176343 0.032259 0.031969 0.032259 4520 4795
9 62.310000 60.320000 1000000 11.005393 10.874169 11.000805 10.861758 0.031979 0.032259 0.177156 0.174195 0.032259 0.031970 0.032259 4790 5095
9 62.310000 60.320000 1000000 10.978433 10.850513 10.973810 10.838102 0.031971 0.032259 0.175042 0.172044 0.032259 0.031961 0.032259 5090 5162
9 62.310000 60.320000 1000000 10.974118 10.844062 10.969125 10.830441 0.031969 0.032259 0.172928 0.169892 0.032259 0.031960 0.032259 5160 5723
9 62.310000 60.320000 1000000 10.946015 10.802126 10.944592 10.809428 0.031965 0.032259 0.161324 0.158066 0.032259 0.031955 0.032259 5720 5953
9 62.310000 60.320000 1000000 10.937646 10.794599 10.936220 10.801901 0.031958 0.032259 0.161324 0.158066 0.032259 0.031949 0.032259 5760 5979
9 62.310000 60.320000 1000000 10.908558 10.747288 10.905560 10.748989 0.031944 0.032259 0.134047 0.130108 0.032259 0.031935 0.032259 5970 6225
9 62.310000 60.320000 1000000 10.897651 10.739761 10.894644 10.741462 0.031949 0.032259 0.133004 0.129033 0.032259 0.031940 0.032259 6220 6637
9 62.310000 60.320000 1000000 10.853020 10.707503 10.849862 10.708801 0.031960 0.032259 0.127795 0.123657 0.032259 0.031950 0.032259 6630 7060
9 62.310000 60.320000 1000000 10.808724 10.673094 10.805527 10.674393 0.031951 0.032259 0.151854 0.148388 0.032259 0.031942 0.032259 7060 7332
9 62.310000 60.320000 1000000 10.777723 10.648363 10.774499 10.649662 0.031942 0.032259 0.147653 0.144086 0.032259 0.031932 0.032259 7330 7589
9 62.310000 60.320000 1000000 10.749789 10.623632 10.746539 10.624930 0.031935 0.032259 0.140318 0.136560 0.032259 0.031925 0.032259 7580 7757
9 62.310000 60.320000 1000000 10.747759 10.620406 10.744507 10.621704 0.031931 0.032259 0.140318 0.136560 0.032259 0.031922 0.032259 7750 8378
9 62.310000 60.320000 1000000 10.704664 10.566643 10.701204 10.566239 0.031921 0.032259 0.124677 0.120432 0.032259 0.031911 0.032259 8370 8846
9 62.310000 60.320000 1000000 10.650922 10.522020 10.647326 10.520764 0.031930 0.032259 0.132484 0.128497 0.032259 0.031920 0.032259 8840 8857
9 62.310000 60.320000 1000000 10.649565 10.520944 10.645968 10.519689 0.031929 0.032259 0.133527 0.129571 0.032259 0.031919 0.032259 8850 9153
9 62.310000 60.320000 1000000 10.626598 10.504815 10.622978 10.503560 0.031936 0.032259 0.128315 0.124194 0.032259 0.031927 0.032259 9150 9301
9 62.310000 60.320000 1000000 10.625968 10.503740 10.622347 10.502485 0.031936 0.032259 0.128315 0.124194 0.032259 0.031926 0.032259 9300 10306
9 62.310000 60.320000 1000000 10.603273 10.471482 10.599391 10.469420 0.031920 0.032259 0.129356 0.125269 0.032259 0.031911 0.032259 10300 10577
9 62.310000 60.320000 1000000 10.593689 10.449977 10.589796 10.447915 0.031915 0.032259 0.124157 0.119893 0.032259 0.031906 0.032259 10570 11118
9 62.310000 60.320000 1000000 10.587937 10.439224 10.584038 10.437162 0.031906 0.032259 0.124157 0.119893 0.032259 0.031897 0.032259 11110 13660
9 62.310000 60.320000 1000000 10.581927 10.433848 10.578021 10.431786 0.031907 0.032259 0.126235 0.122044 0.032259 0.031898 0.032259 11340 14229
9 62.310000 60.320000 1000000 10.526436 10.396213 10.522468 10.394151 0.031910 0.032259 0.123119 0.118817 0.032259 0.031901 0.032259 12770 14879
9 62.310000 60.320000 1000000 10.519544 10.385461 10.515568 10.383399 0.031908 0.032259 0.126234 0.122043 0.032259 0.031899 0.032259 13090 15056
9 62.310000 60.320000 1000000 10.470963 10.335999 10.466931 10.333937 0.031911 0.032259 0.133525 0.129570 0.032259 0.031902 0.032259 14660 14891
9 62.310000 60.320000 1000000 10.470062 10.334923 10.466030 10.332861 0.031910 0.032259 0.133525 0.129570 0.032259 0.031900 0.032259 14890 15056
9 62.310000 60.320000 1000000 10.466607 10.331697 10.462570 10.329636 0.031911 0.032259 0.130397 0.126344 0.032259 0.031901 0.032259 15050 15080
9 62.310000 60.320000 1000000 10.464798 10.330622 10.460759 10.328560 0.031911 0.032259 0.129356 0.125269 0.032259 0.031902 0.032259 15080 15215
9 62.310000 60.320000 1000000 10.464265 10.329547 10.460226 10.327485 0.031911 0.032259 0.128315 0.124194 0.032259 0.031902 0.032259 15210 15234
9 62.310000 60.320000 1000000 10.453214 10.320945 10.449162 10.318883 0.031912 0.032259 0.131439 0.127419 0.032259 0.031902 0.032259 15230 15713
9 62.310000 60.320000 1000000 10.400396 10.277934 10.396282 10.275873 0.031906 0.032259 0.156585 0.153226 0.032259 0.031897 0.032259 15710 15833
9 62.310000 60.320000 1000000 10.399724 10.276859 10.395609 10.274797 0.031906 0.032259 0.157637 0.154301 0.032259 0.031897 0.032259 15830 16074
9 62.310000 60.320000 1000000 10.390970 10.271483 10.386844 10.269421 0.031908 0.032259 0.155533 0.152151 0.032259 0.031899 0.032259 15860 16879
9 62.310000 60.320000 1000000 10.363534 10.235999 10.359643 10.235192 0.031888 0.032259 0.169232 0.166129 0.032259 0.031879 0.032259 16870 18774
9 62.310000 60.320000 1000000 10.346945 10.213419 10.343035 10.212611 0.031879 0.032259 0.174514 0.171506 0.032259 0.031870 0.032259 18770 18952
9 62.310000 60.320000 1000000 10.346719 10.212343 10.343073 10.212790 0.031880 0.032259 0.174514 0.171506 0.032259 0.031870 0.032259 18950 18973
9 62.310000 60.320000 1000000 10.346498 10.211268 10.343110 10.212970 0.031880 0.032259 0.175570 0.172581 0.032259 0.031870 0.032259 18970 19768
9 62.310000 60.320000 1000000 10.340504 10.203741 10.337540 10.207952 0.031878 0.032259 0.178741 0.175806 0.032259 0.031868 0.032259 19760 20039
9 62.310000 60.320000 1000000 10.336019 10.198365 10.333051 10.202575 0.031878 0.032259 0.175569 0.172580 0.032259 0.031868 0.032259 20030 20403
9 62.310000 60.320000 1000000 10.335347 10.197289 10.332379 10.201500 0.031878 0.032259 0.176626 0.173655 0.032259 0.031868 0.032259 20400 21050
9 62.310000 60.320000 1000000 10.321137 10.175247 10.318082 10.178606 0.031879 0.032259 0.190916 0.188171 0.032259 0.031869 0.032259 21050 21630
9 62.310000 60.320000 1000000 10.317047 10.172021 10.313989 10.175380 0.031880 0.032259 0.191975 0.189246 0.032259 0.031870 0.032259 21630 23016
9 62.310000 60.320000 1000000 10.258969 10.130085 10.255859 10.133445 0.031900 0.032259 0.186678 0.183869 0.032259 0.031890 0.032259 23010 23156
9 62.310000 60.320000 1000000 10.255853 10.123096 10.252665 10.125604 0.031894 0.032259 0.186149 0.183333 0.032259 0.031885 0.032259 23150 23821
9 62.310000 60.320000 1000000 10.250043 10.118795 10.246850 10.121303 0.031895 0.032259 0.184031 0.181182 0.032259 0.031886 0.032259 23820 25687
9 62.310000 60.320000 1000000 10.220942 10.072559 10.217722 10.075067 0.031879 0.032259 0.157636 0.154300 0.032259 0.031870 0.032259 25680 26677
9 62.310000 60.320000 1000000 10.212628 10.067183 10.209399 10.069691 0.031879 0.032259 0.158689 0.155375 0.032259 0.031870 0.032259 26670 26877
9 62.310000 60.320000 1000000 10.211033 10.066107 10.207803 10.068615 0.031879 0.032259 0.159742 0.156450 0.032259 0.031870 0.032259 26870 27712
9 62.310000 60.320000 1000000 10.202753 10.061806 10.199515 10.064314 0.031884 0.032259 0.159742 0.156450 0.032259 0.031874 0.032259 27350 27952
9 62.310000 60.320000 1000000 10.201909 10.060731 10.198670 10.063239 0.031882 0.032259 0.159742 0.156450 0.032259 0.031873 0.032259 27950 32299
9 62.310000 60.320000 1000000 10.161901 10.022559 10.158084 10.021707 0.031876 0.032259 0.150803 0.147313 0.032259 0.031867 0.032259 32290 33542
9 62.310000 60.320000 1000000 10.155189 10.016107 10.151365 10.015255 0.031877 0.032259 0.149752 0.146237 0.032259 0.031868 0.032259 33390 33764
9 62.310000 60.320000 1000000 10.151762 10.011806 10.147934 10.010954 0.031876 0.032259 0.151853 0.148387 0.032259 0.031867 0.032259 33760 34031
9 62.310000 60.320000 1000000 10.151037 10.010731 10.147208 10.009879 0.031875 0.032259 0.151853 0.148387 0.032259 0.031865 0.032259 34030 36037
9 62.310000 60.320000 1000000 10.123636 9.976323 10.119776 9.975471 0.031863 0.032259 0.144507 0.140860 0.032259 0.031854 0.032259 36030 36682
9 62.310000 60.320000 1000000 10.115491 9.964495 10.111622 9.963643 0.031866 0.032259 0.143459 0.139785 0.032259 0.031857 0.032259 36680 36786
9 62.310000 60.320000 1000000 10.114617 9.963420 10.110747 9.962567 0.031865 0.032259 0.144506 0.140860 0.032259 0.031856 0.032259 36780 39489
9 62.310000 60.320000 1000000 10.102100 9.952667 10.098215 9.951815 0.031865 0.032259 0.143460 0.139786 0.032259 0.031855 0.032259 39480 42464
9 62.310000 60.320000 1000000 10.028454 9.889226 10.024482 9.888374 0.031867 0.032259 0.156058 0.152687 0.032259 0.031858 0.032259 42460 43581
9 62.310000 60.320000 1000000 10.010528 9.873097 10.006536 9.872245 0.031850 0.032259 0.166593 0.163440 0.032259 0.031840 0.032259 43580 46229
9 62.310000 60.320000 1000000 9.984636 9.848366 9.980612 9.847514 0.031839 0.032259 0.159215 0.155913 0.032259 0.031830 0.032259 46220 46557
9 62.310000 60.320000 1000000 9.981275 9.845140 9.977248 9.844288 0.031839 0.032259 0.158162 0.154837 0.032259 0.031830 0.032259 46550 47011
9 62.310000 60.320000 1000000 9.979474 9.844065 9.975444 9.843213 0.031840 0.032259 0.159215 0.155913 0.032259 0.031830 0.032259 47010 55820
9 62.310000 60.320000 1000000 9.950389 9.812882 9.946323 9.812030 0.031818 0.032259 0.164483 0.161289 0.032259 0.031809 0.032259 55820 56911
9 62.310000 60.320000 1000000 9.920538 9.780624 9.916436 9.779772 0.031806 0.032259 0.166592 0.163438 0.032259 0.031797 0.032259 56910 60628
9 62.310000 60.320000 1000000 9.853153 9.744065 9.848966 9.743213 0.031840 0.032259 0.167646 0.164513 0.032259 0.031831 0.032259 60620 61364
9 62.310000 60.320000 1000000 9.838119 9.733313 9.833913 9.732460 0.031835 0.032259 0.164482 0.161288 0.032259 0.031827 0.032259 61360 61482
9 62.310000 60.320000 1000000 9.836903 9.732237 9.832695 9.731385 0.031834 0.032259 0.163428 0.160213 0.032259 0.031826 0.032259 61480 62442
9 62.310000 60.320000 1000000 9.831136 9.719334 9.825507 9.714047 0.031838 0.032259 0.162374 0.159137 0.032259 0.031830 0.032259 62440 67651
9 62.310000 60.320000 1000000 9.816100 9.692453 9.810216 9.686359 0.031828 0.032259 0.157109 0.153762 0.032259 0.031821 0.032259 67650 68804
9 62.310000 60.320000 1000000 9.812470 9.677399 9.806580 9.671305 0.031824 0.032259 0.170814 0.167740 0.032259 0.031816 0.032259 68800 70427
9 62.310000 60.320000 1000000 9.808786 9.674173 9.802889 9.668079 0.031822 0.032259 0.171870 0.168815 0.032259 0.031815 0.032259 70420 78936
9 62.310000 60.320000 1000000 9.760153 9.621485 9.754167 9.615391 0.031798 0.032259 0.178214 0.175270 0.032259 0.031790 0.032259 78930 82103
9 62.310000 60.320000 1000000 9.729220 9.597829 9.723176 9.591735 0.031796 0.032259 0.181387 0.178495 0.032259 0.031788 0.032259 82100 84070
9 62.310000 60.320000 1000000 9.717345 9.590302 9.711279 9.584208 0.031797 0.032259 0.187739 0.184947 0.032259 0.031789 0.032259 84070 93627
9 62.310000 60.320000 1000000 9.673372 9.552668 9.667017 9.544871 0.031784 0.032259 0.183504 0.180646 0.032259 0.031776 0.032259 93620 94875
9 62.310000 60.320000 1000000 9.669139 9.549442 9.662776 9.541646 0.031785 0.032259 0.182445 0.179570 0.032259 0.031778 0.032259 94870 95056
9 62.310000 60.320000 1000000 9.667527 9.548367 9.661160 9.540570 0.031785 0.032259 0.183503 0.180646 0.032259 0.031778 0.032259 95050 96888
9 62.310000 60.320000 1000000 9.667260 9.547292 9.661205 9.540750 0.031786 0.032259 0.182445 0.179570 0.032259 0.031778 0.032259 96880 96909
9 62.310000 60.320000 1000000 9.666717 9.546216 9.660661 9.539674 0.031786 0.032259 0.182445 0.179570 0.032259 0.031778 0.032259 96900 101598
9 62.310000 60.320000 1000000 9.663014 9.539765 9.656951 9.533223 0.031780 0.032259 0.187739 0.184946 0.032259 0.031772 0.032259 101590 102349
9 62.310000 60.320000 1000000 9.661417 9.538690 9.655351 9.532147 0.031781 0.032259 0.186680 0.183871 0.032259 0.031774 0.032259 102340 104259
9 62.310000 60.320000 1000000 9.654114 9.532238 9.648034 9.525696 0.031778 0.032259 0.185620 0.182795 0.032259 0.031771 0.032259 104250 105094
9 62.310000 60.320000 1000000 9.647800 9.527937 9.641708 9.521395 0.031777 0.032259 0.185620 0.182795 0.032259 0.031770 0.032259 105090 105683
9 62.310000 60.320000 1000000 9.644030 9.524711 9.637931 9.518169 0.031779 0.032259 0.183502 0.180645 0.032259 0.031771 0.032259 105680 108165
9 62.310000 60.320000 1000000 9.636673 9.519335 9.630560 9.512793 0.031779 0.032259 0.186679 0.183870 0.032259 0.031771 0.032259 108160 109862
9 62.310000 60.320000 1000000 9.617589 9.491378 9.611440 9.484836 0.031761 0.032259 0.184561 0.181720 0.032259 0.031754 0.032259 109860 111057
9 62.310000 60.320000 1000000 9.615845 9.490302 9.609693 9.483760 0.031762 0.032259 0.183503 0.180645 0.032259 0.031755 0.032259 111050 114789
9 62.310000 60.320000 1000000 9.600563 9.468797 9.594381 9.462255 0.031750 0.032259 0.176097 0.173118 0.032259 0.031743 0.032259 114780 121955
9 62.310000 60.320000 1000000 9.596315 9.459120 9.590125 9.452577 0.031739 0.032259 0.172928 0.169892 0.032259 0.031731 0.032259 121110 125398
9 62.310000 60.320000 1000000 9.591538 9.441915 9.589503 9.454190 0.031742 0.032259 0.172928 0.169892 0.032259 0.031731 0.032259 125390 129266
9 62.310000 60.320000 1000000 9.563056 9.423635 9.561003 9.435911 0.031748 0.032259 0.177154 0.174192 0.032259 0.031737 0.032259 129260 129390
9 62.310000 60.320000 1000000 9.562126 9.422560 9.560073 9.434835 0.031748 0.032259 0.176097 0.173117 0.032259 0.031738 0.032259 129390 147935
9 62.310000 60.320000 1000000 9.532978 9.395679 9.529283 9.402309 0.031769 0.032259 0.163429 0.160213 0.032259 0.031759 0.032259 132330 134107
9 62.310000 60.320000 1000000 9.530952 9.394603 9.527255 9.401234 0.031770 0.032259 0.162375 0.159138 0.032259 0.031760 0.032259 134100 147935
9 62.310000 60.320000 1000000 9.470035 9.312346 9.464308 9.295993 0.031771 0.032259 0.177682 0.174729 0.032259 0.031761 0.032259 147930 157754
9 62.310000 60.320000 1000000 9.450563 9.295142 9.444800 9.278789 0.031777 0.032259 0.166065 0.162902 0.032259 0.031767 0.032259 157750 159441
9 62.310000 60.320000 1000000 9.449992 9.294066 9.444229 9.277713 0.031778 0.032259 0.166065 0.162902 0.032259 0.031768 0.032259 159440 179232
9 62.310000 60.320000 1000000 9.425466 9.262884 9.419443 9.244828 0.031781 0.032259 0.155532 0.152150 0.032259 0.031771 0.032259 179230 195436
9 62.310000 60.320000 1000000 9.347913 9.210196 9.345029 9.208448 0.031830 0.032259 0.126236 0.122045 0.032259 0.031819 0.032259 192660 213298
9 62.310000 60.320000 1000000 9.317622 9.173099 9.313621 9.161987 0.031830 0.032259 0.129878 0.125808 0.032259 0.031820 0.032259 213290 214914
9 62.310000 60.320000 1000000 9.297492 9.161271 9.293465 9.150160 0.031837 0.032259 0.125717 0.121507 0.032259 0.031827 0.032259 214910 223302
9 62.310000 60.320000 1000000 9.272524 9.141916 9.268463 9.130805 0.031833 0.032259 0.125716 0.121507 0.032259 0.031823 0.032259 223300 249792
9 62.310000 60.320000 1000000 9.230203 9.086003 9.230161 9.105043 0.031845 0.032259 0.131961 0.127957 0.032259 0.031839 0.032259 249790 255050
9 62.310000 60.320000 1000000 9.205949 9.072024 9.205907 9.091065 0.031855 0.032259 0.125715 0.121506 0.032259 0.031848 0.032259 255050 257690
9 62.310000 60.320000 1000000 9.204722 9.070949 9.204680 9.089990 0.031856 0.032259 0.125715 0.121506 0.032259 0.031849 0.032259 257690 262167
9 62.310000 60.320000 1000000 9.203109 9.069874 9.203068 9.088914 0.031855 0.032259 0.125715 0.121506 0.032259 0.031849 0.032259 262160 264475
9 62.310000 60.320000 1000000 9.201357 9.068798 9.201315 9.087839 0.031856 0.032259 0.126754 0.122581 0.032259 0.031849 0.032259 264470 266211
9 62.310000 60.320000 1000000 9.200609 9.067723 9.200567 9.086764 0.031857 0.032259 0.125715 0.121506 0.032259 0.031850 0.032259 266210 270453
9 62.310000 60.320000 1000000 9.192041 9.060196 9.191999 9.079237 0.031849 0.032259 0.125716 0.121506 0.032259 0.031842 0.032259 270450 315315
9 62.310000 60.320000 1000000 9.167697 9.029551 9.166835 9.041020 0.031859 0.032259 0.120009 0.115593 0.032259 0.031851 0.032259 315310 328960
9 62.310000 60.320000 1000000 9.163315 9.011272 9.161037 9.016289 0.031857 0.032259 0.104564 0.099464 0.032259 0.031849 0.032259 328960 338935
9 62.310000 60.320000 1000000 9.153791 9.001594 9.151507 9.006612 0.031859 0.032259 0.107636 0.102689 0.032259 0.031851 0.032259 338930 377009
9 62.310000 60.320000 1000000 9.091997 8.948906 9.089666 8.953924 0.031871 0.032259 0.114841 0.110218 0.032259 0.031863 0.032259 377000 395895
9 62.310000 60.320000 1000000 9.084677 8.938154 9.082340 8.943171 0.031868 0.032259 0.105588 0.100540 0.032259 0.031860 0.032259 395890 405199
9 62.310000 60.320000 1000000 9.064556 8.924175 9.062203 8.929193 0.031872 0.032259 0.098448 0.093013 0.032259 0.031864 0.032259 405190 443701
9 62.310000 60.320000 1000000 9.062014 8.914498 9.059234 8.917096 0.031870 0.032259 0.096419 0.090862 0.032259 0.031861 0.032259 443700 445155
9 62.310000 60.320000 1000000 9.061181 8.913422 9.058401 8.916021 0.031868 0.032259 0.095406 0.089787 0.032259 0.031860 0.032259 445150 484402
9 62.310000 60.320000 1000000 9.048406 8.905896 9.045614 8.908494 0.031873 0.032259 0.092377 0.086561 0.032259 0.031864 0.032259 484400 499042
9 62.310000 60.320000 1000000 9.028610 8.890842 9.026365 8.895949 0.031886 0.032259 0.093385 0.087637 0.032259 0.031877 0.032259 499040 513826
9 62.310000 60.320000 1000000 9.025257 8.887078 9.022913 8.891334 0.031885 0.032259 0.092881 0.087099 0.032259 0.031876 0.032259 513820 516638
9 62.310000 60.320000 1000000 9.024626 8.886003 9.022281 8.890259 0.031885 0.032259 0.092881 0.087099 0.032259 0.031876 0.032259 516630 522899
9 62.310000 60.320000 1000000 9.021381 8.882777 9.019034 8.887033 0.031884 0.032259 0.091873 0.086023 0.032259 0.031875 0.032259 522890 527108
9 62.310000 60.320000 1000000 9.017454 8.879552 9.015104 8.883808 0.031882 0.032259 0.091873 0.086023 0.032259 0.031873 0.032259 527100 530277
9 62.310000 60.320000 1000000 9.016407 8.878476 9.014055 8.882732 0.031880 0.032259 0.091872 0.086023 0.032259 0.031871 0.032259 530270 596209
9 62.310000 60.320000 1000000 8.991341 8.853208 8.988814 8.854910 0.031886 0.032259 0.085363 0.079033 0.032259 0.031877 0.032259 574300 604300
9 62.310000 60.320000 1000000 8.984866 8.847831 8.982334 8.849533 0.031889 0.032259 0.085363 0.079033 0.032259 0.031880 0.032259 604300 644849
9 62.310000 60.320000 1000000 8.966589 8.827401 8.964530 8.831209 0.031875 0.032259 0.096417 0.090860 0.032259 0.031866 0.032259 644840 666159
9 62.310000 60.320000 1000000 8.941716 8.808046 8.939640 8.811854 0.031873 0.032259 0.095403 0.089784 0.032259 0.031863 0.032259 666150 668260
9 62.310000 60.320000 1000000 8.937967 8.801595 8.935888 8.805403 0.031870 0.032259 0.096416 0.090859 0.032259 0.031860 0.032259 668260 679283
9 62.310000 60.320000 1000000 8.936340 8.800519 8.934261 8.804327 0.031869 0.032259 0.097430 0.091935 0.032259 0.031859 0.032259 679280 691406
9 62.310000 60.320000 1000000 8.926093 8.788692 8.924006 8.792499 0.031860 0.032259 0.097429 0.091934 0.032259 0.031851 0.032259 691400 747722
9 62.310000 60.320000 1000000 8.884494 8.754283 8.882378 8.758091 0.031867 0.032259 0.093383 0.087634 0.032259 0.031857 0.032259 747720 771512
9 62.310000 60.320000 1000000 8.881790 8.748906 8.879819 8.753969 0.031861 0.032259 0.091367 0.085483 0.032259 0.031852 0.032259 771510 798410
9 62.310000 60.320000 1000000 8.879250 8.745681 8.877277 8.750743 0.031859 0.032259 0.088356 0.082257 0.032259 0.031849 0.032259 798410 834299
9 62.310000 60.320000 1000000 8.867434 8.734390 8.865353 8.738601 0.031862 0.032259 0.084864 0.078494 0.032259 0.031853 0.032259 834290 896766
9 62.310000 60.320000 1000000 8.859136 8.725788 8.857049 8.729999 0.031869 0.032259 0.085860 0.079570 0.032259 0.031859 0.032259 885580 958183
9 62.310000 60.320000 1000000 8.858819 8.721487 8.856774 8.725250 0.031869 0.032259 0.084865 0.078495 0.032259 0.031859 0.032259 958180 960788
9 62.310000 60.320000 1000000 8.857067 8.720412 8.855021 8.724175 0.031869 0.032259 0.084865 0.078495 0.032259 0.031859 0.032259 960780 972036
9 62.310000 60.320000 1000000 8.855531 8.719336 8.853484 8.723100 0.031870 0.032259 0.083871 0.077420 0.032259 0.031861 0.032259 972030 1000000
