1 62.310000 60.320000 1000000 13.481913 13.515555 13.475086 13.505787 0.031973 0.032257 0.248876 0.246777 0.032257 0.031967 0.032257 0 50
1 62.310000 60.320000 1000000 12.384842 12.227387 12.381457 12.233389 0.031432 0.032257 0.301191 0.299459 0.032257 0.031422 0.032257 50 60
1 62.310000 60.320000 1000000 12.139163 11.927388 12.135352 11.932583 0.031401 0.032257 0.202054 0.199463 0.032257 0.031391 0.032257 60 70
1 62.310000 60.320000 1000000 11.878287 11.697281 11.873464 11.695667 0.031386 0.032257 0.185088 0.182256 0.032257 0.031376 0.032257 70 80
1 62.310000 60.320000 1000000 11.799686 11.589217 11.795471 11.589663 0.031369 0.032257 0.191976 0.189246 0.032257 0.031359 0.032257 80 90
1 62.310000 60.320000 1000000 11.611870 11.394056 11.605327 11.378508 0.031426 0.032257 0.196750 0.194087 0.032257 0.031417 0.032257 90 100
1 62.310000 60.320000 1000000 11.469141 11.272550 11.463613 11.260676 0.031485 0.032257 0.190388 0.187636 0.032257 0.031476 0.032257 100 110
1 62.310000 60.320000 1000000 11.383134 11.165562 11.376893 11.153598 0.031480 0.032257 0.159219 0.155917 0.032257 0.031470 0.032257 110 121
1 62.310000 60.320000 1000000 11.338122 11.090293 11.335033 11.097146 0.031440 0.032257 0.153955 0.150538 0.032257 0.031431 0.032257 120 137
1 62.310000 60.320000 1000000 11.307073 11.052659 11.303959 11.059512 0.031422 0.032257 0.160270 0.156990 0.032257 0.031412 0.032257 130 140
1 62.310000 60.320000 1000000 11.280930 11.031153 11.278977 11.044279 0.031433 0.032257 0.153955 0.150538 0.032257 0.031423 0.032257 140 150
1 62.310000 60.320000 1000000 11.260504 11.008573 11.258543 11.022146 0.031427 0.032257 0.155007 0.151614 0.032257 0.031417 0.032257 150 161
1 62.310000 60.320000 1000000 11.223141 10.944057 11.220117 10.945713 0.031431 0.032257 0.167651 0.164519 0.032257 0.031421 0.032257 160 177
1 62.310000 60.320000 1000000 11.174021 10.860187 11.170522 10.860230 0.031375 0.032257 0.167653 0.164520 0.032257 0.031365 0.032257 170 184
1 62.310000 60.320000 1000000 11.131706 10.813951 11.128166 10.813994 0.031377 0.032257 0.171870 0.168816 0.032257 0.031367 0.032257 180 196
1 62.310000 60.320000 1000000 11.039405 10.696746 11.035775 10.696790 0.031349 0.032257 0.170816 0.167743 0.032257 0.031339 0.032257 190 202
1 62.310000 60.320000 1000000 10.826699 10.581694 10.822851 10.581737 0.031495 0.032257 0.204709 0.202151 0.032257 0.031486 0.032257 200 212
1 62.310000 60.320000 1000000 10.640983 10.479006 10.636662 10.476495 0.031668 0.032257 0.169232 0.166129 0.032257 0.031659 0.032257 210 225
1 62.310000 60.320000 1000000 10.571144 10.399974 10.566313 10.393207 0.031692 0.032257 0.164488 0.161295 0.032257 0.031683 0.032257 220 230
1 62.310000 60.320000 1000000 10.543378 10.329544 10.536346 10.292983 0.031708 0.032257 0.175574 0.172585 0.032257 0.031698 0.032257 230 256
1 62.310000 60.320000 1000000 10.495105 10.199974 10.492444 10.195671 0.031714 0.032257 0.167652 0.164519 0.032257 0.031705 0.032257 250 260
1 62.310000 60.320000 1000000 10.474964 10.148361 10.472288 10.144059 0.031710 0.032257 0.170818 0.167745 0.032257 0.031701 0.032257 260 278
1 62.310000 60.320000 1000000 10.459288 10.118254 10.456599 10.113951 0.031705 0.032257 0.170818 0.167745 0.032257 0.031696 0.032257 270 280
1 62.310000 60.320000 1000000 10.453623 10.108576 10.450536 10.101451 0.031707 0.032257 0.172931 0.169896 0.032257 0.031697 0.032257 280 298
1 62.310000 60.320000 1000000 10.445565 10.104275 10.442471 10.097150 0.031714 0.032257 0.169763 0.166670 0.032257 0.031704 0.032257 290 300
1 62.310000 60.320000 1000000 10.422096 10.083845 10.418981 10.076720 0.031719 0.032257 0.178217 0.175273 0.032257 0.031709 0.032257 300 322
1 62.310000 60.320000 1000000 10.377459 10.012877 10.375012 10.013279 0.031722 0.032257 0.134050 0.130111 0.032257 0.031714 0.032257 320 379
1 62.310000 60.320000 1000000 10.348711 9.993522 10.346243 9.993924 0.031734 0.032257 0.148705 0.145164 0.032257 0.031726 0.032257 340 393
1 62.310000 60.320000 1000000 10.253595 9.917179 10.251058 9.917581 0.031756 0.032257 0.170819 0.167746 0.032257 0.031748 0.032257 390 400
1 62.310000 60.320000 1000000 10.253355 9.916104 10.250818 9.916506 0.031756 0.032257 0.170819 0.167746 0.032257 0.031747 0.032257 400 428
1 62.310000 60.320000 1000000 10.143066 9.820944 10.140189 9.818792 0.031754 0.032257 0.148177 0.144623 0.032257 0.031745 0.032257 420 449
1 62.310000 60.320000 1000000 10.111967 9.802664 10.109063 9.800512 0.031778 0.032257 0.143985 0.140325 0.032257 0.031769 0.032257 440 459
1 62.310000 60.320000 1000000 10.095050 9.788686 10.092132 9.786534 0.031780 0.032257 0.142937 0.139250 0.032257 0.031771 0.032257 450 498
1 62.310000 60.320000 1000000 9.981461 9.709117 9.977434 9.703739 0.031828 0.032257 0.143984 0.140324 0.032257 0.031820 0.032257 490 509
1 62.310000 60.320000 1000000 9.977741 9.695138 9.976692 9.704814 0.031828 0.032257 0.145031 0.141398 0.032257 0.031818 0.032257 500 555
1 62.310000 60.320000 1000000 9.823241 9.580085 9.821315 9.584743 0.031911 0.032257 0.120007 0.115590 0.032257 0.031901 0.032257 550 571
1 62.310000 60.320000 1000000 9.812073 9.569332 9.810820 9.577754 0.031920 0.032257 0.127273 0.123117 0.032257 0.031911 0.032257 570 580
1 62.310000 60.320000 1000000 9.781605 9.553204 9.780341 9.561625 0.031935 0.032257 0.125194 0.120967 0.032257 0.031926 0.032257 580 596
1 62.310000 60.320000 1000000 9.752384 9.528472 9.751109 9.536894 0.031932 0.032257 0.133524 0.129569 0.032257 0.031923 0.032257 590 606
1 62.310000 60.320000 1000000 9.738406 9.516645 9.737126 9.525066 0.031930 0.032257 0.133523 0.129568 0.032257 0.031921 0.032257 600 612
1 62.310000 60.320000 1000000 9.735232 9.513419 9.733950 9.521840 0.031928 0.032257 0.131438 0.127418 0.032257 0.031919 0.032257 610 622
1 62.310000 60.320000 1000000 9.717421 9.492989 9.715793 9.498006 0.031927 0.032257 0.121044 0.116666 0.032257 0.031918 0.032257 620 659
1 62.310000 60.320000 1000000 9.599202 9.429548 9.597513 9.434565 0.031996 0.032257 0.135613 0.131721 0.032257 0.031986 0.032257 650 703
1 62.310000 60.320000 1000000 9.515600 9.371484 9.513866 9.376500 0.032022 0.032257 0.138748 0.134946 0.032257 0.032013 0.032257 700 713
1 62.310000 60.320000 1000000 9.514970 9.370408 9.513235 9.375425 0.032021 0.032257 0.138748 0.134946 0.032257 0.032012 0.032257 710 748
1 62.310000 60.320000 1000000 9.441764 9.330624 9.439989 9.335640 0.032079 0.032257 0.116904 0.112365 0.032257 0.032069 0.032257 740 807
1 62.310000 60.320000 1000000 9.440864 9.328473 9.439088 9.333490 0.032078 0.032257 0.114838 0.110215 0.032257 0.032068 0.032257 750 852
1 62.310000 60.320000 1000000 9.383554 9.287613 9.381746 9.292630 0.032078 0.032257 0.102520 0.097313 0.032257 0.032068 0.032257 850 973
1 62.310000 60.320000 1000000 9.367949 9.273635 9.366132 9.278651 0.032082 0.032257 0.096418 0.090862 0.032257 0.032072 0.032257 970 987
1 62.310000 60.320000 1000000 9.366377 9.272559 9.364559 9.277576 0.032082 0.032257 0.097432 0.091937 0.032257 0.032072 0.032257 980 993
1 62.310000 60.320000 1000000 9.364844 9.271484 9.363025 9.276501 0.032082 0.032257 0.098447 0.093012 0.032257 0.032072 0.032257 990 1067
1 62.310000 60.320000 1000000 9.351292 9.256430 9.349614 9.262702 0.032087 0.032257 0.088358 0.082259 0.032257 0.032078 0.032257 1060 1074
1 62.310000 60.320000 1000000 9.347623 9.249979 9.345311 9.254234 0.032090 0.032257 0.084368 0.077958 0.032257 0.032081 0.032257 1070 1084
1 62.310000 60.320000 1000000 9.339552 9.241377 9.337235 9.245632 0.032090 0.032257 0.090364 0.084410 0.032257 0.032081 0.032257 1080 1148
1 62.310000 60.320000 1000000 9.326213 9.230624 9.323886 9.234879 0.032094 0.032257 0.090362 0.084408 0.032257 0.032085 0.032257 1140 1164
1 62.310000 60.320000 1000000 9.301457 9.206968 9.299111 9.211223 0.032098 0.032257 0.098445 0.093010 0.032257 0.032089 0.032257 1160 1170
1 62.310000 60.320000 1000000 9.294333 9.198366 9.292491 9.205130 0.032100 0.032257 0.100478 0.095160 0.032257 0.032090 0.032257 1170 1190
1 62.310000 60.320000 1000000 9.289260 9.192989 9.287563 9.201008 0.032098 0.032257 0.103538 0.098385 0.032257 0.032089 0.032257 1190 1221
1 62.310000 60.320000 1000000 9.281394 9.185462 9.279692 9.193481 0.032095 0.032257 0.105583 0.100535 0.032257 0.032086 0.032257 1220 1237
1 62.310000 60.320000 1000000 9.274428 9.179011 9.272722 9.187029 0.032091 0.032257 0.103538 0.098385 0.032257 0.032082 0.032257 1230 1295
1 62.310000 60.320000 1000000 9.273426 9.174710 9.271505 9.181519 0.032090 0.032257 0.104561 0.099461 0.032257 0.032080 0.032257 1290 1321
1 62.310000 60.320000 1000000 9.263745 9.166108 9.261818 9.172917 0.032085 0.032257 0.109688 0.104837 0.032257 0.032075 0.032257 1320 1637
1 62.310000 60.320000 1000000 9.226232 9.142452 9.224281 9.149261 0.032112 0.032257 0.091366 0.085482 0.032257 0.032103 0.032257 1630 1661
1 62.310000 60.320000 1000000 9.226016 9.141377 9.224317 9.149440 0.032112 0.032257 0.092373 0.086558 0.032257 0.032103 0.032257 1660 1684
1 62.310000 60.320000 1000000 9.206771 9.125248 9.205431 9.135417 0.032118 0.032257 0.099461 0.094084 0.032257 0.032109 0.032257 1680 1737
1 62.310000 60.320000 1000000 9.197443 9.118796 9.196099 9.128965 0.032120 0.032257 0.096415 0.090859 0.032257 0.032110 0.032257 1730 1794
1 62.310000 60.320000 1000000 9.189394 9.113420 9.188046 9.123589 0.032122 0.032257 0.092373 0.086557 0.032257 0.032113 0.032257 1780 1851
1 62.310000 60.320000 1000000 9.137658 9.081162 9.136287 9.091331 0.032137 0.032257 0.093381 0.087632 0.032257 0.032127 0.032257 1850 1912
1 62.310000 60.320000 1000000 9.133101 9.076861 9.131728 9.087030 0.032134 0.032257 0.094390 0.088707 0.032257 0.032124 0.032257 1910 1921
1 62.310000 60.320000 1000000 9.129542 9.074710 9.128168 9.084879 0.032136 0.032257 0.092372 0.086557 0.032257 0.032126 0.032257 1920 1997
1 62.310000 60.320000 1000000 9.107770 9.059656 9.106385 9.069825 0.032137 0.032257 0.092372 0.086557 0.032257 0.032127 0.032257 1990 2132
1 62.310000 60.320000 1000000 9.106048 9.058581 9.104662 9.068750 0.032138 0.032257 0.091366 0.085482 0.032257 0.032128 0.032257 2130 2166
1 62.310000 60.320000 1000000 9.104478 9.057506 9.103092 9.067675 0.032139 0.032257 0.092372 0.086557 0.032257 0.032129 0.032257 2160 2222
1 62.310000 60.320000 1000000 9.096424 9.051054 9.095034 9.061223 0.032142 0.032257 0.090360 0.084407 0.032257 0.032132 0.032257 2220 2253
1 62.310000 60.320000 1000000 9.093028 9.047828 9.091637 9.057997 0.032142 0.032257 0.088355 0.082256 0.032257 0.032133 0.032257 2250 2265
1 62.310000 60.320000 1000000 9.088159 9.044602 9.086766 9.054772 0.032143 0.032257 0.087355 0.081181 0.032257 0.032133 0.032257 2260 2276
1 62.310000 60.320000 1000000 9.086624 9.043527 9.085229 9.053696 0.032142 0.032257 0.086357 0.080106 0.032257 0.032132 0.032257 2270 2303
1 62.310000 60.320000 1000000 9.084142 9.034388 9.082536 9.042003 0.032142 0.032257 0.086856 0.080643 0.032257 0.032132 0.032257 2300 2311
1 62.310000 60.320000 1000000 9.080767 9.032237 9.079160 9.039852 0.032143 0.032257 0.084863 0.078493 0.032257 0.032133 0.032257 2310 2353
1 62.310000 60.320000 1000000 9.078786 9.031162 9.077177 9.038777 0.032144 0.032257 0.083869 0.077418 0.032257 0.032134 0.032257 2350 2585
1 62.310000 60.320000 1000000 9.068548 9.022022 9.066880 9.028786 0.032147 0.032257 0.079425 0.072579 0.032257 0.032137 0.032257 2580 2716
1 62.310000 60.320000 1000000 9.064288 9.018796 9.062617 9.025560 0.032149 0.032257 0.077465 0.070429 0.032257 0.032139 0.032257 2710 2772
1 62.310000 60.320000 1000000 9.060176 9.015570 9.058503 9.022334 0.032149 0.032257 0.078444 0.071504 0.032257 0.032139 0.032257 2770 2797
1 62.310000 60.320000 1000000 9.058545 9.014495 9.056871 9.021259 0.032149 0.032257 0.078444 0.071504 0.032257 0.032139 0.032257 2790 2825
1 62.310000 60.320000 1000000 9.056693 9.011807 9.054920 9.017720 0.032149 0.032257 0.077954 0.070967 0.032257 0.032140 0.032257 2820 2837
1 62.310000 60.320000 1000000 9.048463 9.005355 9.046685 9.011268 0.032145 0.032257 0.077954 0.070967 0.032257 0.032136 0.032257 2830 3029
1 62.310000 60.320000 1000000 9.012730 8.978474 9.010931 8.984387 0.032141 0.032257 0.084864 0.078494 0.032257 0.032131 0.032257 3020 3142
1 62.310000 60.320000 1000000 9.008215 8.975248 9.006413 8.981161 0.032142 0.032257 0.082880 0.076345 0.032257 0.032132 0.032257 3140 3153
1 62.310000 60.320000 1000000 9.006618 8.974173 9.004816 8.980086 0.032142 0.032257 0.081890 0.075269 0.032257 0.032132 0.032257 3150 3168
1 62.310000 60.320000 1000000 9.006273 8.973098 9.004470 8.979010 0.032142 0.032257 0.080903 0.074194 0.032257 0.032132 0.032257 3160 3194
1 62.310000 60.320000 1000000 8.999463 8.968796 8.997656 8.974709 0.032146 0.032257 0.077957 0.070970 0.032257 0.032136 0.032257 3190 3200
1 62.310000 60.320000 1000000 8.997643 8.967721 8.995835 8.973634 0.032146 0.032257 0.077957 0.070970 0.032257 0.032136 0.032257 3200 3301
1 62.310000 60.320000 1000000 8.986077 8.959119 8.984262 8.965032 0.032145 0.032257 0.076003 0.068818 0.032257 0.032135 0.032257 3300 3387
1 62.310000 60.320000 1000000 8.977644 8.949442 8.975628 8.953652 0.032148 0.032257 0.073095 0.065593 0.032257 0.032138 0.032257 3380 3951
1 62.310000 60.320000 1000000 8.971491 8.945141 8.969471 8.949351 0.032150 0.032257 0.074062 0.066668 0.032257 0.032140 0.032257 3950 4007
1 62.310000 60.320000 1000000 8.961923 8.936539 8.959897 8.940749 0.032153 0.032257 0.072134 0.064520 0.032257 0.032144 0.032257 4000 4060
1 62.310000 60.320000 1000000 8.948347 8.926861 8.946311 8.931072 0.032148 0.032257 0.074064 0.066670 0.032257 0.032139 0.032257 4060 4220
1 62.310000 60.320000 1000000 8.947606 8.925786 8.945570 8.929996 0.032148 0.032257 0.074064 0.066670 0.032257 0.032138 0.032257 4220 4230
1 62.310000 60.320000 1000000 8.946327 8.924711 8.944290 8.928921 0.032147 0.032257 0.073097 0.065595 0.032257 0.032137 0.032257 4230 4445
1 62.310000 60.320000 1000000 8.944459 8.921485 8.942420 8.925695 0.032148 0.032257 0.076005 0.068821 0.032257 0.032138 0.032257 4240 4469
1 62.310000 60.320000 1000000 8.928590 8.907506 8.926541 8.911717 0.032154 0.032257 0.074063 0.066670 0.032257 0.032144 0.032257 4460 4566
1 62.310000 60.320000 1000000 8.926853 8.906431 8.924802 8.910642 0.032155 0.032257 0.074063 0.066670 0.032257 0.032145 0.032257 4560 5231
1 62.310000 60.320000 1000000 8.919513 8.901055 8.917458 8.905265 0.032157 0.032257 0.075032 0.067744 0.032257 0.032147 0.032257 5230 5288
1 62.310000 60.320000 1000000 8.918782 8.899980 8.916726 8.904190 0.032156 0.032257 0.076004 0.068819 0.032257 0.032146 0.032257 5280 5523
1 62.310000 60.320000 1000000 8.916894 8.898904 8.914837 8.903115 0.032157 0.032257 0.076005 0.068820 0.032257 0.032147 0.032257 5520 6123
1 62.310000 60.320000 1000000 8.902284 8.886001 8.900216 8.890212 0.032150 0.032257 0.080905 0.074196 0.032257 0.032140 0.032257 6120 6203
1 62.310000 60.320000 1000000 8.899813 8.881700 8.898009 8.887165 0.032152 0.032257 0.078937 0.072046 0.032257 0.032142 0.032257 6200 6408
1 62.310000 60.320000 1000000 8.899094 8.880625 8.897290 8.886090 0.032151 0.032257 0.079920 0.073121 0.032257 0.032141 0.032257 6400 6514
1 62.310000 60.320000 1000000 8.898281 8.879550 8.896476 8.885014 0.032150 0.032257 0.078937 0.072046 0.032257 0.032140 0.032257 6510 6885
1 62.310000 60.320000 1000000 8.894220 8.876324 8.892412 8.881789 0.032148 0.032257 0.078937 0.072046 0.032257 0.032138 0.032257 6520 6962
1 62.310000 60.320000 1000000 8.882808 8.867722 8.880994 8.873187 0.032143 0.032257 0.077958 0.070971 0.032257 0.032133 0.032257 6960 7941
1 62.310000 60.320000 1000000 8.872321 8.858044 8.870500 8.863509 0.032143 0.032257 0.076978 0.069893 0.032257 0.032133 0.032257 7940 8184
1 62.310000 60.320000 1000000 8.867453 8.853743 8.865629 8.859208 0.032144 0.032257 0.076978 0.069893 0.032257 0.032134 0.032257 8180 8341
1 62.310000 60.320000 1000000 8.865856 8.852668 8.864031 8.858133 0.032145 0.032257 0.076978 0.069893 0.032257 0.032134 0.032257 8340 8794
1 62.310000 60.320000 1000000 8.859893 8.843528 8.858038 8.847694 0.032146 0.032257 0.079427 0.072581 0.032257 0.032136 0.032257 8790 8887
1 62.310000 60.320000 1000000 8.858877 8.842453 8.857021 8.846618 0.032147 0.032257 0.078445 0.071506 0.032257 0.032137 0.032257 8880 9000
1 62.310000 60.320000 1000000 8.856855 8.841378 8.854998 8.845543 0.032148 0.032257 0.078445 0.071506 0.032257 0.032138 0.032257 9000 9339
1 62.310000 60.320000 1000000 8.843352 8.831700 8.841486 8.835866 0.032147 0.032257 0.072613 0.065055 0.032257 0.032137 0.032257 9330 9771
1 62.310000 60.320000 1000000 8.838776 8.828475 8.836907 8.832640 0.032146 0.032257 0.075517 0.068280 0.032257 0.032136 0.032257 9770 10152
1 62.310000 60.320000 1000000 8.831787 8.822023 8.829913 8.826189 0.032141 0.032257 0.072613 0.065054 0.032257 0.032131 0.032257 10150 10267
1 62.310000 60.320000 1000000 8.830289 8.820948 8.828414 8.825113 0.032141 0.032257 0.071651 0.063979 0.032257 0.032131 0.032257 10260 10433
1 62.310000 60.320000 1000000 8.823842 8.816647 8.821963 8.820812 0.032144 0.032257 0.067838 0.059678 0.032257 0.032134 0.032257 10290 11130
1 62.310000 60.320000 1000000 8.812773 8.804819 8.810611 8.808178 0.032146 0.032257 0.068786 0.060753 0.032257 0.032136 0.032257 11130 11692
1 62.310000 60.320000 1000000 8.808548 8.801593 8.806383 8.804952 0.032147 0.032257 0.070692 0.062903 0.032257 0.032138 0.032257 11690 11712
1 62.310000 60.320000 1000000 8.806462 8.799442 8.804295 8.802801 0.032147 0.032257 0.072612 0.065053 0.032257 0.032137 0.032257 11710 12003
1 62.310000 60.320000 1000000 8.804689 8.798367 8.802521 8.801726 0.032147 0.032257 0.071650 0.063978 0.032257 0.032138 0.032257 12000 12072
1 62.310000 60.320000 1000000 8.802786 8.797292 8.800616 8.800651 0.032148 0.032257 0.070692 0.062903 0.032257 0.032138 0.032257 12070 12292
1 62.310000 60.320000 1000000 8.787175 8.786539 8.784994 8.789898 0.032151 0.032257 0.068785 0.060752 0.032257 0.032141 0.032257 12290 12720
1 62.310000 60.320000 1000000 8.786490 8.785464 8.784308 8.788823 0.032150 0.032257 0.068784 0.060751 0.032257 0.032140 0.032257 12720 13087
1 62.310000 60.320000 1000000 8.781519 8.782238 8.779334 8.785597 0.032152 0.032257 0.067836 0.059676 0.032257 0.032142 0.032257 13080 13111
1 62.310000 60.320000 1000000 8.779560 8.781163 8.777374 8.784522 0.032153 0.032257 0.067836 0.059676 0.032257 0.032143 0.032257 13110 13261
1 62.310000 60.320000 1000000 8.774036 8.777937 8.771845 8.781296 0.032155 0.032257 0.066892 0.058601 0.032257 0.032145 0.032257 13240 13423
1 62.310000 60.320000 1000000 8.759084 8.768260 8.756882 8.771619 0.032157 0.032257 0.064085 0.055375 0.032257 0.032147 0.032257 13420 13439
1 62.310000 60.320000 1000000 8.758619 8.767184 8.756417 8.770543 0.032157 0.032257 0.064085 0.055375 0.032257 0.032148 0.032257 13430 13901
1 62.310000 60.320000 1000000 8.755580 8.763958 8.753375 8.767318 0.032157 0.032257 0.065017 0.056450 0.032257 0.032147 0.032257 13900 14161
1 62.310000 60.320000 1000000 8.740850 8.753206 8.738634 8.756565 0.032160 0.032257 0.065952 0.057525 0.032257 0.032150 0.032257 13940 14797
1 62.310000 60.320000 1000000 8.724279 8.741378 8.722050 8.744737 0.032164 0.032257 0.071648 0.063976 0.032257 0.032154 0.032257 14790 15123
1 62.310000 60.320000 1000000 8.720686 8.738152 8.718455 8.741511 0.032162 0.032257 0.072610 0.065051 0.032257 0.032152 0.032257 15120 15166
1 62.310000 60.320000 1000000 8.720041 8.737077 8.717809 8.740436 0.032162 0.032257 0.073575 0.066127 0.032257 0.032152 0.032257 15160 15737
1 62.310000 60.320000 1000000 8.715952 8.733851 8.713717 8.737210 0.032160 0.032257 0.073575 0.066126 0.032257 0.032150 0.032257 15730 16041
1 62.310000 60.320000 1000000 8.712043 8.730625 8.709805 8.733984 0.032159 0.032257 0.071648 0.063976 0.032257 0.032150 0.032257 16040 17276
1 62.310000 60.320000 1000000 8.700086 8.706432 8.696520 8.701816 0.032165 0.032257 0.072130 0.064515 0.032257 0.032156 0.032257 17270 19377
1 62.310000 60.320000 1000000 8.679042 8.687077 8.675450 8.682461 0.032161 0.032257 0.071170 0.063440 0.032257 0.032153 0.032257 19370 19561
1 62.310000 60.320000 1000000 8.674399 8.682776 8.670801 8.678160 0.032160 0.032257 0.068310 0.060214 0.032257 0.032151 0.032257 19560 21330
1 62.310000 60.320000 1000000 8.667342 8.677400 8.663735 8.672784 0.032156 0.032257 0.069259 0.061289 0.032257 0.032147 0.032257 19870 22364
1 62.310000 60.320000 1000000 8.650596 8.663421 8.646968 8.658805 0.032155 0.032257 0.071171 0.063441 0.032257 0.032146 0.032257 22360 26279
1 62.310000 60.320000 1000000 8.629864 8.647292 8.626210 8.642676 0.032158 0.032257 0.067367 0.059141 0.032257 0.032149 0.032257 26270 29394
1 62.310000 60.320000 1000000 8.615295 8.630625 8.611561 8.625158 0.032160 0.032257 0.069738 0.061830 0.032257 0.032151 0.032257 29390 29490
1 62.310000 60.320000 1000000 8.613668 8.629550 8.609931 8.624083 0.032160 0.032257 0.070694 0.062905 0.032257 0.032152 0.032257 29490 30574
1 62.310000 60.320000 1000000 8.611864 8.628475 8.608125 8.623008 0.032161 0.032257 0.071652 0.063980 0.032257 0.032152 0.032257 30570 30968
1 62.310000 60.320000 1000000 8.610713 8.627400 8.606972 8.621933 0.032160 0.032257 0.072614 0.065056 0.032257 0.032152 0.032257 30960 32843
1 62.310000 60.320000 1000000 8.610557 8.626324 8.606998 8.622112 0.032160 0.032257 0.071652 0.063980 0.032257 0.032152 0.032257 32840 33300
1 62.310000 60.320000 1000000 8.609451 8.625249 8.605891 8.621037 0.032159 0.032257 0.071652 0.063980 0.032257 0.032151 0.032257 33300 34650
1 62.310000 60.320000 1000000 8.603070 8.619873 8.599502 8.615660 0.032162 0.032257 0.068787 0.060754 0.032257 0.032154 0.032257 34650 39407
1 62.310000 60.320000 1000000 8.586844 8.606969 8.583256 8.602757 0.032167 0.032257 0.065957 0.057530 0.032257 0.032159 0.032257 39400 40631
1 62.310000 60.320000 1000000 8.577165 8.595142 8.573565 8.590929 0.032166 0.032257 0.064090 0.055380 0.032257 0.032158 0.032257 40630 42245
1 62.310000 60.320000 1000000 8.573157 8.590841 8.569552 8.586628 0.032164 0.032257 0.064090 0.055380 0.032257 0.032156 0.032257 42240 47264
1 62.310000 60.320000 1000000 8.565321 8.583314 8.561706 8.579101 0.032168 0.032257 0.064090 0.055380 0.032257 0.032160 0.032257 47260 48008
1 62.310000 60.320000 1000000 8.563473 8.582238 8.559855 8.578026 0.032169 0.032257 0.063163 0.054305 0.032257 0.032161 0.032257 48000 48446
1 62.310000 60.320000 1000000 8.562096 8.581163 8.558477 8.576951 0.032169 0.032257 0.063162 0.054304 0.032257 0.032161 0.032257 48440 49025
1 62.310000 60.320000 1000000 8.560394 8.580088 8.556772 8.575875 0.032169 0.032257 0.063162 0.054304 0.032257 0.032161 0.032257 49020 55960
1 62.310000 60.320000 1000000 8.542368 8.565034 8.539571 8.564585 0.032173 0.032257 0.060411 0.051077 0.032257 0.032164 0.032257 55960 56768
1 62.310000 60.320000 1000000 8.539970 8.559658 8.536654 8.557596 0.032174 0.032257 0.058604 0.048927 0.032257 0.032165 0.032257 56760 58892
1 62.310000 60.320000 1000000 8.527568 8.551056 8.524238 8.548994 0.032176 0.032257 0.062240 0.053228 0.032257 0.032167 0.032257 58890 58906
1 62.310000 60.320000 1000000 8.526893 8.549980 8.523561 8.547918 0.032176 0.032257 0.061322 0.052153 0.032257 0.032168 0.032257 58900 59782
1 62.310000 60.320000 1000000 8.522156 8.544604 8.519003 8.543797 0.032178 0.032257 0.061322 0.052152 0.032257 0.032170 0.032257 59780 64161
1 62.310000 60.320000 1000000 8.494964 8.527400 8.491780 8.526592 0.032189 0.032257 0.053336 0.042475 0.032257 0.032180 0.032257 64160 68001
1 62.310000 60.320000 1000000 8.484850 8.518798 8.481655 8.517990 0.032192 0.032257 0.054196 0.043550 0.032257 0.032184 0.032257 68000 74025
1 62.310000 60.320000 1000000 8.472054 8.509120 8.468844 8.508313 0.032193 0.032257 0.053335 0.042474 0.032257 0.032185 0.032257 74020 77067
1 62.310000 60.320000 1000000 8.470598 8.508045 8.467387 8.507238 0.032193 0.032257 0.052482 0.041399 0.032257 0.032184 0.032257 77060 83911
1 62.310000 60.320000 1000000 8.448077 8.487615 8.444840 8.486808 0.032195 0.032257 0.058602 0.048925 0.032257 0.032187 0.032257 83910 87246
1 62.310000 60.320000 1000000 8.446700 8.486540 8.443462 8.485732 0.032194 0.032257 0.057708 0.047851 0.032257 0.032186 0.032257 87240 89008
1 62.310000 60.320000 1000000 8.441721 8.483314 8.438477 8.482506 0.032195 0.032257 0.060410 0.051076 0.032257 0.032187 0.032257 89000 98480
1 62.310000 60.320000 1000000 8.434983 8.479013 8.431731 8.478205 0.032195 0.032257 0.060410 0.051076 0.032257 0.032187 0.032257 98480 101159
1 62.310000 60.320000 1000000 8.431661 8.474712 8.428405 8.473904 0.032198 0.032257 0.060410 0.051076 0.032257 0.032189 0.032257 99550 111715
1 62.310000 60.320000 1000000 8.415230 8.460733 8.412238 8.461180 0.032199 0.032257 0.065955 0.057528 0.032257 0.032190 0.032257 111710 112408
1 62.310000 60.320000 1000000 8.414913 8.459658 8.411921 8.460105 0.032198 0.032257 0.066895 0.058603 0.032257 0.032190 0.032257 112400 118314
1 62.310000 60.320000 1000000 8.414499 8.458583 8.411507 8.459030 0.032198 0.032257 0.065955 0.057528 0.032257 0.032190 0.032257 118310 130312
1 62.310000 60.320000 1000000 8.397686 8.445680 8.394676 8.446126 0.032202 0.032257 0.066895 0.058603 0.032257 0.032193 0.032257 130310 144009
1 62.310000 60.320000 1000000 8.386566 8.430626 8.384889 8.437345 0.032206 0.032257 0.067838 0.059678 0.032257 0.032196 0.032257 144000 148998
1 62.310000 60.320000 1000000 8.385648 8.429550 8.383970 8.436270 0.032206 0.032257 0.066894 0.058602 0.032257 0.032196 0.032257 148990 166211
1 62.310000 60.320000 1000000 8.368837 8.409120 8.366525 8.413824 0.032212 0.032257 0.063159 0.054301 0.032257 0.032203 0.032257 166210 170242
1 62.310000 60.320000 1000000 8.367362 8.408045 8.365049 8.412748 0.032212 0.032257 0.062238 0.053226 0.032257 0.032203 0.032257 170240 173357
1 62.310000 60.320000 1000000 8.366387 8.406970 8.364073 8.411673 0.032212 0.032257 0.062238 0.053226 0.032257 0.032203 0.032257 173350 174614
1 62.310000 60.320000 1000000 8.358042 8.400518 8.355721 8.405221 0.032213 0.032257 0.061322 0.052152 0.032257 0.032204 0.032257 174610 183378
1 62.310000 60.320000 1000000 8.350890 8.394067 8.348563 8.398770 0.032213 0.032257 0.058603 0.048926 0.032257 0.032203 0.032257 183370 186598
1 62.310000 60.320000 1000000 8.350256 8.392991 8.347928 8.397695 0.032212 0.032257 0.059503 0.050001 0.032257 0.032203 0.032257 186590 187379
1 62.310000 60.320000 1000000 8.348867 8.391916 8.346538 8.396619 0.032212 0.032257 0.060410 0.051076 0.032257 0.032202 0.032257 187370 205791
1 62.310000 60.320000 1000000 8.344701 8.383852 8.342085 8.386001 0.032212 0.032257 0.059054 0.049465 0.032257 0.032203 0.032257 205790 212856
1 62.310000 60.320000 1000000 8.339289 8.380626 8.336668 8.382775 0.032214 0.032257 0.057264 0.047315 0.032257 0.032205 0.032257 212850 215165
1 62.310000 60.320000 1000000 8.336770 8.375250 8.334146 8.377399 0.032215 0.032257 0.059054 0.049465 0.032257 0.032206 0.032257 215160 218016
1 62.310000 60.320000 1000000 8.336063 8.374174 8.333439 8.376324 0.032216 0.032257 0.059957 0.050540 0.032257 0.032207 0.032257 218010 230807
1 62.310000 60.320000 1000000 8.328146 8.362884 8.325246 8.362480 0.032215 0.032257 0.064090 0.055380 0.032257 0.032206 0.032257 230800 233510
1 62.310000 60.320000 1000000 8.326834 8.361809 8.323933 8.361404 0.032215 0.032257 0.065021 0.056455 0.032257 0.032206 0.032257 233510 235103
1 62.310000 60.320000 1000000 8.325350 8.360733 8.322447 8.360329 0.032215 0.032257 0.065021 0.056455 0.032257 0.032206 0.032257 235100 245162
1 62.310000 60.320000 1000000 8.324262 8.359658 8.321357 8.359254 0.032215 0.032257 0.065956 0.057530 0.032257 0.032206 0.032257 245160 245857
1 62.310000 60.320000 1000000 8.324135 8.358045 8.321164 8.356790 0.032215 0.032257 0.065488 0.056993 0.032257 0.032206 0.032257 245850 250161
1 62.310000 60.320000 1000000 8.320706 8.352669 8.317731 8.351413 0.032216 0.032257 0.062701 0.053767 0.032257 0.032207 0.032257 250160 259079
1 62.310000 60.320000 1000000 8.312123 8.347293 8.309138 8.346037 0.032219 0.032257 0.059958 0.050541 0.032257 0.032210 0.032257 259070 266998
1 62.310000 60.320000 1000000 8.307638 8.344067 8.304649 8.342811 0.032219 0.032257 0.059958 0.050541 0.032257 0.032210 0.032257 266990 275165
1 62.310000 60.320000 1000000 8.307224 8.342991 8.304234 8.341736 0.032219 0.032257 0.059958 0.050541 0.032257 0.032210 0.032257 275160 278578
1 62.310000 60.320000 1000000 8.306046 8.341916 8.303055 8.340661 0.032219 0.032257 0.059958 0.050541 0.032257 0.032210 0.032257 278570 280932
1 62.310000 60.320000 1000000 8.305464 8.340841 8.302473 8.339585 0.032219 0.032257 0.059958 0.050541 0.032257 0.032210 0.032257 280930 292485
1 62.310000 60.320000 1000000 8.297793 8.334389 8.294794 8.333134 0.032217 0.032257 0.061780 0.052690 0.032257 0.032208 0.032257 292480 293526
1 62.310000 60.320000 1000000 8.297372 8.333314 8.294372 8.332059 0.032217 0.032257 0.061780 0.052690 0.032257 0.032208 0.032257 293520 303257
1 62.310000 60.320000 1000000 8.295838 8.332239 8.292836 8.330983 0.032216 0.032257 0.061780 0.052690 0.032257 0.032208 0.032257 303250 306400
1 62.310000 60.320000 1000000 8.294169 8.331163 8.291166 8.329908 0.032216 0.032257 0.061780 0.052690 0.032257 0.032207 0.032257 306400 314614
1 62.310000 60.320000 1000000 8.293129 8.330088 8.290124 8.328833 0.032216 0.032257 0.061781 0.052691 0.032257 0.032207 0.032257 314610 343525
1 62.310000 60.320000 1000000 8.284944 8.320411 8.282448 8.321664 0.032217 0.032257 0.061780 0.052690 0.032257 0.032208 0.032257 343520 360240
1 62.310000 60.320000 1000000 8.282152 8.316110 8.279654 8.317363 0.032217 0.032257 0.063624 0.054841 0.032257 0.032208 0.032257 360240 364914
1 62.310000 60.320000 1000000 8.277943 8.311809 8.275441 8.313062 0.032218 0.032257 0.063624 0.054841 0.032257 0.032209 0.032257 364910 368985
1 62.310000 60.320000 1000000 8.276922 8.310733 8.274419 8.311987 0.032218 0.032257 0.064553 0.055916 0.032257 0.032208 0.032257 368980 369107
1 62.310000 60.320000 1000000 8.275673 8.309658 8.273169 8.310912 0.032218 0.032257 0.063624 0.054841 0.032257 0.032208 0.032257 369100 402963
1 62.310000 60.320000 1000000 8.263339 8.298905 8.260824 8.300159 0.032219 0.032257 0.062698 0.053763 0.032257 0.032209 0.032257 402960 427996
1 62.310000 60.320000 1000000 8.252259 8.290303 8.249734 8.291557 0.032221 0.032257 0.057262 0.047312 0.032257 0.032212 0.032257 427990 428110
1 62.310000 60.320000 1000000 8.250566 8.289228 8.248039 8.290481 0.032221 0.032257 0.057262 0.047312 0.032257 0.032212 0.032257 428110 432788
1 62.310000 60.320000 1000000 8.247421 8.283852 8.244891 8.285105 0.032220 0.032257 0.058154 0.048387 0.032257 0.032211 0.032257 432780 459056
1 62.310000 60.320000 1000000 8.245088 8.280626 8.242556 8.281879 0.032219 0.032257 0.058155 0.048388 0.032257 0.032210 0.032257 459050 460854
1 62.310000 60.320000 1000000 8.244096 8.279551 8.241563 8.280804 0.032220 0.032257 0.059053 0.049464 0.032257 0.032210 0.032257 460850 492328
1 62.310000 60.320000 1000000 8.226186 8.262346 8.223159 8.261987 0.032228 0.032257 0.059052 0.049463 0.032257 0.032220 0.032257 492320 523113
1 62.310000 60.320000 1000000 8.218618 8.253744 8.215583 8.253385 0.032229 0.032257 0.056377 0.046236 0.032257 0.032221 0.032257 523110 551991
1 62.310000 60.320000 1000000 8.212026 8.248368 8.208984 8.248008 0.032226 0.032257 0.060864 0.051613 0.032257 0.032217 0.032257 551990 591456
1 62.310000 60.320000 1000000 8.193976 8.231164 8.191426 8.233313 0.032228 0.032257 0.062699 0.053764 0.032257 0.032218 0.032257 591450 598414
1 62.310000 60.320000 1000000 8.193641 8.230088 8.191090 8.232238 0.032227 0.032257 0.062699 0.053764 0.032257 0.032218 0.032257 598410 609612
1 62.310000 60.320000 1000000 8.192100 8.229013 8.189549 8.231162 0.032227 0.032257 0.062699 0.053764 0.032257 0.032218 0.032257 609610 612649
1 62.310000 60.320000 1000000 8.190647 8.227938 8.188094 8.230087 0.032227 0.032257 0.061779 0.052689 0.032257 0.032218 0.032257 612640 621214
1 62.310000 60.320000 1000000 8.185741 8.224712 8.183184 8.226861 0.032227 0.032257 0.059956 0.050538 0.032257 0.032218 0.032257 621210 637125
1 62.310000 60.320000 1000000 8.176862 8.211809 8.175263 8.220231 0.032226 0.032257 0.066423 0.058064 0.032257 0.032217 0.032257 637120 641281
1 62.310000 60.320000 1000000 8.171211 8.204282 8.169608 8.212704 0.032228 0.032257 0.071171 0.063441 0.032257 0.032219 0.032257 641280 651437
1 62.310000 60.320000 1000000 8.165851 8.196755 8.163951 8.203967 0.032227 0.032257 0.070215 0.062367 0.032257 0.032218 0.032257 651430 653729
1 62.310000 60.320000 1000000 8.164371 8.195680 8.162470 8.202892 0.032227 0.032257 0.071172 0.063442 0.032257 0.032218 0.032257 653720 680987
1 62.310000 60.320000 1000000 8.159139 8.187615 8.157144 8.193976 0.032228 0.032257 0.073578 0.066130 0.032257 0.032219 0.032257 680980 687149
1 62.310000 60.320000 1000000 8.157849 8.186540 8.155853 8.192901 0.032228 0.032257 0.073578 0.066130 0.032257 0.032219 0.032257 687140 693562
1 62.310000 60.320000 1000000 8.156308 8.185465 8.154311 8.191826 0.032228 0.032257 0.073578 0.066130 0.032257 0.032219 0.032257 693560 717399
1 62.310000 60.320000 1000000 8.155895 8.184389 8.153898 8.190750 0.032227 0.032257 0.074546 0.067205 0.032257 0.032219 0.032257 717390 734270
1 62.310000 60.320000 1000000 8.155374 8.183314 8.153376 8.189675 0.032228 0.032257 0.075517 0.068280 0.032257 0.032219 0.032257 734270 813342
1 62.310000 60.320000 1000000 8.138232 8.165035 8.136474 8.172650 0.032229 0.032257 0.077467 0.070432 0.032257 0.032220 0.032257 813340 865145
1 62.310000 60.320000 1000000 8.127159 8.154282 8.125394 8.161897 0.032229 0.032257 0.078446 0.071507 0.032257 0.032220 0.032257 865140 907362
1 62.310000 60.320000 1000000 8.109545 8.138153 8.107769 8.145768 0.032227 0.032257 0.079427 0.072582 0.032257 0.032218 0.032257 907360 932104
1 62.310000 60.320000 1000000 8.106057 8.134927 8.104278 8.142543 0.032227 0.032257 0.077467 0.070432 0.032257 0.032218 0.032257 932100 1000000
