25 62.310000 60.320000 1000000 12.924551 12.978997 12.919133 12.979398 0.031712 0.032257 0.262744 0.260756 0.032257 0.031705 0.032257 0 50
25 62.310000 60.320000 1000000 11.628681 11.522551 11.625408 11.530614 0.031061 0.032257 0.284630 0.282797 0.032257 0.031050 0.032257 50 60
25 62.310000 60.320000 1000000 11.077353 11.138681 11.074243 11.149253 0.031239 0.032257 0.215333 0.212904 0.032257 0.031227 0.032257 60 71
25 62.310000 60.320000 1000000 10.875068 10.944596 10.871694 10.954317 0.031108 0.032257 0.145030 0.141397 0.032257 0.031096 0.032257 70 80
25 62.310000 60.320000 1000000 10.807762 10.865026 10.803630 10.873582 0.031024 0.032257 0.137703 0.133872 0.032257 0.031013 0.032257 80 91
25 62.310000 60.320000 1000000 10.760950 10.821478 10.756626 10.829182 0.031007 0.032257 0.135091 0.131184 0.032257 0.030997 0.032257 90 104
25 62.310000 60.320000 1000000 10.615492 10.676854 10.610845 10.683707 0.030987 0.032257 0.135615 0.131723 0.032257 0.030977 0.032257 100 120
25 62.310000 60.320000 1000000 10.455625 10.515565 10.450808 10.523359 0.030985 0.032257 0.151329 0.147851 0.032257 0.030975 0.032257 120 130
25 62.310000 60.320000 1000000 10.395172 10.446748 10.390270 10.454542 0.030961 0.032257 0.160797 0.157528 0.032257 0.030951 0.032257 130 140
25 62.310000 60.320000 1000000 10.390100 10.437608 10.385069 10.444999 0.030957 0.032257 0.161324 0.158066 0.032257 0.030947 0.032257 140 163
25 62.310000 60.320000 1000000 10.218733 10.222017 10.211607 10.213234 0.030938 0.032257 0.174513 0.171506 0.032257 0.030929 0.032257 160 176
25 62.310000 60.320000 1000000 10.181063 10.167179 10.173858 10.158396 0.030926 0.032257 0.202055 0.199463 0.032257 0.030917 0.032257 170 180
25 62.310000 60.320000 1000000 10.155189 10.079007 10.143151 10.046433 0.030888 0.032257 0.259540 0.257528 0.032257 0.030875 0.032257 180 198
25 62.310000 60.320000 1000000 10.144157 10.052125 10.132080 10.019552 0.030867 0.032257 0.255273 0.253227 0.032257 0.030853 0.032257 190 211
25 62.310000 60.320000 1000000 10.097320 9.892448 10.084666 9.826944 0.030850 0.032257 0.237684 0.235485 0.032257 0.030832 0.032257 210 221
25 62.310000 60.320000 1000000 10.019435 9.787072 10.005895 9.718164 0.030883 0.032257 0.217460 0.215054 0.032257 0.030866 0.032257 220 231
25 62.310000 60.320000 1000000 9.997787 9.748363 9.987716 9.695763 0.030879 0.032257 0.206834 0.204303 0.032257 0.030861 0.032257 230 244
25 62.310000 60.320000 1000000 9.963854 9.673094 9.960644 9.673182 0.030880 0.032257 0.153957 0.150540 0.032257 0.030870 0.032257 240 267
25 62.310000 60.320000 1000000 9.880933 9.566642 9.877539 9.571793 0.030889 0.032257 0.146604 0.143011 0.032257 0.030881 0.032257 260 277
25 62.310000 60.320000 1000000 9.875171 9.558578 9.871549 9.562474 0.030897 0.032257 0.146080 0.142474 0.032257 0.030889 0.032257 270 294
25 62.310000 60.320000 1000000 9.845252 9.518255 9.841158 9.519598 0.030907 0.032257 0.145555 0.141936 0.032257 0.030900 0.032257 290 314
25 62.310000 60.320000 1000000 9.837285 9.509653 9.833056 9.509786 0.030912 0.032257 0.148703 0.145162 0.032257 0.030904 0.032257 310 337
25 62.310000 60.320000 1000000 9.831452 9.499976 9.827215 9.500109 0.030902 0.032257 0.140318 0.136560 0.032257 0.030894 0.032257 330 396
25 62.310000 60.320000 1000000 9.741273 9.412879 9.736342 9.411802 0.030928 0.032257 0.119489 0.115053 0.032257 0.030921 0.032257 390 402
25 62.310000 60.320000 1000000 9.709465 9.383847 9.704486 9.382770 0.030951 0.032257 0.129874 0.125804 0.032257 0.030945 0.032257 400 411
25 62.310000 60.320000 1000000 9.683706 9.363417 9.678559 9.358935 0.030979 0.032257 0.128832 0.124728 0.032257 0.030972 0.032257 410 428
25 62.310000 60.320000 1000000 9.682706 9.362341 9.677557 9.357860 0.030976 0.032257 0.129873 0.125803 0.032257 0.030969 0.032257 420 440
25 62.310000 60.320000 1000000 9.665481 9.347288 9.662772 9.350333 0.030995 0.032257 0.130915 0.126878 0.032257 0.030984 0.032257 440 476
25 62.310000 60.320000 1000000 9.634982 9.309654 9.635868 9.325243 0.031026 0.032257 0.141360 0.137630 0.032257 0.031011 0.032257 470 496
25 62.310000 60.320000 1000000 9.620393 9.300514 9.621136 9.315252 0.031038 0.032257 0.139790 0.136017 0.032257 0.031023 0.032257 490 511
25 62.310000 60.320000 1000000 9.565834 9.265030 9.566689 9.281023 0.031077 0.032257 0.136654 0.132792 0.032257 0.031062 0.032257 510 529
25 62.310000 60.320000 1000000 9.560177 9.255353 9.559599 9.268120 0.031084 0.032257 0.127270 0.123115 0.032257 0.031071 0.032257 520 544
25 62.310000 60.320000 1000000 9.544188 9.244600 9.543798 9.259876 0.031095 0.032257 0.133521 0.129566 0.032257 0.031083 0.032257 540 559
25 62.310000 60.320000 1000000 9.534599 9.233847 9.534208 9.249124 0.031090 0.032257 0.131439 0.127419 0.032257 0.031078 0.032257 550 579
25 62.310000 60.320000 1000000 9.513431 9.199977 9.511266 9.204187 0.031086 0.032257 0.122599 0.118279 0.032257 0.031076 0.032257 570 587
25 62.310000 60.320000 1000000 9.503686 9.193525 9.501514 9.197735 0.031094 0.032257 0.118454 0.113978 0.032257 0.031085 0.032257 580 601
25 62.310000 60.320000 1000000 9.494784 9.188149 9.492606 9.192359 0.031094 0.032257 0.117421 0.112904 0.032257 0.031084 0.032257 600 632
25 62.310000 60.320000 1000000 9.454224 9.147289 9.451029 9.149080 0.031105 0.032257 0.124677 0.120431 0.032257 0.031096 0.032257 630 649
25 62.310000 60.320000 1000000 9.441342 9.137611 9.438134 9.139402 0.031095 0.032257 0.125716 0.121507 0.032257 0.031087 0.032257 640 652
25 62.310000 60.320000 1000000 9.433531 9.133310 9.430315 9.135101 0.031098 0.032257 0.122601 0.118281 0.032257 0.031089 0.032257 650 666
25 62.310000 60.320000 1000000 9.432559 9.132235 9.429342 9.134026 0.031095 0.032257 0.122601 0.118281 0.032257 0.031087 0.032257 660 671
25 62.310000 60.320000 1000000 9.416420 9.113418 9.412582 9.110953 0.031103 0.032257 0.117941 0.113444 0.032257 0.031096 0.032257 670 707
25 62.310000 60.320000 1000000 9.411010 9.105891 9.407166 9.103426 0.031103 0.032257 0.114841 0.110218 0.032257 0.031096 0.032257 700 741
25 62.310000 60.320000 1000000 9.409060 9.103741 9.405213 9.101275 0.031101 0.032257 0.113811 0.109144 0.032257 0.031093 0.032257 740 760
25 62.310000 60.320000 1000000 9.399702 9.098364 9.395844 9.095899 0.031109 0.032257 0.113811 0.109144 0.032257 0.031101 0.032257 760 791
25 62.310000 60.320000 1000000 9.393608 9.089762 9.389742 9.087297 0.031100 0.032257 0.108666 0.103767 0.032257 0.031092 0.032257 790 812
25 62.310000 60.320000 1000000 9.385044 9.081160 9.381168 9.078695 0.031086 0.032257 0.108665 0.103767 0.032257 0.031079 0.032257 810 856
25 62.310000 60.320000 1000000 9.355720 9.065031 9.351807 9.062566 0.031104 0.032257 0.107639 0.102692 0.032257 0.031096 0.032257 850 918
25 62.310000 60.320000 1000000 9.349894 9.057504 9.345973 9.055039 0.031088 0.032257 0.112780 0.108068 0.032257 0.031081 0.032257 910 921
25 62.310000 60.320000 1000000 9.348290 9.054279 9.344718 9.053068 0.031086 0.032257 0.111750 0.106993 0.032257 0.031078 0.032257 920 1034
25 62.310000 60.320000 1000000 9.306942 9.028472 9.303160 9.026858 0.031107 0.032257 0.114841 0.110217 0.032257 0.031099 0.032257 1030 1052
25 62.310000 60.320000 1000000 9.305995 9.023634 9.303210 9.024932 0.031108 0.032257 0.115356 0.110754 0.032257 0.031099 0.032257 1050 1118
25 62.310000 60.320000 1000000 9.263550 8.996752 9.260727 8.998050 0.031149 0.032257 0.115356 0.110754 0.032257 0.031140 0.032257 1110 1122
25 62.310000 60.320000 1000000 9.255508 8.992451 9.252678 8.993749 0.031156 0.032257 0.114324 0.109679 0.032257 0.031147 0.032257 1120 1137
25 62.310000 60.320000 1000000 9.251644 8.989225 9.248810 8.990523 0.031154 0.032257 0.112263 0.107529 0.032257 0.031144 0.032257 1130 1144
25 62.310000 60.320000 1000000 9.244240 8.979548 9.241399 8.980846 0.031136 0.032257 0.110205 0.105378 0.032257 0.031126 0.032257 1140 1150
25 62.310000 60.320000 1000000 9.205618 8.959118 9.202741 8.960416 0.031162 0.032257 0.112263 0.107529 0.032257 0.031153 0.032257 1150 1164
25 62.310000 60.320000 1000000 9.202786 8.956967 9.199906 8.958265 0.031160 0.032257 0.113293 0.108604 0.032257 0.031151 0.032257 1160 1209
25 62.310000 60.320000 1000000 9.188756 8.946215 9.185863 8.947513 0.031160 0.032257 0.110205 0.105378 0.032257 0.031151 0.032257 1200 1292
25 62.310000 60.320000 1000000 9.173712 8.937613 9.170805 8.938911 0.031174 0.032257 0.106101 0.101079 0.032257 0.031165 0.032257 1230 1322
25 62.310000 60.320000 1000000 9.168930 8.934387 9.166019 8.935685 0.031179 0.032257 0.107125 0.102153 0.032257 0.031170 0.032257 1320 1333
25 62.310000 60.320000 1000000 9.168585 8.933311 9.165672 8.934610 0.031177 0.032257 0.107125 0.102153 0.032257 0.031168 0.032257 1330 1368
25 62.310000 60.320000 1000000 9.145799 8.920408 9.142970 8.922961 0.031206 0.032257 0.094900 0.089250 0.032257 0.031197 0.032257 1360 1436
25 62.310000 60.320000 1000000 9.143760 8.919333 9.140928 8.921886 0.031206 0.032257 0.094900 0.089250 0.032257 0.031198 0.032257 1430 1461
25 62.310000 60.320000 1000000 9.138483 8.913957 9.135647 8.916509 0.031200 0.032257 0.097941 0.092476 0.032257 0.031192 0.032257 1460 1483
25 62.310000 60.320000 1000000 9.113776 8.901054 9.110917 8.903606 0.031216 0.032257 0.092881 0.087100 0.032257 0.031208 0.032257 1480 1614
25 62.310000 60.320000 1000000 9.067022 8.874172 9.064118 8.876725 0.031256 0.032257 0.077958 0.070971 0.032257 0.031247 0.032257 1610 1639
25 62.310000 60.320000 1000000 9.062994 8.872021 9.060087 8.874574 0.031258 0.032257 0.077958 0.070971 0.032257 0.031250 0.032257 1630 1645
25 62.310000 60.320000 1000000 9.043330 8.861269 9.040403 8.863821 0.031279 0.032257 0.078938 0.072046 0.032257 0.031270 0.032257 1640 1751
25 62.310000 60.320000 1000000 9.042418 8.860194 9.039490 8.862746 0.031277 0.032257 0.077958 0.070971 0.032257 0.031269 0.032257 1750 1796
25 62.310000 60.320000 1000000 9.035661 8.855892 9.032727 8.858445 0.031280 0.032257 0.077958 0.070971 0.032257 0.031271 0.032257 1790 2130
25 62.310000 60.320000 1000000 9.026315 8.842452 9.023352 8.843705 0.031282 0.032257 0.078448 0.071509 0.032257 0.031274 0.032257 2130 2152
25 62.310000 60.320000 1000000 9.025235 8.841376 9.022270 8.842630 0.031280 0.032257 0.078448 0.071509 0.032257 0.031272 0.032257 2150 2259
25 62.310000 60.320000 1000000 9.002987 8.827398 9.000000 8.828651 0.031305 0.032257 0.070694 0.062906 0.032257 0.031297 0.032257 2250 2276
25 62.310000 60.320000 1000000 8.993271 8.818796 8.990275 8.820049 0.031312 0.032257 0.067840 0.059680 0.032257 0.031304 0.032257 2270 2299
25 62.310000 60.320000 1000000 8.985945 8.814495 8.982941 8.815748 0.031315 0.032257 0.065955 0.057529 0.032257 0.031307 0.032257 2290 2758
25 62.310000 60.320000 1000000 8.930579 8.774710 8.927519 8.775963 0.031313 0.032257 0.065018 0.056451 0.032257 0.031305 0.032257 2750 3027
25 62.310000 60.320000 1000000 8.899620 8.744065 8.895905 8.741062 0.031316 0.032257 0.067367 0.059142 0.032257 0.031309 0.032257 3020 3179
25 62.310000 60.320000 1000000 8.898964 8.742990 8.895249 8.739987 0.031315 0.032257 0.068313 0.060217 0.032257 0.031307 0.032257 3170 3288
25 62.310000 60.320000 1000000 8.898542 8.741914 8.894826 8.738911 0.031313 0.032257 0.068313 0.060218 0.032257 0.031306 0.032257 3280 3363
25 62.310000 60.320000 1000000 8.885379 8.731162 8.882751 8.731922 0.031320 0.032257 0.066427 0.058069 0.032257 0.031311 0.032257 3360 3421
25 62.310000 60.320000 1000000 8.877004 8.721484 8.874369 8.722245 0.031319 0.032257 0.067369 0.059144 0.032257 0.031310 0.032257 3420 3449
25 62.310000 60.320000 1000000 8.872075 8.718258 8.869435 8.719019 0.031320 0.032257 0.068314 0.060218 0.032257 0.031311 0.032257 3440 3490
25 62.310000 60.320000 1000000 8.861384 8.708581 8.858735 8.709342 0.031333 0.032257 0.070217 0.062369 0.032257 0.031324 0.032257 3490 3551
25 62.310000 60.320000 1000000 8.860645 8.707506 8.857995 8.708266 0.031331 0.032257 0.070217 0.062369 0.032257 0.031322 0.032257 3550 3745
25 62.310000 60.320000 1000000 8.858719 8.706431 8.856067 8.707191 0.031333 0.032257 0.071174 0.063445 0.032257 0.031324 0.032257 3740 3887
25 62.310000 60.320000 1000000 8.856139 8.704280 8.853485 8.705041 0.031330 0.032257 0.071174 0.063445 0.032257 0.031321 0.032257 3750 3920
25 62.310000 60.320000 1000000 8.843090 8.693528 8.839876 8.693078 0.031346 0.032257 0.064555 0.055918 0.032257 0.031338 0.032257 3920 4065
25 62.310000 60.320000 1000000 8.838751 8.690302 8.835531 8.689853 0.031342 0.032257 0.064555 0.055918 0.032257 0.031334 0.032257 4060 4080
25 62.310000 60.320000 1000000 8.837199 8.689226 8.833978 8.688777 0.031345 0.032257 0.063626 0.054843 0.032257 0.031336 0.032257 4080 4229
25 62.310000 60.320000 1000000 8.831176 8.683850 8.827948 8.683401 0.031338 0.032257 0.062702 0.053768 0.032257 0.031330 0.032257 4220 4351
25 62.310000 60.320000 1000000 8.830322 8.682775 8.827093 8.682326 0.031336 0.032257 0.062702 0.053768 0.032257 0.031328 0.032257 4350 4570
25 62.310000 60.320000 1000000 8.820656 8.675248 8.817417 8.674799 0.031340 0.032257 0.066426 0.058068 0.032257 0.031331 0.032257 4570 4665
25 62.310000 60.320000 1000000 8.818489 8.674173 8.815248 8.673723 0.031341 0.032257 0.065488 0.056992 0.032257 0.031333 0.032257 4660 4689
25 62.310000 60.320000 1000000 8.817465 8.673097 8.814222 8.672648 0.031339 0.032257 0.066426 0.058068 0.032257 0.031331 0.032257 4680 4826
25 62.310000 60.320000 1000000 8.804880 8.662345 8.801624 8.661895 0.031325 0.032257 0.071174 0.063444 0.032257 0.031317 0.032257 4820 4981
25 62.310000 60.320000 1000000 8.799802 8.659119 8.796540 8.658670 0.031330 0.032257 0.071174 0.063444 0.032257 0.031321 0.032257 4980 5131
25 62.310000 60.320000 1000000 8.788967 8.650517 8.785693 8.650067 0.031318 0.032257 0.067368 0.059143 0.032257 0.031310 0.032257 5130 5685
25 62.310000 60.320000 1000000 8.780964 8.641914 8.778409 8.643974 0.031325 0.032257 0.071173 0.063443 0.032257 0.031316 0.032257 5680 6455
25 62.310000 60.320000 1000000 8.770198 8.619334 8.766928 8.616286 0.031334 0.032257 0.070217 0.062369 0.032257 0.031325 0.032257 6450 6624
25 62.310000 60.320000 1000000 8.768252 8.616108 8.764925 8.612657 0.031329 0.032257 0.069264 0.061294 0.032257 0.031321 0.032257 6620 6740
25 62.310000 60.320000 1000000 8.758058 8.610732 8.754719 8.607281 0.031335 0.032257 0.064555 0.055918 0.032257 0.031326 0.032257 6680 6795
25 62.310000 60.320000 1000000 8.757142 8.609657 8.753801 8.606206 0.031332 0.032257 0.064555 0.055917 0.032257 0.031324 0.032257 6790 7306
25 62.310000 60.320000 1000000 8.755210 8.605356 8.752920 8.605668 0.031332 0.032257 0.064555 0.055918 0.032257 0.031322 0.032257 7300 7407
25 62.310000 60.320000 1000000 8.734567 8.589227 8.732261 8.589539 0.031326 0.032257 0.067369 0.059144 0.032257 0.031316 0.032257 7400 8472
25 62.310000 60.320000 1000000 8.633959 8.514496 8.631531 8.513957 0.031365 0.032257 0.083379 0.076886 0.032257 0.031355 0.032257 8470 9048
25 62.310000 60.320000 1000000 8.626327 8.510195 8.623892 8.509656 0.031374 0.032257 0.084372 0.077962 0.032257 0.031364 0.032257 9040 9554
25 62.310000 60.320000 1000000 8.620447 8.505894 8.618007 8.505355 0.031374 0.032257 0.085366 0.079037 0.032257 0.031364 0.032257 9550 10153
25 62.310000 60.320000 1000000 8.595475 8.490840 8.593014 8.490301 0.031380 0.032257 0.087360 0.081186 0.032257 0.031370 0.032257 10150 10955
25 62.310000 60.320000 1000000 8.562690 8.465571 8.560082 8.464181 0.031387 0.032257 0.091873 0.086024 0.032257 0.031377 0.032257 10950 11076
25 62.310000 60.320000 1000000 8.561250 8.464496 8.558642 8.463106 0.031385 0.032257 0.091873 0.086024 0.032257 0.031376 0.032257 11070 12145
25 62.310000 60.320000 1000000 8.542701 8.446216 8.538606 8.441601 0.031391 0.032257 0.085864 0.079574 0.032257 0.031384 0.032257 12140 12216
25 62.310000 60.320000 1000000 8.540820 8.445141 8.536722 8.440525 0.031393 0.032257 0.085864 0.079574 0.032257 0.031386 0.032257 12210 13228
25 62.310000 60.320000 1000000 8.528738 8.438689 8.524623 8.434074 0.031408 0.032257 0.080906 0.074197 0.032257 0.031401 0.032257 12350 13300
25 62.310000 60.320000 1000000 8.526209 8.434388 8.522090 8.429773 0.031412 0.032257 0.083874 0.077423 0.032257 0.031405 0.032257 13300 13380
25 62.310000 60.320000 1000000 8.525757 8.433313 8.521468 8.428294 0.031412 0.032257 0.083874 0.077423 0.032257 0.031406 0.032257 13380 13865
25 62.310000 60.320000 1000000 8.521915 8.429012 8.517620 8.423993 0.031406 0.032257 0.083874 0.077423 0.032257 0.031399 0.032257 13860 14435
25 62.310000 60.320000 1000000 8.519458 8.424711 8.516241 8.423455 0.031410 0.032257 0.079921 0.073121 0.032257 0.031401 0.032257 14430 14549
25 62.310000 60.320000 1000000 8.517570 8.423636 8.514350 8.422380 0.031412 0.032257 0.079921 0.073121 0.032257 0.031403 0.032257 14540 14648
25 62.310000 60.320000 1000000 8.516479 8.422560 8.513258 8.421305 0.031410 0.032257 0.078938 0.072046 0.032257 0.031401 0.032257 14640 14973
25 62.310000 60.320000 1000000 8.514675 8.421485 8.511452 8.420230 0.031413 0.032257 0.077958 0.070971 0.032257 0.031404 0.032257 14970 15167
25 62.310000 60.320000 1000000 8.514567 8.420410 8.511470 8.420409 0.031412 0.032257 0.076980 0.069896 0.032257 0.031404 0.032257 15160 15607
25 62.310000 60.320000 1000000 8.503402 8.411808 8.500293 8.411807 0.031405 0.032257 0.074065 0.066671 0.032257 0.031396 0.032257 15600 15623
25 62.310000 60.320000 1000000 8.500770 8.408582 8.497658 8.408581 0.031400 0.032257 0.076007 0.068822 0.032257 0.031392 0.032257 15620 16137
25 62.310000 60.320000 1000000 8.490595 8.401055 8.487472 8.401054 0.031395 0.032257 0.077959 0.070972 0.032257 0.031387 0.032257 16130 16309
25 62.310000 60.320000 1000000 8.489673 8.399980 8.486549 8.399979 0.031393 0.032257 0.077959 0.070972 0.032257 0.031385 0.032257 16300 17331
25 62.310000 60.320000 1000000 8.476515 8.391378 8.473377 8.391377 0.031412 0.032257 0.079921 0.073122 0.032257 0.031404 0.032257 16640 17855
25 62.310000 60.320000 1000000 8.460762 8.378474 8.457605 8.378473 0.031429 0.032257 0.073097 0.065595 0.032257 0.031421 0.032257 17850 17866
25 62.310000 60.320000 1000000 8.459004 8.377399 8.455846 8.377398 0.031432 0.032257 0.073097 0.065595 0.032257 0.031423 0.032257 17860 19836
25 62.310000 60.320000 1000000 8.456955 8.375249 8.453794 8.375248 0.031427 0.032257 0.075033 0.067745 0.032257 0.031419 0.032257 18100 21146
25 62.310000 60.320000 1000000 8.407310 8.341915 8.404093 8.341914 0.031455 0.032257 0.081891 0.075270 0.032257 0.031447 0.032257 21140 21194
25 62.310000 60.320000 1000000 8.406452 8.340840 8.403235 8.340839 0.031453 0.032257 0.080904 0.074195 0.032257 0.031445 0.032257 21190 21946
25 62.310000 60.320000 1000000 8.404181 8.337614 8.400961 8.337613 0.031449 0.032257 0.081891 0.075271 0.032257 0.031441 0.032257 21940 22192
25 62.310000 60.320000 1000000 8.401470 8.334388 8.398072 8.333984 0.031446 0.032257 0.079919 0.073120 0.032257 0.031438 0.032257 22190 23059
25 62.310000 60.320000 1000000 8.399916 8.326862 8.396038 8.323052 0.031446 0.032257 0.080904 0.074195 0.032257 0.031439 0.032257 23050 23146
25 62.310000 60.320000 1000000 8.398695 8.325786 8.394816 8.321977 0.031444 0.032257 0.079919 0.073120 0.032257 0.031437 0.032257 23140 23749
25 62.310000 60.320000 1000000 8.389442 8.315034 8.387299 8.317497 0.031458 0.032257 0.079918 0.073119 0.032257 0.031449 0.032257 23430 24609
25 62.310000 60.320000 1000000 8.348083 8.286002 8.345907 8.288465 0.031488 0.032257 0.084866 0.078496 0.032257 0.031478 0.032257 24600 26851
25 62.310000 60.320000 1000000 8.327453 8.267722 8.325261 8.270185 0.031509 0.032257 0.095913 0.090326 0.032257 0.031499 0.032257 26850 27023
25 62.310000 60.320000 1000000 8.326444 8.266647 8.324251 8.269110 0.031507 0.032257 0.094901 0.089251 0.032257 0.031497 0.032257 27020 27756
25 62.310000 60.320000 1000000 8.325664 8.265572 8.323470 8.268035 0.031506 0.032257 0.093890 0.088175 0.032257 0.031496 0.032257 27750 28383
25 62.310000 60.320000 1000000 8.317081 8.260195 8.314881 8.262658 0.031507 0.032257 0.093890 0.088175 0.032257 0.031498 0.032257 28380 29151
25 62.310000 60.320000 1000000 8.304978 8.250518 8.302768 8.252981 0.031525 0.032257 0.088861 0.082799 0.032257 0.031515 0.032257 29150 29217
25 62.310000 60.320000 1000000 8.304688 8.249443 8.302817 8.253160 0.031525 0.032257 0.089864 0.083874 0.032257 0.031515 0.032257 29210 29587
25 62.310000 60.320000 1000000 8.300423 8.246217 8.298549 8.249934 0.031524 0.032257 0.086861 0.080649 0.032257 0.031513 0.032257 29580 30179
25 62.310000 60.320000 1000000 8.299190 8.245141 8.297315 8.248859 0.031522 0.032257 0.085863 0.079574 0.032257 0.031512 0.032257 30170 30756
25 62.310000 60.320000 1000000 8.273596 8.229012 8.271705 8.232730 0.031556 0.032257 0.084865 0.078495 0.032257 0.031546 0.032257 30750 34058
25 62.310000 60.320000 1000000 8.265215 8.222561 8.263318 8.226278 0.031555 0.032257 0.084865 0.078495 0.032257 0.031545 0.032257 34050 35681
25 62.310000 60.320000 1000000 8.260468 8.212883 8.257225 8.213375 0.031563 0.032257 0.083872 0.077421 0.032257 0.031555 0.032257 35680 41821
25 62.310000 60.320000 1000000 8.252996 8.208582 8.249744 8.209074 0.031573 0.032257 0.079919 0.073120 0.032257 0.031565 0.032257 36400 40241
25 62.310000 60.320000 1000000 8.249475 8.206432 8.246219 8.206924 0.031577 0.032257 0.077956 0.070969 0.032257 0.031569 0.032257 36670 41821
25 62.310000 60.320000 1000000 8.198716 8.154281 8.194937 8.150069 0.031603 0.032257 0.075516 0.068279 0.032257 0.031596 0.032257 41820 46824
25 62.310000 60.320000 1000000 8.183754 8.143529 8.179954 8.139316 0.031620 0.032257 0.072612 0.065053 0.032257 0.031613 0.032257 46820 50617
25 62.310000 60.320000 1000000 8.182711 8.142453 8.178910 8.138241 0.031622 0.032257 0.072612 0.065053 0.032257 0.031615 0.032257 50610 59465
25 62.310000 60.320000 1000000 8.159223 8.127400 8.155389 8.123187 0.031626 0.032257 0.070692 0.062903 0.032257 0.031619 0.032257 56660 56785
25 62.310000 60.320000 1000000 8.157586 8.126324 8.153749 8.122112 0.031626 0.032257 0.070693 0.062904 0.032257 0.031619 0.032257 56780 59465
25 62.310000 60.320000 1000000 8.129537 8.106970 8.125660 8.102757 0.031658 0.032257 0.067838 0.059678 0.032257 0.031651 0.032257 59460 69072
25 62.310000 60.320000 1000000 8.077913 8.060733 8.075987 8.064048 0.031699 0.032257 0.066894 0.058602 0.032257 0.031689 0.032257 69070 70790
25 62.310000 60.320000 1000000 8.061444 8.045679 8.059507 8.048994 0.031717 0.032257 0.075516 0.068280 0.032257 0.031707 0.032257 70790 73554
25 62.310000 60.320000 1000000 8.055410 8.042454 8.053468 8.045768 0.031724 0.032257 0.073578 0.066130 0.032257 0.031714 0.032257 73550 79159
25 62.310000 60.320000 1000000 8.044057 8.032776 8.041619 8.034881 0.031727 0.032257 0.076490 0.069356 0.032257 0.031718 0.032257 74490 76563
25 62.310000 60.320000 1000000 8.036736 8.028475 8.034291 8.030580 0.031735 0.032257 0.079427 0.072582 0.032257 0.031726 0.032257 76560 79159
25 62.310000 60.320000 1000000 8.028868 8.020948 8.026416 8.023053 0.031738 0.032257 0.075516 0.068280 0.032257 0.031729 0.032257 79150 83587
25 62.310000 60.320000 1000000 8.024190 8.016647 8.021733 8.018752 0.031732 0.032257 0.073578 0.066130 0.032257 0.031723 0.032257 83580 84177
25 62.310000 60.320000 1000000 8.018639 8.013421 8.016178 8.015526 0.031736 0.032257 0.073578 0.066130 0.032257 0.031727 0.032257 84170 90713
25 62.310000 60.320000 1000000 7.989737 7.991916 7.987249 7.994021 0.031753 0.032257 0.067839 0.059679 0.032257 0.031744 0.032257 90710 99063
25 62.310000 60.320000 1000000 7.976958 7.976862 7.974458 7.978967 0.031771 0.032257 0.071651 0.063979 0.032257 0.031762 0.032257 99060 110661
25 62.310000 60.320000 1000000 7.970015 7.971486 7.967835 7.974845 0.031782 0.032257 0.069739 0.061830 0.032257 0.031772 0.032257 110660 112391
25 62.310000 60.320000 1000000 7.966156 7.967185 7.963973 7.970544 0.031777 0.032257 0.071652 0.063980 0.032257 0.031767 0.032257 112390 119756
25 62.310000 60.320000 1000000 7.954781 7.959658 7.952588 7.963017 0.031784 0.032257 0.071652 0.063980 0.032257 0.031775 0.032257 119750 123453
25 62.310000 60.320000 1000000 7.940991 7.951056 7.938787 7.954415 0.031792 0.032257 0.074547 0.067206 0.032257 0.031782 0.032257 123450 126216
25 62.310000 60.320000 1000000 7.923000 7.939228 7.920781 7.942587 0.031812 0.032257 0.081397 0.074733 0.032257 0.031803 0.032257 126210 128697
25 62.310000 60.320000 1000000 7.919633 7.929551 7.916954 7.929505 0.031817 0.032257 0.080412 0.073659 0.032257 0.031808 0.032257 128690 135272
25 62.310000 60.320000 1000000 7.895562 7.909120 7.893825 7.912838 0.031838 0.032257 0.080412 0.073658 0.032257 0.031828 0.032257 135270 137222
25 62.310000 60.320000 1000000 7.893794 7.908045 7.892056 7.911763 0.031841 0.032257 0.079428 0.072582 0.032257 0.031830 0.032257 137220 139664
25 62.310000 60.320000 1000000 7.889228 7.904819 7.887487 7.908537 0.031844 0.032257 0.077467 0.070432 0.032257 0.031834 0.032257 139660 141157
25 62.310000 60.320000 1000000 7.887823 7.903744 7.886081 7.907462 0.031843 0.032257 0.077467 0.070432 0.032257 0.031833 0.032257 141150 149124
25 62.310000 60.320000 1000000 7.882453 7.897293 7.880707 7.901010 0.031848 0.032257 0.076491 0.069357 0.032257 0.031838 0.032257 149120 154098
25 62.310000 60.320000 1000000 7.877076 7.886002 7.874798 7.885464 0.031854 0.032257 0.076005 0.068820 0.032257 0.031844 0.032257 154090 162683
25 62.310000 60.320000 1000000 7.872790 7.880626 7.870509 7.880087 0.031859 0.032257 0.079920 0.073121 0.032257 0.031849 0.032257 155140 162979
25 62.310000 60.320000 1000000 7.872461 7.879551 7.870179 7.879012 0.031858 0.032257 0.079920 0.073121 0.032257 0.031849 0.032257 162970 164203
25 62.310000 60.320000 1000000 7.871824 7.878475 7.869542 7.877937 0.031857 0.032257 0.080905 0.074197 0.032257 0.031848 0.032257 164200 193066
25 62.310000 60.320000 1000000 7.852534 7.861271 7.849898 7.860777 0.031862 0.032257 0.074062 0.066668 0.032257 0.031854 0.032257 193060 208602
25 62.310000 60.320000 1000000 7.833509 7.841916 7.830854 7.841423 0.031882 0.032257 0.076003 0.068818 0.032257 0.031873 0.032257 208600 209560
25 62.310000 60.320000 1000000 7.828438 7.837615 7.825778 7.837122 0.031889 0.032257 0.076003 0.068818 0.032257 0.031880 0.032257 209560 212977
25 62.310000 60.320000 1000000 7.812657 7.824712 7.809981 7.824218 0.031910 0.032257 0.069263 0.061293 0.032257 0.031901 0.032257 212970 214460
25 62.310000 60.320000 1000000 7.811143 7.823637 7.808465 7.823143 0.031911 0.032257 0.069263 0.061293 0.032257 0.031903 0.032257 214460 229566
25 62.310000 60.320000 1000000 7.810552 7.822562 7.807873 7.822068 0.031910 0.032257 0.069263 0.061293 0.032257 0.031902 0.032257 229560 255948
25 62.310000 60.320000 1000000 7.808803 7.813422 7.805814 7.809568 0.031908 0.032257 0.070694 0.062906 0.032257 0.031899 0.032257 238600 261397
25 62.310000 60.320000 1000000 7.780810 7.794067 7.777788 7.790213 0.031920 0.032257 0.068789 0.060757 0.032257 0.031911 0.032257 261390 261407
25 62.310000 60.320000 1000000 7.780350 7.792992 7.777327 7.789138 0.031919 0.032257 0.068789 0.060757 0.032257 0.031911 0.032257 261400 277259
25 62.310000 60.320000 1000000 7.761821 7.779013 7.758776 7.775159 0.031937 0.032257 0.065957 0.057530 0.032257 0.031928 0.032257 277250 297534
25 62.310000 60.320000 1000000 7.755201 7.772562 7.752149 7.768708 0.031945 0.032257 0.062240 0.053229 0.032257 0.031937 0.032257 282390 298943
25 62.310000 60.320000 1000000 7.753797 7.771486 7.750744 7.767633 0.031944 0.032257 0.062240 0.053229 0.032257 0.031935 0.032257 298940 308051
25 62.310000 60.320000 1000000 7.739571 7.756433 7.735563 7.750160 0.031947 0.032257 0.065956 0.057530 0.032257 0.031940 0.032257 308050 316045
25 62.310000 60.320000 1000000 7.726800 7.746755 7.722932 7.741737 0.031962 0.032257 0.063164 0.054306 0.032257 0.031956 0.032257 316040 345115
25 62.310000 60.320000 1000000 7.720334 7.741379 7.716456 7.736360 0.031970 0.032257 0.060413 0.051081 0.032257 0.031963 0.032257 345110 347092
25 62.310000 60.320000 1000000 7.720200 7.740304 7.716478 7.736540 0.031970 0.032257 0.060413 0.051080 0.032257 0.031963 0.032257 347090 361164
25 62.310000 60.320000 1000000 7.700951 7.722024 7.697201 7.718260 0.031978 0.032257 0.055066 0.044629 0.032257 0.031972 0.032257 361160 364551
25 62.310000 60.320000 1000000 7.700289 7.720949 7.696538 7.717185 0.031977 0.032257 0.055941 0.045704 0.032257 0.031971 0.032257 364550 371416
25 62.310000 60.320000 1000000 7.700088 7.719336 7.696231 7.714721 0.031978 0.032257 0.056381 0.046241 0.032257 0.031971 0.032257 371410 376756
25 62.310000 60.320000 1000000 7.698698 7.718261 7.694839 7.713646 0.031976 0.032257 0.057266 0.047316 0.032257 0.031970 0.032257 376750 400012
25 62.310000 60.320000 1000000 7.680594 7.705358 7.676708 7.700742 0.031981 0.032257 0.059959 0.050542 0.032257 0.031974 0.032257 400010 409722
25 62.310000 60.320000 1000000 7.676414 7.699982 7.672521 7.695366 0.031987 0.032257 0.056381 0.046241 0.032257 0.031980 0.032257 409720 425245
25 62.310000 60.320000 1000000 7.674994 7.698906 7.671099 7.694291 0.031989 0.032257 0.056381 0.046241 0.032257 0.031982 0.032257 425240 429290
25 62.310000 60.320000 1000000 7.673203 7.697831 7.669305 7.693216 0.031990 0.032257 0.056381 0.046241 0.032257 0.031983 0.032257 429290 438069
25 62.310000 60.320000 1000000 7.670829 7.692455 7.668233 7.692857 0.031990 0.032257 0.053767 0.043015 0.032257 0.031982 0.032257 438060 444114
25 62.310000 60.320000 1000000 7.667544 7.689229 7.664945 7.689631 0.031992 0.032257 0.056381 0.046241 0.032257 0.031983 0.032257 444110 460092
25 62.310000 60.320000 1000000 7.658749 7.677939 7.655831 7.675787 0.031998 0.032257 0.055065 0.044627 0.032257 0.031990 0.032257 450820 451195
25 62.310000 60.320000 1000000 7.657263 7.676863 7.654343 7.674712 0.032000 0.032257 0.055065 0.044627 0.032257 0.031992 0.032257 451190 460092
25 62.310000 60.320000 1000000 7.650801 7.671487 7.647874 7.669336 0.032005 0.032257 0.053337 0.042476 0.032257 0.031997 0.032257 460090 460156
25 62.310000 60.320000 1000000 7.649311 7.670412 7.646382 7.668260 0.032004 0.032257 0.054197 0.043552 0.032257 0.031996 0.032257 460150 480741
25 62.310000 60.320000 1000000 7.643476 7.661810 7.639822 7.657642 0.032008 0.032257 0.055940 0.045702 0.032257 0.032001 0.032257 480740 490266
25 62.310000 60.320000 1000000 7.643288 7.660197 7.639535 7.655178 0.032008 0.032257 0.056380 0.046240 0.032257 0.032001 0.032257 490260 496483
25 62.310000 60.320000 1000000 7.636944 7.654820 7.633181 7.649802 0.032014 0.032257 0.054630 0.044090 0.032257 0.032008 0.032257 496480 524718
25 62.310000 60.320000 1000000 7.624674 7.644068 7.620893 7.639049 0.032023 0.032257 0.056380 0.046240 0.032257 0.032016 0.032257 524710 530088
25 62.310000 60.320000 1000000 7.618333 7.637616 7.614543 7.632597 0.032028 0.032257 0.057264 0.047314 0.032257 0.032021 0.032257 530080 538286
25 62.310000 60.320000 1000000 7.616808 7.636541 7.613015 7.631522 0.032027 0.032257 0.057264 0.047314 0.032257 0.032021 0.032257 538280 542289
25 62.310000 60.320000 1000000 7.615661 7.635466 7.611866 7.630447 0.032026 0.032257 0.057264 0.047315 0.032257 0.032019 0.032257 542280 657815
25 62.310000 60.320000 1000000 7.609654 7.625788 7.607647 7.628296 0.032034 0.032257 0.052060 0.040862 0.032257 0.032025 0.032257 546410 646284
25 62.310000 60.320000 1000000 7.587461 7.607509 7.585437 7.610017 0.032045 0.032257 0.047167 0.034412 0.032257 0.032036 0.032257 646280 657815
25 62.310000 60.320000 1000000 7.587181 7.606434 7.585156 7.608942 0.032045 0.032257 0.047957 0.035487 0.032257 0.032036 0.032257 657810 684484
25 62.310000 60.320000 1000000 7.585721 7.602132 7.583616 7.604237 0.032044 0.032257 0.047957 0.035487 0.032257 0.032034 0.032257 684480 691671
25 62.310000 60.320000 1000000 7.577331 7.595681 7.575220 7.597786 0.032048 0.032257 0.051220 0.039787 0.032257 0.032039 0.032257 691670 705991
25 62.310000 60.320000 1000000 7.564395 7.584928 7.562194 7.586630 0.032057 0.032257 0.051221 0.039787 0.032257 0.032048 0.032257 705990 716575
25 62.310000 60.320000 1000000 7.562577 7.583853 7.560375 7.585554 0.032059 0.032257 0.050391 0.038713 0.032257 0.032049 0.032257 716570 742905
25 62.310000 60.320000 1000000 7.557120 7.578477 7.554913 7.580178 0.032055 0.032257 0.050390 0.038712 0.032257 0.032045 0.032257 742900 764695
25 62.310000 60.320000 1000000 7.554473 7.574175 7.552546 7.577132 0.032052 0.032257 0.052061 0.040863 0.032257 0.032043 0.032257 764690 768446
25 62.310000 60.320000 1000000 7.553605 7.573100 7.551677 7.576056 0.032054 0.032257 0.051221 0.039788 0.032257 0.032044 0.032257 768440 770767
25 62.310000 60.320000 1000000 7.553050 7.572025 7.551122 7.574981 0.032053 0.032257 0.051221 0.039787 0.032257 0.032043 0.032257 770760 782584
25 62.310000 60.320000 1000000 7.549490 7.567724 7.547560 7.570680 0.032054 0.032257 0.054629 0.044088 0.032257 0.032045 0.032257 782580 833308
25 62.310000 60.320000 1000000 7.543242 7.560197 7.541307 7.563153 0.032060 0.032257 0.059052 0.049464 0.032257 0.032051 0.032257 833300 840540
25 62.310000 60.320000 1000000 7.541806 7.559122 7.539870 7.562078 0.032059 0.032257 0.058155 0.048388 0.032257 0.032050 0.032257 840540 848567
25 62.310000 60.320000 1000000 7.534864 7.554821 7.532922 7.557777 0.032063 0.032257 0.060865 0.051614 0.032257 0.032053 0.032257 848560 867952
25 62.310000 60.320000 1000000 7.533344 7.553745 7.531401 7.556701 0.032062 0.032257 0.061779 0.052689 0.032257 0.032052 0.032257 867950 869984
25 62.310000 60.320000 1000000 7.532177 7.552670 7.530234 7.555626 0.032063 0.032257 0.061779 0.052689 0.032257 0.032054 0.032257 869980 919186
25 62.310000 60.320000 1000000 7.530547 7.551595 7.528602 7.554551 0.032064 0.032257 0.061779 0.052689 0.032257 0.032054 0.032257 919180 956605
25 62.310000 60.320000 1000000 7.529094 7.550519 7.527148 7.553476 0.032063 0.032257 0.061780 0.052690 0.032257 0.032053 0.032257 956600 1000000
