27 62.310000 60.320000 1000000 14.408435 14.056954 14.409597 14.078951 0.031926 0.032259 0.246208 0.244086 0.032259 0.031919 0.032259 0 50
27 62.310000 60.320000 1000000 13.214105 13.031686 13.212652 13.043781 0.031905 0.032259 0.366481 0.365058 0.032259 0.031896 0.032259 50 60
27 62.310000 60.320000 1000000 12.769121 12.727385 12.767798 12.740286 0.032028 0.032259 0.314029 0.312368 0.032259 0.032017 0.032259 60 71
27 62.310000 60.320000 1000000 12.596615 12.564483 12.595177 12.573487 0.032023 0.032259 0.316703 0.315056 0.032259 0.032013 0.032259 70 80
27 62.310000 60.320000 1000000 12.435201 12.433301 12.431869 12.436660 0.032040 0.032259 0.272884 0.270970 0.032259 0.032031 0.032259 80 90
27 62.310000 60.320000 1000000 12.375607 12.382764 12.372226 12.386123 0.032035 0.032259 0.289973 0.288173 0.032259 0.032026 0.032259 90 101
27 62.310000 60.320000 1000000 12.230415 12.268786 12.226913 12.272145 0.032062 0.032259 0.245145 0.243013 0.032259 0.032052 0.032259 100 112
27 62.310000 60.320000 1000000 12.189520 12.224700 12.186789 12.233077 0.032056 0.032259 0.246211 0.244088 0.032259 0.032046 0.032259 110 122
27 62.310000 60.320000 1000000 12.158881 12.194593 12.155738 12.201357 0.032061 0.032259 0.244079 0.241938 0.032259 0.032051 0.032259 120 130
27 62.310000 60.320000 1000000 12.151950 12.182765 12.148620 12.187826 0.032063 0.032259 0.241947 0.239787 0.032259 0.032054 0.032259 130 151
27 62.310000 60.320000 1000000 12.024766 12.078464 12.021328 12.083526 0.032081 0.032259 0.203646 0.201075 0.032259 0.032072 0.032259 150 161
27 62.310000 60.320000 1000000 11.980245 12.033841 11.976942 12.039305 0.032092 0.032259 0.206301 0.203763 0.032259 0.032083 0.032259 160 170
27 62.310000 60.320000 1000000 11.884480 11.958572 11.881097 11.964037 0.032095 0.032259 0.194627 0.191935 0.032259 0.032085 0.032259 170 186
27 62.310000 60.320000 1000000 11.851482 11.931691 11.848070 11.937155 0.032100 0.032259 0.197809 0.195161 0.032259 0.032091 0.032259 180 191
27 62.310000 60.320000 1000000 11.822097 11.906960 11.818931 11.913679 0.032103 0.032259 0.185090 0.182258 0.032259 0.032094 0.032259 190 200
27 62.310000 60.320000 1000000 11.752161 11.854272 11.748938 11.860991 0.032103 0.032259 0.174512 0.171504 0.032259 0.032093 0.032259 200 213
27 62.310000 60.320000 1000000 11.731661 11.835992 11.728088 11.840606 0.032102 0.032259 0.173455 0.170429 0.032259 0.032092 0.032259 210 221
27 62.310000 60.320000 1000000 11.652872 11.763950 11.649782 11.771072 0.032088 0.032259 0.204177 0.201612 0.032259 0.032078 0.032259 220 233
27 62.310000 60.320000 1000000 11.648243 11.760724 11.645150 11.767846 0.032088 0.032259 0.205238 0.202688 0.032259 0.032078 0.032259 230 243
27 62.310000 60.320000 1000000 11.629546 11.735993 11.625488 11.740293 0.032097 0.032259 0.199931 0.197311 0.032259 0.032088 0.032259 240 252
27 62.310000 60.320000 1000000 11.620255 11.730617 11.616188 11.734916 0.032100 0.032259 0.197808 0.195160 0.032259 0.032091 0.032259 250 274
27 62.310000 60.320000 1000000 11.576330 11.674703 11.572056 11.677300 0.032090 0.032259 0.198868 0.196235 0.032259 0.032081 0.032259 270 280
27 62.310000 60.320000 1000000 11.554584 11.649434 11.550187 11.651180 0.032093 0.032259 0.202583 0.199998 0.032259 0.032084 0.032259 280 304
27 62.310000 60.320000 1000000 11.472831 11.576316 11.468340 11.578062 0.032082 0.032259 0.169758 0.166664 0.032259 0.032073 0.032259 300 319
27 62.310000 60.320000 1000000 11.463893 11.567714 11.459391 11.569460 0.032085 0.032259 0.166593 0.163439 0.032259 0.032076 0.032259 310 349
27 62.310000 60.320000 1000000 11.434406 11.535456 11.430440 11.539711 0.032088 0.032259 0.169760 0.166667 0.032259 0.032079 0.032259 340 360
27 62.310000 60.320000 1000000 11.424022 11.517176 11.420045 11.521431 0.032090 0.032259 0.173986 0.170969 0.032259 0.032081 0.032259 360 370
27 62.310000 60.320000 1000000 11.366999 11.480618 11.362962 11.484872 0.032105 0.032259 0.139273 0.135486 0.032259 0.032096 0.032259 370 386
27 62.310000 60.320000 1000000 11.334768 11.452661 11.330696 11.456916 0.032092 0.032259 0.147654 0.144087 0.032259 0.032083 0.032259 380 399
27 62.310000 60.320000 1000000 11.319864 11.437607 11.315776 11.441862 0.032101 0.032259 0.144508 0.140861 0.032259 0.032092 0.032259 390 421
27 62.310000 60.320000 1000000 11.285216 11.405349 11.280100 11.405975 0.032104 0.032259 0.143459 0.139785 0.032259 0.032095 0.032259 420 438
27 62.310000 60.320000 1000000 11.244476 11.378467 11.239304 11.379093 0.032113 0.032259 0.146602 0.143009 0.032259 0.032104 0.032259 430 442
27 62.310000 60.320000 1000000 11.225239 11.353736 11.220040 11.354362 0.032105 0.032259 0.148700 0.145159 0.032259 0.032096 0.032259 440 450
27 62.310000 60.320000 1000000 11.216180 11.346209 11.210968 11.346835 0.032109 0.032259 0.144505 0.140858 0.032259 0.032100 0.032259 450 469
27 62.310000 60.320000 1000000 11.214840 11.345134 11.209626 11.345760 0.032109 0.032259 0.143457 0.139783 0.032259 0.032100 0.032259 460 488
27 62.310000 60.320000 1000000 11.206189 11.337607 11.200964 11.338233 0.032109 0.032259 0.139269 0.135482 0.032259 0.032100 0.032259 480 491
27 62.310000 60.320000 1000000 11.204243 11.333844 11.198929 11.333618 0.032107 0.032259 0.138747 0.134944 0.032259 0.032098 0.032259 490 504
27 62.310000 60.320000 1000000 11.190928 11.323091 11.185595 11.322866 0.032107 0.032259 0.133524 0.129569 0.032259 0.032098 0.032259 500 517
27 62.310000 60.320000 1000000 11.154759 11.288683 11.149087 11.287651 0.032117 0.032259 0.141885 0.138170 0.032259 0.032109 0.032259 510 526
27 62.310000 60.320000 1000000 11.138500 11.272554 11.132803 11.271522 0.032114 0.032259 0.147125 0.143545 0.032259 0.032105 0.032259 520 543
27 62.310000 60.320000 1000000 11.109303 11.230619 11.102726 11.222777 0.032112 0.032259 0.149228 0.145699 0.032259 0.032105 0.032259 540 553
27 62.310000 60.320000 1000000 11.095110 11.208038 11.090451 11.210232 0.032112 0.032259 0.143983 0.140323 0.032259 0.032104 0.032259 550 563
27 62.310000 60.320000 1000000 11.083797 11.198361 11.079124 11.200555 0.032111 0.032259 0.138747 0.134945 0.032259 0.032103 0.032259 560 573
27 62.310000 60.320000 1000000 11.080719 11.195135 11.076041 11.197329 0.032111 0.032259 0.139793 0.136021 0.032259 0.032102 0.032259 570 596
27 62.310000 60.320000 1000000 11.061948 11.181156 11.057247 11.183351 0.032109 0.032259 0.139794 0.136021 0.032259 0.032101 0.032259 590 618
27 62.310000 60.320000 1000000 11.054493 11.175780 11.049782 11.177974 0.032107 0.032259 0.142934 0.139246 0.032259 0.032099 0.032259 610 648
27 62.310000 60.320000 1000000 11.038412 11.154275 11.032583 11.153243 0.032110 0.032259 0.146078 0.142472 0.032259 0.032103 0.032259 640 663
27 62.310000 60.320000 1000000 11.024462 11.137071 11.019067 11.138548 0.032106 0.032259 0.140839 0.137095 0.032259 0.032098 0.032259 660 689
27 62.310000 60.320000 1000000 11.021733 11.134920 11.016333 11.136398 0.032107 0.032259 0.139793 0.136020 0.032259 0.032099 0.032259 680 698
27 62.310000 60.320000 1000000 11.020110 11.131694 11.014707 11.133172 0.032108 0.032259 0.137701 0.133869 0.032259 0.032100 0.032259 690 701
27 62.310000 60.320000 1000000 11.018393 11.130619 11.012988 11.132097 0.032108 0.032259 0.137701 0.133869 0.032259 0.032101 0.032259 700 740
27 62.310000 60.320000 1000000 11.009514 11.124167 11.004096 11.125645 0.032107 0.032259 0.131438 0.127418 0.032259 0.032100 0.032259 740 771
27 62.310000 60.320000 1000000 10.967772 11.091909 10.962291 11.093387 0.032111 0.032259 0.131440 0.127420 0.032259 0.032104 0.032259 770 795
27 62.310000 60.320000 1000000 10.951024 11.063953 10.945518 11.065430 0.032103 0.032259 0.145031 0.141398 0.032259 0.032096 0.032259 790 834
27 62.310000 60.320000 1000000 10.928027 11.033845 10.922487 11.035322 0.032098 0.032259 0.146079 0.142473 0.032259 0.032090 0.032259 830 844
27 62.310000 60.320000 1000000 10.926256 11.032770 10.920714 11.034247 0.032098 0.032259 0.147128 0.143548 0.032259 0.032091 0.032259 840 859
27 62.310000 60.320000 1000000 10.915377 11.024168 10.909818 11.025645 0.032101 0.032259 0.148177 0.144623 0.032259 0.032094 0.032259 850 866
27 62.310000 60.320000 1000000 10.914013 11.023092 10.908452 11.024570 0.032101 0.032259 0.148177 0.144623 0.032259 0.032094 0.032259 860 888
27 62.310000 60.320000 1000000 10.912459 11.018791 10.907844 11.024032 0.032101 0.032259 0.145030 0.141397 0.032259 0.032093 0.032259 880 976
27 62.310000 60.320000 1000000 10.873403 10.954276 10.867720 10.949301 0.032099 0.032259 0.123118 0.118817 0.032259 0.032092 0.032259 970 1035
27 62.310000 60.320000 1000000 10.867082 10.949975 10.861389 10.945000 0.032098 0.032259 0.123118 0.118817 0.032259 0.032091 0.032259 1030 1102
27 62.310000 60.320000 1000000 10.829806 10.919867 10.824054 10.914893 0.032113 0.032259 0.112777 0.108065 0.032259 0.032106 0.032259 1100 1138
27 62.310000 60.320000 1000000 10.817289 10.910190 10.811517 10.905216 0.032114 0.032259 0.110718 0.105915 0.032259 0.032106 0.032259 1130 1142
27 62.310000 60.320000 1000000 10.809531 10.904813 10.803747 10.899839 0.032114 0.032259 0.110718 0.105914 0.032259 0.032107 0.032259 1140 1160
27 62.310000 60.320000 1000000 10.801524 10.899437 10.795727 10.894463 0.032117 0.032259 0.109690 0.104839 0.032259 0.032110 0.032259 1160 1185
27 62.310000 60.320000 1000000 10.779872 10.883308 10.774277 10.879588 0.032115 0.032259 0.103541 0.098388 0.032259 0.032108 0.032259 1180 1211
27 62.310000 60.320000 1000000 10.775593 10.880082 10.769991 10.876363 0.032115 0.032259 0.101499 0.096237 0.032259 0.032107 0.032259 1210 1266
27 62.310000 60.320000 1000000 10.771312 10.873631 10.765707 10.870359 0.032113 0.032259 0.099463 0.094086 0.032259 0.032106 0.032259 1260 1272
27 62.310000 60.320000 1000000 10.756976 10.859652 10.751348 10.856381 0.032114 0.032259 0.100479 0.095160 0.032259 0.032107 0.032259 1270 1314
27 62.310000 60.320000 1000000 10.752336 10.855351 10.746700 10.852080 0.032116 0.032259 0.100479 0.095160 0.032259 0.032109 0.032259 1310 1364
27 62.310000 60.320000 1000000 10.748643 10.853201 10.743002 10.849929 0.032117 0.032259 0.099460 0.094084 0.032259 0.032110 0.032259 1330 1485
27 62.310000 60.320000 1000000 10.743504 10.846749 10.737855 10.843477 0.032117 0.032259 0.099461 0.094084 0.032259 0.032110 0.032259 1480 1526
27 62.310000 60.320000 1000000 10.740613 10.842448 10.734960 10.839176 0.032115 0.032259 0.099461 0.094085 0.032259 0.032108 0.032259 1520 1606
27 62.310000 60.320000 1000000 10.717707 10.820943 10.711626 10.816461 0.032111 0.032259 0.111746 0.106988 0.032259 0.032104 0.032259 1600 1666
27 62.310000 60.320000 1000000 10.714851 10.818792 10.708766 10.814311 0.032111 0.032259 0.109688 0.104838 0.032259 0.032104 0.032259 1620 1696
27 62.310000 60.320000 1000000 10.667122 10.765029 10.660954 10.760547 0.032109 0.032259 0.110716 0.105912 0.032259 0.032103 0.032259 1690 1734
27 62.310000 60.320000 1000000 10.656259 10.753739 10.649991 10.748406 0.032107 0.032259 0.108148 0.103225 0.032259 0.032101 0.032259 1730 1788
27 62.310000 60.320000 1000000 10.633740 10.735459 10.627433 10.730127 0.032106 0.032259 0.111231 0.106450 0.032259 0.032099 0.032259 1780 1813
27 62.310000 60.320000 1000000 10.629759 10.732233 10.623444 10.726901 0.032106 0.032259 0.111231 0.106450 0.032259 0.032100 0.032259 1810 1905
27 62.310000 60.320000 1000000 10.610490 10.715029 10.604141 10.709697 0.032106 0.032259 0.113291 0.108601 0.032259 0.032100 0.032259 1900 2041
27 62.310000 60.320000 1000000 10.596392 10.696750 10.590018 10.691417 0.032112 0.032259 0.109175 0.104300 0.032259 0.032106 0.032259 2040 2110
27 62.310000 60.320000 1000000 10.583576 10.677395 10.577178 10.672062 0.032099 0.032259 0.114322 0.109676 0.032259 0.032093 0.032259 2110 2128
27 62.310000 60.320000 1000000 10.583109 10.676320 10.576710 10.670987 0.032099 0.032259 0.115354 0.110751 0.032259 0.032092 0.032259 2120 2196
27 62.310000 60.320000 1000000 10.582259 10.674169 10.576195 10.670091 0.032099 0.032259 0.114322 0.109676 0.032259 0.032092 0.032259 2190 2216
27 62.310000 60.320000 1000000 10.542686 10.609653 10.535173 10.600333 0.032100 0.032259 0.112260 0.107525 0.032259 0.032093 0.032259 2210 2278
27 62.310000 60.320000 1000000 10.518128 10.566105 10.511951 10.557457 0.032103 0.032259 0.113807 0.109139 0.032259 0.032095 0.032259 2270 2311
27 62.310000 60.320000 1000000 10.502684 10.553202 10.496481 10.544554 0.032105 0.032259 0.123118 0.118816 0.032259 0.032097 0.032259 2310 2423
27 62.310000 60.320000 1000000 10.497208 10.547826 10.490994 10.539178 0.032104 0.032259 0.120007 0.115590 0.032259 0.032096 0.032259 2420 2467
27 62.310000 60.320000 1000000 10.495275 10.546750 10.489058 10.538103 0.032105 0.032259 0.120007 0.115590 0.032259 0.032097 0.032259 2460 2530
27 62.310000 60.320000 1000000 10.487086 10.534923 10.480854 10.526275 0.032094 0.032259 0.118973 0.114516 0.032259 0.032086 0.032259 2530 2640
27 62.310000 60.320000 1000000 10.483588 10.531697 10.477350 10.523049 0.032097 0.032259 0.117938 0.113441 0.032259 0.032089 0.032259 2640 2771
27 62.310000 60.320000 1000000 10.475334 10.525245 10.469081 10.516597 0.032097 0.032259 0.118973 0.114516 0.032259 0.032089 0.032259 2770 2944
27 62.310000 60.320000 1000000 10.457224 10.496213 10.454463 10.507637 0.032096 0.032259 0.128315 0.124194 0.032259 0.032087 0.032259 2940 2970
27 62.310000 60.320000 1000000 10.452851 10.491912 10.450389 10.504590 0.032095 0.032259 0.130397 0.126344 0.032259 0.032087 0.032259 2970 3280
27 62.310000 60.320000 1000000 10.431209 10.474707 10.428731 10.487386 0.032095 0.032259 0.122082 0.117743 0.032259 0.032086 0.032259 3280 3292
27 62.310000 60.320000 1000000 10.430064 10.470406 10.427156 10.481472 0.032095 0.032259 0.121045 0.116668 0.032259 0.032087 0.032259 3290 3544
27 62.310000 60.320000 1000000 10.406892 10.445675 10.403965 10.456741 0.032086 0.032259 0.116906 0.112367 0.032259 0.032077 0.032259 3540 3736
27 62.310000 60.320000 1000000 10.403733 10.443525 10.400803 10.454590 0.032086 0.032259 0.116906 0.112367 0.032259 0.032078 0.032259 3560 3763
27 62.310000 60.320000 1000000 10.398796 10.433847 10.396651 10.448676 0.032079 0.032259 0.124158 0.119894 0.032259 0.032070 0.032259 3760 3826
27 62.310000 60.320000 1000000 10.396766 10.430621 10.394620 10.445450 0.032081 0.032259 0.124158 0.119894 0.032259 0.032071 0.032259 3820 4008
27 62.310000 60.320000 1000000 10.368683 10.401589 10.366519 10.416418 0.032070 0.032259 0.118976 0.114519 0.032259 0.032060 0.032259 4000 4013
27 62.310000 60.320000 1000000 10.367396 10.400514 10.365231 10.415343 0.032070 0.032259 0.118976 0.114520 0.032259 0.032060 0.032259 4010 4428
27 62.310000 60.320000 1000000 10.327624 10.367181 10.325140 10.381204 0.032083 0.032259 0.116908 0.112370 0.032259 0.032074 0.032259 4420 4449
27 62.310000 60.320000 1000000 10.326234 10.366106 10.323750 10.380128 0.032083 0.032259 0.115876 0.111295 0.032259 0.032074 0.032259 4440 4454
27 62.310000 60.320000 1000000 10.319962 10.361805 10.317473 10.375827 0.032083 0.032259 0.117943 0.113445 0.032259 0.032074 0.032259 4450 4464
27 62.310000 60.320000 1000000 10.318743 10.360729 10.316253 10.374752 0.032083 0.032259 0.118977 0.114520 0.032259 0.032074 0.032259 4460 4500
27 62.310000 60.320000 1000000 10.306629 10.349977 10.304130 10.363999 0.032078 0.032259 0.116908 0.112369 0.032259 0.032069 0.032259 4500 4579
27 62.310000 60.320000 1000000 10.263806 10.292987 10.261276 10.307010 0.032081 0.032259 0.113810 0.109143 0.032259 0.032072 0.032259 4570 4818
27 62.310000 60.320000 1000000 10.258943 10.288686 10.256409 10.302709 0.032079 0.032259 0.113810 0.109143 0.032259 0.032070 0.032259 4810 4946
27 62.310000 60.320000 1000000 10.254619 10.284385 10.252082 10.298408 0.032077 0.032259 0.112780 0.108068 0.032259 0.032068 0.032259 4940 4967
27 62.310000 60.320000 1000000 10.253740 10.283310 10.251202 10.297333 0.032077 0.032259 0.111750 0.106992 0.032259 0.032068 0.032259 4960 5270
27 62.310000 60.320000 1000000 10.240748 10.272020 10.238097 10.285191 0.032076 0.032259 0.118459 0.113982 0.032259 0.032067 0.032259 5270 5684
27 62.310000 60.320000 1000000 10.225912 10.231697 10.222060 10.232100 0.032074 0.032259 0.111750 0.106993 0.032259 0.032065 0.032259 5680 5714
27 62.310000 60.320000 1000000 10.224109 10.230622 10.220255 10.231025 0.032074 0.032259 0.111750 0.106993 0.032259 0.032066 0.032259 5710 5745
27 62.310000 60.320000 1000000 10.223497 10.229547 10.219642 10.229949 0.032074 0.032259 0.111750 0.106993 0.032259 0.032066 0.032259 5740 6148
27 62.310000 60.320000 1000000 10.212565 10.217719 10.208698 10.218122 0.032066 0.032259 0.116909 0.112370 0.032259 0.032058 0.032259 6140 6454
27 62.310000 60.320000 1000000 10.204111 10.204816 10.200235 10.205218 0.032062 0.032259 0.113812 0.109144 0.032259 0.032054 0.032259 6450 6652
27 62.310000 60.320000 1000000 10.198099 10.198364 10.194216 10.198767 0.032064 0.032259 0.115875 0.111295 0.032259 0.032055 0.032259 6650 6680
27 62.310000 60.320000 1000000 10.196516 10.197289 10.192631 10.197691 0.032064 0.032259 0.114843 0.110219 0.032259 0.032055 0.032259 6680 7744
27 62.310000 60.320000 1000000 10.192390 10.192988 10.188500 10.193390 0.032064 0.032259 0.112781 0.108069 0.032259 0.032055 0.032259 6730 6784
27 62.310000 60.320000 1000000 10.190781 10.191913 10.186890 10.192315 0.032064 0.032259 0.112781 0.108069 0.032259 0.032055 0.032259 6780 7744
27 62.310000 60.320000 1000000 10.173909 10.172558 10.169998 10.172960 0.032050 0.032259 0.111751 0.106994 0.032259 0.032041 0.032259 7740 7789
27 62.310000 60.320000 1000000 10.172178 10.171483 10.168265 10.171885 0.032050 0.032259 0.110723 0.105919 0.032259 0.032041 0.032259 7780 7841
27 62.310000 60.320000 1000000 10.170574 10.170407 10.166659 10.170810 0.032050 0.032259 0.110723 0.105919 0.032259 0.032042 0.032259 7840 7862
27 62.310000 60.320000 1000000 10.169964 10.169332 10.166048 10.169735 0.032050 0.032259 0.109695 0.104844 0.032259 0.032042 0.032259 7860 8328
27 62.310000 60.320000 1000000 10.163731 10.160730 10.159809 10.161133 0.032055 0.032259 0.108667 0.103769 0.032259 0.032047 0.032259 8320 8412
27 62.310000 60.320000 1000000 10.151511 10.151053 10.147574 10.151455 0.032057 0.032259 0.109694 0.104844 0.032259 0.032048 0.032259 8410 8646
27 62.310000 60.320000 1000000 10.150888 10.149977 10.146951 10.150380 0.032057 0.032259 0.109694 0.104844 0.032259 0.032049 0.032259 8640 8956
27 62.310000 60.320000 1000000 10.143723 10.144601 10.139776 10.145004 0.032058 0.032259 0.111751 0.106994 0.032259 0.032050 0.032259 8950 9030
27 62.310000 60.320000 1000000 10.143093 10.143526 10.139146 10.143928 0.032057 0.032259 0.112781 0.108069 0.032259 0.032048 0.032259 9030 9516
27 62.310000 60.320000 1000000 10.133730 10.131698 10.129576 10.131294 0.032055 0.032259 0.109694 0.104843 0.032259 0.032046 0.032259 9510 9653
27 62.310000 60.320000 1000000 10.128337 10.125246 10.124176 10.124842 0.032051 0.032259 0.107640 0.102692 0.032259 0.032042 0.032259 9650 9773
27 62.310000 60.320000 1000000 10.114790 10.115569 10.110613 10.115165 0.032052 0.032259 0.103545 0.098392 0.032259 0.032043 0.032259 9770 10090
27 62.310000 60.320000 1000000 10.102394 10.104816 10.098201 10.104412 0.032051 0.032259 0.109694 0.104843 0.032259 0.032043 0.032259 10090 11552
27 62.310000 60.320000 1000000 10.036090 9.995139 10.031813 9.994735 0.032051 0.032259 0.154483 0.151078 0.032259 0.032043 0.032259 11550 11696
27 62.310000 60.320000 1000000 10.018491 9.985462 10.014192 9.985058 0.032060 0.032259 0.155535 0.152153 0.032259 0.032052 0.032259 11690 11793
27 62.310000 60.320000 1000000 10.016949 9.984387 10.012647 9.983983 0.032061 0.032259 0.155535 0.152153 0.032259 0.032052 0.032259 11790 11834
27 62.310000 60.320000 1000000 10.015197 9.981161 10.011103 9.982011 0.032061 0.032259 0.155535 0.152153 0.032259 0.032052 0.032259 11830 13888
27 62.310000 60.320000 1000000 9.971931 9.951053 9.967784 9.951904 0.032072 0.032259 0.157639 0.154303 0.032259 0.032064 0.032259 12510 12523
27 62.310000 60.320000 1000000 9.970043 9.949978 9.965894 9.950829 0.032073 0.032259 0.158692 0.155378 0.032259 0.032064 0.032259 12520 13888
27 62.310000 60.320000 1000000 9.951944 9.935462 9.947697 9.935461 0.032073 0.032259 0.160272 0.156992 0.032259 0.032065 0.032259 13880 15327
27 62.310000 60.320000 1000000 9.923671 9.915032 9.919388 9.915031 0.032072 0.032259 0.156061 0.152691 0.032259 0.032064 0.032259 15320 15526
27 62.310000 60.320000 1000000 9.921967 9.913957 9.917682 9.913956 0.032073 0.032259 0.156062 0.152691 0.032259 0.032064 0.032259 15520 16070
27 62.310000 60.320000 1000000 9.918980 9.910731 9.914691 9.910730 0.032073 0.032259 0.159219 0.155917 0.032259 0.032065 0.032259 16070 16255
27 62.310000 60.320000 1000000 9.911934 9.901053 9.907636 9.901053 0.032079 0.032259 0.157114 0.153767 0.032259 0.032070 0.032259 16160 16401
27 62.310000 60.320000 1000000 9.911428 9.899978 9.907130 9.899977 0.032078 0.032259 0.157114 0.153767 0.032259 0.032070 0.032259 16400 16549
27 62.310000 60.320000 1000000 9.909692 9.898903 9.905390 9.898902 0.032079 0.032259 0.158167 0.154842 0.032259 0.032070 0.032259 16540 16554
27 62.310000 60.320000 1000000 9.908148 9.897828 9.903845 9.897827 0.032079 0.032259 0.157114 0.153767 0.032259 0.032071 0.032259 16550 16656
27 62.310000 60.320000 1000000 9.904483 9.894602 9.900175 9.894601 0.032079 0.032259 0.155011 0.151617 0.032259 0.032071 0.032259 16650 17195
27 62.310000 60.320000 1000000 9.881134 9.878473 9.876796 9.878472 0.032080 0.032259 0.162379 0.159142 0.032259 0.032071 0.032259 17060 17104
27 62.310000 60.320000 1000000 9.879748 9.877397 9.875408 9.877397 0.032079 0.032259 0.163433 0.160217 0.032259 0.032071 0.032259 17100 17195
27 62.310000 60.320000 1000000 9.879111 9.876322 9.874770 9.876322 0.032078 0.032259 0.162379 0.159142 0.032259 0.032070 0.032259 17190 17774
27 62.310000 60.320000 1000000 9.867174 9.865569 9.862817 9.865569 0.032073 0.032259 0.172930 0.169894 0.032259 0.032065 0.032259 17770 17944
27 62.310000 60.320000 1000000 9.856392 9.856967 9.852021 9.856967 0.032073 0.032259 0.168706 0.165593 0.032259 0.032065 0.032259 17940 18796
27 62.310000 60.320000 1000000 9.825594 9.805355 9.821181 9.805354 0.032074 0.032259 0.134048 0.130109 0.032259 0.032066 0.032259 18790 18951
27 62.310000 60.320000 1000000 9.824604 9.804279 9.820190 9.804279 0.032074 0.032259 0.134048 0.130108 0.032259 0.032066 0.032259 18950 19501
27 62.310000 60.320000 1000000 9.823810 9.803204 9.819395 9.803203 0.032074 0.032259 0.135092 0.131184 0.032259 0.032066 0.032259 19500 21135
27 62.310000 60.320000 1000000 9.800988 9.784924 9.796542 9.784924 0.032074 0.032259 0.127796 0.123657 0.032259 0.032066 0.032259 21130 21484
27 62.310000 60.320000 1000000 9.796145 9.778473 9.791692 9.778472 0.032068 0.032259 0.130919 0.126883 0.032259 0.032060 0.032259 21480 24495
27 62.310000 60.320000 1000000 9.759557 9.746215 9.755054 9.746214 0.032067 0.032259 0.124677 0.120431 0.032259 0.032059 0.032259 24490 25688
27 62.310000 60.320000 1000000 9.756161 9.738688 9.751653 9.738688 0.032063 0.032259 0.120527 0.116130 0.032259 0.032055 0.032259 25090 26879
27 62.310000 60.320000 1000000 9.740309 9.725785 9.735780 9.725784 0.032064 0.032259 0.119491 0.115054 0.032259 0.032057 0.032259 26870 27811
27 62.310000 60.320000 1000000 9.737474 9.722559 9.732940 9.722559 0.032063 0.032259 0.119491 0.115055 0.032259 0.032055 0.032259 27810 29056
27 62.310000 60.320000 1000000 9.718445 9.706968 9.713807 9.706116 0.032067 0.032259 0.113808 0.109140 0.032259 0.032059 0.032259 29050 29944
27 62.310000 60.320000 1000000 9.715344 9.697290 9.709891 9.693213 0.032066 0.032259 0.117939 0.113442 0.032259 0.032058 0.032259 29940 30904
27 62.310000 60.320000 1000000 9.669424 9.630087 9.663772 9.625158 0.032073 0.032259 0.129877 0.125807 0.032259 0.032065 0.032259 30900 30920
27 62.310000 60.320000 1000000 9.669113 9.629011 9.663824 9.625337 0.032073 0.032259 0.129877 0.125807 0.032259 0.032065 0.032259 30920 33270
27 62.310000 60.320000 1000000 9.642100 9.564495 9.630846 9.540256 0.032083 0.032259 0.139271 0.135483 0.032259 0.032078 0.032259 33270 33397
27 62.310000 60.320000 1000000 9.641903 9.563420 9.630878 9.540436 0.032083 0.032259 0.139271 0.135483 0.032259 0.032078 0.032259 33390 34472
27 62.310000 60.320000 1000000 9.596278 9.523635 9.585095 9.500651 0.032078 0.032259 0.141365 0.137635 0.032259 0.032074 0.032259 34470 34744
27 62.310000 60.320000 1000000 9.593746 9.520409 9.582554 9.497425 0.032079 0.032259 0.139272 0.135484 0.032259 0.032075 0.032259 34740 35618
27 62.310000 60.320000 1000000 9.572498 9.495678 9.561231 9.472694 0.032075 0.032259 0.133006 0.129035 0.032259 0.032071 0.032259 35610 35672
27 62.310000 60.320000 1000000 9.571875 9.494603 9.560606 9.471619 0.032074 0.032259 0.133006 0.129035 0.032259 0.032070 0.032259 35670 37459
27 62.310000 60.320000 1000000 9.562007 9.481700 9.550703 9.458716 0.032072 0.032259 0.126757 0.122584 0.032259 0.032068 0.032259 37450 38264
27 62.310000 60.320000 1000000 9.561294 9.480625 9.549988 9.457640 0.032072 0.032259 0.127797 0.123659 0.032259 0.032068 0.032259 38260 38922
27 62.310000 60.320000 1000000 9.561036 9.479549 9.549632 9.456162 0.032072 0.032259 0.127797 0.123659 0.032259 0.032068 0.032259 38920 39607
27 62.310000 60.320000 1000000 9.559536 9.478474 9.548126 9.455087 0.032072 0.032259 0.128838 0.124734 0.032259 0.032068 0.032259 39600 40047
27 62.310000 60.320000 1000000 9.557527 9.477399 9.546110 9.454011 0.032073 0.032259 0.127797 0.123659 0.032259 0.032069 0.032259 40040 40949
27 62.310000 60.320000 1000000 9.556029 9.474173 9.544606 9.450786 0.032073 0.032259 0.126757 0.122584 0.032259 0.032069 0.032259 40940 42181
27 62.310000 60.320000 1000000 9.551917 9.470947 9.540480 9.447560 0.032073 0.032259 0.125718 0.121508 0.032259 0.032070 0.032259 42180 43439
27 62.310000 60.320000 1000000 9.551580 9.469872 9.540141 9.446484 0.032073 0.032259 0.126757 0.122584 0.032259 0.032069 0.032259 43430 43586
27 62.310000 60.320000 1000000 9.548423 9.466646 9.536973 9.443259 0.032073 0.032259 0.127796 0.123658 0.032259 0.032069 0.032259 43580 49836
27 62.310000 60.320000 1000000 9.538002 9.449442 9.526515 9.426054 0.032062 0.032259 0.123639 0.119357 0.032259 0.032058 0.032259 49830 52717
27 62.310000 60.320000 1000000 9.516369 9.433313 9.504802 9.409925 0.032058 0.032259 0.127796 0.123657 0.032259 0.032055 0.032259 52710 53387
27 62.310000 60.320000 1000000 9.516112 9.432238 9.504448 9.408447 0.032058 0.032259 0.127796 0.123657 0.032259 0.032055 0.032259 53380 61983
27 62.310000 60.320000 1000000 9.462738 9.388152 9.450875 9.364361 0.032061 0.032259 0.127797 0.123658 0.032259 0.032058 0.032259 61980 63263
27 62.310000 60.320000 1000000 9.461454 9.387076 9.449586 9.363286 0.032061 0.032259 0.126757 0.122583 0.032259 0.032059 0.032259 63260 65869
27 62.310000 60.320000 1000000 9.450255 9.379549 9.438345 9.355759 0.032063 0.032259 0.123639 0.119357 0.032259 0.032060 0.032259 65860 70007
27 62.310000 60.320000 1000000 9.449906 9.378474 9.437995 9.354683 0.032062 0.032259 0.123639 0.119357 0.032259 0.032059 0.032259 70000 79770
27 62.310000 60.320000 1000000 9.424153 9.349442 9.411977 9.323949 0.032057 0.032259 0.137182 0.133335 0.032259 0.032055 0.032259 79700 80796
27 62.310000 60.320000 1000000 9.423156 9.348367 9.410976 9.322873 0.032057 0.032259 0.138227 0.134410 0.032259 0.032055 0.032259 80790 82027
27 62.310000 60.320000 1000000 9.422222 9.347292 9.410038 9.321798 0.032058 0.032259 0.137182 0.133335 0.032259 0.032055 0.032259 82020 83225
27 62.310000 60.320000 1000000 9.413993 9.341915 9.401777 9.316422 0.032058 0.032259 0.138226 0.134409 0.032259 0.032056 0.032259 83220 87319
27 62.310000 60.320000 1000000 9.363586 9.248368 9.362984 9.277085 0.032078 0.032259 0.139270 0.135483 0.032259 0.032068 0.032259 87310 88296
27 62.310000 60.320000 1000000 9.361782 9.247292 9.361180 9.276010 0.032078 0.032259 0.138225 0.134408 0.032259 0.032068 0.032259 88290 92923
27 62.310000 60.320000 1000000 9.342723 9.232239 9.342554 9.264720 0.032079 0.032259 0.146605 0.143012 0.032259 0.032070 0.032259 92920 93542
27 62.310000 60.320000 1000000 9.342083 9.231163 9.341914 9.263644 0.032078 0.032259 0.146605 0.143012 0.032259 0.032069 0.032259 93540 104439
27 62.310000 60.320000 1000000 9.311896 9.132240 9.308271 9.125564 0.032077 0.032259 0.124677 0.120432 0.032259 0.032069 0.032259 104430 107304
27 62.310000 60.320000 1000000 9.311540 9.131165 9.307915 9.124489 0.032077 0.032259 0.124677 0.120431 0.032259 0.032068 0.032259 107300 110082
27 62.310000 60.320000 1000000 9.305234 9.125789 9.301601 9.119113 0.032078 0.032259 0.128836 0.124732 0.032259 0.032070 0.032259 110080 116909
27 62.310000 60.320000 1000000 9.285544 9.106434 9.281473 9.097338 0.032080 0.032259 0.117422 0.112904 0.032259 0.032071 0.032259 116900 121752
27 62.310000 60.320000 1000000 9.263076 9.089229 9.258975 9.080134 0.032073 0.032259 0.123637 0.119355 0.032259 0.032064 0.032259 121750 123219
27 62.310000 60.320000 1000000 9.229560 9.068799 9.225415 9.059704 0.032081 0.032259 0.116387 0.111827 0.032259 0.032072 0.032259 123210 123229
27 62.310000 60.320000 1000000 9.228308 9.067724 9.224162 9.058629 0.032082 0.032259 0.115355 0.110752 0.032259 0.032073 0.032259 123220 124830
27 62.310000 60.320000 1000000 9.226793 9.066649 9.222644 9.057553 0.032082 0.032259 0.115355 0.110752 0.032259 0.032073 0.032259 124830 129789
27 62.310000 60.320000 1000000 9.212356 9.054820 9.208188 9.045725 0.032081 0.032259 0.109175 0.104301 0.032259 0.032072 0.032259 129780 139664
27 62.310000 60.320000 1000000 9.172316 9.023638 9.168093 9.014542 0.032093 0.032259 0.091871 0.086022 0.032259 0.032084 0.032259 139660 144056
27 62.310000 60.320000 1000000 9.162441 9.015036 9.158204 9.005940 0.032091 0.032259 0.094898 0.089247 0.032259 0.032083 0.032259 144050 146255
27 62.310000 60.320000 1000000 9.161842 9.013960 9.157605 9.004865 0.032090 0.032259 0.094898 0.089247 0.032259 0.032081 0.032259 146250 148681
27 62.310000 60.320000 1000000 9.149819 9.006433 9.145564 8.997338 0.032092 0.032259 0.089861 0.083871 0.032259 0.032083 0.032259 148680 148924
27 62.310000 60.320000 1000000 9.148028 9.005358 9.143771 8.996263 0.032093 0.032259 0.090865 0.084946 0.032259 0.032084 0.032259 148920 150411
27 62.310000 60.320000 1000000 9.143954 8.997831 9.139692 8.988736 0.032089 0.032259 0.092878 0.087096 0.032259 0.032080 0.032259 150410 156553
27 62.310000 60.320000 1000000 9.139107 8.991380 9.134838 8.982284 0.032087 0.032259 0.096922 0.091396 0.032259 0.032078 0.032259 156550 159675
27 62.310000 60.320000 1000000 9.137282 8.990304 9.133010 8.981209 0.032088 0.032259 0.095909 0.090321 0.032259 0.032079 0.032259 159670 167524
27 62.310000 60.320000 1000000 9.117193 8.973100 9.112893 8.964005 0.032088 0.032259 0.100988 0.095698 0.032259 0.032080 0.032259 167520 169854
27 62.310000 60.320000 1000000 9.111911 8.969874 9.107603 8.960779 0.032091 0.032259 0.097937 0.092472 0.032259 0.032082 0.032259 169850 176869
27 62.310000 60.320000 1000000 9.102272 8.961272 9.097950 8.952177 0.032086 0.032259 0.100989 0.095698 0.032259 0.032077 0.032259 176860 181723
27 62.310000 60.320000 1000000 9.100791 8.960197 9.096468 8.951102 0.032086 0.032259 0.099971 0.094623 0.032259 0.032078 0.032259 181720 182152
27 62.310000 60.320000 1000000 9.100346 8.959122 9.096022 8.950026 0.032086 0.032259 0.098954 0.093548 0.032259 0.032077 0.032259 182150 187464
27 62.310000 60.320000 1000000 9.092038 8.950520 9.087702 8.941424 0.032081 0.032259 0.099971 0.094624 0.032259 0.032073 0.032259 187460 192357
27 62.310000 60.320000 1000000 9.081394 8.941917 9.077042 8.932822 0.032081 0.032259 0.096923 0.091398 0.032259 0.032073 0.032259 192350 200314
27 62.310000 60.320000 1000000 9.070613 8.932778 9.066199 8.922831 0.032083 0.032259 0.091368 0.085484 0.032259 0.032074 0.032259 200310 202277
27 62.310000 60.320000 1000000 9.069279 8.931702 9.064863 8.921756 0.032082 0.032259 0.090363 0.084409 0.032259 0.032074 0.032259 202270 202426
27 62.310000 60.320000 1000000 9.067986 8.930627 9.063568 8.920681 0.032083 0.032259 0.089359 0.083334 0.032259 0.032074 0.032259 202420 211286
27 62.310000 60.320000 1000000 9.062510 8.924175 9.058084 8.914229 0.032084 0.032259 0.090363 0.084409 0.032259 0.032075 0.032259 211280 231892
27 62.310000 60.320000 1000000 9.061506 8.920950 9.057078 8.911003 0.032082 0.032259 0.090363 0.084409 0.032259 0.032074 0.032259 231890 237987
27 62.310000 60.320000 1000000 9.055639 8.916648 9.051203 8.906702 0.032082 0.032259 0.091369 0.085485 0.032259 0.032074 0.032259 237980 265461
27 62.310000 60.320000 1000000 9.031284 8.889767 9.029329 8.892365 0.032088 0.032259 0.096416 0.090860 0.032259 0.032078 0.032259 245660 265493
27 62.310000 60.320000 1000000 9.019918 8.874713 9.017818 8.876505 0.032079 0.032259 0.098446 0.093010 0.032259 0.032068 0.032259 265490 266893
27 62.310000 60.320000 1000000 9.018629 8.873638 9.016529 8.875430 0.032079 0.032259 0.097430 0.091935 0.032259 0.032069 0.032259 266890 270816
27 62.310000 60.320000 1000000 9.018194 8.872563 9.016094 8.874354 0.032079 0.032259 0.096416 0.090860 0.032259 0.032068 0.032259 270810 272094
27 62.310000 60.320000 1000000 9.016348 8.871487 9.014246 8.873279 0.032079 0.032259 0.096416 0.090860 0.032259 0.032069 0.032259 272090 272638
27 62.310000 60.320000 1000000 9.015276 8.870412 9.013173 8.872204 0.032080 0.032259 0.097430 0.091935 0.032259 0.032069 0.032259 272630 285055
27 62.310000 60.320000 1000000 9.007241 8.859659 9.004913 8.860645 0.032076 0.032259 0.096416 0.090860 0.032259 0.032065 0.032259 285050 301502
27 62.310000 60.320000 1000000 8.999043 8.851057 8.996708 8.852043 0.032071 0.032259 0.099462 0.094085 0.032259 0.032060 0.032259 301500 302528
27 62.310000 60.320000 1000000 8.997198 8.849982 8.994862 8.850967 0.032072 0.032259 0.099462 0.094085 0.032259 0.032061 0.032259 302520 310698
27 62.310000 60.320000 1000000 8.978174 8.836004 8.975823 8.836989 0.032077 0.032259 0.103540 0.098387 0.032259 0.032067 0.032259 310690 314160
27 62.310000 60.320000 1000000 8.971187 8.830627 8.968831 8.831613 0.032080 0.032259 0.098446 0.093010 0.032259 0.032070 0.032259 314160 314995
27 62.310000 60.320000 1000000 8.970296 8.829552 8.967939 8.830537 0.032079 0.032259 0.098446 0.093010 0.032259 0.032068 0.032259 314990 318015
27 62.310000 60.320000 1000000 8.968780 8.828477 8.966422 8.829462 0.032080 0.032259 0.097430 0.091935 0.032259 0.032069 0.032259 318010 329985
27 62.310000 60.320000 1000000 8.945785 8.806972 8.944020 8.812975 0.032084 0.032259 0.090363 0.084409 0.032259 0.032074 0.032259 329980 345675
27 62.310000 60.320000 1000000 8.945074 8.805896 8.943309 8.811899 0.032083 0.032259 0.089359 0.083333 0.032259 0.032073 0.032259 345670 350328
27 62.310000 60.320000 1000000 8.938916 8.801595 8.937147 8.807598 0.032084 0.032259 0.088357 0.082258 0.032259 0.032075 0.032259 350320 353132
27 62.310000 60.320000 1000000 8.935634 8.798369 8.933864 8.804373 0.032084 0.032259 0.087357 0.081183 0.032259 0.032075 0.032259 353130 361528
27 62.310000 60.320000 1000000 8.934939 8.797294 8.933168 8.803297 0.032085 0.032259 0.086359 0.080108 0.032259 0.032075 0.032259 361520 381619
27 62.310000 60.320000 1000000 8.925104 8.789767 8.923327 8.795771 0.032087 0.032259 0.082385 0.075807 0.032259 0.032077 0.032259 381610 383780
27 62.310000 60.320000 1000000 8.923686 8.788692 8.921908 8.794695 0.032087 0.032259 0.082385 0.075807 0.032259 0.032077 0.032259 383780 392800
27 62.310000 60.320000 1000000 8.907708 8.771488 8.905921 8.777491 0.032093 0.032259 0.083376 0.076882 0.032259 0.032084 0.032259 392800 408546
27 62.310000 60.320000 1000000 8.895562 8.763961 8.893768 8.769964 0.032096 0.032259 0.089359 0.083333 0.032259 0.032086 0.032259 408540 421127
27 62.310000 60.320000 1000000 8.887007 8.754284 8.885207 8.760287 0.032095 0.032259 0.090363 0.084409 0.032259 0.032085 0.032259 421120 441073
27 62.310000 60.320000 1000000 8.859021 8.731703 8.857205 8.737706 0.032090 0.032259 0.103541 0.098388 0.032259 0.032080 0.032259 441070 441770
27 62.310000 60.320000 1000000 8.857602 8.730628 8.855784 8.736631 0.032090 0.032259 0.104563 0.099463 0.032259 0.032080 0.032259 441770 458676
27 62.310000 60.320000 1000000 8.848584 8.725251 8.846760 8.731254 0.032094 0.032259 0.101500 0.096237 0.032259 0.032084 0.032259 442990 467408
27 62.310000 60.320000 1000000 8.817101 8.703746 8.815144 8.709346 0.032098 0.032259 0.101500 0.096237 0.032259 0.032088 0.032259 467400 470056
27 62.310000 60.320000 1000000 8.815205 8.702670 8.813247 8.708270 0.032098 0.032259 0.100481 0.095162 0.032259 0.032089 0.032259 470050 486496
27 62.310000 60.320000 1000000 8.803323 8.692993 8.801357 8.698593 0.032101 0.032259 0.100481 0.095162 0.032259 0.032091 0.032259 486490 486784
27 62.310000 60.320000 1000000 8.801808 8.691918 8.799841 8.697518 0.032101 0.032259 0.101500 0.096237 0.032259 0.032091 0.032259 486780 498899
27 62.310000 60.320000 1000000 8.793621 8.682240 8.792130 8.690349 0.032097 0.032259 0.097432 0.091937 0.032259 0.032087 0.032259 498890 504249
27 62.310000 60.320000 1000000 8.793491 8.681165 8.792152 8.690528 0.032096 0.032259 0.096418 0.090862 0.032259 0.032087 0.032259 504240 508076
27 62.310000 60.320000 1000000 8.792390 8.680090 8.791051 8.689453 0.032097 0.032259 0.096418 0.090862 0.032259 0.032087 0.032259 508070 510897
27 62.310000 60.320000 1000000 8.792201 8.679014 8.790789 8.687974 0.032097 0.032259 0.097432 0.091937 0.032259 0.032087 0.032259 510890 519149
27 62.310000 60.320000 1000000 8.771688 8.665036 8.770267 8.673996 0.032096 0.032259 0.097432 0.091937 0.032259 0.032086 0.032259 519140 550551
27 62.310000 60.320000 1000000 8.726765 8.630627 8.725473 8.640842 0.032108 0.032259 0.095403 0.089784 0.032259 0.032098 0.032259 550550 569024
27 62.310000 60.320000 1000000 8.721722 8.627401 8.720428 8.637616 0.032109 0.032259 0.097430 0.091935 0.032259 0.032099 0.032259 569020 581873
27 62.310000 60.320000 1000000 8.720869 8.626326 8.719575 8.636541 0.032108 0.032259 0.096416 0.090859 0.032259 0.032098 0.032259 581870 618525
27 62.310000 60.320000 1000000 8.703112 8.612348 8.701810 8.622562 0.032109 0.032259 0.099462 0.094086 0.032259 0.032099 0.032259 618520 619947
27 62.310000 60.320000 1000000 8.701083 8.611272 8.699780 8.621487 0.032110 0.032259 0.098446 0.093011 0.032259 0.032100 0.032259 619940 639247
27 62.310000 60.320000 1000000 8.699753 8.608047 8.698449 8.618261 0.032110 0.032259 0.095404 0.089785 0.032259 0.032100 0.032259 639240 710100
27 62.310000 60.320000 1000000 8.689293 8.596219 8.687985 8.606433 0.032111 0.032259 0.099462 0.094085 0.032259 0.032101 0.032259 710100 723653
27 62.310000 60.320000 1000000 8.687730 8.594068 8.686421 8.604283 0.032109 0.032259 0.101498 0.096236 0.032259 0.032099 0.032259 719580 725884
27 62.310000 60.320000 1000000 8.685918 8.592993 8.684608 8.603208 0.032110 0.032259 0.100480 0.095161 0.032259 0.032100 0.032259 725880 753862
27 62.310000 60.320000 1000000 8.647508 8.562885 8.646181 8.573100 0.032113 0.032259 0.099463 0.094087 0.032259 0.032103 0.032259 753860 768947
27 62.310000 60.320000 1000000 8.645524 8.561810 8.644196 8.572025 0.032114 0.032259 0.098447 0.093011 0.032259 0.032104 0.032259 768940 802958
27 62.310000 60.320000 1000000 8.639595 8.556434 8.638264 8.566648 0.032116 0.032259 0.101500 0.096237 0.032259 0.032106 0.032259 802950 829126
27 62.310000 60.320000 1000000 8.632199 8.552132 8.630864 8.562347 0.032119 0.032259 0.099464 0.094087 0.032259 0.032109 0.032259 822350 839217
27 62.310000 60.320000 1000000 8.623951 8.546756 8.622612 8.556971 0.032122 0.032259 0.095405 0.089786 0.032259 0.032112 0.032259 839210 854188
27 62.310000 60.320000 1000000 8.604463 8.533853 8.603115 8.544068 0.032128 0.032259 0.090364 0.084410 0.032259 0.032118 0.032259 854180 906575
27 62.310000 60.320000 1000000 8.587944 8.518799 8.586588 8.529014 0.032130 0.032259 0.086360 0.080109 0.032259 0.032119 0.032259 906570 923547
27 62.310000 60.320000 1000000 8.586397 8.517724 8.585041 8.527939 0.032130 0.032259 0.087358 0.081184 0.032259 0.032120 0.032259 923540 940598
27 62.310000 60.320000 1000000 8.585525 8.516649 8.584169 8.526863 0.032129 0.032259 0.086360 0.080109 0.032259 0.032119 0.032259 940590 962868
27 62.310000 60.320000 1000000 8.583380 8.512348 8.582023 8.522562 0.032127 0.032259 0.086360 0.080109 0.032259 0.032117 0.032259 962860 1000000
