12 62.310000 60.320000 1000000 14.621197 14.311792 14.623509 14.355114 0.031917 0.032259 0.391655 0.390324 0.032259 0.031911 0.032259 0 50
12 62.310000 60.320000 1000000 13.153522 13.025234 13.151253 13.035806 0.031875 0.032259 0.365405 0.363979 0.032259 0.031866 0.032259 50 60
12 62.310000 60.320000 1000000 12.742284 12.715558 12.739629 12.726175 0.031903 0.032259 0.347196 0.345694 0.032259 0.031893 0.032259 60 70
12 62.310000 60.320000 1000000 12.468583 12.510182 12.465750 12.520799 0.031936 0.032259 0.295850 0.294086 0.032259 0.031926 0.032259 70 80
12 62.310000 60.320000 1000000 12.316774 12.347818 12.312372 12.349205 0.031947 0.032259 0.233955 0.231720 0.032259 0.031937 0.032259 80 91
12 62.310000 60.320000 1000000 12.235775 12.270398 12.231284 12.271786 0.031977 0.032259 0.189330 0.186561 0.032259 0.031968 0.032259 90 100
12 62.310000 60.320000 1000000 12.107311 12.161797 12.102676 12.163184 0.031998 0.032259 0.188270 0.185486 0.032259 0.031989 0.032259 100 110
12 62.310000 60.320000 1000000 12.060450 12.122012 12.056475 12.126760 0.032000 0.032259 0.189330 0.186562 0.032259 0.031991 0.032259 110 121
12 62.310000 60.320000 1000000 12.006117 12.071475 12.001985 12.075819 0.031989 0.032259 0.188272 0.185488 0.032259 0.031979 0.032259 120 132
12 62.310000 60.320000 1000000 11.949249 12.015561 11.944658 12.016501 0.032015 0.032259 0.172403 0.169358 0.032259 0.032006 0.032259 130 140
12 62.310000 60.320000 1000000 11.891757 11.975776 11.886580 11.975103 0.032037 0.032259 0.159745 0.156454 0.032259 0.032028 0.032259 140 151
12 62.310000 60.320000 1000000 11.835119 11.924164 11.830100 11.924745 0.032041 0.032259 0.148180 0.144626 0.032259 0.032032 0.032259 150 162
12 62.310000 60.320000 1000000 11.829995 11.919863 11.824969 11.920444 0.032042 0.032259 0.147131 0.143551 0.032259 0.032033 0.032259 160 170
12 62.310000 60.320000 1000000 11.749774 11.844057 11.744932 11.845041 0.032046 0.032259 0.156059 0.152689 0.032259 0.032037 0.032259 170 187
12 62.310000 60.320000 1000000 11.717058 11.817175 11.712645 11.820668 0.032045 0.032259 0.163430 0.160215 0.032259 0.032036 0.032259 180 191
12 62.310000 60.320000 1000000 11.657738 11.764488 11.653059 11.766278 0.032062 0.032259 0.160270 0.156990 0.032259 0.032053 0.032259 190 203
12 62.310000 60.320000 1000000 11.639347 11.744595 11.634182 11.744325 0.032067 0.032259 0.168178 0.165055 0.032259 0.032059 0.032259 200 215
12 62.310000 60.320000 1000000 11.605519 11.722015 11.600308 11.721744 0.032078 0.032259 0.151329 0.147851 0.032259 0.032069 0.032259 210 227
12 62.310000 60.320000 1000000 11.577382 11.688682 11.571470 11.686037 0.032084 0.032259 0.137705 0.133873 0.032259 0.032076 0.032259 220 231
12 62.310000 60.320000 1000000 11.501992 11.631693 11.495963 11.629048 0.032084 0.032259 0.134571 0.130648 0.032259 0.032076 0.032259 230 255
12 62.310000 60.320000 1000000 11.478228 11.613413 11.472162 11.610768 0.032081 0.032259 0.130401 0.126348 0.032259 0.032073 0.032259 240 262
12 62.310000 60.320000 1000000 11.400071 11.549972 11.394750 11.551091 0.032100 0.032259 0.141890 0.138174 0.032259 0.032091 0.032259 260 270
12 62.310000 60.320000 1000000 11.394635 11.544596 11.389306 11.545715 0.032100 0.032259 0.138751 0.134949 0.032259 0.032091 0.032259 270 290
12 62.310000 60.320000 1000000 11.365094 11.516639 11.359724 11.517758 0.032104 0.032259 0.141890 0.138174 0.032259 0.032095 0.032259 290 325
12 62.310000 60.320000 1000000 11.327082 11.460725 11.324231 11.475643 0.032095 0.032259 0.148179 0.144625 0.032259 0.032086 0.032259 320 335
12 62.310000 60.320000 1000000 11.322982 11.457499 11.320024 11.472014 0.032097 0.032259 0.148179 0.144625 0.032259 0.032088 0.032259 330 364
12 62.310000 60.320000 1000000 11.313554 11.438145 11.311538 11.455975 0.032095 0.032259 0.149230 0.145702 0.032259 0.032084 0.032259 360 379
12 62.310000 60.320000 1000000 11.301158 11.426317 11.299134 11.444147 0.032090 0.032259 0.151330 0.147852 0.032259 0.032080 0.032259 370 408
12 62.310000 60.320000 1000000 11.284133 11.405887 11.282100 11.423717 0.032091 0.032259 0.147129 0.143549 0.032259 0.032080 0.032259 400 422
12 62.310000 60.320000 1000000 11.271980 11.397285 11.269941 11.415115 0.032093 0.032259 0.147129 0.143549 0.032259 0.032082 0.032259 420 436
12 62.310000 60.320000 1000000 11.266594 11.373629 11.263592 11.381244 0.032092 0.032259 0.137704 0.133872 0.032259 0.032081 0.032259 430 447
12 62.310000 60.320000 1000000 11.254762 11.360726 11.251750 11.368341 0.032100 0.032259 0.145032 0.141399 0.032259 0.032090 0.032259 440 451
12 62.310000 60.320000 1000000 11.232671 11.340296 11.229641 11.347911 0.032099 0.032259 0.147130 0.143550 0.032259 0.032089 0.032259 450 466
12 62.310000 60.320000 1000000 11.216832 11.320941 11.212868 11.325733 0.032098 0.032259 0.138749 0.134947 0.032259 0.032088 0.032259 460 471
12 62.310000 60.320000 1000000 11.177310 11.292984 11.173303 11.297777 0.032104 0.032259 0.159743 0.156451 0.032259 0.032095 0.032259 470 491
12 62.310000 60.320000 1000000 11.163527 11.276855 11.159505 11.281647 0.032101 0.032259 0.159742 0.156451 0.032259 0.032092 0.032259 490 500
12 62.310000 60.320000 1000000 11.156933 11.271479 11.152904 11.276271 0.032100 0.032259 0.159742 0.156451 0.032259 0.032090 0.032259 500 513
12 62.310000 60.320000 1000000 11.147437 11.255350 11.143398 11.260142 0.032103 0.032259 0.158689 0.155376 0.032259 0.032093 0.032259 510 522
12 62.310000 60.320000 1000000 11.143347 11.248898 11.139303 11.253691 0.032105 0.032259 0.158689 0.155376 0.032259 0.032095 0.032259 520 551
12 62.310000 60.320000 1000000 11.109069 11.216640 11.104991 11.220985 0.032093 0.032259 0.166066 0.162903 0.032259 0.032084 0.032259 550 564
12 62.310000 60.320000 1000000 11.074108 11.190834 11.069990 11.195178 0.032086 0.032259 0.169232 0.166129 0.032259 0.032077 0.032259 560 573
12 62.310000 60.320000 1000000 11.061835 11.178468 11.057595 11.181962 0.032083 0.032259 0.165539 0.162366 0.032259 0.032074 0.032259 570 582
12 62.310000 60.320000 1000000 11.021240 11.138683 11.016953 11.142177 0.032065 0.032259 0.169758 0.166665 0.032259 0.032056 0.032259 580 590
12 62.310000 60.320000 1000000 10.995596 11.109651 10.991279 11.113144 0.032056 0.032259 0.169758 0.166664 0.032259 0.032047 0.032259 590 602
12 62.310000 60.320000 1000000 10.988127 11.094597 10.983801 11.098091 0.032056 0.032259 0.168702 0.165589 0.032259 0.032047 0.032259 600 618
12 62.310000 60.320000 1000000 10.980272 11.087608 10.975859 11.090250 0.032062 0.032259 0.165010 0.161826 0.032259 0.032053 0.032259 610 648
12 62.310000 60.320000 1000000 10.971420 11.077931 10.966996 11.080573 0.032061 0.032259 0.163956 0.160751 0.032259 0.032052 0.032259 620 645
12 62.310000 60.320000 1000000 10.950956 11.060726 10.946507 11.063369 0.032061 0.032259 0.157637 0.154301 0.032259 0.032052 0.032259 640 656
12 62.310000 60.320000 1000000 10.948863 11.059651 10.944412 11.062293 0.032062 0.032259 0.157636 0.154300 0.032259 0.032053 0.032259 650 665
12 62.310000 60.320000 1000000 10.946926 11.056425 10.942473 11.059068 0.032063 0.032259 0.157636 0.154300 0.032259 0.032054 0.032259 660 682
12 62.310000 60.320000 1000000 10.934736 11.042985 10.930191 11.044776 0.032065 0.032259 0.155006 0.151612 0.032259 0.032056 0.032259 680 739
12 62.310000 60.320000 1000000 10.924331 11.036533 10.919772 11.038324 0.032071 0.032259 0.151852 0.148386 0.032259 0.032062 0.032259 730 742
12 62.310000 60.320000 1000000 10.915428 11.027931 10.910858 11.029722 0.032078 0.032259 0.146603 0.143010 0.032259 0.032069 0.032259 740 820
12 62.310000 60.320000 1000000 10.826383 10.967716 10.821699 10.969507 0.032108 0.032259 0.128835 0.124731 0.032259 0.032099 0.032259 820 854
12 62.310000 60.320000 1000000 10.799700 10.934383 10.794864 10.935771 0.032112 0.032259 0.137180 0.133333 0.032259 0.032104 0.032259 850 889
12 62.310000 60.320000 1000000 10.798925 10.933308 10.794087 10.934696 0.032112 0.032259 0.136135 0.132258 0.032259 0.032104 0.032259 880 899
12 62.310000 60.320000 1000000 10.797541 10.932233 10.792702 10.933620 0.032112 0.032259 0.135091 0.131183 0.032259 0.032104 0.032259 890 905
12 62.310000 60.320000 1000000 10.795609 10.929007 10.790652 10.929991 0.032112 0.032259 0.134047 0.130107 0.032259 0.032103 0.032259 900 920
12 62.310000 60.320000 1000000 10.792405 10.916641 10.786666 10.911667 0.032113 0.032259 0.130399 0.126346 0.032259 0.032106 0.032259 920 967
12 62.310000 60.320000 1000000 10.792036 10.915566 10.786157 10.910189 0.032114 0.032259 0.131441 0.127421 0.032259 0.032106 0.032259 960 1085
12 62.310000 60.320000 1000000 10.789129 10.911265 10.783246 10.905888 0.032112 0.032259 0.132484 0.128497 0.032259 0.032105 0.032259 1010 1025
12 62.310000 60.320000 1000000 10.782437 10.898362 10.779188 10.904275 0.032114 0.032259 0.134570 0.130647 0.032259 0.032104 0.032259 1020 1085
12 62.310000 60.320000 1000000 10.737346 10.860728 10.734776 10.870404 0.032123 0.032259 0.130399 0.126345 0.032259 0.032112 0.032259 1080 1142
12 62.310000 60.320000 1000000 10.717592 10.840298 10.715007 10.849974 0.032117 0.032259 0.136658 0.132796 0.032259 0.032107 0.032259 1140 1157
12 62.310000 60.320000 1000000 10.708043 10.822018 10.705451 10.831695 0.032118 0.032259 0.130397 0.126344 0.032259 0.032108 0.032259 1150 1184
12 62.310000 60.320000 1000000 10.704345 10.818793 10.701751 10.828469 0.032117 0.032259 0.131439 0.127419 0.032259 0.032107 0.032259 1180 1231
12 62.310000 60.320000 1000000 10.693881 10.808040 10.691279 10.817716 0.032117 0.032259 0.129355 0.125269 0.032259 0.032107 0.032259 1230 1287
12 62.310000 60.320000 1000000 10.666151 10.786535 10.663765 10.797465 0.032132 0.032259 0.131439 0.127419 0.032259 0.032121 0.032259 1280 1354
12 62.310000 60.320000 1000000 10.648837 10.775782 10.646440 10.786713 0.032139 0.032259 0.125193 0.120966 0.032259 0.032129 0.032259 1350 1383
12 62.310000 60.320000 1000000 10.646812 10.774707 10.644414 10.785637 0.032140 0.032259 0.124155 0.119891 0.032259 0.032130 0.032259 1380 1398
12 62.310000 60.320000 1000000 10.641422 10.768255 10.639020 10.779186 0.032139 0.032259 0.122080 0.117741 0.032259 0.032128 0.032259 1390 1427
12 62.310000 60.320000 1000000 10.634475 10.757502 10.632068 10.768433 0.032141 0.032259 0.125194 0.120967 0.032259 0.032131 0.032259 1420 1467
12 62.310000 60.320000 1000000 10.612639 10.728470 10.610216 10.739849 0.032128 0.032259 0.118972 0.114516 0.032259 0.032117 0.032259 1460 1565
12 62.310000 60.320000 1000000 10.603693 10.718793 10.601264 10.730172 0.032121 0.032259 0.122080 0.117741 0.032259 0.032111 0.032259 1560 1578
12 62.310000 60.320000 1000000 10.602142 10.717718 10.599712 10.729096 0.032121 0.032259 0.122080 0.117741 0.032259 0.032110 0.032259 1570 1623
12 62.310000 60.320000 1000000 10.590617 10.702664 10.588180 10.714042 0.032115 0.032259 0.125193 0.120965 0.032259 0.032105 0.032259 1620 1667
12 62.310000 60.320000 1000000 10.581474 10.690836 10.578909 10.701811 0.032115 0.032259 0.118970 0.114513 0.032259 0.032105 0.032259 1660 1707
12 62.310000 60.320000 1000000 10.573294 10.683309 10.570723 10.694284 0.032114 0.032259 0.120006 0.115589 0.032259 0.032104 0.032259 1690 1733
12 62.310000 60.320000 1000000 10.572920 10.682234 10.570208 10.692806 0.032115 0.032259 0.120006 0.115589 0.032259 0.032104 0.032259 1730 1748
12 62.310000 60.320000 1000000 10.567195 10.674707 10.564480 10.685279 0.032111 0.032259 0.120006 0.115589 0.032259 0.032101 0.032259 1740 1764
12 62.310000 60.320000 1000000 10.561827 10.670406 10.559107 10.680978 0.032111 0.032259 0.116902 0.112363 0.032259 0.032101 0.032259 1760 1780
12 62.310000 60.320000 1000000 10.551653 10.663954 10.548925 10.674527 0.032112 0.032259 0.116902 0.112363 0.032259 0.032102 0.032259 1780 1855
12 62.310000 60.320000 1000000 10.547363 10.658578 10.544632 10.669150 0.032116 0.032259 0.117936 0.113439 0.032259 0.032106 0.032259 1850 1929
12 62.310000 60.320000 1000000 10.531227 10.640298 10.528483 10.650871 0.032121 0.032259 0.123116 0.118815 0.032259 0.032111 0.032259 1920 1958
12 62.310000 60.320000 1000000 10.524168 10.633847 10.521418 10.644419 0.032123 0.032259 0.116902 0.112363 0.032259 0.032113 0.032259 1950 2064
12 62.310000 60.320000 1000000 10.520291 10.617718 10.516685 10.621480 0.032123 0.032259 0.114838 0.110214 0.032259 0.032114 0.032259 2060 2100
12 62.310000 60.320000 1000000 10.519097 10.616643 10.515490 10.620405 0.032123 0.032259 0.114838 0.110214 0.032259 0.032114 0.032259 2100 2161
12 62.310000 60.320000 1000000 10.507689 10.602664 10.504070 10.606427 0.032127 0.032259 0.109689 0.104838 0.032259 0.032118 0.032259 2160 2206
12 62.310000 60.320000 1000000 10.498298 10.596213 10.494670 10.599975 0.032128 0.032259 0.106610 0.101612 0.032259 0.032119 0.032259 2200 2210
12 62.310000 60.320000 1000000 10.496866 10.595137 10.493237 10.598900 0.032128 0.032259 0.106610 0.101612 0.032259 0.032119 0.032259 2210 2259
12 62.310000 60.320000 1000000 10.495307 10.594062 10.491676 10.597825 0.032127 0.032259 0.107635 0.102687 0.032259 0.032118 0.032259 2250 2414
12 62.310000 60.320000 1000000 10.481158 10.577933 10.477513 10.581696 0.032124 0.032259 0.113806 0.109139 0.032259 0.032114 0.032259 2410 2501
12 62.310000 60.320000 1000000 10.475256 10.574707 10.471604 10.578470 0.032127 0.032259 0.113807 0.109139 0.032259 0.032117 0.032259 2500 2750
12 62.310000 60.320000 1000000 10.466072 10.561804 10.462411 10.565567 0.032123 0.032259 0.110717 0.105913 0.032259 0.032114 0.032259 2730 2763
12 62.310000 60.320000 1000000 10.464562 10.560729 10.460899 10.564491 0.032123 0.032259 0.110717 0.105913 0.032259 0.032113 0.032259 2760 2793
12 62.310000 60.320000 1000000 10.462536 10.559654 10.458870 10.563416 0.032124 0.032259 0.109689 0.104838 0.032259 0.032114 0.032259 2790 2803
12 62.310000 60.320000 1000000 10.459021 10.555352 10.455352 10.559115 0.032122 0.032259 0.109688 0.104838 0.032259 0.032112 0.032259 2800 2827
12 62.310000 60.320000 1000000 10.455593 10.549976 10.451920 10.553739 0.032122 0.032259 0.109688 0.104837 0.032259 0.032113 0.032259 2820 2840
12 62.310000 60.320000 1000000 10.447359 10.543525 10.443677 10.547287 0.032121 0.032259 0.108661 0.103762 0.032259 0.032112 0.032259 2840 2876
12 62.310000 60.320000 1000000 10.446618 10.542449 10.442936 10.546212 0.032121 0.032259 0.107635 0.102687 0.032259 0.032112 0.032259 2870 2960
12 62.310000 60.320000 1000000 10.445976 10.541374 10.442293 10.545136 0.032122 0.032259 0.108661 0.103762 0.032259 0.032113 0.032259 2960 3019
12 62.310000 60.320000 1000000 10.441352 10.533847 10.437664 10.537610 0.032116 0.032259 0.113806 0.109138 0.032259 0.032107 0.032259 3010 3136
12 62.310000 60.320000 1000000 10.436187 10.527396 10.432494 10.531158 0.032109 0.032259 0.118972 0.114515 0.032259 0.032100 0.032259 3130 3236
12 62.310000 60.320000 1000000 10.404363 10.488686 10.400636 10.492448 0.032113 0.032259 0.117937 0.113439 0.032259 0.032104 0.032259 3230 3341
12 62.310000 60.320000 1000000 10.401566 10.486535 10.397836 10.490298 0.032113 0.032259 0.120007 0.115590 0.032259 0.032104 0.032259 3250 3300
12 62.310000 60.320000 1000000 10.392851 10.475783 10.389111 10.479545 0.032108 0.032259 0.114837 0.110213 0.032259 0.032099 0.032259 3300 3341
12 62.310000 60.320000 1000000 10.383128 10.468256 10.379378 10.472019 0.032107 0.032259 0.112775 0.108063 0.032259 0.032098 0.032259 3340 3356
12 62.310000 60.320000 1000000 10.379833 10.465030 10.375954 10.468390 0.032107 0.032259 0.111745 0.106988 0.032259 0.032098 0.032259 3350 3424
12 62.310000 60.320000 1000000 10.369804 10.455353 10.365913 10.458712 0.032102 0.032259 0.112776 0.108064 0.032259 0.032093 0.032259 3420 3463
12 62.310000 60.320000 1000000 10.367867 10.454278 10.363975 10.457637 0.032103 0.032259 0.112776 0.108064 0.032259 0.032094 0.032259 3460 3500
12 62.310000 60.320000 1000000 10.366885 10.453202 10.362991 10.456562 0.032104 0.032259 0.111746 0.106989 0.032259 0.032095 0.032259 3500 3840
12 62.310000 60.320000 1000000 10.346424 10.424170 10.341047 10.422288 0.032100 0.032259 0.115871 0.111290 0.032259 0.032091 0.032259 3840 3994
12 62.310000 60.320000 1000000 10.335286 10.413418 10.329892 10.411535 0.032098 0.032259 0.118973 0.114516 0.032259 0.032090 0.032259 3990 4026
12 62.310000 60.320000 1000000 10.333747 10.412343 10.328350 10.410460 0.032098 0.032259 0.118973 0.114516 0.032259 0.032090 0.032259 4020 4033
12 62.310000 60.320000 1000000 10.333095 10.411267 10.327697 10.409385 0.032099 0.032259 0.120008 0.115591 0.032259 0.032091 0.032259 4030 4442
12 62.310000 60.320000 1000000 10.303799 10.388687 10.298355 10.386804 0.032097 0.032259 0.112777 0.108065 0.032259 0.032089 0.032259 4440 4570
12 62.310000 60.320000 1000000 10.294486 10.373095 10.288741 10.368659 0.032093 0.032259 0.111234 0.106453 0.032259 0.032085 0.032259 4570 4585
12 62.310000 60.320000 1000000 10.293081 10.372020 10.287333 10.367584 0.032093 0.032259 0.110205 0.105378 0.032259 0.032085 0.032259 4580 4638
12 62.310000 60.320000 1000000 10.292524 10.370945 10.286776 10.366508 0.032094 0.032259 0.109177 0.104303 0.032259 0.032086 0.032259 4630 4758
12 62.310000 60.320000 1000000 10.285598 10.341913 10.278602 10.323856 0.032098 0.032259 0.116390 0.111830 0.032259 0.032090 0.032259 4750 4935
12 62.310000 60.320000 1000000 10.278257 10.336536 10.271245 10.318480 0.032097 0.032259 0.114324 0.109679 0.032259 0.032089 0.032259 4930 4971
12 62.310000 60.320000 1000000 10.276787 10.335461 10.269772 10.317405 0.032096 0.032259 0.115356 0.110754 0.032259 0.032089 0.032259 4970 5070
12 62.310000 60.320000 1000000 10.265204 10.311805 10.262020 10.315075 0.032097 0.032259 0.105075 0.100001 0.032259 0.032088 0.032259 5070 5121
12 62.310000 60.320000 1000000 10.264867 10.310730 10.261682 10.314000 0.032097 0.032259 0.105075 0.100001 0.032259 0.032088 0.032259 5120 5330
12 62.310000 60.320000 1000000 10.253254 10.299977 10.249858 10.302441 0.032095 0.032259 0.100990 0.095700 0.032259 0.032086 0.032259 5330 5879
12 62.310000 60.320000 1000000 10.239667 10.283848 10.236258 10.286312 0.032100 0.032259 0.099972 0.094624 0.032259 0.032091 0.032259 5870 5923
12 62.310000 60.320000 1000000 10.234011 10.280622 10.230596 10.283086 0.032102 0.032259 0.098955 0.093549 0.032259 0.032093 0.032259 5920 5967
12 62.310000 60.320000 1000000 10.233207 10.279547 10.229791 10.282011 0.032101 0.032259 0.098955 0.093550 0.032259 0.032092 0.032259 5960 5971
12 62.310000 60.320000 1000000 10.231228 10.277397 10.227810 10.279860 0.032100 0.032259 0.096925 0.091399 0.032259 0.032091 0.032259 5970 6395
12 62.310000 60.320000 1000000 10.200214 10.248364 10.196765 10.250828 0.032098 0.032259 0.097940 0.092475 0.032259 0.032089 0.032259 6390 6510
12 62.310000 60.320000 1000000 10.194393 10.241913 10.190938 10.244376 0.032097 0.032259 0.096926 0.091400 0.032259 0.032089 0.032259 6510 6730
12 62.310000 60.320000 1000000 10.187699 10.232773 10.184130 10.234385 0.032093 0.032259 0.097434 0.091939 0.032259 0.032084 0.032259 6730 6946
12 62.310000 60.320000 1000000 10.183032 10.228472 10.179458 10.230084 0.032096 0.032259 0.094396 0.088713 0.032259 0.032087 0.032259 6940 7237
12 62.310000 60.320000 1000000 10.130744 10.171483 10.127114 10.173095 0.032099 0.032259 0.095407 0.089788 0.032259 0.032090 0.032259 7230 7247
12 62.310000 60.320000 1000000 10.130614 10.169870 10.126915 10.170631 0.032099 0.032259 0.094901 0.089250 0.032259 0.032090 0.032259 7240 7293
12 62.310000 60.320000 1000000 10.130112 10.168794 10.126412 10.169555 0.032099 0.032259 0.093890 0.088175 0.032259 0.032090 0.032259 7290 7791
12 62.310000 60.320000 1000000 10.122096 10.160192 10.118388 10.160953 0.032095 0.032259 0.097941 0.092476 0.032259 0.032086 0.032259 7790 7842
12 62.310000 60.320000 1000000 10.118358 10.154816 10.114646 10.155577 0.032094 0.032259 0.097941 0.092476 0.032259 0.032086 0.032259 7840 8321
12 62.310000 60.320000 1000000 10.115133 10.149440 10.111104 10.149394 0.032095 0.032259 0.097940 0.092475 0.032259 0.032087 0.032259 8320 8846
12 62.310000 60.320000 1000000 10.102684 10.133311 10.098640 10.133265 0.032093 0.032259 0.102011 0.096776 0.032259 0.032085 0.032259 8840 9293
12 62.310000 60.320000 1000000 10.074162 10.113956 10.070083 10.113910 0.032102 0.032259 0.105076 0.100001 0.032259 0.032094 0.032259 9290 9479
12 62.310000 60.320000 1000000 10.065182 10.107504 10.061093 10.107459 0.032100 0.032259 0.109177 0.104302 0.032259 0.032092 0.032259 9470 9490
12 62.310000 60.320000 1000000 10.060811 10.104278 10.056716 10.104233 0.032099 0.032259 0.110205 0.105378 0.032259 0.032091 0.032259 9490 9777
12 62.310000 60.320000 1000000 10.056921 10.101053 10.052822 10.101007 0.032099 0.032259 0.109177 0.104302 0.032259 0.032091 0.032259 9770 9784
12 62.310000 60.320000 1000000 10.055698 10.099977 10.051597 10.099932 0.032100 0.032259 0.108150 0.103227 0.032259 0.032091 0.032259 9780 10098
12 62.310000 60.320000 1000000 10.043775 10.087074 10.039353 10.085819 0.032098 0.032259 0.109176 0.104301 0.032259 0.032090 0.032259 10090 10134
12 62.310000 60.320000 1000000 10.042918 10.085999 10.038496 10.084744 0.032097 0.032259 0.110203 0.105376 0.032259 0.032089 0.032259 10130 11175
12 62.310000 60.320000 1000000 10.029571 10.074171 10.025131 10.072916 0.032097 0.032259 0.115355 0.110752 0.032259 0.032089 0.032259 11170 12110
12 62.310000 60.320000 1000000 10.010910 10.038687 10.006445 10.037432 0.032092 0.032259 0.121562 0.117204 0.032259 0.032084 0.032259 11980 11994
12 62.310000 60.320000 1000000 10.010303 10.037612 10.005838 10.036357 0.032091 0.032259 0.121562 0.117204 0.032259 0.032083 0.032259 11990 12110
12 62.310000 60.320000 1000000 10.009900 10.036537 10.005434 10.035281 0.032091 0.032259 0.120526 0.116129 0.032259 0.032083 0.032259 12110 12231
12 62.310000 60.320000 1000000 10.004891 10.029010 10.000418 10.027755 0.032086 0.032259 0.125714 0.121505 0.032259 0.032078 0.032259 12230 12494
12 62.310000 60.320000 1000000 9.993910 10.015031 9.989422 10.013776 0.032081 0.032259 0.117420 0.112902 0.032259 0.032073 0.032259 12490 12667
12 62.310000 60.320000 1000000 9.988779 10.008580 9.984284 10.007325 0.032081 0.032259 0.118455 0.113978 0.032259 0.032073 0.032259 12660 13639
12 62.310000 60.320000 1000000 9.961999 9.965569 9.957468 9.964314 0.032082 0.032259 0.147652 0.144085 0.032259 0.032074 0.032259 13630 13873
12 62.310000 60.320000 1000000 9.956607 9.962343 9.952068 9.961088 0.032083 0.032259 0.145556 0.141936 0.032259 0.032075 0.032259 13870 14030
12 62.310000 60.320000 1000000 9.955762 9.961268 9.951222 9.960013 0.032082 0.032259 0.144508 0.140861 0.032259 0.032074 0.032259 14030 14367
12 62.310000 60.320000 1000000 9.942720 9.948365 9.938162 9.947110 0.032081 0.032259 0.146606 0.143013 0.032259 0.032073 0.032259 14360 14458
12 62.310000 60.320000 1000000 9.941969 9.947290 9.937410 9.946034 0.032081 0.032259 0.147655 0.144088 0.032259 0.032073 0.032259 14450 15338
12 62.310000 60.320000 1000000 9.899551 9.887075 9.894933 9.885820 0.032087 0.032259 0.122600 0.118280 0.032259 0.032079 0.032259 15330 15581
12 62.310000 60.320000 1000000 9.895707 9.881698 9.891084 9.880443 0.032087 0.032259 0.119491 0.115054 0.032259 0.032080 0.032259 15580 15965
12 62.310000 60.320000 1000000 9.892031 9.877935 9.887288 9.875829 0.032088 0.032259 0.120009 0.115592 0.032259 0.032080 0.032259 15960 16135
12 62.310000 60.320000 1000000 9.890435 9.876860 9.885689 9.874753 0.032088 0.032259 0.121045 0.116667 0.032259 0.032080 0.032259 16130 16143
12 62.310000 60.320000 1000000 9.888969 9.875784 9.884221 9.873678 0.032088 0.032259 0.120009 0.115592 0.032259 0.032080 0.032259 16140 16649
12 62.310000 60.320000 1000000 9.884420 9.871483 9.879665 9.869377 0.032086 0.032259 0.118973 0.114516 0.032259 0.032078 0.032259 16270 17259
12 62.310000 60.320000 1000000 9.873779 9.846752 9.866945 9.839001 0.032088 0.032259 0.129356 0.125269 0.032259 0.032083 0.032259 17250 17285
12 62.310000 60.320000 1000000 9.873092 9.845677 9.866256 9.837925 0.032088 0.032259 0.128315 0.124194 0.032259 0.032083 0.032259 17280 17752
12 62.310000 60.320000 1000000 9.858622 9.835999 9.851756 9.828248 0.032088 0.032259 0.132481 0.128493 0.032259 0.032083 0.032259 17750 17851
12 62.310000 60.320000 1000000 9.837307 9.822021 9.830396 9.814269 0.032099 0.032259 0.134567 0.130644 0.032259 0.032094 0.032259 17850 17957
12 62.310000 60.320000 1000000 9.835846 9.820946 9.828931 9.813194 0.032099 0.032259 0.133524 0.129568 0.032259 0.032094 0.032259 17950 18372
12 62.310000 60.320000 1000000 9.832453 9.816645 9.825532 9.808893 0.032099 0.032259 0.130396 0.126343 0.032259 0.032094 0.032259 18370 18722
12 62.310000 60.320000 1000000 9.828903 9.813419 9.821974 9.805667 0.032097 0.032259 0.129354 0.125267 0.032259 0.032092 0.032259 18720 18840
12 62.310000 60.320000 1000000 9.827307 9.812344 9.820375 9.804592 0.032097 0.032259 0.130396 0.126343 0.032259 0.032092 0.032259 18840 20556
12 62.310000 60.320000 1000000 9.816601 9.795139 9.809646 9.787388 0.032086 0.032259 0.116903 0.112364 0.032259 0.032081 0.032259 20550 20584
12 62.310000 60.320000 1000000 9.815159 9.794064 9.808201 9.786312 0.032086 0.032259 0.115869 0.111288 0.032259 0.032081 0.032259 20580 21235
12 62.310000 60.320000 1000000 9.804295 9.782236 9.797105 9.773678 0.032082 0.032259 0.120006 0.115589 0.032259 0.032078 0.032259 21230 21942
12 62.310000 60.320000 1000000 9.794970 9.773634 9.787759 9.765076 0.032083 0.032259 0.116903 0.112364 0.032259 0.032078 0.032259 21940 22420
12 62.310000 60.320000 1000000 9.786565 9.764494 9.779261 9.755085 0.032080 0.032259 0.119489 0.115052 0.032259 0.032076 0.032259 22420 23364
12 62.310000 60.320000 1000000 9.781808 9.761268 9.774493 9.751859 0.032080 0.032259 0.118454 0.113977 0.032259 0.032076 0.032259 23360 23843
12 62.310000 60.320000 1000000 9.768408 9.749440 9.761063 9.740031 0.032078 0.032259 0.115355 0.110753 0.032259 0.032074 0.032259 23840 24028
12 62.310000 60.320000 1000000 9.763757 9.742989 9.756402 9.733580 0.032078 0.032259 0.116388 0.111828 0.032259 0.032073 0.032259 24020 24880
12 62.310000 60.320000 1000000 9.762128 9.741914 9.754768 9.732504 0.032078 0.032259 0.116388 0.111828 0.032259 0.032073 0.032259 24880 27721
12 62.310000 60.320000 1000000 9.723706 9.679548 9.716259 9.670139 0.032065 0.032259 0.114322 0.109677 0.032259 0.032061 0.032259 27720 27888
12 62.310000 60.320000 1000000 9.721936 9.678473 9.714485 9.669064 0.032065 0.032259 0.114322 0.109677 0.032259 0.032061 0.032259 27880 28037
12 62.310000 60.320000 1000000 9.721430 9.677398 9.713978 9.667988 0.032064 0.032259 0.115354 0.110752 0.032259 0.032060 0.032259 28030 28866
12 62.310000 60.320000 1000000 9.720199 9.676322 9.712744 9.666913 0.032064 0.032259 0.115354 0.110752 0.032259 0.032060 0.032259 28860 29235
12 62.310000 60.320000 1000000 9.715729 9.669871 9.708987 9.662971 0.032065 0.032259 0.109175 0.104301 0.032259 0.032060 0.032259 29230 30790
12 62.310000 60.320000 1000000 9.714913 9.666645 9.707863 9.658535 0.032065 0.032259 0.109175 0.104301 0.032259 0.032060 0.032259 29960 30457
12 62.310000 60.320000 1000000 9.714652 9.665570 9.707503 9.657057 0.032065 0.032259 0.109175 0.104301 0.032259 0.032060 0.032259 30450 30790
12 62.310000 60.320000 1000000 9.710523 9.661269 9.703364 9.652756 0.032064 0.032259 0.110203 0.105376 0.032259 0.032059 0.032259 30790 31175
12 62.310000 60.320000 1000000 9.708899 9.660193 9.701737 9.651680 0.032064 0.032259 0.110203 0.105376 0.032259 0.032059 0.032259 31170 32054
12 62.310000 60.320000 1000000 9.697589 9.652666 9.690402 9.644153 0.032065 0.032259 0.111232 0.106452 0.032259 0.032059 0.032259 32050 32376
12 62.310000 60.320000 1000000 9.687626 9.644064 9.680416 9.635551 0.032061 0.032259 0.110203 0.105376 0.032259 0.032055 0.032259 32370 32433
12 62.310000 60.320000 1000000 9.686023 9.642989 9.678810 9.634476 0.032061 0.032259 0.110203 0.105376 0.032259 0.032055 0.032259 32430 32933
12 62.310000 60.320000 1000000 9.684339 9.641914 9.677122 9.633401 0.032061 0.032259 0.111232 0.106452 0.032259 0.032055 0.032259 32930 34545
12 62.310000 60.320000 1000000 9.683541 9.640838 9.676323 9.632325 0.032059 0.032259 0.112261 0.107527 0.032259 0.032054 0.032259 34540 34860
12 62.310000 60.320000 1000000 9.682389 9.639763 9.675168 9.631250 0.032059 0.032259 0.113292 0.108602 0.032259 0.032054 0.032259 34860 38427
12 62.310000 60.320000 1000000 9.626588 9.601053 9.619240 9.592540 0.032061 0.032259 0.121562 0.117204 0.032259 0.032056 0.032259 38420 38882
12 62.310000 60.320000 1000000 9.621318 9.593527 9.613959 9.585013 0.032058 0.032259 0.118456 0.113979 0.032259 0.032053 0.032259 38880 39977
12 62.310000 60.320000 1000000 9.620660 9.592451 9.613299 9.583938 0.032057 0.032259 0.119491 0.115054 0.032259 0.032053 0.032259 39970 40574
12 62.310000 60.320000 1000000 9.610909 9.582774 9.603233 9.573051 0.032059 0.032259 0.119491 0.115054 0.032259 0.032054 0.032259 40570 40615
12 62.310000 60.320000 1000000 9.610093 9.581699 9.602415 9.571976 0.032059 0.032259 0.119491 0.115054 0.032259 0.032054 0.032259 40610 41117
12 62.310000 60.320000 1000000 9.609317 9.580623 9.601637 9.570901 0.032058 0.032259 0.118457 0.113980 0.032259 0.032053 0.032259 41110 41555
12 62.310000 60.320000 1000000 9.605545 9.577398 9.597856 9.567675 0.032056 0.032259 0.118457 0.113980 0.032259 0.032051 0.032259 41550 42784
12 62.310000 60.320000 1000000 9.585602 9.561269 9.577865 9.551546 0.032060 0.032259 0.109177 0.104302 0.032259 0.032055 0.032259 42780 43464
12 62.310000 60.320000 1000000 9.582616 9.556968 9.574872 9.547245 0.032057 0.032259 0.108150 0.103227 0.032259 0.032053 0.032259 43460 45692
12 62.310000 60.320000 1000000 9.565581 9.493528 9.570537 9.551546 0.032060 0.032259 0.151853 0.148387 0.032259 0.032050 0.032259 45690 46333
12 62.310000 60.320000 1000000 9.555786 9.487076 9.560757 9.545094 0.032061 0.032259 0.152902 0.149461 0.032259 0.032051 0.032259 46330 46821
12 62.310000 60.320000 1000000 9.553981 9.486001 9.558955 9.544019 0.032062 0.032259 0.151851 0.148385 0.032259 0.032051 0.032259 46820 47266
12 62.310000 60.320000 1000000 9.553630 9.484925 9.558604 9.542944 0.032062 0.032259 0.150801 0.147310 0.032259 0.032051 0.032259 47260 48614
12 62.310000 60.320000 1000000 9.552091 9.480624 9.557068 9.538643 0.032060 0.032259 0.151851 0.148385 0.032259 0.032049 0.032259 48610 48937
12 62.310000 60.320000 1000000 9.551279 9.479549 9.556257 9.537567 0.032058 0.032259 0.151851 0.148385 0.032259 0.032048 0.032259 48930 49042
12 62.310000 60.320000 1000000 9.549837 9.478474 9.554817 9.536492 0.032059 0.032259 0.150801 0.147310 0.032259 0.032048 0.032259 49040 51202
12 62.310000 60.320000 1000000 9.546376 9.474173 9.551362 9.532191 0.032056 0.032259 0.152902 0.149460 0.032259 0.032045 0.032259 51200 52346
12 62.310000 60.320000 1000000 9.546173 9.473097 9.551396 9.532370 0.032056 0.032259 0.151851 0.148385 0.032259 0.032045 0.032259 52340 54584
12 62.310000 60.320000 1000000 9.532763 9.450517 9.538007 9.509790 0.032050 0.032259 0.151852 0.148386 0.032259 0.032039 0.032259 54580 56158
12 62.310000 60.320000 1000000 9.529102 9.447291 9.534353 9.506564 0.032048 0.032259 0.152903 0.149461 0.032259 0.032037 0.032259 56150 57817
12 62.310000 60.320000 1000000 9.514454 9.407507 9.519730 9.466779 0.032050 0.032259 0.152903 0.149461 0.032259 0.032039 0.032259 57810 68747
12 62.310000 60.320000 1000000 9.492777 9.391378 9.498088 9.450650 0.032050 0.032259 0.159214 0.155911 0.032259 0.032039 0.032259 68740 69283
12 62.310000 60.320000 1000000 9.491116 9.390302 9.496430 9.449575 0.032050 0.032259 0.158161 0.154836 0.032259 0.032039 0.032259 69280 71763
12 62.310000 60.320000 1000000 9.483569 9.382776 9.488896 9.442048 0.032051 0.032259 0.161320 0.158062 0.032259 0.032040 0.032259 70910 72807
12 62.310000 60.320000 1000000 9.481203 9.376324 9.486534 9.435597 0.032050 0.032259 0.163428 0.160213 0.032259 0.032039 0.032259 72800 75112
12 62.310000 60.320000 1000000 9.479646 9.375249 9.484979 9.434522 0.032050 0.032259 0.162374 0.159137 0.032259 0.032039 0.032259 75110 77413
12 62.310000 60.320000 1000000 9.463777 9.283315 9.464813 9.299175 0.032057 0.032259 0.132480 0.128493 0.032259 0.032048 0.032259 77410 78498
12 62.310000 60.320000 1000000 9.462793 9.282240 9.463829 9.298099 0.032057 0.032259 0.132480 0.128493 0.032259 0.032048 0.032259 78490 83950
12 62.310000 60.320000 1000000 9.446035 9.269336 9.447077 9.285196 0.032057 0.032259 0.131438 0.127418 0.032259 0.032048 0.032259 83950 91160
12 62.310000 60.320000 1000000 9.419093 9.208046 9.418170 9.220232 0.032056 0.032259 0.105585 0.100536 0.032259 0.032048 0.032259 91160 93108
12 62.310000 60.320000 1000000 9.418588 9.206971 9.417664 9.219157 0.032055 0.032259 0.106609 0.101612 0.032259 0.032047 0.032259 93100 93942
12 62.310000 60.320000 1000000 9.415424 9.202670 9.414500 9.214856 0.032052 0.032259 0.108661 0.103762 0.032259 0.032043 0.032259 93940 101352
12 62.310000 60.320000 1000000 9.409651 9.194068 9.408494 9.205044 0.032050 0.032259 0.100479 0.095160 0.032259 0.032042 0.032259 101350 107886
12 62.310000 60.320000 1000000 9.397281 9.181165 9.396120 9.192141 0.032048 0.032259 0.096415 0.090859 0.032259 0.032039 0.032259 107880 108472
12 62.310000 60.320000 1000000 9.396841 9.180090 9.395679 9.191066 0.032047 0.032259 0.097429 0.091934 0.032259 0.032038 0.032259 108470 109906
12 62.310000 60.320000 1000000 9.391789 9.176864 9.390625 9.187840 0.032047 0.032259 0.098445 0.093009 0.032259 0.032039 0.032259 109900 110528
12 62.310000 60.320000 1000000 9.386346 9.170412 9.385181 9.181388 0.032047 0.032259 0.100479 0.095160 0.032259 0.032039 0.032259 110520 112665
12 62.310000 60.320000 1000000 9.385762 9.169337 9.384596 9.180313 0.032046 0.032259 0.100479 0.095160 0.032259 0.032038 0.032259 112660 112997
12 62.310000 60.320000 1000000 9.385067 9.168262 9.383901 9.179238 0.032046 0.032259 0.101498 0.096235 0.032259 0.032038 0.032259 112990 115001
12 62.310000 60.320000 1000000 9.377395 9.162885 9.376226 9.173861 0.032047 0.032259 0.102518 0.097311 0.032259 0.032038 0.032259 115000 115358
12 62.310000 60.320000 1000000 9.375951 9.161810 9.374781 9.172786 0.032047 0.032259 0.103539 0.098386 0.032259 0.032038 0.032259 115350 118936
12 62.310000 60.320000 1000000 9.373350 9.158584 9.372180 9.169560 0.032043 0.032259 0.105585 0.100536 0.032259 0.032035 0.032259 118930 124659
12 62.310000 60.320000 1000000 9.343088 9.139230 9.341906 9.150206 0.032061 0.032259 0.094393 0.088710 0.032259 0.032053 0.032259 124650 129188
12 62.310000 60.320000 1000000 9.326629 9.120950 9.325441 9.131926 0.032060 0.032259 0.091369 0.085485 0.032259 0.032051 0.032259 129180 129580
12 62.310000 60.320000 1000000 9.325161 9.119875 9.323972 9.130851 0.032060 0.032259 0.090364 0.084410 0.032259 0.032051 0.032259 129580 136413
12 62.310000 60.320000 1000000 9.310778 9.101595 9.309022 9.109346 0.032058 0.032259 0.087359 0.081185 0.032259 0.032049 0.032259 136410 145725
12 62.310000 60.320000 1000000 9.258597 9.067186 9.256812 9.074937 0.032067 0.032259 0.096417 0.090861 0.032259 0.032057 0.032259 145720 149343
12 62.310000 60.320000 1000000 9.258050 9.063961 9.256904 9.075474 0.032067 0.032259 0.097431 0.091936 0.032259 0.032057 0.032259 146830 153691
12 62.310000 60.320000 1000000 9.217946 9.041380 9.216784 9.052894 0.032086 0.032259 0.098446 0.093011 0.032259 0.032076 0.032259 153690 156439
12 62.310000 60.320000 1000000 9.196415 9.020950 9.195179 9.032060 0.032085 0.032259 0.099462 0.094086 0.032259 0.032075 0.032259 156430 158644
12 62.310000 60.320000 1000000 9.192204 9.016649 9.190967 9.027759 0.032084 0.032259 0.102519 0.097312 0.032259 0.032075 0.032259 158640 168041
12 62.310000 60.320000 1000000 9.188696 9.003746 9.187163 9.009749 0.032085 0.032259 0.099463 0.094087 0.032259 0.032075 0.032259 168040 176655
12 62.310000 60.320000 1000000 9.156447 8.985466 9.154898 8.991469 0.032101 0.032259 0.083376 0.076883 0.032259 0.032091 0.032259 176650 178234
12 62.310000 60.320000 1000000 9.150854 8.980090 9.149302 8.986093 0.032103 0.032259 0.078446 0.071506 0.032259 0.032093 0.032259 178230 188727
12 62.310000 60.320000 1000000 9.149202 8.979015 9.147649 8.985018 0.032103 0.032259 0.078446 0.071506 0.032259 0.032093 0.032259 188720 203995
12 62.310000 60.320000 1000000 9.142867 8.973638 9.141311 8.979641 0.032102 0.032259 0.078446 0.071507 0.032259 0.032092 0.032259 203990 205403
12 62.310000 60.320000 1000000 9.141331 8.972563 9.139773 8.978566 0.032102 0.032259 0.078446 0.071507 0.032259 0.032092 0.032259 205400 215276
12 62.310000 60.320000 1000000 9.125319 8.958585 9.123899 8.965842 0.032097 0.032259 0.084368 0.077957 0.032259 0.032087 0.032259 215270 219823
12 62.310000 60.320000 1000000 9.118735 8.952133 9.117313 8.959391 0.032097 0.032259 0.086359 0.080107 0.032259 0.032087 0.032259 219820 222532
12 62.310000 60.320000 1000000 9.109765 8.944606 9.108272 8.951460 0.032100 0.032259 0.085362 0.079032 0.032259 0.032090 0.032259 222530 224433
12 62.310000 60.320000 1000000 9.108994 8.943531 9.107501 8.950385 0.032098 0.032259 0.085362 0.079032 0.032259 0.032088 0.032259 224430 226438
12 62.310000 60.320000 1000000 9.101930 8.938154 9.100434 8.945009 0.032099 0.032259 0.087357 0.081183 0.032259 0.032089 0.032259 226430 231271
12 62.310000 60.320000 1000000 9.101183 8.937079 9.099686 8.943933 0.032099 0.032259 0.087357 0.081183 0.032259 0.032089 0.032259 231270 237270
12 62.310000 60.320000 1000000 9.082032 8.924176 9.080526 8.931030 0.032101 0.032259 0.089359 0.083333 0.032259 0.032091 0.032259 237270 239900
12 62.310000 60.320000 1000000 9.081718 8.923101 9.080212 8.929955 0.032101 0.032259 0.088357 0.082258 0.032259 0.032091 0.032259 239900 241601
12 62.310000 60.320000 1000000 9.079855 8.922025 9.078347 8.928880 0.032101 0.032259 0.088357 0.082258 0.032259 0.032091 0.032259 241600 244299
12 62.310000 60.320000 1000000 9.077966 8.920950 9.076458 8.927804 0.032102 0.032259 0.087357 0.081183 0.032259 0.032092 0.032259 244290 253825
12 62.310000 60.320000 1000000 9.076887 8.919875 9.075379 8.926729 0.032101 0.032259 0.087357 0.081183 0.032259 0.032091 0.032259 253820 258504
12 62.310000 60.320000 1000000 9.076064 8.918799 9.074555 8.925654 0.032101 0.032259 0.088357 0.082258 0.032259 0.032091 0.032259 258500 263609
12 62.310000 60.320000 1000000 9.071571 8.914498 9.070059 8.921353 0.032100 0.032259 0.088358 0.082258 0.032259 0.032090 0.032259 263600 266181
12 62.310000 60.320000 1000000 9.062034 8.906971 9.060517 8.913826 0.032103 0.032259 0.090363 0.084409 0.032259 0.032093 0.032259 266180 276733
12 62.310000 60.320000 1000000 9.047320 8.894068 9.045796 8.900923 0.032106 0.032259 0.089360 0.083334 0.032259 0.032096 0.032259 276730 282302
12 62.310000 60.320000 1000000 9.040185 8.889767 9.038658 8.896621 0.032107 0.032259 0.090364 0.084409 0.032259 0.032097 0.032259 282300 286982
12 62.310000 60.320000 1000000 9.038528 8.885466 9.037000 8.892320 0.032106 0.032259 0.091368 0.085484 0.032259 0.032096 0.032259 286980 288278
12 62.310000 60.320000 1000000 9.037969 8.884391 9.036441 8.891245 0.032105 0.032259 0.090363 0.084409 0.032259 0.032095 0.032259 288270 290257
12 62.310000 60.320000 1000000 9.037424 8.883315 9.035896 8.890170 0.032104 0.032259 0.090363 0.084409 0.032259 0.032094 0.032259 290250 301744
12 62.310000 60.320000 1000000 9.027650 8.872563 9.026116 8.879417 0.032102 0.032259 0.086359 0.080108 0.032259 0.032092 0.032259 301740 304451
12 62.310000 60.320000 1000000 9.027183 8.871488 9.025649 8.878342 0.032102 0.032259 0.086359 0.080108 0.032259 0.032092 0.032259 304450 306404
12 62.310000 60.320000 1000000 9.026460 8.870412 9.024926 8.877267 0.032101 0.032259 0.086359 0.080108 0.032259 0.032091 0.032259 306400 312023
12 62.310000 60.320000 1000000 9.014858 8.859660 9.013318 8.866514 0.032105 0.032259 0.081397 0.074732 0.032259 0.032095 0.032259 312020 316030
12 62.310000 60.320000 1000000 9.013781 8.858584 9.012241 8.865439 0.032104 0.032259 0.081397 0.074732 0.032259 0.032094 0.032259 316030 322596
12 62.310000 60.320000 1000000 9.004333 8.849982 9.002788 8.856837 0.032100 0.032259 0.088357 0.082258 0.032259 0.032090 0.032259 322590 325455
12 62.310000 60.320000 1000000 9.004081 8.848907 9.002535 8.855761 0.032100 0.032259 0.087357 0.081183 0.032259 0.032089 0.032259 325450 345344
12 62.310000 60.320000 1000000 8.993002 8.840305 8.991450 8.847159 0.032101 0.032259 0.083375 0.076881 0.032259 0.032091 0.032259 345340 348413
12 62.310000 60.320000 1000000 8.986572 8.833853 8.985017 8.840707 0.032100 0.032259 0.083375 0.076881 0.032259 0.032089 0.032259 348410 348968
12 62.310000 60.320000 1000000 8.986280 8.832778 8.984615 8.839229 0.032100 0.032259 0.082384 0.075806 0.032259 0.032090 0.032259 348960 359378
12 62.310000 60.320000 1000000 8.967079 8.820950 8.965404 8.827401 0.032103 0.032259 0.088357 0.082258 0.032259 0.032093 0.032259 359370 360794
12 62.310000 60.320000 1000000 8.964562 8.817724 8.962885 8.824175 0.032102 0.032259 0.087357 0.081182 0.032259 0.032092 0.032259 360790 364759
12 62.310000 60.320000 1000000 8.955572 8.809122 8.953890 8.815573 0.032102 0.032259 0.086358 0.080107 0.032259 0.032092 0.032259 364750 367949
12 62.310000 60.320000 1000000 8.953970 8.808047 8.952288 8.814498 0.032103 0.032259 0.085362 0.079032 0.032259 0.032093 0.032259 367940 384857
12 62.310000 60.320000 1000000 8.951124 8.805896 8.949440 8.812347 0.032104 0.032259 0.085362 0.079032 0.032259 0.032093 0.032259 368490 372339
12 62.310000 60.320000 1000000 8.949745 8.804821 8.948060 8.811272 0.032104 0.032259 0.085362 0.079032 0.032259 0.032094 0.032259 372330 384857
12 62.310000 60.320000 1000000 8.928717 8.787616 8.927020 8.794068 0.032098 0.032259 0.091366 0.085482 0.032259 0.032087 0.032259 384850 387715
12 62.310000 60.320000 1000000 8.927520 8.786541 8.925823 8.792992 0.032098 0.032259 0.092373 0.086557 0.032259 0.032087 0.032259 387710 415804
12 62.310000 60.320000 1000000 8.903783 8.748369 8.901100 8.745457 0.032098 0.032259 0.084863 0.078493 0.032259 0.032089 0.032259 415800 417450
12 62.310000 60.320000 1000000 8.901845 8.747294 8.899160 8.744381 0.032099 0.032259 0.083870 0.077418 0.032259 0.032090 0.032259 417450 432523
12 62.310000 60.320000 1000000 8.896756 8.740842 8.893956 8.737527 0.032101 0.032259 0.083869 0.077417 0.032259 0.032092 0.032259 432520 451759
12 62.310000 60.320000 1000000 8.894988 8.739767 8.892187 8.736451 0.032101 0.032259 0.083869 0.077417 0.032259 0.032092 0.032259 451750 485629
12 62.310000 60.320000 1000000 8.883554 8.726864 8.880741 8.723548 0.032102 0.032259 0.081888 0.075266 0.032259 0.032093 0.032259 485620 488659
12 62.310000 60.320000 1000000 8.882360 8.725789 8.879546 8.722473 0.032101 0.032259 0.081888 0.075266 0.032259 0.032092 0.032259 488650 488743
12 62.310000 60.320000 1000000 8.881889 8.724713 8.879074 8.721398 0.032100 0.032259 0.082877 0.076341 0.032259 0.032091 0.032259 488740 492644
12 62.310000 60.320000 1000000 8.880970 8.723638 8.878155 8.720322 0.032099 0.032259 0.082877 0.076341 0.032259 0.032090 0.032259 492640 506178
12 62.310000 60.320000 1000000 8.877903 8.719337 8.875085 8.716021 0.032095 0.032259 0.082877 0.076341 0.032259 0.032085 0.032259 506170 517655
12 62.310000 60.320000 1000000 8.864269 8.708584 8.861594 8.706523 0.032097 0.032259 0.080901 0.074191 0.032259 0.032087 0.032259 517650 520376
12 62.310000 60.320000 1000000 8.862761 8.707509 8.860085 8.705448 0.032098 0.032259 0.079916 0.073116 0.032259 0.032088 0.032259 520370 522492
12 62.310000 60.320000 1000000 8.861986 8.706434 8.859308 8.704372 0.032098 0.032259 0.079916 0.073116 0.032259 0.032089 0.032259 522490 525778
12 62.310000 60.320000 1000000 8.859804 8.703208 8.857425 8.703656 0.032098 0.032259 0.077952 0.070964 0.032259 0.032090 0.032259 525770 532123
12 62.310000 60.320000 1000000 8.859654 8.701595 8.857195 8.701191 0.032099 0.032259 0.078442 0.071502 0.032259 0.032090 0.032259 532120 583542
12 62.310000 60.320000 1000000 8.826189 8.679014 8.823703 8.678611 0.032101 0.032259 0.097428 0.091932 0.032259 0.032092 0.032259 583540 596072
12 62.310000 60.320000 1000000 8.825987 8.677939 8.823736 8.678790 0.032101 0.032259 0.096414 0.090857 0.032259 0.032092 0.032259 596070 606849
12 62.310000 60.320000 1000000 8.810543 8.668262 8.808280 8.669113 0.032103 0.032259 0.102516 0.097308 0.032259 0.032094 0.032259 606840 613812
12 62.310000 60.320000 1000000 8.808845 8.667186 8.806580 8.668037 0.032104 0.032259 0.101496 0.096233 0.032259 0.032095 0.032259 613810 629119
12 62.310000 60.320000 1000000 8.790948 8.655358 8.788669 8.656209 0.032106 0.032259 0.094390 0.088707 0.032259 0.032097 0.032259 629110 666291
12 62.310000 60.320000 1000000 8.787502 8.651057 8.785221 8.651908 0.032106 0.032259 0.092372 0.086556 0.032259 0.032097 0.032259 666290 668568
12 62.310000 60.320000 1000000 8.787187 8.649982 8.784906 8.650833 0.032106 0.032259 0.092372 0.086556 0.032259 0.032097 0.032259 668560 683391
12 62.310000 60.320000 1000000 8.781710 8.643530 8.779425 8.644381 0.032106 0.032259 0.091366 0.085481 0.032259 0.032097 0.032259 683390 687703
12 62.310000 60.320000 1000000 8.780031 8.642455 8.777744 8.643306 0.032107 0.032259 0.090360 0.084406 0.032259 0.032098 0.032259 687700 705807
12 62.310000 60.320000 1000000 8.759891 8.629552 8.757588 8.630403 0.032111 0.032259 0.081395 0.074729 0.032259 0.032102 0.032259 705800 724179
12 62.310000 60.320000 1000000 8.753457 8.625251 8.751149 8.626102 0.032112 0.032259 0.084366 0.077955 0.032259 0.032103 0.032259 724170 811642
12 62.310000 60.320000 1000000 8.734470 8.613423 8.732147 8.614274 0.032118 0.032259 0.078444 0.071504 0.032259 0.032109 0.032259 811640 837301
12 62.310000 60.320000 1000000 8.711723 8.595143 8.709382 8.595994 0.032125 0.032259 0.079425 0.072579 0.032259 0.032116 0.032259 837300 879157
12 62.310000 60.320000 1000000 8.710990 8.594068 8.708648 8.594919 0.032124 0.032259 0.078444 0.071504 0.032259 0.032115 0.032259 879150 937340
12 62.310000 60.320000 1000000 8.701206 8.581165 8.698857 8.582016 0.032125 0.032259 0.079425 0.072579 0.032259 0.032116 0.032259 937340 993019
12 62.310000 60.320000 1000000 8.693972 8.572563 8.691617 8.573414 0.032120 0.032259 0.081395 0.074730 0.032259 0.032111 0.032259 993010 1000000
