40 62.310000 60.320000 1000000 13.647357 13.654264 13.642479 13.656368 0.031894 0.032257 0.256340 0.254303 0.032257 0.031886 0.032257 0 50
40 62.310000 60.320000 1000000 12.378630 12.220398 12.375120 12.226400 0.031479 0.032257 0.319907 0.318277 0.032257 0.031469 0.032257 50 60
40 62.310000 60.320000 1000000 12.052653 11.864485 12.048683 11.867934 0.031421 0.032257 0.229162 0.226880 0.032257 0.031411 0.032257 60 70
40 62.310000 60.320000 1000000 11.803674 11.659647 11.799394 11.661795 0.031397 0.032257 0.176624 0.173654 0.032257 0.031387 0.032257 70 80
40 62.310000 60.320000 1000000 11.703089 11.526852 11.698796 11.528149 0.031368 0.032257 0.245139 0.243007 0.032257 0.031358 0.032257 80 92
40 62.310000 60.320000 1000000 11.602692 11.397282 11.596973 11.393293 0.031373 0.032257 0.255270 0.253224 0.032257 0.031363 0.032257 90 101
40 62.310000 60.320000 1000000 11.486753 11.260723 11.482341 11.259064 0.031330 0.032257 0.198870 0.196237 0.032257 0.031320 0.032257 100 112
40 62.310000 60.320000 1000000 11.388349 11.140831 11.383282 11.135991 0.031350 0.032257 0.163431 0.160216 0.032257 0.031339 0.032257 110 124
40 62.310000 60.320000 1000000 11.353029 11.108573 11.347914 11.103733 0.031359 0.032257 0.150803 0.147312 0.032257 0.031349 0.032257 120 130
40 62.310000 60.320000 1000000 11.302909 11.062337 11.300591 11.073805 0.031366 0.032257 0.147652 0.144086 0.032257 0.031356 0.032257 130 141
40 62.310000 60.320000 1000000 11.266162 11.029003 11.263821 11.040471 0.031376 0.032257 0.156054 0.152684 0.032257 0.031366 0.032257 140 155
40 62.310000 60.320000 1000000 11.247365 11.010724 11.245012 11.022192 0.031379 0.032257 0.156056 0.152686 0.032257 0.031369 0.032257 150 166
40 62.310000 60.320000 1000000 11.177642 10.912875 11.174927 10.923715 0.031374 0.032257 0.172923 0.169888 0.032257 0.031363 0.032257 160 171
40 62.310000 60.320000 1000000 11.069057 10.845133 11.065839 10.854360 0.031420 0.032257 0.172927 0.169892 0.032257 0.031409 0.032257 170 185
40 62.310000 60.320000 1000000 11.018654 10.815025 11.015391 10.824253 0.031464 0.032257 0.178212 0.175268 0.032257 0.031453 0.032257 180 190
40 62.310000 60.320000 1000000 10.995626 10.777391 10.991213 10.774702 0.031470 0.032257 0.171873 0.168819 0.032257 0.031459 0.032257 190 200
40 62.310000 60.320000 1000000 10.857577 10.653736 10.852994 10.651046 0.031520 0.032257 0.243014 0.240863 0.032257 0.031509 0.032257 200 210
40 62.310000 60.320000 1000000 10.674901 10.548360 10.669906 10.544864 0.031685 0.032257 0.223845 0.221509 0.032257 0.031675 0.032257 210 226
40 62.310000 60.320000 1000000 10.587350 10.463414 10.582231 10.459918 0.031725 0.032257 0.205773 0.203229 0.032257 0.031715 0.032257 220 236
40 62.310000 60.320000 1000000 10.538255 10.394597 10.540328 10.438772 0.031752 0.032257 0.240881 0.238711 0.032257 0.031745 0.032257 230 247
40 62.310000 60.320000 1000000 10.489255 10.283845 10.487375 10.309740 0.031735 0.032257 0.275018 0.273120 0.032257 0.031727 0.032257 240 253
40 62.310000 60.320000 1000000 10.426655 10.164490 10.424741 10.190385 0.031731 0.032257 0.176100 0.173120 0.032257 0.031723 0.032257 250 263
40 62.310000 60.320000 1000000 10.419387 10.103200 10.415007 10.098450 0.031730 0.032257 0.157112 0.153765 0.032257 0.031721 0.032257 260 273
40 62.310000 60.320000 1000000 10.406259 10.078469 10.401451 10.066505 0.031735 0.032257 0.153957 0.150539 0.032257 0.031726 0.032257 270 282
40 62.310000 60.320000 1000000 10.367007 10.031157 10.362145 10.019193 0.031723 0.032257 0.117423 0.112905 0.032257 0.031713 0.032257 280 292
40 62.310000 60.320000 1000000 10.359594 10.019329 10.355693 10.017401 0.031727 0.032257 0.119493 0.115057 0.032257 0.031719 0.032257 290 332
40 62.310000 60.320000 1000000 10.322611 9.997824 10.318668 9.995896 0.031744 0.032257 0.128837 0.124734 0.032257 0.031736 0.032257 330 382
40 62.310000 60.320000 1000000 10.208723 9.908578 10.204646 9.906650 0.031759 0.032257 0.126756 0.122583 0.032257 0.031752 0.032257 380 395
40 62.310000 60.320000 1000000 10.198241 9.895674 10.193902 9.892134 0.031761 0.032257 0.129879 0.125809 0.032257 0.031753 0.032257 390 458
40 62.310000 60.320000 1000000 10.094746 9.818255 10.090545 9.815969 0.031800 0.032257 0.144509 0.140863 0.032257 0.031793 0.032257 450 469
40 62.310000 60.320000 1000000 10.071371 9.793524 10.067042 9.790835 0.031809 0.032257 0.141367 0.137638 0.032257 0.031801 0.032257 460 480
40 62.310000 60.320000 1000000 10.065391 9.775245 10.063382 9.783398 0.031811 0.032257 0.140320 0.136561 0.032257 0.031802 0.032257 480 500
40 62.310000 60.320000 1000000 10.054504 9.764492 10.052488 9.772645 0.031813 0.032257 0.135093 0.131185 0.032257 0.031804 0.032257 500 513
40 62.310000 60.320000 1000000 10.048611 9.756965 10.046592 9.765118 0.031813 0.032257 0.138228 0.134411 0.032257 0.031804 0.032257 510 526
40 62.310000 60.320000 1000000 9.996849 9.704815 9.993736 9.701902 0.031834 0.032257 0.146083 0.142477 0.032257 0.031826 0.032257 520 533
40 62.310000 60.320000 1000000 9.937056 9.666106 9.933886 9.663193 0.031853 0.032257 0.148181 0.144628 0.032257 0.031845 0.032257 530 540
40 62.310000 60.320000 1000000 9.918947 9.655353 9.915760 9.652440 0.031858 0.032257 0.150281 0.146778 0.032257 0.031850 0.032257 540 557
40 62.310000 60.320000 1000000 9.910213 9.644601 9.906816 9.640881 0.031860 0.032257 0.149231 0.145703 0.032257 0.031852 0.032257 550 584
40 62.310000 60.320000 1000000 9.804077 9.567182 9.801750 9.569734 0.031904 0.032257 0.152378 0.148925 0.032257 0.031896 0.032257 580 592
40 62.310000 60.320000 1000000 9.764497 9.545677 9.762142 9.548229 0.031939 0.032257 0.142933 0.139246 0.032257 0.031930 0.032257 590 605
40 62.310000 60.320000 1000000 9.728846 9.523096 9.726464 9.525649 0.031952 0.032257 0.152378 0.148925 0.032257 0.031944 0.032257 600 611
40 62.310000 60.320000 1000000 9.719671 9.517720 9.717283 9.520272 0.031954 0.032257 0.149227 0.145699 0.032257 0.031946 0.032257 610 621
40 62.310000 60.320000 1000000 9.715596 9.514494 9.713204 9.517047 0.031953 0.032257 0.147128 0.143549 0.032257 0.031944 0.032257 620 635
40 62.310000 60.320000 1000000 9.711277 9.508042 9.708883 9.510595 0.031952 0.032257 0.147129 0.143549 0.032257 0.031943 0.032257 630 680
40 62.310000 60.320000 1000000 9.622711 9.447290 9.620012 9.445586 0.031988 0.032257 0.149753 0.146238 0.032257 0.031979 0.032257 680 699
40 62.310000 60.320000 1000000 9.620816 9.446215 9.618115 9.444511 0.031989 0.032257 0.148704 0.145163 0.032257 0.031980 0.032257 690 708
40 62.310000 60.320000 1000000 9.611513 9.440839 9.608805 9.439135 0.031996 0.032257 0.144508 0.140862 0.032257 0.031987 0.032257 700 732
40 62.310000 60.320000 1000000 9.594557 9.421484 9.591835 9.419780 0.031986 0.032257 0.137181 0.133334 0.032257 0.031977 0.032257 730 742
40 62.310000 60.320000 1000000 9.590064 9.417183 9.587337 9.415479 0.031986 0.032257 0.140318 0.136560 0.032257 0.031977 0.032257 740 773
40 62.310000 60.320000 1000000 9.583943 9.411806 9.581211 9.410103 0.031983 0.032257 0.142412 0.138710 0.032257 0.031974 0.032257 770 796
40 62.310000 60.320000 1000000 9.532615 9.384925 9.529839 9.383221 0.032035 0.032257 0.118456 0.113980 0.032257 0.032026 0.032257 790 830
40 62.310000 60.320000 1000000 9.525519 9.377398 9.522737 9.375694 0.032033 0.032257 0.119491 0.115055 0.032257 0.032024 0.032257 830 865
40 62.310000 60.320000 1000000 9.505492 9.364494 9.502834 9.364045 0.032037 0.032257 0.118456 0.113979 0.032257 0.032028 0.032257 860 870
40 62.310000 60.320000 1000000 9.502366 9.361269 9.499632 9.360416 0.032035 0.032257 0.116389 0.111829 0.032257 0.032027 0.032257 870 1007
40 62.310000 60.320000 1000000 9.448629 9.329011 9.445848 9.328158 0.032063 0.032257 0.105074 0.100001 0.032257 0.032055 0.032257 1000 1012
40 62.310000 60.320000 1000000 9.438361 9.315032 9.435571 9.314180 0.032063 0.032257 0.104052 0.098926 0.032257 0.032054 0.032257 1010 1023
40 62.310000 60.320000 1000000 9.437009 9.310731 9.434004 9.308669 0.032061 0.032257 0.099972 0.094625 0.032257 0.032052 0.032257 1020 1063
40 62.310000 60.320000 1000000 9.407294 9.290301 9.404261 9.288239 0.032078 0.032257 0.088859 0.082797 0.032257 0.032069 0.032257 1060 1096
40 62.310000 60.320000 1000000 9.372865 9.268796 9.369798 9.266734 0.032099 0.032257 0.080905 0.074196 0.032257 0.032090 0.032257 1090 1113
40 62.310000 60.320000 1000000 9.372036 9.267720 9.368968 9.265658 0.032098 0.032257 0.081892 0.075271 0.032257 0.032089 0.032257 1110 1128
40 62.310000 60.320000 1000000 9.370820 9.263419 9.367409 9.260148 0.032098 0.032257 0.085862 0.079572 0.032257 0.032089 0.032257 1120 1166
40 62.310000 60.320000 1000000 9.314229 9.211807 9.310756 9.208535 0.032102 0.032257 0.092883 0.087102 0.032257 0.032093 0.032257 1160 1203
40 62.310000 60.320000 1000000 9.302609 9.202129 9.299123 9.198858 0.032107 0.032257 0.090869 0.084951 0.032257 0.032098 0.032257 1200 1217
40 62.310000 60.320000 1000000 9.297808 9.197828 9.294317 9.194557 0.032104 0.032257 0.092882 0.087101 0.032257 0.032096 0.032257 1210 1252
40 62.310000 60.320000 1000000 9.285371 9.187076 9.281865 9.183804 0.032106 0.032257 0.089864 0.083875 0.032257 0.032098 0.032257 1250 1381
40 62.310000 60.320000 1000000 9.280616 9.181699 9.277368 9.179682 0.032106 0.032257 0.089863 0.083874 0.032257 0.032097 0.032257 1380 1420
40 62.310000 60.320000 1000000 9.280050 9.180624 9.276801 9.178607 0.032105 0.032257 0.088861 0.082799 0.032257 0.032096 0.032257 1420 1435
40 62.310000 60.320000 1000000 9.279922 9.179549 9.276822 9.178786 0.032105 0.032257 0.088860 0.082799 0.032257 0.032096 0.032257 1430 1454
40 62.310000 60.320000 1000000 9.278350 9.178473 9.275248 9.177711 0.032106 0.032257 0.087859 0.081723 0.032257 0.032097 0.032257 1450 1544
40 62.310000 60.320000 1000000 9.275739 9.176323 9.272635 9.175560 0.032106 0.032257 0.085863 0.079573 0.032257 0.032097 0.032257 1540 1622
40 62.310000 60.320000 1000000 9.263121 9.166645 9.260264 9.167137 0.032109 0.032257 0.087859 0.081724 0.032257 0.032100 0.032257 1620 1652
40 62.310000 60.320000 1000000 9.253604 9.160194 9.250738 9.160686 0.032115 0.032257 0.083874 0.077423 0.032257 0.032106 0.032257 1650 1669
40 62.310000 60.320000 1000000 9.239010 9.149441 9.236130 9.149933 0.032118 0.032257 0.092882 0.087100 0.032257 0.032110 0.032257 1660 1724
40 62.310000 60.320000 1000000 9.237159 9.148366 9.234277 9.148858 0.032119 0.032257 0.091874 0.086025 0.032257 0.032111 0.032257 1720 1772
40 62.310000 60.320000 1000000 9.198595 9.124710 9.195677 9.125202 0.032129 0.032257 0.088862 0.082800 0.032257 0.032120 0.032257 1770 1807
40 62.310000 60.320000 1000000 9.198026 9.123635 9.195108 9.124127 0.032128 0.032257 0.087861 0.081726 0.032257 0.032119 0.032257 1800 2154
40 62.310000 60.320000 1000000 9.183774 9.112882 9.180842 9.113374 0.032126 0.032257 0.089865 0.083875 0.032257 0.032118 0.032257 2150 2263
40 62.310000 60.320000 1000000 9.162970 9.096215 9.159967 9.095856 0.032138 0.032257 0.084371 0.077961 0.032257 0.032129 0.032257 2260 2300
40 62.310000 60.320000 1000000 9.162794 9.094603 9.159698 9.093392 0.032138 0.032257 0.083874 0.077423 0.032257 0.032130 0.032257 2300 2351
40 62.310000 60.320000 1000000 9.159946 9.090302 9.156847 9.089091 0.032139 0.032257 0.083874 0.077423 0.032257 0.032131 0.032257 2350 2408
40 62.310000 60.320000 1000000 9.155608 9.086000 9.152504 9.084790 0.032137 0.032257 0.082882 0.076347 0.032257 0.032128 0.032257 2400 2530
40 62.310000 60.320000 1000000 9.146296 9.079549 9.143183 9.078338 0.032143 0.032257 0.077958 0.070971 0.032257 0.032134 0.032257 2530 2649
40 62.310000 60.320000 1000000 9.144675 9.078474 9.141560 9.077263 0.032143 0.032257 0.076980 0.069895 0.032257 0.032135 0.032257 2640 2735
40 62.310000 60.320000 1000000 9.143341 9.077398 9.140225 9.076188 0.032144 0.032257 0.077958 0.070971 0.032257 0.032135 0.032257 2730 2790
40 62.310000 60.320000 1000000 9.125710 9.064495 9.122576 9.063284 0.032149 0.032257 0.070218 0.062370 0.032257 0.032140 0.032257 2790 2809
40 62.310000 60.320000 1000000 9.125141 9.063420 9.122006 9.062209 0.032148 0.032257 0.071174 0.063445 0.032257 0.032140 0.032257 2800 2835
40 62.310000 60.320000 1000000 9.122652 9.060194 9.119781 9.060238 0.032147 0.032257 0.072134 0.064519 0.032257 0.032138 0.032257 2830 2857
40 62.310000 60.320000 1000000 9.121897 9.059119 9.119025 9.059163 0.032146 0.032257 0.073097 0.065595 0.032257 0.032137 0.032257 2850 2928
40 62.310000 60.320000 1000000 9.117111 9.054818 9.114497 9.056116 0.032145 0.032257 0.072134 0.064520 0.032257 0.032136 0.032257 2920 2968
40 62.310000 60.320000 1000000 9.115589 9.053743 9.112974 9.055041 0.032144 0.032257 0.071174 0.063444 0.032257 0.032135 0.032257 2960 2989
40 62.310000 60.320000 1000000 9.114114 9.052667 9.111497 9.053966 0.032144 0.032257 0.071174 0.063444 0.032257 0.032135 0.032257 2980 2995
40 62.310000 60.320000 1000000 9.112509 9.051592 9.109891 9.052890 0.032144 0.032257 0.070217 0.062369 0.032257 0.032135 0.032257 2990 3049
40 62.310000 60.320000 1000000 9.111314 9.050517 9.108695 9.051815 0.032144 0.032257 0.070217 0.062369 0.032257 0.032135 0.032257 3040 3120
40 62.310000 60.320000 1000000 9.094953 9.036538 9.092319 9.037837 0.032136 0.032257 0.071174 0.063445 0.032257 0.032127 0.032257 3120 3296
40 62.310000 60.320000 1000000 9.093887 9.035463 9.091253 9.036761 0.032137 0.032257 0.070217 0.062369 0.032257 0.032128 0.032257 3290 3336
40 62.310000 60.320000 1000000 9.089229 9.032237 9.086590 9.033536 0.032138 0.032257 0.069264 0.061294 0.032257 0.032129 0.032257 3330 3424
40 62.310000 60.320000 1000000 9.081684 9.027936 9.079039 9.029234 0.032141 0.032257 0.070217 0.062369 0.032257 0.032132 0.032257 3420 3466
40 62.310000 60.320000 1000000 9.079314 9.018797 9.076217 9.015839 0.032141 0.032257 0.069741 0.061833 0.032257 0.032132 0.032257 3460 3478
40 62.310000 60.320000 1000000 9.077561 9.017721 9.074462 9.014763 0.032142 0.032257 0.068789 0.060757 0.032257 0.032133 0.032257 3470 3660
40 62.310000 60.320000 1000000 9.061381 9.004818 9.058266 9.001860 0.032141 0.032257 0.073581 0.066133 0.032257 0.032133 0.032257 3660 3744
40 62.310000 60.320000 1000000 9.060003 9.003743 9.056886 9.000785 0.032142 0.032257 0.072616 0.065058 0.032257 0.032133 0.032257 3740 3977
40 62.310000 60.320000 1000000 9.038307 8.987614 9.035167 8.984656 0.032133 0.032257 0.074548 0.067208 0.032257 0.032125 0.032257 3970 3987
40 62.310000 60.320000 1000000 9.030598 8.981162 9.027450 8.978204 0.032130 0.032257 0.070696 0.062907 0.032257 0.032121 0.032257 3980 4021
40 62.310000 60.320000 1000000 9.030372 8.980087 9.027488 8.978383 0.032130 0.032257 0.069740 0.061832 0.032257 0.032121 0.032257 4020 4044
40 62.310000 60.320000 1000000 9.029032 8.979012 9.026146 8.977308 0.032130 0.032257 0.069741 0.061832 0.032257 0.032121 0.032257 4040 4052
40 62.310000 60.320000 1000000 9.027356 8.977937 9.024469 8.976233 0.032131 0.032257 0.069741 0.061832 0.032257 0.032122 0.032257 4050 4143
40 62.310000 60.320000 1000000 9.027020 8.976861 9.024133 8.975158 0.032130 0.032257 0.070696 0.062907 0.032257 0.032122 0.032257 4140 4466
40 62.310000 60.320000 1000000 8.980639 8.943528 8.977707 8.941825 0.032126 0.032257 0.083379 0.076886 0.032257 0.032118 0.032257 4420 4467
40 62.310000 60.320000 1000000 8.978808 8.942453 8.975874 8.940749 0.032127 0.032257 0.082388 0.075811 0.032257 0.032118 0.032257 4460 4471
40 62.310000 60.320000 1000000 8.978271 8.941378 8.975336 8.939674 0.032127 0.032257 0.082388 0.075811 0.032257 0.032118 0.032257 4470 4553
40 62.310000 60.320000 1000000 8.978060 8.940302 8.975046 8.938195 0.032127 0.032257 0.081400 0.074736 0.032257 0.032118 0.032257 4550 4715
40 62.310000 60.320000 1000000 8.973047 8.937076 8.970028 8.934970 0.032129 0.032257 0.080414 0.073661 0.032257 0.032120 0.032257 4710 4901
40 62.310000 60.320000 1000000 8.971666 8.936001 8.968646 8.933894 0.032128 0.032257 0.080414 0.073661 0.032257 0.032119 0.032257 4900 4935
40 62.310000 60.320000 1000000 8.970025 8.934926 8.967003 8.932819 0.032129 0.032257 0.080414 0.073661 0.032257 0.032120 0.032257 4930 4949
40 62.310000 60.320000 1000000 8.969563 8.933851 8.966540 8.931744 0.032128 0.032257 0.081400 0.074736 0.032257 0.032120 0.032257 4940 4958
40 62.310000 60.320000 1000000 8.969230 8.932775 8.966083 8.930265 0.032129 0.032257 0.081400 0.074736 0.032257 0.032120 0.032257 4950 5046
40 62.310000 60.320000 1000000 8.962498 8.927399 8.959344 8.924889 0.032131 0.032257 0.080414 0.073661 0.032257 0.032123 0.032257 5040 5163
40 62.310000 60.320000 1000000 8.945841 8.916646 8.942669 8.914136 0.032136 0.032257 0.074549 0.067209 0.032257 0.032127 0.032257 5160 5591
40 62.310000 60.320000 1000000 8.940907 8.911270 8.937892 8.910014 0.032135 0.032257 0.076494 0.069360 0.032257 0.032127 0.032257 5590 5803
40 62.310000 60.320000 1000000 8.926928 8.900517 8.923899 8.899262 0.032140 0.032257 0.069741 0.061832 0.032257 0.032131 0.032257 5800 5910
40 62.310000 60.320000 1000000 8.925588 8.899442 8.922557 8.898186 0.032138 0.032257 0.069741 0.061832 0.032257 0.032130 0.032257 5910 6076
40 62.310000 60.320000 1000000 8.911309 8.889765 8.908265 8.888509 0.032141 0.032257 0.072615 0.065057 0.032257 0.032132 0.032257 6070 6348
40 62.310000 60.320000 1000000 8.901728 8.880087 8.898673 8.878832 0.032134 0.032257 0.072615 0.065057 0.032257 0.032125 0.032257 6340 6920
40 62.310000 60.320000 1000000 8.895894 8.872560 8.892833 8.871305 0.032132 0.032257 0.067841 0.059681 0.032257 0.032123 0.032257 6920 7449
40 62.310000 60.320000 1000000 8.881452 8.862883 8.878377 8.861627 0.032136 0.032257 0.066896 0.058605 0.032257 0.032127 0.032257 7440 7458
40 62.310000 60.320000 1000000 8.879598 8.861808 8.876520 8.860552 0.032136 0.032257 0.066896 0.058605 0.032257 0.032128 0.032257 7450 7764
40 62.310000 60.320000 1000000 8.878604 8.860732 8.875526 8.859477 0.032137 0.032257 0.065956 0.057530 0.032257 0.032129 0.032257 7760 7954
40 62.310000 60.320000 1000000 8.871208 8.854281 8.868122 8.853025 0.032133 0.032257 0.065021 0.056455 0.032257 0.032125 0.032257 7950 8004
40 62.310000 60.320000 1000000 8.869903 8.853206 8.866815 8.851950 0.032133 0.032257 0.065956 0.057530 0.032257 0.032124 0.032257 8000 8366
40 62.310000 60.320000 1000000 8.862528 8.847829 8.859433 8.846574 0.032135 0.032257 0.068788 0.060756 0.032257 0.032126 0.032257 8360 8371
40 62.310000 60.320000 1000000 8.860714 8.846754 8.857616 8.845498 0.032136 0.032257 0.067840 0.059680 0.032257 0.032127 0.032257 8370 8454
40 62.310000 60.320000 1000000 8.853529 8.840302 8.850699 8.840301 0.032136 0.032257 0.069739 0.061830 0.032257 0.032127 0.032257 8450 8741
40 62.310000 60.320000 1000000 8.852333 8.839227 8.849502 8.839226 0.032135 0.032257 0.068788 0.060755 0.032257 0.032127 0.032257 8740 8779
40 62.310000 60.320000 1000000 8.850979 8.838152 8.848147 8.838151 0.032136 0.032257 0.067841 0.059681 0.032257 0.032127 0.032257 8770 9266
40 62.310000 60.320000 1000000 8.840326 8.827399 8.837483 8.827398 0.032138 0.032257 0.065020 0.056454 0.032257 0.032129 0.032257 9260 9370
40 62.310000 60.320000 1000000 8.839211 8.826324 8.836367 8.826323 0.032137 0.032257 0.065020 0.056454 0.032257 0.032128 0.032257 9370 9731
40 62.310000 60.320000 1000000 8.837158 8.823098 8.834059 8.822291 0.032137 0.032257 0.065021 0.056455 0.032257 0.032128 0.032257 9730 10648
40 62.310000 60.320000 1000000 8.829825 8.817722 8.826718 8.816914 0.032135 0.032257 0.065021 0.056455 0.032257 0.032126 0.032257 10640 10723
40 62.310000 60.320000 1000000 8.829608 8.816647 8.826420 8.815436 0.032134 0.032257 0.065021 0.056456 0.032257 0.032126 0.032257 10720 11102
40 62.310000 60.320000 1000000 8.822768 8.812346 8.819573 8.811135 0.032136 0.032257 0.065021 0.056456 0.032257 0.032128 0.032257 11100 11711
40 62.310000 60.320000 1000000 8.797740 8.791915 8.794517 8.790705 0.032137 0.032257 0.063163 0.054305 0.032257 0.032128 0.032257 11710 12175
40 62.310000 60.320000 1000000 8.796843 8.790840 8.793619 8.789629 0.032138 0.032257 0.062241 0.053229 0.032257 0.032129 0.032257 12170 12248
40 62.310000 60.320000 1000000 8.794077 8.787614 8.791125 8.787658 0.032139 0.032257 0.063160 0.054301 0.032257 0.032130 0.032257 12240 12449
40 62.310000 60.320000 1000000 8.786290 8.783313 8.783331 8.783357 0.032143 0.032257 0.060409 0.051075 0.032257 0.032134 0.032257 12440 12818
40 62.310000 60.320000 1000000 8.784793 8.782238 8.781832 8.782282 0.032142 0.032257 0.060409 0.051075 0.032257 0.032133 0.032257 12810 13054
40 62.310000 60.320000 1000000 8.783355 8.781163 8.780392 8.781206 0.032142 0.032257 0.059502 0.050000 0.032257 0.032133 0.032257 13050 13868
40 62.310000 60.320000 1000000 8.780611 8.776862 8.777646 8.776905 0.032144 0.032257 0.059502 0.050000 0.032257 0.032135 0.032257 13860 14442
40 62.310000 60.320000 1000000 8.776422 8.773636 8.773453 8.773679 0.032142 0.032257 0.060409 0.051076 0.032257 0.032133 0.032257 14440 14827
40 62.310000 60.320000 1000000 8.775045 8.772561 8.772074 8.772604 0.032141 0.032257 0.059503 0.050000 0.032257 0.032133 0.032257 14820 15350
40 62.310000 60.320000 1000000 8.771026 8.769335 8.768051 8.769378 0.032139 0.032257 0.059503 0.050000 0.032257 0.032130 0.032257 15350 16056
40 62.310000 60.320000 1000000 8.770336 8.768259 8.767361 8.768303 0.032138 0.032257 0.059503 0.050000 0.032257 0.032129 0.032257 16050 16087
40 62.310000 60.320000 1000000 8.768923 8.767184 8.765946 8.767228 0.032138 0.032257 0.058602 0.048925 0.032257 0.032129 0.032257 16080 16442
40 62.310000 60.320000 1000000 8.767574 8.766109 8.764595 8.766153 0.032137 0.032257 0.057707 0.047850 0.032257 0.032128 0.032257 16440 19518
40 62.310000 60.320000 1000000 8.729611 8.729550 8.726594 8.729593 0.032146 0.032257 0.065953 0.057526 0.032257 0.032137 0.032257 19510 19938
40 62.310000 60.320000 1000000 8.728278 8.728475 8.725259 8.728518 0.032146 0.032257 0.065953 0.057526 0.032257 0.032138 0.032257 19930 20950
40 62.310000 60.320000 1000000 8.724858 8.725249 8.721835 8.725292 0.032144 0.032257 0.065017 0.056451 0.032257 0.032136 0.032257 20080 21748
40 62.310000 60.320000 1000000 8.719397 8.719872 8.716287 8.719513 0.032145 0.032257 0.067837 0.059676 0.032257 0.032136 0.032257 21740 22426
40 62.310000 60.320000 1000000 8.706614 8.705894 8.703490 8.705534 0.032150 0.032257 0.066894 0.058602 0.032257 0.032142 0.032257 22420 23327
40 62.310000 60.320000 1000000 8.694076 8.698367 8.690938 8.698008 0.032155 0.032257 0.068785 0.060752 0.032257 0.032146 0.032257 23320 23429
40 62.310000 60.320000 1000000 8.693178 8.697292 8.690039 8.696932 0.032155 0.032257 0.068785 0.060752 0.032257 0.032147 0.032257 23420 23965
40 62.310000 60.320000 1000000 8.688460 8.689765 8.686401 8.694423 0.032158 0.032257 0.068786 0.060753 0.032257 0.032149 0.032257 23960 24417
40 62.310000 60.320000 1000000 8.683749 8.686539 8.681686 8.691198 0.032157 0.032257 0.069737 0.061828 0.032257 0.032148 0.032257 24410 25028
40 62.310000 60.320000 1000000 8.682518 8.685464 8.680455 8.690122 0.032157 0.032257 0.069737 0.061828 0.032257 0.032147 0.032257 25020 26147
40 62.310000 60.320000 1000000 8.674044 8.679012 8.671974 8.683671 0.032153 0.032257 0.071653 0.063981 0.032257 0.032143 0.032257 26140 26181
40 62.310000 60.320000 1000000 8.673895 8.677937 8.671999 8.683850 0.032153 0.032257 0.071652 0.063981 0.032257 0.032143 0.032257 26180 26487
40 62.310000 60.320000 1000000 8.673136 8.676862 8.671240 8.682775 0.032153 0.032257 0.072614 0.065056 0.032257 0.032143 0.032257 26480 27284
40 62.310000 60.320000 1000000 8.668989 8.673636 8.667090 8.679549 0.032152 0.032257 0.071652 0.063981 0.032257 0.032142 0.032257 27280 28420
40 62.310000 60.320000 1000000 8.654916 8.665034 8.653008 8.670947 0.032154 0.032257 0.069739 0.061830 0.032257 0.032145 0.032257 28420 29273
40 62.310000 60.320000 1000000 8.643439 8.655356 8.641523 8.661269 0.032152 0.032257 0.066895 0.058604 0.032257 0.032142 0.032257 29270 29500
40 62.310000 60.320000 1000000 8.638284 8.651055 8.636365 8.656968 0.032153 0.032257 0.066895 0.058604 0.032257 0.032143 0.032257 29500 29581
40 62.310000 60.320000 1000000 8.636990 8.649980 8.635070 8.655893 0.032154 0.032257 0.066893 0.058602 0.032257 0.032144 0.032257 29580 30353
40 62.310000 60.320000 1000000 8.635642 8.648905 8.633721 8.654818 0.032153 0.032257 0.066893 0.058602 0.032257 0.032143 0.032257 30350 32856
40 62.310000 60.320000 1000000 8.634536 8.642991 8.632324 8.646350 0.032154 0.032257 0.065485 0.056989 0.032257 0.032145 0.032257 32850 33354
40 62.310000 60.320000 1000000 8.633269 8.641916 8.631056 8.645275 0.032154 0.032257 0.065485 0.056989 0.032257 0.032145 0.032257 33350 38977
40 62.310000 60.320000 1000000 8.621020 8.629012 8.619061 8.633626 0.032162 0.032257 0.067365 0.059139 0.032257 0.032152 0.032257 38970 40483
40 62.310000 60.320000 1000000 8.619993 8.627937 8.618033 8.632551 0.032161 0.032257 0.068311 0.060215 0.032257 0.032151 0.032257 40480 42608
40 62.310000 60.320000 1000000 8.616073 8.623098 8.614050 8.626861 0.032161 0.032257 0.067837 0.059677 0.032257 0.032151 0.032257 42600 44542
40 62.310000 60.320000 1000000 8.598650 8.606969 8.595976 8.608716 0.032166 0.032257 0.066894 0.058602 0.032257 0.032156 0.032257 44510 46164
40 62.310000 60.320000 1000000 8.598018 8.605894 8.595344 8.607640 0.032166 0.032257 0.067838 0.059678 0.032257 0.032157 0.032257 46160 52746
40 62.310000 60.320000 1000000 8.583884 8.594066 8.581196 8.595813 0.032167 0.032257 0.066896 0.058605 0.032257 0.032157 0.032257 52740 54554
40 62.310000 60.320000 1000000 8.573175 8.587615 8.570477 8.589361 0.032171 0.032257 0.067841 0.059681 0.032257 0.032162 0.032257 53300 56846
40 62.310000 60.320000 1000000 8.568067 8.583314 8.565364 8.585060 0.032170 0.032257 0.065021 0.056455 0.032257 0.032161 0.032257 56840 60630
40 62.310000 60.320000 1000000 8.555025 8.568260 8.551939 8.566601 0.032176 0.032257 0.063164 0.054307 0.032257 0.032167 0.032257 60630 62821
40 62.310000 60.320000 1000000 8.550998 8.565034 8.547907 8.563375 0.032176 0.032257 0.060414 0.051081 0.032257 0.032167 0.032257 62820 63740
40 62.310000 60.320000 1000000 8.549130 8.563959 8.546038 8.562300 0.032177 0.032257 0.061326 0.052156 0.032257 0.032168 0.032257 63740 65233
40 62.310000 60.320000 1000000 8.547202 8.562884 8.544108 8.561225 0.032178 0.032257 0.060414 0.051081 0.032257 0.032169 0.032257 65230 71606
40 62.310000 60.320000 1000000 8.538533 8.556432 8.535429 8.554773 0.032176 0.032257 0.060413 0.051081 0.032257 0.032168 0.032257 71600 73381
40 62.310000 60.320000 1000000 8.536560 8.552131 8.533335 8.548770 0.032177 0.032257 0.060413 0.051081 0.032257 0.032168 0.032257 73380 74367
40 62.310000 60.320000 1000000 8.535475 8.551056 8.532248 8.547694 0.032177 0.032257 0.061325 0.052155 0.032257 0.032168 0.032257 74360 81151
40 62.310000 60.320000 1000000 8.525742 8.543529 8.522504 8.540168 0.032173 0.032257 0.063164 0.054306 0.032257 0.032164 0.032257 81150 83623
40 62.310000 60.320000 1000000 8.501761 8.527400 8.498495 8.524038 0.032182 0.032257 0.059505 0.050004 0.032257 0.032173 0.032257 83620 91246
40 62.310000 60.320000 1000000 8.478032 8.508045 8.474739 8.504684 0.032182 0.032257 0.059507 0.050005 0.032257 0.032173 0.032257 91240 92850
40 62.310000 60.320000 1000000 8.477579 8.506970 8.474286 8.503608 0.032183 0.032257 0.059507 0.050005 0.032257 0.032174 0.032257 92850 98316
40 62.310000 60.320000 1000000 8.477246 8.505894 8.473826 8.502130 0.032183 0.032257 0.060413 0.051081 0.032257 0.032174 0.032257 98310 105180
40 62.310000 60.320000 1000000 8.474042 8.502669 8.470619 8.498904 0.032182 0.032257 0.060413 0.051081 0.032257 0.032173 0.032257 105180 106218
40 62.310000 60.320000 1000000 8.472395 8.498905 8.468880 8.494289 0.032181 0.032257 0.061783 0.052693 0.032257 0.032173 0.032257 106210 111166
40 62.310000 60.320000 1000000 8.470446 8.497830 8.466928 8.493214 0.032183 0.032257 0.060869 0.051618 0.032257 0.032174 0.032257 111160 115309
40 62.310000 60.320000 1000000 8.458363 8.490303 8.454830 8.485687 0.032187 0.032257 0.059959 0.050543 0.032257 0.032178 0.032257 115300 116190
40 62.310000 60.320000 1000000 8.457783 8.489228 8.454249 8.484612 0.032187 0.032257 0.059056 0.049467 0.032257 0.032179 0.032257 116190 116780
40 62.310000 60.320000 1000000 8.456671 8.488152 8.453136 8.483537 0.032187 0.032257 0.059959 0.050543 0.032257 0.032179 0.032257 116780 118189
40 62.310000 60.320000 1000000 8.454834 8.487077 8.451296 8.482461 0.032188 0.032257 0.059959 0.050543 0.032257 0.032179 0.032257 118180 118324
40 62.310000 60.320000 1000000 8.454046 8.486002 8.450508 8.481386 0.032189 0.032257 0.059056 0.049467 0.032257 0.032180 0.032257 118320 121561
40 62.310000 60.320000 1000000 8.452156 8.484927 8.448615 8.480311 0.032190 0.032257 0.059055 0.049467 0.032257 0.032181 0.032257 121560 121944
40 62.310000 60.320000 1000000 8.451092 8.483851 8.447549 8.479236 0.032189 0.032257 0.058158 0.048392 0.032257 0.032181 0.032257 121940 123788
40 62.310000 60.320000 1000000 8.445015 8.479550 8.441465 8.474935 0.032190 0.032257 0.059056 0.049468 0.032257 0.032181 0.032257 123780 125551
40 62.310000 60.320000 1000000 8.443607 8.478475 8.440055 8.473859 0.032189 0.032257 0.059056 0.049468 0.032257 0.032180 0.032257 125550 133331
40 62.310000 60.320000 1000000 8.438156 8.472023 8.434597 8.467408 0.032191 0.032257 0.063627 0.054844 0.032257 0.032182 0.032257 133330 135961
40 62.310000 60.320000 1000000 8.430793 8.466647 8.427225 8.462031 0.032193 0.032257 0.064557 0.055920 0.032257 0.032184 0.032257 135960 137907
40 62.310000 60.320000 1000000 8.429965 8.465572 8.426396 8.460956 0.032193 0.032257 0.064557 0.055920 0.032257 0.032185 0.032257 137900 140938
40 62.310000 60.320000 1000000 8.428767 8.464497 8.425197 8.459881 0.032193 0.032257 0.065491 0.056995 0.032257 0.032184 0.032257 140930 144744
40 62.310000 60.320000 1000000 8.427064 8.463421 8.423492 8.458806 0.032193 0.032257 0.065491 0.056995 0.032257 0.032184 0.032257 144740 150044
40 62.310000 60.320000 1000000 8.417129 8.450518 8.413543 8.445902 0.032194 0.032257 0.066428 0.058071 0.032257 0.032185 0.032257 150040 154447
40 62.310000 60.320000 1000000 8.415712 8.449443 8.412124 8.444827 0.032194 0.032257 0.065491 0.056995 0.032257 0.032186 0.032257 154440 162631
40 62.310000 60.320000 1000000 8.402630 8.437615 8.399026 8.432999 0.032189 0.032257 0.073100 0.065597 0.032257 0.032181 0.032257 162630 164042
40 62.310000 60.320000 1000000 8.399803 8.433314 8.396195 8.428698 0.032191 0.032257 0.075036 0.067748 0.032257 0.032182 0.032257 164040 167401
40 62.310000 60.320000 1000000 8.397112 8.430088 8.393501 8.425472 0.032190 0.032257 0.076982 0.069898 0.032257 0.032182 0.032257 167400 170007
40 62.310000 60.320000 1000000 8.395713 8.429013 8.392100 8.424397 0.032190 0.032257 0.076007 0.068823 0.032257 0.032181 0.032257 170000 174815
40 62.310000 60.320000 1000000 8.382132 8.417185 8.378501 8.412569 0.032193 0.032257 0.075034 0.067747 0.032257 0.032184 0.032257 174810 181677
40 62.310000 60.320000 1000000 8.377738 8.409658 8.374659 8.407551 0.032195 0.032257 0.071175 0.063446 0.032257 0.032186 0.032257 181670 188265
40 62.310000 60.320000 1000000 8.376829 8.408583 8.373749 8.406476 0.032195 0.032257 0.070218 0.062370 0.032257 0.032186 0.032257 188260 188409
40 62.310000 60.320000 1000000 8.376174 8.407507 8.373094 8.405401 0.032195 0.032257 0.069265 0.061295 0.032257 0.032186 0.032257 188400 188996
40 62.310000 60.320000 1000000 8.374982 8.406432 8.371900 8.404325 0.032195 0.032257 0.069265 0.061295 0.032257 0.032186 0.032257 188990 192538
40 62.310000 60.320000 1000000 8.366442 8.397830 8.363351 8.395723 0.032198 0.032257 0.067370 0.059145 0.032257 0.032190 0.032257 192530 207335
40 62.310000 60.320000 1000000 8.359823 8.390841 8.356632 8.387883 0.032202 0.032257 0.069741 0.061833 0.032257 0.032193 0.032257 207330 216103
40 62.310000 60.320000 1000000 8.352535 8.385464 8.349336 8.382506 0.032202 0.032257 0.068790 0.060757 0.032257 0.032193 0.032257 211770 217372
40 62.310000 60.320000 1000000 8.349370 8.381701 8.346077 8.377892 0.032200 0.032257 0.071175 0.063446 0.032257 0.032192 0.032257 217370 221738
40 62.310000 60.320000 1000000 8.347624 8.380626 8.344328 8.376816 0.032201 0.032257 0.072135 0.064521 0.032257 0.032192 0.032257 221730 222918
40 62.310000 60.320000 1000000 8.346593 8.379550 8.343295 8.375741 0.032201 0.032257 0.073099 0.065596 0.032257 0.032192 0.032257 222910 225739
40 62.310000 60.320000 1000000 8.345288 8.378475 8.341989 8.374666 0.032201 0.032257 0.073099 0.065596 0.032257 0.032193 0.032257 225730 231866
40 62.310000 60.320000 1000000 8.344269 8.375249 8.340714 8.370634 0.032202 0.032257 0.072135 0.064521 0.032257 0.032193 0.032257 231860 231888
40 62.310000 60.320000 1000000 8.342551 8.374174 8.338994 8.369558 0.032202 0.032257 0.071175 0.063446 0.032257 0.032193 0.032257 231880 235693
40 62.310000 60.320000 1000000 8.341097 8.373099 8.337538 8.368483 0.032202 0.032257 0.071175 0.063446 0.032257 0.032193 0.032257 235690 244280
40 62.310000 60.320000 1000000 8.333940 8.367723 8.330372 8.363107 0.032200 0.032257 0.071175 0.063446 0.032257 0.032192 0.032257 244280 255399
40 62.310000 60.320000 1000000 8.323005 8.359120 8.319423 8.354505 0.032198 0.032257 0.072133 0.064519 0.032257 0.032189 0.032257 255390 260604
40 62.310000 60.320000 1000000 8.318677 8.355895 8.315090 8.351279 0.032197 0.032257 0.071173 0.063443 0.032257 0.032189 0.032257 260600 260868
40 62.310000 60.320000 1000000 8.316951 8.354819 8.313361 8.350204 0.032198 0.032257 0.072133 0.064519 0.032257 0.032189 0.032257 260860 263062
40 62.310000 60.320000 1000000 8.312777 8.350518 8.309182 8.345902 0.032200 0.032257 0.069263 0.061293 0.032257 0.032191 0.032257 263060 263696
40 62.310000 60.320000 1000000 8.309670 8.345142 8.305587 8.338913 0.032201 0.032257 0.070217 0.062369 0.032257 0.032193 0.032257 263690 268482
40 62.310000 60.320000 1000000 8.303347 8.340841 8.299255 8.334612 0.032202 0.032257 0.074063 0.066670 0.032257 0.032194 0.032257 268480 283118
40 62.310000 60.320000 1000000 8.298855 8.337615 8.294757 8.331386 0.032200 0.032257 0.072133 0.064519 0.032257 0.032192 0.032257 283110 284254
40 62.310000 60.320000 1000000 8.295763 8.333314 8.291659 8.327085 0.032201 0.032257 0.075032 0.067744 0.032257 0.032193 0.032257 284250 295967
40 62.310000 60.320000 1000000 8.291798 8.329013 8.287689 8.322784 0.032201 0.032257 0.072134 0.064519 0.032257 0.032193 0.032257 295170 296827
40 62.310000 60.320000 1000000 8.290588 8.327938 8.286477 8.321709 0.032201 0.032257 0.073097 0.065594 0.032257 0.032193 0.032257 296820 302569
40 62.310000 60.320000 1000000 8.289287 8.326862 8.285174 8.320634 0.032201 0.032257 0.072134 0.064519 0.032257 0.032193 0.032257 302560 303316
40 62.310000 60.320000 1000000 8.288716 8.325787 8.284602 8.319558 0.032201 0.032257 0.072134 0.064519 0.032257 0.032193 0.032257 303310 304604
40 62.310000 60.320000 1000000 8.283797 8.320411 8.279676 8.314182 0.032202 0.032257 0.073099 0.065596 0.032257 0.032194 0.032257 304600 323480
40 62.310000 60.320000 1000000 8.276157 8.309658 8.271671 8.300025 0.032204 0.032257 0.072135 0.064520 0.032257 0.032197 0.032257 323480 324657
40 62.310000 60.320000 1000000 8.271718 8.299981 8.267505 8.291602 0.032207 0.032257 0.073098 0.065595 0.032257 0.032199 0.032257 324650 329713
40 62.310000 60.320000 1000000 8.271172 8.298905 8.266959 8.290526 0.032208 0.032257 0.072135 0.064520 0.032257 0.032200 0.032257 329710 332982
40 62.310000 60.320000 1000000 8.269842 8.297830 8.265626 8.289451 0.032208 0.032257 0.072135 0.064520 0.032257 0.032200 0.032257 332980 336219
40 62.310000 60.320000 1000000 8.268965 8.296755 8.264748 8.288376 0.032208 0.032257 0.072135 0.064520 0.032257 0.032200 0.032257 336210 374705
40 62.310000 60.320000 1000000 8.267964 8.293529 8.264290 8.287659 0.032209 0.032257 0.069264 0.061294 0.032257 0.032200 0.032257 374700 391280
40 62.310000 60.320000 1000000 8.258426 8.287077 8.254739 8.281207 0.032211 0.032257 0.064556 0.055919 0.032257 0.032202 0.032257 391280 413669
40 62.310000 60.320000 1000000 8.253548 8.280626 8.249854 8.274756 0.032208 0.032257 0.069264 0.061294 0.032257 0.032200 0.032257 405130 439847
40 62.310000 60.320000 1000000 8.249365 8.274174 8.246245 8.272067 0.032209 0.032257 0.071174 0.063444 0.032257 0.032201 0.032257 439840 453120
40 62.310000 60.320000 1000000 8.239456 8.264497 8.236324 8.262390 0.032214 0.032257 0.064554 0.055917 0.032257 0.032206 0.032257 453120 465222
40 62.310000 60.320000 1000000 8.231454 8.253744 8.228146 8.249935 0.032213 0.032257 0.068314 0.060218 0.032257 0.032205 0.032257 465220 471926
40 62.310000 60.320000 1000000 8.229990 8.252669 8.226680 8.248860 0.032213 0.032257 0.069263 0.061293 0.032257 0.032205 0.032257 471920 492365
40 62.310000 60.320000 1000000 8.221486 8.244067 8.218166 8.240257 0.032211 0.032257 0.070216 0.062368 0.032257 0.032202 0.032257 492360 504564
40 62.310000 60.320000 1000000 8.220211 8.242991 8.216889 8.239182 0.032210 0.032257 0.070216 0.062368 0.032257 0.032202 0.032257 504560 510234
40 62.310000 60.320000 1000000 8.216066 8.238690 8.212739 8.234881 0.032210 0.032257 0.071171 0.063442 0.032257 0.032202 0.032257 510230 511187
40 62.310000 60.320000 1000000 8.214877 8.237615 8.211549 8.233806 0.032209 0.032257 0.070215 0.062366 0.032257 0.032201 0.032257 511180 528929
40 62.310000 60.320000 1000000 8.209948 8.231163 8.206613 8.227354 0.032210 0.032257 0.071171 0.063441 0.032257 0.032202 0.032257 523670 526512
40 62.310000 60.320000 1000000 8.209543 8.230088 8.206207 8.226279 0.032209 0.032257 0.071171 0.063441 0.032257 0.032201 0.032257 526510 528929
40 62.310000 60.320000 1000000 8.209071 8.229013 8.205735 8.225204 0.032209 0.032257 0.072131 0.064516 0.032257 0.032201 0.032257 528920 597699
40 62.310000 60.320000 1000000 8.197464 8.219335 8.194114 8.215526 0.032210 0.032257 0.074061 0.066667 0.032257 0.032202 0.032257 544280 594233
40 62.310000 60.320000 1000000 8.194662 8.215034 8.191309 8.211225 0.032211 0.032257 0.073094 0.065591 0.032257 0.032203 0.032257 594230 597699
40 62.310000 60.320000 1000000 8.189420 8.207508 8.185685 8.202085 0.032209 0.032257 0.074060 0.066666 0.032257 0.032201 0.032257 597690 611443
40 62.310000 60.320000 1000000 8.188687 8.206432 8.184951 8.201010 0.032209 0.032257 0.073094 0.065591 0.032257 0.032201 0.032257 611440 620715
40 62.310000 60.320000 1000000 8.187401 8.202131 8.183312 8.195499 0.032210 0.032257 0.072131 0.064516 0.032257 0.032202 0.032257 620710 635393
40 62.310000 60.320000 1000000 8.186028 8.201056 8.181937 8.194424 0.032209 0.032257 0.073094 0.065592 0.032257 0.032201 0.032257 635390 637945
40 62.310000 60.320000 1000000 8.185904 8.199443 8.181747 8.191960 0.032209 0.032257 0.072613 0.065054 0.032257 0.032201 0.032257 637940 644684
40 62.310000 60.320000 1000000 8.181937 8.196217 8.177775 8.188734 0.032208 0.032257 0.071651 0.063979 0.032257 0.032200 0.032257 644680 669079
40 62.310000 60.320000 1000000 8.178800 8.192991 8.174633 8.185508 0.032208 0.032257 0.073577 0.066129 0.032257 0.032200 0.032257 669070 673347
40 62.310000 60.320000 1000000 8.178219 8.191916 8.174051 8.184433 0.032208 0.032257 0.072612 0.065054 0.032257 0.032200 0.032257 673340 776016
40 62.310000 60.320000 1000000 8.154415 8.173637 8.150210 8.166154 0.032209 0.032257 0.072614 0.065056 0.032257 0.032202 0.032257 776010 803637
40 62.310000 60.320000 1000000 8.152314 8.168260 8.148106 8.160777 0.032210 0.032257 0.071653 0.063981 0.032257 0.032202 0.032257 803630 845497
40 62.310000 60.320000 1000000 8.141601 8.159658 8.137377 8.152175 0.032215 0.032257 0.075518 0.068282 0.032257 0.032208 0.032257 845490 863694
40 62.310000 60.320000 1000000 8.133697 8.152131 8.130007 8.147157 0.032217 0.032257 0.072614 0.065056 0.032257 0.032208 0.032257 863690 878941
40 62.310000 60.320000 1000000 8.128672 8.144604 8.124976 8.139630 0.032219 0.032257 0.071653 0.063981 0.032257 0.032211 0.032257 878940 913221
40 62.310000 60.320000 1000000 8.119711 8.133852 8.116002 8.128878 0.032219 0.032257 0.071653 0.063981 0.032257 0.032210 0.032257 913220 969454
40 62.310000 60.320000 1000000 8.107875 8.124174 8.104150 8.119200 0.032222 0.032257 0.074547 0.067206 0.032257 0.032213 0.032257 969450 971047
40 62.310000 60.320000 1000000 8.106641 8.123099 8.102914 8.118125 0.032222 0.032257 0.073579 0.066131 0.032257 0.032213 0.032257 971040 1000000
