38 62.310000 60.320000 1000000 12.679116 12.781684 12.669825 12.774469 0.031776 0.032257 0.287838 0.286025 0.032257 0.031773 0.032257 0 50
38 62.310000 60.320000 1000000 11.515541 11.560722 11.506812 11.546205 0.031268 0.032257 0.237151 0.234947 0.032257 0.031262 0.032257 50 60
38 62.310000 60.320000 1000000 11.163294 11.245670 11.157717 11.244952 0.031190 0.032257 0.184031 0.181182 0.032257 0.031180 0.032257 60 70
38 62.310000 60.320000 1000000 10.945816 11.012338 10.939298 11.010455 0.031142 0.032257 0.171343 0.168280 0.032257 0.031133 0.032257 70 80
38 62.310000 60.320000 1000000 10.830088 10.873629 10.826248 10.878287 0.031082 0.032257 0.187210 0.184410 0.032257 0.031071 0.032257 80 91
38 62.310000 60.320000 1000000 10.763476 10.789221 10.758556 10.786217 0.031018 0.032257 0.199404 0.196778 0.032257 0.031008 0.032257 90 101
38 62.310000 60.320000 1000000 10.620688 10.662876 10.615459 10.659022 0.031015 0.032257 0.197809 0.195161 0.032257 0.031005 0.032257 100 112
38 62.310000 60.320000 1000000 10.541007 10.611263 10.535658 10.607409 0.031061 0.032257 0.180858 0.177958 0.032257 0.031052 0.032257 110 120
38 62.310000 60.320000 1000000 10.480232 10.443522 10.471668 10.386442 0.031020 0.032257 0.221183 0.218818 0.032257 0.031006 0.032257 120 132
38 62.310000 60.320000 1000000 10.423290 10.357501 10.414584 10.300421 0.030963 0.032257 0.220119 0.217743 0.032257 0.030950 0.032257 130 144
38 62.310000 60.320000 1000000 10.365270 10.241373 10.356417 10.184292 0.030907 0.032257 0.264876 0.262904 0.032257 0.030894 0.032257 140 150
38 62.310000 60.320000 1000000 10.303806 10.146749 10.293517 10.085636 0.030878 0.032257 0.244611 0.242474 0.032257 0.030865 0.032257 150 163
38 62.310000 60.320000 1000000 10.247159 10.100513 10.236699 10.039400 0.030897 0.032257 0.245680 0.243553 0.032257 0.030884 0.032257 160 170
38 62.310000 60.320000 1000000 10.173634 9.951050 10.163575 9.892446 0.030787 0.032257 0.285167 0.283337 0.032257 0.030774 0.032257 170 195
38 62.310000 60.320000 1000000 10.123468 9.910190 10.111983 9.848763 0.030818 0.032257 0.280893 0.279034 0.032257 0.030807 0.032257 180 194
38 62.310000 60.320000 1000000 10.083201 9.798899 10.084035 9.815654 0.030801 0.032257 0.263274 0.261290 0.032257 0.030795 0.032257 190 202
38 62.310000 60.320000 1000000 10.039159 9.733846 10.039880 9.749749 0.030787 0.032257 0.264874 0.262902 0.032257 0.030781 0.032257 200 214
38 62.310000 60.320000 1000000 10.007890 9.631695 10.004662 9.628244 0.030764 0.032257 0.178740 0.175806 0.032257 0.030755 0.032257 210 223
38 62.310000 60.320000 1000000 9.985691 9.608039 9.982441 9.604588 0.030758 0.032257 0.167121 0.163979 0.032257 0.030748 0.032257 220 238
38 62.310000 60.320000 1000000 9.962790 9.572556 9.959518 9.569104 0.030752 0.032257 0.152379 0.148925 0.032257 0.030742 0.032257 230 255
38 62.310000 60.320000 1000000 9.941546 9.549975 9.938013 9.551183 0.030755 0.032257 0.153430 0.150001 0.032257 0.030748 0.032257 250 260
38 62.310000 60.320000 1000000 9.938022 9.547825 9.934485 9.549033 0.030756 0.032257 0.152379 0.148925 0.032257 0.030749 0.032257 260 273
38 62.310000 60.320000 1000000 9.933696 9.542448 9.930154 9.543656 0.030748 0.032257 0.152379 0.148926 0.032257 0.030741 0.032257 270 324
38 62.310000 60.320000 1000000 9.914222 9.517717 9.910660 9.518925 0.030741 0.032257 0.135614 0.131722 0.032257 0.030734 0.032257 320 379
38 62.310000 60.320000 1000000 9.852053 9.435460 9.845369 9.417672 0.030788 0.032257 0.157111 0.153764 0.032257 0.030784 0.032257 370 397
38 62.310000 60.320000 1000000 9.822318 9.408578 9.815834 9.394554 0.030819 0.032257 0.152905 0.149463 0.032257 0.030816 0.032257 390 417
38 62.310000 60.320000 1000000 9.801781 9.382772 9.795120 9.367538 0.030833 0.032257 0.144508 0.140861 0.032257 0.030829 0.032257 410 448
38 62.310000 60.320000 1000000 9.753490 9.348363 9.746729 9.333129 0.030837 0.032257 0.134048 0.130109 0.032257 0.030834 0.032257 440 460
38 62.310000 60.320000 1000000 9.704074 9.320407 9.697121 9.304366 0.030883 0.032257 0.126755 0.122582 0.032257 0.030880 0.032257 460 470
38 62.310000 60.320000 1000000 9.687839 9.298901 9.680851 9.282861 0.030900 0.032257 0.127795 0.123657 0.032257 0.030897 0.032257 470 493
38 62.310000 60.320000 1000000 9.670281 9.289224 9.663650 9.274438 0.030917 0.032257 0.125714 0.121505 0.032257 0.030913 0.032257 490 517
38 62.310000 60.320000 1000000 9.648207 9.274170 9.641531 9.259384 0.030937 0.032257 0.119490 0.115054 0.032257 0.030933 0.032257 510 525
38 62.310000 60.320000 1000000 9.609324 9.252665 9.602566 9.237879 0.030977 0.032257 0.134046 0.130107 0.032257 0.030974 0.032257 520 533
38 62.310000 60.320000 1000000 9.572676 9.232235 9.565840 9.217449 0.031007 0.032257 0.123637 0.119355 0.032257 0.031004 0.032257 530 551
38 62.310000 60.320000 1000000 9.515175 9.201052 9.508214 9.186266 0.031059 0.032257 0.114323 0.109678 0.032257 0.031057 0.032257 550 583
38 62.310000 60.320000 1000000 9.479641 9.161268 9.478435 9.166553 0.031083 0.032257 0.103030 0.097850 0.032257 0.031073 0.032257 580 598
38 62.310000 60.320000 1000000 9.469373 9.144064 9.466494 9.145317 0.031076 0.032257 0.100989 0.095699 0.032257 0.031068 0.032257 590 629
38 62.310000 60.320000 1000000 9.440679 9.116107 9.437774 9.117360 0.031098 0.032257 0.086855 0.080643 0.032257 0.031090 0.032257 620 643
38 62.310000 60.320000 1000000 9.396582 9.092451 9.393636 9.093704 0.031123 0.032257 0.078936 0.072044 0.032257 0.031115 0.032257 640 654
38 62.310000 60.320000 1000000 9.394311 9.091376 9.391363 9.092629 0.031125 0.032257 0.078936 0.072044 0.032257 0.031117 0.032257 650 699
38 62.310000 60.320000 1000000 9.383667 9.083849 9.380709 9.085102 0.031133 0.032257 0.081890 0.075269 0.032257 0.031125 0.032257 690 718
38 62.310000 60.320000 1000000 9.378245 9.078472 9.375281 9.079726 0.031122 0.032257 0.082878 0.076343 0.032257 0.031115 0.032257 710 723
38 62.310000 60.320000 1000000 9.362858 9.069870 9.359880 9.071124 0.031135 0.032257 0.090864 0.084945 0.032257 0.031127 0.032257 720 740
38 62.310000 60.320000 1000000 9.350630 9.061268 9.347640 9.062521 0.031139 0.032257 0.091870 0.086020 0.032257 0.031132 0.032257 740 780
38 62.310000 60.320000 1000000 9.335399 9.051591 9.332395 9.052844 0.031142 0.032257 0.095909 0.090321 0.032257 0.031134 0.032257 780 794
38 62.310000 60.320000 1000000 9.323753 9.045139 9.320737 9.046392 0.031146 0.032257 0.090864 0.084945 0.032257 0.031138 0.032257 790 808
38 62.310000 60.320000 1000000 9.316728 9.037612 9.313706 9.038865 0.031134 0.032257 0.088857 0.082795 0.032257 0.031126 0.032257 800 822
38 62.310000 60.320000 1000000 9.310598 9.031161 9.307569 9.032414 0.031126 0.032257 0.087855 0.081719 0.032257 0.031118 0.032257 820 854
38 62.310000 60.320000 1000000 9.310515 9.030085 9.307583 9.032593 0.031125 0.032257 0.088856 0.082794 0.032257 0.031118 0.032257 850 862
38 62.310000 60.320000 1000000 9.289085 9.018258 9.286467 9.022020 0.031144 0.032257 0.088857 0.082795 0.032257 0.031136 0.032257 860 902
38 62.310000 60.320000 1000000 9.288403 9.015032 9.285784 9.018794 0.031142 0.032257 0.086856 0.080644 0.032257 0.031134 0.032257 900 959
38 62.310000 60.320000 1000000 9.280713 9.007505 9.278087 9.011267 0.031148 0.032257 0.088856 0.082794 0.032257 0.031140 0.032257 950 1001
38 62.310000 60.320000 1000000 9.262534 8.992451 9.259893 8.996213 0.031170 0.032257 0.082878 0.076343 0.032257 0.031162 0.032257 1000 1010
38 62.310000 60.320000 1000000 9.262199 8.991376 9.259558 8.995138 0.031168 0.032257 0.081889 0.075267 0.032257 0.031161 0.032257 1010 1020
38 62.310000 60.320000 1000000 9.261193 8.990301 9.258551 8.994063 0.031170 0.032257 0.081889 0.075267 0.032257 0.031162 0.032257 1020 1069
38 62.310000 60.320000 1000000 9.235457 8.977398 9.232793 8.981160 0.031191 0.032257 0.078933 0.072041 0.032257 0.031183 0.032257 1060 1086
38 62.310000 60.320000 1000000 9.222681 8.968795 9.220005 8.972558 0.031198 0.032257 0.085858 0.079567 0.032257 0.031190 0.032257 1080 1104
38 62.310000 60.320000 1000000 9.220379 8.967720 9.217701 8.971482 0.031200 0.032257 0.085858 0.079567 0.032257 0.031193 0.032257 1100 1154
38 62.310000 60.320000 1000000 9.191455 8.951591 9.188752 8.955353 0.031219 0.032257 0.084862 0.078492 0.032257 0.031212 0.032257 1150 1168
38 62.310000 60.320000 1000000 9.177903 8.944064 9.175188 8.947827 0.031234 0.032257 0.086855 0.080643 0.032257 0.031226 0.032257 1160 1170
38 62.310000 60.320000 1000000 9.165668 8.937613 9.162942 8.941375 0.031244 0.032257 0.087855 0.081718 0.032257 0.031236 0.032257 1170 1188
38 62.310000 60.320000 1000000 9.154174 8.931161 9.151438 8.934923 0.031253 0.032257 0.087855 0.081718 0.032257 0.031245 0.032257 1180 1192
38 62.310000 60.320000 1000000 9.149744 8.926860 9.147004 8.930622 0.031259 0.032257 0.083869 0.077417 0.032257 0.031251 0.032257 1190 1204
38 62.310000 60.320000 1000000 9.149149 8.925785 9.146409 8.929547 0.031260 0.032257 0.083868 0.077417 0.032257 0.031252 0.032257 1200 1307
38 62.310000 60.320000 1000000 9.119754 8.902129 9.116987 8.905891 0.031251 0.032257 0.093889 0.088174 0.032257 0.031243 0.032257 1300 1324
38 62.310000 60.320000 1000000 9.119579 8.901054 9.116812 8.904816 0.031250 0.032257 0.094900 0.089249 0.032257 0.031242 0.032257 1320 1405
38 62.310000 60.320000 1000000 9.110988 8.893527 9.108561 8.898544 0.031246 0.032257 0.092880 0.087099 0.032257 0.031238 0.032257 1400 1411
38 62.310000 60.320000 1000000 9.110919 8.891914 9.108454 8.896080 0.031246 0.032257 0.092376 0.086561 0.032257 0.031238 0.032257 1410 1481
38 62.310000 60.320000 1000000 9.109880 8.890839 9.107414 8.895004 0.031247 0.032257 0.092376 0.086561 0.032257 0.031239 0.032257 1480 1615
38 62.310000 60.320000 1000000 9.098780 8.881162 9.096305 8.885327 0.031241 0.032257 0.093384 0.087636 0.032257 0.031233 0.032257 1610 1664
38 62.310000 60.320000 1000000 9.085327 8.871484 9.082841 8.875649 0.031247 0.032257 0.091368 0.085485 0.032257 0.031239 0.032257 1660 1726
38 62.310000 60.320000 1000000 9.071769 8.862882 9.069272 8.867047 0.031262 0.032257 0.090364 0.084411 0.032257 0.031254 0.032257 1680 1734
38 62.310000 60.320000 1000000 9.070415 8.859656 9.067409 8.862612 0.031264 0.032257 0.090365 0.084411 0.032257 0.031256 0.032257 1720 1822
38 62.310000 60.320000 1000000 9.044988 8.845677 9.041957 8.848633 0.031272 0.032257 0.095407 0.089788 0.032257 0.031264 0.032257 1770 1832
38 62.310000 60.320000 1000000 9.032293 8.838151 9.029249 8.841106 0.031283 0.032257 0.094395 0.088713 0.032257 0.031276 0.032257 1830 1896
38 62.310000 60.320000 1000000 9.031246 8.837075 9.028200 8.840031 0.031285 0.032257 0.094395 0.088713 0.032257 0.031277 0.032257 1890 1949
38 62.310000 60.320000 1000000 9.022461 8.831699 9.019407 8.834655 0.031293 0.032257 0.094395 0.088713 0.032257 0.031285 0.032257 1940 2051
38 62.310000 60.320000 1000000 9.021398 8.830624 9.018343 8.833580 0.031291 0.032257 0.094395 0.088713 0.032257 0.031283 0.032257 2050 2151
38 62.310000 60.320000 1000000 9.016571 8.824172 9.013511 8.827128 0.031297 0.032257 0.094395 0.088712 0.032257 0.031289 0.032257 2150 2170
38 62.310000 60.320000 1000000 9.014831 8.822022 9.011769 8.824978 0.031297 0.032257 0.093385 0.087637 0.032257 0.031289 0.032257 2170 2191
38 62.310000 60.320000 1000000 9.013759 8.820946 9.010696 8.823902 0.031295 0.032257 0.094395 0.088712 0.032257 0.031287 0.032257 2190 2207
38 62.310000 60.320000 1000000 9.012802 8.819871 9.009737 8.822827 0.031296 0.032257 0.093385 0.087637 0.032257 0.031289 0.032257 2200 2211
38 62.310000 60.320000 1000000 9.003819 8.809119 9.000746 8.812074 0.031305 0.032257 0.094395 0.088712 0.032257 0.031298 0.032257 2210 2244
38 62.310000 60.320000 1000000 9.000105 8.806968 8.997028 8.809924 0.031309 0.032257 0.092377 0.086562 0.032257 0.031301 0.032257 2240 2275
38 62.310000 60.320000 1000000 8.989649 8.801592 8.986561 8.804547 0.031318 0.032257 0.092377 0.086562 0.032257 0.031311 0.032257 2260 2351
38 62.310000 60.320000 1000000 8.963563 8.786538 8.960448 8.789494 0.031331 0.032257 0.086361 0.080110 0.032257 0.031324 0.032257 2350 2375
38 62.310000 60.320000 1000000 8.961927 8.785463 8.958810 8.788418 0.031331 0.032257 0.087359 0.081185 0.032257 0.031323 0.032257 2370 2715
38 62.310000 60.320000 1000000 8.959234 8.782237 8.956115 8.785193 0.031325 0.032257 0.085365 0.079035 0.032257 0.031318 0.032257 2710 2875
38 62.310000 60.320000 1000000 8.920254 8.754280 8.916844 8.755533 0.031350 0.032257 0.090364 0.084411 0.032257 0.031343 0.032257 2870 3086
38 62.310000 60.320000 1000000 8.864061 8.719871 8.860585 8.721125 0.031367 0.032257 0.086360 0.080110 0.032257 0.031360 0.032257 3080 3197
38 62.310000 60.320000 1000000 8.863732 8.718796 8.860257 8.720049 0.031366 0.032257 0.087359 0.081185 0.032257 0.031359 0.032257 3190 3221
38 62.310000 60.320000 1000000 8.862639 8.717721 8.859162 8.718974 0.031364 0.032257 0.088359 0.082260 0.032257 0.031357 0.032257 3220 3275
38 62.310000 60.320000 1000000 8.862405 8.716108 8.858804 8.716510 0.031364 0.032257 0.088860 0.082798 0.032257 0.031358 0.032257 3270 3304
38 62.310000 60.320000 1000000 8.860336 8.715033 8.856732 8.715435 0.031365 0.032257 0.087859 0.081723 0.032257 0.031359 0.032257 3300 3318
38 62.310000 60.320000 1000000 8.858515 8.713957 8.854909 8.714359 0.031367 0.032257 0.088860 0.082798 0.032257 0.031361 0.032257 3310 3479
38 62.310000 60.320000 1000000 8.850862 8.707506 8.847247 8.707908 0.031358 0.032257 0.087859 0.081723 0.032257 0.031352 0.032257 3470 3772
38 62.310000 60.320000 1000000 8.841491 8.691377 8.837762 8.689628 0.031344 0.032257 0.086860 0.080648 0.032257 0.031338 0.032257 3770 3934
38 62.310000 60.320000 1000000 8.832629 8.683850 8.828889 8.682102 0.031332 0.032257 0.085863 0.079573 0.032257 0.031326 0.032257 3930 4373
38 62.310000 60.320000 1000000 8.813458 8.666646 8.809261 8.662388 0.031350 0.032257 0.087860 0.081724 0.032257 0.031344 0.032257 4370 4804
38 62.310000 60.320000 1000000 8.785116 8.645141 8.780147 8.638867 0.031368 0.032257 0.076005 0.068820 0.032257 0.031363 0.032257 4800 5052
38 62.310000 60.320000 1000000 8.770663 8.636539 8.765669 8.630265 0.031382 0.032257 0.076006 0.068821 0.032257 0.031377 0.032257 5050 5162
38 62.310000 60.320000 1000000 8.769804 8.635463 8.764808 8.629190 0.031380 0.032257 0.075033 0.067745 0.032257 0.031375 0.032257 5160 5329
38 62.310000 60.320000 1000000 8.766443 8.631162 8.761442 8.624889 0.031382 0.032257 0.071174 0.063444 0.032257 0.031377 0.032257 5320 5814
38 62.310000 60.320000 1000000 8.746390 8.616108 8.741354 8.609835 0.031374 0.032257 0.076006 0.068821 0.032257 0.031369 0.032257 5810 5934
38 62.310000 60.320000 1000000 8.744255 8.615033 8.739215 8.608760 0.031376 0.032257 0.075033 0.067746 0.032257 0.031371 0.032257 5930 6200
38 62.310000 60.320000 1000000 8.741101 8.611807 8.736000 8.605131 0.031373 0.032257 0.072135 0.064520 0.032257 0.031368 0.032257 6200 6216
38 62.310000 60.320000 1000000 8.740331 8.610732 8.735228 8.604055 0.031372 0.032257 0.071175 0.063446 0.032257 0.031367 0.032257 6210 6252
38 62.310000 60.320000 1000000 8.736419 8.605356 8.731310 8.598679 0.031374 0.032257 0.072135 0.064521 0.032257 0.031369 0.032257 6250 6312
38 62.310000 60.320000 1000000 8.734316 8.604280 8.729203 8.597604 0.031376 0.032257 0.072135 0.064521 0.032257 0.031371 0.032257 6310 6406
38 62.310000 60.320000 1000000 8.732946 8.603205 8.727830 8.596529 0.031378 0.032257 0.073099 0.065596 0.032257 0.031373 0.032257 6400 6679
38 62.310000 60.320000 1000000 8.711423 8.583851 8.706269 8.577174 0.031405 0.032257 0.079921 0.073122 0.032257 0.031401 0.032257 6670 6763
38 62.310000 60.320000 1000000 8.710391 8.582775 8.705235 8.576099 0.031403 0.032257 0.080906 0.074198 0.032257 0.031398 0.032257 6760 6813
38 62.310000 60.320000 1000000 8.709272 8.581700 8.704114 8.575023 0.031401 0.032257 0.079921 0.073122 0.032257 0.031396 0.032257 6810 6855
38 62.310000 60.320000 1000000 8.709047 8.580087 8.703770 8.572559 0.031401 0.032257 0.080414 0.073660 0.032257 0.031397 0.032257 6850 7382
38 62.310000 60.320000 1000000 8.674531 8.558582 8.669191 8.551054 0.031409 0.032257 0.095407 0.089789 0.032257 0.031404 0.032257 7380 7404
38 62.310000 60.320000 1000000 8.672076 8.554281 8.667877 8.550516 0.031409 0.032257 0.093386 0.087638 0.032257 0.031403 0.032257 7400 8022
38 62.310000 60.320000 1000000 8.660940 8.544603 8.656724 8.540839 0.031411 0.032257 0.090365 0.084411 0.032257 0.031404 0.032257 8020 8146
38 62.310000 60.320000 1000000 8.659351 8.543528 8.655133 8.539764 0.031410 0.032257 0.091370 0.085486 0.032257 0.031404 0.032257 8140 8227
38 62.310000 60.320000 1000000 8.649978 8.537076 8.645747 8.533312 0.031418 0.032257 0.096416 0.090860 0.032257 0.031412 0.032257 8220 8425
38 62.310000 60.320000 1000000 8.648928 8.536001 8.644696 8.532237 0.031416 0.032257 0.096416 0.090860 0.032257 0.031410 0.032257 8420 8807
38 62.310000 60.320000 1000000 8.646508 8.530625 8.643717 8.531878 0.031416 0.032257 0.094391 0.088708 0.032257 0.031408 0.032257 8800 8984
38 62.310000 60.320000 1000000 8.638824 8.523098 8.636025 8.524351 0.031405 0.032257 0.094391 0.088709 0.032257 0.031396 0.032257 8980 9505
38 62.310000 60.320000 1000000 8.600808 8.495141 8.597972 8.496394 0.031396 0.032257 0.094393 0.088710 0.032257 0.031388 0.032257 9500 9525
38 62.310000 60.320000 1000000 8.590985 8.489765 8.588139 8.491018 0.031401 0.032257 0.093383 0.087635 0.032257 0.031392 0.032257 9520 9718
38 62.310000 60.320000 1000000 8.579715 8.480087 8.576858 8.481341 0.031413 0.032257 0.097433 0.091938 0.032257 0.031404 0.032257 9710 10042
38 62.310000 60.320000 1000000 8.566500 8.469335 8.564673 8.474351 0.031422 0.032257 0.100483 0.095165 0.032257 0.031412 0.032257 10040 10415
38 62.310000 60.320000 1000000 8.545664 8.456431 8.543824 8.461448 0.031434 0.032257 0.099466 0.094090 0.032257 0.031423 0.032257 10410 10501
38 62.310000 60.320000 1000000 8.544283 8.455356 8.542442 8.460373 0.031436 0.032257 0.099466 0.094090 0.032257 0.031425 0.032257 10500 10524
38 62.310000 60.320000 1000000 8.542665 8.454281 8.540823 8.459298 0.031435 0.032257 0.099466 0.094090 0.032257 0.031425 0.032257 10520 10532
38 62.310000 60.320000 1000000 8.541559 8.453205 8.539716 8.458222 0.031433 0.032257 0.100484 0.095165 0.032257 0.031423 0.032257 10530 11361
38 62.310000 60.320000 1000000 8.535365 8.449980 8.533517 8.454997 0.031439 0.032257 0.101502 0.096240 0.032257 0.031429 0.032257 10560 11108
38 62.310000 60.320000 1000000 8.528257 8.442453 8.526405 8.447470 0.031448 0.032257 0.100482 0.095164 0.032257 0.031438 0.032257 10680 11361
38 62.310000 60.320000 1000000 8.520382 8.433851 8.518005 8.437658 0.031454 0.032257 0.095406 0.089788 0.032257 0.031445 0.032257 11360 12407
38 62.310000 60.320000 1000000 8.495470 8.416646 8.493072 8.420453 0.031463 0.032257 0.091370 0.085486 0.032257 0.031454 0.032257 12080 12779
38 62.310000 60.320000 1000000 8.488245 8.406969 8.485186 8.409163 0.031468 0.032257 0.089362 0.083337 0.032257 0.031459 0.032257 12770 13191
38 62.310000 60.320000 1000000 8.487092 8.405894 8.484031 8.408088 0.031465 0.032257 0.088360 0.082262 0.032257 0.031457 0.032257 13190 13311
38 62.310000 60.320000 1000000 8.485337 8.404818 8.482274 8.407013 0.031468 0.032257 0.087360 0.081187 0.032257 0.031460 0.032257 13310 13869
38 62.310000 60.320000 1000000 8.480672 8.400517 8.477605 8.402712 0.031466 0.032257 0.086362 0.080111 0.032257 0.031457 0.032257 13860 15997
38 62.310000 60.320000 1000000 8.453593 8.373636 8.450243 8.374128 0.031475 0.032257 0.081399 0.074735 0.032257 0.031467 0.032257 15990 16229
38 62.310000 60.320000 1000000 8.452517 8.372560 8.449166 8.373052 0.031473 0.032257 0.081399 0.074734 0.032257 0.031465 0.032257 16220 16554
38 62.310000 60.320000 1000000 8.446317 8.368259 8.442958 8.368751 0.031472 0.032257 0.082387 0.075810 0.032257 0.031464 0.032257 16550 16617
38 62.310000 60.320000 1000000 8.443054 8.365034 8.439691 8.365525 0.031474 0.032257 0.084370 0.077960 0.032257 0.031466 0.032257 16610 16908
38 62.310000 60.320000 1000000 8.438337 8.361808 8.434969 8.362300 0.031480 0.032257 0.081399 0.074735 0.032257 0.031472 0.032257 16900 17075
38 62.310000 60.320000 1000000 8.438063 8.360732 8.434694 8.361224 0.031480 0.032257 0.080413 0.073660 0.032257 0.031472 0.032257 17070 17575
38 62.310000 60.320000 1000000 8.436944 8.359657 8.433574 8.360149 0.031478 0.032257 0.081399 0.074735 0.032257 0.031470 0.032257 17570 18156
38 62.310000 60.320000 1000000 8.432629 8.356431 8.429254 8.356923 0.031482 0.032257 0.079430 0.072584 0.032257 0.031475 0.032257 18150 18617
38 62.310000 60.320000 1000000 8.431576 8.355356 8.428200 8.355848 0.031480 0.032257 0.079430 0.072585 0.032257 0.031473 0.032257 18610 19523
38 62.310000 60.320000 1000000 8.399093 8.334926 8.395677 8.335418 0.031494 0.032257 0.069740 0.061831 0.032257 0.031486 0.032257 19520 19785
38 62.310000 60.320000 1000000 8.397720 8.333851 8.394303 8.334343 0.031496 0.032257 0.068789 0.060756 0.032257 0.031488 0.032257 19780 20513
38 62.310000 60.320000 1000000 8.386075 8.323098 8.382322 8.322783 0.031507 0.032257 0.073580 0.066133 0.032257 0.031500 0.032257 20510 22237
38 62.310000 60.320000 1000000 8.375930 8.316646 8.372164 8.316332 0.031519 0.032257 0.077466 0.070430 0.032257 0.031512 0.032257 20790 23920
38 62.310000 60.320000 1000000 8.373426 8.314496 8.369657 8.314181 0.031524 0.032257 0.075516 0.068280 0.032257 0.031517 0.032257 21280 21659
38 62.310000 60.320000 1000000 8.372209 8.313421 8.368438 8.313106 0.031526 0.032257 0.074545 0.067205 0.032257 0.031519 0.032257 21650 23920
38 62.310000 60.320000 1000000 8.327827 8.263959 8.322404 8.251726 0.031558 0.032257 0.086359 0.080109 0.032257 0.031553 0.032257 23920 24303
38 62.310000 60.320000 1000000 8.326179 8.262883 8.320752 8.250651 0.031558 0.032257 0.086359 0.080109 0.032257 0.031553 0.032257 24300 25104
38 62.310000 60.320000 1000000 8.326066 8.261808 8.320771 8.250830 0.031558 0.032257 0.087358 0.081184 0.032257 0.031553 0.032257 25100 25852
38 62.310000 60.320000 1000000 8.324978 8.260733 8.319680 8.249755 0.031556 0.032257 0.087357 0.081184 0.032257 0.031551 0.032257 25850 27290
38 62.310000 60.320000 1000000 8.314993 8.249980 8.309676 8.239003 0.031568 0.032257 0.084368 0.077958 0.032257 0.031564 0.032257 27290 27563
38 62.310000 60.320000 1000000 8.314659 8.248905 8.309342 8.237927 0.031567 0.032257 0.085362 0.079033 0.032257 0.031563 0.032257 27560 29286
38 62.310000 60.320000 1000000 8.293392 8.230625 8.288033 8.219648 0.031586 0.032257 0.085362 0.079032 0.032257 0.031582 0.032257 29280 29968
38 62.310000 60.320000 1000000 8.292340 8.229550 8.286980 8.218572 0.031584 0.032257 0.084367 0.077957 0.032257 0.031580 0.032257 29960 30687
38 62.310000 60.320000 1000000 8.279701 8.220948 8.274687 8.211225 0.031592 0.032257 0.084368 0.077957 0.032257 0.031587 0.032257 30680 30741
38 62.310000 60.320000 1000000 8.278955 8.219872 8.273940 8.210149 0.031590 0.032257 0.083375 0.076882 0.032257 0.031586 0.032257 30740 32156
38 62.310000 60.320000 1000000 8.277255 8.218797 8.272237 8.209074 0.031593 0.032257 0.083375 0.076882 0.032257 0.031588 0.032257 32150 33400
38 62.310000 60.320000 1000000 8.271786 8.214496 8.266758 8.204773 0.031598 0.032257 0.083375 0.076882 0.032257 0.031594 0.032257 33400 36529
38 62.310000 60.320000 1000000 8.248661 8.191916 8.243590 8.182192 0.031592 0.032257 0.077465 0.070430 0.032257 0.031588 0.032257 36520 38561
38 62.310000 60.320000 1000000 8.203562 8.163959 8.198406 8.154236 0.031615 0.032257 0.066896 0.058605 0.032257 0.031611 0.032257 38560 39649
38 62.310000 60.320000 1000000 8.195771 8.157507 8.190602 8.147784 0.031624 0.032257 0.070694 0.062906 0.032257 0.031620 0.032257 39640 41690
38 62.310000 60.320000 1000000 8.160343 8.136002 8.155105 8.126279 0.031657 0.032257 0.068788 0.060756 0.032257 0.031653 0.032257 41690 41871
38 62.310000 60.320000 1000000 8.157217 8.127400 8.154486 8.126458 0.031659 0.032257 0.065020 0.056454 0.032257 0.031651 0.032257 41870 42675
38 62.310000 60.320000 1000000 8.156752 8.126324 8.154020 8.125383 0.031659 0.032257 0.065956 0.057529 0.032257 0.031650 0.032257 42670 52264
38 62.310000 60.320000 1000000 8.119320 8.102668 8.116550 8.101727 0.031691 0.032257 0.068785 0.060753 0.032257 0.031683 0.032257 52260 52938
38 62.310000 60.320000 1000000 8.118229 8.101593 8.115458 8.100651 0.031690 0.032257 0.069737 0.061827 0.032257 0.031681 0.032257 52930 53195
38 62.310000 60.320000 1000000 8.112887 8.098367 8.110111 8.097426 0.031694 0.032257 0.067837 0.059677 0.032257 0.031686 0.032257 53190 54718
38 62.310000 60.320000 1000000 8.099115 8.089765 8.096325 8.088823 0.031695 0.032257 0.066893 0.058602 0.032257 0.031687 0.032257 54710 57050
38 62.310000 60.320000 1000000 8.098655 8.088690 8.095692 8.087345 0.031696 0.032257 0.066893 0.058602 0.032257 0.031688 0.032257 57050 62741
38 62.310000 60.320000 1000000 8.060737 8.054281 8.057732 8.052936 0.031732 0.032257 0.080409 0.073655 0.032257 0.031724 0.032257 62740 64402
38 62.310000 60.320000 1000000 8.059562 8.053206 8.056555 8.051861 0.031734 0.032257 0.081395 0.074730 0.032257 0.031726 0.032257 64400 65154
38 62.310000 60.320000 1000000 8.046958 8.044604 8.043936 8.043259 0.031737 0.032257 0.084366 0.077956 0.032257 0.031729 0.032257 65150 66125
38 62.310000 60.320000 1000000 8.027693 8.031701 8.024650 8.030356 0.031768 0.032257 0.078443 0.071503 0.032257 0.031760 0.032257 66120 71517
38 62.310000 60.320000 1000000 7.998318 8.010195 7.995241 8.008850 0.031810 0.032257 0.070692 0.062903 0.032257 0.031802 0.032257 71510 74278
38 62.310000 60.320000 1000000 7.995260 8.006970 7.992180 8.005625 0.031807 0.032257 0.071650 0.063978 0.032257 0.031799 0.032257 74270 78285
38 62.310000 60.320000 1000000 7.988444 7.997292 7.985356 7.995947 0.031813 0.032257 0.080409 0.073655 0.032257 0.031805 0.032257 78280 80588
38 62.310000 60.320000 1000000 7.987091 7.996217 7.984001 7.994872 0.031811 0.032257 0.081395 0.074730 0.032257 0.031804 0.032257 80580 81121
38 62.310000 60.320000 1000000 7.985833 7.995142 7.982742 7.993797 0.031810 0.032257 0.081395 0.074730 0.032257 0.031802 0.032257 81120 82885
38 62.310000 60.320000 1000000 7.981660 7.990841 7.978564 7.989496 0.031805 0.032257 0.082383 0.075806 0.032257 0.031798 0.032257 82880 88473
38 62.310000 60.320000 1000000 7.981105 7.989765 7.978008 7.988420 0.031805 0.032257 0.082384 0.075806 0.032257 0.031797 0.032257 88470 93257
38 62.310000 60.320000 1000000 7.972211 7.982239 7.968752 7.980087 0.031814 0.032257 0.080409 0.073655 0.032257 0.031807 0.032257 91050 97127
38 62.310000 60.320000 1000000 7.953473 7.967185 7.949650 7.964227 0.031826 0.032257 0.083374 0.076881 0.032257 0.031820 0.032257 97120 97798
38 62.310000 60.320000 1000000 7.935554 7.954282 7.931705 7.951324 0.031844 0.032257 0.086360 0.080109 0.032257 0.031838 0.032257 97790 106258
38 62.310000 60.320000 1000000 7.908671 7.918798 7.907303 7.925921 0.031866 0.032257 0.086359 0.080108 0.032257 0.031856 0.032257 106250 107905
38 62.310000 60.320000 1000000 7.907274 7.917723 7.905905 7.924845 0.031865 0.032257 0.085363 0.079033 0.032257 0.031854 0.032257 107900 110977
38 62.310000 60.320000 1000000 7.899761 7.912346 7.898389 7.919469 0.031862 0.032257 0.086359 0.080108 0.032257 0.031852 0.032257 110970 112437
38 62.310000 60.320000 1000000 7.897391 7.909121 7.896017 7.916243 0.031863 0.032257 0.084368 0.077958 0.032257 0.031853 0.032257 112430 121930
38 62.310000 60.320000 1000000 7.878873 7.896217 7.877489 7.903340 0.031876 0.032257 0.077467 0.070431 0.032257 0.031866 0.032257 121930 122046
38 62.310000 60.320000 1000000 7.878491 7.895142 7.877107 7.902265 0.031876 0.032257 0.078445 0.071506 0.032257 0.031865 0.032257 122040 122247
38 62.310000 60.320000 1000000 7.878391 7.893529 7.876955 7.899801 0.031876 0.032257 0.077956 0.070969 0.032257 0.031865 0.032257 122240 127058
38 62.310000 60.320000 1000000 7.870492 7.887078 7.869051 7.893349 0.031885 0.032257 0.075031 0.067743 0.032257 0.031874 0.032257 127050 137584
38 62.310000 60.320000 1000000 7.857854 7.877400 7.856713 7.884926 0.031879 0.032257 0.074061 0.066667 0.032257 0.031868 0.032257 137580 139741
38 62.310000 60.320000 1000000 7.853127 7.874174 7.851984 7.881700 0.031878 0.032257 0.075030 0.067742 0.032257 0.031867 0.032257 139740 142325
38 62.310000 60.320000 1000000 7.851665 7.873099 7.850521 7.880625 0.031880 0.032257 0.074061 0.066667 0.032257 0.031870 0.032257 142320 142530
38 62.310000 60.320000 1000000 7.850063 7.872024 7.848919 7.879550 0.031880 0.032257 0.073094 0.065591 0.032257 0.031869 0.032257 142530 142577
38 62.310000 60.320000 1000000 7.848825 7.870949 7.847680 7.878475 0.031879 0.032257 0.072131 0.064516 0.032257 0.031868 0.032257 142570 155720
38 62.310000 60.320000 1000000 7.838270 7.861271 7.837121 7.868797 0.031881 0.032257 0.075030 0.067742 0.032257 0.031870 0.032257 155720 166217
38 62.310000 60.320000 1000000 7.826666 7.851594 7.825511 7.859120 0.031898 0.032257 0.071170 0.063440 0.032257 0.031887 0.032257 164560 170231
38 62.310000 60.320000 1000000 7.825089 7.850519 7.823933 7.858045 0.031898 0.032257 0.070214 0.062365 0.032257 0.031887 0.032257 170230 178078
38 62.310000 60.320000 1000000 7.824829 7.849443 7.823977 7.858224 0.031898 0.032257 0.071171 0.063440 0.032257 0.031887 0.032257 178070 178906
38 62.310000 60.320000 1000000 7.824606 7.847830 7.823637 7.855760 0.031898 0.032257 0.070692 0.062903 0.032257 0.031887 0.032257 178900 179152
38 62.310000 60.320000 1000000 7.823361 7.846755 7.822391 7.854684 0.031900 0.032257 0.070692 0.062903 0.032257 0.031889 0.032257 179150 181502
38 62.310000 60.320000 1000000 7.819663 7.843529 7.818692 7.851459 0.031896 0.032257 0.072612 0.065053 0.032257 0.031885 0.032257 181500 189928
38 62.310000 60.320000 1000000 7.794956 7.826325 7.793976 7.834254 0.031917 0.032257 0.062237 0.053225 0.032257 0.031906 0.032257 189920 191953
38 62.310000 60.320000 1000000 7.793886 7.825250 7.792905 7.833179 0.031916 0.032257 0.063159 0.054301 0.032257 0.031905 0.032257 191950 206821
38 62.310000 60.320000 1000000 7.788076 7.817723 7.786609 7.824442 0.031925 0.032257 0.060409 0.051075 0.032257 0.031915 0.032257 206820 211604
38 62.310000 60.320000 1000000 7.785212 7.814497 7.783743 7.821217 0.031928 0.032257 0.061321 0.052151 0.032257 0.031917 0.032257 211600 214321
38 62.310000 60.320000 1000000 7.783605 7.813422 7.782135 7.820141 0.031927 0.032257 0.060409 0.051076 0.032257 0.031917 0.032257 214320 217390
38 62.310000 60.320000 1000000 7.781719 7.812347 7.780248 7.819066 0.031928 0.032257 0.059503 0.050001 0.032257 0.031918 0.032257 217390 233637
38 62.310000 60.320000 1000000 7.755493 7.792992 7.754007 7.799711 0.031931 0.032257 0.055938 0.045701 0.032257 0.031921 0.032257 233630 240117
38 62.310000 60.320000 1000000 7.754961 7.791916 7.753475 7.798636 0.031932 0.032257 0.055938 0.045701 0.032257 0.031921 0.032257 240110 242023
38 62.310000 60.320000 1000000 7.754860 7.790304 7.753320 7.796172 0.031932 0.032257 0.056378 0.046238 0.032257 0.031921 0.032257 242020 260197
38 62.310000 60.320000 1000000 7.748267 7.778476 7.746264 7.780939 0.031931 0.032257 0.054629 0.044088 0.032257 0.031921 0.032257 260190 272141
38 62.310000 60.320000 1000000 7.741288 7.773099 7.739280 7.775563 0.031934 0.032257 0.052908 0.041938 0.032257 0.031924 0.032257 272140 280257
38 62.310000 60.320000 1000000 7.738338 7.769874 7.736328 7.772337 0.031938 0.032257 0.053765 0.043013 0.032257 0.031929 0.032257 280250 281920
38 62.310000 60.320000 1000000 7.736978 7.768798 7.734967 7.771262 0.031937 0.032257 0.053765 0.043013 0.032257 0.031927 0.032257 281920 290595
38 62.310000 60.320000 1000000 7.730226 7.761271 7.728209 7.763735 0.031944 0.032257 0.057264 0.047314 0.032257 0.031934 0.032257 290590 291311
38 62.310000 60.320000 1000000 7.728607 7.760196 7.726589 7.762659 0.031946 0.032257 0.056379 0.046239 0.032257 0.031936 0.032257 291310 300052
38 62.310000 60.320000 1000000 7.725943 7.755895 7.723457 7.757149 0.031950 0.032257 0.053765 0.043013 0.032257 0.031941 0.032257 300050 300614
38 62.310000 60.320000 1000000 7.724685 7.754820 7.722198 7.756073 0.031949 0.032257 0.054629 0.044088 0.032257 0.031940 0.032257 300610 310819
38 62.310000 60.320000 1000000 7.723920 7.753745 7.721432 7.754998 0.031950 0.032257 0.054629 0.044088 0.032257 0.031941 0.032257 310810 316007
38 62.310000 60.320000 1000000 7.722966 7.752669 7.720477 7.753923 0.031949 0.032257 0.054629 0.044088 0.032257 0.031940 0.032257 316000 319241
38 62.310000 60.320000 1000000 7.722117 7.751594 7.719628 7.752848 0.031948 0.032257 0.053765 0.043013 0.032257 0.031939 0.032257 319240 333695
38 62.310000 60.320000 1000000 7.718195 7.748368 7.715701 7.749622 0.031947 0.032257 0.052908 0.041938 0.032257 0.031938 0.032257 333690 359221
38 62.310000 60.320000 1000000 7.697473 7.730089 7.694959 7.731342 0.031958 0.032257 0.064554 0.055916 0.032257 0.031949 0.032257 359220 367150
38 62.310000 60.320000 1000000 7.688920 7.724712 7.686397 7.725966 0.031962 0.032257 0.067366 0.059141 0.032257 0.031953 0.032257 367150 369772
38 62.310000 60.320000 1000000 7.688518 7.723637 7.685844 7.724488 0.031963 0.032257 0.068312 0.060216 0.032257 0.031954 0.032257 369770 381453
38 62.310000 60.320000 1000000 7.685030 7.718798 7.682242 7.718798 0.031967 0.032257 0.065019 0.056453 0.032257 0.031959 0.032257 381450 383981
38 62.310000 60.320000 1000000 7.684426 7.717723 7.681637 7.717722 0.031966 0.032257 0.065019 0.056453 0.032257 0.031958 0.032257 383980 389491
38 62.310000 60.320000 1000000 7.682882 7.716648 7.680091 7.716647 0.031966 0.032257 0.065019 0.056453 0.032257 0.031957 0.032257 389490 411823
38 62.310000 60.320000 1000000 7.677466 7.708583 7.674348 7.706029 0.031971 0.032257 0.063625 0.054841 0.032257 0.031963 0.032257 411820 426008
38 62.310000 60.320000 1000000 7.670894 7.702132 7.668084 7.700832 0.031978 0.032257 0.062700 0.053766 0.032257 0.031970 0.032257 426000 433847
38 62.310000 60.320000 1000000 7.661073 7.691379 7.658049 7.688377 0.031986 0.032257 0.068312 0.060217 0.032257 0.031978 0.032257 433840 438911
38 62.310000 60.320000 1000000 7.654586 7.684928 7.651553 7.681925 0.031995 0.032257 0.063624 0.054840 0.032257 0.031987 0.032257 438910 459815
38 62.310000 60.320000 1000000 7.652856 7.683852 7.649822 7.680850 0.031997 0.032257 0.062699 0.053765 0.032257 0.031988 0.032257 459810 460538
38 62.310000 60.320000 1000000 7.644283 7.678476 7.641238 7.675473 0.031999 0.032257 0.059956 0.050539 0.032257 0.031991 0.032257 460530 463062
38 62.310000 60.320000 1000000 7.642859 7.677401 7.639812 7.674398 0.032001 0.032257 0.059053 0.049464 0.032257 0.031993 0.032257 463060 479375
38 62.310000 60.320000 1000000 7.640911 7.673100 7.637863 7.670097 0.032004 0.032257 0.058155 0.048388 0.032257 0.031995 0.032257 479370 496333
38 62.310000 60.320000 1000000 7.638151 7.670949 7.635100 7.667947 0.032008 0.032257 0.056378 0.046238 0.032257 0.032000 0.032257 482600 505040
38 62.310000 60.320000 1000000 7.637531 7.669874 7.634478 7.666871 0.032009 0.032257 0.057263 0.047313 0.032257 0.032000 0.032257 505040 509993
38 62.310000 60.320000 1000000 7.631042 7.665573 7.627981 7.662570 0.032011 0.032257 0.057264 0.047314 0.032257 0.032003 0.032257 509990 525636
38 62.310000 60.320000 1000000 7.619725 7.654820 7.616651 7.651818 0.032015 0.032257 0.056378 0.046238 0.032257 0.032007 0.032257 525630 530192
38 62.310000 60.320000 1000000 7.618161 7.653745 7.615085 7.650742 0.032015 0.032257 0.056378 0.046238 0.032257 0.032007 0.032257 530190 541402
38 62.310000 60.320000 1000000 7.616657 7.652670 7.613579 7.649667 0.032014 0.032257 0.057263 0.047313 0.032257 0.032006 0.032257 541400 560055
38 62.310000 60.320000 1000000 7.615017 7.651594 7.611937 7.648592 0.032016 0.032257 0.057263 0.047313 0.032257 0.032008 0.032257 560050 579184
38 62.310000 60.320000 1000000 7.606421 7.640842 7.604428 7.642857 0.032026 0.032257 0.052060 0.040862 0.032257 0.032017 0.032257 579180 583031
38 62.310000 60.320000 1000000 7.605017 7.639766 7.603023 7.641782 0.032025 0.032257 0.052908 0.041936 0.032257 0.032016 0.032257 583030 600111
38 62.310000 60.320000 1000000 7.602158 7.635465 7.600162 7.637481 0.032024 0.032257 0.056378 0.046237 0.032257 0.032015 0.032257 600110 637727
38 62.310000 60.320000 1000000 7.596793 7.631164 7.594792 7.633180 0.032029 0.032257 0.057263 0.047313 0.032257 0.032019 0.032257 637720 638047
38 62.310000 60.320000 1000000 7.595982 7.630089 7.593981 7.632104 0.032028 0.032257 0.057263 0.047313 0.032257 0.032018 0.032257 638040 671289
38 62.310000 60.320000 1000000 7.589037 7.622562 7.587030 7.624578 0.032034 0.032257 0.059955 0.050538 0.032257 0.032024 0.032257 671280 704058
38 62.310000 60.320000 1000000 7.588896 7.621487 7.587053 7.624757 0.032034 0.032257 0.060864 0.051613 0.032257 0.032024 0.032257 704050 723916
38 62.310000 60.320000 1000000 7.587095 7.620412 7.585252 7.623681 0.032035 0.032257 0.059955 0.050538 0.032257 0.032026 0.032257 723910 742109
38 62.310000 60.320000 1000000 7.579365 7.615035 7.577516 7.618305 0.032042 0.032257 0.056376 0.046236 0.032257 0.032032 0.032257 742100 747159
38 62.310000 60.320000 1000000 7.577853 7.613960 7.576002 7.617230 0.032041 0.032257 0.056376 0.046236 0.032257 0.032032 0.032257 747150 754895
38 62.310000 60.320000 1000000 7.576164 7.612885 7.574312 7.616154 0.032041 0.032257 0.056376 0.046236 0.032257 0.032032 0.032257 754890 817612
38 62.310000 60.320000 1000000 7.563831 7.604283 7.561970 7.607552 0.032050 0.032257 0.057262 0.047311 0.032257 0.032041 0.032257 817610 829036
38 62.310000 60.320000 1000000 7.553496 7.595680 7.551628 7.598950 0.032059 0.032257 0.054627 0.044086 0.032257 0.032050 0.032257 829030 921175
38 62.310000 60.320000 1000000 7.537726 7.568261 7.534602 7.565258 0.032072 0.032257 0.055061 0.044622 0.032257 0.032064 0.032257 921170 932463
38 62.310000 60.320000 1000000 7.536754 7.567186 7.533629 7.564183 0.032071 0.032257 0.055936 0.045698 0.032257 0.032063 0.032257 932460 945359
38 62.310000 60.320000 1000000 7.535428 7.566111 7.532302 7.563108 0.032070 0.032257 0.055061 0.044623 0.032257 0.032062 0.032257 945350 953297
38 62.310000 60.320000 1000000 7.533891 7.565035 7.530762 7.562033 0.032071 0.032257 0.055061 0.044623 0.032257 0.032064 0.032257 953290 966130
38 62.310000 60.320000 1000000 7.533783 7.563422 7.530597 7.559569 0.032071 0.032257 0.054627 0.044085 0.032257 0.032064 0.032257 966130 1000000
