48 62.310000 60.320000 1000000 14.533680 14.068782 14.530655 14.067974 0.031826 0.032259 0.221719 0.219360 0.032259 0.031817 0.032259 0 50
48 62.310000 60.320000 1000000 12.837246 12.726310 12.833588 12.726756 0.031851 0.032259 0.258474 0.256453 0.032259 0.031841 0.032259 50 60
48 62.310000 60.320000 1000000 12.602711 12.549967 12.598609 12.549607 0.031915 0.032259 0.261676 0.259680 0.032259 0.031906 0.032259 60 70
48 62.310000 60.320000 1000000 12.382976 12.391903 12.378907 12.392798 0.031899 0.032259 0.228635 0.226348 0.032259 0.031889 0.032259 70 80
48 62.310000 60.320000 1000000 12.257587 12.273624 12.254767 12.282045 0.031919 0.032259 0.223311 0.220969 0.032259 0.031909 0.032259 80 91
48 62.310000 60.320000 1000000 12.163610 12.199431 12.160348 12.206643 0.031953 0.032259 0.219055 0.216667 0.032259 0.031943 0.032259 90 102
48 62.310000 60.320000 1000000 12.076209 12.120937 12.072875 12.128149 0.031964 0.032259 0.200993 0.198387 0.032259 0.031954 0.032259 100 111
48 62.310000 60.320000 1000000 12.034951 12.085453 12.031381 12.091859 0.031975 0.032259 0.210552 0.208066 0.032259 0.031966 0.032259 110 121
48 62.310000 60.320000 1000000 11.953830 12.033841 11.950249 12.039798 0.032002 0.032259 0.188270 0.185486 0.032259 0.031992 0.032259 120 130
48 62.310000 60.320000 1000000 11.909611 12.005884 11.905990 12.011841 0.032012 0.032259 0.187211 0.184411 0.032259 0.032002 0.032259 130 140
48 62.310000 60.320000 1000000 11.845674 11.950508 11.841697 11.953911 0.032013 0.032259 0.187738 0.184946 0.032259 0.032004 0.032259 140 151
48 62.310000 60.320000 1000000 11.782992 11.902121 11.778951 11.905525 0.032027 0.032259 0.180328 0.177419 0.032259 0.032018 0.032259 150 160
48 62.310000 60.320000 1000000 11.726086 11.854810 11.722207 11.859468 0.032023 0.032259 0.182444 0.179569 0.032259 0.032014 0.032259 160 184
48 62.310000 60.320000 1000000 11.655603 11.777391 11.651221 11.779540 0.032041 0.032259 0.176096 0.173116 0.032259 0.032032 0.032259 180 193
48 62.310000 60.320000 1000000 11.592994 11.721477 11.589407 11.727390 0.032068 0.032259 0.147653 0.144086 0.032259 0.032059 0.032259 190 208
48 62.310000 60.320000 1000000 11.563556 11.699972 11.559941 11.705885 0.032063 0.032259 0.147653 0.144086 0.032259 0.032054 0.032259 200 210
48 62.310000 60.320000 1000000 11.552795 11.692445 11.549170 11.698358 0.032063 0.032259 0.145555 0.141935 0.032259 0.032054 0.032259 210 221
48 62.310000 60.320000 1000000 11.535044 11.679542 11.531402 11.685455 0.032064 0.032259 0.149752 0.146236 0.032259 0.032054 0.032259 220 231
48 62.310000 60.320000 1000000 11.513573 11.659112 11.509703 11.663322 0.032064 0.032259 0.148701 0.145160 0.032259 0.032054 0.032259 230 240
48 62.310000 60.320000 1000000 11.492757 11.642983 11.488866 11.647193 0.032069 0.032259 0.153955 0.150537 0.032259 0.032059 0.032259 240 251
48 62.310000 60.320000 1000000 11.486480 11.636531 11.482582 11.640741 0.032068 0.032259 0.152904 0.149462 0.032259 0.032059 0.032259 250 264
48 62.310000 60.320000 1000000 11.423077 11.566639 11.418806 11.566996 0.032075 0.032259 0.150803 0.147312 0.032259 0.032066 0.032259 260 272
48 62.310000 60.320000 1000000 11.405716 11.553736 11.401281 11.553690 0.032080 0.032259 0.145556 0.141936 0.032259 0.032071 0.032259 270 328
48 62.310000 60.320000 1000000 11.367417 11.517177 11.362937 11.517131 0.032080 0.032259 0.144508 0.140861 0.032259 0.032071 0.032259 320 354
48 62.310000 60.320000 1000000 11.356138 11.503199 11.351645 11.503153 0.032080 0.032259 0.141365 0.137636 0.032259 0.032072 0.032259 350 388
48 62.310000 60.320000 1000000 11.324496 11.470941 11.319966 11.470895 0.032082 0.032259 0.133004 0.129032 0.032259 0.032073 0.032259 380 396
48 62.310000 60.320000 1000000 11.294269 11.446747 11.289411 11.444147 0.032088 0.032259 0.128314 0.124192 0.032259 0.032079 0.032259 390 404
48 62.310000 60.320000 1000000 11.257462 11.420941 11.252556 11.418341 0.032099 0.032259 0.123118 0.118817 0.032259 0.032091 0.032259 400 435
48 62.310000 60.320000 1000000 11.226143 11.386532 11.221196 11.383932 0.032091 0.032259 0.134568 0.130644 0.032259 0.032083 0.032259 430 440
48 62.310000 60.320000 1000000 11.216077 11.375780 11.211117 11.373180 0.032100 0.032259 0.134568 0.130644 0.032259 0.032091 0.032259 440 453
48 62.310000 60.320000 1000000 11.180253 11.353199 11.175245 11.350599 0.032114 0.032259 0.139793 0.136020 0.032259 0.032105 0.032259 450 470
48 62.310000 60.320000 1000000 11.163583 11.330619 11.158552 11.328019 0.032109 0.032259 0.139794 0.136021 0.032259 0.032100 0.032259 470 480
48 62.310000 60.320000 1000000 11.158658 11.325242 11.153930 11.323897 0.032107 0.032259 0.142934 0.139247 0.032259 0.032098 0.032259 480 503
48 62.310000 60.320000 1000000 11.126699 11.287608 11.121930 11.286263 0.032106 0.032259 0.134569 0.130645 0.032259 0.032097 0.032259 500 512
48 62.310000 60.320000 1000000 11.109576 11.270404 11.104785 11.269058 0.032102 0.032259 0.134568 0.130645 0.032259 0.032094 0.032259 510 540
48 62.310000 60.320000 1000000 11.053058 11.195135 11.049197 11.200600 0.032098 0.032259 0.131440 0.127420 0.032259 0.032089 0.032259 540 555
48 62.310000 60.320000 1000000 11.035863 11.177931 11.031984 11.183395 0.032095 0.032259 0.135614 0.131722 0.032259 0.032086 0.032259 550 561
48 62.310000 60.320000 1000000 11.031967 11.174705 11.028083 11.180170 0.032093 0.032259 0.138749 0.134947 0.032259 0.032084 0.032259 560 574
48 62.310000 60.320000 1000000 11.021678 11.161802 11.017784 11.167267 0.032089 0.032259 0.137704 0.133873 0.032259 0.032080 0.032259 570 580
48 62.310000 60.320000 1000000 11.008679 11.147823 11.004007 11.151272 0.032089 0.032259 0.136659 0.132797 0.032259 0.032081 0.032259 580 600
48 62.310000 60.320000 1000000 10.975619 11.112339 10.971590 11.119552 0.032089 0.032259 0.148178 0.144624 0.032259 0.032081 0.032259 600 610
48 62.310000 60.320000 1000000 10.946114 11.085458 10.941825 11.091863 0.032083 0.032259 0.129357 0.125271 0.032259 0.032075 0.032259 610 629
48 62.310000 60.320000 1000000 10.943673 11.083307 10.939381 11.089713 0.032083 0.032259 0.127276 0.123120 0.032259 0.032075 0.032259 620 664
48 62.310000 60.320000 1000000 10.938736 11.074705 10.935395 11.084874 0.032080 0.032259 0.128317 0.124196 0.032259 0.032071 0.032259 660 717
48 62.310000 60.320000 1000000 10.904049 11.052125 10.900453 11.061487 0.032090 0.032259 0.118977 0.114520 0.032259 0.032081 0.032259 680 736
48 62.310000 60.320000 1000000 10.885130 11.025243 10.881516 11.034606 0.032091 0.032259 0.115875 0.111294 0.032259 0.032082 0.032259 730 740
48 62.310000 60.320000 1000000 10.868991 11.009114 10.865360 11.018477 0.032099 0.032259 0.116908 0.112369 0.032259 0.032090 0.032259 740 772
48 62.310000 60.320000 1000000 10.847127 10.991910 10.843475 11.001273 0.032106 0.032259 0.116908 0.112369 0.032259 0.032097 0.032259 770 789
48 62.310000 60.320000 1000000 10.845317 10.990835 10.841663 11.000197 0.032107 0.032259 0.117942 0.113445 0.032259 0.032098 0.032259 780 807
48 62.310000 60.320000 1000000 10.826664 10.974706 10.822991 10.984068 0.032117 0.032259 0.111751 0.106994 0.032259 0.032108 0.032259 800 814
48 62.310000 60.320000 1000000 10.826088 10.973630 10.822414 10.982993 0.032117 0.032259 0.111751 0.106994 0.032259 0.032108 0.032259 810 877
48 62.310000 60.320000 1000000 10.809714 10.958577 10.806024 10.967939 0.032116 0.032259 0.106616 0.101618 0.032259 0.032107 0.032259 870 1010
48 62.310000 60.320000 1000000 10.778893 10.913416 10.774108 10.912563 0.032125 0.032259 0.107641 0.102693 0.032259 0.032117 0.032259 1010 1034
48 62.310000 60.320000 1000000 10.773123 10.905889 10.768331 10.905036 0.032129 0.032259 0.107641 0.102693 0.032259 0.032121 0.032259 1030 1060
48 62.310000 60.320000 1000000 10.769623 10.902663 10.764826 10.901811 0.032128 0.032259 0.106615 0.101618 0.032259 0.032120 0.032259 1060 1074
48 62.310000 60.320000 1000000 10.769215 10.901588 10.764418 10.900735 0.032128 0.032259 0.106615 0.101618 0.032259 0.032120 0.032259 1070 1095
48 62.310000 60.320000 1000000 10.765869 10.898362 10.761067 10.897510 0.032128 0.032259 0.105592 0.100543 0.032259 0.032120 0.032259 1090 1114
48 62.310000 60.320000 1000000 10.729293 10.855351 10.722930 10.848451 0.032123 0.032259 0.108668 0.103769 0.032259 0.032115 0.032259 1110 1122
48 62.310000 60.320000 1000000 10.721303 10.846749 10.714926 10.839849 0.032120 0.032259 0.110723 0.105919 0.032259 0.032112 0.032259 1120 1137
48 62.310000 60.320000 1000000 10.721151 10.845136 10.714693 10.837385 0.032120 0.032259 0.111237 0.106457 0.032259 0.032112 0.032259 1130 1153
48 62.310000 60.320000 1000000 10.714815 10.838685 10.708346 10.830933 0.032120 0.032259 0.109181 0.104307 0.032259 0.032111 0.032259 1150 1178
48 62.310000 60.320000 1000000 10.701482 10.827932 10.694988 10.820180 0.032117 0.032259 0.113297 0.108607 0.032259 0.032109 0.032259 1170 1199
48 62.310000 60.320000 1000000 10.699984 10.826857 10.693487 10.819105 0.032117 0.032259 0.112267 0.107532 0.032259 0.032109 0.032259 1190 1243
48 62.310000 60.320000 1000000 10.696813 10.821481 10.690310 10.813729 0.032114 0.032259 0.114328 0.109683 0.032259 0.032106 0.032259 1220 1269
48 62.310000 60.320000 1000000 10.690223 10.815029 10.683709 10.807277 0.032110 0.032259 0.112267 0.107532 0.032259 0.032102 0.032259 1260 1339
48 62.310000 60.320000 1000000 10.686530 10.812879 10.680009 10.805127 0.032112 0.032259 0.113297 0.108607 0.032259 0.032104 0.032259 1280 1369
48 62.310000 60.320000 1000000 10.676250 10.801050 10.669710 10.793299 0.032105 0.032259 0.108153 0.103230 0.032259 0.032097 0.032259 1360 1398
48 62.310000 60.320000 1000000 10.671129 10.791373 10.663365 10.780395 0.032109 0.032259 0.112265 0.107530 0.032259 0.032102 0.032259 1390 1594
48 62.310000 60.320000 1000000 10.618408 10.729008 10.611199 10.720539 0.032103 0.032259 0.113293 0.108604 0.032259 0.032096 0.032259 1590 1625
48 62.310000 60.320000 1000000 10.584421 10.704277 10.577142 10.695808 0.032101 0.032259 0.117423 0.112905 0.032259 0.032094 0.032259 1620 1645
48 62.310000 60.320000 1000000 10.573621 10.696750 10.566320 10.688281 0.032100 0.032259 0.119493 0.115056 0.032259 0.032093 0.032259 1640 1701
48 62.310000 60.320000 1000000 10.561590 10.684922 10.554264 10.676453 0.032097 0.032259 0.115357 0.110755 0.032259 0.032090 0.032259 1700 1791
48 62.310000 60.320000 1000000 10.534578 10.663417 10.527195 10.654948 0.032091 0.032259 0.119493 0.115056 0.032259 0.032084 0.032259 1790 1804
48 62.310000 60.320000 1000000 10.528286 10.659116 10.520890 10.650647 0.032090 0.032259 0.115358 0.110755 0.032259 0.032083 0.032259 1800 1822
48 62.310000 60.320000 1000000 10.527740 10.658040 10.520343 10.649572 0.032091 0.032259 0.115358 0.110755 0.032259 0.032084 0.032259 1820 1877
48 62.310000 60.320000 1000000 10.518838 10.651589 10.511422 10.643120 0.032090 0.032259 0.119493 0.115056 0.032259 0.032083 0.032259 1870 1888
48 62.310000 60.320000 1000000 10.517936 10.650513 10.510517 10.642045 0.032089 0.032259 0.119493 0.115056 0.032259 0.032082 0.032259 1880 2025
48 62.310000 60.320000 1000000 10.489822 10.620406 10.482344 10.611937 0.032077 0.032259 0.114325 0.109679 0.032259 0.032070 0.032259 2020 2094
48 62.310000 60.320000 1000000 10.488367 10.619331 10.480886 10.610862 0.032077 0.032259 0.113294 0.108604 0.032259 0.032070 0.032259 2090 2230
48 62.310000 60.320000 1000000 10.458282 10.593524 10.450586 10.584653 0.032077 0.032259 0.121565 0.117206 0.032259 0.032071 0.032259 2230 2275
48 62.310000 60.320000 1000000 10.456892 10.592449 10.449192 10.583577 0.032077 0.032259 0.121565 0.117206 0.032259 0.032071 0.032259 2270 2301
48 62.310000 60.320000 1000000 10.450506 10.587073 10.442793 10.578201 0.032075 0.032259 0.125717 0.121507 0.032259 0.032069 0.032259 2300 2426
48 62.310000 60.320000 1000000 10.448902 10.585998 10.441185 10.577126 0.032075 0.032259 0.126756 0.122583 0.032259 0.032069 0.032259 2420 2479
48 62.310000 60.320000 1000000 10.445249 10.582772 10.437524 10.573900 0.032073 0.032259 0.127796 0.123657 0.032259 0.032067 0.032259 2470 2574
48 62.310000 60.320000 1000000 10.432199 10.572019 10.424445 10.563147 0.032076 0.032259 0.131962 0.127959 0.032259 0.032070 0.032259 2570 2827
48 62.310000 60.320000 1000000 10.426999 10.561267 10.419234 10.552395 0.032071 0.032259 0.136137 0.132260 0.032259 0.032065 0.032259 2600 2784
48 62.310000 60.320000 1000000 10.404223 10.539761 10.396406 10.530889 0.032077 0.032259 0.140319 0.136561 0.032259 0.032071 0.032259 2780 2866
48 62.310000 60.320000 1000000 10.400668 10.533847 10.392757 10.524124 0.032077 0.032259 0.139796 0.136023 0.032259 0.032071 0.032259 2860 2873
48 62.310000 60.320000 1000000 10.396037 10.529546 10.388115 10.519823 0.032078 0.032259 0.138750 0.134947 0.032259 0.032072 0.032259 2870 2941
48 62.310000 60.320000 1000000 10.389258 10.524170 10.381320 10.514447 0.032076 0.032259 0.142936 0.139248 0.032259 0.032070 0.032259 2900 3045
48 62.310000 60.320000 1000000 10.384784 10.517718 10.376835 10.507995 0.032071 0.032259 0.140842 0.137098 0.032259 0.032065 0.032259 3040 3090
48 62.310000 60.320000 1000000 10.370020 10.506966 10.362038 10.497242 0.032070 0.032259 0.132483 0.128495 0.032259 0.032065 0.032259 3090 3104
48 62.310000 60.320000 1000000 10.350817 10.495138 10.342791 10.485414 0.032078 0.032259 0.132483 0.128495 0.032259 0.032072 0.032259 3100 3330
48 62.310000 60.320000 1000000 10.341620 10.486535 10.333572 10.476812 0.032080 0.032259 0.134570 0.130646 0.032259 0.032074 0.032259 3330 3365
48 62.310000 60.320000 1000000 10.339524 10.483310 10.331995 10.476095 0.032080 0.032259 0.133526 0.129571 0.032259 0.032074 0.032259 3360 3414
48 62.310000 60.320000 1000000 10.338516 10.482234 10.330985 10.475020 0.032080 0.032259 0.133526 0.129571 0.032259 0.032074 0.032259 3410 3483
48 62.310000 60.320000 1000000 10.336046 10.479009 10.328510 10.471794 0.032079 0.032259 0.135614 0.131722 0.032259 0.032073 0.032259 3480 3572
48 62.310000 60.320000 1000000 10.332019 10.469331 10.326527 10.469644 0.032078 0.032259 0.138750 0.134948 0.032259 0.032069 0.032259 3570 3580
48 62.310000 60.320000 1000000 10.328169 10.462880 10.322671 10.463192 0.032075 0.032259 0.134570 0.130647 0.032259 0.032066 0.032259 3580 3700
48 62.310000 60.320000 1000000 10.327271 10.461804 10.321772 10.462117 0.032074 0.032259 0.135615 0.131722 0.032259 0.032065 0.032259 3700 3771
48 62.310000 60.320000 1000000 10.320231 10.453202 10.314721 10.453515 0.032074 0.032259 0.132484 0.128496 0.032259 0.032065 0.032259 3770 3919
48 62.310000 60.320000 1000000 10.292139 10.416643 10.289611 10.433264 0.032080 0.032259 0.132484 0.128497 0.032259 0.032070 0.032259 3910 4001
48 62.310000 60.320000 1000000 10.290499 10.415568 10.287970 10.432189 0.032079 0.032259 0.133527 0.129572 0.032259 0.032070 0.032259 4000 4226
48 62.310000 60.320000 1000000 10.279988 10.402664 10.277452 10.419285 0.032071 0.032259 0.134570 0.130647 0.032259 0.032061 0.032259 4220 4314
48 62.310000 60.320000 1000000 10.276289 10.399439 10.273749 10.416060 0.032071 0.032259 0.134570 0.130647 0.032259 0.032062 0.032259 4310 4377
48 62.310000 60.320000 1000000 10.272138 10.397288 10.269595 10.413909 0.032074 0.032259 0.132483 0.128496 0.032259 0.032064 0.032259 4320 4397
48 62.310000 60.320000 1000000 10.270522 10.396213 10.267978 10.412834 0.032074 0.032259 0.131441 0.127421 0.032259 0.032064 0.032259 4390 4470
48 62.310000 60.320000 1000000 10.267771 10.394062 10.265225 10.410683 0.032075 0.032259 0.130399 0.126345 0.032259 0.032065 0.032259 4470 4523
48 62.310000 60.320000 1000000 10.263704 10.386535 10.261155 10.403156 0.032075 0.032259 0.131440 0.127420 0.032259 0.032065 0.032259 4500 4542
48 62.310000 60.320000 1000000 10.260616 10.359654 10.256820 10.362655 0.032077 0.032259 0.125196 0.120968 0.032259 0.032067 0.032259 4540 4568
48 62.310000 60.320000 1000000 10.259491 10.358579 10.255695 10.361579 0.032077 0.032259 0.124157 0.119893 0.032259 0.032068 0.032259 4560 4839
48 62.310000 60.320000 1000000 10.233836 10.338148 10.230010 10.341149 0.032082 0.032259 0.124157 0.119894 0.032259 0.032073 0.032259 4830 5041
48 62.310000 60.320000 1000000 10.229672 10.332772 10.225842 10.335773 0.032086 0.032259 0.124157 0.119893 0.032259 0.032077 0.032259 5040 5430
48 62.310000 60.320000 1000000 10.224177 10.327396 10.220340 10.330397 0.032086 0.032259 0.121045 0.116668 0.032259 0.032076 0.032259 5430 5518
48 62.310000 60.320000 1000000 10.222882 10.322019 10.220556 10.331293 0.032087 0.032259 0.124158 0.119894 0.032259 0.032076 0.032259 5510 5723
48 62.310000 60.320000 1000000 10.213971 10.311267 10.212045 10.323049 0.032086 0.032259 0.127276 0.123120 0.032259 0.032075 0.032259 5720 5823
48 62.310000 60.320000 1000000 10.213235 10.310192 10.211308 10.321974 0.032085 0.032259 0.127276 0.123120 0.032259 0.032074 0.032259 5820 5886
48 62.310000 60.320000 1000000 10.212387 10.309116 10.210460 10.320899 0.032086 0.032259 0.126236 0.122045 0.032259 0.032075 0.032259 5880 6107
48 62.310000 60.320000 1000000 10.211897 10.308041 10.209970 10.319823 0.032086 0.032259 0.126236 0.122045 0.032259 0.032075 0.032259 6100 6477
48 62.310000 60.320000 1000000 10.188771 10.287611 10.186830 10.299393 0.032092 0.032259 0.120010 0.115593 0.032259 0.032081 0.032259 6470 6686
48 62.310000 60.320000 1000000 10.177450 10.266106 10.174531 10.271078 0.032092 0.032259 0.116906 0.112367 0.032259 0.032082 0.032259 6680 6717
48 62.310000 60.320000 1000000 10.176964 10.265030 10.174045 10.270003 0.032092 0.032259 0.116906 0.112367 0.032259 0.032082 0.032259 6710 6804
48 62.310000 60.320000 1000000 10.172121 10.261805 10.169197 10.266777 0.032091 0.032259 0.117938 0.113441 0.032259 0.032082 0.032259 6800 7058
48 62.310000 60.320000 1000000 10.164813 10.253203 10.161883 10.258175 0.032085 0.032259 0.120008 0.115591 0.032259 0.032075 0.032259 7050 7084
48 62.310000 60.320000 1000000 10.162982 10.252127 10.160050 10.257100 0.032085 0.032259 0.120008 0.115591 0.032259 0.032076 0.032259 7080 7311
48 62.310000 60.320000 1000000 10.153163 10.244600 10.150223 10.249573 0.032086 0.032259 0.115871 0.111290 0.032259 0.032077 0.032259 7310 7392
48 62.310000 60.320000 1000000 10.152890 10.243525 10.149848 10.248094 0.032086 0.032259 0.114839 0.110215 0.032259 0.032077 0.032259 7390 7440
48 62.310000 60.320000 1000000 10.151817 10.242450 10.148773 10.247019 0.032087 0.032259 0.113807 0.109139 0.032259 0.032078 0.032259 7440 7948
48 62.310000 60.320000 1000000 10.113608 10.194601 10.110415 10.198318 0.032083 0.032259 0.112263 0.107529 0.032259 0.032073 0.032259 7940 8358
48 62.310000 60.320000 1000000 10.097700 10.174170 10.094491 10.177888 0.032081 0.032259 0.112263 0.107528 0.032259 0.032072 0.032259 8350 8634
48 62.310000 60.320000 1000000 10.081455 10.156966 10.078231 10.160684 0.032089 0.032259 0.113294 0.108604 0.032259 0.032079 0.032259 8630 8965
48 62.310000 60.320000 1000000 10.079828 10.155891 10.076602 10.159609 0.032089 0.032259 0.112263 0.107529 0.032259 0.032079 0.032259 8960 9055
48 62.310000 60.320000 1000000 10.077686 10.152665 10.074458 10.156383 0.032090 0.032259 0.111234 0.106454 0.032259 0.032080 0.032259 9050 9775
48 62.310000 60.320000 1000000 10.039315 10.098902 10.036050 10.102620 0.032092 0.032259 0.111234 0.106454 0.032259 0.032083 0.032259 9530 10276
48 62.310000 60.320000 1000000 10.006978 10.050515 10.003682 10.054233 0.032095 0.032259 0.111233 0.106452 0.032259 0.032086 0.032259 10270 10575
48 62.310000 60.320000 1000000 10.002701 10.044063 9.999167 10.046079 0.032095 0.032259 0.107125 0.102153 0.032259 0.032086 0.032259 10570 10796
48 62.310000 60.320000 1000000 9.997635 10.036536 9.994096 10.038552 0.032091 0.032259 0.108151 0.103228 0.032259 0.032082 0.032259 10790 11662
48 62.310000 60.320000 1000000 9.984470 10.018257 9.980581 10.019466 0.032084 0.032259 0.103031 0.097851 0.032259 0.032075 0.032259 11660 11674
48 62.310000 60.320000 1000000 9.982705 10.017182 9.978813 10.018391 0.032084 0.032259 0.103031 0.097851 0.032259 0.032075 0.032259 11670 11727
48 62.310000 60.320000 1000000 9.981888 10.016106 9.977995 10.017315 0.032084 0.032259 0.102011 0.096776 0.032259 0.032076 0.032259 11720 11806
48 62.310000 60.320000 1000000 9.968164 10.003203 9.964256 10.004412 0.032080 0.032259 0.105075 0.100001 0.032259 0.032071 0.032259 11800 12211
48 62.310000 60.320000 1000000 9.962796 9.998902 9.958881 10.000111 0.032079 0.032259 0.104053 0.098926 0.032259 0.032071 0.032259 12210 12370
48 62.310000 60.320000 1000000 9.961925 9.997827 9.958009 9.999036 0.032079 0.032259 0.104053 0.098926 0.032259 0.032071 0.032259 12370 12545
48 62.310000 60.320000 1000000 9.961788 9.996214 9.957799 9.996572 0.032079 0.032259 0.104564 0.099463 0.032259 0.032071 0.032259 12540 12623
48 62.310000 60.320000 1000000 9.960065 9.995139 9.956075 9.995496 0.032079 0.032259 0.103541 0.098388 0.032259 0.032071 0.032259 12620 12646
48 62.310000 60.320000 1000000 9.957846 9.994063 9.953852 9.994421 0.032081 0.032259 0.102520 0.097313 0.032259 0.032073 0.032259 12640 12684
48 62.310000 60.320000 1000000 9.956207 9.992988 9.952212 9.993346 0.032081 0.032259 0.103541 0.098388 0.032259 0.032073 0.032259 12680 13022
48 62.310000 60.320000 1000000 9.939895 9.980085 9.935880 9.980443 0.032080 0.032259 0.108663 0.103764 0.032259 0.032072 0.032259 13020 13405
48 62.310000 60.320000 1000000 9.929828 9.971483 9.925801 9.971841 0.032078 0.032259 0.109690 0.104839 0.032259 0.032070 0.032259 13400 13505
48 62.310000 60.320000 1000000 9.927731 9.966106 9.923701 9.966464 0.032079 0.032259 0.111747 0.106990 0.032259 0.032070 0.032259 13500 13522
48 62.310000 60.320000 1000000 9.926062 9.965031 9.922030 9.965389 0.032079 0.032259 0.110718 0.105915 0.032259 0.032070 0.032259 13520 14649
48 62.310000 60.320000 1000000 9.913224 9.951053 9.908859 9.950201 0.032075 0.032259 0.115872 0.111291 0.032259 0.032067 0.032259 14640 14820
48 62.310000 60.320000 1000000 9.912630 9.949977 9.908264 9.949125 0.032076 0.032259 0.115872 0.111291 0.032259 0.032068 0.032259 14820 15099
48 62.310000 60.320000 1000000 9.909081 9.943526 9.904710 9.942674 0.032071 0.032259 0.117940 0.113442 0.032259 0.032063 0.032259 15090 15137
48 62.310000 60.320000 1000000 9.908478 9.942450 9.904107 9.941599 0.032070 0.032259 0.117940 0.113442 0.032259 0.032062 0.032259 15130 15501
48 62.310000 60.320000 1000000 9.881468 9.920945 9.877061 9.920093 0.032067 0.032259 0.125196 0.120969 0.032259 0.032059 0.032259 15500 15588
48 62.310000 60.320000 1000000 9.876500 9.917719 9.872086 9.916867 0.032067 0.032259 0.127276 0.123120 0.032259 0.032059 0.032259 15580 15688
48 62.310000 60.320000 1000000 9.875688 9.916644 9.871273 9.915792 0.032067 0.032259 0.126236 0.122045 0.032259 0.032059 0.032259 15680 16439
48 62.310000 60.320000 1000000 9.829412 9.879010 9.824934 9.878158 0.032058 0.032259 0.124158 0.119894 0.032259 0.032050 0.032259 16430 16537
48 62.310000 60.320000 1000000 9.828912 9.877934 9.824434 9.877083 0.032057 0.032259 0.124157 0.119893 0.032259 0.032049 0.032259 16530 16926
48 62.310000 60.320000 1000000 9.825057 9.873633 9.820573 9.872782 0.032057 0.032259 0.126235 0.122044 0.032259 0.032049 0.032259 16920 17057
48 62.310000 60.320000 1000000 9.824220 9.872558 9.819735 9.871706 0.032056 0.032259 0.127275 0.123119 0.032259 0.032048 0.032259 17050 17061
48 62.310000 60.320000 1000000 9.822509 9.871483 9.818022 9.870631 0.032056 0.032259 0.128315 0.124193 0.032259 0.032048 0.032259 17060 17516
48 62.310000 60.320000 1000000 9.821690 9.870408 9.817201 9.869556 0.032055 0.032259 0.129356 0.125269 0.032259 0.032046 0.032259 17510 17705
48 62.310000 60.320000 1000000 9.804867 9.858580 9.800250 9.857325 0.032055 0.032259 0.133525 0.129569 0.032259 0.032047 0.032259 17700 17890
48 62.310000 60.320000 1000000 9.804592 9.857505 9.799871 9.855846 0.032055 0.032259 0.133525 0.129569 0.032259 0.032047 0.032259 17890 18088
48 62.310000 60.320000 1000000 9.797410 9.852128 9.792679 9.850470 0.032055 0.032259 0.130397 0.126344 0.032259 0.032047 0.032259 18080 19380
48 62.310000 60.320000 1000000 9.785021 9.839225 9.780272 9.837567 0.032056 0.032259 0.136658 0.132796 0.032259 0.032048 0.032259 19380 19739
48 62.310000 60.320000 1000000 9.783238 9.838150 9.778486 9.836491 0.032056 0.032259 0.135613 0.131720 0.032259 0.032048 0.032259 19730 21221
48 62.310000 60.320000 1000000 9.728030 9.800515 9.723425 9.800111 0.032072 0.032259 0.123119 0.118818 0.032259 0.032064 0.032259 21220 21714
48 62.310000 60.320000 1000000 9.723545 9.792988 9.718934 9.792584 0.032068 0.032259 0.125196 0.120968 0.032259 0.032060 0.032259 21710 21822
48 62.310000 60.320000 1000000 9.703702 9.777935 9.699063 9.777531 0.032067 0.032259 0.126235 0.122043 0.032259 0.032059 0.032259 21820 22151
48 62.310000 60.320000 1000000 9.702599 9.776859 9.697958 9.776455 0.032066 0.032259 0.126235 0.122043 0.032259 0.032058 0.032259 22150 22400
48 62.310000 60.320000 1000000 9.702257 9.775784 9.697615 9.775380 0.032066 0.032259 0.127274 0.123119 0.032259 0.032058 0.032259 22400 22457
48 62.310000 60.320000 1000000 9.701533 9.774709 9.696890 9.774305 0.032066 0.032259 0.127275 0.123119 0.032259 0.032058 0.032259 22450 23321
48 62.310000 60.320000 1000000 9.696404 9.771483 9.691754 9.771079 0.032066 0.032259 0.130398 0.126345 0.032259 0.032058 0.032259 22710 23908
48 62.310000 60.320000 1000000 9.669696 9.728472 9.665008 9.728069 0.032074 0.032259 0.132482 0.128495 0.032259 0.032066 0.032259 23900 24878
48 62.310000 60.320000 1000000 9.663475 9.724171 9.658777 9.723767 0.032074 0.032259 0.130398 0.126345 0.032259 0.032066 0.032259 24870 25289
48 62.310000 60.320000 1000000 9.662961 9.723096 9.658263 9.722692 0.032073 0.032259 0.130398 0.126345 0.032259 0.032065 0.032259 25280 27165
48 62.310000 60.320000 1000000 9.654136 9.707505 9.649299 9.706250 0.032066 0.032259 0.129876 0.125806 0.032259 0.032058 0.032259 27160 27848
48 62.310000 60.320000 1000000 9.651280 9.702128 9.646438 9.700873 0.032065 0.032259 0.129877 0.125807 0.032259 0.032057 0.032259 27840 28170
48 62.310000 60.320000 1000000 9.650796 9.701053 9.645772 9.699395 0.032066 0.032259 0.128835 0.124731 0.032259 0.032058 0.032259 28170 28364
48 62.310000 60.320000 1000000 9.644385 9.694602 9.639351 9.692943 0.032060 0.032259 0.127796 0.123658 0.032259 0.032053 0.032259 28360 28459
48 62.310000 60.320000 1000000 9.641831 9.690300 9.636792 9.688642 0.032060 0.032259 0.130920 0.126884 0.032259 0.032052 0.032259 28450 29206
48 62.310000 60.320000 1000000 9.636789 9.684924 9.631743 9.683266 0.032055 0.032259 0.133006 0.129035 0.032259 0.032048 0.032259 29200 29993
48 62.310000 60.320000 1000000 9.631506 9.681698 9.626452 9.680040 0.032056 0.032259 0.131964 0.127960 0.032259 0.032049 0.032259 29990 32243
48 62.310000 60.320000 1000000 9.605493 9.647290 9.600398 9.645632 0.032068 0.032259 0.124679 0.120433 0.032259 0.032061 0.032259 32240 33614
48 62.310000 60.320000 1000000 9.603120 9.644064 9.597839 9.642002 0.032070 0.032259 0.122602 0.118282 0.032259 0.032063 0.032259 33610 36357
48 62.310000 60.320000 1000000 9.599940 9.637612 9.594134 9.633535 0.032070 0.032259 0.121565 0.117207 0.032259 0.032063 0.032259 36350 38377
48 62.310000 60.320000 1000000 9.588523 9.626860 9.582696 9.622782 0.032067 0.032259 0.126756 0.122583 0.032259 0.032060 0.032259 38370 38389
48 62.310000 60.320000 1000000 9.587903 9.625785 9.582075 9.621707 0.032066 0.032259 0.127796 0.123658 0.032259 0.032059 0.032259 38380 39272
48 62.310000 60.320000 1000000 9.578317 9.618258 9.572277 9.613374 0.032068 0.032259 0.130921 0.126884 0.032259 0.032061 0.032259 39270 40587
48 62.310000 60.320000 1000000 9.575303 9.613957 9.569257 9.609073 0.032068 0.032259 0.130921 0.126884 0.032259 0.032061 0.032259 40580 41055
48 62.310000 60.320000 1000000 9.562957 9.603204 9.556888 9.598320 0.032068 0.032259 0.130922 0.126885 0.032259 0.032062 0.032259 41050 41203
48 62.310000 60.320000 1000000 9.562755 9.602129 9.556921 9.598499 0.032068 0.032259 0.130922 0.126885 0.032259 0.032062 0.032259 41200 41641
48 62.310000 60.320000 1000000 9.562144 9.601054 9.556310 9.597424 0.032067 0.032259 0.131964 0.127960 0.032259 0.032060 0.032259 41640 43005
48 62.310000 60.320000 1000000 9.531644 9.575247 9.525753 9.571617 0.032059 0.032259 0.128838 0.124735 0.032259 0.032052 0.032259 43000 43691
48 62.310000 60.320000 1000000 9.530818 9.574172 9.524926 9.570542 0.032058 0.032259 0.127798 0.123659 0.032259 0.032051 0.032259 43690 47616
48 62.310000 60.320000 1000000 9.484384 9.497828 9.472252 9.474037 0.032076 0.032259 0.162379 0.159142 0.032259 0.032074 0.032259 47610 47719
48 62.310000 60.320000 1000000 9.482525 9.496753 9.470386 9.472962 0.032077 0.032259 0.161325 0.158067 0.032259 0.032075 0.032259 47710 48967
48 62.310000 60.320000 1000000 9.470424 9.487075 9.458238 9.463284 0.032075 0.032259 0.170818 0.167744 0.032259 0.032074 0.032259 48580 49554
48 62.310000 60.320000 1000000 9.468709 9.486000 9.456516 9.462209 0.032076 0.032259 0.170818 0.167744 0.032259 0.032074 0.032259 49550 52218
48 62.310000 60.320000 1000000 9.465748 9.482774 9.453544 9.458983 0.032073 0.032259 0.171874 0.168819 0.032259 0.032071 0.032259 52210 52688
48 62.310000 60.320000 1000000 9.432576 9.433312 9.420242 9.409521 0.032082 0.032259 0.177157 0.174195 0.032259 0.032081 0.032259 52680 55905
48 62.310000 60.320000 1000000 9.426396 9.429011 9.414037 9.405220 0.032083 0.032259 0.180330 0.177421 0.032259 0.032082 0.032259 55900 58913
48 62.310000 60.320000 1000000 9.413107 9.413957 9.400696 9.390167 0.032081 0.032259 0.178215 0.175271 0.032259 0.032080 0.032259 58910 58925
48 62.310000 60.320000 1000000 9.412948 9.412345 9.400452 9.387702 0.032081 0.032259 0.177686 0.174733 0.032259 0.032080 0.032259 58920 59148
48 62.310000 60.320000 1000000 9.410786 9.411269 9.398281 9.386627 0.032083 0.032259 0.176629 0.173658 0.032259 0.032082 0.032259 59140 59999
48 62.310000 60.320000 1000000 9.409936 9.410194 9.397429 9.385552 0.032082 0.032259 0.177686 0.174733 0.032259 0.032081 0.032259 59990 64580
48 62.310000 60.320000 1000000 9.374184 9.352130 9.361533 9.327488 0.032090 0.032259 0.145032 0.141399 0.032259 0.032090 0.032259 64580 64772
48 62.310000 60.320000 1000000 9.372387 9.351055 9.359728 9.326412 0.032091 0.032259 0.143984 0.140324 0.032259 0.032090 0.032259 64770 65216
48 62.310000 60.320000 1000000 9.371223 9.349979 9.358560 9.325337 0.032090 0.032259 0.142937 0.139249 0.032259 0.032089 0.032259 65210 66212
48 62.310000 60.320000 1000000 9.370028 9.348904 9.357359 9.324262 0.032090 0.032259 0.142937 0.139249 0.032259 0.032090 0.032259 66210 66414
48 62.310000 60.320000 1000000 9.369656 9.347829 9.356986 9.323187 0.032090 0.032259 0.141889 0.138174 0.032259 0.032090 0.032259 66410 70746
48 62.310000 60.320000 1000000 9.367691 9.344603 9.355013 9.319961 0.032088 0.032259 0.140842 0.137098 0.032259 0.032087 0.032259 70740 71780
48 62.310000 60.320000 1000000 9.363039 9.328474 9.355791 9.322649 0.032096 0.032259 0.139794 0.136022 0.032259 0.032086 0.032259 70910 72484
48 62.310000 60.320000 1000000 9.349472 9.317721 9.342193 9.311896 0.032094 0.032259 0.142936 0.139248 0.032259 0.032084 0.032259 72480 74788
48 62.310000 60.320000 1000000 9.327866 9.297291 9.320536 9.291466 0.032095 0.032259 0.156585 0.153226 0.032259 0.032086 0.032259 74780 77730
48 62.310000 60.320000 1000000 9.323640 9.289764 9.316300 9.283939 0.032090 0.032259 0.158690 0.155377 0.032259 0.032081 0.032259 77730 78380
48 62.310000 60.320000 1000000 9.322473 9.288689 9.315130 9.282864 0.032089 0.032259 0.159743 0.156452 0.032259 0.032080 0.032259 78380 82689
48 62.310000 60.320000 1000000 9.307435 9.270410 9.300057 9.264585 0.032085 0.032259 0.163957 0.160752 0.032259 0.032076 0.032259 82680 83507
48 62.310000 60.320000 1000000 9.307079 9.269334 9.299699 9.263509 0.032085 0.032259 0.165012 0.161828 0.032259 0.032075 0.032259 83500 84753
48 62.310000 60.320000 1000000 9.302917 9.266109 9.295527 9.260284 0.032083 0.032259 0.163958 0.160753 0.032259 0.032074 0.032259 84750 86366
48 62.310000 60.320000 1000000 9.299848 9.262883 9.292451 9.257058 0.032082 0.032259 0.160797 0.157528 0.032259 0.032072 0.032259 86360 89161
48 62.310000 60.320000 1000000 9.277260 9.249980 9.269809 9.244155 0.032094 0.032259 0.153430 0.150001 0.032259 0.032084 0.032259 89160 92988
48 62.310000 60.320000 1000000 9.249909 9.228474 9.242392 9.222649 0.032092 0.032259 0.146080 0.142474 0.032259 0.032083 0.032259 92980 95345
48 62.310000 60.320000 1000000 9.243154 9.222022 9.235620 9.216197 0.032089 0.032259 0.145031 0.141398 0.032259 0.032079 0.032259 95340 98010
48 62.310000 60.320000 1000000 9.209084 9.187614 9.203404 9.191824 0.032085 0.032259 0.160794 0.157525 0.032259 0.032075 0.032259 98010 98770
48 62.310000 60.320000 1000000 9.208435 9.186538 9.202754 9.190749 0.032084 0.032259 0.159741 0.156450 0.032259 0.032074 0.032259 98770 106721
48 62.310000 60.320000 1000000 9.141175 9.124173 9.135368 9.128383 0.032074 0.032259 0.155531 0.152149 0.032259 0.032064 0.032259 106720 107292
48 62.310000 60.320000 1000000 9.140885 9.123098 9.134969 9.126905 0.032074 0.032259 0.156583 0.153224 0.032259 0.032064 0.032259 107290 115078
48 62.310000 60.320000 1000000 9.085191 8.994067 9.073804 8.948503 0.032088 0.032259 0.168176 0.165053 0.032259 0.032084 0.032259 115070 116740
48 62.310000 60.320000 1000000 9.062869 8.980088 9.051397 8.934524 0.032092 0.032259 0.175569 0.172580 0.032259 0.032089 0.032259 116740 120126
48 62.310000 60.320000 1000000 9.056072 8.975787 9.044574 8.930223 0.032093 0.032259 0.177684 0.174731 0.032259 0.032090 0.032259 120120 123718
48 62.310000 60.320000 1000000 9.037422 8.963960 9.025853 8.918395 0.032095 0.032259 0.180857 0.177957 0.032259 0.032092 0.032259 123710 126341
48 62.310000 60.320000 1000000 9.033264 8.958583 9.021678 8.913019 0.032091 0.032259 0.180856 0.177956 0.032259 0.032088 0.032259 126340 126434
48 62.310000 60.320000 1000000 9.032768 8.957508 9.021180 8.911944 0.032091 0.032259 0.179798 0.176880 0.032259 0.032088 0.032259 126430 136786
48 62.310000 60.320000 1000000 9.014925 8.945680 9.003269 8.900116 0.032097 0.032259 0.179797 0.176879 0.032259 0.032094 0.032259 136780 136909
48 62.310000 60.320000 1000000 9.014630 8.944605 9.002861 8.898637 0.032097 0.032259 0.180855 0.177955 0.032259 0.032094 0.032259 136900 137608
48 62.310000 60.320000 1000000 9.013406 8.943529 9.001633 8.897562 0.032097 0.032259 0.179797 0.176879 0.032259 0.032093 0.032259 137600 144147
48 62.310000 60.320000 1000000 9.008175 8.934927 8.996380 8.888960 0.032093 0.032259 0.174511 0.171503 0.032259 0.032090 0.032259 144140 147460
48 62.310000 60.320000 1000000 8.982758 8.915573 8.970863 8.869605 0.032097 0.032259 0.162901 0.159675 0.032259 0.032094 0.032259 147460 150971
48 62.310000 60.320000 1000000 8.979837 8.912347 8.967930 8.866379 0.032097 0.032259 0.163955 0.160750 0.032259 0.032094 0.032259 150970 155761
48 62.310000 60.320000 1000000 8.961580 8.897293 8.949600 8.851326 0.032099 0.032259 0.163955 0.160750 0.032259 0.032096 0.032259 155760 155941
48 62.310000 60.320000 1000000 8.960407 8.896218 8.948422 8.850250 0.032098 0.032259 0.165010 0.161826 0.032259 0.032095 0.032259 155940 160923
48 62.310000 60.320000 1000000 8.947090 8.884390 8.935294 8.839677 0.032098 0.032259 0.163954 0.160749 0.032259 0.032096 0.032259 160920 167350
48 62.310000 60.320000 1000000 8.905141 8.855358 8.893176 8.810645 0.032109 0.032259 0.156582 0.153223 0.032259 0.032107 0.032259 167350 168247
48 62.310000 60.320000 1000000 8.903309 8.854283 8.891337 8.809569 0.032109 0.032259 0.156582 0.153223 0.032259 0.032107 0.032259 168240 168665
48 62.310000 60.320000 1000000 8.903083 8.853207 8.891025 8.808091 0.032109 0.032259 0.156582 0.153223 0.032259 0.032107 0.032259 168660 178442
48 62.310000 60.320000 1000000 8.901364 8.852132 8.889299 8.807016 0.032110 0.032259 0.155530 0.152147 0.032259 0.032108 0.032259 178440 195148
48 62.310000 60.320000 1000000 8.873404 8.827401 8.860899 8.780672 0.032109 0.032259 0.140841 0.137097 0.032259 0.032107 0.032259 195140 195963
48 62.310000 60.320000 1000000 8.873101 8.826326 8.860480 8.779193 0.032109 0.032259 0.141888 0.138172 0.032259 0.032107 0.032259 195960 218468
48 62.310000 60.320000 1000000 8.854295 8.808046 8.841368 8.759704 0.032116 0.032259 0.141887 0.138171 0.032259 0.032115 0.032259 218460 245639
48 62.310000 60.320000 1000000 8.843947 8.760735 8.841789 8.765080 0.032122 0.032259 0.100480 0.095161 0.032259 0.032112 0.032259 233460 253793
48 62.310000 60.320000 1000000 8.821451 8.745681 8.819277 8.750026 0.032124 0.032259 0.106610 0.101612 0.032259 0.032114 0.032259 253790 255370
48 62.310000 60.320000 1000000 8.821261 8.744068 8.818987 8.747562 0.032125 0.032259 0.106098 0.101075 0.032259 0.032115 0.032259 255370 264138
48 62.310000 60.320000 1000000 8.803906 8.727939 8.802108 8.733942 0.032120 0.032259 0.108148 0.103225 0.032259 0.032110 0.032259 264130 321753
48 62.310000 60.320000 1000000 8.745839 8.670950 8.744324 8.679462 0.032118 0.032259 0.095911 0.090323 0.032259 0.032108 0.032259 321750 331854
48 62.310000 60.320000 1000000 8.743344 8.665573 8.741828 8.674086 0.032114 0.032259 0.094899 0.089248 0.032259 0.032104 0.032259 331850 341634
48 62.310000 60.320000 1000000 8.740801 8.662348 8.739284 8.670860 0.032115 0.032259 0.095911 0.090323 0.032259 0.032105 0.032259 341630 375288
48 62.310000 60.320000 1000000 8.721553 8.642993 8.720025 8.651505 0.032105 0.032259 0.104050 0.098923 0.032259 0.032095 0.032259 375280 388567
48 62.310000 60.320000 1000000 8.721353 8.641918 8.719751 8.650026 0.032104 0.032259 0.105073 0.099998 0.032259 0.032094 0.032259 388560 389591
48 62.310000 60.320000 1000000 8.720496 8.640842 8.718893 8.648951 0.032103 0.032259 0.106096 0.101073 0.032259 0.032093 0.032259 389590 393838
48 62.310000 60.320000 1000000 8.698558 8.625789 8.696943 8.633897 0.032101 0.032259 0.109174 0.104299 0.032259 0.032090 0.032259 393830 430054
48 62.310000 60.320000 1000000 8.650032 8.586003 8.648390 8.594112 0.032104 0.032259 0.100989 0.095698 0.032259 0.032094 0.032259 430050 431650
48 62.310000 60.320000 1000000 8.649833 8.584928 8.648116 8.592634 0.032104 0.032259 0.102008 0.096773 0.032259 0.032094 0.032259 431650 432497
48 62.310000 60.320000 1000000 8.648646 8.583853 8.646928 8.591559 0.032103 0.032259 0.103029 0.097849 0.032259 0.032093 0.032259 432490 470566
48 62.310000 60.320000 1000000 8.614284 8.559122 8.612546 8.566827 0.032115 0.032259 0.094899 0.089248 0.032259 0.032105 0.032259 470560 488095
48 62.310000 60.320000 1000000 8.597783 8.547294 8.596035 8.554999 0.032122 0.032259 0.087858 0.081722 0.032259 0.032111 0.032259 488090 490802
48 62.310000 60.320000 1000000 8.596898 8.546219 8.595149 8.553924 0.032122 0.032259 0.086859 0.080646 0.032259 0.032112 0.032259 490800 497720
48 62.310000 60.320000 1000000 8.595111 8.545143 8.593361 8.552849 0.032123 0.032259 0.085861 0.079571 0.032259 0.032113 0.032259 497720 514623
48 62.310000 60.320000 1000000 8.592518 8.540842 8.590767 8.548548 0.032122 0.032259 0.083872 0.077420 0.032259 0.032112 0.032259 514620 524993
48 62.310000 60.320000 1000000 8.588099 8.535466 8.586345 8.543172 0.032117 0.032259 0.085861 0.079570 0.032259 0.032106 0.032259 524990 544442
48 62.310000 60.320000 1000000 8.587228 8.534391 8.585473 8.542096 0.032116 0.032259 0.084865 0.078495 0.032259 0.032106 0.032259 544440 558714
48 62.310000 60.320000 1000000 8.572251 8.523638 8.570487 8.531344 0.032118 0.032259 0.082879 0.076343 0.032259 0.032107 0.032259 558710 579057
48 62.310000 60.320000 1000000 8.565041 8.517186 8.563272 8.524892 0.032120 0.032259 0.079917 0.073118 0.032259 0.032110 0.032259 579050 603987
48 62.310000 60.320000 1000000 8.561294 8.513960 8.559523 8.521666 0.032118 0.032259 0.078935 0.072042 0.032259 0.032108 0.032259 603980 606818
48 62.310000 60.320000 1000000 8.560578 8.512885 8.558807 8.520591 0.032117 0.032259 0.077955 0.070967 0.032259 0.032107 0.032259 606810 629438
48 62.310000 60.320000 1000000 8.551765 8.505358 8.549989 8.513064 0.032114 0.032259 0.079917 0.073117 0.032259 0.032104 0.032259 629430 633963
48 62.310000 60.320000 1000000 8.541011 8.497831 8.539227 8.505537 0.032113 0.032259 0.076003 0.068817 0.032259 0.032103 0.032259 633960 640440
48 62.310000 60.320000 1000000 8.540412 8.496756 8.538628 8.504462 0.032112 0.032259 0.076003 0.068817 0.032259 0.032102 0.032259 640440 652619
48 62.310000 60.320000 1000000 8.537861 8.490304 8.536075 8.498010 0.032110 0.032259 0.072132 0.064516 0.032259 0.032099 0.032259 652610 670770
48 62.310000 60.320000 1000000 8.537471 8.489229 8.535686 8.496935 0.032109 0.032259 0.073095 0.065591 0.032259 0.032099 0.032259 670770 670992
48 62.310000 60.320000 1000000 8.537209 8.488154 8.535423 8.495860 0.032109 0.032259 0.074061 0.066667 0.032259 0.032098 0.032259 670990 709679
48 62.310000 60.320000 1000000 8.533990 8.484928 8.532368 8.493888 0.032109 0.032259 0.074060 0.066666 0.032259 0.032099 0.032259 709670 716316
48 62.310000 60.320000 1000000 8.529092 8.479552 8.527468 8.488512 0.032109 0.032259 0.074061 0.066666 0.032259 0.032099 0.032259 716310 749022
48 62.310000 60.320000 1000000 8.524651 8.476326 8.523024 8.485286 0.032109 0.032259 0.073095 0.065591 0.032259 0.032099 0.032259 749020 794989
48 62.310000 60.320000 1000000 8.500623 8.460197 8.498982 8.469157 0.032113 0.032259 0.078934 0.072041 0.032259 0.032103 0.032259 794980 798107
48 62.310000 60.320000 1000000 8.500285 8.459122 8.498517 8.467679 0.032113 0.032259 0.078934 0.072041 0.032259 0.032103 0.032259 798100 853876
48 62.310000 60.320000 1000000 8.490177 8.451595 8.488567 8.461406 0.032114 0.032259 0.079916 0.073116 0.032259 0.032104 0.032259 853870 864119
48 62.310000 60.320000 1000000 8.489639 8.450519 8.488028 8.460331 0.032114 0.032259 0.080900 0.074191 0.032259 0.032104 0.032259 864110 877808
48 62.310000 60.320000 1000000 8.479317 8.439767 8.477700 8.449578 0.032114 0.032259 0.081888 0.075266 0.032259 0.032104 0.032259 877800 919403
48 62.310000 60.320000 1000000 8.460183 8.425788 8.458556 8.435600 0.032117 0.032259 0.088855 0.082793 0.032259 0.032107 0.032259 919400 944553
48 62.310000 60.320000 1000000 8.459004 8.424713 8.457375 8.434524 0.032116 0.032259 0.089858 0.083868 0.032259 0.032106 0.032259 944550 968736
48 62.310000 60.320000 1000000 8.439333 8.409659 8.437694 8.419471 0.032122 0.032259 0.091869 0.086019 0.032259 0.032112 0.032259 968730 991719
48 62.310000 60.320000 1000000 8.436443 8.406433 8.434802 8.416245 0.032123 0.032259 0.092877 0.087094 0.032259 0.032113 0.032259 991710 1000000
