60 62.310000 60.320000 1000000 13.398076 13.463404 13.393169 13.463806 0.031877 0.032257 0.253673 0.251613 0.032257 0.031868 0.032257 0 50
60 62.310000 60.320000 1000000 12.276154 12.115021 12.273850 12.131686 0.031499 0.032257 0.347734 0.346234 0.032257 0.031488 0.032257 50 60
60 62.310000 60.320000 1000000 11.993188 11.810722 11.990852 11.828238 0.031386 0.032257 0.248339 0.246235 0.032257 0.031375 0.032257 60 71
60 62.310000 60.320000 1000000 11.732669 11.555346 11.727719 11.553283 0.031333 0.032257 0.248872 0.246773 0.032257 0.031323 0.032257 70 80
60 62.310000 60.320000 1000000 11.479614 11.251046 11.473381 11.240068 0.031197 0.032257 0.194627 0.191936 0.032257 0.031187 0.032257 80 91
60 62.310000 60.320000 1000000 11.366950 11.108036 11.364238 11.113769 0.031222 0.032257 0.186148 0.183332 0.032257 0.031212 0.032257 90 100
60 62.310000 60.320000 1000000 11.218670 10.978466 11.215065 10.976538 0.031264 0.032257 0.168705 0.165593 0.032257 0.031254 0.032257 100 110
60 62.310000 60.320000 1000000 11.164303 10.912875 11.160259 10.913366 0.031293 0.032257 0.160271 0.156991 0.032257 0.031283 0.032257 110 125
60 62.310000 60.320000 1000000 11.117622 10.825778 11.113527 10.826270 0.031261 0.032257 0.160270 0.156990 0.032257 0.031251 0.032257 120 134
60 62.310000 60.320000 1000000 11.092053 10.805348 11.088869 10.810857 0.031271 0.032257 0.160268 0.156988 0.032257 0.031261 0.032257 130 141
60 62.310000 60.320000 1000000 11.085568 10.794058 11.082295 10.798716 0.031267 0.032257 0.155532 0.152150 0.032257 0.031257 0.032257 140 153
60 62.310000 60.320000 1000000 11.043277 10.762875 11.039967 10.767533 0.031270 0.032257 0.167123 0.163980 0.032257 0.031260 0.032257 150 161
60 62.310000 60.320000 1000000 10.966332 10.683306 10.962102 10.681647 0.031303 0.032257 0.186151 0.183335 0.032257 0.031293 0.032257 160 171
60 62.310000 60.320000 1000000 10.873250 10.629543 10.867926 10.624254 0.031355 0.032257 0.180858 0.177958 0.032257 0.031345 0.032257 170 181
60 62.310000 60.320000 1000000 10.684185 10.518791 10.678573 10.513502 0.031485 0.032257 0.212675 0.210215 0.032257 0.031476 0.032257 180 193
60 62.310000 60.320000 1000000 10.541240 10.270404 10.543770 10.299972 0.031545 0.032257 0.206298 0.203761 0.032257 0.031539 0.032257 190 204
60 62.310000 60.320000 1000000 10.462707 10.229544 10.465294 10.259112 0.031614 0.032257 0.207361 0.204837 0.032257 0.031608 0.032257 200 214
60 62.310000 60.320000 1000000 10.386541 10.149975 10.389185 10.179543 0.031649 0.032257 0.247805 0.245696 0.032257 0.031642 0.032257 210 230
60 62.310000 60.320000 1000000 10.353039 10.124168 10.355950 10.154991 0.031668 0.032257 0.243544 0.241398 0.032257 0.031660 0.032257 230 240
60 62.310000 60.320000 1000000 10.344936 10.116641 10.347853 10.147464 0.031674 0.032257 0.237151 0.234947 0.032257 0.031667 0.032257 240 256
60 62.310000 60.320000 1000000 10.275311 9.997287 10.273839 10.008755 0.031687 0.032257 0.182971 0.180105 0.032257 0.031678 0.032257 250 266
60 62.310000 60.320000 1000000 10.258442 9.984384 10.256962 9.995852 0.031692 0.032257 0.182972 0.180106 0.032257 0.031683 0.032257 260 271
60 62.310000 60.320000 1000000 10.232574 9.971481 10.231083 9.982949 0.031718 0.032257 0.171342 0.168278 0.032257 0.031709 0.032257 270 284
60 62.310000 60.320000 1000000 10.226075 9.967180 10.224581 9.978648 0.031719 0.032257 0.175568 0.172579 0.032257 0.031710 0.032257 280 320
60 62.310000 60.320000 1000000 10.166393 9.846749 10.164873 9.858217 0.031718 0.032257 0.128314 0.124193 0.032257 0.031709 0.032257 320 332
60 62.310000 60.320000 1000000 10.147883 9.829545 10.145972 9.837608 0.031726 0.032257 0.118973 0.114517 0.032257 0.031717 0.032257 330 351
60 62.310000 60.320000 1000000 10.117599 9.814492 10.115670 9.822555 0.031748 0.032257 0.114840 0.110216 0.032257 0.031739 0.032257 350 372
60 62.310000 60.320000 1000000 10.102343 9.802664 10.100405 9.810727 0.031750 0.032257 0.115871 0.111291 0.032257 0.031741 0.032257 370 388
60 62.310000 60.320000 1000000 10.086269 9.788685 10.084322 9.796748 0.031759 0.032257 0.109688 0.104837 0.032257 0.031750 0.032257 380 398
60 62.310000 60.320000 1000000 10.084211 9.787610 10.082263 9.795673 0.031760 0.032257 0.109688 0.104837 0.032257 0.031751 0.032257 390 415
60 62.310000 60.320000 1000000 10.055389 9.755352 10.054253 9.765028 0.031763 0.032257 0.121042 0.116665 0.032257 0.031754 0.032257 410 427
60 62.310000 60.320000 1000000 10.049803 9.752126 10.048666 9.761802 0.031767 0.032257 0.121042 0.116665 0.032257 0.031757 0.032257 420 430
60 62.310000 60.320000 1000000 10.011408 9.728470 10.010004 9.737340 0.031782 0.032257 0.137700 0.133868 0.032257 0.031772 0.032257 430 454
60 62.310000 60.320000 1000000 9.907825 9.649977 9.905636 9.652036 0.031829 0.032257 0.133524 0.129569 0.032257 0.031820 0.032257 450 482
60 62.310000 60.320000 1000000 9.867811 9.605891 9.864625 9.604725 0.031835 0.032257 0.139794 0.136022 0.032257 0.031826 0.032257 480 490
60 62.310000 60.320000 1000000 9.862965 9.598364 9.859774 9.597198 0.031835 0.032257 0.137702 0.133870 0.032257 0.031827 0.032257 490 509
60 62.310000 60.320000 1000000 9.861653 9.597289 9.858460 9.596123 0.031835 0.032257 0.137702 0.133870 0.032257 0.031826 0.032257 500 512
60 62.310000 60.320000 1000000 9.860879 9.596214 9.857685 9.595048 0.031835 0.032257 0.136657 0.132795 0.032257 0.031826 0.032257 510 522
60 62.310000 60.320000 1000000 9.840506 9.583311 9.837293 9.582145 0.031843 0.032257 0.131438 0.127419 0.032257 0.031834 0.032257 520 532
60 62.310000 60.320000 1000000 9.770504 9.543526 9.767221 9.542360 0.031883 0.032257 0.152380 0.148927 0.032257 0.031875 0.032257 530 542
60 62.310000 60.320000 1000000 9.759012 9.520408 9.755125 9.513283 0.031887 0.032257 0.159217 0.155915 0.032257 0.031879 0.032257 540 568
60 62.310000 60.320000 1000000 9.700876 9.468795 9.699158 9.472961 0.031892 0.032257 0.171872 0.168818 0.032257 0.031883 0.032257 560 570
60 62.310000 60.320000 1000000 9.698464 9.463419 9.696745 9.467584 0.031891 0.032257 0.172929 0.169893 0.032257 0.031881 0.032257 570 580
60 62.310000 60.320000 1000000 9.694451 9.459118 9.692730 9.463283 0.031890 0.032257 0.173985 0.170969 0.032257 0.031880 0.032257 580 592
60 62.310000 60.320000 1000000 9.669755 9.425785 9.668021 9.429950 0.031877 0.032257 0.160271 0.156991 0.032257 0.031868 0.032257 590 640
60 62.310000 60.320000 1000000 9.479138 9.312344 9.477045 9.313956 0.031977 0.032257 0.135615 0.131723 0.032257 0.031968 0.032257 640 659
60 62.310000 60.320000 1000000 9.462938 9.300516 9.460835 9.302128 0.031978 0.032257 0.133528 0.129573 0.032257 0.031969 0.032257 650 700
60 62.310000 60.320000 1000000 9.387982 9.248904 9.385827 9.250516 0.032028 0.032257 0.118977 0.114521 0.032257 0.032019 0.032257 700 711
60 62.310000 60.320000 1000000 9.386433 9.247828 9.384278 9.249440 0.032029 0.032257 0.117942 0.113445 0.032257 0.032020 0.032257 710 720
60 62.310000 60.320000 1000000 9.371876 9.237076 9.369710 9.238688 0.032036 0.032257 0.111750 0.106994 0.032257 0.032027 0.032257 720 731
60 62.310000 60.320000 1000000 9.371088 9.236000 9.368921 9.237612 0.032036 0.032257 0.110722 0.105919 0.032257 0.032027 0.032257 730 766
60 62.310000 60.320000 1000000 9.362709 9.229549 9.360536 9.231161 0.032037 0.032257 0.112780 0.108068 0.032257 0.032028 0.032257 760 815
60 62.310000 60.320000 1000000 9.354459 9.219334 9.352058 9.217988 0.032041 0.032257 0.113296 0.108606 0.032257 0.032031 0.032257 810 839
60 62.310000 60.320000 1000000 9.318338 9.202130 9.315909 9.200784 0.032075 0.032257 0.097942 0.092478 0.032257 0.032065 0.032257 830 847
60 62.310000 60.320000 1000000 9.317682 9.201054 9.315252 9.199709 0.032074 0.032257 0.097942 0.092478 0.032257 0.032064 0.032257 840 857
60 62.310000 60.320000 1000000 9.315654 9.199979 9.313223 9.198634 0.032075 0.032257 0.096927 0.091402 0.032257 0.032066 0.032257 850 951
60 62.310000 60.320000 1000000 9.288671 9.180624 9.286519 9.181788 0.032083 0.032257 0.088861 0.082799 0.032257 0.032073 0.032257 950 973
60 62.310000 60.320000 1000000 9.281575 9.174173 9.279418 9.175337 0.032086 0.032257 0.083873 0.077422 0.032257 0.032077 0.032257 960 1054
60 62.310000 60.320000 1000000 9.256446 9.158044 9.254271 9.159207 0.032097 0.032257 0.082882 0.076347 0.032257 0.032088 0.032257 1050 1062
60 62.310000 60.320000 1000000 9.247367 9.152667 9.245186 9.153831 0.032101 0.032257 0.077958 0.070971 0.032257 0.032092 0.032257 1060 1071
60 62.310000 60.320000 1000000 9.246251 9.151592 9.244069 9.152756 0.032101 0.032257 0.077958 0.070971 0.032257 0.032092 0.032257 1070 1091
60 62.310000 60.320000 1000000 9.245500 9.148904 9.243268 9.149216 0.032100 0.032257 0.078448 0.071509 0.032257 0.032091 0.032257 1090 1156
60 62.310000 60.320000 1000000 9.234837 9.134925 9.231942 9.133222 0.032104 0.032257 0.079429 0.072584 0.032257 0.032095 0.032257 1150 1168
60 62.310000 60.320000 1000000 9.228054 9.129549 9.225153 9.127846 0.032107 0.032257 0.079430 0.072585 0.032257 0.032098 0.032257 1160 1197
60 62.310000 60.320000 1000000 9.215744 9.120947 9.212830 9.119243 0.032110 0.032257 0.086362 0.080111 0.032257 0.032101 0.032257 1190 1225
60 62.310000 60.320000 1000000 9.204740 9.111270 9.201816 9.109566 0.032103 0.032257 0.091371 0.085487 0.032257 0.032094 0.032257 1220 1259
60 62.310000 60.320000 1000000 9.199310 9.106969 9.196381 9.105265 0.032102 0.032257 0.088360 0.082262 0.032257 0.032093 0.032257 1250 1276
60 62.310000 60.320000 1000000 9.197829 9.105893 9.194899 9.104190 0.032101 0.032257 0.087360 0.081186 0.032257 0.032092 0.032257 1270 1314
60 62.310000 60.320000 1000000 9.187438 9.096216 9.184498 9.094512 0.032104 0.032257 0.083378 0.076885 0.032257 0.032095 0.032257 1310 1331
60 62.310000 60.320000 1000000 9.175699 9.085463 9.172747 9.083760 0.032096 0.032257 0.080412 0.073659 0.032257 0.032087 0.032257 1330 1465
60 62.310000 60.320000 1000000 9.175501 9.084388 9.172476 9.082281 0.032096 0.032257 0.079429 0.072584 0.032257 0.032087 0.032257 1460 1630
60 62.310000 60.320000 1000000 9.168546 9.080087 9.165513 9.077980 0.032100 0.032257 0.077469 0.070433 0.032257 0.032091 0.032257 1510 1533
60 62.310000 60.320000 1000000 9.161607 9.074711 9.158567 9.072604 0.032096 0.032257 0.080413 0.073659 0.032257 0.032088 0.032257 1530 1673
60 62.310000 60.320000 1000000 9.155949 9.069334 9.152904 9.067228 0.032099 0.032257 0.078448 0.071509 0.032257 0.032090 0.032257 1670 1705
60 62.310000 60.320000 1000000 9.144172 9.059657 9.141384 9.058805 0.032104 0.032257 0.077469 0.070434 0.032257 0.032095 0.032257 1700 1728
60 62.310000 60.320000 1000000 9.117454 9.044603 9.114643 9.043751 0.032116 0.032257 0.079429 0.072584 0.032257 0.032107 0.032257 1720 1945
60 62.310000 60.320000 1000000 9.078032 9.016646 9.075184 9.015794 0.032110 0.032257 0.088360 0.082261 0.032257 0.032101 0.032257 1930 2020
60 62.310000 60.320000 1000000 9.073099 9.011270 9.070098 9.009611 0.032110 0.032257 0.088360 0.082262 0.032257 0.032101 0.032257 2020 2080
60 62.310000 60.320000 1000000 9.072259 9.010195 9.069257 9.008536 0.032109 0.032257 0.088360 0.082261 0.032257 0.032100 0.032257 2080 2128
60 62.310000 60.320000 1000000 9.056005 8.999442 9.052986 8.997783 0.032116 0.032257 0.084371 0.077960 0.032257 0.032107 0.032257 2120 2292
60 62.310000 60.320000 1000000 9.033556 8.980087 9.030515 8.978428 0.032111 0.032257 0.090366 0.084412 0.032257 0.032102 0.032257 2290 2335
60 62.310000 60.320000 1000000 9.020068 8.970410 9.017014 8.968751 0.032115 0.032257 0.091368 0.085484 0.032257 0.032106 0.032257 2330 2379
60 62.310000 60.320000 1000000 9.005172 8.960732 9.002103 8.959073 0.032118 0.032257 0.088358 0.082259 0.032257 0.032109 0.032257 2370 2428
60 62.310000 60.320000 1000000 9.002294 8.955356 8.998957 8.952891 0.032116 0.032257 0.089360 0.083334 0.032257 0.032108 0.032257 2420 2639
60 62.310000 60.320000 1000000 8.998381 8.952130 8.995039 8.949665 0.032115 0.032257 0.089360 0.083335 0.032257 0.032106 0.032257 2630 2790
60 62.310000 60.320000 1000000 8.963139 8.920410 8.960489 8.920857 0.032108 0.032257 0.082879 0.076344 0.032257 0.032099 0.032257 2790 2858
60 62.310000 60.320000 1000000 8.942218 8.907507 8.939550 8.907954 0.032112 0.032257 0.078934 0.072042 0.032257 0.032102 0.032257 2850 2912
60 62.310000 60.320000 1000000 8.930260 8.897829 8.927581 8.898276 0.032106 0.032257 0.077954 0.070966 0.032257 0.032097 0.032257 2910 2923
60 62.310000 60.320000 1000000 8.930120 8.896754 8.927604 8.898455 0.032106 0.032257 0.076976 0.069891 0.032257 0.032097 0.032257 2920 3127
60 62.310000 60.320000 1000000 8.926609 8.892453 8.924090 8.894154 0.032103 0.032257 0.078934 0.072042 0.032257 0.032094 0.032257 3120 3270
60 62.310000 60.320000 1000000 8.922088 8.889227 8.919565 8.890929 0.032105 0.032257 0.078935 0.072043 0.032257 0.032096 0.032257 3270 3282
60 62.310000 60.320000 1000000 8.920026 8.888152 8.917502 8.889853 0.032106 0.032257 0.077955 0.070968 0.032257 0.032097 0.032257 3280 3316
60 62.310000 60.320000 1000000 8.915957 8.884926 8.913430 8.886628 0.032105 0.032257 0.076977 0.069893 0.032257 0.032096 0.032257 3310 3327
60 62.310000 60.320000 1000000 8.914067 8.883851 8.911538 8.885552 0.032106 0.032257 0.076977 0.069893 0.032257 0.032097 0.032257 3320 3365
60 62.310000 60.320000 1000000 8.912355 8.882776 8.909824 8.884477 0.032107 0.032257 0.076977 0.069893 0.032257 0.032097 0.032257 3360 3784
60 62.310000 60.320000 1000000 8.891753 8.869335 8.889150 8.870185 0.032115 0.032257 0.069737 0.061828 0.032257 0.032106 0.032257 3780 3871
60 62.310000 60.320000 1000000 8.890514 8.868259 8.887910 8.869110 0.032116 0.032257 0.068785 0.060753 0.032257 0.032107 0.032257 3870 3901
60 62.310000 60.320000 1000000 8.889950 8.867184 8.887345 8.868034 0.032117 0.032257 0.068785 0.060753 0.032257 0.032107 0.032257 3900 3918
60 62.310000 60.320000 1000000 8.888556 8.866109 8.885950 8.866959 0.032117 0.032257 0.067838 0.059677 0.032257 0.032108 0.032257 3910 4035
60 62.310000 60.320000 1000000 8.878731 8.858582 8.876116 8.859432 0.032119 0.032257 0.069737 0.061828 0.032257 0.032110 0.032257 4030 4116
60 62.310000 60.320000 1000000 8.872952 8.852130 8.870333 8.852981 0.032116 0.032257 0.067837 0.059676 0.032257 0.032106 0.032257 4110 4357
60 62.310000 60.320000 1000000 8.864454 8.843528 8.861826 8.844378 0.032111 0.032257 0.065953 0.057527 0.032257 0.032102 0.032257 4350 4368
60 62.310000 60.320000 1000000 8.861044 8.840302 8.858414 8.841153 0.032111 0.032257 0.065018 0.056451 0.032257 0.032101 0.032257 4360 4532
60 62.310000 60.320000 1000000 8.856194 8.831700 8.853559 8.832550 0.032112 0.032257 0.064086 0.055376 0.032257 0.032103 0.032257 4530 4890
60 62.310000 60.320000 1000000 8.846971 8.825249 8.844328 8.826099 0.032113 0.032257 0.063160 0.054301 0.032257 0.032103 0.032257 4890 5070
60 62.310000 60.320000 1000000 8.844772 8.823098 8.842127 8.823948 0.032113 0.032257 0.061321 0.052151 0.032257 0.032103 0.032257 5070 5101
60 62.310000 60.320000 1000000 8.843315 8.822023 8.840668 8.822873 0.032112 0.032257 0.061321 0.052151 0.032257 0.032102 0.032257 5100 5563
60 62.310000 60.320000 1000000 8.841953 8.820948 8.839305 8.821798 0.032111 0.032257 0.060409 0.051075 0.032257 0.032101 0.032257 5560 5712
60 62.310000 60.320000 1000000 8.827912 8.809120 8.825252 8.809970 0.032115 0.032257 0.065018 0.056451 0.032257 0.032106 0.032257 5710 5762
60 62.310000 60.320000 1000000 8.826041 8.806969 8.823380 8.807819 0.032114 0.032257 0.063160 0.054301 0.032257 0.032104 0.032257 5760 5872
60 62.310000 60.320000 1000000 8.825900 8.805894 8.823403 8.807998 0.032114 0.032257 0.062238 0.053226 0.032257 0.032104 0.032257 5870 6006
60 62.310000 60.320000 1000000 8.825133 8.804819 8.822635 8.806923 0.032114 0.032257 0.063160 0.054301 0.032257 0.032105 0.032257 6000 6142
60 62.310000 60.320000 1000000 8.823997 8.803743 8.821499 8.805848 0.032113 0.032257 0.064087 0.055376 0.032257 0.032104 0.032257 6140 6343
60 62.310000 60.320000 1000000 8.812291 8.792991 8.809783 8.795095 0.032115 0.032257 0.067837 0.059677 0.032257 0.032106 0.032257 6340 6841
60 62.310000 60.320000 1000000 8.798786 8.781163 8.796266 8.783267 0.032113 0.032257 0.071652 0.063980 0.032257 0.032104 0.032257 6840 7034
60 62.310000 60.320000 1000000 8.798119 8.780088 8.795598 8.782192 0.032112 0.032257 0.072614 0.065055 0.032257 0.032103 0.032257 7030 7203
60 62.310000 60.320000 1000000 8.796988 8.779012 8.794467 8.781117 0.032113 0.032257 0.071652 0.063980 0.032257 0.032104 0.032257 7200 7787
60 62.310000 60.320000 1000000 8.787132 8.767184 8.784267 8.767183 0.032116 0.032257 0.073579 0.066131 0.032257 0.032107 0.032257 7780 7814
60 62.310000 60.320000 1000000 8.783576 8.760733 8.781535 8.764495 0.032116 0.032257 0.077468 0.070432 0.032257 0.032107 0.032257 7810 7847
60 62.310000 60.320000 1000000 8.781697 8.759658 8.779655 8.763420 0.032117 0.032257 0.077468 0.070432 0.032257 0.032107 0.032257 7840 7964
60 62.310000 60.320000 1000000 8.776976 8.755356 8.774931 8.759119 0.032121 0.032257 0.073579 0.066131 0.032257 0.032111 0.032257 7960 8331
60 62.310000 60.320000 1000000 8.771112 8.749980 8.768927 8.753339 0.032124 0.032257 0.068788 0.060756 0.032257 0.032114 0.032257 8330 8424
60 62.310000 60.320000 1000000 8.769478 8.748905 8.767291 8.752264 0.032124 0.032257 0.068788 0.060756 0.032257 0.032115 0.032257 8420 8832
60 62.310000 60.320000 1000000 8.768348 8.747830 8.766161 8.751189 0.032123 0.032257 0.069740 0.061831 0.032257 0.032114 0.032257 8830 9027
60 62.310000 60.320000 1000000 8.766539 8.746754 8.764351 8.750114 0.032124 0.032257 0.070695 0.062906 0.032257 0.032114 0.032257 9020 9048
60 62.310000 60.320000 1000000 8.764714 8.745679 8.762524 8.749038 0.032124 0.032257 0.069740 0.061831 0.032257 0.032115 0.032257 9040 9286
60 62.310000 60.320000 1000000 8.759427 8.741378 8.757234 8.744737 0.032121 0.032257 0.069740 0.061831 0.032257 0.032112 0.032257 9280 9513
60 62.310000 60.320000 1000000 8.757810 8.740303 8.755615 8.743662 0.032121 0.032257 0.069740 0.061831 0.032257 0.032111 0.032257 9510 9520
60 62.310000 60.320000 1000000 8.757628 8.738690 8.755336 8.741198 0.032121 0.032257 0.069263 0.061293 0.032257 0.032112 0.032257 9520 9765
60 62.310000 60.320000 1000000 8.753874 8.734389 8.751579 8.736897 0.032118 0.032257 0.068314 0.060218 0.032257 0.032109 0.032257 9700 10115
60 62.310000 60.320000 1000000 8.749323 8.731163 8.747025 8.733671 0.032120 0.032257 0.066426 0.058068 0.032257 0.032110 0.032257 10110 11356
60 62.310000 60.320000 1000000 8.737202 8.721486 8.734894 8.723993 0.032118 0.032257 0.063625 0.054841 0.032257 0.032109 0.032257 11350 11715
60 62.310000 60.320000 1000000 8.726675 8.712883 8.724359 8.715391 0.032119 0.032257 0.067367 0.059142 0.032257 0.032110 0.032257 11710 13697
60 62.310000 60.320000 1000000 8.711441 8.701056 8.709113 8.703563 0.032121 0.032257 0.065487 0.056991 0.032257 0.032112 0.032257 13690 13899
60 62.310000 60.320000 1000000 8.710753 8.699980 8.708424 8.702488 0.032122 0.032257 0.064553 0.055916 0.032257 0.032112 0.032257 13890 14504
60 62.310000 60.320000 1000000 8.706968 8.693529 8.703981 8.694020 0.032125 0.032257 0.065487 0.056992 0.032257 0.032116 0.032257 14500 14587
60 62.310000 60.320000 1000000 8.706115 8.692453 8.703127 8.692945 0.032125 0.032257 0.064554 0.055916 0.032257 0.032116 0.032257 14580 15624
60 62.310000 60.320000 1000000 8.702586 8.689228 8.699595 8.689719 0.032124 0.032257 0.066425 0.058067 0.032257 0.032115 0.032257 15620 16695
60 62.310000 60.320000 1000000 8.699194 8.684927 8.696200 8.685418 0.032125 0.032257 0.065487 0.056991 0.032257 0.032117 0.032257 16690 16728
60 62.310000 60.320000 1000000 8.697928 8.683851 8.694932 8.684343 0.032126 0.032257 0.064554 0.055916 0.032257 0.032117 0.032257 16720 16754
60 62.310000 60.320000 1000000 8.696645 8.682776 8.693647 8.683268 0.032125 0.032257 0.063624 0.054841 0.032257 0.032116 0.032257 16750 17281
60 62.310000 60.320000 1000000 8.689904 8.677400 8.686899 8.677891 0.032125 0.032257 0.063625 0.054841 0.032257 0.032116 0.032257 17280 17416
60 62.310000 60.320000 1000000 8.685294 8.674174 8.682285 8.674666 0.032127 0.032257 0.060866 0.051616 0.032257 0.032118 0.032257 17410 17844
60 62.310000 60.320000 1000000 8.683519 8.673099 8.680508 8.673590 0.032128 0.032257 0.059957 0.050540 0.032257 0.032119 0.032257 17840 18248
60 62.310000 60.320000 1000000 8.682488 8.672023 8.679475 8.672515 0.032127 0.032257 0.060866 0.051615 0.032257 0.032118 0.032257 18240 19338
60 62.310000 60.320000 1000000 8.665972 8.660195 8.662943 8.660687 0.032129 0.032257 0.065487 0.056991 0.032257 0.032120 0.032257 19330 19514
60 62.310000 60.320000 1000000 8.664314 8.659120 8.661283 8.659612 0.032130 0.032257 0.064553 0.055916 0.032257 0.032121 0.032257 19510 24454
60 62.310000 60.320000 1000000 8.649851 8.645142 8.646528 8.643528 0.032131 0.032257 0.060868 0.051617 0.032257 0.032122 0.032257 24450 24610
60 62.310000 60.320000 1000000 8.634013 8.632238 8.630672 8.630624 0.032140 0.032257 0.064555 0.055918 0.032257 0.032131 0.032257 24610 25037
60 62.310000 60.320000 1000000 8.633774 8.631163 8.630711 8.630804 0.032140 0.032257 0.064554 0.055917 0.032257 0.032131 0.032257 25030 26175
60 62.310000 60.320000 1000000 8.633108 8.629013 8.629795 8.627847 0.032140 0.032257 0.066425 0.058067 0.032257 0.032132 0.032257 25550 28117
60 62.310000 60.320000 1000000 8.627638 8.624712 8.624319 8.623546 0.032139 0.032257 0.068313 0.060217 0.032257 0.032131 0.032257 28110 29975
60 62.310000 60.320000 1000000 8.618237 8.617185 8.614907 8.616019 0.032143 0.032257 0.064553 0.055916 0.032257 0.032134 0.032257 29970 34040
60 62.310000 60.320000 1000000 8.607940 8.607507 8.604598 8.606341 0.032142 0.032257 0.063624 0.054841 0.032257 0.032133 0.032257 34040 35414
60 62.310000 60.320000 1000000 8.587785 8.594604 8.584419 8.593438 0.032145 0.032257 0.067367 0.059142 0.032257 0.032137 0.032257 35410 35894
60 62.310000 60.320000 1000000 8.585828 8.593529 8.582460 8.592363 0.032146 0.032257 0.067367 0.059142 0.032257 0.032138 0.032257 35890 37944
60 62.310000 60.320000 1000000 8.584410 8.592453 8.581040 8.591288 0.032145 0.032257 0.068313 0.060217 0.032257 0.032137 0.032257 37940 38216
60 62.310000 60.320000 1000000 8.583395 8.591378 8.580024 8.590212 0.032145 0.032257 0.067368 0.059143 0.032257 0.032136 0.032257 38210 38428
60 62.310000 60.320000 1000000 8.581897 8.590303 8.578524 8.589137 0.032144 0.032257 0.067368 0.059143 0.032257 0.032135 0.032257 38420 39338
60 62.310000 60.320000 1000000 8.579865 8.589228 8.576489 8.588062 0.032145 0.032257 0.066426 0.058068 0.032257 0.032137 0.032257 39330 39487
60 62.310000 60.320000 1000000 8.578790 8.588152 8.575413 8.586986 0.032146 0.032257 0.066426 0.058068 0.032257 0.032137 0.032257 39480 40361
60 62.310000 60.320000 1000000 8.569685 8.580626 8.566297 8.579460 0.032145 0.032257 0.067368 0.059143 0.032257 0.032137 0.032257 40360 43774
60 62.310000 60.320000 1000000 8.553951 8.565572 8.550722 8.565660 0.032152 0.032257 0.066427 0.058068 0.032257 0.032143 0.032257 43770 44002
60 62.310000 60.320000 1000000 8.552085 8.564497 8.548854 8.564585 0.032152 0.032257 0.065489 0.056993 0.032257 0.032144 0.032257 44000 45386
60 62.310000 60.320000 1000000 8.548789 8.561271 8.545554 8.561359 0.032151 0.032257 0.064555 0.055918 0.032257 0.032143 0.032257 45380 48870
60 62.310000 60.320000 1000000 8.541867 8.553744 8.538624 8.553832 0.032154 0.032257 0.061780 0.052690 0.032257 0.032146 0.032257 48870 50756
60 62.310000 60.320000 1000000 8.540513 8.552669 8.537269 8.552757 0.032154 0.032257 0.061780 0.052690 0.032257 0.032145 0.032257 50750 56130
60 62.310000 60.320000 1000000 8.532622 8.544604 8.529869 8.546350 0.032156 0.032257 0.063162 0.054304 0.032257 0.032147 0.032257 56130 58382
60 62.310000 60.320000 1000000 8.527205 8.539228 8.524447 8.540974 0.032157 0.032257 0.061323 0.052154 0.032257 0.032148 0.032257 58380 61706
60 62.310000 60.320000 1000000 8.507561 8.527400 8.504784 8.529146 0.032161 0.032257 0.062240 0.053229 0.032257 0.032152 0.032257 61700 63446
60 62.310000 60.320000 1000000 8.501804 8.523099 8.499021 8.524845 0.032161 0.032257 0.062240 0.053228 0.032257 0.032152 0.032257 63440 69140
60 62.310000 60.320000 1000000 8.492641 8.517722 8.489849 8.519469 0.032164 0.032257 0.062240 0.053228 0.032257 0.032155 0.032257 69140 69512
60 62.310000 60.320000 1000000 8.491351 8.516647 8.488558 8.518393 0.032164 0.032257 0.062240 0.053228 0.032257 0.032156 0.032257 69510 75503
60 62.310000 60.320000 1000000 8.472781 8.499443 8.469771 8.499487 0.032174 0.032257 0.059505 0.050003 0.032257 0.032166 0.032257 75500 76191
60 62.310000 60.320000 1000000 8.472015 8.498368 8.469004 8.498411 0.032175 0.032257 0.058605 0.048928 0.032257 0.032166 0.032257 76190 79412
60 62.310000 60.320000 1000000 8.471833 8.496755 8.468725 8.495947 0.032175 0.032257 0.058157 0.048392 0.032257 0.032167 0.032257 79410 80143
60 62.310000 60.320000 1000000 8.470857 8.495679 8.467748 8.494872 0.032175 0.032257 0.059055 0.049467 0.032257 0.032166 0.032257 80140 82420
60 62.310000 60.320000 1000000 8.469531 8.494604 8.466421 8.493797 0.032174 0.032257 0.058157 0.048391 0.032257 0.032166 0.032257 82420 89020
60 62.310000 60.320000 1000000 8.458068 8.484927 8.454945 8.484119 0.032173 0.032257 0.059056 0.049467 0.032257 0.032165 0.032257 84170 89713
60 62.310000 60.320000 1000000 8.429664 8.463421 8.426509 8.462614 0.032177 0.032257 0.059055 0.049467 0.032257 0.032169 0.032257 89710 90135
60 62.310000 60.320000 1000000 8.429193 8.462346 8.426038 8.461539 0.032178 0.032257 0.059055 0.049467 0.032257 0.032169 0.032257 90130 97240
60 62.310000 60.320000 1000000 8.417115 8.453744 8.413946 8.452936 0.032175 0.032257 0.056380 0.046241 0.032257 0.032166 0.032257 97240 105713
60 62.310000 60.320000 1000000 8.409867 8.446217 8.406690 8.445409 0.032176 0.032257 0.054630 0.044090 0.032257 0.032167 0.032257 105710 108784
60 62.310000 60.320000 1000000 8.409750 8.444604 8.406511 8.442945 0.032176 0.032257 0.055065 0.044628 0.032257 0.032167 0.032257 108780 109123
60 62.310000 60.320000 1000000 8.408276 8.443529 8.405036 8.441870 0.032175 0.032257 0.055940 0.045703 0.032257 0.032166 0.032257 109120 119059
60 62.310000 60.320000 1000000 8.397516 8.429550 8.394263 8.427892 0.032177 0.032257 0.059506 0.050004 0.032257 0.032168 0.032257 119050 122435
60 62.310000 60.320000 1000000 8.386087 8.419873 8.382820 8.418214 0.032181 0.032257 0.058605 0.048928 0.032257 0.032173 0.032257 122430 126849
60 62.310000 60.320000 1000000 8.378983 8.413421 8.375708 8.411763 0.032184 0.032257 0.061323 0.052153 0.032257 0.032175 0.032257 126840 139066
60 62.310000 60.320000 1000000 8.357493 8.396217 8.354193 8.394558 0.032193 0.032257 0.064088 0.055379 0.032257 0.032185 0.032257 139060 148691
60 62.310000 60.320000 1000000 8.335103 8.376862 8.331776 8.375203 0.032198 0.032257 0.066893 0.058601 0.032257 0.032190 0.032257 148690 177326
60 62.310000 60.320000 1000000 8.325640 8.360195 8.323677 8.363510 0.032201 0.032257 0.069260 0.061290 0.032257 0.032191 0.032257 177320 190081
60 62.310000 60.320000 1000000 8.309927 8.348367 8.308326 8.354191 0.032205 0.032257 0.072129 0.064514 0.032257 0.032195 0.032257 190080 197945
60 62.310000 60.320000 1000000 8.293787 8.333314 8.292176 8.339137 0.032208 0.032257 0.071169 0.063438 0.032257 0.032199 0.032257 197940 224604
60 62.310000 60.320000 1000000 8.281376 8.317185 8.280528 8.326771 0.032209 0.032257 0.080900 0.074191 0.032257 0.032199 0.032257 224600 231903
60 62.310000 60.320000 1000000 8.279926 8.316109 8.279077 8.325696 0.032209 0.032257 0.079916 0.073116 0.032257 0.032198 0.032257 231900 239631
60 62.310000 60.320000 1000000 8.275977 8.305357 8.273989 8.311314 0.032211 0.032257 0.072129 0.064514 0.032257 0.032202 0.032257 239630 240785
60 62.310000 60.320000 1000000 8.274156 8.304282 8.272167 8.310239 0.032212 0.032257 0.071169 0.063439 0.032257 0.032203 0.032257 240780 248487
60 62.310000 60.320000 1000000 8.272662 8.298368 8.270392 8.301772 0.032213 0.032257 0.069735 0.061826 0.032257 0.032204 0.032257 248480 252287
60 62.310000 60.320000 1000000 8.271454 8.297292 8.269184 8.300696 0.032212 0.032257 0.070691 0.062902 0.032257 0.032203 0.032257 252280 260327
60 62.310000 60.320000 1000000 8.266651 8.294066 8.264376 8.297470 0.032212 0.032257 0.070691 0.062902 0.032257 0.032203 0.032257 260320 279172
60 62.310000 60.320000 1000000 8.249209 8.279013 8.246920 8.282417 0.032215 0.032257 0.071648 0.063976 0.032257 0.032205 0.032257 279170 303669
60 62.310000 60.320000 1000000 8.245024 8.270411 8.242731 8.273815 0.032216 0.032257 0.069734 0.061824 0.032257 0.032207 0.032257 285120 298605
60 62.310000 60.320000 1000000 8.229787 8.256432 8.227482 8.259836 0.032217 0.032257 0.071648 0.063975 0.032257 0.032208 0.032257 298600 303669
60 62.310000 60.320000 1000000 8.227376 8.251056 8.225434 8.256969 0.032218 0.032257 0.072609 0.065051 0.032257 0.032209 0.032257 303660 305217
60 62.310000 60.320000 1000000 8.226641 8.249981 8.224699 8.255894 0.032219 0.032257 0.071648 0.063975 0.032257 0.032210 0.032257 305210 309200
60 62.310000 60.320000 1000000 8.219389 8.245680 8.217442 8.251592 0.032221 0.032257 0.067835 0.059674 0.032257 0.032212 0.032257 308380 318515
60 62.310000 60.320000 1000000 8.217927 8.244604 8.215979 8.250517 0.032221 0.032257 0.066891 0.058599 0.032257 0.032212 0.032257 318510 318584
60 62.310000 60.320000 1000000 8.216710 8.243529 8.214761 8.249442 0.032221 0.032257 0.067835 0.059674 0.032257 0.032212 0.032257 318580 332123
60 62.310000 60.320000 1000000 8.210958 8.237077 8.209005 8.242990 0.032222 0.032257 0.068782 0.060749 0.032257 0.032213 0.032257 332120 334807
60 62.310000 60.320000 1000000 8.209825 8.236002 8.207871 8.241915 0.032222 0.032257 0.067835 0.059675 0.032257 0.032213 0.032257 334800 351731
60 62.310000 60.320000 1000000 8.208662 8.234927 8.206707 8.240840 0.032222 0.032257 0.067835 0.059674 0.032257 0.032213 0.032257 351730 366329
60 62.310000 60.320000 1000000 8.208235 8.232776 8.206778 8.241198 0.032222 0.032257 0.067835 0.059674 0.032257 0.032213 0.032257 359220 361297
60 62.310000 60.320000 1000000 8.208028 8.231701 8.206812 8.241377 0.032222 0.032257 0.068782 0.060749 0.032257 0.032213 0.032257 361290 366329
60 62.310000 60.320000 1000000 8.207404 8.230626 8.206188 8.240302 0.032222 0.032257 0.068782 0.060749 0.032257 0.032213 0.032257 366320 368759
60 62.310000 60.320000 1000000 8.206483 8.229551 8.205267 8.239227 0.032222 0.032257 0.067835 0.059674 0.032257 0.032213 0.032257 368750 392431
60 62.310000 60.320000 1000000 8.197350 8.217723 8.195680 8.225383 0.032225 0.032257 0.068783 0.060749 0.032257 0.032215 0.032257 392430 410561
60 62.310000 60.320000 1000000 8.196535 8.216647 8.194864 8.224308 0.032224 0.032257 0.069734 0.061825 0.032257 0.032215 0.032257 410560 432765
60 62.310000 60.320000 1000000 8.188309 8.210196 8.186633 8.217856 0.032225 0.032257 0.066891 0.058599 0.032257 0.032215 0.032257 432760 444458
60 62.310000 60.320000 1000000 8.180474 8.202669 8.178793 8.210329 0.032225 0.032257 0.066892 0.058600 0.032257 0.032216 0.032257 444450 528592
60 62.310000 60.320000 1000000 8.165776 8.183314 8.164086 8.190974 0.032226 0.032257 0.070691 0.062902 0.032257 0.032217 0.032257 515210 530283
60 62.310000 60.320000 1000000 8.159749 8.179013 8.158055 8.186673 0.032227 0.032257 0.067837 0.059676 0.032257 0.032217 0.032257 530280 534350
60 62.310000 60.320000 1000000 8.159435 8.177938 8.157622 8.185195 0.032227 0.032257 0.066893 0.058601 0.032257 0.032217 0.032257 534350 542667
60 62.310000 60.320000 1000000 8.151820 8.168260 8.150002 8.175517 0.032228 0.032257 0.066893 0.058602 0.032257 0.032218 0.032257 542660 543047
60 62.310000 60.320000 1000000 8.151410 8.167185 8.149592 8.174442 0.032228 0.032257 0.066893 0.058602 0.032257 0.032219 0.032257 543040 558288
60 62.310000 60.320000 1000000 8.148548 8.162884 8.146729 8.170141 0.032229 0.032257 0.064086 0.055376 0.032257 0.032219 0.032257 558280 558647
60 62.310000 60.320000 1000000 8.147425 8.161809 8.145604 8.169066 0.032229 0.032257 0.064086 0.055376 0.032257 0.032219 0.032257 558640 561194
60 62.310000 60.320000 1000000 8.145826 8.160734 8.144004 8.167990 0.032229 0.032257 0.065018 0.056451 0.032257 0.032219 0.032257 561190 583591
60 62.310000 60.320000 1000000 8.145648 8.159121 8.143733 8.165526 0.032229 0.032257 0.064551 0.055914 0.032257 0.032219 0.032257 583590 603612
60 62.310000 60.320000 1000000 8.138013 8.153744 8.136093 8.160150 0.032231 0.032257 0.063622 0.054838 0.032257 0.032222 0.032257 603610 610696
60 62.310000 60.320000 1000000 8.133350 8.149443 8.131426 8.155849 0.032231 0.032257 0.063622 0.054839 0.032257 0.032222 0.032257 610690 622108
60 62.310000 60.320000 1000000 8.129932 8.146217 8.128006 8.152623 0.032230 0.032257 0.062699 0.053764 0.032257 0.032221 0.032257 622100 622896
60 62.310000 60.320000 1000000 8.128355 8.145142 8.126428 8.151548 0.032230 0.032257 0.061779 0.052689 0.032257 0.032221 0.032257 622890 650068
60 62.310000 60.320000 1000000 8.127539 8.144067 8.125611 8.150473 0.032230 0.032257 0.062699 0.053764 0.032257 0.032220 0.032257 650060 651021
60 62.310000 60.320000 1000000 8.126170 8.142992 8.124241 8.149397 0.032230 0.032257 0.061779 0.052689 0.032257 0.032220 0.032257 651020 671287
60 62.310000 60.320000 1000000 8.124771 8.137078 8.122645 8.140930 0.032229 0.032257 0.060410 0.051077 0.032257 0.032220 0.032257 671280 672107
60 62.310000 60.320000 1000000 8.123677 8.136002 8.121550 8.139854 0.032229 0.032257 0.060410 0.051077 0.032257 0.032220 0.032257 672100 673917
60 62.310000 60.320000 1000000 8.122272 8.134927 8.120144 8.138779 0.032229 0.032257 0.060410 0.051077 0.032257 0.032220 0.032257 673910 678877
60 62.310000 60.320000 1000000 8.118645 8.131701 8.116514 8.135553 0.032228 0.032257 0.062239 0.053227 0.032257 0.032218 0.032257 678870 713850
60 62.310000 60.320000 1000000 8.113830 8.126325 8.111695 8.130177 0.032229 0.032257 0.061322 0.052152 0.032257 0.032219 0.032257 713850 719474
60 62.310000 60.320000 1000000 8.106401 8.119874 8.104261 8.123726 0.032228 0.032257 0.059504 0.050002 0.032257 0.032219 0.032257 719470 755369
60 62.310000 60.320000 1000000 8.105251 8.118798 8.103109 8.122650 0.032228 0.032257 0.060410 0.051076 0.032257 0.032218 0.032257 755360 761916
60 62.310000 60.320000 1000000 8.099325 8.114497 8.097178 8.118349 0.032226 0.032257 0.061322 0.052152 0.032257 0.032216 0.032257 761910 763877
60 62.310000 60.320000 1000000 8.098662 8.113422 8.096515 8.117274 0.032226 0.032257 0.060410 0.051077 0.032257 0.032216 0.032257 763870 792098
60 62.310000 60.320000 1000000 8.094667 8.109121 8.092517 8.112973 0.032225 0.032257 0.063159 0.054301 0.032257 0.032216 0.032257 792090 818892
60 62.310000 60.320000 1000000 8.087814 8.100519 8.085474 8.102668 0.032226 0.032257 0.058602 0.048925 0.032257 0.032216 0.032257 818890 854293
60 62.310000 60.320000 1000000 8.076721 8.087616 8.074371 8.089765 0.032226 0.032257 0.062238 0.053226 0.032257 0.032216 0.032257 854290 867008
60 62.310000 60.320000 1000000 8.072377 8.083314 8.070024 8.085464 0.032225 0.032257 0.061321 0.052151 0.032257 0.032215 0.032257 867000 874922
60 62.310000 60.320000 1000000 8.065924 8.076863 8.063564 8.079012 0.032224 0.032257 0.062237 0.053226 0.032257 0.032214 0.032257 874920 902916
60 62.310000 60.320000 1000000 8.064344 8.073099 8.061919 8.074398 0.032224 0.032257 0.063622 0.054839 0.032257 0.032215 0.032257 902910 1000000
