34 62.310000 60.320000 1000000 12.799915 12.891362 12.793854 12.888762 0.031758 0.032257 0.295317 0.293550 0.032257 0.031751 0.032257 0 50
34 62.310000 60.320000 1000000 11.482732 11.556960 11.477415 11.553150 0.031417 0.032257 0.270747 0.268818 0.032257 0.031408 0.032257 50 60
34 62.310000 60.320000 1000000 11.170637 11.229004 11.164235 11.223581 0.031131 0.032257 0.245144 0.243012 0.032257 0.031123 0.032257 60 70
34 62.310000 60.320000 1000000 10.923333 11.005349 10.919915 11.012471 0.031088 0.032257 0.221712 0.219353 0.032257 0.031077 0.032257 70 80
34 62.310000 60.320000 1000000 10.752075 10.824703 10.747540 10.829853 0.031152 0.032257 0.183500 0.180643 0.032257 0.031141 0.032257 80 91
34 62.310000 60.320000 1000000 10.710173 10.784380 10.705065 10.786574 0.031157 0.032257 0.171343 0.168279 0.032257 0.031148 0.032257 90 100
34 62.310000 60.320000 1000000 10.573422 10.644596 10.568113 10.646789 0.031078 0.032257 0.177684 0.174732 0.032257 0.031069 0.032257 100 113
34 62.310000 60.320000 1000000 10.478250 10.548898 10.472795 10.551091 0.031027 0.032257 0.176626 0.173656 0.032257 0.031018 0.032257 110 121
34 62.310000 60.320000 1000000 10.432243 10.506963 10.426162 10.507543 0.031033 0.032257 0.192508 0.189787 0.032257 0.031024 0.032257 120 131
34 62.310000 60.320000 1000000 10.365429 10.399436 10.361295 10.409650 0.030954 0.032257 0.186152 0.183336 0.032257 0.030944 0.032257 130 141
34 62.310000 60.320000 1000000 10.343878 10.379006 10.339455 10.387517 0.030947 0.032257 0.185094 0.182261 0.032257 0.030938 0.032257 140 153
34 62.310000 60.320000 1000000 10.278756 10.246748 10.283285 10.324256 0.030919 0.032257 0.252076 0.250003 0.032257 0.030918 0.032257 150 161
34 62.310000 60.320000 1000000 10.224917 10.104813 10.224426 10.158126 0.030899 0.032257 0.305476 0.303769 0.032257 0.030895 0.032257 160 174
34 62.310000 60.320000 1000000 10.166646 9.994060 10.164984 10.037159 0.030854 0.032257 0.306545 0.304843 0.032257 0.030850 0.032257 170 180
34 62.310000 60.320000 1000000 10.152459 9.966103 10.150618 10.008798 0.030839 0.032257 0.312962 0.311295 0.032257 0.030835 0.032257 180 190
34 62.310000 60.320000 1000000 10.072422 9.788684 10.067462 9.788817 0.030851 0.032257 0.211618 0.209145 0.032257 0.030846 0.032257 190 201
34 62.310000 60.320000 1000000 10.049321 9.718792 10.044327 9.718925 0.030822 0.032257 0.145036 0.141404 0.032257 0.030816 0.032257 200 210
34 62.310000 60.320000 1000000 10.039449 9.705889 10.034840 9.707276 0.030813 0.032257 0.143986 0.140326 0.032257 0.030807 0.032257 210 229
34 62.310000 60.320000 1000000 10.029494 9.688147 10.024714 9.685278 0.030797 0.032257 0.135095 0.131187 0.032257 0.030790 0.032257 220 234
34 62.310000 60.320000 1000000 10.006239 9.676320 10.001426 9.673451 0.030813 0.032257 0.146607 0.143014 0.032257 0.030807 0.032257 230 240
34 62.310000 60.320000 1000000 9.983395 9.662341 9.978548 9.659472 0.030824 0.032257 0.149756 0.146240 0.032257 0.030817 0.032257 240 255
34 62.310000 60.320000 1000000 9.975540 9.645137 9.970407 9.640566 0.030819 0.032257 0.146609 0.143017 0.032257 0.030812 0.032257 250 262
34 62.310000 60.320000 1000000 9.924322 9.604277 9.919517 9.600960 0.030855 0.032257 0.159221 0.155919 0.032257 0.030848 0.032257 260 273
34 62.310000 60.320000 1000000 9.906257 9.578471 9.901425 9.575154 0.030845 0.032257 0.151857 0.148392 0.032257 0.030838 0.032257 270 303
34 62.310000 60.320000 1000000 9.819867 9.463417 9.812063 9.454097 0.030883 0.032257 0.160275 0.156995 0.032257 0.030881 0.032257 300 317
34 62.310000 60.320000 1000000 9.802415 9.446213 9.794089 9.432278 0.030897 0.032257 0.158169 0.154845 0.032257 0.030895 0.032257 310 341
34 62.310000 60.320000 1000000 9.770871 9.401051 9.763708 9.390880 0.030891 0.032257 0.133008 0.129037 0.032257 0.030887 0.032257 340 350
34 62.310000 60.320000 1000000 9.753214 9.385998 9.746012 9.375826 0.030911 0.032257 0.133005 0.129034 0.032257 0.030907 0.032257 350 370
34 62.310000 60.320000 1000000 9.726047 9.370944 9.718784 9.360772 0.030930 0.032257 0.127797 0.123659 0.032257 0.030926 0.032257 370 399
34 62.310000 60.320000 1000000 9.711826 9.354815 9.704532 9.344644 0.030945 0.032257 0.114325 0.109680 0.032257 0.030941 0.032257 390 430
34 62.310000 60.320000 1000000 9.671196 9.326858 9.664942 9.319643 0.030967 0.032257 0.116389 0.111829 0.032257 0.030961 0.032257 430 445
34 62.310000 60.320000 1000000 9.646617 9.293525 9.645945 9.306382 0.030983 0.032257 0.109177 0.104303 0.032257 0.030970 0.032257 440 452
34 62.310000 60.320000 1000000 9.644534 9.292450 9.643861 9.305307 0.030984 0.032257 0.109177 0.104303 0.032257 0.030971 0.032257 450 468
34 62.310000 60.320000 1000000 9.609838 9.260191 9.609633 9.279321 0.031019 0.032257 0.102009 0.096774 0.032257 0.031008 0.032257 460 481
34 62.310000 60.320000 1000000 9.578073 9.241912 9.577865 9.261041 0.031038 0.032257 0.104052 0.098925 0.032257 0.031026 0.032257 480 499
34 62.310000 60.320000 1000000 9.577794 9.240299 9.577440 9.258577 0.031039 0.032257 0.103541 0.098388 0.032257 0.031027 0.032257 490 501
34 62.310000 60.320000 1000000 9.541087 9.211267 9.540729 9.229545 0.031076 0.032257 0.094394 0.088712 0.032257 0.031064 0.032257 500 511
34 62.310000 60.320000 1000000 9.528148 9.203203 9.527756 9.220629 0.031089 0.032257 0.097939 0.092474 0.032257 0.031078 0.032257 510 539
34 62.310000 60.320000 1000000 9.504775 9.185999 9.504380 9.203425 0.031111 0.032257 0.094900 0.089249 0.032257 0.031100 0.032257 530 541
34 62.310000 60.320000 1000000 9.484716 9.175246 9.484318 9.192673 0.031123 0.032257 0.096925 0.091400 0.032257 0.031111 0.032257 540 550
34 62.310000 60.320000 1000000 9.484321 9.174171 9.483924 9.191597 0.031122 0.032257 0.096925 0.091400 0.032257 0.031110 0.032257 550 579
34 62.310000 60.320000 1000000 9.483880 9.173095 9.483483 9.190522 0.031121 0.032257 0.095912 0.090325 0.032257 0.031109 0.032257 570 592
34 62.310000 60.320000 1000000 9.468020 9.154816 9.468256 9.174752 0.031130 0.032257 0.102010 0.096776 0.032257 0.031118 0.032257 590 613
34 62.310000 60.320000 1000000 9.446936 9.138149 9.447022 9.157234 0.031128 0.032257 0.096419 0.090863 0.032257 0.031115 0.032257 610 641
34 62.310000 60.320000 1000000 9.408614 9.111268 9.408115 9.126947 0.031144 0.032257 0.092376 0.086561 0.032257 0.031133 0.032257 640 657
34 62.310000 60.320000 1000000 9.388251 9.098365 9.387750 9.114044 0.031151 0.032257 0.097433 0.091938 0.032257 0.031139 0.032257 650 661
34 62.310000 60.320000 1000000 9.384703 9.074709 9.382416 9.078471 0.031155 0.032257 0.089361 0.083336 0.032257 0.031147 0.032257 660 714
34 62.310000 60.320000 1000000 9.381562 9.072559 9.379272 9.076321 0.031154 0.032257 0.090366 0.084412 0.032257 0.031145 0.032257 670 715
34 62.310000 60.320000 1000000 9.348271 9.045677 9.345957 9.049439 0.031154 0.032257 0.092376 0.086561 0.032257 0.031146 0.032257 710 760
34 62.310000 60.320000 1000000 9.322944 9.026322 9.320611 9.030084 0.031147 0.032257 0.093384 0.087635 0.032257 0.031139 0.032257 760 846
34 62.310000 60.320000 1000000 9.322307 9.021483 9.319637 9.022692 0.031148 0.032257 0.092880 0.087099 0.032257 0.031140 0.032257 780 858
34 62.310000 60.320000 1000000 9.279229 8.992451 9.276522 8.993660 0.031171 0.032257 0.091872 0.086023 0.032257 0.031163 0.032257 850 866
34 62.310000 60.320000 1000000 9.277613 8.991376 9.274904 8.992584 0.031172 0.032257 0.091872 0.086023 0.032257 0.031164 0.032257 860 878
34 62.310000 60.320000 1000000 9.276320 8.990301 9.273611 8.991509 0.031173 0.032257 0.091872 0.086023 0.032257 0.031165 0.032257 870 963
34 62.310000 60.320000 1000000 9.263394 8.977398 9.260673 8.978606 0.031188 0.032257 0.086859 0.080647 0.032257 0.031180 0.032257 960 1007
34 62.310000 60.320000 1000000 9.234200 8.961269 9.231453 8.962477 0.031204 0.032257 0.088859 0.082798 0.032257 0.031195 0.032257 1000 1044
34 62.310000 60.320000 1000000 9.226971 8.954817 9.224218 8.956026 0.031198 0.032257 0.092880 0.087099 0.032257 0.031190 0.032257 1040 1072
34 62.310000 60.320000 1000000 9.220355 8.951591 9.217595 8.952800 0.031206 0.032257 0.093889 0.088174 0.032257 0.031198 0.032257 1070 1094
34 62.310000 60.320000 1000000 9.204995 8.944064 9.202222 8.945273 0.031220 0.032257 0.090867 0.084948 0.032257 0.031212 0.032257 1090 1146
34 62.310000 60.320000 1000000 9.161317 8.918258 9.160153 8.925739 0.031262 0.032257 0.099972 0.094625 0.032257 0.031252 0.032257 1140 1239
34 62.310000 60.320000 1000000 9.122624 8.895678 9.121444 8.903158 0.031284 0.032257 0.090866 0.084947 0.032257 0.031274 0.032257 1230 1267
34 62.310000 60.320000 1000000 9.119399 8.891376 9.118045 8.898454 0.031278 0.032257 0.088858 0.082797 0.032257 0.031268 0.032257 1260 1288
34 62.310000 60.320000 1000000 9.096020 8.879549 9.094656 8.886626 0.031303 0.032257 0.085860 0.079570 0.032257 0.031293 0.032257 1280 1345
34 62.310000 60.320000 1000000 9.095099 8.877398 9.093734 8.884476 0.031300 0.032257 0.085861 0.079571 0.032257 0.031290 0.032257 1340 1359
34 62.310000 60.320000 1000000 9.083011 8.869871 9.081590 8.876546 0.031304 0.032257 0.085861 0.079571 0.032257 0.031294 0.032257 1350 1461
34 62.310000 60.320000 1000000 9.069479 8.859119 9.068051 8.865793 0.031306 0.032257 0.088858 0.082796 0.032257 0.031296 0.032257 1460 1652
34 62.310000 60.320000 1000000 9.051362 8.837613 9.049926 8.844288 0.031321 0.032257 0.087857 0.081721 0.032257 0.031311 0.032257 1650 1676
34 62.310000 60.320000 1000000 9.045392 8.831162 9.043953 8.837836 0.031321 0.032257 0.086858 0.080646 0.032257 0.031311 0.032257 1670 1686
34 62.310000 60.320000 1000000 9.043373 8.829011 9.041933 8.835686 0.031321 0.032257 0.085860 0.079570 0.032257 0.031310 0.032257 1680 1712
34 62.310000 60.320000 1000000 9.015486 8.813958 9.014032 8.820632 0.031347 0.032257 0.088859 0.082797 0.032257 0.031337 0.032257 1710 1738
34 62.310000 60.320000 1000000 9.007875 8.808581 9.006418 8.815256 0.031356 0.032257 0.085860 0.079571 0.032257 0.031345 0.032257 1720 1867
34 62.310000 60.320000 1000000 8.964461 8.783850 8.962982 8.790524 0.031381 0.032257 0.077955 0.070968 0.032257 0.031371 0.032257 1860 1903
34 62.310000 60.320000 1000000 8.963398 8.782775 8.961920 8.789449 0.031379 0.032257 0.076978 0.069893 0.032257 0.031369 0.032257 1900 2109
34 62.310000 60.320000 1000000 8.954486 8.774173 8.952648 8.780041 0.031385 0.032257 0.075030 0.067742 0.032257 0.031375 0.032257 2100 2257
34 62.310000 60.320000 1000000 8.935463 8.756968 8.932615 8.760417 0.031393 0.032257 0.076979 0.069894 0.032257 0.031385 0.032257 2250 2282
34 62.310000 60.320000 1000000 8.931671 8.752667 8.928819 8.756116 0.031389 0.032257 0.076979 0.069894 0.032257 0.031381 0.032257 2280 2297
34 62.310000 60.320000 1000000 8.929871 8.748904 8.926894 8.751501 0.031386 0.032257 0.077467 0.070432 0.032257 0.031378 0.032257 2290 2420
34 62.310000 60.320000 1000000 8.918975 8.735463 8.915866 8.737209 0.031372 0.032257 0.075032 0.067743 0.032257 0.031364 0.032257 2420 2498
34 62.310000 60.320000 1000000 8.918362 8.734388 8.915252 8.736134 0.031371 0.032257 0.075031 0.067743 0.032257 0.031363 0.032257 2490 2531
34 62.310000 60.320000 1000000 8.918290 8.732775 8.915142 8.733670 0.031370 0.032257 0.074546 0.067206 0.032257 0.031362 0.032257 2530 2817
34 62.310000 60.320000 1000000 8.912545 8.728474 8.909391 8.729369 0.031372 0.032257 0.070694 0.062906 0.032257 0.031364 0.032257 2670 2861
34 62.310000 60.320000 1000000 8.871470 8.702667 8.867802 8.702353 0.031393 0.032257 0.086360 0.080109 0.032257 0.031385 0.032257 2860 3061
34 62.310000 60.320000 1000000 8.863729 8.693528 8.860013 8.692362 0.031393 0.032257 0.088859 0.082798 0.032257 0.031386 0.032257 3060 3070
34 62.310000 60.320000 1000000 8.862658 8.692452 8.858942 8.691286 0.031391 0.032257 0.089862 0.083873 0.032257 0.031383 0.032257 3070 3359
34 62.310000 60.320000 1000000 8.821058 8.668797 8.817288 8.667631 0.031429 0.032257 0.085862 0.079572 0.032257 0.031422 0.032257 3350 3360
34 62.310000 60.320000 1000000 8.814181 8.664496 8.810403 8.663330 0.031429 0.032257 0.082882 0.076347 0.032257 0.031422 0.032257 3360 3388
34 62.310000 60.320000 1000000 8.781492 8.645141 8.777672 8.643975 0.031438 0.032257 0.082881 0.076346 0.032257 0.031431 0.032257 3380 3446
34 62.310000 60.320000 1000000 8.777049 8.641915 8.773222 8.640749 0.031438 0.032257 0.082881 0.076346 0.032257 0.031430 0.032257 3440 3742
34 62.310000 60.320000 1000000 8.753821 8.625786 8.749964 8.624620 0.031432 0.032257 0.075031 0.067743 0.032257 0.031424 0.032257 3740 3938
34 62.310000 60.320000 1000000 8.741884 8.617184 8.738011 8.616018 0.031429 0.032257 0.073096 0.065593 0.032257 0.031422 0.032257 3930 3963
34 62.310000 60.320000 1000000 8.740256 8.615033 8.736381 8.613867 0.031432 0.032257 0.072133 0.064518 0.032257 0.031425 0.032257 3960 4007
34 62.310000 60.320000 1000000 8.739654 8.613958 8.735779 8.612792 0.031433 0.032257 0.071172 0.063443 0.032257 0.031425 0.032257 4000 4039
34 62.310000 60.320000 1000000 8.738735 8.612883 8.734858 8.611717 0.031431 0.032257 0.072133 0.064518 0.032257 0.031423 0.032257 4030 4125
34 62.310000 60.320000 1000000 8.733507 8.609657 8.729623 8.608491 0.031432 0.032257 0.072134 0.064520 0.032257 0.031425 0.032257 4120 4403
34 62.310000 60.320000 1000000 8.724185 8.598904 8.720406 8.598992 0.031422 0.032257 0.070217 0.062369 0.032257 0.031415 0.032257 4400 4474
34 62.310000 60.320000 1000000 8.721417 8.592990 8.717258 8.590525 0.031425 0.032257 0.068790 0.060757 0.032257 0.031419 0.032257 4470 4618
34 62.310000 60.320000 1000000 8.716012 8.588689 8.711846 8.586224 0.031430 0.032257 0.068790 0.060758 0.032257 0.031424 0.032257 4610 4737
34 62.310000 60.320000 1000000 8.714642 8.587614 8.710474 8.585149 0.031428 0.032257 0.068790 0.060758 0.032257 0.031422 0.032257 4730 4892
34 62.310000 60.320000 1000000 8.696056 8.574711 8.691861 8.572245 0.031425 0.032257 0.068791 0.060759 0.032257 0.031419 0.032257 4890 4976
34 62.310000 60.320000 1000000 8.694668 8.573635 8.690471 8.571170 0.031427 0.032257 0.067843 0.059684 0.032257 0.031421 0.032257 4970 4988
34 62.310000 60.320000 1000000 8.692632 8.572560 8.688432 8.570095 0.031429 0.032257 0.067843 0.059683 0.032257 0.031423 0.032257 4980 4992
34 62.310000 60.320000 1000000 8.690776 8.571485 8.686573 8.569020 0.031431 0.032257 0.067843 0.059683 0.032257 0.031425 0.032257 4990 5033
34 62.310000 60.320000 1000000 8.680617 8.565033 8.676766 8.563822 0.031441 0.032257 0.066898 0.058608 0.032257 0.031435 0.032257 5030 5133
34 62.310000 60.320000 1000000 8.677190 8.562883 8.673335 8.561672 0.031445 0.032257 0.066898 0.058608 0.032257 0.031438 0.032257 5130 5272
34 62.310000 60.320000 1000000 8.676078 8.561807 8.672222 8.560597 0.031443 0.032257 0.067842 0.059683 0.032257 0.031436 0.032257 5270 5363
34 62.310000 60.320000 1000000 8.675034 8.560732 8.671176 8.559521 0.031441 0.032257 0.066898 0.058608 0.032257 0.031434 0.032257 5360 5554
34 62.310000 60.320000 1000000 8.669302 8.555356 8.665437 8.554145 0.031441 0.032257 0.067842 0.059683 0.032257 0.031435 0.032257 5550 5560
34 62.310000 60.320000 1000000 8.668437 8.554280 8.664570 8.553070 0.031443 0.032257 0.068790 0.060758 0.032257 0.031436 0.032257 5560 6159
34 62.310000 60.320000 1000000 8.661791 8.549979 8.657916 8.548769 0.031441 0.032257 0.066898 0.058607 0.032257 0.031434 0.032257 5690 6501
34 62.310000 60.320000 1000000 8.647720 8.539227 8.643825 8.538016 0.031436 0.032257 0.065022 0.056456 0.032257 0.031429 0.032257 6500 6622
34 62.310000 60.320000 1000000 8.644776 8.536001 8.640877 8.534790 0.031434 0.032257 0.063164 0.054306 0.032257 0.031427 0.032257 6620 6658
34 62.310000 60.320000 1000000 8.642894 8.534926 8.638993 8.533715 0.031436 0.032257 0.064091 0.055381 0.032257 0.031429 0.032257 6650 6937
34 62.310000 60.320000 1000000 8.638035 8.531700 8.634127 8.530489 0.031438 0.032257 0.062242 0.053231 0.032257 0.031431 0.032257 6930 7282
34 62.310000 60.320000 1000000 8.636459 8.529549 8.632549 8.528339 0.031435 0.032257 0.060413 0.051080 0.032257 0.031428 0.032257 7220 7589
34 62.310000 60.320000 1000000 8.632616 8.523098 8.628454 8.520185 0.031437 0.032257 0.063164 0.054306 0.032257 0.031431 0.032257 7580 7831
34 62.310000 60.320000 1000000 8.629508 8.519872 8.625342 8.516959 0.031431 0.032257 0.065958 0.057532 0.032257 0.031425 0.032257 7830 7984
34 62.310000 60.320000 1000000 8.620763 8.510195 8.616584 8.507281 0.031437 0.032257 0.069741 0.061833 0.032257 0.031431 0.032257 7980 8019
34 62.310000 60.320000 1000000 8.619115 8.509119 8.614934 8.506206 0.031436 0.032257 0.069742 0.061833 0.032257 0.031430 0.032257 8010 8371
34 62.310000 60.320000 1000000 8.612180 8.504818 8.607988 8.501905 0.031436 0.032257 0.068789 0.060757 0.032257 0.031430 0.032257 8370 8406
34 62.310000 60.320000 1000000 8.610624 8.503743 8.606431 8.500830 0.031435 0.032257 0.069741 0.061832 0.032257 0.031429 0.032257 8400 8918
34 62.310000 60.320000 1000000 8.607230 8.500517 8.603031 8.497604 0.031440 0.032257 0.069741 0.061832 0.032257 0.031434 0.032257 8910 9007
34 62.310000 60.320000 1000000 8.605315 8.496754 8.600993 8.492989 0.031437 0.032257 0.071174 0.063445 0.032257 0.031431 0.032257 9000 9277
34 62.310000 60.320000 1000000 8.590236 8.486001 8.585890 8.482237 0.031433 0.032257 0.077958 0.070971 0.032257 0.031427 0.032257 9270 9929
34 62.310000 60.320000 1000000 8.562892 8.468797 8.558505 8.465032 0.031438 0.032257 0.077958 0.070971 0.032257 0.031432 0.032257 9920 10132
34 62.310000 60.320000 1000000 8.560545 8.465571 8.556530 8.463061 0.031442 0.032257 0.078938 0.072046 0.032257 0.031435 0.032257 10130 11018
34 62.310000 60.320000 1000000 8.543587 8.445141 8.541432 8.448455 0.031456 0.032257 0.076979 0.069895 0.032257 0.031447 0.032257 11010 11627
34 62.310000 60.320000 1000000 8.530448 8.437614 8.528283 8.440929 0.031469 0.032257 0.083873 0.077421 0.032257 0.031459 0.032257 11620 12437
34 62.310000 60.320000 1000000 8.503579 8.418259 8.501393 8.421574 0.031502 0.032257 0.086856 0.080644 0.032257 0.031493 0.032257 12430 12683
34 62.310000 60.320000 1000000 8.502729 8.417184 8.500542 8.420498 0.031500 0.032257 0.086856 0.080644 0.032257 0.031491 0.032257 12680 13188
34 62.310000 60.320000 1000000 8.498934 8.412883 8.496745 8.416197 0.031503 0.032257 0.086856 0.080643 0.032257 0.031494 0.032257 13180 13285
34 62.310000 60.320000 1000000 8.491927 8.408582 8.489732 8.411896 0.031508 0.032257 0.082878 0.076343 0.032257 0.031498 0.032257 13280 14771
34 62.310000 60.320000 1000000 8.467107 8.392453 8.464892 8.395767 0.031513 0.032257 0.079916 0.073117 0.032257 0.031503 0.032257 14770 15087
34 62.310000 60.320000 1000000 8.465407 8.391377 8.463191 8.394692 0.031512 0.032257 0.078934 0.072042 0.032257 0.031503 0.032257 15080 15418
34 62.310000 60.320000 1000000 8.464311 8.390302 8.462095 8.393617 0.031511 0.032257 0.077954 0.070966 0.032257 0.031501 0.032257 15410 15641
34 62.310000 60.320000 1000000 8.458964 8.387076 8.456744 8.390391 0.031517 0.032257 0.076976 0.069891 0.032257 0.031507 0.032257 15640 16160
34 62.310000 60.320000 1000000 8.458265 8.386001 8.456043 8.389316 0.031515 0.032257 0.076001 0.068816 0.032257 0.031506 0.032257 16160 16719
34 62.310000 60.320000 1000000 8.452547 8.381700 8.450321 8.385014 0.031512 0.032257 0.075030 0.067742 0.032257 0.031503 0.032257 16710 17297
34 62.310000 60.320000 1000000 8.452083 8.380625 8.449683 8.383536 0.031513 0.032257 0.074061 0.066667 0.032257 0.031504 0.032257 17290 17349
34 62.310000 60.320000 1000000 8.450421 8.379550 8.448019 8.382461 0.031515 0.032257 0.074063 0.066669 0.032257 0.031506 0.032257 17340 18366
34 62.310000 60.320000 1000000 8.427086 8.361270 8.424601 8.363778 0.031536 0.032257 0.075032 0.067744 0.032257 0.031527 0.032257 18360 18842
34 62.310000 60.320000 1000000 8.420481 8.355894 8.417991 8.358402 0.031528 0.032257 0.074063 0.066669 0.032257 0.031519 0.032257 18840 19514
34 62.310000 60.320000 1000000 8.419092 8.354819 8.416600 8.357326 0.031530 0.032257 0.074063 0.066669 0.032257 0.031521 0.032257 19510 20097
34 62.310000 60.320000 1000000 8.409838 8.348367 8.407338 8.350875 0.031537 0.032257 0.076005 0.068820 0.032257 0.031528 0.032257 20090 20183
34 62.310000 60.320000 1000000 8.408256 8.347292 8.405755 8.349800 0.031536 0.032257 0.076005 0.068820 0.032257 0.031527 0.032257 20180 20386
34 62.310000 60.320000 1000000 8.403251 8.340840 8.400746 8.343348 0.031540 0.032257 0.081892 0.075271 0.032257 0.031531 0.032257 20380 21355
34 62.310000 60.320000 1000000 8.396931 8.335464 8.394420 8.337972 0.031547 0.032257 0.078937 0.072045 0.032257 0.031537 0.032257 21350 22643
34 62.310000 60.320000 1000000 8.384975 8.326862 8.382453 8.329370 0.031558 0.032257 0.076006 0.068821 0.032257 0.031548 0.032257 22640 22704
34 62.310000 60.320000 1000000 8.383847 8.325786 8.381324 8.328294 0.031555 0.032257 0.076981 0.069896 0.032257 0.031546 0.032257 22700 23960
34 62.310000 60.320000 1000000 8.377177 8.320410 8.374648 8.322918 0.031558 0.032257 0.076005 0.068821 0.032257 0.031549 0.032257 23960 24538
34 62.310000 60.320000 1000000 8.365904 8.313958 8.363365 8.316466 0.031566 0.032257 0.073097 0.065594 0.032257 0.031557 0.032257 24530 25175
34 62.310000 60.320000 1000000 8.356792 8.307507 8.354244 8.310015 0.031575 0.032257 0.074064 0.066670 0.032257 0.031566 0.032257 25170 26044
34 62.310000 60.320000 1000000 8.347934 8.302130 8.345379 8.304638 0.031582 0.032257 0.072134 0.064519 0.032257 0.031573 0.032257 26040 26207
34 62.310000 60.320000 1000000 8.346160 8.301055 8.343603 8.303563 0.031582 0.032257 0.071173 0.063444 0.032257 0.031573 0.032257 26200 28985
34 62.310000 60.320000 1000000 8.335673 8.289227 8.332582 8.290525 0.031583 0.032257 0.069263 0.061293 0.032257 0.031574 0.032257 28980 28999
34 62.310000 60.320000 1000000 8.335332 8.288152 8.332241 8.289450 0.031582 0.032257 0.069263 0.061293 0.032257 0.031574 0.032257 28990 30232
34 62.310000 60.320000 1000000 8.330167 8.283851 8.327070 8.285149 0.031585 0.032257 0.073097 0.065594 0.032257 0.031577 0.032257 30230 32335
34 62.310000 60.320000 1000000 8.266198 8.242991 8.263028 8.244289 0.031617 0.032257 0.065485 0.056989 0.032257 0.031609 0.032257 32330 32559
34 62.310000 60.320000 1000000 8.265013 8.241915 8.261841 8.243214 0.031615 0.032257 0.065485 0.056989 0.032257 0.031607 0.032257 32550 33159
34 62.310000 60.320000 1000000 8.263879 8.240840 8.260706 8.242138 0.031613 0.032257 0.066423 0.058064 0.032257 0.031605 0.032257 33150 33318
34 62.310000 60.320000 1000000 8.262696 8.239765 8.259522 8.241063 0.031612 0.032257 0.065485 0.056989 0.032257 0.031603 0.032257 33310 33901
34 62.310000 60.320000 1000000 8.256086 8.234388 8.252905 8.235687 0.031617 0.032257 0.067365 0.059139 0.032257 0.031609 0.032257 33900 39166
34 62.310000 60.320000 1000000 8.202767 8.197829 8.198837 8.197515 0.031657 0.032257 0.074061 0.066667 0.032257 0.031650 0.032257 39160 42735
34 62.310000 60.320000 1000000 8.194004 8.190302 8.190062 8.189988 0.031659 0.032257 0.077955 0.070968 0.032257 0.031652 0.032257 41900 44718
34 62.310000 60.320000 1000000 8.178892 8.172023 8.174165 8.166601 0.031671 0.032257 0.079920 0.073121 0.032257 0.031666 0.032257 44710 47574
34 62.310000 60.320000 1000000 8.168882 8.164496 8.164138 8.159074 0.031679 0.032257 0.074063 0.066669 0.032257 0.031674 0.032257 47570 47588
34 62.310000 60.320000 1000000 8.167170 8.163421 8.162423 8.157999 0.031680 0.032257 0.073097 0.065594 0.032257 0.031674 0.032257 47580 47651
34 62.310000 60.320000 1000000 8.166386 8.162346 8.161638 8.156924 0.031678 0.032257 0.073097 0.065594 0.032257 0.031673 0.032257 47650 53297
34 62.310000 60.320000 1000000 8.146494 8.135464 8.142796 8.134746 0.031689 0.032257 0.079920 0.073121 0.032257 0.031681 0.032257 53290 56199
34 62.310000 60.320000 1000000 8.138036 8.125787 8.134327 8.125069 0.031704 0.032257 0.072134 0.064519 0.032257 0.031696 0.032257 56190 59496
34 62.310000 60.320000 1000000 8.130746 8.120410 8.127027 8.119693 0.031708 0.032257 0.069263 0.061293 0.032257 0.031700 0.032257 59490 60174
34 62.310000 60.320000 1000000 8.116469 8.105357 8.112731 8.104639 0.031728 0.032257 0.075033 0.067746 0.032257 0.031720 0.032257 60170 61108
34 62.310000 60.320000 1000000 8.110727 8.096755 8.108631 8.102309 0.031733 0.032257 0.077958 0.070971 0.032257 0.031723 0.032257 61100 62530
34 62.310000 60.320000 1000000 8.092224 8.083851 8.090114 8.089406 0.031747 0.032257 0.079920 0.073121 0.032257 0.031737 0.032257 62530 63863
34 62.310000 60.320000 1000000 8.084390 8.078475 8.082273 8.084030 0.031754 0.032257 0.076979 0.069894 0.032257 0.031744 0.032257 63860 65579
34 62.310000 60.320000 1000000 8.070370 8.064497 8.067763 8.066646 0.031772 0.032257 0.071173 0.063443 0.032257 0.031763 0.032257 65570 66223
34 62.310000 60.320000 1000000 8.069818 8.063421 8.067211 8.065571 0.031771 0.032257 0.070216 0.062368 0.032257 0.031762 0.032257 66220 67241
34 62.310000 60.320000 1000000 8.069188 8.062346 8.066580 8.064496 0.031773 0.032257 0.069263 0.061292 0.032257 0.031764 0.032257 67240 70494
34 62.310000 60.320000 1000000 8.055016 8.052669 8.052395 8.054818 0.031768 0.032257 0.073097 0.065594 0.032257 0.031759 0.032257 70490 77257
34 62.310000 60.320000 1000000 8.036659 8.039766 8.034019 8.041915 0.031787 0.032257 0.073097 0.065595 0.032257 0.031778 0.032257 77250 78261
34 62.310000 60.320000 1000000 8.035627 8.038690 8.032987 8.040840 0.031785 0.032257 0.074064 0.066670 0.032257 0.031776 0.032257 78260 78359
34 62.310000 60.320000 1000000 8.034863 8.037615 8.032222 8.039765 0.031787 0.032257 0.075033 0.067745 0.032257 0.031778 0.032257 78350 82515
34 62.310000 60.320000 1000000 8.027074 8.032239 8.024424 8.034388 0.031783 0.032257 0.071173 0.063444 0.032257 0.031775 0.032257 81700 81808
34 62.310000 60.320000 1000000 8.025626 8.031164 8.022975 8.033313 0.031782 0.032257 0.071173 0.063444 0.032257 0.031773 0.032257 81800 82515
34 62.310000 60.320000 1000000 8.024420 8.030088 8.021768 8.032238 0.031781 0.032257 0.072133 0.064519 0.032257 0.031772 0.032257 82510 85657
34 62.310000 60.320000 1000000 8.016194 8.019336 8.013534 8.021485 0.031793 0.032257 0.067368 0.059143 0.032257 0.031784 0.032257 85650 87364
34 62.310000 60.320000 1000000 8.011278 8.015034 8.008613 8.017184 0.031790 0.032257 0.065487 0.056992 0.032257 0.031781 0.032257 87360 94568
34 62.310000 60.320000 1000000 7.998563 8.006432 7.995885 8.008582 0.031807 0.032257 0.063625 0.054842 0.032257 0.031798 0.032257 91070 97022
34 62.310000 60.320000 1000000 7.985973 7.996755 7.983282 7.998905 0.031817 0.032257 0.062701 0.053767 0.032257 0.031809 0.032257 92560 101893
34 62.310000 60.320000 1000000 7.983833 7.989228 7.980685 7.987973 0.031817 0.032257 0.061782 0.052692 0.032257 0.031809 0.032257 101890 105141
34 62.310000 60.320000 1000000 7.981959 7.986002 7.978808 7.984747 0.031818 0.032257 0.060868 0.051617 0.032257 0.031810 0.032257 105140 122880
34 62.310000 60.320000 1000000 7.960107 7.968798 7.956858 7.967139 0.031828 0.032257 0.064555 0.055918 0.032257 0.031820 0.032257 122880 126256
34 62.310000 60.320000 1000000 7.958469 7.967723 7.955218 7.966064 0.031829 0.032257 0.065489 0.056994 0.032257 0.031821 0.032257 126250 129084
34 62.310000 60.320000 1000000 7.953584 7.964497 7.950327 7.962838 0.031831 0.032257 0.065489 0.056993 0.032257 0.031823 0.032257 129080 145044
34 62.310000 60.320000 1000000 7.945405 7.951594 7.942138 7.949935 0.031837 0.032257 0.070217 0.062369 0.032257 0.031829 0.032257 138080 157328
34 62.310000 60.320000 1000000 7.919124 7.925787 7.916157 7.925383 0.031871 0.032257 0.059958 0.050541 0.032257 0.031863 0.032257 157320 182419
34 62.310000 60.320000 1000000 7.897908 7.905357 7.894917 7.904953 0.031873 0.032257 0.060866 0.051615 0.032257 0.031865 0.032257 182410 186376
34 62.310000 60.320000 1000000 7.897277 7.904282 7.894286 7.903878 0.031872 0.032257 0.061780 0.052690 0.032257 0.031864 0.032257 186370 187890
34 62.310000 60.320000 1000000 7.895526 7.903207 7.892533 7.902802 0.031875 0.032257 0.061780 0.052690 0.032257 0.031866 0.032257 187890 190704
34 62.310000 60.320000 1000000 7.894839 7.902131 7.891845 7.901727 0.031874 0.032257 0.060866 0.051615 0.032257 0.031865 0.032257 190700 194156
34 62.310000 60.320000 1000000 7.888279 7.895680 7.885278 7.895276 0.031880 0.032257 0.059053 0.049465 0.032257 0.031872 0.032257 194150 197362
34 62.310000 60.320000 1000000 7.884107 7.892454 7.881101 7.892050 0.031885 0.032257 0.059053 0.049465 0.032257 0.031877 0.032257 197360 198325
34 62.310000 60.320000 1000000 7.882603 7.891379 7.879595 7.890975 0.031884 0.032257 0.059053 0.049465 0.032257 0.031876 0.032257 198320 201663
34 62.310000 60.320000 1000000 7.881310 7.890303 7.878301 7.889899 0.031883 0.032257 0.058156 0.048389 0.032257 0.031874 0.032257 201660 217055
34 62.310000 60.320000 1000000 7.877190 7.887078 7.874176 7.886673 0.031882 0.032257 0.057264 0.047314 0.032257 0.031874 0.032257 217050 219284
34 62.310000 60.320000 1000000 7.876242 7.886002 7.873227 7.885598 0.031881 0.032257 0.056379 0.046239 0.032257 0.031873 0.032257 219280 219308
34 62.310000 60.320000 1000000 7.875297 7.884927 7.872281 7.884523 0.031880 0.032257 0.057264 0.047314 0.032257 0.031872 0.032257 219300 241232
34 62.310000 60.320000 1000000 7.848015 7.863422 7.844967 7.863017 0.031896 0.032257 0.062698 0.053764 0.032257 0.031888 0.032257 241230 242859
34 62.310000 60.320000 1000000 7.846373 7.862346 7.843323 7.861942 0.031897 0.032257 0.062699 0.053764 0.032257 0.031889 0.032257 242850 251375
34 62.310000 60.320000 1000000 7.838915 7.855895 7.835857 7.855491 0.031906 0.032257 0.060865 0.051614 0.032257 0.031898 0.032257 251370 255998
34 62.310000 60.320000 1000000 7.838582 7.854819 7.835523 7.854415 0.031906 0.032257 0.060865 0.051614 0.032257 0.031898 0.032257 255990 257568
34 62.310000 60.320000 1000000 7.837674 7.853744 7.834614 7.853340 0.031907 0.032257 0.059956 0.050539 0.032257 0.031899 0.032257 257560 257712
34 62.310000 60.320000 1000000 7.835780 7.852669 7.832718 7.852265 0.031909 0.032257 0.059052 0.049463 0.032257 0.031900 0.032257 257710 259757
34 62.310000 60.320000 1000000 7.833932 7.851594 7.830867 7.851189 0.031909 0.032257 0.059052 0.049463 0.032257 0.031901 0.032257 259750 290033
34 62.310000 60.320000 1000000 7.814844 7.834389 7.811528 7.832283 0.031928 0.032257 0.065485 0.056989 0.032257 0.031920 0.032257 290030 296047
34 62.310000 60.320000 1000000 7.813294 7.833314 7.809977 7.831208 0.031928 0.032257 0.065485 0.056989 0.032257 0.031920 0.032257 296040 306220
34 62.310000 60.320000 1000000 7.798987 7.823637 7.795651 7.821530 0.031941 0.032257 0.064552 0.055914 0.032257 0.031933 0.032257 306220 329180
34 62.310000 60.320000 1000000 7.798776 7.822024 7.795329 7.819066 0.031941 0.032257 0.065018 0.056452 0.032257 0.031934 0.032257 329180 349006
34 62.310000 60.320000 1000000 7.782254 7.802669 7.781045 7.808493 0.031950 0.032257 0.067836 0.059675 0.032257 0.031938 0.032257 349000 377032
34 62.310000 60.320000 1000000 7.753928 7.781164 7.752706 7.786987 0.031975 0.032257 0.067839 0.059679 0.032257 0.031964 0.032257 377030 380412
34 62.310000 60.320000 1000000 7.753266 7.780089 7.752043 7.785912 0.031976 0.032257 0.066895 0.058604 0.032257 0.031965 0.032257 380410 384311
34 62.310000 60.320000 1000000 7.751541 7.779013 7.750317 7.784837 0.031976 0.032257 0.066895 0.058604 0.032257 0.031965 0.032257 384310 389890
34 62.310000 60.320000 1000000 7.750187 7.777938 7.748963 7.783761 0.031975 0.032257 0.065955 0.057529 0.032257 0.031963 0.032257 389890 404809
34 62.310000 60.320000 1000000 7.728191 7.757508 7.726956 7.763331 0.031994 0.032257 0.071652 0.063980 0.032257 0.031982 0.032257 404800 421175
34 62.310000 60.320000 1000000 7.726271 7.754282 7.725200 7.761360 0.031995 0.032257 0.073579 0.066131 0.032257 0.031984 0.032257 421170 422117
34 62.310000 60.320000 1000000 7.725788 7.753207 7.724717 7.760285 0.031995 0.032257 0.074547 0.067206 0.032257 0.031983 0.032257 422110 424187
34 62.310000 60.320000 1000000 7.724557 7.752132 7.723485 7.759209 0.031993 0.032257 0.075517 0.068281 0.032257 0.031982 0.032257 424180 428513
34 62.310000 60.320000 1000000 7.723099 7.751056 7.722026 7.758134 0.031992 0.032257 0.076491 0.069356 0.032257 0.031981 0.032257 428510 444751
34 62.310000 60.320000 1000000 7.718070 7.741379 7.715735 7.745231 0.031999 0.032257 0.069738 0.061829 0.032257 0.031990 0.032257 444750 450555
34 62.310000 60.320000 1000000 7.716608 7.740304 7.714272 7.744156 0.031998 0.032257 0.069738 0.061829 0.032257 0.031989 0.032257 450550 472347
34 62.310000 60.320000 1000000 7.715758 7.739228 7.713420 7.743081 0.031997 0.032257 0.068786 0.060754 0.032257 0.031988 0.032257 472340 483809
34 62.310000 60.320000 1000000 7.714390 7.738153 7.712052 7.742005 0.031999 0.032257 0.067839 0.059679 0.032257 0.031990 0.032257 483800 483944
34 62.310000 60.320000 1000000 7.712924 7.737078 7.710584 7.740930 0.031998 0.032257 0.066895 0.058603 0.032257 0.031989 0.032257 483940 485861
34 62.310000 60.320000 1000000 7.711201 7.736003 7.708860 7.739855 0.031998 0.032257 0.067839 0.059678 0.032257 0.031989 0.032257 485860 489799
34 62.310000 60.320000 1000000 7.706670 7.732777 7.704324 7.736629 0.031997 0.032257 0.065019 0.056453 0.032257 0.031988 0.032257 489790 499857
34 62.310000 60.320000 1000000 7.702085 7.729551 7.699735 7.733403 0.032002 0.032257 0.064086 0.055376 0.032257 0.031993 0.032257 491910 505233
34 62.310000 60.320000 1000000 7.701169 7.728476 7.698818 7.732328 0.032004 0.032257 0.063159 0.054301 0.032257 0.031995 0.032257 505230 506995
34 62.310000 60.320000 1000000 7.699899 7.727400 7.697547 7.731253 0.032003 0.032257 0.063159 0.054301 0.032257 0.031993 0.032257 506990 514828
34 62.310000 60.320000 1000000 7.695254 7.724175 7.692898 7.728027 0.032006 0.032257 0.065018 0.056451 0.032257 0.031997 0.032257 514820 519539
34 62.310000 60.320000 1000000 7.694833 7.723099 7.692476 7.726951 0.032006 0.032257 0.064086 0.055376 0.032257 0.031997 0.032257 519530 522258
34 62.310000 60.320000 1000000 7.693846 7.722024 7.691489 7.725876 0.032005 0.032257 0.065018 0.056451 0.032257 0.031996 0.032257 522250 542446
34 62.310000 60.320000 1000000 7.684735 7.715573 7.682369 7.719425 0.032006 0.032257 0.065017 0.056451 0.032257 0.031997 0.032257 542440 557633
34 62.310000 60.320000 1000000 7.679284 7.710734 7.676799 7.713735 0.032009 0.032257 0.066423 0.058064 0.032257 0.032000 0.032257 557630 562687
34 62.310000 60.320000 1000000 7.677672 7.709659 7.675185 7.712659 0.032008 0.032257 0.066422 0.058063 0.032257 0.031999 0.032257 562680 571561
34 62.310000 60.320000 1000000 7.663330 7.699981 7.660830 7.702982 0.032013 0.032257 0.069259 0.061288 0.032257 0.032004 0.032257 571560 576973
34 62.310000 60.320000 1000000 7.661960 7.698906 7.659459 7.701907 0.032011 0.032257 0.068309 0.060213 0.032257 0.032003 0.032257 576970 593993
34 62.310000 60.320000 1000000 7.656873 7.690841 7.654036 7.691288 0.032015 0.032257 0.066893 0.058601 0.032257 0.032007 0.032257 593990 596080
34 62.310000 60.320000 1000000 7.656663 7.689766 7.653746 7.689810 0.032015 0.032257 0.066893 0.058601 0.032257 0.032007 0.032257 596080 616242
34 62.310000 60.320000 1000000 7.653661 7.686540 7.650741 7.686584 0.032015 0.032257 0.065017 0.056450 0.032257 0.032007 0.032257 616240 655258
34 62.310000 60.320000 1000000 7.633839 7.669336 7.630782 7.667677 0.032019 0.032257 0.065954 0.057527 0.032257 0.032010 0.032257 655250 656004
34 62.310000 60.320000 1000000 7.632428 7.668261 7.629369 7.666602 0.032020 0.032257 0.065954 0.057527 0.032257 0.032012 0.032257 656000 663258
34 62.310000 60.320000 1000000 7.627509 7.665035 7.624444 7.663376 0.032021 0.032257 0.066893 0.058602 0.032257 0.032012 0.032257 663250 674792
34 62.310000 60.320000 1000000 7.625918 7.663960 7.622852 7.662301 0.032022 0.032257 0.065953 0.057526 0.032257 0.032014 0.032257 674790 684653
34 62.310000 60.320000 1000000 7.620729 7.658583 7.617656 7.656925 0.032027 0.032257 0.065017 0.056451 0.032257 0.032019 0.032257 684650 686565
34 62.310000 60.320000 1000000 7.620459 7.657508 7.617701 7.657104 0.032027 0.032257 0.065016 0.056450 0.032257 0.032018 0.032257 686560 699062
34 62.310000 60.320000 1000000 7.614658 7.652669 7.611786 7.651414 0.032033 0.032257 0.061778 0.052688 0.032257 0.032024 0.032257 699060 706028
34 62.310000 60.320000 1000000 7.613092 7.651594 7.610219 7.650339 0.032034 0.032257 0.061778 0.052688 0.032257 0.032025 0.032257 706020 707091
34 62.310000 60.320000 1000000 7.612696 7.650519 7.609673 7.648860 0.032035 0.032257 0.061778 0.052688 0.032257 0.032026 0.032257 707090 736775
34 62.310000 60.320000 1000000 7.606230 7.645143 7.603199 7.643484 0.032041 0.032257 0.061779 0.052689 0.032257 0.032032 0.032257 736770 762169
34 62.310000 60.320000 1000000 7.598249 7.639766 7.595209 7.638108 0.032044 0.032257 0.061779 0.052689 0.032257 0.032035 0.032257 762160 795629
34 62.310000 60.320000 1000000 7.597824 7.638691 7.594783 7.637032 0.032043 0.032257 0.062698 0.053764 0.032257 0.032035 0.032257 795620 802631
34 62.310000 60.320000 1000000 7.596246 7.637616 7.593203 7.635957 0.032043 0.032257 0.062698 0.053764 0.032257 0.032035 0.032257 802630 805615
34 62.310000 60.320000 1000000 7.594616 7.636540 7.591572 7.634882 0.032044 0.032257 0.062698 0.053764 0.032257 0.032035 0.032257 805610 846486
34 62.310000 60.320000 1000000 7.572642 7.618261 7.569571 7.616602 0.032059 0.032257 0.055499 0.045162 0.032257 0.032050 0.032257 846480 847126
34 62.310000 60.320000 1000000 7.570969 7.617186 7.567896 7.615527 0.032060 0.032257 0.054628 0.044088 0.032257 0.032051 0.032257 847120 931973
34 62.310000 60.320000 1000000 7.563666 7.608584 7.560584 7.606925 0.032060 0.032257 0.053765 0.043013 0.032257 0.032052 0.032257 931970 996586
34 62.310000 60.320000 1000000 7.559037 7.604283 7.555950 7.602624 0.032065 0.032257 0.055500 0.045163 0.032257 0.032057 0.032257 996580 1000000
