3 62.310000 60.320000 1000000 13.498176 13.530609 13.492501 13.528053 0.031930 0.032257 0.248873 0.246774 0.032257 0.031922 0.032257 0 50
3 62.310000 60.320000 1000000 12.279361 12.161796 12.275866 12.165199 0.031380 0.032257 0.291571 0.289781 0.032257 0.031370 0.032257 50 60
3 62.310000 60.320000 1000000 11.907425 11.719862 11.903317 11.721160 0.031358 0.032257 0.236081 0.233867 0.032257 0.031348 0.032257 60 72
3 62.310000 60.320000 1000000 11.754741 11.529541 11.750352 11.530435 0.031244 0.032257 0.257402 0.255373 0.032257 0.031234 0.032257 70 80
3 62.310000 60.320000 1000000 11.546439 11.361261 11.542642 11.364171 0.031306 0.032257 0.237681 0.235481 0.032257 0.031296 0.032257 80 92
3 62.310000 60.320000 1000000 11.463529 11.254809 11.461256 11.267845 0.031314 0.032257 0.245141 0.243010 0.032257 0.031304 0.032257 90 101
3 62.310000 60.320000 1000000 11.329832 11.097283 11.326216 11.101045 0.031309 0.032257 0.223310 0.220968 0.032257 0.031299 0.032257 100 110
3 62.310000 60.320000 1000000 11.293353 11.038681 11.290334 11.042398 0.031317 0.032257 0.213206 0.210751 0.032257 0.031307 0.032257 110 121
3 62.310000 60.320000 1000000 11.256503 11.011799 11.253453 11.015516 0.031343 0.032257 0.205768 0.203224 0.032257 0.031332 0.032257 120 130
3 62.310000 60.320000 1000000 11.196436 10.901046 11.194641 10.914082 0.031329 0.032257 0.263272 0.261288 0.032257 0.031319 0.032257 130 144
3 62.310000 60.320000 1000000 11.156469 10.838681 11.154655 10.851716 0.031308 0.032257 0.315627 0.313974 0.032257 0.031298 0.032257 140 155
3 62.310000 60.320000 1000000 11.129111 10.820401 11.127283 10.833437 0.031313 0.032257 0.318836 0.317200 0.032257 0.031303 0.032257 150 163
3 62.310000 60.320000 1000000 11.040999 10.648359 11.033231 10.631959 0.031318 0.032257 0.312417 0.310747 0.032257 0.031303 0.032257 160 173
3 62.310000 60.320000 1000000 10.986426 10.530617 10.975918 10.475911 0.031291 0.032257 0.340772 0.339242 0.032257 0.031275 0.032257 170 187
3 62.310000 60.320000 1000000 10.931792 10.470402 10.921124 10.415696 0.031271 0.032257 0.294776 0.293006 0.032257 0.031254 0.032257 180 191
3 62.310000 60.320000 1000000 10.889126 10.419327 10.877314 10.353555 0.031286 0.032257 0.301727 0.299998 0.032257 0.031269 0.032257 190 202
3 62.310000 60.320000 1000000 10.645656 10.287070 10.632924 10.220895 0.031453 0.032257 0.331678 0.330105 0.032257 0.031439 0.032257 200 210
3 62.310000 60.320000 1000000 10.511827 10.170942 10.498601 10.104767 0.031540 0.032257 0.307074 0.305375 0.032257 0.031526 0.032257 210 229
3 62.310000 60.320000 1000000 10.454569 10.138684 10.441124 10.072509 0.031585 0.032257 0.301729 0.300000 0.032257 0.031573 0.032257 220 232
3 62.310000 60.320000 1000000 10.389710 10.014491 10.385055 10.005170 0.031593 0.032257 0.192508 0.189786 0.032257 0.031583 0.032257 230 241
3 62.310000 60.320000 1000000 10.386068 10.012340 10.381408 10.003020 0.031594 0.032257 0.190388 0.187635 0.032257 0.031584 0.032257 240 259
3 62.310000 60.320000 1000000 10.354630 9.962878 10.349928 9.953557 0.031579 0.032257 0.143984 0.140324 0.032257 0.031569 0.032257 250 263
3 62.310000 60.320000 1000000 10.331732 9.946749 10.326998 9.937429 0.031598 0.032257 0.130398 0.126346 0.032257 0.031589 0.032257 260 274
3 62.310000 60.320000 1000000 10.326169 9.943523 10.321427 9.934203 0.031601 0.032257 0.129357 0.125271 0.032257 0.031591 0.032257 270 299
3 62.310000 60.320000 1000000 10.308590 9.930620 10.304065 9.923809 0.031612 0.032257 0.130398 0.126345 0.032257 0.031603 0.032257 290 312
3 62.310000 60.320000 1000000 10.273335 9.903738 10.268763 9.896927 0.031627 0.032257 0.135617 0.131724 0.032257 0.031618 0.032257 310 322
3 62.310000 60.320000 1000000 10.272943 9.902663 10.268371 9.895852 0.031626 0.032257 0.134572 0.130649 0.032257 0.031617 0.032257 320 331
3 62.310000 60.320000 1000000 10.260214 9.895136 10.255624 9.888325 0.031638 0.032257 0.129359 0.125273 0.032257 0.031629 0.032257 330 349
3 62.310000 60.320000 1000000 10.244027 9.887609 10.239415 9.880798 0.031651 0.032257 0.125199 0.120972 0.032257 0.031642 0.032257 340 350
3 62.310000 60.320000 1000000 10.230141 9.880083 10.225511 9.873271 0.031662 0.032257 0.126238 0.122047 0.032257 0.031653 0.032257 350 361
3 62.310000 60.320000 1000000 10.190328 9.851050 10.185643 9.844239 0.031675 0.032257 0.128317 0.124196 0.032257 0.031666 0.032257 360 375
3 62.310000 60.320000 1000000 10.187265 9.837610 10.181985 9.824840 0.031673 0.032257 0.134049 0.130110 0.032257 0.031665 0.032257 370 384
3 62.310000 60.320000 1000000 10.171748 9.826857 10.166564 9.815342 0.031680 0.032257 0.143461 0.139787 0.032257 0.031671 0.032257 380 391
3 62.310000 60.320000 1000000 10.169845 9.825782 10.164658 9.814266 0.031681 0.032257 0.142413 0.138712 0.032257 0.031673 0.032257 390 410
3 62.310000 60.320000 1000000 10.138084 9.791374 10.136646 9.799930 0.031691 0.032257 0.138226 0.134409 0.032257 0.031682 0.032257 410 423
3 62.310000 60.320000 1000000 10.133630 9.788148 10.132190 9.796704 0.031692 0.032257 0.136136 0.132259 0.032257 0.031683 0.032257 420 436
3 62.310000 60.320000 1000000 10.133361 9.787073 10.131820 9.795225 0.031692 0.032257 0.136136 0.132259 0.032257 0.031683 0.032257 430 442
3 62.310000 60.320000 1000000 10.009350 9.704278 10.007750 9.712431 0.031752 0.032257 0.153952 0.150534 0.032257 0.031742 0.032257 440 455
3 62.310000 60.320000 1000000 9.959607 9.670944 9.957983 9.679097 0.031772 0.032257 0.170812 0.167739 0.032257 0.031763 0.032257 450 522
3 62.310000 60.320000 1000000 9.834140 9.563956 9.831802 9.562745 0.031838 0.032257 0.145029 0.141396 0.032257 0.031828 0.032257 520 544
3 62.310000 60.320000 1000000 9.793703 9.535999 9.791119 9.533982 0.031860 0.032257 0.134568 0.130644 0.032257 0.031850 0.032257 540 550
3 62.310000 60.320000 1000000 9.793201 9.534924 9.790616 9.532906 0.031860 0.032257 0.134568 0.130644 0.032257 0.031850 0.032257 550 560
3 62.310000 60.320000 1000000 9.754112 9.510193 9.751181 9.506966 0.031886 0.032257 0.125193 0.120966 0.032257 0.031877 0.032257 560 590
3 62.310000 60.320000 1000000 9.695821 9.461806 9.692837 9.458579 0.031887 0.032257 0.131436 0.127417 0.032257 0.031877 0.032257 590 613
3 62.310000 60.320000 1000000 9.680835 9.451053 9.677837 9.447826 0.031898 0.032257 0.129352 0.125265 0.032257 0.031888 0.032257 610 622
3 62.310000 60.320000 1000000 9.680281 9.448903 9.677222 9.445272 0.031897 0.032257 0.129352 0.125265 0.032257 0.031887 0.032257 620 640
3 62.310000 60.320000 1000000 9.642828 9.415569 9.639733 9.411939 0.031882 0.032257 0.115868 0.111287 0.032257 0.031872 0.032257 640 665
3 62.310000 60.320000 1000000 9.629421 9.404817 9.626314 9.401187 0.031876 0.032257 0.113804 0.109137 0.032257 0.031866 0.032257 660 694
3 62.310000 60.320000 1000000 9.605054 9.386537 9.601923 9.382907 0.031884 0.032257 0.113803 0.109136 0.032257 0.031874 0.032257 690 709
3 62.310000 60.320000 1000000 9.604362 9.385462 9.601230 9.381832 0.031883 0.032257 0.114835 0.110211 0.032257 0.031873 0.032257 700 715
3 62.310000 60.320000 1000000 9.600581 9.377935 9.597445 9.374305 0.031883 0.032257 0.117934 0.113437 0.032257 0.031873 0.032257 710 737
3 62.310000 60.320000 1000000 9.597665 9.374710 9.594526 9.371079 0.031882 0.032257 0.121040 0.116663 0.032257 0.031872 0.032257 730 818
3 62.310000 60.320000 1000000 9.500561 9.316645 9.497613 9.315524 0.031932 0.032257 0.117936 0.113438 0.032257 0.031922 0.032257 810 858
3 62.310000 60.320000 1000000 9.499368 9.315570 9.496419 9.314449 0.031931 0.032257 0.116902 0.112363 0.032257 0.031921 0.032257 850 878
3 62.310000 60.320000 1000000 9.497957 9.312344 9.495006 9.311223 0.031929 0.032257 0.115870 0.111289 0.032257 0.031919 0.032257 870 899
3 62.310000 60.320000 1000000 9.495557 9.308581 9.492514 9.306608 0.031927 0.032257 0.115354 0.110752 0.032257 0.031918 0.032257 890 977
3 62.310000 60.320000 1000000 9.359025 9.236538 9.356103 9.235820 0.032033 0.032257 0.095909 0.090322 0.032257 0.032023 0.032257 970 999
3 62.310000 60.320000 1000000 9.354844 9.233312 9.351918 9.232594 0.032035 0.032257 0.093887 0.088172 0.032257 0.032026 0.032257 990 1007
3 62.310000 60.320000 1000000 9.353049 9.232237 9.350121 9.231519 0.032036 0.032257 0.093887 0.088172 0.032257 0.032026 0.032257 1000 1038
3 62.310000 60.320000 1000000 9.338441 9.221484 9.335500 9.220766 0.032042 0.032257 0.094898 0.089247 0.032257 0.032033 0.032257 1030 1057
3 62.310000 60.320000 1000000 9.336684 9.220409 9.333741 9.219691 0.032043 0.032257 0.094898 0.089247 0.032257 0.032033 0.032257 1050 1083
3 62.310000 60.320000 1000000 9.330274 9.216108 9.327325 9.215390 0.032046 0.032257 0.090864 0.084946 0.032257 0.032036 0.032257 1070 1089
3 62.310000 60.320000 1000000 9.327781 9.212882 9.324830 9.212164 0.032047 0.032257 0.093887 0.088172 0.032257 0.032037 0.032257 1080 1108
3 62.310000 60.320000 1000000 9.315680 9.205355 9.312717 9.204637 0.032054 0.032257 0.091871 0.086021 0.032257 0.032045 0.032257 1100 1110
3 62.310000 60.320000 1000000 9.272580 9.174173 9.269576 9.173455 0.032071 0.032257 0.090868 0.084949 0.032257 0.032062 0.032257 1110 1122
3 62.310000 60.320000 1000000 9.254285 9.160194 9.251074 9.157774 0.032077 0.032257 0.089863 0.083874 0.032257 0.032068 0.032257 1120 1170
3 62.310000 60.320000 1000000 9.251958 9.154818 9.248744 9.152397 0.032077 0.032257 0.087859 0.081723 0.032257 0.032068 0.032257 1140 1232
3 62.310000 60.320000 1000000 9.216327 9.119872 9.213577 9.118661 0.032080 0.032257 0.093384 0.087636 0.032257 0.032070 0.032257 1230 1245
3 62.310000 60.320000 1000000 9.213861 9.116646 9.211261 9.116690 0.032078 0.032257 0.092376 0.086561 0.032257 0.032069 0.032257 1240 1252
3 62.310000 60.320000 1000000 9.204282 9.109119 9.201675 9.109163 0.032073 0.032257 0.089360 0.083335 0.032257 0.032064 0.032257 1250 1274
3 62.310000 60.320000 1000000 9.196242 9.104818 9.193628 9.104862 0.032078 0.032257 0.088359 0.082260 0.032257 0.032069 0.032257 1270 1380
3 62.310000 60.320000 1000000 9.183921 9.095141 9.181296 9.095184 0.032079 0.032257 0.092377 0.086562 0.032257 0.032070 0.032257 1380 1608
3 62.310000 60.320000 1000000 9.167504 9.080087 9.164765 9.078428 0.032081 0.032257 0.094396 0.088713 0.032257 0.032071 0.032257 1600 1618
3 62.310000 60.320000 1000000 9.166093 9.079012 9.163354 9.077353 0.032080 0.032257 0.094396 0.088713 0.032257 0.032071 0.032257 1610 1632
3 62.310000 60.320000 1000000 9.162318 9.074710 9.159575 9.073052 0.032083 0.032257 0.090366 0.084412 0.032257 0.032073 0.032257 1630 1655
3 62.310000 60.320000 1000000 9.160520 9.073635 9.157776 9.071976 0.032083 0.032257 0.090366 0.084412 0.032257 0.032073 0.032257 1650 1679
3 62.310000 60.320000 1000000 9.139593 9.052130 9.136479 9.047066 0.032093 0.032257 0.082388 0.075811 0.032257 0.032083 0.032257 1670 1680
3 62.310000 60.320000 1000000 9.136287 9.049979 9.133171 9.044916 0.032093 0.032257 0.082388 0.075811 0.032257 0.032084 0.032257 1680 1691
3 62.310000 60.320000 1000000 9.133735 9.047829 9.130616 9.042765 0.032093 0.032257 0.081400 0.074736 0.032257 0.032083 0.032257 1690 1758
3 62.310000 60.320000 1000000 9.112475 9.031700 9.109638 9.029145 0.032091 0.032257 0.084371 0.077961 0.032257 0.032083 0.032257 1750 1850
3 62.310000 60.320000 1000000 9.107159 9.025248 9.104316 9.022693 0.032093 0.032257 0.083378 0.076886 0.032257 0.032085 0.032257 1760 1870
3 62.310000 60.320000 1000000 9.086922 9.009119 9.084060 9.006564 0.032102 0.032257 0.078449 0.071510 0.032257 0.032093 0.032257 1870 2063
3 62.310000 60.320000 1000000 9.068084 8.998366 9.065204 8.995812 0.032114 0.032257 0.074549 0.067209 0.032257 0.032105 0.032257 2060 2092
3 62.310000 60.320000 1000000 9.066518 8.997291 9.063637 8.994736 0.032115 0.032257 0.074549 0.067209 0.032257 0.032106 0.032257 2090 2147
3 62.310000 60.320000 1000000 9.056468 8.987614 9.053578 8.985059 0.032112 0.032257 0.074548 0.067208 0.032257 0.032103 0.032257 2140 2229
3 62.310000 60.320000 1000000 9.055481 8.984388 9.052218 8.980624 0.032113 0.032257 0.075520 0.068284 0.032257 0.032104 0.032257 2210 2243
3 62.310000 60.320000 1000000 9.053356 8.982238 9.050091 8.978473 0.032114 0.032257 0.076493 0.069359 0.032257 0.032105 0.032257 2240 2253
3 62.310000 60.320000 1000000 9.041492 8.972560 9.038478 8.970050 0.032120 0.032257 0.073581 0.066134 0.032257 0.032111 0.032257 2250 2292
3 62.310000 60.320000 1000000 9.031935 8.965033 9.028911 8.962523 0.032125 0.032257 0.072616 0.065058 0.032257 0.032116 0.032257 2290 2342
3 62.310000 60.320000 1000000 9.030324 8.963958 9.027298 8.961448 0.032125 0.032257 0.072616 0.065058 0.032257 0.032116 0.032257 2340 2605
3 62.310000 60.320000 1000000 9.011199 8.946754 9.008154 8.944244 0.032119 0.032257 0.070697 0.062908 0.032257 0.032110 0.032257 2600 2774
3 62.310000 60.320000 1000000 9.006562 8.943528 9.003513 8.941018 0.032120 0.032257 0.071655 0.063984 0.032257 0.032111 0.032257 2770 2934
3 62.310000 60.320000 1000000 8.990961 8.930625 8.987896 8.928115 0.032124 0.032257 0.066898 0.058608 0.032257 0.032115 0.032257 2930 3057
3 62.310000 60.320000 1000000 8.989363 8.929550 8.986296 8.927040 0.032123 0.032257 0.066898 0.058608 0.032257 0.032115 0.032257 3050 3305
3 62.310000 60.320000 1000000 8.983896 8.924173 8.980823 8.921663 0.032119 0.032257 0.068790 0.060757 0.032257 0.032111 0.032257 3100 3309
3 62.310000 60.320000 1000000 8.961770 8.910195 8.958674 8.907685 0.032124 0.032257 0.071655 0.063983 0.032257 0.032116 0.032257 3300 3404
3 62.310000 60.320000 1000000 8.957875 8.905894 8.954775 8.903384 0.032123 0.032257 0.073581 0.066134 0.032257 0.032114 0.032257 3400 3412
3 62.310000 60.320000 1000000 8.957111 8.904818 8.954011 8.902308 0.032123 0.032257 0.072617 0.065059 0.032257 0.032115 0.032257 3410 3430
3 62.310000 60.320000 1000000 8.955390 8.903743 8.952288 8.901233 0.032124 0.032257 0.072616 0.065058 0.032257 0.032115 0.032257 3430 3442
3 62.310000 60.320000 1000000 8.954365 8.902668 8.951262 8.900158 0.032124 0.032257 0.072616 0.065058 0.032257 0.032116 0.032257 3440 3514
3 62.310000 60.320000 1000000 8.953066 8.901593 8.949961 8.899083 0.032123 0.032257 0.072616 0.065058 0.032257 0.032115 0.032257 3510 3796
3 62.310000 60.320000 1000000 8.947343 8.896216 8.944232 8.893706 0.032119 0.032257 0.074549 0.067209 0.032257 0.032110 0.032257 3790 3854
3 62.310000 60.320000 1000000 8.945745 8.895141 8.942633 8.892631 0.032120 0.032257 0.073582 0.066134 0.032257 0.032111 0.032257 3850 3910
3 62.310000 60.320000 1000000 8.930395 8.883313 8.927266 8.880803 0.032126 0.032257 0.072617 0.065059 0.032257 0.032117 0.032257 3880 4068
3 62.310000 60.320000 1000000 8.920299 8.872560 8.917693 8.872559 0.032128 0.032257 0.072616 0.065058 0.032257 0.032119 0.032257 4060 4136
3 62.310000 60.320000 1000000 8.915769 8.869335 8.913158 8.869334 0.032128 0.032257 0.072616 0.065058 0.032257 0.032119 0.032257 4130 4230
3 62.310000 60.320000 1000000 8.913091 8.866109 8.910478 8.866108 0.032126 0.032257 0.070696 0.062907 0.032257 0.032117 0.032257 4230 4530
3 62.310000 60.320000 1000000 8.892096 8.849980 8.889465 8.849979 0.032120 0.032257 0.067838 0.059678 0.032257 0.032111 0.032257 4530 4588
3 62.310000 60.320000 1000000 8.882973 8.844603 8.880333 8.844602 0.032123 0.032257 0.065954 0.057527 0.032257 0.032114 0.032257 4580 4941
3 62.310000 60.320000 1000000 8.876038 8.839227 8.873392 8.839226 0.032120 0.032257 0.067838 0.059678 0.032257 0.032111 0.032257 4940 5334
3 62.310000 60.320000 1000000 8.867038 8.832776 8.864384 8.832774 0.032120 0.032257 0.063160 0.054302 0.032257 0.032110 0.032257 5330 5491
3 62.310000 60.320000 1000000 8.865648 8.831700 8.862993 8.831699 0.032120 0.032257 0.064087 0.055377 0.032257 0.032111 0.032257 5490 5797
3 62.310000 60.320000 1000000 8.861729 8.828474 8.859071 8.828473 0.032118 0.032257 0.062238 0.053226 0.032257 0.032108 0.032257 5520 5532
3 62.310000 60.320000 1000000 8.860481 8.827399 8.857821 8.827398 0.032117 0.032257 0.062238 0.053226 0.032257 0.032108 0.032257 5530 5797
3 62.310000 60.320000 1000000 8.858501 8.826324 8.855840 8.826323 0.032118 0.032257 0.061321 0.052151 0.032257 0.032109 0.032257 5790 5873
3 62.310000 60.320000 1000000 8.852937 8.820948 8.850270 8.820947 0.032114 0.032257 0.060409 0.051075 0.032257 0.032105 0.032257 5870 6021
3 62.310000 60.320000 1000000 8.851314 8.819872 8.848646 8.819871 0.032115 0.032257 0.061320 0.052150 0.032257 0.032106 0.032257 6020 6108
3 62.310000 60.320000 1000000 8.849502 8.818797 8.846833 8.818796 0.032115 0.032257 0.061321 0.052150 0.032257 0.032106 0.032257 6100 6159
3 62.310000 60.320000 1000000 8.849061 8.817722 8.846391 8.817721 0.032116 0.032257 0.062238 0.053226 0.032257 0.032107 0.032257 6150 6274
3 62.310000 60.320000 1000000 8.847886 8.816647 8.845215 8.816645 0.032116 0.032257 0.063159 0.054300 0.032257 0.032107 0.032257 6270 6519
3 62.310000 60.320000 1000000 8.846922 8.815571 8.844250 8.815570 0.032116 0.032257 0.063159 0.054300 0.032257 0.032107 0.032257 6510 6786
3 62.310000 60.320000 1000000 8.831531 8.804819 8.828845 8.804818 0.032121 0.032257 0.062237 0.053226 0.032257 0.032112 0.032257 6780 6948
3 62.310000 60.320000 1000000 8.830661 8.803743 8.827974 8.803742 0.032120 0.032257 0.062237 0.053226 0.032257 0.032111 0.032257 6940 7084
3 62.310000 60.320000 1000000 8.824110 8.798367 8.821417 8.798366 0.032116 0.032257 0.065953 0.057527 0.032257 0.032107 0.032257 7080 7353
3 62.310000 60.320000 1000000 8.817642 8.791916 8.814944 8.791914 0.032114 0.032257 0.068785 0.060753 0.032257 0.032104 0.032257 7350 7744
3 62.310000 60.320000 1000000 8.815983 8.790840 8.813283 8.790839 0.032114 0.032257 0.067838 0.059677 0.032257 0.032105 0.032257 7740 7846
3 62.310000 60.320000 1000000 8.814028 8.789765 8.811326 8.789764 0.032115 0.032257 0.067838 0.059677 0.032257 0.032106 0.032257 7840 8465
3 62.310000 60.320000 1000000 8.786240 8.759657 8.783312 8.757506 0.032120 0.032257 0.074544 0.067203 0.032257 0.032112 0.032257 8460 8476
3 62.310000 60.320000 1000000 8.778562 8.755356 8.775627 8.753205 0.032124 0.032257 0.073577 0.066128 0.032257 0.032115 0.032257 8470 8987
3 62.310000 60.320000 1000000 8.777303 8.754281 8.774366 8.752129 0.032124 0.032257 0.074545 0.067204 0.032257 0.032116 0.032257 8980 9375
3 62.310000 60.320000 1000000 8.776070 8.753206 8.773132 8.751054 0.032125 0.032257 0.075515 0.068279 0.032257 0.032116 0.032257 9370 9531
3 62.310000 60.320000 1000000 8.775002 8.752131 8.772062 8.749979 0.032124 0.032257 0.074545 0.067204 0.032257 0.032115 0.032257 9530 9555
3 62.310000 60.320000 1000000 8.773998 8.751055 8.771058 8.748904 0.032125 0.032257 0.075515 0.068279 0.032257 0.032116 0.032257 9550 9617
3 62.310000 60.320000 1000000 8.772366 8.749980 8.769424 8.747828 0.032125 0.032257 0.074545 0.067204 0.032257 0.032117 0.032257 9610 9975
3 62.310000 60.320000 1000000 8.770606 8.748905 8.767662 8.746753 0.032126 0.032257 0.073577 0.066128 0.032257 0.032117 0.032257 9970 10004
3 62.310000 60.320000 1000000 8.769233 8.747829 8.766288 8.745678 0.032126 0.032257 0.073577 0.066129 0.032257 0.032118 0.032257 10000 10936
3 62.310000 60.320000 1000000 8.750890 8.732776 8.747927 8.730624 0.032125 0.032257 0.071650 0.063978 0.032257 0.032117 0.032257 10930 11309
3 62.310000 60.320000 1000000 8.737811 8.722023 8.734834 8.719871 0.032119 0.032257 0.071649 0.063977 0.032257 0.032111 0.032257 11300 11737
3 62.310000 60.320000 1000000 8.736182 8.720948 8.733204 8.718796 0.032120 0.032257 0.072611 0.065052 0.032257 0.032111 0.032257 11730 11769
3 62.310000 60.320000 1000000 8.734587 8.719873 8.731607 8.717721 0.032120 0.032257 0.073576 0.066127 0.032257 0.032111 0.032257 11760 13389
3 62.310000 60.320000 1000000 8.711158 8.701593 8.708153 8.699441 0.032121 0.032257 0.069737 0.061828 0.032257 0.032113 0.032257 13380 13407
3 62.310000 60.320000 1000000 8.710943 8.700518 8.707857 8.697963 0.032121 0.032257 0.069737 0.061828 0.032257 0.032112 0.032257 13400 13963
3 62.310000 60.320000 1000000 8.709571 8.699442 8.706485 8.696888 0.032121 0.032257 0.069737 0.061828 0.032257 0.032113 0.032257 13960 14469
3 62.310000 60.320000 1000000 8.704880 8.696217 8.701788 8.693662 0.032124 0.032257 0.071651 0.063979 0.032257 0.032115 0.032257 14460 14600
3 62.310000 60.320000 1000000 8.700521 8.692991 8.697425 8.690436 0.032123 0.032257 0.069737 0.061828 0.032257 0.032114 0.032257 14600 15009
3 62.310000 60.320000 1000000 8.699175 8.691916 8.696077 8.689361 0.032123 0.032257 0.070692 0.062903 0.032257 0.032115 0.032257 15000 17003
3 62.310000 60.320000 1000000 8.688495 8.684389 8.685385 8.681834 0.032125 0.032257 0.072612 0.065053 0.032257 0.032117 0.032257 17000 17344
3 62.310000 60.320000 1000000 8.687415 8.683313 8.684305 8.680759 0.032125 0.032257 0.071650 0.063978 0.032257 0.032116 0.032257 17340 17809
3 62.310000 60.320000 1000000 8.685538 8.682238 8.682425 8.679683 0.032125 0.032257 0.070693 0.062904 0.032257 0.032117 0.032257 17800 20445
3 62.310000 60.320000 1000000 8.680120 8.677937 8.677002 8.675382 0.032128 0.032257 0.068786 0.060753 0.032257 0.032119 0.032257 20440 20929
3 62.310000 60.320000 1000000 8.679622 8.676862 8.676503 8.674307 0.032127 0.032257 0.067839 0.059679 0.032257 0.032119 0.032257 20920 20941
3 62.310000 60.320000 1000000 8.678280 8.675787 8.675160 8.673232 0.032126 0.032257 0.068787 0.060754 0.032257 0.032118 0.032257 20940 21159
3 62.310000 60.320000 1000000 8.676834 8.674711 8.673713 8.672157 0.032126 0.032257 0.068787 0.060754 0.032257 0.032118 0.032257 21150 21719
3 62.310000 60.320000 1000000 8.671426 8.670410 8.668298 8.667855 0.032127 0.032257 0.071651 0.063980 0.032257 0.032118 0.032257 21710 22461
3 62.310000 60.320000 1000000 8.669565 8.669335 8.666436 8.666780 0.032128 0.032257 0.072612 0.065054 0.032257 0.032119 0.032257 22460 23374
3 62.310000 60.320000 1000000 8.667707 8.668260 8.664575 8.665705 0.032129 0.032257 0.071651 0.063979 0.032257 0.032120 0.032257 23370 23964
3 62.310000 60.320000 1000000 8.662653 8.665034 8.659515 8.662479 0.032130 0.032257 0.073577 0.066129 0.032257 0.032121 0.032257 23960 23999
3 62.310000 60.320000 1000000 8.661185 8.663959 8.658047 8.661404 0.032129 0.032257 0.072612 0.065054 0.032257 0.032121 0.032257 23990 25346
3 62.310000 60.320000 1000000 8.649714 8.655357 8.646562 8.652802 0.032132 0.032257 0.068786 0.060753 0.032257 0.032123 0.032257 25340 26169
3 62.310000 60.320000 1000000 8.643561 8.647830 8.640402 8.645275 0.032132 0.032257 0.070692 0.062903 0.032257 0.032123 0.032257 26160 27222
3 62.310000 60.320000 1000000 8.633596 8.637077 8.630427 8.634522 0.032136 0.032257 0.071650 0.063978 0.032257 0.032127 0.032257 27220 27770
3 62.310000 60.320000 1000000 8.627468 8.628475 8.624578 8.627174 0.032140 0.032257 0.069737 0.061828 0.032257 0.032131 0.032257 27770 28664
3 62.310000 60.320000 1000000 8.601036 8.611270 8.598119 8.609970 0.032140 0.032257 0.072613 0.065054 0.032257 0.032132 0.032257 28660 29231
3 62.310000 60.320000 1000000 8.600740 8.610195 8.597822 8.608895 0.032140 0.032257 0.071651 0.063979 0.032257 0.032131 0.032257 29230 32259
3 62.310000 60.320000 1000000 8.589850 8.599443 8.586646 8.597336 0.032140 0.032257 0.069738 0.061829 0.032257 0.032131 0.032257 31690 32955
3 62.310000 60.320000 1000000 8.588014 8.598367 8.584808 8.596260 0.032141 0.032257 0.069738 0.061829 0.032257 0.032132 0.032257 32950 35759
3 62.310000 60.320000 1000000 8.583763 8.595142 8.580552 8.593035 0.032143 0.032257 0.071651 0.063979 0.032257 0.032134 0.032257 35750 36649
3 62.310000 60.320000 1000000 8.573555 8.587615 8.570332 8.585508 0.032139 0.032257 0.070693 0.062904 0.032257 0.032130 0.032257 36640 37272
3 62.310000 60.320000 1000000 8.573197 8.586539 8.569839 8.584029 0.032139 0.032257 0.070693 0.062904 0.032257 0.032131 0.032257 37270 37359
3 62.310000 60.320000 1000000 8.572846 8.585464 8.569356 8.582551 0.032139 0.032257 0.070693 0.062904 0.032257 0.032131 0.032257 37350 38297
3 62.310000 60.320000 1000000 8.571916 8.584389 8.568426 8.581476 0.032139 0.032257 0.069738 0.061829 0.032257 0.032131 0.032257 38290 38377
3 62.310000 60.320000 1000000 8.571161 8.583314 8.567670 8.580400 0.032139 0.032257 0.069738 0.061829 0.032257 0.032131 0.032257 38370 38979
3 62.310000 60.320000 1000000 8.564300 8.574711 8.560800 8.571798 0.032141 0.032257 0.065019 0.056453 0.032257 0.032133 0.032257 38970 39737
3 62.310000 60.320000 1000000 8.562816 8.573636 8.559315 8.570723 0.032141 0.032257 0.064088 0.055378 0.032257 0.032132 0.032257 39730 40057
3 62.310000 60.320000 1000000 8.560925 8.572561 8.557422 8.569648 0.032141 0.032257 0.063161 0.054302 0.032257 0.032133 0.032257 40050 40340
3 62.310000 60.320000 1000000 8.559074 8.571486 8.555568 8.568572 0.032142 0.032257 0.063160 0.054301 0.032257 0.032134 0.032257 40340 41518
3 62.310000 60.320000 1000000 8.558304 8.570410 8.554797 8.567497 0.032141 0.032257 0.063160 0.054301 0.032257 0.032133 0.032257 41510 43405
3 62.310000 60.320000 1000000 8.558058 8.569335 8.554837 8.567676 0.032142 0.032257 0.062238 0.053226 0.032257 0.032133 0.032257 43400 46329
3 62.310000 60.320000 1000000 8.538023 8.555357 8.534780 8.553698 0.032146 0.032257 0.057708 0.047851 0.032257 0.032137 0.032257 46320 48678
3 62.310000 60.320000 1000000 8.529343 8.545679 8.525582 8.542408 0.032148 0.032257 0.060410 0.051077 0.032257 0.032140 0.032257 48670 49478
3 62.310000 60.320000 1000000 8.528889 8.544604 8.525127 8.541332 0.032149 0.032257 0.059504 0.050001 0.032257 0.032141 0.032257 49470 51152
3 62.310000 60.320000 1000000 8.525498 8.541378 8.521732 8.538106 0.032151 0.032257 0.058603 0.048926 0.032257 0.032143 0.032257 51150 52906
3 62.310000 60.320000 1000000 8.507732 8.529550 8.503942 8.526278 0.032155 0.032257 0.062240 0.053228 0.032257 0.032147 0.032257 52900 56013
3 62.310000 60.320000 1000000 8.503504 8.525249 8.499708 8.521977 0.032158 0.032257 0.063161 0.054303 0.032257 0.032150 0.032257 56010 56849
3 62.310000 60.320000 1000000 8.497815 8.519873 8.494012 8.516601 0.032159 0.032257 0.064088 0.055378 0.032257 0.032152 0.032257 56840 60868
3 62.310000 60.320000 1000000 8.493130 8.513421 8.489130 8.508447 0.032162 0.032257 0.062239 0.053228 0.032257 0.032154 0.032257 60860 63196
3 62.310000 60.320000 1000000 8.487882 8.508045 8.483876 8.503071 0.032158 0.032257 0.065020 0.056454 0.032257 0.032151 0.032257 63190 63583
3 62.310000 60.320000 1000000 8.486525 8.506970 8.482516 8.501995 0.032157 0.032257 0.064089 0.055379 0.032257 0.032150 0.032257 63580 64027
3 62.310000 60.320000 1000000 8.485589 8.505894 8.481580 8.500920 0.032157 0.032257 0.064088 0.055378 0.032257 0.032149 0.032257 64020 65642
3 62.310000 60.320000 1000000 8.482901 8.503744 8.478887 8.498770 0.032158 0.032257 0.065955 0.057529 0.032257 0.032150 0.032257 64520 77257
3 62.310000 60.320000 1000000 8.455214 8.483314 8.451160 8.478340 0.032164 0.032257 0.062243 0.053232 0.032257 0.032157 0.032257 77250 81624
3 62.310000 60.320000 1000000 8.448787 8.475787 8.445303 8.473322 0.032167 0.032257 0.059508 0.050006 0.032257 0.032159 0.032257 81620 83424
3 62.310000 60.320000 1000000 8.447289 8.474712 8.443803 8.472246 0.032166 0.032257 0.059507 0.050006 0.032257 0.032158 0.032257 83420 85665
3 62.310000 60.320000 1000000 8.446908 8.473636 8.443421 8.471171 0.032166 0.032257 0.059508 0.050006 0.032257 0.032158 0.032257 85660 87470
3 62.310000 60.320000 1000000 8.443748 8.467185 8.440813 8.467228 0.032168 0.032257 0.061325 0.052156 0.032257 0.032159 0.032257 87470 93566
3 62.310000 60.320000 1000000 8.438119 8.463959 8.435178 8.464003 0.032171 0.032257 0.058606 0.048930 0.032257 0.032162 0.032257 93560 95811
3 62.310000 60.320000 1000000 8.430650 8.457507 8.427701 8.457551 0.032170 0.032257 0.060413 0.051080 0.032257 0.032161 0.032257 95810 96777
3 62.310000 60.320000 1000000 8.429285 8.456432 8.426335 8.456476 0.032169 0.032257 0.061325 0.052155 0.032257 0.032161 0.032257 96770 103582
3 62.310000 60.320000 1000000 8.427899 8.455357 8.424947 8.455400 0.032170 0.032257 0.060413 0.051080 0.032257 0.032161 0.032257 103580 104503
3 62.310000 60.320000 1000000 8.426650 8.454281 8.423697 8.454325 0.032170 0.032257 0.060411 0.051078 0.032257 0.032161 0.032257 104500 110990
3 62.310000 60.320000 1000000 8.415490 8.446755 8.412525 8.446798 0.032168 0.032257 0.057710 0.047853 0.032257 0.032159 0.032257 110990 118047
3 62.310000 60.320000 1000000 8.409064 8.438152 8.406275 8.439451 0.032170 0.032257 0.063162 0.054304 0.032257 0.032162 0.032257 118040 127988
3 62.310000 60.320000 1000000 8.396266 8.424174 8.393464 8.425472 0.032175 0.032257 0.059505 0.050003 0.032257 0.032166 0.032257 127980 128458
3 62.310000 60.320000 1000000 8.395213 8.423099 8.392410 8.424397 0.032175 0.032257 0.058604 0.048928 0.032257 0.032167 0.032257 128450 129510
3 62.310000 60.320000 1000000 8.394442 8.422023 8.391638 8.423322 0.032176 0.032257 0.057710 0.047853 0.032257 0.032167 0.032257 129510 134743
3 62.310000 60.320000 1000000 8.392969 8.412884 8.389707 8.409926 0.032177 0.032257 0.058157 0.048391 0.032257 0.032168 0.032257 134740 143638
3 62.310000 60.320000 1000000 8.382891 8.405357 8.379618 8.402399 0.032178 0.032257 0.056380 0.046241 0.032257 0.032170 0.032257 143630 144110
3 62.310000 60.320000 1000000 8.381046 8.404282 8.377771 8.401323 0.032179 0.032257 0.055502 0.045165 0.032257 0.032170 0.032257 144110 152971
3 62.310000 60.320000 1000000 8.375821 8.397830 8.372539 8.394872 0.032181 0.032257 0.059055 0.049466 0.032257 0.032172 0.032257 152970 164652
3 62.310000 60.320000 1000000 8.365718 8.390303 8.362424 8.387345 0.032180 0.032257 0.060868 0.051617 0.032257 0.032172 0.032257 164650 164719
3 62.310000 60.320000 1000000 8.364166 8.389228 8.360870 8.386270 0.032179 0.032257 0.061782 0.052692 0.032257 0.032171 0.032257 164710 166406
3 62.310000 60.320000 1000000 8.359033 8.383851 8.355731 8.380893 0.032181 0.032257 0.064555 0.055918 0.032257 0.032173 0.032257 166400 168495
3 62.310000 60.320000 1000000 8.358717 8.382776 8.355415 8.379818 0.032181 0.032257 0.064554 0.055917 0.032257 0.032173 0.032257 168490 173188
3 62.310000 60.320000 1000000 8.357011 8.381701 8.353707 8.378743 0.032181 0.032257 0.064554 0.055917 0.032257 0.032173 0.032257 173180 178690
3 62.310000 60.320000 1000000 8.351120 8.376325 8.347809 8.373366 0.032182 0.032257 0.066425 0.058066 0.032257 0.032174 0.032257 178690 188568
3 62.310000 60.320000 1000000 8.349367 8.375249 8.346054 8.372291 0.032183 0.032257 0.066425 0.058066 0.032257 0.032175 0.032257 188560 198941
3 62.310000 60.320000 1000000 8.344089 8.369873 8.340770 8.366915 0.032185 0.032257 0.065487 0.056991 0.032257 0.032177 0.032257 198940 199534
3 62.310000 60.320000 1000000 8.343196 8.368798 8.339876 8.365840 0.032184 0.032257 0.066425 0.058066 0.032257 0.032176 0.032257 199530 200774
3 62.310000 60.320000 1000000 8.341798 8.367722 8.338476 8.364764 0.032185 0.032257 0.065487 0.056991 0.032257 0.032176 0.032257 200770 208071
3 62.310000 60.320000 1000000 8.340748 8.366647 8.337424 8.363689 0.032185 0.032257 0.064553 0.055916 0.032257 0.032177 0.032257 208070 212131
3 62.310000 60.320000 1000000 8.338309 8.363421 8.334983 8.360463 0.032184 0.032257 0.063624 0.054840 0.032257 0.032176 0.032257 212130 215340
3 62.310000 60.320000 1000000 8.335789 8.359658 8.332396 8.355849 0.032185 0.032257 0.061322 0.052152 0.032257 0.032177 0.032257 215340 235503
3 62.310000 60.320000 1000000 8.330014 8.354282 8.326614 8.350472 0.032188 0.032257 0.059504 0.050002 0.032257 0.032180 0.032257 235500 236844
3 62.310000 60.320000 1000000 8.328849 8.353206 8.325448 8.349397 0.032187 0.032257 0.059504 0.050002 0.032257 0.032179 0.032257 236840 240727
3 62.310000 60.320000 1000000 8.323296 8.347830 8.320169 8.345275 0.032188 0.032257 0.059505 0.050002 0.032257 0.032179 0.032257 240720 247477
3 62.310000 60.320000 1000000 8.322832 8.346755 8.319705 8.344200 0.032187 0.032257 0.060410 0.051077 0.032257 0.032179 0.032257 247470 253529
3 62.310000 60.320000 1000000 8.318119 8.343529 8.314986 8.340974 0.032189 0.032257 0.059504 0.050001 0.032257 0.032180 0.032257 253520 257914
3 62.310000 60.320000 1000000 8.315808 8.341378 8.312673 8.338824 0.032189 0.032257 0.057709 0.047851 0.032257 0.032181 0.032257 255120 259468
3 62.310000 60.320000 1000000 8.314689 8.340303 8.311552 8.337748 0.032189 0.032257 0.057709 0.047852 0.032257 0.032180 0.032257 259460 263634
3 62.310000 60.320000 1000000 8.312922 8.339228 8.309783 8.336673 0.032189 0.032257 0.057708 0.047851 0.032257 0.032181 0.032257 263630 272470
3 62.310000 60.320000 1000000 8.309834 8.336002 8.306692 8.333447 0.032187 0.032257 0.058603 0.048926 0.032257 0.032179 0.032257 272470 285183
3 62.310000 60.320000 1000000 8.306553 8.332776 8.303407 8.330221 0.032186 0.032257 0.055938 0.045700 0.032257 0.032178 0.032257 278080 286271
3 62.310000 60.320000 1000000 8.305289 8.331701 8.302142 8.329146 0.032186 0.032257 0.055063 0.044625 0.032257 0.032178 0.032257 286270 299626
3 62.310000 60.320000 1000000 8.299900 8.324174 8.296747 8.321619 0.032190 0.032257 0.055063 0.044625 0.032257 0.032181 0.032257 299620 309104
3 62.310000 60.320000 1000000 8.298859 8.323099 8.295704 8.320544 0.032190 0.032257 0.055063 0.044625 0.032257 0.032182 0.032257 309100 312393
3 62.310000 60.320000 1000000 8.285084 8.308045 8.281913 8.305490 0.032198 0.032257 0.059503 0.050000 0.032257 0.032189 0.032257 310750 314723
3 62.310000 60.320000 1000000 8.283664 8.306970 8.280492 8.304415 0.032198 0.032257 0.058602 0.048925 0.032257 0.032190 0.032257 314720 314732
3 62.310000 60.320000 1000000 8.282215 8.305895 8.279041 8.303340 0.032197 0.032257 0.058602 0.048925 0.032257 0.032189 0.032257 314730 321582
3 62.310000 60.320000 1000000 8.268520 8.295142 8.265069 8.291781 0.032204 0.032257 0.058604 0.048927 0.032257 0.032196 0.032257 321580 342970
3 62.310000 60.320000 1000000 8.259968 8.283314 8.256133 8.278743 0.032207 0.032257 0.056821 0.046777 0.032257 0.032200 0.032257 342970 345073
3 62.310000 60.320000 1000000 8.259571 8.282239 8.255735 8.277668 0.032207 0.032257 0.056821 0.046777 0.032257 0.032200 0.032257 345070 346054
3 62.310000 60.320000 1000000 8.258282 8.281163 8.254444 8.276592 0.032207 0.032257 0.055939 0.045702 0.032257 0.032199 0.032257 346050 349675
3 62.310000 60.320000 1000000 8.250920 8.273637 8.247355 8.270320 0.032205 0.032257 0.059505 0.050003 0.032257 0.032197 0.032257 349670 364708
3 62.310000 60.320000 1000000 8.246037 8.265034 8.243043 8.264675 0.032206 0.032257 0.058603 0.048926 0.032257 0.032197 0.032257 364700 376354
3 62.310000 60.320000 1000000 8.242378 8.261809 8.239379 8.261449 0.032205 0.032257 0.058603 0.048926 0.032257 0.032197 0.032257 376350 376680
3 62.310000 60.320000 1000000 8.242256 8.260196 8.239194 8.258985 0.032205 0.032257 0.059053 0.049464 0.032257 0.032196 0.032257 376680 378720
3 62.310000 60.320000 1000000 8.240438 8.259120 8.237374 8.257910 0.032207 0.032257 0.058155 0.048389 0.032257 0.032198 0.032257 378720 416466
3 62.310000 60.320000 1000000 8.237689 8.255895 8.234621 8.254684 0.032207 0.032257 0.057263 0.047313 0.032257 0.032198 0.032257 416460 435904
3 62.310000 60.320000 1000000 8.202511 8.223637 8.199404 8.222426 0.032212 0.032257 0.071173 0.063444 0.032257 0.032203 0.032257 435900 457485
3 62.310000 60.320000 1000000 8.195298 8.213422 8.191996 8.209657 0.032215 0.032257 0.070695 0.062906 0.032257 0.032206 0.032257 457480 477883
3 62.310000 60.320000 1000000 8.193204 8.210196 8.190279 8.208940 0.032215 0.032257 0.070695 0.062906 0.032257 0.032206 0.032257 477880 504712
3 62.310000 60.320000 1000000 8.191990 8.209121 8.189064 8.207865 0.032215 0.032257 0.069739 0.061831 0.032257 0.032207 0.032257 504710 505922
3 62.310000 60.320000 1000000 8.190184 8.208045 8.187256 8.206790 0.032216 0.032257 0.069738 0.061830 0.032257 0.032207 0.032257 505920 525320
3 62.310000 60.320000 1000000 8.178800 8.199443 8.175859 8.198188 0.032218 0.032257 0.072613 0.065055 0.032257 0.032209 0.032257 525320 548150
3 62.310000 60.320000 1000000 8.174084 8.194067 8.171139 8.192811 0.032216 0.032257 0.076490 0.069355 0.032257 0.032208 0.032257 548150 560346
3 62.310000 60.320000 1000000 8.172851 8.192991 8.169904 8.191736 0.032217 0.032257 0.075516 0.068280 0.032257 0.032208 0.032257 560340 572785
3 62.310000 60.320000 1000000 8.172597 8.191916 8.169554 8.190258 0.032216 0.032257 0.074546 0.067205 0.032257 0.032208 0.032257 572780 588076
3 62.310000 60.320000 1000000 8.167940 8.185465 8.164892 8.183806 0.032218 0.032257 0.078445 0.071506 0.032257 0.032209 0.032257 588070 594127
3 62.310000 60.320000 1000000 8.167609 8.184389 8.164561 8.182731 0.032218 0.032257 0.078445 0.071505 0.032257 0.032209 0.032257 594120 596566
3 62.310000 60.320000 1000000 8.166961 8.183314 8.163913 8.181655 0.032218 0.032257 0.077466 0.070430 0.032257 0.032210 0.032257 596560 669874
3 62.310000 60.320000 1000000 8.146359 8.161809 8.143474 8.161405 0.032217 0.032257 0.072612 0.065053 0.032257 0.032208 0.032257 669870 672953
3 62.310000 60.320000 1000000 8.146109 8.160733 8.143129 8.159926 0.032217 0.032257 0.071651 0.063979 0.032257 0.032208 0.032257 672950 715210
3 62.310000 60.320000 1000000 8.139695 8.155357 8.136708 8.154550 0.032217 0.032257 0.069738 0.061829 0.032257 0.032208 0.032257 715210 729306
3 62.310000 60.320000 1000000 8.136606 8.152131 8.133616 8.151324 0.032216 0.032257 0.072613 0.065054 0.032257 0.032207 0.032257 729300 789182
3 62.310000 60.320000 1000000 8.127859 8.140303 8.125910 8.144514 0.032213 0.032257 0.075515 0.068279 0.032257 0.032204 0.032257 789180 790548
3 62.310000 60.320000 1000000 8.127282 8.139228 8.125331 8.143439 0.032213 0.032257 0.074545 0.067204 0.032257 0.032204 0.032257 790540 810085
3 62.310000 60.320000 1000000 8.114701 8.131701 8.112742 8.135912 0.032219 0.032257 0.071651 0.063979 0.032257 0.032209 0.032257 810080 876094
3 62.310000 60.320000 1000000 8.101467 8.117723 8.100233 8.125697 0.032216 0.032257 0.079426 0.072581 0.032257 0.032206 0.032257 876090 876703
3 62.310000 60.320000 1000000 8.101287 8.116110 8.099958 8.123232 0.032217 0.032257 0.078935 0.072043 0.032257 0.032207 0.032257 876700 906247
3 62.310000 60.320000 1000000 8.090132 8.108583 8.088798 8.115706 0.032215 0.032257 0.079918 0.073119 0.032257 0.032205 0.032257 906240 911256
3 62.310000 60.320000 1000000 8.088984 8.107508 8.087649 8.114630 0.032215 0.032257 0.079918 0.073119 0.032257 0.032205 0.032257 911250 931099
3 62.310000 60.320000 1000000 8.084423 8.103207 8.083086 8.110329 0.032218 0.032257 0.076977 0.069893 0.032257 0.032208 0.032257 931090 941201
3 62.310000 60.320000 1000000 8.082804 8.102131 8.081466 8.109254 0.032218 0.032257 0.076002 0.068817 0.032257 0.032208 0.032257 941200 995777
3 62.310000 60.320000 1000000 8.082059 8.101056 8.080721 8.108179 0.032217 0.032257 0.075030 0.067742 0.032257 0.032208 0.032257 995770 1000000
