22 62.310000 60.320000 1000000 12.853508 12.926307 12.847825 12.925902 0.031726 0.032257 0.366478 0.365056 0.032257 0.031719 0.032257 0 50
22 62.310000 60.320000 1000000 11.219403 11.268250 11.215598 11.270220 0.031359 0.032257 0.214799 0.212363 0.032257 0.031348 0.032257 50 60
22 62.310000 60.320000 1000000 10.933346 11.012337 10.927928 11.009826 0.031306 0.032257 0.180855 0.177955 0.032257 0.031296 0.032257 60 70
22 62.310000 60.320000 1000000 10.764562 10.871477 10.758884 10.868966 0.031306 0.032257 0.170286 0.167203 0.032257 0.031296 0.032257 70 81
22 62.310000 60.320000 1000000 10.684687 10.767714 10.677762 10.761978 0.031209 0.032257 0.166594 0.163442 0.032257 0.031201 0.032257 80 92
22 62.310000 60.320000 1000000 10.601349 10.680618 10.594665 10.675240 0.031197 0.032257 0.156060 0.152690 0.032257 0.031189 0.032257 90 105
22 62.310000 60.320000 1000000 10.510458 10.593521 10.503599 10.588143 0.031161 0.032257 0.168706 0.165593 0.032257 0.031153 0.032257 100 112
22 62.310000 60.320000 1000000 10.381162 10.467715 10.374333 10.463592 0.031108 0.032257 0.156061 0.152691 0.032257 0.031101 0.032257 110 121
22 62.310000 60.320000 1000000 10.283970 10.341909 10.276944 10.337786 0.031050 0.032257 0.148705 0.145164 0.032257 0.031043 0.032257 120 131
22 62.310000 60.320000 1000000 10.277371 10.328468 10.271330 10.327257 0.031038 0.032257 0.140843 0.137100 0.032257 0.031030 0.032257 130 149
22 62.310000 60.320000 1000000 10.205378 10.117716 10.190316 10.035277 0.031043 0.032257 0.235019 0.232795 0.032257 0.031027 0.032257 140 151
22 62.310000 60.320000 1000000 10.146676 10.054276 10.131602 9.971882 0.031035 0.032257 0.277684 0.275804 0.032257 0.031019 0.032257 150 172
22 62.310000 60.320000 1000000 9.985031 9.837072 9.983839 9.845001 0.031052 0.032257 0.193565 0.190858 0.032257 0.031041 0.032257 170 180
22 62.310000 60.320000 1000000 9.921258 9.704815 9.920042 9.712743 0.030996 0.032257 0.222245 0.219892 0.032257 0.030985 0.032257 180 196
22 62.310000 60.320000 1000000 9.906279 9.674707 9.905058 9.682635 0.030963 0.032257 0.225437 0.223117 0.032257 0.030952 0.032257 190 204
22 62.310000 60.320000 1000000 9.905680 9.673632 9.904459 9.681560 0.030962 0.032257 0.224373 0.222042 0.032257 0.030951 0.032257 200 210
22 62.310000 60.320000 1000000 9.883648 9.643524 9.882418 9.651453 0.030952 0.032257 0.198869 0.196236 0.032257 0.030941 0.032257 210 223
22 62.310000 60.320000 1000000 9.829892 9.559653 9.828643 9.567581 0.030944 0.032257 0.191447 0.188710 0.032257 0.030933 0.032257 220 231
22 62.310000 60.320000 1000000 9.815996 9.533309 9.814411 9.539983 0.030933 0.032257 0.186678 0.183870 0.032257 0.030923 0.032257 230 249
22 62.310000 60.320000 1000000 9.798757 9.519330 9.797164 9.526004 0.030945 0.032257 0.199400 0.196773 0.032257 0.030934 0.032257 240 276
22 62.310000 60.320000 1000000 9.790571 9.507502 9.788974 9.514176 0.030923 0.032257 0.203645 0.201074 0.032257 0.030913 0.032257 250 271
22 62.310000 60.320000 1000000 9.757140 9.450513 9.755526 9.457187 0.030941 0.032257 0.163430 0.160214 0.032257 0.030930 0.032257 270 296
22 62.310000 60.320000 1000000 9.741031 9.436535 9.739136 9.441506 0.030953 0.032257 0.156058 0.152688 0.032257 0.030942 0.032257 290 307
22 62.310000 60.320000 1000000 9.733114 9.409653 9.731215 9.414625 0.030932 0.032257 0.133003 0.129032 0.032257 0.030922 0.032257 300 313
22 62.310000 60.320000 1000000 9.712464 9.390298 9.710163 9.394464 0.030933 0.032257 0.126754 0.122580 0.032257 0.030924 0.032257 310 321
22 62.310000 60.320000 1000000 9.709155 9.387073 9.706852 9.391238 0.030933 0.032257 0.128835 0.124731 0.032257 0.030923 0.032257 320 342
22 62.310000 60.320000 1000000 9.708766 9.385997 9.706462 9.390163 0.030932 0.032257 0.127794 0.123656 0.032257 0.030922 0.032257 340 377
22 62.310000 60.320000 1000000 9.674088 9.355890 9.672503 9.362564 0.030930 0.032257 0.120525 0.116128 0.032257 0.030919 0.032257 370 385
22 62.310000 60.320000 1000000 9.665103 9.345137 9.663514 9.351811 0.030939 0.032257 0.127793 0.123655 0.032257 0.030928 0.032257 380 457
22 62.310000 60.320000 1000000 9.613059 9.267181 9.608637 9.259071 0.030987 0.032257 0.128315 0.124194 0.032257 0.030980 0.032257 450 471
22 62.310000 60.320000 1000000 9.545840 9.196751 9.540999 9.186087 0.031050 0.032257 0.131960 0.127956 0.032257 0.031044 0.032257 470 492
22 62.310000 60.320000 1000000 9.531855 9.176321 9.528112 9.169421 0.031044 0.032257 0.117420 0.112902 0.032257 0.031036 0.032257 490 537
22 62.310000 60.320000 1000000 9.448752 9.125784 9.444910 9.118883 0.031103 0.032257 0.121561 0.117203 0.032257 0.031095 0.032257 530 544
22 62.310000 60.320000 1000000 9.433047 9.115032 9.429093 9.107324 0.031111 0.032257 0.120526 0.116129 0.032257 0.031103 0.032257 540 552
22 62.310000 60.320000 1000000 9.413566 9.088150 9.406961 9.075246 0.031127 0.032257 0.118455 0.113978 0.032257 0.031123 0.032257 550 567
22 62.310000 60.320000 1000000 9.388759 9.072559 9.381992 9.058803 0.031143 0.032257 0.115870 0.111290 0.032257 0.031139 0.032257 560 578
22 62.310000 60.320000 1000000 9.373357 9.060193 9.366237 9.043884 0.031158 0.032257 0.117420 0.112903 0.032257 0.031154 0.032257 570 596
22 62.310000 60.320000 1000000 9.345164 9.029011 9.337575 9.009296 0.031158 0.032257 0.113291 0.108602 0.032257 0.031155 0.032257 590 629
22 62.310000 60.320000 1000000 9.294152 8.987076 9.290697 8.982415 0.031210 0.032257 0.092878 0.087096 0.032257 0.031202 0.032257 620 644
22 62.310000 60.320000 1000000 9.263133 8.965570 9.259744 8.962164 0.031214 0.032257 0.097937 0.092472 0.032257 0.031206 0.032257 640 711
22 62.310000 60.320000 1000000 9.255112 8.958043 9.251714 8.954637 0.031203 0.032257 0.097938 0.092473 0.032257 0.031195 0.032257 660 712
22 62.310000 60.320000 1000000 9.242402 8.949441 9.238990 8.946035 0.031201 0.032257 0.103029 0.097849 0.032257 0.031194 0.032257 710 739
22 62.310000 60.320000 1000000 9.241938 8.948366 9.238525 8.944960 0.031200 0.032257 0.103029 0.097849 0.032257 0.031192 0.032257 730 752
22 62.310000 60.320000 1000000 9.240344 8.944065 9.237251 8.941913 0.031201 0.032257 0.103029 0.097849 0.032257 0.031193 0.032257 750 797
22 62.310000 60.320000 1000000 9.233909 8.940839 9.230810 8.938688 0.031209 0.032257 0.100988 0.095698 0.032257 0.031200 0.032257 790 861
22 62.310000 60.320000 1000000 9.224184 8.929011 9.221075 8.926860 0.031188 0.032257 0.099970 0.094623 0.032257 0.031180 0.032257 860 870
22 62.310000 60.320000 1000000 9.222509 8.926861 9.219350 8.924306 0.031189 0.032257 0.098953 0.093548 0.032257 0.031180 0.032257 870 915
22 62.310000 60.320000 1000000 9.221598 8.925785 9.218438 8.923231 0.031186 0.032257 0.098953 0.093548 0.032257 0.031178 0.032257 910 922
22 62.310000 60.320000 1000000 9.220768 8.924710 9.217607 8.922155 0.031185 0.032257 0.098954 0.093548 0.032257 0.031176 0.032257 920 990
22 62.310000 60.320000 1000000 9.201287 8.911807 9.198106 8.909252 0.031194 0.032257 0.094898 0.089248 0.032257 0.031186 0.032257 990 1017
22 62.310000 60.320000 1000000 9.190791 8.904280 9.187600 8.901725 0.031203 0.032257 0.091871 0.086022 0.032257 0.031195 0.032257 1010 1037
22 62.310000 60.320000 1000000 9.188325 8.899979 9.185131 8.897424 0.031203 0.032257 0.095910 0.090322 0.032257 0.031195 0.032257 1030 1056
22 62.310000 60.320000 1000000 9.141728 8.870947 9.138485 8.868392 0.031260 0.032257 0.084865 0.078496 0.032257 0.031251 0.032257 1040 1069
22 62.310000 60.320000 1000000 9.139305 8.869871 9.136059 8.867316 0.031263 0.032257 0.083872 0.077420 0.032257 0.031254 0.032257 1060 1096
22 62.310000 60.320000 1000000 9.114443 8.850517 9.111171 8.847962 0.031286 0.032257 0.082880 0.076345 0.032257 0.031278 0.032257 1090 1121
22 62.310000 60.320000 1000000 9.094083 8.838689 9.090789 8.836134 0.031305 0.032257 0.086859 0.080647 0.032257 0.031297 0.032257 1120 1145
22 62.310000 60.320000 1000000 9.087700 8.833312 9.084399 8.830758 0.031306 0.032257 0.090866 0.084948 0.032257 0.031298 0.032257 1140 1184
22 62.310000 60.320000 1000000 9.074370 8.819334 9.072660 8.823052 0.031319 0.032257 0.089860 0.083871 0.032257 0.031309 0.032257 1180 1251
22 62.310000 60.320000 1000000 9.023631 8.784926 9.021564 8.787837 0.031362 0.032257 0.086856 0.080644 0.032257 0.031352 0.032257 1250 1313
22 62.310000 60.320000 1000000 8.997194 8.770947 8.995108 8.773858 0.031386 0.032257 0.081889 0.075268 0.032257 0.031377 0.032257 1310 1328
22 62.310000 60.320000 1000000 8.996113 8.769872 8.994026 8.772783 0.031384 0.032257 0.080902 0.074193 0.032257 0.031375 0.032257 1320 1371
22 62.310000 60.320000 1000000 8.995225 8.768797 8.993138 8.771708 0.031382 0.032257 0.080902 0.074193 0.032257 0.031373 0.032257 1370 1462
22 62.310000 60.320000 1000000 8.990633 8.764496 8.988542 8.767407 0.031374 0.032257 0.081889 0.075268 0.032257 0.031365 0.032257 1440 1554
22 62.310000 60.320000 1000000 8.986703 8.761270 8.984609 8.764181 0.031377 0.032257 0.079917 0.073117 0.032257 0.031367 0.032257 1550 1656
22 62.310000 60.320000 1000000 8.953656 8.744066 8.951539 8.746977 0.031405 0.032257 0.074061 0.066667 0.032257 0.031395 0.032257 1650 1683
22 62.310000 60.320000 1000000 8.932554 8.732238 8.930422 8.735149 0.031421 0.032257 0.076976 0.069891 0.032257 0.031412 0.032257 1680 1721
22 62.310000 60.320000 1000000 8.916375 8.723636 8.914232 8.726547 0.031431 0.032257 0.077954 0.070967 0.032257 0.031421 0.032257 1720 1731
22 62.310000 60.320000 1000000 8.912963 8.721485 8.910817 8.724396 0.031431 0.032257 0.077954 0.070967 0.032257 0.031422 0.032257 1730 1742
22 62.310000 60.320000 1000000 8.912404 8.720410 8.910258 8.723321 0.031430 0.032257 0.077954 0.070967 0.032257 0.031421 0.032257 1740 1777
22 62.310000 60.320000 1000000 8.910913 8.719334 8.908766 8.722246 0.031429 0.032257 0.078934 0.072042 0.032257 0.031419 0.032257 1770 1830
22 62.310000 60.320000 1000000 8.900451 8.713958 8.898296 8.716869 0.031439 0.032257 0.075029 0.067741 0.032257 0.031430 0.032257 1830 1865
22 62.310000 60.320000 1000000 8.899403 8.712883 8.897247 8.715794 0.031437 0.032257 0.075029 0.067741 0.032257 0.031428 0.032257 1860 1994
22 62.310000 60.320000 1000000 8.882223 8.704281 8.880055 8.707192 0.031452 0.032257 0.072130 0.064515 0.032257 0.031442 0.032257 1990 2121
22 62.310000 60.320000 1000000 8.875613 8.698904 8.873440 8.701816 0.031446 0.032257 0.072131 0.064516 0.032257 0.031436 0.032257 2120 2135
22 62.310000 60.320000 1000000 8.874582 8.697829 8.872408 8.700740 0.031444 0.032257 0.073094 0.065591 0.032257 0.031434 0.032257 2130 2217
22 62.310000 60.320000 1000000 8.863083 8.689227 8.860566 8.691332 0.031452 0.032257 0.072130 0.064515 0.032257 0.031443 0.032257 2210 2223
22 62.310000 60.320000 1000000 8.862700 8.688152 8.860183 8.690256 0.031451 0.032257 0.071170 0.063440 0.032257 0.031442 0.032257 2220 2296
22 62.310000 60.320000 1000000 8.860711 8.684388 8.858153 8.685642 0.031447 0.032257 0.068785 0.060752 0.032257 0.031438 0.032257 2290 2303
22 62.310000 60.320000 1000000 8.844608 8.675786 8.842036 8.677040 0.031457 0.032257 0.065954 0.057527 0.032257 0.031448 0.032257 2300 2505
22 62.310000 60.320000 1000000 8.805771 8.648904 8.803164 8.650158 0.031463 0.032257 0.070692 0.062903 0.032257 0.031454 0.032257 2500 2682
22 62.310000 60.320000 1000000 8.803506 8.645678 8.800732 8.646529 0.031459 0.032257 0.071650 0.063978 0.032257 0.031451 0.032257 2680 2751
22 62.310000 60.320000 1000000 8.803171 8.644603 8.800396 8.645453 0.031459 0.032257 0.072612 0.065054 0.032257 0.031450 0.032257 2750 2867
22 62.310000 60.320000 1000000 8.766657 8.624173 8.763847 8.625023 0.031493 0.032257 0.068784 0.060751 0.032257 0.031484 0.032257 2860 2985
22 62.310000 60.320000 1000000 8.759721 8.616646 8.756905 8.617496 0.031479 0.032257 0.071649 0.063977 0.032257 0.031470 0.032257 2980 3007
22 62.310000 60.320000 1000000 8.758706 8.615571 8.755889 8.616421 0.031477 0.032257 0.070691 0.062902 0.032257 0.031468 0.032257 3000 3077
22 62.310000 60.320000 1000000 8.758275 8.614496 8.755458 8.615346 0.031476 0.032257 0.071650 0.063977 0.032257 0.031467 0.032257 3070 3277
22 62.310000 60.320000 1000000 8.753596 8.610195 8.750774 8.611045 0.031472 0.032257 0.071649 0.063977 0.032257 0.031464 0.032257 3270 3382
22 62.310000 60.320000 1000000 8.731990 8.591915 8.728496 8.591152 0.031497 0.032257 0.075516 0.068279 0.032257 0.031489 0.032257 3380 3409
22 62.310000 60.320000 1000000 8.730245 8.590840 8.726750 8.590077 0.031497 0.032257 0.074545 0.067204 0.032257 0.031489 0.032257 3400 3594
22 62.310000 60.320000 1000000 8.724326 8.584926 8.720784 8.583312 0.031497 0.032257 0.073095 0.065592 0.032257 0.031489 0.032257 3590 3891
22 62.310000 60.320000 1000000 8.699685 8.567722 8.696458 8.567362 0.031494 0.032257 0.069262 0.061291 0.032257 0.031486 0.032257 3890 3938
22 62.310000 60.320000 1000000 8.698474 8.566646 8.695245 8.566287 0.031496 0.032257 0.069262 0.061291 0.032257 0.031488 0.032257 3930 4511
22 62.310000 60.320000 1000000 8.659933 8.537614 8.656660 8.537254 0.031502 0.032257 0.086858 0.080646 0.032257 0.031494 0.032257 4510 4560
22 62.310000 60.320000 1000000 8.659397 8.536539 8.656125 8.536179 0.031501 0.032257 0.087857 0.081721 0.032257 0.031492 0.032257 4560 4576
22 62.310000 60.320000 1000000 8.657648 8.535463 8.654373 8.535104 0.031501 0.032257 0.086858 0.080646 0.032257 0.031492 0.032257 4570 4905
22 62.310000 60.320000 1000000 8.651158 8.527937 8.647876 8.527577 0.031488 0.032257 0.084865 0.078496 0.032257 0.031480 0.032257 4900 5294
22 62.310000 60.320000 1000000 8.636068 8.519334 8.632769 8.518975 0.031497 0.032257 0.081891 0.075270 0.032257 0.031489 0.032257 5290 5630
22 62.310000 60.320000 1000000 8.624099 8.509657 8.620786 8.509298 0.031509 0.032257 0.079921 0.073122 0.032257 0.031501 0.032257 5630 5679
22 62.310000 60.320000 1000000 8.610659 8.501055 8.607330 8.500695 0.031509 0.032257 0.081893 0.075273 0.032257 0.031501 0.032257 5670 5788
22 62.310000 60.320000 1000000 8.609751 8.499980 8.606421 8.499620 0.031507 0.032257 0.081893 0.075273 0.032257 0.031499 0.032257 5780 6049
22 62.310000 60.320000 1000000 8.609148 8.498904 8.605817 8.498545 0.031506 0.032257 0.081893 0.075273 0.032257 0.031498 0.032257 6040 6115
22 62.310000 60.320000 1000000 8.607560 8.497829 8.604227 8.497470 0.031508 0.032257 0.080906 0.074197 0.032257 0.031500 0.032257 6110 6266
22 62.310000 60.320000 1000000 8.599300 8.487076 8.595958 8.486717 0.031518 0.032257 0.079921 0.073122 0.032257 0.031510 0.032257 6260 6866
22 62.310000 60.320000 1000000 8.588212 8.476324 8.584857 8.475964 0.031505 0.032257 0.082882 0.076347 0.032257 0.031497 0.032257 6860 6953
22 62.310000 60.320000 1000000 8.587189 8.475248 8.583832 8.474889 0.031503 0.032257 0.081893 0.075272 0.032257 0.031495 0.032257 6950 7136
22 62.310000 60.320000 1000000 8.586363 8.474173 8.583006 8.473814 0.031504 0.032257 0.080906 0.074197 0.032257 0.031496 0.032257 7130 7503
22 62.310000 60.320000 1000000 8.569385 8.463420 8.566007 8.463061 0.031515 0.032257 0.083874 0.077423 0.032257 0.031507 0.032257 7500 7764
22 62.310000 60.320000 1000000 8.567805 8.462345 8.564426 8.461986 0.031517 0.032257 0.082882 0.076347 0.032257 0.031509 0.032257 7760 7791
22 62.310000 60.320000 1000000 8.559673 8.456969 8.556284 8.456609 0.031524 0.032257 0.080905 0.074196 0.032257 0.031516 0.032257 7790 7980
22 62.310000 60.320000 1000000 8.557990 8.455894 8.554599 8.455534 0.031524 0.032257 0.081892 0.075272 0.032257 0.031516 0.032257 7980 8010
22 62.310000 60.320000 1000000 8.557883 8.454818 8.554617 8.455713 0.031524 0.032257 0.080905 0.074196 0.032257 0.031516 0.032257 8010 8293
22 62.310000 60.320000 1000000 8.553159 8.449442 8.549887 8.450337 0.031515 0.032257 0.079921 0.073121 0.032257 0.031507 0.032257 8290 8317
22 62.310000 60.320000 1000000 8.552064 8.448367 8.548791 8.449262 0.031513 0.032257 0.079920 0.073121 0.032257 0.031505 0.032257 8310 8451
22 62.310000 60.320000 1000000 8.545812 8.445141 8.542531 8.446036 0.031518 0.032257 0.076980 0.069895 0.032257 0.031510 0.032257 8450 8980
22 62.310000 60.320000 1000000 8.530855 8.435463 8.527557 8.436358 0.031531 0.032257 0.077956 0.070969 0.032257 0.031523 0.032257 8980 9233
22 62.310000 60.320000 1000000 8.520860 8.427937 8.517551 8.428832 0.031524 0.032257 0.078936 0.072044 0.032257 0.031517 0.032257 9230 9516
22 62.310000 60.320000 1000000 8.512750 8.422560 8.509431 8.423455 0.031525 0.032257 0.076978 0.069894 0.032257 0.031518 0.032257 9510 9639
22 62.310000 60.320000 1000000 8.500319 8.415033 8.496986 8.415928 0.031529 0.032257 0.070215 0.062367 0.032257 0.031521 0.032257 9630 10160
22 62.310000 60.320000 1000000 8.494040 8.403206 8.491859 8.407416 0.031524 0.032257 0.072132 0.064518 0.032257 0.031514 0.032257 10160 10487
22 62.310000 60.320000 1000000 8.482590 8.394604 8.480399 8.398814 0.031518 0.032257 0.069261 0.061291 0.032257 0.031508 0.032257 10480 10909
22 62.310000 60.320000 1000000 8.477762 8.389227 8.475568 8.393438 0.031508 0.032257 0.068311 0.060215 0.032257 0.031499 0.032257 10900 11342
22 62.310000 60.320000 1000000 8.470303 8.383851 8.468103 8.388061 0.031518 0.032257 0.067365 0.059139 0.032257 0.031509 0.032257 11340 12713
22 62.310000 60.320000 1000000 8.461916 8.376862 8.459585 8.380221 0.031519 0.032257 0.065017 0.056451 0.032257 0.031509 0.032257 12710 14143
22 62.310000 60.320000 1000000 8.444175 8.363958 8.441829 8.367317 0.031517 0.032257 0.066894 0.058602 0.032257 0.031507 0.032257 14140 14379
22 62.310000 60.320000 1000000 8.442101 8.359657 8.440762 8.366780 0.031520 0.032257 0.068785 0.060753 0.032257 0.031509 0.032257 14370 14985
22 62.310000 60.320000 1000000 8.426775 8.351055 8.425429 8.358178 0.031536 0.032257 0.065020 0.056453 0.032257 0.031525 0.032257 14980 16063
22 62.310000 60.320000 1000000 8.418567 8.343528 8.417217 8.350651 0.031546 0.032257 0.066895 0.058604 0.032257 0.031535 0.032257 16060 16986
22 62.310000 60.320000 1000000 8.404809 8.329550 8.403452 8.336672 0.031548 0.032257 0.070694 0.062905 0.032257 0.031537 0.032257 16980 18965
22 62.310000 60.320000 1000000 8.384507 8.314496 8.383140 8.321619 0.031539 0.032257 0.069738 0.061829 0.032257 0.031528 0.032257 18960 20015
22 62.310000 60.320000 1000000 8.382622 8.313421 8.381255 8.320543 0.031539 0.032257 0.068786 0.060753 0.032257 0.031528 0.032257 20010 20317
22 62.310000 60.320000 1000000 8.382081 8.312345 8.380713 8.319468 0.031538 0.032257 0.067838 0.059678 0.032257 0.031527 0.032257 20310 20609
22 62.310000 60.320000 1000000 8.376773 8.309120 8.375403 8.316242 0.031542 0.032257 0.068786 0.060753 0.032257 0.031531 0.032257 20600 21654
22 62.310000 60.320000 1000000 8.370059 8.304818 8.368685 8.311941 0.031549 0.032257 0.067838 0.059678 0.032257 0.031538 0.032257 21650 21735
22 62.310000 60.320000 1000000 8.366485 8.302668 8.365110 8.309791 0.031551 0.032257 0.067838 0.059678 0.032257 0.031540 0.032257 21730 23368
22 62.310000 60.320000 1000000 8.353281 8.290840 8.351647 8.296260 0.031560 0.032257 0.066893 0.058601 0.032257 0.031550 0.032257 23360 23842
22 62.310000 60.320000 1000000 8.351665 8.289765 8.350030 8.295185 0.031560 0.032257 0.067837 0.059677 0.032257 0.031549 0.032257 23840 24487
22 62.310000 60.320000 1000000 8.343897 8.280087 8.343206 8.289719 0.031569 0.032257 0.068785 0.060752 0.032257 0.031557 0.032257 24480 26926
22 62.310000 60.320000 1000000 8.318975 8.260733 8.318277 8.270364 0.031581 0.032257 0.077464 0.070429 0.032257 0.031569 0.032257 26920 27229
22 62.310000 60.320000 1000000 8.317780 8.259657 8.317082 8.269289 0.031583 0.032257 0.076488 0.069353 0.032257 0.031571 0.032257 27220 28893
22 62.310000 60.320000 1000000 8.312957 8.252130 8.312012 8.260060 0.031576 0.032257 0.075514 0.068278 0.032257 0.031565 0.032257 28890 29501
22 62.310000 60.320000 1000000 8.304286 8.240303 8.302872 8.244827 0.031578 0.032257 0.073576 0.066127 0.032257 0.031567 0.032257 29500 29812
22 62.310000 60.320000 1000000 8.302568 8.239227 8.301153 8.243751 0.031580 0.032257 0.072611 0.065053 0.032257 0.031570 0.032257 29810 29985
22 62.310000 60.320000 1000000 8.299014 8.236001 8.297597 8.240526 0.031582 0.032257 0.073576 0.066128 0.032257 0.031571 0.032257 29980 31154
22 62.310000 60.320000 1000000 8.272296 8.216646 8.270349 8.219961 0.031590 0.032257 0.077465 0.070429 0.032257 0.031580 0.032257 31150 31164
22 62.310000 60.320000 1000000 8.271855 8.215571 8.269743 8.218482 0.031590 0.032257 0.077465 0.070429 0.032257 0.031581 0.032257 31160 32234
22 62.310000 60.320000 1000000 8.255201 8.199442 8.253076 8.202353 0.031600 0.032257 0.079425 0.072580 0.032257 0.031591 0.032257 31830 32035
22 62.310000 60.320000 1000000 8.253643 8.198367 8.251517 8.201278 0.031600 0.032257 0.079425 0.072580 0.032257 0.031590 0.032257 32030 32234
22 62.310000 60.320000 1000000 8.252041 8.197292 8.249913 8.200203 0.031602 0.032257 0.079425 0.072579 0.032257 0.031592 0.032257 32230 35610
22 62.310000 60.320000 1000000 8.221563 8.174711 8.219412 8.177622 0.031629 0.032257 0.082384 0.075806 0.032257 0.031620 0.032257 35610 37895
22 62.310000 60.320000 1000000 8.221004 8.173636 8.218852 8.176547 0.031628 0.032257 0.083375 0.076882 0.032257 0.031619 0.032257 37890 40264
22 62.310000 60.320000 1000000 8.192828 8.155356 8.190654 8.158268 0.031651 0.032257 0.083375 0.076882 0.032257 0.031642 0.032257 40260 44785
22 62.310000 60.320000 1000000 8.160079 8.127399 8.157879 8.130311 0.031675 0.032257 0.085362 0.079032 0.032257 0.031666 0.032257 44780 51163
22 62.310000 60.320000 1000000 8.153681 8.118797 8.152694 8.126323 0.031681 0.032257 0.088357 0.082258 0.032257 0.031670 0.032257 51160 52919
22 62.310000 60.320000 1000000 8.137447 8.104819 8.136594 8.113599 0.031700 0.032257 0.094393 0.088710 0.032257 0.031688 0.032257 52910 53397
22 62.310000 60.320000 1000000 8.136681 8.103744 8.135829 8.112524 0.031698 0.032257 0.094392 0.088709 0.032257 0.031687 0.032257 53390 56018
22 62.310000 60.320000 1000000 8.121461 8.091916 8.120603 8.100696 0.031693 0.032257 0.097430 0.091935 0.032257 0.031681 0.032257 56010 57005
22 62.310000 60.320000 1000000 8.120461 8.090840 8.119604 8.099621 0.031691 0.032257 0.098445 0.093011 0.032257 0.031680 0.032257 57000 60237
22 62.310000 60.320000 1000000 8.114160 8.084389 8.113300 8.093169 0.031699 0.032257 0.094392 0.088709 0.032257 0.031687 0.032257 60230 63347
22 62.310000 60.320000 1000000 8.109358 8.079012 8.108497 8.087793 0.031703 0.032257 0.093383 0.087634 0.032257 0.031691 0.032257 63340 64990
22 62.310000 60.320000 1000000 8.108536 8.077937 8.107674 8.086718 0.031702 0.032257 0.092375 0.086559 0.032257 0.031690 0.032257 64990 69886
22 62.310000 60.320000 1000000 8.092425 8.069335 8.091558 8.078115 0.031718 0.032257 0.086359 0.080108 0.032257 0.031707 0.032257 69880 75229
22 62.310000 60.320000 1000000 8.081194 8.054281 8.080085 8.061359 0.031724 0.032257 0.086359 0.080108 0.032257 0.031713 0.032257 75220 76234
22 62.310000 60.320000 1000000 8.071894 8.044604 8.070781 8.051682 0.031734 0.032257 0.094393 0.088710 0.032257 0.031723 0.032257 76230 77912
22 62.310000 60.320000 1000000 8.068808 8.039228 8.067016 8.044693 0.031735 0.032257 0.090363 0.084409 0.032257 0.031725 0.032257 77910 81697
22 62.310000 60.320000 1000000 8.046463 8.019873 8.046179 8.031610 0.031755 0.032257 0.103541 0.098387 0.032257 0.031743 0.032257 81690 84642
22 62.310000 60.320000 1000000 8.013775 8.000518 8.013487 8.012255 0.031786 0.032257 0.090362 0.084408 0.032257 0.031774 0.032257 84640 86922
22 62.310000 60.320000 1000000 8.013588 7.997292 8.013202 8.007327 0.031786 0.032257 0.090362 0.084408 0.032257 0.031774 0.032257 86520 88222
22 62.310000 60.320000 1000000 8.010166 7.991916 8.009779 8.001951 0.031792 0.032257 0.087356 0.081182 0.032257 0.031779 0.032257 88220 90648
22 62.310000 60.320000 1000000 8.001425 7.982776 8.000918 7.991960 0.031788 0.032257 0.090864 0.084945 0.032257 0.031775 0.032257 90640 91819
22 62.310000 60.320000 1000000 8.000740 7.981701 8.000233 7.990884 0.031789 0.032257 0.089859 0.083870 0.032257 0.031776 0.032257 91810 93225
22 62.310000 60.320000 1000000 7.999433 7.980625 7.998925 7.989809 0.031787 0.032257 0.088857 0.082795 0.032257 0.031775 0.032257 93220 99055
22 62.310000 60.320000 1000000 7.967486 7.958045 7.966972 7.967229 0.031823 0.032257 0.084865 0.078495 0.032257 0.031811 0.032257 99050 109309
22 62.310000 60.320000 1000000 7.944672 7.942991 7.944153 7.952175 0.031821 0.032257 0.087856 0.081720 0.032257 0.031808 0.032257 109300 110732
22 62.310000 60.320000 1000000 7.942973 7.941916 7.942454 7.951100 0.031823 0.032257 0.086857 0.080645 0.032257 0.031811 0.032257 110730 118263
22 62.310000 60.320000 1000000 7.924993 7.929013 7.924470 7.938196 0.031824 0.032257 0.083871 0.077419 0.032257 0.031812 0.032257 118260 122872
22 62.310000 60.320000 1000000 7.902646 7.913959 7.902120 7.923143 0.031843 0.032257 0.076977 0.069892 0.032257 0.031830 0.032257 122870 125551
22 62.310000 60.320000 1000000 7.900927 7.912884 7.900400 7.922068 0.031843 0.032257 0.077955 0.070967 0.032257 0.031831 0.032257 125550 132003
22 62.310000 60.320000 1000000 7.872149 7.887077 7.870627 7.893842 0.031861 0.032257 0.078936 0.072044 0.032257 0.031850 0.032257 132000 132958
22 62.310000 60.320000 1000000 7.870330 7.886002 7.868807 7.892766 0.031863 0.032257 0.077956 0.070968 0.032257 0.031852 0.032257 132950 136436
22 62.310000 60.320000 1000000 7.869752 7.884927 7.868228 7.891691 0.031862 0.032257 0.077956 0.070968 0.032257 0.031852 0.032257 136430 136733
22 62.310000 60.320000 1000000 7.865125 7.881701 7.863599 7.888465 0.031864 0.032257 0.080903 0.074194 0.032257 0.031854 0.032257 136730 150308
22 62.310000 60.320000 1000000 7.842848 7.862347 7.841462 7.870365 0.031881 0.032257 0.082880 0.076345 0.032257 0.031871 0.032257 150300 152791
22 62.310000 60.320000 1000000 7.841491 7.861271 7.840104 7.869290 0.031880 0.032257 0.082881 0.076346 0.032257 0.031869 0.032257 152790 161312
22 62.310000 60.320000 1000000 7.837481 7.849443 7.835384 7.852355 0.031879 0.032257 0.078936 0.072044 0.032257 0.031870 0.032257 153950 162394
22 62.310000 60.320000 1000000 7.822357 7.839228 7.820137 7.841288 0.031892 0.032257 0.077467 0.070432 0.032257 0.031883 0.032257 162390 175003
22 62.310000 60.320000 1000000 7.813835 7.832777 7.811608 7.834837 0.031899 0.032257 0.077465 0.070430 0.032257 0.031890 0.032257 175000 179058
22 62.310000 60.320000 1000000 7.807275 7.828476 7.805043 7.830536 0.031903 0.032257 0.079425 0.072580 0.032257 0.031894 0.032257 179050 183073
22 62.310000 60.320000 1000000 7.805491 7.827400 7.803257 7.829460 0.031905 0.032257 0.078444 0.071504 0.032257 0.031896 0.032257 183070 183722
22 62.310000 60.320000 1000000 7.804628 7.826325 7.802393 7.828385 0.031907 0.032257 0.077465 0.070429 0.032257 0.031898 0.032257 183720 206502
22 62.310000 60.320000 1000000 7.754356 7.789766 7.751761 7.791020 0.031948 0.032257 0.063159 0.054301 0.032257 0.031940 0.032257 206500 225087
22 62.310000 60.320000 1000000 7.751338 7.786540 7.748739 7.787794 0.031946 0.032257 0.064086 0.055376 0.032257 0.031938 0.032257 225080 226011
22 62.310000 60.320000 1000000 7.751135 7.785465 7.748459 7.786315 0.031946 0.032257 0.064086 0.055376 0.032257 0.031937 0.032257 226010 228320
22 62.310000 60.320000 1000000 7.741956 7.775788 7.739117 7.776235 0.031962 0.032257 0.057707 0.047849 0.032257 0.031953 0.032257 228320 238061
22 62.310000 60.320000 1000000 7.739083 7.772562 7.736240 7.773009 0.031965 0.032257 0.059502 0.049999 0.032257 0.031956 0.032257 238060 253379
22 62.310000 60.320000 1000000 7.732467 7.766110 7.729617 7.766557 0.031973 0.032257 0.060408 0.051075 0.032257 0.031965 0.032257 253370 291395
22 62.310000 60.320000 1000000 7.716492 7.752132 7.713625 7.752579 0.031984 0.032257 0.059503 0.050001 0.032257 0.031976 0.032257 266870 294197
22 62.310000 60.320000 1000000 7.703588 7.742454 7.700707 7.742901 0.031990 0.032257 0.055062 0.044624 0.032257 0.031982 0.032257 272860 299871
22 62.310000 60.320000 1000000 7.700777 7.736003 7.697441 7.735240 0.031994 0.032257 0.057707 0.047850 0.032257 0.031986 0.032257 299870 305976
22 62.310000 60.320000 1000000 7.700289 7.734927 7.696953 7.734165 0.031993 0.032257 0.058602 0.048925 0.032257 0.031986 0.032257 305970 308478
22 62.310000 60.320000 1000000 7.691150 7.726325 7.687802 7.725563 0.032005 0.032257 0.055062 0.044624 0.032257 0.031997 0.032257 308470 311777
22 62.310000 60.320000 1000000 7.690870 7.725250 7.687849 7.725742 0.032005 0.032257 0.055062 0.044624 0.032257 0.031997 0.032257 311770 323811
22 62.310000 60.320000 1000000 7.686290 7.717723 7.683263 7.718215 0.032010 0.032257 0.057707 0.047849 0.032257 0.032002 0.032257 323810 329762
22 62.310000 60.320000 1000000 7.680568 7.710196 7.677309 7.708986 0.032015 0.032257 0.060409 0.051075 0.032257 0.032007 0.032257 329760 346225
22 62.310000 60.320000 1000000 7.674672 7.705895 7.671406 7.704685 0.032012 0.032257 0.063160 0.054302 0.032257 0.032005 0.032257 346220 350620
22 62.310000 60.320000 1000000 7.671627 7.702669 7.668356 7.701459 0.032015 0.032257 0.063160 0.054301 0.032257 0.032007 0.032257 350620 351647
22 62.310000 60.320000 1000000 7.670204 7.701594 7.666932 7.700384 0.032017 0.032257 0.062238 0.053226 0.032257 0.032009 0.032257 351640 398730
22 62.310000 60.320000 1000000 7.655229 7.679551 7.651409 7.674085 0.032024 0.032257 0.062697 0.053763 0.032257 0.032017 0.032257 398730 417081
22 62.310000 60.320000 1000000 7.653579 7.678476 7.649756 7.673009 0.032025 0.032257 0.061778 0.052687 0.032257 0.032018 0.032257 417080 459060
22 62.310000 60.320000 1000000 7.635971 7.661272 7.632123 7.655805 0.032024 0.032257 0.066424 0.058066 0.032257 0.032017 0.032257 459060 459713
22 62.310000 60.320000 1000000 7.634457 7.660197 7.630606 7.654730 0.032023 0.032257 0.067366 0.059141 0.032257 0.032017 0.032257 459710 475529
22 62.310000 60.320000 1000000 7.628513 7.655895 7.624653 7.650429 0.032026 0.032257 0.067367 0.059142 0.032257 0.032019 0.032257 475520 475892
22 62.310000 60.320000 1000000 7.627158 7.654820 7.623296 7.649353 0.032024 0.032257 0.068313 0.060217 0.032257 0.032017 0.032257 475890 507938
22 62.310000 60.320000 1000000 7.625115 7.650519 7.621250 7.645052 0.032022 0.032257 0.067366 0.059141 0.032257 0.032015 0.032257 507930 509155
22 62.310000 60.320000 1000000 7.623426 7.649444 7.619558 7.643977 0.032022 0.032257 0.066424 0.058066 0.032257 0.032015 0.032257 509150 520945
22 62.310000 60.320000 1000000 7.608854 7.638691 7.604964 7.633224 0.032032 0.032257 0.068312 0.060217 0.032257 0.032026 0.032257 520940 535371
22 62.310000 60.320000 1000000 7.606540 7.635465 7.603301 7.632508 0.032034 0.032257 0.067367 0.059141 0.032257 0.032026 0.032257 535370 559534
22 62.310000 60.320000 1000000 7.605222 7.634390 7.601982 7.631432 0.032033 0.032257 0.067366 0.059141 0.032257 0.032025 0.032257 559530 561003
22 62.310000 60.320000 1000000 7.604658 7.633315 7.601417 7.630357 0.032034 0.032257 0.066424 0.058066 0.032257 0.032026 0.032257 561000 587868
22 62.310000 60.320000 1000000 7.603929 7.632240 7.600688 7.629282 0.032033 0.032257 0.066425 0.058066 0.032257 0.032025 0.032257 587860 604098
22 62.310000 60.320000 1000000 7.596789 7.625788 7.593538 7.622830 0.032037 0.032257 0.071172 0.063442 0.032257 0.032029 0.032257 604090 612857
22 62.310000 60.320000 1000000 7.592313 7.621487 7.589056 7.618529 0.032033 0.032257 0.071173 0.063443 0.032257 0.032025 0.032257 612850 633288
22 62.310000 60.320000 1000000 7.589817 7.616111 7.586557 7.613153 0.032036 0.032257 0.068313 0.060217 0.032257 0.032028 0.032257 633280 656537
22 62.310000 60.320000 1000000 7.588714 7.612885 7.586084 7.612436 0.032036 0.032257 0.066425 0.058067 0.032257 0.032027 0.032257 656530 697265
22 62.310000 60.320000 1000000 7.575602 7.599981 7.572958 7.599533 0.032049 0.032257 0.062699 0.053764 0.032257 0.032040 0.032257 697260 740662
22 62.310000 60.320000 1000000 7.566169 7.590304 7.563313 7.588153 0.032047 0.032257 0.064553 0.055915 0.032257 0.032038 0.032257 740660 775630
22 62.310000 60.320000 1000000 7.556615 7.582777 7.553748 7.580626 0.032044 0.032257 0.063624 0.054840 0.032257 0.032035 0.032257 775630 816986
22 62.310000 60.320000 1000000 7.537250 7.568799 7.534361 7.566648 0.032047 0.032257 0.058155 0.048388 0.032257 0.032039 0.032257 816980 833657
22 62.310000 60.320000 1000000 7.532202 7.563423 7.529308 7.561271 0.032050 0.032257 0.061779 0.052689 0.032257 0.032041 0.032257 833650 838108
22 62.310000 60.320000 1000000 7.530660 7.562347 7.527763 7.560196 0.032051 0.032257 0.060865 0.051614 0.032257 0.032043 0.032257 838100 895694
22 62.310000 60.320000 1000000 7.529524 7.561272 7.526626 7.559121 0.032053 0.032257 0.059956 0.050539 0.032257 0.032044 0.032257 895690 918145
22 62.310000 60.320000 1000000 7.529256 7.560197 7.526670 7.559300 0.032053 0.032257 0.059956 0.050539 0.032257 0.032044 0.032257 918140 926160
22 62.310000 60.320000 1000000 7.527362 7.559121 7.524774 7.558225 0.032054 0.032257 0.059052 0.049463 0.032257 0.032046 0.032257 926160 938197
22 62.310000 60.320000 1000000 7.521364 7.552132 7.518671 7.550384 0.032060 0.032257 0.064087 0.055377 0.032257 0.032051 0.032257 938190 949734
22 62.310000 60.320000 1000000 7.513710 7.543530 7.511008 7.541782 0.032066 0.032257 0.066895 0.058603 0.032257 0.032057 0.032257 949730 973718
22 62.310000 60.320000 1000000 7.513447 7.542455 7.511052 7.541961 0.032066 0.032257 0.066895 0.058603 0.032257 0.032057 0.032257 973710 1000000
