59 62.310000 60.320000 1000000 14.992119 14.618779 14.989081 14.615014 0.032128 0.032259 0.223307 0.220965 0.032259 0.032119 0.032259 0 50
59 62.310000 60.320000 1000000 13.855507 13.659640 13.852422 13.660983 0.032091 0.032259 0.335421 0.333866 0.032259 0.032081 0.032259 50 60
59 62.310000 60.320000 1000000 13.467265 13.333836 13.463574 13.333566 0.032122 0.032259 0.258471 0.256450 0.032259 0.032112 0.032259 60 70
59 62.310000 60.320000 1000000 13.338546 13.211256 13.335641 13.213809 0.032158 0.032259 0.220117 0.217740 0.032259 0.032148 0.032259 70 81
59 62.310000 60.320000 1000000 13.236834 13.131687 13.234221 13.136748 0.032166 0.032259 0.208424 0.205913 0.032259 0.032157 0.032259 80 91
59 62.310000 60.320000 1000000 13.076219 13.008031 13.073509 13.013092 0.032199 0.032259 0.168176 0.165053 0.032259 0.032190 0.032259 90 103
59 62.310000 60.320000 1000000 13.038870 12.970396 13.036137 12.975458 0.032195 0.032259 0.191448 0.188711 0.032259 0.032186 0.032259 100 112
59 62.310000 60.320000 1000000 12.925805 12.881149 12.922999 12.886211 0.032192 0.032259 0.194626 0.191934 0.032259 0.032182 0.032259 110 121
59 62.310000 60.320000 1000000 12.870296 12.804268 12.866960 12.803371 0.032190 0.032259 0.196218 0.193548 0.032259 0.032181 0.032259 120 130
59 62.310000 60.320000 1000000 12.819523 12.769860 12.816146 12.768962 0.032195 0.032259 0.180328 0.177419 0.032259 0.032185 0.032259 130 141
59 62.310000 60.320000 1000000 12.798727 12.748354 12.795334 12.747457 0.032201 0.032259 0.179272 0.176345 0.032259 0.032192 0.032259 140 151
59 62.310000 60.320000 1000000 12.763441 12.712870 12.759195 12.706149 0.032201 0.032259 0.180329 0.177420 0.032259 0.032192 0.032259 150 162
59 62.310000 60.320000 1000000 12.750423 12.702118 12.746164 12.695396 0.032200 0.032259 0.182445 0.179571 0.032259 0.032191 0.032259 160 172
59 62.310000 60.320000 1000000 12.675045 12.631150 12.670613 12.624025 0.032195 0.032259 0.157111 0.153763 0.032259 0.032186 0.032259 170 183
59 62.310000 60.320000 1000000 12.602201 12.561258 12.597692 12.554133 0.032192 0.032259 0.134047 0.130107 0.032259 0.032182 0.032259 180 193
59 62.310000 60.320000 1000000 12.576681 12.538677 12.572049 12.531149 0.032195 0.032259 0.145555 0.141935 0.032259 0.032185 0.032259 190 200
59 62.310000 60.320000 1000000 12.542586 12.504269 12.537917 12.496741 0.032180 0.032259 0.157109 0.153762 0.032259 0.032171 0.032259 200 211
59 62.310000 60.320000 1000000 12.511937 12.468785 12.507234 12.461257 0.032187 0.032259 0.144505 0.140858 0.032259 0.032177 0.032259 210 220
59 62.310000 60.320000 1000000 12.505252 12.458032 12.500541 12.450504 0.032185 0.032259 0.144505 0.140858 0.032259 0.032176 0.032259 220 234
59 62.310000 60.320000 1000000 12.480108 12.435452 12.475368 12.427924 0.032185 0.032259 0.147651 0.144084 0.032259 0.032176 0.032259 230 246
59 62.310000 60.320000 1000000 12.456962 12.415022 12.452196 12.407494 0.032189 0.032259 0.145553 0.141933 0.032259 0.032180 0.032259 240 254
59 62.310000 60.320000 1000000 12.429003 12.389215 12.424205 12.381687 0.032178 0.032259 0.153952 0.150534 0.032259 0.032168 0.032259 250 267
59 62.310000 60.320000 1000000 12.417230 12.379538 12.412417 12.372010 0.032178 0.032259 0.150800 0.147309 0.032259 0.032168 0.032259 260 284
59 62.310000 60.320000 1000000 12.361157 12.321474 12.356279 12.313946 0.032162 0.032259 0.139270 0.135482 0.032259 0.032153 0.032259 280 293
59 62.310000 60.320000 1000000 12.350298 12.306420 12.345407 12.298892 0.032163 0.032259 0.133002 0.129031 0.032259 0.032154 0.032259 290 302
59 62.310000 60.320000 1000000 12.342704 12.299969 12.337804 12.292441 0.032166 0.032259 0.128834 0.124730 0.032259 0.032157 0.032259 300 314
59 62.310000 60.320000 1000000 12.326405 12.283840 12.321485 12.276312 0.032165 0.032259 0.133002 0.129031 0.032259 0.032156 0.032259 310 328
59 62.310000 60.320000 1000000 12.309743 12.265560 12.304804 12.258032 0.032157 0.032259 0.143457 0.139783 0.032259 0.032148 0.032259 320 331
59 62.310000 60.320000 1000000 12.296619 12.252657 12.291664 12.245129 0.032161 0.032259 0.147651 0.144084 0.032259 0.032151 0.032259 330 340
59 62.310000 60.320000 1000000 12.263555 12.220400 12.258779 12.214126 0.032170 0.032259 0.130917 0.126880 0.032259 0.032160 0.032259 340 361
59 62.310000 60.320000 1000000 12.249807 12.205346 12.245014 12.199072 0.032166 0.032259 0.133002 0.129031 0.032259 0.032157 0.032259 360 381
59 62.310000 60.320000 1000000 12.229301 12.182765 12.224485 12.176492 0.032158 0.032259 0.126753 0.122579 0.032259 0.032149 0.032259 380 390
59 62.310000 60.320000 1000000 12.228807 12.181690 12.223990 12.175416 0.032158 0.032259 0.126753 0.122579 0.032259 0.032149 0.032259 390 422
59 62.310000 60.320000 1000000 12.202812 12.158572 12.197895 12.151447 0.032156 0.032259 0.123117 0.118816 0.032259 0.032147 0.032259 420 451
59 62.310000 60.320000 1000000 12.193671 12.152120 12.188743 12.144995 0.032157 0.032259 0.124155 0.119891 0.032259 0.032148 0.032259 430 444
59 62.310000 60.320000 1000000 12.184524 12.145669 12.179585 12.138544 0.032159 0.032259 0.127273 0.123117 0.032259 0.032150 0.032259 440 451
59 62.310000 60.320000 1000000 12.176388 12.134916 12.171439 12.127791 0.032158 0.032259 0.130396 0.126343 0.032259 0.032149 0.032259 450 474
59 62.310000 60.320000 1000000 12.166600 12.118787 12.161483 12.109960 0.032156 0.032259 0.133524 0.129569 0.032259 0.032147 0.032259 470 511
59 62.310000 60.320000 1000000 12.135576 12.080078 12.129451 12.067218 0.032145 0.032259 0.131441 0.127421 0.032259 0.032136 0.032259 490 506
59 62.310000 60.320000 1000000 12.123110 12.066100 12.117432 12.055749 0.032146 0.032259 0.127277 0.123121 0.032259 0.032137 0.032259 500 511
59 62.310000 60.320000 1000000 12.115489 12.046745 12.112544 12.053554 0.032146 0.032259 0.122083 0.117744 0.032259 0.032137 0.032259 510 533
59 62.310000 60.320000 1000000 12.085558 12.006960 12.082591 12.013769 0.032141 0.032259 0.122083 0.117744 0.032259 0.032132 0.032259 530 541
59 62.310000 60.320000 1000000 12.066107 11.986530 12.063307 11.994593 0.032142 0.032259 0.133528 0.129573 0.032259 0.032133 0.032259 540 560
59 62.310000 60.320000 1000000 12.045578 11.956422 12.042109 11.955973 0.032146 0.032259 0.124160 0.119896 0.032259 0.032137 0.032259 560 580
59 62.310000 60.320000 1000000 12.020727 11.939218 12.017236 11.938769 0.032151 0.032259 0.126236 0.122045 0.032259 0.032142 0.032259 580 592
59 62.310000 60.320000 1000000 11.997136 11.923089 11.993625 11.922640 0.032153 0.032259 0.125197 0.120969 0.032259 0.032144 0.032259 590 623
59 62.310000 60.320000 1000000 11.977703 11.900509 11.973739 11.898447 0.032147 0.032259 0.126236 0.122045 0.032259 0.032138 0.032259 620 642
59 62.310000 60.320000 1000000 11.971356 11.894057 11.967385 11.891995 0.032145 0.032259 0.122083 0.117744 0.032259 0.032136 0.032259 640 653
59 62.310000 60.320000 1000000 11.969952 11.886531 11.965666 11.881064 0.032145 0.032259 0.125197 0.120970 0.032259 0.032136 0.032259 650 671
59 62.310000 60.320000 1000000 11.958514 11.871477 11.954111 11.865607 0.032132 0.032259 0.136659 0.132797 0.032259 0.032123 0.032259 670 686
59 62.310000 60.320000 1000000 11.958050 11.870402 11.953646 11.864532 0.032132 0.032259 0.136659 0.132797 0.032259 0.032123 0.032259 680 706
59 62.310000 60.320000 1000000 11.953548 11.867176 11.949140 11.861306 0.032132 0.032259 0.135614 0.131722 0.032259 0.032123 0.032259 700 718
59 62.310000 60.320000 1000000 11.949373 11.860724 11.944960 11.854854 0.032133 0.032259 0.130398 0.126345 0.032259 0.032124 0.032259 710 730
59 62.310000 60.320000 1000000 11.944519 11.853198 11.940464 11.849836 0.032132 0.032259 0.132484 0.128496 0.032259 0.032123 0.032259 730 742
59 62.310000 60.320000 1000000 11.943329 11.851047 11.939273 11.847686 0.032131 0.032259 0.132484 0.128497 0.032259 0.032122 0.032259 740 762
59 62.310000 60.320000 1000000 11.919233 11.829542 11.915152 11.826181 0.032124 0.032259 0.139795 0.136022 0.032259 0.032115 0.032259 760 867
59 62.310000 60.320000 1000000 11.839092 11.761800 11.836335 11.765966 0.032118 0.032259 0.123119 0.118817 0.032259 0.032109 0.032259 860 944
59 62.310000 60.320000 1000000 11.797329 11.727392 11.794543 11.731557 0.032115 0.032259 0.125196 0.120968 0.032259 0.032106 0.032259 940 1058
59 62.310000 60.320000 1000000 11.755965 11.679005 11.752850 11.679766 0.032105 0.032259 0.126235 0.122044 0.032259 0.032095 0.032259 1050 1086
59 62.310000 60.320000 1000000 11.755331 11.677930 11.752216 11.678690 0.032105 0.032259 0.125196 0.120969 0.032259 0.032095 0.032259 1080 1113
59 62.310000 60.320000 1000000 11.725656 11.652123 11.722420 11.652481 0.032103 0.032259 0.115873 0.111292 0.032259 0.032094 0.032259 1110 1145
59 62.310000 60.320000 1000000 11.704528 11.623091 11.701275 11.623449 0.032104 0.032259 0.121048 0.116670 0.032259 0.032095 0.032259 1140 1166
59 62.310000 60.320000 1000000 11.703677 11.622016 11.700423 11.622373 0.032103 0.032259 0.122084 0.117745 0.032259 0.032094 0.032259 1160 1172
59 62.310000 60.320000 1000000 11.696222 11.612339 11.692962 11.612696 0.032102 0.032259 0.123122 0.118821 0.032259 0.032093 0.032259 1170 1183
59 62.310000 60.320000 1000000 11.695805 11.609650 11.692370 11.608753 0.032102 0.032259 0.123640 0.119358 0.032259 0.032093 0.032259 1180 1194
59 62.310000 60.320000 1000000 11.664560 11.590296 11.661097 11.589399 0.032107 0.032259 0.127796 0.123658 0.032259 0.032098 0.032259 1190 1204
59 62.310000 60.320000 1000000 11.663900 11.589220 11.660436 11.588323 0.032107 0.032259 0.126756 0.122582 0.032259 0.032098 0.032259 1200 1249
59 62.310000 60.320000 1000000 11.651780 11.570941 11.648305 11.570044 0.032093 0.032259 0.141367 0.137637 0.032259 0.032084 0.032259 1240 1295
59 62.310000 60.320000 1000000 11.631373 11.552661 11.627881 11.551764 0.032090 0.032259 0.142413 0.138711 0.032259 0.032081 0.032259 1290 1340
59 62.310000 60.320000 1000000 11.629667 11.550511 11.626173 11.549614 0.032089 0.032259 0.142413 0.138711 0.032259 0.032079 0.032259 1340 1392
59 62.310000 60.320000 1000000 11.601776 11.524704 11.598257 11.523807 0.032082 0.032259 0.151856 0.148390 0.032259 0.032073 0.032259 1390 1426
59 62.310000 60.320000 1000000 11.596868 11.518253 11.593344 11.517356 0.032076 0.032259 0.147655 0.144088 0.032259 0.032067 0.032259 1420 1469
59 62.310000 60.320000 1000000 11.594167 11.515027 11.590640 11.514130 0.032076 0.032259 0.148705 0.145164 0.032259 0.032067 0.032259 1460 1487
59 62.310000 60.320000 1000000 11.592442 11.513952 11.588914 11.513055 0.032077 0.032259 0.148705 0.145164 0.032259 0.032067 0.032259 1480 1634
59 62.310000 60.320000 1000000 11.575227 11.491371 11.571684 11.490474 0.032073 0.032259 0.144509 0.140863 0.032259 0.032064 0.032259 1510 1573
59 62.310000 60.320000 1000000 11.533300 11.431156 11.529718 11.430259 0.032054 0.032259 0.171874 0.168820 0.032259 0.032044 0.032259 1570 1634
59 62.310000 60.320000 1000000 11.519321 11.416102 11.515335 11.413592 0.032050 0.032259 0.166597 0.163444 0.032259 0.032041 0.032259 1630 1653
59 62.310000 60.320000 1000000 11.512357 11.404274 11.508364 11.401764 0.032050 0.032259 0.157114 0.153766 0.032259 0.032041 0.032259 1650 1687
59 62.310000 60.320000 1000000 11.475532 11.377393 11.471500 11.374883 0.032058 0.032259 0.156062 0.152692 0.032259 0.032049 0.032259 1680 1711
59 62.310000 60.320000 1000000 11.454785 11.347823 11.450534 11.344059 0.032039 0.032259 0.151331 0.147853 0.032259 0.032030 0.032259 1710 1738
59 62.310000 60.320000 1000000 11.448952 11.342447 11.444694 11.338682 0.032035 0.032259 0.154484 0.151079 0.032259 0.032025 0.032259 1720 1819
59 62.310000 60.320000 1000000 11.429062 11.328468 11.424781 11.324704 0.032035 0.032259 0.161851 0.158603 0.032259 0.032026 0.032259 1750 1843
59 62.310000 60.320000 1000000 11.372200 11.288684 11.367855 11.284919 0.032038 0.032259 0.168177 0.165055 0.032259 0.032029 0.032259 1840 1958
59 62.310000 60.320000 1000000 11.361207 11.276856 11.357348 11.275600 0.032042 0.032259 0.163959 0.160754 0.032259 0.032032 0.032259 1950 1977
59 62.310000 60.320000 1000000 11.359405 11.275781 11.355543 11.274525 0.032042 0.032259 0.163959 0.160754 0.032259 0.032033 0.032259 1970 2029
59 62.310000 60.320000 1000000 11.348715 11.266103 11.344843 11.264848 0.032044 0.032259 0.157639 0.154303 0.032259 0.032035 0.032259 2020 2062
59 62.310000 60.320000 1000000 11.310548 11.239221 11.306637 11.237966 0.032045 0.032259 0.160798 0.157529 0.032259 0.032036 0.032259 2060 2158
59 62.310000 60.320000 1000000 11.306227 11.235995 11.302311 11.234740 0.032044 0.032259 0.158691 0.155378 0.032259 0.032035 0.032259 2150 2227
59 62.310000 60.320000 1000000 11.299236 11.229544 11.295313 11.228288 0.032046 0.032259 0.157639 0.154303 0.032259 0.032037 0.032259 2220 2258
59 62.310000 60.320000 1000000 11.296921 11.226318 11.292995 11.225062 0.032045 0.032259 0.154483 0.151077 0.032259 0.032036 0.032259 2250 2283
59 62.310000 60.320000 1000000 11.292363 11.219866 11.288432 11.218611 0.032040 0.032259 0.150279 0.146776 0.032259 0.032031 0.032259 2280 2334
59 62.310000 60.320000 1000000 11.283895 11.202662 11.279956 11.201407 0.032041 0.032259 0.163959 0.160754 0.032259 0.032031 0.032259 2330 2570
59 62.310000 60.320000 1000000 11.236143 11.147823 11.232154 11.146568 0.032026 0.032259 0.161851 0.158603 0.032259 0.032017 0.032259 2570 2745
59 62.310000 60.320000 1000000 11.201835 11.120942 11.197809 11.119686 0.032040 0.032259 0.151329 0.147850 0.032259 0.032031 0.032259 2740 2836
59 62.310000 60.320000 1000000 11.185217 11.109114 11.181172 11.107858 0.032043 0.032259 0.155534 0.152152 0.032259 0.032033 0.032259 2830 2842
59 62.310000 60.320000 1000000 11.184666 11.108038 11.180621 11.106783 0.032042 0.032259 0.155534 0.152152 0.032259 0.032033 0.032259 2840 2861
59 62.310000 60.320000 1000000 11.174046 11.099974 11.169917 11.097867 0.032043 0.032259 0.156060 0.152689 0.032259 0.032034 0.032259 2860 2871
59 62.310000 60.320000 1000000 11.172870 11.098899 11.168740 11.096792 0.032042 0.032259 0.155008 0.151614 0.032259 0.032033 0.032259 2870 2887
59 62.310000 60.320000 1000000 11.171695 11.097824 11.167563 11.095717 0.032042 0.032259 0.153957 0.150539 0.032259 0.032033 0.032259 2880 2907
59 62.310000 60.320000 1000000 11.169405 11.096748 11.165271 11.094641 0.032044 0.032259 0.152906 0.149464 0.032259 0.032035 0.032259 2900 3025
59 62.310000 60.320000 1000000 11.148372 11.077394 11.144215 11.075287 0.032032 0.032259 0.153957 0.150540 0.032259 0.032023 0.032259 3020 3207
59 62.310000 60.320000 1000000 11.122738 11.047286 11.118551 11.045179 0.032023 0.032259 0.162378 0.159142 0.032259 0.032014 0.032259 3200 3399
59 62.310000 60.320000 1000000 11.085891 11.012878 11.081662 11.010771 0.032012 0.032259 0.158166 0.154842 0.032259 0.032003 0.032259 3270 3498
59 62.310000 60.320000 1000000 11.077206 11.002125 11.072940 11.000466 0.032005 0.032259 0.161324 0.158066 0.032259 0.031996 0.032259 3490 3580
59 62.310000 60.320000 1000000 11.042953 10.975243 11.038647 10.973584 0.032008 0.032259 0.163433 0.160218 0.032259 0.031998 0.032259 3580 3699
59 62.310000 60.320000 1000000 11.035178 10.965566 11.030863 10.963907 0.032007 0.032259 0.169762 0.166669 0.032259 0.031998 0.032259 3690 3739
59 62.310000 60.320000 1000000 11.033371 10.962340 11.029275 10.961936 0.032005 0.032259 0.169762 0.166668 0.032259 0.031996 0.032259 3730 3810
59 62.310000 60.320000 1000000 11.032684 10.961265 11.028587 10.960860 0.032005 0.032259 0.168706 0.165593 0.032259 0.031996 0.032259 3810 3924
59 62.310000 60.320000 1000000 11.031893 10.960189 11.027795 10.959785 0.032004 0.032259 0.167651 0.164518 0.032259 0.031995 0.032259 3920 4196
59 62.310000 60.320000 1000000 11.014144 10.944060 11.010027 10.943656 0.031990 0.032259 0.161324 0.158066 0.032259 0.031981 0.032259 4050 4354
59 62.310000 60.320000 1000000 11.002746 10.935458 10.998616 10.935054 0.031989 0.032259 0.163432 0.160217 0.032259 0.031980 0.032259 4350 4411
59 62.310000 60.320000 1000000 11.001201 10.934383 10.997069 10.933979 0.031990 0.032259 0.162378 0.159141 0.032259 0.031981 0.032259 4410 4466
59 62.310000 60.320000 1000000 10.994530 10.926856 10.990390 10.926452 0.031982 0.032259 0.165539 0.162365 0.032259 0.031973 0.032259 4460 4577
59 62.310000 60.320000 1000000 10.993369 10.923630 10.988980 10.922420 0.031982 0.032259 0.167649 0.164516 0.032259 0.031973 0.032259 4570 4664
59 62.310000 60.320000 1000000 10.977406 10.909652 10.972998 10.908441 0.031975 0.032259 0.161323 0.158065 0.032259 0.031966 0.032259 4660 4782
59 62.310000 60.320000 1000000 10.944076 10.859114 10.939627 10.857904 0.031948 0.032259 0.191977 0.189247 0.032259 0.031939 0.032259 4780 5158
59 62.310000 60.320000 1000000 10.918960 10.822555 10.912458 10.813683 0.031952 0.032259 0.207895 0.205377 0.032259 0.031943 0.032259 5150 5642
59 62.310000 60.320000 1000000 10.902869 10.809652 10.896339 10.800780 0.031947 0.032259 0.216397 0.213979 0.032259 0.031938 0.032259 5640 5829
59 62.310000 60.320000 1000000 10.901803 10.808577 10.895271 10.799705 0.031947 0.032259 0.215334 0.212904 0.032259 0.031938 0.032259 5820 5836
59 62.310000 60.320000 1000000 10.901566 10.807502 10.894944 10.798226 0.031947 0.032259 0.216397 0.213979 0.032259 0.031938 0.032259 5830 6330
59 62.310000 60.320000 1000000 10.847954 10.772018 10.841011 10.761936 0.031963 0.032259 0.220652 0.218281 0.032259 0.031955 0.032259 6330 6380
59 62.310000 60.320000 1000000 10.835582 10.756964 10.828616 10.746882 0.031952 0.032259 0.219588 0.217206 0.032259 0.031943 0.032259 6380 7173
59 62.310000 60.320000 1000000 10.780927 10.675782 10.773775 10.664849 0.031936 0.032259 0.170289 0.167205 0.032259 0.031928 0.032259 7170 7281
59 62.310000 60.320000 1000000 10.774984 10.671480 10.767820 10.660547 0.031936 0.032259 0.170289 0.167205 0.032259 0.031928 0.032259 7280 7334
59 62.310000 60.320000 1000000 10.774690 10.670405 10.767415 10.659069 0.031936 0.032259 0.170289 0.167206 0.032259 0.031928 0.032259 7330 7620
59 62.310000 60.320000 1000000 10.755324 10.655351 10.748009 10.644015 0.031934 0.032259 0.160797 0.157528 0.032259 0.031926 0.032259 7620 7793
59 62.310000 60.320000 1000000 10.742049 10.645674 10.734707 10.634338 0.031938 0.032259 0.156586 0.153227 0.032259 0.031930 0.032259 7690 8024
59 62.310000 60.320000 1000000 10.685476 10.614491 10.678256 10.604410 0.031970 0.032259 0.148179 0.144625 0.032259 0.031963 0.032259 8020 8085
59 62.310000 60.320000 1000000 10.684004 10.613416 10.676781 10.603334 0.031971 0.032259 0.147129 0.143549 0.032259 0.031963 0.032259 8080 8093
59 62.310000 60.320000 1000000 10.678961 10.609115 10.671728 10.599033 0.031970 0.032259 0.145032 0.141399 0.032259 0.031962 0.032259 8090 8185
59 62.310000 60.320000 1000000 10.674256 10.601588 10.667013 10.591507 0.031970 0.032259 0.141889 0.138173 0.032259 0.031962 0.032259 8180 8441
59 62.310000 60.320000 1000000 10.647200 10.582233 10.640489 10.574661 0.031983 0.032259 0.139793 0.136020 0.032259 0.031975 0.032259 8440 8934
59 62.310000 60.320000 1000000 10.641216 10.574707 10.634494 10.567134 0.031981 0.032259 0.134568 0.130644 0.032259 0.031973 0.032259 8700 8714
59 62.310000 60.320000 1000000 10.640478 10.573631 10.633755 10.566058 0.031980 0.032259 0.133524 0.129569 0.032259 0.031972 0.032259 8710 8934
59 62.310000 60.320000 1000000 10.637581 10.570405 10.630851 10.562833 0.031981 0.032259 0.131438 0.127418 0.032259 0.031973 0.032259 8930 9728
59 62.310000 60.320000 1000000 10.589877 10.533847 10.583056 10.526274 0.031974 0.032259 0.137701 0.133870 0.032259 0.031966 0.032259 9720 9959
59 62.310000 60.320000 1000000 10.559698 10.482234 10.557838 10.499750 0.031960 0.032259 0.134569 0.130645 0.032259 0.031950 0.032259 9950 10954
59 62.310000 60.320000 1000000 10.556730 10.477933 10.554868 10.495449 0.031958 0.032259 0.134569 0.130645 0.032259 0.031948 0.032259 10400 11371
59 62.310000 60.320000 1000000 10.512073 10.448901 10.510186 10.466417 0.031975 0.032259 0.137702 0.133871 0.032259 0.031964 0.032259 11370 11392
59 62.310000 60.320000 1000000 10.510873 10.447826 10.508987 10.465342 0.031974 0.032259 0.136657 0.132795 0.032259 0.031963 0.032259 11390 12187
59 62.310000 60.320000 1000000 10.503351 10.437073 10.501460 10.454590 0.031970 0.032259 0.132482 0.128494 0.032259 0.031959 0.032259 12180 12209
59 62.310000 60.320000 1000000 10.501002 10.435998 10.499110 10.453514 0.031972 0.032259 0.132482 0.128494 0.032259 0.031961 0.032259 12200 12549
59 62.310000 60.320000 1000000 10.499445 10.434922 10.497552 10.452439 0.031972 0.032259 0.131439 0.127419 0.032259 0.031961 0.032259 12540 12570
59 62.310000 60.320000 1000000 10.497917 10.433847 10.496023 10.451364 0.031971 0.032259 0.132482 0.128494 0.032259 0.031961 0.032259 12570 12631
59 62.310000 60.320000 1000000 10.497477 10.432772 10.495583 10.450288 0.031971 0.032259 0.133525 0.129570 0.032259 0.031961 0.032259 12630 12967
59 62.310000 60.320000 1000000 10.483221 10.413417 10.481319 10.430934 0.031952 0.032259 0.140841 0.137097 0.032259 0.031941 0.032259 12960 13000
59 62.310000 60.320000 1000000 10.482907 10.412342 10.480888 10.429455 0.031952 0.032259 0.141888 0.138172 0.032259 0.031941 0.032259 13000 13389
59 62.310000 60.320000 1000000 10.460990 10.396213 10.458958 10.413326 0.031950 0.032259 0.143984 0.140323 0.032259 0.031939 0.032259 13380 14305
59 62.310000 60.320000 1000000 10.417971 10.356428 10.415914 10.373541 0.031936 0.032259 0.136659 0.132798 0.032259 0.031925 0.032259 14300 14447
59 62.310000 60.320000 1000000 10.415629 10.352665 10.413483 10.368927 0.031937 0.032259 0.137182 0.133335 0.032259 0.031926 0.032259 14440 14454
59 62.310000 60.320000 1000000 10.414568 10.351589 10.412422 10.367851 0.031937 0.032259 0.137182 0.133335 0.032259 0.031926 0.032259 14450 15066
59 62.310000 60.320000 1000000 10.404205 10.340299 10.402584 10.359473 0.031935 0.032259 0.139796 0.136024 0.032259 0.031925 0.032259 15060 15300
59 62.310000 60.320000 1000000 10.403618 10.339224 10.401997 10.358398 0.031935 0.032259 0.139796 0.136024 0.032259 0.031925 0.032259 15300 15716
59 62.310000 60.320000 1000000 10.401932 10.338149 10.400311 10.357323 0.031935 0.032259 0.139796 0.136024 0.032259 0.031925 0.032259 15710 16542
59 62.310000 60.320000 1000000 10.400506 10.337073 10.398884 10.356248 0.031936 0.032259 0.138750 0.134948 0.032259 0.031926 0.032259 16540 16679
59 62.310000 60.320000 1000000 10.399845 10.335998 10.398222 10.355172 0.031936 0.032259 0.137705 0.133873 0.032259 0.031926 0.032259 16670 16772
59 62.310000 60.320000 1000000 10.399626 10.334923 10.398258 10.355351 0.031936 0.032259 0.136660 0.132798 0.032259 0.031926 0.032259 16770 16813
59 62.310000 60.320000 1000000 10.394891 10.328471 10.393521 10.348900 0.031937 0.032259 0.138751 0.134949 0.032259 0.031927 0.032259 16810 17315
59 62.310000 60.320000 1000000 10.394330 10.327396 10.392960 10.347825 0.031937 0.032259 0.138751 0.134949 0.032259 0.031927 0.032259 17310 17936
59 62.310000 60.320000 1000000 10.384285 10.311267 10.382911 10.331696 0.031926 0.032259 0.145033 0.141400 0.032259 0.031916 0.032259 17930 18377
59 62.310000 60.320000 1000000 10.383733 10.310192 10.382359 10.330620 0.031926 0.032259 0.145033 0.141400 0.032259 0.031916 0.032259 18370 19769
59 62.310000 60.320000 1000000 10.357573 10.282235 10.356936 10.306427 0.031927 0.032259 0.142936 0.139248 0.032259 0.031916 0.032259 19760 19794
59 62.310000 60.320000 1000000 10.356704 10.281159 10.356067 10.305352 0.031926 0.032259 0.141888 0.138173 0.032259 0.031915 0.032259 19790 20504
59 62.310000 60.320000 1000000 10.338153 10.224171 10.335368 10.227934 0.031922 0.032259 0.127275 0.123119 0.032259 0.031913 0.032259 20500 22446
59 62.310000 60.320000 1000000 10.273412 10.170945 10.270485 10.173856 0.031924 0.032259 0.129878 0.125808 0.032259 0.031914 0.032259 22440 23213
59 62.310000 60.320000 1000000 10.249694 10.140837 10.246747 10.143749 0.031923 0.032259 0.119492 0.115055 0.032259 0.031913 0.032259 23210 24409
59 62.310000 60.320000 1000000 10.227854 10.119332 10.224888 10.122243 0.031916 0.032259 0.137181 0.133335 0.032259 0.031906 0.032259 24400 24673
59 62.310000 60.320000 1000000 10.223789 10.113956 10.220820 10.116867 0.031909 0.032259 0.140320 0.136562 0.032259 0.031899 0.032259 24670 29355
59 62.310000 60.320000 1000000 10.185716 10.053741 10.182713 10.056652 0.031904 0.032259 0.156061 0.152691 0.032259 0.031895 0.032259 29350 33314
59 62.310000 60.320000 1000000 10.081348 9.965569 10.078140 9.968077 0.031935 0.032259 0.175043 0.172045 0.032259 0.031926 0.032259 33310 33744
59 62.310000 60.320000 1000000 10.062475 9.953741 10.059248 9.956249 0.031943 0.032259 0.166596 0.163443 0.032259 0.031934 0.032259 33740 35277
59 62.310000 60.320000 1000000 10.051436 9.936537 10.048200 9.939045 0.031925 0.032259 0.171873 0.168819 0.032259 0.031915 0.032259 35270 36518
59 62.310000 60.320000 1000000 10.050615 9.932236 10.047193 9.933042 0.031925 0.032259 0.171873 0.168819 0.032259 0.031915 0.032259 36510 36945
59 62.310000 60.320000 1000000 10.048652 9.931161 10.045229 9.931966 0.031926 0.032259 0.171873 0.168819 0.032259 0.031916 0.032259 36940 37084
59 62.310000 60.320000 1000000 10.047604 9.930086 10.044180 9.930891 0.031924 0.032259 0.171873 0.168819 0.032259 0.031915 0.032259 37080 37400
59 62.310000 60.320000 1000000 10.041831 9.925785 10.038401 9.926590 0.031923 0.032259 0.171873 0.168819 0.032259 0.031913 0.032259 37400 41039
59 62.310000 60.320000 1000000 9.988937 9.883849 9.985451 9.884655 0.031922 0.032259 0.166595 0.163442 0.032259 0.031913 0.032259 41030 46812
59 62.310000 60.320000 1000000 9.983248 9.880623 9.979757 9.881429 0.031924 0.032259 0.163431 0.160216 0.032259 0.031915 0.032259 41870 43929
59 62.310000 60.320000 1000000 9.953450 9.862344 9.949927 9.863149 0.031934 0.032259 0.156060 0.152690 0.032259 0.031924 0.032259 43920 48201
59 62.310000 60.320000 1000000 9.903669 9.796753 9.898379 9.791913 0.031912 0.032259 0.162379 0.159143 0.032259 0.031903 0.032259 48200 48798
59 62.310000 60.320000 1000000 9.903033 9.795677 9.897742 9.790838 0.031912 0.032259 0.163433 0.160218 0.032259 0.031903 0.032259 48790 51200
59 62.310000 60.320000 1000000 9.897994 9.786000 9.892695 9.781161 0.031912 0.032259 0.153958 0.150541 0.032259 0.031904 0.032259 50000 51058
59 62.310000 60.320000 1000000 9.888880 9.778473 9.883566 9.773634 0.031909 0.032259 0.152906 0.149465 0.032259 0.031900 0.032259 51050 51200
59 62.310000 60.320000 1000000 9.887924 9.777398 9.882608 9.772558 0.031907 0.032259 0.151856 0.148390 0.032259 0.031899 0.032259 51200 54098
59 62.310000 60.320000 1000000 9.882801 9.773097 9.877477 9.768257 0.031907 0.032259 0.149755 0.146239 0.032259 0.031898 0.032259 53710 64392
59 62.310000 60.320000 1000000 9.879377 9.759119 9.874048 9.754279 0.031903 0.032259 0.149755 0.146239 0.032259 0.031895 0.032259 56870 62656
59 62.310000 60.320000 1000000 9.860119 9.719334 9.856826 9.725919 0.031888 0.032259 0.157113 0.153766 0.032259 0.031878 0.032259 62650 69798
59 62.310000 60.320000 1000000 9.842347 9.701054 9.839036 9.707639 0.031877 0.032259 0.144509 0.140862 0.032259 0.031867 0.032259 69790 70162
59 62.310000 60.320000 1000000 9.842139 9.699979 9.839071 9.707819 0.031877 0.032259 0.144507 0.140861 0.032259 0.031867 0.032259 70160 71214
59 62.310000 60.320000 1000000 9.835019 9.694602 9.831944 9.702442 0.031879 0.032259 0.139272 0.135484 0.032259 0.031869 0.032259 71210 71222
59 62.310000 60.320000 1000000 9.833463 9.693527 9.830386 9.701367 0.031879 0.032259 0.139272 0.135484 0.032259 0.031869 0.032259 71220 72340
59 62.310000 60.320000 1000000 9.833282 9.691914 9.830109 9.698903 0.031879 0.032259 0.138749 0.134947 0.032259 0.031869 0.032259 72340 81913
59 62.310000 60.320000 1000000 9.789703 9.645678 9.786488 9.652667 0.031872 0.032259 0.133524 0.129569 0.032259 0.031863 0.032259 81910 82891
59 62.310000 60.320000 1000000 9.786875 9.642452 9.783657 9.649441 0.031874 0.032259 0.132481 0.128493 0.032259 0.031864 0.032259 82890 83412
59 62.310000 60.320000 1000000 9.774552 9.632775 9.771322 9.639764 0.031868 0.032259 0.137702 0.133870 0.032259 0.031858 0.032259 83410 84374
59 62.310000 60.320000 1000000 9.773847 9.631700 9.770617 9.638688 0.031866 0.032259 0.137702 0.133870 0.032259 0.031856 0.032259 84370 85557
59 62.310000 60.320000 1000000 9.772439 9.630624 9.769207 9.637613 0.031867 0.032259 0.137702 0.133870 0.032259 0.031857 0.032259 85550 86550
59 62.310000 60.320000 1000000 9.770561 9.629549 9.767327 9.636538 0.031868 0.032259 0.137702 0.133870 0.032259 0.031858 0.032259 86550 87184
59 62.310000 60.320000 1000000 9.770063 9.628474 9.766828 9.635462 0.031867 0.032259 0.136657 0.132795 0.032259 0.031857 0.032259 87180 87755
59 62.310000 60.320000 1000000 9.769576 9.627399 9.766341 9.634387 0.031865 0.032259 0.136657 0.132795 0.032259 0.031856 0.032259 87750 89379
59 62.310000 60.320000 1000000 9.748083 9.610194 9.744858 9.617631 0.031864 0.032259 0.133524 0.129569 0.032259 0.031855 0.032259 89370 91506
59 62.310000 60.320000 1000000 9.746209 9.609119 9.742982 9.616556 0.031865 0.032259 0.133524 0.129569 0.032259 0.031855 0.032259 91500 94247
59 62.310000 60.320000 1000000 9.738923 9.604818 9.735689 9.612255 0.031867 0.032259 0.132481 0.128494 0.032259 0.031857 0.032259 94240 101003
59 62.310000 60.320000 1000000 9.713866 9.579012 9.710607 9.586448 0.031856 0.032259 0.117938 0.113441 0.032259 0.031846 0.032259 101000 107813
59 62.310000 60.320000 1000000 9.701046 9.549980 9.702094 9.583760 0.031860 0.032259 0.129356 0.125269 0.032259 0.031850 0.032259 107810 113287
59 62.310000 60.320000 1000000 9.669906 9.511270 9.669322 9.536986 0.031855 0.032259 0.125194 0.120967 0.032259 0.031845 0.032259 111510 112814
59 62.310000 60.320000 1000000 9.668111 9.510195 9.667527 9.535911 0.031856 0.032259 0.126233 0.122042 0.032259 0.031845 0.032259 112810 113287
59 62.310000 60.320000 1000000 9.667335 9.509120 9.666752 9.534836 0.031856 0.032259 0.126233 0.122042 0.032259 0.031845 0.032259 113280 116362
59 62.310000 60.320000 1000000 9.655630 9.494066 9.655044 9.519782 0.031861 0.032259 0.126234 0.122042 0.032259 0.031850 0.032259 116360 116832
59 62.310000 60.320000 1000000 9.653067 9.492991 9.652480 9.518707 0.031864 0.032259 0.125194 0.120967 0.032259 0.031853 0.032259 116830 121409
59 62.310000 60.320000 1000000 9.632849 9.480088 9.632259 9.505803 0.031871 0.032259 0.121044 0.116666 0.032259 0.031860 0.032259 121400 128606
59 62.310000 60.320000 1000000 9.567935 9.438152 9.567333 9.463868 0.031894 0.032259 0.120008 0.115591 0.032259 0.031882 0.032259 128600 131289
59 62.310000 60.320000 1000000 9.558370 9.425249 9.557766 9.450965 0.031889 0.032259 0.118972 0.114516 0.032259 0.031877 0.032259 131280 137410
59 62.310000 60.320000 1000000 9.542858 9.411270 9.542251 9.436986 0.031877 0.032259 0.123118 0.118817 0.032259 0.031866 0.032259 137410 139082
59 62.310000 60.320000 1000000 9.541194 9.410195 9.540587 9.435911 0.031878 0.032259 0.123118 0.118817 0.032259 0.031867 0.032259 139080 139913
59 62.310000 60.320000 1000000 9.540497 9.409120 9.539889 9.434836 0.031878 0.032259 0.123118 0.118817 0.032259 0.031867 0.032259 139910 145116
59 62.310000 60.320000 1000000 9.537243 9.404819 9.536635 9.430535 0.031874 0.032259 0.126234 0.122043 0.032259 0.031863 0.032259 145110 147006
59 62.310000 60.320000 1000000 9.536797 9.403744 9.536189 9.429460 0.031873 0.032259 0.125195 0.120967 0.032259 0.031862 0.032259 147000 152499
59 62.310000 60.320000 1000000 9.522187 9.390840 9.521576 9.416556 0.031870 0.032259 0.128314 0.124193 0.032259 0.031859 0.032259 152490 156016
59 62.310000 60.320000 1000000 9.513808 9.384389 9.513195 9.410105 0.031875 0.032259 0.128314 0.124193 0.032259 0.031863 0.032259 156010 158276
59 62.310000 60.320000 1000000 9.512894 9.383314 9.512281 9.409030 0.031873 0.032259 0.129355 0.125268 0.032259 0.031862 0.032259 158270 158725
59 62.310000 60.320000 1000000 9.511483 9.382238 9.510870 9.407954 0.031874 0.032259 0.128314 0.124193 0.032259 0.031863 0.032259 158720 160240
59 62.310000 60.320000 1000000 9.511286 9.380625 9.510569 9.405490 0.031874 0.032259 0.127794 0.123655 0.032259 0.031863 0.032259 160240 165379
59 62.310000 60.320000 1000000 9.490022 9.368797 9.489300 9.393662 0.031882 0.032259 0.125713 0.121504 0.032259 0.031871 0.032259 165370 180155
59 62.310000 60.320000 1000000 9.455246 9.342991 9.454516 9.367856 0.031881 0.032259 0.115353 0.110751 0.032259 0.031870 0.032259 180150 181820
59 62.310000 60.320000 1000000 9.451728 9.338690 9.450997 9.363555 0.031883 0.032259 0.116386 0.111826 0.032259 0.031872 0.032259 181820 200113
59 62.310000 60.320000 1000000 9.433185 9.317185 9.432117 9.340033 0.031883 0.032259 0.118454 0.113977 0.032259 0.031871 0.032259 200110 207085
59 62.310000 60.320000 1000000 9.431978 9.316109 9.430909 9.338958 0.031883 0.032259 0.119489 0.115052 0.032259 0.031872 0.032259 207080 221354
59 62.310000 60.320000 1000000 9.416855 9.303744 9.415688 9.325741 0.031881 0.032259 0.118971 0.114514 0.032259 0.031869 0.032259 221350 230510
59 62.310000 60.320000 1000000 9.408514 9.295142 9.407343 9.317139 0.031884 0.032259 0.118971 0.114514 0.032259 0.031872 0.032259 230510 233726
59 62.310000 60.320000 1000000 9.403450 9.280088 9.404043 9.315885 0.031884 0.032259 0.116903 0.112364 0.032259 0.031874 0.032259 233720 268499
59 62.310000 60.320000 1000000 9.400679 9.276862 9.401273 9.312659 0.031885 0.032259 0.116903 0.112364 0.032259 0.031875 0.032259 238960 269524
59 62.310000 60.320000 1000000 9.386816 9.260733 9.387413 9.296530 0.031882 0.032259 0.114839 0.110215 0.032259 0.031871 0.032259 250390 259449
59 62.310000 60.320000 1000000 9.385006 9.249981 9.385069 9.280670 0.031883 0.032259 0.111746 0.106989 0.032259 0.031873 0.032259 259440 269524
59 62.310000 60.320000 1000000 9.384003 9.248905 9.384066 9.279595 0.031883 0.032259 0.111746 0.106989 0.032259 0.031873 0.032259 269520 271438
59 62.310000 60.320000 1000000 9.380551 9.245680 9.380614 9.276369 0.031881 0.032259 0.110717 0.105913 0.032259 0.031871 0.032259 271430 283499
59 62.310000 60.320000 1000000 9.371412 9.190304 9.369549 9.194605 0.031877 0.032259 0.099973 0.094625 0.032259 0.031866 0.032259 283490 288519
59 62.310000 60.320000 1000000 9.354260 9.180627 9.352386 9.184928 0.031885 0.032259 0.097940 0.092475 0.032259 0.031874 0.032259 288510 293026
59 62.310000 60.320000 1000000 9.352751 9.177401 9.350876 9.181702 0.031882 0.032259 0.095913 0.090325 0.032259 0.031871 0.032259 293020 298134
59 62.310000 60.320000 1000000 9.342817 9.154283 9.339855 9.149220 0.031887 0.032259 0.088360 0.082261 0.032259 0.031878 0.032259 297420 320694
59 62.310000 60.320000 1000000 9.327712 9.140304 9.324672 9.134838 0.031882 0.032259 0.081399 0.074734 0.032259 0.031872 0.032259 320690 326393
59 62.310000 60.320000 1000000 9.326577 9.139229 9.323536 9.133763 0.031883 0.032259 0.081399 0.074734 0.032259 0.031873 0.032259 326390 335064
59 62.310000 60.320000 1000000 9.321521 9.133853 9.318474 9.128386 0.031875 0.032259 0.084370 0.077959 0.032259 0.031865 0.032259 335060 339831
59 62.310000 60.320000 1000000 9.314632 9.123100 9.311082 9.116021 0.031874 0.032259 0.091370 0.085486 0.032259 0.031864 0.032259 339830 347055
59 62.310000 60.320000 1000000 9.312843 9.119874 9.309292 9.112795 0.031873 0.032259 0.092377 0.086561 0.032259 0.031864 0.032259 347050 349071
59 62.310000 60.320000 1000000 9.307569 9.111272 9.304011 9.104193 0.031866 0.032259 0.090365 0.084411 0.032259 0.031857 0.032259 349070 360341
59 62.310000 60.320000 1000000 9.293330 9.101057 9.289668 9.093127 0.031871 0.032259 0.095912 0.090324 0.032259 0.031862 0.032259 360340 374002
59 62.310000 60.320000 1000000 9.285796 9.089229 9.282124 9.081299 0.031867 0.032259 0.095912 0.090324 0.032259 0.031858 0.032259 374000 380515
59 62.310000 60.320000 1000000 9.272786 9.077401 9.269099 9.069471 0.031862 0.032259 0.099972 0.094624 0.032259 0.031853 0.032259 380510 401807
59 62.310000 60.320000 1000000 9.259276 9.062347 9.255572 9.054417 0.031855 0.032259 0.105075 0.100000 0.032259 0.031846 0.032259 401800 437836
59 62.310000 60.320000 1000000 9.196897 9.007508 9.193118 8.999578 0.031858 0.032259 0.114321 0.109676 0.032259 0.031848 0.032259 437830 443326
59 62.310000 60.320000 1000000 9.195769 9.004283 9.191859 8.995546 0.031856 0.032259 0.116387 0.111827 0.032259 0.031846 0.032259 443320 513186
59 62.310000 60.320000 1000000 9.148428 8.945143 9.145044 8.941424 0.031829 0.032259 0.107125 0.102152 0.032259 0.031820 0.032259 513180 550704
59 62.310000 60.320000 1000000 9.143880 8.937616 9.140427 8.933494 0.031818 0.032259 0.110205 0.105378 0.032259 0.031809 0.032259 550700 636715
59 62.310000 60.320000 1000000 9.090411 8.897831 9.086897 8.893709 0.031825 0.032259 0.110205 0.105379 0.032259 0.031817 0.032259 636710 647475
59 62.310000 60.320000 1000000 9.087200 8.891380 9.083682 8.887257 0.031821 0.032259 0.106100 0.101077 0.032259 0.031812 0.032259 647470 657981
59 62.310000 60.320000 1000000 9.065301 8.878476 9.061757 8.874354 0.031826 0.032259 0.099973 0.094625 0.032259 0.031817 0.032259 657980 665450
59 62.310000 60.320000 1000000 9.063990 8.875251 9.061005 8.873637 0.031825 0.032259 0.097940 0.092475 0.032259 0.031815 0.032259 665450 712861
59 62.310000 60.320000 1000000 9.047255 8.864498 9.044253 8.862885 0.031827 0.032259 0.094901 0.089250 0.032259 0.031818 0.032259 712860 713929
59 62.310000 60.320000 1000000 9.046668 8.863423 9.043666 8.861809 0.031826 0.032259 0.093890 0.088174 0.032259 0.031817 0.032259 713920 728775
59 62.310000 60.320000 1000000 9.036744 8.856971 9.033731 8.855358 0.031826 0.032259 0.088860 0.082798 0.032259 0.031816 0.032259 728770 766883
59 62.310000 60.320000 1000000 9.025914 8.847294 9.022891 8.845680 0.031831 0.032259 0.090868 0.084949 0.032259 0.031821 0.032259 743070 809393
59 62.310000 60.320000 1000000 9.007667 8.834390 9.004770 8.834032 0.031837 0.032259 0.091875 0.086026 0.032259 0.031828 0.032259 809390 815371
59 62.310000 60.320000 1000000 9.005903 8.833315 9.003004 8.832956 0.031839 0.032259 0.090869 0.084950 0.032259 0.031830 0.032259 815370 819834
59 62.310000 60.320000 1000000 8.998159 8.827939 8.995253 8.827580 0.031839 0.032259 0.088861 0.082799 0.032259 0.031830 0.032259 819830 820682
59 62.310000 60.320000 1000000 8.995032 8.824713 8.992265 8.825609 0.031841 0.032259 0.089862 0.083873 0.032259 0.031832 0.032259 820680 865177
59 62.310000 60.320000 1000000 8.993054 8.820412 8.990285 8.821308 0.031838 0.032259 0.088860 0.082797 0.032259 0.031829 0.032259 865170 885944
59 62.310000 60.320000 1000000 8.979668 8.810734 8.977439 8.814139 0.031846 0.032259 0.083873 0.077421 0.032259 0.031837 0.032259 885940 948880
59 62.310000 60.320000 1000000 8.977178 8.807509 8.974947 8.810913 0.031841 0.032259 0.082881 0.076346 0.032259 0.031832 0.032259 948880 988937
59 62.310000 60.320000 1000000 8.963617 8.794605 8.961247 8.797204 0.031839 0.032259 0.077956 0.070969 0.032259 0.031829 0.032259 988930 1000000
