25 62.310000 60.320000 1000000 13.417310 13.417706 13.411515 13.409102 0.031802 0.032257 0.281962 0.280111 0.032257 0.031795 0.032257 0 50
25 62.310000 60.320000 1000000 12.241529 12.066096 12.238422 12.074204 0.031351 0.032257 0.343988 0.342472 0.032257 0.031341 0.032257 50 60
25 62.310000 60.320000 1000000 11.954391 11.779001 11.950617 11.785496 0.031411 0.032257 0.246740 0.244623 0.032257 0.031401 0.032257 60 70
25 62.310000 60.320000 1000000 11.721002 11.508573 11.716919 11.514216 0.031254 0.032257 0.233421 0.231181 0.032257 0.031244 0.032257 70 80
25 62.310000 60.320000 1000000 11.569289 11.339218 11.561502 11.326224 0.031258 0.032257 0.240347 0.238172 0.032257 0.031248 0.032257 80 90
25 62.310000 60.320000 1000000 11.470086 11.182767 11.470586 11.214889 0.031235 0.032257 0.245139 0.243007 0.032257 0.031225 0.032257 90 101
25 62.310000 60.320000 1000000 11.335392 11.076315 11.334945 11.099521 0.031327 0.032257 0.232352 0.230102 0.032257 0.031316 0.032257 100 110
25 62.310000 60.320000 1000000 11.248759 10.876853 11.243013 10.868608 0.031254 0.032257 0.322583 0.320966 0.032257 0.031240 0.032257 110 121
25 62.310000 60.320000 1000000 11.203062 10.781155 11.197246 10.772910 0.031231 0.032257 0.356835 0.355374 0.032257 0.031217 0.032257 120 135
25 62.310000 60.320000 1000000 11.172983 10.759650 11.167119 10.751404 0.031240 0.032257 0.349340 0.347847 0.032257 0.031226 0.032257 130 141
25 62.310000 60.320000 1000000 11.128421 10.714489 11.122717 10.707498 0.031215 0.032257 0.329000 0.327415 0.032257 0.031200 0.032257 140 155
25 62.310000 60.320000 1000000 11.020269 10.648897 11.014396 10.641906 0.031257 0.032257 0.318301 0.316662 0.032257 0.031243 0.032257 150 160
25 62.310000 60.320000 1000000 10.934990 10.543520 10.928978 10.536529 0.031222 0.032257 0.273413 0.271503 0.032257 0.031208 0.032257 160 171
25 62.310000 60.320000 1000000 10.869549 10.509650 10.863340 10.501807 0.031260 0.032257 0.268608 0.266664 0.032257 0.031246 0.032257 170 182
25 62.310000 60.320000 1000000 10.740020 10.431156 10.733238 10.419909 0.031357 0.032257 0.281423 0.279568 0.032257 0.031343 0.032257 180 192
25 62.310000 60.320000 1000000 10.568764 10.292447 10.561533 10.280796 0.031470 0.032257 0.277150 0.275266 0.032257 0.031457 0.032257 190 203
25 62.310000 60.320000 1000000 10.457130 10.231157 10.449665 10.219506 0.031559 0.032257 0.253669 0.251610 0.032257 0.031546 0.032257 200 213
25 62.310000 60.320000 1000000 10.307995 10.004813 10.297310 9.954856 0.031632 0.032257 0.168177 0.165054 0.032257 0.031619 0.032257 210 224
25 62.310000 60.320000 1000000 10.285685 9.988684 10.274930 9.938727 0.031643 0.032257 0.170287 0.167204 0.032257 0.031630 0.032257 220 232
25 62.310000 60.320000 1000000 10.239484 9.961802 10.228583 9.911845 0.031677 0.032257 0.161847 0.158600 0.032257 0.031664 0.032257 230 251
25 62.310000 60.320000 1000000 10.209440 9.937071 10.198230 9.885412 0.031692 0.032257 0.162901 0.159675 0.032257 0.031680 0.032257 250 272
25 62.310000 60.320000 1000000 10.187610 9.918792 10.176275 9.866729 0.031698 0.032257 0.167118 0.163975 0.032257 0.031686 0.032257 270 290
25 62.310000 60.320000 1000000 10.172295 9.891910 10.159351 9.834202 0.031694 0.032257 0.178739 0.175804 0.032257 0.031683 0.032257 290 305
25 62.310000 60.320000 1000000 10.171176 9.890835 10.158228 9.833127 0.031693 0.032257 0.178739 0.175804 0.032257 0.031681 0.032257 300 310
25 62.310000 60.320000 1000000 10.140139 9.854276 10.128244 9.801586 0.031691 0.032257 0.173454 0.170428 0.032257 0.031679 0.032257 310 320
25 62.310000 60.320000 1000000 10.133764 9.851050 10.121846 9.798361 0.031695 0.032257 0.174510 0.171503 0.032257 0.031683 0.032257 320 330
25 62.310000 60.320000 1000000 10.123575 9.841373 10.111621 9.788683 0.031696 0.032257 0.172397 0.169352 0.032257 0.031684 0.032257 330 348
25 62.310000 60.320000 1000000 10.122036 9.834921 10.110358 9.783486 0.031693 0.032257 0.170286 0.167203 0.032257 0.031681 0.032257 340 366
25 62.310000 60.320000 1000000 10.104611 9.813416 10.094862 9.772017 0.031700 0.032257 0.162905 0.159679 0.032257 0.031687 0.032257 360 379
25 62.310000 60.320000 1000000 10.102705 9.812341 10.092950 9.770941 0.031700 0.032257 0.162905 0.159679 0.032257 0.031687 0.032257 370 392
25 62.310000 60.320000 1000000 10.077182 9.781696 10.066637 9.734338 0.031711 0.032257 0.160269 0.156990 0.032257 0.031698 0.032257 390 401
25 62.310000 60.320000 1000000 10.045686 9.726857 10.042549 9.724661 0.031724 0.032257 0.134048 0.130109 0.032257 0.031713 0.032257 400 416
25 62.310000 60.320000 1000000 10.044730 9.724707 10.041592 9.722510 0.031722 0.032257 0.133005 0.129035 0.032257 0.031711 0.032257 410 429
25 62.310000 60.320000 1000000 10.035201 9.718255 10.032053 9.716059 0.031728 0.032257 0.134049 0.130110 0.032257 0.031716 0.032257 420 434
25 62.310000 60.320000 1000000 10.005070 9.701051 10.001894 9.698854 0.031741 0.032257 0.149754 0.146239 0.032257 0.031730 0.032257 430 448
25 62.310000 60.320000 1000000 9.990934 9.688148 9.987745 9.685951 0.031745 0.032257 0.150804 0.147313 0.032257 0.031733 0.032257 440 451
25 62.310000 60.320000 1000000 9.990204 9.687072 9.987014 9.684876 0.031745 0.032257 0.150804 0.147313 0.032257 0.031733 0.032257 450 461
25 62.310000 60.320000 1000000 9.989109 9.684922 9.985918 9.682725 0.031742 0.032257 0.150804 0.147313 0.032257 0.031731 0.032257 460 477
25 62.310000 60.320000 1000000 9.953698 9.653740 9.949905 9.646436 0.031759 0.032257 0.149754 0.146239 0.032257 0.031748 0.032257 470 496
25 62.310000 60.320000 1000000 9.927187 9.629009 9.925169 9.631740 0.031777 0.032257 0.142413 0.138711 0.032257 0.031766 0.032257 490 500
25 62.310000 60.320000 1000000 9.915197 9.620944 9.913128 9.622825 0.031787 0.032257 0.136659 0.132797 0.032257 0.031776 0.032257 500 570
25 62.310000 60.320000 1000000 9.807149 9.524171 9.804776 9.523453 0.031798 0.032257 0.130399 0.126346 0.032257 0.031788 0.032257 570 600
25 62.310000 60.320000 1000000 9.757844 9.473634 9.755048 9.468705 0.031808 0.032257 0.115872 0.111292 0.032257 0.031797 0.032257 600 622
25 62.310000 60.320000 1000000 9.725488 9.449978 9.722664 9.445049 0.031821 0.032257 0.117938 0.113441 0.032257 0.031810 0.032257 620 634
25 62.310000 60.320000 1000000 9.667924 9.408043 9.665048 9.403114 0.031824 0.032257 0.122082 0.117744 0.032257 0.031813 0.032257 630 644
25 62.310000 60.320000 1000000 9.648370 9.395140 9.645477 9.390211 0.031826 0.032257 0.124158 0.119894 0.032257 0.031815 0.032257 640 653
25 62.310000 60.320000 1000000 9.624740 9.367183 9.621322 9.357146 0.031836 0.032257 0.117940 0.113443 0.032257 0.031825 0.032257 650 673
25 62.310000 60.320000 1000000 9.596963 9.342452 9.593515 9.332415 0.031838 0.032257 0.123122 0.118821 0.032257 0.031828 0.032257 670 682
25 62.310000 60.320000 1000000 9.534279 9.309119 9.530762 9.299082 0.031879 0.032257 0.147131 0.143551 0.032257 0.031868 0.032257 680 747
25 62.310000 60.320000 1000000 9.507252 9.287614 9.503579 9.276770 0.031904 0.032257 0.141891 0.138175 0.032257 0.031893 0.032257 740 798
25 62.310000 60.320000 1000000 9.448064 9.254280 9.444322 9.243437 0.031947 0.032257 0.127277 0.123122 0.032257 0.031936 0.032257 790 816
25 62.310000 60.320000 1000000 9.446289 9.248904 9.443170 9.243078 0.031945 0.032257 0.124160 0.119896 0.032257 0.031935 0.032257 810 894
25 62.310000 60.320000 1000000 9.427659 9.232775 9.424958 9.230713 0.031949 0.032257 0.125200 0.120973 0.032257 0.031939 0.032257 890 998
25 62.310000 60.320000 1000000 9.388077 9.209119 9.385342 9.207057 0.031961 0.032257 0.135617 0.131725 0.032257 0.031951 0.032257 990 1017
25 62.310000 60.320000 1000000 9.386985 9.208044 9.384249 9.205982 0.031961 0.032257 0.134573 0.130650 0.032257 0.031952 0.032257 1010 1033
25 62.310000 60.320000 1000000 9.369963 9.196216 9.367212 9.194154 0.031962 0.032257 0.142939 0.139251 0.032257 0.031952 0.032257 1030 1062
25 62.310000 60.320000 1000000 9.337805 9.174710 9.335168 9.173903 0.031972 0.032257 0.130402 0.126350 0.032257 0.031963 0.032257 1060 1112
25 62.310000 60.320000 1000000 9.305777 9.146753 9.303112 9.145946 0.031975 0.032257 0.123123 0.118822 0.032257 0.031966 0.032257 1110 1132
25 62.310000 60.320000 1000000 9.273364 9.132775 9.270672 9.131967 0.032015 0.032257 0.115877 0.111296 0.032257 0.032006 0.032257 1130 1147
25 62.310000 60.320000 1000000 9.271778 9.131700 9.269084 9.130892 0.032015 0.032257 0.115877 0.111296 0.032257 0.032006 0.032257 1140 1163
25 62.310000 60.320000 1000000 9.262727 9.124173 9.260025 9.123365 0.032019 0.032257 0.111752 0.106995 0.032257 0.032010 0.032257 1160 1181
25 62.310000 60.320000 1000000 9.248333 9.111269 9.246371 9.114225 0.032026 0.032257 0.115876 0.111295 0.032257 0.032017 0.032257 1180 1194
25 62.310000 60.320000 1000000 9.242868 9.108044 9.240902 9.110999 0.032028 0.032257 0.116909 0.112371 0.032257 0.032018 0.032257 1190 1460
25 62.310000 60.320000 1000000 9.231470 9.102667 9.229498 9.105623 0.032040 0.032257 0.111751 0.106994 0.032257 0.032030 0.032257 1220 1451
25 62.310000 60.320000 1000000 9.185306 9.071485 9.182934 9.073231 0.032055 0.032257 0.098450 0.093016 0.032257 0.032046 0.032257 1450 1460
25 62.310000 60.320000 1000000 9.181646 9.068259 9.179271 9.070005 0.032056 0.032257 0.096421 0.090865 0.032257 0.032047 0.032257 1460 1492
25 62.310000 60.320000 1000000 9.176768 9.063958 9.174389 9.065704 0.032053 0.032257 0.097435 0.091940 0.032257 0.032044 0.032257 1490 1629
25 62.310000 60.320000 1000000 9.127181 9.037076 9.124764 9.038822 0.032088 0.032257 0.078449 0.071510 0.032257 0.032079 0.032257 1620 1630
25 62.310000 60.320000 1000000 9.125832 9.036001 9.123414 9.037747 0.032089 0.032257 0.077470 0.070435 0.032257 0.032080 0.032257 1630 1657
25 62.310000 60.320000 1000000 9.120846 9.032775 9.118424 9.034521 0.032091 0.032257 0.077470 0.070435 0.032257 0.032081 0.032257 1650 1664
25 62.310000 60.320000 1000000 9.118788 9.031700 9.116364 9.033446 0.032092 0.032257 0.077470 0.070435 0.032257 0.032082 0.032257 1660 1710
25 62.310000 60.320000 1000000 9.095231 9.013420 9.092788 9.015167 0.032102 0.032257 0.076494 0.069360 0.032257 0.032092 0.032257 1710 1728
25 62.310000 60.320000 1000000 9.093895 9.012345 9.091451 9.014091 0.032102 0.032257 0.075520 0.068284 0.032257 0.032093 0.032257 1720 1743
25 62.310000 60.320000 1000000 9.091859 9.011270 9.089414 9.013016 0.032104 0.032257 0.075520 0.068284 0.032257 0.032094 0.032257 1740 1776
25 62.310000 60.320000 1000000 9.089889 9.010195 9.087442 9.011941 0.032105 0.032257 0.074549 0.067209 0.032257 0.032095 0.032257 1770 1790
25 62.310000 60.320000 1000000 9.088326 9.009119 9.085877 9.010865 0.032105 0.032257 0.075520 0.068284 0.032257 0.032096 0.032257 1790 1859
25 62.310000 60.320000 1000000 9.081695 9.002668 9.079241 9.004414 0.032100 0.032257 0.080414 0.073660 0.032257 0.032090 0.032257 1850 1860
25 62.310000 60.320000 1000000 9.080074 9.001592 9.077619 9.003339 0.032100 0.032257 0.080414 0.073660 0.032257 0.032090 0.032257 1860 1875
25 62.310000 60.320000 1000000 9.073193 8.996216 9.070732 8.997962 0.032096 0.032257 0.077470 0.070434 0.032257 0.032086 0.032257 1870 2145
25 62.310000 60.320000 1000000 9.047717 8.973636 9.045538 8.977891 0.032089 0.032257 0.069739 0.061831 0.032257 0.032079 0.032257 2140 2228
25 62.310000 60.320000 1000000 9.031235 8.961808 9.029044 8.966063 0.032093 0.032257 0.071653 0.063981 0.032257 0.032083 0.032257 2210 2264
25 62.310000 60.320000 1000000 9.023271 8.956431 9.021074 8.960686 0.032092 0.032257 0.072614 0.065056 0.032257 0.032083 0.032257 2260 2297
25 62.310000 60.320000 1000000 9.021310 8.955356 9.019112 8.959611 0.032093 0.032257 0.073579 0.066132 0.032257 0.032084 0.032257 2290 2321
25 62.310000 60.320000 1000000 9.020927 8.954281 9.018729 8.958536 0.032093 0.032257 0.072614 0.065056 0.032257 0.032083 0.032257 2320 2390
25 62.310000 60.320000 1000000 9.014354 8.942990 9.011869 8.944692 0.032088 0.032257 0.072133 0.064518 0.032257 0.032079 0.032257 2390 2579
25 62.310000 60.320000 1000000 9.003038 8.931700 9.000492 8.932550 0.032085 0.032257 0.071653 0.063981 0.032257 0.032076 0.032257 2570 2714
25 62.310000 60.320000 1000000 8.995004 8.925248 8.992451 8.926099 0.032087 0.032257 0.071653 0.063981 0.032257 0.032078 0.032257 2710 2734
25 62.310000 60.320000 1000000 8.994566 8.924173 8.992013 8.925023 0.032088 0.032257 0.072614 0.065056 0.032257 0.032079 0.032257 2730 2852
25 62.310000 60.320000 1000000 8.958598 8.898367 8.956014 8.899217 0.032092 0.032257 0.084371 0.077961 0.032257 0.032083 0.032257 2850 2888
25 62.310000 60.320000 1000000 8.956656 8.897291 8.954071 8.898142 0.032093 0.032257 0.084371 0.077961 0.032257 0.032084 0.032257 2880 2909
25 62.310000 60.320000 1000000 8.955002 8.896216 8.952415 8.897066 0.032093 0.032257 0.085365 0.079036 0.032257 0.032084 0.032257 2900 3009
25 62.310000 60.320000 1000000 8.941728 8.886539 8.939130 8.887389 0.032099 0.032257 0.083376 0.076883 0.032257 0.032090 0.032257 3000 3382
25 62.310000 60.320000 1000000 8.924184 8.869334 8.921570 8.870185 0.032099 0.032257 0.083376 0.076883 0.032257 0.032090 0.032257 3380 3395
25 62.310000 60.320000 1000000 8.921355 8.867184 8.918739 8.868034 0.032100 0.032257 0.082385 0.075808 0.032257 0.032091 0.032257 3390 3402
25 62.310000 60.320000 1000000 8.916497 8.863958 8.913876 8.864808 0.032100 0.032257 0.083376 0.076883 0.032257 0.032091 0.032257 3400 3827
25 62.310000 60.320000 1000000 8.885044 8.843528 8.882395 8.844378 0.032107 0.032257 0.080411 0.073657 0.032257 0.032098 0.032257 3770 3858
25 62.310000 60.320000 1000000 8.883385 8.842453 8.880735 8.843303 0.032108 0.032257 0.081397 0.074733 0.032257 0.032099 0.032257 3850 3875
25 62.310000 60.320000 1000000 8.879182 8.839227 8.876529 8.840077 0.032109 0.032257 0.083376 0.076883 0.032257 0.032100 0.032257 3870 4505
25 62.310000 60.320000 1000000 8.853245 8.820948 8.850567 8.821798 0.032119 0.032257 0.080411 0.073657 0.032257 0.032110 0.032257 4500 4692
25 62.310000 60.320000 1000000 8.839345 8.806969 8.837202 8.810328 0.032118 0.032257 0.085363 0.079034 0.032257 0.032109 0.032257 4690 4846
25 62.310000 60.320000 1000000 8.837789 8.805894 8.835645 8.809253 0.032119 0.032257 0.085363 0.079034 0.032257 0.032109 0.032257 4840 4986
25 62.310000 60.320000 1000000 8.836068 8.804819 8.833923 8.808178 0.032119 0.032257 0.084368 0.077958 0.032257 0.032110 0.032257 4980 4995
25 62.310000 60.320000 1000000 8.834453 8.803743 8.832307 8.807102 0.032120 0.032257 0.083376 0.076883 0.032257 0.032111 0.032257 4990 5027
25 62.310000 60.320000 1000000 8.833108 8.802668 8.830961 8.806027 0.032120 0.032257 0.084369 0.077959 0.032257 0.032111 0.032257 5020 5038
25 62.310000 60.320000 1000000 8.832257 8.801593 8.830109 8.804952 0.032121 0.032257 0.084369 0.077959 0.032257 0.032111 0.032257 5030 5590
25 62.310000 60.320000 1000000 8.829393 8.799442 8.827243 8.802801 0.032120 0.032257 0.082386 0.075808 0.032257 0.032110 0.032257 5190 5235
25 62.310000 60.320000 1000000 8.828008 8.798367 8.825857 8.801726 0.032119 0.032257 0.081397 0.074733 0.032257 0.032109 0.032257 5230 5590
25 62.310000 60.320000 1000000 8.818835 8.790840 8.816677 8.794199 0.032118 0.032257 0.079428 0.072582 0.032257 0.032109 0.032257 5590 5626
25 62.310000 60.320000 1000000 8.817565 8.789765 8.815406 8.793124 0.032119 0.032257 0.079429 0.072584 0.032257 0.032109 0.032257 5620 5665
25 62.310000 60.320000 1000000 8.811681 8.786539 8.809518 8.789898 0.032122 0.032257 0.076493 0.069358 0.032257 0.032112 0.032257 5660 5841
25 62.310000 60.320000 1000000 8.801573 8.779012 8.799403 8.782371 0.032124 0.032257 0.076491 0.069356 0.032257 0.032114 0.032257 5840 5901
25 62.310000 60.320000 1000000 8.799903 8.777937 8.797731 8.781296 0.032124 0.032257 0.077467 0.070432 0.032257 0.032115 0.032257 5900 6017
25 62.310000 60.320000 1000000 8.798628 8.776862 8.796455 8.780221 0.032123 0.032257 0.076491 0.069356 0.032257 0.032114 0.032257 6010 6105
25 62.310000 60.320000 1000000 8.791604 8.772561 8.789426 8.775920 0.032125 0.032257 0.079428 0.072582 0.032257 0.032115 0.032257 6100 6178
25 62.310000 60.320000 1000000 8.784694 8.767184 8.782511 8.770543 0.032126 0.032257 0.078446 0.071507 0.032257 0.032116 0.032257 6170 6254
25 62.310000 60.320000 1000000 8.783654 8.766109 8.781470 8.769468 0.032125 0.032257 0.077467 0.070432 0.032257 0.032116 0.032257 6250 6291
25 62.310000 60.320000 1000000 8.782769 8.765034 8.780585 8.768393 0.032125 0.032257 0.076491 0.069356 0.032257 0.032115 0.032257 6290 6578
25 62.310000 60.320000 1000000 8.781199 8.763958 8.779014 8.767318 0.032125 0.032257 0.077467 0.070432 0.032257 0.032115 0.032257 6570 7209
25 62.310000 60.320000 1000000 8.776632 8.760733 8.774443 8.764092 0.032127 0.032257 0.075517 0.068281 0.032257 0.032117 0.032257 7200 7225
25 62.310000 60.320000 1000000 8.773815 8.757507 8.771624 8.760866 0.032128 0.032257 0.073578 0.066130 0.032257 0.032119 0.032257 7220 7354
25 62.310000 60.320000 1000000 8.771913 8.756432 8.769721 8.759791 0.032129 0.032257 0.073578 0.066130 0.032257 0.032120 0.032257 7350 7707
25 62.310000 60.320000 1000000 8.767323 8.752130 8.765127 8.755490 0.032126 0.032257 0.075517 0.068281 0.032257 0.032116 0.032257 7700 7797
25 62.310000 60.320000 1000000 8.765890 8.751055 8.763693 8.754414 0.032126 0.032257 0.075517 0.068281 0.032257 0.032116 0.032257 7790 7933
25 62.310000 60.320000 1000000 8.764163 8.749980 8.761964 8.753339 0.032127 0.032257 0.074546 0.067206 0.032257 0.032117 0.032257 7930 8204
25 62.310000 60.320000 1000000 8.763565 8.748905 8.761366 8.752264 0.032126 0.032257 0.075517 0.068281 0.032257 0.032117 0.032257 8200 8338
25 62.310000 60.320000 1000000 8.762081 8.747829 8.759881 8.751189 0.032125 0.032257 0.074546 0.067206 0.032257 0.032116 0.032257 8330 9268
25 62.310000 60.320000 1000000 8.742578 8.730625 8.740363 8.733984 0.032112 0.032257 0.067838 0.059678 0.032257 0.032102 0.032257 9260 9378
25 62.310000 60.320000 1000000 8.740963 8.729550 8.738746 8.732909 0.032112 0.032257 0.067838 0.059678 0.032257 0.032103 0.032257 9370 9439
25 62.310000 60.320000 1000000 8.739329 8.728475 8.737112 8.731834 0.032113 0.032257 0.066894 0.058603 0.032257 0.032103 0.032257 9430 10326
25 62.310000 60.320000 1000000 8.717114 8.712346 8.714879 8.715705 0.032117 0.032257 0.067839 0.059679 0.032257 0.032108 0.032257 10320 10476
25 62.310000 60.320000 1000000 8.713635 8.709120 8.711398 8.712479 0.032115 0.032257 0.065955 0.057529 0.032257 0.032105 0.032257 10470 11002
25 62.310000 60.320000 1000000 8.698104 8.698367 8.695855 8.701726 0.032114 0.032257 0.063161 0.054303 0.032257 0.032105 0.032257 11000 11071
25 62.310000 60.320000 1000000 8.696981 8.697292 8.694731 8.700651 0.032115 0.032257 0.063161 0.054303 0.032257 0.032105 0.032257 11070 11207
25 62.310000 60.320000 1000000 8.695140 8.696217 8.692889 8.699576 0.032116 0.032257 0.062239 0.053227 0.032257 0.032106 0.032257 11200 11252
25 62.310000 60.320000 1000000 8.694144 8.695141 8.691892 8.698500 0.032117 0.032257 0.061322 0.052152 0.032257 0.032107 0.032257 11250 12144
25 62.310000 60.320000 1000000 8.692561 8.694066 8.690308 8.697425 0.032117 0.032257 0.062239 0.053227 0.032257 0.032107 0.032257 12140 12846
25 62.310000 60.320000 1000000 8.684585 8.688690 8.682325 8.692049 0.032119 0.032257 0.064088 0.055378 0.032257 0.032109 0.032257 12840 13379
25 62.310000 60.320000 1000000 8.684443 8.687614 8.682349 8.692228 0.032119 0.032257 0.065019 0.056453 0.032257 0.032109 0.032257 13370 14217
25 62.310000 60.320000 1000000 8.671021 8.676862 8.668917 8.681475 0.032119 0.032257 0.066894 0.058603 0.032257 0.032110 0.032257 14210 14564
25 62.310000 60.320000 1000000 8.667682 8.673636 8.665575 8.678249 0.032121 0.032257 0.065954 0.057527 0.032257 0.032112 0.032257 14560 14870
25 62.310000 60.320000 1000000 8.660657 8.669335 8.658546 8.673948 0.032124 0.032257 0.062238 0.053226 0.032257 0.032115 0.032257 14870 15751
25 62.310000 60.320000 1000000 8.656827 8.666109 8.654712 8.670723 0.032122 0.032257 0.060409 0.051075 0.032257 0.032112 0.032257 15020 16651
25 62.310000 60.320000 1000000 8.638744 8.649980 8.636503 8.652891 0.032123 0.032257 0.058601 0.048924 0.032257 0.032113 0.032257 16650 17028
25 62.310000 60.320000 1000000 8.637415 8.648905 8.635173 8.651816 0.032122 0.032257 0.058601 0.048924 0.032257 0.032112 0.032257 17020 17221
25 62.310000 60.320000 1000000 8.636292 8.647829 8.634050 8.650741 0.032123 0.032257 0.059502 0.049999 0.032257 0.032113 0.032257 17220 17728
25 62.310000 60.320000 1000000 8.634951 8.646754 8.632707 8.649665 0.032122 0.032257 0.058601 0.048924 0.032257 0.032112 0.032257 17720 18226
25 62.310000 60.320000 1000000 8.631363 8.640840 8.629014 8.642900 0.032124 0.032257 0.060863 0.051612 0.032257 0.032115 0.032257 18220 19369
25 62.310000 60.320000 1000000 8.621484 8.634389 8.619126 8.636449 0.032124 0.032257 0.062697 0.053763 0.032257 0.032115 0.032257 19360 19493
25 62.310000 60.320000 1000000 8.619926 8.633313 8.617567 8.635373 0.032124 0.032257 0.063622 0.054838 0.032257 0.032115 0.032257 19490 19755
25 62.310000 60.320000 1000000 8.617012 8.630088 8.614651 8.632147 0.032122 0.032257 0.061778 0.052688 0.032257 0.032113 0.032257 19750 20689
25 62.310000 60.320000 1000000 8.612500 8.623636 8.610135 8.625696 0.032126 0.032257 0.065485 0.056989 0.032257 0.032116 0.032257 20680 21184
25 62.310000 60.320000 1000000 8.610982 8.622561 8.608616 8.624621 0.032125 0.032257 0.065485 0.056989 0.032257 0.032116 0.032257 21180 21847
25 62.310000 60.320000 1000000 8.587684 8.602131 8.585299 8.604191 0.032130 0.032257 0.072131 0.064516 0.032257 0.032121 0.032257 21840 22262
25 62.310000 60.320000 1000000 8.585902 8.601055 8.583516 8.603115 0.032130 0.032257 0.073094 0.065591 0.032257 0.032121 0.032257 22260 25067
25 62.310000 60.320000 1000000 8.578830 8.595679 8.576292 8.597336 0.032130 0.032257 0.073094 0.065591 0.032257 0.032121 0.032257 25060 25164
25 62.310000 60.320000 1000000 8.577890 8.594604 8.575351 8.596260 0.032130 0.032257 0.074061 0.066667 0.032257 0.032121 0.032257 25160 25659
25 62.310000 60.320000 1000000 8.569203 8.589227 8.566656 8.590884 0.032132 0.032257 0.071169 0.063439 0.032257 0.032123 0.032257 25650 29464
25 62.310000 60.320000 1000000 8.549223 8.569873 8.547240 8.574038 0.032137 0.032257 0.065484 0.056988 0.032257 0.032127 0.032257 28380 29403
25 62.310000 60.320000 1000000 8.547777 8.568798 8.545792 8.572963 0.032137 0.032257 0.065484 0.056988 0.032257 0.032127 0.032257 29400 29464
25 62.310000 60.320000 1000000 8.546437 8.567722 8.544452 8.571888 0.032136 0.032257 0.066422 0.058063 0.032257 0.032126 0.032257 29460 29740
25 62.310000 60.320000 1000000 8.545602 8.566647 8.543616 8.570813 0.032135 0.032257 0.066422 0.058063 0.032257 0.032125 0.032257 29740 30000
25 62.310000 60.320000 1000000 8.545111 8.565572 8.543125 8.569737 0.032136 0.032257 0.066422 0.058063 0.032257 0.032126 0.032257 30000 31737
25 62.310000 60.320000 1000000 8.538502 8.556970 8.536511 8.561135 0.032141 0.032257 0.065484 0.056988 0.032257 0.032131 0.032257 31730 33382
25 62.310000 60.320000 1000000 8.533727 8.553744 8.531733 8.557909 0.032142 0.032257 0.062697 0.053762 0.032257 0.032133 0.032257 33380 34225
25 62.310000 60.320000 1000000 8.523304 8.547292 8.521302 8.551458 0.032144 0.032257 0.066423 0.058064 0.032257 0.032134 0.032257 34220 36761
25 62.310000 60.320000 1000000 8.510307 8.529013 8.507695 8.528071 0.032150 0.032257 0.061779 0.052689 0.032257 0.032141 0.032257 36760 40937
25 62.310000 60.320000 1000000 8.493685 8.515034 8.490768 8.513286 0.032153 0.032257 0.065486 0.056990 0.032257 0.032144 0.032257 40930 41710
25 62.310000 60.320000 1000000 8.492841 8.513959 8.489922 8.512210 0.032154 0.032257 0.065486 0.056990 0.032257 0.032145 0.032257 41710 42398
25 62.310000 60.320000 1000000 8.491684 8.512884 8.488765 8.511135 0.032155 0.032257 0.064553 0.055915 0.032257 0.032146 0.032257 42390 42471
25 62.310000 60.320000 1000000 8.491537 8.511808 8.488790 8.511314 0.032155 0.032257 0.064553 0.055915 0.032257 0.032146 0.032257 42470 54456
25 62.310000 60.320000 1000000 8.470070 8.490303 8.468426 8.494827 0.032158 0.032257 0.065487 0.056991 0.032257 0.032148 0.032257 50100 55986
25 62.310000 60.320000 1000000 8.465378 8.484927 8.463731 8.489451 0.032155 0.032257 0.066424 0.058065 0.032257 0.032145 0.032257 55980 56880
25 62.310000 60.320000 1000000 8.463898 8.483851 8.462250 8.488375 0.032154 0.032257 0.066424 0.058065 0.032257 0.032144 0.032257 56880 57875
25 62.310000 60.320000 1000000 8.462637 8.482776 8.460989 8.487300 0.032154 0.032257 0.066424 0.058065 0.032257 0.032145 0.032257 57870 58876
25 62.310000 60.320000 1000000 8.457568 8.478475 8.455917 8.482999 0.032154 0.032257 0.069261 0.061291 0.032257 0.032144 0.032257 58870 63588
25 62.310000 60.320000 1000000 8.452637 8.470948 8.450562 8.474262 0.032158 0.032257 0.067364 0.059139 0.032257 0.032148 0.032257 63580 63878
25 62.310000 60.320000 1000000 8.451173 8.469873 8.449097 8.473187 0.032158 0.032257 0.067364 0.059138 0.032257 0.032149 0.032257 63870 64355
25 62.310000 60.320000 1000000 8.449292 8.468797 8.447215 8.472112 0.032159 0.032257 0.067364 0.059138 0.032257 0.032150 0.032257 64350 65574
25 62.310000 60.320000 1000000 8.435754 8.459120 8.433666 8.462434 0.032164 0.032257 0.062698 0.053763 0.032257 0.032154 0.032257 65570 74943
25 62.310000 60.320000 1000000 8.401796 8.435464 8.399683 8.438778 0.032165 0.032257 0.065485 0.056989 0.032257 0.032155 0.032257 74940 75579
25 62.310000 60.320000 1000000 8.395581 8.431163 8.393464 8.434477 0.032166 0.032257 0.067364 0.059138 0.032257 0.032157 0.032257 75570 76318
25 62.310000 60.320000 1000000 8.394199 8.430088 8.392081 8.433402 0.032166 0.032257 0.067364 0.059139 0.032257 0.032157 0.032257 76310 77456
25 62.310000 60.320000 1000000 8.389647 8.424711 8.387525 8.428026 0.032166 0.032257 0.068310 0.060214 0.032257 0.032157 0.032257 77450 77971
25 62.310000 60.320000 1000000 8.388461 8.423636 8.386338 8.426951 0.032166 0.032257 0.068310 0.060214 0.032257 0.032156 0.032257 77970 82879
25 62.310000 60.320000 1000000 8.378225 8.414497 8.375996 8.416960 0.032169 0.032257 0.064086 0.055375 0.032257 0.032160 0.032257 82870 84362
25 62.310000 60.320000 1000000 8.371544 8.404819 8.369121 8.405580 0.032173 0.032257 0.058602 0.048925 0.032257 0.032164 0.032257 84360 85760
25 62.310000 60.320000 1000000 8.362699 8.392991 8.360178 8.393349 0.032177 0.032257 0.059503 0.050000 0.032257 0.032168 0.032257 85760 89089
25 62.310000 60.320000 1000000 8.354155 8.385464 8.351627 8.385822 0.032175 0.032257 0.057708 0.047850 0.032257 0.032166 0.032257 89080 93502
25 62.310000 60.320000 1000000 8.352630 8.384389 8.350101 8.384746 0.032175 0.032257 0.057707 0.047849 0.032257 0.032166 0.032257 93500 99576
25 62.310000 60.320000 1000000 8.350538 8.381163 8.347731 8.380714 0.032177 0.032257 0.055062 0.044623 0.032257 0.032168 0.032257 99570 99604
25 62.310000 60.320000 1000000 8.349772 8.380088 8.346963 8.379639 0.032177 0.032257 0.054194 0.043548 0.032257 0.032169 0.032257 99600 101704
25 62.310000 60.320000 1000000 8.348938 8.379013 8.346129 8.378564 0.032178 0.032257 0.054194 0.043548 0.032257 0.032169 0.032257 101700 113442
25 62.310000 60.320000 1000000 8.332601 8.366110 8.329776 8.365660 0.032175 0.032257 0.056819 0.046774 0.032257 0.032167 0.032257 113440 113587
25 62.310000 60.320000 1000000 8.331659 8.365034 8.328833 8.364585 0.032175 0.032257 0.056819 0.046774 0.032257 0.032166 0.032257 113580 115609
25 62.310000 60.320000 1000000 8.330347 8.363959 8.327519 8.363510 0.032175 0.032257 0.057707 0.047850 0.032257 0.032166 0.032257 115600 117367
25 62.310000 60.320000 1000000 8.329526 8.362884 8.326697 8.362435 0.032176 0.032257 0.058602 0.048925 0.032257 0.032167 0.032257 117360 123528
25 62.310000 60.320000 1000000 8.322531 8.355357 8.319976 8.356162 0.032179 0.032257 0.061320 0.052150 0.032257 0.032170 0.032257 123520 125735
25 62.310000 60.320000 1000000 8.321798 8.354282 8.319243 8.355087 0.032178 0.032257 0.062237 0.053225 0.032257 0.032169 0.032257 125730 128717
25 62.310000 60.320000 1000000 8.318779 8.351056 8.316221 8.351861 0.032178 0.032257 0.063159 0.054300 0.032257 0.032169 0.032257 128710 129020
25 62.310000 60.320000 1000000 8.318036 8.349981 8.315477 8.350786 0.032179 0.032257 0.063159 0.054300 0.032257 0.032170 0.032257 129020 131632
25 62.310000 60.320000 1000000 8.317801 8.348905 8.315153 8.349307 0.032179 0.032257 0.063159 0.054300 0.032257 0.032170 0.032257 131630 134324
25 62.310000 60.320000 1000000 8.315294 8.345679 8.312644 8.346082 0.032179 0.032257 0.063159 0.054300 0.032257 0.032170 0.032257 134320 135700
25 62.310000 60.320000 1000000 8.313882 8.344604 8.311231 8.345006 0.032179 0.032257 0.062237 0.053225 0.032257 0.032170 0.032257 135700 139140
25 62.310000 60.320000 1000000 8.308872 8.337077 8.306080 8.337076 0.032183 0.032257 0.061320 0.052150 0.032257 0.032174 0.032257 139140 147110
25 62.310000 60.320000 1000000 8.299879 8.326325 8.297627 8.328833 0.032183 0.032257 0.068784 0.060751 0.032257 0.032174 0.032257 147110 151054
25 62.310000 60.320000 1000000 8.294526 8.322024 8.292269 8.324531 0.032181 0.032257 0.072611 0.065052 0.032257 0.032172 0.032257 151050 155793
25 62.310000 60.320000 1000000 8.293425 8.320948 8.291168 8.323456 0.032180 0.032257 0.071649 0.063977 0.032257 0.032171 0.032257 155790 180308
25 62.310000 60.320000 1000000 8.265823 8.292454 8.263263 8.292408 0.032180 0.032257 0.075029 0.067741 0.032257 0.032171 0.032257 180300 196831
25 62.310000 60.320000 1000000 8.262885 8.289228 8.260592 8.290437 0.032182 0.032257 0.073094 0.065591 0.032257 0.032172 0.032257 196830 198718
25 62.310000 60.320000 1000000 8.261484 8.288153 8.259189 8.289361 0.032181 0.032257 0.072131 0.064516 0.032257 0.032172 0.032257 198710 201156
25 62.310000 60.320000 1000000 8.253633 8.281701 8.251332 8.282910 0.032183 0.032257 0.071171 0.063441 0.032257 0.032174 0.032257 201150 203826
25 62.310000 60.320000 1000000 8.252342 8.280626 8.250039 8.281834 0.032182 0.032257 0.070214 0.062366 0.032257 0.032173 0.032257 203820 208129
25 62.310000 60.320000 1000000 8.249456 8.277400 8.247151 8.278609 0.032183 0.032257 0.069262 0.061292 0.032257 0.032174 0.032257 208120 212845
25 62.310000 60.320000 1000000 8.240635 8.272024 8.238324 8.273232 0.032188 0.032257 0.070215 0.062367 0.032257 0.032179 0.032257 212840 219349
25 62.310000 60.320000 1000000 8.239414 8.270948 8.237101 8.272157 0.032188 0.032257 0.070215 0.062367 0.032257 0.032178 0.032257 219340 230737
25 62.310000 60.320000 1000000 8.237797 8.267723 8.235748 8.270186 0.032187 0.032257 0.069262 0.061291 0.032257 0.032178 0.032257 230730 232209
25 62.310000 60.320000 1000000 8.237059 8.266647 8.235010 8.269110 0.032187 0.032257 0.070215 0.062366 0.032257 0.032177 0.032257 232200 235173
25 62.310000 60.320000 1000000 8.236310 8.265572 8.234261 8.268035 0.032188 0.032257 0.069261 0.061291 0.032257 0.032178 0.032257 235170 239069
25 62.310000 60.320000 1000000 8.235059 8.264497 8.233009 8.266960 0.032188 0.032257 0.070213 0.062364 0.032257 0.032178 0.032257 239060 244547
25 62.310000 60.320000 1000000 8.228422 8.260196 8.226367 8.262659 0.032189 0.032257 0.070213 0.062364 0.032257 0.032179 0.032257 244540 246318
25 62.310000 60.320000 1000000 8.227470 8.259120 8.225415 8.261583 0.032190 0.032257 0.069259 0.061289 0.032257 0.032180 0.032257 246310 246678
25 62.310000 60.320000 1000000 8.227233 8.258045 8.225088 8.260105 0.032190 0.032257 0.070213 0.062364 0.032257 0.032180 0.032257 246670 247389
25 62.310000 60.320000 1000000 8.226211 8.256970 8.224065 8.259030 0.032190 0.032257 0.070213 0.062364 0.032257 0.032180 0.032257 247380 260430
25 62.310000 60.320000 1000000 8.217233 8.249443 8.215080 8.251503 0.032191 0.032257 0.071170 0.063440 0.032257 0.032181 0.032257 260430 279114
25 62.310000 60.320000 1000000 8.197082 8.232239 8.194506 8.233089 0.032195 0.032257 0.069259 0.061289 0.032257 0.032186 0.032257 279110 280051
25 62.310000 60.320000 1000000 8.195480 8.231163 8.192902 8.232014 0.032195 0.032257 0.069259 0.061288 0.032257 0.032185 0.032257 280050 297856
25 62.310000 60.320000 1000000 8.190346 8.225787 8.187764 8.226637 0.032196 0.032257 0.069259 0.061288 0.032257 0.032187 0.032257 297850 311805
25 62.310000 60.320000 1000000 8.187736 8.216110 8.186421 8.223232 0.032197 0.032257 0.074059 0.066665 0.032257 0.032187 0.032257 311800 333435
25 62.310000 60.320000 1000000 8.186281 8.215034 8.184965 8.222157 0.032197 0.032257 0.073093 0.065589 0.032257 0.032187 0.032257 333430 340560
25 62.310000 60.320000 1000000 8.182907 8.211809 8.181590 8.218931 0.032195 0.032257 0.074059 0.066665 0.032257 0.032185 0.032257 340560 341614
25 62.310000 60.320000 1000000 8.181613 8.210733 8.180295 8.217856 0.032195 0.032257 0.073093 0.065590 0.032257 0.032184 0.032257 341610 343680
25 62.310000 60.320000 1000000 8.181036 8.209658 8.179719 8.216781 0.032195 0.032257 0.072130 0.064515 0.032257 0.032185 0.032257 343680 348824
25 62.310000 60.320000 1000000 8.179272 8.205357 8.177827 8.210777 0.032195 0.032257 0.074059 0.066665 0.032257 0.032184 0.032257 348820 372992
25 62.310000 60.320000 1000000 8.162961 8.191379 8.161507 8.196799 0.032194 0.032257 0.076002 0.068817 0.032257 0.032184 0.032257 372990 375216
25 62.310000 60.320000 1000000 8.157979 8.187078 8.156522 8.192498 0.032196 0.032257 0.074061 0.066667 0.032257 0.032185 0.032257 375210 422609
25 62.310000 60.320000 1000000 8.154974 8.183852 8.153516 8.189272 0.032197 0.032257 0.076978 0.069893 0.032257 0.032186 0.032257 375790 423846
25 62.310000 60.320000 1000000 8.125266 8.161271 8.124171 8.169200 0.032205 0.032257 0.076002 0.068817 0.032257 0.032195 0.032257 423840 439762
25 62.310000 60.320000 1000000 8.116678 8.153744 8.115580 8.161673 0.032203 0.032257 0.076976 0.069891 0.032257 0.032193 0.032257 439760 465435
25 62.310000 60.320000 1000000 8.104165 8.129551 8.102439 8.131521 0.032208 0.032257 0.071650 0.063978 0.032257 0.032198 0.032257 465430 502644
25 62.310000 60.320000 1000000 8.103209 8.128475 8.101482 8.130446 0.032208 0.032257 0.070692 0.062903 0.032257 0.032198 0.032257 502640 516542
25 62.310000 60.320000 1000000 8.101421 8.127400 8.099693 8.129370 0.032208 0.032257 0.069737 0.061828 0.032257 0.032198 0.032257 516540 520843
25 62.310000 60.320000 1000000 8.099567 8.126325 8.097838 8.128295 0.032209 0.032257 0.069737 0.061828 0.032257 0.032199 0.032257 520840 545085
25 62.310000 60.320000 1000000 8.096407 8.122024 8.094676 8.123994 0.032210 0.032257 0.070692 0.062904 0.032257 0.032200 0.032257 545080 552509
25 62.310000 60.320000 1000000 8.093395 8.118798 8.091662 8.120768 0.032210 0.032257 0.071651 0.063980 0.032257 0.032200 0.032257 552500 553511
25 62.310000 60.320000 1000000 8.092240 8.117723 8.090506 8.119693 0.032210 0.032257 0.071651 0.063980 0.032257 0.032200 0.032257 553510 568028
25 62.310000 60.320000 1000000 8.088555 8.114497 8.086819 8.116467 0.032208 0.032257 0.068786 0.060754 0.032257 0.032199 0.032257 568020 568299
25 62.310000 60.320000 1000000 8.087921 8.113422 8.086185 8.115392 0.032208 0.032257 0.068786 0.060753 0.032257 0.032198 0.032257 568290 574687
25 62.310000 60.320000 1000000 8.087710 8.112346 8.086220 8.115571 0.032208 0.032257 0.068786 0.060753 0.032257 0.032198 0.032257 574680 595253
25 62.310000 60.320000 1000000 8.086678 8.111271 8.085187 8.114496 0.032209 0.032257 0.067838 0.059678 0.032257 0.032199 0.032257 595250 625640
25 62.310000 60.320000 1000000 8.079903 8.104820 8.078409 8.108044 0.032208 0.032257 0.066894 0.058602 0.032257 0.032198 0.032257 625640 642089
25 62.310000 60.320000 1000000 8.077212 8.101594 8.075716 8.104819 0.032207 0.032257 0.069737 0.061828 0.032257 0.032197 0.032257 642080 664830
25 62.310000 60.320000 1000000 8.072566 8.096217 8.071068 8.099442 0.032209 0.032257 0.068785 0.060753 0.032257 0.032199 0.032257 664830 720117
25 62.310000 60.320000 1000000 8.057263 8.077938 8.054978 8.078743 0.032213 0.032257 0.067838 0.059678 0.032257 0.032204 0.032257 720110 720565
25 62.310000 60.320000 1000000 8.055956 8.076863 8.053669 8.077668 0.032213 0.032257 0.068786 0.060753 0.032257 0.032204 0.032257 720560 728349
25 62.310000 60.320000 1000000 8.055709 8.075787 8.053330 8.076190 0.032213 0.032257 0.068786 0.060754 0.032257 0.032203 0.032257 728340 736242
25 62.310000 60.320000 1000000 8.045803 8.069336 8.043415 8.069738 0.032213 0.032257 0.070691 0.062902 0.032257 0.032204 0.032257 736240 742787
25 62.310000 60.320000 1000000 8.044764 8.068260 8.042375 8.068663 0.032212 0.032257 0.071649 0.063977 0.032257 0.032203 0.032257 742780 783310
25 62.310000 60.320000 1000000 8.038520 8.060734 8.036126 8.061136 0.032211 0.032257 0.071649 0.063977 0.032257 0.032202 0.032257 783310 877154
25 62.310000 60.320000 1000000 8.023654 8.044604 8.021246 8.045007 0.032212 0.032257 0.066893 0.058601 0.032257 0.032203 0.032257 877150 992868
25 62.310000 60.320000 1000000 8.020757 8.034927 8.019302 8.040347 0.032212 0.032257 0.073575 0.066127 0.032257 0.032202 0.032257 945760 982978
25 62.310000 60.320000 1000000 8.011158 8.025250 8.009697 8.030670 0.032212 0.032257 0.074543 0.067203 0.032257 0.032202 0.032257 982970 992868
25 62.310000 60.320000 1000000 8.009632 8.024174 8.008171 8.029594 0.032212 0.032257 0.073576 0.066127 0.032257 0.032202 0.032257 992860 1000000
