5 62.310000 60.320000 1000000 14.929917 14.553188 14.928401 14.556682 0.032125 0.032259 0.195688 0.193011 0.032259 0.032117 0.032259 0 50
5 62.310000 60.320000 1000000 13.783481 13.624696 13.781168 13.624470 0.032171 0.032259 0.236620 0.234411 0.032259 0.032162 0.032259 50 60
5 62.310000 60.320000 1000000 13.511254 13.373084 13.508799 13.372859 0.032166 0.032259 0.241945 0.239785 0.032259 0.032157 0.032259 60 70
5 62.310000 60.320000 1000000 13.372531 13.219321 13.368888 13.215198 0.032162 0.032259 0.238747 0.236557 0.032259 0.032153 0.032259 70 80
5 62.310000 60.320000 1000000 13.230795 13.093515 13.227033 13.089392 0.032177 0.032259 0.221713 0.219353 0.032259 0.032168 0.032259 80 91
5 62.310000 60.320000 1000000 13.145212 13.011795 13.141376 13.007672 0.032169 0.032259 0.214270 0.211828 0.032259 0.032160 0.032259 90 104
5 62.310000 60.320000 1000000 13.096956 12.960182 13.093077 12.956058 0.032152 0.032259 0.230226 0.227955 0.032259 0.032142 0.032259 100 118
5 62.310000 60.320000 1000000 13.061394 12.931149 13.058045 12.930790 0.032155 0.032259 0.212144 0.209677 0.032259 0.032146 0.032259 110 120
5 62.310000 60.320000 1000000 13.024491 12.877386 13.021113 12.877026 0.032154 0.032259 0.206832 0.204301 0.032259 0.032145 0.032259 120 131
5 62.310000 60.320000 1000000 12.987069 12.849967 12.983598 12.848756 0.032165 0.032259 0.194628 0.191936 0.032259 0.032155 0.032259 130 145
5 62.310000 60.320000 1000000 12.969345 12.823085 12.965859 12.821874 0.032160 0.032259 0.199934 0.197314 0.032259 0.032151 0.032259 140 151
5 62.310000 60.320000 1000000 12.926095 12.784376 12.922574 12.783165 0.032152 0.032259 0.207363 0.204839 0.032259 0.032142 0.032259 150 160
5 62.310000 60.320000 1000000 12.786883 12.676311 12.783182 12.674249 0.032188 0.032259 0.198338 0.195697 0.032259 0.032178 0.032259 160 171
5 62.310000 60.320000 1000000 12.744659 12.639752 12.740921 12.637690 0.032177 0.032259 0.194095 0.191395 0.032259 0.032168 0.032259 170 182
5 62.310000 60.320000 1000000 12.709451 12.598892 12.705068 12.594007 0.032164 0.032259 0.212144 0.209677 0.032259 0.032154 0.032259 180 190
5 62.310000 60.320000 1000000 12.697988 12.590290 12.693594 12.585405 0.032164 0.032259 0.207894 0.205376 0.032259 0.032155 0.032259 190 203
5 62.310000 60.320000 1000000 12.655495 12.548355 12.651056 12.543470 0.032163 0.032259 0.212143 0.209676 0.032259 0.032153 0.032259 200 216
5 62.310000 60.320000 1000000 12.653691 12.546204 12.649250 12.541319 0.032163 0.032259 0.211080 0.208601 0.032259 0.032153 0.032259 210 236
5 62.310000 60.320000 1000000 12.608923 12.499968 12.604434 12.495083 0.032153 0.032259 0.198338 0.195697 0.032259 0.032144 0.032259 230 245
5 62.310000 60.320000 1000000 12.583834 12.467173 12.579249 12.461436 0.032148 0.032259 0.198869 0.196236 0.032259 0.032138 0.032259 240 255
5 62.310000 60.320000 1000000 12.542301 12.430614 12.537670 12.424878 0.032150 0.032259 0.175570 0.172581 0.032259 0.032140 0.032259 250 263
5 62.310000 60.320000 1000000 12.519871 12.410184 12.515215 12.404448 0.032145 0.032259 0.163958 0.160753 0.032259 0.032135 0.032259 260 270
5 62.310000 60.320000 1000000 12.486606 12.375776 12.481912 12.370039 0.032129 0.032259 0.173457 0.170431 0.032259 0.032120 0.032259 270 299
5 62.310000 60.320000 1000000 12.466747 12.356421 12.462031 12.350685 0.032128 0.032259 0.163957 0.160752 0.032259 0.032118 0.032259 290 300
5 62.310000 60.320000 1000000 12.458298 12.347819 12.453781 12.343337 0.032127 0.032259 0.165011 0.161828 0.032259 0.032118 0.032259 300 331
5 62.310000 60.320000 1000000 12.437918 12.322550 12.433178 12.315514 0.032119 0.032259 0.168703 0.165591 0.032259 0.032109 0.032259 330 359
5 62.310000 60.320000 1000000 12.381943 12.247281 12.378707 12.251178 0.032101 0.032259 0.164483 0.161289 0.032259 0.032092 0.032259 350 376
5 62.310000 60.320000 1000000 12.372625 12.232228 12.369034 12.234511 0.032103 0.032259 0.160268 0.156988 0.032259 0.032094 0.032259 370 389
5 62.310000 60.320000 1000000 12.370891 12.231152 12.367298 12.233436 0.032104 0.032259 0.160268 0.156988 0.032259 0.032095 0.032259 380 403
5 62.310000 60.320000 1000000 12.348459 12.210722 12.344846 12.213006 0.032105 0.032259 0.152902 0.149461 0.032259 0.032096 0.032259 390 406
5 62.310000 60.320000 1000000 12.340402 12.201045 12.336782 12.203329 0.032106 0.032259 0.156058 0.152687 0.032259 0.032097 0.032259 400 414
5 62.310000 60.320000 1000000 12.339353 12.199970 12.335732 12.202253 0.032105 0.032259 0.156058 0.152687 0.032259 0.032096 0.032259 410 443
5 62.310000 60.320000 1000000 12.331375 12.189217 12.328375 12.195264 0.032099 0.032259 0.160269 0.156989 0.032259 0.032090 0.032259 440 457
5 62.310000 60.320000 1000000 12.325079 12.172551 12.321857 12.176044 0.032097 0.032259 0.157637 0.154301 0.032259 0.032087 0.032259 450 464
5 62.310000 60.320000 1000000 12.311635 12.163948 12.308402 12.167442 0.032104 0.032259 0.156584 0.153226 0.032259 0.032094 0.032259 460 472
5 62.310000 60.320000 1000000 12.302162 12.156422 12.298922 12.159915 0.032105 0.032259 0.152378 0.148925 0.032259 0.032096 0.032259 470 501
5 62.310000 60.320000 1000000 12.274152 12.106422 12.270203 12.100551 0.032084 0.032259 0.156057 0.152686 0.032259 0.032074 0.032259 500 510
5 62.310000 60.320000 1000000 12.268943 12.102121 12.264989 12.096250 0.032083 0.032259 0.156057 0.152686 0.032259 0.032074 0.032259 510 526
5 62.310000 60.320000 1000000 12.238746 12.069863 12.234763 12.063993 0.032060 0.032259 0.152900 0.149458 0.032259 0.032051 0.032259 520 536
5 62.310000 60.320000 1000000 12.192449 12.024702 12.188420 12.018831 0.032069 0.032259 0.149749 0.146233 0.032259 0.032059 0.032259 530 560
5 62.310000 60.320000 1000000 12.163561 12.004272 12.159504 11.998401 0.032072 0.032259 0.158161 0.154836 0.032259 0.032063 0.032259 560 593
5 62.310000 60.320000 1000000 12.139071 11.976315 12.134989 11.970444 0.032070 0.032259 0.158161 0.154836 0.032259 0.032060 0.032259 590 620
5 62.310000 60.320000 1000000 12.115193 11.955885 12.111086 11.950014 0.032069 0.032259 0.162374 0.159137 0.032259 0.032060 0.032259 620 637
5 62.310000 60.320000 1000000 12.112455 11.953734 12.108345 11.947864 0.032069 0.032259 0.160267 0.156987 0.032259 0.032059 0.032259 630 640
5 62.310000 60.320000 1000000 12.109466 11.949433 12.105353 11.943563 0.032068 0.032259 0.156056 0.152686 0.032259 0.032058 0.032259 640 662
5 62.310000 60.320000 1000000 12.105534 11.947283 12.101418 11.941412 0.032069 0.032259 0.153954 0.150537 0.032259 0.032060 0.032259 660 672
5 62.310000 60.320000 1000000 12.100074 11.937605 12.096166 11.932989 0.032067 0.032259 0.158162 0.154838 0.032259 0.032058 0.032259 670 685
5 62.310000 60.320000 1000000 12.096364 11.935455 12.092453 11.930839 0.032068 0.032259 0.159214 0.155912 0.032259 0.032059 0.032259 680 713
5 62.310000 60.320000 1000000 12.086722 11.927928 12.082802 11.923312 0.032070 0.032259 0.158162 0.154837 0.032259 0.032061 0.032259 710 735
5 62.310000 60.320000 1000000 12.079774 11.920401 12.075847 11.915785 0.032065 0.032259 0.159215 0.155912 0.032259 0.032056 0.032259 730 753
5 62.310000 60.320000 1000000 12.074584 11.911799 12.070645 11.907631 0.032064 0.032259 0.158162 0.154837 0.032259 0.032055 0.032259 750 761
5 62.310000 60.320000 1000000 12.072797 11.910724 12.068857 11.906556 0.032065 0.032259 0.158162 0.154837 0.032259 0.032055 0.032259 760 795
5 62.310000 60.320000 1000000 12.045646 11.880616 12.041678 11.876449 0.032051 0.032259 0.148703 0.145161 0.032259 0.032041 0.032259 790 831
5 62.310000 60.320000 1000000 11.990787 11.826853 11.986765 11.822686 0.032032 0.032259 0.164486 0.161291 0.032259 0.032022 0.032259 830 856
5 62.310000 60.320000 1000000 11.959379 11.795671 11.956179 11.796521 0.032026 0.032259 0.168706 0.165593 0.032259 0.032016 0.032259 850 940
5 62.310000 60.320000 1000000 11.950108 11.782768 11.946601 11.780213 0.032028 0.032259 0.162378 0.159142 0.032259 0.032018 0.032259 940 952
5 62.310000 60.320000 1000000 11.946513 11.778467 11.943002 11.775912 0.032025 0.032259 0.161324 0.158066 0.032259 0.032016 0.032259 950 971
5 62.310000 60.320000 1000000 11.941736 11.775241 11.938221 11.772686 0.032026 0.032259 0.158166 0.154841 0.032259 0.032016 0.032259 970 984
5 62.310000 60.320000 1000000 11.941373 11.774166 11.937858 11.771611 0.032026 0.032259 0.157113 0.153766 0.032259 0.032016 0.032259 980 1021
5 62.310000 60.320000 1000000 11.909481 11.737607 11.905937 11.735052 0.032014 0.032259 0.157114 0.153766 0.032259 0.032005 0.032259 1020 1080
5 62.310000 60.320000 1000000 11.873074 11.711800 11.869498 11.709245 0.032017 0.032259 0.149756 0.146240 0.032259 0.032007 0.032259 1080 1093
5 62.310000 60.320000 1000000 11.860497 11.698360 11.856847 11.694953 0.032021 0.032259 0.153433 0.150003 0.032259 0.032012 0.032259 1090 1108
5 62.310000 60.320000 1000000 11.843279 11.687607 11.839613 11.684201 0.032031 0.032259 0.151330 0.147852 0.032259 0.032022 0.032259 1100 1134
5 62.310000 60.320000 1000000 11.823863 11.669328 11.820179 11.665921 0.032025 0.032259 0.158693 0.155379 0.032259 0.032016 0.032259 1130 1148
5 62.310000 60.320000 1000000 11.821112 11.666102 11.817425 11.662696 0.032027 0.032259 0.157640 0.154304 0.032259 0.032017 0.032259 1140 1151
5 62.310000 60.320000 1000000 11.815601 11.660725 11.811909 11.657319 0.032023 0.032259 0.154484 0.151078 0.032259 0.032013 0.032259 1150 1186
5 62.310000 60.320000 1000000 11.804062 11.646747 11.800359 11.643341 0.032014 0.032259 0.158693 0.155380 0.032259 0.032004 0.032259 1170 1253
5 62.310000 60.320000 1000000 11.786965 11.617715 11.783149 11.613905 0.032000 0.032259 0.179803 0.176885 0.032259 0.031990 0.032259 1250 1306
5 62.310000 60.320000 1000000 11.780163 11.610188 11.776341 11.606378 0.031996 0.032259 0.177688 0.174735 0.032259 0.031987 0.032259 1300 1314
5 62.310000 60.320000 1000000 11.778329 11.609113 11.774505 11.605303 0.031997 0.032259 0.176630 0.173659 0.032259 0.031987 0.032259 1310 1323
5 62.310000 60.320000 1000000 11.774494 11.605887 11.770667 11.602077 0.031997 0.032259 0.177688 0.174735 0.032259 0.031987 0.032259 1320 1402
5 62.310000 60.320000 1000000 11.749584 11.575779 11.745732 11.571970 0.031995 0.032259 0.170292 0.167208 0.032259 0.031985 0.032259 1400 1441
5 62.310000 60.320000 1000000 11.726568 11.553199 11.723304 11.553153 0.031981 0.032259 0.159746 0.156455 0.032259 0.031972 0.032259 1440 1453
5 62.310000 60.320000 1000000 11.725554 11.552124 11.722289 11.552078 0.031981 0.032259 0.159746 0.156455 0.032259 0.031972 0.032259 1450 1495
5 62.310000 60.320000 1000000 11.724035 11.547823 11.720617 11.546074 0.031982 0.032259 0.159747 0.156456 0.032259 0.031972 0.032259 1490 1568
5 62.310000 60.320000 1000000 11.677330 11.512339 11.673872 11.510590 0.031979 0.032259 0.163961 0.160756 0.032259 0.031969 0.032259 1560 1599
5 62.310000 60.320000 1000000 11.670136 11.508038 11.666672 11.506289 0.031981 0.032259 0.163961 0.160756 0.032259 0.031972 0.032259 1590 1641
5 62.310000 60.320000 1000000 11.655281 11.496210 11.651803 11.494461 0.031981 0.032259 0.161853 0.158606 0.032259 0.031971 0.032259 1640 1676
5 62.310000 60.320000 1000000 11.640375 11.482231 11.637184 11.482589 0.031977 0.032259 0.158693 0.155380 0.032259 0.031967 0.032259 1670 1684
5 62.310000 60.320000 1000000 11.635693 11.477930 11.632499 11.478288 0.031979 0.032259 0.160800 0.157531 0.032259 0.031969 0.032259 1680 1826
5 62.310000 60.320000 1000000 11.588540 11.424167 11.585307 11.424524 0.031958 0.032259 0.146082 0.142476 0.032259 0.031948 0.032259 1820 1873
5 62.310000 60.320000 1000000 11.580897 11.412339 11.577657 11.412696 0.031945 0.032259 0.141890 0.138175 0.032259 0.031936 0.032259 1870 1919
5 62.310000 60.320000 1000000 11.579150 11.411264 11.575909 11.411621 0.031945 0.032259 0.141890 0.138175 0.032259 0.031936 0.032259 1910 1922
5 62.310000 60.320000 1000000 11.577258 11.410189 11.574015 11.410546 0.031947 0.032259 0.141890 0.138175 0.032259 0.031937 0.032259 1920 1937
5 62.310000 60.320000 1000000 11.571447 11.405887 11.568089 11.405842 0.031951 0.032259 0.140843 0.137099 0.032259 0.031941 0.032259 1930 2013
5 62.310000 60.320000 1000000 11.566162 11.400511 11.562798 11.400465 0.031947 0.032259 0.136660 0.132798 0.032259 0.031938 0.032259 2010 2125
5 62.310000 60.320000 1000000 11.552246 11.382232 11.548870 11.382186 0.031949 0.032259 0.136660 0.132798 0.032259 0.031939 0.032259 2120 2185
5 62.310000 60.320000 1000000 11.550207 11.381156 11.546830 11.381111 0.031950 0.032259 0.137705 0.133874 0.032259 0.031940 0.032259 2180 2386
5 62.310000 60.320000 1000000 11.508270 11.320404 11.504788 11.319507 0.031929 0.032259 0.167651 0.164518 0.032259 0.031920 0.032259 2380 2394
5 62.310000 60.320000 1000000 11.507813 11.319329 11.504331 11.318431 0.031929 0.032259 0.166596 0.163443 0.032259 0.031920 0.032259 2390 2532
5 62.310000 60.320000 1000000 11.477785 11.296748 11.474276 11.295851 0.031929 0.032259 0.170818 0.167744 0.032259 0.031920 0.032259 2530 2700
5 62.310000 60.320000 1000000 11.465568 11.284920 11.462048 11.284023 0.031923 0.032259 0.170818 0.167744 0.032259 0.031913 0.032259 2700 2727
5 62.310000 60.320000 1000000 11.452277 11.267716 11.448522 11.266012 0.031913 0.032259 0.169760 0.166667 0.032259 0.031904 0.032259 2720 2762
5 62.310000 60.320000 1000000 11.434314 11.255888 11.430540 11.254184 0.031915 0.032259 0.170816 0.167742 0.032259 0.031906 0.032259 2760 2907
5 62.310000 60.320000 1000000 11.430268 11.253737 11.426490 11.252034 0.031918 0.032259 0.168705 0.165592 0.032259 0.031909 0.032259 2780 3062
5 62.310000 60.320000 1000000 11.401066 11.221479 11.397670 11.222285 0.031915 0.032259 0.179272 0.176345 0.032259 0.031905 0.032259 3060 3079
5 62.310000 60.320000 1000000 11.400394 11.220404 11.396998 11.221209 0.031914 0.032259 0.178214 0.175270 0.032259 0.031905 0.032259 3070 3087
5 62.310000 60.320000 1000000 11.399855 11.219329 11.396458 11.220134 0.031914 0.032259 0.178214 0.175270 0.032259 0.031905 0.032259 3080 3158
5 62.310000 60.320000 1000000 11.374904 11.195673 11.371723 11.197733 0.031904 0.032259 0.188797 0.186021 0.032259 0.031895 0.032259 3150 3653
5 62.310000 60.320000 1000000 11.311554 11.113953 11.308320 11.116013 0.031891 0.032259 0.235553 0.233334 0.032259 0.031882 0.032259 3280 3657
5 62.310000 60.320000 1000000 11.264361 11.063415 11.261250 11.066774 0.031880 0.032259 0.215335 0.212905 0.032259 0.031870 0.032259 3650 3837
5 62.310000 60.320000 1000000 11.238727 11.022555 11.233626 11.017850 0.031875 0.032259 0.214271 0.211829 0.032259 0.031865 0.032259 3830 3928
5 62.310000 60.320000 1000000 11.201495 10.998899 11.196343 10.994194 0.031885 0.032259 0.216397 0.213979 0.032259 0.031875 0.032259 3920 4022
5 62.310000 60.320000 1000000 11.200577 10.997824 11.195424 10.993119 0.031884 0.032259 0.215334 0.212904 0.032259 0.031874 0.032259 4020 4210
5 62.310000 60.320000 1000000 11.158216 10.967717 11.153003 10.963011 0.031886 0.032259 0.206833 0.204302 0.032259 0.031877 0.032259 4210 4456
5 62.310000 60.320000 1000000 11.136491 10.951587 11.131248 10.946882 0.031883 0.032259 0.199402 0.196776 0.032259 0.031874 0.032259 4450 4777
5 62.310000 60.320000 1000000 11.089010 10.909652 11.083699 10.904947 0.031886 0.032259 0.170816 0.167743 0.032259 0.031877 0.032259 4770 4941
5 62.310000 60.320000 1000000 11.081729 10.903200 11.076407 10.898495 0.031881 0.032259 0.170816 0.167743 0.032259 0.031871 0.032259 4940 4998
5 62.310000 60.320000 1000000 11.080417 10.899975 11.075527 10.897778 0.031881 0.032259 0.172929 0.169894 0.032259 0.031871 0.032259 4990 5318
5 62.310000 60.320000 1000000 11.042603 10.873093 11.037663 10.870897 0.031888 0.032259 0.177156 0.174194 0.032259 0.031878 0.032259 5310 5533
5 62.310000 60.320000 1000000 11.030087 10.859115 11.025129 10.856918 0.031878 0.032259 0.176099 0.173119 0.032259 0.031869 0.032259 5530 5641
5 62.310000 60.320000 1000000 11.025065 10.852663 11.020101 10.850467 0.031871 0.032259 0.182445 0.179570 0.032259 0.031862 0.032259 5640 5673
5 62.310000 60.320000 1000000 11.023399 10.851588 11.018432 10.849391 0.031871 0.032259 0.183503 0.180646 0.032259 0.031862 0.032259 5670 5743
5 62.310000 60.320000 1000000 11.015543 10.840835 11.010566 10.838639 0.031865 0.032259 0.183504 0.180646 0.032259 0.031856 0.032259 5740 5764
5 62.310000 60.320000 1000000 11.013152 10.839760 11.008172 10.837563 0.031868 0.032259 0.182446 0.179571 0.032259 0.031858 0.032259 5760 5782
5 62.310000 60.320000 1000000 11.006818 10.835459 11.001829 10.833262 0.031866 0.032259 0.181388 0.178496 0.032259 0.031857 0.032259 5780 6045
5 62.310000 60.320000 1000000 10.994952 10.824169 10.989870 10.821121 0.031872 0.032259 0.177685 0.174733 0.032259 0.031862 0.032259 6040 6264
5 62.310000 60.320000 1000000 10.989803 10.816642 10.984715 10.813594 0.031862 0.032259 0.175570 0.172581 0.032259 0.031852 0.032259 6260 6364
5 62.310000 60.320000 1000000 10.948774 10.780082 10.943540 10.776631 0.031875 0.032259 0.176627 0.173656 0.032259 0.031866 0.032259 6360 6565
5 62.310000 60.320000 1000000 10.931282 10.756427 10.926023 10.752976 0.031868 0.032259 0.156586 0.153227 0.032259 0.031859 0.032259 6560 6737
5 62.310000 60.320000 1000000 10.921240 10.745674 10.915967 10.742223 0.031868 0.032259 0.149229 0.145700 0.032259 0.031858 0.032259 6730 7032
5 62.310000 60.320000 1000000 10.895266 10.725244 10.889954 10.721793 0.031864 0.032259 0.154482 0.151077 0.032259 0.031855 0.032259 7030 7248
5 62.310000 60.320000 1000000 10.891429 10.722018 10.886112 10.718567 0.031863 0.032259 0.151329 0.147851 0.032259 0.031854 0.032259 7240 7443
5 62.310000 60.320000 1000000 10.886084 10.718792 10.880759 10.715341 0.031866 0.032259 0.148179 0.144625 0.032259 0.031857 0.032259 7440 7567
5 62.310000 60.320000 1000000 10.885291 10.717717 10.879965 10.714266 0.031865 0.032259 0.149229 0.145700 0.032259 0.031855 0.032259 7560 8883
5 62.310000 60.320000 1000000 10.851409 10.682233 10.846032 10.678782 0.031859 0.032259 0.150277 0.146774 0.032259 0.031849 0.032259 8880 9023
5 62.310000 60.320000 1000000 10.851106 10.681158 10.845615 10.677304 0.031859 0.032259 0.150277 0.146774 0.032259 0.031849 0.032259 9020 9044
5 62.310000 60.320000 1000000 10.849297 10.680083 10.843804 10.676229 0.031859 0.032259 0.150277 0.146774 0.032259 0.031850 0.032259 9040 9287
5 62.310000 60.320000 1000000 10.845557 10.676857 10.840058 10.673003 0.031859 0.032259 0.150277 0.146773 0.032259 0.031850 0.032259 9280 9516
5 62.310000 60.320000 1000000 10.839558 10.671481 10.834050 10.667626 0.031858 0.032259 0.151327 0.147849 0.032259 0.031848 0.032259 9360 10594
5 62.310000 60.320000 1000000 10.770682 10.613416 10.765068 10.609562 0.031848 0.032259 0.175569 0.172580 0.032259 0.031839 0.032259 10590 10881
5 62.310000 60.320000 1000000 10.757649 10.584384 10.752015 10.580530 0.031826 0.032259 0.174512 0.171505 0.032259 0.031817 0.032259 10880 11334
5 62.310000 60.320000 1000000 10.744306 10.561803 10.738311 10.556739 0.031823 0.032259 0.173456 0.170430 0.032259 0.031813 0.032259 11330 11417
5 62.310000 60.320000 1000000 10.743155 10.560728 10.737157 10.555664 0.031823 0.032259 0.174512 0.171505 0.032259 0.031814 0.032259 11410 12125
5 62.310000 60.320000 1000000 10.727512 10.547287 10.721392 10.541372 0.031823 0.032259 0.175040 0.172042 0.032259 0.031814 0.032259 12120 12211
5 62.310000 60.320000 1000000 10.702198 10.535459 10.696034 10.529544 0.031844 0.032259 0.173983 0.170967 0.032259 0.031835 0.032259 12210 12294
5 62.310000 60.320000 1000000 10.699968 10.534384 10.693800 10.528469 0.031846 0.032259 0.172927 0.169891 0.032259 0.031837 0.032259 12290 13036
5 62.310000 60.320000 1000000 10.637854 10.492986 10.631290 10.484518 0.031866 0.032259 0.163958 0.160753 0.032259 0.031858 0.032259 13030 13087
5 62.310000 60.320000 1000000 10.636707 10.491911 10.630140 10.483442 0.031867 0.032259 0.162904 0.159678 0.032259 0.031858 0.032259 13080 13215
5 62.310000 60.320000 1000000 10.629159 10.483309 10.622672 10.474392 0.031869 0.032259 0.159743 0.156452 0.032259 0.031860 0.032259 13210 13580
5 62.310000 60.320000 1000000 10.611845 10.469331 10.605326 10.460414 0.031875 0.032259 0.150278 0.146775 0.032259 0.031866 0.032259 13580 14143
5 62.310000 60.320000 1000000 10.590554 10.456428 10.583996 10.447511 0.031880 0.032259 0.147129 0.143550 0.032259 0.031872 0.032259 14140 14377
5 62.310000 60.320000 1000000 10.583340 10.444600 10.576768 10.435683 0.031868 0.032259 0.150279 0.146776 0.032259 0.031860 0.032259 14370 15061
5 62.310000 60.320000 1000000 10.563400 10.414492 10.556791 10.405576 0.031854 0.032259 0.150279 0.146776 0.032259 0.031846 0.032259 15060 15189
5 62.310000 60.320000 1000000 10.562963 10.413417 10.556354 10.404500 0.031854 0.032259 0.149229 0.145700 0.032259 0.031846 0.032259 15180 16068
5 62.310000 60.320000 1000000 10.559232 10.394062 10.556976 10.407726 0.031856 0.032259 0.147128 0.143548 0.032259 0.031846 0.032259 15470 15948
5 62.310000 60.320000 1000000 10.548721 10.387611 10.546664 10.402529 0.031861 0.032259 0.147129 0.143549 0.032259 0.031851 0.032259 15940 16068
5 62.310000 60.320000 1000000 10.546763 10.386536 10.544705 10.401454 0.031862 0.032259 0.147129 0.143549 0.032259 0.031852 0.032259 16060 16604
5 62.310000 60.320000 1000000 10.508495 10.322020 10.506414 10.336938 0.031829 0.032259 0.146080 0.142473 0.032259 0.031819 0.032259 16600 16683
5 62.310000 60.320000 1000000 10.507842 10.320944 10.505761 10.335862 0.031829 0.032259 0.145031 0.141398 0.032259 0.031819 0.032259 16680 16847
5 62.310000 60.320000 1000000 10.502964 10.316643 10.500880 10.331561 0.031826 0.032259 0.146080 0.142474 0.032259 0.031816 0.032259 16840 17521
5 62.310000 60.320000 1000000 10.455669 10.290837 10.453556 10.305755 0.031849 0.032259 0.138749 0.134947 0.032259 0.031839 0.032259 17520 17630
5 62.310000 60.320000 1000000 10.448153 10.281159 10.446036 10.296077 0.031841 0.032259 0.135614 0.131722 0.032259 0.031831 0.032259 17630 18532
5 62.310000 60.320000 1000000 10.407879 10.231697 10.405737 10.246615 0.031839 0.032259 0.137704 0.133872 0.032259 0.031829 0.032259 18530 19684
5 62.310000 60.320000 1000000 10.401059 10.219869 10.398912 10.234787 0.031828 0.032259 0.142936 0.139248 0.032259 0.031818 0.032259 19680 20775
5 62.310000 60.320000 1000000 10.394948 10.214493 10.392797 10.229411 0.031823 0.032259 0.143982 0.140322 0.032259 0.031813 0.032259 20640 20818
5 62.310000 60.320000 1000000 10.388364 10.210192 10.386210 10.225110 0.031826 0.032259 0.139794 0.136021 0.032259 0.031816 0.032259 20810 21033
5 62.310000 60.320000 1000000 10.362532 10.165569 10.358818 10.165613 0.031819 0.032259 0.137181 0.133334 0.032259 0.031810 0.032259 21030 21308
5 62.310000 60.320000 1000000 10.358385 10.155891 10.354667 10.155935 0.031820 0.032259 0.134048 0.130108 0.032259 0.031810 0.032259 21300 21523
5 62.310000 60.320000 1000000 10.349201 10.145139 10.345473 10.145183 0.031815 0.032259 0.140318 0.136560 0.032259 0.031806 0.032259 21500 22072
5 62.310000 60.320000 1000000 10.343175 10.137074 10.339351 10.136267 0.031816 0.032259 0.137703 0.133871 0.032259 0.031806 0.032259 22070 23069
5 62.310000 60.320000 1000000 10.326668 10.116644 10.322825 10.115837 0.031797 0.032259 0.136659 0.132797 0.032259 0.031787 0.032259 23020 23470
5 62.310000 60.320000 1000000 10.323477 10.113418 10.319631 10.112611 0.031794 0.032259 0.136659 0.132797 0.032259 0.031784 0.032259 23470 23787
5 62.310000 60.320000 1000000 10.323294 10.112343 10.319662 10.112790 0.031794 0.032259 0.136658 0.132797 0.032259 0.031784 0.032259 23780 23831
5 62.310000 60.320000 1000000 10.322965 10.111268 10.319209 10.111312 0.031794 0.032259 0.137704 0.133872 0.032259 0.031785 0.032259 23830 24600
5 62.310000 60.320000 1000000 10.308844 10.098365 10.305072 10.098409 0.031781 0.032259 0.140842 0.137098 0.032259 0.031772 0.032259 24600 25668
5 62.310000 60.320000 1000000 10.288358 10.072558 10.284564 10.072602 0.031782 0.032259 0.142935 0.139247 0.032259 0.031773 0.032259 25660 26541
5 62.310000 60.320000 1000000 10.281427 10.065032 10.277626 10.065075 0.031773 0.032259 0.141888 0.138172 0.032259 0.031764 0.032259 26540 26660
5 62.310000 60.320000 1000000 10.280729 10.063956 10.276927 10.064000 0.031772 0.032259 0.141888 0.138172 0.032259 0.031762 0.032259 26660 28301
5 62.310000 60.320000 1000000 10.277309 10.060731 10.273502 10.060774 0.031772 0.032259 0.142935 0.139248 0.032259 0.031763 0.032259 28300 28490
5 62.310000 60.320000 1000000 10.276585 10.059655 10.272778 10.059699 0.031772 0.032259 0.141888 0.138172 0.032259 0.031763 0.032259 28490 28560
5 62.310000 60.320000 1000000 10.273713 10.055354 10.269902 10.055398 0.031768 0.032259 0.141889 0.138173 0.032259 0.031759 0.032259 28560 28842
5 62.310000 60.320000 1000000 10.268935 10.052128 10.265119 10.052172 0.031767 0.032259 0.143984 0.140324 0.032259 0.031758 0.032259 28840 29164
5 62.310000 60.320000 1000000 10.267250 10.048903 10.263433 10.048946 0.031764 0.032259 0.140842 0.137098 0.032259 0.031755 0.032259 29160 29253
5 62.310000 60.320000 1000000 10.265793 10.047827 10.261974 10.047871 0.031765 0.032259 0.139796 0.136023 0.032259 0.031755 0.032259 29250 29348
5 62.310000 60.320000 1000000 10.259369 10.038150 10.255542 10.038194 0.031752 0.032259 0.142937 0.139249 0.032259 0.031743 0.032259 29340 33420
5 62.310000 60.320000 1000000 10.221680 10.016645 10.217812 10.016688 0.031774 0.032259 0.147131 0.143551 0.032259 0.031765 0.032259 33420 33821
5 62.310000 60.320000 1000000 10.218078 10.009118 10.214205 10.009162 0.031769 0.032259 0.148180 0.144626 0.032259 0.031759 0.032259 33610 34178
5 62.310000 60.320000 1000000 10.212696 10.002666 10.208817 10.002710 0.031760 0.032259 0.143985 0.140325 0.032259 0.031750 0.032259 34170 34909
5 62.310000 60.320000 1000000 10.199744 9.988150 10.195775 9.987343 0.031749 0.032259 0.148706 0.145165 0.032259 0.031739 0.032259 34900 36140
5 62.310000 60.320000 1000000 10.136906 9.928473 10.132769 9.926814 0.031766 0.032259 0.184036 0.181187 0.032259 0.031757 0.032259 36140 36275
5 62.310000 60.320000 1000000 10.135697 9.927397 10.131558 9.925739 0.031765 0.032259 0.182978 0.180112 0.032259 0.031756 0.032259 36270 38200
5 62.310000 60.320000 1000000 10.107190 9.909118 10.103016 9.907459 0.031775 0.032259 0.174517 0.171509 0.032259 0.031766 0.032259 38200 39290
5 62.310000 60.320000 1000000 10.091248 9.895140 10.087055 9.893481 0.031777 0.032259 0.177688 0.174735 0.032259 0.031768 0.032259 39290 39573
5 62.310000 60.320000 1000000 10.087680 9.886000 10.083207 9.881787 0.031776 0.032259 0.178216 0.175272 0.032259 0.031767 0.032259 39570 40485
5 62.310000 60.320000 1000000 10.083657 9.882774 10.079178 9.878562 0.031777 0.032259 0.177159 0.174197 0.032259 0.031768 0.032259 40480 40578
5 62.310000 60.320000 1000000 10.083208 9.881699 10.078729 9.877486 0.031775 0.032259 0.178216 0.175272 0.032259 0.031766 0.032259 40570 42031
5 62.310000 60.320000 1000000 10.068102 9.872021 10.063603 9.867809 0.031781 0.032259 0.172931 0.169896 0.032259 0.031772 0.032259 42030 43908
5 62.310000 60.320000 1000000 10.048532 9.858043 10.044006 9.853831 0.031781 0.032259 0.170819 0.167745 0.032259 0.031773 0.032259 43900 45622
5 62.310000 60.320000 1000000 10.027563 9.818258 10.024811 9.824081 0.031765 0.032259 0.150804 0.147314 0.032259 0.031756 0.032259 45620 47953
5 62.310000 60.320000 1000000 9.999631 9.784925 9.995513 9.786313 0.031764 0.032259 0.145557 0.141937 0.032259 0.031755 0.032259 47950 49154
5 62.310000 60.320000 1000000 9.997794 9.783850 9.993674 9.785238 0.031764 0.032259 0.146606 0.143013 0.032259 0.031756 0.032259 49150 50766
5 62.310000 60.320000 1000000 9.989846 9.775248 9.986550 9.780399 0.031763 0.032259 0.146606 0.143013 0.032259 0.031754 0.032259 50760 51189
5 62.310000 60.320000 1000000 9.985532 9.769871 9.982233 9.775023 0.031762 0.032259 0.146605 0.143012 0.032259 0.031753 0.032259 51180 51520
5 62.310000 60.320000 1000000 9.979007 9.760194 9.975701 9.765345 0.031756 0.032259 0.147655 0.144088 0.032259 0.031747 0.032259 51520 54400
5 62.310000 60.320000 1000000 9.964943 9.721484 9.959244 9.715749 0.031752 0.032259 0.139272 0.135484 0.032259 0.031742 0.032259 54400 59618
5 62.310000 60.320000 1000000 9.932068 9.686001 9.929283 9.695319 0.031742 0.032259 0.135091 0.131183 0.032259 0.031731 0.032259 59610 59999
5 62.310000 60.320000 1000000 9.928663 9.682775 9.925876 9.692093 0.031744 0.032259 0.137180 0.133333 0.032259 0.031732 0.032259 59990 61344
5 62.310000 60.320000 1000000 9.914521 9.640303 9.910318 9.631745 0.031739 0.032259 0.140842 0.137098 0.032259 0.031728 0.032259 61340 62682
5 62.310000 60.320000 1000000 9.901925 9.631700 9.897706 9.623143 0.031739 0.032259 0.136658 0.132797 0.032259 0.031728 0.032259 62680 64685
5 62.310000 60.320000 1000000 9.894911 9.623098 9.890683 9.614541 0.031727 0.032259 0.138747 0.134945 0.032259 0.031715 0.032259 64680 65036
5 62.310000 60.320000 1000000 9.894611 9.622023 9.890270 9.613062 0.031727 0.032259 0.137702 0.133870 0.032259 0.031715 0.032259 65030 65894
5 62.310000 60.320000 1000000 9.894041 9.620948 9.889699 9.611987 0.031726 0.032259 0.137702 0.133870 0.032259 0.031714 0.032259 65890 67454
5 62.310000 60.320000 1000000 9.890811 9.614496 9.886148 9.603519 0.031726 0.032259 0.137702 0.133870 0.032259 0.031714 0.032259 67450 71240
5 62.310000 60.320000 1000000 9.817884 9.573636 9.813116 9.562659 0.031765 0.032259 0.161849 0.158601 0.032259 0.031752 0.032259 71240 71867
5 62.310000 60.320000 1000000 9.816368 9.572561 9.811597 9.561584 0.031765 0.032259 0.162903 0.159677 0.032259 0.031753 0.032259 71860 80583
5 62.310000 60.320000 1000000 9.750279 9.511809 9.745122 9.498278 0.031766 0.032259 0.152904 0.149462 0.032259 0.031754 0.032259 80580 83392
5 62.310000 60.320000 1000000 9.745679 9.486003 9.739835 9.460555 0.031763 0.032259 0.158163 0.154838 0.032259 0.031750 0.032259 83390 85275
5 62.310000 60.320000 1000000 9.724790 9.469874 9.718907 9.444426 0.031760 0.032259 0.167649 0.164516 0.032259 0.031747 0.032259 85270 87351
5 62.310000 60.320000 1000000 9.717894 9.464497 9.711999 9.439049 0.031763 0.032259 0.166593 0.163440 0.032259 0.031750 0.032259 87350 92432
5 62.310000 60.320000 1000000 9.695266 9.449444 9.689329 9.423996 0.031764 0.032259 0.163429 0.160214 0.032259 0.031752 0.032259 92430 95515
5 62.310000 60.320000 1000000 9.680190 9.436540 9.674226 9.411092 0.031766 0.032259 0.167646 0.164514 0.032259 0.031753 0.032259 95510 95669
5 62.310000 60.320000 1000000 9.678826 9.435465 9.672859 9.410017 0.031767 0.032259 0.167646 0.164514 0.032259 0.031754 0.032259 95660 96003
5 62.310000 60.320000 1000000 9.678038 9.434390 9.672070 9.408942 0.031767 0.032259 0.166592 0.163438 0.032259 0.031754 0.032259 96000 99430
5 62.310000 60.320000 1000000 9.639423 9.407508 9.633383 9.382060 0.031781 0.032259 0.162375 0.159138 0.032259 0.031768 0.032259 99430 103172
5 62.310000 60.320000 1000000 9.636306 9.403207 9.630260 9.377759 0.031775 0.032259 0.161321 0.158063 0.032259 0.031762 0.032259 101650 109951
5 62.310000 60.320000 1000000 9.613027 9.372562 9.605961 9.337750 0.031781 0.032259 0.162903 0.159677 0.032259 0.031769 0.032259 109950 112174
5 62.310000 60.320000 1000000 9.536135 9.330627 9.528897 9.295815 0.031840 0.032259 0.146080 0.142474 0.032259 0.031829 0.032259 112170 116084
5 62.310000 60.320000 1000000 9.530967 9.320949 9.523718 9.286138 0.031833 0.032259 0.136658 0.132797 0.032259 0.031821 0.032259 116080 121556
5 62.310000 60.320000 1000000 9.496393 9.289767 9.490416 9.262482 0.031858 0.032259 0.120010 0.115593 0.032259 0.031846 0.032259 121550 125922
5 62.310000 60.320000 1000000 9.493757 9.279014 9.487775 9.251729 0.031854 0.032259 0.124159 0.119895 0.032259 0.031843 0.032259 125920 128734
5 62.310000 60.320000 1000000 9.485274 9.263960 9.479276 9.236675 0.031853 0.032259 0.127276 0.123120 0.032259 0.031841 0.032259 128730 130355
5 62.310000 60.320000 1000000 9.472484 9.255358 9.466461 9.228073 0.031854 0.032259 0.133527 0.129572 0.032259 0.031843 0.032259 130350 138230
5 62.310000 60.320000 1000000 9.449083 9.237079 9.443015 9.209794 0.031865 0.032259 0.132485 0.128497 0.032259 0.031854 0.032259 138230 139284
5 62.310000 60.320000 1000000 9.446962 9.236003 9.440891 9.208718 0.031867 0.032259 0.131442 0.127422 0.032259 0.031855 0.032259 139280 142753
5 62.310000 60.320000 1000000 9.441031 9.231702 9.434948 9.204417 0.031868 0.032259 0.127277 0.123121 0.032259 0.031856 0.032259 142750 153394
5 62.310000 60.320000 1000000 9.421372 9.218799 9.415507 9.192768 0.031877 0.032259 0.126237 0.122045 0.032259 0.031866 0.032259 153390 158021
5 62.310000 60.320000 1000000 9.416614 9.212347 9.410740 9.186317 0.031871 0.032259 0.126237 0.122046 0.032259 0.031859 0.032259 158020 158337
5 62.310000 60.320000 1000000 9.415969 9.211272 9.410094 9.185242 0.031869 0.032259 0.125198 0.120970 0.032259 0.031858 0.032259 158330 161568
5 62.310000 60.320000 1000000 9.406053 9.203745 9.400160 9.177715 0.031875 0.032259 0.121046 0.116669 0.032259 0.031864 0.032259 161560 172517
5 62.310000 60.320000 1000000 9.394431 9.192993 9.388516 9.166962 0.031874 0.032259 0.122083 0.117744 0.032259 0.031863 0.032259 172510 182951
5 62.310000 60.320000 1000000 9.347123 9.151057 9.340485 9.123010 0.031866 0.032259 0.130398 0.126344 0.032259 0.031855 0.032259 182950 185668
5 62.310000 60.320000 1000000 9.336782 9.144605 9.330122 9.116559 0.031867 0.032259 0.130398 0.126344 0.032259 0.031857 0.032259 185660 193706
5 62.310000 60.320000 1000000 9.322416 9.131702 9.315725 9.103655 0.031855 0.032259 0.129356 0.125269 0.032259 0.031844 0.032259 193700 205194
5 62.310000 60.320000 1000000 9.293186 9.087616 9.290682 9.089677 0.031851 0.032259 0.113806 0.109138 0.032259 0.031843 0.032259 205190 207475
5 62.310000 60.320000 1000000 9.286423 9.080090 9.283637 9.080537 0.031853 0.032259 0.108661 0.103762 0.032259 0.031845 0.032259 207470 212834
5 62.310000 60.320000 1000000 9.285695 9.079014 9.282909 9.079462 0.031854 0.032259 0.107635 0.102687 0.032259 0.031845 0.032259 212830 215335
5 62.310000 60.320000 1000000 9.284300 9.075788 9.281512 9.076236 0.031855 0.032259 0.104562 0.099461 0.032259 0.031846 0.032259 214940 225027
5 62.310000 60.320000 1000000 9.283359 9.074713 9.280571 9.075161 0.031855 0.032259 0.103540 0.098386 0.032259 0.031847 0.032259 225020 242733
5 62.310000 60.320000 1000000 9.260723 9.054283 9.257913 9.054731 0.031852 0.032259 0.103540 0.098387 0.032259 0.031844 0.032259 242730 249076
5 62.310000 60.320000 1000000 9.259003 9.053208 9.256192 9.053656 0.031854 0.032259 0.102519 0.097311 0.032259 0.031845 0.032259 249070 250454
5 62.310000 60.320000 1000000 9.257454 9.052133 9.254642 9.052580 0.031853 0.032259 0.102519 0.097311 0.032259 0.031845 0.032259 250450 272676
5 62.310000 60.320000 1000000 9.229385 9.031703 9.226547 9.032150 0.031855 0.032259 0.103540 0.098387 0.032259 0.031846 0.032259 272670 274386
5 62.310000 60.320000 1000000 9.227941 9.030627 9.225101 9.031075 0.031854 0.032259 0.103540 0.098387 0.032259 0.031846 0.032259 274380 281322
5 62.310000 60.320000 1000000 9.216606 9.020950 9.213756 9.021398 0.031853 0.032259 0.102519 0.097311 0.032259 0.031845 0.032259 281320 285903
5 62.310000 60.320000 1000000 9.214766 9.019875 9.211914 9.020322 0.031853 0.032259 0.102519 0.097311 0.032259 0.031845 0.032259 285900 286949
5 62.310000 60.320000 1000000 9.214035 9.018799 9.211183 9.019247 0.031854 0.032259 0.101499 0.096236 0.032259 0.031845 0.032259 286940 318919
5 62.310000 60.320000 1000000 9.192794 8.997831 9.189691 8.994023 0.031853 0.032259 0.096925 0.091399 0.032259 0.031844 0.032259 298350 310099
5 62.310000 60.320000 1000000 9.177477 8.982778 9.174358 8.978969 0.031853 0.032259 0.095910 0.090323 0.032259 0.031844 0.032259 310090 318919
5 62.310000 60.320000 1000000 9.159712 8.969874 9.156575 8.966066 0.031849 0.032259 0.091871 0.086022 0.032259 0.031840 0.032259 318910 325194
5 62.310000 60.320000 1000000 9.151736 8.962347 9.148457 8.957732 0.031849 0.032259 0.091871 0.086021 0.032259 0.031840 0.032259 325190 332794
5 62.310000 60.320000 1000000 9.151106 8.961272 9.147826 8.956657 0.031849 0.032259 0.091871 0.086021 0.032259 0.031840 0.032259 332790 353306
5 62.310000 60.320000 1000000 9.135495 8.950520 9.132198 8.945904 0.031852 0.032259 0.085860 0.079570 0.032259 0.031843 0.032259 353300 362642
5 62.310000 60.320000 1000000 9.131558 8.944068 9.128663 8.943216 0.031848 0.032259 0.083871 0.077419 0.032259 0.031840 0.032259 362640 366028
5 62.310000 60.320000 1000000 9.127694 8.938692 9.124796 8.937840 0.031840 0.032259 0.086857 0.080644 0.032259 0.031832 0.032259 366020 379739
5 62.310000 60.320000 1000000 9.121045 8.934390 9.118141 8.933539 0.031841 0.032259 0.083870 0.077418 0.032259 0.031833 0.032259 379730 387228
5 62.310000 60.320000 1000000 9.118876 8.930089 9.115969 8.929238 0.031836 0.032259 0.083870 0.077418 0.032259 0.031828 0.032259 384960 398419
5 62.310000 60.320000 1000000 9.117803 8.929014 9.114896 8.928162 0.031837 0.032259 0.083870 0.077418 0.032259 0.031828 0.032259 398410 415233
5 62.310000 60.320000 1000000 9.072576 8.899982 9.069430 8.897920 0.031857 0.032259 0.083869 0.077418 0.032259 0.031848 0.032259 415230 427012
5 62.310000 60.320000 1000000 9.044570 8.882777 9.041394 8.880716 0.031863 0.032259 0.087855 0.081719 0.032259 0.031855 0.032259 427010 431463
5 62.310000 60.320000 1000000 9.044390 8.881164 9.041120 8.878252 0.031863 0.032259 0.088356 0.082256 0.032259 0.031855 0.032259 431460 437242
5 62.310000 60.320000 1000000 9.031795 8.871487 9.028511 8.868574 0.031865 0.032259 0.089359 0.083333 0.032259 0.031856 0.032259 437240 442313
5 62.310000 60.320000 1000000 9.028800 8.867186 9.025513 8.864273 0.031864 0.032259 0.085362 0.079032 0.032259 0.031856 0.032259 442310 486819
5 62.310000 60.320000 1000000 9.019491 8.858584 9.016193 8.855671 0.031866 0.032259 0.083375 0.076881 0.032259 0.031857 0.032259 463520 471681
5 62.310000 60.320000 1000000 9.007770 8.849982 9.004459 8.847069 0.031872 0.032259 0.087357 0.081183 0.032259 0.031863 0.032259 471680 486819
5 62.310000 60.320000 1000000 9.005603 8.846756 9.002290 8.843843 0.031873 0.032259 0.085362 0.079033 0.032259 0.031865 0.032259 486810 512805
5 62.310000 60.320000 1000000 8.999145 8.840304 8.995825 8.837392 0.031871 0.032259 0.085363 0.079033 0.032259 0.031863 0.032259 512800 528617
5 62.310000 60.320000 1000000 8.991927 8.831702 8.988599 8.828790 0.031866 0.032259 0.084368 0.077957 0.032259 0.031858 0.032259 528610 529339
5 62.310000 60.320000 1000000 8.990530 8.830627 8.987200 8.827714 0.031865 0.032259 0.084368 0.077957 0.032259 0.031857 0.032259 529330 540641
5 62.310000 60.320000 1000000 8.972471 8.818799 8.969121 8.815886 0.031873 0.032259 0.084369 0.077958 0.032259 0.031865 0.032259 540640 540682
5 62.310000 60.320000 1000000 8.970730 8.817724 8.967378 8.814811 0.031873 0.032259 0.085363 0.079033 0.032259 0.031865 0.032259 540680 545920
5 62.310000 60.320000 1000000 8.969137 8.816648 8.965783 8.813736 0.031874 0.032259 0.086360 0.080109 0.032259 0.031866 0.032259 545920 557749
5 62.310000 60.320000 1000000 8.967539 8.815573 8.964183 8.812661 0.031874 0.032259 0.086359 0.080108 0.032259 0.031866 0.032259 557740 572550
5 62.310000 60.320000 1000000 8.954945 8.808046 8.951575 8.805134 0.031879 0.032259 0.083375 0.076882 0.032259 0.031871 0.032259 572550 574992
5 62.310000 60.320000 1000000 8.953121 8.806971 8.949749 8.804058 0.031880 0.032259 0.082385 0.075806 0.032259 0.031871 0.032259 574990 584167
5 62.310000 60.320000 1000000 8.951418 8.800519 8.949456 8.803879 0.031880 0.032259 0.083375 0.076882 0.032259 0.031870 0.032259 584160 607375
5 62.310000 60.320000 1000000 8.950271 8.796218 8.948118 8.797876 0.031878 0.032259 0.082385 0.075807 0.032259 0.031869 0.032259 607370 620782
5 62.310000 60.320000 1000000 8.943104 8.788691 8.940946 8.790349 0.031878 0.032259 0.078446 0.071506 0.032259 0.031869 0.032259 620780 648042
5 62.310000 60.320000 1000000 8.936034 8.783315 8.933806 8.784569 0.031878 0.032259 0.080411 0.073656 0.032259 0.031869 0.032259 648040 753564
5 62.310000 60.320000 1000000 8.919299 8.770412 8.917059 8.771666 0.031878 0.032259 0.089359 0.083333 0.032259 0.031869 0.032259 718800 766194
5 62.310000 60.320000 1000000 8.909048 8.762885 8.906800 8.764139 0.031881 0.032259 0.086359 0.080107 0.032259 0.031872 0.032259 766190 769255
5 62.310000 60.320000 1000000 8.908542 8.761810 8.906293 8.763064 0.031882 0.032259 0.085362 0.079032 0.032259 0.031872 0.032259 769250 775377
5 62.310000 60.320000 1000000 8.906946 8.760734 8.904696 8.761988 0.031882 0.032259 0.085362 0.079032 0.032259 0.031872 0.032259 775370 788794
5 62.310000 60.320000 1000000 8.906099 8.759659 8.903848 8.760913 0.031882 0.032259 0.086359 0.080107 0.032259 0.031872 0.032259 788790 821826
5 62.310000 60.320000 1000000 8.880653 8.729552 8.878523 8.732060 0.031875 0.032259 0.085362 0.079031 0.032259 0.031865 0.032259 821820 878697
5 62.310000 60.320000 1000000 8.842879 8.701594 8.840722 8.704103 0.031885 0.032259 0.080410 0.073655 0.032259 0.031876 0.032259 878690 888073
5 62.310000 60.320000 1000000 8.830695 8.691917 8.828529 8.694426 0.031887 0.032259 0.078445 0.071506 0.032259 0.031877 0.032259 888070 896613
5 62.310000 60.320000 1000000 8.828933 8.690842 8.826766 8.693350 0.031887 0.032259 0.078445 0.071506 0.032259 0.031878 0.032259 896610 919210
5 62.310000 60.320000 1000000 8.821248 8.680089 8.819075 8.682598 0.031872 0.032259 0.082385 0.075807 0.032259 0.031863 0.032259 919210 919801
5 62.310000 60.320000 1000000 8.820032 8.679014 8.817858 8.681522 0.031873 0.032259 0.082385 0.075807 0.032259 0.031864 0.032259 919800 980149
5 62.310000 60.320000 1000000 8.812804 8.672562 8.810495 8.674264 0.031875 0.032259 0.086359 0.080108 0.032259 0.031865 0.032259 980140 999337
5 62.310000 60.320000 1000000 8.781924 8.651057 8.779591 8.652759 0.031874 0.032259 0.089359 0.083333 0.032259 0.031865 0.032259 999330 1000000
