5 62.310000 60.320000 1000000 12.699370 12.763404 12.693634 12.763896 0.031723 0.032257 0.285697 0.283870 0.032257 0.031715 0.032257 0 50
5 62.310000 60.320000 1000000 11.274998 11.325240 11.267250 11.315381 0.031319 0.032257 0.291573 0.289783 0.032257 0.031311 0.032257 50 61
5 62.310000 60.320000 1000000 11.007988 11.082230 10.999693 11.070221 0.031239 0.032257 0.241411 0.239246 0.032257 0.031232 0.032257 60 71
5 62.310000 60.320000 1000000 10.734217 10.868252 10.725109 10.855840 0.031266 0.032257 0.191444 0.188706 0.032257 0.031261 0.032257 70 82
5 62.310000 60.320000 1000000 10.631405 10.738682 10.625692 10.738009 0.031225 0.032257 0.160268 0.156988 0.032257 0.031216 0.032257 80 90
5 62.310000 60.320000 1000000 10.544337 10.656962 10.539464 10.660903 0.031178 0.032257 0.157110 0.153763 0.032257 0.031168 0.032257 90 100
5 62.310000 60.320000 1000000 10.380476 10.488683 10.375237 10.491773 0.031090 0.032257 0.160796 0.157527 0.032257 0.031080 0.032257 100 112
5 62.310000 60.320000 1000000 10.321092 10.405888 10.315229 10.405169 0.031040 0.032257 0.192507 0.189785 0.032257 0.031031 0.032257 110 126
5 62.310000 60.320000 1000000 10.294870 10.379006 10.288962 10.378287 0.031028 0.032257 0.180858 0.177958 0.032257 0.031019 0.032257 120 130
5 62.310000 60.320000 1000000 10.278913 10.343522 10.271739 10.334291 0.031009 0.032257 0.167124 0.163981 0.032257 0.031001 0.032257 130 143
5 62.310000 60.320000 1000000 10.190291 10.214490 10.182929 10.205259 0.030960 0.032257 0.229700 0.227423 0.032257 0.030953 0.032257 140 153
5 62.310000 60.320000 1000000 10.067291 10.105889 10.059655 10.096658 0.031001 0.032257 0.197813 0.195165 0.032257 0.030994 0.032257 150 161
5 62.310000 60.320000 1000000 10.050705 10.075781 10.044539 10.073270 0.031000 0.032257 0.191451 0.188714 0.032257 0.030992 0.032257 160 172
5 62.310000 60.320000 1000000 9.991737 9.996749 9.984950 9.989982 0.031014 0.032257 0.190921 0.188176 0.032257 0.031006 0.032257 170 185
5 62.310000 60.320000 1000000 9.982320 9.899437 9.973747 9.852124 0.031009 0.032257 0.217995 0.215595 0.032257 0.030998 0.032257 180 192
5 62.310000 60.320000 1000000 9.949445 9.806964 9.936265 9.738369 0.030977 0.032257 0.246746 0.244628 0.032257 0.030962 0.032257 190 204
5 62.310000 60.320000 1000000 9.912871 9.754276 9.899544 9.685682 0.030918 0.032257 0.223314 0.220972 0.032257 0.030904 0.032257 200 224
5 62.310000 60.320000 1000000 9.861507 9.598363 9.856380 9.587474 0.030895 0.032257 0.179801 0.176884 0.032257 0.030887 0.032257 210 220
5 62.310000 60.320000 1000000 9.817187 9.513416 9.812096 9.503782 0.030890 0.032257 0.146081 0.142475 0.032257 0.030882 0.032257 220 244
5 62.310000 60.320000 1000000 9.767788 9.471481 9.762619 9.461847 0.030905 0.032257 0.145034 0.141401 0.032257 0.030897 0.032257 240 250
5 62.310000 60.320000 1000000 9.756189 9.441374 9.752126 9.435100 0.030888 0.032257 0.131439 0.127420 0.032257 0.030879 0.032257 250 261
5 62.310000 60.320000 1000000 9.731823 9.417718 9.727730 9.411444 0.030891 0.032257 0.137704 0.133872 0.032257 0.030881 0.032257 260 287
5 62.310000 60.320000 1000000 9.722225 9.393524 9.717939 9.383890 0.030874 0.032257 0.128836 0.124733 0.032257 0.030863 0.032257 280 295
5 62.310000 60.320000 1000000 9.709804 9.376320 9.705502 9.366686 0.030886 0.032257 0.144508 0.140861 0.032257 0.030875 0.032257 290 313
5 62.310000 60.320000 1000000 9.700072 9.361266 9.695757 9.351632 0.030879 0.032257 0.140319 0.136560 0.032257 0.030869 0.032257 310 322
5 62.310000 60.320000 1000000 9.666676 9.344062 9.662316 9.334428 0.030909 0.032257 0.136136 0.132259 0.032257 0.030899 0.032257 320 337
5 62.310000 60.320000 1000000 9.634871 9.318256 9.629686 9.303515 0.030941 0.032257 0.133005 0.129034 0.032257 0.030932 0.032257 330 370
5 62.310000 60.320000 1000000 9.607713 9.290300 9.603205 9.284340 0.030942 0.032257 0.125716 0.121508 0.032257 0.030935 0.032257 370 387
5 62.310000 60.320000 1000000 9.607634 9.289224 9.603218 9.284519 0.030942 0.032257 0.125716 0.121507 0.032257 0.030935 0.032257 380 391
5 62.310000 60.320000 1000000 9.605986 9.285999 9.601377 9.280890 0.030939 0.032257 0.124678 0.120433 0.032257 0.030933 0.032257 390 402
5 62.310000 60.320000 1000000 9.571424 9.252665 9.566765 9.247556 0.030968 0.032257 0.131962 0.127959 0.032257 0.030962 0.032257 400 413
5 62.310000 60.320000 1000000 9.569061 9.251590 9.564399 9.246481 0.030971 0.032257 0.130920 0.126884 0.032257 0.030965 0.032257 410 428
5 62.310000 60.320000 1000000 9.566823 9.247289 9.562157 9.242180 0.030973 0.032257 0.130920 0.126884 0.032257 0.030967 0.032257 420 449
5 62.310000 60.320000 1000000 9.509042 9.185999 9.501858 9.175245 0.031028 0.032257 0.124678 0.120432 0.032257 0.031026 0.032257 440 469
5 62.310000 60.320000 1000000 9.507208 9.184923 9.500019 9.174169 0.031030 0.032257 0.124678 0.120432 0.032257 0.031028 0.032257 460 470
5 62.310000 60.320000 1000000 9.498469 9.174171 9.491670 9.164671 0.031039 0.032257 0.123639 0.119357 0.032257 0.031036 0.032257 470 510
5 62.310000 60.320000 1000000 9.425549 9.101053 9.416942 9.079636 0.031095 0.032257 0.124678 0.120433 0.032257 0.031094 0.032257 510 520
5 62.310000 60.320000 1000000 9.417245 9.092451 9.408568 9.070631 0.031088 0.032257 0.123640 0.119358 0.032257 0.031088 0.032257 520 544
5 62.310000 60.320000 1000000 9.395458 9.079548 9.386720 9.057728 0.031105 0.032257 0.123641 0.119359 0.032257 0.031105 0.032257 540 587
5 62.310000 60.320000 1000000 9.319559 9.011807 9.316316 9.008804 0.031167 0.032257 0.113295 0.108606 0.032257 0.031158 0.032257 560 577
5 62.310000 60.320000 1000000 9.297348 9.001054 9.294081 8.998051 0.031186 0.032257 0.115360 0.110758 0.032257 0.031178 0.032257 570 587
5 62.310000 60.320000 1000000 9.280828 8.992452 9.277544 8.989449 0.031194 0.032257 0.116393 0.111833 0.032257 0.031186 0.032257 580 602
5 62.310000 60.320000 1000000 9.244071 8.973097 9.240748 8.970094 0.031231 0.032257 0.117426 0.112908 0.032257 0.031222 0.032257 600 620
5 62.310000 60.320000 1000000 9.224984 8.949441 9.222314 8.949395 0.031227 0.032257 0.112265 0.107531 0.032257 0.031218 0.032257 620 632
5 62.310000 60.320000 1000000 9.189234 8.922560 9.186532 8.922514 0.031248 0.032257 0.107125 0.102153 0.032257 0.031239 0.032257 630 648
5 62.310000 60.320000 1000000 9.181603 8.916108 9.178894 8.916062 0.031246 0.032257 0.109178 0.104304 0.032257 0.031237 0.032257 640 668
5 62.310000 60.320000 1000000 9.131722 8.876323 9.131754 8.887567 0.031265 0.032257 0.110204 0.105377 0.032257 0.031253 0.032257 660 673
5 62.310000 60.320000 1000000 9.121752 8.869871 9.121890 8.882370 0.031272 0.032257 0.115355 0.110753 0.032257 0.031261 0.032257 670 689
5 62.310000 60.320000 1000000 9.120433 8.862345 9.120129 8.871439 0.031272 0.032257 0.112262 0.107527 0.032257 0.031261 0.032257 680 709
5 62.310000 60.320000 1000000 9.117577 8.859119 9.117272 8.868213 0.031274 0.032257 0.113291 0.108602 0.032257 0.031263 0.032257 700 721
5 62.310000 60.320000 1000000 9.096183 8.842990 9.095877 8.852084 0.031270 0.032257 0.119490 0.115054 0.032257 0.031259 0.032257 720 746
5 62.310000 60.320000 1000000 9.089707 8.838689 9.089400 8.847783 0.031275 0.032257 0.117421 0.112903 0.032257 0.031264 0.032257 740 758
5 62.310000 60.320000 1000000 9.088227 8.837614 9.087920 8.846707 0.031274 0.032257 0.117421 0.112903 0.032257 0.031263 0.032257 750 773
5 62.310000 60.320000 1000000 9.085337 8.833313 9.085029 8.842406 0.031273 0.032257 0.115356 0.110754 0.032257 0.031262 0.032257 770 820
5 62.310000 60.320000 1000000 9.080977 8.829011 9.080669 8.838105 0.031264 0.032257 0.111233 0.106453 0.032257 0.031253 0.032257 800 877
5 62.310000 60.320000 1000000 9.072391 8.821485 9.072082 8.830578 0.031262 0.032257 0.108150 0.103227 0.032257 0.031251 0.032257 870 891
5 62.310000 60.320000 1000000 9.070812 8.820409 9.070503 8.829503 0.031261 0.032257 0.108150 0.103227 0.032257 0.031250 0.032257 890 910
5 62.310000 60.320000 1000000 9.070130 8.819334 9.069821 8.828428 0.031262 0.032257 0.109176 0.104302 0.032257 0.031251 0.032257 910 965
5 62.310000 60.320000 1000000 9.063686 8.813958 9.063376 8.823052 0.031263 0.032257 0.109176 0.104302 0.032257 0.031252 0.032257 960 971
5 62.310000 60.320000 1000000 9.061183 8.812882 9.060873 8.821976 0.031266 0.032257 0.109176 0.104302 0.032257 0.031255 0.032257 970 981
5 62.310000 60.320000 1000000 9.059850 8.810732 9.059540 8.819826 0.031263 0.032257 0.109176 0.104301 0.032257 0.031252 0.032257 980 1006
5 62.310000 60.320000 1000000 9.037811 8.793528 9.037499 8.802622 0.031263 0.032257 0.100990 0.095700 0.032257 0.031251 0.032257 1000 1059
5 62.310000 60.320000 1000000 9.035772 8.792452 9.035460 8.801546 0.031265 0.032257 0.099972 0.094624 0.032257 0.031253 0.032257 1050 1061
5 62.310000 60.320000 1000000 9.010697 8.779549 9.010382 8.788643 0.031287 0.032257 0.099972 0.094624 0.032257 0.031276 0.032257 1060 1088
5 62.310000 60.320000 1000000 9.003295 8.768797 9.002636 8.777084 0.031294 0.032257 0.095911 0.090323 0.032257 0.031283 0.032257 1080 1125
5 62.310000 60.320000 1000000 8.961572 8.747291 8.960904 8.755579 0.031337 0.032257 0.105075 0.100001 0.032257 0.031326 0.032257 1120 1134
5 62.310000 60.320000 1000000 8.953402 8.740840 8.952731 8.749127 0.031345 0.032257 0.108149 0.103227 0.032257 0.031334 0.032257 1130 1160
5 62.310000 60.320000 1000000 8.930275 8.726861 8.929600 8.735149 0.031365 0.032257 0.107124 0.102152 0.032257 0.031354 0.032257 1160 1197
5 62.310000 60.320000 1000000 8.922656 8.717184 8.921473 8.724262 0.031373 0.032257 0.111233 0.106453 0.032257 0.031363 0.032257 1190 1231
5 62.310000 60.320000 1000000 8.897651 8.701055 8.896459 8.708133 0.031367 0.032257 0.115356 0.110754 0.032257 0.031357 0.032257 1230 1264
5 62.310000 60.320000 1000000 8.892583 8.696754 8.891388 8.703832 0.031360 0.032257 0.114324 0.109679 0.032257 0.031350 0.032257 1260 1270
5 62.310000 60.320000 1000000 8.890719 8.693528 8.889523 8.700606 0.031361 0.032257 0.112262 0.107528 0.032257 0.031350 0.032257 1270 1282
5 62.310000 60.320000 1000000 8.889630 8.692453 8.888434 8.699531 0.031358 0.032257 0.113292 0.108603 0.032257 0.031348 0.032257 1280 1293
5 62.310000 60.320000 1000000 8.884736 8.687076 8.883538 8.694154 0.031349 0.032257 0.113293 0.108603 0.032257 0.031339 0.032257 1290 1315
5 62.310000 60.320000 1000000 8.880281 8.682775 8.879082 8.689853 0.031346 0.032257 0.111232 0.106452 0.032257 0.031336 0.032257 1310 1464
5 62.310000 60.320000 1000000 8.875489 8.674173 8.874288 8.681251 0.031353 0.032257 0.109175 0.104301 0.032257 0.031342 0.032257 1460 1504
5 62.310000 60.320000 1000000 8.873160 8.672023 8.871958 8.679100 0.031355 0.032257 0.110203 0.105376 0.032257 0.031345 0.032257 1500 1512
5 62.310000 60.320000 1000000 8.857839 8.663421 8.856630 8.670498 0.031365 0.032257 0.112260 0.107526 0.032257 0.031354 0.032257 1510 1577
5 62.310000 60.320000 1000000 8.855633 8.657507 8.854084 8.662031 0.031364 0.032257 0.110716 0.105913 0.032257 0.031355 0.032257 1570 1595
5 62.310000 60.320000 1000000 8.854161 8.656431 8.852612 8.660955 0.031363 0.032257 0.111746 0.106988 0.032257 0.031353 0.032257 1590 1608
5 62.310000 60.320000 1000000 8.854089 8.654819 8.852501 8.658491 0.031363 0.032257 0.112260 0.107526 0.032257 0.031353 0.032257 1600 1631
5 62.310000 60.320000 1000000 8.828181 8.637614 8.826199 8.641332 0.031387 0.032257 0.104052 0.098925 0.032257 0.031377 0.032257 1630 1646
5 62.310000 60.320000 1000000 8.813425 8.629012 8.811433 8.632730 0.031409 0.032257 0.095910 0.090323 0.032257 0.031400 0.032257 1640 1683
5 62.310000 60.320000 1000000 8.808664 8.624711 8.806668 8.628429 0.031406 0.032257 0.092879 0.087097 0.032257 0.031397 0.032257 1680 1719
5 62.310000 60.320000 1000000 8.768476 8.604281 8.766453 8.607999 0.031451 0.032257 0.087858 0.081722 0.032257 0.031442 0.032257 1710 1733
5 62.310000 60.320000 1000000 8.755908 8.597829 8.753876 8.601547 0.031465 0.032257 0.084866 0.078496 0.032257 0.031456 0.032257 1730 1767
5 62.310000 60.320000 1000000 8.731699 8.581700 8.729650 8.585418 0.031486 0.032257 0.079919 0.073119 0.032257 0.031477 0.032257 1760 1821
5 62.310000 60.320000 1000000 8.729522 8.580625 8.727471 8.584343 0.031489 0.032257 0.078936 0.072044 0.032257 0.031479 0.032257 1820 1876
5 62.310000 60.320000 1000000 8.728175 8.579550 8.726124 8.583267 0.031490 0.032257 0.077956 0.070969 0.032257 0.031481 0.032257 1870 1891
5 62.310000 60.320000 1000000 8.727176 8.578474 8.725123 8.582192 0.031488 0.032257 0.078936 0.072044 0.032257 0.031479 0.032257 1890 1904
5 62.310000 60.320000 1000000 8.727022 8.577399 8.724911 8.580714 0.031488 0.032257 0.077956 0.070969 0.032257 0.031479 0.032257 1900 1973
5 62.310000 60.320000 1000000 8.726056 8.576324 8.723945 8.579638 0.031486 0.032257 0.076979 0.069894 0.032257 0.031477 0.032257 1970 1988
5 62.310000 60.320000 1000000 8.724182 8.575249 8.722070 8.578563 0.031489 0.032257 0.076004 0.068819 0.032257 0.031480 0.032257 1980 2320
5 62.310000 60.320000 1000000 8.677040 8.548367 8.674893 8.551681 0.031532 0.032257 0.075029 0.067741 0.032257 0.031523 0.032257 2320 2339
5 62.310000 60.320000 1000000 8.675748 8.547292 8.673600 8.550606 0.031530 0.032257 0.075029 0.067741 0.032257 0.031521 0.032257 2330 2738
5 62.310000 60.320000 1000000 8.655865 8.530087 8.653703 8.533402 0.031509 0.032257 0.079917 0.073117 0.032257 0.031500 0.032257 2730 2860
5 62.310000 60.320000 1000000 8.653928 8.529012 8.651764 8.532327 0.031510 0.032257 0.079917 0.073117 0.032257 0.031501 0.032257 2860 3001
5 62.310000 60.320000 1000000 8.652573 8.527937 8.650407 8.531251 0.031512 0.032257 0.078934 0.072042 0.032257 0.031503 0.032257 3000 3224
5 62.310000 60.320000 1000000 8.646218 8.523636 8.644048 8.526950 0.031512 0.032257 0.078934 0.072042 0.032257 0.031502 0.032257 3220 3237
5 62.310000 60.320000 1000000 8.645140 8.522560 8.642969 8.525875 0.031510 0.032257 0.077954 0.070967 0.032257 0.031500 0.032257 3230 3306
5 62.310000 60.320000 1000000 8.641098 8.519335 8.638924 8.522649 0.031515 0.032257 0.075029 0.067741 0.032257 0.031506 0.032257 3300 3418
5 62.310000 60.320000 1000000 8.635899 8.511808 8.635015 8.520140 0.031513 0.032257 0.076977 0.069892 0.032257 0.031502 0.032257 3410 3540
5 62.310000 60.320000 1000000 8.634895 8.510733 8.634011 8.519065 0.031511 0.032257 0.076002 0.068817 0.032257 0.031500 0.032257 3540 3625
5 62.310000 60.320000 1000000 8.633917 8.509657 8.633032 8.517990 0.031509 0.032257 0.076002 0.068817 0.032257 0.031498 0.032257 3620 4008
5 62.310000 60.320000 1000000 8.618346 8.499980 8.617456 8.508312 0.031528 0.032257 0.074057 0.066663 0.032257 0.031517 0.032257 3860 4022
5 62.310000 60.320000 1000000 8.614320 8.497829 8.613429 8.506162 0.031532 0.032257 0.074058 0.066664 0.032257 0.031521 0.032257 3920 4240
5 62.310000 60.320000 1000000 8.559483 8.463421 8.558575 8.471753 0.031544 0.032257 0.092875 0.087093 0.032257 0.031533 0.032257 4240 4324
5 62.310000 60.320000 1000000 8.558292 8.462345 8.557384 8.470678 0.031542 0.032257 0.092875 0.087093 0.032257 0.031531 0.032257 4320 4389
5 62.310000 60.320000 1000000 8.553548 8.453743 8.552053 8.459567 0.031547 0.032257 0.088855 0.082793 0.032257 0.031537 0.032257 4380 4510
5 62.310000 60.320000 1000000 8.528412 8.435464 8.526904 8.441287 0.031562 0.032257 0.089857 0.083867 0.032257 0.031551 0.032257 4510 4557
5 62.310000 60.320000 1000000 8.527084 8.434388 8.525575 8.440212 0.031560 0.032257 0.089857 0.083867 0.032257 0.031550 0.032257 4550 4746
5 62.310000 60.320000 1000000 8.524597 8.431163 8.523087 8.436986 0.031558 0.032257 0.087854 0.081717 0.032257 0.031548 0.032257 4740 5222
5 62.310000 60.320000 1000000 8.522213 8.427937 8.520702 8.433760 0.031553 0.032257 0.088855 0.082793 0.032257 0.031543 0.032257 5220 5909
5 62.310000 60.320000 1000000 8.506099 8.413958 8.504578 8.419782 0.031543 0.032257 0.086855 0.080642 0.032257 0.031533 0.032257 5900 5933
5 62.310000 60.320000 1000000 8.504793 8.412883 8.503272 8.418706 0.031541 0.032257 0.086855 0.080642 0.032257 0.031531 0.032257 5930 6076
5 62.310000 60.320000 1000000 8.504041 8.411808 8.502520 8.417631 0.031540 0.032257 0.086854 0.080642 0.032257 0.031529 0.032257 6070 6223
5 62.310000 60.320000 1000000 8.499534 8.408582 8.498011 8.414405 0.031546 0.032257 0.084862 0.078492 0.032257 0.031535 0.032257 6220 6600
5 62.310000 60.320000 1000000 8.496759 8.405356 8.495234 8.411180 0.031541 0.032257 0.083868 0.077416 0.032257 0.031530 0.032257 6600 6756
5 62.310000 60.320000 1000000 8.495758 8.404281 8.494233 8.410104 0.031539 0.032257 0.082876 0.076341 0.032257 0.031528 0.032257 6750 7743
5 62.310000 60.320000 1000000 8.488023 8.397829 8.486494 8.403653 0.031535 0.032257 0.079916 0.073116 0.032257 0.031525 0.032257 7300 7419
5 62.310000 60.320000 1000000 8.484045 8.392453 8.482513 8.398276 0.031541 0.032257 0.080900 0.074191 0.032257 0.031531 0.032257 7410 7743
5 62.310000 60.320000 1000000 8.481355 8.389227 8.479650 8.394647 0.031537 0.032257 0.080900 0.074191 0.032257 0.031527 0.032257 7740 7805
5 62.310000 60.320000 1000000 8.476781 8.383851 8.475073 8.389271 0.031540 0.032257 0.079915 0.073116 0.032257 0.031530 0.032257 7800 7820
5 62.310000 60.320000 1000000 8.474825 8.382776 8.473116 8.388196 0.031543 0.032257 0.078933 0.072041 0.032257 0.031533 0.032257 7820 8213
5 62.310000 60.320000 1000000 8.463318 8.375249 8.461601 8.380669 0.031539 0.032257 0.074060 0.066666 0.032257 0.031529 0.032257 8210 8299
5 62.310000 60.320000 1000000 8.457100 8.369872 8.455380 8.375293 0.031543 0.032257 0.075029 0.067741 0.032257 0.031533 0.032257 8290 8334
5 62.310000 60.320000 1000000 8.456137 8.368797 8.454416 8.374217 0.031545 0.032257 0.074060 0.066666 0.032257 0.031535 0.032257 8330 8371
5 62.310000 60.320000 1000000 8.455909 8.367184 8.454067 8.371753 0.031545 0.032257 0.073576 0.066128 0.032257 0.031535 0.032257 8370 8391
5 62.310000 60.320000 1000000 8.454443 8.366109 8.452601 8.370678 0.031547 0.032257 0.072611 0.065053 0.032257 0.031537 0.032257 8390 8688
5 62.310000 60.320000 1000000 8.452583 8.362883 8.450401 8.366646 0.031547 0.032257 0.070691 0.062902 0.032257 0.031537 0.032257 8680 8694
5 62.310000 60.320000 1000000 8.451774 8.361808 8.449592 8.365570 0.031545 0.032257 0.070691 0.062902 0.032257 0.031536 0.032257 8690 9026
5 62.310000 60.320000 1000000 8.425547 8.344604 8.423344 8.348366 0.031565 0.032257 0.071649 0.063977 0.032257 0.031555 0.032257 9020 9667
5 62.310000 60.320000 1000000 8.424660 8.343528 8.422456 8.347291 0.031563 0.032257 0.071649 0.063977 0.032257 0.031554 0.032257 9660 9703
5 62.310000 60.320000 1000000 8.423802 8.342453 8.421597 8.346215 0.031561 0.032257 0.070691 0.062902 0.032257 0.031552 0.032257 9700 10538
5 62.310000 60.320000 1000000 8.411603 8.333851 8.409389 8.337613 0.031568 0.032257 0.074545 0.067204 0.032257 0.031559 0.032257 10530 11085
5 62.310000 60.320000 1000000 8.410427 8.332776 8.408212 8.336538 0.031566 0.032257 0.073577 0.066129 0.032257 0.031557 0.032257 11080 12756
5 62.310000 60.320000 1000000 8.372863 8.309120 8.370618 8.312882 0.031582 0.032257 0.079426 0.072580 0.032257 0.031573 0.032257 12750 13009
5 62.310000 60.320000 1000000 8.370243 8.304819 8.367996 8.308581 0.031583 0.032257 0.081396 0.074731 0.032257 0.031574 0.032257 13000 13984
5 62.310000 60.320000 1000000 8.342688 8.281163 8.339915 8.283716 0.031599 0.032257 0.082384 0.075806 0.032257 0.031590 0.032257 13980 14098
5 62.310000 60.320000 1000000 8.341912 8.280088 8.339139 8.282640 0.031598 0.032257 0.082384 0.075806 0.032257 0.031589 0.032257 14090 14211
5 62.310000 60.320000 1000000 8.341413 8.279012 8.338639 8.281565 0.031597 0.032257 0.081396 0.074731 0.032257 0.031588 0.032257 14210 14425
5 62.310000 60.320000 1000000 8.296829 8.251055 8.294010 8.253608 0.031623 0.032257 0.087356 0.081182 0.032257 0.031615 0.032257 14420 14497
5 62.310000 60.320000 1000000 8.295220 8.249980 8.292399 8.252533 0.031626 0.032257 0.086358 0.080107 0.032257 0.031617 0.032257 14490 14539
5 62.310000 60.320000 1000000 8.293847 8.248905 8.291025 8.251458 0.031624 0.032257 0.086358 0.080107 0.032257 0.031616 0.032257 14530 15292
5 62.310000 60.320000 1000000 8.282586 8.240303 8.279752 8.242855 0.031636 0.032257 0.088356 0.082257 0.032257 0.031627 0.032257 15290 15988
5 62.310000 60.320000 1000000 8.279676 8.237077 8.276840 8.239630 0.031631 0.032257 0.089357 0.083332 0.032257 0.031622 0.032257 15980 16210
5 62.310000 60.320000 1000000 8.278007 8.236002 8.275169 8.238554 0.031630 0.032257 0.088355 0.082257 0.032257 0.031622 0.032257 16210 17947
5 62.310000 60.320000 1000000 8.254393 8.216109 8.251156 8.216108 0.031634 0.032257 0.086857 0.080645 0.032257 0.031626 0.032257 17940 19096
5 62.310000 60.320000 1000000 8.232920 8.192453 8.232912 8.204997 0.031643 0.032257 0.089859 0.083870 0.032257 0.031631 0.032257 19090 19630
5 62.310000 60.320000 1000000 8.205735 8.171486 8.205369 8.181476 0.031665 0.032257 0.089358 0.083332 0.032257 0.031654 0.032257 19630 19999
5 62.310000 60.320000 1000000 8.204501 8.170410 8.204134 8.180400 0.031667 0.032257 0.089358 0.083332 0.032257 0.031655 0.032257 19990 20306
5 62.310000 60.320000 1000000 8.193869 8.160733 8.193501 8.170723 0.031678 0.032257 0.091366 0.085482 0.032257 0.031666 0.032257 20300 20321
5 62.310000 60.320000 1000000 8.192115 8.159658 8.191747 8.169648 0.031681 0.032257 0.090361 0.084407 0.032257 0.031669 0.032257 20320 21077
5 62.310000 60.320000 1000000 8.190901 8.158582 8.190533 8.168572 0.031679 0.032257 0.089357 0.083332 0.032257 0.031667 0.032257 21070 21364
5 62.310000 60.320000 1000000 8.177788 8.148905 8.177418 8.158895 0.031693 0.032257 0.082383 0.075805 0.032257 0.031681 0.032257 21360 21630
5 62.310000 60.320000 1000000 8.170502 8.144604 8.170131 8.154594 0.031699 0.032257 0.078443 0.071504 0.032257 0.031687 0.032257 21630 23451
5 62.310000 60.320000 1000000 8.159778 8.132776 8.158830 8.141153 0.031713 0.032257 0.073576 0.066128 0.032257 0.031702 0.032257 23450 26349
5 62.310000 60.320000 1000000 8.130187 8.112346 8.129229 8.120723 0.031711 0.032257 0.066893 0.058602 0.032257 0.031700 0.032257 26340 26865
5 62.310000 60.320000 1000000 8.129053 8.111271 8.128094 8.119648 0.031712 0.032257 0.067837 0.059677 0.032257 0.031701 0.032257 26860 29117
5 62.310000 60.320000 1000000 8.099662 8.088690 8.098693 8.097067 0.031733 0.032257 0.062238 0.053227 0.032257 0.031722 0.032257 29110 29970
5 62.310000 60.320000 1000000 8.095856 8.084389 8.094885 8.092766 0.031732 0.032257 0.061322 0.052152 0.032257 0.031720 0.032257 29970 31071
5 62.310000 60.320000 1000000 8.075941 8.070410 8.074963 8.078788 0.031742 0.032257 0.065953 0.057527 0.032257 0.031731 0.032257 31070 32508
5 62.310000 60.320000 1000000 8.071359 8.067185 8.070380 8.075562 0.031743 0.032257 0.066893 0.058602 0.032257 0.031732 0.032257 32500 33872
5 62.310000 60.320000 1000000 8.069803 8.066109 8.068823 8.074486 0.031745 0.032257 0.065954 0.057527 0.032257 0.031734 0.032257 33870 34946
5 62.310000 60.320000 1000000 8.063462 8.061808 8.062480 8.070185 0.031747 0.032257 0.067837 0.059677 0.032257 0.031735 0.032257 34940 37664
5 62.310000 60.320000 1000000 8.046370 8.045679 8.045382 8.054056 0.031768 0.032257 0.073577 0.066129 0.032257 0.031757 0.032257 37660 39777
5 62.310000 60.320000 1000000 8.027447 8.029550 8.026452 8.037927 0.031792 0.032257 0.076488 0.069354 0.032257 0.031780 0.032257 39770 40092
5 62.310000 60.320000 1000000 8.026187 8.028475 8.025191 8.036852 0.031790 0.032257 0.077464 0.070428 0.032257 0.031778 0.032257 40090 40988
5 62.310000 60.320000 1000000 8.025389 8.027400 8.024393 8.035777 0.031789 0.032257 0.076488 0.069353 0.032257 0.031777 0.032257 40980 41779
5 62.310000 60.320000 1000000 8.024409 8.026324 8.023413 8.034702 0.031790 0.032257 0.077464 0.070428 0.032257 0.031779 0.032257 41770 42401
5 62.310000 60.320000 1000000 8.023730 8.025249 8.022733 8.033626 0.031791 0.032257 0.078443 0.071504 0.032257 0.031780 0.032257 42400 47082
5 62.310000 60.320000 1000000 8.015934 8.013421 8.014332 8.018886 0.031799 0.032257 0.076488 0.069354 0.032257 0.031788 0.032257 47080 47258
5 62.310000 60.320000 1000000 8.015347 8.012346 8.013745 8.017811 0.031798 0.032257 0.077465 0.070429 0.032257 0.031787 0.032257 47250 47271
5 62.310000 60.320000 1000000 8.014494 8.011271 8.012891 8.016736 0.031797 0.032257 0.078444 0.071504 0.032257 0.031786 0.032257 47270 50537
5 62.310000 60.320000 1000000 8.014173 8.010196 8.012570 8.015661 0.031796 0.032257 0.077465 0.070429 0.032257 0.031785 0.032257 50530 50654
5 62.310000 60.320000 1000000 8.012618 8.009120 8.011014 8.014585 0.031795 0.032257 0.076489 0.069354 0.032257 0.031784 0.032257 50650 53455
5 62.310000 60.320000 1000000 8.010836 8.008045 8.009231 8.013510 0.031797 0.032257 0.076489 0.069354 0.032257 0.031786 0.032257 53450 53737
5 62.310000 60.320000 1000000 8.010523 8.006970 8.008918 8.012435 0.031796 0.032257 0.076489 0.069354 0.032257 0.031785 0.032257 53730 54978
5 62.310000 60.320000 1000000 8.005894 8.003744 8.004286 8.009209 0.031802 0.032257 0.077465 0.070429 0.032257 0.031791 0.032257 54970 60636
5 62.310000 60.320000 1000000 7.993168 7.995142 7.991553 8.000607 0.031817 0.032257 0.072613 0.065055 0.032257 0.031806 0.032257 57950 61176
5 62.310000 60.320000 1000000 7.977899 7.984389 7.976274 7.989854 0.031816 0.032257 0.072614 0.065055 0.032257 0.031805 0.032257 61170 61331
5 62.310000 60.320000 1000000 7.976810 7.983314 7.975185 7.988779 0.031815 0.032257 0.073578 0.066130 0.032257 0.031804 0.032257 61330 62497
5 62.310000 60.320000 1000000 7.957738 7.969335 7.956101 7.974800 0.031829 0.032257 0.067839 0.059679 0.032257 0.031818 0.032257 62490 62845
5 62.310000 60.320000 1000000 7.956454 7.968260 7.954816 7.973725 0.031827 0.032257 0.066896 0.058605 0.032257 0.031816 0.032257 62840 67159
5 62.310000 60.320000 1000000 7.954199 7.965034 7.952560 7.970499 0.031831 0.032257 0.067840 0.059680 0.032257 0.031820 0.032257 67150 74127
5 62.310000 60.320000 1000000 7.937983 7.940841 7.935236 7.940840 0.031853 0.032257 0.066425 0.058067 0.032257 0.031844 0.032257 74120 76930
5 62.310000 60.320000 1000000 7.935951 7.939766 7.933201 7.939765 0.031854 0.032257 0.065487 0.056992 0.032257 0.031845 0.032257 76930 79228
5 62.310000 60.320000 1000000 7.935756 7.938690 7.932934 7.938286 0.031854 0.032257 0.066425 0.058067 0.032257 0.031845 0.032257 79220 80170
5 62.310000 60.320000 1000000 7.933768 7.937615 7.930944 7.937211 0.031855 0.032257 0.065487 0.056992 0.032257 0.031846 0.032257 80170 80826
5 62.310000 60.320000 1000000 7.932775 7.936540 7.929949 7.936136 0.031854 0.032257 0.064554 0.055916 0.032257 0.031845 0.032257 80820 84652
5 62.310000 60.320000 1000000 7.931356 7.935465 7.928529 7.935060 0.031853 0.032257 0.064554 0.055916 0.032257 0.031844 0.032257 84650 86144
5 62.310000 60.320000 1000000 7.929664 7.934389 7.926836 7.933985 0.031855 0.032257 0.063625 0.054841 0.032257 0.031846 0.032257 86140 88667
5 62.310000 60.320000 1000000 7.920576 7.927938 7.917737 7.927534 0.031858 0.032257 0.065488 0.056992 0.032257 0.031849 0.032257 87620 89249
5 62.310000 60.320000 1000000 7.911481 7.921486 7.908633 7.921082 0.031854 0.032257 0.068314 0.060218 0.032257 0.031845 0.032257 89240 91334
5 62.310000 60.320000 1000000 7.910160 7.920411 7.907310 7.920007 0.031853 0.032257 0.067368 0.059143 0.032257 0.031843 0.032257 91330 96641
5 62.310000 60.320000 1000000 7.897315 7.910734 7.894451 7.910329 0.031861 0.032257 0.068316 0.060220 0.032257 0.031852 0.032257 96640 99703
5 62.310000 60.320000 1000000 7.882777 7.893529 7.879442 7.889720 0.031866 0.032257 0.067370 0.059145 0.032257 0.031858 0.032257 99700 110132
5 62.310000 60.320000 1000000 7.874019 7.888153 7.870674 7.884344 0.031872 0.032257 0.068315 0.060220 0.032257 0.031864 0.032257 100610 111526
5 62.310000 60.320000 1000000 7.860362 7.873099 7.856926 7.868887 0.031891 0.032257 0.060868 0.051618 0.032257 0.031883 0.032257 111520 114511
5 62.310000 60.320000 1000000 7.858344 7.869873 7.854905 7.865661 0.031891 0.032257 0.059056 0.049467 0.032257 0.031883 0.032257 114510 117795
5 62.310000 60.320000 1000000 7.856922 7.868798 7.853482 7.864586 0.031890 0.032257 0.059056 0.049467 0.032257 0.031881 0.032257 117790 121407
5 62.310000 60.320000 1000000 7.846014 7.861271 7.842559 7.857059 0.031896 0.032257 0.056381 0.046241 0.032257 0.031888 0.032257 121400 131396
5 62.310000 60.320000 1000000 7.829529 7.850518 7.826052 7.846306 0.031895 0.032257 0.060869 0.051619 0.032257 0.031887 0.032257 124490 134005
5 62.310000 60.320000 1000000 7.815861 7.838691 7.812706 7.835733 0.031900 0.032257 0.058158 0.048393 0.032257 0.031891 0.032257 134000 136319
5 62.310000 60.320000 1000000 7.815258 7.837615 7.812102 7.834657 0.031901 0.032257 0.057267 0.047317 0.032257 0.031892 0.032257 136310 138721
5 62.310000 60.320000 1000000 7.810897 7.834389 7.807736 7.831432 0.031900 0.032257 0.058158 0.048393 0.032257 0.031891 0.032257 138720 141470
5 62.310000 60.320000 1000000 7.809565 7.833314 7.806402 7.830356 0.031899 0.032257 0.059056 0.049467 0.032257 0.031890 0.032257 141470 142877
5 62.310000 60.320000 1000000 7.808873 7.832239 7.805709 7.829281 0.031900 0.032257 0.059056 0.049467 0.032257 0.031891 0.032257 142870 144645
5 62.310000 60.320000 1000000 7.806896 7.829013 7.803405 7.825249 0.031903 0.032257 0.059056 0.049467 0.032257 0.031894 0.032257 144640 145293
5 62.310000 60.320000 1000000 7.805069 7.825787 7.802237 7.824532 0.031902 0.032257 0.059958 0.050542 0.032257 0.031893 0.032257 145290 146562
5 62.310000 60.320000 1000000 7.804195 7.824712 7.801362 7.823457 0.031901 0.032257 0.059958 0.050542 0.032257 0.031892 0.032257 146560 147604
5 62.310000 60.320000 1000000 7.804058 7.823637 7.801384 7.823636 0.031901 0.032257 0.059055 0.049466 0.032257 0.031892 0.032257 147600 160480
5 62.310000 60.320000 1000000 7.798882 7.816110 7.795982 7.814407 0.031906 0.032257 0.058157 0.048391 0.032257 0.031897 0.032257 160480 162334
5 62.310000 60.320000 1000000 7.784557 7.806433 7.781641 7.804729 0.031905 0.032257 0.055502 0.045166 0.032257 0.031896 0.032257 162330 167361
5 62.310000 60.320000 1000000 7.784423 7.805357 7.781663 7.804908 0.031905 0.032257 0.054631 0.044090 0.032257 0.031896 0.032257 167360 169242
5 62.310000 60.320000 1000000 7.777148 7.799981 7.774381 7.799532 0.031910 0.032257 0.054629 0.044089 0.032257 0.031901 0.032257 169240 169869
5 62.310000 60.320000 1000000 7.775939 7.798906 7.773171 7.798457 0.031908 0.032257 0.053765 0.043013 0.032257 0.031900 0.032257 169860 172328
5 62.310000 60.320000 1000000 7.774584 7.797831 7.771814 7.797382 0.031907 0.032257 0.053765 0.043014 0.032257 0.031898 0.032257 172320 184168
5 62.310000 60.320000 1000000 7.767182 7.792454 7.764404 7.792005 0.031906 0.032257 0.053765 0.043013 0.032257 0.031898 0.032257 184160 184945
5 62.310000 60.320000 1000000 7.766308 7.791379 7.763530 7.790930 0.031908 0.032257 0.054629 0.044088 0.032257 0.031899 0.032257 184940 195071
5 62.310000 60.320000 1000000 7.758578 7.782777 7.755475 7.781521 0.031908 0.032257 0.056379 0.046239 0.032257 0.031900 0.032257 195070 203587
5 62.310000 60.320000 1000000 7.749050 7.774175 7.745482 7.771710 0.031918 0.032257 0.059053 0.049464 0.032257 0.031911 0.032257 200170 209730
5 62.310000 60.320000 1000000 7.740784 7.768798 7.737205 7.766333 0.031924 0.032257 0.061781 0.052691 0.032257 0.031917 0.032257 209730 218415
5 62.310000 60.320000 1000000 7.735817 7.764497 7.732231 7.762032 0.031921 0.032257 0.060866 0.051615 0.032257 0.031913 0.032257 218410 219626
5 62.310000 60.320000 1000000 7.735105 7.763422 7.731519 7.760957 0.031920 0.032257 0.060866 0.051615 0.032257 0.031913 0.032257 219620 228551
5 62.310000 60.320000 1000000 7.734260 7.762347 7.730673 7.759882 0.031919 0.032257 0.060866 0.051615 0.032257 0.031912 0.032257 228550 233969
5 62.310000 60.320000 1000000 7.733651 7.761272 7.730063 7.758807 0.031920 0.032257 0.059957 0.050540 0.032257 0.031913 0.032257 233960 241066
5 62.310000 60.320000 1000000 7.725525 7.751594 7.721708 7.747427 0.031924 0.032257 0.061780 0.052690 0.032257 0.031917 0.032257 241060 246012
5 62.310000 60.320000 1000000 7.724506 7.750519 7.720688 7.746351 0.031923 0.032257 0.061780 0.052690 0.032257 0.031916 0.032257 246010 249373
5 62.310000 60.320000 1000000 7.721601 7.747293 7.717778 7.743125 0.031920 0.032257 0.061780 0.052690 0.032257 0.031913 0.032257 249370 264075
5 62.310000 60.320000 1000000 7.716106 7.739766 7.712275 7.735599 0.031926 0.032257 0.060866 0.051615 0.032257 0.031919 0.032257 264070 268040
5 62.310000 60.320000 1000000 7.714529 7.738691 7.710696 7.734523 0.031927 0.032257 0.060866 0.051615 0.032257 0.031920 0.032257 268040 272237
5 62.310000 60.320000 1000000 7.713139 7.737616 7.709303 7.733448 0.031926 0.032257 0.060866 0.051615 0.032257 0.031919 0.032257 272230 276581
5 62.310000 60.320000 1000000 7.711512 7.736540 7.707674 7.732373 0.031926 0.032257 0.060866 0.051615 0.032257 0.031919 0.032257 276580 290632
5 62.310000 60.320000 1000000 7.699516 7.725788 7.695660 7.721620 0.031938 0.032257 0.056378 0.046238 0.032257 0.031931 0.032257 290630 294584
5 62.310000 60.320000 1000000 7.696241 7.723637 7.692380 7.719470 0.031942 0.032257 0.056378 0.046238 0.032257 0.031935 0.032257 291430 308932
5 62.310000 60.320000 1000000 7.685290 7.713960 7.681748 7.711047 0.031947 0.032257 0.058155 0.048388 0.032257 0.031940 0.032257 308930 323002
5 62.310000 60.320000 1000000 7.675103 7.706433 7.671547 7.703520 0.031951 0.032257 0.058155 0.048388 0.032257 0.031943 0.032257 323000 343512
5 62.310000 60.320000 1000000 7.666262 7.699982 7.662693 7.697068 0.031961 0.032257 0.059957 0.050541 0.032257 0.031954 0.032257 329640 360560
5 62.310000 60.320000 1000000 7.642963 7.682777 7.640022 7.682373 0.031978 0.032257 0.062701 0.053767 0.032257 0.031970 0.032257 360560 368942
5 62.310000 60.320000 1000000 7.639296 7.673100 7.636128 7.672785 0.031981 0.032257 0.067367 0.059142 0.032257 0.031973 0.032257 368940 390933
5 62.310000 60.320000 1000000 7.637827 7.672025 7.634658 7.671710 0.031980 0.032257 0.067367 0.059142 0.032257 0.031972 0.032257 390930 391979
5 62.310000 60.320000 1000000 7.637621 7.670412 7.634343 7.669246 0.031980 0.032257 0.066896 0.058604 0.032257 0.031972 0.032257 391970 407531
5 62.310000 60.320000 1000000 7.622665 7.659659 7.619368 7.658493 0.031990 0.032257 0.062241 0.053229 0.032257 0.031982 0.032257 407530 411393
5 62.310000 60.320000 1000000 7.620654 7.658584 7.617354 7.657418 0.031992 0.032257 0.061324 0.052154 0.032257 0.031984 0.032257 411390 417975
5 62.310000 60.320000 1000000 7.619925 7.657508 7.616624 7.656343 0.031993 0.032257 0.060412 0.051079 0.032257 0.031985 0.032257 417970 428572
5 62.310000 60.320000 1000000 7.609412 7.648906 7.606097 7.647741 0.032004 0.032257 0.061323 0.052153 0.032257 0.031996 0.032257 418630 440083
5 62.310000 60.320000 1000000 7.591375 7.634928 7.588036 7.633762 0.032017 0.032257 0.058604 0.048927 0.032257 0.032009 0.032257 440080 467519
5 62.310000 60.320000 1000000 7.583163 7.627401 7.579813 7.626235 0.032022 0.032257 0.059503 0.050000 0.032257 0.032015 0.032257 467510 488745
5 62.310000 60.320000 1000000 7.575530 7.616648 7.572171 7.615482 0.032032 0.032257 0.064087 0.055376 0.032257 0.032025 0.032257 488740 489946
5 62.310000 60.320000 1000000 7.575101 7.615573 7.571740 7.614407 0.032032 0.032257 0.065018 0.056451 0.032257 0.032024 0.032257 489940 511207
5 62.310000 60.320000 1000000 7.571616 7.612347 7.568251 7.611181 0.032030 0.032257 0.065954 0.057527 0.032257 0.032023 0.032257 511200 569051
5 62.310000 60.320000 1000000 7.548931 7.590842 7.545536 7.589676 0.032047 0.032257 0.057706 0.047849 0.032257 0.032040 0.032257 569050 622738
5 62.310000 60.320000 1000000 7.545795 7.587616 7.542395 7.586450 0.032045 0.032257 0.059502 0.049999 0.032257 0.032037 0.032257 622730 625075
5 62.310000 60.320000 1000000 7.545523 7.586541 7.542441 7.586629 0.032045 0.032257 0.059502 0.049999 0.032257 0.032037 0.032257 625070 636277
5 62.310000 60.320000 1000000 7.544375 7.585465 7.541291 7.585554 0.032044 0.032257 0.060408 0.051075 0.032257 0.032036 0.032257 636270 667587
5 62.310000 60.320000 1000000 7.530891 7.573637 7.528409 7.576235 0.032053 0.032257 0.060408 0.051074 0.032257 0.032044 0.032257 667580 713443
5 62.310000 60.320000 1000000 7.524478 7.568261 7.521989 7.570859 0.032060 0.032257 0.055938 0.045700 0.032257 0.032051 0.032257 713440 736873
5 62.310000 60.320000 1000000 7.523091 7.567186 7.520601 7.569784 0.032059 0.032257 0.055063 0.044625 0.032257 0.032050 0.032257 736870 780154
5 62.310000 60.320000 1000000 7.519568 7.560734 7.517074 7.563332 0.032059 0.032257 0.055938 0.045700 0.032257 0.032050 0.032257 780150 790171
5 62.310000 60.320000 1000000 7.518172 7.559659 7.515676 7.562257 0.032060 0.032257 0.056818 0.046774 0.032257 0.032051 0.032257 790170 813167
5 62.310000 60.320000 1000000 7.517497 7.555358 7.515081 7.557508 0.032061 0.032257 0.055937 0.045699 0.032257 0.032052 0.032257 813160 834371
5 62.310000 60.320000 1000000 7.511167 7.549982 7.508745 7.552131 0.032069 0.032257 0.052481 0.041397 0.032257 0.032060 0.032257 834370 840695
5 62.310000 60.320000 1000000 7.509599 7.548906 7.507174 7.551056 0.032068 0.032257 0.051637 0.040322 0.032257 0.032059 0.032257 840690 882263
5 62.310000 60.320000 1000000 7.496630 7.537078 7.494193 7.539228 0.032078 0.032257 0.049976 0.038172 0.032257 0.032069 0.032257 882260 890398
5 62.310000 60.320000 1000000 7.494948 7.536003 7.492509 7.538153 0.032079 0.032257 0.049976 0.038172 0.032257 0.032070 0.032257 890390 911610
5 62.310000 60.320000 1000000 7.488545 7.531702 7.486101 7.533852 0.032084 0.032257 0.052481 0.041397 0.032257 0.032075 0.032257 911610 927014
5 62.310000 60.320000 1000000 7.487004 7.530627 7.484557 7.532776 0.032083 0.032257 0.052481 0.041397 0.032257 0.032074 0.032257 927010 986930
5 62.310000 60.320000 1000000 7.484626 7.527401 7.482178 7.529551 0.032085 0.032257 0.053333 0.042472 0.032257 0.032076 0.032257 986930 1000000
