35 62.310000 60.320000 1000000 14.203959 13.880071 14.200693 13.884729 0.031792 0.032259 0.357910 0.356453 0.032259 0.031784 0.032259 0 50
35 62.310000 60.320000 1000000 12.767075 12.670934 12.764498 12.684150 0.031691 0.032259 0.414161 0.412903 0.032259 0.031681 0.032259 50 60
35 62.310000 60.320000 1000000 12.365289 12.341367 12.361110 12.340111 0.031809 0.032259 0.317238 0.315594 0.032259 0.031799 0.032259 60 70
35 62.310000 60.320000 1000000 12.192822 12.185453 12.188463 12.184197 0.031874 0.032259 0.246742 0.244624 0.032259 0.031864 0.032259 70 80
35 62.310000 60.320000 1000000 12.109948 12.105884 12.106504 12.110945 0.031898 0.032259 0.255270 0.253223 0.032259 0.031889 0.032259 80 91
35 62.310000 60.320000 1000000 11.927322 11.968249 11.923717 11.973311 0.031948 0.032259 0.175566 0.172577 0.032259 0.031938 0.032259 90 100
35 62.310000 60.320000 1000000 11.843169 11.884379 11.839487 11.889440 0.031924 0.032259 0.172397 0.169352 0.032259 0.031914 0.032259 100 111
35 62.310000 60.320000 1000000 11.722650 11.783304 11.717820 11.782945 0.031954 0.032259 0.171348 0.168284 0.032259 0.031945 0.032259 110 120
35 62.310000 60.320000 1000000 11.651170 11.720939 11.645987 11.719773 0.031970 0.032259 0.181920 0.179037 0.032259 0.031962 0.032259 120 134
35 62.310000 60.320000 1000000 11.637583 11.704272 11.632140 11.700552 0.031970 0.032259 0.179275 0.176349 0.032259 0.031961 0.032259 130 142
35 62.310000 60.320000 1000000 11.623792 11.685993 11.618620 11.683527 0.031971 0.032259 0.173988 0.170972 0.032259 0.031963 0.032259 140 151
35 62.310000 60.320000 1000000 11.552436 11.625778 11.547168 11.623313 0.031976 0.032259 0.164486 0.161292 0.032259 0.031967 0.032259 150 160
35 62.310000 60.320000 1000000 11.522837 11.603198 11.517528 11.600732 0.031987 0.032259 0.156060 0.152690 0.032259 0.031979 0.032259 160 175
35 62.310000 60.320000 1000000 11.447482 11.540832 11.442067 11.538367 0.031967 0.032259 0.166596 0.163443 0.032259 0.031958 0.032259 170 181
35 62.310000 60.320000 1000000 11.387320 11.494596 11.381819 11.492131 0.031977 0.032259 0.172931 0.169895 0.032259 0.031969 0.032259 180 194
35 62.310000 60.320000 1000000 11.311418 11.446209 11.305806 11.443744 0.031993 0.032259 0.170819 0.167745 0.032259 0.031985 0.032259 190 200
35 62.310000 60.320000 1000000 11.269776 11.398360 11.263912 11.392893 0.031998 0.032259 0.172402 0.169357 0.032259 0.031990 0.032259 200 211
35 62.310000 60.320000 1000000 11.242804 11.365027 11.239445 11.373359 0.031996 0.032259 0.188269 0.185484 0.032259 0.031987 0.032259 210 230
35 62.310000 60.320000 1000000 11.195373 11.318790 11.191542 11.325913 0.032009 0.032259 0.179800 0.176883 0.032259 0.032001 0.032259 230 245
35 62.310000 60.320000 1000000 11.122133 11.268253 11.118226 11.275375 0.032017 0.032259 0.156584 0.153225 0.032259 0.032009 0.032259 240 253
35 62.310000 60.320000 1000000 11.113841 11.259651 11.109925 11.266773 0.032022 0.032259 0.155532 0.152150 0.032259 0.032014 0.032259 250 261
35 62.310000 60.320000 1000000 11.049504 11.209113 11.045519 11.216236 0.032056 0.032259 0.152378 0.148924 0.032259 0.032048 0.032259 260 272
35 62.310000 60.320000 1000000 10.997998 11.166102 10.994290 11.174479 0.032077 0.032259 0.155532 0.152150 0.032259 0.032069 0.032259 270 286
35 62.310000 60.320000 1000000 10.987753 11.156425 10.984034 11.164802 0.032079 0.032259 0.153429 0.149999 0.032259 0.032071 0.032259 280 300
35 62.310000 60.320000 1000000 10.972169 11.130619 10.970038 11.145268 0.032073 0.032259 0.150277 0.146774 0.032259 0.032063 0.032259 300 323
35 62.310000 60.320000 1000000 10.953697 11.090834 10.950454 11.101854 0.032072 0.032259 0.139794 0.136021 0.032259 0.032063 0.032259 320 339
35 62.310000 60.320000 1000000 10.946917 11.083845 10.943564 11.094014 0.032075 0.032259 0.141364 0.137634 0.032259 0.032066 0.032259 330 342
35 62.310000 60.320000 1000000 10.939466 11.075242 10.936106 11.085412 0.032079 0.032259 0.137180 0.133333 0.032259 0.032070 0.032259 340 362
35 62.310000 60.320000 1000000 10.926105 11.060189 10.922732 11.070358 0.032084 0.032259 0.142411 0.138710 0.032259 0.032075 0.032259 360 393
35 62.310000 60.320000 1000000 10.909934 11.020941 10.905092 11.018835 0.032079 0.032259 0.141889 0.138174 0.032259 0.032070 0.032259 390 411
35 62.310000 60.320000 1000000 10.881932 11.004813 10.877051 11.002706 0.032092 0.032259 0.140843 0.137099 0.032259 0.032084 0.032259 410 426
35 62.310000 60.320000 1000000 10.878941 11.001587 10.874057 10.999480 0.032094 0.032259 0.140843 0.137099 0.032259 0.032085 0.032259 420 430
35 62.310000 60.320000 1000000 10.871762 10.994060 10.866868 10.991953 0.032095 0.032259 0.141890 0.138174 0.032259 0.032086 0.032259 430 460
35 62.310000 60.320000 1000000 10.845562 10.963953 10.840633 10.961846 0.032101 0.032259 0.135615 0.131722 0.032259 0.032093 0.032259 440 458
35 62.310000 60.320000 1000000 10.824680 10.945673 10.819722 10.943566 0.032104 0.032259 0.142937 0.139249 0.032259 0.032096 0.032259 450 473
35 62.310000 60.320000 1000000 10.778872 10.906964 10.773850 10.904857 0.032101 0.032259 0.140844 0.137100 0.032259 0.032093 0.032259 470 484
35 62.310000 60.320000 1000000 10.772648 10.891910 10.767700 10.890654 0.032104 0.032259 0.140843 0.137099 0.032259 0.032096 0.032259 480 513
35 62.310000 60.320000 1000000 10.731467 10.858577 10.726461 10.857321 0.032120 0.032259 0.118976 0.114519 0.032259 0.032112 0.032259 510 527
35 62.310000 60.320000 1000000 10.730875 10.857501 10.725869 10.856246 0.032120 0.032259 0.118976 0.114519 0.032259 0.032112 0.032259 520 530
35 62.310000 60.320000 1000000 10.726470 10.854276 10.721457 10.853020 0.032120 0.032259 0.120011 0.115594 0.032259 0.032112 0.032259 530 543
35 62.310000 60.320000 1000000 10.719698 10.847824 10.714676 10.846569 0.032119 0.032259 0.115874 0.111293 0.032259 0.032111 0.032259 540 566
35 62.310000 60.320000 1000000 10.678880 10.805889 10.673800 10.804633 0.032103 0.032259 0.122083 0.117744 0.032259 0.032095 0.032259 560 595
35 62.310000 60.320000 1000000 10.658488 10.781158 10.652465 10.777483 0.032098 0.032259 0.132482 0.128494 0.032259 0.032091 0.032259 590 607
35 62.310000 60.320000 1000000 10.656580 10.780082 10.650554 10.776408 0.032099 0.032259 0.133525 0.129570 0.032259 0.032092 0.032259 600 610
35 62.310000 60.320000 1000000 10.647554 10.771480 10.641512 10.767805 0.032098 0.032259 0.128314 0.124193 0.032259 0.032091 0.032259 610 626
35 62.310000 60.320000 1000000 10.646117 10.770405 10.640073 10.766730 0.032098 0.032259 0.127274 0.123118 0.032259 0.032091 0.032259 620 689
35 62.310000 60.320000 1000000 10.636142 10.758577 10.630081 10.754902 0.032096 0.032259 0.130396 0.126343 0.032259 0.032089 0.032259 680 691
35 62.310000 60.320000 1000000 10.635206 10.755351 10.629479 10.752931 0.032096 0.032259 0.129354 0.125267 0.032259 0.032089 0.032259 690 704
35 62.310000 60.320000 1000000 10.634296 10.754276 10.628568 10.751856 0.032095 0.032259 0.130396 0.126343 0.032259 0.032088 0.032259 700 710
35 62.310000 60.320000 1000000 10.628927 10.746749 10.623191 10.744329 0.032097 0.032259 0.128313 0.124192 0.032259 0.032090 0.032259 710 772
35 62.310000 60.320000 1000000 10.588988 10.711265 10.583186 10.708845 0.032117 0.032259 0.111746 0.106989 0.032259 0.032110 0.032259 770 816
35 62.310000 60.320000 1000000 10.567648 10.695136 10.561375 10.691506 0.032123 0.032259 0.114838 0.110214 0.032259 0.032116 0.032259 810 898
35 62.310000 60.320000 1000000 10.528302 10.655351 10.521958 10.651721 0.032118 0.032259 0.106610 0.101612 0.032259 0.032112 0.032259 890 903
35 62.310000 60.320000 1000000 10.520640 10.646749 10.514282 10.643119 0.032120 0.032259 0.111746 0.106988 0.032259 0.032113 0.032259 900 943
35 62.310000 60.320000 1000000 10.507464 10.632771 10.501082 10.629141 0.032118 0.032259 0.110716 0.105913 0.032259 0.032112 0.032259 940 1014
35 62.310000 60.320000 1000000 10.489782 10.610190 10.486333 10.622869 0.032124 0.032259 0.116903 0.112364 0.032259 0.032117 0.032259 1010 1023
35 62.310000 60.320000 1000000 10.489399 10.609115 10.485805 10.621390 0.032124 0.032259 0.117937 0.113439 0.032259 0.032117 0.032259 1020 1046
35 62.310000 60.320000 1000000 10.480850 10.600513 10.477247 10.612788 0.032127 0.032259 0.110716 0.105913 0.032259 0.032121 0.032259 1040 1063
35 62.310000 60.320000 1000000 10.454533 10.579008 10.450904 10.591283 0.032132 0.032259 0.105586 0.100537 0.032259 0.032126 0.032259 1060 1076
35 62.310000 60.320000 1000000 10.452877 10.577932 10.449246 10.590207 0.032132 0.032259 0.105586 0.100537 0.032259 0.032125 0.032259 1070 1095
35 62.310000 60.320000 1000000 10.443328 10.560728 10.442644 10.584294 0.032134 0.032259 0.107634 0.102686 0.032259 0.032123 0.032259 1090 1132
35 62.310000 60.320000 1000000 10.426964 10.534922 10.425027 10.554052 0.032133 0.032259 0.095402 0.089783 0.032259 0.032123 0.032259 1130 1157
35 62.310000 60.320000 1000000 10.413744 10.525244 10.411800 10.544374 0.032131 0.032259 0.097430 0.091934 0.032259 0.032121 0.032259 1140 1170
35 62.310000 60.320000 1000000 10.410491 10.523094 10.408545 10.542224 0.032130 0.032259 0.097430 0.091934 0.032259 0.032120 0.032259 1170 1310
35 62.310000 60.320000 1000000 10.364819 10.476858 10.361427 10.487162 0.032140 0.032259 0.091369 0.085485 0.032259 0.032131 0.032259 1310 1341
35 62.310000 60.320000 1000000 10.363967 10.475783 10.360574 10.486087 0.032141 0.032259 0.092376 0.086561 0.032259 0.032132 0.032259 1340 1442
35 62.310000 60.320000 1000000 10.325934 10.422557 10.322413 10.432010 0.032135 0.032259 0.097939 0.092474 0.032259 0.032126 0.032259 1440 1468
35 62.310000 60.320000 1000000 10.325680 10.421482 10.322063 10.430531 0.032135 0.032259 0.097940 0.092474 0.032259 0.032126 0.032259 1460 1508
35 62.310000 60.320000 1000000 10.312515 10.411804 10.309302 10.423363 0.032139 0.032259 0.100991 0.095700 0.032259 0.032130 0.032259 1500 1539
35 62.310000 60.320000 1000000 10.309951 10.408579 10.306736 10.420137 0.032136 0.032259 0.099973 0.094625 0.032259 0.032127 0.032259 1530 1585
35 62.310000 60.320000 1000000 10.302929 10.398901 10.300639 10.414223 0.032134 0.032259 0.102012 0.096778 0.032259 0.032124 0.032259 1580 1632
35 62.310000 60.320000 1000000 10.275474 10.374170 10.273371 10.390746 0.032130 0.032259 0.100993 0.095702 0.032259 0.032120 0.032259 1630 1687
35 62.310000 60.320000 1000000 10.267839 10.368794 10.265731 10.385370 0.032129 0.032259 0.100992 0.095702 0.032259 0.032119 0.032259 1660 1693
35 62.310000 60.320000 1000000 10.262098 10.362880 10.259896 10.378605 0.032129 0.032259 0.098448 0.093013 0.032259 0.032119 0.032259 1690 1711
35 62.310000 60.320000 1000000 10.259832 10.360729 10.257628 10.376454 0.032129 0.032259 0.100482 0.095163 0.032259 0.032119 0.032259 1710 1769
35 62.310000 60.320000 1000000 10.245147 10.347826 10.242934 10.363551 0.032128 0.032259 0.103542 0.098389 0.032259 0.032118 0.032259 1760 1808
35 62.310000 60.320000 1000000 10.244168 10.346751 10.241954 10.362476 0.032128 0.032259 0.103542 0.098389 0.032259 0.032118 0.032259 1800 1862
35 62.310000 60.320000 1000000 10.213957 10.317719 10.211724 10.333444 0.032111 0.032259 0.112776 0.108064 0.032259 0.032101 0.032259 1860 1899
35 62.310000 60.320000 1000000 10.209948 10.313418 10.207712 10.329143 0.032108 0.032259 0.108662 0.103763 0.032259 0.032097 0.032259 1890 2095
35 62.310000 60.320000 1000000 10.204821 10.305891 10.202582 10.321616 0.032104 0.032259 0.108662 0.103763 0.032259 0.032094 0.032259 2090 2188
35 62.310000 60.320000 1000000 10.191010 10.285461 10.188762 10.301186 0.032099 0.032259 0.111746 0.106989 0.032259 0.032089 0.032259 2180 2229
35 62.310000 60.320000 1000000 10.166025 10.270407 10.163760 10.286132 0.032104 0.032259 0.112776 0.108064 0.032259 0.032094 0.032259 2220 2234
35 62.310000 60.320000 1000000 10.164290 10.269332 10.162024 10.285057 0.032104 0.032259 0.112776 0.108064 0.032259 0.032094 0.032259 2230 2254
35 62.310000 60.320000 1000000 10.158077 10.260730 10.155708 10.276051 0.032101 0.032259 0.112777 0.108065 0.032259 0.032091 0.032259 2250 2268
35 62.310000 60.320000 1000000 10.153620 10.257504 10.151248 10.272826 0.032101 0.032259 0.112776 0.108064 0.032259 0.032091 0.032259 2260 2284
35 62.310000 60.320000 1000000 10.143665 10.247826 10.141286 10.263148 0.032104 0.032259 0.115871 0.111290 0.032259 0.032094 0.032259 2280 2309
35 62.310000 60.320000 1000000 10.140007 10.242450 10.137626 10.257772 0.032104 0.032259 0.120008 0.115591 0.032259 0.032094 0.032259 2300 2451
35 62.310000 60.320000 1000000 10.128769 10.212343 10.125375 10.217449 0.032102 0.032259 0.108662 0.103763 0.032259 0.032092 0.032259 2450 2572
35 62.310000 60.320000 1000000 10.117655 10.202665 10.114250 10.207772 0.032106 0.032259 0.106611 0.101613 0.032259 0.032096 0.032259 2570 2614
35 62.310000 60.320000 1000000 10.116232 10.201590 10.112826 10.206697 0.032106 0.032259 0.105587 0.100538 0.032259 0.032096 0.032259 2610 2641
35 62.310000 60.320000 1000000 10.114504 10.200515 10.111096 10.205621 0.032106 0.032259 0.105587 0.100538 0.032259 0.032096 0.032259 2640 2677
35 62.310000 60.320000 1000000 10.112740 10.199439 10.109330 10.204546 0.032106 0.032259 0.104563 0.099463 0.032259 0.032096 0.032259 2670 2816
35 62.310000 60.320000 1000000 10.105473 10.192988 10.102055 10.198095 0.032109 0.032259 0.103541 0.098388 0.032259 0.032099 0.032259 2810 2820
35 62.310000 60.320000 1000000 10.103854 10.191913 10.100435 10.197019 0.032108 0.032259 0.104563 0.099463 0.032259 0.032099 0.032259 2820 2860
35 62.310000 60.320000 1000000 10.099774 10.187611 10.096563 10.193973 0.032108 0.032259 0.107636 0.102689 0.032259 0.032098 0.032259 2860 3029
35 62.310000 60.320000 1000000 10.076519 10.160730 10.073054 10.165389 0.032113 0.032259 0.106611 0.101613 0.032259 0.032103 0.032259 3020 3038
35 62.310000 60.320000 1000000 10.075676 10.159655 10.072210 10.164313 0.032112 0.032259 0.107636 0.102689 0.032259 0.032102 0.032259 3030 3100
35 62.310000 60.320000 1000000 10.070547 10.151590 10.066963 10.155398 0.032114 0.032259 0.107123 0.102151 0.032259 0.032105 0.032259 3100 3434
35 62.310000 60.320000 1000000 10.031829 10.119332 10.028203 10.123140 0.032115 0.032259 0.115356 0.110754 0.032259 0.032106 0.032259 3430 3612
35 62.310000 60.320000 1000000 10.000582 10.096751 9.996759 10.100156 0.032123 0.032259 0.104053 0.098926 0.032259 0.032114 0.032259 3610 3666
35 62.310000 60.320000 1000000 9.974103 10.051590 9.970249 10.054995 0.032127 0.032259 0.130920 0.126883 0.032259 0.032118 0.032259 3660 3687
35 62.310000 60.320000 1000000 9.973956 10.049977 9.970024 10.052531 0.032127 0.032259 0.130399 0.126346 0.032259 0.032118 0.032259 3680 3896
35 62.310000 60.320000 1000000 9.959739 10.030623 9.955490 10.031966 0.032113 0.032259 0.134570 0.130646 0.032259 0.032104 0.032259 3890 3973
35 62.310000 60.320000 1000000 9.946301 10.017720 9.942034 10.019063 0.032108 0.032259 0.138749 0.134947 0.032259 0.032100 0.032259 3970 4055
35 62.310000 60.320000 1000000 9.938310 10.008042 9.934032 10.009386 0.032101 0.032259 0.136657 0.132795 0.032259 0.032092 0.032259 4050 4180
35 62.310000 60.320000 1000000 9.933661 10.001591 9.929378 10.002934 0.032098 0.032259 0.135612 0.131720 0.032259 0.032089 0.032259 4180 4479
35 62.310000 60.320000 1000000 9.922710 9.989225 9.918185 9.988015 0.032099 0.032259 0.137179 0.133332 0.032259 0.032091 0.032259 4470 4517
35 62.310000 60.320000 1000000 9.917871 9.985999 9.913339 9.984789 0.032100 0.032259 0.136133 0.132256 0.032259 0.032091 0.032259 4510 4852
35 62.310000 60.320000 1000000 9.914867 9.978472 9.910165 9.976859 0.032100 0.032259 0.137178 0.133331 0.032259 0.032092 0.032259 4850 4880
35 62.310000 60.320000 1000000 9.914646 9.976859 9.909828 9.974395 0.032100 0.032259 0.136657 0.132795 0.032259 0.032092 0.032259 4880 4914
35 62.310000 60.320000 1000000 9.913371 9.975784 9.908551 9.973319 0.032101 0.032259 0.135612 0.131720 0.032259 0.032092 0.032259 4910 4971
35 62.310000 60.320000 1000000 9.894326 9.944601 9.889478 9.942137 0.032095 0.032259 0.108662 0.103763 0.032259 0.032087 0.032259 4970 4988
35 62.310000 60.320000 1000000 9.893984 9.943526 9.889136 9.941061 0.032095 0.032259 0.108662 0.103763 0.032259 0.032087 0.032259 4980 5034
35 62.310000 60.320000 1000000 9.892725 9.942451 9.887875 9.939986 0.032095 0.032259 0.107635 0.102688 0.032259 0.032087 0.032259 5030 5062
35 62.310000 60.320000 1000000 9.890954 9.941376 9.886101 9.938911 0.032095 0.032259 0.107635 0.102688 0.032259 0.032087 0.032259 5060 5110
35 62.310000 60.320000 1000000 9.889216 9.940300 9.884361 9.937836 0.032095 0.032259 0.107635 0.102688 0.032259 0.032087 0.032259 5110 5129
35 62.310000 60.320000 1000000 9.888051 9.939225 9.883194 9.936760 0.032096 0.032259 0.106610 0.101612 0.032259 0.032088 0.032259 5120 5156
35 62.310000 60.320000 1000000 9.886688 9.936537 9.881714 9.933221 0.032096 0.032259 0.106098 0.101075 0.032259 0.032088 0.032259 5150 5262
35 62.310000 60.320000 1000000 9.881838 9.929010 9.876856 9.925694 0.032102 0.032259 0.103029 0.097849 0.032259 0.032094 0.032259 5260 5563
35 62.310000 60.320000 1000000 9.877593 9.924709 9.872605 9.921393 0.032102 0.032259 0.105074 0.099999 0.032259 0.032094 0.032259 5560 5570
35 62.310000 60.320000 1000000 9.875722 9.923634 9.870731 9.920318 0.032103 0.032259 0.105074 0.099999 0.032259 0.032095 0.032259 5570 6031
35 62.310000 60.320000 1000000 9.859663 9.909655 9.855091 9.908848 0.032102 0.032259 0.102009 0.096774 0.032259 0.032094 0.032259 6030 6125
35 62.310000 60.320000 1000000 9.852655 9.901053 9.847875 9.899440 0.032098 0.032259 0.099972 0.094624 0.032259 0.032090 0.032259 6120 6162
35 62.310000 60.320000 1000000 9.828882 9.883849 9.824067 9.882235 0.032098 0.032259 0.108149 0.103226 0.032259 0.032090 0.032259 6160 6196
35 62.310000 60.320000 1000000 9.828342 9.882774 9.823527 9.881160 0.032098 0.032259 0.108149 0.103226 0.032259 0.032090 0.032259 6190 6840
35 62.310000 60.320000 1000000 9.812108 9.865569 9.807268 9.863956 0.032092 0.032259 0.108149 0.103226 0.032259 0.032084 0.032259 6840 7700
35 62.310000 60.320000 1000000 9.806946 9.862343 9.802099 9.860730 0.032092 0.032259 0.108149 0.103226 0.032259 0.032084 0.032259 6970 7171
35 62.310000 60.320000 1000000 9.800053 9.855892 9.795196 9.854278 0.032089 0.032259 0.110204 0.105377 0.032259 0.032081 0.032259 7170 7700
35 62.310000 60.320000 1000000 9.788508 9.844064 9.783634 9.842450 0.032082 0.032259 0.110206 0.105379 0.032259 0.032074 0.032259 7700 7758
35 62.310000 60.320000 1000000 9.768899 9.832236 9.763995 9.830623 0.032087 0.032259 0.117424 0.112906 0.032259 0.032079 0.032259 7750 7783
35 62.310000 60.320000 1000000 9.767729 9.830086 9.762824 9.828472 0.032086 0.032259 0.116390 0.111831 0.032259 0.032078 0.032259 7780 7946
35 62.310000 60.320000 1000000 9.761530 9.822559 9.756615 9.820945 0.032090 0.032259 0.115358 0.110756 0.032259 0.032082 0.032259 7940 8075
35 62.310000 60.320000 1000000 9.755263 9.818258 9.750338 9.816644 0.032091 0.032259 0.112264 0.107530 0.032259 0.032083 0.032259 8070 8282
35 62.310000 60.320000 1000000 9.748644 9.813957 9.743709 9.812343 0.032091 0.032259 0.115358 0.110756 0.032259 0.032084 0.032259 8280 8347
35 62.310000 60.320000 1000000 9.745148 9.810731 9.740208 9.809117 0.032091 0.032259 0.117425 0.112907 0.032259 0.032084 0.032259 8340 8449
35 62.310000 60.320000 1000000 9.721170 9.795677 9.716194 9.794063 0.032094 0.032259 0.107127 0.102154 0.032259 0.032086 0.032259 8440 8584
35 62.310000 60.320000 1000000 9.715441 9.790301 9.710455 9.788687 0.032094 0.032259 0.104054 0.098928 0.032259 0.032086 0.032259 8580 8785
35 62.310000 60.320000 1000000 9.713924 9.789225 9.708936 9.787612 0.032094 0.032259 0.103033 0.097852 0.032259 0.032086 0.032259 8780 9159
35 62.310000 60.320000 1000000 9.704843 9.781699 9.699842 9.780085 0.032093 0.032259 0.109178 0.104304 0.032259 0.032085 0.032259 9150 9293
35 62.310000 60.320000 1000000 9.704536 9.780623 9.699893 9.780264 0.032093 0.032259 0.109178 0.104304 0.032259 0.032085 0.032259 9290 9459
35 62.310000 60.320000 1000000 9.703679 9.779548 9.699035 9.779189 0.032093 0.032259 0.109178 0.104304 0.032259 0.032085 0.032259 9450 9480
35 62.310000 60.320000 1000000 9.702382 9.778473 9.697737 9.778114 0.032094 0.032259 0.109179 0.104304 0.032259 0.032085 0.032259 9480 9533
35 62.310000 60.320000 1000000 9.700517 9.777398 9.695869 9.777038 0.032094 0.032259 0.108152 0.103229 0.032259 0.032086 0.032259 9530 9676
35 62.310000 60.320000 1000000 9.691069 9.766645 9.686407 9.766286 0.032091 0.032259 0.106102 0.101079 0.032259 0.032083 0.032259 9670 10154
35 62.310000 60.320000 1000000 9.687560 9.763419 9.682792 9.762657 0.032091 0.032259 0.109179 0.104305 0.032259 0.032083 0.032259 10150 10274
35 62.310000 60.320000 1000000 9.677919 9.754817 9.673137 9.754055 0.032090 0.032259 0.107126 0.102154 0.032259 0.032081 0.032259 10270 10959
35 62.310000 60.320000 1000000 9.666999 9.744064 9.662201 9.743302 0.032092 0.032259 0.104056 0.098929 0.032259 0.032084 0.032259 10950 11168
35 62.310000 60.320000 1000000 9.666144 9.742989 9.661344 9.742227 0.032091 0.032259 0.103034 0.097854 0.032259 0.032083 0.032259 11160 11838
35 62.310000 60.320000 1000000 9.654235 9.731161 9.649417 9.730399 0.032087 0.032259 0.106102 0.101079 0.032259 0.032079 0.032259 11830 12306
35 62.310000 60.320000 1000000 9.642932 9.718258 9.638097 9.717496 0.032084 0.032259 0.108152 0.103229 0.032259 0.032075 0.032259 12300 12319
35 62.310000 60.320000 1000000 9.639503 9.713957 9.634663 9.713194 0.032081 0.032259 0.112265 0.107530 0.032259 0.032072 0.032259 12310 13295
35 62.310000 60.320000 1000000 9.603074 9.656968 9.600120 9.667496 0.032086 0.032259 0.118458 0.113981 0.032259 0.032078 0.032259 13290 13511
35 62.310000 60.320000 1000000 9.593824 9.647290 9.590660 9.657012 0.032087 0.032259 0.114325 0.109680 0.032259 0.032079 0.032259 13510 13927
35 62.310000 60.320000 1000000 9.593135 9.646215 9.589970 9.655937 0.032088 0.032259 0.114325 0.109680 0.032259 0.032080 0.032259 13920 13963
35 62.310000 60.320000 1000000 9.587038 9.641914 9.583867 9.651636 0.032088 0.032259 0.113294 0.108605 0.032259 0.032080 0.032259 13960 15607
35 62.310000 60.320000 1000000 9.540944 9.602129 9.537727 9.611850 0.032075 0.032259 0.105077 0.100003 0.032259 0.032067 0.032259 15600 15648
35 62.310000 60.320000 1000000 9.540325 9.601054 9.537107 9.610775 0.032075 0.032259 0.106101 0.101078 0.032259 0.032067 0.032259 15640 16026
35 62.310000 60.320000 1000000 9.538569 9.597828 9.535349 9.607549 0.032076 0.032259 0.107125 0.102153 0.032259 0.032068 0.032259 16020 16421
35 62.310000 60.320000 1000000 9.537880 9.596753 9.534660 9.606474 0.032077 0.032259 0.107125 0.102153 0.032259 0.032069 0.032259 16420 17305
35 62.310000 60.320000 1000000 9.532183 9.583849 9.528957 9.593571 0.032071 0.032259 0.112264 0.107529 0.032259 0.032062 0.032259 17300 18179
35 62.310000 60.320000 1000000 9.503776 9.560194 9.500521 9.569915 0.032069 0.032259 0.100992 0.095701 0.032259 0.032061 0.032259 18170 20737
35 62.310000 60.320000 1000000 9.450194 9.468796 9.440668 9.458356 0.032091 0.032259 0.143460 0.139786 0.032259 0.032088 0.032259 20730 20999
35 62.310000 60.320000 1000000 9.449594 9.467721 9.440066 9.457281 0.032090 0.032259 0.144508 0.140861 0.032259 0.032087 0.032259 20990 21139
35 62.310000 60.320000 1000000 9.449101 9.466645 9.439573 9.456206 0.032089 0.032259 0.143460 0.139786 0.032259 0.032086 0.032259 21130 21372
35 62.310000 60.320000 1000000 9.436312 9.455893 9.426744 9.445453 0.032090 0.032259 0.146605 0.143012 0.032259 0.032087 0.032259 21370 23398
35 62.310000 60.320000 1000000 9.421325 9.445140 9.411608 9.434297 0.032093 0.032259 0.146603 0.143010 0.032259 0.032090 0.032259 23390 23431
35 62.310000 60.320000 1000000 9.419582 9.444065 9.409860 9.433222 0.032093 0.032259 0.145555 0.141935 0.032259 0.032090 0.032259 23430 23613
35 62.310000 60.320000 1000000 9.418242 9.439764 9.408346 9.427218 0.032094 0.032259 0.144506 0.140860 0.032259 0.032091 0.032259 23610 23835
35 62.310000 60.320000 1000000 9.417044 9.438689 9.407144 9.426143 0.032093 0.032259 0.144506 0.140860 0.032259 0.032090 0.032259 23830 24505
35 62.310000 60.320000 1000000 9.413278 9.433312 9.403366 9.420767 0.032088 0.032259 0.145555 0.141935 0.032259 0.032085 0.032259 24340 25248
35 62.310000 60.320000 1000000 9.404129 9.422560 9.394188 9.410014 0.032086 0.032259 0.144507 0.140860 0.032259 0.032083 0.032259 24530 25056
35 62.310000 60.320000 1000000 9.401071 9.418258 9.391120 9.405713 0.032086 0.032259 0.146603 0.143010 0.032259 0.032083 0.032259 25050 25248
35 62.310000 60.320000 1000000 9.399229 9.417183 9.389272 9.404638 0.032086 0.032259 0.146603 0.143010 0.032259 0.032084 0.032259 25240 25718
35 62.310000 60.320000 1000000 9.391236 9.409656 9.381254 9.397111 0.032083 0.032259 0.149752 0.146236 0.032259 0.032080 0.032259 25710 28446
35 62.310000 60.320000 1000000 9.346546 9.346216 9.336420 9.333670 0.032093 0.032259 0.152904 0.149463 0.032259 0.032091 0.032259 28440 28582
35 62.310000 60.320000 1000000 9.345347 9.345140 9.335216 9.332595 0.032092 0.032259 0.152904 0.149463 0.032259 0.032090 0.032259 28580 30899
35 62.310000 60.320000 1000000 9.335442 9.338689 9.325279 9.326143 0.032094 0.032259 0.153955 0.150538 0.032259 0.032092 0.032259 30890 32072
35 62.310000 60.320000 1000000 9.330489 9.331162 9.320310 9.318617 0.032092 0.032259 0.148703 0.145162 0.032259 0.032090 0.032259 32070 33317
35 62.310000 60.320000 1000000 9.329908 9.330087 9.319727 9.317541 0.032092 0.032259 0.147654 0.144087 0.032259 0.032090 0.032259 33310 33387
35 62.310000 60.320000 1000000 9.328887 9.329011 9.318703 9.316466 0.032093 0.032259 0.146605 0.143011 0.032259 0.032091 0.032259 33380 34043
35 62.310000 60.320000 1000000 9.327205 9.327936 9.317015 9.315391 0.032094 0.032259 0.145556 0.141936 0.032259 0.032092 0.032259 34040 34420
35 62.310000 60.320000 1000000 9.317055 9.319334 9.306832 9.306789 0.032094 0.032259 0.139272 0.135485 0.032259 0.032092 0.032259 34420 34486
35 62.310000 60.320000 1000000 9.316443 9.318259 9.306218 9.305713 0.032093 0.032259 0.140318 0.136560 0.032259 0.032091 0.032259 34480 35400
35 62.310000 60.320000 1000000 9.306351 9.310732 9.296092 9.298186 0.032092 0.032259 0.141365 0.137636 0.032259 0.032091 0.032259 35400 36697
35 62.310000 60.320000 1000000 9.304670 9.309657 9.294406 9.297111 0.032092 0.032259 0.142412 0.138711 0.032259 0.032091 0.032259 36690 37884
35 62.310000 60.320000 1000000 9.277921 9.255894 9.267567 9.243348 0.032101 0.032259 0.107125 0.102153 0.032259 0.032100 0.032259 37880 38249
35 62.310000 60.320000 1000000 9.276141 9.252668 9.265781 9.240122 0.032099 0.032259 0.106100 0.101078 0.032259 0.032097 0.032259 38240 39004
35 62.310000 60.320000 1000000 9.274742 9.251592 9.264378 9.239047 0.032099 0.032259 0.106100 0.101078 0.032259 0.032098 0.032259 39000 41586
35 62.310000 60.320000 1000000 9.245221 9.225786 9.234757 9.213241 0.032093 0.032259 0.114324 0.109678 0.032259 0.032092 0.032259 41580 44186
35 62.310000 60.320000 1000000 9.235789 9.211808 9.225704 9.200517 0.032092 0.032259 0.106099 0.101076 0.032259 0.032090 0.032259 44180 44557
35 62.310000 60.320000 1000000 9.234114 9.210732 9.224024 9.199441 0.032092 0.032259 0.107124 0.102151 0.032259 0.032091 0.032259 44550 45101
35 62.310000 60.320000 1000000 9.225145 9.205356 9.215025 9.194065 0.032094 0.032259 0.108148 0.103225 0.032259 0.032093 0.032259 45100 46567
35 62.310000 60.320000 1000000 9.221545 9.202130 9.211413 9.190839 0.032095 0.032259 0.106098 0.101075 0.032259 0.032094 0.032259 46560 49611
35 62.310000 60.320000 1000000 9.205746 9.184926 9.195562 9.173635 0.032097 0.032259 0.112261 0.107526 0.032259 0.032096 0.032259 49610 54196
35 62.310000 60.320000 1000000 9.183424 9.161270 9.176489 9.161269 0.032103 0.032259 0.112261 0.107527 0.032259 0.032096 0.032259 54190 56449
35 62.310000 60.320000 1000000 9.182904 9.160195 9.175968 9.160194 0.032103 0.032259 0.112261 0.107526 0.032259 0.032095 0.032259 56440 57336
35 62.310000 60.320000 1000000 9.182598 9.159119 9.176019 9.160373 0.032103 0.032259 0.112261 0.107526 0.032259 0.032095 0.032259 57330 58304
35 62.310000 60.320000 1000000 9.169274 9.148367 9.162667 9.149620 0.032105 0.032259 0.111231 0.106451 0.032259 0.032097 0.032259 58300 59545
35 62.310000 60.320000 1000000 9.165860 9.137614 9.158424 9.133760 0.032108 0.032259 0.107122 0.102150 0.032259 0.032102 0.032259 59540 60042
35 62.310000 60.320000 1000000 9.164555 9.136539 9.157116 9.132685 0.032109 0.032259 0.106097 0.101074 0.032259 0.032103 0.032259 60040 62814
35 62.310000 60.320000 1000000 9.142567 9.038691 9.130678 8.991469 0.032104 0.032259 0.129877 0.125807 0.032259 0.032101 0.032259 62810 65613
35 62.310000 60.320000 1000000 9.126572 9.026863 9.114620 8.979641 0.032103 0.032259 0.128835 0.124731 0.032259 0.032100 0.032259 65610 68744
35 62.310000 60.320000 1000000 9.121947 9.006433 9.109144 8.950699 0.032102 0.032259 0.122600 0.118280 0.032259 0.032100 0.032259 68740 75328
35 62.310000 60.320000 1000000 9.095999 8.988154 9.083805 8.934928 0.032104 0.032259 0.134046 0.130107 0.032259 0.032100 0.032259 75320 76155
35 62.310000 60.320000 1000000 9.095606 8.987078 9.083411 8.933853 0.032103 0.032259 0.135090 0.131182 0.032259 0.032100 0.032259 76150 77794
35 62.310000 60.320000 1000000 9.075941 8.929014 9.074168 8.930985 0.032100 0.032259 0.094898 0.089247 0.032259 0.032091 0.032259 77790 79012
35 62.310000 60.320000 1000000 9.075210 8.927939 9.073436 8.929910 0.032099 0.032259 0.093888 0.088172 0.032259 0.032090 0.032259 79010 82409
35 62.310000 60.320000 1000000 9.074285 8.926864 9.072511 8.928835 0.032098 0.032259 0.093888 0.088172 0.032259 0.032089 0.032259 82400 84739
35 62.310000 60.320000 1000000 9.057625 8.913961 9.055840 8.915932 0.032103 0.032259 0.091871 0.086021 0.032259 0.032094 0.032259 84730 85331
35 62.310000 60.320000 1000000 9.055809 8.912885 9.054024 8.914856 0.032103 0.032259 0.091871 0.086021 0.032259 0.032095 0.032259 85330 89490
35 62.310000 60.320000 1000000 9.045716 8.903208 9.044153 8.906433 0.032106 0.032259 0.092879 0.087097 0.032259 0.032097 0.032259 89490 89556
35 62.310000 60.320000 1000000 9.045593 8.902133 9.044173 8.906613 0.032106 0.032259 0.093887 0.088171 0.032259 0.032097 0.032259 89550 100643
35 62.310000 60.320000 1000000 9.036588 8.890305 9.035163 8.894785 0.032100 0.032259 0.099971 0.094623 0.032259 0.032091 0.032259 100640 101149
35 62.310000 60.320000 1000000 9.035776 8.889230 9.034351 8.893709 0.032100 0.032259 0.098954 0.093548 0.032259 0.032092 0.032259 101140 103027
35 62.310000 60.320000 1000000 9.029527 8.880627 9.028022 8.884704 0.032092 0.032259 0.099970 0.094622 0.032259 0.032084 0.032259 103020 107982
35 62.310000 60.320000 1000000 9.015721 8.864498 9.014209 8.868575 0.032088 0.032259 0.100988 0.095697 0.032259 0.032080 0.032259 107980 110025
35 62.310000 60.320000 1000000 9.013887 8.863423 9.012373 8.867500 0.032089 0.032259 0.100988 0.095697 0.032259 0.032081 0.032259 110020 116638
35 62.310000 60.320000 1000000 9.008510 8.855896 9.006765 8.859166 0.032090 0.032259 0.104049 0.098922 0.032259 0.032081 0.032259 113930 121141
35 62.310000 60.320000 1000000 8.987257 8.835466 8.985064 8.836317 0.032088 0.032259 0.104048 0.098921 0.032259 0.032079 0.032259 121140 123169
35 62.310000 60.320000 1000000 8.985577 8.832240 8.983382 8.833091 0.032088 0.032259 0.105071 0.099996 0.032259 0.032079 0.032259 123160 127697
35 62.310000 60.320000 1000000 8.983668 8.831165 8.981472 8.832016 0.032089 0.032259 0.104048 0.098921 0.032259 0.032080 0.032259 127690 138344
35 62.310000 60.320000 1000000 8.938826 8.791918 8.936546 8.791917 0.032095 0.032259 0.093381 0.087632 0.032259 0.032086 0.032259 138340 138544
35 62.310000 60.320000 1000000 8.937581 8.790843 8.935300 8.790842 0.032096 0.032259 0.092373 0.086557 0.032259 0.032087 0.032259 138540 139438
35 62.310000 60.320000 1000000 8.936886 8.789767 8.934605 8.789767 0.032096 0.032259 0.092373 0.086557 0.032259 0.032087 0.032259 139430 144436
35 62.310000 60.320000 1000000 8.927424 8.774713 8.925136 8.774713 0.032094 0.032259 0.085360 0.079030 0.032259 0.032084 0.032259 144430 145895
35 62.310000 60.320000 1000000 8.926747 8.773638 8.924458 8.773638 0.032092 0.032259 0.086356 0.080105 0.032259 0.032083 0.032259 145890 152920
35 62.310000 60.320000 1000000 8.900226 8.755359 8.897916 8.755358 0.032096 0.032259 0.093381 0.087632 0.032259 0.032087 0.032259 152920 161864
35 62.310000 60.320000 1000000 8.878358 8.741380 8.876031 8.741379 0.032098 0.032259 0.088355 0.082256 0.032259 0.032089 0.032259 161860 168488
35 62.310000 60.320000 1000000 8.874840 8.734928 8.872351 8.733225 0.032096 0.032259 0.090360 0.084405 0.032259 0.032087 0.032259 168480 169844
35 62.310000 60.320000 1000000 8.874582 8.733853 8.872093 8.732150 0.032096 0.032259 0.089356 0.083330 0.032259 0.032086 0.032259 169840 176764
35 62.310000 60.320000 1000000 8.872810 8.732778 8.870319 8.731075 0.032096 0.032259 0.088354 0.082255 0.032259 0.032087 0.032259 176760 177146
35 62.310000 60.320000 1000000 8.871647 8.730627 8.869156 8.728924 0.032097 0.032259 0.089357 0.083331 0.032259 0.032088 0.032259 176900 180393
35 62.310000 60.320000 1000000 8.869838 8.729552 8.867345 8.727849 0.032097 0.032259 0.089357 0.083331 0.032259 0.032088 0.032259 180390 180951
35 62.310000 60.320000 1000000 8.869178 8.728477 8.866685 8.726774 0.032097 0.032259 0.088355 0.082255 0.032259 0.032087 0.032259 180950 183014
35 62.310000 60.320000 1000000 8.867277 8.727401 8.864782 8.725698 0.032097 0.032259 0.087354 0.081180 0.032259 0.032088 0.032259 183010 184535
35 62.310000 60.320000 1000000 8.866713 8.726326 8.864217 8.724623 0.032097 0.032259 0.088355 0.082255 0.032259 0.032088 0.032259 184530 184853
35 62.310000 60.320000 1000000 8.866150 8.725251 8.863654 8.723548 0.032097 0.032259 0.088355 0.082255 0.032259 0.032087 0.032259 184850 187051
35 62.310000 60.320000 1000000 8.860470 8.722025 8.857969 8.720322 0.032099 0.032259 0.086356 0.080105 0.032259 0.032089 0.032259 187050 206195
35 62.310000 60.320000 1000000 8.819160 8.689767 8.816624 8.688064 0.032100 0.032259 0.084366 0.077955 0.032259 0.032090 0.032259 206190 219615
35 62.310000 60.320000 1000000 8.807204 8.679014 8.804658 8.677311 0.032098 0.032259 0.088356 0.082257 0.032259 0.032088 0.032259 219610 230954
35 62.310000 60.320000 1000000 8.793452 8.669337 8.790893 8.667634 0.032098 0.032259 0.088356 0.082257 0.032259 0.032088 0.032259 222630 230271
35 62.310000 60.320000 1000000 8.790470 8.666111 8.787909 8.664408 0.032094 0.032259 0.090362 0.084407 0.032259 0.032085 0.032259 230270 230954
35 62.310000 60.320000 1000000 8.788830 8.665035 8.786267 8.663333 0.032095 0.032259 0.089358 0.083332 0.032259 0.032086 0.032259 230950 239444
35 62.310000 60.320000 1000000 8.781994 8.655358 8.779425 8.653655 0.032089 0.032259 0.092373 0.086557 0.032259 0.032079 0.032259 239440 259841
35 62.310000 60.320000 1000000 8.779172 8.652132 8.776530 8.650026 0.032089 0.032259 0.093381 0.087632 0.032259 0.032080 0.032259 259840 270130
35 62.310000 60.320000 1000000 8.747337 8.632777 8.744665 8.630671 0.032098 0.032259 0.090362 0.084408 0.032259 0.032088 0.032259 270130 274294
35 62.310000 60.320000 1000000 8.734714 8.622025 8.732031 8.619919 0.032103 0.032259 0.092374 0.086559 0.032259 0.032093 0.032259 274290 286224
35 62.310000 60.320000 1000000 8.724346 8.605896 8.721654 8.603789 0.032093 0.032259 0.095403 0.089784 0.032259 0.032083 0.032259 286220 286909
35 62.310000 60.320000 1000000 8.723171 8.604820 8.720477 8.602714 0.032093 0.032259 0.094392 0.088709 0.032259 0.032084 0.032259 286900 290318
35 62.310000 60.320000 1000000 8.719856 8.598369 8.717268 8.596711 0.032094 0.032259 0.095403 0.089784 0.032259 0.032085 0.032259 290310 294276
35 62.310000 60.320000 1000000 8.718556 8.597293 8.715966 8.595635 0.032095 0.032259 0.096416 0.090859 0.032259 0.032085 0.032259 294270 304897
35 62.310000 60.320000 1000000 8.704790 8.585465 8.702189 8.583807 0.032091 0.032259 0.095404 0.089784 0.032259 0.032081 0.032259 304890 306024
35 62.310000 60.320000 1000000 8.704078 8.584390 8.701476 8.582732 0.032090 0.032259 0.095404 0.089784 0.032259 0.032080 0.032259 306020 314349
35 62.310000 60.320000 1000000 8.697191 8.577939 8.694583 8.576280 0.032091 0.032259 0.094393 0.088709 0.032259 0.032081 0.032259 314340 314441
35 62.310000 60.320000 1000000 8.696508 8.576863 8.693900 8.575205 0.032090 0.032259 0.093383 0.087634 0.032259 0.032081 0.032259 314440 347991
35 62.310000 60.320000 1000000 8.636797 8.533853 8.634044 8.532643 0.032095 0.032259 0.107634 0.102686 0.032259 0.032086 0.032259 347990 351588
35 62.310000 60.320000 1000000 8.613555 8.519874 8.610780 8.518664 0.032102 0.032259 0.098445 0.093009 0.032259 0.032093 0.032259 351580 356730
35 62.310000 60.320000 1000000 8.613137 8.518799 8.610361 8.517589 0.032102 0.032259 0.097429 0.091934 0.032259 0.032093 0.032259 356730 359740
35 62.310000 60.320000 1000000 8.612392 8.517724 8.609615 8.516513 0.032102 0.032259 0.096415 0.090859 0.032259 0.032093 0.032259 359740 361144
35 62.310000 60.320000 1000000 8.611607 8.516648 8.608830 8.515438 0.032101 0.032259 0.096415 0.090859 0.032259 0.032092 0.032259 361140 361548
35 62.310000 60.320000 1000000 8.610410 8.515573 8.607632 8.514363 0.032102 0.032259 0.095403 0.089784 0.032259 0.032092 0.032259 361540 379969
35 62.310000 60.320000 1000000 8.593750 8.504820 8.590955 8.503610 0.032108 0.032259 0.094392 0.088708 0.032259 0.032099 0.032259 379960 380371
35 62.310000 60.320000 1000000 8.592227 8.503745 8.589431 8.502535 0.032109 0.032259 0.094392 0.088708 0.032259 0.032100 0.032259 380370 397386
35 62.310000 60.320000 1000000 8.576431 8.487616 8.573620 8.486406 0.032106 0.032259 0.092375 0.086559 0.032259 0.032097 0.032259 397380 399251
35 62.310000 60.320000 1000000 8.576173 8.486541 8.573361 8.485331 0.032106 0.032259 0.091368 0.085484 0.032259 0.032097 0.032259 399250 404278
35 62.310000 60.320000 1000000 8.575843 8.485466 8.572908 8.483852 0.032106 0.032259 0.091368 0.085484 0.032259 0.032097 0.032259 404270 416175
35 62.310000 60.320000 1000000 8.575130 8.484390 8.572194 8.482777 0.032105 0.032259 0.091368 0.085484 0.032259 0.032096 0.032259 416170 442880
35 62.310000 60.320000 1000000 8.565007 8.476863 8.562060 8.475250 0.032107 0.032259 0.091368 0.085484 0.032259 0.032098 0.032259 442880 452048
35 62.310000 60.320000 1000000 8.564495 8.475788 8.561548 8.474175 0.032106 0.032259 0.091368 0.085484 0.032259 0.032097 0.032259 452040 480461
35 62.310000 60.320000 1000000 8.557295 8.468799 8.554284 8.466334 0.032106 0.032259 0.092880 0.087098 0.032259 0.032097 0.032259 480460 492252
35 62.310000 60.320000 1000000 8.544358 8.460197 8.541333 8.457732 0.032108 0.032259 0.096925 0.091399 0.032259 0.032099 0.032259 492250 496559
35 62.310000 60.320000 1000000 8.544254 8.458584 8.541175 8.455268 0.032108 0.032259 0.097432 0.091937 0.032259 0.032099 0.032259 496550 518239
35 62.310000 60.320000 1000000 8.527623 8.444605 8.524526 8.441290 0.032109 0.032259 0.094394 0.088711 0.032259 0.032100 0.032259 518230 519687
35 62.310000 60.320000 1000000 8.527270 8.443530 8.524172 8.440214 0.032108 0.032259 0.095405 0.089786 0.032259 0.032099 0.032259 519680 555698
35 62.310000 60.320000 1000000 8.515350 8.431702 8.512239 8.428386 0.032110 0.032259 0.097432 0.091937 0.032259 0.032101 0.032259 555690 558917
35 62.310000 60.320000 1000000 8.514297 8.428476 8.510940 8.424354 0.032110 0.032259 0.098447 0.093012 0.032259 0.032101 0.032259 558910 570288
35 62.310000 60.320000 1000000 8.513555 8.427401 8.510197 8.423279 0.032109 0.032259 0.098447 0.093012 0.032259 0.032100 0.032259 570280 572283
35 62.310000 60.320000 1000000 8.513111 8.426326 8.509753 8.422204 0.032108 0.032259 0.099464 0.094087 0.032259 0.032099 0.032259 572280 575064
35 62.310000 60.320000 1000000 8.512356 8.425251 8.508997 8.421128 0.032109 0.032259 0.098447 0.093012 0.032259 0.032100 0.032259 575060 626216
35 62.310000 60.320000 1000000 8.490781 8.408046 8.487396 8.403924 0.032115 0.032259 0.088359 0.082259 0.032259 0.032106 0.032259 626210 627941
35 62.310000 60.320000 1000000 8.483128 8.402670 8.479733 8.398548 0.032114 0.032259 0.091369 0.085485 0.032259 0.032106 0.032259 627940 629808
35 62.310000 60.320000 1000000 8.482397 8.401595 8.479002 8.397473 0.032113 0.032259 0.091369 0.085485 0.032259 0.032104 0.032259 629800 643584
35 62.310000 60.320000 1000000 8.474862 8.396218 8.471458 8.392096 0.032116 0.032259 0.089359 0.083333 0.032259 0.032107 0.032259 643580 666408
35 62.310000 60.320000 1000000 8.465678 8.388691 8.462263 8.384569 0.032112 0.032259 0.088357 0.082258 0.032259 0.032103 0.032259 666400 669336
35 62.310000 60.320000 1000000 8.465249 8.387616 8.461833 8.383494 0.032112 0.032259 0.087357 0.081183 0.032259 0.032103 0.032259 669330 726400
35 62.310000 60.320000 1000000 8.458212 8.379014 8.454788 8.374892 0.032115 0.032259 0.088357 0.082258 0.032259 0.032106 0.032259 726400 747710
35 62.310000 60.320000 1000000 8.458069 8.377939 8.454811 8.375071 0.032115 0.032259 0.087357 0.081183 0.032259 0.032106 0.032259 747710 765001
35 62.310000 60.320000 1000000 8.447987 8.369337 8.444717 8.366469 0.032114 0.032259 0.092374 0.086558 0.032259 0.032105 0.032259 765000 808181
35 62.310000 60.320000 1000000 8.435344 8.360735 8.432059 8.357867 0.032115 0.032259 0.088356 0.082256 0.032259 0.032107 0.032259 808180 861613
35 62.310000 60.320000 1000000 8.422190 8.351057 8.418890 8.348189 0.032118 0.032259 0.091366 0.085482 0.032259 0.032110 0.032259 861610 882174
35 62.310000 60.320000 1000000 8.393007 8.331702 8.389672 8.328835 0.032125 0.032259 0.086356 0.080105 0.032259 0.032116 0.032259 882170 891545
35 62.310000 60.320000 1000000 8.382278 8.324175 8.378931 8.321308 0.032125 0.032259 0.088355 0.082256 0.032259 0.032117 0.032259 891540 907750
35 62.310000 60.320000 1000000 8.373588 8.318799 8.370230 8.315931 0.032127 0.032259 0.087355 0.081180 0.032259 0.032119 0.032259 907750 909076
35 62.310000 60.320000 1000000 8.372859 8.317724 8.369501 8.314856 0.032126 0.032259 0.087355 0.081180 0.032259 0.032118 0.032259 909070 914273
35 62.310000 60.320000 1000000 8.371576 8.316648 8.368216 8.313781 0.032125 0.032259 0.088355 0.082255 0.032259 0.032117 0.032259 914270 986891
35 62.310000 60.320000 1000000 8.349594 8.299444 8.346208 8.296576 0.032134 0.032259 0.087355 0.081180 0.032259 0.032125 0.032259 986890 1000000
