12 62.310000 60.320000 1000000 14.831078 14.505339 14.829269 14.511969 0.032099 0.032259 0.250473 0.248387 0.032259 0.032091 0.032259 0 50
12 62.310000 60.320000 1000000 14.016823 13.784910 14.016499 13.805339 0.032054 0.032259 0.324186 0.322577 0.032259 0.032046 0.032259 50 60
12 62.310000 60.320000 1000000 13.560517 13.422545 13.559152 13.434148 0.032085 0.032259 0.331680 0.330107 0.032259 0.032076 0.032259 60 70
12 62.310000 60.320000 1000000 13.307513 13.189213 13.305146 13.191093 0.032114 0.032259 0.300662 0.298926 0.032259 0.032105 0.032259 70 80
12 62.310000 60.320000 1000000 13.214476 13.098891 13.212059 13.100772 0.032116 0.032259 0.278222 0.276345 0.032259 0.032107 0.032259 80 90
12 62.310000 60.320000 1000000 13.150407 13.035450 13.148693 13.042349 0.032107 0.032259 0.282492 0.280645 0.032259 0.032098 0.032259 90 106
12 62.310000 60.320000 1000000 13.059673 12.939752 13.057087 12.943021 0.032116 0.032259 0.260072 0.258063 0.032259 0.032107 0.032259 100 110
12 62.310000 60.320000 1000000 12.901340 12.821472 12.898658 12.824742 0.032170 0.032259 0.221714 0.219354 0.032259 0.032160 0.032259 110 120
12 62.310000 60.320000 1000000 12.804833 12.744053 12.802904 12.751893 0.032198 0.032259 0.191978 0.189249 0.032259 0.032189 0.032259 120 133
12 62.310000 60.320000 1000000 12.692214 12.642978 12.690233 12.650817 0.032195 0.032259 0.182446 0.179572 0.032259 0.032186 0.032259 130 140
12 62.310000 60.320000 1000000 12.667664 12.622548 12.665672 12.630387 0.032194 0.032259 0.179273 0.176346 0.032259 0.032185 0.032259 140 159
12 62.310000 60.320000 1000000 12.637464 12.579538 12.635065 12.582269 0.032194 0.032259 0.172930 0.169895 0.032259 0.032185 0.032259 150 161
12 62.310000 60.320000 1000000 12.572898 12.516097 12.569838 12.516409 0.032178 0.032259 0.180327 0.177418 0.032259 0.032169 0.032259 160 180
12 62.310000 60.320000 1000000 12.548420 12.484914 12.545342 12.485227 0.032180 0.032259 0.168705 0.165592 0.032259 0.032170 0.032259 180 191
12 62.310000 60.320000 1000000 12.515226 12.461259 12.512029 12.461168 0.032180 0.032259 0.156058 0.152688 0.032259 0.032171 0.032259 190 205
12 62.310000 60.320000 1000000 12.468567 12.421474 12.465334 12.421383 0.032195 0.032259 0.146604 0.143011 0.032259 0.032185 0.032259 200 210
12 62.310000 60.320000 1000000 12.453509 12.390291 12.448993 12.384958 0.032193 0.032259 0.160270 0.156990 0.032259 0.032183 0.032259 210 228
12 62.310000 60.320000 1000000 12.434483 12.374162 12.429946 12.368829 0.032188 0.032259 0.162377 0.159141 0.032259 0.032179 0.032259 220 230
12 62.310000 60.320000 1000000 12.406057 12.350506 12.401489 12.345173 0.032201 0.032259 0.152905 0.149463 0.032259 0.032191 0.032259 230 252
12 62.310000 60.320000 1000000 12.381325 12.329001 12.376729 12.323668 0.032203 0.032259 0.151854 0.148388 0.032259 0.032193 0.032259 250 262
12 62.310000 60.320000 1000000 12.356540 12.303195 12.351916 12.297862 0.032198 0.032259 0.163432 0.160216 0.032259 0.032188 0.032259 260 277
12 62.310000 60.320000 1000000 12.341913 12.277388 12.337273 12.272055 0.032193 0.032259 0.149754 0.146238 0.032259 0.032183 0.032259 270 283
12 62.310000 60.320000 1000000 12.328895 12.263410 12.324241 12.258077 0.032190 0.032259 0.144508 0.140862 0.032259 0.032181 0.032259 280 303
12 62.310000 60.320000 1000000 12.289812 12.218249 12.284758 12.211303 0.032173 0.032259 0.129878 0.125808 0.032259 0.032164 0.032259 300 332
12 62.310000 60.320000 1000000 12.261961 12.185991 12.257091 12.180300 0.032168 0.032259 0.133004 0.129033 0.032259 0.032159 0.032259 330 344
12 62.310000 60.320000 1000000 12.252455 12.167711 12.248576 12.168293 0.032167 0.032259 0.127796 0.123657 0.032259 0.032157 0.032259 340 356
12 62.310000 60.320000 1000000 12.233837 12.150508 12.229940 12.151089 0.032160 0.032259 0.135093 0.131185 0.032259 0.032151 0.032259 350 398
12 62.310000 60.320000 1000000 12.185097 12.106422 12.181153 12.107003 0.032141 0.032259 0.146606 0.143013 0.032259 0.032132 0.032259 360 377
12 62.310000 60.320000 1000000 12.171636 12.093519 12.167678 12.094100 0.032147 0.032259 0.138227 0.134411 0.032259 0.032138 0.032259 370 398
12 62.310000 60.320000 1000000 12.150079 12.074164 12.145799 12.073535 0.032153 0.032259 0.134049 0.130110 0.032259 0.032144 0.032259 390 412
12 62.310000 60.320000 1000000 12.132482 12.055884 12.128184 12.055256 0.032155 0.032259 0.136137 0.132260 0.032259 0.032145 0.032259 410 437
12 62.310000 60.320000 1000000 12.109920 12.025777 12.106554 12.031421 0.032150 0.032259 0.139273 0.135485 0.032259 0.032141 0.032259 430 448
12 62.310000 60.320000 1000000 12.102015 12.020401 12.098643 12.026045 0.032153 0.032259 0.137182 0.133335 0.032259 0.032144 0.032259 440 452
12 62.310000 60.320000 1000000 12.096131 12.011261 12.092676 12.016054 0.032153 0.032259 0.136661 0.132799 0.032259 0.032143 0.032259 450 468
12 62.310000 60.320000 1000000 12.095404 12.005347 12.091740 12.007586 0.032152 0.032259 0.135094 0.131186 0.032259 0.032143 0.032259 460 475
12 62.310000 60.320000 1000000 12.091203 12.001046 12.087535 12.003285 0.032152 0.032259 0.136138 0.132261 0.032259 0.032143 0.032259 470 502
12 62.310000 60.320000 1000000 12.076295 11.983842 12.072796 11.987335 0.032154 0.032259 0.133007 0.129036 0.032259 0.032145 0.032259 500 513
12 62.310000 60.320000 1000000 12.076140 11.982766 12.072822 11.987514 0.032154 0.032259 0.134050 0.130111 0.032259 0.032145 0.032259 510 524
12 62.310000 60.320000 1000000 12.064611 11.972014 12.061193 11.976358 0.032155 0.032259 0.127798 0.123659 0.032259 0.032146 0.032259 520 546
12 62.310000 60.320000 1000000 12.043707 11.954809 12.040272 11.959154 0.032148 0.032259 0.124678 0.120433 0.032259 0.032139 0.032259 530 572
12 62.310000 60.320000 1000000 12.037399 11.949433 12.033958 11.953778 0.032147 0.032259 0.119493 0.115056 0.032259 0.032138 0.032259 540 573
12 62.310000 60.320000 1000000 12.020468 11.926853 12.018336 11.938724 0.032143 0.032259 0.118457 0.113980 0.032259 0.032134 0.032259 570 603
12 62.310000 60.320000 1000000 12.003717 11.892444 12.000936 11.895803 0.032137 0.032259 0.118456 0.113979 0.032259 0.032128 0.032259 600 633
12 62.310000 60.320000 1000000 11.965278 11.855885 11.962469 11.859244 0.032140 0.032259 0.115354 0.110752 0.032259 0.032130 0.032259 630 641
12 62.310000 60.320000 1000000 11.939883 11.827928 11.936875 11.830481 0.032130 0.032259 0.130920 0.126883 0.032259 0.032120 0.032259 640 650
12 62.310000 60.320000 1000000 11.923602 11.810724 11.920582 11.813277 0.032120 0.032259 0.129877 0.125807 0.032259 0.032111 0.032259 650 662
12 62.310000 60.320000 1000000 11.898724 11.788144 11.895685 11.790696 0.032117 0.032259 0.140317 0.136559 0.032259 0.032108 0.032259 660 684
12 62.310000 60.320000 1000000 11.882592 11.774165 11.879727 11.777972 0.032113 0.032259 0.129876 0.125807 0.032259 0.032104 0.032259 680 690
12 62.310000 60.320000 1000000 11.880396 11.772015 11.877529 11.775822 0.032113 0.032259 0.129876 0.125806 0.032259 0.032104 0.032259 690 728
12 62.310000 60.320000 1000000 11.851622 11.744058 11.848734 11.747865 0.032116 0.032259 0.138227 0.134410 0.032259 0.032107 0.032259 720 764
12 62.310000 60.320000 1000000 11.815650 11.704273 11.812956 11.709334 0.032094 0.032259 0.149753 0.146238 0.032259 0.032084 0.032259 760 781
12 62.310000 60.320000 1000000 11.775587 11.667714 11.772701 11.671073 0.032083 0.032259 0.162376 0.159139 0.032259 0.032074 0.032259 780 802
12 62.310000 60.320000 1000000 11.753345 11.646209 11.750442 11.649568 0.032077 0.032259 0.157110 0.153763 0.032259 0.032068 0.032259 800 892
12 62.310000 60.320000 1000000 11.696621 11.589219 11.693460 11.591772 0.032075 0.032259 0.161321 0.158063 0.032259 0.032066 0.032259 890 917
12 62.310000 60.320000 1000000 11.687311 11.579542 11.684142 11.582095 0.032066 0.032259 0.159216 0.155914 0.032259 0.032057 0.032259 910 1000
12 62.310000 60.320000 1000000 11.682223 11.573091 11.679049 11.575643 0.032060 0.032259 0.157112 0.153764 0.032259 0.032050 0.032259 930 1028
12 62.310000 60.320000 1000000 11.641084 11.545134 11.637877 11.547686 0.032073 0.032259 0.144507 0.140860 0.032259 0.032063 0.032259 1020 1043
12 62.310000 60.320000 1000000 11.636749 11.541908 11.633539 11.544461 0.032074 0.032259 0.143459 0.139785 0.032259 0.032064 0.032259 1040 1089
12 62.310000 60.320000 1000000 11.628509 11.531155 11.625291 11.533708 0.032073 0.032259 0.143459 0.139785 0.032259 0.032063 0.032259 1080 1090
12 62.310000 60.320000 1000000 11.616495 11.517177 11.613267 11.519729 0.032063 0.032259 0.155005 0.151612 0.032259 0.032054 0.032259 1090 1105
12 62.310000 60.320000 1000000 11.615937 11.516101 11.612709 11.518654 0.032063 0.032259 0.153954 0.150536 0.032259 0.032054 0.032259 1100 1127
12 62.310000 60.320000 1000000 11.598949 11.503198 11.595707 11.505751 0.032067 0.032259 0.146603 0.143010 0.032259 0.032058 0.032259 1120 1139
12 62.310000 60.320000 1000000 11.596901 11.502123 11.593657 11.504676 0.032068 0.032259 0.145555 0.141935 0.032259 0.032059 0.032259 1130 1162
12 62.310000 60.320000 1000000 11.594223 11.498897 11.590977 11.501450 0.032069 0.032259 0.145555 0.141935 0.032259 0.032059 0.032259 1160 1188
12 62.310000 60.320000 1000000 11.577566 11.483844 11.574306 11.486396 0.032068 0.032259 0.150802 0.147311 0.032259 0.032059 0.032259 1180 1200
12 62.310000 60.320000 1000000 11.527310 11.443521 11.523941 11.445222 0.032075 0.032259 0.147127 0.143547 0.032259 0.032065 0.032259 1200 1242
12 62.310000 60.320000 1000000 11.514594 11.432768 11.511019 11.433663 0.032073 0.032259 0.147128 0.143548 0.032259 0.032063 0.032259 1230 1474
12 62.310000 60.320000 1000000 11.459967 11.365026 11.456341 11.365921 0.032042 0.032259 0.140842 0.137098 0.032259 0.032033 0.032259 1410 1490
12 62.310000 60.320000 1000000 11.442569 11.345671 11.438926 11.346566 0.032046 0.032259 0.137704 0.133872 0.032259 0.032036 0.032259 1490 1515
12 62.310000 60.320000 1000000 11.440460 11.344596 11.436815 11.345491 0.032047 0.032259 0.137704 0.133872 0.032259 0.032037 0.032259 1510 1574
12 62.310000 60.320000 1000000 11.396604 11.297823 11.392655 11.296164 0.032022 0.032259 0.119491 0.115055 0.032259 0.032012 0.032259 1570 1664
12 62.310000 60.320000 1000000 11.380111 11.275242 11.376046 11.273180 0.032025 0.032259 0.118456 0.113979 0.032259 0.032015 0.032259 1660 1701
12 62.310000 60.320000 1000000 11.359630 11.261264 11.355543 11.259202 0.032021 0.032259 0.129877 0.125807 0.032259 0.032012 0.032259 1700 1712
12 62.310000 60.320000 1000000 11.353864 11.254812 11.349771 11.252750 0.032018 0.032259 0.130917 0.126881 0.032259 0.032009 0.032259 1710 1731
12 62.310000 60.320000 1000000 11.346705 11.249436 11.342604 11.247374 0.032019 0.032259 0.133003 0.129031 0.032259 0.032010 0.032259 1730 1743
12 62.310000 60.320000 1000000 11.343998 11.247285 11.339894 11.245223 0.032021 0.032259 0.131961 0.127957 0.032259 0.032011 0.032259 1740 1783
12 62.310000 60.320000 1000000 11.341842 11.246210 11.337736 11.244148 0.032022 0.032259 0.130919 0.126882 0.032259 0.032013 0.032259 1780 1792
12 62.310000 60.320000 1000000 11.340087 11.245135 11.335979 11.243073 0.032022 0.032259 0.130919 0.126882 0.032259 0.032013 0.032259 1790 2047
12 62.310000 60.320000 1000000 11.267821 11.184920 11.263633 11.182858 0.032021 0.032259 0.146604 0.143011 0.032259 0.032011 0.032259 2040 2239
12 62.310000 60.320000 1000000 11.257199 11.166103 11.253565 11.166953 0.032005 0.032259 0.149227 0.145698 0.032259 0.031995 0.032259 2230 2270
12 62.310000 60.320000 1000000 11.244058 11.154275 11.240412 11.155125 0.032004 0.032259 0.152378 0.148924 0.032259 0.031995 0.032259 2270 2342
12 62.310000 60.320000 1000000 11.228272 11.141372 11.224610 11.142222 0.032007 0.032259 0.147128 0.143548 0.032259 0.031998 0.032259 2340 2393
12 62.310000 60.320000 1000000 11.212928 11.130619 11.209251 11.131469 0.032013 0.032259 0.143982 0.140322 0.032259 0.032004 0.032259 2390 2418
12 62.310000 60.320000 1000000 11.212533 11.129544 11.208856 11.130394 0.032013 0.032259 0.145030 0.141397 0.032259 0.032004 0.032259 2410 2550
12 62.310000 60.320000 1000000 11.208773 11.125243 11.205092 11.126093 0.032008 0.032259 0.147129 0.143549 0.032259 0.031999 0.032259 2450 2542
12 62.310000 60.320000 1000000 11.205236 11.120942 11.201551 11.121792 0.032003 0.032259 0.145031 0.141398 0.032259 0.031993 0.032259 2540 2550
12 62.310000 60.320000 1000000 11.204556 11.119866 11.200871 11.120717 0.032003 0.032259 0.143983 0.140323 0.032259 0.031993 0.032259 2550 2747
12 62.310000 60.320000 1000000 11.146339 11.075780 11.142595 11.076631 0.032006 0.032259 0.172400 0.169355 0.032259 0.031996 0.032259 2740 2758
12 62.310000 60.320000 1000000 11.141250 11.069329 11.137501 11.070179 0.031999 0.032259 0.168175 0.165052 0.032259 0.031990 0.032259 2750 2793
12 62.310000 60.320000 1000000 11.136589 11.062877 11.132836 11.063728 0.031993 0.032259 0.170286 0.167203 0.032259 0.031983 0.032259 2790 2820
12 62.310000 60.320000 1000000 11.132615 11.055351 11.128858 11.056201 0.031986 0.032259 0.176625 0.173654 0.032259 0.031976 0.032259 2820 2933
12 62.310000 60.320000 1000000 11.080858 11.012340 11.078316 11.019463 0.031990 0.032259 0.152377 0.148923 0.032259 0.031980 0.032259 2930 2990
12 62.310000 60.320000 1000000 11.080260 11.011265 11.077718 11.018387 0.031990 0.032259 0.151326 0.147848 0.032259 0.031980 0.032259 2990 3087
12 62.310000 60.320000 1000000 11.051570 10.981157 11.049008 10.988280 0.031992 0.032259 0.146078 0.142472 0.032259 0.031982 0.032259 3080 3175
12 62.310000 60.320000 1000000 11.022005 10.958577 11.019423 10.965699 0.031992 0.032259 0.145030 0.141397 0.032259 0.031982 0.032259 3170 3284
12 62.310000 60.320000 1000000 11.014118 10.951050 11.011530 10.958173 0.031984 0.032259 0.152378 0.148924 0.032259 0.031974 0.032259 3210 3337
12 62.310000 60.320000 1000000 11.008274 10.939222 11.005574 10.945941 0.031981 0.032259 0.155533 0.152151 0.032259 0.031971 0.032259 3330 3406
12 62.310000 60.320000 1000000 11.007493 10.938147 11.004794 10.944866 0.031979 0.032259 0.154481 0.151076 0.032259 0.031969 0.032259 3400 3428
12 62.310000 60.320000 1000000 11.006043 10.937072 11.003342 10.943791 0.031979 0.032259 0.155533 0.152151 0.032259 0.031969 0.032259 3420 3442
12 62.310000 60.320000 1000000 11.003003 10.933846 11.000299 10.940565 0.031979 0.032259 0.155533 0.152151 0.032259 0.031969 0.032259 3440 3529
12 62.310000 60.320000 1000000 11.000593 10.927932 10.997794 10.933800 0.031974 0.032259 0.159217 0.155915 0.032259 0.031964 0.032259 3520 3532
12 62.310000 60.320000 1000000 11.000405 10.926857 10.997825 10.933979 0.031974 0.032259 0.159216 0.155914 0.032259 0.031964 0.032259 3530 3665
12 62.310000 60.320000 1000000 10.963895 10.887071 10.961289 10.894194 0.031970 0.032259 0.169762 0.166669 0.032259 0.031960 0.032259 3660 4345
12 62.310000 60.320000 1000000 10.932661 10.847286 10.930033 10.854409 0.031972 0.032259 0.178216 0.175272 0.032259 0.031962 0.032259 3900 4040
12 62.310000 60.320000 1000000 10.898649 10.815029 10.895996 10.822151 0.031962 0.032259 0.162380 0.159143 0.032259 0.031952 0.032259 4040 4345
12 62.310000 60.320000 1000000 10.879073 10.798362 10.876311 10.804633 0.031964 0.032259 0.151331 0.147853 0.032259 0.031954 0.032259 4340 4699
12 62.310000 60.320000 1000000 10.856306 10.772556 10.853265 10.778020 0.031950 0.032259 0.140844 0.137100 0.032259 0.031940 0.032259 4600 5004
12 62.310000 60.320000 1000000 10.838618 10.734921 10.833276 10.731918 0.031948 0.032259 0.141890 0.138175 0.032259 0.031939 0.032259 5000 5665
12 62.310000 60.320000 1000000 10.798432 10.633847 10.791113 10.610414 0.031929 0.032259 0.154485 0.151079 0.032259 0.031921 0.032259 5660 5789
12 62.310000 60.320000 1000000 10.797671 10.632771 10.790350 10.609339 0.031928 0.032259 0.154485 0.151079 0.032259 0.031920 0.032259 5780 6084
12 62.310000 60.320000 1000000 10.789648 10.628470 10.782311 10.605038 0.031932 0.032259 0.153433 0.150004 0.032259 0.031923 0.032259 6080 6116
12 62.310000 60.320000 1000000 10.788693 10.627395 10.781355 10.603963 0.031930 0.032259 0.153433 0.150004 0.032259 0.031922 0.032259 6110 6700
12 62.310000 60.320000 1000000 10.783639 10.622019 10.776290 10.598586 0.031930 0.032259 0.154484 0.151079 0.032259 0.031922 0.032259 6700 6789
12 62.310000 60.320000 1000000 10.782782 10.620944 10.775431 10.597511 0.031929 0.032259 0.153433 0.150003 0.032259 0.031920 0.032259 6780 7251
12 62.310000 60.320000 1000000 10.769707 10.606965 10.762329 10.583532 0.031919 0.032259 0.160800 0.157531 0.032259 0.031911 0.032259 7250 7397
12 62.310000 60.320000 1000000 10.766446 10.604815 10.759061 10.581382 0.031920 0.032259 0.162905 0.159680 0.032259 0.031912 0.032259 7390 7413
12 62.310000 60.320000 1000000 10.759744 10.596212 10.752346 10.572780 0.031913 0.032259 0.156587 0.153228 0.032259 0.031904 0.032259 7410 8138
12 62.310000 60.320000 1000000 10.672823 10.529546 10.665242 10.506113 0.031902 0.032259 0.158691 0.155378 0.032259 0.031894 0.032259 7940 8030
12 62.310000 60.320000 1000000 10.669863 10.526320 10.662276 10.502887 0.031898 0.032259 0.156586 0.153227 0.032259 0.031890 0.032259 8030 8138
12 62.310000 60.320000 1000000 10.668634 10.525245 10.661045 10.501812 0.031898 0.032259 0.157638 0.154302 0.032259 0.031890 0.032259 8130 8209
12 62.310000 60.320000 1000000 10.661904 10.513417 10.654300 10.489984 0.031887 0.032259 0.156585 0.153226 0.032259 0.031879 0.032259 8200 8779
12 62.310000 60.320000 1000000 10.628054 10.449976 10.620257 10.425289 0.031863 0.032259 0.165011 0.161828 0.032259 0.031855 0.032259 8770 9788
12 62.310000 60.320000 1000000 10.520300 10.367181 10.512261 10.342494 0.031895 0.032259 0.156586 0.153227 0.032259 0.031887 0.032259 9780 10113
12 62.310000 60.320000 1000000 10.515182 10.361805 10.507131 10.337118 0.031890 0.032259 0.155534 0.152152 0.032259 0.031882 0.032259 10110 10456
12 62.310000 60.320000 1000000 10.513629 10.360730 10.505575 10.336043 0.031890 0.032259 0.155534 0.152152 0.032259 0.031883 0.032259 10450 11110
12 62.310000 60.320000 1000000 10.494768 10.342450 10.486670 10.317763 0.031879 0.032259 0.159744 0.156453 0.032259 0.031871 0.032259 11110 11659
12 62.310000 60.320000 1000000 10.481954 10.324171 10.473827 10.299484 0.031859 0.032259 0.156585 0.153226 0.032259 0.031851 0.032259 11650 12192
12 62.310000 60.320000 1000000 10.479620 10.323095 10.471486 10.298408 0.031861 0.032259 0.155534 0.152152 0.032259 0.031853 0.032259 12190 12202
12 62.310000 60.320000 1000000 10.477030 10.322020 10.468891 10.297333 0.031864 0.032259 0.154482 0.151076 0.032259 0.031856 0.032259 12200 12628
12 62.310000 60.320000 1000000 10.449705 10.284386 10.446133 10.283534 0.031866 0.032259 0.134570 0.130646 0.032259 0.031857 0.032259 12620 14368
12 62.310000 60.320000 1000000 10.396920 10.220946 10.393152 10.218391 0.031859 0.032259 0.146081 0.142475 0.032259 0.031850 0.032259 14360 15074
12 62.310000 60.320000 1000000 10.376433 10.205892 10.372643 10.203337 0.031861 0.032259 0.152380 0.148926 0.032259 0.031852 0.032259 15070 15406
12 62.310000 60.320000 1000000 10.370200 10.196215 10.366403 10.193660 0.031854 0.032259 0.145032 0.141399 0.032259 0.031845 0.032259 15400 15455
12 62.310000 60.320000 1000000 10.365662 10.190838 10.361860 10.188284 0.031846 0.032259 0.145032 0.141399 0.032259 0.031837 0.032259 15420 15998
12 62.310000 60.320000 1000000 10.351636 10.174709 10.347717 10.171751 0.031841 0.032259 0.133527 0.129572 0.032259 0.031832 0.032259 15990 18397
12 62.310000 60.320000 1000000 10.268541 10.097290 10.264525 10.094333 0.031848 0.032259 0.147129 0.143549 0.032259 0.031839 0.032259 18390 18543
12 62.310000 60.320000 1000000 10.266876 10.096215 10.262858 10.093257 0.031848 0.032259 0.147129 0.143549 0.032259 0.031839 0.032259 18540 19439
12 62.310000 60.320000 1000000 10.222405 10.055355 10.219000 10.055757 0.031837 0.032259 0.157638 0.154302 0.032259 0.031828 0.032259 19430 19507
12 62.310000 60.320000 1000000 10.221928 10.054280 10.218522 10.054682 0.031836 0.032259 0.158691 0.155377 0.032259 0.031827 0.032259 19500 20181
12 62.310000 60.320000 1000000 10.218241 10.051054 10.214832 10.051456 0.031836 0.032259 0.157638 0.154302 0.032259 0.031826 0.032259 20180 21179
12 62.310000 60.320000 1000000 10.217200 10.049979 10.213789 10.050381 0.031836 0.032259 0.157638 0.154302 0.032259 0.031826 0.032259 21170 22693
12 62.310000 60.320000 1000000 10.203370 10.025247 10.199946 10.025650 0.031821 0.032259 0.158691 0.155378 0.032259 0.031811 0.032259 22690 23612
12 62.310000 60.320000 1000000 10.193380 10.012344 10.189945 10.012746 0.031810 0.032259 0.153431 0.150001 0.032259 0.031800 0.032259 23610 24369
12 62.310000 60.320000 1000000 10.180254 10.002667 10.176806 10.003069 0.031805 0.032259 0.153431 0.150001 0.032259 0.031795 0.032259 24360 25082
12 62.310000 60.320000 1000000 10.104355 9.933849 10.097841 9.922200 0.031856 0.032259 0.160796 0.157527 0.032259 0.031846 0.032259 25080 25803
12 62.310000 60.320000 1000000 10.103437 9.932774 10.096922 9.921125 0.031854 0.032259 0.160796 0.157527 0.032259 0.031844 0.032259 25800 25960
12 62.310000 60.320000 1000000 10.099810 9.929548 10.093287 9.917899 0.031854 0.032259 0.162903 0.159677 0.032259 0.031844 0.032259 25960 26441
12 62.310000 60.320000 1000000 10.088784 9.922021 10.082240 9.910372 0.031853 0.032259 0.159743 0.156452 0.032259 0.031843 0.032259 26440 27045
12 62.310000 60.320000 1000000 10.079535 9.913419 10.072973 9.901770 0.031850 0.032259 0.156585 0.153226 0.032259 0.031840 0.032259 27040 27502
12 62.310000 60.320000 1000000 10.076793 9.910194 10.070225 9.898544 0.031847 0.032259 0.154481 0.151075 0.032259 0.031837 0.032259 27500 30507
12 62.310000 60.320000 1000000 10.006419 9.866107 9.999712 9.854458 0.031866 0.032259 0.148178 0.144624 0.032259 0.031856 0.032259 30500 31219
12 62.310000 60.320000 1000000 9.951184 9.838151 9.944364 9.826501 0.031902 0.032259 0.147129 0.143549 0.032259 0.031893 0.032259 31210 32439
12 62.310000 60.320000 1000000 9.948324 9.834925 9.941499 9.823276 0.031900 0.032259 0.147129 0.143549 0.032259 0.031890 0.032259 32430 32605
12 62.310000 60.320000 1000000 9.940794 9.822022 9.933953 9.810372 0.031888 0.032259 0.152380 0.148926 0.032259 0.031878 0.032259 32600 34503
12 62.310000 60.320000 1000000 9.937574 9.816646 9.930726 9.804996 0.031885 0.032259 0.154482 0.151076 0.032259 0.031875 0.032259 34500 35057
12 62.310000 60.320000 1000000 9.913402 9.800517 9.906504 9.788867 0.031894 0.032259 0.150279 0.146775 0.032259 0.031885 0.032259 35050 39206
12 62.310000 60.320000 1000000 9.871050 9.770409 9.864063 9.758760 0.031897 0.032259 0.154482 0.151077 0.032259 0.031887 0.032259 39200 39271
12 62.310000 60.320000 1000000 9.870219 9.769334 9.863230 9.757684 0.031895 0.032259 0.155534 0.152152 0.032259 0.031886 0.032259 39270 39482
12 62.310000 60.320000 1000000 9.866386 9.756430 9.862193 9.758580 0.031897 0.032259 0.156586 0.153227 0.032259 0.031887 0.032259 39480 40391
12 62.310000 60.320000 1000000 9.853043 9.727398 9.848833 9.729548 0.031880 0.032259 0.169234 0.166131 0.032259 0.031869 0.032259 40390 41975
12 62.310000 60.320000 1000000 9.825027 9.702667 9.820781 9.704817 0.031883 0.032259 0.170290 0.167207 0.032259 0.031873 0.032259 41970 42366
12 62.310000 60.320000 1000000 9.823278 9.701592 9.819030 9.703742 0.031883 0.032259 0.170290 0.167207 0.032259 0.031873 0.032259 42360 42621
12 62.310000 60.320000 1000000 9.765219 9.673635 9.760895 9.675785 0.031930 0.032259 0.150280 0.146777 0.032259 0.031919 0.032259 42620 46775
12 62.310000 60.320000 1000000 9.744423 9.635463 9.739969 9.636762 0.031925 0.032259 0.130921 0.126885 0.032259 0.031914 0.032259 46770 53184
12 62.310000 60.320000 1000000 9.730956 9.621485 9.726249 9.621977 0.031915 0.032259 0.139274 0.135487 0.032259 0.031905 0.032259 49160 55546
12 62.310000 60.320000 1000000 9.705611 9.583851 9.700666 9.582641 0.031902 0.032259 0.117425 0.112907 0.032259 0.031892 0.032259 55540 56675
12 62.310000 60.320000 1000000 9.702309 9.576324 9.697359 9.575114 0.031900 0.032259 0.123641 0.119358 0.032259 0.031890 0.032259 56670 57617
12 62.310000 60.320000 1000000 9.687920 9.566647 9.682948 9.565436 0.031904 0.032259 0.124678 0.120433 0.032259 0.031894 0.032259 57610 58863
12 62.310000 60.320000 1000000 9.686469 9.565571 9.681494 9.564361 0.031903 0.032259 0.124678 0.120433 0.032259 0.031893 0.032259 58860 59440
12 62.310000 60.320000 1000000 9.685574 9.564496 9.680598 9.563286 0.031904 0.032259 0.125717 0.121508 0.032259 0.031894 0.032259 59440 59826
12 62.310000 60.320000 1000000 9.685075 9.563421 9.680099 9.562211 0.031903 0.032259 0.125717 0.121508 0.032259 0.031893 0.032259 59820 59956
12 62.310000 60.320000 1000000 9.682398 9.560195 9.677417 9.558985 0.031904 0.032259 0.124678 0.120433 0.032259 0.031894 0.032259 59950 60588
12 62.310000 60.320000 1000000 9.681580 9.559120 9.676598 9.557910 0.031905 0.032259 0.123640 0.119357 0.032259 0.031895 0.032259 60580 67543
12 62.310000 60.320000 1000000 9.638870 9.519335 9.633821 9.518125 0.031912 0.032259 0.127798 0.123660 0.032259 0.031902 0.032259 63600 68064
12 62.310000 60.320000 1000000 9.634642 9.513959 9.629586 9.512748 0.031910 0.032259 0.128839 0.124735 0.032259 0.031900 0.032259 68060 68381
12 62.310000 60.320000 1000000 9.634328 9.512883 9.629155 9.511270 0.031910 0.032259 0.129880 0.125810 0.032259 0.031900 0.032259 68380 70299
12 62.310000 60.320000 1000000 9.619621 9.501055 9.614424 9.499442 0.031911 0.032259 0.125718 0.121509 0.032259 0.031901 0.032259 70290 77443
12 62.310000 60.320000 1000000 9.576253 9.460195 9.571479 9.461091 0.031897 0.032259 0.134049 0.130110 0.032259 0.031887 0.032259 77440 78183
12 62.310000 60.320000 1000000 9.567236 9.453744 9.562448 9.454639 0.031899 0.032259 0.130921 0.126884 0.032259 0.031889 0.032259 78180 78719
12 62.310000 60.320000 1000000 9.566420 9.452668 9.561631 9.453564 0.031899 0.032259 0.129879 0.125809 0.032259 0.031889 0.032259 78710 79447
12 62.310000 60.320000 1000000 9.563752 9.448367 9.558958 9.449263 0.031899 0.032259 0.126757 0.122583 0.032259 0.031889 0.032259 79440 82589
12 62.310000 60.320000 1000000 9.553813 9.406432 9.547525 9.390303 0.031893 0.032259 0.142414 0.138713 0.032259 0.031883 0.032259 82580 83435
12 62.310000 60.320000 1000000 9.541071 9.397830 9.534758 9.381701 0.031901 0.032259 0.138228 0.134412 0.032259 0.031891 0.032259 83430 84547
12 62.310000 60.320000 1000000 9.536707 9.393529 9.530385 9.377400 0.031903 0.032259 0.137183 0.133336 0.032259 0.031893 0.032259 84540 90202
12 62.310000 60.320000 1000000 9.516743 9.377400 9.510381 9.361271 0.031907 0.032259 0.147655 0.144088 0.032259 0.031897 0.032259 90200 90818
12 62.310000 60.320000 1000000 9.515245 9.376325 9.508880 9.360196 0.031908 0.032259 0.146606 0.143013 0.032259 0.031898 0.032259 90810 92586
12 62.310000 60.320000 1000000 9.509803 9.368798 9.503427 9.352669 0.031900 0.032259 0.144509 0.140862 0.032259 0.031891 0.032259 92580 102765
12 62.310000 60.320000 1000000 9.489624 9.342992 9.483208 9.326862 0.031884 0.032259 0.134047 0.130107 0.032259 0.031874 0.032259 95910 100584
12 62.310000 60.320000 1000000 9.484306 9.323637 9.476983 9.302669 0.031877 0.032259 0.134047 0.130107 0.032259 0.031866 0.032259 100580 102765
12 62.310000 60.320000 1000000 9.477885 9.319336 9.470548 9.298368 0.031876 0.032259 0.134047 0.130108 0.032259 0.031865 0.032259 102760 107856
12 62.310000 60.320000 1000000 9.473594 9.313960 9.466246 9.292992 0.031878 0.032259 0.133004 0.129032 0.032259 0.031867 0.032259 107850 110992
12 62.310000 60.320000 1000000 9.463018 9.306433 9.455646 9.285465 0.031882 0.032259 0.133004 0.129032 0.032259 0.031872 0.032259 110990 115217
12 62.310000 60.320000 1000000 9.429633 9.253745 9.428779 9.272920 0.031887 0.032259 0.112261 0.107526 0.032259 0.031877 0.032259 115210 121781
12 62.310000 60.320000 1000000 9.418359 9.241379 9.417395 9.259703 0.031888 0.032259 0.112776 0.108064 0.032259 0.031878 0.032259 121780 130507
12 62.310000 60.320000 1000000 9.400093 9.228476 9.399122 9.246800 0.031887 0.032259 0.107634 0.102687 0.032259 0.031877 0.032259 130500 144483
12 62.310000 60.320000 1000000 9.378394 9.210197 9.377417 9.228520 0.031891 0.032259 0.105585 0.100537 0.032259 0.031881 0.032259 144480 146659
12 62.310000 60.320000 1000000 9.371474 9.195143 9.371053 9.218484 0.031883 0.032259 0.105586 0.100537 0.032259 0.031874 0.032259 146650 147568
12 62.310000 60.320000 1000000 9.367376 9.176326 9.365882 9.190304 0.031886 0.032259 0.098954 0.093548 0.032259 0.031878 0.032259 147560 152471
12 62.310000 60.320000 1000000 9.365876 9.175250 9.364382 9.189228 0.031887 0.032259 0.098954 0.093548 0.032259 0.031879 0.032259 152470 161561
12 62.310000 60.320000 1000000 9.350672 9.158046 9.349171 9.172024 0.031893 0.032259 0.102009 0.096774 0.032259 0.031885 0.032259 161560 171394
12 62.310000 60.320000 1000000 9.350175 9.156971 9.348673 9.170949 0.031892 0.032259 0.100989 0.095698 0.032259 0.031884 0.032259 171390 171653
12 62.310000 60.320000 1000000 9.349016 9.153745 9.347514 9.167723 0.031892 0.032259 0.102009 0.096774 0.032259 0.031884 0.032259 171650 176931
12 62.310000 60.320000 1000000 9.343510 9.147293 9.342005 9.161271 0.031885 0.032259 0.104050 0.098923 0.032259 0.031877 0.032259 176930 193843
12 62.310000 60.320000 1000000 9.314822 9.125251 9.313115 9.136675 0.031894 0.032259 0.111747 0.106990 0.032259 0.031886 0.032259 193840 204667
12 62.310000 60.320000 1000000 9.291707 9.105896 9.289811 9.115617 0.031893 0.032259 0.106611 0.101613 0.032259 0.031885 0.032259 204660 208982
12 62.310000 60.320000 1000000 9.290734 9.104820 9.288838 9.114542 0.031891 0.032259 0.105586 0.100538 0.032259 0.031883 0.032259 208980 212333
12 62.310000 60.320000 1000000 9.284749 9.101595 9.282849 9.111316 0.031894 0.032259 0.103540 0.098387 0.032259 0.031886 0.032259 212330 224204
12 62.310000 60.320000 1000000 9.264306 9.087616 9.262394 9.097338 0.031901 0.032259 0.097431 0.091936 0.032259 0.031893 0.032259 224200 228394
12 62.310000 60.320000 1000000 9.249968 9.077939 9.248046 9.087660 0.031901 0.032259 0.098446 0.093010 0.032259 0.031893 0.032259 227700 243362
12 62.310000 60.320000 1000000 9.247410 9.071487 9.245486 9.081209 0.031898 0.032259 0.092375 0.086560 0.032259 0.031890 0.032259 243360 254578
12 62.310000 60.320000 1000000 9.219008 9.049982 9.217067 9.059703 0.031891 0.032259 0.102519 0.097312 0.032259 0.031883 0.032259 254570 255424
12 62.310000 60.320000 1000000 9.217015 9.048906 9.215073 9.058628 0.031892 0.032259 0.102519 0.097312 0.032259 0.031884 0.032259 255420 269413
12 62.310000 60.320000 1000000 9.196881 9.024175 9.194465 9.027087 0.031893 0.032259 0.103540 0.098387 0.032259 0.031884 0.032259 269410 278124
12 62.310000 60.320000 1000000 9.187581 9.015573 9.185158 9.018485 0.031885 0.032259 0.099462 0.094086 0.032259 0.031877 0.032259 278120 284532
12 62.310000 60.320000 1000000 9.174126 9.006971 9.171692 9.009883 0.031888 0.032259 0.101500 0.096237 0.032259 0.031879 0.032259 284530 322538
12 62.310000 60.320000 1000000 9.171484 9.001595 9.169048 9.004507 0.031887 0.032259 0.100481 0.095162 0.032259 0.031879 0.032259 303800 310776
12 62.310000 60.320000 1000000 9.171201 9.000519 9.168764 9.003431 0.031887 0.032259 0.100481 0.095162 0.032259 0.031878 0.032259 310770 322538
12 62.310000 60.320000 1000000 9.160907 8.994068 9.158463 8.996980 0.031887 0.032259 0.099462 0.094086 0.032259 0.031879 0.032259 322530 337522
12 62.310000 60.320000 1000000 9.151473 8.979552 9.148931 8.981612 0.031886 0.032259 0.102009 0.096774 0.032259 0.031877 0.032259 337520 342675
12 62.310000 60.320000 1000000 9.143870 8.974175 9.141322 8.976236 0.031890 0.032259 0.097938 0.092473 0.032259 0.031881 0.032259 342670 345346
12 62.310000 60.320000 1000000 9.139152 8.970950 9.136600 8.973010 0.031890 0.032259 0.094898 0.089247 0.032259 0.031881 0.032259 345340 353495
12 62.310000 60.320000 1000000 9.136157 8.966648 9.133603 8.968709 0.031885 0.032259 0.097938 0.092473 0.032259 0.031876 0.032259 353490 361720
12 62.310000 60.320000 1000000 9.136057 8.965036 9.133449 8.966245 0.031884 0.032259 0.097430 0.091935 0.032259 0.031876 0.032259 361720 373428
12 62.310000 60.320000 1000000 9.120565 8.953208 9.117944 8.954417 0.031888 0.032259 0.101499 0.096236 0.032259 0.031880 0.032259 373420 389130
12 62.310000 60.320000 1000000 9.082522 8.918799 9.079763 8.918306 0.031883 0.032259 0.100480 0.095161 0.032259 0.031874 0.032259 389130 398573
12 62.310000 60.320000 1000000 9.080445 8.915573 9.077684 8.915080 0.031883 0.032259 0.100480 0.095161 0.032259 0.031874 0.032259 398570 407816
12 62.310000 60.320000 1000000 9.073283 8.911272 9.070516 8.910779 0.031885 0.032259 0.101499 0.096236 0.032259 0.031877 0.032259 407810 408669
12 62.310000 60.320000 1000000 9.072855 8.910197 9.070088 8.909704 0.031885 0.032259 0.100480 0.095161 0.032259 0.031876 0.032259 408660 414254
12 62.310000 60.320000 1000000 9.067025 8.905896 9.064252 8.905403 0.031885 0.032259 0.102519 0.097312 0.032259 0.031877 0.032259 414250 422851
12 62.310000 60.320000 1000000 9.047937 8.894068 9.045147 8.893575 0.031886 0.032259 0.100479 0.095160 0.032259 0.031878 0.032259 422850 428887
12 62.310000 60.320000 1000000 9.043220 8.890842 9.040426 8.890349 0.031887 0.032259 0.100479 0.095160 0.032259 0.031878 0.032259 428880 431751
12 62.310000 60.320000 1000000 9.042705 8.889767 9.039910 8.889273 0.031887 0.032259 0.101498 0.096235 0.032259 0.031878 0.032259 431750 449022
12 62.310000 60.320000 1000000 9.027722 8.873638 9.024559 8.871128 0.031887 0.032259 0.097429 0.091933 0.032259 0.031878 0.032259 449020 516851
12 62.310000 60.320000 1000000 9.008668 8.846756 9.005205 8.843440 0.031856 0.032259 0.094391 0.088708 0.032259 0.031847 0.032259 514480 531229
12 62.310000 60.320000 1000000 9.005851 8.842992 9.002293 8.838825 0.031858 0.032259 0.094897 0.089246 0.032259 0.031849 0.032259 531220 562745
12 62.310000 60.320000 1000000 8.987463 8.826864 8.984467 8.826460 0.031866 0.032259 0.091870 0.086020 0.032259 0.031857 0.032259 562740 576115
12 62.310000 60.320000 1000000 8.981096 8.822562 8.978094 8.822159 0.031867 0.032259 0.091869 0.086019 0.032259 0.031859 0.032259 576110 596616
12 62.310000 60.320000 1000000 8.973310 8.812885 8.970300 8.812481 0.031864 0.032259 0.092877 0.087094 0.032259 0.031855 0.032259 596610 621105
12 62.310000 60.320000 1000000 8.973079 8.811810 8.970069 8.811406 0.031864 0.032259 0.092877 0.087094 0.032259 0.031855 0.032259 621100 636564
12 62.310000 60.320000 1000000 8.972250 8.810734 8.969239 8.810331 0.031864 0.032259 0.092877 0.087095 0.032259 0.031855 0.032259 636560 649694
12 62.310000 60.320000 1000000 8.963604 8.803208 8.960584 8.802804 0.031871 0.032259 0.091869 0.086019 0.032259 0.031862 0.032259 649690 657225
12 62.310000 60.320000 1000000 8.963505 8.801595 8.960433 8.800340 0.031871 0.032259 0.091365 0.085481 0.032259 0.031862 0.032259 657220 658339
12 62.310000 60.320000 1000000 8.962081 8.800519 8.959008 8.799265 0.031872 0.032259 0.091365 0.085481 0.032259 0.031863 0.032259 658330 692213
12 62.310000 60.320000 1000000 8.945186 8.787616 8.942095 8.786361 0.031878 0.032259 0.092373 0.086557 0.032259 0.031870 0.032259 692210 741854
12 62.310000 60.320000 1000000 8.940119 8.782240 8.937023 8.780985 0.031881 0.032259 0.094391 0.088707 0.032259 0.031873 0.032259 741850 801267
12 62.310000 60.320000 1000000 8.930090 8.774713 8.926983 8.773458 0.031881 0.032259 0.090361 0.084407 0.032259 0.031872 0.032259 801260 855825
12 62.310000 60.320000 1000000 8.907336 8.759659 8.904205 8.758405 0.031891 0.032259 0.093382 0.087633 0.032259 0.031883 0.032259 855820 866282
12 62.310000 60.320000 1000000 8.901305 8.755358 8.898168 8.754103 0.031891 0.032259 0.091367 0.085483 0.032259 0.031882 0.032259 866280 887710
12 62.310000 60.320000 1000000 8.893502 8.749982 8.890357 8.748727 0.031892 0.032259 0.090363 0.084408 0.032259 0.031884 0.032259 887710 890361
12 62.310000 60.320000 1000000 8.893376 8.748907 8.890377 8.748906 0.031892 0.032259 0.090363 0.084409 0.032259 0.031884 0.032259 890360 903615
12 62.310000 60.320000 1000000 8.881943 8.738154 8.878932 8.738154 0.031889 0.032259 0.091369 0.085484 0.032259 0.031881 0.032259 903610 907942
12 62.310000 60.320000 1000000 8.881759 8.737079 8.878679 8.736675 0.031889 0.032259 0.091368 0.085484 0.032259 0.031880 0.032259 907940 989733
12 62.310000 60.320000 1000000 8.865824 8.725251 8.862728 8.724847 0.031887 0.032259 0.095404 0.089785 0.032259 0.031878 0.032259 989730 1000000
