19 62.310000 60.320000 1000000 12.737514 12.801039 12.729891 12.795662 0.031612 0.032257 0.270745 0.268817 0.032257 0.031606 0.032257 0 50
19 62.310000 60.320000 1000000 11.587027 11.622012 11.582515 11.623624 0.031214 0.032257 0.258473 0.256453 0.032257 0.031204 0.032257 50 60
19 62.310000 60.320000 1000000 11.159126 11.227390 11.151072 11.222191 0.031040 0.032257 0.225438 0.223118 0.032257 0.031034 0.032257 60 70
19 62.310000 60.320000 1000000 10.985985 11.051047 10.977274 11.044146 0.030990 0.032257 0.223310 0.220968 0.032257 0.030985 0.032257 70 81
19 62.310000 60.320000 1000000 10.701442 10.799434 10.698188 10.813994 0.031088 0.032257 0.165015 0.161831 0.032257 0.031076 0.032257 80 91
19 62.310000 60.320000 1000000 10.667574 10.756424 10.663770 10.767175 0.031059 0.032257 0.157641 0.154305 0.032257 0.031047 0.032257 90 101
19 62.310000 60.320000 1000000 10.515795 10.616102 10.510527 10.621028 0.031067 0.032257 0.149753 0.146238 0.032257 0.031056 0.032257 100 112
19 62.310000 60.320000 1000000 10.430617 10.534382 10.425063 10.538905 0.031057 0.032257 0.164486 0.161292 0.032257 0.031046 0.032257 110 122
19 62.310000 60.320000 1000000 10.353489 10.438684 10.347519 10.441505 0.031005 0.032257 0.162379 0.159142 0.032257 0.030995 0.032257 120 130
19 62.310000 60.320000 1000000 10.310725 10.277932 10.300955 10.225421 0.030928 0.032257 0.207364 0.204840 0.032257 0.030915 0.032257 130 151
19 62.310000 60.320000 1000000 10.231669 10.167180 10.219743 10.101497 0.030907 0.032257 0.197815 0.195167 0.032257 0.030896 0.032257 150 160
19 62.310000 60.320000 1000000 10.155762 10.076857 10.143566 10.011174 0.030900 0.032257 0.200997 0.198392 0.032257 0.030890 0.032257 160 171
19 62.310000 60.320000 1000000 10.108401 10.005889 10.096032 9.940206 0.030885 0.032257 0.188273 0.185489 0.032257 0.030876 0.032257 170 187
19 62.310000 60.320000 1000000 10.075368 9.944598 10.062877 9.878916 0.030864 0.032257 0.197814 0.195166 0.032257 0.030855 0.032257 180 198
19 62.310000 60.320000 1000000 10.021192 9.830620 10.007086 9.756111 0.030851 0.032257 0.262745 0.260757 0.032257 0.030836 0.032257 190 201
19 62.310000 60.320000 1000000 9.954156 9.668255 9.940155 9.595001 0.030765 0.032257 0.254208 0.252153 0.032257 0.030750 0.032257 200 212
19 62.310000 60.320000 1000000 9.923212 9.586535 9.920162 9.587295 0.030775 0.032257 0.198872 0.196239 0.032257 0.030767 0.032257 210 237
19 62.310000 60.320000 1000000 9.863378 9.490836 9.860273 9.491596 0.030789 0.032257 0.146081 0.142475 0.032257 0.030780 0.032257 230 246
19 62.310000 60.320000 1000000 9.821002 9.465030 9.817856 9.465790 0.030825 0.032257 0.147129 0.143549 0.032257 0.030817 0.032257 240 279
19 62.310000 60.320000 1000000 9.783895 9.431696 9.780714 9.432456 0.030866 0.032257 0.136657 0.132795 0.032257 0.030858 0.032257 260 271
19 62.310000 60.320000 1000000 9.783139 9.430621 9.779956 9.431381 0.030867 0.032257 0.137702 0.133871 0.032257 0.030859 0.032257 270 291
19 62.310000 60.320000 1000000 9.771866 9.417717 9.768672 9.418478 0.030852 0.032257 0.132482 0.128495 0.032257 0.030844 0.032257 290 301
19 62.310000 60.320000 1000000 9.769675 9.412341 9.766304 9.411488 0.030852 0.032257 0.134569 0.130646 0.032257 0.030843 0.032257 300 329
19 62.310000 60.320000 1000000 9.755529 9.386535 9.752142 9.385682 0.030824 0.032257 0.121045 0.116667 0.032257 0.030815 0.032257 320 339
19 62.310000 60.320000 1000000 9.716971 9.344599 9.718955 9.363818 0.030820 0.032257 0.137701 0.133870 0.032257 0.030805 0.032257 330 348
19 62.310000 60.320000 1000000 9.707963 9.334922 9.709952 9.354141 0.030825 0.032257 0.134568 0.130644 0.032257 0.030810 0.032257 340 373
19 62.310000 60.320000 1000000 9.687839 9.320943 9.689841 9.340162 0.030836 0.032257 0.132482 0.128495 0.032257 0.030821 0.032257 370 381
19 62.310000 60.320000 1000000 9.678247 9.308040 9.680255 9.327259 0.030841 0.032257 0.142935 0.139248 0.032257 0.030827 0.032257 380 398
19 62.310000 60.320000 1000000 9.652310 9.292986 9.654334 9.312205 0.030868 0.032257 0.149228 0.145700 0.032257 0.030853 0.032257 390 439
19 62.310000 60.320000 1000000 9.584614 9.252127 9.586682 9.271345 0.030939 0.032257 0.140841 0.137097 0.032257 0.030923 0.032257 430 455
19 62.310000 60.320000 1000000 9.529566 9.216643 9.531669 9.235862 0.030989 0.032257 0.146075 0.142468 0.032257 0.030973 0.032257 450 484
19 62.310000 60.320000 1000000 9.494455 9.189762 9.496582 9.208980 0.030999 0.032257 0.139791 0.136018 0.032257 0.030982 0.032257 480 491
19 62.310000 60.320000 1000000 9.471128 9.169332 9.472279 9.186534 0.031016 0.032257 0.133522 0.129567 0.032257 0.031002 0.032257 490 502
19 62.310000 60.320000 1000000 9.463373 9.152665 9.464341 9.168613 0.031025 0.032257 0.147650 0.144083 0.032257 0.031010 0.032257 500 535
19 62.310000 60.320000 1000000 9.448871 9.108042 9.446504 9.106697 0.031032 0.032257 0.126233 0.122042 0.032257 0.031022 0.032257 530 552
19 62.310000 60.320000 1000000 9.420968 9.077935 9.417763 9.075022 0.031054 0.032257 0.122080 0.117741 0.032257 0.031045 0.032257 550 573
19 62.310000 60.320000 1000000 9.397530 9.058581 9.395828 9.061940 0.031071 0.032257 0.118972 0.114515 0.032257 0.031061 0.032257 570 587
19 62.310000 60.320000 1000000 9.368946 9.034925 9.367229 9.038284 0.031093 0.032257 0.107635 0.102687 0.032257 0.031083 0.032257 580 592
19 62.310000 60.320000 1000000 9.357573 9.027398 9.355850 9.030757 0.031091 0.032257 0.109688 0.104838 0.032257 0.031081 0.032257 590 604
19 62.310000 60.320000 1000000 9.356886 9.022022 9.355022 9.023678 0.031090 0.032257 0.108661 0.103763 0.032257 0.031079 0.032257 600 628
19 62.310000 60.320000 1000000 9.306192 8.988689 9.303604 8.990435 0.031137 0.032257 0.103541 0.098388 0.032257 0.031128 0.032257 620 646
19 62.310000 60.320000 1000000 9.293856 8.980086 9.291258 8.981832 0.031129 0.032257 0.103541 0.098388 0.032257 0.031120 0.032257 640 653
19 62.310000 60.320000 1000000 9.256615 8.961807 9.253984 8.963553 0.031163 0.032257 0.092375 0.086560 0.032257 0.031154 0.032257 650 670
19 62.310000 60.320000 1000000 9.254412 8.958581 9.251780 8.960327 0.031158 0.032257 0.091369 0.085486 0.032257 0.031149 0.032257 670 698
19 62.310000 60.320000 1000000 9.246235 8.954280 9.243596 8.956026 0.031166 0.032257 0.088359 0.082260 0.032257 0.031157 0.032257 690 711
19 62.310000 60.320000 1000000 9.229586 8.942452 9.226932 8.944198 0.031177 0.032257 0.091369 0.085486 0.032257 0.031168 0.032257 710 783
19 62.310000 60.320000 1000000 9.171655 8.903742 9.168951 8.905488 0.031199 0.032257 0.100481 0.095162 0.032257 0.031190 0.032257 780 824
19 62.310000 60.320000 1000000 9.160113 8.895140 9.157503 8.898141 0.031211 0.032257 0.094393 0.088711 0.032257 0.031203 0.032257 820 832
19 62.310000 60.320000 1000000 9.142067 8.885463 9.139442 8.888463 0.031232 0.032257 0.094393 0.088710 0.032257 0.031224 0.032257 830 861
19 62.310000 60.320000 1000000 9.142000 8.883850 9.139339 8.885999 0.031232 0.032257 0.093888 0.088172 0.032257 0.031223 0.032257 860 940
19 62.310000 60.320000 1000000 9.141469 8.882775 9.138807 8.884924 0.031231 0.032257 0.092879 0.087097 0.032257 0.031222 0.032257 940 1017
19 62.310000 60.320000 1000000 9.136742 8.879549 9.134076 8.881698 0.031235 0.032257 0.093887 0.088172 0.032257 0.031226 0.032257 1010 1027
19 62.310000 60.320000 1000000 9.135263 8.878474 9.132595 8.880623 0.031234 0.032257 0.093887 0.088172 0.032257 0.031225 0.032257 1020 1051
19 62.310000 60.320000 1000000 9.127321 8.867721 9.124647 8.869870 0.031231 0.032257 0.096923 0.091397 0.032257 0.031222 0.032257 1030 1146
19 62.310000 60.320000 1000000 9.070079 8.832237 9.067354 8.834387 0.031284 0.032257 0.089862 0.083872 0.032257 0.031275 0.032257 1140 1150
19 62.310000 60.320000 1000000 9.061224 8.824710 9.058491 8.826860 0.031281 0.032257 0.092879 0.087098 0.032257 0.031272 0.032257 1150 1167
19 62.310000 60.320000 1000000 9.059552 8.823635 9.056817 8.825785 0.031282 0.032257 0.092877 0.087095 0.032257 0.031274 0.032257 1160 1172
19 62.310000 60.320000 1000000 9.051297 8.816108 9.048555 8.818258 0.031293 0.032257 0.092877 0.087095 0.032257 0.031284 0.032257 1170 1226
19 62.310000 60.320000 1000000 9.015642 8.795678 9.012867 8.797828 0.031329 0.032257 0.090863 0.084945 0.032257 0.031320 0.032257 1220 1367
19 62.310000 60.320000 1000000 8.968930 8.768797 8.966111 8.770946 0.031353 0.032257 0.085859 0.079569 0.032257 0.031344 0.032257 1360 1374
19 62.310000 60.320000 1000000 8.968342 8.767721 8.965523 8.769871 0.031354 0.032257 0.084864 0.078494 0.032257 0.031345 0.032257 1370 1451
19 62.310000 60.320000 1000000 8.962663 8.761270 8.959839 8.763419 0.031342 0.032257 0.084864 0.078494 0.032257 0.031333 0.032257 1450 1569
19 62.310000 60.320000 1000000 8.953969 8.748904 8.950783 8.748500 0.031329 0.032257 0.082385 0.075807 0.032257 0.031321 0.032257 1560 1583
19 62.310000 60.320000 1000000 8.949564 8.743528 8.946373 8.743124 0.031319 0.032257 0.084368 0.077958 0.032257 0.031311 0.032257 1580 1606
19 62.310000 60.320000 1000000 8.949379 8.742453 8.946188 8.742048 0.031319 0.032257 0.085362 0.079033 0.032257 0.031310 0.032257 1600 1653
19 62.310000 60.320000 1000000 8.946400 8.740302 8.943205 8.739898 0.031316 0.032257 0.085363 0.079034 0.032257 0.031308 0.032257 1640 1681
19 62.310000 60.320000 1000000 8.942267 8.737076 8.939068 8.736672 0.031315 0.032257 0.085363 0.079034 0.032257 0.031307 0.032257 1680 1723
19 62.310000 60.320000 1000000 8.900758 8.714496 8.897514 8.714091 0.031352 0.032257 0.087357 0.081184 0.032257 0.031344 0.032257 1720 1814
19 62.310000 60.320000 1000000 8.854362 8.684388 8.851067 8.683984 0.031358 0.032257 0.082385 0.075807 0.032257 0.031350 0.032257 1810 1910
19 62.310000 60.320000 1000000 8.850393 8.681162 8.847093 8.680758 0.031357 0.032257 0.081397 0.074732 0.032257 0.031349 0.032257 1910 1923
19 62.310000 60.320000 1000000 8.849726 8.680087 8.846426 8.679683 0.031355 0.032257 0.081397 0.074732 0.032257 0.031347 0.032257 1920 1971
19 62.310000 60.320000 1000000 8.849308 8.679012 8.846007 8.678608 0.031354 0.032257 0.081397 0.074733 0.032257 0.031346 0.032257 1970 2021
19 62.310000 60.320000 1000000 8.844659 8.673636 8.841353 8.673231 0.031349 0.032257 0.078446 0.071507 0.032257 0.031341 0.032257 2020 2159
19 62.310000 60.320000 1000000 8.832504 8.665033 8.829184 8.664629 0.031349 0.032257 0.080411 0.073657 0.032257 0.031341 0.032257 2150 2260
19 62.310000 60.320000 1000000 8.823711 8.658582 8.821074 8.660686 0.031359 0.032257 0.079425 0.072580 0.032257 0.031350 0.032257 2260 2342
19 62.310000 60.320000 1000000 8.810607 8.651055 8.807958 8.653159 0.031361 0.032257 0.079425 0.072580 0.032257 0.031353 0.032257 2300 2314
19 62.310000 60.320000 1000000 8.808884 8.649980 8.806234 8.652084 0.031361 0.032257 0.079425 0.072580 0.032257 0.031352 0.032257 2310 2342
19 62.310000 60.320000 1000000 8.782022 8.632775 8.779347 8.634880 0.031386 0.032257 0.079426 0.072581 0.032257 0.031377 0.032257 2340 2701
19 62.310000 60.320000 1000000 8.771669 8.627399 8.768985 8.629504 0.031397 0.032257 0.078446 0.071507 0.032257 0.031388 0.032257 2700 2763
19 62.310000 60.320000 1000000 8.757386 8.619872 8.754688 8.621977 0.031409 0.032257 0.081396 0.074731 0.032257 0.031400 0.032257 2760 2800
19 62.310000 60.320000 1000000 8.756936 8.618797 8.754069 8.620498 0.031410 0.032257 0.081396 0.074731 0.032257 0.031401 0.032257 2800 2827
19 62.310000 60.320000 1000000 8.756861 8.617184 8.753955 8.618034 0.031410 0.032257 0.081890 0.075269 0.032257 0.031401 0.032257 2820 2868
19 62.310000 60.320000 1000000 8.750265 8.611808 8.747352 8.612658 0.031412 0.032257 0.080903 0.074194 0.032257 0.031403 0.032257 2860 2906
19 62.310000 60.320000 1000000 8.743024 8.607507 8.740103 8.608357 0.031420 0.032257 0.076980 0.069895 0.032257 0.031412 0.032257 2900 2979
19 62.310000 60.320000 1000000 8.713842 8.588152 8.710892 8.589002 0.031429 0.032257 0.076004 0.068819 0.032257 0.031420 0.032257 2970 2981
19 62.310000 60.320000 1000000 8.712563 8.586001 8.709555 8.586448 0.031427 0.032257 0.076980 0.069895 0.032257 0.031418 0.032257 2980 3018
19 62.310000 60.320000 1000000 8.709417 8.583851 8.706406 8.584297 0.031425 0.032257 0.076979 0.069895 0.032257 0.031416 0.032257 3010 3163
19 62.310000 60.320000 1000000 8.707255 8.582775 8.704242 8.583222 0.031427 0.032257 0.076004 0.068819 0.032257 0.031418 0.032257 3160 3337
19 62.310000 60.320000 1000000 8.702238 8.578474 8.699220 8.578921 0.031420 0.032257 0.075033 0.067745 0.032257 0.031412 0.032257 3330 3511
19 62.310000 60.320000 1000000 8.687445 8.566646 8.684411 8.567093 0.031413 0.032257 0.068315 0.060219 0.032257 0.031405 0.032257 3510 3551
19 62.310000 60.320000 1000000 8.686313 8.565571 8.683278 8.566018 0.031411 0.032257 0.068315 0.060219 0.032257 0.031402 0.032257 3550 3707
19 62.310000 60.320000 1000000 8.681182 8.560195 8.678141 8.560641 0.031402 0.032257 0.069264 0.061295 0.032257 0.031393 0.032257 3700 3899
19 62.310000 60.320000 1000000 8.668765 8.553743 8.665712 8.554190 0.031412 0.032257 0.066427 0.058069 0.032257 0.031403 0.032257 3890 3967
19 62.310000 60.320000 1000000 8.662832 8.549442 8.659772 8.549889 0.031419 0.032257 0.063624 0.054841 0.032257 0.031411 0.032257 3960 4129
19 62.310000 60.320000 1000000 8.656636 8.542990 8.653569 8.543437 0.031407 0.032257 0.062699 0.053765 0.032257 0.031399 0.032257 4120 4285
19 62.310000 60.320000 1000000 8.654548 8.541915 8.651480 8.542362 0.031409 0.032257 0.062699 0.053765 0.032257 0.031401 0.032257 4280 4380
19 62.310000 60.320000 1000000 8.652325 8.539764 8.649254 8.540211 0.031405 0.032257 0.061780 0.052689 0.032257 0.031397 0.032257 4380 4576
19 62.310000 60.320000 1000000 8.639002 8.523098 8.635308 8.519289 0.031408 0.032257 0.058604 0.048927 0.032257 0.031401 0.032257 4570 4584
19 62.310000 60.320000 1000000 8.636943 8.522023 8.633246 8.518213 0.031410 0.032257 0.058604 0.048927 0.032257 0.031403 0.032257 4580 5146
19 62.310000 60.320000 1000000 8.632212 8.518797 8.628508 8.514987 0.031408 0.032257 0.056820 0.046776 0.032257 0.031400 0.032257 4630 5002
19 62.310000 60.320000 1000000 8.630704 8.517721 8.626999 8.513912 0.031407 0.032257 0.056820 0.046776 0.032257 0.031399 0.032257 5000 5146
19 62.310000 60.320000 1000000 8.629628 8.516646 8.625921 8.512837 0.031408 0.032257 0.055938 0.045701 0.032257 0.031401 0.032257 5140 5311
19 62.310000 60.320000 1000000 8.629371 8.515571 8.625664 8.511762 0.031408 0.032257 0.055063 0.044626 0.032257 0.031400 0.032257 5310 5539
19 62.310000 60.320000 1000000 8.627377 8.514496 8.623667 8.510686 0.031410 0.032257 0.054196 0.043551 0.032257 0.031403 0.032257 5530 5686
19 62.310000 60.320000 1000000 8.608368 8.502668 8.604634 8.498858 0.031417 0.032257 0.059505 0.050003 0.032257 0.031409 0.032257 5680 5763
19 62.310000 60.320000 1000000 8.607253 8.501592 8.603517 8.497783 0.031415 0.032257 0.059505 0.050003 0.032257 0.031407 0.032257 5760 5909
19 62.310000 60.320000 1000000 8.606708 8.500517 8.602971 8.496708 0.031414 0.032257 0.060411 0.051078 0.032257 0.031406 0.032257 5900 6115
19 62.310000 60.320000 1000000 8.598396 8.494066 8.594648 8.490256 0.031419 0.032257 0.059505 0.050003 0.032257 0.031411 0.032257 6110 6171
19 62.310000 60.320000 1000000 8.592490 8.487614 8.588734 8.483805 0.031407 0.032257 0.058604 0.048928 0.032257 0.031399 0.032257 6170 6238
19 62.310000 60.320000 1000000 8.586664 8.483313 8.583024 8.480758 0.031413 0.032257 0.060411 0.051078 0.032257 0.031406 0.032257 6230 6241
19 62.310000 60.320000 1000000 8.585362 8.482238 8.581721 8.479683 0.031412 0.032257 0.060411 0.051078 0.032257 0.031404 0.032257 6240 6467
19 62.310000 60.320000 1000000 8.569378 8.469334 8.565716 8.466780 0.031404 0.032257 0.062241 0.053230 0.032257 0.031397 0.032257 6460 6581
19 62.310000 60.320000 1000000 8.568547 8.468259 8.564884 8.465704 0.031402 0.032257 0.062241 0.053230 0.032257 0.031395 0.032257 6580 6714
19 62.310000 60.320000 1000000 8.567279 8.467184 8.563614 8.464629 0.031404 0.032257 0.062241 0.053230 0.032257 0.031397 0.032257 6710 6767
19 62.310000 60.320000 1000000 8.565814 8.466109 8.562148 8.463554 0.031406 0.032257 0.062241 0.053230 0.032257 0.031399 0.032257 6760 6771
19 62.310000 60.320000 1000000 8.565187 8.465033 8.561520 8.462479 0.031407 0.032257 0.062241 0.053229 0.032257 0.031400 0.032257 6770 6806
19 62.310000 60.320000 1000000 8.560094 8.461808 8.556420 8.459253 0.031410 0.032257 0.065021 0.056455 0.032257 0.031402 0.032257 6800 7152
19 62.310000 60.320000 1000000 8.554603 8.456431 8.550922 8.453876 0.031399 0.032257 0.067841 0.059681 0.032257 0.031392 0.032257 7150 7225
19 62.310000 60.320000 1000000 8.552544 8.455356 8.548860 8.452801 0.031402 0.032257 0.066897 0.058606 0.032257 0.031394 0.032257 7220 7327
19 62.310000 60.320000 1000000 8.547457 8.451055 8.544137 8.449755 0.031409 0.032257 0.066896 0.058605 0.032257 0.031401 0.032257 7320 7546
19 62.310000 60.320000 1000000 8.534810 8.433851 8.530613 8.430534 0.031424 0.032257 0.072615 0.065057 0.032257 0.031418 0.032257 7540 7908
19 62.310000 60.320000 1000000 8.510175 8.419872 8.505942 8.416556 0.031446 0.032257 0.072615 0.065057 0.032257 0.031439 0.032257 7900 8827
19 62.310000 60.320000 1000000 8.506695 8.416646 8.502456 8.413330 0.031451 0.032257 0.070695 0.062906 0.032257 0.031445 0.032257 7910 9024
19 62.310000 60.320000 1000000 8.503281 8.412345 8.499038 8.409029 0.031444 0.032257 0.071653 0.063981 0.032257 0.031438 0.032257 9020 9265
19 62.310000 60.320000 1000000 8.501165 8.411270 8.496918 8.407954 0.031446 0.032257 0.070695 0.062906 0.032257 0.031440 0.032257 9260 9425
19 62.310000 60.320000 1000000 8.486443 8.401592 8.482174 8.398276 0.031458 0.032257 0.067840 0.059680 0.032257 0.031451 0.032257 9420 11210
19 62.310000 60.320000 1000000 8.452802 8.377936 8.448482 8.374620 0.031474 0.032257 0.069738 0.061830 0.032257 0.031468 0.032257 11210 11425
19 62.310000 60.320000 1000000 8.449753 8.373635 8.445428 8.370319 0.031468 0.032257 0.070694 0.062905 0.032257 0.031462 0.032257 11420 11690
19 62.310000 60.320000 1000000 8.440952 8.365571 8.436490 8.361403 0.031480 0.032257 0.073096 0.065593 0.032257 0.031474 0.032257 11690 11892
19 62.310000 60.320000 1000000 8.426831 8.350517 8.422347 8.346350 0.031488 0.032257 0.071171 0.063441 0.032257 0.031482 0.032257 11890 12188
19 62.310000 60.320000 1000000 8.426298 8.349442 8.421813 8.345274 0.031487 0.032257 0.070214 0.062366 0.032257 0.031481 0.032257 12180 13866
19 62.310000 60.320000 1000000 8.410907 8.336539 8.407153 8.334880 0.031493 0.032257 0.071171 0.063441 0.032257 0.031486 0.032257 13860 15508
19 62.310000 60.320000 1000000 8.403101 8.331162 8.399337 8.329504 0.031503 0.032257 0.070215 0.062367 0.032257 0.031496 0.032257 15500 15515
19 62.310000 60.320000 1000000 8.402145 8.330087 8.398379 8.328429 0.031501 0.032257 0.070215 0.062367 0.032257 0.031494 0.032257 15510 15607
19 62.310000 60.320000 1000000 8.401431 8.329012 8.397664 8.327353 0.031500 0.032257 0.069262 0.061292 0.032257 0.031493 0.032257 15600 15967
19 62.310000 60.320000 1000000 8.369175 8.308582 8.365365 8.306923 0.031512 0.032257 0.072135 0.064521 0.032257 0.031505 0.032257 15960 16315
19 62.310000 60.320000 1000000 8.368037 8.307507 8.364225 8.305848 0.031510 0.032257 0.072135 0.064520 0.032257 0.031503 0.032257 16310 17063
19 62.310000 60.320000 1000000 8.353373 8.295679 8.349542 8.294020 0.031524 0.032257 0.071175 0.063445 0.032257 0.031517 0.032257 17060 18389
19 62.310000 60.320000 1000000 8.325720 8.277399 8.321850 8.275740 0.031536 0.032257 0.067366 0.059140 0.032257 0.031529 0.032257 18380 18518
19 62.310000 60.320000 1000000 8.323555 8.276324 8.319682 8.274665 0.031538 0.032257 0.066424 0.058065 0.032257 0.031531 0.032257 18510 18670
19 62.310000 60.320000 1000000 8.321840 8.275248 8.317964 8.273590 0.031540 0.032257 0.067366 0.059140 0.032257 0.031533 0.032257 18670 19539
19 62.310000 60.320000 1000000 8.308492 8.265571 8.304598 8.263912 0.031555 0.032257 0.067365 0.059140 0.032257 0.031548 0.032257 19530 21888
19 62.310000 60.320000 1000000 8.295093 8.255894 8.291180 8.254235 0.031554 0.032257 0.067366 0.059140 0.032257 0.031547 0.032257 21880 21940
19 62.310000 60.320000 1000000 8.284316 8.247292 8.280387 8.245633 0.031546 0.032257 0.072132 0.064517 0.032257 0.031539 0.032257 21940 23958
19 62.310000 60.320000 1000000 8.266624 8.236001 8.262541 8.233491 0.031559 0.032257 0.072613 0.065055 0.032257 0.031552 0.032257 23950 25229
19 62.310000 60.320000 1000000 8.229291 8.212346 8.224792 8.209029 0.031578 0.032257 0.070694 0.062905 0.032257 0.031572 0.032257 25220 27370
19 62.310000 60.320000 1000000 8.203970 8.192991 8.199430 8.189674 0.031602 0.032257 0.075517 0.068281 0.032257 0.031596 0.032257 27370 30049
19 62.310000 60.320000 1000000 8.202610 8.191916 8.198067 8.188599 0.031604 0.032257 0.074547 0.067206 0.032257 0.031598 0.032257 30040 30447
19 62.310000 60.320000 1000000 8.195269 8.184389 8.190714 8.181072 0.031601 0.032257 0.074547 0.067207 0.032257 0.031596 0.032257 30440 31909
19 62.310000 60.320000 1000000 8.185550 8.170410 8.182152 8.170857 0.031614 0.032257 0.069738 0.061830 0.032257 0.031606 0.032257 31900 32064
19 62.310000 60.320000 1000000 8.184365 8.169335 8.180966 8.169782 0.031612 0.032257 0.069738 0.061830 0.032257 0.031605 0.032257 32060 32843
19 62.310000 60.320000 1000000 8.183278 8.168260 8.179877 8.168707 0.031610 0.032257 0.069738 0.061829 0.032257 0.031603 0.032257 32840 32861
19 62.310000 60.320000 1000000 8.181553 8.167184 8.178150 8.167631 0.031613 0.032257 0.068787 0.060754 0.032257 0.031605 0.032257 32860 38080
19 62.310000 60.320000 1000000 8.156475 8.133851 8.152764 8.133985 0.031640 0.032257 0.084368 0.077958 0.032257 0.031633 0.032257 38080 39029
19 62.310000 60.320000 1000000 8.149208 8.129550 8.145487 8.129684 0.031650 0.032257 0.084368 0.077958 0.032257 0.031643 0.032257 39020 39854
19 62.310000 60.320000 1000000 8.147726 8.128475 8.144003 8.128608 0.031652 0.032257 0.084368 0.077958 0.032257 0.031645 0.032257 39850 41948
19 62.310000 60.320000 1000000 8.134997 8.119873 8.131257 8.120006 0.031654 0.032257 0.085363 0.079033 0.032257 0.031647 0.032257 41940 42464
19 62.310000 60.320000 1000000 8.134116 8.118797 8.130375 8.118931 0.031652 0.032257 0.085363 0.079033 0.032257 0.031645 0.032257 42460 44672
19 62.310000 60.320000 1000000 8.122273 8.111271 8.118515 8.111404 0.031661 0.032257 0.085362 0.079033 0.032257 0.031653 0.032257 42690 42734
19 62.310000 60.320000 1000000 8.121089 8.110195 8.117329 8.110329 0.031659 0.032257 0.086359 0.080108 0.032257 0.031651 0.032257 42730 46780
19 62.310000 60.320000 1000000 8.088529 8.087615 8.084724 8.087748 0.031691 0.032257 0.081397 0.074733 0.032257 0.031684 0.032257 46780 48605
19 62.310000 60.320000 1000000 8.069624 8.072561 8.065792 8.072695 0.031677 0.032257 0.085363 0.079034 0.032257 0.031670 0.032257 48600 55435
19 62.310000 60.320000 1000000 8.035942 8.044604 8.031601 8.043528 0.031703 0.032257 0.093384 0.087636 0.032257 0.031697 0.032257 55430 55585
19 62.310000 60.320000 1000000 8.034144 8.043529 8.029800 8.042453 0.031704 0.032257 0.092376 0.086561 0.032257 0.031697 0.032257 55580 55934
19 62.310000 60.320000 1000000 8.032639 8.042454 8.028292 8.041378 0.031703 0.032257 0.092376 0.086561 0.032257 0.031696 0.032257 55930 56010
19 62.310000 60.320000 1000000 8.031601 8.041379 8.027252 8.040302 0.031701 0.032257 0.092376 0.086561 0.032257 0.031695 0.032257 56010 58448
19 62.310000 60.320000 1000000 8.024367 8.025250 8.024266 8.040482 0.031711 0.032257 0.096418 0.090862 0.032257 0.031698 0.032257 56670 56713
19 62.310000 60.320000 1000000 8.022624 8.024174 8.022523 8.039406 0.031713 0.032257 0.096418 0.090862 0.032257 0.031701 0.032257 56710 58448
19 62.310000 60.320000 1000000 8.013333 8.016647 8.013231 8.031879 0.031714 0.032257 0.096418 0.090861 0.032257 0.031701 0.032257 58440 59769
19 62.310000 60.320000 1000000 8.012053 8.015572 8.011952 8.030804 0.031712 0.032257 0.095405 0.089786 0.032257 0.031700 0.032257 59760 60543
19 62.310000 60.320000 1000000 8.008905 8.011271 8.008951 8.027758 0.031716 0.032257 0.099463 0.094087 0.032257 0.031703 0.032257 60540 66356
19 62.310000 60.320000 1000000 7.986666 7.991916 7.986712 8.008403 0.031738 0.032257 0.101499 0.096237 0.032257 0.031725 0.032257 66350 66677
19 62.310000 60.320000 1000000 7.985279 7.990841 7.985325 8.007328 0.031740 0.032257 0.100480 0.095162 0.032257 0.031728 0.032257 66670 72545
19 62.310000 60.320000 1000000 7.962471 7.975787 7.962518 7.992274 0.031761 0.032257 0.097429 0.091934 0.032257 0.031748 0.032257 72540 94654
19 62.310000 60.320000 1000000 7.896815 7.916648 7.895821 7.926324 0.031821 0.032257 0.078447 0.071508 0.032257 0.031810 0.032257 94650 95663
19 62.310000 60.320000 1000000 7.891256 7.905895 7.890259 7.915571 0.031830 0.032257 0.081398 0.074733 0.032257 0.031819 0.032257 95030 98566
19 62.310000 60.320000 1000000 7.890067 7.904820 7.889070 7.914496 0.031829 0.032257 0.080412 0.073658 0.032257 0.031818 0.032257 98560 99160
19 62.310000 60.320000 1000000 7.888749 7.903744 7.887751 7.913421 0.031827 0.032257 0.080412 0.073658 0.032257 0.031816 0.032257 99160 104726
19 62.310000 60.320000 1000000 7.881843 7.898368 7.880842 7.908045 0.031833 0.032257 0.079428 0.072582 0.032257 0.031822 0.032257 104720 105525
19 62.310000 60.320000 1000000 7.879948 7.897293 7.878947 7.906969 0.031836 0.032257 0.078446 0.071507 0.032257 0.031825 0.032257 105520 106941
19 62.310000 60.320000 1000000 7.878660 7.896218 7.877658 7.905894 0.031834 0.032257 0.078446 0.071507 0.032257 0.031823 0.032257 106940 107535
19 62.310000 60.320000 1000000 7.855396 7.877938 7.854385 7.887614 0.031858 0.032257 0.079428 0.072583 0.032257 0.031847 0.032257 107530 107825
19 62.310000 60.320000 1000000 7.855000 7.876863 7.853989 7.886539 0.031857 0.032257 0.080412 0.073658 0.032257 0.031846 0.032257 107820 110653
19 62.310000 60.320000 1000000 7.849224 7.868261 7.848212 7.877937 0.031864 0.032257 0.080412 0.073658 0.032257 0.031853 0.032257 110650 112632
19 62.310000 60.320000 1000000 7.847871 7.867185 7.846857 7.876862 0.031862 0.032257 0.079428 0.072583 0.032257 0.031851 0.032257 112630 112806
19 62.310000 60.320000 1000000 7.846671 7.866110 7.845657 7.875787 0.031861 0.032257 0.080412 0.073658 0.032257 0.031850 0.032257 112800 122329
19 62.310000 60.320000 1000000 7.845169 7.860196 7.843999 7.867319 0.031859 0.032257 0.080905 0.074196 0.032257 0.031848 0.032257 122320 140276
19 62.310000 60.320000 1000000 7.821369 7.835465 7.819280 7.840168 0.031883 0.032257 0.070215 0.062367 0.032257 0.031873 0.032257 140270 141313
19 62.310000 60.320000 1000000 7.820606 7.834390 7.818517 7.839093 0.031882 0.032257 0.070215 0.062367 0.032257 0.031872 0.032257 141310 142937
19 62.310000 60.320000 1000000 7.820474 7.833314 7.818539 7.839272 0.031881 0.032257 0.070215 0.062367 0.032257 0.031872 0.032257 142930 149309
19 62.310000 60.320000 1000000 7.780887 7.807508 7.778922 7.813466 0.031900 0.032257 0.058155 0.048389 0.032257 0.031891 0.032257 149300 155908
19 62.310000 60.320000 1000000 7.776743 7.804282 7.774697 7.809837 0.031905 0.032257 0.057264 0.047314 0.032257 0.031895 0.032257 155900 161196
19 62.310000 60.320000 1000000 7.775744 7.803207 7.773697 7.808762 0.031903 0.032257 0.058155 0.048389 0.032257 0.031893 0.032257 161190 166338
19 62.310000 60.320000 1000000 7.768922 7.798906 7.766871 7.804461 0.031908 0.032257 0.058155 0.048389 0.032257 0.031898 0.032257 166330 170631
19 62.310000 60.320000 1000000 7.768083 7.797831 7.766031 7.803385 0.031909 0.032257 0.057264 0.047314 0.032257 0.031899 0.032257 170630 181898
19 62.310000 60.320000 1000000 7.739670 7.768799 7.736798 7.768843 0.031927 0.032257 0.056378 0.046237 0.032257 0.031918 0.032257 181890 192472
19 62.310000 60.320000 1000000 7.739125 7.767723 7.736253 7.767767 0.031926 0.032257 0.057262 0.047312 0.032257 0.031917 0.032257 192470 198842
19 62.310000 60.320000 1000000 7.729538 7.761272 7.726654 7.761316 0.031931 0.032257 0.059052 0.049464 0.032257 0.031923 0.032257 198840 201423
19 62.310000 60.320000 1000000 7.728464 7.760197 7.725579 7.760240 0.031933 0.032257 0.058155 0.048388 0.032257 0.031924 0.032257 201420 204414
19 62.310000 60.320000 1000000 7.727694 7.759121 7.724808 7.759165 0.031932 0.032257 0.059052 0.049464 0.032257 0.031924 0.032257 204410 218080
19 62.310000 60.320000 1000000 7.716441 7.751594 7.713543 7.751638 0.031931 0.032257 0.059052 0.049464 0.032257 0.031923 0.032257 218080 219881
19 62.310000 60.320000 1000000 7.705562 7.745143 7.702652 7.745187 0.031942 0.032257 0.054628 0.044087 0.032257 0.031933 0.032257 219880 221512
19 62.310000 60.320000 1000000 7.704169 7.744067 7.701257 7.744111 0.031941 0.032257 0.054628 0.044088 0.032257 0.031932 0.032257 221510 225394
19 62.310000 60.320000 1000000 7.703631 7.742992 7.700719 7.743036 0.031940 0.032257 0.055500 0.045163 0.032257 0.031932 0.032257 225390 226667
19 62.310000 60.320000 1000000 7.702776 7.741917 7.699862 7.741961 0.031939 0.032257 0.055499 0.045162 0.032257 0.031931 0.032257 226660 233475
19 62.310000 60.320000 1000000 7.687965 7.729014 7.685034 7.729058 0.031950 0.032257 0.061780 0.052689 0.032257 0.031941 0.032257 233470 248923
19 62.310000 60.320000 1000000 7.679419 7.722562 7.676479 7.722606 0.031946 0.032257 0.059052 0.049463 0.032257 0.031938 0.032257 248920 249363
19 62.310000 60.320000 1000000 7.678737 7.721487 7.675796 7.721531 0.031947 0.032257 0.059052 0.049463 0.032257 0.031939 0.032257 249360 250229
19 62.310000 60.320000 1000000 7.677411 7.720411 7.674469 7.720455 0.031946 0.032257 0.059052 0.049463 0.032257 0.031937 0.032257 250220 251343
19 62.310000 60.320000 1000000 7.675727 7.718261 7.672783 7.718305 0.031949 0.032257 0.057263 0.047313 0.032257 0.031940 0.032257 250500 261528
19 62.310000 60.320000 1000000 7.675591 7.717186 7.672806 7.718484 0.031948 0.032257 0.057263 0.047313 0.032257 0.031940 0.032257 261520 277588
19 62.310000 60.320000 1000000 7.669866 7.711809 7.667397 7.714362 0.031957 0.032257 0.056378 0.046237 0.032257 0.031948 0.032257 277580 279029
19 62.310000 60.320000 1000000 7.668639 7.710734 7.666168 7.713287 0.031955 0.032257 0.056377 0.046237 0.032257 0.031947 0.032257 279020 280107
19 62.310000 60.320000 1000000 7.668292 7.709659 7.665821 7.712212 0.031955 0.032257 0.057262 0.047312 0.032257 0.031946 0.032257 280100 286917
19 62.310000 60.320000 1000000 7.667622 7.708583 7.665150 7.711136 0.031954 0.032257 0.058154 0.048387 0.032257 0.031946 0.032257 286910 287076
19 62.310000 60.320000 1000000 7.667091 7.707508 7.664619 7.710061 0.031954 0.032257 0.059052 0.049463 0.032257 0.031945 0.032257 287070 291683
19 62.310000 60.320000 1000000 7.665610 7.706433 7.663137 7.708986 0.031953 0.032257 0.059052 0.049463 0.032257 0.031944 0.032257 291680 295685
19 62.310000 60.320000 1000000 7.664001 7.705358 7.661526 7.707911 0.031954 0.032257 0.059052 0.049463 0.032257 0.031946 0.032257 295680 298374
19 62.310000 60.320000 1000000 7.662740 7.704282 7.660264 7.706835 0.031953 0.032257 0.058155 0.048388 0.032257 0.031944 0.032257 298370 299970
19 62.310000 60.320000 1000000 7.661280 7.703207 7.658802 7.705760 0.031952 0.032257 0.058155 0.048388 0.032257 0.031944 0.032257 299970 326479
19 62.310000 60.320000 1000000 7.660082 7.702132 7.657603 7.704685 0.031951 0.032257 0.059052 0.049463 0.032257 0.031942 0.032257 326470 336272
19 62.310000 60.320000 1000000 7.654233 7.695680 7.651748 7.698233 0.031960 0.032257 0.059052 0.049463 0.032257 0.031951 0.032257 335860 338102
19 62.310000 60.320000 1000000 7.653893 7.694605 7.651408 7.697158 0.031959 0.032257 0.059955 0.050538 0.032257 0.031951 0.032257 338100 345960
19 62.310000 60.320000 1000000 7.648286 7.688153 7.645796 7.690706 0.031966 0.032257 0.059955 0.050538 0.032257 0.031957 0.032257 345960 348812
19 62.310000 60.320000 1000000 7.647117 7.683852 7.644397 7.684703 0.031966 0.032257 0.058154 0.048388 0.032257 0.031958 0.032257 348810 351388
19 62.310000 60.320000 1000000 7.645261 7.682777 7.642539 7.683628 0.031967 0.032257 0.058154 0.048388 0.032257 0.031959 0.032257 351380 363136
19 62.310000 60.320000 1000000 7.641757 7.679551 7.639031 7.680402 0.031964 0.032257 0.060864 0.051613 0.032257 0.031955 0.032257 363130 376978
19 62.310000 60.320000 1000000 7.640433 7.678476 7.637706 7.679327 0.031962 0.032257 0.059955 0.050538 0.032257 0.031954 0.032257 376970 421536
19 62.310000 60.320000 1000000 7.608223 7.649444 7.605014 7.649085 0.031991 0.032257 0.064551 0.055913 0.032257 0.031984 0.032257 421530 436150
19 62.310000 60.320000 1000000 7.601154 7.645143 7.597936 7.644784 0.031997 0.032257 0.061778 0.052687 0.032257 0.031989 0.032257 436150 440593
19 62.310000 60.320000 1000000 7.600282 7.644068 7.597063 7.643708 0.031998 0.032257 0.061778 0.052687 0.032257 0.031990 0.032257 440590 450287
19 62.310000 60.320000 1000000 7.598101 7.639767 7.595832 7.643171 0.032000 0.032257 0.061778 0.052687 0.032257 0.031991 0.032257 450280 461536
19 62.310000 60.320000 1000000 7.596452 7.638691 7.594182 7.642095 0.032002 0.032257 0.060863 0.051612 0.032257 0.031993 0.032257 461530 465428
19 62.310000 60.320000 1000000 7.594879 7.637616 7.592608 7.641020 0.032003 0.032257 0.060863 0.051612 0.032257 0.031994 0.032257 465420 473088
19 62.310000 60.320000 1000000 7.587786 7.630089 7.585509 7.633493 0.032005 0.032257 0.059954 0.050537 0.032257 0.031996 0.032257 473080 483068
19 62.310000 60.320000 1000000 7.587575 7.629014 7.585219 7.632015 0.032005 0.032257 0.059954 0.050537 0.032257 0.031996 0.032257 483060 485660
19 62.310000 60.320000 1000000 7.587193 7.627939 7.584692 7.630536 0.032005 0.032257 0.060863 0.051612 0.032257 0.031996 0.032257 485660 500043
19 62.310000 60.320000 1000000 7.581826 7.618261 7.579096 7.619156 0.032006 0.032257 0.059955 0.050537 0.032257 0.031997 0.032257 500040 502104
19 62.310000 60.320000 1000000 7.580334 7.617186 7.577602 7.618081 0.032005 0.032257 0.059955 0.050538 0.032257 0.031996 0.032257 502100 516749
19 62.310000 60.320000 1000000 7.578871 7.616111 7.576137 7.617006 0.032004 0.032257 0.060864 0.051613 0.032257 0.031995 0.032257 516740 525406
19 62.310000 60.320000 1000000 7.577668 7.615035 7.574933 7.615931 0.032003 0.032257 0.060864 0.051613 0.032257 0.031994 0.032257 525400 543336
19 62.310000 60.320000 1000000 7.576617 7.613960 7.573881 7.614855 0.032002 0.032257 0.061778 0.052688 0.032257 0.031993 0.032257 543330 559065
19 62.310000 60.320000 1000000 7.576188 7.612885 7.573451 7.613780 0.032001 0.032257 0.060864 0.051613 0.032257 0.031993 0.032257 559060 590158
19 62.310000 60.320000 1000000 7.562071 7.595143 7.558997 7.593484 0.032008 0.032257 0.065955 0.057528 0.032257 0.032000 0.032257 590150 596183
19 62.310000 60.320000 1000000 7.560591 7.594068 7.557515 7.592409 0.032007 0.032257 0.065955 0.057528 0.032257 0.031999 0.032257 596180 598603
19 62.310000 60.320000 1000000 7.559277 7.588691 7.557395 7.592051 0.032008 0.032257 0.065954 0.057527 0.032257 0.031998 0.032257 598600 599701
19 62.310000 60.320000 1000000 7.558098 7.587616 7.556214 7.590976 0.032007 0.032257 0.066894 0.058602 0.032257 0.031997 0.032257 599700 606468
19 62.310000 60.320000 1000000 7.556742 7.586541 7.554857 7.589900 0.032008 0.032257 0.066894 0.058603 0.032257 0.031998 0.032257 606460 614324
19 62.310000 60.320000 1000000 7.543016 7.576863 7.541121 7.580223 0.032022 0.032257 0.060408 0.051075 0.032257 0.032012 0.032257 614320 623630
19 62.310000 60.320000 1000000 7.542525 7.575788 7.540630 7.579147 0.032022 0.032257 0.060409 0.051075 0.032257 0.032012 0.032257 623630 628115
19 62.310000 60.320000 1000000 7.541821 7.574713 7.539925 7.578072 0.032023 0.032257 0.059502 0.050000 0.032257 0.032013 0.032257 628110 654580
19 62.310000 60.320000 1000000 7.536434 7.570412 7.534534 7.573771 0.032025 0.032257 0.059502 0.050000 0.032257 0.032015 0.032257 654580 669811
19 62.310000 60.320000 1000000 7.529937 7.566111 7.528032 7.569470 0.032030 0.032257 0.057708 0.047851 0.032257 0.032020 0.032257 669810 673303
19 62.310000 60.320000 1000000 7.528038 7.565035 7.526132 7.568395 0.032032 0.032257 0.056820 0.046775 0.032257 0.032022 0.032257 673300 696933
19 62.310000 60.320000 1000000 7.516107 7.552132 7.514192 7.555492 0.032046 0.032257 0.055938 0.045700 0.032257 0.032036 0.032257 696930 697716
19 62.310000 60.320000 1000000 7.515040 7.551057 7.513124 7.554416 0.032047 0.032257 0.055938 0.045700 0.032257 0.032037 0.032257 697710 704244
19 62.310000 60.320000 1000000 7.506087 7.544605 7.504164 7.547965 0.032052 0.032257 0.056820 0.046776 0.032257 0.032042 0.032257 704240 736965
19 62.310000 60.320000 1000000 7.496553 7.538154 7.494622 7.541513 0.032055 0.032257 0.054196 0.043551 0.032257 0.032046 0.032257 736960 754872
19 62.310000 60.320000 1000000 7.488265 7.531702 7.486329 7.535061 0.032058 0.032257 0.051640 0.040325 0.032257 0.032049 0.032257 754870 760903
19 62.310000 60.320000 1000000 7.487001 7.530627 7.485063 7.533986 0.032060 0.032257 0.050805 0.039250 0.032257 0.032050 0.032257 760900 813678
19 62.310000 60.320000 1000000 7.476676 7.517724 7.474730 7.521083 0.032073 0.032257 0.055064 0.044626 0.032257 0.032063 0.032257 813670 861493
19 62.310000 60.320000 1000000 7.472834 7.514498 7.470885 7.517857 0.032070 0.032257 0.054196 0.043551 0.032257 0.032061 0.032257 861490 872448
19 62.310000 60.320000 1000000 7.471937 7.513423 7.469988 7.516782 0.032072 0.032257 0.053336 0.042476 0.032257 0.032062 0.032257 872440 893821
19 62.310000 60.320000 1000000 7.470876 7.512347 7.468926 7.515707 0.032073 0.032257 0.052484 0.041400 0.032257 0.032063 0.032257 893820 963268
19 62.310000 60.320000 1000000 7.470101 7.510197 7.467859 7.512750 0.032074 0.032257 0.050805 0.039250 0.032257 0.032065 0.032257 931630 940969
19 62.310000 60.320000 1000000 7.469727 7.509122 7.467344 7.511271 0.032075 0.032257 0.051640 0.040325 0.032257 0.032066 0.032257 940960 963268
19 62.310000 60.320000 1000000 7.463982 7.503745 7.461593 7.505895 0.032070 0.032257 0.050805 0.039250 0.032257 0.032061 0.032257 963260 1000000
