43 62.310000 60.320000 1000000 12.848687 12.929534 12.843290 12.928233 0.031678 0.032257 0.408268 0.406992 0.032257 0.031669 0.032257 0 50
43 62.310000 60.320000 1000000 11.567516 11.566637 11.563768 11.570041 0.031088 0.032257 0.264340 0.262364 0.032257 0.031076 0.032257 50 61
43 62.310000 60.320000 1000000 11.246518 11.263413 11.241144 11.262694 0.030973 0.032257 0.260071 0.258063 0.032257 0.030963 0.032257 60 70
43 62.310000 60.320000 1000000 10.964800 11.031154 10.958839 11.030033 0.031118 0.032257 0.248341 0.246237 0.032257 0.031109 0.032257 70 81
43 62.310000 60.320000 1000000 10.725199 10.802123 10.720241 10.807408 0.031080 0.032257 0.180327 0.177419 0.032257 0.031070 0.032257 80 90
43 62.310000 60.320000 1000000 10.634311 10.725779 10.629225 10.731064 0.031053 0.032257 0.172927 0.169892 0.032257 0.031043 0.032257 90 100
43 62.310000 60.320000 1000000 10.531146 10.625241 10.525636 10.629272 0.031044 0.032257 0.187207 0.184407 0.032257 0.031034 0.032257 100 110
43 62.310000 60.320000 1000000 10.437836 10.530618 10.432017 10.534246 0.031042 0.032257 0.159743 0.156452 0.032257 0.031033 0.032257 110 123
43 62.310000 60.320000 1000000 10.410517 10.511264 10.404652 10.514891 0.031046 0.032257 0.157637 0.154302 0.032257 0.031036 0.032257 120 132
43 62.310000 60.320000 1000000 10.386627 10.384920 10.378605 10.342893 0.031019 0.032257 0.186679 0.183871 0.032257 0.031006 0.032257 130 141
43 62.310000 60.320000 1000000 10.331586 10.307501 10.322570 10.260367 0.030992 0.032257 0.186679 0.183871 0.032257 0.030981 0.032257 140 157
43 62.310000 60.320000 1000000 10.326886 10.301049 10.317857 10.253915 0.030985 0.032257 0.186679 0.183871 0.032257 0.030973 0.032257 150 165
43 62.310000 60.320000 1000000 10.242066 10.177393 10.232673 10.129856 0.030912 0.032257 0.182444 0.179570 0.032257 0.030901 0.032257 160 177
43 62.310000 60.320000 1000000 10.165135 10.123630 10.155526 10.076093 0.030953 0.032257 0.185618 0.182793 0.032257 0.030942 0.032257 170 180
43 62.310000 60.320000 1000000 10.086717 9.958039 10.075813 9.907276 0.030867 0.032257 0.240878 0.238708 0.032257 0.030857 0.032257 180 194
43 62.310000 60.320000 1000000 10.070712 9.939759 10.059756 9.888996 0.030887 0.032257 0.238746 0.236557 0.032257 0.030877 0.032257 190 209
43 62.310000 60.320000 1000000 9.998063 9.877394 9.986206 9.825018 0.030909 0.032257 0.238749 0.236560 0.032257 0.030900 0.032257 200 215
43 62.310000 60.320000 1000000 9.952812 9.795674 9.941672 9.745270 0.030909 0.032257 0.201525 0.198927 0.032257 0.030901 0.032257 210 232
43 62.310000 60.320000 1000000 9.917901 9.691911 9.907606 9.636309 0.030882 0.032257 0.236085 0.233871 0.032257 0.030863 0.032257 230 240
43 62.310000 60.320000 1000000 9.913689 9.683309 9.903725 9.628961 0.030875 0.032257 0.236085 0.233871 0.032257 0.030856 0.032257 240 258
43 62.310000 60.320000 1000000 9.891030 9.623094 9.880997 9.568747 0.030869 0.032257 0.184032 0.181183 0.032257 0.030850 0.032257 250 265
43 62.310000 60.320000 1000000 9.885712 9.606965 9.875615 9.552214 0.030852 0.032257 0.192508 0.189786 0.032257 0.030833 0.032257 260 272
43 62.310000 60.320000 1000000 9.865255 9.584384 9.855095 9.529634 0.030843 0.032257 0.187210 0.184410 0.032257 0.030824 0.032257 270 301
43 62.310000 60.320000 1000000 9.838336 9.516642 9.834848 9.502842 0.030847 0.032257 0.149228 0.145700 0.032257 0.030832 0.032257 300 323
43 62.310000 60.320000 1000000 9.830788 9.491911 9.827909 9.481874 0.030835 0.032257 0.146079 0.142473 0.032257 0.030819 0.032257 320 345
43 62.310000 60.320000 1000000 9.825603 9.466105 9.824663 9.478648 0.030826 0.032257 0.130397 0.126344 0.032257 0.030816 0.032257 340 351
43 62.310000 60.320000 1000000 9.817080 9.460729 9.816137 9.473272 0.030832 0.032257 0.130397 0.126344 0.032257 0.030822 0.032257 350 363
43 62.310000 60.320000 1000000 9.806440 9.451051 9.805362 9.462385 0.030839 0.032257 0.129357 0.125270 0.032257 0.030828 0.032257 360 393
43 62.310000 60.320000 1000000 9.764114 9.412342 9.762478 9.422465 0.030853 0.032257 0.132481 0.128494 0.032257 0.030843 0.032257 390 415
43 62.310000 60.320000 1000000 9.751368 9.398363 9.749206 9.407277 0.030861 0.032257 0.127274 0.123118 0.032257 0.030852 0.032257 410 426
43 62.310000 60.320000 1000000 9.747623 9.396213 9.745459 9.405127 0.030863 0.032257 0.128314 0.124193 0.032257 0.030854 0.032257 420 437
43 62.310000 60.320000 1000000 9.721042 9.375782 9.718860 9.384697 0.030890 0.032257 0.140839 0.137095 0.032257 0.030881 0.032257 430 444
43 62.310000 60.320000 1000000 9.710650 9.370406 9.708461 9.379320 0.030900 0.032257 0.136657 0.132795 0.032257 0.030891 0.032257 440 450
43 62.310000 60.320000 1000000 9.703637 9.365030 9.701443 9.373944 0.030906 0.032257 0.133524 0.129569 0.032257 0.030897 0.032257 450 476
43 62.310000 60.320000 1000000 9.672276 9.332234 9.669489 9.336892 0.030906 0.032257 0.143457 0.139783 0.032257 0.030897 0.032257 470 489
43 62.310000 60.320000 1000000 9.641692 9.308578 9.638878 9.313236 0.030933 0.032257 0.139269 0.135482 0.032257 0.030925 0.032257 480 495
43 62.310000 60.320000 1000000 9.637580 9.305352 9.634763 9.310010 0.030939 0.032257 0.138223 0.134407 0.032257 0.030930 0.032257 490 504
43 62.310000 60.320000 1000000 9.601680 9.263955 9.597948 9.262654 0.030954 0.032257 0.137700 0.133869 0.032257 0.030946 0.032257 500 519
43 62.310000 60.320000 1000000 9.551200 9.234923 9.547171 9.231920 0.031000 0.032257 0.146078 0.142472 0.032257 0.030993 0.032257 510 530
43 62.310000 60.320000 1000000 9.514315 9.200514 9.510239 9.197511 0.031030 0.032257 0.136657 0.132795 0.032257 0.031024 0.032257 530 558
43 62.310000 60.320000 1000000 9.486322 9.171482 9.486352 9.183533 0.031060 0.032257 0.131437 0.127417 0.032257 0.031049 0.032257 550 561
43 62.310000 60.320000 1000000 9.485423 9.170407 9.485452 9.182458 0.031058 0.032257 0.130395 0.126342 0.032257 0.031047 0.032257 560 575
43 62.310000 60.320000 1000000 9.462135 9.153203 9.462165 9.165253 0.031081 0.032257 0.120007 0.115590 0.032257 0.031070 0.032257 570 581
43 62.310000 60.320000 1000000 9.451948 9.137074 9.449965 9.144286 0.031088 0.032257 0.109688 0.104838 0.032257 0.031078 0.032257 580 603
43 62.310000 60.320000 1000000 9.405010 9.108042 9.402997 9.115254 0.031127 0.032257 0.114837 0.110213 0.032257 0.031118 0.032257 600 615
43 62.310000 60.320000 1000000 9.394066 9.098365 9.392046 9.105577 0.031125 0.032257 0.112775 0.108063 0.032257 0.031116 0.032257 610 623
43 62.310000 60.320000 1000000 9.379427 9.089763 9.377397 9.096974 0.031126 0.032257 0.111745 0.106988 0.032257 0.031117 0.032257 620 640
43 62.310000 60.320000 1000000 9.362454 9.081160 9.360413 9.088372 0.031138 0.032257 0.109688 0.104837 0.032257 0.031128 0.032257 640 652
43 62.310000 60.320000 1000000 9.327102 9.054279 9.324989 9.061088 0.031169 0.032257 0.115870 0.111290 0.032257 0.031160 0.032257 650 661
43 62.310000 60.320000 1000000 9.307429 9.041376 9.305302 9.048185 0.031170 0.032257 0.109689 0.104839 0.032257 0.031161 0.032257 660 678
43 62.310000 60.320000 1000000 9.306310 9.040301 9.304182 9.047110 0.031172 0.032257 0.108662 0.103763 0.032257 0.031163 0.032257 670 706
43 62.310000 60.320000 1000000 9.295352 9.029548 9.293217 9.036357 0.031154 0.032257 0.112775 0.108063 0.032257 0.031145 0.032257 700 755
43 62.310000 60.320000 1000000 9.264495 9.013419 9.262339 9.020228 0.031177 0.032257 0.108660 0.103762 0.032257 0.031168 0.032257 750 800
43 62.310000 60.320000 1000000 9.256658 9.001591 9.254496 9.008400 0.031157 0.032257 0.111746 0.106989 0.032257 0.031148 0.032257 800 832
43 62.310000 60.320000 1000000 9.255721 8.999441 9.253559 9.006249 0.031154 0.032257 0.110717 0.105914 0.032257 0.031145 0.032257 810 833
43 62.310000 60.320000 1000000 9.254817 8.998365 9.252654 9.005174 0.031152 0.032257 0.109689 0.104838 0.032257 0.031143 0.032257 830 852
43 62.310000 60.320000 1000000 9.252988 8.995140 9.250925 9.003203 0.031148 0.032257 0.108662 0.103763 0.032257 0.031138 0.032257 850 905
43 62.310000 60.320000 1000000 9.252258 8.990839 9.250124 8.997199 0.031145 0.032257 0.107635 0.102688 0.032257 0.031136 0.032257 900 1008
43 62.310000 60.320000 1000000 9.233879 8.966645 9.230881 8.967047 0.031149 0.032257 0.104052 0.098926 0.032257 0.031141 0.032257 1000 1065
43 62.310000 60.320000 1000000 9.198986 8.933312 9.195953 8.933714 0.031174 0.032257 0.102008 0.096773 0.032257 0.031166 0.032257 1060 1109
43 62.310000 60.320000 1000000 9.192357 8.929011 9.189318 8.929413 0.031181 0.032257 0.097937 0.092472 0.032257 0.031173 0.032257 1100 1111
43 62.310000 60.320000 1000000 9.176894 8.917183 9.173839 8.917585 0.031193 0.032257 0.090864 0.084946 0.032257 0.031185 0.032257 1110 1138
43 62.310000 60.320000 1000000 9.142530 8.894602 9.139441 8.895004 0.031228 0.032257 0.086856 0.080644 0.032257 0.031220 0.032257 1130 1142
43 62.310000 60.320000 1000000 9.140687 8.893527 9.137596 8.893929 0.031230 0.032257 0.087855 0.081719 0.032257 0.031222 0.032257 1140 1309
43 62.310000 60.320000 1000000 9.116816 8.875248 9.113370 8.874843 0.031231 0.032257 0.088857 0.082795 0.032257 0.031223 0.032257 1300 1311
43 62.310000 60.320000 1000000 9.109031 8.870947 9.105577 8.870542 0.031238 0.032257 0.085860 0.079570 0.032257 0.031231 0.032257 1310 1357
43 62.310000 60.320000 1000000 9.100915 8.865570 9.097451 8.865166 0.031241 0.032257 0.083871 0.077419 0.032257 0.031233 0.032257 1350 1360
43 62.310000 60.320000 1000000 9.099979 8.864495 9.096514 8.864091 0.031238 0.032257 0.084864 0.078495 0.032257 0.031231 0.032257 1360 1470
43 62.310000 60.320000 1000000 9.090931 8.860194 9.087456 8.859790 0.031246 0.032257 0.081890 0.075269 0.032257 0.031239 0.032257 1470 1496
43 62.310000 60.320000 1000000 9.088897 8.859119 9.085419 8.858714 0.031248 0.032257 0.080903 0.074194 0.032257 0.031241 0.032257 1490 1546
43 62.310000 60.320000 1000000 9.076563 8.851592 9.073072 8.851187 0.031251 0.032257 0.077955 0.070968 0.032257 0.031243 0.032257 1540 1581
43 62.310000 60.320000 1000000 9.066122 8.845140 9.062618 8.844736 0.031257 0.032257 0.079918 0.073119 0.032257 0.031250 0.032257 1580 1617
43 62.310000 60.320000 1000000 9.045645 8.833313 9.042118 8.832908 0.031276 0.032257 0.085858 0.079568 0.032257 0.031268 0.032257 1600 1677
43 62.310000 60.320000 1000000 9.041634 8.826861 9.038218 8.826009 0.031280 0.032257 0.083869 0.077418 0.032257 0.031273 0.032257 1670 1711
43 62.310000 60.320000 1000000 9.036222 8.823635 9.032799 8.822783 0.031282 0.032257 0.080901 0.074192 0.032257 0.031274 0.032257 1710 1730
43 62.310000 60.320000 1000000 9.034079 8.822560 9.030654 8.821708 0.031284 0.032257 0.079916 0.073116 0.032257 0.031276 0.032257 1730 1749
43 62.310000 60.320000 1000000 9.033312 8.821485 9.029886 8.820632 0.031282 0.032257 0.080901 0.074192 0.032257 0.031274 0.032257 1740 1761
43 62.310000 60.320000 1000000 9.032433 8.820409 9.029006 8.819557 0.031280 0.032257 0.081888 0.075267 0.032257 0.031272 0.032257 1760 1775
43 62.310000 60.320000 1000000 9.031511 8.819334 9.028083 8.818482 0.031278 0.032257 0.082877 0.076342 0.032257 0.031270 0.032257 1770 1781
43 62.310000 60.320000 1000000 9.030366 8.818259 9.026936 8.817406 0.031276 0.032257 0.081888 0.075267 0.032257 0.031268 0.032257 1780 1790
43 62.310000 60.320000 1000000 9.030144 8.816646 9.026598 8.814942 0.031276 0.032257 0.082382 0.075804 0.032257 0.031269 0.032257 1790 1844
43 62.310000 60.320000 1000000 9.002041 8.801592 8.998461 8.799888 0.031291 0.032257 0.089358 0.083333 0.032257 0.031284 0.032257 1840 1901
43 62.310000 60.320000 1000000 9.001672 8.798366 8.998094 8.797111 0.031290 0.032257 0.089359 0.083333 0.032257 0.031283 0.032257 1900 1998
43 62.310000 60.320000 1000000 9.000668 8.797291 8.997090 8.796035 0.031288 0.032257 0.088357 0.082258 0.032257 0.031281 0.032257 1990 2097
43 62.310000 60.320000 1000000 8.963699 8.775786 8.960075 8.774530 0.031292 0.032257 0.083374 0.076881 0.032257 0.031285 0.032257 2090 2124
43 62.310000 60.320000 1000000 8.949321 8.762882 8.945681 8.761627 0.031286 0.032257 0.076492 0.069357 0.032257 0.031279 0.032257 2120 2181
43 62.310000 60.320000 1000000 8.939664 8.757506 8.936012 8.756251 0.031294 0.032257 0.075517 0.068281 0.032257 0.031287 0.032257 2180 2216
43 62.310000 60.320000 1000000 8.933494 8.749979 8.930551 8.751233 0.031300 0.032257 0.072614 0.065055 0.032257 0.031292 0.032257 2210 2261
43 62.310000 60.320000 1000000 8.932191 8.748904 8.929247 8.750157 0.031298 0.032257 0.072614 0.065055 0.032257 0.031290 0.032257 2260 2407
43 62.310000 60.320000 1000000 8.914154 8.739227 8.911192 8.740480 0.031317 0.032257 0.069739 0.061830 0.032257 0.031308 0.032257 2400 2546
43 62.310000 60.320000 1000000 8.912526 8.738151 8.909562 8.739405 0.031316 0.032257 0.068787 0.060755 0.032257 0.031308 0.032257 2540 2651
43 62.310000 60.320000 1000000 8.911747 8.737076 8.908783 8.738329 0.031314 0.032257 0.069739 0.061830 0.032257 0.031306 0.032257 2650 2672
43 62.310000 60.320000 1000000 8.909500 8.734925 8.906534 8.736179 0.031313 0.032257 0.070694 0.062905 0.032257 0.031305 0.032257 2670 2756
43 62.310000 60.320000 1000000 8.897934 8.727399 8.894956 8.728652 0.031316 0.032257 0.068787 0.060755 0.032257 0.031308 0.032257 2750 2802
43 62.310000 60.320000 1000000 8.888379 8.720947 8.885391 8.722200 0.031329 0.032257 0.066896 0.058604 0.032257 0.031321 0.032257 2800 2833
43 62.310000 60.320000 1000000 8.886398 8.719872 8.883408 8.721125 0.031331 0.032257 0.067839 0.059679 0.032257 0.031323 0.032257 2830 2877
43 62.310000 60.320000 1000000 8.882604 8.716646 8.879610 8.717899 0.031329 0.032257 0.068787 0.060754 0.032257 0.031321 0.032257 2870 3073
43 62.310000 60.320000 1000000 8.874399 8.710194 8.871397 8.711448 0.031321 0.032257 0.067839 0.059679 0.032257 0.031313 0.032257 3070 3345
43 62.310000 60.320000 1000000 8.850581 8.689764 8.847555 8.691018 0.031329 0.032257 0.071651 0.063979 0.032257 0.031321 0.032257 3310 3633
43 62.310000 60.320000 1000000 8.810613 8.662882 8.808618 8.667899 0.031349 0.032257 0.076487 0.069352 0.032257 0.031339 0.032257 3630 3660
43 62.310000 60.320000 1000000 8.810325 8.661807 8.808329 8.666824 0.031348 0.032257 0.077463 0.070427 0.032257 0.031338 0.032257 3660 3963
43 62.310000 60.320000 1000000 8.772891 8.638151 8.770869 8.643168 0.031369 0.032257 0.091365 0.085481 0.032257 0.031359 0.032257 3960 4025
43 62.310000 60.320000 1000000 8.772010 8.637076 8.769988 8.642093 0.031367 0.032257 0.092371 0.086556 0.032257 0.031357 0.032257 4020 4149
43 62.310000 60.320000 1000000 8.741218 8.613420 8.737804 8.615211 0.031391 0.032257 0.094391 0.088708 0.032257 0.031384 0.032257 4140 4303
43 62.310000 60.320000 1000000 8.739036 8.612345 8.735620 8.614136 0.031393 0.032257 0.093381 0.087633 0.032257 0.031386 0.032257 4300 4407
43 62.310000 60.320000 1000000 8.738424 8.611270 8.735006 8.613061 0.031394 0.032257 0.093381 0.087633 0.032257 0.031387 0.032257 4400 5006
43 62.310000 60.320000 1000000 8.690048 8.579012 8.686573 8.580803 0.031423 0.032257 0.089357 0.083332 0.032257 0.031415 0.032257 5000 5016
43 62.310000 60.320000 1000000 8.687871 8.577936 8.684393 8.579727 0.031425 0.032257 0.088355 0.082256 0.032257 0.031417 0.032257 5010 5454
43 62.310000 60.320000 1000000 8.671299 8.566109 8.667802 8.567899 0.031437 0.032257 0.087354 0.081180 0.032257 0.031430 0.032257 5450 5664
43 62.310000 60.320000 1000000 8.654399 8.553205 8.650881 8.554996 0.031426 0.032257 0.085360 0.079031 0.032257 0.031418 0.032257 5660 5729
43 62.310000 60.320000 1000000 8.652278 8.549979 8.648757 8.551770 0.031426 0.032257 0.085361 0.079031 0.032257 0.031418 0.032257 5720 5856
43 62.310000 60.320000 1000000 8.652073 8.548904 8.648552 8.550695 0.031425 0.032257 0.085361 0.079031 0.032257 0.031418 0.032257 5850 6106
43 62.310000 60.320000 1000000 8.641803 8.538152 8.638269 8.539943 0.031441 0.032257 0.081395 0.074730 0.032257 0.031433 0.032257 6100 6198
43 62.310000 60.320000 1000000 8.638054 8.532775 8.635241 8.537075 0.031446 0.032257 0.082383 0.075805 0.032257 0.031437 0.032257 6190 6340
43 62.310000 60.320000 1000000 8.626852 8.524173 8.624028 8.528473 0.031437 0.032257 0.085360 0.079031 0.032257 0.031429 0.032257 6340 6405
43 62.310000 60.320000 1000000 8.625973 8.523098 8.623148 8.527398 0.031435 0.032257 0.086357 0.080106 0.032257 0.031427 0.032257 6400 6419
43 62.310000 60.320000 1000000 8.624765 8.522022 8.621938 8.526322 0.031433 0.032257 0.085360 0.079031 0.032257 0.031425 0.032257 6410 6715
43 62.310000 60.320000 1000000 8.619350 8.514496 8.616256 8.517093 0.031430 0.032257 0.084366 0.077955 0.032257 0.031422 0.032257 6710 6870
43 62.310000 60.320000 1000000 8.614565 8.511270 8.611466 8.513867 0.031429 0.032257 0.084366 0.077955 0.032257 0.031421 0.032257 6870 7043
43 62.310000 60.320000 1000000 8.612233 8.508044 8.609132 8.510642 0.031429 0.032257 0.085360 0.079030 0.032257 0.031421 0.032257 7040 7320
43 62.310000 60.320000 1000000 8.606335 8.502668 8.603932 8.507774 0.031431 0.032257 0.085361 0.079031 0.032257 0.031422 0.032257 7320 7361
43 62.310000 60.320000 1000000 8.587937 8.491915 8.585519 8.497021 0.031437 0.032257 0.084366 0.077956 0.032257 0.031427 0.032257 7360 7547
43 62.310000 60.320000 1000000 8.587166 8.490840 8.584747 8.495946 0.031435 0.032257 0.085361 0.079031 0.032257 0.031426 0.032257 7540 7973
43 62.310000 60.320000 1000000 8.569271 8.480087 8.566838 8.485194 0.031446 0.032257 0.094391 0.088708 0.032257 0.031437 0.032257 7970 8067
43 62.310000 60.320000 1000000 8.567415 8.476324 8.564850 8.480579 0.031444 0.032257 0.093886 0.088170 0.032257 0.031435 0.032257 8060 9207
43 62.310000 60.320000 1000000 8.550869 8.453743 8.551497 8.470543 0.031435 0.032257 0.097936 0.092471 0.032257 0.031422 0.032257 9200 9683
43 62.310000 60.320000 1000000 8.544318 8.447291 8.544947 8.464091 0.031424 0.032257 0.093886 0.088170 0.032257 0.031411 0.032257 9680 10202
43 62.310000 60.320000 1000000 8.520020 8.416109 8.520399 8.431206 0.031441 0.032257 0.109173 0.104299 0.032257 0.031428 0.032257 10200 11076
43 62.310000 60.320000 1000000 8.509104 8.408582 8.509483 8.423679 0.031444 0.032257 0.112259 0.107524 0.032257 0.031431 0.032257 11070 11090
43 62.310000 60.320000 1000000 8.508277 8.407507 8.508657 8.422604 0.031442 0.032257 0.113289 0.108599 0.032257 0.031429 0.032257 11090 11235
43 62.310000 60.320000 1000000 8.501130 8.403206 8.501511 8.418303 0.031452 0.032257 0.111230 0.106450 0.032257 0.031439 0.032257 11230 11515
43 62.310000 60.320000 1000000 8.497733 8.399980 8.498114 8.415077 0.031446 0.032257 0.113290 0.108600 0.032257 0.031433 0.032257 11510 11807
43 62.310000 60.320000 1000000 8.491006 8.395679 8.491388 8.410776 0.031454 0.032257 0.116385 0.111825 0.032257 0.031441 0.032257 11800 11959
43 62.310000 60.320000 1000000 8.482823 8.384926 8.483206 8.400024 0.031462 0.032257 0.123635 0.119353 0.032257 0.031449 0.032257 11950 13185
43 62.310000 60.320000 1000000 8.472575 8.376324 8.472787 8.391018 0.031463 0.032257 0.120524 0.116127 0.032257 0.031451 0.032257 13180 14338
43 62.310000 60.320000 1000000 8.456629 8.363421 8.456590 8.376412 0.031465 0.032257 0.121560 0.117202 0.032257 0.031453 0.032257 14330 14462
43 62.310000 60.320000 1000000 8.436707 8.348367 8.436668 8.361359 0.031489 0.032257 0.126752 0.122579 0.032257 0.031476 0.032257 14460 15448
43 62.310000 60.320000 1000000 8.401344 8.320410 8.401304 8.333402 0.031507 0.032257 0.139268 0.135481 0.032257 0.031494 0.032257 15440 15649
43 62.310000 60.320000 1000000 8.396950 8.317184 8.396910 8.330176 0.031511 0.032257 0.138223 0.134406 0.032257 0.031498 0.032257 15640 18323
43 62.310000 60.320000 1000000 8.330987 8.266646 8.330946 8.279638 0.031578 0.032257 0.124674 0.120428 0.032257 0.031565 0.032257 18320 19079
43 62.310000 60.320000 1000000 8.328208 8.263420 8.328167 8.276412 0.031572 0.032257 0.126752 0.122579 0.032257 0.031560 0.032257 19070 21140
43 62.310000 60.320000 1000000 8.271022 8.225786 8.270798 8.238375 0.031618 0.032257 0.124673 0.120427 0.032257 0.031605 0.032257 21140 21740
43 62.310000 60.320000 1000000 8.269990 8.224711 8.269766 8.237299 0.031616 0.032257 0.125711 0.121502 0.032257 0.031604 0.032257 21740 21945
43 62.310000 60.320000 1000000 8.259333 8.217184 8.259107 8.229772 0.031610 0.032257 0.124672 0.120427 0.032257 0.031597 0.032257 21940 22112
43 62.310000 60.320000 1000000 8.258106 8.216109 8.257881 8.228697 0.031608 0.032257 0.124672 0.120427 0.032257 0.031595 0.032257 22110 22892
43 62.310000 60.320000 1000000 8.230703 8.191378 8.229438 8.201547 0.031633 0.032257 0.120523 0.116126 0.032257 0.031621 0.032257 22890 22909
43 62.310000 60.320000 1000000 8.228975 8.190302 8.227710 8.200471 0.031632 0.032257 0.119487 0.115050 0.032257 0.031621 0.032257 22900 24378
43 62.310000 60.320000 1000000 8.197691 8.168797 8.196411 8.178966 0.031659 0.032257 0.107119 0.102146 0.032257 0.031648 0.032257 24370 25970
43 62.310000 60.320000 1000000 8.190099 8.162345 8.188816 8.172514 0.031656 0.032257 0.106094 0.101071 0.032257 0.031645 0.032257 25970 26048
43 62.310000 60.320000 1000000 8.188965 8.161270 8.187680 8.171439 0.031654 0.032257 0.105070 0.099996 0.032257 0.031643 0.032257 26040 27850
43 62.310000 60.320000 1000000 8.185541 8.156969 8.183773 8.165928 0.031659 0.032257 0.102005 0.096770 0.032257 0.031648 0.032257 27850 28371
43 62.310000 60.320000 1000000 8.183674 8.155894 8.181905 8.164853 0.031662 0.032257 0.100985 0.095695 0.032257 0.031651 0.032257 28370 28397
43 62.310000 60.320000 1000000 8.182582 8.154818 8.180812 8.163778 0.031664 0.032257 0.099967 0.094620 0.032257 0.031653 0.032257 28390 30125
43 62.310000 60.320000 1000000 8.146913 8.120948 8.144212 8.123949 0.031705 0.032257 0.093381 0.087633 0.032257 0.031696 0.032257 30120 30237
43 62.310000 60.320000 1000000 8.146446 8.119872 8.143744 8.122873 0.031704 0.032257 0.094391 0.088708 0.032257 0.031695 0.032257 30230 31731
43 62.310000 60.320000 1000000 8.129166 8.106969 8.126447 8.109970 0.031720 0.032257 0.088355 0.082257 0.032257 0.031711 0.032257 31730 32473
43 62.310000 60.320000 1000000 8.125445 8.101593 8.122722 8.104594 0.031724 0.032257 0.083373 0.076880 0.032257 0.031715 0.032257 32470 33985
43 62.310000 60.320000 1000000 8.121457 8.098367 8.118731 8.101368 0.031723 0.032257 0.083373 0.076880 0.032257 0.031714 0.032257 33980 34093
43 62.310000 60.320000 1000000 8.120738 8.097292 8.118011 8.100293 0.031721 0.032257 0.082383 0.075805 0.032257 0.031713 0.032257 34090 35983
43 62.310000 60.320000 1000000 8.097688 8.076862 8.094172 8.077847 0.031740 0.032257 0.081395 0.074730 0.032257 0.031733 0.032257 35980 36592
43 62.310000 60.320000 1000000 8.097258 8.075787 8.093741 8.076771 0.031740 0.032257 0.080409 0.073655 0.032257 0.031732 0.032257 36590 41693
43 62.310000 60.320000 1000000 8.065090 8.053206 8.061530 8.054191 0.031765 0.032257 0.074544 0.067204 0.032257 0.031758 0.032257 41690 52841
43 62.310000 60.320000 1000000 8.059715 8.049980 8.056148 8.050965 0.031772 0.032257 0.074545 0.067205 0.032257 0.031765 0.032257 41730 45670
43 62.310000 60.320000 1000000 8.029827 8.030625 8.026221 8.031610 0.031792 0.032257 0.074544 0.067203 0.032257 0.031785 0.032257 45670 52841
43 62.310000 60.320000 1000000 8.025144 8.024174 8.021283 8.023456 0.031789 0.032257 0.073576 0.066128 0.032257 0.031782 0.032257 51120 53799
43 62.310000 60.320000 1000000 8.014754 8.016647 8.010877 8.015929 0.031794 0.032257 0.074543 0.067202 0.032257 0.031787 0.032257 53790 56570
43 62.310000 60.320000 1000000 8.011183 8.009658 8.007079 8.006386 0.031793 0.032257 0.074060 0.066666 0.032257 0.031786 0.032257 56570 61886
43 62.310000 60.320000 1000000 8.000470 8.002131 7.996278 7.998456 0.031795 0.032257 0.072131 0.064516 0.032257 0.031788 0.032257 61880 64693
43 62.310000 60.320000 1000000 7.984511 7.993529 7.980293 7.989854 0.031811 0.032257 0.065486 0.056990 0.032257 0.031804 0.032257 64690 67484
43 62.310000 60.320000 1000000 7.978521 7.986002 7.974294 7.982327 0.031818 0.032257 0.065486 0.056990 0.032257 0.031812 0.032257 67480 72337
43 62.310000 60.320000 1000000 7.975988 7.983851 7.971757 7.980177 0.031821 0.032257 0.067366 0.059141 0.032257 0.031814 0.032257 70600 73042
43 62.310000 60.320000 1000000 7.968462 7.978475 7.964219 7.974800 0.031819 0.032257 0.066425 0.058066 0.032257 0.031813 0.032257 73040 73464
43 62.310000 60.320000 1000000 7.967916 7.977400 7.963672 7.973725 0.031820 0.032257 0.066425 0.058066 0.032257 0.031813 0.032257 73460 79499
43 62.310000 60.320000 1000000 7.966613 7.967722 7.961678 7.958940 0.031822 0.032257 0.069262 0.061292 0.032257 0.031817 0.032257 78520 90720
43 62.310000 60.320000 1000000 7.961646 7.960196 7.956702 7.951413 0.031830 0.032257 0.064553 0.055916 0.032257 0.031825 0.032257 87330 92912
43 62.310000 60.320000 1000000 7.941073 7.946217 7.936091 7.937435 0.031850 0.032257 0.067365 0.059140 0.032257 0.031845 0.032257 92910 94290
43 62.310000 60.320000 1000000 7.939878 7.945142 7.934892 7.936360 0.031849 0.032257 0.066424 0.058065 0.032257 0.031843 0.032257 94290 96778
43 62.310000 60.320000 1000000 7.935038 7.941916 7.930044 7.933134 0.031847 0.032257 0.068311 0.060215 0.032257 0.031842 0.032257 94370 97314
43 62.310000 60.320000 1000000 7.926301 7.935464 7.921290 7.926682 0.031845 0.032257 0.071170 0.063440 0.032257 0.031840 0.032257 97310 100365
43 62.310000 60.320000 1000000 7.921525 7.931163 7.916505 7.922381 0.031850 0.032257 0.068310 0.060214 0.032257 0.031845 0.032257 100360 106818
43 62.310000 60.320000 1000000 7.920054 7.930088 7.915031 7.921306 0.031851 0.032257 0.069260 0.061290 0.032257 0.031846 0.032257 106810 109764
43 62.310000 60.320000 1000000 7.905172 7.919335 7.900121 7.910553 0.031862 0.032257 0.072130 0.064515 0.032257 0.031857 0.032257 109760 112921
43 62.310000 60.320000 1000000 7.891582 7.909658 7.886505 7.900876 0.031872 0.032257 0.072130 0.064515 0.032257 0.031867 0.032257 112920 117331
43 62.310000 60.320000 1000000 7.880428 7.901594 7.875219 7.891960 0.031880 0.032257 0.068785 0.060752 0.032257 0.031875 0.032257 117330 124419
43 62.310000 60.320000 1000000 7.866092 7.892991 7.860854 7.883358 0.031894 0.032257 0.061320 0.052150 0.032257 0.031890 0.032257 124410 127311
43 62.310000 60.320000 1000000 7.856824 7.883314 7.851568 7.873681 0.031904 0.032257 0.060408 0.051075 0.032257 0.031899 0.032257 127310 130256
43 62.310000 60.320000 1000000 7.854474 7.880088 7.849213 7.870455 0.031901 0.032257 0.062237 0.053225 0.032257 0.031896 0.032257 130250 155645
43 62.310000 60.320000 1000000 7.813322 7.851056 7.807977 7.841423 0.031903 0.032257 0.061322 0.052152 0.032257 0.031899 0.032257 155640 163646
43 62.310000 60.320000 1000000 7.804747 7.842454 7.799384 7.832821 0.031909 0.032257 0.063161 0.054303 0.032257 0.031905 0.032257 156710 169861
43 62.310000 60.320000 1000000 7.787048 7.829551 7.781649 7.819918 0.031917 0.032257 0.057709 0.047851 0.032257 0.031913 0.032257 169860 186376
43 62.310000 60.320000 1000000 7.783296 7.823099 7.777889 7.813466 0.031921 0.032257 0.061322 0.052152 0.032257 0.031917 0.032257 186370 201337
43 62.310000 60.320000 1000000 7.779083 7.817723 7.773667 7.808090 0.031922 0.032257 0.062238 0.053227 0.032257 0.031918 0.032257 201330 206430
43 62.310000 60.320000 1000000 7.777757 7.816648 7.772338 7.807014 0.031921 0.032257 0.062238 0.053226 0.032257 0.031917 0.032257 206430 208662
43 62.310000 60.320000 1000000 7.771478 7.811271 7.766046 7.801638 0.031928 0.032257 0.065018 0.056452 0.032257 0.031924 0.032257 208660 209756
43 62.310000 60.320000 1000000 7.769842 7.810196 7.764407 7.800563 0.031928 0.032257 0.064087 0.055377 0.032257 0.031924 0.032257 209750 212922
43 62.310000 60.320000 1000000 7.760565 7.802669 7.755110 7.793036 0.031923 0.032257 0.065954 0.057528 0.032257 0.031919 0.032257 212920 214389
43 62.310000 60.320000 1000000 7.759351 7.801594 7.753893 7.791961 0.031921 0.032257 0.066894 0.058603 0.032257 0.031917 0.032257 214380 223650
43 62.310000 60.320000 1000000 7.755357 7.798368 7.749891 7.788735 0.031918 0.032257 0.066894 0.058603 0.032257 0.031914 0.032257 223650 234611
43 62.310000 60.320000 1000000 7.734214 7.771487 7.731599 7.771889 0.031939 0.032257 0.064088 0.055378 0.032257 0.031930 0.032257 234610 243860
43 62.310000 60.320000 1000000 7.728095 7.765035 7.726126 7.767946 0.031936 0.032257 0.064088 0.055378 0.032257 0.031926 0.032257 243860 245502
43 62.310000 60.320000 1000000 7.726730 7.763960 7.724759 7.766871 0.031935 0.032257 0.063161 0.054303 0.032257 0.031924 0.032257 245500 252704
43 62.310000 60.320000 1000000 7.726260 7.762885 7.724289 7.765796 0.031934 0.032257 0.064088 0.055378 0.032257 0.031924 0.032257 252700 260392
43 62.310000 60.320000 1000000 7.713861 7.751057 7.711881 7.753968 0.031946 0.032257 0.065955 0.057529 0.032257 0.031935 0.032257 260390 270717
43 62.310000 60.320000 1000000 7.706401 7.736541 7.703372 7.733986 0.031951 0.032257 0.062700 0.053766 0.032257 0.031943 0.032257 270710 275826
43 62.310000 60.320000 1000000 7.705882 7.735465 7.702853 7.732911 0.031952 0.032257 0.063625 0.054841 0.032257 0.031943 0.032257 275820 276456
43 62.310000 60.320000 1000000 7.705675 7.734390 7.702568 7.731432 0.031952 0.032257 0.064554 0.055917 0.032257 0.031943 0.032257 276450 278592
43 62.310000 60.320000 1000000 7.703861 7.733315 7.700751 7.730357 0.031953 0.032257 0.063625 0.054842 0.032257 0.031944 0.032257 278590 284087
43 62.310000 60.320000 1000000 7.702171 7.732240 7.699059 7.729282 0.031955 0.032257 0.062701 0.053767 0.032257 0.031946 0.032257 284080 290349
43 62.310000 60.320000 1000000 7.698278 7.729014 7.695162 7.726056 0.031958 0.032257 0.059958 0.050541 0.032257 0.031949 0.032257 290340 303366
43 62.310000 60.320000 1000000 7.696947 7.727938 7.693830 7.724981 0.031956 0.032257 0.059055 0.049466 0.032257 0.031948 0.032257 303360 307178
43 62.310000 60.320000 1000000 7.689685 7.722562 7.686558 7.719604 0.031960 0.032257 0.061782 0.052692 0.032257 0.031951 0.032257 307170 315035
43 62.310000 60.320000 1000000 7.679536 7.715035 7.676397 7.712077 0.031969 0.032257 0.066427 0.058069 0.032257 0.031961 0.032257 315030 327473
43 62.310000 60.320000 1000000 7.678883 7.713960 7.675743 7.711002 0.031970 0.032257 0.066427 0.058069 0.032257 0.031962 0.032257 327470 339416
43 62.310000 60.320000 1000000 7.670958 7.706433 7.667808 7.703475 0.031973 0.032257 0.065489 0.056993 0.032257 0.031964 0.032257 339410 340166
43 62.310000 60.320000 1000000 7.670814 7.705358 7.667832 7.703655 0.031973 0.032257 0.064555 0.055918 0.032257 0.031964 0.032257 340160 363304
43 62.310000 60.320000 1000000 7.659057 7.696756 7.656061 7.695052 0.031983 0.032257 0.064556 0.055919 0.032257 0.031974 0.032257 363300 377936
43 62.310000 60.320000 1000000 7.658146 7.695681 7.655149 7.693977 0.031984 0.032257 0.064556 0.055919 0.032257 0.031976 0.032257 377930 394906
43 62.310000 60.320000 1000000 7.652376 7.689229 7.649373 7.687526 0.031991 0.032257 0.067370 0.059145 0.032257 0.031982 0.032257 394900 394952
43 62.310000 60.320000 1000000 7.651828 7.688154 7.648824 7.686450 0.031990 0.032257 0.066428 0.058070 0.032257 0.031982 0.032257 394950 404628
43 62.310000 60.320000 1000000 7.651004 7.687078 7.647999 7.685375 0.031992 0.032257 0.065490 0.056994 0.032257 0.031983 0.032257 404620 416845
43 62.310000 60.320000 1000000 7.645345 7.680627 7.642659 7.681432 0.031996 0.032257 0.062702 0.053768 0.032257 0.031988 0.032257 416840 418919
43 62.310000 60.320000 1000000 7.644668 7.679551 7.641982 7.680357 0.031995 0.032257 0.062702 0.053768 0.032257 0.031987 0.032257 418910 432079
43 62.310000 60.320000 1000000 7.638656 7.675250 7.635963 7.676056 0.032000 0.032257 0.062702 0.053768 0.032257 0.031992 0.032257 432070 440234
43 62.310000 60.320000 1000000 7.638376 7.674175 7.636010 7.676235 0.032001 0.032257 0.062702 0.053768 0.032257 0.031992 0.032257 440230 466033
43 62.310000 60.320000 1000000 7.627518 7.663422 7.625141 7.665482 0.032006 0.032257 0.062702 0.053768 0.032257 0.031997 0.032257 466030 473636
43 62.310000 60.320000 1000000 7.626081 7.662347 7.623704 7.664407 0.032005 0.032257 0.062702 0.053768 0.032257 0.031996 0.032257 473630 483319
43 62.310000 60.320000 1000000 7.623180 7.659121 7.620799 7.661181 0.032007 0.032257 0.062702 0.053768 0.032257 0.031998 0.032257 483310 485494
43 62.310000 60.320000 1000000 7.622266 7.658046 7.619885 7.660106 0.032006 0.032257 0.061783 0.052694 0.032257 0.031998 0.032257 485490 509375
43 62.310000 60.320000 1000000 7.621790 7.656971 7.619409 7.659031 0.032006 0.032257 0.062703 0.053769 0.032257 0.031997 0.032257 509370 518573
43 62.310000 60.320000 1000000 7.618291 7.653745 7.615906 7.655805 0.032004 0.032257 0.063627 0.054844 0.032257 0.031996 0.032257 518570 561387
43 62.310000 60.320000 1000000 7.611417 7.645143 7.608914 7.645500 0.032005 0.032257 0.061783 0.052693 0.032257 0.031996 0.032257 561380 598267
43 62.310000 60.320000 1000000 7.599822 7.629014 7.598672 7.635689 0.032016 0.032257 0.060867 0.051616 0.032257 0.032005 0.032257 598260 612566
43 62.310000 60.320000 1000000 7.594350 7.622562 7.593044 7.628834 0.032012 0.032257 0.060867 0.051616 0.032257 0.032002 0.032257 612560 614817
43 62.310000 60.320000 1000000 7.588206 7.617186 7.586897 7.623457 0.032016 0.032257 0.065488 0.056992 0.032257 0.032006 0.032257 614810 616813
43 62.310000 60.320000 1000000 7.586975 7.616111 7.585665 7.622382 0.032015 0.032257 0.065488 0.056992 0.032257 0.032005 0.032257 616810 627540
43 62.310000 60.320000 1000000 7.585972 7.612885 7.584286 7.617947 0.032016 0.032257 0.063625 0.054842 0.032257 0.032006 0.032257 627540 633592
43 62.310000 60.320000 1000000 7.584398 7.611810 7.582711 7.616871 0.032015 0.032257 0.063625 0.054841 0.032257 0.032005 0.032257 633590 688864
43 62.310000 60.320000 1000000 7.563266 7.595681 7.561564 7.600742 0.032030 0.032257 0.063625 0.054841 0.032257 0.032020 0.032257 688860 708522
43 62.310000 60.320000 1000000 7.562466 7.594605 7.560764 7.599667 0.032029 0.032257 0.064554 0.055916 0.032257 0.032019 0.032257 708520 722637
43 62.310000 60.320000 1000000 7.559253 7.591379 7.557549 7.596441 0.032028 0.032257 0.062700 0.053766 0.032257 0.032018 0.032257 722630 727938
43 62.310000 60.320000 1000000 7.549862 7.583853 7.548151 7.588914 0.032035 0.032257 0.062700 0.053766 0.032257 0.032025 0.032257 727930 735994
43 62.310000 60.320000 1000000 7.543357 7.578476 7.541642 7.583538 0.032043 0.032257 0.060866 0.051615 0.032257 0.032033 0.032257 735990 762693
43 62.310000 60.320000 1000000 7.534337 7.572025 7.532616 7.577086 0.032049 0.032257 0.060867 0.051616 0.032257 0.032039 0.032257 762690 782416
43 62.310000 60.320000 1000000 7.533225 7.570949 7.531503 7.576011 0.032048 0.032257 0.061781 0.052691 0.032257 0.032038 0.032257 782410 790723
43 62.310000 60.320000 1000000 7.531842 7.569874 7.530119 7.574936 0.032047 0.032257 0.062701 0.053766 0.032257 0.032037 0.032257 790720 792728
43 62.310000 60.320000 1000000 7.531548 7.568799 7.529825 7.573861 0.032047 0.032257 0.061781 0.052691 0.032257 0.032037 0.032257 792720 793327
43 62.310000 60.320000 1000000 7.531338 7.567186 7.529504 7.571397 0.032047 0.032257 0.061323 0.052154 0.032257 0.032037 0.032257 793320 801514
43 62.310000 60.320000 1000000 7.530366 7.566111 7.528531 7.570321 0.032049 0.032257 0.060411 0.051078 0.032257 0.032039 0.032257 801510 854107
43 62.310000 60.320000 1000000 7.523945 7.561810 7.522105 7.566020 0.032053 0.032257 0.058604 0.048928 0.032257 0.032043 0.032257 854100 856060
43 62.310000 60.320000 1000000 7.523804 7.560734 7.522129 7.566199 0.032052 0.032257 0.059505 0.050003 0.032257 0.032043 0.032257 856060 864699
43 62.310000 60.320000 1000000 7.516218 7.555358 7.514537 7.560823 0.032056 0.032257 0.063161 0.054302 0.032257 0.032046 0.032257 864690 874566
43 62.310000 60.320000 1000000 7.514806 7.554283 7.513125 7.559748 0.032057 0.032257 0.062240 0.053228 0.032257 0.032048 0.032257 874560 880748
43 62.310000 60.320000 1000000 7.513229 7.553207 7.511546 7.558673 0.032057 0.032257 0.061323 0.052153 0.032257 0.032047 0.032257 880740 894115
43 62.310000 60.320000 1000000 7.511814 7.552132 7.510130 7.557597 0.032056 0.032257 0.060411 0.051078 0.032257 0.032046 0.032257 894110 958012
43 62.310000 60.320000 1000000 7.495441 7.533853 7.494331 7.541827 0.032069 0.032257 0.066896 0.058605 0.032257 0.032058 0.032257 958010 1000000
