50 62.310000 60.320000 1000000 14.954927 14.620930 14.954819 14.640418 0.032133 0.032259 0.226501 0.224192 0.032259 0.032126 0.032259 0 50
50 62.310000 60.320000 1000000 13.894741 13.698351 13.893256 13.711387 0.032114 0.032259 0.286233 0.284410 0.032259 0.032106 0.032259 50 60
50 62.310000 60.320000 1000000 13.631536 13.442977 13.629045 13.442796 0.032099 0.032259 0.276088 0.274196 0.032259 0.032090 0.032259 60 70
50 62.310000 60.320000 1000000 13.395970 13.244052 13.393080 13.242662 0.032161 0.032259 0.217462 0.215056 0.032259 0.032152 0.032259 70 81
50 62.310000 60.320000 1000000 13.320577 13.182762 13.317638 13.181372 0.032153 0.032259 0.219588 0.217206 0.032259 0.032143 0.032259 80 90
50 62.310000 60.320000 1000000 13.245513 13.124698 13.242085 13.121292 0.032169 0.032259 0.216396 0.213978 0.032259 0.032160 0.032259 90 100
50 62.310000 60.320000 1000000 13.164208 13.052655 13.160716 13.049248 0.032171 0.032259 0.245142 0.243011 0.032259 0.032161 0.032259 100 110
50 62.310000 60.320000 1000000 13.112403 12.999966 13.108778 12.996157 0.032162 0.032259 0.236615 0.234406 0.032259 0.032153 0.032259 110 122
50 62.310000 60.320000 1000000 13.043816 12.919322 13.040133 12.915512 0.032154 0.032259 0.245140 0.243008 0.032259 0.032145 0.032259 120 131
50 62.310000 60.320000 1000000 12.992975 12.872010 12.989155 12.867797 0.032152 0.032259 0.250471 0.248385 0.032259 0.032142 0.032259 130 140
50 62.310000 60.320000 1000000 12.880210 12.767708 12.876011 12.762286 0.032162 0.032259 0.215331 0.212901 0.032259 0.032153 0.032259 140 151
50 62.310000 60.320000 1000000 12.814645 12.722547 12.811133 12.722143 0.032198 0.032259 0.187735 0.184943 0.032259 0.032189 0.032259 150 162
50 62.310000 60.320000 1000000 12.765302 12.670934 12.762226 12.672591 0.032191 0.032259 0.191974 0.189244 0.032259 0.032182 0.032259 160 170
50 62.310000 60.320000 1000000 12.755537 12.660182 12.752453 12.661838 0.032191 0.032259 0.188794 0.186017 0.032259 0.032182 0.032259 170 190
50 62.310000 60.320000 1000000 12.664609 12.578462 12.661362 12.579715 0.032191 0.032259 0.180325 0.177416 0.032259 0.032182 0.032259 190 203
50 62.310000 60.320000 1000000 12.644503 12.549430 12.641146 12.550280 0.032190 0.032259 0.176095 0.173115 0.032259 0.032181 0.032259 200 216
50 62.310000 60.320000 1000000 12.590329 12.493516 12.586929 12.494366 0.032171 0.032259 0.156055 0.152684 0.032259 0.032161 0.032259 210 224
50 62.310000 60.320000 1000000 12.585440 12.489215 12.582036 12.490065 0.032171 0.032259 0.152900 0.149459 0.032259 0.032162 0.032259 220 243
50 62.310000 60.320000 1000000 12.545983 12.450506 12.542546 12.451356 0.032165 0.032259 0.158159 0.154835 0.032259 0.032155 0.032259 240 254
50 62.310000 60.320000 1000000 12.514644 12.417173 12.511181 12.418023 0.032156 0.032259 0.144505 0.140858 0.032259 0.032147 0.032259 250 266
50 62.310000 60.320000 1000000 12.512911 12.413947 12.509447 12.414797 0.032156 0.032259 0.146602 0.143009 0.032259 0.032146 0.032259 260 273
50 62.310000 60.320000 1000000 12.498923 12.404270 12.495447 12.405120 0.032154 0.032259 0.152902 0.149460 0.032259 0.032145 0.032259 270 289
50 62.310000 60.320000 1000000 12.486756 12.392442 12.483270 12.393292 0.032155 0.032259 0.162374 0.159138 0.032259 0.032145 0.032259 280 291
50 62.310000 60.320000 1000000 12.473373 12.375238 12.469876 12.376088 0.032142 0.032259 0.178210 0.175266 0.032259 0.032132 0.032259 290 303
50 62.310000 60.320000 1000000 12.460820 12.362334 12.457313 12.363184 0.032141 0.032259 0.179269 0.176343 0.032259 0.032132 0.032259 300 322
50 62.310000 60.320000 1000000 12.448426 12.348356 12.444619 12.347996 0.032143 0.032259 0.181384 0.178493 0.032259 0.032133 0.032259 320 330
50 62.310000 60.320000 1000000 12.436552 12.334377 12.432734 12.334018 0.032136 0.032259 0.173982 0.170965 0.032259 0.032127 0.032259 330 347
50 62.310000 60.320000 1000000 12.428754 12.321474 12.424929 12.321115 0.032131 0.032259 0.168702 0.165589 0.032259 0.032122 0.032259 340 358
50 62.310000 60.320000 1000000 12.415811 12.307496 12.411974 12.307136 0.032128 0.032259 0.158161 0.154836 0.032259 0.032119 0.032259 350 360
50 62.310000 60.320000 1000000 12.411460 12.302657 12.407547 12.301446 0.032128 0.032259 0.159740 0.156449 0.032259 0.032118 0.032259 360 375
50 62.310000 60.320000 1000000 12.398606 12.290829 12.394897 12.290873 0.032134 0.032259 0.153426 0.149997 0.032259 0.032124 0.032259 370 386
50 62.310000 60.320000 1000000 12.376669 12.259647 12.371826 12.254851 0.032129 0.032259 0.155530 0.152147 0.032259 0.032119 0.032259 380 410
50 62.310000 60.320000 1000000 12.342815 12.226313 12.337932 12.221518 0.032120 0.032259 0.165006 0.161822 0.032259 0.032110 0.032259 410 427
50 62.310000 60.320000 1000000 12.341135 12.225238 12.336250 12.220443 0.032120 0.032259 0.165006 0.161822 0.032259 0.032110 0.032259 420 435
50 62.310000 60.320000 1000000 12.337276 12.222012 12.332387 12.217217 0.032120 0.032259 0.165007 0.161823 0.032259 0.032110 0.032259 430 441
50 62.310000 60.320000 1000000 12.334015 12.219862 12.329122 12.215067 0.032120 0.032259 0.165007 0.161823 0.032259 0.032110 0.032259 440 471
50 62.310000 60.320000 1000000 12.298104 12.173626 12.292625 12.162021 0.032102 0.032259 0.152376 0.148922 0.032259 0.032092 0.032259 470 480
50 62.310000 60.320000 1000000 12.297966 12.172013 12.292414 12.159557 0.032102 0.032259 0.152901 0.149460 0.032259 0.032092 0.032259 480 492
50 62.310000 60.320000 1000000 12.286947 12.141906 12.283099 12.138141 0.032100 0.032259 0.146601 0.143007 0.032259 0.032091 0.032259 490 512
50 62.310000 60.320000 1000000 12.268326 12.116099 12.264766 12.114440 0.032092 0.032259 0.147650 0.144083 0.032259 0.032083 0.032259 510 526
50 62.310000 60.320000 1000000 12.257968 12.106422 12.254399 12.104763 0.032093 0.032259 0.141361 0.137631 0.032259 0.032084 0.032259 520 537
50 62.310000 60.320000 1000000 12.247834 12.096744 12.244255 12.095085 0.032093 0.032259 0.137178 0.133331 0.032259 0.032084 0.032259 530 541
50 62.310000 60.320000 1000000 12.208380 12.059110 12.204288 12.055435 0.032097 0.032259 0.134046 0.130106 0.032259 0.032087 0.032259 540 564
50 62.310000 60.320000 1000000 12.178794 12.023626 12.175323 12.023715 0.032090 0.032259 0.138223 0.134406 0.032259 0.032081 0.032259 560 578
50 62.310000 60.320000 1000000 12.150829 11.993519 12.147334 11.993607 0.032096 0.032259 0.131959 0.127956 0.032259 0.032087 0.032259 570 593
50 62.310000 60.320000 1000000 12.080534 11.927928 12.076978 11.928016 0.032074 0.032259 0.130920 0.126883 0.032259 0.032065 0.032259 590 613
50 62.310000 60.320000 1000000 12.068724 11.913950 12.065157 11.914038 0.032075 0.032259 0.129878 0.125808 0.032259 0.032065 0.032259 610 622
50 62.310000 60.320000 1000000 12.063737 11.903197 12.060166 11.903285 0.032072 0.032259 0.134048 0.130109 0.032259 0.032063 0.032259 620 643
50 62.310000 60.320000 1000000 12.063413 11.902122 12.059841 11.902210 0.032072 0.032259 0.134048 0.130109 0.032259 0.032063 0.032259 640 664
50 62.310000 60.320000 1000000 12.062874 11.899433 12.059242 11.898671 0.032072 0.032259 0.135614 0.131722 0.032259 0.032063 0.032259 660 675
50 62.310000 60.320000 1000000 12.062105 11.896745 12.058396 11.895131 0.032072 0.032259 0.134048 0.130109 0.032259 0.032063 0.032259 670 690
50 62.310000 60.320000 1000000 12.050300 11.883842 12.047428 11.887246 0.032075 0.032259 0.135092 0.131184 0.032259 0.032066 0.032259 690 724
50 62.310000 60.320000 1000000 12.046259 11.880616 12.043384 11.884020 0.032076 0.032259 0.135092 0.131184 0.032259 0.032067 0.032259 720 762
50 62.310000 60.320000 1000000 12.019822 11.847283 12.016929 11.850687 0.032058 0.032259 0.142410 0.138709 0.032259 0.032048 0.032259 760 772
50 62.310000 60.320000 1000000 12.001926 11.831154 11.999020 11.834558 0.032052 0.032259 0.153955 0.150538 0.032259 0.032043 0.032259 770 798
50 62.310000 60.320000 1000000 12.001301 11.830079 11.998394 11.833483 0.032052 0.032259 0.152904 0.149463 0.032259 0.032043 0.032259 790 809
50 62.310000 60.320000 1000000 11.989393 11.819326 11.986387 11.822327 0.032054 0.032259 0.158164 0.154839 0.032259 0.032044 0.032259 800 815
50 62.310000 60.320000 1000000 11.975174 11.804273 11.972158 11.807273 0.032043 0.032259 0.147654 0.144087 0.032259 0.032033 0.032259 810 855
50 62.310000 60.320000 1000000 11.952646 11.783305 11.949535 11.785455 0.032036 0.032259 0.141889 0.138173 0.032259 0.032027 0.032259 850 884
50 62.310000 60.320000 1000000 11.950401 11.776316 11.947213 11.777614 0.032036 0.032259 0.144508 0.140862 0.032259 0.032027 0.032259 880 976
50 62.310000 60.320000 1000000 11.939898 11.756961 11.936702 11.758259 0.032033 0.032259 0.144509 0.140862 0.032259 0.032024 0.032259 890 1049
50 62.310000 60.320000 1000000 11.922003 11.742983 11.918792 11.744281 0.032032 0.032259 0.146605 0.143012 0.032259 0.032022 0.032259 960 1009
50 62.310000 60.320000 1000000 11.902287 11.722553 11.899060 11.723851 0.032022 0.032259 0.145556 0.141936 0.032259 0.032013 0.032259 1000 1049
50 62.310000 60.320000 1000000 11.887877 11.709650 11.884639 11.710948 0.032024 0.032259 0.142412 0.138710 0.032259 0.032015 0.032259 1040 1057
50 62.310000 60.320000 1000000 11.887516 11.708574 11.884277 11.709872 0.032024 0.032259 0.141365 0.137635 0.032259 0.032015 0.032259 1050 1083
50 62.310000 60.320000 1000000 11.863768 11.692445 11.860697 11.694998 0.032031 0.032259 0.135091 0.131183 0.032259 0.032022 0.032259 1080 1099
50 62.310000 60.320000 1000000 11.863027 11.691370 11.859956 11.693923 0.032031 0.032259 0.136135 0.132258 0.032259 0.032021 0.032259 1090 1113
50 62.310000 60.320000 1000000 11.859208 11.689219 11.856133 11.691772 0.032032 0.032259 0.138225 0.134408 0.032259 0.032022 0.032259 1110 1180
50 62.310000 60.320000 1000000 11.830785 11.662338 11.827536 11.663188 0.032031 0.032259 0.139271 0.135484 0.032259 0.032021 0.032259 1180 1219
50 62.310000 60.320000 1000000 11.815970 11.648360 11.812436 11.648000 0.032031 0.032259 0.139272 0.135484 0.032259 0.032021 0.032259 1210 1284
50 62.310000 60.320000 1000000 11.806667 11.642983 11.803124 11.642624 0.032034 0.032259 0.134047 0.130108 0.032259 0.032024 0.032259 1280 1343
50 62.310000 60.320000 1000000 11.795521 11.632231 11.791968 11.631871 0.032030 0.032259 0.139272 0.135484 0.032259 0.032020 0.032259 1340 1369
50 62.310000 60.320000 1000000 11.782084 11.612876 11.778519 11.612516 0.032025 0.032259 0.139271 0.135483 0.032259 0.032015 0.032259 1360 1404
50 62.310000 60.320000 1000000 11.779515 11.610725 11.775948 11.610366 0.032025 0.032259 0.137180 0.133333 0.032259 0.032016 0.032259 1370 1387
50 62.310000 60.320000 1000000 11.778261 11.609650 11.774692 11.609291 0.032026 0.032259 0.136135 0.132258 0.032259 0.032016 0.032259 1380 1404
50 62.310000 60.320000 1000000 11.777665 11.608575 11.774096 11.608215 0.032025 0.032259 0.137180 0.133333 0.032259 0.032016 0.032259 1400 1420
50 62.310000 60.320000 1000000 11.768161 11.596747 11.764583 11.596387 0.032022 0.032259 0.131960 0.127956 0.032259 0.032013 0.032259 1420 1492
50 62.310000 60.320000 1000000 11.728336 11.569865 11.724722 11.569506 0.032031 0.032259 0.139271 0.135483 0.032259 0.032021 0.032259 1490 1549
50 62.310000 60.320000 1000000 11.723272 11.566639 11.719653 11.566280 0.032031 0.032259 0.140317 0.136558 0.032259 0.032021 0.032259 1540 1633
50 62.310000 60.320000 1000000 11.716194 11.562338 11.712569 11.561979 0.032034 0.032259 0.143458 0.139784 0.032259 0.032025 0.032259 1550 1561
50 62.310000 60.320000 1000000 11.711600 11.556962 11.707970 11.556603 0.032030 0.032259 0.144506 0.140859 0.032259 0.032021 0.032259 1560 1633
50 62.310000 60.320000 1000000 11.698301 11.535457 11.694658 11.535097 0.032026 0.032259 0.145554 0.141934 0.032259 0.032016 0.032259 1630 1672
50 62.310000 60.320000 1000000 11.652961 11.489220 11.649145 11.487158 0.032032 0.032259 0.152903 0.149462 0.032259 0.032023 0.032259 1660 1709
50 62.310000 60.320000 1000000 11.637423 11.468790 11.633787 11.467983 0.032019 0.032259 0.153954 0.150537 0.032259 0.032010 0.032259 1700 1710
50 62.310000 60.320000 1000000 11.635313 11.467715 11.631675 11.466907 0.032020 0.032259 0.152903 0.149461 0.032259 0.032011 0.032259 1710 1762
50 62.310000 60.320000 1000000 11.627178 11.455887 11.623532 11.455080 0.032017 0.032259 0.152903 0.149462 0.032259 0.032007 0.032259 1760 2254
50 62.310000 60.320000 1000000 11.472379 11.306425 11.468583 11.305618 0.031970 0.032259 0.151853 0.148387 0.032259 0.031961 0.032259 2250 2509
50 62.310000 60.320000 1000000 11.463688 11.296748 11.459884 11.295940 0.031966 0.032259 0.155005 0.151611 0.032259 0.031957 0.032259 2500 2565
50 62.310000 60.320000 1000000 11.462101 11.295672 11.458295 11.294865 0.031966 0.032259 0.155005 0.151611 0.032259 0.031957 0.032259 2560 2615
50 62.310000 60.320000 1000000 11.450874 11.287070 11.447057 11.286263 0.031968 0.032259 0.150800 0.147309 0.032259 0.031958 0.032259 2610 2675
50 62.310000 60.320000 1000000 11.447260 11.281694 11.443641 11.282141 0.031967 0.032259 0.150800 0.147309 0.032259 0.031957 0.032259 2670 2763
50 62.310000 60.320000 1000000 11.446454 11.280619 11.442833 11.281066 0.031965 0.032259 0.150800 0.147309 0.032259 0.031956 0.032259 2760 2802
50 62.310000 60.320000 1000000 11.442395 11.277393 11.438771 11.277840 0.031966 0.032259 0.152901 0.149459 0.032259 0.031956 0.032259 2800 2834
50 62.310000 60.320000 1000000 11.440230 11.276318 11.436604 11.276765 0.031967 0.032259 0.152901 0.149459 0.032259 0.031958 0.032259 2830 2902
50 62.310000 60.320000 1000000 11.416415 11.234382 11.412766 11.234829 0.031955 0.032259 0.152901 0.149459 0.032259 0.031945 0.032259 2900 2949
50 62.310000 60.320000 1000000 11.399292 11.223629 11.395627 11.224076 0.031955 0.032259 0.162374 0.159137 0.032259 0.031946 0.032259 2940 3419
50 62.310000 60.320000 1000000 11.319399 11.132770 11.316131 11.134427 0.031928 0.032259 0.175568 0.172579 0.032259 0.031919 0.032259 3410 3550
50 62.310000 60.320000 1000000 11.311402 11.122017 11.308026 11.123271 0.031921 0.032259 0.173455 0.170429 0.032259 0.031912 0.032259 3550 3760
50 62.310000 60.320000 1000000 11.262814 11.085458 11.259394 11.086711 0.031914 0.032259 0.161849 0.158602 0.032259 0.031904 0.032259 3760 3777
50 62.310000 60.320000 1000000 11.261486 11.084383 11.258065 11.085636 0.031913 0.032259 0.161849 0.158602 0.032259 0.031904 0.032259 3770 4088
50 62.310000 60.320000 1000000 11.224949 11.056426 11.221495 11.057679 0.031921 0.032259 0.154481 0.151076 0.032259 0.031911 0.032259 4080 4267
50 62.310000 60.320000 1000000 11.182492 11.027393 11.178999 11.028647 0.031926 0.032259 0.153430 0.150000 0.032259 0.031916 0.032259 4260 4383
50 62.310000 60.320000 1000000 11.167564 11.018791 11.164057 11.020045 0.031931 0.032259 0.153429 0.150000 0.032259 0.031921 0.032259 4380 4705
50 62.310000 60.320000 1000000 11.109156 10.962340 11.105519 10.962742 0.031910 0.032259 0.158162 0.154837 0.032259 0.031900 0.032259 4700 4719
50 62.310000 60.320000 1000000 11.108818 10.961265 11.105180 10.961667 0.031910 0.032259 0.158162 0.154837 0.032259 0.031900 0.032259 4710 5016
50 62.310000 60.320000 1000000 11.103758 10.958039 11.100115 10.958441 0.031910 0.032259 0.157110 0.153763 0.032259 0.031901 0.032259 4800 4970
50 62.310000 60.320000 1000000 11.102127 10.956964 11.098483 10.957366 0.031910 0.032259 0.157110 0.153763 0.032259 0.031901 0.032259 4970 5016
50 62.310000 60.320000 1000000 11.096994 10.952662 11.093345 10.953065 0.031911 0.032259 0.156058 0.152688 0.032259 0.031902 0.032259 5010 5103
50 62.310000 60.320000 1000000 11.091978 10.949437 11.088324 10.949839 0.031915 0.032259 0.157111 0.153764 0.032259 0.031906 0.032259 5100 5264
50 62.310000 60.320000 1000000 11.061662 10.924706 11.057977 10.925108 0.031912 0.032259 0.160270 0.156990 0.032259 0.031902 0.032259 5260 5344
50 62.310000 60.320000 1000000 11.059575 10.923630 11.055888 10.924032 0.031913 0.032259 0.161324 0.158066 0.032259 0.031903 0.032259 5340 5391
50 62.310000 60.320000 1000000 11.052329 10.904275 11.046801 10.897823 0.031916 0.032259 0.162377 0.159140 0.032259 0.031906 0.032259 5390 5739
50 62.310000 60.320000 1000000 11.041697 10.889222 11.036153 10.882769 0.031899 0.032259 0.168704 0.165591 0.032259 0.031890 0.032259 5730 5758
50 62.310000 60.320000 1000000 11.040703 10.888146 11.035157 10.881694 0.031898 0.032259 0.168704 0.165591 0.032259 0.031888 0.032259 5750 5788
50 62.310000 60.320000 1000000 11.039822 10.887071 11.034275 10.880618 0.031896 0.032259 0.167649 0.164516 0.032259 0.031887 0.032259 5780 5911
50 62.310000 60.320000 1000000 11.025301 10.875243 11.019732 10.868790 0.031894 0.032259 0.171871 0.168817 0.032259 0.031885 0.032259 5910 6207
50 62.310000 60.320000 1000000 10.972922 10.838684 10.967179 10.831828 0.031911 0.032259 0.178212 0.175269 0.032259 0.031902 0.032259 6200 6340
50 62.310000 60.320000 1000000 10.971529 10.837609 10.965783 10.830753 0.031912 0.032259 0.177155 0.174193 0.032259 0.031903 0.032259 6340 6416
50 62.310000 60.320000 1000000 10.969621 10.834383 10.964130 10.828782 0.031909 0.032259 0.179270 0.176344 0.032259 0.031900 0.032259 6410 6725
50 62.310000 60.320000 1000000 10.955940 10.825781 10.950429 10.820179 0.031912 0.032259 0.171871 0.168817 0.032259 0.031903 0.032259 6720 6735
50 62.310000 60.320000 1000000 10.955197 10.824706 10.949684 10.819104 0.031912 0.032259 0.172927 0.169892 0.032259 0.031903 0.032259 6730 6763
50 62.310000 60.320000 1000000 10.934841 10.807501 10.929297 10.801900 0.031898 0.032259 0.187737 0.184945 0.032259 0.031889 0.032259 6760 6867
50 62.310000 60.320000 1000000 10.932093 10.802125 10.926801 10.797778 0.031895 0.032259 0.183502 0.180644 0.032259 0.031886 0.032259 6860 6960
50 62.310000 60.320000 1000000 10.929928 10.801050 10.924633 10.796703 0.031897 0.032259 0.182443 0.179569 0.032259 0.031887 0.032259 6960 7310
50 62.310000 60.320000 1000000 10.883452 10.751588 10.878088 10.747241 0.031896 0.032259 0.180327 0.177418 0.032259 0.031887 0.032259 7310 7543
50 62.310000 60.320000 1000000 10.861630 10.719330 10.856235 10.714983 0.031886 0.032259 0.180327 0.177418 0.032259 0.031877 0.032259 7540 8627
50 62.310000 60.320000 1000000 10.794073 10.631158 10.793315 10.653155 0.031876 0.032259 0.170814 0.167741 0.032259 0.031866 0.032259 8620 9082
50 62.310000 60.320000 1000000 10.774376 10.613954 10.773803 10.637205 0.031866 0.032259 0.165541 0.162367 0.032259 0.031856 0.032259 9080 9439
50 62.310000 60.320000 1000000 10.743363 10.591374 10.742482 10.612519 0.031876 0.032259 0.165541 0.162367 0.032259 0.031866 0.032259 9430 9492
50 62.310000 60.320000 1000000 10.741445 10.590298 10.740563 10.611444 0.031876 0.032259 0.165541 0.162367 0.032259 0.031867 0.032259 9490 9740
50 62.310000 60.320000 1000000 10.714572 10.564492 10.713685 10.585638 0.031865 0.032259 0.172930 0.169894 0.032259 0.031856 0.032259 9740 9943
50 62.310000 60.320000 1000000 10.707846 10.529547 10.705444 10.534519 0.031863 0.032259 0.158692 0.155378 0.032259 0.031854 0.032259 9940 10125
50 62.310000 60.320000 1000000 10.707064 10.528471 10.704662 10.533443 0.031863 0.032259 0.159745 0.156453 0.032259 0.031854 0.032259 10120 10338
50 62.310000 60.320000 1000000 10.698109 10.520944 10.695701 10.525917 0.031860 0.032259 0.162905 0.159679 0.032259 0.031851 0.032259 10330 10995
50 62.310000 60.320000 1000000 10.662710 10.475783 10.659936 10.479546 0.031829 0.032259 0.178743 0.175808 0.032259 0.031820 0.032259 10990 11358
50 62.310000 60.320000 1000000 10.646168 10.454278 10.643381 10.458040 0.031820 0.032259 0.184033 0.181183 0.032259 0.031810 0.032259 11350 11467
50 62.310000 60.320000 1000000 10.641850 10.451052 10.639060 10.454814 0.031820 0.032259 0.185091 0.182258 0.032259 0.031810 0.032259 11460 11566
50 62.310000 60.320000 1000000 10.641327 10.449977 10.638536 10.453739 0.031820 0.032259 0.185091 0.182258 0.032259 0.031810 0.032259 11560 11739
50 62.310000 60.320000 1000000 10.639018 10.448902 10.636225 10.452664 0.031822 0.032259 0.184033 0.181183 0.032259 0.031812 0.032259 11730 12830
50 62.310000 60.320000 1000000 10.596668 10.414493 10.593842 10.418256 0.031836 0.032259 0.179800 0.176882 0.032259 0.031826 0.032259 12830 13029
50 62.310000 60.320000 1000000 10.578878 10.402665 10.576037 10.406428 0.031835 0.032259 0.181914 0.179031 0.032259 0.031825 0.032259 13020 13368
50 62.310000 60.320000 1000000 10.576275 10.399439 10.573433 10.403202 0.031833 0.032259 0.180856 0.177956 0.032259 0.031824 0.032259 13360 14042
50 62.310000 60.320000 1000000 10.571964 10.394063 10.568914 10.397019 0.031832 0.032259 0.176626 0.173655 0.032259 0.031822 0.032259 14040 14094
50 62.310000 60.320000 1000000 10.570682 10.392988 10.567630 10.395944 0.031831 0.032259 0.175569 0.172580 0.032259 0.031821 0.032259 14090 16004
50 62.310000 60.320000 1000000 10.540945 10.356429 10.537868 10.359385 0.031828 0.032259 0.161849 0.158602 0.032259 0.031818 0.032259 15820 16584
50 62.310000 60.320000 1000000 10.526940 10.337611 10.523599 10.338014 0.031816 0.032259 0.159215 0.155913 0.032259 0.031807 0.032259 16580 18576
50 62.310000 60.320000 1000000 10.510011 10.316106 10.506654 10.316508 0.031811 0.032259 0.155005 0.151611 0.032259 0.031801 0.032259 17690 19158
50 62.310000 60.320000 1000000 10.468274 10.283848 10.464877 10.284251 0.031809 0.032259 0.149751 0.146235 0.032259 0.031800 0.032259 19150 19688
50 62.310000 60.320000 1000000 10.460563 10.262343 10.457159 10.262745 0.031796 0.032259 0.168702 0.165590 0.032259 0.031787 0.032259 19680 20181
50 62.310000 60.320000 1000000 10.451939 10.247289 10.448526 10.247692 0.031785 0.032259 0.157110 0.153762 0.032259 0.031776 0.032259 20180 20684
50 62.310000 60.320000 1000000 10.446273 10.241913 10.442854 10.242315 0.031782 0.032259 0.151852 0.148386 0.032259 0.031773 0.032259 20680 20701
50 62.310000 60.320000 1000000 10.443574 10.240838 10.440153 10.241240 0.031786 0.032259 0.150801 0.147311 0.032259 0.031776 0.032259 20700 20931
50 62.310000 60.320000 1000000 10.442893 10.237074 10.439195 10.235819 0.031786 0.032259 0.149226 0.145698 0.032259 0.031776 0.032259 20930 22326
50 62.310000 60.320000 1000000 10.388050 10.198365 10.384293 10.197110 0.031796 0.032259 0.170285 0.167202 0.032259 0.031787 0.032259 22320 22463
50 62.310000 60.320000 1000000 10.386327 10.197290 10.382568 10.196034 0.031796 0.032259 0.170285 0.167202 0.032259 0.031787 0.032259 22460 23756
50 62.310000 60.320000 1000000 10.292851 10.130624 10.288988 10.129368 0.031833 0.032259 0.148176 0.144622 0.032259 0.031824 0.032259 23750 25052
50 62.310000 60.320000 1000000 10.282977 10.115570 10.279367 10.115569 0.031828 0.032259 0.138747 0.134945 0.032259 0.031819 0.032259 25050 28513
50 62.310000 60.320000 1000000 10.268870 10.100516 10.265246 10.100515 0.031821 0.032259 0.140840 0.137096 0.032259 0.031812 0.032259 25250 26269
50 62.310000 60.320000 1000000 10.267010 10.099441 10.263383 10.099440 0.031822 0.032259 0.140841 0.137097 0.032259 0.031812 0.032259 26260 28513
50 62.310000 60.320000 1000000 10.240863 10.070408 10.237208 10.070407 0.031810 0.032259 0.141888 0.138172 0.032259 0.031801 0.032259 28510 29585
50 62.310000 60.320000 1000000 10.217805 10.045677 10.214125 10.045676 0.031797 0.032259 0.135615 0.131723 0.032259 0.031787 0.032259 29580 30508
50 62.310000 60.320000 1000000 10.210874 10.039226 10.207188 10.039225 0.031799 0.032259 0.132485 0.128497 0.032259 0.031790 0.032259 30500 30662
50 62.310000 60.320000 1000000 10.207067 10.033849 10.203376 10.033848 0.031792 0.032259 0.135617 0.131725 0.032259 0.031783 0.032259 30660 31500
50 62.310000 60.320000 1000000 10.203843 10.028473 10.200149 10.028472 0.031787 0.032259 0.137706 0.133875 0.032259 0.031777 0.032259 31500 33289
50 62.310000 60.320000 1000000 10.192561 10.019871 10.188855 10.019870 0.031790 0.032259 0.134572 0.130649 0.032259 0.031781 0.032259 33280 33865
50 62.310000 60.320000 1000000 10.190344 10.018796 10.186635 10.018795 0.031792 0.032259 0.134572 0.130649 0.032259 0.031782 0.032259 33860 34426
50 62.310000 60.320000 1000000 10.166019 10.004817 10.162284 10.004816 0.031800 0.032259 0.138751 0.134949 0.032259 0.031791 0.032259 34420 34555
50 62.310000 60.320000 1000000 10.164577 10.003742 10.160839 10.003741 0.031801 0.032259 0.138751 0.134949 0.032259 0.031791 0.032259 34550 34841
50 62.310000 60.320000 1000000 10.162826 10.002667 10.159087 10.002666 0.031801 0.032259 0.137705 0.133873 0.032259 0.031792 0.032259 34840 35322
50 62.310000 60.320000 1000000 10.160941 10.001591 10.157200 10.001590 0.031802 0.032259 0.137705 0.133873 0.032259 0.031793 0.032259 35320 36125
50 62.310000 60.320000 1000000 10.154910 9.997290 10.151162 9.997289 0.031801 0.032259 0.139797 0.136024 0.032259 0.031792 0.032259 36120 36891
50 62.310000 60.320000 1000000 10.153418 9.996215 10.149668 9.996214 0.031801 0.032259 0.140843 0.137099 0.032259 0.031792 0.032259 36890 37882
50 62.310000 60.320000 1000000 10.144508 9.972559 10.139462 9.968123 0.031800 0.032259 0.149230 0.145701 0.032259 0.031791 0.032259 37880 40035
50 62.310000 60.320000 1000000 10.120501 9.914495 10.113896 9.903607 0.031791 0.032259 0.149230 0.145701 0.032259 0.031782 0.032259 40030 43013
50 62.310000 60.320000 1000000 10.093657 9.892990 10.087809 9.885865 0.031797 0.032259 0.148179 0.144625 0.032259 0.031787 0.032259 43010 47785
50 62.310000 60.320000 1000000 10.050026 9.863420 10.044021 9.855444 0.031806 0.032259 0.148705 0.145164 0.032259 0.031797 0.032259 47780 47934
50 62.310000 60.320000 1000000 10.049109 9.862345 10.043104 9.854369 0.031806 0.032259 0.148705 0.145164 0.032259 0.031797 0.032259 47930 49026
50 62.310000 60.320000 1000000 10.027622 9.853743 10.021578 9.845767 0.031836 0.032259 0.142414 0.138712 0.032259 0.031826 0.032259 49020 49600
50 62.310000 60.320000 1000000 10.025933 9.852667 10.019886 9.844692 0.031836 0.032259 0.143461 0.139787 0.032259 0.031827 0.032259 49600 56679
50 62.310000 60.320000 1000000 10.009661 9.832237 10.003584 9.824262 0.031831 0.032259 0.141367 0.137637 0.032259 0.031821 0.032259 56670 57234
50 62.310000 60.320000 1000000 9.996086 9.822560 9.989984 9.814584 0.031828 0.032259 0.149755 0.146240 0.032259 0.031818 0.032259 57230 58249
50 62.310000 60.320000 1000000 9.985659 9.812883 9.979538 9.804907 0.031831 0.032259 0.143461 0.139788 0.032259 0.031822 0.032259 58240 58753
50 62.310000 60.320000 1000000 9.955966 9.796754 9.949790 9.788778 0.031845 0.032259 0.127797 0.123659 0.032259 0.031836 0.032259 58750 60023
50 62.310000 60.320000 1000000 9.952323 9.791377 9.946140 9.783402 0.031838 0.032259 0.131962 0.127958 0.032259 0.031829 0.032259 60020 60348
50 62.310000 60.320000 1000000 9.951398 9.790302 9.945213 9.782326 0.031838 0.032259 0.131962 0.127958 0.032259 0.031829 0.032259 60340 63142
50 62.310000 60.320000 1000000 9.942973 9.782775 9.936773 9.774799 0.031834 0.032259 0.137181 0.133335 0.032259 0.031825 0.032259 61140 63164
50 62.310000 60.320000 1000000 9.935643 9.770947 9.929317 9.762568 0.031825 0.032259 0.142413 0.138711 0.032259 0.031816 0.032259 63160 64707
50 62.310000 60.320000 1000000 9.923025 9.753743 9.916590 9.744961 0.031818 0.032259 0.147654 0.144087 0.032259 0.031809 0.032259 64700 68785
50 62.310000 60.320000 1000000 9.894559 9.734388 9.888068 9.725606 0.031813 0.032259 0.141365 0.137635 0.032259 0.031804 0.032259 67740 71319
50 62.310000 60.320000 1000000 9.875963 9.721485 9.869436 9.712703 0.031814 0.032259 0.141366 0.137636 0.032259 0.031805 0.032259 70220 78384
50 62.310000 60.320000 1000000 9.788098 9.668797 9.781393 9.660014 0.031849 0.032259 0.116389 0.111829 0.032259 0.031840 0.032259 78380 81173
50 62.310000 60.320000 1000000 9.777077 9.649442 9.773695 9.656968 0.031852 0.032259 0.123639 0.119356 0.032259 0.031842 0.032259 81170 82709
50 62.310000 60.320000 1000000 9.771362 9.646216 9.767974 9.653742 0.031855 0.032259 0.123639 0.119357 0.032259 0.031845 0.032259 82700 83003
50 62.310000 60.320000 1000000 9.769899 9.645140 9.766509 9.652667 0.031854 0.032259 0.123639 0.119357 0.032259 0.031844 0.032259 83000 83213
50 62.310000 60.320000 1000000 9.769469 9.644065 9.766079 9.651592 0.031854 0.032259 0.122601 0.118281 0.032259 0.031844 0.032259 83210 92686
50 62.310000 60.320000 1000000 9.735652 9.595141 9.730489 9.587389 0.031867 0.032259 0.122082 0.117743 0.032259 0.031857 0.032259 92680 101410
50 62.310000 60.320000 1000000 9.697627 9.562883 9.692403 9.555131 0.031863 0.032259 0.117939 0.113442 0.032259 0.031853 0.032259 101410 102757
50 62.310000 60.320000 1000000 9.696701 9.561807 9.691476 9.554056 0.031861 0.032259 0.117939 0.113442 0.032259 0.031852 0.032259 102750 104529
50 62.310000 60.320000 1000000 9.674169 9.534926 9.668907 9.527174 0.031857 0.032259 0.111747 0.106990 0.032259 0.031848 0.032259 104520 106493
50 62.310000 60.320000 1000000 9.673405 9.533851 9.668142 9.526099 0.031856 0.032259 0.110718 0.105915 0.032259 0.031847 0.032259 106490 111979
50 62.310000 60.320000 1000000 9.640734 9.484389 9.633927 9.468573 0.031843 0.032259 0.136658 0.132796 0.032259 0.031832 0.032259 111970 112467
50 62.310000 60.320000 1000000 9.640294 9.483313 9.633487 9.467497 0.031843 0.032259 0.136658 0.132796 0.032259 0.031832 0.032259 112460 114888
50 62.310000 60.320000 1000000 9.622625 9.471485 9.615779 9.455670 0.031841 0.032259 0.130397 0.126343 0.032259 0.031831 0.032259 114880 116476
50 62.310000 60.320000 1000000 9.621006 9.466109 9.614157 9.450293 0.031837 0.032259 0.133525 0.129569 0.032259 0.031827 0.032259 116470 124216
50 62.310000 60.320000 1000000 9.581537 9.385465 9.572465 9.342410 0.031832 0.032259 0.157637 0.154301 0.032259 0.031821 0.032259 124210 131794
50 62.310000 60.320000 1000000 9.559343 9.371487 9.550207 9.328431 0.031837 0.032259 0.154481 0.151075 0.032259 0.031826 0.032259 131790 145073
50 62.310000 60.320000 1000000 9.537005 9.312347 9.531810 9.290170 0.031823 0.032259 0.124157 0.119893 0.032259 0.031811 0.032259 145070 145689
50 62.310000 60.320000 1000000 9.533186 9.309122 9.527985 9.286944 0.031826 0.032259 0.121045 0.116667 0.032259 0.031814 0.032259 145680 147949
50 62.310000 60.320000 1000000 9.526421 9.304821 9.521209 9.282643 0.031827 0.032259 0.117939 0.113441 0.032259 0.031815 0.032259 147940 151929
50 62.310000 60.320000 1000000 9.522538 9.301595 9.517319 9.279417 0.031825 0.032259 0.117939 0.113441 0.032259 0.031813 0.032259 151920 158626
50 62.310000 60.320000 1000000 9.499823 9.286541 9.494567 9.264363 0.031834 0.032259 0.114839 0.110215 0.032259 0.031822 0.032259 158620 159304
50 62.310000 60.320000 1000000 9.499305 9.285466 9.494049 9.263288 0.031833 0.032259 0.113807 0.109140 0.032259 0.031821 0.032259 159300 165228
50 62.310000 60.320000 1000000 9.496492 9.281165 9.491230 9.258987 0.031828 0.032259 0.109689 0.104839 0.032259 0.031816 0.032259 165220 171020
50 62.310000 60.320000 1000000 9.460711 9.259659 9.455390 9.237481 0.031834 0.032259 0.106612 0.101614 0.032259 0.031822 0.032259 171020 173191
50 62.310000 60.320000 1000000 9.457179 9.253207 9.451852 9.231030 0.031829 0.032259 0.105588 0.100540 0.032259 0.031817 0.032259 173190 175742
50 62.310000 60.320000 1000000 9.430078 9.237078 9.424705 9.214901 0.031842 0.032259 0.105587 0.100539 0.032259 0.031830 0.032259 175740 176039
50 62.310000 60.320000 1000000 9.428799 9.236003 9.423423 9.213826 0.031843 0.032259 0.105587 0.100539 0.032259 0.031831 0.032259 176030 176503
50 62.310000 60.320000 1000000 9.427004 9.234928 9.421625 9.212750 0.031844 0.032259 0.104564 0.099464 0.032259 0.031832 0.032259 176500 185660
50 62.310000 60.320000 1000000 9.405019 9.218799 9.399603 9.196621 0.031849 0.032259 0.109691 0.104840 0.032259 0.031837 0.032259 185660 187188
50 62.310000 60.320000 1000000 9.402397 9.198369 9.400040 9.200026 0.031846 0.032259 0.094394 0.088710 0.032259 0.031837 0.032259 185730 189041
50 62.310000 60.320000 1000000 9.393484 9.181165 9.391121 9.182822 0.031824 0.032259 0.102519 0.097312 0.032259 0.031816 0.032259 189040 193620
50 62.310000 60.320000 1000000 9.385816 9.167186 9.383446 9.168843 0.031815 0.032259 0.105586 0.100537 0.032259 0.031807 0.032259 193620 197042
50 62.310000 60.320000 1000000 9.384164 9.166111 9.381793 9.167768 0.031816 0.032259 0.106610 0.101613 0.032259 0.031808 0.032259 197040 207673
50 62.310000 60.320000 1000000 9.370761 9.156433 9.368380 9.158091 0.031815 0.032259 0.107636 0.102688 0.032259 0.031807 0.032259 207670 209974
50 62.310000 60.320000 1000000 9.369284 9.155358 9.366902 9.157015 0.031817 0.032259 0.106610 0.101613 0.032259 0.031808 0.032259 209970 250271
50 62.310000 60.320000 1000000 9.325774 9.112348 9.323616 9.116514 0.031813 0.032259 0.113807 0.109140 0.032259 0.031805 0.032259 250270 259413
50 62.310000 60.320000 1000000 9.316805 9.104821 9.314641 9.108987 0.031810 0.032259 0.111747 0.106989 0.032259 0.031801 0.032259 259410 264598
50 62.310000 60.320000 1000000 9.311781 9.098369 9.309613 9.102535 0.031800 0.032259 0.113807 0.109139 0.032259 0.031791 0.032259 264590 271751
50 62.310000 60.320000 1000000 9.306730 9.092993 9.304820 9.098413 0.031799 0.032259 0.111746 0.106989 0.032259 0.031791 0.032259 271750 274246
50 62.310000 60.320000 1000000 9.305796 9.091917 9.303885 9.097338 0.031800 0.032259 0.110717 0.105914 0.032259 0.031792 0.032259 274240 281255
50 62.310000 60.320000 1000000 9.303432 9.088692 9.301520 9.094112 0.031801 0.032259 0.107636 0.102688 0.032259 0.031792 0.032259 281250 281759
50 62.310000 60.320000 1000000 9.302901 9.087616 9.300988 9.093037 0.031799 0.032259 0.107636 0.102688 0.032259 0.031791 0.032259 281750 293957
50 62.310000 60.320000 1000000 9.279571 9.073638 9.277644 9.079059 0.031804 0.032259 0.105587 0.100538 0.032259 0.031795 0.032259 293950 311518
50 62.310000 60.320000 1000000 9.266364 9.059659 9.264428 9.065080 0.031804 0.032259 0.106610 0.101613 0.032259 0.031796 0.032259 311510 313581
50 62.310000 60.320000 1000000 9.265549 9.058584 9.263613 9.064005 0.031804 0.032259 0.107636 0.102688 0.032259 0.031796 0.032259 313580 320851
50 62.310000 60.320000 1000000 9.250936 9.048907 9.248991 9.054327 0.031809 0.032259 0.099463 0.094086 0.032259 0.031801 0.032259 320850 358196
50 62.310000 60.320000 1000000 9.228164 9.028477 9.226205 9.033897 0.031816 0.032259 0.104563 0.099463 0.032259 0.031807 0.032259 358190 360053
50 62.310000 60.320000 1000000 9.227426 9.027401 9.225466 9.032822 0.031814 0.032259 0.103541 0.098388 0.032259 0.031806 0.032259 360050 364621
50 62.310000 60.320000 1000000 9.225757 9.026326 9.223796 9.031747 0.031814 0.032259 0.103541 0.098388 0.032259 0.031805 0.032259 364620 396850
50 62.310000 60.320000 1000000 9.213111 9.016649 9.211142 9.022069 0.031815 0.032259 0.102519 0.097312 0.032259 0.031806 0.032259 372510 381899
50 62.310000 60.320000 1000000 9.196395 9.004821 9.194415 9.010241 0.031823 0.032259 0.106610 0.101613 0.032259 0.031815 0.032259 381890 396850
50 62.310000 60.320000 1000000 9.196228 9.003208 9.194159 9.007777 0.031823 0.032259 0.107123 0.102150 0.032259 0.031815 0.032259 396850 442858
50 62.310000 60.320000 1000000 9.176508 8.988154 9.174426 8.992724 0.031826 0.032259 0.102008 0.096773 0.032259 0.031818 0.032259 442850 446528
50 62.310000 60.320000 1000000 9.176170 8.987079 9.174088 8.991648 0.031826 0.032259 0.102008 0.096773 0.032259 0.031818 0.032259 446520 453100
50 62.310000 60.320000 1000000 9.160221 8.977401 9.158129 8.981971 0.031827 0.032259 0.105074 0.099999 0.032259 0.031818 0.032259 453100 472046
50 62.310000 60.320000 1000000 9.152054 8.968799 9.149956 8.973369 0.031832 0.032259 0.109174 0.104300 0.032259 0.031823 0.032259 472040 482837
50 62.310000 60.320000 1000000 9.151696 8.967724 9.149462 8.971890 0.031832 0.032259 0.109174 0.104300 0.032259 0.031824 0.032259 482830 499822
50 62.310000 60.320000 1000000 9.151078 8.966649 9.148844 8.970815 0.031832 0.032259 0.110202 0.105375 0.032259 0.031824 0.032259 499820 506983
50 62.310000 60.320000 1000000 9.130294 8.953745 9.128045 8.957912 0.031834 0.032259 0.107123 0.102151 0.032259 0.031826 0.032259 506980 513089
50 62.310000 60.320000 1000000 9.127162 8.950519 9.124911 8.954686 0.031836 0.032259 0.105075 0.100000 0.032259 0.031828 0.032259 513080 535960
50 62.310000 60.320000 1000000 9.124767 8.941380 9.122272 8.941290 0.031836 0.032259 0.103542 0.098389 0.032259 0.031827 0.032259 535960 556711
50 62.310000 60.320000 1000000 9.120015 8.933853 9.117252 8.932956 0.031839 0.032259 0.106612 0.101614 0.032259 0.031830 0.032259 556710 588783
50 62.310000 60.320000 1000000 9.101447 8.916649 9.098667 8.915752 0.031831 0.032259 0.101503 0.096240 0.032259 0.031823 0.032259 588780 603835
50 62.310000 60.320000 1000000 9.100895 8.915573 9.098114 8.914677 0.031830 0.032259 0.100484 0.095165 0.032259 0.031821 0.032259 603830 636231
50 62.310000 60.320000 1000000 9.079768 8.901595 9.076968 8.900698 0.031831 0.032259 0.105590 0.100542 0.032259 0.031823 0.032259 636230 657161
50 62.310000 60.320000 1000000 9.075366 8.897294 9.072562 8.896397 0.031834 0.032259 0.106614 0.101617 0.032259 0.031826 0.032259 657160 663834
50 62.310000 60.320000 1000000 9.073421 8.896218 9.070614 8.895322 0.031835 0.032259 0.106615 0.101618 0.032259 0.031826 0.032259 663830 683351
50 62.310000 60.320000 1000000 9.044505 8.871487 9.041671 8.870591 0.031841 0.032259 0.097435 0.091940 0.032259 0.031832 0.032259 683350 688823
50 62.310000 60.320000 1000000 9.044317 8.870412 9.041413 8.869112 0.031840 0.032259 0.096421 0.090865 0.032259 0.031832 0.032259 688820 694135
50 62.310000 60.320000 1000000 9.043375 8.869337 9.040471 8.868037 0.031839 0.032259 0.096421 0.090865 0.032259 0.031830 0.032259 694130 708418
50 62.310000 60.320000 1000000 9.041561 8.868261 9.038654 8.866962 0.031840 0.032259 0.095409 0.089790 0.032259 0.031832 0.032259 708410 724083
50 62.310000 60.320000 1000000 9.037277 8.865036 9.034366 8.863736 0.031841 0.032259 0.095407 0.089788 0.032259 0.031833 0.032259 724080 729913
50 62.310000 60.320000 1000000 9.036932 8.863960 9.034021 8.862661 0.031840 0.032259 0.095407 0.089788 0.032259 0.031832 0.032259 729910 751594
50 62.310000 60.320000 1000000 9.022400 8.852132 9.019475 8.850833 0.031842 0.032259 0.104566 0.099466 0.032259 0.031834 0.032259 751590 771985
50 62.310000 60.320000 1000000 9.020847 8.851057 9.017920 8.849757 0.031841 0.032259 0.105589 0.100541 0.032259 0.031833 0.032259 771980 834844
50 62.310000 60.320000 1000000 8.996735 8.828476 8.993785 8.827177 0.031842 0.032259 0.096419 0.090863 0.032259 0.031834 0.032259 834840 843298
50 62.310000 60.320000 1000000 8.991260 8.825251 8.988304 8.823951 0.031845 0.032259 0.095406 0.089787 0.032259 0.031837 0.032259 843290 847331
50 62.310000 60.320000 1000000 8.989396 8.824175 8.986439 8.822876 0.031845 0.032259 0.095406 0.089787 0.032259 0.031837 0.032259 847330 885962
50 62.310000 60.320000 1000000 8.968366 8.787616 8.964930 8.783001 0.031835 0.032259 0.100481 0.095162 0.032259 0.031826 0.032259 885960 909603
50 62.310000 60.320000 1000000 8.966474 8.783315 8.963036 8.778700 0.031831 0.032259 0.098447 0.093012 0.032259 0.031823 0.032259 909600 930556
50 62.310000 60.320000 1000000 8.951549 8.771487 8.948382 8.768127 0.031832 0.032259 0.095405 0.089785 0.032259 0.031823 0.032259 930550 932473
50 62.310000 60.320000 1000000 8.950680 8.770412 8.947512 8.767051 0.031832 0.032259 0.094393 0.088710 0.032259 0.031823 0.032259 932470 932761
50 62.310000 60.320000 1000000 8.950509 8.769337 8.947276 8.765573 0.031832 0.032259 0.094393 0.088710 0.032259 0.031823 0.032259 932760 938223
50 62.310000 60.320000 1000000 8.949942 8.768261 8.946709 8.764498 0.031831 0.032259 0.094393 0.088710 0.032259 0.031822 0.032259 938220 1000000
