22 62.310000 60.320000 1000000 14.842017 14.522543 14.838811 14.518330 0.032127 0.032259 0.223844 0.221508 0.032259 0.032118 0.032259 0 50
22 62.310000 60.320000 1000000 13.848722 13.658028 13.846913 13.664613 0.032154 0.032259 0.237683 0.235484 0.032259 0.032145 0.032259 50 60
22 62.310000 60.320000 1000000 13.593283 13.436524 13.590901 13.439794 0.032166 0.032259 0.259007 0.256990 0.032259 0.032157 0.032259 60 70
22 62.310000 60.320000 1000000 13.427806 13.288675 13.424250 13.284060 0.032175 0.032259 0.207360 0.204836 0.032259 0.032166 0.032259 70 81
22 62.310000 60.320000 1000000 13.336256 13.202654 13.332504 13.196336 0.032174 0.032259 0.211612 0.209139 0.032259 0.032165 0.032259 80 91
22 62.310000 60.320000 1000000 13.270228 13.144589 13.266420 13.138271 0.032184 0.032259 0.196751 0.194088 0.032259 0.032175 0.032259 90 101
22 62.310000 60.320000 1000000 13.216554 13.086525 13.214274 13.091945 0.032185 0.032259 0.192508 0.189786 0.032259 0.032176 0.032259 100 112
22 62.310000 60.320000 1000000 13.127738 12.998354 13.125411 13.003773 0.032177 0.032259 0.207362 0.204837 0.032259 0.032168 0.032259 110 122
22 62.310000 60.320000 1000000 13.033779 12.918784 13.031401 12.924204 0.032194 0.032259 0.176623 0.173652 0.032259 0.032185 0.032259 120 130
22 62.310000 60.320000 1000000 12.981018 12.874698 12.978258 12.878505 0.032198 0.032259 0.169228 0.166125 0.032259 0.032189 0.032259 130 141
22 62.310000 60.320000 1000000 12.930241 12.839215 12.927360 12.842618 0.032197 0.032259 0.167119 0.163976 0.032259 0.032188 0.032259 140 151
22 62.310000 60.320000 1000000 12.869504 12.788677 12.866582 12.792081 0.032195 0.032259 0.177681 0.174729 0.032259 0.032186 0.032259 150 160
22 62.310000 60.320000 1000000 12.827101 12.748892 12.824150 12.752296 0.032191 0.032259 0.180857 0.177957 0.032259 0.032182 0.032259 160 172
22 62.310000 60.320000 1000000 12.801193 12.717171 12.798025 12.718021 0.032185 0.032259 0.190919 0.188174 0.032259 0.032176 0.032259 170 183
22 62.310000 60.320000 1000000 12.767750 12.688140 12.764557 12.688990 0.032193 0.032259 0.199402 0.196776 0.032259 0.032184 0.032259 180 190
22 62.310000 60.320000 1000000 12.709910 12.624699 12.706673 12.625549 0.032196 0.032259 0.171873 0.168818 0.032259 0.032187 0.032259 190 216
22 62.310000 60.320000 1000000 12.685724 12.591904 12.682151 12.588497 0.032193 0.032259 0.163959 0.160755 0.032259 0.032184 0.032259 210 221
22 62.310000 60.320000 1000000 12.669231 12.572549 12.665828 12.570397 0.032194 0.032259 0.150280 0.146777 0.032259 0.032185 0.032259 220 230
22 62.310000 60.320000 1000000 12.643548 12.548893 12.640124 12.546741 0.032190 0.032259 0.149230 0.145702 0.032259 0.032180 0.032259 230 258
22 62.310000 60.320000 1000000 12.606647 12.512334 12.602915 12.508973 0.032195 0.032259 0.155535 0.152153 0.032259 0.032185 0.032259 250 273
22 62.310000 60.320000 1000000 12.551944 12.453194 12.548162 12.449833 0.032179 0.032259 0.159744 0.156452 0.032259 0.032170 0.032259 270 281
22 62.310000 60.320000 1000000 12.524626 12.432764 12.520820 12.429403 0.032178 0.032259 0.154482 0.151076 0.032259 0.032168 0.032259 280 294
22 62.310000 60.320000 1000000 12.501293 12.402657 12.497465 12.399295 0.032170 0.032259 0.150278 0.146775 0.032259 0.032161 0.032259 290 317
22 62.310000 60.320000 1000000 12.481271 12.382227 12.477426 12.378865 0.032163 0.032259 0.156585 0.153226 0.032259 0.032154 0.032259 310 337
22 62.310000 60.320000 1000000 12.449298 12.358571 12.445423 12.355210 0.032170 0.032259 0.156586 0.153227 0.032259 0.032161 0.032259 330 414
22 62.310000 60.320000 1000000 12.397033 12.299432 12.393108 12.296070 0.032143 0.032259 0.163955 0.160750 0.032259 0.032134 0.032259 400 429
22 62.310000 60.320000 1000000 12.373576 12.269324 12.370260 12.269726 0.032150 0.032259 0.150274 0.146771 0.032259 0.032141 0.032259 420 432
22 62.310000 60.320000 1000000 12.361033 12.251045 12.359352 12.262737 0.032148 0.032259 0.159739 0.156448 0.032259 0.032139 0.032259 430 443
22 62.310000 60.320000 1000000 12.359648 12.247819 12.358134 12.260766 0.032147 0.032259 0.162900 0.159674 0.032259 0.032139 0.032259 440 451
22 62.310000 60.320000 1000000 12.349053 12.237066 12.347535 12.250013 0.032144 0.032259 0.161846 0.158598 0.032259 0.032136 0.032259 450 461
22 62.310000 60.320000 1000000 12.334144 12.224163 12.332620 12.237110 0.032145 0.032259 0.149224 0.145695 0.032259 0.032137 0.032259 460 473
22 62.310000 60.320000 1000000 12.319146 12.200507 12.317618 12.213454 0.032143 0.032259 0.142931 0.139243 0.032259 0.032134 0.032259 470 520
22 62.310000 60.320000 1000000 12.281978 12.173625 12.280435 12.186572 0.032154 0.032259 0.148174 0.144620 0.032259 0.032146 0.032259 520 540
22 62.310000 60.320000 1000000 12.257890 12.149970 12.256338 12.162917 0.032155 0.032259 0.148175 0.144620 0.032259 0.032146 0.032259 540 568
22 62.310000 60.320000 1000000 12.231519 12.112335 12.229332 12.116770 0.032161 0.032259 0.138747 0.134945 0.032259 0.032152 0.032259 560 598
22 62.310000 60.320000 1000000 12.213957 12.097282 12.211760 12.101716 0.032164 0.032259 0.130396 0.126343 0.032259 0.032155 0.032259 570 629
22 62.310000 60.320000 1000000 12.182618 12.073626 12.180404 12.078060 0.032166 0.032259 0.147128 0.143548 0.032259 0.032157 0.032259 620 631
22 62.310000 60.320000 1000000 12.171587 12.049970 12.168066 12.048759 0.032164 0.032259 0.141887 0.138171 0.032259 0.032155 0.032259 630 641
22 62.310000 60.320000 1000000 12.165011 12.043519 12.161484 12.042308 0.032164 0.032259 0.138747 0.134945 0.032259 0.032155 0.032259 640 652
22 62.310000 60.320000 1000000 12.154932 12.037067 12.151397 12.035856 0.032166 0.032259 0.134568 0.130644 0.032259 0.032156 0.032259 650 677
22 62.310000 60.320000 1000000 12.100879 11.982229 12.097296 11.981018 0.032142 0.032259 0.127275 0.123119 0.032259 0.032133 0.032259 670 684
22 62.310000 60.320000 1000000 12.096464 11.977928 12.092877 11.976717 0.032143 0.032259 0.129356 0.125269 0.032259 0.032133 0.032259 680 691
22 62.310000 60.320000 1000000 12.091378 11.971476 12.087786 11.970266 0.032138 0.032259 0.130397 0.126344 0.032259 0.032129 0.032259 690 702
22 62.310000 60.320000 1000000 12.089513 11.970401 12.085920 11.969190 0.032138 0.032259 0.129356 0.125269 0.032259 0.032129 0.032259 700 736
22 62.310000 60.320000 1000000 12.074867 11.954272 12.071261 11.953061 0.032138 0.032259 0.135612 0.131720 0.032259 0.032128 0.032259 730 771
22 62.310000 60.320000 1000000 12.029004 11.902659 12.025578 11.902703 0.032130 0.032259 0.141887 0.138171 0.032259 0.032121 0.032259 770 805
22 62.310000 60.320000 1000000 12.020795 11.890831 12.017362 11.890875 0.032129 0.032259 0.140841 0.137097 0.032259 0.032120 0.032259 800 818
22 62.310000 60.320000 1000000 12.018984 11.889756 12.015549 11.889800 0.032130 0.032259 0.139794 0.136022 0.032259 0.032120 0.032259 810 843
22 62.310000 60.320000 1000000 12.007407 11.879004 12.003962 11.879047 0.032127 0.032259 0.138749 0.134947 0.032259 0.032118 0.032259 840 874
22 62.310000 60.320000 1000000 11.972456 11.853197 11.968982 11.853241 0.032130 0.032259 0.135614 0.131722 0.032259 0.032121 0.032259 870 883
22 62.310000 60.320000 1000000 11.968102 11.846746 11.964624 11.846789 0.032125 0.032259 0.139795 0.136023 0.032259 0.032116 0.032259 880 987
22 62.310000 60.320000 1000000 11.906184 11.792983 11.902651 11.793026 0.032115 0.032259 0.121044 0.116667 0.032259 0.032106 0.032259 950 972
22 62.310000 60.320000 1000000 11.885337 11.773628 11.881785 11.773672 0.032116 0.032259 0.133525 0.129570 0.032259 0.032106 0.032259 970 987
22 62.310000 60.320000 1000000 11.879766 11.770402 11.876210 11.770446 0.032117 0.032259 0.131439 0.127419 0.032259 0.032108 0.032259 980 1002
22 62.310000 60.320000 1000000 11.879649 11.768789 11.876029 11.767982 0.032117 0.032259 0.131960 0.127957 0.032259 0.032108 0.032259 1000 1018
22 62.310000 60.320000 1000000 11.878893 11.767714 11.875273 11.766906 0.032116 0.032259 0.133003 0.129032 0.032259 0.032107 0.032259 1010 1062
22 62.310000 60.320000 1000000 11.839683 11.734381 11.835812 11.732767 0.032118 0.032259 0.136136 0.132259 0.032259 0.032108 0.032259 1060 1083
22 62.310000 60.320000 1000000 11.833311 11.725779 11.829434 11.724165 0.032110 0.032259 0.131961 0.127958 0.032259 0.032101 0.032259 1080 1145
22 62.310000 60.320000 1000000 11.817018 11.710725 11.813501 11.711620 0.032113 0.032259 0.125716 0.121506 0.032259 0.032104 0.032259 1140 1153
22 62.310000 60.320000 1000000 11.814315 11.708574 11.810795 11.709469 0.032113 0.032259 0.124677 0.120431 0.032259 0.032104 0.032259 1150 1260
22 62.310000 60.320000 1000000 11.773938 11.669865 11.771069 11.674523 0.032113 0.032259 0.139272 0.135485 0.032259 0.032104 0.032259 1260 1286
22 62.310000 60.320000 1000000 11.772613 11.668790 11.769743 11.673448 0.032113 0.032259 0.138226 0.134410 0.032259 0.032104 0.032259 1280 1294
22 62.310000 60.320000 1000000 11.742943 11.649435 11.740051 11.654093 0.032119 0.032259 0.139271 0.135484 0.032259 0.032110 0.032259 1290 1380
22 62.310000 60.320000 1000000 11.696118 11.602123 11.693192 11.606781 0.032103 0.032259 0.139272 0.135484 0.032259 0.032094 0.032259 1380 1487
22 62.310000 60.320000 1000000 11.643301 11.554812 11.640335 11.559470 0.032096 0.032259 0.133005 0.129034 0.032259 0.032086 0.032259 1480 1502
22 62.310000 60.320000 1000000 11.637049 11.548360 11.634077 11.553018 0.032095 0.032259 0.134049 0.130109 0.032259 0.032085 0.032259 1500 1540
22 62.310000 60.320000 1000000 11.632940 11.541908 11.629966 11.546567 0.032093 0.032259 0.134049 0.130109 0.032259 0.032084 0.032259 1540 1561
22 62.310000 60.320000 1000000 11.629087 11.535457 11.626110 11.540115 0.032092 0.032259 0.136137 0.132260 0.032259 0.032083 0.032259 1560 1583
22 62.310000 60.320000 1000000 11.628664 11.534381 11.625686 11.539040 0.032092 0.032259 0.137182 0.133335 0.032259 0.032083 0.032259 1580 1597
22 62.310000 60.320000 1000000 11.612957 11.519328 11.609967 11.523986 0.032081 0.032259 0.141366 0.137636 0.032259 0.032071 0.032259 1590 1670
22 62.310000 60.320000 1000000 11.596703 11.504274 11.593701 11.508933 0.032079 0.032259 0.143460 0.139786 0.032259 0.032070 0.032259 1670 1713
22 62.310000 60.320000 1000000 11.587816 11.492446 11.584807 11.497105 0.032081 0.032259 0.145555 0.141936 0.032259 0.032071 0.032259 1710 1732
22 62.310000 60.320000 1000000 11.567901 11.469866 11.564706 11.472821 0.032075 0.032259 0.145555 0.141935 0.032259 0.032065 0.032259 1730 1744
22 62.310000 60.320000 1000000 11.560627 11.462876 11.557246 11.464578 0.032076 0.032259 0.147129 0.143549 0.032259 0.032066 0.032259 1740 1765
22 62.310000 60.320000 1000000 11.560502 11.461263 11.557054 11.462114 0.032076 0.032259 0.147653 0.144086 0.032259 0.032066 0.032259 1760 1804
22 62.310000 60.320000 1000000 11.545603 11.433307 11.542142 11.434157 0.032069 0.032259 0.152903 0.149462 0.032259 0.032060 0.032259 1800 1858
22 62.310000 60.320000 1000000 11.537249 11.423629 11.534016 11.425734 0.032071 0.032259 0.152903 0.149461 0.032259 0.032061 0.032259 1850 2002
22 62.310000 60.320000 1000000 11.495906 11.394597 11.492638 11.396702 0.032074 0.032259 0.155005 0.151611 0.032259 0.032065 0.032259 2000 2032
22 62.310000 60.320000 1000000 11.488782 11.385995 11.485508 11.388100 0.032074 0.032259 0.147651 0.144084 0.032259 0.032065 0.032259 2030 2047
22 62.310000 60.320000 1000000 11.487951 11.384920 11.484676 11.387025 0.032073 0.032259 0.147651 0.144084 0.032259 0.032064 0.032259 2040 2055
22 62.310000 60.320000 1000000 11.487106 11.383845 11.483830 11.385949 0.032072 0.032259 0.147651 0.144084 0.032259 0.032063 0.032259 2050 2121
22 62.310000 60.320000 1000000 11.474756 11.372017 11.471670 11.375376 0.032069 0.032259 0.144505 0.140859 0.032259 0.032060 0.032259 2120 2144
22 62.310000 60.320000 1000000 11.469236 11.362877 11.466061 11.365385 0.032065 0.032259 0.143981 0.140321 0.032259 0.032056 0.032259 2140 2213
22 62.310000 60.320000 1000000 11.448391 11.345673 11.445199 11.348181 0.032056 0.032259 0.142933 0.139245 0.032259 0.032046 0.032259 2210 2340
22 62.310000 60.320000 1000000 11.440694 11.338146 11.437495 11.340654 0.032055 0.032259 0.142933 0.139245 0.032259 0.032046 0.032259 2340 2487
22 62.310000 60.320000 1000000 11.405500 11.312339 11.402272 11.314847 0.032058 0.032259 0.156582 0.153224 0.032259 0.032049 0.032259 2480 2779
22 62.310000 60.320000 1000000 11.370423 11.288683 11.367165 11.291191 0.032065 0.032259 0.148178 0.144624 0.032259 0.032055 0.032259 2610 2766
22 62.310000 60.320000 1000000 11.351352 11.271479 11.347841 11.273180 0.032065 0.032259 0.139793 0.136021 0.032259 0.032055 0.032259 2760 2779
22 62.310000 60.320000 1000000 11.349581 11.270404 11.346069 11.272105 0.032065 0.032259 0.138747 0.134945 0.032259 0.032056 0.032259 2770 2799
22 62.310000 60.320000 1000000 11.348876 11.269328 11.345363 11.271030 0.032065 0.032259 0.139793 0.136021 0.032259 0.032055 0.032259 2790 2878
22 62.310000 60.320000 1000000 11.341364 11.260726 11.337843 11.262428 0.032064 0.032259 0.134568 0.130645 0.032259 0.032055 0.032259 2870 2964
22 62.310000 60.320000 1000000 11.333179 11.253199 11.329651 11.254901 0.032066 0.032259 0.131439 0.127419 0.032259 0.032057 0.032259 2960 3088
22 62.310000 60.320000 1000000 11.310023 11.219866 11.306473 11.221568 0.032053 0.032259 0.135611 0.131719 0.032259 0.032043 0.032259 3080 3120
22 62.310000 60.320000 1000000 11.307441 11.216640 11.303888 11.218342 0.032049 0.032259 0.135611 0.131719 0.032259 0.032040 0.032259 3120 3331
22 62.310000 60.320000 1000000 11.269859 11.187608 11.266132 11.187607 0.032045 0.032259 0.135610 0.131718 0.032259 0.032035 0.032259 3330 3455
22 62.310000 60.320000 1000000 11.258777 11.172555 11.255038 11.172554 0.032036 0.032259 0.135610 0.131718 0.032259 0.032026 0.032259 3450 3561
22 62.310000 60.320000 1000000 11.238953 11.158576 11.235195 11.158575 0.032038 0.032259 0.126232 0.122041 0.032259 0.032029 0.032259 3560 3573
22 62.310000 60.320000 1000000 11.237295 11.157501 11.233535 11.157500 0.032038 0.032259 0.126232 0.122041 0.032259 0.032029 0.032259 3570 3642
22 62.310000 60.320000 1000000 11.221205 11.141372 11.217429 11.141371 0.032034 0.032259 0.126232 0.122040 0.032259 0.032025 0.032259 3630 3683
22 62.310000 60.320000 1000000 11.210560 11.126318 11.206773 11.126317 0.032025 0.032259 0.139792 0.136019 0.032259 0.032015 0.032259 3650 3772
22 62.310000 60.320000 1000000 11.202908 11.117716 11.199113 11.117715 0.032016 0.032259 0.139791 0.136018 0.032259 0.032007 0.032259 3770 4039
22 62.310000 60.320000 1000000 11.184399 11.100512 11.180585 11.100511 0.032007 0.032259 0.139792 0.136019 0.032259 0.031998 0.032259 4030 4053
22 62.310000 60.320000 1000000 11.182745 11.099436 11.178930 11.099435 0.032007 0.032259 0.139792 0.136019 0.032259 0.031998 0.032259 4050 4076
22 62.310000 60.320000 1000000 11.175135 11.088684 11.171312 11.088683 0.032006 0.032259 0.138746 0.134944 0.032259 0.031996 0.032259 4070 4200
22 62.310000 60.320000 1000000 11.162436 11.054275 11.158600 11.054274 0.032004 0.032259 0.141886 0.138170 0.032259 0.031995 0.032259 4200 4413
22 62.310000 60.320000 1000000 11.133766 11.032770 11.129900 11.032769 0.032000 0.032259 0.153428 0.149998 0.032259 0.031991 0.032259 4410 4905
22 62.310000 60.320000 1000000 11.071708 10.979007 11.067594 10.977303 0.031987 0.032259 0.149228 0.145700 0.032259 0.031978 0.032259 4790 4855
22 62.310000 60.320000 1000000 11.066774 10.974706 11.062654 10.973002 0.031983 0.032259 0.147129 0.143549 0.032259 0.031974 0.032259 4850 5607
22 62.310000 60.320000 1000000 10.988673 10.895136 10.984212 10.892626 0.031960 0.032259 0.143982 0.140322 0.032259 0.031951 0.032259 5600 5634
22 62.310000 60.320000 1000000 10.981495 10.889759 10.977025 10.887249 0.031959 0.032259 0.141887 0.138171 0.032259 0.031950 0.032259 5630 6197
22 62.310000 60.320000 1000000 10.928455 10.843523 10.923920 10.841013 0.031945 0.032259 0.147127 0.143547 0.032259 0.031936 0.032259 6190 7250
22 62.310000 60.320000 1000000 10.858531 10.741373 10.859072 10.766461 0.031935 0.032259 0.168177 0.165054 0.032259 0.031925 0.032259 7250 7696
22 62.310000 60.320000 1000000 10.841252 10.727395 10.841796 10.752483 0.031943 0.032259 0.161850 0.158603 0.032259 0.031933 0.032259 7690 8083
22 62.310000 60.320000 1000000 10.819821 10.696212 10.818258 10.713639 0.031949 0.032259 0.139795 0.136022 0.032259 0.031939 0.032259 8080 8382
22 62.310000 60.320000 1000000 10.807497 10.681158 10.805372 10.696569 0.031953 0.032259 0.132483 0.128496 0.032259 0.031943 0.032259 8360 8450
22 62.310000 60.320000 1000000 10.787118 10.661803 10.784981 10.677214 0.031951 0.032259 0.128314 0.124193 0.032259 0.031941 0.032259 8450 8885
22 62.310000 60.320000 1000000 10.729182 10.623094 10.727010 10.638505 0.031963 0.032259 0.139794 0.136021 0.032259 0.031953 0.032259 8880 9146
22 62.310000 60.320000 1000000 10.726806 10.619868 10.724633 10.635279 0.031963 0.032259 0.138747 0.134945 0.032259 0.031953 0.032259 9140 9200
22 62.310000 60.320000 1000000 10.723764 10.616642 10.721589 10.632053 0.031960 0.032259 0.140840 0.137096 0.032259 0.031950 0.032259 9200 9312
22 62.310000 60.320000 1000000 10.720655 10.613417 10.718478 10.628827 0.031957 0.032259 0.137702 0.133870 0.032259 0.031947 0.032259 9310 9341
22 62.310000 60.320000 1000000 10.720449 10.612341 10.718513 10.629007 0.031957 0.032259 0.136657 0.132795 0.032259 0.031947 0.032259 9340 9585
22 62.310000 60.320000 1000000 10.716445 10.609116 10.714507 10.625781 0.031958 0.032259 0.136656 0.132794 0.032259 0.031948 0.032259 9580 10054
22 62.310000 60.320000 1000000 10.699495 10.590836 10.697547 10.607501 0.031946 0.032259 0.137703 0.133871 0.032259 0.031936 0.032259 10050 10287
22 62.310000 60.320000 1000000 10.687401 10.583309 10.685447 10.599974 0.031949 0.032259 0.133525 0.129570 0.032259 0.031939 0.032259 10280 10454
22 62.310000 60.320000 1000000 10.687229 10.582234 10.685475 10.600154 0.031949 0.032259 0.134569 0.130645 0.032259 0.031939 0.032259 10450 10503
22 62.310000 60.320000 1000000 10.686973 10.581159 10.685122 10.598675 0.031949 0.032259 0.134569 0.130645 0.032259 0.031939 0.032259 10500 10642
22 62.310000 60.320000 1000000 10.681397 10.539762 10.677499 10.535997 0.031951 0.032259 0.124677 0.120432 0.032259 0.031941 0.032259 10640 11080
22 62.310000 60.320000 1000000 10.671100 10.530084 10.667191 10.526320 0.031949 0.032259 0.127796 0.123657 0.032259 0.031940 0.032259 11080 11243
22 62.310000 60.320000 1000000 10.668661 10.526858 10.664946 10.524348 0.031947 0.032259 0.127796 0.123657 0.032259 0.031937 0.032259 11240 12135
22 62.310000 60.320000 1000000 10.625412 10.480622 10.621652 10.478112 0.031941 0.032259 0.136136 0.132259 0.032259 0.031932 0.032259 12130 12205
22 62.310000 60.320000 1000000 10.625244 10.479547 10.621680 10.478291 0.031941 0.032259 0.136136 0.132259 0.032259 0.031932 0.032259 12200 12258
22 62.310000 60.320000 1000000 10.624552 10.478471 10.620988 10.477216 0.031941 0.032259 0.136136 0.132259 0.032259 0.031932 0.032259 12250 12492
22 62.310000 60.320000 1000000 10.620038 10.474170 10.616469 10.472915 0.031943 0.032259 0.138227 0.134410 0.032259 0.031933 0.032259 12490 12586
22 62.310000 60.320000 1000000 10.615442 10.470944 10.611869 10.469689 0.031944 0.032259 0.136136 0.132259 0.032259 0.031935 0.032259 12580 13051
22 62.310000 60.320000 1000000 10.604553 10.460192 10.600969 10.458936 0.031941 0.032259 0.137181 0.133334 0.032259 0.031931 0.032259 13050 13427
22 62.310000 60.320000 1000000 10.596883 10.454816 10.593291 10.453560 0.031942 0.032259 0.136136 0.132259 0.032259 0.031932 0.032259 13420 13599
22 62.310000 60.320000 1000000 10.595477 10.453740 10.591884 10.452485 0.031942 0.032259 0.136136 0.132259 0.032259 0.031933 0.032259 13590 14432
22 62.310000 60.320000 1000000 10.575920 10.437611 10.572307 10.436356 0.031942 0.032259 0.123638 0.119356 0.032259 0.031933 0.032259 14430 14475
22 62.310000 60.320000 1000000 10.574452 10.436536 10.570837 10.435281 0.031942 0.032259 0.122600 0.118280 0.032259 0.031932 0.032259 14470 14763
22 62.310000 60.320000 1000000 10.574192 10.435461 10.570479 10.433802 0.031942 0.032259 0.122600 0.118280 0.032259 0.031932 0.032259 14760 16176
22 62.310000 60.320000 1000000 10.543422 10.410730 10.539676 10.409071 0.031952 0.032259 0.123638 0.119356 0.032259 0.031943 0.032259 14960 15374
22 62.310000 60.320000 1000000 10.515763 10.391375 10.512486 10.392225 0.031970 0.032259 0.121564 0.117206 0.032259 0.031961 0.032259 15370 16176
22 62.310000 60.320000 1000000 10.502522 10.380622 10.499232 10.381473 0.031968 0.032259 0.121561 0.117203 0.032259 0.031958 0.032259 16170 17057
22 62.310000 60.320000 1000000 10.491052 10.374171 10.487751 10.375021 0.031972 0.032259 0.121563 0.117204 0.032259 0.031962 0.032259 17050 17120
22 62.310000 60.320000 1000000 10.489496 10.373096 10.486194 10.373946 0.031971 0.032259 0.121563 0.117204 0.032259 0.031962 0.032259 17120 17897
22 62.310000 60.320000 1000000 10.459397 10.345139 10.456066 10.345989 0.031958 0.032259 0.133004 0.129033 0.032259 0.031949 0.032259 17890 20745
22 62.310000 60.320000 1000000 10.396426 10.288150 10.393034 10.289000 0.031941 0.032259 0.133005 0.129033 0.032259 0.031932 0.032259 20740 21009
22 62.310000 60.320000 1000000 10.395740 10.287074 10.392347 10.287925 0.031941 0.032259 0.133005 0.129034 0.032259 0.031932 0.032259 21000 21415
22 62.310000 60.320000 1000000 10.379316 10.273096 10.375908 10.273946 0.031936 0.032259 0.121564 0.117206 0.032259 0.031927 0.032259 21410 21493
22 62.310000 60.320000 1000000 10.378376 10.272021 10.374967 10.272871 0.031936 0.032259 0.122601 0.118281 0.032259 0.031927 0.032259 21490 21574
22 62.310000 60.320000 1000000 10.378004 10.270945 10.374594 10.271796 0.031936 0.032259 0.122601 0.118281 0.032259 0.031927 0.032259 21570 21867
22 62.310000 60.320000 1000000 10.366813 10.258042 10.363392 10.258892 0.031925 0.032259 0.125716 0.121506 0.032259 0.031916 0.032259 21860 23159
22 62.310000 60.320000 1000000 10.301892 10.205354 10.298406 10.206205 0.031924 0.032259 0.159217 0.155915 0.032259 0.031914 0.032259 23150 28046
22 62.310000 60.320000 1000000 10.265770 10.154817 10.262247 10.155667 0.031893 0.032259 0.151855 0.148389 0.032259 0.031884 0.032259 28040 32102
22 62.310000 60.320000 1000000 10.202231 10.084925 10.199425 10.089539 0.031872 0.032259 0.173984 0.170967 0.032259 0.031862 0.032259 32100 32125
22 62.310000 60.320000 1000000 10.201451 10.083849 10.198644 10.088463 0.031872 0.032259 0.175041 0.172043 0.032259 0.031862 0.032259 32120 35082
22 62.310000 60.320000 1000000 10.193136 10.059656 10.190051 10.061716 0.031863 0.032259 0.188268 0.185483 0.032259 0.031853 0.032259 35080 35922
22 62.310000 60.320000 1000000 10.192241 10.058581 10.189155 10.060641 0.031863 0.032259 0.188268 0.185483 0.032259 0.031853 0.032259 35920 38384
22 62.310000 60.320000 1000000 10.148463 10.016646 10.145337 10.018706 0.031855 0.032259 0.200991 0.198386 0.032259 0.031845 0.032259 38380 41702
22 62.310000 60.320000 1000000 10.126511 9.987613 10.121966 9.984835 0.031850 0.032259 0.202054 0.199462 0.032259 0.031841 0.032259 40270 41985
22 62.310000 60.320000 1000000 10.119660 9.982237 10.115106 9.979458 0.031853 0.032259 0.199931 0.197312 0.032259 0.031843 0.032259 41980 43735
22 62.310000 60.320000 1000000 10.110526 9.974710 10.105960 9.971932 0.031852 0.032259 0.199931 0.197312 0.032259 0.031842 0.032259 43730 43956
22 62.310000 60.320000 1000000 10.109526 9.973635 10.104958 9.970856 0.031850 0.032259 0.199931 0.197312 0.032259 0.031841 0.032259 43950 44386
22 62.310000 60.320000 1000000 10.108626 9.972560 10.104057 9.969781 0.031850 0.032259 0.199931 0.197312 0.032259 0.031841 0.032259 44380 48195
22 62.310000 60.320000 1000000 10.026950 9.923097 10.022268 9.920318 0.031886 0.032259 0.193566 0.190859 0.032259 0.031877 0.032259 48190 48992
22 62.310000 60.320000 1000000 10.012243 9.890839 10.007807 9.889315 0.031877 0.032259 0.182973 0.180107 0.032259 0.031868 0.032259 48990 51345
22 62.310000 60.320000 1000000 10.007834 9.880087 10.003392 9.878562 0.031877 0.032259 0.172399 0.169354 0.032259 0.031868 0.032259 49400 51907
22 62.310000 60.320000 1000000 9.969888 9.840302 9.965395 9.838778 0.031869 0.032259 0.178742 0.175807 0.032259 0.031860 0.032259 51900 52361
22 62.310000 60.320000 1000000 9.969408 9.839227 9.964915 9.837702 0.031868 0.032259 0.177684 0.174732 0.032259 0.031859 0.032259 52360 52650
22 62.310000 60.320000 1000000 9.968729 9.838151 9.964234 9.836627 0.031867 0.032259 0.178742 0.175807 0.032259 0.031858 0.032259 52650 53369
22 62.310000 60.320000 1000000 9.961208 9.832775 9.956703 9.831251 0.031867 0.032259 0.175570 0.172581 0.032259 0.031858 0.032259 53360 55829
22 62.310000 60.320000 1000000 9.933341 9.806968 9.928798 9.805444 0.031844 0.032259 0.172400 0.169355 0.032259 0.031835 0.032259 55820 60520
22 62.310000 60.320000 1000000 9.907071 9.767183 9.904992 9.778652 0.031839 0.032259 0.184032 0.181183 0.032259 0.031829 0.032259 60520 62891
22 62.310000 60.320000 1000000 9.893139 9.745678 9.891272 9.758401 0.031813 0.032259 0.199933 0.197313 0.032259 0.031802 0.032259 62890 64482
22 62.310000 60.320000 1000000 9.891602 9.744603 9.889734 9.757326 0.031813 0.032259 0.199933 0.197313 0.032259 0.031803 0.032259 64480 67784
22 62.310000 60.320000 1000000 9.860751 9.723098 9.858866 9.735821 0.031826 0.032259 0.187211 0.184411 0.032259 0.031816 0.032259 67780 68248
22 62.310000 60.320000 1000000 9.859800 9.722022 9.857914 9.734746 0.031826 0.032259 0.186152 0.183336 0.032259 0.031816 0.032259 68240 75898
22 62.310000 60.320000 1000000 9.846213 9.712345 9.844319 9.725068 0.031823 0.032259 0.187211 0.184411 0.032259 0.031813 0.032259 70170 76409
22 62.310000 60.320000 1000000 9.825063 9.689764 9.823158 9.702488 0.031820 0.032259 0.176629 0.173659 0.032259 0.031810 0.032259 76400 84551
22 62.310000 60.320000 1000000 9.793925 9.654818 9.791711 9.664988 0.031802 0.032259 0.181387 0.178495 0.032259 0.031792 0.032259 84550 84782
22 62.310000 60.320000 1000000 9.792743 9.653743 9.790529 9.663913 0.031801 0.032259 0.181387 0.178495 0.032259 0.031791 0.032259 84780 85427
22 62.310000 60.320000 1000000 9.791535 9.652668 9.789319 9.662837 0.031802 0.032259 0.180329 0.177420 0.032259 0.031792 0.032259 85420 88291
22 62.310000 60.320000 1000000 9.785906 9.647829 9.783602 9.657147 0.031805 0.032259 0.177685 0.174732 0.032259 0.031795 0.032259 88290 91660
22 62.310000 60.320000 1000000 9.770245 9.637076 9.767931 9.646395 0.031808 0.032259 0.174514 0.171506 0.032259 0.031798 0.032259 91660 91826
22 62.310000 60.320000 1000000 9.769831 9.636001 9.767516 9.645319 0.031808 0.032259 0.174513 0.171506 0.032259 0.031798 0.032259 91820 102603
22 62.310000 60.320000 1000000 9.768041 9.618259 9.764779 9.618214 0.031809 0.032259 0.168705 0.165592 0.032259 0.031799 0.032259 92070 100921
22 62.310000 60.320000 1000000 9.732554 9.567184 9.727118 9.558223 0.031794 0.032259 0.162904 0.159678 0.032259 0.031785 0.032259 100920 102603
22 62.310000 60.320000 1000000 9.724952 9.555356 9.719503 9.546395 0.031797 0.032259 0.160797 0.157528 0.032259 0.031788 0.032259 102600 104327
22 62.310000 60.320000 1000000 9.679922 9.534925 9.674397 9.525964 0.031841 0.032259 0.142936 0.139248 0.032259 0.031832 0.032259 104320 106863
22 62.310000 60.320000 1000000 9.628444 9.471485 9.629022 9.502667 0.031860 0.032259 0.151327 0.147849 0.032259 0.031853 0.032259 106860 111783
22 62.310000 60.320000 1000000 9.613178 9.454281 9.613759 9.485463 0.031855 0.032259 0.148177 0.144623 0.032259 0.031848 0.032259 111780 116245
22 62.310000 60.320000 1000000 9.606557 9.447829 9.607139 9.479011 0.031858 0.032259 0.145031 0.141398 0.032259 0.031850 0.032259 116240 118737
22 62.310000 60.320000 1000000 9.605634 9.446754 9.606217 9.477936 0.031856 0.032259 0.145031 0.141398 0.032259 0.031849 0.032259 118730 123669
22 62.310000 60.320000 1000000 9.597988 9.440302 9.598571 9.471484 0.031859 0.032259 0.148178 0.144624 0.032259 0.031851 0.032259 123660 130991
22 62.310000 60.320000 1000000 9.565909 9.406969 9.566499 9.438151 0.031857 0.032259 0.155531 0.152149 0.032259 0.031850 0.032259 130990 132264
22 62.310000 60.320000 1000000 9.564997 9.405894 9.565587 9.437076 0.031856 0.032259 0.155531 0.152149 0.032259 0.031848 0.032259 132260 133355
22 62.310000 60.320000 1000000 9.563550 9.404819 9.564140 9.436000 0.031856 0.032259 0.156583 0.153224 0.032259 0.031849 0.032259 133350 152289
22 62.310000 60.320000 1000000 9.550459 9.398367 9.551051 9.429549 0.031867 0.032259 0.153428 0.149999 0.032259 0.031860 0.032259 139360 159840
22 62.310000 60.320000 1000000 9.498737 9.358582 9.499340 9.389764 0.031894 0.032259 0.145029 0.141396 0.032259 0.031886 0.032259 159840 164956
22 62.310000 60.320000 1000000 9.441552 9.327399 9.442165 9.358581 0.031931 0.032259 0.139793 0.136020 0.032259 0.031923 0.032259 164950 185936
22 62.310000 60.320000 1000000 9.426874 9.318797 9.427490 9.349979 0.031934 0.032259 0.140839 0.137095 0.032259 0.031926 0.032259 174370 181009
22 62.310000 60.320000 1000000 9.425119 9.317722 9.425736 9.348904 0.031934 0.032259 0.141886 0.138170 0.032259 0.031926 0.032259 181000 185936
22 62.310000 60.320000 1000000 9.416607 9.311270 9.417225 9.342452 0.031933 0.032259 0.140839 0.137095 0.032259 0.031925 0.032259 185930 187652
22 62.310000 60.320000 1000000 9.414376 9.306969 9.414994 9.338151 0.031933 0.032259 0.140839 0.137095 0.032259 0.031925 0.032259 187650 199089
22 62.310000 60.320000 1000000 9.393290 9.294066 9.393913 9.325248 0.031935 0.032259 0.133525 0.129569 0.032259 0.031927 0.032259 199080 206452
22 62.310000 60.320000 1000000 9.385694 9.284389 9.386318 9.315571 0.031923 0.032259 0.134568 0.130645 0.032259 0.031915 0.032259 206450 211871
22 62.310000 60.320000 1000000 9.377156 9.276862 9.377782 9.308044 0.031920 0.032259 0.131439 0.127419 0.032259 0.031912 0.032259 211870 215205
22 62.310000 60.320000 1000000 9.365779 9.257507 9.365489 9.284254 0.031915 0.032259 0.118972 0.114516 0.032259 0.031906 0.032259 215200 215656
22 62.310000 60.320000 1000000 9.364303 9.256432 9.364012 9.283178 0.031915 0.032259 0.118972 0.114516 0.032259 0.031906 0.032259 215650 223806
22 62.310000 60.320000 1000000 9.354247 9.242454 9.353956 9.269200 0.031911 0.032259 0.121044 0.116667 0.032259 0.031902 0.032259 223800 270701
22 62.310000 60.320000 1000000 9.341038 9.231701 9.340745 9.258447 0.031909 0.032259 0.117938 0.113441 0.032259 0.031901 0.032259 241350 247957
22 62.310000 60.320000 1000000 9.326990 9.222024 9.326696 9.248770 0.031915 0.032259 0.116904 0.112366 0.032259 0.031906 0.032259 247950 270701
22 62.310000 60.320000 1000000 9.307491 9.205894 9.307712 9.235150 0.031917 0.032259 0.115871 0.111291 0.032259 0.031907 0.032259 270700 272310
22 62.310000 60.320000 1000000 9.305396 9.204819 9.305617 9.234074 0.031918 0.032259 0.114839 0.110215 0.032259 0.031909 0.032259 272310 301474
22 62.310000 60.320000 1000000 9.280150 9.169335 9.280244 9.198187 0.031905 0.032259 0.106611 0.101613 0.032259 0.031895 0.032259 301470 325512
22 62.310000 60.320000 1000000 9.267055 9.160733 9.267149 9.189585 0.031912 0.032259 0.105587 0.100538 0.032259 0.031903 0.032259 325510 355701
22 62.310000 60.320000 1000000 9.196098 9.105894 9.196194 9.134746 0.031915 0.032259 0.110717 0.105914 0.032259 0.031905 0.032259 355700 369653
22 62.310000 60.320000 1000000 9.189995 9.100518 9.190091 9.129370 0.031911 0.032259 0.111746 0.106989 0.032259 0.031901 0.032259 369650 374581
22 62.310000 60.320000 1000000 9.188429 9.099443 9.188526 9.128295 0.031912 0.032259 0.112776 0.108064 0.032259 0.031902 0.032259 374580 411918
22 62.310000 60.320000 1000000 9.144478 9.029014 9.142448 9.034882 0.031916 0.032259 0.112260 0.107526 0.032259 0.031907 0.032259 411910 422603
22 62.310000 60.320000 1000000 9.138012 9.023637 9.135977 9.029506 0.031920 0.032259 0.112261 0.107526 0.032259 0.031911 0.032259 422600 443082
22 62.310000 60.320000 1000000 9.109211 8.994605 9.107157 9.000474 0.031939 0.032259 0.120524 0.116127 0.032259 0.031930 0.032259 443080 460727
22 62.310000 60.320000 1000000 9.099371 8.987078 9.097310 8.992947 0.031941 0.032259 0.121560 0.117202 0.032259 0.031932 0.032259 457150 495955
22 62.310000 60.320000 1000000 9.096605 8.983852 9.094543 8.989721 0.031939 0.032259 0.118454 0.113976 0.032259 0.031930 0.032259 495950 516104
22 62.310000 60.320000 1000000 9.093492 8.979551 9.091427 8.985420 0.031934 0.032259 0.118454 0.113976 0.032259 0.031925 0.032259 516100 535242
22 62.310000 60.320000 1000000 9.078420 8.968798 9.076345 8.974667 0.031942 0.032259 0.112259 0.107525 0.032259 0.031933 0.032259 535240 560123
22 62.310000 60.320000 1000000 9.062577 8.952669 9.060255 8.957328 0.031940 0.032259 0.108147 0.103224 0.032259 0.031931 0.032259 560120 584424
22 62.310000 60.320000 1000000 9.051506 8.945142 9.049175 8.949802 0.031944 0.032259 0.111230 0.106450 0.032259 0.031935 0.032259 584420 597563
22 62.310000 60.320000 1000000 9.047532 8.941917 9.045198 8.946576 0.031944 0.032259 0.111230 0.106450 0.032259 0.031934 0.032259 597560 684678
22 62.310000 60.320000 1000000 9.036846 8.929013 9.034504 8.933672 0.031951 0.032259 0.099970 0.094622 0.032259 0.031941 0.032259 605630 665653
22 62.310000 60.320000 1000000 9.010961 8.890304 9.008599 8.894963 0.031941 0.032259 0.104050 0.098923 0.032259 0.031931 0.032259 665650 684678
22 62.310000 60.320000 1000000 9.006801 8.887078 9.004436 8.891737 0.031939 0.032259 0.103028 0.097848 0.032259 0.031930 0.032259 684670 704015
22 62.310000 60.320000 1000000 8.999676 8.870949 8.998318 8.883941 0.031936 0.032259 0.113290 0.108600 0.032259 0.031929 0.032259 704010 707446
22 62.310000 60.320000 1000000 8.998907 8.869874 8.997549 8.882866 0.031937 0.032259 0.112259 0.107525 0.032259 0.031929 0.032259 707440 728276
22 62.310000 60.320000 1000000 8.993676 8.863422 8.992315 8.876415 0.031938 0.032259 0.111230 0.106449 0.032259 0.031931 0.032259 728270 732511
22 62.310000 60.320000 1000000 8.992921 8.862347 8.991560 8.875339 0.031939 0.032259 0.111230 0.106449 0.032259 0.031931 0.032259 732510 736983
22 62.310000 60.320000 1000000 8.989018 8.859121 8.987655 8.872113 0.031939 0.032259 0.111230 0.106449 0.032259 0.031932 0.032259 736980 794324
22 62.310000 60.320000 1000000 8.974034 8.839229 8.972264 8.846263 0.031940 0.032259 0.108661 0.103762 0.032259 0.031933 0.032259 794320 827930
22 62.310000 60.320000 1000000 8.935802 8.813422 8.934009 8.820456 0.031947 0.032259 0.108662 0.103763 0.032259 0.031940 0.032259 827930 861963
22 62.310000 60.320000 1000000 8.923340 8.804820 8.921539 8.811854 0.031948 0.032259 0.102518 0.097311 0.032259 0.031940 0.032259 861960 887139
22 62.310000 60.320000 1000000 8.915771 8.791917 8.913966 8.798951 0.031935 0.032259 0.095404 0.089785 0.032259 0.031927 0.032259 887130 903659
22 62.310000 60.320000 1000000 8.909444 8.783315 8.907634 8.790349 0.031931 0.032259 0.096417 0.090860 0.032259 0.031923 0.032259 903650 928347
22 62.310000 60.320000 1000000 8.907566 8.782240 8.905755 8.789273 0.031931 0.032259 0.096417 0.090860 0.032259 0.031923 0.032259 928340 953932
22 62.310000 60.320000 1000000 8.905747 8.781164 8.903935 8.788198 0.031932 0.032259 0.095404 0.089785 0.032259 0.031924 0.032259 953930 975020
22 62.310000 60.320000 1000000 8.902163 8.777939 8.900350 8.784972 0.031932 0.032259 0.094393 0.088710 0.032259 0.031924 0.032259 975020 980923
22 62.310000 60.320000 1000000 8.901918 8.776863 8.900391 8.785152 0.031932 0.032259 0.094393 0.088710 0.032259 0.031924 0.032259 980920 1000000
