21 62.310000 60.320000 1000000 13.310507 13.403190 13.305601 13.404399 0.031931 0.032257 0.212145 0.209678 0.032257 0.031922 0.032257 0 50
21 62.310000 60.320000 1000000 12.116146 12.092978 12.112214 12.099069 0.031574 0.032257 0.327931 0.326341 0.032257 0.031564 0.032257 50 60
21 62.310000 60.320000 1000000 11.752375 11.624162 11.749047 11.633121 0.031590 0.032257 0.224372 0.222041 0.032257 0.031580 0.032257 60 70
21 62.310000 60.320000 1000000 11.531881 11.421475 11.528952 11.430747 0.031472 0.032257 0.176096 0.173117 0.032257 0.031462 0.032257 70 81
21 62.310000 60.320000 1000000 11.451090 11.327389 11.448097 11.332316 0.031448 0.032257 0.152376 0.148923 0.032257 0.031437 0.032257 80 92
21 62.310000 60.320000 1000000 11.392041 11.258572 11.388383 11.261482 0.031454 0.032257 0.154480 0.151075 0.032257 0.031444 0.032257 90 100
21 62.310000 60.320000 1000000 11.347880 11.213411 11.345584 11.223848 0.031474 0.032257 0.167120 0.163978 0.032257 0.031463 0.032257 100 111
21 62.310000 60.320000 1000000 11.248180 11.072014 11.245568 11.079897 0.031402 0.032257 0.163430 0.160215 0.032257 0.031392 0.032257 110 123
21 62.310000 60.320000 1000000 11.183743 10.943520 11.178093 10.940113 0.031372 0.032257 0.169232 0.166130 0.032257 0.031361 0.032257 120 135
21 62.310000 60.320000 1000000 11.145417 10.887068 11.144039 10.907900 0.031388 0.032257 0.161322 0.158064 0.032257 0.031378 0.032257 130 141
21 62.310000 60.320000 1000000 11.113521 10.869864 11.112131 10.890695 0.031409 0.032257 0.164484 0.161290 0.032257 0.031399 0.032257 140 154
21 62.310000 60.320000 1000000 11.080691 10.768250 11.076498 10.747370 0.031409 0.032257 0.192507 0.189785 0.032257 0.031397 0.032257 150 161
21 62.310000 60.320000 1000000 11.018922 10.670401 11.022356 10.708482 0.031435 0.032257 0.199931 0.197311 0.032257 0.031430 0.032257 160 170
21 62.310000 60.320000 1000000 10.970128 10.624702 10.973507 10.660229 0.031433 0.032257 0.196217 0.193548 0.032257 0.031427 0.032257 170 185
21 62.310000 60.320000 1000000 10.944535 10.577390 10.947938 10.612917 0.031410 0.032257 0.194097 0.191397 0.032257 0.031404 0.032257 180 190
21 62.310000 60.320000 1000000 10.927453 10.550509 10.930159 10.579226 0.031415 0.032257 0.190918 0.188173 0.032257 0.031410 0.032257 190 205
21 62.310000 60.320000 1000000 10.787398 10.432230 10.790211 10.460947 0.031490 0.032257 0.189856 0.187095 0.032257 0.031483 0.032257 200 215
21 62.310000 60.320000 1000000 10.710032 10.387069 10.712421 10.414173 0.031554 0.032257 0.176097 0.173117 0.032257 0.031548 0.032257 210 220
21 62.310000 60.320000 1000000 10.705245 10.383843 10.707522 10.410544 0.031558 0.032257 0.176097 0.173117 0.032257 0.031552 0.032257 220 230
21 62.310000 60.320000 1000000 10.633117 10.344059 10.635440 10.370760 0.031605 0.032257 0.179269 0.176343 0.032257 0.031598 0.032257 230 242
21 62.310000 60.320000 1000000 10.581358 10.281693 10.583715 10.308394 0.031617 0.032257 0.182442 0.179568 0.032257 0.031610 0.032257 240 253
21 62.310000 60.320000 1000000 10.540857 10.227930 10.540124 10.240518 0.031639 0.032257 0.178212 0.175269 0.032257 0.031630 0.032257 250 260
21 62.310000 60.320000 1000000 10.494307 10.187070 10.493565 10.199658 0.031651 0.032257 0.208956 0.206451 0.032257 0.031642 0.032257 260 277
21 62.310000 60.320000 1000000 10.463865 10.163415 10.463116 10.176003 0.031637 0.032257 0.207895 0.205377 0.032257 0.031628 0.032257 270 296
21 62.310000 60.320000 1000000 10.400319 10.049436 10.399556 10.062024 0.031635 0.032257 0.173984 0.170968 0.032257 0.031626 0.032257 290 300
21 62.310000 60.320000 1000000 10.362347 10.018253 10.361575 10.030841 0.031664 0.032257 0.161323 0.158065 0.032257 0.031655 0.032257 300 346
21 62.310000 60.320000 1000000 10.346305 10.004275 10.345163 10.014444 0.031670 0.032257 0.151853 0.148388 0.032257 0.031660 0.032257 310 361
21 62.310000 60.320000 1000000 10.288107 9.958577 10.286653 9.966192 0.031702 0.032257 0.136659 0.132797 0.032257 0.031692 0.032257 360 392
21 62.310000 60.320000 1000000 10.258467 9.944598 10.257001 9.952213 0.031731 0.032257 0.124157 0.119893 0.032257 0.031721 0.032257 390 435
21 62.310000 60.320000 1000000 10.253196 9.939222 10.251727 9.946837 0.031730 0.032257 0.123119 0.118818 0.032257 0.031720 0.032257 410 444
21 62.310000 60.320000 1000000 10.213225 9.912340 10.211739 9.919955 0.031752 0.032257 0.130400 0.126347 0.032257 0.031742 0.032257 440 452
21 62.310000 60.320000 1000000 10.211109 9.895136 10.208730 9.894239 0.031753 0.032257 0.126238 0.122047 0.032257 0.031743 0.032257 450 474
21 62.310000 60.320000 1000000 10.190470 9.879545 10.187995 9.877797 0.031755 0.032257 0.131965 0.127962 0.032257 0.031745 0.032257 470 493
21 62.310000 60.320000 1000000 10.184710 9.863954 10.182151 9.861354 0.031755 0.032257 0.133529 0.129574 0.032257 0.031746 0.032257 490 507
21 62.310000 60.320000 1000000 10.113881 9.810191 10.111267 9.807591 0.031775 0.032257 0.132482 0.128495 0.032257 0.031765 0.032257 500 510
21 62.310000 60.320000 1000000 10.105300 9.790837 10.101867 9.785414 0.031774 0.032257 0.124157 0.119893 0.032257 0.031765 0.032257 510 522
21 62.310000 60.320000 1000000 10.088508 9.770407 10.085058 9.764984 0.031772 0.032257 0.125195 0.120968 0.032257 0.031763 0.032257 520 532
21 62.310000 60.320000 1000000 10.087447 9.769331 10.083996 9.763909 0.031771 0.032257 0.126234 0.122043 0.032257 0.031762 0.032257 530 540
21 62.310000 60.320000 1000000 10.073122 9.748901 10.069340 9.740074 0.031774 0.032257 0.133524 0.129569 0.032257 0.031765 0.032257 540 550
21 62.310000 60.320000 1000000 10.044335 9.729547 10.040438 9.719017 0.031793 0.032257 0.134568 0.130645 0.032257 0.031784 0.032257 550 560
21 62.310000 60.320000 1000000 10.030733 9.718794 10.026819 9.708264 0.031797 0.032257 0.130396 0.126343 0.032257 0.031788 0.032257 560 573
21 62.310000 60.320000 1000000 10.019978 9.701590 10.016052 9.691060 0.031788 0.032257 0.123117 0.118816 0.032257 0.031779 0.032257 570 599
21 62.310000 60.320000 1000000 9.933173 9.646214 9.928911 9.633130 0.031830 0.032257 0.123637 0.119355 0.032257 0.031821 0.032257 590 608
21 62.310000 60.320000 1000000 9.894746 9.616106 9.890435 9.603023 0.031844 0.032257 0.123636 0.119354 0.032257 0.031835 0.032257 600 613
21 62.310000 60.320000 1000000 9.883136 9.607504 9.878810 9.594421 0.031842 0.032257 0.121562 0.117204 0.032257 0.031833 0.032257 610 622
21 62.310000 60.320000 1000000 9.880190 9.598902 9.875519 9.584609 0.031842 0.032257 0.124675 0.120429 0.032257 0.031833 0.032257 620 631
21 62.310000 60.320000 1000000 9.849939 9.575246 9.845225 9.560953 0.031834 0.032257 0.123637 0.119355 0.032257 0.031826 0.032257 630 643
21 62.310000 60.320000 1000000 9.809926 9.553741 9.805154 9.539448 0.031861 0.032257 0.136134 0.132257 0.032257 0.031853 0.032257 640 655
21 62.310000 60.320000 1000000 9.804941 9.546214 9.800030 9.531114 0.031860 0.032257 0.136135 0.132258 0.032257 0.031851 0.032257 650 660
21 62.310000 60.320000 1000000 9.802662 9.545139 9.797748 9.530039 0.031862 0.032257 0.136134 0.132257 0.032257 0.031854 0.032257 660 672
21 62.310000 60.320000 1000000 9.793903 9.534386 9.789246 9.520541 0.031858 0.032257 0.128834 0.124730 0.032257 0.031850 0.032257 670 684
21 62.310000 60.320000 1000000 9.788685 9.529010 9.784021 9.515165 0.031852 0.032257 0.133002 0.129031 0.032257 0.031844 0.032257 680 775
21 62.310000 60.320000 1000000 9.610814 9.423634 9.606316 9.413552 0.031940 0.032257 0.153954 0.150536 0.032257 0.031932 0.032257 770 843
21 62.310000 60.320000 1000000 9.590709 9.410731 9.586049 9.399842 0.031956 0.032257 0.143458 0.139785 0.032257 0.031948 0.032257 840 890
21 62.310000 60.320000 1000000 9.589555 9.409655 9.584893 9.398767 0.031955 0.032257 0.144506 0.140860 0.032257 0.031947 0.032257 890 902
21 62.310000 60.320000 1000000 9.587361 9.408580 9.582696 9.397692 0.031957 0.032257 0.143458 0.139785 0.032257 0.031949 0.032257 900 912
21 62.310000 60.320000 1000000 9.562112 9.390300 9.557410 9.379412 0.031957 0.032257 0.157110 0.153762 0.032257 0.031950 0.032257 910 950
21 62.310000 60.320000 1000000 9.546025 9.377397 9.541866 9.369018 0.031959 0.032257 0.155005 0.151611 0.032257 0.031951 0.032257 950 1052
21 62.310000 60.320000 1000000 9.532535 9.369870 9.528358 9.361491 0.031971 0.032257 0.147651 0.144084 0.032257 0.031962 0.032257 1000 1070
21 62.310000 60.320000 1000000 9.489959 9.334387 9.485726 9.326008 0.031977 0.032257 0.124675 0.120430 0.032257 0.031969 0.032257 1070 1118
21 62.310000 60.320000 1000000 9.443036 9.308581 9.438739 9.300202 0.032020 0.032257 0.105077 0.100004 0.032257 0.032012 0.032257 1110 1125
21 62.310000 60.320000 1000000 9.426052 9.297828 9.421732 9.289449 0.032022 0.032257 0.100993 0.095703 0.032257 0.032014 0.032257 1120 1132
21 62.310000 60.320000 1000000 9.422826 9.295678 9.418502 9.287298 0.032023 0.032257 0.102012 0.096778 0.032257 0.032015 0.032257 1130 1223
21 62.310000 60.320000 1000000 9.386324 9.262882 9.381690 9.251949 0.032033 0.032257 0.103540 0.098386 0.032257 0.032025 0.032257 1220 1307
21 62.310000 60.320000 1000000 9.362233 9.246753 9.357563 9.235820 0.032036 0.032257 0.103541 0.098388 0.032257 0.032029 0.032257 1270 1317
21 62.310000 60.320000 1000000 9.352666 9.240301 9.347982 9.229369 0.032042 0.032257 0.100480 0.095162 0.032257 0.032035 0.032257 1310 1418
21 62.310000 60.320000 1000000 9.321855 9.223097 9.317124 9.212164 0.032059 0.032257 0.091368 0.085485 0.032257 0.032051 0.032257 1410 1432
21 62.310000 60.320000 1000000 9.320992 9.222022 9.316259 9.211089 0.032058 0.032257 0.091369 0.085485 0.032257 0.032050 0.032257 1430 1554
21 62.310000 60.320000 1000000 9.311881 9.212345 9.307135 9.201412 0.032049 0.032257 0.097432 0.091937 0.032257 0.032042 0.032257 1550 1614
21 62.310000 60.320000 1000000 9.308551 9.205893 9.305234 9.201233 0.032052 0.032257 0.091369 0.085486 0.032257 0.032044 0.032257 1610 1643
21 62.310000 60.320000 1000000 9.306067 9.200517 9.303802 9.200874 0.032053 0.032257 0.092376 0.086561 0.032257 0.032044 0.032257 1640 1676
21 62.310000 60.320000 1000000 9.247089 9.162883 9.244140 9.161224 0.032091 0.032257 0.085364 0.079034 0.032257 0.032082 0.032257 1670 1688
21 62.310000 60.320000 1000000 9.231932 9.153205 9.228968 9.151546 0.032097 0.032257 0.085364 0.079034 0.032257 0.032088 0.032257 1680 1821
21 62.310000 60.320000 1000000 9.207378 9.131700 9.204391 9.130041 0.032105 0.032257 0.080412 0.073659 0.032257 0.032096 0.032257 1820 1848
21 62.310000 60.320000 1000000 9.207245 9.130625 9.204413 9.130220 0.032105 0.032257 0.079428 0.072583 0.032257 0.032096 0.032257 1840 1879
21 62.310000 60.320000 1000000 9.194504 9.120947 9.191661 9.120543 0.032099 0.032257 0.083376 0.076883 0.032257 0.032090 0.032257 1870 1931
21 62.310000 60.320000 1000000 9.193935 9.119872 9.191091 9.119468 0.032099 0.032257 0.082386 0.075809 0.032257 0.032090 0.032257 1930 1961
21 62.310000 60.320000 1000000 9.192439 9.118797 9.189594 9.118392 0.032099 0.032257 0.082386 0.075809 0.032257 0.032091 0.032257 1960 2121
21 62.310000 60.320000 1000000 9.181159 9.110195 9.178303 9.109790 0.032099 0.032257 0.084369 0.077959 0.032257 0.032090 0.032257 2120 2173
21 62.310000 60.320000 1000000 9.154430 9.095141 9.151550 9.094736 0.032112 0.032257 0.074547 0.067207 0.032257 0.032104 0.032257 2170 2261
21 62.310000 60.320000 1000000 9.148248 9.090840 9.145361 9.090435 0.032115 0.032257 0.071653 0.063981 0.032257 0.032106 0.032257 2260 2309
21 62.310000 60.320000 1000000 9.143564 9.087614 9.140673 9.087209 0.032115 0.032257 0.072614 0.065056 0.032257 0.032106 0.032257 2300 2372
21 62.310000 60.320000 1000000 9.133580 9.080087 9.130680 9.079683 0.032118 0.032257 0.066896 0.058605 0.032257 0.032109 0.032257 2370 2514
21 62.310000 60.320000 1000000 9.129674 9.076861 9.126769 9.076457 0.032119 0.032257 0.066896 0.058605 0.032257 0.032110 0.032257 2510 2570
21 62.310000 60.320000 1000000 9.127710 9.075786 9.124804 9.075382 0.032120 0.032257 0.066896 0.058605 0.032257 0.032111 0.032257 2570 2592
21 62.310000 60.320000 1000000 9.120814 9.070410 9.117901 9.070005 0.032121 0.032257 0.066896 0.058604 0.032257 0.032112 0.032257 2590 2626
21 62.310000 60.320000 1000000 9.119146 9.069334 9.116231 9.068930 0.032121 0.032257 0.066896 0.058604 0.032257 0.032112 0.032257 2620 2777
21 62.310000 60.320000 1000000 9.107148 9.060732 9.104222 9.060328 0.032125 0.032257 0.065955 0.057529 0.032257 0.032116 0.032257 2770 2818
21 62.310000 60.320000 1000000 9.099549 9.053205 9.096616 9.052801 0.032126 0.032257 0.071652 0.063981 0.032257 0.032118 0.032257 2800 2924
21 62.310000 60.320000 1000000 9.079716 9.041377 9.076763 9.040973 0.032131 0.032257 0.072614 0.065056 0.032257 0.032122 0.032257 2920 2938
21 62.310000 60.320000 1000000 9.078749 9.040302 9.075795 9.039897 0.032132 0.032257 0.071652 0.063980 0.032257 0.032123 0.032257 2930 3009
21 62.310000 60.320000 1000000 9.070008 9.034925 9.067046 9.034521 0.032133 0.032257 0.072614 0.065056 0.032257 0.032124 0.032257 3000 3388
21 62.310000 60.320000 1000000 9.039317 9.008044 9.036325 9.007640 0.032126 0.032257 0.068788 0.060755 0.032257 0.032117 0.032257 3380 3425
21 62.310000 60.320000 1000000 9.035339 9.004818 9.032342 9.004414 0.032127 0.032257 0.066897 0.058606 0.032257 0.032118 0.032257 3390 3400
21 62.310000 60.320000 1000000 9.034066 9.003743 9.031068 9.003338 0.032127 0.032257 0.066897 0.058606 0.032257 0.032119 0.032257 3400 3425
21 62.310000 60.320000 1000000 9.033041 9.002668 9.030042 9.002263 0.032127 0.032257 0.066897 0.058606 0.032257 0.032118 0.032257 3420 3447
21 62.310000 60.320000 1000000 9.031046 9.001592 9.028045 9.001188 0.032128 0.032257 0.066897 0.058606 0.032257 0.032119 0.032257 3440 3486
21 62.310000 60.320000 1000000 9.023603 8.997291 9.020595 8.996887 0.032130 0.032257 0.064090 0.055380 0.032257 0.032122 0.032257 3480 3537
21 62.310000 60.320000 1000000 9.020930 8.994065 9.017919 8.993661 0.032128 0.032257 0.065956 0.057530 0.032257 0.032119 0.032257 3530 3919
21 62.310000 60.320000 1000000 9.015101 8.987614 9.012084 8.987210 0.032131 0.032257 0.062240 0.053228 0.032257 0.032123 0.032257 3910 3924
21 62.310000 60.320000 1000000 9.014754 8.986539 9.011606 8.985731 0.032132 0.032257 0.063162 0.054304 0.032257 0.032123 0.032257 3920 3949
21 62.310000 60.320000 1000000 9.013027 8.985463 9.009878 8.984656 0.032132 0.032257 0.063162 0.054304 0.032257 0.032124 0.032257 3940 3988
21 62.310000 60.320000 1000000 9.011910 8.983313 9.008760 8.982505 0.032131 0.032257 0.063162 0.054304 0.032257 0.032123 0.032257 3980 4068
21 62.310000 60.320000 1000000 9.006347 8.980087 9.003191 8.979279 0.032133 0.032257 0.063162 0.054304 0.032257 0.032124 0.032257 3990 4094
21 62.310000 60.320000 1000000 8.996331 8.972560 8.993164 8.971753 0.032130 0.032257 0.063163 0.054305 0.032257 0.032121 0.032257 4090 4179
21 62.310000 60.320000 1000000 8.986715 8.965571 8.983483 8.963912 0.032133 0.032257 0.063626 0.054842 0.032257 0.032125 0.032257 4170 4241
21 62.310000 60.320000 1000000 8.986575 8.964496 8.983506 8.964091 0.032133 0.032257 0.063625 0.054842 0.032257 0.032125 0.032257 4240 4507
21 62.310000 60.320000 1000000 8.977719 8.956969 8.974641 8.956564 0.032128 0.032257 0.061782 0.052692 0.032257 0.032119 0.032257 4500 4553
21 62.310000 60.320000 1000000 8.977242 8.955893 8.974164 8.955489 0.032128 0.032257 0.060868 0.051617 0.032257 0.032120 0.032257 4550 4938
21 62.310000 60.320000 1000000 8.971255 8.949442 8.968170 8.949038 0.032129 0.032257 0.062701 0.053767 0.032257 0.032120 0.032257 4930 5642
21 62.310000 60.320000 1000000 8.933770 8.919872 8.930591 8.918617 0.032138 0.032257 0.065958 0.057531 0.032257 0.032129 0.032257 5640 5770
21 62.310000 60.320000 1000000 8.931979 8.916646 8.928639 8.914584 0.032137 0.032257 0.064091 0.055382 0.032257 0.032128 0.032257 5770 6023
21 62.310000 60.320000 1000000 8.923063 8.910195 8.919713 8.908133 0.032133 0.032257 0.064091 0.055382 0.032257 0.032124 0.032257 6020 6150
21 62.310000 60.320000 1000000 8.919703 8.905894 8.916350 8.903832 0.032135 0.032257 0.062241 0.053230 0.032257 0.032127 0.032257 6150 6608
21 62.310000 60.320000 1000000 8.912424 8.897292 8.909629 8.897739 0.032133 0.032257 0.063162 0.054303 0.032257 0.032124 0.032257 6600 6705
21 62.310000 60.320000 1000000 8.907785 8.894066 8.904985 8.894513 0.032135 0.032257 0.061323 0.052153 0.032257 0.032126 0.032257 6700 7225
21 62.310000 60.320000 1000000 8.899041 8.886539 8.896232 8.886986 0.032138 0.032257 0.063162 0.054304 0.032257 0.032129 0.032257 7220 7453
21 62.310000 60.320000 1000000 8.898899 8.885464 8.896256 8.887165 0.032138 0.032257 0.062240 0.053228 0.032257 0.032129 0.032257 7450 7472
21 62.310000 60.320000 1000000 8.897054 8.884388 8.894409 8.886090 0.032139 0.032257 0.062240 0.053228 0.032257 0.032130 0.032257 7470 7787
21 62.310000 60.320000 1000000 8.894975 8.883313 8.892328 8.885014 0.032140 0.032257 0.061323 0.052153 0.032257 0.032131 0.032257 7780 8289
21 62.310000 60.320000 1000000 8.893925 8.882238 8.891277 8.883939 0.032140 0.032257 0.061323 0.052153 0.032257 0.032131 0.032257 8280 8875
21 62.310000 60.320000 1000000 8.884635 8.874711 8.881978 8.876412 0.032135 0.032257 0.063162 0.054304 0.032257 0.032125 0.032257 8870 9051
21 62.310000 60.320000 1000000 8.878395 8.870410 8.875733 8.872111 0.032138 0.032257 0.061322 0.052153 0.032257 0.032129 0.032257 9050 9235
21 62.310000 60.320000 1000000 8.872741 8.867184 8.870074 8.868885 0.032140 0.032257 0.060411 0.051077 0.032257 0.032131 0.032257 9230 9449
21 62.310000 60.320000 1000000 8.871059 8.866109 8.868391 8.867810 0.032140 0.032257 0.059505 0.050003 0.032257 0.032131 0.032257 9440 11081
21 62.310000 60.320000 1000000 8.854809 8.845141 8.852390 8.846798 0.032132 0.032257 0.059956 0.050539 0.032257 0.032123 0.032257 11080 12137
21 62.310000 60.320000 1000000 8.849816 8.841915 8.847393 8.843572 0.032132 0.032257 0.061780 0.052690 0.032257 0.032123 0.032257 12130 13049
21 62.310000 60.320000 1000000 8.834328 8.830087 8.831891 8.831744 0.032133 0.032257 0.064553 0.055915 0.032257 0.032124 0.032257 13040 13860
21 62.310000 60.320000 1000000 8.829055 8.826862 8.826615 8.828518 0.032135 0.032257 0.063623 0.054840 0.032257 0.032126 0.032257 13350 13989
21 62.310000 60.320000 1000000 8.816647 8.816109 8.814196 8.817765 0.032139 0.032257 0.063623 0.054840 0.032257 0.032130 0.032257 13980 14589
21 62.310000 60.320000 1000000 8.807785 8.808582 8.805326 8.810239 0.032137 0.032257 0.063624 0.054840 0.032257 0.032128 0.032257 14580 14657
21 62.310000 60.320000 1000000 8.806536 8.807507 8.804076 8.809163 0.032137 0.032257 0.062700 0.053766 0.032257 0.032128 0.032257 14650 15050
21 62.310000 60.320000 1000000 8.805763 8.806431 8.803303 8.808088 0.032138 0.032257 0.062700 0.053766 0.032257 0.032129 0.032257 15050 15578
21 62.310000 60.320000 1000000 8.804636 8.805356 8.802175 8.807013 0.032139 0.032257 0.061780 0.052690 0.032257 0.032130 0.032257 15570 15887
21 62.310000 60.320000 1000000 8.787411 8.794603 8.784936 8.796260 0.032140 0.032257 0.065487 0.056991 0.032257 0.032131 0.032257 15880 16142
21 62.310000 60.320000 1000000 8.763526 8.779550 8.761031 8.781206 0.032148 0.032257 0.059956 0.050539 0.032257 0.032139 0.032257 16140 17941
21 62.310000 60.320000 1000000 8.754839 8.773098 8.752336 8.774755 0.032146 0.032257 0.059956 0.050539 0.032257 0.032137 0.032257 17940 18270
21 62.310000 60.320000 1000000 8.754134 8.772023 8.751630 8.773680 0.032147 0.032257 0.059052 0.049463 0.032257 0.032138 0.032257 18270 19505
21 62.310000 60.320000 1000000 8.747508 8.764496 8.744999 8.766153 0.032142 0.032257 0.061779 0.052689 0.032257 0.032133 0.032257 19500 19587
21 62.310000 60.320000 1000000 8.747363 8.763421 8.745023 8.766332 0.032142 0.032257 0.062698 0.053763 0.032257 0.032133 0.032257 19580 19999
21 62.310000 60.320000 1000000 8.746063 8.762346 8.743722 8.765257 0.032143 0.032257 0.062698 0.053763 0.032257 0.032134 0.032257 19990 20575
21 62.310000 60.320000 1000000 8.729943 8.751593 8.727589 8.754504 0.032144 0.032257 0.063623 0.054839 0.032257 0.032135 0.032257 20570 21032
21 62.310000 60.320000 1000000 8.728510 8.750517 8.726155 8.753429 0.032143 0.032257 0.063623 0.054839 0.032257 0.032134 0.032257 21030 22723
21 62.310000 60.320000 1000000 8.725974 8.747292 8.723617 8.750203 0.032143 0.032257 0.065485 0.056989 0.032257 0.032134 0.032257 22720 22887
21 62.310000 60.320000 1000000 8.719985 8.742991 8.717623 8.745902 0.032141 0.032257 0.067365 0.059140 0.032257 0.032132 0.032257 22880 25618
21 62.310000 60.320000 1000000 8.714699 8.737614 8.712053 8.739719 0.032141 0.032257 0.062698 0.053763 0.032257 0.032132 0.032257 25610 25739
21 62.310000 60.320000 1000000 8.713482 8.736539 8.710834 8.738644 0.032140 0.032257 0.062698 0.053763 0.032257 0.032131 0.032257 25730 26513
21 62.310000 60.320000 1000000 8.712229 8.735464 8.709580 8.737568 0.032139 0.032257 0.062698 0.053763 0.032257 0.032130 0.032257 26510 28992
21 62.310000 60.320000 1000000 8.705187 8.729012 8.702532 8.731117 0.032137 0.032257 0.064552 0.055914 0.032257 0.032128 0.032257 28990 30023
21 62.310000 60.320000 1000000 8.695739 8.719335 8.693075 8.721439 0.032131 0.032257 0.063623 0.054839 0.032257 0.032122 0.032257 30020 30033
21 62.310000 60.320000 1000000 8.694361 8.718260 8.691696 8.720364 0.032131 0.032257 0.062699 0.053764 0.032257 0.032123 0.032257 30030 32814
21 62.310000 60.320000 1000000 8.691837 8.712883 8.689032 8.714585 0.032133 0.032257 0.066424 0.058065 0.032257 0.032125 0.032257 32810 33969
21 62.310000 60.320000 1000000 8.686528 8.708582 8.683719 8.710284 0.032130 0.032257 0.067365 0.059139 0.032257 0.032121 0.032257 33960 35162
21 62.310000 60.320000 1000000 8.678525 8.702131 8.675708 8.703832 0.032127 0.032257 0.070214 0.062365 0.032257 0.032118 0.032257 35160 36185
21 62.310000 60.320000 1000000 8.672040 8.694604 8.669216 8.696305 0.032130 0.032257 0.068311 0.060215 0.032257 0.032121 0.032257 36180 37512
21 62.310000 60.320000 1000000 8.658531 8.683851 8.655694 8.685552 0.032133 0.032257 0.065485 0.056989 0.032257 0.032125 0.032257 37510 37783
21 62.310000 60.320000 1000000 8.653572 8.679550 8.650730 8.681251 0.032135 0.032257 0.064552 0.055914 0.032257 0.032126 0.032257 37780 37995
21 62.310000 60.320000 1000000 8.651328 8.670410 8.648003 8.667855 0.032135 0.032257 0.065955 0.057529 0.032257 0.032126 0.032257 37990 40265
21 62.310000 60.320000 1000000 8.645154 8.665034 8.641822 8.662479 0.032131 0.032257 0.063161 0.054303 0.032257 0.032123 0.032257 40260 41663
21 62.310000 60.320000 1000000 8.643780 8.663959 8.640446 8.661404 0.032131 0.032257 0.064088 0.055378 0.032257 0.032123 0.032257 41660 41678
21 62.310000 60.320000 1000000 8.642787 8.662883 8.639451 8.660329 0.032132 0.032257 0.064088 0.055378 0.032257 0.032124 0.032257 41670 41777
21 62.310000 60.320000 1000000 8.639642 8.659658 8.636594 8.658357 0.032133 0.032257 0.061322 0.052152 0.032257 0.032124 0.032257 41770 47212
21 62.310000 60.320000 1000000 8.622874 8.643529 8.619273 8.640615 0.032137 0.032257 0.065019 0.056453 0.032257 0.032129 0.032257 47210 51580
21 62.310000 60.320000 1000000 8.620996 8.642453 8.617393 8.639540 0.032137 0.032257 0.064088 0.055378 0.032257 0.032130 0.032257 51580 51764
21 62.310000 60.320000 1000000 8.620080 8.641378 8.616476 8.638465 0.032138 0.032257 0.063161 0.054303 0.032257 0.032131 0.032257 51760 52831
21 62.310000 60.320000 1000000 8.614259 8.637077 8.610648 8.634164 0.032140 0.032257 0.063161 0.054303 0.032257 0.032132 0.032257 52830 53525
21 62.310000 60.320000 1000000 8.612521 8.636002 8.608907 8.633089 0.032140 0.032257 0.063161 0.054303 0.032257 0.032132 0.032257 53520 55115
21 62.310000 60.320000 1000000 8.608252 8.629550 8.604634 8.626637 0.032142 0.032257 0.060410 0.051077 0.032257 0.032134 0.032257 55110 58409
21 62.310000 60.320000 1000000 8.599200 8.623099 8.595570 8.620185 0.032146 0.032257 0.061321 0.052151 0.032257 0.032138 0.032257 58400 60020
21 62.310000 60.320000 1000000 8.598296 8.622023 8.594665 8.619110 0.032147 0.032257 0.060409 0.051076 0.032257 0.032139 0.032257 60020 66376
21 62.310000 60.320000 1000000 8.592364 8.615572 8.588725 8.612659 0.032148 0.032257 0.065018 0.056452 0.032257 0.032140 0.032257 66370 70292
21 62.310000 60.320000 1000000 8.555674 8.589765 8.551988 8.586852 0.032155 0.032257 0.066897 0.058606 0.032257 0.032147 0.032257 70290 70626
21 62.310000 60.320000 1000000 8.553967 8.588690 8.550279 8.585777 0.032155 0.032257 0.066897 0.058606 0.032257 0.032147 0.032257 70620 71110
21 62.310000 60.320000 1000000 8.552963 8.587615 8.549274 8.584702 0.032156 0.032257 0.065957 0.057530 0.032257 0.032148 0.032257 71110 78491
21 62.310000 60.320000 1000000 8.541659 8.577937 8.537954 8.575024 0.032156 0.032257 0.063162 0.054303 0.032257 0.032149 0.032257 78490 80054
21 62.310000 60.320000 1000000 8.532303 8.570411 8.528586 8.567497 0.032157 0.032257 0.063162 0.054303 0.032257 0.032149 0.032257 80050 82535
21 62.310000 60.320000 1000000 8.532068 8.569335 8.528264 8.566019 0.032157 0.032257 0.062240 0.053229 0.032257 0.032149 0.032257 82530 88387
21 62.310000 60.320000 1000000 8.524214 8.561809 8.520399 8.558492 0.032159 0.032257 0.066898 0.058607 0.032257 0.032152 0.032257 88380 92077
21 62.310000 60.320000 1000000 8.522491 8.560733 8.518674 8.557417 0.032160 0.032257 0.065958 0.057532 0.032257 0.032152 0.032257 92070 94541
21 62.310000 60.320000 1000000 8.521441 8.559658 8.517622 8.556342 0.032160 0.032257 0.065958 0.057532 0.032257 0.032153 0.032257 94540 95657
21 62.310000 60.320000 1000000 8.519754 8.558583 8.515933 8.555266 0.032161 0.032257 0.066898 0.058607 0.032257 0.032153 0.032257 95650 97292
21 62.310000 60.320000 1000000 8.518968 8.557507 8.515146 8.554191 0.032162 0.032257 0.065958 0.057532 0.032257 0.032154 0.032257 97290 99359
21 62.310000 60.320000 1000000 8.513350 8.546755 8.510270 8.545499 0.032165 0.032257 0.060413 0.051080 0.032257 0.032156 0.032257 99350 100976
21 62.310000 60.320000 1000000 8.506500 8.541378 8.503413 8.540123 0.032163 0.032257 0.063163 0.054305 0.032257 0.032155 0.032257 100970 103060
21 62.310000 60.320000 1000000 8.502088 8.538153 8.498996 8.536897 0.032164 0.032257 0.061324 0.052155 0.032257 0.032155 0.032257 103060 110640
21 62.310000 60.320000 1000000 8.497347 8.534927 8.494250 8.533671 0.032166 0.032257 0.059506 0.050004 0.032257 0.032157 0.032257 110640 113558
21 62.310000 60.320000 1000000 8.490826 8.529550 8.487722 8.528295 0.032169 0.032257 0.059506 0.050004 0.032257 0.032160 0.032257 113550 121879
21 62.310000 60.320000 1000000 8.480225 8.518798 8.477021 8.517139 0.032170 0.032257 0.061323 0.052153 0.032257 0.032161 0.032257 121870 130118
21 62.310000 60.320000 1000000 8.470948 8.511271 8.467734 8.509612 0.032170 0.032257 0.067840 0.059680 0.032257 0.032161 0.032257 130110 135757
21 62.310000 60.320000 1000000 8.462957 8.502131 8.459673 8.499621 0.032171 0.032257 0.074063 0.066669 0.032257 0.032162 0.032257 135750 136978
21 62.310000 60.320000 1000000 8.461764 8.501056 8.458479 8.498546 0.032171 0.032257 0.073097 0.065594 0.032257 0.032162 0.032257 136970 140726
21 62.310000 60.320000 1000000 8.461406 8.499981 8.457987 8.497067 0.032171 0.032257 0.073097 0.065594 0.032257 0.032162 0.032257 140720 152979
21 62.310000 60.320000 1000000 8.441372 8.473099 8.439040 8.475203 0.032179 0.032257 0.072132 0.064517 0.032257 0.032169 0.032257 152970 154062
21 62.310000 60.320000 1000000 8.440198 8.472024 8.437865 8.474128 0.032179 0.032257 0.071172 0.063442 0.032257 0.032169 0.032257 154060 158388
21 62.310000 60.320000 1000000 8.432605 8.466647 8.430266 8.468752 0.032178 0.032257 0.068312 0.060217 0.032257 0.032168 0.032257 158380 171252
21 62.310000 60.320000 1000000 8.421717 8.458045 8.419368 8.460150 0.032180 0.032257 0.064554 0.055916 0.032257 0.032170 0.032257 171250 175293
21 62.310000 60.320000 1000000 8.420471 8.456970 8.418122 8.459074 0.032179 0.032257 0.064554 0.055916 0.032257 0.032170 0.032257 175290 175674
21 62.310000 60.320000 1000000 8.418540 8.455894 8.416189 8.457999 0.032181 0.032257 0.064554 0.055916 0.032257 0.032171 0.032257 175670 205071
21 62.310000 60.320000 1000000 8.418172 8.452669 8.415626 8.453071 0.032181 0.032257 0.063625 0.054841 0.032257 0.032171 0.032257 179630 187328
21 62.310000 60.320000 1000000 8.414105 8.447830 8.411461 8.447381 0.032182 0.032257 0.061323 0.052154 0.032257 0.032173 0.032257 187320 205071
21 62.310000 60.320000 1000000 8.411594 8.443529 8.408948 8.443080 0.032184 0.032257 0.061323 0.052154 0.032257 0.032175 0.032257 205070 208049
21 62.310000 60.320000 1000000 8.409958 8.442454 8.407310 8.442005 0.032184 0.032257 0.060412 0.051079 0.032257 0.032175 0.032257 208040 226251
21 62.310000 60.320000 1000000 8.404336 8.431701 8.401683 8.431252 0.032184 0.032257 0.065955 0.057528 0.032257 0.032175 0.032257 226250 227348
21 62.310000 60.320000 1000000 8.402920 8.428475 8.400795 8.430535 0.032185 0.032257 0.067839 0.059679 0.032257 0.032175 0.032257 227340 235527
21 62.310000 60.320000 1000000 8.397679 8.422024 8.395550 8.424083 0.032182 0.032257 0.066895 0.058603 0.032257 0.032172 0.032257 235520 237431
21 62.310000 60.320000 1000000 8.393390 8.418798 8.391258 8.420858 0.032181 0.032257 0.067838 0.059678 0.032257 0.032171 0.032257 237430 244897
21 62.310000 60.320000 1000000 8.388866 8.412346 8.386730 8.414406 0.032183 0.032257 0.067838 0.059678 0.032257 0.032173 0.032257 244890 250894
21 62.310000 60.320000 1000000 8.380726 8.403744 8.378584 8.405804 0.032181 0.032257 0.069737 0.061828 0.032257 0.032171 0.032257 250890 256257
21 62.310000 60.320000 1000000 8.376101 8.400518 8.373956 8.402578 0.032182 0.032257 0.069737 0.061828 0.032257 0.032173 0.032257 256250 279048
21 62.310000 60.320000 1000000 8.373859 8.397292 8.371712 8.399352 0.032183 0.032257 0.068785 0.060753 0.032257 0.032173 0.032257 279040 298730
21 62.310000 60.320000 1000000 8.368203 8.392991 8.366051 8.395051 0.032183 0.032257 0.069737 0.061828 0.032257 0.032174 0.032257 298730 314576
21 62.310000 60.320000 1000000 8.343615 8.375787 8.341445 8.377847 0.032191 0.032257 0.066895 0.058603 0.032257 0.032181 0.032257 314570 316315
21 62.310000 60.320000 1000000 8.337395 8.371486 8.335219 8.373546 0.032191 0.032257 0.068785 0.060752 0.032257 0.032181 0.032257 316310 321497
21 62.310000 60.320000 1000000 8.336700 8.370411 8.334524 8.372470 0.032190 0.032257 0.067837 0.059677 0.032257 0.032180 0.032257 321490 331827
21 62.310000 60.320000 1000000 8.334977 8.367185 8.332800 8.369245 0.032192 0.032257 0.067837 0.059677 0.032257 0.032182 0.032257 331820 334804
21 62.310000 60.320000 1000000 8.333787 8.366110 8.331608 8.368169 0.032191 0.032257 0.066893 0.058602 0.032257 0.032181 0.032257 334800 339163
21 62.310000 60.320000 1000000 8.333420 8.365034 8.331104 8.366691 0.032192 0.032257 0.065953 0.057527 0.032257 0.032182 0.032257 339160 354170
21 62.310000 60.320000 1000000 8.329806 8.361808 8.327352 8.363062 0.032191 0.032257 0.066893 0.058602 0.032257 0.032182 0.032257 354170 359875
21 62.310000 60.320000 1000000 8.324933 8.358583 8.322475 8.359836 0.032191 0.032257 0.066893 0.058602 0.032257 0.032181 0.032257 359870 367563
21 62.310000 60.320000 1000000 8.319771 8.352131 8.317308 8.353384 0.032194 0.032257 0.065018 0.056451 0.032257 0.032184 0.032257 367560 370514
21 62.310000 60.320000 1000000 8.318193 8.351056 8.315729 8.352309 0.032193 0.032257 0.065953 0.057527 0.032257 0.032183 0.032257 370510 371675
21 62.310000 60.320000 1000000 8.318075 8.349443 8.315548 8.349845 0.032193 0.032257 0.066423 0.058064 0.032257 0.032183 0.032257 371670 395183
21 62.310000 60.320000 1000000 8.312897 8.342454 8.310007 8.341198 0.032192 0.032257 0.063160 0.054301 0.032257 0.032183 0.032257 395180 395320
21 62.310000 60.320000 1000000 8.311386 8.341378 8.308494 8.340123 0.032191 0.032257 0.062238 0.053226 0.032257 0.032182 0.032257 395320 395801
21 62.310000 60.320000 1000000 8.311065 8.340303 8.308173 8.339048 0.032191 0.032257 0.063159 0.054301 0.032257 0.032182 0.032257 395800 412526
21 62.310000 60.320000 1000000 8.310656 8.339228 8.307763 8.337972 0.032191 0.032257 0.062238 0.053226 0.032257 0.032182 0.032257 412520 430795
21 62.310000 60.320000 1000000 8.309971 8.338153 8.307077 8.336897 0.032191 0.032257 0.061321 0.052151 0.032257 0.032181 0.032257 430790 450895
21 62.310000 60.320000 1000000 8.293866 8.319336 8.292138 8.323501 0.032198 0.032257 0.064554 0.055916 0.032257 0.032188 0.032257 450890 454201
21 62.310000 60.320000 1000000 8.292435 8.318260 8.290706 8.322426 0.032197 0.032257 0.064554 0.055916 0.032257 0.032187 0.032257 454200 460264
21 62.310000 60.320000 1000000 8.289353 8.315034 8.287622 8.319200 0.032197 0.032257 0.065487 0.056991 0.032257 0.032186 0.032257 460260 488132
21 62.310000 60.320000 1000000 8.283263 8.305357 8.281914 8.312032 0.032198 0.032257 0.066424 0.058066 0.032257 0.032188 0.032257 488130 524021
21 62.310000 60.320000 1000000 8.268174 8.289228 8.266817 8.295902 0.032198 0.032257 0.065486 0.056990 0.032257 0.032188 0.032257 524020 540353
21 62.310000 60.320000 1000000 8.267465 8.288153 8.266108 8.294827 0.032199 0.032257 0.065486 0.056990 0.032257 0.032188 0.032257 540350 542581
21 62.310000 60.320000 1000000 8.266186 8.287077 8.264828 8.293752 0.032198 0.032257 0.066423 0.058065 0.032257 0.032188 0.032257 542580 547731
21 62.310000 60.320000 1000000 8.255341 8.279550 8.253978 8.286225 0.032195 0.032257 0.067366 0.059141 0.032257 0.032185 0.032257 547730 570853
21 62.310000 60.320000 1000000 8.251706 8.274174 8.250341 8.280849 0.032195 0.032257 0.064553 0.055916 0.032257 0.032184 0.032257 570850 574904
21 62.310000 60.320000 1000000 8.250301 8.273099 8.248936 8.279773 0.032194 0.032257 0.063624 0.054841 0.032257 0.032184 0.032257 574900 589747
21 62.310000 60.320000 1000000 8.245054 8.268798 8.243686 8.275472 0.032194 0.032257 0.063624 0.054840 0.032257 0.032184 0.032257 589740 638178
21 62.310000 60.320000 1000000 8.237947 8.263421 8.236576 8.270096 0.032193 0.032257 0.064554 0.055916 0.032257 0.032182 0.032257 638170 642232
21 62.310000 60.320000 1000000 8.236544 8.262346 8.235172 8.269021 0.032192 0.032257 0.065487 0.056991 0.032257 0.032182 0.032257 642230 643758
21 62.310000 60.320000 1000000 8.235340 8.261271 8.233967 8.267945 0.032191 0.032257 0.064554 0.055916 0.032257 0.032181 0.032257 643750 649831
21 62.310000 60.320000 1000000 8.223866 8.248368 8.222487 8.255042 0.032193 0.032257 0.070216 0.062368 0.032257 0.032182 0.032257 649830 668325
21 62.310000 60.320000 1000000 8.218352 8.238690 8.216970 8.245365 0.032194 0.032257 0.076979 0.069895 0.032257 0.032184 0.032257 668320 697116
21 62.310000 60.320000 1000000 8.213193 8.233314 8.211809 8.239989 0.032193 0.032257 0.075032 0.067744 0.032257 0.032183 0.032257 697110 704883
21 62.310000 60.320000 1000000 8.203905 8.227938 8.202516 8.234612 0.032199 0.032257 0.074062 0.066668 0.032257 0.032188 0.032257 704880 712165
21 62.310000 60.320000 1000000 8.202711 8.226862 8.201322 8.233537 0.032198 0.032257 0.074062 0.066668 0.032257 0.032188 0.032257 712160 835432
21 62.310000 60.320000 1000000 8.181076 8.200518 8.179392 8.204639 0.032201 0.032257 0.076489 0.069354 0.032257 0.032191 0.032257 835430 851222
21 62.310000 60.320000 1000000 8.177046 8.196217 8.175360 8.200338 0.032201 0.032257 0.076489 0.069354 0.032257 0.032191 0.032257 851220 869883
21 62.310000 60.320000 1000000 8.176198 8.195142 8.174511 8.199263 0.032201 0.032257 0.077465 0.070429 0.032257 0.032191 0.032257 869880 877325
21 62.310000 60.320000 1000000 8.174869 8.194067 8.173182 8.198187 0.032201 0.032257 0.076489 0.069354 0.032257 0.032191 0.032257 877320 913334
21 62.310000 60.320000 1000000 8.159899 8.175787 8.158203 8.179908 0.032205 0.032257 0.070692 0.062903 0.032257 0.032195 0.032257 913330 918384
21 62.310000 60.320000 1000000 8.158363 8.174712 8.156665 8.178833 0.032205 0.032257 0.071651 0.063979 0.032257 0.032195 0.032257 918380 939065
21 62.310000 60.320000 1000000 8.157940 8.173637 8.156242 8.177757 0.032205 0.032257 0.070692 0.062904 0.032257 0.032195 0.032257 939060 971045
21 62.310000 60.320000 1000000 8.156862 8.172561 8.155163 8.176682 0.032205 0.032257 0.070693 0.062905 0.032257 0.032195 0.032257 971040 1000000
