24 62.310000 60.320000 1000000 12.657385 12.753728 12.652468 12.755384 0.031536 0.032257 0.312423 0.310753 0.032257 0.031527 0.032257 0 50
24 62.310000 60.320000 1000000 11.452162 11.394056 11.449604 11.398893 0.031119 0.032257 0.242476 0.240321 0.032257 0.031108 0.032257 50 60
24 62.310000 60.320000 1000000 11.079634 11.085456 11.074607 11.084648 0.031133 0.032257 0.223306 0.220964 0.032257 0.031123 0.032257 60 71
24 62.310000 60.320000 1000000 10.717037 10.814488 10.711482 10.813680 0.031242 0.032257 0.175567 0.172578 0.032257 0.031233 0.032257 70 82
24 62.310000 60.320000 1000000 10.565814 10.622016 10.558879 10.616234 0.031086 0.032257 0.171345 0.168281 0.032257 0.031079 0.032257 80 92
24 62.310000 60.320000 1000000 10.468430 10.559650 10.461658 10.555124 0.031118 0.032257 0.151329 0.147851 0.032257 0.031111 0.032257 90 102
24 62.310000 60.320000 1000000 10.406080 10.490833 10.399186 10.486307 0.031072 0.032257 0.149227 0.145699 0.032257 0.031065 0.032257 100 114
24 62.310000 60.320000 1000000 10.266245 10.312340 10.257880 10.297598 0.031018 0.032257 0.216930 0.214518 0.032257 0.031011 0.032257 110 121
24 62.310000 60.320000 1000000 10.146038 10.108039 10.137372 10.093297 0.030875 0.032257 0.229700 0.227424 0.032257 0.030869 0.032257 120 131
24 62.310000 60.320000 1000000 10.110885 10.077932 10.102128 10.063190 0.030863 0.032257 0.238218 0.236024 0.032257 0.030857 0.032257 130 144
24 62.310000 60.320000 1000000 10.083382 10.052125 10.074406 10.036980 0.030853 0.032257 0.226504 0.224195 0.032257 0.030847 0.032257 140 152
24 62.310000 60.320000 1000000 10.032738 10.020943 10.024587 10.009561 0.030886 0.032257 0.219054 0.216666 0.032257 0.030880 0.032257 150 172
24 62.310000 60.320000 1000000 9.932450 9.861266 9.923714 9.847778 0.030888 0.032257 0.243013 0.240863 0.032257 0.030883 0.032257 170 182
24 62.310000 60.320000 1000000 9.896192 9.713954 9.896297 9.766551 0.030880 0.032257 0.234488 0.232258 0.032257 0.030877 0.032257 180 197
24 62.310000 60.320000 1000000 9.881589 9.704277 9.881694 9.756873 0.030887 0.032257 0.234488 0.232259 0.032257 0.030884 0.032257 190 258
24 62.310000 60.320000 1000000 9.822768 9.619330 9.822457 9.668209 0.030884 0.032257 0.215332 0.212903 0.032257 0.030880 0.032257 210 230
24 62.310000 60.320000 1000000 9.765085 9.453739 9.761979 9.464759 0.030854 0.032257 0.119490 0.115053 0.032257 0.030847 0.032257 230 260
24 62.310000 60.320000 1000000 9.747123 9.416643 9.743196 9.420494 0.030851 0.032257 0.103541 0.098388 0.032257 0.030844 0.032257 260 274
24 62.310000 60.320000 1000000 9.741946 9.412342 9.737830 9.415790 0.030855 0.032257 0.105587 0.100539 0.032257 0.030849 0.032257 270 292
24 62.310000 60.320000 1000000 9.738818 9.403739 9.734697 9.407188 0.030847 0.032257 0.097432 0.091937 0.032257 0.030841 0.032257 290 312
24 62.310000 60.320000 1000000 9.724744 9.381159 9.720480 9.383397 0.030809 0.032257 0.094394 0.088711 0.032257 0.030802 0.032257 310 326
24 62.310000 60.320000 1000000 9.721791 9.379008 9.717523 9.381247 0.030813 0.032257 0.094394 0.088711 0.032257 0.030806 0.032257 320 338
24 62.310000 60.320000 1000000 9.721275 9.377933 9.717006 9.380172 0.030811 0.032257 0.094394 0.088711 0.032257 0.030804 0.032257 330 340
24 62.310000 60.320000 1000000 9.706636 9.363417 9.702257 9.363102 0.030822 0.032257 0.098957 0.093552 0.032257 0.030815 0.032257 340 377
24 62.310000 60.320000 1000000 9.666292 9.338686 9.661858 9.338371 0.030845 0.032257 0.105077 0.100003 0.032257 0.030839 0.032257 370 380
24 62.310000 60.320000 1000000 9.659077 9.334385 9.654632 9.334070 0.030850 0.032257 0.103033 0.097853 0.032257 0.030843 0.032257 380 399
24 62.310000 60.320000 1000000 9.657300 9.333310 9.652854 9.332995 0.030852 0.032257 0.102012 0.096778 0.032257 0.030845 0.032257 390 416
24 62.310000 60.320000 1000000 9.632309 9.312880 9.627279 9.311355 0.030865 0.032257 0.103030 0.097851 0.032257 0.030859 0.032257 410 433
24 62.310000 60.320000 1000000 9.596193 9.275246 9.589744 9.265209 0.030891 0.032257 0.111233 0.106453 0.032257 0.030887 0.032257 430 470
24 62.310000 60.320000 1000000 9.541381 9.204278 9.535692 9.196437 0.030945 0.032257 0.145555 0.141936 0.032257 0.030939 0.032257 470 480
24 62.310000 60.320000 1000000 9.539529 9.203203 9.533837 9.195361 0.030947 0.032257 0.144507 0.140861 0.032257 0.030942 0.032257 480 519
24 62.310000 60.320000 1000000 9.532816 9.198902 9.527112 9.191060 0.030952 0.032257 0.140318 0.136560 0.032257 0.030947 0.032257 490 523
24 62.310000 60.320000 1000000 9.440897 9.131160 9.435024 9.123319 0.031031 0.032257 0.117424 0.112906 0.032257 0.031027 0.032257 520 546
24 62.310000 60.320000 1000000 9.418642 9.119333 9.412728 9.111491 0.031047 0.032257 0.122602 0.118282 0.032257 0.031043 0.032257 540 560
24 62.310000 60.320000 1000000 9.380093 9.091376 9.374106 9.083534 0.031093 0.032257 0.107127 0.102155 0.032257 0.031088 0.032257 560 580
24 62.310000 60.320000 1000000 9.336359 9.048365 9.328783 9.033400 0.031123 0.032257 0.102014 0.096779 0.032257 0.031120 0.032257 580 595
24 62.310000 60.320000 1000000 9.314900 9.035462 9.307272 9.020497 0.031136 0.032257 0.097942 0.092478 0.032257 0.031134 0.032257 590 601
24 62.310000 60.320000 1000000 9.278688 9.012881 9.270970 8.997916 0.031164 0.032257 0.087861 0.081725 0.032257 0.031162 0.032257 600 624
24 62.310000 60.320000 1000000 9.267120 8.999441 9.259256 8.983624 0.031154 0.032257 0.089363 0.083338 0.032257 0.031152 0.032257 620 639
24 62.310000 60.320000 1000000 9.261621 8.995140 9.253743 8.979323 0.031155 0.032257 0.091370 0.085486 0.032257 0.031154 0.032257 630 643
24 62.310000 60.320000 1000000 9.237138 8.979011 9.229197 8.963194 0.031150 0.032257 0.094393 0.088711 0.032257 0.031149 0.032257 640 664
24 62.310000 60.320000 1000000 9.223597 8.970409 9.215621 8.954592 0.031157 0.032257 0.094394 0.088711 0.032257 0.031156 0.032257 660 699
24 62.310000 60.320000 1000000 9.214694 8.954280 9.209075 8.945990 0.031151 0.032257 0.092375 0.086560 0.032257 0.031146 0.032257 690 705
24 62.310000 60.320000 1000000 9.214402 8.953204 9.208782 8.944915 0.031150 0.032257 0.092376 0.086561 0.032257 0.031145 0.032257 700 749
24 62.310000 60.320000 1000000 9.202146 8.943527 9.196503 8.935237 0.031145 0.032257 0.091368 0.085484 0.032257 0.031140 0.032257 740 761
24 62.310000 60.320000 1000000 9.184597 8.934925 9.178922 8.926635 0.031161 0.032257 0.087357 0.081183 0.032257 0.031156 0.032257 760 817
24 62.310000 60.320000 1000000 9.181638 8.931699 9.175958 8.923409 0.031154 0.032257 0.087357 0.081183 0.032257 0.031149 0.032257 810 953
24 62.310000 60.320000 1000000 9.162880 8.909118 9.157165 8.900829 0.031137 0.032257 0.089359 0.083334 0.032257 0.031132 0.032257 950 965
24 62.310000 60.320000 1000000 9.162366 8.908043 9.156650 8.899753 0.031136 0.032257 0.089359 0.083334 0.032257 0.031131 0.032257 960 975
24 62.310000 60.320000 1000000 9.137304 8.895140 9.131541 8.886850 0.031156 0.032257 0.097432 0.091937 0.032257 0.031151 0.032257 970 1037
24 62.310000 60.320000 1000000 9.120536 8.881161 9.114741 8.872872 0.031173 0.032257 0.093385 0.087636 0.032257 0.031168 0.032257 1030 1091
24 62.310000 60.320000 1000000 9.095457 8.867183 9.089614 8.858893 0.031193 0.032257 0.095406 0.089788 0.032257 0.031189 0.032257 1090 1121
24 62.310000 60.320000 1000000 9.085511 8.848903 9.082919 8.851904 0.031207 0.032257 0.088358 0.082260 0.032257 0.031198 0.032257 1100 1158
24 62.310000 60.320000 1000000 9.063272 8.829549 9.060188 8.831340 0.031229 0.032257 0.095409 0.089790 0.032257 0.031220 0.032257 1150 1172
24 62.310000 60.320000 1000000 9.057556 8.823097 9.054465 8.824888 0.031234 0.032257 0.091373 0.085489 0.032257 0.031226 0.032257 1170 1240
24 62.310000 60.320000 1000000 9.035838 8.811269 9.032725 8.813060 0.031251 0.032257 0.084372 0.077962 0.032257 0.031242 0.032257 1190 1267
24 62.310000 60.320000 1000000 9.020550 8.800517 9.017422 8.802307 0.031250 0.032257 0.088362 0.082263 0.032257 0.031241 0.032257 1260 1338
24 62.310000 60.320000 1000000 9.015758 8.786538 9.011913 8.783222 0.031243 0.032257 0.090368 0.084415 0.032257 0.031235 0.032257 1330 1344
24 62.310000 60.320000 1000000 9.014808 8.785463 9.010961 8.782147 0.031241 0.032257 0.089365 0.083340 0.032257 0.031233 0.032257 1340 1416
24 62.310000 60.320000 1000000 9.014412 8.784388 9.010565 8.781071 0.031240 0.032257 0.090368 0.084415 0.032257 0.031232 0.032257 1410 1428
24 62.310000 60.320000 1000000 9.013094 8.783312 9.009245 8.779996 0.031241 0.032257 0.091374 0.085490 0.032257 0.031234 0.032257 1420 1494
24 62.310000 60.320000 1000000 9.007567 8.780087 9.003711 8.776770 0.031247 0.032257 0.090368 0.084415 0.032257 0.031240 0.032257 1490 1551
24 62.310000 60.320000 1000000 9.002880 8.775786 8.999017 8.772469 0.031243 0.032257 0.086365 0.080114 0.032257 0.031236 0.032257 1550 1592
24 62.310000 60.320000 1000000 8.980277 8.760732 8.976385 8.757416 0.031264 0.032257 0.086365 0.080115 0.032257 0.031256 0.032257 1590 1630
24 62.310000 60.320000 1000000 8.956032 8.744603 8.951644 8.740077 0.031280 0.032257 0.087362 0.081189 0.032257 0.031274 0.032257 1630 1693
24 62.310000 60.320000 1000000 8.943570 8.733850 8.939163 8.729324 0.031293 0.032257 0.092380 0.086565 0.032257 0.031286 0.032257 1690 1704
24 62.310000 60.320000 1000000 8.942626 8.732775 8.938219 8.728249 0.031291 0.032257 0.091373 0.085490 0.032257 0.031285 0.032257 1700 1750
24 62.310000 60.320000 1000000 8.917336 8.716646 8.912891 8.712120 0.031320 0.032257 0.092380 0.086565 0.032257 0.031313 0.032257 1750 1798
24 62.310000 60.320000 1000000 8.897595 8.701593 8.893120 8.697066 0.031326 0.032257 0.082390 0.075813 0.032257 0.031320 0.032257 1790 1853
24 62.310000 60.320000 1000000 8.896751 8.700517 8.892274 8.695991 0.031325 0.032257 0.081402 0.074738 0.032257 0.031318 0.032257 1850 2196
24 62.310000 60.320000 1000000 8.892996 8.694603 8.888398 8.689226 0.031317 0.032257 0.081896 0.075275 0.032257 0.031310 0.032257 2190 2305
24 62.310000 60.320000 1000000 8.867233 8.680625 8.862595 8.675247 0.031339 0.032257 0.078941 0.072049 0.032257 0.031333 0.032257 2300 2380
24 62.310000 60.320000 1000000 8.866022 8.679550 8.861382 8.674172 0.031341 0.032257 0.077961 0.070974 0.032257 0.031334 0.032257 2380 2523
24 62.310000 60.320000 1000000 8.851454 8.668797 8.846791 8.663420 0.031342 0.032257 0.077961 0.070974 0.032257 0.031336 0.032257 2520 2730
24 62.310000 60.320000 1000000 8.845938 8.663421 8.841266 8.658043 0.031340 0.032257 0.075036 0.067748 0.032257 0.031334 0.032257 2730 2891
24 62.310000 60.320000 1000000 8.817484 8.643528 8.812728 8.637300 0.031355 0.032257 0.076495 0.069361 0.032257 0.031349 0.032257 2890 2947
24 62.310000 60.320000 1000000 8.814545 8.640302 8.809784 8.634074 0.031349 0.032257 0.076495 0.069360 0.032257 0.031343 0.032257 2940 2986
24 62.310000 60.320000 1000000 8.813469 8.639227 8.808706 8.632999 0.031347 0.032257 0.076495 0.069360 0.032257 0.031341 0.032257 2980 3088
24 62.310000 60.320000 1000000 8.810365 8.634926 8.805598 8.628697 0.031340 0.032257 0.077471 0.070436 0.032257 0.031333 0.032257 3080 3105
24 62.310000 60.320000 1000000 8.810223 8.633851 8.805402 8.627219 0.031339 0.032257 0.078450 0.071511 0.032257 0.031333 0.032257 3100 3394
24 62.310000 60.320000 1000000 8.782968 8.618797 8.778102 8.612165 0.031363 0.032257 0.076495 0.069361 0.032257 0.031357 0.032257 3340 3748
24 62.310000 60.320000 1000000 8.757646 8.590840 8.755636 8.595498 0.031363 0.032257 0.080414 0.073661 0.032257 0.031353 0.032257 3740 3889
24 62.310000 60.320000 1000000 8.755602 8.589765 8.753591 8.594423 0.031364 0.032257 0.081400 0.074736 0.032257 0.031355 0.032257 3880 4298
24 62.310000 60.320000 1000000 8.722112 8.566109 8.720077 8.570767 0.031360 0.032257 0.076493 0.069359 0.032257 0.031351 0.032257 4290 4424
24 62.310000 60.320000 1000000 8.712532 8.560732 8.710491 8.565391 0.031366 0.032257 0.072616 0.065058 0.032257 0.031356 0.032257 4420 4479
24 62.310000 60.320000 1000000 8.711627 8.559657 8.709585 8.564316 0.031364 0.032257 0.073581 0.066133 0.032257 0.031354 0.032257 4470 4554
24 62.310000 60.320000 1000000 8.686798 8.542453 8.684739 8.547111 0.031376 0.032257 0.073580 0.066132 0.032257 0.031366 0.032257 4550 4735
24 62.310000 60.320000 1000000 8.680676 8.537077 8.678612 8.541735 0.031367 0.032257 0.074548 0.067208 0.032257 0.031357 0.032257 4680 4739
24 62.310000 60.320000 1000000 8.679605 8.536001 8.677540 8.540660 0.031365 0.032257 0.074548 0.067208 0.032257 0.031355 0.032257 4730 4748
24 62.310000 60.320000 1000000 8.679531 8.534388 8.677426 8.538196 0.031365 0.032257 0.075033 0.067746 0.032257 0.031355 0.032257 4740 4833
24 62.310000 60.320000 1000000 8.676301 8.529012 8.674194 8.532819 0.031360 0.032257 0.077958 0.070971 0.032257 0.031350 0.032257 4830 5469
24 62.310000 60.320000 1000000 8.636931 8.504281 8.634795 8.508088 0.031358 0.032257 0.078938 0.072046 0.032257 0.031348 0.032257 5460 5924
24 62.310000 60.320000 1000000 8.628770 8.497829 8.626628 8.501636 0.031354 0.032257 0.077958 0.070971 0.032257 0.031344 0.032257 5920 5992
24 62.310000 60.320000 1000000 8.627990 8.496754 8.625847 8.500561 0.031353 0.032257 0.076980 0.069896 0.032257 0.031343 0.032257 5990 6150
24 62.310000 60.320000 1000000 8.627289 8.495679 8.625146 8.499486 0.031351 0.032257 0.076980 0.069896 0.032257 0.031341 0.032257 6150 6552
24 62.310000 60.320000 1000000 8.623817 8.491377 8.621672 8.495185 0.031344 0.032257 0.076005 0.068820 0.032257 0.031334 0.032257 6550 6577
24 62.310000 60.320000 1000000 8.618526 8.488152 8.616377 8.491959 0.031350 0.032257 0.075033 0.067745 0.032257 0.031340 0.032257 6570 6623
24 62.310000 60.320000 1000000 8.612174 8.484926 8.610020 8.488733 0.031356 0.032257 0.074064 0.066670 0.032257 0.031345 0.032257 6620 6701
24 62.310000 60.320000 1000000 8.600948 8.477399 8.598786 8.481206 0.031361 0.032257 0.076980 0.069896 0.032257 0.031351 0.032257 6700 6854
24 62.310000 60.320000 1000000 8.588463 8.462345 8.586291 8.466152 0.031373 0.032257 0.082881 0.076346 0.032257 0.031363 0.032257 6850 6930
24 62.310000 60.320000 1000000 8.584700 8.459119 8.582525 8.462927 0.031379 0.032257 0.079920 0.073121 0.032257 0.031369 0.032257 6930 7786
24 62.310000 60.320000 1000000 8.572587 8.449442 8.570403 8.453249 0.031381 0.032257 0.079919 0.073120 0.032257 0.031371 0.032257 7780 7884
24 62.310000 60.320000 1000000 8.570874 8.448367 8.568689 8.452174 0.031381 0.032257 0.078936 0.072045 0.032257 0.031371 0.032257 7880 8499
24 62.310000 60.320000 1000000 8.558785 8.439765 8.556590 8.443572 0.031393 0.032257 0.084865 0.078495 0.032257 0.031383 0.032257 8490 8925
24 62.310000 60.320000 1000000 8.557654 8.438689 8.555458 8.442496 0.031391 0.032257 0.084865 0.078495 0.032257 0.031380 0.032257 8920 9179
24 62.310000 60.320000 1000000 8.555577 8.432238 8.553127 8.434342 0.031388 0.032257 0.081890 0.075269 0.032257 0.031378 0.032257 9170 9431
24 62.310000 60.320000 1000000 8.554591 8.431162 8.552140 8.433267 0.031389 0.032257 0.082880 0.076344 0.032257 0.031379 0.032257 9430 9516
24 62.310000 60.320000 1000000 8.551694 8.429012 8.549241 8.431117 0.031389 0.032257 0.082879 0.076344 0.032257 0.031380 0.032257 9510 9531
24 62.310000 60.320000 1000000 8.550735 8.427937 8.548281 8.430041 0.031387 0.032257 0.082879 0.076344 0.032257 0.031378 0.032257 9530 9883
24 62.310000 60.320000 1000000 8.550502 8.426324 8.547924 8.427577 0.031388 0.032257 0.082384 0.075806 0.032257 0.031378 0.032257 9880 9957
24 62.310000 60.320000 1000000 8.548692 8.425248 8.546112 8.426502 0.031390 0.032257 0.081396 0.074731 0.032257 0.031381 0.032257 9950 10065
24 62.310000 60.320000 1000000 8.532343 8.414496 8.529749 8.415749 0.031390 0.032257 0.081397 0.074733 0.032257 0.031380 0.032257 10060 10142
24 62.310000 60.320000 1000000 8.524944 8.409120 8.522343 8.410373 0.031395 0.032257 0.082385 0.075807 0.032257 0.031386 0.032257 10140 10167
24 62.310000 60.320000 1000000 8.524840 8.408044 8.522361 8.410552 0.031395 0.032257 0.081397 0.074732 0.032257 0.031386 0.032257 10160 10659
24 62.310000 60.320000 1000000 8.516867 8.403743 8.514381 8.406251 0.031399 0.032257 0.079427 0.072582 0.032257 0.031390 0.032257 10650 10825
24 62.310000 60.320000 1000000 8.515923 8.402668 8.513437 8.405176 0.031397 0.032257 0.078446 0.071507 0.032257 0.031388 0.032257 10820 11058
24 62.310000 60.320000 1000000 8.514857 8.401593 8.512370 8.404101 0.031395 0.032257 0.079428 0.072582 0.032257 0.031386 0.032257 11050 11093
24 62.310000 60.320000 1000000 8.514625 8.399980 8.512015 8.401636 0.031396 0.032257 0.078937 0.072045 0.032257 0.031387 0.032257 11090 11139
24 62.310000 60.320000 1000000 8.514328 8.398904 8.512064 8.401816 0.031396 0.032257 0.079919 0.073120 0.032257 0.031387 0.032257 11130 11281
24 62.310000 60.320000 1000000 8.506430 8.390302 8.504161 8.393214 0.031403 0.032257 0.081892 0.075271 0.032257 0.031394 0.032257 11280 11443
24 62.310000 60.320000 1000000 8.505346 8.389227 8.503076 8.392138 0.031401 0.032257 0.081891 0.075271 0.032257 0.031391 0.032257 11440 11908
24 62.310000 60.320000 1000000 8.494502 8.382775 8.492223 8.385687 0.031410 0.032257 0.081891 0.075270 0.032257 0.031400 0.032257 11900 12886
24 62.310000 60.320000 1000000 8.483200 8.372023 8.480912 8.374934 0.031402 0.032257 0.083872 0.077421 0.032257 0.031392 0.032257 12880 13562
24 62.310000 60.320000 1000000 8.482082 8.370948 8.479793 8.373859 0.031399 0.032257 0.082881 0.076346 0.032257 0.031390 0.032257 13560 14668
24 62.310000 60.320000 1000000 8.461104 8.347292 8.461091 8.358984 0.031399 0.032257 0.084867 0.078497 0.032257 0.031386 0.032257 14660 15660
24 62.310000 60.320000 1000000 8.435492 8.327937 8.435301 8.339226 0.031424 0.032257 0.074062 0.066669 0.032257 0.031411 0.032257 15660 16067
24 62.310000 60.320000 1000000 8.432753 8.324711 8.432215 8.335194 0.031428 0.032257 0.071172 0.063443 0.032257 0.031416 0.032257 16060 16448
24 62.310000 60.320000 1000000 8.432189 8.323636 8.431651 8.334119 0.031426 0.032257 0.072133 0.064518 0.032257 0.031414 0.032257 16440 16827
24 62.310000 60.320000 1000000 8.415665 8.315034 8.415123 8.325516 0.031440 0.032257 0.072132 0.064517 0.032257 0.031428 0.032257 16820 17082
24 62.310000 60.320000 1000000 8.414574 8.313958 8.414032 8.324441 0.031438 0.032257 0.072132 0.064517 0.032257 0.031426 0.032257 17080 17511
24 62.310000 60.320000 1000000 8.390864 8.295141 8.389948 8.303070 0.031443 0.032257 0.070693 0.062904 0.032257 0.031431 0.032257 17510 18399
24 62.310000 60.320000 1000000 8.372903 8.284388 8.371980 8.292318 0.031454 0.032257 0.069738 0.061829 0.032257 0.031443 0.032257 18390 19183
24 62.310000 60.320000 1000000 8.364939 8.279012 8.364014 8.286941 0.031461 0.032257 0.071652 0.063980 0.032257 0.031450 0.032257 19180 19922
24 62.310000 60.320000 1000000 8.363995 8.277937 8.363070 8.285866 0.031459 0.032257 0.072613 0.065055 0.032257 0.031448 0.032257 19920 20016
24 62.310000 60.320000 1000000 8.362056 8.276862 8.361130 8.284791 0.031460 0.032257 0.073578 0.066130 0.032257 0.031449 0.032257 20010 20124
24 62.310000 60.320000 1000000 8.359987 8.275786 8.359060 8.283715 0.031463 0.032257 0.073578 0.066130 0.032257 0.031451 0.032257 20120 21042
24 62.310000 60.320000 1000000 8.343688 8.258582 8.342756 8.266511 0.031484 0.032257 0.075517 0.068281 0.032257 0.031472 0.032257 21040 21181
24 62.310000 60.320000 1000000 8.342557 8.257507 8.341624 8.265436 0.031482 0.032257 0.074546 0.067206 0.032257 0.031470 0.032257 21180 22847
24 62.310000 60.320000 1000000 8.337398 8.252131 8.336464 8.260060 0.031481 0.032257 0.072613 0.065055 0.032257 0.031469 0.032257 22840 23429
24 62.310000 60.320000 1000000 8.333983 8.249980 8.333047 8.257909 0.031484 0.032257 0.074546 0.067206 0.032257 0.031473 0.032257 23310 28058
24 62.310000 60.320000 1000000 8.273542 8.213421 8.272586 8.221350 0.031541 0.032257 0.080408 0.073654 0.032257 0.031529 0.032257 28050 28159
24 62.310000 60.320000 1000000 8.272788 8.212346 8.271831 8.220275 0.031540 0.032257 0.079425 0.072580 0.032257 0.031528 0.032257 28150 30006
24 62.310000 60.320000 1000000 8.268522 8.203743 8.267386 8.211269 0.031546 0.032257 0.085361 0.079031 0.032257 0.031534 0.032257 30000 30036
24 62.310000 60.320000 1000000 8.266376 8.202668 8.265239 8.210194 0.031548 0.032257 0.084366 0.077956 0.032257 0.031536 0.032257 30030 31256
24 62.310000 60.320000 1000000 8.262453 8.198905 8.261190 8.205579 0.031551 0.032257 0.084863 0.078493 0.032257 0.031540 0.032257 31250 31771
24 62.310000 60.320000 1000000 8.260926 8.197829 8.259662 8.204504 0.031550 0.032257 0.084863 0.078493 0.032257 0.031539 0.032257 31770 31976
24 62.310000 60.320000 1000000 8.260814 8.196754 8.259681 8.204683 0.031550 0.032257 0.085858 0.079568 0.032257 0.031539 0.032257 31970 35103
24 62.310000 60.320000 1000000 8.253718 8.187614 8.252222 8.192990 0.031551 0.032257 0.080410 0.073657 0.032257 0.031541 0.032257 35100 35219
24 62.310000 60.320000 1000000 8.252248 8.186539 8.250751 8.191915 0.031550 0.032257 0.081396 0.074731 0.032257 0.031540 0.032257 35210 39366
24 62.310000 60.320000 1000000 8.248743 8.183313 8.247245 8.188689 0.031544 0.032257 0.080410 0.073657 0.032257 0.031534 0.032257 39360 43496
24 62.310000 60.320000 1000000 8.218498 8.160733 8.216983 8.166108 0.031548 0.032257 0.087359 0.081185 0.032257 0.031537 0.032257 43490 44123
24 62.310000 60.320000 1000000 8.217592 8.159658 8.216077 8.165033 0.031546 0.032257 0.088359 0.082261 0.032257 0.031536 0.032257 44120 47702
24 62.310000 60.320000 1000000 8.179939 8.136002 8.178403 8.141377 0.031576 0.032257 0.082386 0.075808 0.032257 0.031566 0.032257 47700 47951
24 62.310000 60.320000 1000000 8.177236 8.128475 8.177610 8.141377 0.031577 0.032257 0.088359 0.082260 0.032257 0.031564 0.032257 47950 48508
24 62.310000 60.320000 1000000 8.175205 8.127400 8.175579 8.140302 0.031578 0.032257 0.088359 0.082260 0.032257 0.031565 0.032257 48500 48996
24 62.310000 60.320000 1000000 8.174064 8.126324 8.174438 8.139227 0.031576 0.032257 0.089360 0.083335 0.032257 0.031563 0.032257 48990 49440
24 62.310000 60.320000 1000000 8.172415 8.125249 8.172789 8.138151 0.031579 0.032257 0.088359 0.082260 0.032257 0.031566 0.032257 49440 50145
24 62.310000 60.320000 1000000 8.170875 8.124174 8.171249 8.137076 0.031578 0.032257 0.088358 0.082259 0.032257 0.031565 0.032257 50140 50633
24 62.310000 60.320000 1000000 8.170118 8.123099 8.170492 8.136001 0.031579 0.032257 0.088358 0.082259 0.032257 0.031566 0.032257 50630 51561
24 62.310000 60.320000 1000000 8.168957 8.122023 8.169332 8.134926 0.031578 0.032257 0.087357 0.081184 0.032257 0.031565 0.032257 51560 55144
24 62.310000 60.320000 1000000 8.138569 8.095142 8.138948 8.108044 0.031611 0.032257 0.095406 0.089787 0.032257 0.031598 0.032257 55140 57139
24 62.310000 60.320000 1000000 8.134047 8.091916 8.134427 8.104818 0.031617 0.032257 0.095405 0.089787 0.032257 0.031604 0.032257 57130 57680
24 62.310000 60.320000 1000000 8.132253 8.090841 8.132633 8.103743 0.031620 0.032257 0.094394 0.088711 0.032257 0.031607 0.032257 57680 64832
24 62.310000 60.320000 1000000 8.076048 8.052131 8.075882 8.063824 0.031658 0.032257 0.093386 0.087638 0.032257 0.031646 0.032257 64830 65553
24 62.310000 60.320000 1000000 8.060614 8.039228 8.060447 8.050920 0.031663 0.032257 0.087360 0.081186 0.032257 0.031651 0.032257 65550 67508
24 62.310000 60.320000 1000000 8.059898 8.038153 8.059731 8.049845 0.031662 0.032257 0.086362 0.080111 0.032257 0.031649 0.032257 67500 68184
24 62.310000 60.320000 1000000 8.058357 8.037077 8.058190 8.048770 0.031661 0.032257 0.085365 0.079036 0.032257 0.031649 0.032257 68180 68242
24 62.310000 60.320000 1000000 8.057659 8.036002 8.057492 8.047695 0.031660 0.032257 0.085365 0.079036 0.032257 0.031647 0.032257 68240 72149
24 62.310000 60.320000 1000000 8.002386 7.991916 8.001338 8.001592 0.031720 0.032257 0.090363 0.084409 0.032257 0.031709 0.032257 72140 73739
24 62.310000 60.320000 1000000 8.001529 7.990841 8.000480 8.000517 0.031719 0.032257 0.089360 0.083335 0.032257 0.031708 0.032257 73730 75244
24 62.310000 60.320000 1000000 8.001289 7.989228 8.000114 7.998053 0.031719 0.032257 0.088859 0.082797 0.032257 0.031709 0.032257 75240 79628
24 62.310000 60.320000 1000000 7.991153 7.976325 7.989973 7.985150 0.031731 0.032257 0.099972 0.094625 0.032257 0.031720 0.032257 79620 83883
24 62.310000 60.320000 1000000 7.975510 7.959120 7.974323 7.967946 0.031752 0.032257 0.091872 0.086023 0.032257 0.031742 0.032257 83880 86037
24 62.310000 60.320000 1000000 7.960468 7.948368 7.959275 7.957193 0.031767 0.032257 0.085861 0.079571 0.032257 0.031756 0.032257 86030 86697
24 62.310000 60.320000 1000000 7.960021 7.947292 7.958659 7.955714 0.031768 0.032257 0.084866 0.078496 0.032257 0.031757 0.032257 86690 93853
24 62.310000 60.320000 1000000 7.941882 7.934389 7.940183 7.942005 0.031783 0.032257 0.079919 0.073120 0.032257 0.031773 0.032257 93850 98983
24 62.310000 60.320000 1000000 7.941437 7.933314 7.939738 7.940929 0.031782 0.032257 0.078938 0.072046 0.032257 0.031772 0.032257 98980 99833
24 62.310000 60.320000 1000000 7.935292 7.927937 7.933589 7.935553 0.031788 0.032257 0.074063 0.066669 0.032257 0.031778 0.032257 99830 104530
24 62.310000 60.320000 1000000 7.932331 7.922561 7.930486 7.929370 0.031783 0.032257 0.075032 0.067744 0.032257 0.031773 0.032257 104530 107390
24 62.310000 60.320000 1000000 7.913562 7.910733 7.911703 7.917542 0.031809 0.032257 0.072133 0.064518 0.032257 0.031798 0.032257 107390 108226
24 62.310000 60.320000 1000000 7.912246 7.909658 7.910387 7.916467 0.031807 0.032257 0.071173 0.063443 0.032257 0.031797 0.032257 108220 111976
24 62.310000 60.320000 1000000 7.911259 7.908583 7.909399 7.915392 0.031806 0.032257 0.072132 0.064518 0.032257 0.031795 0.032257 111970 112274
24 62.310000 60.320000 1000000 7.909627 7.907507 7.907766 7.914317 0.031807 0.032257 0.072132 0.064518 0.032257 0.031797 0.032257 112270 115164
24 62.310000 60.320000 1000000 7.902664 7.903206 7.900798 7.910015 0.031812 0.032257 0.075032 0.067744 0.032257 0.031801 0.032257 115160 121112
24 62.310000 60.320000 1000000 7.900342 7.898905 7.898219 7.904012 0.031815 0.032257 0.074062 0.066668 0.032257 0.031805 0.032257 121110 121171
24 62.310000 60.320000 1000000 7.899911 7.897830 7.897627 7.902533 0.031816 0.032257 0.073096 0.065593 0.032257 0.031806 0.032257 121170 125674
24 62.310000 60.320000 1000000 7.899044 7.896755 7.896759 7.901458 0.031814 0.032257 0.074062 0.066668 0.032257 0.031805 0.032257 125670 136420
24 62.310000 60.320000 1000000 7.887721 7.880626 7.885426 7.885329 0.031824 0.032257 0.069262 0.061292 0.032257 0.031815 0.032257 136420 143582
24 62.310000 60.320000 1000000 7.879086 7.874174 7.876783 7.878878 0.031818 0.032257 0.072132 0.064517 0.032257 0.031809 0.032257 143580 150004
24 62.310000 60.320000 1000000 7.870351 7.851594 7.866897 7.847785 0.031813 0.032257 0.075031 0.067743 0.032257 0.031805 0.032257 150000 151839
24 62.310000 60.320000 1000000 7.868341 7.850518 7.864885 7.846709 0.031815 0.032257 0.074062 0.066668 0.032257 0.031807 0.032257 151830 151976
24 62.310000 60.320000 1000000 7.864958 7.847293 7.861498 7.843484 0.031813 0.032257 0.075031 0.067743 0.032257 0.031805 0.032257 151970 153245
24 62.310000 60.320000 1000000 7.863663 7.846217 7.860201 7.842408 0.031811 0.032257 0.074061 0.066667 0.032257 0.031804 0.032257 153240 154848
24 62.310000 60.320000 1000000 7.862091 7.845142 7.858627 7.841333 0.031814 0.032257 0.074061 0.066667 0.032257 0.031806 0.032257 154840 155071
24 62.310000 60.320000 1000000 7.861645 7.844067 7.858180 7.840258 0.031813 0.032257 0.074062 0.066668 0.032257 0.031806 0.032257 155070 155318
24 62.310000 60.320000 1000000 7.860333 7.842992 7.856867 7.839183 0.031811 0.032257 0.074062 0.066668 0.032257 0.031804 0.032257 155310 159600
24 62.310000 60.320000 1000000 7.847282 7.833314 7.843798 7.829505 0.031813 0.032257 0.073094 0.065591 0.032257 0.031805 0.032257 159600 181909
24 62.310000 60.320000 1000000 7.798937 7.797830 7.795388 7.794021 0.031860 0.032257 0.066423 0.058065 0.032257 0.031853 0.032257 181900 183806
24 62.310000 60.320000 1000000 7.793732 7.794605 7.790176 7.790796 0.031863 0.032257 0.065485 0.056989 0.032257 0.031856 0.032257 183800 189486
24 62.310000 60.320000 1000000 7.792877 7.793529 7.789320 7.789720 0.031862 0.032257 0.064552 0.055914 0.032257 0.031855 0.032257 189480 193936
24 62.310000 60.320000 1000000 7.759196 7.773099 7.755592 7.769290 0.031885 0.032257 0.062699 0.053764 0.032257 0.031878 0.032257 193930 208094
24 62.310000 60.320000 1000000 7.748277 7.764497 7.744658 7.760688 0.031895 0.032257 0.065486 0.056990 0.032257 0.031888 0.032257 208090 221565
24 62.310000 60.320000 1000000 7.736215 7.752669 7.731771 7.746844 0.031909 0.032257 0.063623 0.054840 0.032257 0.031903 0.032257 221560 228869
24 62.310000 60.320000 1000000 7.734954 7.751594 7.730508 7.745769 0.031908 0.032257 0.064552 0.055915 0.032257 0.031902 0.032257 228860 255348
24 62.310000 60.320000 1000000 7.724937 7.745143 7.720473 7.739317 0.031911 0.032257 0.066423 0.058064 0.032257 0.031905 0.032257 255340 257031
24 62.310000 60.320000 1000000 7.724166 7.744067 7.719701 7.738242 0.031910 0.032257 0.066423 0.058064 0.032257 0.031904 0.032257 257030 260679
24 62.310000 60.320000 1000000 7.723826 7.742992 7.719361 7.737167 0.031909 0.032257 0.065485 0.056989 0.032257 0.031904 0.032257 260670 261835
24 62.310000 60.320000 1000000 7.721818 7.741917 7.717349 7.736092 0.031911 0.032257 0.065485 0.056989 0.032257 0.031906 0.032257 261830 293003
24 62.310000 60.320000 1000000 7.705048 7.729013 7.701591 7.726952 0.031927 0.032257 0.063623 0.054839 0.032257 0.031920 0.032257 272350 300040
24 62.310000 60.320000 1000000 7.699859 7.723637 7.696395 7.721575 0.031930 0.032257 0.064552 0.055915 0.032257 0.031923 0.032257 300040 301313
24 62.310000 60.320000 1000000 7.698901 7.722562 7.695436 7.720500 0.031929 0.032257 0.064552 0.055915 0.032257 0.031921 0.032257 301310 310769
24 62.310000 60.320000 1000000 7.693840 7.716648 7.690313 7.713735 0.031936 0.032257 0.062239 0.053227 0.032257 0.031928 0.032257 310760 352381
24 62.310000 60.320000 1000000 7.690533 7.710196 7.687001 7.707283 0.031941 0.032257 0.059503 0.050001 0.032257 0.031933 0.032257 319650 350743
24 62.310000 60.320000 1000000 7.678092 7.688691 7.673239 7.679954 0.031957 0.032257 0.064087 0.055377 0.032257 0.031951 0.032257 350740 352381
24 62.310000 60.320000 1000000 7.677328 7.687616 7.672474 7.678878 0.031956 0.032257 0.064087 0.055377 0.032257 0.031950 0.032257 352380 352965
24 62.310000 60.320000 1000000 7.675612 7.686540 7.670755 7.677803 0.031957 0.032257 0.063160 0.054302 0.032257 0.031952 0.032257 352960 386197
24 62.310000 60.320000 1000000 7.655023 7.670412 7.649926 7.659972 0.031978 0.032257 0.057710 0.047853 0.032257 0.031973 0.032257 386190 395490
24 62.310000 60.320000 1000000 7.653535 7.669336 7.648435 7.658896 0.031978 0.032257 0.058605 0.048929 0.032257 0.031973 0.032257 395490 411277
24 62.310000 60.320000 1000000 7.651812 7.668261 7.646709 7.657821 0.031978 0.032257 0.059506 0.050004 0.032257 0.031973 0.032257 411270 431222
24 62.310000 60.320000 1000000 7.643998 7.659659 7.638879 7.649219 0.031971 0.032257 0.059505 0.050004 0.032257 0.031966 0.032257 431220 442506
24 62.310000 60.320000 1000000 7.632436 7.652132 7.627293 7.641692 0.031975 0.032257 0.060412 0.051079 0.032257 0.031970 0.032257 442500 452042
24 62.310000 60.320000 1000000 7.632332 7.650519 7.627134 7.639228 0.031975 0.032257 0.060868 0.051617 0.032257 0.031970 0.032257 452040 469651
24 62.310000 60.320000 1000000 7.625902 7.645143 7.620692 7.633852 0.031971 0.032257 0.061782 0.052692 0.032257 0.031966 0.032257 469650 469739
24 62.310000 60.320000 1000000 7.625239 7.644067 7.620027 7.632776 0.031971 0.032257 0.060867 0.051617 0.032257 0.031966 0.032257 469730 483698
24 62.310000 60.320000 1000000 7.621604 7.639766 7.616385 7.628475 0.031975 0.032257 0.059958 0.050541 0.032257 0.031970 0.032257 483690 485510
24 62.310000 60.320000 1000000 7.619904 7.638691 7.614681 7.627400 0.031976 0.032257 0.059958 0.050541 0.032257 0.031971 0.032257 485510 488516
24 62.310000 60.320000 1000000 7.619609 7.637616 7.614730 7.627579 0.031977 0.032257 0.059054 0.049466 0.032257 0.031971 0.032257 488510 489379
24 62.310000 60.320000 1000000 7.617894 7.636541 7.613011 7.626504 0.031979 0.032257 0.058157 0.048391 0.032257 0.031973 0.032257 489370 509021
24 62.310000 60.320000 1000000 7.614483 7.632240 7.609594 7.622203 0.031980 0.032257 0.060867 0.051616 0.032257 0.031975 0.032257 509020 509397
24 62.310000 60.320000 1000000 7.613968 7.631164 7.609078 7.621128 0.031981 0.032257 0.060867 0.051616 0.032257 0.031976 0.032257 509390 529653
24 62.310000 60.320000 1000000 7.609315 7.624713 7.604416 7.614676 0.031987 0.032257 0.062701 0.053767 0.032257 0.031981 0.032257 529650 558905
24 62.310000 60.320000 1000000 7.604242 7.620412 7.599333 7.610375 0.031989 0.032257 0.066426 0.058068 0.032257 0.031984 0.032257 558900 586018
24 62.310000 60.320000 1000000 7.594106 7.611810 7.589501 7.604282 0.031998 0.032257 0.065488 0.056992 0.032257 0.031993 0.032257 586010 602614
24 62.310000 60.320000 1000000 7.585916 7.606433 7.581296 7.598906 0.031998 0.032257 0.064554 0.055917 0.032257 0.031993 0.032257 602610 603121
24 62.310000 60.320000 1000000 7.585353 7.605358 7.580732 7.597830 0.031998 0.032257 0.063625 0.054842 0.032257 0.031993 0.032257 603120 648281
24 62.310000 60.320000 1000000 7.570817 7.594605 7.566170 7.587078 0.032010 0.032257 0.061781 0.052691 0.032257 0.032005 0.032257 648280 675461
24 62.310000 60.320000 1000000 7.568129 7.589229 7.564156 7.584210 0.032012 0.032257 0.061781 0.052691 0.032257 0.032006 0.032257 675460 725970
24 62.310000 60.320000 1000000 7.557921 7.579552 7.553932 7.574533 0.032022 0.032257 0.055501 0.045164 0.032257 0.032016 0.032257 725970 752313
24 62.310000 60.320000 1000000 7.547379 7.566648 7.543295 7.561227 0.032032 0.032257 0.060866 0.051615 0.032257 0.032026 0.032257 752310 829167
24 62.310000 60.320000 1000000 7.535009 7.550519 7.533651 7.556388 0.032038 0.032257 0.060865 0.051614 0.032257 0.032028 0.032257 829160 860291
24 62.310000 60.320000 1000000 7.531920 7.546218 7.530561 7.552087 0.032039 0.032257 0.059053 0.049464 0.032257 0.032029 0.032257 860290 866911
24 62.310000 60.320000 1000000 7.530122 7.545143 7.528762 7.551011 0.032041 0.032257 0.058155 0.048388 0.032257 0.032031 0.032257 866910 882571
24 62.310000 60.320000 1000000 7.529739 7.544068 7.528236 7.549533 0.032041 0.032257 0.057263 0.047313 0.032257 0.032031 0.032257 882570 886827
24 62.310000 60.320000 1000000 7.529088 7.542992 7.527584 7.548458 0.032040 0.032257 0.058155 0.048388 0.032257 0.032030 0.032257 886820 906529
24 62.310000 60.320000 1000000 7.520461 7.535466 7.518951 7.540931 0.032048 0.032257 0.060865 0.051614 0.032257 0.032038 0.032257 906520 923930
24 62.310000 60.320000 1000000 7.519268 7.534390 7.517758 7.539855 0.032047 0.032257 0.059956 0.050539 0.032257 0.032037 0.032257 923930 935727
24 62.310000 60.320000 1000000 7.511714 7.529014 7.510199 7.534479 0.032051 0.032257 0.057262 0.047312 0.032257 0.032041 0.032257 935720 936983
24 62.310000 60.320000 1000000 7.510759 7.527939 7.509244 7.533404 0.032050 0.032257 0.058154 0.048387 0.032257 0.032040 0.032257 936980 989065
24 62.310000 60.320000 1000000 7.504369 7.514498 7.502361 7.515707 0.032046 0.032257 0.055064 0.044626 0.032257 0.032037 0.032257 989060 997110
24 62.310000 60.320000 1000000 7.499028 7.510197 7.497015 7.511406 0.032052 0.032257 0.055063 0.044625 0.032257 0.032042 0.032257 997110 1000000
