39 62.310000 60.320000 1000000 13.443498 13.481147 13.439347 13.485357 0.031981 0.032257 0.199934 0.197315 0.032257 0.031971 0.032257 0 50
39 62.310000 60.320000 1000000 12.122745 11.995667 12.118593 11.996158 0.031537 0.032257 0.339172 0.337635 0.032257 0.031527 0.032257 50 60
39 62.310000 60.320000 1000000 11.833709 11.655883 11.829497 11.657628 0.031484 0.032257 0.259004 0.256988 0.032257 0.031474 0.032257 60 70
39 62.310000 60.320000 1000000 11.617408 11.437067 11.612487 11.436348 0.031414 0.032257 0.160795 0.157527 0.032257 0.031405 0.032257 70 80
39 62.310000 60.320000 1000000 11.496211 11.318787 11.491561 11.318427 0.031442 0.032257 0.177686 0.174733 0.032257 0.031432 0.032257 80 93
39 62.310000 60.320000 1000000 11.373253 11.164486 11.368063 11.157719 0.031440 0.032257 0.225971 0.223656 0.032257 0.031430 0.032257 90 101
39 62.310000 60.320000 1000000 11.317221 11.060723 11.309515 11.040247 0.031415 0.032257 0.238217 0.236023 0.032257 0.031406 0.032257 100 110
39 62.310000 60.320000 1000000 11.225236 10.941906 11.222722 10.951717 0.031410 0.032257 0.201524 0.198926 0.032257 0.031401 0.032257 110 120
39 62.310000 60.320000 1000000 11.189332 10.888143 11.186793 10.897954 0.031379 0.032257 0.161324 0.158066 0.032257 0.031369 0.032257 120 130
39 62.310000 60.320000 1000000 11.132345 10.797821 11.129961 10.808886 0.031369 0.032257 0.198339 0.195698 0.032257 0.031359 0.032257 130 140
39 62.310000 60.320000 1000000 11.120148 10.780617 11.117756 10.791682 0.031368 0.032257 0.190917 0.188173 0.032257 0.031358 0.032257 140 154
39 62.310000 60.320000 1000000 11.086296 10.756961 11.083882 10.768025 0.031383 0.032257 0.196219 0.193550 0.032257 0.031373 0.032257 150 172
39 62.310000 60.320000 1000000 10.953628 10.641908 10.949188 10.640114 0.031440 0.032257 0.197279 0.194624 0.032257 0.031429 0.032257 170 182
39 62.310000 60.320000 1000000 10.795561 10.540834 10.791908 10.544059 0.031550 0.032257 0.232355 0.230105 0.032257 0.031540 0.032257 180 192
39 62.310000 60.320000 1000000 10.779505 10.522555 10.775256 10.523763 0.031554 0.032257 0.233422 0.231182 0.032257 0.031543 0.032257 190 201
39 62.310000 60.320000 1000000 10.647945 10.418254 10.643537 10.419463 0.031608 0.032257 0.236616 0.234407 0.032257 0.031598 0.032257 200 215
39 62.310000 60.320000 1000000 10.549948 10.355889 10.545415 10.357097 0.031681 0.032257 0.215332 0.212902 0.032257 0.031671 0.032257 210 224
39 62.310000 60.320000 1000000 10.519086 10.299975 10.521029 10.343836 0.031692 0.032257 0.247272 0.245159 0.032257 0.031684 0.032257 220 233
39 62.310000 60.320000 1000000 10.459725 10.216103 10.461702 10.259964 0.031698 0.032257 0.216396 0.213978 0.032257 0.031690 0.032257 230 241
39 62.310000 60.320000 1000000 10.398468 10.118254 10.397599 10.127662 0.031739 0.032257 0.180327 0.177418 0.032257 0.031730 0.032257 240 285
39 62.310000 60.320000 1000000 10.305337 9.974169 10.300476 9.962743 0.031753 0.032257 0.149756 0.146241 0.032257 0.031742 0.032257 280 291
39 62.310000 60.320000 1000000 10.279281 9.961266 10.274383 9.949840 0.031774 0.032257 0.143462 0.139789 0.032257 0.031764 0.032257 290 304
39 62.310000 60.320000 1000000 10.229717 9.913954 10.224397 9.895718 0.031780 0.032257 0.152908 0.149467 0.032257 0.031769 0.032257 300 319
39 62.310000 60.320000 1000000 10.226670 9.906427 10.222172 9.895718 0.031781 0.032257 0.146608 0.143015 0.032257 0.031772 0.032257 310 321
39 62.310000 60.320000 1000000 10.222704 9.903202 10.218201 9.892493 0.031782 0.032257 0.148706 0.145166 0.032257 0.031773 0.032257 320 333
39 62.310000 60.320000 1000000 10.212631 9.897825 10.208114 9.887116 0.031787 0.032257 0.147657 0.144090 0.032257 0.031777 0.032257 330 365
39 62.310000 60.320000 1000000 10.161045 9.860191 10.156716 9.851991 0.031819 0.032257 0.117425 0.112908 0.032257 0.031810 0.032257 360 376
39 62.310000 60.320000 1000000 10.144697 9.847288 10.140348 9.839087 0.031821 0.032257 0.127798 0.123660 0.032257 0.031812 0.032257 370 392
39 62.310000 60.320000 1000000 10.128037 9.838685 10.123665 9.830485 0.031833 0.032257 0.129881 0.125811 0.032257 0.031825 0.032257 390 423
39 62.310000 60.320000 1000000 10.104262 9.818255 10.099860 9.810055 0.031841 0.032257 0.128838 0.124735 0.032257 0.031833 0.032257 420 433
39 62.310000 60.320000 1000000 10.057602 9.787073 10.053138 9.778873 0.031870 0.032257 0.116390 0.111831 0.032257 0.031861 0.032257 430 454
39 62.310000 60.320000 1000000 9.977741 9.722557 9.973071 9.713954 0.031896 0.032257 0.126757 0.122584 0.032257 0.031888 0.032257 450 462
39 62.310000 60.320000 1000000 9.976129 9.719869 9.971368 9.710414 0.031896 0.032257 0.127277 0.123122 0.032257 0.031887 0.032257 460 473
39 62.310000 60.320000 1000000 9.969332 9.697289 9.963759 9.679322 0.031892 0.032257 0.132485 0.128498 0.032257 0.031884 0.032257 470 485
39 62.310000 60.320000 1000000 9.955429 9.683310 9.949833 9.665343 0.031895 0.032257 0.128314 0.124193 0.032257 0.031887 0.032257 480 494
39 62.310000 60.320000 1000000 9.949055 9.671482 9.943449 9.653515 0.031890 0.032257 0.126235 0.122044 0.032257 0.031882 0.032257 490 503
39 62.310000 60.320000 1000000 9.941527 9.656429 9.936438 9.640971 0.031889 0.032257 0.123119 0.118818 0.032257 0.031881 0.032257 500 516
39 62.310000 60.320000 1000000 9.903814 9.625246 9.898862 9.610684 0.031906 0.032257 0.123119 0.118818 0.032257 0.031897 0.032257 510 556
39 62.310000 60.320000 1000000 9.858534 9.586537 9.853514 9.571975 0.031899 0.032257 0.128316 0.124196 0.032257 0.031890 0.032257 530 545
39 62.310000 60.320000 1000000 9.813443 9.557505 9.808353 9.542943 0.031908 0.032257 0.136660 0.132799 0.032257 0.031899 0.032257 540 556
39 62.310000 60.320000 1000000 9.806701 9.551053 9.801600 9.536491 0.031909 0.032257 0.135615 0.131723 0.032257 0.031900 0.032257 550 569
39 62.310000 60.320000 1000000 9.795506 9.539225 9.791154 9.528427 0.031911 0.032257 0.135615 0.131723 0.032257 0.031902 0.032257 560 575
39 62.310000 60.320000 1000000 9.793373 9.534924 9.789018 9.524126 0.031909 0.032257 0.135615 0.131723 0.032257 0.031900 0.032257 570 582
39 62.310000 60.320000 1000000 9.763940 9.508042 9.759546 9.497244 0.031907 0.032257 0.149231 0.145702 0.032257 0.031898 0.032257 580 591
39 62.310000 60.320000 1000000 9.740822 9.494064 9.736297 9.482862 0.031921 0.032257 0.153433 0.150003 0.032257 0.031912 0.032257 590 605
39 62.310000 60.320000 1000000 9.704877 9.471484 9.700301 9.460282 0.031934 0.032257 0.153433 0.150004 0.032257 0.031925 0.032257 600 613
39 62.310000 60.320000 1000000 9.703027 9.470408 9.698448 9.459207 0.031934 0.032257 0.153433 0.150004 0.032257 0.031926 0.032257 610 647
39 62.310000 60.320000 1000000 9.656610 9.429548 9.652391 9.422110 0.031917 0.032257 0.143985 0.140325 0.032257 0.031909 0.032257 640 674
39 62.310000 60.320000 1000000 9.558640 9.359656 9.555806 9.359745 0.031963 0.032257 0.130398 0.126345 0.032257 0.031954 0.032257 670 683
39 62.310000 60.320000 1000000 9.504507 9.327398 9.501624 9.327487 0.032002 0.032257 0.138748 0.134946 0.032257 0.031994 0.032257 680 694
39 62.310000 60.320000 1000000 9.471409 9.303742 9.468496 9.303831 0.032007 0.032257 0.131440 0.127420 0.032257 0.031998 0.032257 690 788
39 62.310000 60.320000 1000000 9.430994 9.282237 9.428043 9.282325 0.032044 0.032257 0.137702 0.133870 0.032257 0.032035 0.032257 780 838
39 62.310000 60.320000 1000000 9.384728 9.254280 9.381733 9.254368 0.032063 0.032257 0.123118 0.118817 0.032257 0.032054 0.032257 830 844
39 62.310000 60.320000 1000000 9.310612 9.213420 9.307545 9.213508 0.032122 0.032257 0.107635 0.102688 0.032257 0.032114 0.032257 840 861
39 62.310000 60.320000 1000000 9.308540 9.212344 9.305471 9.212433 0.032124 0.032257 0.106610 0.101613 0.032257 0.032116 0.032257 860 882
39 62.310000 60.320000 1000000 9.291803 9.202667 9.288717 9.202756 0.032134 0.032257 0.098446 0.093011 0.032257 0.032125 0.032257 880 902
39 62.310000 60.320000 1000000 9.290174 9.199441 9.287086 9.199530 0.032132 0.032257 0.098446 0.093011 0.032257 0.032124 0.032257 900 920
39 62.310000 60.320000 1000000 9.287630 9.197291 9.284540 9.197379 0.032132 0.032257 0.098446 0.093011 0.032257 0.032123 0.032257 920 968
39 62.310000 60.320000 1000000 9.286273 9.196215 9.283182 9.196304 0.032131 0.032257 0.099463 0.094087 0.032257 0.032122 0.032257 960 979
39 62.310000 60.320000 1000000 9.285190 9.195140 9.282098 9.195229 0.032130 0.032257 0.099463 0.094087 0.032257 0.032122 0.032257 970 1064
39 62.310000 60.320000 1000000 9.262001 9.180086 9.258886 9.180175 0.032141 0.032257 0.090362 0.084408 0.032257 0.032133 0.032257 1020 1080
39 62.310000 60.320000 1000000 9.250218 9.169334 9.246912 9.167720 0.032141 0.032257 0.091368 0.085485 0.032257 0.032133 0.032257 1080 1099
39 62.310000 60.320000 1000000 9.249510 9.168259 9.246203 9.166645 0.032142 0.032257 0.090363 0.084409 0.032257 0.032133 0.032257 1090 1154
39 62.310000 60.320000 1000000 9.227726 9.151054 9.225017 9.152397 0.032154 0.032257 0.081397 0.074732 0.032257 0.032145 0.032257 1120 1166
39 62.310000 60.320000 1000000 9.217955 9.142452 9.215237 9.143795 0.032158 0.032257 0.078446 0.071507 0.032257 0.032149 0.032257 1160 1174
39 62.310000 60.320000 1000000 9.208243 9.134925 9.205517 9.136268 0.032159 0.032257 0.080411 0.073657 0.032257 0.032150 0.032257 1170 1198
39 62.310000 60.320000 1000000 9.203433 9.131699 9.200703 9.133042 0.032159 0.032257 0.078446 0.071507 0.032257 0.032150 0.032257 1190 1205
39 62.310000 60.320000 1000000 9.202838 9.130624 9.200108 9.131967 0.032158 0.032257 0.077467 0.070431 0.032257 0.032149 0.032257 1200 1229
39 62.310000 60.320000 1000000 9.197552 9.125248 9.194817 9.126591 0.032159 0.032257 0.077467 0.070431 0.032257 0.032150 0.032257 1220 1230
39 62.310000 60.320000 1000000 9.195701 9.122022 9.192819 9.122559 0.032158 0.032257 0.079427 0.072582 0.032257 0.032149 0.032257 1230 1246
39 62.310000 60.320000 1000000 9.193020 9.117721 9.190135 9.118257 0.032158 0.032257 0.079427 0.072582 0.032257 0.032149 0.032257 1240 1308
39 62.310000 60.320000 1000000 9.185524 9.110194 9.182942 9.113240 0.032157 0.032257 0.078445 0.071506 0.032257 0.032148 0.032257 1300 1388
39 62.310000 60.320000 1000000 9.176929 9.099441 9.174340 9.102487 0.032151 0.032257 0.076491 0.069356 0.032257 0.032142 0.032257 1380 1433
39 62.310000 60.320000 1000000 9.168692 9.094065 9.166096 9.097111 0.032153 0.032257 0.073579 0.066131 0.032257 0.032144 0.032257 1430 1501
39 62.310000 60.320000 1000000 9.144562 9.075786 9.141946 9.078831 0.032160 0.032257 0.071653 0.063981 0.032257 0.032151 0.032257 1500 1594
39 62.310000 60.320000 1000000 9.133762 9.067721 9.131046 9.069915 0.032162 0.032257 0.067368 0.059143 0.032257 0.032154 0.032257 1590 1603
39 62.310000 60.320000 1000000 9.133595 9.066108 9.130790 9.067451 0.032163 0.032257 0.066897 0.058606 0.032257 0.032154 0.032257 1600 1643
39 62.310000 60.320000 1000000 9.128980 9.060194 9.126084 9.060686 0.032164 0.032257 0.065489 0.056993 0.032257 0.032156 0.032257 1640 1691
39 62.310000 60.320000 1000000 9.121906 9.049979 9.118753 9.047917 0.032165 0.032257 0.070695 0.062907 0.032257 0.032156 0.032257 1690 1703
39 62.310000 60.320000 1000000 9.119927 9.048904 9.116771 9.046842 0.032166 0.032257 0.070695 0.062907 0.032257 0.032157 0.032257 1700 1749
39 62.310000 60.320000 1000000 9.110399 9.038151 9.107233 9.036089 0.032164 0.032257 0.067841 0.059681 0.032257 0.032156 0.032257 1740 1757
39 62.310000 60.320000 1000000 9.110267 9.037076 9.107255 9.036269 0.032164 0.032257 0.067841 0.059681 0.032257 0.032156 0.032257 1750 1770
39 62.310000 60.320000 1000000 9.108990 9.036001 9.105977 9.035193 0.032164 0.032257 0.066897 0.058606 0.032257 0.032156 0.032257 1770 1816
39 62.310000 60.320000 1000000 9.090446 9.022022 9.087414 9.021215 0.032168 0.032257 0.071654 0.063982 0.032257 0.032159 0.032257 1810 1824
39 62.310000 60.320000 1000000 9.089120 9.020947 9.086087 9.020139 0.032167 0.032257 0.071654 0.063982 0.032257 0.032159 0.032257 1820 1867
39 62.310000 60.320000 1000000 9.087632 9.019872 9.084597 9.019064 0.032166 0.032257 0.072615 0.065057 0.032257 0.032158 0.032257 1860 1983
39 62.310000 60.320000 1000000 9.061235 9.000517 9.058174 8.999709 0.032165 0.032257 0.068788 0.060756 0.032257 0.032157 0.032257 1980 2169
39 62.310000 60.320000 1000000 9.048707 8.991915 9.045633 8.991107 0.032168 0.032257 0.070695 0.062906 0.032257 0.032159 0.032257 2160 2201
39 62.310000 60.320000 1000000 9.044209 8.987614 9.041130 8.986806 0.032169 0.032257 0.071653 0.063981 0.032257 0.032161 0.032257 2200 2245
39 62.310000 60.320000 1000000 9.043324 8.986538 9.040244 8.985731 0.032169 0.032257 0.070694 0.062906 0.032257 0.032161 0.032257 2240 2309
39 62.310000 60.320000 1000000 9.041669 8.985463 9.038588 8.984656 0.032170 0.032257 0.069739 0.061831 0.032257 0.032162 0.032257 2300 2311
39 62.310000 60.320000 1000000 9.039639 8.984388 9.036556 8.983580 0.032171 0.032257 0.068788 0.060755 0.032257 0.032163 0.032257 2310 2395
39 62.310000 60.320000 1000000 9.025438 8.972560 9.022340 8.971752 0.032169 0.032257 0.075519 0.068283 0.032257 0.032160 0.032257 2390 2790
39 62.310000 60.320000 1000000 9.015699 8.965033 9.012591 8.964226 0.032165 0.032257 0.075519 0.068283 0.032257 0.032157 0.032257 2420 2667
39 62.310000 60.320000 1000000 8.973106 8.931700 8.969954 8.930893 0.032156 0.032257 0.086361 0.080111 0.032257 0.032148 0.032257 2660 2805
39 62.310000 60.320000 1000000 8.967224 8.921485 8.963893 8.918124 0.032158 0.032257 0.080905 0.074197 0.032257 0.032150 0.032257 2800 2869
39 62.310000 60.320000 1000000 8.958933 8.916109 8.955593 8.912747 0.032160 0.032257 0.083874 0.077422 0.032257 0.032151 0.032257 2860 2876
39 62.310000 60.320000 1000000 8.956852 8.913958 8.953510 8.910597 0.032160 0.032257 0.083874 0.077422 0.032257 0.032152 0.032257 2870 3285
39 62.310000 60.320000 1000000 8.941364 8.903205 8.938004 8.899844 0.032158 0.032257 0.080906 0.074197 0.032257 0.032150 0.032257 3280 3327
39 62.310000 60.320000 1000000 8.937386 8.897829 8.934562 8.896977 0.032160 0.032257 0.078938 0.072046 0.032257 0.032151 0.032257 3320 3395
39 62.310000 60.320000 1000000 8.928730 8.889227 8.925898 8.888375 0.032160 0.032257 0.078939 0.072047 0.032257 0.032151 0.032257 3390 3841
39 62.310000 60.320000 1000000 8.907343 8.872023 8.904491 8.871171 0.032152 0.032257 0.075034 0.067746 0.032257 0.032144 0.032257 3840 4158
39 62.310000 60.320000 1000000 8.902119 8.868797 8.899261 8.867945 0.032153 0.032257 0.076007 0.068822 0.032257 0.032145 0.032257 3890 4406
39 62.310000 60.320000 1000000 8.889036 8.856969 8.885994 8.854414 0.032160 0.032257 0.073098 0.065596 0.032257 0.032151 0.032257 4400 4487
39 62.310000 60.320000 1000000 8.884139 8.852668 8.881091 8.850113 0.032160 0.032257 0.071175 0.063445 0.032257 0.032152 0.032257 4480 5112
39 62.310000 60.320000 1000000 8.863906 8.838690 8.860838 8.836135 0.032166 0.032257 0.064556 0.055918 0.032257 0.032157 0.032257 5110 5493
39 62.310000 60.320000 1000000 8.855064 8.832238 8.851987 8.829683 0.032168 0.032257 0.061782 0.052692 0.032257 0.032160 0.032257 5490 5584
39 62.310000 60.320000 1000000 8.849223 8.825786 8.846139 8.823232 0.032170 0.032257 0.063626 0.054843 0.032257 0.032162 0.032257 5580 5598
39 62.310000 60.320000 1000000 8.847910 8.824711 8.844825 8.822156 0.032170 0.032257 0.062702 0.053768 0.032257 0.032161 0.032257 5590 5908
39 62.310000 60.320000 1000000 8.847803 8.823098 8.844660 8.819692 0.032170 0.032257 0.062241 0.053230 0.032257 0.032161 0.032257 5900 6085
39 62.310000 60.320000 1000000 8.846240 8.819872 8.843096 8.816466 0.032170 0.032257 0.061324 0.052155 0.032257 0.032161 0.032257 6080 6107
39 62.310000 60.320000 1000000 8.845009 8.818797 8.841864 8.815391 0.032170 0.032257 0.061323 0.052153 0.032257 0.032161 0.032257 6100 6380
39 62.310000 60.320000 1000000 8.836714 8.812346 8.833559 8.808939 0.032170 0.032257 0.065020 0.056454 0.032257 0.032162 0.032257 6120 6498
39 62.310000 60.320000 1000000 8.817582 8.799442 8.814407 8.796036 0.032175 0.032257 0.065019 0.056453 0.032257 0.032166 0.032257 6490 6643
39 62.310000 60.320000 1000000 8.815888 8.798367 8.812711 8.794961 0.032175 0.032257 0.064088 0.055378 0.032257 0.032166 0.032257 6640 6664
39 62.310000 60.320000 1000000 8.811940 8.795141 8.808627 8.791332 0.032176 0.032257 0.063161 0.054302 0.032257 0.032168 0.032257 6660 7204
39 62.310000 60.320000 1000000 8.800978 8.786539 8.797653 8.782730 0.032177 0.032257 0.058602 0.048925 0.032257 0.032169 0.032257 7200 7274
39 62.310000 60.320000 1000000 8.799197 8.785464 8.795870 8.781655 0.032178 0.032257 0.057707 0.047850 0.032257 0.032170 0.032257 7270 7486
39 62.310000 60.320000 1000000 8.796010 8.782238 8.792679 8.778429 0.032179 0.032257 0.058602 0.048925 0.032257 0.032171 0.032257 7480 8194
39 62.310000 60.320000 1000000 8.788340 8.776862 8.785001 8.773052 0.032182 0.032257 0.055062 0.044624 0.032257 0.032173 0.032257 7830 8916
39 62.310000 60.320000 1000000 8.765423 8.758582 8.761428 8.752757 0.032187 0.032257 0.055937 0.045699 0.032257 0.032179 0.032257 8910 8961
39 62.310000 60.320000 1000000 8.763820 8.757507 8.759823 8.751681 0.032186 0.032257 0.055937 0.045700 0.032257 0.032179 0.032257 8960 9490
39 62.310000 60.320000 1000000 8.757724 8.751055 8.753719 8.745230 0.032189 0.032257 0.056819 0.046774 0.032257 0.032181 0.032257 9490 10196
39 62.310000 60.320000 1000000 8.748167 8.742453 8.744148 8.736628 0.032189 0.032257 0.057710 0.047853 0.032257 0.032181 0.032257 10190 10731
39 62.310000 60.320000 1000000 8.743423 8.736002 8.739952 8.732685 0.032190 0.032257 0.057710 0.047853 0.032257 0.032181 0.032257 10730 11433
39 62.310000 60.320000 1000000 8.742857 8.734926 8.739386 8.731610 0.032189 0.032257 0.058604 0.048927 0.032257 0.032181 0.032257 11430 11617
39 62.310000 60.320000 1000000 8.741534 8.733851 8.738061 8.730535 0.032189 0.032257 0.059504 0.050002 0.032257 0.032181 0.032257 11610 12291
39 62.310000 60.320000 1000000 8.729545 8.724174 8.726058 8.720857 0.032188 0.032257 0.060409 0.051075 0.032257 0.032179 0.032257 12290 12371
39 62.310000 60.320000 1000000 8.725222 8.719873 8.721729 8.716556 0.032190 0.032257 0.057707 0.047850 0.032257 0.032182 0.032257 12370 12414
39 62.310000 60.320000 1000000 8.723715 8.718797 8.720220 8.715481 0.032190 0.032257 0.057707 0.047850 0.032257 0.032182 0.032257 12410 12710
39 62.310000 60.320000 1000000 8.718381 8.715571 8.714880 8.712255 0.032192 0.032257 0.059502 0.050000 0.032257 0.032183 0.032257 12710 13605
39 62.310000 60.320000 1000000 8.700409 8.701593 8.696886 8.698276 0.032192 0.032257 0.058603 0.048926 0.032257 0.032183 0.032257 13600 14414
39 62.310000 60.320000 1000000 8.696534 8.698367 8.693007 8.695051 0.032192 0.032257 0.056820 0.046776 0.032257 0.032184 0.032257 14410 14578
39 62.310000 60.320000 1000000 8.690192 8.691915 8.686657 8.688599 0.032193 0.032257 0.061322 0.052152 0.032257 0.032184 0.032257 14570 15035
39 62.310000 60.320000 1000000 8.688869 8.690840 8.685333 8.687524 0.032193 0.032257 0.061322 0.052152 0.032257 0.032185 0.032257 15030 15811
39 62.310000 60.320000 1000000 8.676290 8.682238 8.672738 8.678922 0.032190 0.032257 0.061322 0.052152 0.032257 0.032182 0.032257 15810 16227
39 62.310000 60.320000 1000000 8.673671 8.679012 8.670116 8.675696 0.032189 0.032257 0.060410 0.051077 0.032257 0.032181 0.032257 16220 17084
39 62.310000 60.320000 1000000 8.671785 8.677937 8.668227 8.674620 0.032190 0.032257 0.059504 0.050002 0.032257 0.032182 0.032257 17080 18506
39 62.310000 60.320000 1000000 8.659229 8.668260 8.655656 8.664943 0.032194 0.032257 0.055064 0.044626 0.032257 0.032185 0.032257 18500 19881
39 62.310000 60.320000 1000000 8.649013 8.660733 8.645427 8.657416 0.032192 0.032257 0.055064 0.044626 0.032257 0.032184 0.032257 19880 20807
39 62.310000 60.320000 1000000 8.646182 8.657507 8.642592 8.654190 0.032190 0.032257 0.055939 0.045701 0.032257 0.032182 0.032257 20800 21616
39 62.310000 60.320000 1000000 8.641386 8.651055 8.637791 8.647739 0.032192 0.032257 0.058604 0.048927 0.032257 0.032184 0.032257 21610 21706
39 62.310000 60.320000 1000000 8.639583 8.649980 8.635986 8.646663 0.032193 0.032257 0.057709 0.047852 0.032257 0.032185 0.032257 21700 22384
39 62.310000 60.320000 1000000 8.639411 8.648367 8.635723 8.644199 0.032193 0.032257 0.058156 0.048389 0.032257 0.032185 0.032257 22380 29970
39 62.310000 60.320000 1000000 8.635257 8.641915 8.632384 8.641511 0.032193 0.032257 0.052909 0.041938 0.032257 0.032184 0.032257 22910 26049
39 62.310000 60.320000 1000000 8.614263 8.625787 8.611368 8.625382 0.032186 0.032257 0.058155 0.048389 0.032257 0.032177 0.032257 26040 26801
39 62.310000 60.320000 1000000 8.612935 8.624711 8.610039 8.624307 0.032185 0.032257 0.059053 0.049464 0.032257 0.032177 0.032257 26800 29970
39 62.310000 60.320000 1000000 8.605681 8.617184 8.602777 8.616780 0.032183 0.032257 0.060865 0.051614 0.032257 0.032174 0.032257 28330 29460
39 62.310000 60.320000 1000000 8.599883 8.611808 8.596974 8.611404 0.032183 0.032257 0.059956 0.050539 0.032257 0.032174 0.032257 29460 29970
39 62.310000 60.320000 1000000 8.599431 8.610733 8.596521 8.610329 0.032184 0.032257 0.059052 0.049463 0.032257 0.032175 0.032257 29970 32675
39 62.310000 60.320000 1000000 8.584066 8.598905 8.581140 8.598501 0.032179 0.032257 0.062699 0.053765 0.032257 0.032170 0.032257 32670 33388
39 62.310000 60.320000 1000000 8.582878 8.597830 8.579952 8.597425 0.032179 0.032257 0.061780 0.052690 0.032257 0.032171 0.032257 33380 33834
39 62.310000 60.320000 1000000 8.582095 8.596754 8.579168 8.596350 0.032179 0.032257 0.061780 0.052690 0.032257 0.032170 0.032257 33830 34504
39 62.310000 60.320000 1000000 8.581649 8.595679 8.578722 8.595275 0.032179 0.032257 0.061780 0.052690 0.032257 0.032170 0.032257 34500 35314
39 62.310000 60.320000 1000000 8.581534 8.594066 8.578545 8.592811 0.032179 0.032257 0.062239 0.053228 0.032257 0.032170 0.032257 35310 40628
39 62.310000 60.320000 1000000 8.564396 8.582238 8.561390 8.580983 0.032182 0.032257 0.070693 0.062905 0.032257 0.032173 0.032257 40620 43425
39 62.310000 60.320000 1000000 8.539229 8.566109 8.536196 8.564854 0.032186 0.032257 0.069738 0.061829 0.032257 0.032177 0.032257 43420 46641
39 62.310000 60.320000 1000000 8.528078 8.556432 8.525032 8.555176 0.032189 0.032257 0.065020 0.056454 0.032257 0.032180 0.032257 46640 51952
39 62.310000 60.320000 1000000 8.521268 8.551055 8.518215 8.549800 0.032189 0.032257 0.062240 0.053228 0.032257 0.032180 0.032257 46990 52506
39 62.310000 60.320000 1000000 8.504140 8.536002 8.501069 8.534746 0.032188 0.032257 0.061322 0.052153 0.032257 0.032179 0.032257 52500 52904
39 62.310000 60.320000 1000000 8.502748 8.534926 8.499675 8.533671 0.032188 0.032257 0.061322 0.052153 0.032257 0.032179 0.032257 52900 55401
39 62.310000 60.320000 1000000 8.502590 8.533851 8.499701 8.533850 0.032188 0.032257 0.061322 0.052152 0.032257 0.032179 0.032257 55400 58907
39 62.310000 60.320000 1000000 8.494521 8.526324 8.491367 8.525517 0.032189 0.032257 0.065955 0.057529 0.032257 0.032180 0.032257 58900 58999
39 62.310000 60.320000 1000000 8.493248 8.525249 8.490093 8.524442 0.032188 0.032257 0.065955 0.057529 0.032257 0.032180 0.032257 58990 59639
39 62.310000 60.320000 1000000 8.491746 8.524174 8.488589 8.523366 0.032188 0.032257 0.065020 0.056454 0.032257 0.032179 0.032257 59630 60739
39 62.310000 60.320000 1000000 8.490502 8.523099 8.487344 8.522291 0.032187 0.032257 0.065020 0.056454 0.032257 0.032178 0.032257 60730 63117
39 62.310000 60.320000 1000000 8.488533 8.522023 8.485373 8.521216 0.032188 0.032257 0.064088 0.055378 0.032257 0.032180 0.032257 63110 63900
39 62.310000 60.320000 1000000 8.488297 8.520948 8.485412 8.521395 0.032188 0.032257 0.064087 0.055377 0.032257 0.032180 0.032257 63900 65464
39 62.310000 60.320000 1000000 8.486916 8.519873 8.484030 8.520320 0.032188 0.032257 0.063161 0.054302 0.032257 0.032179 0.032257 65460 66283
39 62.310000 60.320000 1000000 8.485560 8.518797 8.482673 8.519244 0.032187 0.032257 0.064087 0.055377 0.032257 0.032179 0.032257 66280 68322
39 62.310000 60.320000 1000000 8.481673 8.512346 8.479579 8.516556 0.032190 0.032257 0.065955 0.057528 0.032257 0.032180 0.032257 68320 74554
39 62.310000 60.320000 1000000 8.474295 8.506970 8.472196 8.511180 0.032189 0.032257 0.061322 0.052152 0.032257 0.032180 0.032257 71470 74840
39 62.310000 60.320000 1000000 8.468877 8.500518 8.466773 8.504728 0.032191 0.032257 0.065019 0.056452 0.032257 0.032181 0.032257 74840 75189
39 62.310000 60.320000 1000000 8.468404 8.499443 8.466300 8.503653 0.032191 0.032257 0.065018 0.056452 0.032257 0.032181 0.032257 75180 78356
39 62.310000 60.320000 1000000 8.463533 8.494066 8.461425 8.498277 0.032194 0.032257 0.063160 0.054302 0.032257 0.032184 0.032257 78350 78619
39 62.310000 60.320000 1000000 8.461740 8.492991 8.459631 8.497201 0.032194 0.032257 0.063160 0.054302 0.032257 0.032185 0.032257 78610 81057
39 62.310000 60.320000 1000000 8.459006 8.489765 8.456895 8.493976 0.032193 0.032257 0.063160 0.054302 0.032257 0.032183 0.032257 81050 81799
39 62.310000 60.320000 1000000 8.453718 8.485464 8.451603 8.489675 0.032192 0.032257 0.065954 0.057527 0.032257 0.032183 0.032257 81790 87170
39 62.310000 60.320000 1000000 8.452268 8.484389 8.450152 8.488599 0.032191 0.032257 0.066894 0.058602 0.032257 0.032182 0.032257 87170 93266
39 62.310000 60.320000 1000000 8.425435 8.462884 8.423299 8.467094 0.032195 0.032257 0.061321 0.052151 0.032257 0.032186 0.032257 93260 103264
39 62.310000 60.320000 1000000 8.410980 8.452131 8.408832 8.456341 0.032198 0.032257 0.060410 0.051076 0.032257 0.032189 0.032257 102000 108394
39 62.310000 60.320000 1000000 8.409646 8.451056 8.407498 8.455266 0.032198 0.032257 0.060410 0.051076 0.032257 0.032189 0.032257 108390 113896
39 62.310000 60.320000 1000000 8.399029 8.444604 8.396872 8.448814 0.032201 0.032257 0.059502 0.050000 0.032257 0.032192 0.032257 113890 115106
39 62.310000 60.320000 1000000 8.394702 8.441378 8.392542 8.445588 0.032203 0.032257 0.060409 0.051075 0.032257 0.032193 0.032257 115100 117488
39 62.310000 60.320000 1000000 8.393307 8.440303 8.391146 8.444513 0.032202 0.032257 0.059502 0.050000 0.032257 0.032193 0.032257 117480 119826
39 62.310000 60.320000 1000000 8.391731 8.439228 8.389569 8.443438 0.032202 0.032257 0.059503 0.050000 0.032257 0.032193 0.032257 119820 121880
39 62.310000 60.320000 1000000 8.385322 8.433851 8.383155 8.438062 0.032205 0.032257 0.059504 0.050002 0.032257 0.032195 0.032257 121880 127839
39 62.310000 60.320000 1000000 8.382117 8.430626 8.379948 8.434836 0.032206 0.032257 0.057709 0.047852 0.032257 0.032196 0.032257 127830 129478
39 62.310000 60.320000 1000000 8.381891 8.429550 8.379985 8.435015 0.032206 0.032257 0.058604 0.048927 0.032257 0.032196 0.032257 129470 131175
39 62.310000 60.320000 1000000 8.380451 8.428475 8.378544 8.433940 0.032205 0.032257 0.058604 0.048927 0.032257 0.032196 0.032257 131170 131302
39 62.310000 60.320000 1000000 8.380266 8.426862 8.378262 8.431476 0.032205 0.032257 0.058156 0.048389 0.032257 0.032196 0.032257 131300 133358
39 62.310000 60.320000 1000000 8.378949 8.425787 8.376943 8.430400 0.032205 0.032257 0.058156 0.048389 0.032257 0.032196 0.032257 133350 136791
39 62.310000 60.320000 1000000 8.376244 8.422561 8.374236 8.427175 0.032207 0.032257 0.058156 0.048389 0.032257 0.032197 0.032257 135570 139673
39 62.310000 60.320000 1000000 8.369008 8.410733 8.366613 8.414137 0.032210 0.032257 0.057264 0.047314 0.032257 0.032200 0.032257 139670 141207
39 62.310000 60.320000 1000000 8.368786 8.409658 8.366650 8.414316 0.032210 0.032257 0.057264 0.047314 0.032257 0.032200 0.032257 141200 151978
39 62.310000 60.320000 1000000 8.367370 8.408583 8.365233 8.413241 0.032209 0.032257 0.056379 0.046239 0.032257 0.032200 0.032257 151970 152993
39 62.310000 60.320000 1000000 8.364830 8.404282 8.362691 8.408940 0.032211 0.032257 0.057265 0.047315 0.032257 0.032201 0.032257 152990 158946
39 62.310000 60.320000 1000000 8.364161 8.403206 8.362021 8.407865 0.032211 0.032257 0.058156 0.048390 0.032257 0.032201 0.032257 158940 160571
39 62.310000 60.320000 1000000 8.363063 8.402131 8.360922 8.406789 0.032211 0.032257 0.059054 0.049465 0.032257 0.032202 0.032257 160570 163043
39 62.310000 60.320000 1000000 8.361685 8.401056 8.359544 8.405714 0.032211 0.032257 0.059957 0.050541 0.032257 0.032201 0.032257 163040 167549
39 62.310000 60.320000 1000000 8.354527 8.394604 8.352380 8.399263 0.032214 0.032257 0.059957 0.050540 0.032257 0.032204 0.032257 167540 168478
39 62.310000 60.320000 1000000 8.353145 8.393529 8.350997 8.398187 0.032213 0.032257 0.059054 0.049465 0.032257 0.032204 0.032257 168470 175183
39 62.310000 60.320000 1000000 8.350585 8.389228 8.349185 8.397650 0.032215 0.032257 0.061781 0.052691 0.032257 0.032205 0.032257 175180 183492
39 62.310000 60.320000 1000000 8.344824 8.380626 8.343662 8.390302 0.032215 0.032257 0.068314 0.060218 0.032257 0.032204 0.032257 183490 184583
39 62.310000 60.320000 1000000 8.344496 8.379550 8.343210 8.388824 0.032215 0.032257 0.068314 0.060218 0.032257 0.032205 0.032257 184580 187046
39 62.310000 60.320000 1000000 8.344163 8.378475 8.342877 8.387748 0.032215 0.032257 0.068313 0.060217 0.032257 0.032205 0.032257 187040 210374
39 62.310000 60.320000 1000000 8.327909 8.367722 8.326615 8.376995 0.032220 0.032257 0.070217 0.062369 0.032257 0.032209 0.032257 210370 220136
39 62.310000 60.320000 1000000 8.324156 8.355357 8.322393 8.360374 0.032222 0.032257 0.069740 0.061831 0.032257 0.032212 0.032257 220130 229413
39 62.310000 60.320000 1000000 8.320959 8.352131 8.319195 8.357148 0.032220 0.032257 0.071653 0.063981 0.032257 0.032211 0.032257 229410 247077
39 62.310000 60.320000 1000000 8.309003 8.342454 8.307230 8.347471 0.032218 0.032257 0.072613 0.065055 0.032257 0.032209 0.032257 247070 247361
39 62.310000 60.320000 1000000 8.308029 8.341378 8.306255 8.346395 0.032219 0.032257 0.071652 0.063980 0.032257 0.032209 0.032257 247360 251688
39 62.310000 60.320000 1000000 8.301873 8.334927 8.299974 8.339540 0.032220 0.032257 0.073576 0.066128 0.032257 0.032210 0.032257 251680 268380
39 62.310000 60.320000 1000000 8.281139 8.318798 8.279225 8.323411 0.032223 0.032257 0.067838 0.059678 0.032257 0.032214 0.032257 268380 295734
39 62.310000 60.320000 1000000 8.265807 8.305895 8.263882 8.310508 0.032226 0.032257 0.063159 0.054301 0.032257 0.032216 0.032257 294680 300156
39 62.310000 60.320000 1000000 8.264644 8.304819 8.262718 8.309433 0.032226 0.032257 0.062237 0.053225 0.032257 0.032217 0.032257 300150 303024
39 62.310000 60.320000 1000000 8.263506 8.303744 8.261580 8.308358 0.032227 0.032257 0.061320 0.052150 0.032257 0.032217 0.032257 303020 308213
39 62.310000 60.320000 1000000 8.261990 8.302669 8.260063 8.307282 0.032226 0.032257 0.062237 0.053225 0.032257 0.032217 0.032257 308210 318294
39 62.310000 60.320000 1000000 8.250965 8.291916 8.249030 8.296530 0.032226 0.032257 0.061321 0.052151 0.032257 0.032216 0.032257 318290 370800
39 62.310000 60.320000 1000000 8.234470 8.275787 8.232523 8.280401 0.032228 0.032257 0.061320 0.052150 0.032257 0.032218 0.032257 370800 376323
39 62.310000 60.320000 1000000 8.233018 8.274712 8.231071 8.279325 0.032227 0.032257 0.060408 0.051074 0.032257 0.032218 0.032257 376320 392445
39 62.310000 60.320000 1000000 8.219000 8.258583 8.217042 8.263196 0.032228 0.032257 0.063159 0.054300 0.032257 0.032219 0.032257 392440 394204
39 62.310000 60.320000 1000000 8.217575 8.257508 8.215616 8.262121 0.032228 0.032257 0.063159 0.054301 0.032257 0.032218 0.032257 394200 418940
39 62.310000 60.320000 1000000 8.209492 8.248905 8.207528 8.253519 0.032228 0.032257 0.064086 0.055375 0.032257 0.032218 0.032257 418940 419780
39 62.310000 60.320000 1000000 8.207944 8.247830 8.205978 8.252444 0.032227 0.032257 0.065016 0.056450 0.032257 0.032218 0.032257 419780 455033
39 62.310000 60.320000 1000000 8.191198 8.219873 8.188453 8.215975 0.032232 0.032257 0.063160 0.054302 0.032257 0.032223 0.032257 455030 494195
39 62.310000 60.320000 1000000 8.169236 8.198368 8.166469 8.194469 0.032229 0.032257 0.062238 0.053226 0.032257 0.032220 0.032257 494190 527484
39 62.310000 60.320000 1000000 8.164677 8.195142 8.161905 8.191243 0.032230 0.032257 0.062238 0.053226 0.032257 0.032221 0.032257 527480 552811
39 62.310000 60.320000 1000000 8.161044 8.191916 8.158268 8.188018 0.032231 0.032257 0.060408 0.051075 0.032257 0.032222 0.032257 552810 566171
39 62.310000 60.320000 1000000 8.159883 8.187615 8.156940 8.183761 0.032232 0.032257 0.060409 0.051075 0.032257 0.032223 0.032257 566170 577301
39 62.310000 60.320000 1000000 8.158285 8.186540 8.155341 8.182686 0.032232 0.032257 0.059502 0.050000 0.032257 0.032223 0.032257 577300 630975
39 62.310000 60.320000 1000000 8.142852 8.171486 8.140632 8.171396 0.032234 0.032257 0.061322 0.052152 0.032257 0.032224 0.032257 630970 639386
39 62.310000 60.320000 1000000 8.141726 8.170411 8.139505 8.170320 0.032234 0.032257 0.060410 0.051076 0.032257 0.032224 0.032257 639380 641993
39 62.310000 60.320000 1000000 8.140626 8.169336 8.138404 8.169245 0.032234 0.032257 0.060409 0.051075 0.032257 0.032224 0.032257 641990 654296
39 62.310000 60.320000 1000000 8.140023 8.168260 8.137800 8.168170 0.032234 0.032257 0.059503 0.050001 0.032257 0.032224 0.032257 654290 668163
39 62.310000 60.320000 1000000 8.133537 8.158583 8.131190 8.158089 0.032237 0.032257 0.060409 0.051076 0.032257 0.032227 0.032257 668160 694397
39 62.310000 60.320000 1000000 8.124474 8.143529 8.122065 8.143932 0.032236 0.032257 0.063160 0.054302 0.032257 0.032227 0.032257 694390 695478
39 62.310000 60.320000 1000000 8.122894 8.142454 8.120484 8.142856 0.032236 0.032257 0.063160 0.054302 0.032257 0.032227 0.032257 695470 743217
39 62.310000 60.320000 1000000 8.117372 8.137078 8.114957 8.137480 0.032238 0.032257 0.060410 0.051077 0.032257 0.032229 0.032257 743210 749749
39 62.310000 60.320000 1000000 8.113080 8.132777 8.110661 8.133179 0.032239 0.032257 0.057708 0.047851 0.032257 0.032230 0.032257 749740 791064
39 62.310000 60.320000 1000000 8.106666 8.128476 8.104241 8.128878 0.032240 0.032257 0.060409 0.051075 0.032257 0.032231 0.032257 791060 803992
39 62.310000 60.320000 1000000 8.105615 8.127400 8.103190 8.127803 0.032241 0.032257 0.060409 0.051075 0.032257 0.032231 0.032257 803990 841041
39 62.310000 60.320000 1000000 8.097818 8.119873 8.095385 8.120276 0.032239 0.032257 0.063159 0.054300 0.032257 0.032230 0.032257 841040 882206
39 62.310000 60.320000 1000000 8.093175 8.114497 8.090738 8.114899 0.032238 0.032257 0.065952 0.057526 0.032257 0.032229 0.032257 882200 931076
39 62.310000 60.320000 1000000 8.089934 8.111271 8.087494 8.111673 0.032237 0.032257 0.066892 0.058600 0.032257 0.032228 0.032257 931070 939037
39 62.310000 60.320000 1000000 8.088693 8.110196 8.086252 8.110598 0.032237 0.032257 0.066892 0.058600 0.032257 0.032228 0.032257 939030 960655
39 62.310000 60.320000 1000000 8.087143 8.106970 8.084598 8.106969 0.032237 0.032257 0.066892 0.058600 0.032257 0.032228 0.032257 960650 969006
39 62.310000 60.320000 1000000 8.086344 8.105895 8.083798 8.105894 0.032237 0.032257 0.067836 0.059675 0.032257 0.032228 0.032257 969000 971818
39 62.310000 60.320000 1000000 8.085214 8.104820 8.082666 8.104819 0.032237 0.032257 0.067836 0.059676 0.032257 0.032228 0.032257 971810 983744
39 62.310000 60.320000 1000000 8.082123 8.101594 8.079573 8.101593 0.032239 0.032257 0.066892 0.058600 0.032257 0.032230 0.032257 983740 1000000
