49 62.310000 60.320000 1000000 13.311399 13.370395 13.305797 13.369990 0.031752 0.032257 0.299059 0.297314 0.032257 0.031744 0.032257 0 50
49 62.310000 60.320000 1000000 12.017765 12.006957 12.022886 12.030925 0.031437 0.032257 0.357907 0.356450 0.032257 0.031416 0.032257 50 60
49 62.310000 60.320000 1000000 11.627982 11.490292 11.622518 11.487916 0.031429 0.032257 0.182445 0.179571 0.032257 0.031419 0.032257 60 70
49 62.310000 60.320000 1000000 11.501527 11.336530 11.495880 11.334153 0.031314 0.032257 0.212144 0.209677 0.032257 0.031305 0.032257 70 80
49 62.310000 60.320000 1000000 11.382670 11.204272 11.376049 11.196654 0.031337 0.032257 0.224905 0.222580 0.032257 0.031327 0.032257 80 93
49 62.310000 60.320000 1000000 11.330288 11.133842 11.323336 11.125014 0.031334 0.032257 0.229696 0.227420 0.032257 0.031324 0.032257 90 100
49 62.310000 60.320000 1000000 11.257507 11.022552 11.255834 11.037783 0.031343 0.032257 0.227034 0.224731 0.032257 0.031333 0.032257 100 110
49 62.310000 60.320000 1000000 11.184988 10.956423 11.182313 10.963187 0.031392 0.032257 0.206301 0.203763 0.032257 0.031382 0.032257 110 123
49 62.310000 60.320000 1000000 11.063139 10.753198 11.060052 10.753958 0.031291 0.032257 0.204177 0.201612 0.032257 0.031281 0.032257 120 133
49 62.310000 60.320000 1000000 11.000308 10.688682 10.997168 10.689442 0.031282 0.032257 0.158689 0.155376 0.032257 0.031272 0.032257 130 141
49 62.310000 60.320000 1000000 10.980782 10.665026 10.977625 10.665786 0.031280 0.032257 0.157635 0.154299 0.032257 0.031270 0.032257 140 153
49 62.310000 60.320000 1000000 10.940736 10.633843 10.937419 10.634200 0.031303 0.032257 0.150275 0.146772 0.032257 0.031293 0.032257 150 162
49 62.310000 60.320000 1000000 10.816115 10.505887 10.812430 10.505438 0.031373 0.032257 0.203113 0.200535 0.032257 0.031363 0.032257 160 180
49 62.310000 60.320000 1000000 10.744099 10.383844 10.737296 10.345581 0.031392 0.032257 0.214270 0.211828 0.032257 0.031381 0.032257 180 192
49 62.310000 60.320000 1000000 10.601098 10.262339 10.602828 10.283037 0.031488 0.032257 0.228098 0.225806 0.032257 0.031481 0.032257 190 209
49 62.310000 60.320000 1000000 10.520250 10.176318 10.518054 10.178467 0.031529 0.032257 0.220652 0.218281 0.032257 0.031520 0.032257 200 219
49 62.310000 60.320000 1000000 10.402931 10.115028 10.400660 10.117178 0.031628 0.032257 0.217461 0.215056 0.032257 0.031619 0.032257 210 220
49 62.310000 60.320000 1000000 10.385714 10.098899 10.383432 10.101049 0.031633 0.032257 0.219588 0.217206 0.032257 0.031624 0.032257 220 230
49 62.310000 60.320000 1000000 10.347958 10.074168 10.345650 10.076318 0.031650 0.032257 0.225970 0.223656 0.032257 0.031641 0.032257 230 246
49 62.310000 60.320000 1000000 10.286370 9.995673 10.284020 9.997823 0.031675 0.032257 0.210019 0.207527 0.032257 0.031666 0.032257 240 252
49 62.310000 60.320000 1000000 10.275220 9.984921 10.272863 9.987070 0.031682 0.032257 0.205771 0.203227 0.032257 0.031672 0.032257 250 261
49 62.310000 60.320000 1000000 10.247944 9.965566 10.245568 9.967715 0.031695 0.032257 0.210020 0.207528 0.032257 0.031685 0.032257 260 281
49 62.310000 60.320000 1000000 10.182348 9.850513 10.179926 9.852662 0.031697 0.032257 0.117421 0.112903 0.032257 0.031687 0.032257 280 298
49 62.310000 60.320000 1000000 10.178513 9.847287 10.176088 9.849436 0.031695 0.032257 0.119488 0.115052 0.032257 0.031686 0.032257 290 315
49 62.310000 60.320000 1000000 10.129251 9.808040 10.127082 9.813101 0.031707 0.032257 0.115869 0.111289 0.032257 0.031698 0.032257 310 361
49 62.310000 60.320000 1000000 10.096639 9.774707 10.094633 9.782322 0.031723 0.032257 0.122082 0.117744 0.032257 0.031715 0.032257 360 406
49 62.310000 60.320000 1000000 10.054138 9.741374 10.051614 9.747376 0.031751 0.032257 0.110716 0.105913 0.032257 0.031744 0.032257 400 410
49 62.310000 60.320000 1000000 10.020564 9.712342 10.018271 9.719599 0.031763 0.032257 0.112775 0.108063 0.032257 0.031755 0.032257 410 435
49 62.310000 60.320000 1000000 10.015280 9.704278 10.012731 9.708981 0.031766 0.032257 0.116386 0.111826 0.032257 0.031758 0.032257 430 446
49 62.310000 60.320000 1000000 9.993847 9.682772 9.991281 9.687475 0.031770 0.032257 0.123635 0.119353 0.032257 0.031762 0.032257 440 462
49 62.310000 60.320000 1000000 9.977761 9.669869 9.975182 9.674572 0.031772 0.032257 0.121561 0.117203 0.032257 0.031764 0.032257 460 480
49 62.310000 60.320000 1000000 9.968940 9.658041 9.967588 9.669017 0.031773 0.032257 0.117418 0.112900 0.032257 0.031764 0.032257 480 508
49 62.310000 60.320000 1000000 9.916208 9.626321 9.914785 9.636445 0.031806 0.032257 0.127270 0.123115 0.032257 0.031797 0.032257 500 548
49 62.310000 60.320000 1000000 9.819585 9.547289 9.816562 9.546930 0.031848 0.032257 0.150799 0.147309 0.032257 0.031840 0.032257 540 565
49 62.310000 60.320000 1000000 9.783564 9.520408 9.780312 9.516643 0.031860 0.032257 0.139267 0.135480 0.032257 0.031852 0.032257 560 577
49 62.310000 60.320000 1000000 9.728506 9.478473 9.725198 9.474708 0.031884 0.032257 0.144504 0.140857 0.032257 0.031876 0.032257 570 596
49 62.310000 60.320000 1000000 9.707946 9.453742 9.703959 9.447558 0.031886 0.032257 0.151850 0.148385 0.032257 0.031878 0.032257 590 600
49 62.310000 60.320000 1000000 9.676894 9.420408 9.673374 9.416733 0.031867 0.032257 0.155004 0.151610 0.032257 0.031859 0.032257 600 637
49 62.310000 60.320000 1000000 9.616061 9.381699 9.612725 9.379278 0.031911 0.032257 0.128832 0.124729 0.032257 0.031902 0.032257 630 649
49 62.310000 60.320000 1000000 9.614252 9.380624 9.610914 9.378203 0.031911 0.032257 0.128832 0.124729 0.032257 0.031903 0.032257 640 652
49 62.310000 60.320000 1000000 9.614085 9.379548 9.610683 9.376725 0.031911 0.032257 0.129874 0.125804 0.032257 0.031902 0.032257 650 663
49 62.310000 60.320000 1000000 9.578990 9.353742 9.575454 9.349216 0.031923 0.032257 0.136134 0.132257 0.032257 0.031914 0.032257 660 703
49 62.310000 60.320000 1000000 9.455841 9.277398 9.452437 9.275381 0.031983 0.032257 0.158167 0.154842 0.032257 0.031975 0.032257 700 748
49 62.310000 60.320000 1000000 9.452953 9.274172 9.449546 9.272155 0.031982 0.032257 0.160273 0.156993 0.032257 0.031974 0.032257 740 835
49 62.310000 60.320000 1000000 9.422761 9.251592 9.419320 9.249575 0.031981 0.032257 0.151856 0.148391 0.032257 0.031973 0.032257 830 869
49 62.310000 60.320000 1000000 9.371339 9.223635 9.367842 9.221618 0.032014 0.032257 0.129880 0.125811 0.032257 0.032006 0.032257 860 875
49 62.310000 60.320000 1000000 9.370131 9.222560 9.366633 9.220542 0.032015 0.032257 0.128839 0.124736 0.032257 0.032007 0.032257 870 948
49 62.310000 60.320000 1000000 9.353422 9.210732 9.349904 9.208714 0.032019 0.032257 0.134050 0.130111 0.032257 0.032012 0.032257 940 960
49 62.310000 60.320000 1000000 9.330284 9.195678 9.326740 9.193661 0.032036 0.032257 0.124679 0.120433 0.032257 0.032029 0.032257 960 970
49 62.310000 60.320000 1000000 9.314646 9.183850 9.311084 9.181833 0.032045 0.032257 0.118460 0.113983 0.032257 0.032038 0.032257 970 985
49 62.310000 60.320000 1000000 9.313055 9.182775 9.309492 9.180757 0.032046 0.032257 0.118460 0.113983 0.032257 0.032038 0.032257 980 1039
49 62.310000 60.320000 1000000 9.261325 9.155893 9.257701 9.153876 0.032085 0.032257 0.107127 0.102155 0.032257 0.032078 0.032257 1000 1069
49 62.310000 60.320000 1000000 9.244613 9.132237 9.242449 9.136044 0.032088 0.032257 0.095912 0.090325 0.032257 0.032079 0.032257 1060 1082
49 62.310000 60.320000 1000000 9.215773 9.111807 9.213589 9.115614 0.032097 0.032257 0.098956 0.093551 0.032257 0.032088 0.032257 1080 1098
49 62.310000 60.320000 1000000 9.213738 9.110732 9.211552 9.114539 0.032098 0.032257 0.097940 0.092475 0.032257 0.032089 0.032257 1090 1102
49 62.310000 60.320000 1000000 9.208662 9.106431 9.206473 9.110238 0.032100 0.032257 0.097940 0.092475 0.032257 0.032092 0.032257 1100 1113
49 62.310000 60.320000 1000000 9.208000 9.105356 9.205810 9.109163 0.032101 0.032257 0.098956 0.093551 0.032257 0.032092 0.032257 1110 1138
49 62.310000 60.320000 1000000 9.192402 9.094603 9.190201 9.098410 0.032102 0.032257 0.106100 0.101078 0.032257 0.032094 0.032257 1130 1299
49 62.310000 60.320000 1000000 9.136697 9.049442 9.134456 9.053249 0.032115 0.032257 0.089859 0.083870 0.032257 0.032106 0.032257 1290 1389
49 62.310000 60.320000 1000000 9.119100 9.035463 9.116846 9.039270 0.032101 0.032257 0.091870 0.086021 0.032257 0.032092 0.032257 1380 1545
49 62.310000 60.320000 1000000 9.110451 9.026861 9.108087 9.028966 0.032105 0.032257 0.087857 0.081721 0.032257 0.032096 0.032257 1540 1587
49 62.310000 60.320000 1000000 9.100632 9.020409 9.098261 9.022514 0.032106 0.032257 0.088858 0.082796 0.032257 0.032097 0.032257 1580 1644
49 62.310000 60.320000 1000000 9.097823 9.017184 9.095708 9.020543 0.032104 0.032257 0.089861 0.083871 0.032257 0.032095 0.032257 1640 1714
49 62.310000 60.320000 1000000 9.079832 9.003205 9.077703 9.006564 0.032101 0.032257 0.082880 0.076345 0.032257 0.032092 0.032257 1710 1729
49 62.310000 60.320000 1000000 9.078474 9.002130 9.076345 9.005489 0.032100 0.032257 0.082880 0.076345 0.032257 0.032091 0.032257 1720 1741
49 62.310000 60.320000 1000000 9.076439 8.997829 9.074126 8.999486 0.032101 0.032257 0.081891 0.075270 0.032257 0.032092 0.032257 1740 1805
49 62.310000 60.320000 1000000 9.060241 8.988152 9.057916 8.989808 0.032106 0.032257 0.078936 0.072044 0.032257 0.032097 0.032257 1800 1845
49 62.310000 60.320000 1000000 9.058905 8.987076 9.056579 8.988733 0.032105 0.032257 0.078936 0.072044 0.032257 0.032096 0.032257 1840 1909
49 62.310000 60.320000 1000000 9.057669 8.986001 9.055342 8.987658 0.032106 0.032257 0.077956 0.070969 0.032257 0.032097 0.032257 1900 1945
49 62.310000 60.320000 1000000 9.055931 8.983851 9.053602 8.985507 0.032105 0.032257 0.076978 0.069894 0.032257 0.032096 0.032257 1940 2061
49 62.310000 60.320000 1000000 9.054718 8.982775 9.052388 8.984432 0.032106 0.032257 0.076003 0.068818 0.032257 0.032097 0.032257 2060 2124
49 62.310000 60.320000 1000000 9.048839 8.979549 9.046505 8.981206 0.032110 0.032257 0.073095 0.065592 0.032257 0.032101 0.032257 2120 2152
49 62.310000 60.320000 1000000 9.043820 8.975248 9.041482 8.976905 0.032107 0.032257 0.076978 0.069893 0.032257 0.032098 0.032257 2150 2179
49 62.310000 60.320000 1000000 9.043502 8.974173 9.041164 8.975830 0.032107 0.032257 0.076978 0.069894 0.032257 0.032098 0.032257 2170 2183
49 62.310000 60.320000 1000000 9.038118 8.969872 9.035776 8.971529 0.032109 0.032257 0.075031 0.067743 0.032257 0.032100 0.032257 2180 2256
49 62.310000 60.320000 1000000 9.024690 8.959119 9.022337 8.960776 0.032111 0.032257 0.077954 0.070967 0.032257 0.032101 0.032257 2250 2277
49 62.310000 60.320000 1000000 9.022565 8.958044 9.020211 8.959701 0.032112 0.032257 0.076977 0.069892 0.032257 0.032103 0.032257 2270 2291
49 62.310000 60.320000 1000000 9.021496 8.956969 9.019140 8.958625 0.032113 0.032257 0.076977 0.069892 0.032257 0.032104 0.032257 2290 2453
49 62.310000 60.320000 1000000 8.982261 8.926861 8.979874 8.928518 0.032118 0.032257 0.074061 0.066666 0.032257 0.032109 0.032257 2450 2464
49 62.310000 60.320000 1000000 8.981318 8.925786 8.978931 8.927443 0.032117 0.032257 0.074060 0.066666 0.032257 0.032108 0.032257 2460 2570
49 62.310000 60.320000 1000000 8.973640 8.919334 8.971247 8.920991 0.032114 0.032257 0.077955 0.070968 0.032257 0.032105 0.032257 2570 2678
49 62.310000 60.320000 1000000 8.967985 8.915033 8.965587 8.916690 0.032112 0.032257 0.076002 0.068817 0.032257 0.032103 0.032257 2670 2719
49 62.310000 60.320000 1000000 8.966267 8.913958 8.963868 8.915615 0.032112 0.032257 0.076002 0.068817 0.032257 0.032103 0.032257 2710 2783
49 62.310000 60.320000 1000000 8.963824 8.911808 8.961423 8.913464 0.032114 0.032257 0.076004 0.068819 0.032257 0.032105 0.032257 2760 2784
49 62.310000 60.320000 1000000 8.963284 8.910732 8.960883 8.912389 0.032114 0.032257 0.076004 0.068819 0.032257 0.032105 0.032257 2780 2892
49 62.310000 60.320000 1000000 8.951098 8.902130 8.948687 8.903787 0.032118 0.032257 0.076004 0.068819 0.032257 0.032109 0.032257 2890 2979
49 62.310000 60.320000 1000000 8.937304 8.890302 8.934470 8.890346 0.032122 0.032257 0.076005 0.068820 0.032257 0.032113 0.032257 2970 2981
49 62.310000 60.320000 1000000 8.932886 8.887076 8.930048 8.887120 0.032120 0.032257 0.075033 0.067745 0.032257 0.032111 0.032257 2980 3209
49 62.310000 60.320000 1000000 8.922587 8.879549 8.919739 8.879593 0.032121 0.032257 0.073097 0.065594 0.032257 0.032112 0.032257 3200 3436
49 62.310000 60.320000 1000000 8.914949 8.870947 8.912094 8.870991 0.032124 0.032257 0.069263 0.061293 0.032257 0.032116 0.032257 3400 3507
49 62.310000 60.320000 1000000 8.911169 8.867722 8.908311 8.867765 0.032125 0.032257 0.068314 0.060219 0.032257 0.032116 0.032257 3500 3936
49 62.310000 60.320000 1000000 8.894952 8.849442 8.892078 8.849486 0.032122 0.032257 0.076006 0.068821 0.032257 0.032113 0.032257 3930 4021
49 62.310000 60.320000 1000000 8.869246 8.831163 8.866346 8.831206 0.032127 0.032257 0.070217 0.062369 0.032257 0.032118 0.032257 4020 4249
49 62.310000 60.320000 1000000 8.867095 8.830087 8.864194 8.830131 0.032129 0.032257 0.070217 0.062369 0.032257 0.032120 0.032257 4240 4460
49 62.310000 60.320000 1000000 8.863841 8.826861 8.860936 8.826905 0.032130 0.032257 0.072134 0.064519 0.032257 0.032121 0.032257 4460 4637
49 62.310000 60.320000 1000000 8.861006 8.822560 8.858098 8.822604 0.032128 0.032257 0.073097 0.065595 0.032257 0.032119 0.032257 4630 4914
49 62.310000 60.320000 1000000 8.851591 8.816109 8.848675 8.816153 0.032130 0.032257 0.074063 0.066670 0.032257 0.032121 0.032257 4910 4974
49 62.310000 60.320000 1000000 8.847312 8.812883 8.844391 8.812927 0.032130 0.032257 0.074063 0.066670 0.032257 0.032121 0.032257 4970 5542
49 62.310000 60.320000 1000000 8.816338 8.791378 8.813386 8.791421 0.032129 0.032257 0.074063 0.066669 0.032257 0.032120 0.032257 5540 5553
49 62.310000 60.320000 1000000 8.814113 8.790302 8.811159 8.790346 0.032131 0.032257 0.073097 0.065594 0.032257 0.032122 0.032257 5550 5784
49 62.310000 60.320000 1000000 8.806220 8.783851 8.803258 8.783895 0.032130 0.032257 0.074062 0.066668 0.032257 0.032121 0.032257 5780 6703
49 62.310000 60.320000 1000000 8.785260 8.764496 8.782084 8.762837 0.032136 0.032257 0.069263 0.061293 0.032257 0.032128 0.032257 6270 7097
49 62.310000 60.320000 1000000 8.762559 8.749442 8.759358 8.747784 0.032141 0.032257 0.067368 0.059143 0.032257 0.032133 0.032257 7090 7281
49 62.310000 60.320000 1000000 8.756396 8.744066 8.753188 8.742407 0.032138 0.032257 0.069263 0.061293 0.032257 0.032129 0.032257 7280 7324
49 62.310000 60.320000 1000000 8.753164 8.740840 8.749952 8.739181 0.032137 0.032257 0.071173 0.063444 0.032257 0.032129 0.032257 7320 7454
49 62.310000 60.320000 1000000 8.752007 8.739765 8.748795 8.738106 0.032137 0.032257 0.070216 0.062368 0.032257 0.032128 0.032257 7450 7704
49 62.310000 60.320000 1000000 8.749995 8.738690 8.746780 8.737031 0.032138 0.032257 0.069263 0.061293 0.032257 0.032129 0.032257 7700 7712
49 62.310000 60.320000 1000000 8.748864 8.737615 8.745648 8.735956 0.032137 0.032257 0.068313 0.060218 0.032257 0.032129 0.032257 7710 7782
49 62.310000 60.320000 1000000 8.743100 8.732238 8.739878 8.730579 0.032140 0.032257 0.070217 0.062369 0.032257 0.032131 0.032257 7780 7880
49 62.310000 60.320000 1000000 8.732468 8.724711 8.729234 8.723052 0.032144 0.032257 0.068312 0.060216 0.032257 0.032135 0.032257 7860 8317
49 62.310000 60.320000 1000000 8.720534 8.716109 8.717287 8.714450 0.032141 0.032257 0.068312 0.060216 0.032257 0.032132 0.032257 8310 8449
49 62.310000 60.320000 1000000 8.719771 8.715034 8.716522 8.713375 0.032141 0.032257 0.068312 0.060216 0.032257 0.032133 0.032257 8440 8749
49 62.310000 60.320000 1000000 8.718508 8.713958 8.715259 8.712300 0.032141 0.032257 0.067366 0.059141 0.032257 0.032132 0.032257 8740 8979
49 62.310000 60.320000 1000000 8.716904 8.712883 8.713652 8.711224 0.032141 0.032257 0.068312 0.060216 0.032257 0.032132 0.032257 8970 9334
49 62.310000 60.320000 1000000 8.714983 8.711808 8.711729 8.710149 0.032142 0.032257 0.067366 0.059141 0.032257 0.032133 0.032257 9330 9910
49 62.310000 60.320000 1000000 8.713263 8.710733 8.710007 8.709074 0.032142 0.032257 0.067366 0.059141 0.032257 0.032134 0.032257 9910 9994
49 62.310000 60.320000 1000000 8.710331 8.706432 8.707072 8.704773 0.032144 0.032257 0.064553 0.055916 0.032257 0.032136 0.032257 9990 10931
49 62.310000 60.320000 1000000 8.706054 8.703206 8.702790 8.701547 0.032142 0.032257 0.063624 0.054841 0.032257 0.032134 0.032257 10930 11161
49 62.310000 60.320000 1000000 8.704920 8.702131 8.701654 8.700472 0.032143 0.032257 0.063624 0.054840 0.032257 0.032134 0.032257 11160 11175
49 62.310000 60.320000 1000000 8.704737 8.700518 8.701375 8.698008 0.032143 0.032257 0.064088 0.055378 0.032257 0.032135 0.032257 11170 12438
49 62.310000 60.320000 1000000 8.699669 8.696217 8.696302 8.693707 0.032140 0.032257 0.064088 0.055378 0.032257 0.032131 0.032257 12430 13305
49 62.310000 60.320000 1000000 8.688507 8.688690 8.685126 8.686180 0.032142 0.032257 0.065954 0.057527 0.032257 0.032133 0.032257 13300 13351
49 62.310000 60.320000 1000000 8.686896 8.687615 8.683514 8.685104 0.032142 0.032257 0.065018 0.056452 0.032257 0.032134 0.032257 13350 15264
49 62.310000 60.320000 1000000 8.672903 8.672023 8.669447 8.668662 0.032136 0.032257 0.059956 0.050539 0.032257 0.032127 0.032257 15260 16033
49 62.310000 60.320000 1000000 8.658308 8.662346 8.654834 8.658984 0.032134 0.032257 0.059053 0.049464 0.032257 0.032125 0.032257 16030 16697
49 62.310000 60.320000 1000000 8.648193 8.652668 8.644707 8.649307 0.032134 0.032257 0.060865 0.051614 0.032257 0.032125 0.032257 16690 17279
49 62.310000 60.320000 1000000 8.644725 8.649442 8.641235 8.646081 0.032133 0.032257 0.062699 0.053765 0.032257 0.032124 0.032257 17270 17288
49 62.310000 60.320000 1000000 8.643630 8.648367 8.640138 8.645006 0.032132 0.032257 0.062699 0.053765 0.032257 0.032124 0.032257 17280 17508
49 62.310000 60.320000 1000000 8.640562 8.645141 8.637067 8.641780 0.032130 0.032257 0.061780 0.052690 0.032257 0.032121 0.032257 17500 17974
49 62.310000 60.320000 1000000 8.627684 8.634389 8.624345 8.632282 0.032136 0.032257 0.060866 0.051615 0.032257 0.032128 0.032257 17970 18394
49 62.310000 60.320000 1000000 8.626099 8.633313 8.622758 8.631207 0.032136 0.032257 0.060866 0.051615 0.032257 0.032128 0.032257 18390 20041
49 62.310000 60.320000 1000000 8.620961 8.627937 8.617614 8.625830 0.032134 0.032257 0.062699 0.053765 0.032257 0.032126 0.032257 20040 20055
49 62.310000 60.320000 1000000 8.619458 8.626862 8.616109 8.624755 0.032133 0.032257 0.062699 0.053765 0.032257 0.032125 0.032257 20050 21146
49 62.310000 60.320000 1000000 8.616656 8.624711 8.613305 8.622605 0.032134 0.032257 0.061779 0.052689 0.032257 0.032126 0.032257 20560 21136
49 62.310000 60.320000 1000000 8.610384 8.618260 8.606746 8.615347 0.032132 0.032257 0.062699 0.053765 0.032257 0.032125 0.032257 21130 23270
49 62.310000 60.320000 1000000 8.605155 8.611808 8.601112 8.607685 0.032133 0.032257 0.061780 0.052690 0.032257 0.032125 0.032257 23270 23345
49 62.310000 60.320000 1000000 8.598552 8.606432 8.594499 8.602309 0.032133 0.032257 0.063624 0.054841 0.032257 0.032126 0.032257 23340 23428
49 62.310000 60.320000 1000000 8.595595 8.597830 8.593520 8.602488 0.032136 0.032257 0.061781 0.052691 0.032257 0.032126 0.032257 23420 23452
49 62.310000 60.320000 1000000 8.593657 8.596755 8.591580 8.601413 0.032137 0.032257 0.062701 0.053766 0.032257 0.032127 0.032257 23450 23498
49 62.310000 60.320000 1000000 8.592816 8.595679 8.590738 8.600338 0.032136 0.032257 0.061781 0.052691 0.032257 0.032126 0.032257 23490 24263
49 62.310000 60.320000 1000000 8.591643 8.594604 8.589565 8.599262 0.032135 0.032257 0.062701 0.053766 0.032257 0.032126 0.032257 24260 24747
49 62.310000 60.320000 1000000 8.590114 8.593529 8.588035 8.598187 0.032135 0.032257 0.062701 0.053766 0.032257 0.032125 0.032257 24740 26658
49 62.310000 60.320000 1000000 8.570204 8.576324 8.568110 8.580983 0.032133 0.032257 0.062702 0.053768 0.032257 0.032124 0.032257 26650 28899
49 62.310000 60.320000 1000000 8.561397 8.568798 8.559296 8.573456 0.032138 0.032257 0.061783 0.052693 0.032257 0.032128 0.032257 28890 29344
49 62.310000 60.320000 1000000 8.559494 8.567722 8.557392 8.572381 0.032139 0.032257 0.061783 0.052693 0.032257 0.032129 0.032257 29340 29612
49 62.310000 60.320000 1000000 8.557615 8.566647 8.555512 8.571305 0.032140 0.032257 0.061783 0.052693 0.032257 0.032130 0.032257 29610 31071
49 62.310000 60.320000 1000000 8.546983 8.560195 8.544872 8.564854 0.032142 0.032257 0.062701 0.053766 0.032257 0.032132 0.032257 31070 32267
49 62.310000 60.320000 1000000 8.541652 8.556970 8.539536 8.561628 0.032144 0.032257 0.060867 0.051617 0.032257 0.032134 0.032257 32260 34430
49 62.310000 60.320000 1000000 8.538570 8.546217 8.535681 8.546261 0.032146 0.032257 0.060867 0.051617 0.032257 0.032137 0.032257 34430 35071
49 62.310000 60.320000 1000000 8.528863 8.539765 8.525964 8.539809 0.032148 0.032257 0.059958 0.050541 0.032257 0.032139 0.032257 35070 38489
49 62.310000 60.320000 1000000 8.519693 8.533314 8.516785 8.533357 0.032152 0.032257 0.059054 0.049465 0.032257 0.032143 0.032257 38480 38880
49 62.310000 60.320000 1000000 8.517829 8.532238 8.514918 8.532282 0.032153 0.032257 0.058156 0.048390 0.032257 0.032144 0.032257 38880 40623
49 62.310000 60.320000 1000000 8.512945 8.527937 8.510030 8.527981 0.032153 0.032257 0.059054 0.049466 0.032257 0.032144 0.032257 40620 42891
49 62.310000 60.320000 1000000 8.494540 8.512884 8.491481 8.512524 0.032156 0.032257 0.060867 0.051616 0.032257 0.032147 0.032257 42890 45205
49 62.310000 60.320000 1000000 8.490720 8.507507 8.487657 8.507148 0.032159 0.032257 0.059958 0.050541 0.032257 0.032150 0.032257 45200 46701
49 62.310000 60.320000 1000000 8.482794 8.497292 8.479662 8.496082 0.032165 0.032257 0.054197 0.043551 0.032257 0.032157 0.032257 46700 47188
49 62.310000 60.320000 1000000 8.479193 8.492991 8.476057 8.491780 0.032168 0.032257 0.055939 0.045702 0.032257 0.032159 0.032257 47180 48967
49 62.310000 60.320000 1000000 8.475048 8.489765 8.471907 8.488555 0.032168 0.032257 0.056821 0.046777 0.032257 0.032159 0.032257 48960 49101
49 62.310000 60.320000 1000000 8.474745 8.488690 8.471604 8.487479 0.032167 0.032257 0.057709 0.047851 0.032257 0.032159 0.032257 49100 53922
49 62.310000 60.320000 1000000 8.457196 8.474712 8.454036 8.473501 0.032171 0.032257 0.057710 0.047852 0.032257 0.032162 0.032257 53920 56165
49 62.310000 60.320000 1000000 8.448170 8.465034 8.445000 8.463823 0.032172 0.032257 0.055065 0.044627 0.032257 0.032163 0.032257 56160 58459
49 62.310000 60.320000 1000000 8.441542 8.460733 8.438364 8.459522 0.032174 0.032257 0.058604 0.048927 0.032257 0.032166 0.032257 58450 59290
49 62.310000 60.320000 1000000 8.440739 8.459658 8.437560 8.458447 0.032174 0.032257 0.058604 0.048927 0.032257 0.032165 0.032257 59290 60045
49 62.310000 60.320000 1000000 8.439543 8.458583 8.436363 8.457372 0.032174 0.032257 0.058604 0.048927 0.032257 0.032166 0.032257 60040 61347
49 62.310000 60.320000 1000000 8.421527 8.446755 8.418326 8.445544 0.032176 0.032257 0.065020 0.056454 0.032257 0.032168 0.032257 61340 69524
49 62.310000 60.320000 1000000 8.417205 8.442453 8.414000 8.441243 0.032178 0.032257 0.063161 0.054303 0.032257 0.032170 0.032257 69520 73436
49 62.310000 60.320000 1000000 8.413197 8.439228 8.409987 8.438017 0.032180 0.032257 0.064089 0.055380 0.032257 0.032171 0.032257 73430 76908
49 62.310000 60.320000 1000000 8.408172 8.431701 8.405774 8.434253 0.032181 0.032257 0.065957 0.057530 0.032257 0.032171 0.032257 76900 79415
49 62.310000 60.320000 1000000 8.406199 8.428475 8.403799 8.431028 0.032182 0.032257 0.064089 0.055379 0.032257 0.032172 0.032257 79410 81086
49 62.310000 60.320000 1000000 8.404990 8.427400 8.402590 8.429952 0.032181 0.032257 0.063163 0.054304 0.032257 0.032172 0.032257 81080 82741
49 62.310000 60.320000 1000000 8.403880 8.426324 8.401478 8.428877 0.032181 0.032257 0.063162 0.054304 0.032257 0.032171 0.032257 82740 82926
49 62.310000 60.320000 1000000 8.403724 8.425249 8.401504 8.429056 0.032180 0.032257 0.063162 0.054304 0.032257 0.032171 0.032257 82920 84088
49 62.310000 60.320000 1000000 8.401799 8.424174 8.399578 8.427981 0.032182 0.032257 0.063162 0.054303 0.032257 0.032172 0.032257 84080 88447
49 62.310000 60.320000 1000000 8.400308 8.423099 8.398086 8.426906 0.032182 0.032257 0.063162 0.054303 0.032257 0.032172 0.032257 88440 90389
49 62.310000 60.320000 1000000 8.398362 8.422023 8.396138 8.425831 0.032183 0.032257 0.062240 0.053228 0.032257 0.032173 0.032257 90380 90901
49 62.310000 60.320000 1000000 8.397065 8.420948 8.394840 8.424755 0.032182 0.032257 0.061323 0.052153 0.032257 0.032173 0.032257 90900 97404
49 62.310000 60.320000 1000000 8.392330 8.415572 8.390101 8.419379 0.032181 0.032257 0.062240 0.053228 0.032257 0.032172 0.032257 97400 102917
49 62.310000 60.320000 1000000 8.381605 8.404819 8.379367 8.408626 0.032183 0.032257 0.062240 0.053228 0.032257 0.032173 0.032257 102910 110079
49 62.310000 60.320000 1000000 8.381239 8.401593 8.378809 8.403698 0.032183 0.032257 0.061323 0.052153 0.032257 0.032174 0.032257 104490 108429
49 62.310000 60.320000 1000000 8.363457 8.389228 8.360916 8.390481 0.032186 0.032257 0.059053 0.049464 0.032257 0.032177 0.032257 108420 110079
49 62.310000 60.320000 1000000 8.361546 8.388152 8.359004 8.389406 0.032187 0.032257 0.059052 0.049464 0.032257 0.032178 0.032257 110070 121755
49 62.310000 60.320000 1000000 8.355549 8.382776 8.353002 8.384030 0.032190 0.032257 0.060864 0.051613 0.032257 0.032181 0.032257 121750 126129
49 62.310000 60.320000 1000000 8.353443 8.375249 8.350396 8.373591 0.032190 0.032257 0.065485 0.056989 0.032257 0.032181 0.032257 126120 127212
49 62.310000 60.320000 1000000 8.352205 8.374174 8.349156 8.372515 0.032190 0.032257 0.065485 0.056989 0.032257 0.032181 0.032257 127210 130419
49 62.310000 60.320000 1000000 8.339866 8.360196 8.336443 8.355132 0.032194 0.032257 0.064552 0.055914 0.032257 0.032186 0.032257 130410 130783
49 62.310000 60.320000 1000000 8.335013 8.351594 8.331584 8.346530 0.032197 0.032257 0.066423 0.058065 0.032257 0.032189 0.032257 130780 133335
49 62.310000 60.320000 1000000 8.334258 8.350518 8.330828 8.345455 0.032198 0.032257 0.065486 0.056990 0.032257 0.032190 0.032257 133330 146792
49 62.310000 60.320000 1000000 8.324936 8.342991 8.321495 8.337928 0.032198 0.032257 0.065486 0.056990 0.032257 0.032189 0.032257 143890 150106
49 62.310000 60.320000 1000000 8.322382 8.337615 8.318467 8.330939 0.032198 0.032257 0.070215 0.062367 0.032257 0.032190 0.032257 150100 151965
49 62.310000 60.320000 1000000 8.321521 8.336540 8.317604 8.329863 0.032197 0.032257 0.071172 0.063442 0.032257 0.032189 0.032257 151960 167513
49 62.310000 60.320000 1000000 8.310122 8.329013 8.306189 8.322336 0.032203 0.032257 0.067367 0.059142 0.032257 0.032195 0.032257 167510 172022
49 62.310000 60.320000 1000000 8.304563 8.323637 8.300623 8.316960 0.032200 0.032257 0.067366 0.059141 0.032257 0.032192 0.032257 172020 208093
49 62.310000 60.320000 1000000 8.298527 8.317185 8.294577 8.310508 0.032202 0.032257 0.071172 0.063442 0.032257 0.032194 0.032257 178550 193488
49 62.310000 60.320000 1000000 8.288796 8.304282 8.284833 8.297605 0.032204 0.032257 0.069263 0.061292 0.032257 0.032196 0.032257 189420 208093
49 62.310000 60.320000 1000000 8.282627 8.295680 8.278431 8.288197 0.032206 0.032257 0.070215 0.062367 0.032257 0.032198 0.032257 208090 212375
49 62.310000 60.320000 1000000 8.282083 8.294604 8.277887 8.287121 0.032206 0.032257 0.069262 0.061292 0.032257 0.032198 0.032257 212370 232438
49 62.310000 60.320000 1000000 8.265784 8.281701 8.261381 8.273412 0.032209 0.032257 0.072132 0.064517 0.032257 0.032201 0.032257 232430 244001
49 62.310000 60.320000 1000000 8.257415 8.267185 8.252740 8.256342 0.032206 0.032257 0.076491 0.069357 0.032257 0.032198 0.032257 244000 249045
49 62.310000 60.320000 1000000 8.249543 8.261809 8.244854 8.250966 0.032208 0.032257 0.075518 0.068282 0.032257 0.032200 0.032257 249040 260558
49 62.310000 60.320000 1000000 8.237672 8.244605 8.233514 8.236270 0.032210 0.032257 0.075517 0.068281 0.032257 0.032202 0.032257 260550 265192
49 62.310000 60.320000 1000000 8.236357 8.243529 8.232197 8.235195 0.032210 0.032257 0.076490 0.069355 0.032257 0.032202 0.032257 265190 272966
49 62.310000 60.320000 1000000 8.235469 8.242454 8.231308 8.234120 0.032210 0.032257 0.075516 0.068280 0.032257 0.032202 0.032257 272960 274272
49 62.310000 60.320000 1000000 8.234008 8.241379 8.229844 8.233044 0.032210 0.032257 0.075516 0.068280 0.032257 0.032202 0.032257 274270 274614
49 62.310000 60.320000 1000000 8.233139 8.240303 8.228973 8.231969 0.032210 0.032257 0.075516 0.068280 0.032257 0.032202 0.032257 274610 280317
49 62.310000 60.320000 1000000 8.231312 8.236002 8.227055 8.227265 0.032211 0.032257 0.073577 0.066129 0.032257 0.032203 0.032257 280310 297317
49 62.310000 60.320000 1000000 8.218202 8.225250 8.213924 8.216512 0.032214 0.032257 0.071652 0.063980 0.032257 0.032206 0.032257 295780 317960
49 62.310000 60.320000 1000000 8.215906 8.219873 8.212664 8.216154 0.032215 0.032257 0.067839 0.059679 0.032257 0.032206 0.032257 317960 343385
49 62.310000 60.320000 1000000 8.200562 8.209121 8.197302 8.205401 0.032216 0.032257 0.065019 0.056453 0.032257 0.032207 0.032257 343380 370763
49 62.310000 60.320000 1000000 8.176279 8.190841 8.172990 8.187122 0.032221 0.032257 0.065019 0.056453 0.032257 0.032212 0.032257 370760 378072
49 62.310000 60.320000 1000000 8.174831 8.189766 8.171541 8.186046 0.032221 0.032257 0.064088 0.055378 0.032257 0.032212 0.032257 378070 394542
49 62.310000 60.320000 1000000 8.169726 8.185465 8.166340 8.181342 0.032220 0.032257 0.066895 0.058604 0.032257 0.032211 0.032257 394540 404401
49 62.310000 60.320000 1000000 8.165359 8.182239 8.161968 8.178116 0.032221 0.032257 0.065955 0.057529 0.032257 0.032212 0.032257 404400 409873
49 62.310000 60.320000 1000000 8.162542 8.179013 8.159148 8.174890 0.032220 0.032257 0.065020 0.056454 0.032257 0.032211 0.032257 409870 483050
49 62.310000 60.320000 1000000 8.132939 8.156432 8.129508 8.152310 0.032228 0.032257 0.052484 0.041401 0.032257 0.032219 0.032257 483050 502548
49 62.310000 60.320000 1000000 8.131573 8.155357 8.128140 8.151234 0.032227 0.032257 0.053336 0.042476 0.032257 0.032218 0.032257 502540 513318
49 62.310000 60.320000 1000000 8.130608 8.154282 8.127173 8.150159 0.032227 0.032257 0.054196 0.043551 0.032257 0.032218 0.032257 513310 528218
49 62.310000 60.320000 1000000 8.127291 8.151056 8.123852 8.146933 0.032227 0.032257 0.055064 0.044626 0.032257 0.032218 0.032257 528210 528465
49 62.310000 60.320000 1000000 8.125852 8.149981 8.122411 8.145858 0.032226 0.032257 0.055064 0.044626 0.032257 0.032217 0.032257 528460 535884
49 62.310000 60.320000 1000000 8.125008 8.148906 8.121566 8.144783 0.032226 0.032257 0.055939 0.045701 0.032257 0.032217 0.032257 535880 537549
49 62.310000 60.320000 1000000 8.123779 8.147830 8.120335 8.143707 0.032226 0.032257 0.056820 0.046776 0.032257 0.032217 0.032257 537540 605881
49 62.310000 60.320000 1000000 8.101855 8.127400 8.098384 8.123277 0.032228 0.032257 0.054197 0.043552 0.032257 0.032219 0.032257 605880 608756
49 62.310000 60.320000 1000000 8.100917 8.126325 8.097444 8.122202 0.032228 0.032257 0.053337 0.042477 0.032257 0.032220 0.032257 608750 619273
49 62.310000 60.320000 1000000 8.100136 8.125250 8.096662 8.121127 0.032229 0.032257 0.052484 0.041401 0.032257 0.032220 0.032257 619270 635987
49 62.310000 60.320000 1000000 8.096512 8.120411 8.092946 8.115437 0.032228 0.032257 0.054630 0.044090 0.032257 0.032220 0.032257 635980 659207
49 62.310000 60.320000 1000000 8.084656 8.104282 8.081470 8.101817 0.032228 0.032257 0.054631 0.044090 0.032257 0.032219 0.032257 659200 686060
49 62.310000 60.320000 1000000 8.083271 8.103207 8.080083 8.100742 0.032227 0.032257 0.054630 0.044090 0.032257 0.032219 0.032257 686060 707053
49 62.310000 60.320000 1000000 8.077182 8.095680 8.074008 8.092767 0.032230 0.032257 0.055502 0.045165 0.032257 0.032221 0.032257 707050 732720
49 62.310000 60.320000 1000000 8.075670 8.094605 8.072494 8.091691 0.032229 0.032257 0.054630 0.044090 0.032257 0.032221 0.032257 732720 742099
49 62.310000 60.320000 1000000 8.074448 8.093529 8.071271 8.090616 0.032229 0.032257 0.054630 0.044090 0.032257 0.032221 0.032257 742090 750779
49 62.310000 60.320000 1000000 8.073527 8.092454 8.070349 8.089541 0.032229 0.032257 0.054630 0.044090 0.032257 0.032220 0.032257 750770 771156
49 62.310000 60.320000 1000000 8.061474 8.080626 8.058281 8.077713 0.032230 0.032257 0.052910 0.041939 0.032257 0.032221 0.032257 771150 774892
49 62.310000 60.320000 1000000 8.060388 8.079551 8.057194 8.076638 0.032229 0.032257 0.052910 0.041939 0.032257 0.032221 0.032257 774890 843322
49 62.310000 60.320000 1000000 8.049134 8.064497 8.045926 8.061584 0.032231 0.032257 0.060867 0.051616 0.032257 0.032223 0.032257 843320 854435
49 62.310000 60.320000 1000000 8.048373 8.063422 8.045165 8.060509 0.032232 0.032257 0.060867 0.051616 0.032257 0.032223 0.032257 854430 871583
49 62.310000 60.320000 1000000 8.047831 8.062347 8.044622 8.059433 0.032232 0.032257 0.059958 0.050541 0.032257 0.032224 0.032257 871580 944551
49 62.310000 60.320000 1000000 8.041906 8.054820 8.038690 8.051906 0.032232 0.032257 0.059958 0.050541 0.032257 0.032224 0.032257 944550 969500
49 62.310000 60.320000 1000000 8.038230 8.051056 8.034926 8.047292 0.032233 0.032257 0.060411 0.051078 0.032257 0.032224 0.032257 969500 985002
49 62.310000 60.320000 1000000 8.026367 8.043529 8.023049 8.039765 0.032237 0.032257 0.060409 0.051076 0.032257 0.032228 0.032257 985000 1000000
