40 62.310000 60.320000 1000000 13.126182 13.119857 13.120596 13.118109 0.031642 0.032257 0.357909 0.356452 0.032257 0.031635 0.032257 0 50
40 62.310000 60.320000 1000000 11.704429 11.694056 11.700635 11.697773 0.031192 0.032257 0.300125 0.298387 0.032257 0.031181 0.032257 50 60
40 62.310000 60.320000 1000000 11.200623 11.305347 11.198629 11.317442 0.031322 0.032257 0.215336 0.212906 0.032257 0.031309 0.032257 60 70
40 62.310000 60.320000 1000000 10.986261 11.118251 10.984149 11.130346 0.031283 0.032257 0.187739 0.184947 0.032257 0.031270 0.032257 70 80
40 62.310000 60.320000 1000000 10.870155 11.012875 10.866146 11.020938 0.031281 0.032257 0.177156 0.174194 0.032257 0.031271 0.032257 80 91
40 62.310000 60.320000 1000000 10.811961 10.954810 10.808155 10.964127 0.031243 0.032257 0.160269 0.156989 0.032257 0.031232 0.032257 90 100
40 62.310000 60.320000 1000000 10.664393 10.822015 10.660146 10.828778 0.031224 0.032257 0.174513 0.171506 0.032257 0.031213 0.032257 100 110
40 62.310000 60.320000 1000000 10.555299 10.683306 10.551785 10.692623 0.031183 0.032257 0.197810 0.195162 0.032257 0.031171 0.032257 110 124
40 62.310000 60.320000 1000000 10.479838 10.595134 10.476249 10.604452 0.031141 0.032257 0.185092 0.182259 0.032257 0.031129 0.032257 120 134
40 62.310000 60.320000 1000000 10.416741 10.523092 10.413085 10.532409 0.031098 0.032257 0.171345 0.168281 0.032257 0.031086 0.032257 130 140
40 62.310000 60.320000 1000000 10.410224 10.515027 10.406464 10.523493 0.031102 0.032257 0.172931 0.169895 0.032257 0.031090 0.032257 140 153
40 62.310000 60.320000 1000000 10.301990 10.355350 10.299444 10.362607 0.031064 0.032257 0.195689 0.193012 0.032257 0.031054 0.032257 150 170
40 62.310000 60.320000 1000000 10.234453 10.159652 10.229168 10.130573 0.031014 0.032257 0.228629 0.226342 0.032257 0.030999 0.032257 170 180
40 62.310000 60.320000 1000000 10.157886 10.008039 10.159420 10.037966 0.030966 0.032257 0.194625 0.191933 0.032257 0.030961 0.032257 180 196
40 62.310000 60.320000 1000000 10.125587 9.930620 10.127136 9.960547 0.030945 0.032257 0.212672 0.210212 0.032257 0.030940 0.032257 190 207
40 62.310000 60.320000 1000000 10.117865 9.916641 10.119417 9.946568 0.030933 0.032257 0.206299 0.203762 0.032257 0.030928 0.032257 200 210
40 62.310000 60.320000 1000000 10.101987 9.885459 10.102873 9.907769 0.030919 0.032257 0.202052 0.199460 0.032257 0.030913 0.032257 210 220
40 62.310000 60.320000 1000000 10.030365 9.788685 10.031160 9.810592 0.030925 0.032257 0.203115 0.200537 0.032257 0.030920 0.032257 220 233
40 62.310000 60.320000 1000000 10.022990 9.783309 10.023588 9.804812 0.030927 0.032257 0.203115 0.200537 0.032257 0.030921 0.032257 230 260
40 62.310000 60.320000 1000000 9.996898 9.697824 9.994264 9.706559 0.030884 0.032257 0.152903 0.149462 0.032257 0.030877 0.032257 260 270
40 62.310000 60.320000 1000000 9.990200 9.691373 9.987561 9.700108 0.030887 0.032257 0.157110 0.153763 0.032257 0.030880 0.032257 270 293
40 62.310000 60.320000 1000000 9.941554 9.623631 9.938876 9.632366 0.030890 0.032257 0.153954 0.150536 0.032257 0.030883 0.032257 290 303
40 62.310000 60.320000 1000000 9.939092 9.622556 9.936412 9.631291 0.030893 0.032257 0.153953 0.150536 0.032257 0.030886 0.032257 300 312
40 62.310000 60.320000 1000000 9.929887 9.617179 9.927200 9.625914 0.030896 0.032257 0.150802 0.147312 0.032257 0.030889 0.032257 310 348
40 62.310000 60.320000 1000000 9.889130 9.570943 9.886136 9.577975 0.030913 0.032257 0.148703 0.145162 0.032257 0.030906 0.032257 340 350
40 62.310000 60.320000 1000000 9.851066 9.552663 9.848037 9.559696 0.030945 0.032257 0.160269 0.156989 0.032257 0.030938 0.032257 350 374
40 62.310000 60.320000 1000000 9.835441 9.527932 9.830722 9.531336 0.030953 0.032257 0.162377 0.159140 0.032257 0.030949 0.032257 370 405
40 62.310000 60.320000 1000000 9.824636 9.511803 9.819708 9.513594 0.030949 0.032257 0.153958 0.150541 0.032257 0.030945 0.032257 400 420
40 62.310000 60.320000 1000000 9.779162 9.483847 9.774166 9.485637 0.030985 0.032257 0.151853 0.148387 0.032257 0.030981 0.032257 420 448
40 62.310000 60.320000 1000000 9.713036 9.422019 9.711700 9.433800 0.031021 0.032257 0.147125 0.143545 0.032257 0.031011 0.032257 440 497
40 62.310000 60.320000 1000000 9.667881 9.340299 9.666226 9.344733 0.031050 0.032257 0.147129 0.143549 0.032257 0.031041 0.032257 490 508
40 62.310000 60.320000 1000000 9.667400 9.339224 9.665564 9.343255 0.031051 0.032257 0.146080 0.142474 0.032257 0.031042 0.032257 500 511
40 62.310000 60.320000 1000000 9.618571 9.315568 9.616707 9.319599 0.031093 0.032257 0.137705 0.133873 0.032257 0.031084 0.032257 510 525
40 62.310000 60.320000 1000000 9.594705 9.297289 9.592827 9.301320 0.031110 0.032257 0.130398 0.126345 0.032257 0.031101 0.032257 520 554
40 62.310000 60.320000 1000000 9.549496 9.255354 9.547208 9.260370 0.031136 0.032257 0.112777 0.108065 0.032257 0.031128 0.032257 550 588
40 62.310000 60.320000 1000000 9.499047 9.225247 9.496722 9.230263 0.031191 0.032257 0.116906 0.112368 0.032257 0.031183 0.032257 570 584
40 62.310000 60.320000 1000000 9.480035 9.214494 9.477696 9.219510 0.031203 0.032257 0.114841 0.110217 0.032257 0.031194 0.032257 580 620
40 62.310000 60.320000 1000000 9.432102 9.173634 9.429727 9.178650 0.031219 0.032257 0.104565 0.099465 0.032257 0.031211 0.032257 620 643
40 62.310000 60.320000 1000000 9.394523 9.146753 9.392120 9.151769 0.031255 0.032257 0.111749 0.106992 0.032257 0.031246 0.032257 640 662
40 62.310000 60.320000 1000000 9.369392 9.129548 9.366969 9.134565 0.031255 0.032257 0.113810 0.109143 0.032257 0.031246 0.032257 660 672
40 62.310000 60.320000 1000000 9.360361 9.121484 9.357810 9.125649 0.031251 0.032257 0.114325 0.109680 0.032257 0.031243 0.032257 670 687
40 62.310000 60.320000 1000000 9.359940 9.120409 9.357389 9.124574 0.031250 0.032257 0.115357 0.110755 0.032257 0.031241 0.032257 680 740
40 62.310000 60.320000 1000000 9.347620 9.106430 9.345059 9.110595 0.031222 0.032257 0.120529 0.116132 0.032257 0.031214 0.032257 740 765
40 62.310000 60.320000 1000000 9.328917 9.092451 9.326681 9.097871 0.031251 0.032257 0.109178 0.104304 0.032257 0.031243 0.032257 760 874
40 62.310000 60.320000 1000000 9.325813 9.088150 9.323575 9.093570 0.031245 0.032257 0.105077 0.100003 0.032257 0.031236 0.032257 800 820
40 62.310000 60.320000 1000000 9.320464 9.081699 9.318222 9.087119 0.031233 0.032257 0.104054 0.098928 0.032257 0.031225 0.032257 820 874
40 62.310000 60.320000 1000000 9.309297 9.073097 9.306994 9.078113 0.031234 0.032257 0.099974 0.094627 0.032257 0.031225 0.032257 870 924
40 62.310000 60.320000 1000000 9.275228 9.053742 9.272900 9.058758 0.031255 0.032257 0.089863 0.083874 0.032257 0.031246 0.032257 920 1053
40 62.310000 60.320000 1000000 9.232288 9.020409 9.229419 9.024216 0.031256 0.032257 0.085862 0.079573 0.032257 0.031248 0.032257 1050 1087
40 62.310000 60.320000 1000000 9.200715 8.996753 9.197711 8.999753 0.031282 0.032257 0.088857 0.082796 0.032257 0.031274 0.032257 1080 1121
40 62.310000 60.320000 1000000 9.182406 8.971484 9.178547 8.968526 0.031287 0.032257 0.089360 0.083335 0.032257 0.031280 0.032257 1120 1273
40 62.310000 60.320000 1000000 9.133610 8.945678 9.129689 8.942720 0.031337 0.032257 0.086359 0.080108 0.032257 0.031330 0.032257 1150 1320
40 62.310000 60.320000 1000000 9.115544 8.929549 9.110624 8.924171 0.031344 0.032257 0.093384 0.087636 0.032257 0.031339 0.032257 1180 1211
40 62.310000 60.320000 1000000 9.111488 8.925248 9.106562 8.919870 0.031338 0.032257 0.095405 0.089786 0.032257 0.031332 0.032257 1210 1320
40 62.310000 60.320000 1000000 9.102291 8.917721 9.097350 8.912343 0.031329 0.032257 0.097431 0.091936 0.032257 0.031324 0.032257 1320 1488
40 62.310000 60.320000 1000000 9.084864 8.905893 9.079894 8.900515 0.031346 0.032257 0.096416 0.090860 0.032257 0.031340 0.032257 1480 1544
40 62.310000 60.320000 1000000 9.074325 8.897291 9.069338 8.891913 0.031352 0.032257 0.090362 0.084409 0.032257 0.031346 0.032257 1540 1642
40 62.310000 60.320000 1000000 9.032436 8.862882 9.029110 8.863374 0.031367 0.032257 0.082384 0.075806 0.032257 0.031359 0.032257 1640 1727
40 62.310000 60.320000 1000000 9.014008 8.853205 9.010661 8.853697 0.031379 0.032257 0.089359 0.083333 0.032257 0.031371 0.032257 1720 1781
40 62.310000 60.320000 1000000 9.007539 8.848904 9.004184 8.849395 0.031383 0.032257 0.087357 0.081183 0.032257 0.031375 0.032257 1780 2154
40 62.310000 60.320000 1000000 9.006582 8.847829 9.003226 8.848320 0.031381 0.032257 0.088357 0.082258 0.032257 0.031373 0.032257 2150 2259
40 62.310000 60.320000 1000000 8.987525 8.832775 8.984070 8.831564 0.031382 0.032257 0.083375 0.076882 0.032257 0.031374 0.032257 2250 2356
40 62.310000 60.320000 1000000 8.983197 8.828474 8.979737 8.827263 0.031373 0.032257 0.083375 0.076882 0.032257 0.031365 0.032257 2270 2555
40 62.310000 60.320000 1000000 8.953607 8.808044 8.950113 8.806833 0.031370 0.032257 0.083374 0.076881 0.032257 0.031362 0.032257 2550 2576
40 62.310000 60.320000 1000000 8.950483 8.805893 8.946986 8.804682 0.031370 0.032257 0.081395 0.074731 0.032257 0.031362 0.032257 2570 2836
40 62.310000 60.320000 1000000 8.924468 8.786538 8.920939 8.785327 0.031380 0.032257 0.081395 0.074731 0.032257 0.031372 0.032257 2830 2851
40 62.310000 60.320000 1000000 8.909663 8.776861 8.906117 8.775650 0.031382 0.032257 0.077466 0.070430 0.032257 0.031374 0.032257 2850 2935
40 62.310000 60.320000 1000000 8.898612 8.767183 8.895053 8.765972 0.031372 0.032257 0.075515 0.068279 0.032257 0.031364 0.032257 2930 3089
40 62.310000 60.320000 1000000 8.888941 8.757506 8.885370 8.756295 0.031381 0.032257 0.075516 0.068279 0.032257 0.031373 0.032257 3080 3118
40 62.310000 60.320000 1000000 8.888405 8.756431 8.884834 8.755220 0.031380 0.032257 0.074545 0.067204 0.032257 0.031372 0.032257 3110 3453
40 62.310000 60.320000 1000000 8.844602 8.727398 8.840977 8.726188 0.031405 0.032257 0.072611 0.065053 0.032257 0.031397 0.032257 3450 3503
40 62.310000 60.320000 1000000 8.842739 8.726323 8.839111 8.725112 0.031407 0.032257 0.073576 0.066128 0.032257 0.031399 0.032257 3500 3741
40 62.310000 60.320000 1000000 8.842438 8.725248 8.838810 8.724037 0.031406 0.032257 0.074544 0.067203 0.032257 0.031398 0.032257 3740 3809
40 62.310000 60.320000 1000000 8.842202 8.723635 8.838449 8.721573 0.031406 0.032257 0.074060 0.066666 0.032257 0.031398 0.032257 3800 3865
40 62.310000 60.320000 1000000 8.837394 8.712882 8.836026 8.719602 0.031410 0.032257 0.077953 0.070966 0.032257 0.031399 0.032257 3860 3871
40 62.310000 60.320000 1000000 8.832599 8.707506 8.831228 8.714225 0.031414 0.032257 0.077953 0.070966 0.032257 0.031403 0.032257 3870 3947
40 62.310000 60.320000 1000000 8.831402 8.706431 8.830031 8.713150 0.031412 0.032257 0.077953 0.070966 0.032257 0.031401 0.032257 3940 3992
40 62.310000 60.320000 1000000 8.829377 8.705355 8.828005 8.712075 0.031415 0.032257 0.076976 0.069891 0.032257 0.031403 0.032257 3990 4240
40 62.310000 60.320000 1000000 8.793647 8.683850 8.792258 8.690569 0.031430 0.032257 0.068309 0.060213 0.032257 0.031418 0.032257 4240 4306
40 62.310000 60.320000 1000000 8.790150 8.680624 8.788760 8.687343 0.031434 0.032257 0.068309 0.060213 0.032257 0.031423 0.032257 4300 4346
40 62.310000 60.320000 1000000 8.789025 8.679549 8.787634 8.686268 0.031432 0.032257 0.068309 0.060213 0.032257 0.031421 0.032257 4340 4617
40 62.310000 60.320000 1000000 8.783010 8.676323 8.781616 8.683042 0.031439 0.032257 0.067363 0.059138 0.032257 0.031428 0.032257 4610 4743
40 62.310000 60.320000 1000000 8.777630 8.673097 8.776233 8.679817 0.031440 0.032257 0.067364 0.059138 0.032257 0.031429 0.032257 4660 4728
40 62.310000 60.320000 1000000 8.775909 8.672022 8.774512 8.678741 0.031440 0.032257 0.068310 0.060214 0.032257 0.031429 0.032257 4720 4743
40 62.310000 60.320000 1000000 8.775412 8.670947 8.774014 8.677666 0.031439 0.032257 0.068310 0.060214 0.032257 0.031428 0.032257 4740 4837
40 62.310000 60.320000 1000000 8.774327 8.669872 8.772929 8.676591 0.031437 0.032257 0.067364 0.059138 0.032257 0.031426 0.032257 4830 4909
40 62.310000 60.320000 1000000 8.769863 8.666646 8.768463 8.673365 0.031436 0.032257 0.065484 0.056988 0.032257 0.031425 0.032257 4900 5011
40 62.310000 60.320000 1000000 8.763678 8.661269 8.762275 8.667989 0.031435 0.032257 0.069259 0.061289 0.032257 0.031424 0.032257 5010 5102
40 62.310000 60.320000 1000000 8.753779 8.654818 8.752372 8.661537 0.031437 0.032257 0.070216 0.062367 0.032257 0.031426 0.032257 5100 5553
40 62.310000 60.320000 1000000 8.742796 8.645140 8.741383 8.651860 0.031447 0.032257 0.073096 0.065593 0.032257 0.031436 0.032257 5550 5995
40 62.310000 60.320000 1000000 8.733882 8.639764 8.732465 8.646483 0.031458 0.032257 0.073096 0.065594 0.032257 0.031447 0.032257 5990 6026
40 62.310000 60.320000 1000000 8.730385 8.635463 8.728966 8.642182 0.031452 0.032257 0.071172 0.063443 0.032257 0.031440 0.032257 6020 6139
40 62.310000 60.320000 1000000 8.729360 8.634388 8.727940 8.641107 0.031450 0.032257 0.071173 0.063443 0.032257 0.031438 0.032257 6130 6631
40 62.310000 60.320000 1000000 8.706767 8.616646 8.705208 8.622514 0.031474 0.032257 0.079424 0.072579 0.032257 0.031463 0.032257 6630 6649
40 62.310000 60.320000 1000000 8.704852 8.615571 8.703292 8.621439 0.031476 0.032257 0.079424 0.072579 0.032257 0.031465 0.032257 6640 6824
40 62.310000 60.320000 1000000 8.663564 8.589764 8.661982 8.595632 0.031509 0.032257 0.081394 0.074729 0.032257 0.031497 0.032257 6760 7211
40 62.310000 60.320000 1000000 8.656676 8.582237 8.655090 8.588105 0.031505 0.032257 0.080408 0.073654 0.032257 0.031494 0.032257 7210 7638
40 62.310000 60.320000 1000000 8.627865 8.546753 8.625307 8.549306 0.031537 0.032257 0.091366 0.085483 0.032257 0.031527 0.032257 7540 7847
40 62.310000 60.320000 1000000 8.626728 8.545678 8.624169 8.548231 0.031535 0.032257 0.090361 0.084407 0.032257 0.031525 0.032257 7840 7933
40 62.310000 60.320000 1000000 8.615350 8.538151 8.612909 8.541959 0.031544 0.032257 0.089358 0.083332 0.032257 0.031535 0.032257 7930 7946
40 62.310000 60.320000 1000000 8.611701 8.534926 8.609257 8.538733 0.031539 0.032257 0.090361 0.084407 0.032257 0.031530 0.032257 7940 7986
40 62.310000 60.320000 1000000 8.592224 8.522022 8.589764 8.525829 0.031538 0.032257 0.090362 0.084408 0.032257 0.031529 0.032257 7980 8390
40 62.310000 60.320000 1000000 8.589957 8.514495 8.589467 8.525829 0.031539 0.032257 0.096416 0.090860 0.032257 0.031527 0.032257 8390 8403
40 62.310000 60.320000 1000000 8.585863 8.510194 8.585373 8.521528 0.031542 0.032257 0.094392 0.088709 0.032257 0.031530 0.032257 8400 8414
40 62.310000 60.320000 1000000 8.584839 8.509119 8.584349 8.520453 0.031540 0.032257 0.093382 0.087634 0.032257 0.031528 0.032257 8410 9062
40 62.310000 60.320000 1000000 8.534901 8.474711 8.534402 8.486045 0.031577 0.032257 0.101500 0.096238 0.032257 0.031564 0.032257 9060 9458
40 62.310000 60.320000 1000000 8.523437 8.465033 8.522936 8.476367 0.031583 0.032257 0.100481 0.095163 0.032257 0.031571 0.032257 9450 9708
40 62.310000 60.320000 1000000 8.522445 8.463958 8.521944 8.475292 0.031582 0.032257 0.100481 0.095163 0.032257 0.031569 0.032257 9700 10041
40 62.310000 60.320000 1000000 8.519468 8.461807 8.518966 8.473141 0.031587 0.032257 0.098447 0.093012 0.032257 0.031574 0.032257 9790 11557
40 62.310000 60.320000 1000000 8.485269 8.431700 8.484761 8.443034 0.031581 0.032257 0.101499 0.096237 0.032257 0.031569 0.032257 11550 12668
40 62.310000 60.320000 1000000 8.474029 8.422023 8.473519 8.433357 0.031572 0.032257 0.100480 0.095161 0.032257 0.031560 0.032257 12660 13137
40 62.310000 60.320000 1000000 8.446554 8.401592 8.446039 8.412926 0.031570 0.032257 0.105584 0.100536 0.032257 0.031557 0.032257 13130 15028
40 62.310000 60.320000 1000000 8.421649 8.379012 8.420864 8.388643 0.031583 0.032257 0.096416 0.090860 0.032257 0.031571 0.032257 15020 17750
40 62.310000 60.320000 1000000 8.384245 8.344603 8.383450 8.354235 0.031589 0.032257 0.111746 0.106989 0.032257 0.031577 0.032257 17750 18254
40 62.310000 60.320000 1000000 8.374686 8.336001 8.373888 8.345633 0.031589 0.032257 0.103540 0.098387 0.032257 0.031577 0.032257 18250 19553
40 62.310000 60.320000 1000000 8.351304 8.319872 8.349957 8.328294 0.031613 0.032257 0.089360 0.083334 0.032257 0.031602 0.032257 19550 20070
40 62.310000 60.320000 1000000 8.339783 8.308044 8.338431 8.316466 0.031617 0.032257 0.090363 0.084409 0.032257 0.031606 0.032257 20070 20202
40 62.310000 60.320000 1000000 8.337909 8.306969 8.336556 8.315391 0.031618 0.032257 0.090363 0.084409 0.032257 0.031606 0.032257 20200 20292
40 62.310000 60.320000 1000000 8.337088 8.305894 8.335735 8.314315 0.031616 0.032257 0.089359 0.083334 0.032257 0.031605 0.032257 20290 21355
40 62.310000 60.320000 1000000 8.305361 8.283313 8.303992 8.291735 0.031646 0.032257 0.096416 0.090860 0.032257 0.031634 0.032257 21350 21683
40 62.310000 60.320000 1000000 8.304122 8.282238 8.302753 8.290660 0.031644 0.032257 0.095404 0.089785 0.032257 0.031633 0.032257 21680 23649
40 62.310000 60.320000 1000000 8.272514 8.252668 8.270473 8.256834 0.031678 0.032257 0.102011 0.096777 0.032257 0.031668 0.032257 23640 23923
40 62.310000 60.320000 1000000 8.272038 8.251593 8.269818 8.255356 0.031679 0.032257 0.100992 0.095702 0.032257 0.031669 0.032257 23920 24208
40 62.310000 60.320000 1000000 8.263336 8.246217 8.261109 8.249979 0.031679 0.032257 0.095912 0.090325 0.032257 0.031669 0.032257 24200 25935
40 62.310000 60.320000 1000000 8.262756 8.245142 8.260528 8.248904 0.031678 0.032257 0.096926 0.091400 0.032257 0.031668 0.032257 25930 28017
40 62.310000 60.320000 1000000 8.253025 8.234389 8.250790 8.238151 0.031692 0.032257 0.096926 0.091401 0.032257 0.031682 0.032257 28010 28674
40 62.310000 60.320000 1000000 8.241076 8.225787 8.238831 8.229549 0.031705 0.032257 0.093890 0.088175 0.032257 0.031696 0.032257 28670 29997
40 62.310000 60.320000 1000000 8.219329 8.211808 8.217066 8.215571 0.031706 0.032257 0.098957 0.093552 0.032257 0.031696 0.032257 29990 30067
40 62.310000 60.320000 1000000 8.217864 8.210733 8.215600 8.214495 0.031709 0.032257 0.097941 0.092477 0.032257 0.031699 0.032257 30060 33615
40 62.310000 60.320000 1000000 8.163041 8.168260 8.161404 8.173232 0.031746 0.032257 0.087360 0.081186 0.032257 0.031735 0.032257 33610 40839
40 62.310000 60.320000 1000000 8.110701 8.129550 8.109032 8.134522 0.031795 0.032257 0.067840 0.059680 0.032257 0.031784 0.032257 40830 42439
40 62.310000 60.320000 1000000 8.109518 8.128475 8.107848 8.133447 0.031793 0.032257 0.066897 0.058606 0.032257 0.031782 0.032257 42430 46787
40 62.310000 60.320000 1000000 8.081624 8.092453 8.081091 8.098994 0.031812 0.032257 0.063625 0.054841 0.032257 0.031800 0.032257 46780 46805
40 62.310000 60.320000 1000000 8.080619 8.091378 8.080086 8.097918 0.031811 0.032257 0.064554 0.055916 0.032257 0.031798 0.032257 46800 49676
40 62.310000 60.320000 1000000 8.063548 8.074174 8.061762 8.077891 0.031829 0.032257 0.059051 0.049462 0.032257 0.031819 0.032257 49670 50395
40 62.310000 60.320000 1000000 8.055957 8.069873 8.054166 8.073590 0.031834 0.032257 0.058153 0.048387 0.032257 0.031824 0.032257 50390 52031
40 62.310000 60.320000 1000000 8.054983 8.068797 8.053191 8.072515 0.031833 0.032257 0.057262 0.047311 0.032257 0.031822 0.032257 52030 54490
40 62.310000 60.320000 1000000 8.054372 8.067722 8.052580 8.071440 0.031832 0.032257 0.058153 0.048387 0.032257 0.031821 0.032257 54490 69335
40 62.310000 60.320000 1000000 8.027338 8.039765 8.025528 8.043483 0.031854 0.032257 0.067365 0.059139 0.032257 0.031844 0.032257 69330 76560
40 62.310000 60.320000 1000000 8.009011 8.025787 8.007188 8.029504 0.031865 0.032257 0.067364 0.059139 0.032257 0.031855 0.032257 76560 76872
40 62.310000 60.320000 1000000 8.008450 8.024712 8.006627 8.028429 0.031866 0.032257 0.067364 0.059139 0.032257 0.031855 0.032257 76870 80213
40 62.310000 60.320000 1000000 8.007442 8.023636 8.005618 8.027354 0.031867 0.032257 0.068310 0.060214 0.032257 0.031857 0.032257 80210 85472
40 62.310000 60.320000 1000000 8.003306 8.019873 8.001368 8.022739 0.031871 0.032257 0.065953 0.057526 0.032257 0.031861 0.032257 85470 90160
40 62.310000 60.320000 1000000 7.998314 8.016647 7.996372 8.019513 0.031876 0.032257 0.065017 0.056451 0.032257 0.031866 0.032257 90160 91882
40 62.310000 60.320000 1000000 7.993313 8.013421 7.991366 8.016288 0.031877 0.032257 0.064086 0.055376 0.032257 0.031867 0.032257 91880 92435
40 62.310000 60.320000 1000000 7.993104 8.011808 7.991048 8.013824 0.031878 0.032257 0.063623 0.054839 0.032257 0.031868 0.032257 92430 92994
40 62.310000 60.320000 1000000 7.991858 8.010733 7.989800 8.012748 0.031879 0.032257 0.063623 0.054839 0.032257 0.031869 0.032257 92990 98859
40 62.310000 60.320000 1000000 7.976281 7.999980 7.974135 8.001592 0.031891 0.032257 0.064552 0.055914 0.032257 0.031881 0.032257 98850 101086
40 62.310000 60.320000 1000000 7.970553 7.995679 7.968403 7.997291 0.031893 0.032257 0.067365 0.059140 0.032257 0.031883 0.032257 101080 105295
40 62.310000 60.320000 1000000 7.963523 7.987077 7.960703 7.987076 0.031891 0.032257 0.061779 0.052689 0.032257 0.031882 0.032257 105290 107247
40 62.310000 60.320000 1000000 7.959124 7.983851 7.956300 7.983851 0.031888 0.032257 0.062699 0.053764 0.032257 0.031879 0.032257 107240 108265
40 62.310000 60.320000 1000000 7.949168 7.969873 7.946971 7.972381 0.031900 0.032257 0.062698 0.053763 0.032257 0.031890 0.032257 108260 108574
40 62.310000 60.320000 1000000 7.947620 7.968798 7.945423 7.971306 0.031899 0.032257 0.062698 0.053763 0.032257 0.031889 0.032257 108570 109694
40 62.310000 60.320000 1000000 7.944927 7.965572 7.942727 7.968080 0.031896 0.032257 0.063623 0.054839 0.032257 0.031886 0.032257 109690 119617
40 62.310000 60.320000 1000000 7.939421 7.953744 7.937217 7.956252 0.031901 0.032257 0.067365 0.059139 0.032257 0.031891 0.032257 119610 119682
40 62.310000 60.320000 1000000 7.938198 7.952669 7.935993 7.955177 0.031900 0.032257 0.067365 0.059139 0.032257 0.031890 0.032257 119680 123020
40 62.310000 60.320000 1000000 7.930352 7.947292 7.927980 7.949397 0.031907 0.032257 0.064552 0.055914 0.032257 0.031898 0.032257 123020 125146
40 62.310000 60.320000 1000000 7.917498 7.938690 7.915115 7.940795 0.031916 0.032257 0.065485 0.056989 0.032257 0.031907 0.032257 125140 131272
40 62.310000 60.320000 1000000 7.916193 7.937615 7.913809 7.939720 0.031915 0.032257 0.066423 0.058065 0.032257 0.031905 0.032257 131270 132314
40 62.310000 60.320000 1000000 7.914149 7.933314 7.912683 7.939182 0.031917 0.032257 0.069261 0.061290 0.032257 0.031907 0.032257 132310 135707
40 62.310000 60.320000 1000000 7.902039 7.918798 7.900239 7.922112 0.031929 0.032257 0.067838 0.059678 0.032257 0.031918 0.032257 135700 138450
40 62.310000 60.320000 1000000 7.884817 7.908045 7.883005 7.911360 0.031935 0.032257 0.068786 0.060753 0.032257 0.031925 0.032257 138450 139574
40 62.310000 60.320000 1000000 7.880274 7.903744 7.878622 7.908313 0.031940 0.032257 0.068786 0.060753 0.032257 0.031930 0.032257 139570 139850
40 62.310000 60.320000 1000000 7.878900 7.902669 7.877248 7.907238 0.031938 0.032257 0.069737 0.061828 0.032257 0.031928 0.032257 139850 144880
40 62.310000 60.320000 1000000 7.870566 7.897293 7.868908 7.901861 0.031939 0.032257 0.065018 0.056452 0.032257 0.031929 0.032257 144880 144913
40 62.310000 60.320000 1000000 7.869507 7.896217 7.867848 7.900786 0.031938 0.032257 0.065954 0.057527 0.032257 0.031928 0.032257 144910 159038
40 62.310000 60.320000 1000000 7.853974 7.882239 7.852305 7.886808 0.031944 0.032257 0.065018 0.056452 0.032257 0.031934 0.032257 159030 159307
40 62.310000 60.320000 1000000 7.852667 7.881163 7.850998 7.885732 0.031943 0.032257 0.065954 0.057528 0.032257 0.031933 0.032257 159300 161549
40 62.310000 60.320000 1000000 7.847320 7.876325 7.845591 7.880042 0.031947 0.032257 0.063623 0.054839 0.032257 0.031937 0.032257 161540 166437
40 62.310000 60.320000 1000000 7.846361 7.875250 7.844631 7.878967 0.031946 0.032257 0.062699 0.053764 0.032257 0.031936 0.032257 166430 167660
40 62.310000 60.320000 1000000 7.845223 7.874174 7.843493 7.877892 0.031945 0.032257 0.062699 0.053764 0.032257 0.031935 0.032257 167660 180983
40 62.310000 60.320000 1000000 7.843552 7.873099 7.841820 7.876817 0.031945 0.032257 0.061779 0.052689 0.032257 0.031935 0.032257 180980 197485
40 62.310000 60.320000 1000000 7.824301 7.858045 7.822556 7.861763 0.031954 0.032257 0.061778 0.052688 0.032257 0.031944 0.032257 197480 198454
40 62.310000 60.320000 1000000 7.822528 7.856970 7.820783 7.860688 0.031955 0.032257 0.062697 0.053763 0.032257 0.031945 0.032257 198450 210356
40 62.310000 60.320000 1000000 7.820591 7.851056 7.818527 7.852220 0.031955 0.032257 0.061321 0.052151 0.032257 0.031945 0.032257 210350 210457
40 62.310000 60.320000 1000000 7.820382 7.849981 7.818240 7.850742 0.031954 0.032257 0.061321 0.052151 0.032257 0.031944 0.032257 210450 213465
40 62.310000 60.320000 1000000 7.817264 7.845680 7.815119 7.846440 0.031958 0.032257 0.063160 0.054301 0.032257 0.031948 0.032257 213460 234271
40 62.310000 60.320000 1000000 7.802877 7.836002 7.800720 7.836763 0.031967 0.032257 0.061322 0.052152 0.032257 0.031957 0.032257 234270 238441
40 62.310000 60.320000 1000000 7.789712 7.825250 7.787544 7.826010 0.031979 0.032257 0.067841 0.059681 0.032257 0.031969 0.032257 238440 253582
40 62.310000 60.320000 1000000 7.789273 7.824175 7.786939 7.824532 0.031979 0.032257 0.066897 0.058606 0.032257 0.031970 0.032257 253580 255451
40 62.310000 60.320000 1000000 7.781804 7.816648 7.779464 7.817005 0.031986 0.032257 0.065020 0.056454 0.032257 0.031977 0.032257 255450 256819
40 62.310000 60.320000 1000000 7.781238 7.815572 7.778898 7.815930 0.031986 0.032257 0.065020 0.056454 0.032257 0.031976 0.032257 256810 260322
40 62.310000 60.320000 1000000 7.761535 7.800519 7.759177 7.800876 0.031992 0.032257 0.066896 0.058605 0.032257 0.031982 0.032257 260320 260781
40 62.310000 60.320000 1000000 7.759838 7.799443 7.757478 7.799801 0.031994 0.032257 0.065956 0.057530 0.032257 0.031984 0.032257 260780 278235
40 62.310000 60.320000 1000000 7.756590 7.795142 7.754228 7.795500 0.031998 0.032257 0.065020 0.056454 0.032257 0.031989 0.032257 278230 278814
40 62.310000 60.320000 1000000 7.754725 7.794067 7.752361 7.794425 0.032000 0.032257 0.064089 0.055379 0.032257 0.031990 0.032257 278810 291307
40 62.310000 60.320000 1000000 7.747822 7.786540 7.745339 7.785195 0.032004 0.032257 0.065021 0.056455 0.032257 0.031994 0.032257 291300 294739
40 62.310000 60.320000 1000000 7.746130 7.785465 7.743645 7.784120 0.032004 0.032257 0.064089 0.055380 0.032257 0.031994 0.032257 294730 297696
40 62.310000 60.320000 1000000 7.745861 7.784390 7.743690 7.784299 0.032004 0.032257 0.064089 0.055380 0.032257 0.031994 0.032257 297690 308203
40 62.310000 60.320000 1000000 7.744383 7.783314 7.742210 7.783224 0.032003 0.032257 0.064089 0.055380 0.032257 0.031993 0.032257 308200 310035
40 62.310000 60.320000 1000000 7.744239 7.782239 7.742234 7.783403 0.032003 0.032257 0.063163 0.054304 0.032257 0.031993 0.032257 310030 335080
40 62.310000 60.320000 1000000 7.736631 7.776863 7.734620 7.778027 0.032010 0.032257 0.064089 0.055380 0.032257 0.032000 0.032257 310840 326897
40 62.310000 60.320000 1000000 7.735210 7.775788 7.733198 7.776952 0.032011 0.032257 0.065021 0.056455 0.032257 0.032001 0.032257 326890 346740
40 62.310000 60.320000 1000000 7.733707 7.772562 7.732016 7.776235 0.032009 0.032257 0.065021 0.056455 0.032257 0.032000 0.032257 346740 357900
40 62.310000 60.320000 1000000 7.732425 7.769336 7.730569 7.772606 0.032009 0.032257 0.065020 0.056454 0.032257 0.032000 0.032257 357900 360081
40 62.310000 60.320000 1000000 7.731399 7.768261 7.729543 7.771530 0.032008 0.032257 0.065956 0.057529 0.032257 0.031999 0.032257 360080 375784
40 62.310000 60.320000 1000000 7.730110 7.767185 7.728252 7.770455 0.032007 0.032257 0.065956 0.057529 0.032257 0.031998 0.032257 375780 397461
40 62.310000 60.320000 1000000 7.725575 7.761272 7.723609 7.763690 0.032008 0.032257 0.067367 0.059142 0.032257 0.031999 0.032257 397460 399803
40 62.310000 60.320000 1000000 7.724123 7.760196 7.722156 7.762615 0.032007 0.032257 0.067367 0.059142 0.032257 0.031998 0.032257 399800 400286
40 62.310000 60.320000 1000000 7.723494 7.759121 7.721527 7.761539 0.032006 0.032257 0.067367 0.059142 0.032257 0.031997 0.032257 400280 414307
40 62.310000 60.320000 1000000 7.716520 7.754820 7.714548 7.757238 0.032010 0.032257 0.065487 0.056992 0.032257 0.032001 0.032257 414300 436178
40 62.310000 60.320000 1000000 7.706871 7.744067 7.705804 7.750249 0.032017 0.032257 0.068312 0.060216 0.032257 0.032007 0.032257 436170 445124
40 62.310000 60.320000 1000000 7.697822 7.735465 7.696271 7.740437 0.032023 0.032257 0.065487 0.056992 0.032257 0.032013 0.032257 445120 450450
40 62.310000 60.320000 1000000 7.696550 7.734390 7.694998 7.739362 0.032022 0.032257 0.066425 0.058067 0.032257 0.032012 0.032257 450450 451337
40 62.310000 60.320000 1000000 7.696337 7.733315 7.694705 7.737884 0.032021 0.032257 0.065487 0.056992 0.032257 0.032012 0.032257 451330 471814
40 62.310000 60.320000 1000000 7.695719 7.732239 7.694086 7.736808 0.032021 0.032257 0.066425 0.058067 0.032257 0.032011 0.032257 471810 472748
40 62.310000 60.320000 1000000 7.694034 7.731164 7.692400 7.735733 0.032021 0.032257 0.065487 0.056992 0.032257 0.032011 0.032257 472740 479591
40 62.310000 60.320000 1000000 7.692930 7.730089 7.691296 7.734658 0.032020 0.032257 0.066425 0.058067 0.032257 0.032010 0.032257 479590 495547
40 62.310000 60.320000 1000000 7.691493 7.729014 7.689857 7.733583 0.032019 0.032257 0.067367 0.059142 0.032257 0.032009 0.032257 495540 499466
40 62.310000 60.320000 1000000 7.687567 7.725788 7.685929 7.730357 0.032021 0.032257 0.065488 0.056992 0.032257 0.032011 0.032257 499460 507157
40 62.310000 60.320000 1000000 7.674420 7.715035 7.672773 7.719604 0.032031 0.032257 0.066426 0.058067 0.032257 0.032021 0.032257 507150 515632
40 62.310000 60.320000 1000000 7.666838 7.709659 7.665187 7.714228 0.032032 0.032257 0.063625 0.054841 0.032257 0.032022 0.032257 515630 519892
40 62.310000 60.320000 1000000 7.664952 7.708584 7.663299 7.713153 0.032033 0.032257 0.062700 0.053766 0.032257 0.032023 0.032257 519890 529073
40 62.310000 60.320000 1000000 7.663765 7.707508 7.662112 7.712077 0.032035 0.032257 0.062700 0.053766 0.032257 0.032025 0.032257 529070 531139
40 62.310000 60.320000 1000000 7.662638 7.706433 7.660984 7.711002 0.032036 0.032257 0.061781 0.052691 0.032257 0.032027 0.032257 531130 541537
40 62.310000 60.320000 1000000 7.661085 7.705358 7.659430 7.709927 0.032038 0.032257 0.060866 0.051616 0.032257 0.032028 0.032257 541530 556214
40 62.310000 60.320000 1000000 7.659981 7.704283 7.658326 7.708852 0.032040 0.032257 0.059957 0.050540 0.032257 0.032030 0.032257 556210 585806
40 62.310000 60.320000 1000000 7.655199 7.701057 7.653540 7.705626 0.032042 0.032257 0.057264 0.047314 0.032257 0.032032 0.032257 585800 598832
40 62.310000 60.320000 1000000 7.645948 7.689229 7.644581 7.695052 0.032046 0.032257 0.062700 0.053766 0.032257 0.032036 0.032257 598830 603652
40 62.310000 60.320000 1000000 7.645158 7.688154 7.643791 7.693977 0.032048 0.032257 0.061781 0.052691 0.032257 0.032037 0.032257 603650 629197
40 62.310000 60.320000 1000000 7.642237 7.683853 7.640868 7.689676 0.032045 0.032257 0.059956 0.050539 0.032257 0.032035 0.032257 621070 630160
40 62.310000 60.320000 1000000 7.639303 7.680627 7.637933 7.686450 0.032046 0.032257 0.061780 0.052690 0.032257 0.032036 0.032257 630160 635118
40 62.310000 60.320000 1000000 7.637872 7.679551 7.636501 7.685375 0.032045 0.032257 0.062699 0.053765 0.032257 0.032035 0.032257 635110 638986
40 62.310000 60.320000 1000000 7.636473 7.678476 7.635101 7.684300 0.032044 0.032257 0.061780 0.052689 0.032257 0.032034 0.032257 638980 648186
40 62.310000 60.320000 1000000 7.634775 7.667724 7.632798 7.668440 0.032046 0.032257 0.062700 0.053766 0.032257 0.032037 0.032257 648180 652120
40 62.310000 60.320000 1000000 7.634275 7.666648 7.632298 7.667364 0.032046 0.032257 0.061781 0.052691 0.032257 0.032036 0.032257 652120 707106
40 62.310000 60.320000 1000000 7.620786 7.649444 7.618485 7.649354 0.032056 0.032257 0.059054 0.049465 0.032257 0.032047 0.032257 707100 711056
40 62.310000 60.320000 1000000 7.620166 7.648369 7.617865 7.648278 0.032055 0.032257 0.059054 0.049465 0.032257 0.032046 0.032257 711050 712594
40 62.310000 60.320000 1000000 7.618755 7.647294 7.616452 7.647203 0.032054 0.032257 0.059054 0.049465 0.032257 0.032045 0.032257 712590 723724
40 62.310000 60.320000 1000000 7.609829 7.639767 7.607518 7.639676 0.032062 0.032257 0.059957 0.050540 0.032257 0.032053 0.032257 723720 725486
40 62.310000 60.320000 1000000 7.608467 7.638691 7.606155 7.638601 0.032061 0.032257 0.060867 0.051616 0.032257 0.032052 0.032257 725480 756902
40 62.310000 60.320000 1000000 7.606582 7.637616 7.604268 7.637526 0.032062 0.032257 0.059957 0.050541 0.032257 0.032053 0.032257 756900 763015
40 62.310000 60.320000 1000000 7.605122 7.636541 7.602807 7.636450 0.032063 0.032257 0.060867 0.051616 0.032257 0.032054 0.032257 763010 771966
40 62.310000 60.320000 1000000 7.603935 7.635466 7.601618 7.635375 0.032065 0.032257 0.059957 0.050540 0.032257 0.032056 0.032257 771960 826385
40 62.310000 60.320000 1000000 7.591015 7.622562 7.588093 7.620859 0.032078 0.032257 0.058155 0.048388 0.032257 0.032070 0.032257 826380 873786
40 62.310000 60.320000 1000000 7.589917 7.620412 7.586994 7.618708 0.032080 0.032257 0.056378 0.046238 0.032257 0.032072 0.032257 827120 886508
40 62.310000 60.320000 1000000 7.584376 7.611809 7.581446 7.610106 0.032081 0.032257 0.054628 0.044087 0.032257 0.032074 0.032257 886500 930292
40 62.310000 60.320000 1000000 7.582682 7.608584 7.579472 7.606074 0.032082 0.032257 0.056378 0.046238 0.032257 0.032074 0.032257 930290 935483
40 62.310000 60.320000 1000000 7.578697 7.605358 7.575482 7.602848 0.032085 0.032257 0.056378 0.046238 0.032257 0.032078 0.032257 935480 967951
40 62.310000 60.320000 1000000 7.573471 7.599982 7.570250 7.597472 0.032089 0.032257 0.055500 0.045163 0.032257 0.032081 0.032257 967950 1000000
