46 62.310000 60.320000 1000000 14.843433 14.542436 14.840116 14.534773 0.032118 0.032259 0.220118 0.217742 0.032259 0.032109 0.032259 0 50
46 62.310000 60.320000 1000000 14.054810 13.796200 14.054389 13.807086 0.032129 0.032259 0.281960 0.280109 0.032259 0.032122 0.032259 50 60
46 62.310000 60.320000 1000000 13.675562 13.509642 13.675051 13.519676 0.032169 0.032259 0.257940 0.255915 0.032259 0.032160 0.032259 60 71
46 62.310000 60.320000 1000000 13.503032 13.361255 13.500884 13.364838 0.032165 0.032259 0.246209 0.244087 0.032259 0.032157 0.032259 70 81
46 62.310000 60.320000 1000000 13.412690 13.283836 13.410230 13.286210 0.032180 0.032259 0.240878 0.238709 0.032259 0.032171 0.032259 80 90
46 62.310000 60.320000 1000000 13.310541 13.182762 13.307416 13.182312 0.032173 0.032259 0.249408 0.247313 0.032259 0.032164 0.032259 90 102
46 62.310000 60.320000 1000000 13.222586 13.104267 13.219948 13.107581 0.032170 0.032259 0.260074 0.258065 0.032259 0.032161 0.032259 100 110
46 62.310000 60.320000 1000000 13.113882 13.011794 13.110859 13.012599 0.032178 0.032259 0.215334 0.212904 0.032259 0.032169 0.032259 110 120
46 62.310000 60.320000 1000000 13.045207 12.942977 13.042136 12.943782 0.032150 0.032259 0.219585 0.217202 0.032259 0.032141 0.032259 120 133
46 62.310000 60.320000 1000000 13.014051 12.913945 13.011144 12.916004 0.032149 0.032259 0.219585 0.217202 0.032259 0.032140 0.032259 130 140
46 62.310000 60.320000 1000000 12.971119 12.866633 12.967806 12.867080 0.032147 0.032259 0.215331 0.212901 0.032259 0.032138 0.032259 140 152
46 62.310000 60.320000 1000000 12.889914 12.804805 12.886227 12.800996 0.032182 0.032259 0.182971 0.180105 0.032259 0.032173 0.032259 150 165
46 62.310000 60.320000 1000000 12.804766 12.722010 12.801005 12.718200 0.032188 0.032259 0.175569 0.172580 0.032259 0.032179 0.032259 160 172
46 62.310000 60.320000 1000000 12.779631 12.691902 12.776605 12.693111 0.032187 0.032259 0.160795 0.157525 0.032259 0.032178 0.032259 170 185
46 62.310000 60.320000 1000000 12.763181 12.675774 12.760143 12.676982 0.032187 0.032259 0.153427 0.149998 0.032259 0.032178 0.032259 180 191
46 62.310000 60.320000 1000000 12.756669 12.667172 12.753675 12.667932 0.032186 0.032259 0.154481 0.151075 0.032259 0.032177 0.032259 190 200
46 62.310000 60.320000 1000000 12.737210 12.642441 12.734202 12.643201 0.032184 0.032259 0.156585 0.153226 0.032259 0.032175 0.032259 200 212
46 62.310000 60.320000 1000000 12.712233 12.624161 12.709207 12.624921 0.032185 0.032259 0.151328 0.147850 0.032259 0.032176 0.032259 210 221
46 62.310000 60.320000 1000000 12.685116 12.604268 12.682004 12.604177 0.032190 0.032259 0.148701 0.145160 0.032259 0.032181 0.032259 220 231
46 62.310000 60.320000 1000000 12.669904 12.579537 12.666400 12.577833 0.032188 0.032259 0.147651 0.144084 0.032259 0.032179 0.032259 230 242
46 62.310000 60.320000 1000000 12.654994 12.567709 12.651478 12.566006 0.032187 0.032259 0.139269 0.135482 0.032259 0.032178 0.032259 240 260
46 62.310000 60.320000 1000000 12.611980 12.519323 12.608428 12.517619 0.032183 0.032259 0.147651 0.144084 0.032259 0.032173 0.032259 260 270
46 62.310000 60.320000 1000000 12.607160 12.513947 12.603604 12.512243 0.032182 0.032259 0.144505 0.140858 0.032259 0.032172 0.032259 270 296
46 62.310000 60.320000 1000000 12.583463 12.490291 12.579887 12.488587 0.032176 0.032259 0.129875 0.125805 0.032259 0.032167 0.032259 290 302
46 62.310000 60.320000 1000000 12.580164 12.485990 12.576585 12.484286 0.032175 0.032259 0.130916 0.126879 0.032259 0.032166 0.032259 300 310
46 62.310000 60.320000 1000000 12.566123 12.475237 12.562531 12.473533 0.032176 0.032259 0.129874 0.125804 0.032259 0.032167 0.032259 310 336
46 62.310000 60.320000 1000000 12.538115 12.440829 12.534499 12.439125 0.032156 0.032259 0.130917 0.126881 0.032259 0.032147 0.032259 330 355
46 62.310000 60.320000 1000000 12.483235 12.399969 12.479571 12.398265 0.032152 0.032259 0.130918 0.126882 0.032259 0.032143 0.032259 350 378
46 62.310000 60.320000 1000000 12.465777 12.377389 12.462098 12.375685 0.032147 0.032259 0.134047 0.130107 0.032259 0.032138 0.032259 370 389
46 62.310000 60.320000 1000000 12.458934 12.373088 12.455249 12.371384 0.032149 0.032259 0.130919 0.126882 0.032259 0.032140 0.032259 380 391
46 62.310000 60.320000 1000000 12.442810 12.359109 12.439111 12.357406 0.032142 0.032259 0.137182 0.133335 0.032259 0.032133 0.032259 390 407
46 62.310000 60.320000 1000000 12.434103 12.349432 12.430396 12.347728 0.032140 0.032259 0.134048 0.130109 0.032259 0.032131 0.032259 400 429
46 62.310000 60.320000 1000000 12.415690 12.325776 12.411835 12.322370 0.032133 0.032259 0.138227 0.134410 0.032259 0.032123 0.032259 420 430
46 62.310000 60.320000 1000000 12.412396 12.320400 12.408537 12.316994 0.032133 0.032259 0.138227 0.134410 0.032259 0.032123 0.032259 430 454
46 62.310000 60.320000 1000000 12.394219 12.307497 12.390344 12.304090 0.032140 0.032259 0.142413 0.138711 0.032259 0.032131 0.032259 450 466
46 62.310000 60.320000 1000000 12.388502 12.304271 12.384622 12.300865 0.032143 0.032259 0.139273 0.135486 0.032259 0.032134 0.032259 460 470
46 62.310000 60.320000 1000000 12.375562 12.284378 12.371598 12.280121 0.032142 0.032259 0.145032 0.141399 0.032259 0.032132 0.032259 470 481
46 62.310000 60.320000 1000000 12.363741 12.274701 12.359766 12.270443 0.032145 0.032259 0.146080 0.142474 0.032259 0.032136 0.032259 480 496
46 62.310000 60.320000 1000000 12.359734 12.271475 12.355754 12.267218 0.032146 0.032259 0.145032 0.141399 0.032259 0.032136 0.032259 490 513
46 62.310000 60.320000 1000000 12.352706 12.263948 12.348720 12.259691 0.032144 0.032259 0.145032 0.141399 0.032259 0.032135 0.032259 510 520
46 62.310000 60.320000 1000000 12.337920 12.242443 12.332796 12.233347 0.032147 0.032259 0.147130 0.143550 0.032259 0.032137 0.032259 520 541
46 62.310000 60.320000 1000000 12.297474 12.203733 12.293575 12.202164 0.032153 0.032259 0.133528 0.129572 0.032259 0.032144 0.032259 540 557
46 62.310000 60.320000 1000000 12.296673 12.202658 12.292772 12.201089 0.032153 0.032259 0.134571 0.130648 0.032259 0.032143 0.032259 550 600
46 62.310000 60.320000 1000000 12.201775 12.117713 12.197783 12.116143 0.032137 0.032259 0.159745 0.156454 0.032259 0.032127 0.032259 570 595
46 62.310000 60.320000 1000000 12.171717 12.087605 12.168700 12.092308 0.032148 0.032259 0.153432 0.150003 0.032259 0.032138 0.032259 590 600
46 62.310000 60.320000 1000000 12.165351 12.076853 12.162329 12.081556 0.032147 0.032259 0.148180 0.144627 0.032259 0.032137 0.032259 600 612
46 62.310000 60.320000 1000000 12.159508 12.071476 12.156379 12.075776 0.032149 0.032259 0.146082 0.142476 0.032259 0.032140 0.032259 610 629
46 62.310000 60.320000 1000000 12.157638 12.070401 12.154507 12.074701 0.032149 0.032259 0.146082 0.142476 0.032259 0.032140 0.032259 620 636
46 62.310000 60.320000 1000000 12.144572 12.055347 12.142364 12.065919 0.032148 0.032259 0.140843 0.137099 0.032259 0.032139 0.032259 630 640
46 62.310000 60.320000 1000000 12.143940 12.054272 12.141730 12.064844 0.032148 0.032259 0.140843 0.137099 0.032259 0.032139 0.032259 640 666
46 62.310000 60.320000 1000000 12.124293 12.035992 12.122073 12.046565 0.032145 0.032259 0.134572 0.130648 0.032259 0.032136 0.032259 650 675
46 62.310000 60.320000 1000000 12.121182 12.031691 12.118960 12.042264 0.032145 0.032259 0.135616 0.131723 0.032259 0.032136 0.032259 670 708
46 62.310000 60.320000 1000000 12.107398 12.010186 12.105169 12.020758 0.032144 0.032259 0.132485 0.128498 0.032259 0.032135 0.032259 700 719
46 62.310000 60.320000 1000000 12.104146 12.006960 12.101915 12.017532 0.032142 0.032259 0.132485 0.128498 0.032259 0.032133 0.032259 710 740
46 62.310000 60.320000 1000000 12.099259 12.000509 12.096821 12.010274 0.032142 0.032259 0.135616 0.131723 0.032259 0.032132 0.032259 740 765
46 62.310000 60.320000 1000000 12.084103 11.985455 12.081655 11.995221 0.032130 0.032259 0.139796 0.136023 0.032259 0.032121 0.032259 760 793
46 62.310000 60.320000 1000000 12.067678 11.970401 12.065221 11.980167 0.032123 0.032259 0.129357 0.125270 0.032259 0.032114 0.032259 790 808
46 62.310000 60.320000 1000000 12.067410 11.969326 12.064851 11.978689 0.032123 0.032259 0.130398 0.126345 0.032259 0.032114 0.032259 800 829
46 62.310000 60.320000 1000000 12.060490 11.959649 12.057927 11.969011 0.032121 0.032259 0.133527 0.129571 0.032259 0.032111 0.032259 820 851
46 62.310000 60.320000 1000000 12.048770 11.945133 12.045975 11.951941 0.032122 0.032259 0.133007 0.129036 0.032259 0.032113 0.032259 850 897
46 62.310000 60.320000 1000000 12.003078 11.897821 12.000251 11.904630 0.032109 0.032259 0.150805 0.147314 0.032259 0.032100 0.032259 890 958
46 62.310000 60.320000 1000000 11.996245 11.891369 11.993413 11.898178 0.032105 0.032259 0.151855 0.148389 0.032259 0.032096 0.032259 920 957
46 62.310000 60.320000 1000000 11.993698 11.889219 11.990864 11.896027 0.032105 0.032259 0.151855 0.148389 0.032259 0.032095 0.032259 950 990
46 62.310000 60.320000 1000000 11.989930 11.883842 11.987310 11.891906 0.032103 0.032259 0.151854 0.148388 0.032259 0.032094 0.032259 990 1063
46 62.310000 60.320000 1000000 11.977860 11.875240 11.975233 11.883304 0.032107 0.032259 0.147653 0.144086 0.032259 0.032098 0.032259 1060 1091
46 62.310000 60.320000 1000000 11.969125 11.867713 11.966491 11.875777 0.032110 0.032259 0.148702 0.145161 0.032259 0.032100 0.032259 1090 1119
46 62.310000 60.320000 1000000 11.967096 11.864488 11.964461 11.872551 0.032109 0.032259 0.151853 0.148387 0.032259 0.032100 0.032259 1110 1122
46 62.310000 60.320000 1000000 11.963969 11.860186 11.961231 11.867847 0.032108 0.032259 0.151853 0.148387 0.032259 0.032099 0.032259 1120 1172
46 62.310000 60.320000 1000000 11.944973 11.840832 11.942222 11.848492 0.032108 0.032259 0.141364 0.137634 0.032259 0.032099 0.032259 1170 1200
46 62.310000 60.320000 1000000 11.918169 11.817176 11.915399 11.824836 0.032111 0.032259 0.145555 0.141936 0.032259 0.032102 0.032259 1200 1239
46 62.310000 60.320000 1000000 11.912304 11.805886 11.909308 11.810992 0.032109 0.032259 0.148179 0.144625 0.032259 0.032100 0.032259 1230 1350
46 62.310000 60.320000 1000000 11.873870 11.767176 11.870288 11.765472 0.032120 0.032259 0.145032 0.141399 0.032259 0.032110 0.032259 1350 1451
46 62.310000 60.320000 1000000 11.862076 11.759649 11.858484 11.757946 0.032122 0.032259 0.137704 0.133873 0.032259 0.032112 0.032259 1450 1465
46 62.310000 60.320000 1000000 11.860591 11.758574 11.856997 11.756870 0.032122 0.032259 0.136659 0.132797 0.032259 0.032112 0.032259 1460 1506
46 62.310000 60.320000 1000000 11.834388 11.739219 11.830770 11.737516 0.032128 0.032259 0.145033 0.141400 0.032259 0.032118 0.032259 1500 1596
46 62.310000 60.320000 1000000 11.813678 11.718789 11.810041 11.717085 0.032127 0.032259 0.131442 0.127422 0.032259 0.032118 0.032259 1570 1627
46 62.310000 60.320000 1000000 11.792348 11.697284 11.788407 11.694371 0.032121 0.032259 0.131442 0.127422 0.032259 0.032112 0.032259 1600 1668
46 62.310000 60.320000 1000000 11.750731 11.660725 11.746748 11.657812 0.032104 0.032259 0.133527 0.129572 0.032259 0.032095 0.032259 1660 1704
46 62.310000 60.320000 1000000 11.749282 11.657499 11.745297 11.654586 0.032104 0.032259 0.133527 0.129572 0.032259 0.032095 0.032259 1700 1715
46 62.310000 60.320000 1000000 11.739864 11.648897 11.735870 11.645984 0.032099 0.032259 0.130401 0.126348 0.032259 0.032090 0.032259 1710 1737
46 62.310000 60.320000 1000000 11.735221 11.643521 11.731222 11.640608 0.032096 0.032259 0.126238 0.122047 0.032259 0.032087 0.032259 1730 1745
46 62.310000 60.320000 1000000 11.733656 11.640295 11.729656 11.637382 0.032096 0.032259 0.124160 0.119896 0.032259 0.032086 0.032259 1740 1772
46 62.310000 60.320000 1000000 11.728138 11.633844 11.724132 11.630930 0.032090 0.032259 0.123120 0.118819 0.032259 0.032081 0.032259 1770 1906
46 62.310000 60.320000 1000000 11.662280 11.563951 11.658667 11.563547 0.032072 0.032259 0.123121 0.118820 0.032259 0.032062 0.032259 1900 1910
46 62.310000 60.320000 1000000 11.650965 11.556424 11.647340 11.556020 0.032074 0.032259 0.122084 0.117745 0.032259 0.032065 0.032259 1910 1922
46 62.310000 60.320000 1000000 11.649614 11.555349 11.645988 11.554945 0.032074 0.032259 0.122084 0.117745 0.032259 0.032065 0.032259 1920 1940
46 62.310000 60.320000 1000000 11.646934 11.553199 11.643306 11.552794 0.032075 0.032259 0.124159 0.119895 0.032259 0.032066 0.032259 1940 2060
46 62.310000 60.320000 1000000 11.622869 11.538145 11.619218 11.537741 0.032082 0.032259 0.123121 0.118820 0.032259 0.032072 0.032259 1960 2002
46 62.310000 60.320000 1000000 11.622053 11.537070 11.618402 11.536665 0.032081 0.032259 0.123121 0.118820 0.032259 0.032072 0.032259 2000 2060
46 62.310000 60.320000 1000000 11.588638 11.511263 11.584955 11.510859 0.032085 0.032259 0.130398 0.126345 0.032259 0.032075 0.032259 2060 2157
46 62.310000 60.320000 1000000 11.580363 11.497285 11.576534 11.495178 0.032078 0.032259 0.134570 0.130647 0.032259 0.032068 0.032259 2130 2158
46 62.310000 60.320000 1000000 11.579310 11.496209 11.575480 11.494103 0.032078 0.032259 0.134570 0.130647 0.032259 0.032068 0.032259 2150 2232
46 62.310000 60.320000 1000000 11.578065 11.491908 11.574640 11.492310 0.032077 0.032259 0.134570 0.130646 0.032259 0.032068 0.032259 2230 2241
46 62.310000 60.320000 1000000 11.576559 11.488682 11.573132 11.489085 0.032077 0.032259 0.133526 0.129571 0.032259 0.032068 0.032259 2240 2468
46 62.310000 60.320000 1000000 11.535986 11.452124 11.532523 11.452526 0.032068 0.032259 0.131440 0.127420 0.032259 0.032058 0.032259 2460 2482
46 62.310000 60.320000 1000000 11.534783 11.448898 11.531098 11.448494 0.032067 0.032259 0.132482 0.128495 0.032259 0.032058 0.032259 2480 2502
46 62.310000 60.320000 1000000 11.534182 11.447823 11.530496 11.447418 0.032067 0.032259 0.133525 0.129570 0.032259 0.032058 0.032259 2500 2523
46 62.310000 60.320000 1000000 11.530366 11.443522 11.526877 11.444372 0.032068 0.032259 0.133526 0.129570 0.032259 0.032058 0.032259 2520 2600
46 62.310000 60.320000 1000000 11.525053 11.437070 11.521451 11.437517 0.032069 0.032259 0.129356 0.125269 0.032259 0.032060 0.032259 2600 2733
46 62.310000 60.320000 1000000 11.488474 11.389758 11.484836 11.390205 0.032056 0.032259 0.169233 0.166130 0.032259 0.032047 0.032259 2730 2797
46 62.310000 60.320000 1000000 11.478867 11.381156 11.475221 11.381603 0.032055 0.032259 0.167122 0.163979 0.032259 0.032045 0.032259 2790 2858
46 62.310000 60.320000 1000000 11.463245 11.361801 11.459584 11.362248 0.032041 0.032259 0.169233 0.166130 0.032259 0.032032 0.032259 2850 2870
46 62.310000 60.320000 1000000 11.461378 11.360726 11.457715 11.361173 0.032041 0.032259 0.168177 0.165054 0.032259 0.032032 0.032259 2870 2889
46 62.310000 60.320000 1000000 11.459246 11.359651 11.455581 11.360098 0.032042 0.032259 0.168177 0.165054 0.032259 0.032033 0.032259 2880 2921
46 62.310000 60.320000 1000000 11.457985 11.358575 11.454318 11.359022 0.032043 0.032259 0.167122 0.163979 0.032259 0.032034 0.032259 2920 2971
46 62.310000 60.320000 1000000 11.457534 11.357500 11.453868 11.357947 0.032043 0.032259 0.168177 0.165054 0.032259 0.032033 0.032259 2970 3012
46 62.310000 60.320000 1000000 11.455695 11.356425 11.452026 11.356872 0.032043 0.032259 0.167122 0.163979 0.032259 0.032034 0.032259 3010 3085
46 62.310000 60.320000 1000000 11.429726 11.339221 11.426033 11.339668 0.032048 0.032259 0.177685 0.174732 0.032259 0.032039 0.032259 3080 3115
46 62.310000 60.320000 1000000 11.427738 11.338145 11.424042 11.338592 0.032049 0.032259 0.176627 0.173657 0.032259 0.032040 0.032259 3110 3287
46 62.310000 60.320000 1000000 11.399543 11.308038 11.395820 11.308485 0.032040 0.032259 0.185091 0.182259 0.032259 0.032031 0.032259 3280 3291
46 62.310000 60.320000 1000000 11.399409 11.306425 11.395616 11.306021 0.032040 0.032259 0.184562 0.181721 0.032259 0.032031 0.032259 3290 3330
46 62.310000 60.320000 1000000 11.386433 11.295672 11.382627 11.295268 0.032038 0.032259 0.194098 0.191398 0.032259 0.032029 0.032259 3330 3346
46 62.310000 60.320000 1000000 11.386258 11.294597 11.382656 11.295447 0.032038 0.032259 0.195158 0.192474 0.032259 0.032029 0.032259 3340 3350
46 62.310000 60.320000 1000000 11.384611 11.293522 11.381007 11.294372 0.032038 0.032259 0.194098 0.191398 0.032259 0.032029 0.032259 3350 3656
46 62.310000 60.320000 1000000 11.344871 11.260189 11.341127 11.260636 0.032039 0.032259 0.182445 0.179570 0.032259 0.032029 0.032259 3650 3735
46 62.310000 60.320000 1000000 11.339079 11.246210 11.335328 11.246657 0.032039 0.032259 0.170816 0.167742 0.032259 0.032030 0.032259 3730 3874
46 62.310000 60.320000 1000000 11.306213 11.202124 11.300577 11.194910 0.032039 0.032259 0.166595 0.163442 0.032259 0.032030 0.032259 3870 4196
46 62.310000 60.320000 1000000 11.266803 11.152662 11.261315 11.146702 0.032025 0.032259 0.166595 0.163442 0.032259 0.032016 0.032259 4190 4399
46 62.310000 60.320000 1000000 11.261413 11.146210 11.255918 11.140250 0.032020 0.032259 0.167650 0.164518 0.032259 0.032011 0.032259 4390 4809
46 62.310000 60.320000 1000000 11.218065 11.084920 11.212506 11.078960 0.031997 0.032259 0.169761 0.166668 0.032259 0.031988 0.032259 4800 5092
46 62.310000 60.320000 1000000 11.176559 11.053737 11.170938 11.047777 0.032000 0.032259 0.162377 0.159141 0.032259 0.031991 0.032259 5090 5416
46 62.310000 60.320000 1000000 11.155886 11.036533 11.150743 11.033082 0.032003 0.032259 0.158162 0.154838 0.032259 0.031994 0.032259 5410 5443
46 62.310000 60.320000 1000000 11.155721 11.034920 11.150490 11.030618 0.032003 0.032259 0.157636 0.154300 0.032259 0.031994 0.032259 5440 5522
46 62.310000 60.320000 1000000 11.154965 11.033845 11.149734 11.029543 0.032003 0.032259 0.157636 0.154300 0.032259 0.031994 0.032259 5520 5651
46 62.310000 60.320000 1000000 11.143294 11.025243 11.138046 11.020941 0.032002 0.032259 0.152378 0.148925 0.032259 0.031992 0.032259 5650 5812
46 62.310000 60.320000 1000000 11.128317 11.004813 11.123048 11.000510 0.031999 0.032259 0.149227 0.145699 0.032259 0.031990 0.032259 5810 5822
46 62.310000 60.320000 1000000 11.127186 11.003737 11.121916 10.999435 0.031999 0.032259 0.149227 0.145699 0.032259 0.031990 0.032259 5820 6419
46 62.310000 60.320000 1000000 11.099548 10.974705 11.094238 10.970403 0.031978 0.032259 0.145031 0.141398 0.032259 0.031969 0.032259 6120 6441
46 62.310000 60.320000 1000000 11.086325 10.960727 11.080995 10.956425 0.031970 0.032259 0.139794 0.136021 0.032259 0.031961 0.032259 6230 6690
46 62.310000 60.320000 1000000 11.066711 10.940297 11.061353 10.935994 0.031956 0.032259 0.147128 0.143548 0.032259 0.031947 0.032259 6690 6740
46 62.310000 60.320000 1000000 11.064637 10.938146 11.059492 10.935098 0.031957 0.032259 0.147128 0.143548 0.032259 0.031947 0.032259 6740 7240
46 62.310000 60.320000 1000000 11.048422 10.922017 11.043254 10.918969 0.031948 0.032259 0.148177 0.144623 0.032259 0.031939 0.032259 7240 8377
46 62.310000 60.320000 1000000 11.028405 10.864491 11.020967 10.839849 0.031944 0.032259 0.161324 0.158066 0.032259 0.031935 0.032259 7770 8614
46 62.310000 60.320000 1000000 10.983765 10.824706 10.976753 10.802573 0.031955 0.032259 0.160270 0.156990 0.032259 0.031946 0.032259 8610 8679
46 62.310000 60.320000 1000000 10.982870 10.823631 10.975856 10.801498 0.031954 0.032259 0.159218 0.155916 0.032259 0.031945 0.032259 8670 8686
46 62.310000 60.320000 1000000 10.982075 10.822556 10.975059 10.800423 0.031953 0.032259 0.159218 0.155916 0.032259 0.031944 0.032259 8680 9249
46 62.310000 60.320000 1000000 10.947615 10.798900 10.940533 10.776767 0.031960 0.032259 0.152906 0.149465 0.032259 0.031951 0.032259 9240 9396
46 62.310000 60.320000 1000000 10.932530 10.789223 10.925418 10.767089 0.031961 0.032259 0.157113 0.153766 0.032259 0.031952 0.032259 9390 10118
46 62.310000 60.320000 1000000 10.880647 10.726858 10.877680 10.728559 0.031954 0.032259 0.158166 0.154842 0.032259 0.031944 0.032259 10110 10182
46 62.310000 60.320000 1000000 10.878944 10.725782 10.875976 10.727484 0.031954 0.032259 0.158166 0.154842 0.032259 0.031944 0.032259 10180 10665
46 62.310000 60.320000 1000000 10.846518 10.698900 10.843522 10.700602 0.031959 0.032259 0.167651 0.164518 0.032259 0.031949 0.032259 10660 10853
46 62.310000 60.320000 1000000 10.836596 10.682771 10.833593 10.684473 0.031956 0.032259 0.166596 0.163443 0.032259 0.031947 0.032259 10850 11106
46 62.310000 60.320000 1000000 10.826956 10.676320 10.823944 10.678021 0.031959 0.032259 0.160271 0.156991 0.032259 0.031949 0.032259 11100 11671
46 62.310000 60.320000 1000000 10.791918 10.633309 10.788877 10.635011 0.031942 0.032259 0.128837 0.124733 0.032259 0.031932 0.032259 11670 12261
46 62.310000 60.320000 1000000 10.782446 10.625782 10.779397 10.627484 0.031939 0.032259 0.131962 0.127959 0.032259 0.031930 0.032259 12260 12324
46 62.310000 60.320000 1000000 10.776027 10.613955 10.772972 10.615656 0.031940 0.032259 0.133005 0.129034 0.032259 0.031931 0.032259 12320 12335
46 62.310000 60.320000 1000000 10.746629 10.599976 10.743550 10.601678 0.031964 0.032259 0.129879 0.125809 0.032259 0.031955 0.032259 12330 13268
46 62.310000 60.320000 1000000 10.692420 10.566643 10.689197 10.567941 0.031991 0.032259 0.111234 0.106454 0.032259 0.031981 0.032259 13260 13436
46 62.310000 60.320000 1000000 10.691524 10.565568 10.688300 10.566866 0.031991 0.032259 0.110205 0.105378 0.032259 0.031981 0.032259 13430 14436
46 62.310000 60.320000 1000000 10.674603 10.547826 10.671279 10.548273 0.031978 0.032259 0.107639 0.102691 0.032259 0.031968 0.032259 14430 15680
46 62.310000 60.320000 1000000 10.664126 10.537073 10.660793 10.537520 0.031973 0.032259 0.105588 0.100540 0.032259 0.031964 0.032259 14870 16123
46 62.310000 60.320000 1000000 10.651446 10.518793 10.648101 10.519240 0.031952 0.032259 0.115873 0.111292 0.032259 0.031942 0.032259 16120 16152
46 62.310000 60.320000 1000000 10.649544 10.517718 10.646197 10.518165 0.031952 0.032259 0.116905 0.112366 0.032259 0.031943 0.032259 16150 17553
46 62.310000 60.320000 1000000 10.631152 10.508041 10.627787 10.508488 0.031962 0.032259 0.116905 0.112366 0.032259 0.031953 0.032259 17550 18034
46 62.310000 60.320000 1000000 10.628590 10.504815 10.625223 10.505262 0.031960 0.032259 0.120009 0.115592 0.032259 0.031951 0.032259 18030 18924
46 62.310000 60.320000 1000000 10.617832 10.491374 10.614370 10.490970 0.031947 0.032259 0.122599 0.118279 0.032259 0.031938 0.032259 18920 19792
46 62.310000 60.320000 1000000 10.563952 10.442987 10.560437 10.442583 0.031958 0.032259 0.140315 0.136557 0.032259 0.031948 0.032259 19790 20652
46 62.310000 60.320000 1000000 10.545166 10.429008 10.541632 10.428604 0.031959 0.032259 0.146601 0.143008 0.032259 0.031949 0.032259 20650 21092
46 62.310000 60.320000 1000000 10.537835 10.423632 10.534294 10.423228 0.031959 0.032259 0.147650 0.144083 0.032259 0.031950 0.032259 21090 21358
46 62.310000 60.320000 1000000 10.523491 10.385998 10.519935 10.385594 0.031943 0.032259 0.178210 0.175266 0.032259 0.031934 0.032259 21350 21525
46 62.310000 60.320000 1000000 10.513382 10.368794 10.509816 10.368390 0.031932 0.032259 0.183500 0.180642 0.032259 0.031923 0.032259 21520 24147
46 62.310000 60.320000 1000000 10.470383 10.334385 10.466602 10.332279 0.031941 0.032259 0.164482 0.161288 0.032259 0.031931 0.032259 24140 26255
46 62.310000 60.320000 1000000 10.463191 10.325783 10.459402 10.323676 0.031937 0.032259 0.161320 0.158062 0.032259 0.031927 0.032259 24770 25194
46 62.310000 60.320000 1000000 10.455003 10.310729 10.451205 10.308623 0.031927 0.032259 0.164482 0.161287 0.032259 0.031918 0.032259 25190 26255
46 62.310000 60.320000 1000000 10.443476 10.297826 10.439666 10.295719 0.031911 0.032259 0.158161 0.154836 0.032259 0.031902 0.032259 26250 26641
46 62.310000 60.320000 1000000 10.439531 10.291374 10.435716 10.289268 0.031906 0.032259 0.158161 0.154837 0.032259 0.031897 0.032259 26640 27414
46 62.310000 60.320000 1000000 10.434150 10.283848 10.430330 10.281741 0.031902 0.032259 0.157109 0.153761 0.032259 0.031893 0.032259 27410 28590
46 62.310000 60.320000 1000000 10.421061 10.270944 10.417226 10.268838 0.031896 0.032259 0.153953 0.150536 0.032259 0.031886 0.032259 28590 29181
46 62.310000 60.320000 1000000 10.420515 10.269869 10.416679 10.267763 0.031896 0.032259 0.153954 0.150536 0.032259 0.031886 0.032259 29180 29650
46 62.310000 60.320000 1000000 10.418427 10.266643 10.414589 10.264537 0.031895 0.032259 0.153953 0.150536 0.032259 0.031886 0.032259 29650 29714
46 62.310000 60.320000 1000000 10.417328 10.265568 10.413489 10.263462 0.031895 0.032259 0.153954 0.150536 0.032259 0.031886 0.032259 29710 32338
46 62.310000 60.320000 1000000 10.396797 10.250514 10.392935 10.248408 0.031892 0.032259 0.160268 0.156988 0.032259 0.031882 0.032259 32330 32490
46 62.310000 60.320000 1000000 10.396123 10.249439 10.392260 10.247333 0.031892 0.032259 0.159214 0.155912 0.032259 0.031882 0.032259 32490 33483
46 62.310000 60.320000 1000000 10.393092 10.245138 10.389226 10.243031 0.031887 0.032259 0.156058 0.152687 0.032259 0.031877 0.032259 33480 35846
46 62.310000 60.320000 1000000 10.374479 10.218256 10.370592 10.216150 0.031882 0.032259 0.140316 0.136558 0.032259 0.031873 0.032259 35840 36185
46 62.310000 60.320000 1000000 10.372717 10.217181 10.368828 10.215075 0.031883 0.032259 0.140317 0.136558 0.032259 0.031873 0.032259 36180 38425
46 62.310000 60.320000 1000000 10.308641 10.174171 10.304679 10.172064 0.031878 0.032259 0.126754 0.122580 0.032259 0.031869 0.032259 38420 46495
46 62.310000 60.320000 1000000 10.283582 10.140837 10.279590 10.138731 0.031866 0.032259 0.131960 0.127957 0.032259 0.031856 0.032259 42860 45013
46 62.310000 60.320000 1000000 10.265815 10.120408 10.261803 10.118301 0.031861 0.032259 0.135090 0.131182 0.032259 0.031852 0.032259 45010 46495
46 62.310000 60.320000 1000000 10.259912 10.115031 10.255893 10.112925 0.031862 0.032259 0.131960 0.127956 0.032259 0.031853 0.032259 46490 47970
46 62.310000 60.320000 1000000 10.257433 10.113956 10.253411 10.111849 0.031865 0.032259 0.131959 0.127956 0.032259 0.031855 0.032259 47970 52955
46 62.310000 60.320000 1000000 10.232368 10.088150 10.228584 10.087297 0.031842 0.032259 0.135092 0.131183 0.032259 0.031833 0.032259 52950 60069
46 62.310000 60.320000 1000000 10.174544 10.009655 10.168802 10.002396 0.031833 0.032259 0.146604 0.143010 0.032259 0.031824 0.032259 60060 62085
46 62.310000 60.320000 1000000 10.156532 9.993526 10.150760 9.986267 0.031834 0.032259 0.149751 0.146236 0.032259 0.031825 0.032259 62080 62806
46 62.310000 60.320000 1000000 10.149047 9.984924 10.142949 9.976455 0.031835 0.032259 0.152903 0.149461 0.032259 0.031826 0.032259 62800 69660
46 62.310000 60.320000 1000000 10.077222 9.931161 10.070992 9.922692 0.031821 0.032259 0.152905 0.149463 0.032259 0.031812 0.032259 69660 71371
46 62.310000 60.320000 1000000 10.072601 9.921483 10.066362 9.913014 0.031821 0.032259 0.146605 0.143012 0.032259 0.031812 0.032259 71370 72159
46 62.310000 60.320000 1000000 10.068579 9.918257 10.062333 9.909789 0.031822 0.032259 0.144508 0.140861 0.032259 0.031814 0.032259 72150 72908
46 62.310000 60.320000 1000000 10.063455 9.907505 10.057476 9.900290 0.031823 0.032259 0.149753 0.146238 0.032259 0.031814 0.032259 72900 76079
46 62.310000 60.320000 1000000 10.043418 9.886537 10.037308 9.878472 0.031813 0.032259 0.153430 0.150001 0.032259 0.031804 0.032259 76070 77504
46 62.310000 60.320000 1000000 10.040344 9.881161 10.034229 9.873095 0.031808 0.032259 0.151329 0.147851 0.032259 0.031799 0.032259 77500 80367
46 62.310000 60.320000 1000000 10.029557 9.852129 10.023422 9.844063 0.031802 0.032259 0.141889 0.138173 0.032259 0.031793 0.032259 80360 81253
46 62.310000 60.320000 1000000 10.027270 9.851053 10.021130 9.842988 0.031803 0.032259 0.141888 0.138173 0.032259 0.031795 0.032259 81250 86391
46 62.310000 60.320000 1000000 9.965581 9.809118 9.959328 9.801053 0.031826 0.032259 0.138750 0.134948 0.032259 0.031818 0.032259 86330 88374
46 62.310000 60.320000 1000000 9.951170 9.799441 9.944889 9.791375 0.031832 0.032259 0.135616 0.131724 0.032259 0.031824 0.032259 88370 91249
46 62.310000 60.320000 1000000 9.948086 9.795677 9.941718 9.786761 0.031831 0.032259 0.138229 0.134412 0.032259 0.031823 0.032259 91240 95236
46 62.310000 60.320000 1000000 9.895623 9.762882 9.889056 9.753114 0.031850 0.032259 0.154484 0.151078 0.032259 0.031842 0.032259 95230 107857
46 62.310000 60.320000 1000000 9.883382 9.752129 9.876790 9.742361 0.031843 0.032259 0.155535 0.152152 0.032259 0.031835 0.032259 96230 99418
46 62.310000 60.320000 1000000 9.871711 9.741376 9.865095 9.731609 0.031847 0.032259 0.154483 0.151077 0.032259 0.031839 0.032259 99410 107857
46 62.310000 60.320000 1000000 9.847720 9.707506 9.840753 9.696080 0.031819 0.032259 0.159218 0.155916 0.032259 0.031811 0.032259 107850 117405
46 62.310000 60.320000 1000000 9.772718 9.667721 9.765589 9.656295 0.031863 0.032259 0.136138 0.132261 0.032259 0.031855 0.032259 117400 121963
46 62.310000 60.320000 1000000 9.752197 9.631162 9.745023 9.619736 0.031848 0.032259 0.135091 0.131183 0.032259 0.031841 0.032259 121960 122962
46 62.310000 60.320000 1000000 9.750276 9.630087 9.743098 9.618661 0.031849 0.032259 0.136135 0.132258 0.032259 0.031841 0.032259 122960 124529
46 62.310000 60.320000 1000000 9.749505 9.629011 9.742325 9.617586 0.031849 0.032259 0.137180 0.133333 0.032259 0.031842 0.032259 124520 129107
46 62.310000 60.320000 1000000 9.729150 9.616108 9.721924 9.604682 0.031851 0.032259 0.136135 0.132258 0.032259 0.031843 0.032259 129100 140316
46 62.310000 60.320000 1000000 9.709549 9.604280 9.702279 9.592854 0.031854 0.032259 0.144507 0.140860 0.032259 0.031847 0.032259 132230 141059
46 62.310000 60.320000 1000000 9.705635 9.597828 9.698661 9.587657 0.031855 0.032259 0.147653 0.144086 0.032259 0.031848 0.032259 141050 141080
46 62.310000 60.320000 1000000 9.704282 9.596753 9.697304 9.586582 0.031856 0.032259 0.147653 0.144086 0.032259 0.031849 0.032259 141080 141913
46 62.310000 60.320000 1000000 9.701929 9.592452 9.694946 9.582281 0.031852 0.032259 0.149753 0.146237 0.032259 0.031844 0.032259 141910 144347
46 62.310000 60.320000 1000000 9.700861 9.591377 9.693876 9.581206 0.031852 0.032259 0.150803 0.147312 0.032259 0.031845 0.032259 144340 156198
46 62.310000 60.320000 1000000 9.676034 9.569871 9.668995 9.559700 0.031843 0.032259 0.149753 0.146237 0.032259 0.031836 0.032259 156190 156496
46 62.310000 60.320000 1000000 9.675260 9.568796 9.668219 9.558625 0.031843 0.032259 0.149753 0.146237 0.032259 0.031836 0.032259 156490 159881
46 62.310000 60.320000 1000000 9.672458 9.560194 9.665672 9.551277 0.031838 0.032259 0.146605 0.143012 0.032259 0.031831 0.032259 159880 161952
46 62.310000 60.320000 1000000 9.664235 9.553742 9.657432 9.544826 0.031842 0.032259 0.144508 0.140861 0.032259 0.031834 0.032259 161950 163923
46 62.310000 60.320000 1000000 9.659487 9.537613 9.655964 9.543751 0.031840 0.032259 0.141365 0.137635 0.032259 0.031830 0.032259 163920 168873
46 62.310000 60.320000 1000000 9.642386 9.520409 9.638844 9.526546 0.031833 0.032259 0.142412 0.138711 0.032259 0.031823 0.032259 168870 174133
46 62.310000 60.320000 1000000 9.634963 9.516108 9.631414 9.522245 0.031837 0.032259 0.139273 0.135486 0.032259 0.031827 0.032259 174130 181165
46 62.310000 60.320000 1000000 9.627004 9.507506 9.623446 9.513643 0.031836 0.032259 0.137182 0.133335 0.032259 0.031826 0.032259 181160 227588
46 62.310000 60.320000 1000000 9.577360 9.467721 9.573426 9.472649 0.031827 0.032259 0.145557 0.141938 0.032259 0.031817 0.032259 215960 228427
46 62.310000 60.320000 1000000 9.558251 9.415033 9.561270 9.466376 0.031818 0.032259 0.170817 0.167743 0.032259 0.031811 0.032259 228420 243104
46 62.310000 60.320000 1000000 9.516613 9.389227 9.519671 9.440570 0.031841 0.032259 0.150804 0.147313 0.032259 0.031834 0.032259 236160 241514
46 62.310000 60.320000 1000000 9.511341 9.370948 9.513903 9.420274 0.031838 0.032259 0.144508 0.140861 0.032259 0.031830 0.032259 241510 243104
46 62.310000 60.320000 1000000 9.506393 9.367722 9.508959 9.417049 0.031839 0.032259 0.142413 0.138711 0.032259 0.031832 0.032259 243100 243316
46 62.310000 60.320000 1000000 9.505456 9.366647 9.508022 9.415973 0.031837 0.032259 0.142413 0.138711 0.032259 0.031830 0.032259 243310 258008
46 62.310000 60.320000 1000000 9.474913 9.348367 9.477505 9.397694 0.031850 0.032259 0.139271 0.135484 0.032259 0.031842 0.032259 257470 265454
46 62.310000 60.320000 1000000 9.456995 9.334389 9.459602 9.383715 0.031855 0.032259 0.144506 0.140860 0.032259 0.031847 0.032259 265450 294177
46 62.310000 60.320000 1000000 9.427999 9.304819 9.430273 9.352488 0.031858 0.032259 0.148178 0.144624 0.032259 0.031851 0.032259 294170 294706
46 62.310000 60.320000 1000000 9.427768 9.303744 9.430042 9.351413 0.031858 0.032259 0.148178 0.144624 0.032259 0.031850 0.032259 294700 304768
46 62.310000 60.320000 1000000 9.417845 9.297292 9.420127 9.344961 0.031858 0.032259 0.148178 0.144624 0.032259 0.031851 0.032259 304760 322120
46 62.310000 60.320000 1000000 9.393678 9.261808 9.394710 9.298859 0.031860 0.032259 0.135614 0.131721 0.032259 0.031854 0.032259 322120 343508
46 62.310000 60.320000 1000000 9.372682 9.243529 9.373721 9.280580 0.031865 0.032259 0.131440 0.127420 0.032259 0.031858 0.032259 343500 347329
46 62.310000 60.320000 1000000 9.372234 9.242454 9.373272 9.279504 0.031864 0.032259 0.130398 0.126344 0.032259 0.031857 0.032259 347320 370697
46 62.310000 60.320000 1000000 9.353911 9.209121 9.354237 9.239362 0.031876 0.032259 0.123119 0.118818 0.032259 0.031870 0.032259 370690 372801
46 62.310000 60.320000 1000000 9.353431 9.208045 9.353757 9.238286 0.031875 0.032259 0.123119 0.118818 0.032259 0.031869 0.032259 372800 375779
46 62.310000 60.320000 1000000 9.352261 9.206970 9.352588 9.237211 0.031876 0.032259 0.122081 0.117742 0.032259 0.031870 0.032259 375770 382987
46 62.310000 60.320000 1000000 9.345408 9.201594 9.345735 9.231835 0.031872 0.032259 0.125196 0.120969 0.032259 0.031866 0.032259 382980 403782
46 62.310000 60.320000 1000000 9.338017 9.196217 9.338345 9.226458 0.031872 0.032259 0.128315 0.124194 0.032259 0.031866 0.032259 403780 416658
46 62.310000 60.320000 1000000 9.332566 9.177938 9.331848 9.203340 0.031865 0.032259 0.116905 0.112366 0.032259 0.031858 0.032259 416650 423568
46 62.310000 60.320000 1000000 9.330642 9.173637 9.330714 9.202803 0.031867 0.032259 0.116905 0.112366 0.032259 0.031859 0.032259 423560 423756
46 62.310000 60.320000 1000000 9.329270 9.172562 9.329343 9.201727 0.031866 0.032259 0.116905 0.112366 0.032259 0.031858 0.032259 423750 426661
46 62.310000 60.320000 1000000 9.328301 9.171486 9.328374 9.200652 0.031864 0.032259 0.116905 0.112366 0.032259 0.031857 0.032259 426660 429961
46 62.310000 60.320000 1000000 9.322365 9.167185 9.322437 9.196351 0.031862 0.032259 0.113808 0.109141 0.032259 0.031855 0.032259 429960 469288
46 62.310000 60.320000 1000000 9.265652 9.129551 9.265726 9.158716 0.031877 0.032259 0.124156 0.119892 0.032259 0.031869 0.032259 469280 489218
46 62.310000 60.320000 1000000 9.257332 9.124174 9.257406 9.153340 0.031881 0.032259 0.120008 0.115591 0.032259 0.031874 0.032259 489210 501697
46 62.310000 60.320000 1000000 9.252226 9.118798 9.252300 9.147964 0.031883 0.032259 0.122081 0.117742 0.032259 0.031876 0.032259 501690 536274
46 62.310000 60.320000 1000000 9.220209 9.099443 9.220285 9.128609 0.031898 0.032259 0.117938 0.113440 0.032259 0.031891 0.032259 536270 549411
46 62.310000 60.320000 1000000 9.207867 9.089766 9.207943 9.118931 0.031894 0.032259 0.115871 0.111290 0.032259 0.031886 0.032259 549410 566555
46 62.310000 60.320000 1000000 9.198446 9.049444 9.196934 9.060733 0.031893 0.032259 0.109176 0.104301 0.032259 0.031886 0.032259 566550 573644
46 62.310000 60.320000 1000000 9.197726 9.048368 9.196214 9.059658 0.031894 0.032259 0.108149 0.103226 0.032259 0.031886 0.032259 573640 581678
46 62.310000 60.320000 1000000 9.195470 9.044067 9.193956 9.055357 0.031892 0.032259 0.109176 0.104301 0.032259 0.031884 0.032259 581670 604420
46 62.310000 60.320000 1000000 9.183090 9.035465 9.181570 9.046755 0.031898 0.032259 0.108150 0.103227 0.032259 0.031891 0.032259 604420 634085
46 62.310000 60.320000 1000000 9.171743 9.014498 9.169824 9.019829 0.031894 0.032259 0.099464 0.094088 0.032259 0.031886 0.032259 634080 648442
46 62.310000 60.320000 1000000 9.166670 9.011272 9.164749 9.016603 0.031897 0.032259 0.100482 0.095163 0.032259 0.031889 0.032259 648440 673275
46 62.310000 60.320000 1000000 9.151040 8.999444 9.149108 9.004775 0.031901 0.032259 0.103542 0.098388 0.032259 0.031893 0.032259 673270 687762
46 62.310000 60.320000 1000000 9.150699 8.998369 9.148767 9.003700 0.031901 0.032259 0.103542 0.098388 0.032259 0.031893 0.032259 687760 719902
46 62.310000 60.320000 1000000 9.127775 8.972025 9.125676 8.974802 0.031899 0.032259 0.096925 0.091399 0.032259 0.031891 0.032259 719900 730104
46 62.310000 60.320000 1000000 9.122232 8.965573 9.120130 8.968351 0.031902 0.032259 0.099972 0.094625 0.032259 0.031894 0.032259 730100 759766
46 62.310000 60.320000 1000000 9.112699 8.960197 9.110590 8.962974 0.031906 0.032259 0.098955 0.093549 0.032259 0.031898 0.032259 759760 799286
46 62.310000 60.320000 1000000 9.094755 8.945143 9.092633 8.947920 0.031901 0.032259 0.104051 0.098924 0.032259 0.031893 0.032259 799280 823384
46 62.310000 60.320000 1000000 9.091349 8.940842 9.089225 8.943619 0.031903 0.032259 0.100989 0.095698 0.032259 0.031894 0.032259 823380 865377
46 62.310000 60.320000 1000000 9.073070 8.915036 9.070127 8.913378 0.031897 0.032259 0.086857 0.080644 0.032259 0.031888 0.032259 865370 880831
46 62.310000 60.320000 1000000 9.071871 8.911810 9.069204 8.911406 0.031895 0.032259 0.086857 0.080644 0.032259 0.031885 0.032259 880830 935654
46 62.310000 60.320000 1000000 9.057991 8.899982 9.055312 8.899578 0.031903 0.032259 0.081890 0.075268 0.032259 0.031894 0.032259 935650 960134
46 62.310000 60.320000 1000000 9.056296 8.898907 9.053615 8.898503 0.031904 0.032259 0.082879 0.076343 0.032259 0.031895 0.032259 960130 1000000
