58 62.310000 60.320000 1000000 14.494335 14.154265 14.489540 14.153950 0.031853 0.032259 0.371833 0.370431 0.032259 0.031843 0.032259 0 50
58 62.310000 60.320000 1000000 13.119606 12.999430 13.113149 12.992664 0.031802 0.032259 0.442577 0.441400 0.032259 0.031792 0.032259 50 60
58 62.310000 60.320000 1000000 12.669677 12.603731 12.659537 12.569007 0.031854 0.032259 0.368619 0.367205 0.032259 0.031846 0.032259 60 70
58 62.310000 60.320000 1000000 12.480748 12.403732 12.477198 12.405388 0.031857 0.032259 0.249943 0.247853 0.032259 0.031847 0.032259 70 80
58 62.310000 60.320000 1000000 12.333442 12.275238 12.330283 12.279806 0.031878 0.032259 0.250475 0.248389 0.032259 0.031868 0.032259 80 93
58 62.310000 60.320000 1000000 12.301307 12.246206 12.298123 12.250774 0.031883 0.032259 0.244078 0.241937 0.032259 0.031874 0.032259 90 101
58 62.310000 60.320000 1000000 12.237968 12.192443 12.234342 12.195801 0.031893 0.032259 0.240880 0.238710 0.032259 0.031884 0.032259 100 110
58 62.310000 60.320000 1000000 12.010293 12.017174 12.005356 12.016904 0.031951 0.032259 0.169763 0.166670 0.032259 0.031943 0.032259 110 120
58 62.310000 60.320000 1000000 11.944825 11.973088 11.939806 11.972818 0.031957 0.032259 0.179273 0.176347 0.032259 0.031948 0.032259 120 130
58 62.310000 60.320000 1000000 11.873722 11.922551 11.868613 11.922281 0.031985 0.032259 0.170821 0.167747 0.032259 0.031976 0.032259 130 144
58 62.310000 60.320000 1000000 11.832140 11.875239 11.827992 11.877836 0.031973 0.032259 0.172930 0.169895 0.032259 0.031964 0.032259 140 156
58 62.310000 60.320000 1000000 11.746229 11.809648 11.741989 11.812245 0.031992 0.032259 0.160270 0.156990 0.032259 0.031983 0.032259 150 163
58 62.310000 60.320000 1000000 11.669358 11.740831 11.665034 11.743428 0.032009 0.032259 0.156060 0.152690 0.032259 0.032000 0.032259 160 170
58 62.310000 60.320000 1000000 11.603207 11.697821 11.599037 11.701672 0.032011 0.032259 0.155009 0.151615 0.032259 0.032002 0.032259 170 184
58 62.310000 60.320000 1000000 11.588717 11.681154 11.584290 11.682452 0.032020 0.032259 0.148179 0.144625 0.032259 0.032011 0.032259 180 195
58 62.310000 60.320000 1000000 11.548002 11.647821 11.543528 11.649119 0.032024 0.032259 0.157638 0.154302 0.032259 0.032015 0.032259 190 209
58 62.310000 60.320000 1000000 11.524019 11.625240 11.520092 11.629047 0.032023 0.032259 0.151329 0.147851 0.032259 0.032013 0.032259 200 214
58 62.310000 60.320000 1000000 11.515968 11.619864 11.512033 11.623671 0.032024 0.032259 0.153431 0.150002 0.032259 0.032015 0.032259 210 225
58 62.310000 60.320000 1000000 11.498468 11.603735 11.494515 11.607542 0.032035 0.032259 0.154482 0.151076 0.032259 0.032025 0.032259 220 236
58 62.310000 60.320000 1000000 11.437758 11.548897 11.433742 11.552704 0.032040 0.032259 0.140842 0.137098 0.032259 0.032030 0.032259 230 241
58 62.310000 60.320000 1000000 11.359308 11.496209 11.355208 11.500016 0.032046 0.032259 0.139795 0.136023 0.032259 0.032036 0.032259 240 255
58 62.310000 60.320000 1000000 11.343755 11.483306 11.339638 11.487112 0.032048 0.032259 0.136659 0.132797 0.032259 0.032038 0.032259 250 305
58 62.310000 60.320000 1000000 11.287485 11.420940 11.283306 11.424747 0.032052 0.032259 0.138749 0.134947 0.032259 0.032042 0.032259 290 314
58 62.310000 60.320000 1000000 11.269829 11.404811 11.265630 11.408618 0.032052 0.032259 0.142936 0.139248 0.032259 0.032042 0.032259 310 327
58 62.310000 60.320000 1000000 11.260683 11.389220 11.255955 11.388771 0.032052 0.032259 0.145558 0.141938 0.032259 0.032043 0.032259 320 346
58 62.310000 60.320000 1000000 11.209071 11.350511 11.205179 11.353825 0.032062 0.032259 0.152905 0.149463 0.032259 0.032053 0.032259 340 353
58 62.310000 60.320000 1000000 11.204149 11.341909 11.200252 11.345223 0.032064 0.032259 0.151854 0.148388 0.032259 0.032054 0.032259 350 365
58 62.310000 60.320000 1000000 11.201920 11.339758 11.198021 11.343072 0.032065 0.032259 0.151854 0.148388 0.032259 0.032055 0.032259 360 376
58 62.310000 60.320000 1000000 11.198934 11.336532 11.195032 11.339846 0.032067 0.032259 0.150803 0.147313 0.032259 0.032058 0.032259 370 387
58 62.310000 60.320000 1000000 11.186000 11.323629 11.182084 11.326943 0.032069 0.032259 0.145556 0.141936 0.032259 0.032059 0.032259 380 396
58 62.310000 60.320000 1000000 11.180177 11.319328 11.176255 11.322642 0.032070 0.032259 0.145556 0.141936 0.032259 0.032060 0.032259 390 407
58 62.310000 60.320000 1000000 11.173565 11.310188 11.169534 11.312651 0.032065 0.032259 0.143985 0.140325 0.032259 0.032056 0.032259 400 425
58 62.310000 60.320000 1000000 11.161329 11.296210 11.157286 11.298673 0.032067 0.032259 0.151330 0.147852 0.032259 0.032057 0.032259 420 439
58 62.310000 60.320000 1000000 11.152164 11.289758 11.148110 11.292221 0.032067 0.032259 0.151330 0.147852 0.032259 0.032057 0.032259 430 485
58 62.310000 60.320000 1000000 11.099059 11.230619 11.093305 11.227840 0.032078 0.032259 0.138749 0.134947 0.032259 0.032070 0.032259 480 513
58 62.310000 60.320000 1000000 11.046206 11.184382 11.042337 11.191639 0.032092 0.032259 0.159744 0.156453 0.032259 0.032083 0.032259 510 522
58 62.310000 60.320000 1000000 11.038383 11.173630 11.034505 11.180886 0.032092 0.032259 0.161850 0.158603 0.032259 0.032083 0.032259 520 531
58 62.310000 60.320000 1000000 10.974069 11.116640 10.970123 11.123897 0.032094 0.032259 0.134570 0.130646 0.032259 0.032085 0.032259 530 541
58 62.310000 60.320000 1000000 10.970289 11.112339 10.966339 11.119596 0.032096 0.032259 0.136659 0.132797 0.032259 0.032087 0.032259 540 552
58 62.310000 60.320000 1000000 10.908654 11.063952 10.904636 11.071209 0.032115 0.032259 0.125197 0.120970 0.032259 0.032106 0.032259 550 562
58 62.310000 60.320000 1000000 10.905556 11.042447 10.900509 11.039489 0.032116 0.032259 0.122083 0.117744 0.032259 0.032108 0.032259 560 574
58 62.310000 60.320000 1000000 10.892580 11.018791 10.887515 11.015833 0.032112 0.032259 0.127276 0.123120 0.032259 0.032103 0.032259 570 581
58 62.310000 60.320000 1000000 10.868355 10.996211 10.863256 10.993252 0.032104 0.032259 0.126237 0.122045 0.032259 0.032096 0.032259 580 590
58 62.310000 60.320000 1000000 10.850408 10.982232 10.845283 10.979274 0.032102 0.032259 0.115874 0.111293 0.032259 0.032093 0.032259 590 625
58 62.310000 60.320000 1000000 10.838817 10.968254 10.833676 10.965295 0.032097 0.032259 0.120009 0.115593 0.032259 0.032088 0.032259 620 654
58 62.310000 60.320000 1000000 10.805596 10.943523 10.800408 10.940564 0.032094 0.032259 0.130398 0.126345 0.032259 0.032085 0.032259 650 676
58 62.310000 60.320000 1000000 10.800910 10.938146 10.795599 10.934785 0.032098 0.032259 0.130398 0.126345 0.032259 0.032090 0.032259 670 761
58 62.310000 60.320000 1000000 10.759359 10.888684 10.752887 10.881336 0.032117 0.032259 0.116906 0.112367 0.032259 0.032109 0.032259 760 834
58 62.310000 60.320000 1000000 10.734919 10.856427 10.730292 10.858397 0.032123 0.032259 0.123117 0.118816 0.032259 0.032113 0.032259 830 846
58 62.310000 60.320000 1000000 10.732081 10.837610 10.726300 10.830216 0.032124 0.032259 0.118456 0.113979 0.032259 0.032115 0.032259 840 944
58 62.310000 60.320000 1000000 10.714735 10.821481 10.708925 10.814087 0.032125 0.032259 0.113291 0.108602 0.032259 0.032116 0.032259 940 963
58 62.310000 60.320000 1000000 10.701299 10.807502 10.695326 10.799706 0.032119 0.032259 0.109176 0.104301 0.032259 0.032110 0.032259 960 1001
58 62.310000 60.320000 1000000 10.680912 10.788147 10.674904 10.780351 0.032123 0.032259 0.099971 0.094624 0.032259 0.032114 0.032259 1000 1056
58 62.310000 60.320000 1000000 10.640741 10.737610 10.634196 10.728200 0.032111 0.032259 0.105075 0.100001 0.032259 0.032103 0.032259 1050 1085
58 62.310000 60.320000 1000000 10.638653 10.734384 10.632601 10.727484 0.032111 0.032259 0.103030 0.097850 0.032259 0.032103 0.032259 1080 1098
58 62.310000 60.320000 1000000 10.637258 10.733309 10.631204 10.726408 0.032111 0.032259 0.104052 0.098925 0.032259 0.032103 0.032259 1090 1105
58 62.310000 60.320000 1000000 10.634334 10.730083 10.628518 10.724437 0.032111 0.032259 0.106099 0.101076 0.032259 0.032102 0.032259 1100 1118
58 62.310000 60.320000 1000000 10.633114 10.727933 10.627296 10.722287 0.032110 0.032259 0.108149 0.103226 0.032259 0.032102 0.032259 1110 1122
58 62.310000 60.320000 1000000 10.622998 10.715029 10.617163 10.709383 0.032114 0.032259 0.108149 0.103226 0.032259 0.032106 0.032259 1120 1154
58 62.310000 60.320000 1000000 10.619588 10.711804 10.613748 10.706158 0.032114 0.032259 0.110204 0.105377 0.032259 0.032105 0.032259 1150 1165
58 62.310000 60.320000 1000000 10.606594 10.695675 10.600732 10.690029 0.032114 0.032259 0.109177 0.104302 0.032259 0.032106 0.032259 1160 1205
58 62.310000 60.320000 1000000 10.599730 10.687073 10.593692 10.679724 0.032113 0.032259 0.106098 0.101075 0.032259 0.032105 0.032259 1170 1206
58 62.310000 60.320000 1000000 10.597086 10.682772 10.591043 10.675423 0.032116 0.032259 0.103030 0.097849 0.032259 0.032108 0.032259 1200 1288
58 62.310000 60.320000 1000000 10.590230 10.675245 10.584175 10.667896 0.032112 0.032259 0.100990 0.095699 0.032259 0.032104 0.032259 1250 1336
58 62.310000 60.320000 1000000 10.546844 10.616105 10.540713 10.608756 0.032109 0.032259 0.108149 0.103226 0.032259 0.032101 0.032259 1280 1385
58 62.310000 60.320000 1000000 10.539542 10.606428 10.533400 10.599079 0.032110 0.032259 0.113292 0.108602 0.032259 0.032101 0.032259 1380 1474
58 62.310000 60.320000 1000000 10.505347 10.581697 10.499144 10.574348 0.032123 0.032259 0.114323 0.109678 0.032259 0.032115 0.032259 1470 1518
58 62.310000 60.320000 1000000 10.503808 10.580621 10.497602 10.573273 0.032123 0.032259 0.115355 0.110752 0.032259 0.032115 0.032259 1510 1627
58 62.310000 60.320000 1000000 10.496551 10.575245 10.490333 10.567897 0.032123 0.032259 0.120526 0.116129 0.032259 0.032115 0.032259 1620 1673
58 62.310000 60.320000 1000000 10.488310 10.568794 10.482077 10.561445 0.032122 0.032259 0.121563 0.117205 0.032259 0.032114 0.032259 1670 1900
58 62.310000 60.320000 1000000 10.458199 10.539761 10.451911 10.532413 0.032112 0.032259 0.113292 0.108603 0.032259 0.032104 0.032259 1900 2050
58 62.310000 60.320000 1000000 10.443195 10.507503 10.440227 10.518972 0.032114 0.032259 0.108148 0.103225 0.032259 0.032105 0.032259 2050 2069
58 62.310000 60.320000 1000000 10.441583 10.506428 10.438614 10.517897 0.032114 0.032259 0.109175 0.104301 0.032259 0.032105 0.032259 2060 2099
58 62.310000 60.320000 1000000 10.440115 10.505353 10.437144 10.516821 0.032114 0.032259 0.108148 0.103225 0.032259 0.032105 0.032259 2090 2129
58 62.310000 60.320000 1000000 10.439218 10.504277 10.436247 10.515746 0.032113 0.032259 0.108148 0.103225 0.032259 0.032104 0.032259 2120 2150
58 62.310000 60.320000 1000000 10.430352 10.496751 10.427373 10.508219 0.032113 0.032259 0.107122 0.102150 0.032259 0.032105 0.032259 2150 2207
58 62.310000 60.320000 1000000 10.429834 10.495675 10.426854 10.507144 0.032114 0.032259 0.107122 0.102150 0.032259 0.032105 0.032259 2200 2256
58 62.310000 60.320000 1000000 10.407837 10.475245 10.404839 10.486714 0.032112 0.032259 0.116387 0.111827 0.032259 0.032103 0.032259 2250 2260
58 62.310000 60.320000 1000000 10.405743 10.473095 10.402743 10.484564 0.032112 0.032259 0.116387 0.111827 0.032259 0.032103 0.032259 2260 2276
58 62.310000 60.320000 1000000 10.404188 10.472019 10.401187 10.483488 0.032112 0.032259 0.117420 0.112902 0.032259 0.032103 0.032259 2270 2291
58 62.310000 60.320000 1000000 10.402915 10.470944 10.399912 10.482413 0.032112 0.032259 0.117420 0.112902 0.032259 0.032103 0.032259 2290 2504
58 62.310000 60.320000 1000000 10.372291 10.446213 10.370189 10.461445 0.032116 0.032259 0.114322 0.109677 0.032259 0.032106 0.032259 2500 2789
58 62.310000 60.320000 1000000 10.370624 10.445138 10.368521 10.460370 0.032116 0.032259 0.115354 0.110752 0.032259 0.032106 0.032259 2780 2812
58 62.310000 60.320000 1000000 10.364838 10.440837 10.362732 10.456069 0.032115 0.032259 0.114323 0.109677 0.032259 0.032106 0.032259 2810 2842
58 62.310000 60.320000 1000000 10.353742 10.434385 10.351629 10.449617 0.032118 0.032259 0.109175 0.104301 0.032259 0.032109 0.032259 2840 2879
58 62.310000 60.320000 1000000 10.352941 10.433310 10.350828 10.448542 0.032117 0.032259 0.108149 0.103225 0.032259 0.032108 0.032259 2870 3159
58 62.310000 60.320000 1000000 10.349252 10.426858 10.347038 10.441687 0.032117 0.032259 0.109175 0.104300 0.032259 0.032108 0.032259 3150 3466
58 62.310000 60.320000 1000000 10.339720 10.415030 10.337500 10.429859 0.032123 0.032259 0.113291 0.108601 0.032259 0.032113 0.032259 3290 3426
58 62.310000 60.320000 1000000 10.333930 10.408579 10.331706 10.423408 0.032128 0.032259 0.113291 0.108601 0.032259 0.032118 0.032259 3420 3466
58 62.310000 60.320000 1000000 10.332654 10.407503 10.330429 10.422332 0.032128 0.032259 0.113291 0.108601 0.032259 0.032118 0.032259 3460 3473
58 62.310000 60.320000 1000000 10.331462 10.406428 10.329236 10.421257 0.032128 0.032259 0.114322 0.109676 0.032259 0.032118 0.032259 3470 3515
58 62.310000 60.320000 1000000 10.326610 10.399976 10.324231 10.414402 0.032133 0.032259 0.108148 0.103225 0.032259 0.032124 0.032259 3510 3688
58 62.310000 60.320000 1000000 10.325364 10.397826 10.322984 10.412252 0.032132 0.032259 0.107122 0.102150 0.032259 0.032122 0.032259 3580 3826
58 62.310000 60.320000 1000000 10.319296 10.388148 10.316911 10.402574 0.032126 0.032259 0.109175 0.104301 0.032259 0.032116 0.032259 3820 3893
58 62.310000 60.320000 1000000 10.312428 10.357503 10.308879 10.359160 0.032126 0.032259 0.102519 0.097311 0.032259 0.032117 0.032259 3890 3951
58 62.310000 60.320000 1000000 10.299452 10.348901 10.295891 10.350558 0.032125 0.032259 0.104563 0.099463 0.032259 0.032116 0.032259 3950 4109
58 62.310000 60.320000 1000000 10.264939 10.295138 10.261341 10.296795 0.032118 0.032259 0.108663 0.103764 0.032259 0.032109 0.032259 4100 4269
58 62.310000 60.320000 1000000 10.262943 10.294063 10.259343 10.295720 0.032120 0.032259 0.107636 0.102689 0.032259 0.032110 0.032259 4260 4376
58 62.310000 60.320000 1000000 10.253967 10.282235 10.250357 10.283892 0.032124 0.032259 0.108662 0.103763 0.032259 0.032115 0.032259 4370 4424
58 62.310000 60.320000 1000000 10.241780 10.273633 10.238157 10.275290 0.032125 0.032259 0.109689 0.104839 0.032259 0.032116 0.032259 4420 4463
58 62.310000 60.320000 1000000 10.235744 10.269332 10.232115 10.270989 0.032126 0.032259 0.108663 0.103764 0.032259 0.032116 0.032259 4460 4476
58 62.310000 60.320000 1000000 10.229880 10.263418 10.226177 10.264223 0.032125 0.032259 0.113292 0.108603 0.032259 0.032116 0.032259 4470 4494
58 62.310000 60.320000 1000000 10.228032 10.262342 10.224327 10.263148 0.032125 0.032259 0.112262 0.107527 0.032259 0.032116 0.032259 4490 4569
58 62.310000 60.320000 1000000 10.224040 10.259117 10.220330 10.259922 0.032126 0.032259 0.111233 0.106452 0.032259 0.032117 0.032259 4560 4612
58 62.310000 60.320000 1000000 10.208001 10.249439 10.204274 10.250245 0.032132 0.032259 0.104052 0.098925 0.032259 0.032123 0.032259 4610 4787
58 62.310000 60.320000 1000000 10.204830 10.242450 10.200990 10.242404 0.032132 0.032259 0.102520 0.097312 0.032259 0.032123 0.032259 4780 4896
58 62.310000 60.320000 1000000 10.194660 10.228472 10.191014 10.229681 0.032124 0.032259 0.101500 0.096237 0.032259 0.032115 0.032259 4890 4991
58 62.310000 60.320000 1000000 10.192972 10.227396 10.189324 10.228605 0.032124 0.032259 0.102520 0.097312 0.032259 0.032115 0.032259 4990 5078
58 62.310000 60.320000 1000000 10.191471 10.226321 10.187822 10.227530 0.032125 0.032259 0.101500 0.096237 0.032259 0.032116 0.032259 5070 5323
58 62.310000 60.320000 1000000 10.152999 10.191913 10.149308 10.193122 0.032112 0.032259 0.103540 0.098387 0.032259 0.032103 0.032259 5320 5381
58 62.310000 60.320000 1000000 10.148372 10.184386 10.144676 10.185595 0.032105 0.032259 0.102519 0.097312 0.032259 0.032096 0.032259 5380 5467
58 62.310000 60.320000 1000000 10.146587 10.183311 10.142889 10.184520 0.032106 0.032259 0.101499 0.096237 0.032259 0.032097 0.032259 5460 5506
58 62.310000 60.320000 1000000 10.145024 10.182235 10.141324 10.183444 0.032105 0.032259 0.102520 0.097312 0.032259 0.032097 0.032259 5500 5536
58 62.310000 60.320000 1000000 10.144130 10.181160 10.140429 10.182369 0.032106 0.032259 0.101499 0.096237 0.032259 0.032098 0.032259 5530 5557
58 62.310000 60.320000 1000000 10.140070 10.177934 10.136365 10.179143 0.032106 0.032259 0.100481 0.095162 0.032259 0.032097 0.032259 5550 5674
58 62.310000 60.320000 1000000 10.139454 10.176859 10.135748 10.178068 0.032105 0.032259 0.100481 0.095162 0.032259 0.032096 0.032259 5670 6051
58 62.310000 60.320000 1000000 10.126766 10.162881 10.123253 10.165344 0.032104 0.032259 0.107636 0.102689 0.032259 0.032095 0.032259 6050 6217
58 62.310000 60.320000 1000000 10.117528 10.156429 10.114005 10.158892 0.032105 0.032259 0.112777 0.108065 0.032259 0.032096 0.032259 6210 6338
58 62.310000 60.320000 1000000 10.116552 10.155354 10.113028 10.157817 0.032104 0.032259 0.112777 0.108065 0.032259 0.032095 0.032259 6330 6912
58 62.310000 60.320000 1000000 10.090184 10.127397 10.085814 10.127038 0.032100 0.032259 0.112776 0.108064 0.032259 0.032091 0.032259 6910 7085
58 62.310000 60.320000 1000000 10.088927 10.126322 10.084556 10.125962 0.032100 0.032259 0.112776 0.108064 0.032259 0.032092 0.032259 7080 7259
58 62.310000 60.320000 1000000 10.082959 10.119870 10.078580 10.119511 0.032095 0.032259 0.114838 0.110214 0.032259 0.032086 0.032259 7250 7620
58 62.310000 60.320000 1000000 10.077487 10.115569 10.073101 10.115210 0.032096 0.032259 0.111746 0.106989 0.032259 0.032087 0.032259 7620 7632
58 62.310000 60.320000 1000000 10.076048 10.114494 10.071660 10.114135 0.032096 0.032259 0.110717 0.105913 0.032259 0.032088 0.032259 7630 7758
58 62.310000 60.320000 1000000 10.075527 10.113418 10.071139 10.113059 0.032096 0.032259 0.109689 0.104838 0.032259 0.032088 0.032259 7750 7808
58 62.310000 60.320000 1000000 10.065370 10.105354 10.060897 10.104144 0.032097 0.032259 0.107122 0.102149 0.032259 0.032088 0.032259 7800 8456
58 62.310000 60.320000 1000000 10.044458 10.090300 10.039958 10.089090 0.032098 0.032259 0.099970 0.094622 0.032259 0.032090 0.032259 8100 8135
58 62.310000 60.320000 1000000 10.043496 10.089225 10.038994 10.088015 0.032099 0.032259 0.098953 0.093547 0.032259 0.032090 0.032259 8130 8456
58 62.310000 60.320000 1000000 10.030084 10.074171 10.025564 10.072961 0.032093 0.032259 0.096922 0.091396 0.032259 0.032084 0.032259 8450 8744
58 62.310000 60.320000 1000000 10.028270 10.073096 10.023748 10.071886 0.032093 0.032259 0.096922 0.091396 0.032259 0.032085 0.032259 8740 9046
58 62.310000 60.320000 1000000 9.998096 10.020408 9.993533 10.019198 0.032095 0.032259 0.094897 0.089246 0.032259 0.032087 0.032259 9040 9592
58 62.310000 60.320000 1000000 9.984748 10.010730 9.980167 10.009520 0.032093 0.032259 0.098955 0.093549 0.032259 0.032085 0.032259 9180 10117
58 62.310000 60.320000 1000000 9.977566 9.998903 9.972975 9.997692 0.032098 0.032259 0.097939 0.092474 0.032259 0.032089 0.032259 10110 10572
58 62.310000 60.320000 1000000 9.972843 9.995677 9.968245 9.994466 0.032098 0.032259 0.097939 0.092474 0.032259 0.032090 0.032259 10570 11486
58 62.310000 60.320000 1000000 9.970164 9.984924 9.968691 9.996259 0.032101 0.032259 0.107125 0.102152 0.032259 0.032089 0.032259 10620 12355
58 62.310000 60.320000 1000000 9.946577 9.965569 9.945094 9.976904 0.032101 0.032259 0.109178 0.104303 0.032259 0.032089 0.032259 11660 12179
58 62.310000 60.320000 1000000 9.915437 9.935462 9.913940 9.946796 0.032092 0.032259 0.118457 0.113980 0.032259 0.032080 0.032259 12170 12426
58 62.310000 60.320000 1000000 9.872847 9.876322 9.871330 9.887657 0.032096 0.032259 0.120528 0.116131 0.032259 0.032083 0.032259 12420 13490
58 62.310000 60.320000 1000000 9.861217 9.859118 9.859695 9.870452 0.032090 0.032259 0.122601 0.118281 0.032259 0.032078 0.032259 13380 14862
58 62.310000 60.320000 1000000 9.844033 9.840839 9.842503 9.852173 0.032093 0.032259 0.125716 0.121507 0.032259 0.032080 0.032259 14860 15100
58 62.310000 60.320000 1000000 9.842637 9.839763 9.841107 9.851098 0.032093 0.032259 0.124677 0.120432 0.032259 0.032081 0.032259 15100 15412
58 62.310000 60.320000 1000000 9.838026 9.836538 9.836493 9.847872 0.032093 0.032259 0.123639 0.119357 0.032259 0.032081 0.032259 15410 15436
58 62.310000 60.320000 1000000 9.837320 9.835462 9.835787 9.846797 0.032092 0.032259 0.123639 0.119357 0.032259 0.032080 0.032259 15430 15584
58 62.310000 60.320000 1000000 9.825028 9.825785 9.823489 9.837119 0.032090 0.032259 0.122601 0.118281 0.032259 0.032078 0.032259 15580 15611
58 62.310000 60.320000 1000000 9.823812 9.824710 9.822272 9.836044 0.032090 0.032259 0.121564 0.117205 0.032259 0.032078 0.032259 15610 16285
58 62.310000 60.320000 1000000 9.816177 9.813419 9.814275 9.822200 0.032091 0.032259 0.117939 0.113442 0.032259 0.032079 0.032259 16280 16469
58 62.310000 60.320000 1000000 9.811311 9.808043 9.809405 9.816824 0.032087 0.032259 0.118974 0.114517 0.032259 0.032075 0.032259 16460 16584
58 62.310000 60.320000 1000000 9.809485 9.806968 9.807578 9.815748 0.032087 0.032259 0.118974 0.114517 0.032259 0.032076 0.032259 16580 17136
58 62.310000 60.320000 1000000 9.806037 9.802667 9.804128 9.811447 0.032085 0.032259 0.116906 0.112367 0.032259 0.032073 0.032259 17130 19008
58 62.310000 60.320000 1000000 9.764451 9.738151 9.762518 9.746932 0.032084 0.032259 0.115872 0.111291 0.032259 0.032072 0.032259 19000 19555
58 62.310000 60.320000 1000000 9.752463 9.725248 9.750523 9.734028 0.032079 0.032259 0.121045 0.116667 0.032259 0.032067 0.032259 19550 19766
58 62.310000 60.320000 1000000 9.751754 9.724172 9.749813 9.732953 0.032078 0.032259 0.121045 0.116667 0.032259 0.032066 0.032259 19760 19975
58 62.310000 60.320000 1000000 9.751422 9.723097 9.749481 9.731878 0.032078 0.032259 0.121045 0.116667 0.032259 0.032066 0.032259 19970 20231
58 62.310000 60.320000 1000000 9.750492 9.722022 9.748551 9.730803 0.032078 0.032259 0.120009 0.115592 0.032259 0.032066 0.032259 20230 21543
58 62.310000 60.320000 1000000 9.749668 9.720947 9.747726 9.729727 0.032077 0.032259 0.120009 0.115592 0.032259 0.032065 0.032259 21540 21845
58 62.310000 60.320000 1000000 9.731958 9.671485 9.730006 9.680265 0.032082 0.032259 0.122082 0.117743 0.032259 0.032070 0.032259 21650 23368
58 62.310000 60.320000 1000000 9.722385 9.657506 9.720427 9.666287 0.032077 0.032259 0.117939 0.113442 0.032259 0.032066 0.032259 23360 24000
58 62.310000 60.320000 1000000 9.718302 9.654280 9.716341 9.663061 0.032076 0.032259 0.118975 0.114518 0.032259 0.032064 0.032259 24000 24096
58 62.310000 60.320000 1000000 9.706664 9.645678 9.704696 9.654459 0.032075 0.032259 0.118975 0.114519 0.032259 0.032063 0.032259 24090 25522
58 62.310000 60.320000 1000000 9.696661 9.628474 9.692813 9.632013 0.032082 0.032259 0.109692 0.104841 0.032259 0.032072 0.032259 25520 25638
58 62.310000 60.320000 1000000 9.695336 9.627399 9.691485 9.630937 0.032082 0.032259 0.109692 0.104841 0.032259 0.032072 0.032259 25630 25676
58 62.310000 60.320000 1000000 9.694901 9.626323 9.691050 9.629862 0.032082 0.032259 0.109692 0.104841 0.032259 0.032072 0.032259 25670 26650
58 62.310000 60.320000 1000000 9.677667 9.609119 9.673796 9.612658 0.032071 0.032259 0.112778 0.108066 0.032259 0.032061 0.032259 26650 27229
58 62.310000 60.320000 1000000 9.666841 9.601592 9.662957 9.605131 0.032072 0.032259 0.108663 0.103764 0.032259 0.032062 0.032259 27220 27552
58 62.310000 60.320000 1000000 9.665329 9.600517 9.661443 9.604056 0.032073 0.032259 0.107637 0.102689 0.032259 0.032063 0.032259 27550 28383
58 62.310000 60.320000 1000000 9.663469 9.596216 9.659287 9.598545 0.032073 0.032259 0.107637 0.102689 0.032259 0.032063 0.032259 28380 29612
58 62.310000 60.320000 1000000 9.650220 9.582238 9.646021 9.584567 0.032071 0.032259 0.113808 0.109140 0.032259 0.032061 0.032259 29610 31273
58 62.310000 60.320000 1000000 9.644765 9.576861 9.640558 9.579190 0.032071 0.032259 0.110718 0.105914 0.032259 0.032062 0.032259 30220 32009
58 62.310000 60.320000 1000000 9.633565 9.568259 9.629344 9.570588 0.032071 0.032259 0.108662 0.103764 0.032259 0.032062 0.032259 32000 32755
58 62.310000 60.320000 1000000 9.630889 9.565033 9.626665 9.567362 0.032070 0.032259 0.106611 0.101613 0.032259 0.032061 0.032259 32750 35212
58 62.310000 60.320000 1000000 9.612972 9.552130 9.608723 9.554459 0.032069 0.032259 0.102520 0.097312 0.032259 0.032059 0.032259 35210 35522
58 62.310000 60.320000 1000000 9.611198 9.551055 9.606948 9.553384 0.032069 0.032259 0.102520 0.097313 0.032259 0.032060 0.032259 35520 36131
58 62.310000 60.320000 1000000 9.611049 9.549442 9.606719 9.550920 0.032070 0.032259 0.103031 0.097851 0.032259 0.032060 0.032259 36130 38966
58 62.310000 60.320000 1000000 9.588933 9.530087 9.584812 9.532819 0.032067 0.032259 0.109176 0.104301 0.032259 0.032057 0.032259 38960 39591
58 62.310000 60.320000 1000000 9.577748 9.521485 9.573613 9.524217 0.032065 0.032259 0.113292 0.108602 0.032259 0.032055 0.032259 39590 40310
58 62.310000 60.320000 1000000 9.571983 9.518259 9.567840 9.520991 0.032067 0.032259 0.115355 0.110753 0.032259 0.032058 0.032259 40310 40628
58 62.310000 60.320000 1000000 9.570167 9.517184 9.566022 9.519916 0.032068 0.032259 0.116388 0.111828 0.032259 0.032058 0.032259 40620 40712
58 62.310000 60.320000 1000000 9.568653 9.516109 9.564505 9.518841 0.032068 0.032259 0.116388 0.111828 0.032259 0.032058 0.032259 40710 43400
58 62.310000 60.320000 1000000 9.551191 9.503205 9.547021 9.505938 0.032068 0.032259 0.114323 0.109677 0.032259 0.032058 0.032259 43400 43653
58 62.310000 60.320000 1000000 9.550948 9.502130 9.546777 9.504862 0.032068 0.032259 0.115355 0.110752 0.032259 0.032058 0.032259 43650 44876
58 62.310000 60.320000 1000000 9.549231 9.496754 9.545059 9.499486 0.032066 0.032259 0.114323 0.109677 0.032259 0.032056 0.032259 44870 48485
58 62.310000 60.320000 1000000 9.518671 9.476324 9.514458 9.479056 0.032072 0.032259 0.114322 0.109677 0.032259 0.032062 0.032259 48480 49474
58 62.310000 60.320000 1000000 9.517389 9.475249 9.513175 9.477981 0.032072 0.032259 0.114322 0.109677 0.032259 0.032062 0.032259 49470 49810
58 62.310000 60.320000 1000000 9.512270 9.466646 9.507584 9.468169 0.032068 0.032259 0.114321 0.109675 0.032259 0.032059 0.032259 49810 55346
58 62.310000 60.320000 1000000 9.481319 9.442990 9.476586 9.444513 0.032072 0.032259 0.123636 0.119353 0.032259 0.032063 0.032259 55340 56462
58 62.310000 60.320000 1000000 9.477401 9.436539 9.472663 9.438061 0.032069 0.032259 0.128834 0.124730 0.032259 0.032059 0.032259 56460 57473
58 62.310000 60.320000 1000000 9.476358 9.435463 9.471618 9.436986 0.032068 0.032259 0.127793 0.123654 0.032259 0.032059 0.032259 57470 57916
58 62.310000 60.320000 1000000 9.473236 9.426861 9.470095 9.437165 0.032068 0.032259 0.125714 0.121504 0.032259 0.032059 0.032259 57910 61448
58 62.310000 60.320000 1000000 9.446241 9.403205 9.443073 9.413509 0.032061 0.032259 0.127793 0.123655 0.032259 0.032051 0.032259 61440 66740
58 62.310000 60.320000 1000000 9.423482 9.347292 9.415818 9.340660 0.032064 0.032259 0.134046 0.130107 0.032259 0.032055 0.032259 66740 67341
58 62.310000 60.320000 1000000 9.423234 9.346216 9.415570 9.339585 0.032063 0.032259 0.133003 0.129031 0.032259 0.032055 0.032259 67340 73449
58 62.310000 60.320000 1000000 9.417820 9.337614 9.411139 9.334746 0.032064 0.032259 0.131960 0.127956 0.032259 0.032054 0.032259 73440 75792
58 62.310000 60.320000 1000000 9.417458 9.336539 9.410776 9.333671 0.032063 0.032259 0.131960 0.127956 0.032259 0.032053 0.032259 75790 76748
58 62.310000 60.320000 1000000 9.370486 9.263421 9.373681 9.318258 0.032074 0.032259 0.148701 0.145159 0.032259 0.032062 0.032259 76740 81344
58 62.310000 60.320000 1000000 9.340498 9.231163 9.343346 9.283581 0.032064 0.032259 0.145553 0.141933 0.032259 0.032052 0.032259 81340 81775
58 62.310000 60.320000 1000000 9.339992 9.230088 9.342840 9.282506 0.032063 0.032259 0.146601 0.143008 0.032259 0.032051 0.032259 81770 91358
58 62.310000 60.320000 1000000 9.291167 9.113961 9.289339 9.120412 0.032078 0.032259 0.116386 0.111826 0.032259 0.032069 0.032259 91350 93810
58 62.310000 60.320000 1000000 9.280854 9.104283 9.279021 9.110734 0.032080 0.032259 0.119489 0.115052 0.032259 0.032071 0.032259 93810 96841
58 62.310000 60.320000 1000000 9.278870 9.103208 9.277035 9.109659 0.032081 0.032259 0.118454 0.113977 0.032259 0.032072 0.032259 96840 104038
58 62.310000 60.320000 1000000 9.266174 9.090305 9.264332 9.096756 0.032075 0.032259 0.121561 0.117203 0.032259 0.032066 0.032259 104030 105582
58 62.310000 60.320000 1000000 9.259250 9.083853 9.257403 9.090304 0.032076 0.032259 0.125713 0.121504 0.032259 0.032067 0.032259 105580 108872
58 62.310000 60.320000 1000000 9.256576 9.080627 9.254728 9.087079 0.032075 0.032259 0.126752 0.122579 0.032259 0.032066 0.032259 108870 110622
58 62.310000 60.320000 1000000 9.256081 9.079552 9.254232 9.086003 0.032074 0.032259 0.127793 0.123654 0.032259 0.032065 0.032259 110620 120781
58 62.310000 60.320000 1000000 9.247026 9.063423 9.244988 9.066469 0.032076 0.032259 0.123637 0.119354 0.032259 0.032066 0.032259 120780 129316
58 62.310000 60.320000 1000000 9.245609 9.056972 9.243570 9.060018 0.032073 0.032259 0.122599 0.118279 0.032259 0.032064 0.032259 121140 130658
58 62.310000 60.320000 1000000 9.234044 9.044068 9.231998 9.047115 0.032062 0.032259 0.120525 0.116128 0.032259 0.032053 0.032259 130650 140976
58 62.310000 60.320000 1000000 9.194417 9.018262 9.192344 9.021308 0.032080 0.032259 0.103029 0.097848 0.032259 0.032071 0.032259 140970 148457
58 62.310000 60.320000 1000000 9.166932 8.997832 9.164840 9.000878 0.032085 0.032259 0.105074 0.099999 0.032259 0.032075 0.032259 148450 157158
58 62.310000 60.320000 1000000 9.163064 8.988154 9.160969 8.991201 0.032083 0.032259 0.100989 0.095698 0.032259 0.032073 0.032259 157150 161739
58 62.310000 60.320000 1000000 9.141710 8.969875 9.139601 8.972921 0.032089 0.032259 0.105074 0.100000 0.032259 0.032079 0.032259 158790 167904
58 62.310000 60.320000 1000000 9.125618 8.956972 9.123498 8.960018 0.032093 0.032259 0.098955 0.093549 0.032259 0.032083 0.032259 167900 169116
58 62.310000 60.320000 1000000 9.121949 8.953746 9.119826 8.956792 0.032094 0.032259 0.098955 0.093549 0.032259 0.032085 0.032259 169110 170059
58 62.310000 60.320000 1000000 9.118435 8.948907 9.116219 8.951102 0.032091 0.032259 0.100480 0.095161 0.032259 0.032082 0.032259 170050 171995
58 62.310000 60.320000 1000000 9.117954 8.947832 9.115737 8.950027 0.032091 0.032259 0.099462 0.094086 0.032259 0.032081 0.032259 171990 177297
58 62.310000 60.320000 1000000 9.109178 8.942455 9.106955 8.944650 0.032092 0.032259 0.100480 0.095161 0.032259 0.032083 0.032259 177290 177850
58 62.310000 60.320000 1000000 9.107695 8.941380 9.105471 8.943575 0.032093 0.032259 0.100480 0.095161 0.032259 0.032083 0.032259 177850 182656
58 62.310000 60.320000 1000000 9.097913 8.931703 9.095682 8.933898 0.032094 0.032259 0.093383 0.087634 0.032259 0.032085 0.032259 182650 184924
58 62.310000 60.320000 1000000 9.089434 8.924176 9.087196 8.926371 0.032093 0.032259 0.098445 0.093010 0.032259 0.032084 0.032259 184920 204731
58 62.310000 60.320000 1000000 9.065467 8.901595 9.063738 8.908002 0.032091 0.032259 0.101500 0.096238 0.032259 0.032082 0.032259 204730 205763
58 62.310000 60.320000 1000000 9.064977 8.900520 9.063247 8.906926 0.032092 0.032259 0.100482 0.095163 0.032259 0.032082 0.032259 205760 209738
58 62.310000 60.320000 1000000 9.061162 8.897294 9.059430 8.903701 0.032092 0.032259 0.098447 0.093012 0.032259 0.032083 0.032259 209730 214627
58 62.310000 60.320000 1000000 9.060868 8.896219 9.059136 8.902625 0.032092 0.032259 0.098447 0.093012 0.032259 0.032083 0.032259 214620 215655
58 62.310000 60.320000 1000000 9.060670 8.895144 9.059169 8.902804 0.032092 0.032259 0.098447 0.093012 0.032259 0.032083 0.032259 215650 223312
58 62.310000 60.320000 1000000 9.049510 8.888692 9.048004 8.896353 0.032096 0.032259 0.094395 0.088711 0.032259 0.032087 0.032259 223310 227572
58 62.310000 60.320000 1000000 9.047846 8.887617 9.046339 8.895278 0.032097 0.032259 0.094394 0.088711 0.032259 0.032087 0.032259 227570 254782
58 62.310000 60.320000 1000000 9.018384 8.867186 9.016863 8.874847 0.032103 0.032259 0.086360 0.080109 0.032259 0.032094 0.032259 254780 259270
58 62.310000 60.320000 1000000 9.018187 8.866111 9.016895 8.875026 0.032103 0.032259 0.087359 0.081184 0.032259 0.032094 0.032259 259270 263785
58 62.310000 60.320000 1000000 9.012474 8.861810 9.011314 8.871980 0.032105 0.032259 0.087358 0.081184 0.032259 0.032095 0.032259 263780 276182
58 62.310000 60.320000 1000000 9.012240 8.860735 9.011080 8.870905 0.032104 0.032259 0.087358 0.081184 0.032259 0.032095 0.032259 276180 278201
58 62.310000 60.320000 1000000 9.007158 8.856434 9.005996 8.866604 0.032104 0.032259 0.091369 0.085485 0.032259 0.032095 0.032259 278200 296538
58 62.310000 60.320000 1000000 8.968066 8.827401 8.966889 8.837571 0.032100 0.032259 0.096417 0.090860 0.032259 0.032091 0.032259 296530 297291
58 62.310000 60.320000 1000000 8.966361 8.826326 8.965184 8.836496 0.032100 0.032259 0.097431 0.091935 0.032259 0.032091 0.032259 297290 298095
58 62.310000 60.320000 1000000 8.964483 8.825251 8.963304 8.835421 0.032101 0.032259 0.096417 0.090860 0.032259 0.032092 0.032259 298090 312241
58 62.310000 60.320000 1000000 8.913589 8.792993 8.912390 8.803163 0.032112 0.032259 0.079427 0.072581 0.032259 0.032103 0.032259 312240 318169
58 62.310000 60.320000 1000000 8.905638 8.786541 8.904436 8.796711 0.032115 0.032259 0.080411 0.073657 0.032259 0.032106 0.032259 318160 345748
58 62.310000 60.320000 1000000 8.897791 8.779014 8.896586 8.789184 0.032115 0.032259 0.082385 0.075807 0.032259 0.032106 0.032259 345740 359243
58 62.310000 60.320000 1000000 8.896243 8.777939 8.895038 8.788109 0.032116 0.032259 0.082385 0.075807 0.032259 0.032106 0.032259 359240 376519
58 62.310000 60.320000 1000000 8.874726 8.754283 8.873512 8.764453 0.032117 0.032259 0.085364 0.079034 0.032259 0.032107 0.032259 376510 388362
58 62.310000 60.320000 1000000 8.871885 8.749982 8.870669 8.760152 0.032118 0.032259 0.083377 0.076883 0.032259 0.032108 0.032259 388360 399111
58 62.310000 60.320000 1000000 8.871520 8.748907 8.870304 8.759077 0.032117 0.032259 0.082386 0.075808 0.032259 0.032108 0.032259 399110 402033
58 62.310000 60.320000 1000000 8.870575 8.747831 8.869359 8.758001 0.032116 0.032259 0.082386 0.075808 0.032259 0.032107 0.032259 402030 408732
58 62.310000 60.320000 1000000 8.868561 8.746756 8.867344 8.756926 0.032117 0.032259 0.081398 0.074733 0.032259 0.032108 0.032259 408730 418770
58 62.310000 60.320000 1000000 8.861257 8.739229 8.860036 8.749399 0.032111 0.032259 0.084368 0.077957 0.032259 0.032102 0.032259 418770 432091
58 62.310000 60.320000 1000000 8.858267 8.734928 8.857045 8.745098 0.032107 0.032259 0.088357 0.082258 0.032259 0.032098 0.032259 432090 444377
58 62.310000 60.320000 1000000 8.850635 8.727401 8.849410 8.737571 0.032103 0.032259 0.088357 0.082258 0.032259 0.032094 0.032259 444370 519334
58 62.310000 60.320000 1000000 8.836685 8.712347 8.835455 8.722517 0.032095 0.032259 0.086359 0.080108 0.032259 0.032085 0.032259 468280 540227
58 62.310000 60.320000 1000000 8.781303 8.668261 8.780049 8.678431 0.032104 0.032259 0.097430 0.091935 0.032259 0.032094 0.032259 540220 562986
58 62.310000 60.320000 1000000 8.767687 8.656433 8.766428 8.666603 0.032102 0.032259 0.101499 0.096236 0.032259 0.032092 0.032259 558260 559134
58 62.310000 60.320000 1000000 8.765961 8.655358 8.764701 8.665528 0.032102 0.032259 0.101499 0.096236 0.032259 0.032093 0.032259 559130 562986
58 62.310000 60.320000 1000000 8.764648 8.654283 8.763387 8.664453 0.032102 0.032259 0.101499 0.096236 0.032259 0.032092 0.032259 562980 603563
58 62.310000 60.320000 1000000 8.760628 8.648369 8.759314 8.657688 0.032101 0.032259 0.100989 0.095699 0.032259 0.032092 0.032259 603560 613030
58 62.310000 60.320000 1000000 8.755729 8.642993 8.754292 8.651908 0.032101 0.032259 0.102009 0.096774 0.032259 0.032091 0.032259 613030 617896
58 62.310000 60.320000 1000000 8.753834 8.641917 8.752396 8.650833 0.032102 0.032259 0.102009 0.096774 0.032259 0.032092 0.032259 617890 629288
58 62.310000 60.320000 1000000 8.745033 8.635466 8.743591 8.644381 0.032100 0.032259 0.100988 0.095698 0.032259 0.032091 0.032259 629280 636726
58 62.310000 60.320000 1000000 8.743495 8.634390 8.742052 8.643306 0.032101 0.032259 0.099970 0.094622 0.032259 0.032092 0.032259 636720 641353
58 62.310000 60.320000 1000000 8.727182 8.624713 8.725731 8.633628 0.032106 0.032259 0.098952 0.093546 0.032259 0.032097 0.032259 641350 654052
58 62.310000 60.320000 1000000 8.725474 8.623638 8.724022 8.632553 0.032106 0.032259 0.099969 0.094622 0.032259 0.032097 0.032259 654050 666009
58 62.310000 60.320000 1000000 8.717062 8.618261 8.715606 8.627177 0.032107 0.032259 0.097936 0.092471 0.032259 0.032097 0.032259 666000 683513
58 62.310000 60.320000 1000000 8.716551 8.617186 8.715095 8.626102 0.032106 0.032259 0.096922 0.091396 0.032259 0.032096 0.032259 683510 722583
58 62.310000 60.320000 1000000 8.706794 8.609659 8.705333 8.618575 0.032107 0.032259 0.095908 0.090320 0.032259 0.032098 0.032259 722580 732574
58 62.310000 60.320000 1000000 8.706147 8.608584 8.704685 8.617499 0.032107 0.032259 0.095908 0.090320 0.032259 0.032097 0.032259 732570 751293
58 62.310000 60.320000 1000000 8.705932 8.607509 8.704721 8.617679 0.032107 0.032259 0.096921 0.091395 0.032259 0.032097 0.032259 751290 786858
58 62.310000 60.320000 1000000 8.688386 8.594605 8.687168 8.604775 0.032113 0.032259 0.090864 0.084945 0.032259 0.032103 0.032259 786850 789197
58 62.310000 60.320000 1000000 8.688194 8.593530 8.686904 8.603297 0.032112 0.032259 0.090864 0.084945 0.032259 0.032102 0.032259 789190 830314
58 62.310000 60.320000 1000000 8.681964 8.589229 8.680671 8.598996 0.032113 0.032259 0.089859 0.083870 0.032259 0.032104 0.032259 830310 838465
58 62.310000 60.320000 1000000 8.681640 8.588154 8.680225 8.597517 0.032114 0.032259 0.089859 0.083870 0.032259 0.032104 0.032259 838460 892067
58 62.310000 60.320000 1000000 8.655391 8.562347 8.653963 8.571711 0.032118 0.032259 0.082878 0.076343 0.032259 0.032108 0.032259 892060 916699
58 62.310000 60.320000 1000000 8.647244 8.551595 8.645813 8.560958 0.032113 0.032259 0.078934 0.072042 0.032259 0.032104 0.032259 916690 928281
58 62.310000 60.320000 1000000 8.646734 8.550519 8.645302 8.559883 0.032113 0.032259 0.077954 0.070966 0.032259 0.032103 0.032259 928280 967416
58 62.310000 60.320000 1000000 8.632968 8.539767 8.631529 8.549130 0.032116 0.032259 0.075029 0.067740 0.032259 0.032106 0.032259 967410 973152
58 62.310000 60.320000 1000000 8.632467 8.538692 8.631028 8.548055 0.032115 0.032259 0.075029 0.067740 0.032259 0.032105 0.032259 973150 976699
58 62.310000 60.320000 1000000 8.631304 8.537616 8.629864 8.546980 0.032116 0.032259 0.074060 0.066665 0.032259 0.032106 0.032259 976690 1000000
