27 62.310000 60.320000 1000000 13.544526 13.577921 13.539074 13.577068 0.031925 0.032257 0.254205 0.252150 0.032257 0.031918 0.032257 0 50
27 62.310000 60.320000 1000000 12.331371 12.247817 12.322226 12.226220 0.031526 0.032257 0.348270 0.346773 0.032257 0.031518 0.032257 50 60
27 62.310000 60.320000 1000000 11.970926 11.797819 11.967092 11.802566 0.031515 0.032257 0.195154 0.192470 0.032257 0.031505 0.032257 60 71
27 62.310000 60.320000 1000000 11.861458 11.657497 11.857439 11.661393 0.031433 0.032257 0.226500 0.224192 0.032257 0.031423 0.032257 70 80
27 62.310000 60.320000 1000000 11.738147 11.547282 11.733519 11.546115 0.031422 0.032257 0.214269 0.211827 0.032257 0.031412 0.032257 80 91
27 62.310000 60.320000 1000000 11.582460 11.379539 11.576910 11.369457 0.031431 0.032257 0.189858 0.187098 0.032257 0.031422 0.032257 90 100
27 62.310000 60.320000 1000000 11.459775 11.235453 11.456847 11.240425 0.031425 0.032257 0.171869 0.168815 0.032257 0.031416 0.032257 100 110
27 62.310000 60.320000 1000000 11.318298 11.081691 11.316961 11.095937 0.031463 0.032257 0.159216 0.155914 0.032257 0.031454 0.032257 110 126
27 62.310000 60.320000 1000000 11.254669 10.976315 11.253310 10.990561 0.031400 0.032257 0.165538 0.162364 0.032257 0.031390 0.032257 120 130
27 62.310000 60.320000 1000000 11.200689 10.938681 11.199310 10.952926 0.031416 0.032257 0.168706 0.165593 0.032257 0.031406 0.032257 130 143
27 62.310000 60.320000 1000000 11.178251 10.908036 11.176055 10.912918 0.031425 0.032257 0.162905 0.159679 0.032257 0.031415 0.032257 140 155
27 62.310000 60.320000 1000000 11.127746 10.862875 11.124570 10.864128 0.031450 0.032257 0.162903 0.159678 0.032257 0.031440 0.032257 150 161
27 62.310000 60.320000 1000000 11.075839 10.795133 11.071393 10.790741 0.031460 0.032257 0.151327 0.147849 0.032257 0.031449 0.032257 160 171
27 62.310000 60.320000 1000000 11.034404 10.727929 11.030233 10.725687 0.031432 0.032257 0.152904 0.149462 0.032257 0.031422 0.032257 170 181
27 62.310000 60.320000 1000000 10.996422 10.692445 10.992208 10.690204 0.031409 0.032257 0.153957 0.150540 0.032257 0.031398 0.032257 180 192
27 62.310000 60.320000 1000000 10.851876 10.579542 10.847491 10.577301 0.031461 0.032257 0.219588 0.217206 0.032257 0.031450 0.032257 190 202
27 62.310000 60.320000 1000000 10.700336 10.425779 10.695762 10.423538 0.031489 0.032257 0.184562 0.181721 0.032257 0.031478 0.032257 200 210
27 62.310000 60.320000 1000000 10.580178 10.354813 10.575446 10.352571 0.031591 0.032257 0.167649 0.164517 0.032257 0.031581 0.032257 210 221
27 62.310000 60.320000 1000000 10.552745 10.339759 10.547889 10.337114 0.031611 0.032257 0.164485 0.161291 0.032257 0.031600 0.032257 220 230
27 62.310000 60.320000 1000000 10.524538 10.322555 10.519644 10.319910 0.031633 0.032257 0.175042 0.172044 0.032257 0.031623 0.032257 230 243
27 62.310000 60.320000 1000000 10.464017 10.288147 10.459038 10.285502 0.031704 0.032257 0.147654 0.144088 0.032257 0.031694 0.032257 240 250
27 62.310000 60.320000 1000000 10.434509 10.143523 10.423511 10.093163 0.031694 0.032257 0.200994 0.198389 0.032257 0.031682 0.032257 250 263
27 62.310000 60.320000 1000000 10.433403 10.142448 10.422402 10.092088 0.031692 0.032257 0.200994 0.198389 0.032257 0.031681 0.032257 260 275
27 62.310000 60.320000 1000000 10.415130 10.122018 10.406301 10.084203 0.031705 0.032257 0.196750 0.194088 0.032257 0.031694 0.032257 270 284
27 62.310000 60.320000 1000000 10.407705 10.082233 10.405467 10.087070 0.031700 0.032257 0.161850 0.158603 0.032257 0.031691 0.032257 280 295
27 62.310000 60.320000 1000000 10.379723 10.057501 10.377466 10.062339 0.031708 0.032257 0.158689 0.155376 0.032257 0.031698 0.032257 290 319
27 62.310000 60.320000 1000000 10.317828 10.006426 10.315206 10.007500 0.031731 0.032257 0.161322 0.158064 0.032257 0.031721 0.032257 310 327
27 62.310000 60.320000 1000000 10.294558 9.940835 10.291576 9.939489 0.031719 0.032257 0.122598 0.118278 0.032257 0.031708 0.032257 320 340
27 62.310000 60.320000 1000000 10.211818 9.880620 10.208763 9.879275 0.031758 0.032257 0.128831 0.124727 0.032257 0.031747 0.032257 340 357
27 62.310000 60.320000 1000000 10.202821 9.873094 10.199758 9.871748 0.031762 0.032257 0.126750 0.122577 0.032257 0.031751 0.032257 350 403
27 62.310000 60.320000 1000000 10.169193 9.844062 10.166100 9.842716 0.031772 0.032257 0.123634 0.119352 0.032257 0.031761 0.032257 400 415
27 62.310000 60.320000 1000000 10.135650 9.821481 10.132525 9.820136 0.031783 0.032257 0.131958 0.127955 0.032257 0.031772 0.032257 410 433
27 62.310000 60.320000 1000000 10.109791 9.801051 10.106643 9.799706 0.031791 0.032257 0.116385 0.111826 0.032257 0.031780 0.032257 430 444
27 62.310000 60.320000 1000000 10.070305 9.770944 10.067120 9.769598 0.031804 0.032257 0.126751 0.122577 0.032257 0.031793 0.032257 440 453
27 62.310000 60.320000 1000000 10.069428 9.769869 10.066242 9.768523 0.031804 0.032257 0.126751 0.122578 0.032257 0.031793 0.032257 450 460
27 62.310000 60.320000 1000000 10.053002 9.751589 10.050517 9.756516 0.031804 0.032257 0.133001 0.129030 0.032257 0.031794 0.032257 460 477
27 62.310000 60.320000 1000000 10.051232 9.750514 10.048745 9.755441 0.031805 0.032257 0.131958 0.127954 0.032257 0.031795 0.032257 470 483
27 62.310000 60.320000 1000000 10.047595 9.735460 10.044433 9.733578 0.031805 0.032257 0.129874 0.125804 0.032257 0.031795 0.032257 480 492
27 62.310000 60.320000 1000000 10.042880 9.731159 10.039713 9.729277 0.031807 0.032257 0.131958 0.127955 0.032257 0.031797 0.032257 490 514
27 62.310000 60.320000 1000000 9.997416 9.681697 9.994206 9.679814 0.031800 0.032257 0.126752 0.122579 0.032257 0.031790 0.032257 510 531
27 62.310000 60.320000 1000000 9.983191 9.666644 9.980622 9.671033 0.031802 0.032257 0.127792 0.123654 0.032257 0.031794 0.032257 530 552
27 62.310000 60.320000 1000000 9.900278 9.597827 9.897181 9.597109 0.031821 0.032257 0.127794 0.123656 0.032257 0.031813 0.032257 550 561
27 62.310000 60.320000 1000000 9.822996 9.548902 9.819774 9.547333 0.031858 0.032257 0.143985 0.140325 0.032257 0.031849 0.032257 560 574
27 62.310000 60.320000 1000000 9.821984 9.547827 9.818761 9.546258 0.031857 0.032257 0.145033 0.141400 0.032257 0.031849 0.032257 570 580
27 62.310000 60.320000 1000000 9.788303 9.528472 9.785289 9.528158 0.031879 0.032257 0.145033 0.141400 0.032257 0.031871 0.032257 580 601
27 62.310000 60.320000 1000000 9.767213 9.510193 9.764179 9.509878 0.031882 0.032257 0.149229 0.145701 0.032257 0.031873 0.032257 600 610
27 62.310000 60.320000 1000000 9.745480 9.494064 9.743134 9.497512 0.031889 0.032257 0.141890 0.138174 0.032257 0.031880 0.032257 610 625
27 62.310000 60.320000 1000000 9.734440 9.482773 9.731936 9.483668 0.031891 0.032257 0.142413 0.138712 0.032257 0.031882 0.032257 620 630
27 62.310000 60.320000 1000000 9.690090 9.456967 9.687550 9.457862 0.031906 0.032257 0.134050 0.130111 0.032257 0.031897 0.032257 630 648
27 62.310000 60.320000 1000000 9.677995 9.441913 9.675446 9.442808 0.031910 0.032257 0.126757 0.122584 0.032257 0.031901 0.032257 640 652
27 62.310000 60.320000 1000000 9.670408 9.437612 9.667853 9.438507 0.031915 0.032257 0.126757 0.122584 0.032257 0.031906 0.032257 650 661
27 62.310000 60.320000 1000000 9.666856 9.435462 9.664298 9.436357 0.031917 0.032257 0.125717 0.121509 0.032257 0.031908 0.032257 660 814
27 62.310000 60.320000 1000000 9.540713 9.353204 9.537903 9.351546 0.031971 0.032257 0.115876 0.111296 0.032257 0.031962 0.032257 810 843
27 62.310000 60.320000 1000000 9.513279 9.336000 9.510445 9.334341 0.031977 0.032257 0.125199 0.120972 0.032257 0.031968 0.032257 840 855
27 62.310000 60.320000 1000000 9.512972 9.334925 9.510022 9.332863 0.031977 0.032257 0.125199 0.120972 0.032257 0.031968 0.032257 850 922
27 62.310000 60.320000 1000000 9.499526 9.326323 9.496563 9.324261 0.031979 0.032257 0.118978 0.114522 0.032257 0.031970 0.032257 920 977
27 62.310000 60.320000 1000000 9.458008 9.301591 9.455006 9.299529 0.032000 0.032257 0.133530 0.129576 0.032257 0.031991 0.032257 970 988
27 62.310000 60.320000 1000000 9.456384 9.300516 9.453380 9.298454 0.032000 0.032257 0.133530 0.129576 0.032257 0.031991 0.032257 980 1048
27 62.310000 60.320000 1000000 9.337545 9.227398 9.334426 9.225336 0.032083 0.032257 0.108668 0.103770 0.032257 0.032074 0.032257 1040 1085
27 62.310000 60.320000 1000000 9.291530 9.194065 9.288364 9.192003 0.032094 0.032257 0.111752 0.106995 0.032257 0.032086 0.032257 1070 1105
27 62.310000 60.320000 1000000 9.290510 9.192989 9.287343 9.190927 0.032095 0.032257 0.111752 0.106995 0.032257 0.032086 0.032257 1100 1144
27 62.310000 60.320000 1000000 9.288280 9.187613 9.286130 9.190569 0.032096 0.032257 0.111751 0.106994 0.032257 0.032086 0.032257 1140 1178
27 62.310000 60.320000 1000000 9.243336 9.157506 9.240811 9.157057 0.032136 0.032257 0.090368 0.084414 0.032257 0.032126 0.032257 1170 1198
27 62.310000 60.320000 1000000 9.228748 9.145678 9.226210 9.145229 0.032140 0.032257 0.087363 0.081189 0.032257 0.032131 0.032257 1190 1200
27 62.310000 60.320000 1000000 9.222195 9.139226 9.219528 9.138374 0.032140 0.032257 0.090368 0.084415 0.032257 0.032130 0.032257 1200 1210
27 62.310000 60.320000 1000000 9.220289 9.136001 9.217620 9.135148 0.032137 0.032257 0.090368 0.084415 0.032257 0.032128 0.032257 1210 1319
27 62.310000 60.320000 1000000 9.186339 9.108581 9.183587 9.106878 0.032130 0.032257 0.086863 0.080651 0.032257 0.032121 0.032257 1310 1378
27 62.310000 60.320000 1000000 9.178519 9.102130 9.175760 9.100426 0.032127 0.032257 0.081895 0.075275 0.032257 0.032118 0.032257 1370 1381
27 62.310000 60.320000 1000000 9.178190 9.101054 9.175308 9.098948 0.032127 0.032257 0.080908 0.074200 0.032257 0.032118 0.032257 1380 1397
27 62.310000 60.320000 1000000 9.176712 9.099979 9.173827 9.097872 0.032128 0.032257 0.081895 0.075275 0.032257 0.032119 0.032257 1390 1492
27 62.310000 60.320000 1000000 9.166822 9.093528 9.163929 9.091421 0.032132 0.032257 0.076008 0.068823 0.032257 0.032123 0.032257 1490 1591
27 62.310000 60.320000 1000000 9.154325 9.084925 9.151419 9.082819 0.032136 0.032257 0.076007 0.068823 0.032257 0.032127 0.032257 1590 1613
27 62.310000 60.320000 1000000 9.153301 9.083850 9.150394 9.081743 0.032136 0.032257 0.076982 0.069898 0.032257 0.032127 0.032257 1610 1718
27 62.310000 60.320000 1000000 9.150653 9.077399 9.147699 9.076591 0.032136 0.032257 0.076982 0.069898 0.032257 0.032128 0.032257 1710 1806
27 62.310000 60.320000 1000000 9.122830 9.055893 9.119774 9.054682 0.032136 0.032257 0.065491 0.056995 0.032257 0.032127 0.032257 1800 1818
27 62.310000 60.320000 1000000 9.121355 9.054818 9.118297 9.053607 0.032136 0.032257 0.065491 0.056995 0.032257 0.032127 0.032257 1810 1820
27 62.310000 60.320000 1000000 9.116322 9.050517 9.113259 9.049306 0.032135 0.032257 0.065490 0.056995 0.032257 0.032126 0.032257 1820 1844
27 62.310000 60.320000 1000000 9.111376 9.047291 9.108308 9.046080 0.032137 0.032257 0.064557 0.055920 0.032257 0.032129 0.032257 1840 1955
27 62.310000 60.320000 1000000 9.099414 9.037614 9.096334 9.036403 0.032131 0.032257 0.069265 0.061295 0.032257 0.032123 0.032257 1950 2171
27 62.310000 60.320000 1000000 9.090866 9.031162 9.087777 9.029951 0.032134 0.032257 0.073098 0.065596 0.032257 0.032126 0.032257 2170 2208
27 62.310000 60.320000 1000000 9.088871 9.029012 9.085780 9.027801 0.032134 0.032257 0.075034 0.067747 0.032257 0.032125 0.032257 2200 2252
27 62.310000 60.320000 1000000 9.088455 9.027936 9.085364 9.026726 0.032134 0.032257 0.076006 0.068821 0.032257 0.032125 0.032257 2250 2336
27 62.310000 60.320000 1000000 9.083146 9.021485 9.079942 9.018572 0.032134 0.032257 0.075034 0.067747 0.032257 0.032126 0.032257 2330 2343
27 62.310000 60.320000 1000000 9.082690 9.020410 9.079486 9.017496 0.032134 0.032257 0.075035 0.067747 0.032257 0.032125 0.032257 2340 2355
27 62.310000 60.320000 1000000 9.075970 9.013958 9.072759 9.011045 0.032136 0.032257 0.071175 0.063446 0.032257 0.032127 0.032257 2350 2365
27 62.310000 60.320000 1000000 9.075110 9.012883 9.071898 9.009969 0.032135 0.032257 0.071175 0.063446 0.032257 0.032126 0.032257 2360 2474
27 62.310000 60.320000 1000000 9.074416 9.011807 9.071203 9.008894 0.032134 0.032257 0.070218 0.062370 0.032257 0.032125 0.032257 2470 2632
27 62.310000 60.320000 1000000 9.047535 8.990302 9.044293 8.987389 0.032125 0.032257 0.068314 0.060219 0.032257 0.032116 0.032257 2630 2731
27 62.310000 60.320000 1000000 9.026928 8.975248 9.023664 8.972335 0.032121 0.032257 0.070218 0.062370 0.032257 0.032113 0.032257 2730 2895
27 62.310000 60.320000 1000000 9.021022 8.968797 9.017752 8.965884 0.032124 0.032257 0.071175 0.063446 0.032257 0.032116 0.032257 2780 3010
27 62.310000 60.320000 1000000 9.003715 8.955894 9.000425 8.952980 0.032120 0.032257 0.069265 0.061295 0.032257 0.032112 0.032257 3010 3158
27 62.310000 60.320000 1000000 8.998951 8.950517 8.995657 8.947604 0.032117 0.032257 0.071175 0.063445 0.032257 0.032109 0.032257 3150 3305
27 62.310000 60.320000 1000000 8.992798 8.945141 8.989496 8.942228 0.032117 0.032257 0.071176 0.063446 0.032257 0.032109 0.032257 3300 3336
27 62.310000 60.320000 1000000 8.983121 8.938689 8.979809 8.935776 0.032117 0.032257 0.073099 0.065597 0.032257 0.032109 0.032257 3330 3352
27 62.310000 60.320000 1000000 8.980967 8.937614 8.977653 8.934701 0.032119 0.032257 0.073099 0.065597 0.032257 0.032110 0.032257 3350 3403
27 62.310000 60.320000 1000000 8.969757 8.930087 8.966431 8.927174 0.032117 0.032257 0.071176 0.063447 0.032257 0.032108 0.032257 3400 3956
27 62.310000 60.320000 1000000 8.961331 8.920410 8.958157 8.918751 0.032118 0.032257 0.069266 0.061296 0.032257 0.032110 0.032257 3950 3989
27 62.310000 60.320000 1000000 8.958525 8.911808 8.957133 8.918930 0.032120 0.032257 0.072135 0.064521 0.032257 0.032110 0.032257 3980 4430
27 62.310000 60.320000 1000000 8.943331 8.898904 8.941932 8.906027 0.032124 0.032257 0.069262 0.061292 0.032257 0.032114 0.032257 4410 4504
27 62.310000 60.320000 1000000 8.930118 8.889227 8.928713 8.896349 0.032127 0.032257 0.068313 0.060217 0.032257 0.032117 0.032257 4500 4520
27 62.310000 60.320000 1000000 8.928350 8.888152 8.926943 8.895274 0.032128 0.032257 0.067367 0.059142 0.032257 0.032118 0.032257 4520 5008
27 62.310000 60.320000 1000000 8.914154 8.875248 8.912741 8.882371 0.032134 0.032257 0.067367 0.059141 0.032257 0.032124 0.032257 5000 5049
27 62.310000 60.320000 1000000 8.909615 8.872023 8.908200 8.879145 0.032137 0.032257 0.066425 0.058067 0.032257 0.032127 0.032257 5040 5078
27 62.310000 60.320000 1000000 8.908127 8.870947 8.906712 8.878070 0.032137 0.032257 0.065487 0.056992 0.032257 0.032127 0.032257 5070 5735
27 62.310000 60.320000 1000000 8.872256 8.845141 8.870823 8.852264 0.032150 0.032257 0.062699 0.053765 0.032257 0.032140 0.032257 5730 6000
27 62.310000 60.320000 1000000 8.870522 8.844066 8.869088 8.851188 0.032150 0.032257 0.062699 0.053765 0.032257 0.032140 0.032257 6000 6080
27 62.310000 60.320000 1000000 8.857566 8.834388 8.856126 8.841511 0.032143 0.032257 0.062699 0.053764 0.032257 0.032134 0.032257 6080 6464
27 62.310000 60.320000 1000000 8.855796 8.833313 8.854355 8.840436 0.032144 0.032257 0.062699 0.053764 0.032257 0.032134 0.032257 6460 6501
27 62.310000 60.320000 1000000 8.855518 8.832238 8.854077 8.839360 0.032144 0.032257 0.063623 0.054839 0.032257 0.032134 0.032257 6500 6842
27 62.310000 60.320000 1000000 8.851270 8.829012 8.849827 8.836135 0.032145 0.032257 0.062699 0.053764 0.032257 0.032135 0.032257 6840 6963
27 62.310000 60.320000 1000000 8.849925 8.827937 8.848481 8.835059 0.032144 0.032257 0.061779 0.052689 0.032257 0.032134 0.032257 6960 8283
27 62.310000 60.320000 1000000 8.826182 8.810733 8.824599 8.817452 0.032148 0.032257 0.063622 0.054839 0.032257 0.032138 0.032257 8280 8425
27 62.310000 60.320000 1000000 8.820541 8.806432 8.818954 8.813151 0.032146 0.032257 0.065485 0.056989 0.032257 0.032136 0.032257 8420 10003
27 62.310000 60.320000 1000000 8.772230 8.768797 8.770617 8.775516 0.032144 0.032257 0.060865 0.051613 0.032257 0.032134 0.032257 10000 11859
27 62.310000 60.320000 1000000 8.770631 8.767722 8.769017 8.774441 0.032144 0.032257 0.060865 0.051613 0.032257 0.032134 0.032257 11850 12216
27 62.310000 60.320000 1000000 8.769288 8.766647 8.767673 8.773366 0.032145 0.032257 0.060865 0.051614 0.032257 0.032135 0.032257 12210 12292
27 62.310000 60.320000 1000000 8.765278 8.758582 8.763378 8.762748 0.032147 0.032257 0.057708 0.047850 0.032257 0.032137 0.032257 12290 12791
27 62.310000 60.320000 1000000 8.760823 8.755356 8.758920 8.759522 0.032148 0.032257 0.056819 0.046775 0.032257 0.032138 0.032257 12790 13491
27 62.310000 60.320000 1000000 8.756751 8.753206 8.754846 8.757371 0.032150 0.032257 0.055063 0.044624 0.032257 0.032141 0.032257 12940 13022
27 62.310000 60.320000 1000000 8.754776 8.752130 8.752869 8.756296 0.032152 0.032257 0.054195 0.043549 0.032257 0.032142 0.032257 13020 13491
27 62.310000 60.320000 1000000 8.745304 8.741378 8.743012 8.744334 0.032154 0.032257 0.054195 0.043549 0.032257 0.032144 0.032257 13490 14321
27 62.310000 60.320000 1000000 8.738894 8.736001 8.736766 8.740212 0.032154 0.032257 0.055937 0.045699 0.032257 0.032145 0.032257 14320 14600
27 62.310000 60.320000 1000000 8.734170 8.730625 8.732039 8.734835 0.032156 0.032257 0.058602 0.048925 0.032257 0.032146 0.032257 14600 15057
27 62.310000 60.320000 1000000 8.732839 8.729550 8.730706 8.733760 0.032156 0.032257 0.058602 0.048925 0.032257 0.032147 0.032257 15050 15180
27 62.310000 60.320000 1000000 8.732140 8.728475 8.730007 8.732685 0.032155 0.032257 0.057707 0.047849 0.032257 0.032146 0.032257 15180 16194
27 62.310000 60.320000 1000000 8.708288 8.709120 8.706138 8.713330 0.032149 0.032257 0.062238 0.053226 0.032257 0.032140 0.032257 16190 16742
27 62.310000 60.320000 1000000 8.706974 8.708045 8.704823 8.712255 0.032149 0.032257 0.062238 0.053226 0.032257 0.032140 0.032257 16740 16856
27 62.310000 60.320000 1000000 8.706225 8.706969 8.704073 8.711180 0.032148 0.032257 0.063160 0.054301 0.032257 0.032139 0.032257 16850 17855
27 62.310000 60.320000 1000000 8.698863 8.700518 8.696705 8.704728 0.032147 0.032257 0.066893 0.058602 0.032257 0.032138 0.032257 17850 17962
27 62.310000 60.320000 1000000 8.698288 8.699442 8.696130 8.703653 0.032147 0.032257 0.065954 0.057527 0.032257 0.032138 0.032257 17960 20087
27 62.310000 60.320000 1000000 8.696676 8.696217 8.694517 8.700427 0.032148 0.032257 0.065018 0.056451 0.032257 0.032139 0.032257 20080 21181
27 62.310000 60.320000 1000000 8.689548 8.688690 8.687383 8.692900 0.032151 0.032257 0.069736 0.061827 0.032257 0.032142 0.032257 21180 21735
27 62.310000 60.320000 1000000 8.688357 8.687614 8.686191 8.691825 0.032152 0.032257 0.070691 0.062902 0.032257 0.032142 0.032257 21730 22659
27 62.310000 60.320000 1000000 8.684113 8.683313 8.681944 8.687524 0.032152 0.032257 0.072612 0.065053 0.032257 0.032143 0.032257 22650 22775
27 62.310000 60.320000 1000000 8.680934 8.681163 8.678763 8.685373 0.032153 0.032257 0.071650 0.063978 0.032257 0.032144 0.032257 22770 23879
27 62.310000 60.320000 1000000 8.663228 8.667184 8.661044 8.671395 0.032155 0.032257 0.071649 0.063977 0.032257 0.032146 0.032257 23870 24004
27 62.310000 60.320000 1000000 8.658358 8.660733 8.656084 8.664540 0.032158 0.032257 0.072611 0.065052 0.032257 0.032149 0.032257 24000 25639
27 62.310000 60.320000 1000000 8.653206 8.655356 8.650928 8.659164 0.032159 0.032257 0.070691 0.062902 0.032257 0.032149 0.032257 25630 27664
27 62.310000 60.320000 1000000 8.644766 8.644604 8.642397 8.648008 0.032160 0.032257 0.068785 0.060752 0.032257 0.032151 0.032257 27660 28468
27 62.310000 60.320000 1000000 8.638127 8.638152 8.635753 8.641556 0.032163 0.032257 0.070691 0.062902 0.032257 0.032154 0.032257 28460 29508
27 62.310000 60.320000 1000000 8.637487 8.637077 8.635112 8.640481 0.032163 0.032257 0.071649 0.063977 0.032257 0.032154 0.032257 29500 30011
27 62.310000 60.320000 1000000 8.636033 8.636002 8.633657 8.639405 0.032163 0.032257 0.072611 0.065053 0.032257 0.032154 0.032257 30010 30887
27 62.310000 60.320000 1000000 8.631997 8.632776 8.629617 8.636180 0.032162 0.032257 0.075515 0.068278 0.032257 0.032153 0.032257 30880 31289
27 62.310000 60.320000 1000000 8.630354 8.631700 8.627973 8.635104 0.032162 0.032257 0.074544 0.067203 0.032257 0.032153 0.032257 31280 32591
27 62.310000 60.320000 1000000 8.614718 8.620410 8.612264 8.622963 0.032165 0.032257 0.077953 0.070965 0.032257 0.032156 0.032257 32590 34972
27 62.310000 60.320000 1000000 8.600980 8.607507 8.598513 8.610060 0.032169 0.032257 0.072128 0.064513 0.032257 0.032160 0.032257 34970 35805
27 62.310000 60.320000 1000000 8.587339 8.592991 8.584577 8.592990 0.032173 0.032257 0.064085 0.055375 0.032257 0.032164 0.032257 35800 36657
27 62.310000 60.320000 1000000 8.585695 8.591916 8.582932 8.591915 0.032173 0.032257 0.065017 0.056450 0.032257 0.032164 0.032257 36650 38363
27 62.310000 60.320000 1000000 8.581326 8.583851 8.578292 8.581296 0.032172 0.032257 0.065484 0.056988 0.032257 0.032163 0.032257 38360 38619
27 62.310000 60.320000 1000000 8.580945 8.582776 8.577910 8.580221 0.032172 0.032257 0.064552 0.055914 0.032257 0.032163 0.032257 38610 38825
27 62.310000 60.320000 1000000 8.580716 8.581701 8.577949 8.580400 0.032172 0.032257 0.064552 0.055914 0.032257 0.032163 0.032257 38820 44164
27 62.310000 60.320000 1000000 8.557577 8.566647 8.554787 8.565347 0.032179 0.032257 0.060864 0.051613 0.032257 0.032170 0.032257 44160 46738
27 62.310000 60.320000 1000000 8.556230 8.565572 8.553439 8.564271 0.032179 0.032257 0.059955 0.050537 0.032257 0.032170 0.032257 46730 47424
27 62.310000 60.320000 1000000 8.552433 8.560195 8.549638 8.558895 0.032180 0.032257 0.060864 0.051613 0.032257 0.032171 0.032257 47420 47883
27 62.310000 60.320000 1000000 8.552270 8.558583 8.549389 8.556431 0.032180 0.032257 0.061321 0.052151 0.032257 0.032171 0.032257 47880 47913
27 62.310000 60.320000 1000000 8.551022 8.557507 8.548140 8.555356 0.032180 0.032257 0.060409 0.051075 0.032257 0.032171 0.032257 47910 50522
27 62.310000 60.320000 1000000 8.545533 8.552131 8.542515 8.549576 0.032180 0.032257 0.060409 0.051075 0.032257 0.032172 0.032257 50520 50546
27 62.310000 60.320000 1000000 8.544095 8.551056 8.541076 8.548501 0.032179 0.032257 0.061321 0.052151 0.032257 0.032171 0.032257 50540 52318
27 62.310000 60.320000 1000000 8.533151 8.543529 8.530120 8.540974 0.032182 0.032257 0.059503 0.050001 0.032257 0.032174 0.032257 52310 53970
27 62.310000 60.320000 1000000 8.525923 8.538153 8.522883 8.535598 0.032182 0.032257 0.061321 0.052151 0.032257 0.032174 0.032257 53970 58890
27 62.310000 60.320000 1000000 8.520456 8.531701 8.517156 8.528340 0.032184 0.032257 0.062238 0.053226 0.032257 0.032175 0.032257 58890 61211
27 62.310000 60.320000 1000000 8.509908 8.523099 8.506596 8.519737 0.032186 0.032257 0.063160 0.054301 0.032257 0.032177 0.032257 61210 68952
27 62.310000 60.320000 1000000 8.482936 8.502669 8.479592 8.499307 0.032190 0.032257 0.065954 0.057528 0.032257 0.032181 0.032257 68950 71754
27 62.310000 60.320000 1000000 8.475726 8.496217 8.472373 8.492856 0.032193 0.032257 0.062238 0.053226 0.032257 0.032184 0.032257 71750 73969
27 62.310000 60.320000 1000000 8.474681 8.495142 8.471327 8.491780 0.032193 0.032257 0.062238 0.053226 0.032257 0.032185 0.032257 73960 74546
27 62.310000 60.320000 1000000 8.473004 8.494066 8.469648 8.490705 0.032193 0.032257 0.061321 0.052151 0.032257 0.032185 0.032257 74540 75454
27 62.310000 60.320000 1000000 8.469054 8.489765 8.465694 8.486404 0.032195 0.032257 0.060410 0.051076 0.032257 0.032186 0.032257 75450 75610
27 62.310000 60.320000 1000000 8.468319 8.488690 8.464958 8.485329 0.032195 0.032257 0.059503 0.050001 0.032257 0.032187 0.032257 75610 76214
27 62.310000 60.320000 1000000 8.467984 8.487615 8.464496 8.483850 0.032196 0.032257 0.059503 0.050001 0.032257 0.032187 0.032257 76210 76785
27 62.310000 60.320000 1000000 8.466273 8.486540 8.462783 8.482775 0.032196 0.032257 0.058603 0.048926 0.032257 0.032187 0.032257 76780 80597
27 62.310000 60.320000 1000000 8.463224 8.483314 8.459730 8.479549 0.032195 0.032257 0.058603 0.048926 0.032257 0.032187 0.032257 80590 98513
27 62.310000 60.320000 1000000 8.452886 8.476862 8.449380 8.473098 0.032196 0.032257 0.054195 0.043549 0.032257 0.032187 0.032257 87460 101201
27 62.310000 60.320000 1000000 8.447895 8.472561 8.444383 8.468797 0.032197 0.032257 0.051639 0.040324 0.032257 0.032189 0.032257 101200 104266
27 62.310000 60.320000 1000000 8.433646 8.460733 8.430116 8.456969 0.032199 0.032257 0.054195 0.043550 0.032257 0.032190 0.032257 104260 122188
27 62.310000 60.320000 1000000 8.416045 8.443529 8.412317 8.438062 0.032200 0.032257 0.061321 0.052151 0.032257 0.032192 0.032257 122180 132302
27 62.310000 60.320000 1000000 8.400570 8.431701 8.396822 8.426234 0.032201 0.032257 0.066894 0.058603 0.032257 0.032193 0.032257 132300 142901
27 62.310000 60.320000 1000000 8.392579 8.425249 8.388820 8.419782 0.032202 0.032257 0.065019 0.056453 0.032257 0.032194 0.032257 142900 152872
27 62.310000 60.320000 1000000 8.384046 8.415572 8.380275 8.410105 0.032204 0.032257 0.065955 0.057528 0.032257 0.032196 0.032257 152870 157475
27 62.310000 60.320000 1000000 8.376812 8.410195 8.373032 8.404729 0.032204 0.032257 0.062240 0.053228 0.032257 0.032196 0.032257 157470 160705
27 62.310000 60.320000 1000000 8.367075 8.403206 8.363217 8.396888 0.032209 0.032257 0.061782 0.052692 0.032257 0.032201 0.032257 160700 169736
27 62.310000 60.320000 1000000 8.354022 8.393529 8.350146 8.387211 0.032207 0.032257 0.066426 0.058068 0.032257 0.032199 0.032257 169730 174993
27 62.310000 60.320000 1000000 8.352105 8.392454 8.348226 8.386135 0.032208 0.032257 0.066426 0.058067 0.032257 0.032200 0.032257 174990 176658
27 62.310000 60.320000 1000000 8.351325 8.391378 8.347446 8.385060 0.032207 0.032257 0.065488 0.056992 0.032257 0.032199 0.032257 176650 176709
27 62.310000 60.320000 1000000 8.350271 8.390303 8.346390 8.383985 0.032208 0.032257 0.066425 0.058067 0.032257 0.032200 0.032257 176700 192659
27 62.310000 60.320000 1000000 8.345243 8.384927 8.341355 8.378608 0.032208 0.032257 0.065487 0.056992 0.032257 0.032200 0.032257 192650 253555
27 62.310000 60.320000 1000000 8.294971 8.325787 8.291243 8.318573 0.032224 0.032257 0.069262 0.061292 0.032257 0.032216 0.032257 253550 259095
27 62.310000 60.320000 1000000 8.293593 8.324712 8.289862 8.317498 0.032224 0.032257 0.070215 0.062367 0.032257 0.032216 0.032257 259090 266195
27 62.310000 60.320000 1000000 8.288431 8.321486 8.284693 8.314272 0.032225 0.032257 0.069262 0.061292 0.032257 0.032217 0.032257 266190 271930
27 62.310000 60.320000 1000000 8.287273 8.320411 8.283534 8.313196 0.032224 0.032257 0.068312 0.060217 0.032257 0.032216 0.032257 271930 273512
27 62.310000 60.320000 1000000 8.283198 8.317185 8.279454 8.309971 0.032224 0.032257 0.066425 0.058067 0.032257 0.032216 0.032257 273510 275212
27 62.310000 60.320000 1000000 8.281935 8.316110 8.278189 8.308895 0.032224 0.032257 0.067367 0.059142 0.032257 0.032215 0.032257 275210 285468
27 62.310000 60.320000 1000000 8.265896 8.304282 8.262128 8.297067 0.032225 0.032257 0.065486 0.056990 0.032257 0.032217 0.032257 285460 293086
27 62.310000 60.320000 1000000 8.262415 8.301056 8.258643 8.293842 0.032224 0.032257 0.066424 0.058065 0.032257 0.032216 0.032257 293080 296867
27 62.310000 60.320000 1000000 8.256991 8.296755 8.253078 8.289137 0.032224 0.032257 0.067366 0.059140 0.032257 0.032216 0.032257 296860 300787
27 62.310000 60.320000 1000000 8.256405 8.295680 8.252491 8.288062 0.032224 0.032257 0.068311 0.060215 0.032257 0.032216 0.032257 300780 311880
27 62.310000 60.320000 1000000 8.255160 8.294604 8.251244 8.286987 0.032224 0.032257 0.069261 0.061291 0.032257 0.032216 0.032257 311880 331994
27 62.310000 60.320000 1000000 8.250067 8.288153 8.245761 8.279326 0.032225 0.032257 0.071172 0.063442 0.032257 0.032217 0.032257 331990 341619
27 62.310000 60.320000 1000000 8.246687 8.279551 8.242637 8.271530 0.032225 0.032257 0.074061 0.066667 0.032257 0.032217 0.032257 341610 355216
27 62.310000 60.320000 1000000 8.244063 8.274174 8.240570 8.268663 0.032226 0.032257 0.070215 0.062366 0.032257 0.032218 0.032257 355210 357578
27 62.310000 60.320000 1000000 8.242242 8.273099 8.238747 8.267587 0.032226 0.032257 0.069262 0.061291 0.032257 0.032218 0.032257 357570 371180
27 62.310000 60.320000 1000000 8.241445 8.269873 8.238486 8.266870 0.032227 0.032257 0.067365 0.059140 0.032257 0.032218 0.032257 371180 404093
27 62.310000 60.320000 1000000 8.227341 8.259120 8.224368 8.256118 0.032226 0.032257 0.068311 0.060215 0.032257 0.032217 0.032257 404090 440273
27 62.310000 60.320000 1000000 8.221887 8.249443 8.218545 8.245231 0.032230 0.032257 0.066424 0.058065 0.032257 0.032221 0.032257 440270 454844
27 62.310000 60.320000 1000000 8.220092 8.248368 8.216748 8.244155 0.032230 0.032257 0.065486 0.056990 0.032257 0.032222 0.032257 454840 459195
27 62.310000 60.320000 1000000 8.214776 8.244067 8.211688 8.241109 0.032231 0.032257 0.064552 0.055915 0.032257 0.032223 0.032257 459190 474681
27 62.310000 60.320000 1000000 8.214125 8.242991 8.211037 8.240033 0.032231 0.032257 0.064552 0.055915 0.032257 0.032223 0.032257 474680 502295
27 62.310000 60.320000 1000000 8.209580 8.233314 8.205885 8.227937 0.032232 0.032257 0.069262 0.061292 0.032257 0.032223 0.032257 502290 532138
27 62.310000 60.320000 1000000 8.197393 8.221486 8.193515 8.214406 0.032235 0.032257 0.069264 0.061294 0.032257 0.032227 0.032257 532130 534280
27 62.310000 60.320000 1000000 8.196383 8.220411 8.192504 8.213331 0.032235 0.032257 0.068314 0.060219 0.032257 0.032227 0.032257 534280 544873
27 62.310000 60.320000 1000000 8.194988 8.219336 8.191106 8.212256 0.032235 0.032257 0.069264 0.061294 0.032257 0.032227 0.032257 544870 575305
27 62.310000 60.320000 1000000 8.186629 8.209658 8.183499 8.206342 0.032233 0.032257 0.069264 0.061294 0.032257 0.032224 0.032257 575300 603773
27 62.310000 60.320000 1000000 8.181324 8.205357 8.178188 8.202041 0.032232 0.032257 0.066426 0.058068 0.032257 0.032223 0.032257 583750 684185
27 62.310000 60.320000 1000000 8.173428 8.197830 8.170282 8.194514 0.032231 0.032257 0.064555 0.055918 0.032257 0.032222 0.032257 604530 697652
27 62.310000 60.320000 1000000 8.134721 8.161271 8.131727 8.159209 0.032232 0.032257 0.061780 0.052690 0.032257 0.032223 0.032257 697650 707266
27 62.310000 60.320000 1000000 8.133821 8.160196 8.130825 8.158134 0.032232 0.032257 0.062700 0.053766 0.032257 0.032223 0.032257 707260 711322
27 62.310000 60.320000 1000000 8.133581 8.159121 8.130495 8.156655 0.032232 0.032257 0.063624 0.054841 0.032257 0.032223 0.032257 711320 718352
27 62.310000 60.320000 1000000 8.133154 8.158045 8.130068 8.155580 0.032232 0.032257 0.063624 0.054841 0.032257 0.032223 0.032257 718350 720013
27 62.310000 60.320000 1000000 8.131427 8.156970 8.128339 8.154505 0.032232 0.032257 0.062700 0.053766 0.032257 0.032223 0.032257 720010 725498
27 62.310000 60.320000 1000000 8.121581 8.150518 8.118481 8.148053 0.032233 0.032257 0.065486 0.056990 0.032257 0.032224 0.032257 725490 739505
27 62.310000 60.320000 1000000 8.120436 8.149443 8.117335 8.146978 0.032233 0.032257 0.066424 0.058065 0.032257 0.032224 0.032257 739500 757677
27 62.310000 60.320000 1000000 8.114544 8.145142 8.111436 8.142677 0.032232 0.032257 0.065486 0.056990 0.032257 0.032223 0.032257 757670 777156
27 62.310000 60.320000 1000000 8.106523 8.137077 8.103323 8.133761 0.032235 0.032257 0.062238 0.053226 0.032257 0.032226 0.032257 777150 777355
27 62.310000 60.320000 1000000 8.105475 8.136002 8.102274 8.132686 0.032235 0.032257 0.061321 0.052151 0.032257 0.032226 0.032257 777350 785515
27 62.310000 60.320000 1000000 8.104643 8.134927 8.101440 8.131611 0.032235 0.032257 0.060409 0.051076 0.032257 0.032226 0.032257 785510 803400
27 62.310000 60.320000 1000000 8.091941 8.125787 8.088658 8.121620 0.032239 0.032257 0.059051 0.049462 0.032257 0.032230 0.032257 803400 815974
27 62.310000 60.320000 1000000 8.091431 8.124712 8.088147 8.120544 0.032239 0.032257 0.059955 0.050537 0.032257 0.032231 0.032257 815970 820562
27 62.310000 60.320000 1000000 8.089958 8.123637 8.086672 8.119469 0.032240 0.032257 0.059051 0.049462 0.032257 0.032231 0.032257 820560 951671
27 62.310000 60.320000 1000000 8.084433 8.117185 8.081140 8.113017 0.032242 0.032257 0.055500 0.045163 0.032257 0.032233 0.032257 843290 870528
27 62.310000 60.320000 1000000 8.079096 8.112884 8.075797 8.108716 0.032242 0.032257 0.054629 0.044088 0.032257 0.032233 0.032257 870520 951671
27 62.310000 60.320000 1000000 8.066440 8.098906 8.063125 8.094738 0.032238 0.032257 0.062700 0.053765 0.032257 0.032229 0.032257 951670 956787
27 62.310000 60.320000 1000000 8.065362 8.097830 8.062046 8.093663 0.032238 0.032257 0.062700 0.053765 0.032257 0.032229 0.032257 956780 968129
27 62.310000 60.320000 1000000 8.063591 8.096755 8.060272 8.092587 0.032238 0.032257 0.061780 0.052690 0.032257 0.032229 0.032257 968120 981106
27 62.310000 60.320000 1000000 8.060291 8.093529 8.056969 8.089362 0.032239 0.032257 0.060866 0.051615 0.032257 0.032230 0.032257 981100 988026
27 62.310000 60.320000 1000000 8.059388 8.092454 8.056064 8.088286 0.032238 0.032257 0.061780 0.052690 0.032257 0.032229 0.032257 988020 1000000
