31 62.310000 60.320000 1000000 15.154628 14.756952 15.153286 14.766941 0.032150 0.032259 0.181386 0.178494 0.032259 0.032143 0.032259 0 50
31 62.310000 60.320000 1000000 13.997457 13.773620 13.994699 13.771378 0.032127 0.032259 0.306541 0.304839 0.032259 0.032118 0.032259 50 60
31 62.310000 60.320000 1000000 13.565204 13.425234 13.562174 13.422993 0.032147 0.032259 0.230762 0.228496 0.032259 0.032138 0.032259 60 70
31 62.310000 60.320000 1000000 13.348331 13.243515 13.345106 13.242662 0.032170 0.032259 0.203117 0.200539 0.032259 0.032160 0.032259 70 80
31 62.310000 60.320000 1000000 13.252390 13.152117 13.249095 13.151264 0.032176 0.032259 0.209489 0.206990 0.032259 0.032167 0.032259 80 93
31 62.310000 60.320000 1000000 13.162211 13.075773 13.158848 13.074921 0.032182 0.032259 0.202055 0.199464 0.032259 0.032173 0.032259 90 100
31 62.310000 60.320000 1000000 13.111684 13.023085 13.108187 13.021829 0.032182 0.032259 0.213739 0.211291 0.032259 0.032173 0.032259 100 112
31 62.310000 60.320000 1000000 13.062714 12.981149 13.059178 12.979894 0.032175 0.032259 0.216929 0.214517 0.032259 0.032166 0.032259 110 124
31 62.310000 60.320000 1000000 12.919038 12.870397 12.915382 12.869141 0.032179 0.032259 0.179797 0.176880 0.032259 0.032170 0.032259 120 133
31 62.310000 60.320000 1000000 12.883415 12.830612 12.879924 12.830611 0.032175 0.032259 0.171342 0.168278 0.032259 0.032166 0.032259 130 140
31 62.310000 60.320000 1000000 12.846037 12.783300 12.842156 12.781686 0.032175 0.032259 0.167120 0.163977 0.032259 0.032166 0.032259 140 152
31 62.310000 60.320000 1000000 12.818130 12.756418 12.814224 12.754804 0.032175 0.032259 0.165010 0.161826 0.032259 0.032166 0.032259 150 162
31 62.310000 60.320000 1000000 12.774255 12.712870 12.770102 12.708702 0.032176 0.032259 0.170813 0.167739 0.032259 0.032167 0.032259 160 172
31 62.310000 60.320000 1000000 12.739644 12.676311 12.735456 12.672143 0.032175 0.032259 0.163426 0.160211 0.032259 0.032166 0.032259 170 181
31 62.310000 60.320000 1000000 12.723156 12.644053 12.718323 12.636167 0.032173 0.032259 0.160268 0.156988 0.032259 0.032164 0.032259 180 195
31 62.310000 60.320000 1000000 12.705334 12.618247 12.700480 12.610360 0.032172 0.032259 0.162374 0.159137 0.032259 0.032163 0.032259 190 212
31 62.310000 60.320000 1000000 12.659549 12.567172 12.654446 12.556732 0.032155 0.032259 0.155530 0.152148 0.032259 0.032146 0.032259 210 223
31 62.310000 60.320000 1000000 12.651602 12.560183 12.646420 12.548891 0.032156 0.032259 0.159213 0.155911 0.032259 0.032146 0.032259 220 230
31 62.310000 60.320000 1000000 12.612141 12.519323 12.606910 12.508031 0.032148 0.032259 0.159212 0.155910 0.032259 0.032139 0.032259 230 244
31 62.310000 60.320000 1000000 12.594199 12.503194 12.588848 12.491499 0.032143 0.032259 0.163427 0.160212 0.032259 0.032133 0.032259 240 269
31 62.310000 60.320000 1000000 12.560692 12.472011 12.555299 12.460316 0.032135 0.032259 0.177152 0.174190 0.032259 0.032125 0.032259 250 261
31 62.310000 60.320000 1000000 12.550532 12.462334 12.545125 12.450639 0.032137 0.032259 0.171868 0.168814 0.032259 0.032128 0.032259 260 281
31 62.310000 60.320000 1000000 12.529357 12.446205 12.524141 12.435764 0.032137 0.032259 0.160266 0.156986 0.032259 0.032128 0.032259 280 296
31 62.310000 60.320000 1000000 12.512602 12.423624 12.507366 12.413184 0.032128 0.032259 0.168701 0.165588 0.032259 0.032119 0.032259 290 302
31 62.310000 60.320000 1000000 12.493879 12.402119 12.488619 12.391679 0.032123 0.032259 0.171869 0.168815 0.032259 0.032113 0.032259 300 339
31 62.310000 60.320000 1000000 12.480955 12.392441 12.475679 12.382001 0.032127 0.032259 0.169757 0.166664 0.032259 0.032118 0.032259 310 354
31 62.310000 60.320000 1000000 12.472178 12.375237 12.465885 12.360361 0.032126 0.032259 0.173982 0.170966 0.032259 0.032116 0.032259 320 347
31 62.310000 60.320000 1000000 12.463751 12.365560 12.457445 12.350684 0.032125 0.032259 0.179268 0.176342 0.032259 0.032115 0.032259 340 354
31 62.310000 60.320000 1000000 12.459619 12.360184 12.453954 12.349071 0.032126 0.032259 0.176095 0.173116 0.032259 0.032116 0.032259 350 368
31 62.310000 60.320000 1000000 12.454587 12.352657 12.448915 12.341544 0.032125 0.032259 0.180326 0.177417 0.032259 0.032115 0.032259 360 388
31 62.310000 60.320000 1000000 12.391258 12.288141 12.388233 12.294591 0.032139 0.032259 0.172925 0.169889 0.032259 0.032130 0.032259 380 430
31 62.310000 60.320000 1000000 12.371751 12.256421 12.369418 12.264887 0.032144 0.032259 0.165008 0.161824 0.032259 0.032135 0.032259 390 447
31 62.310000 60.320000 1000000 12.321512 12.197281 12.319150 12.205748 0.032124 0.032259 0.161847 0.158600 0.032259 0.032115 0.032259 440 484
31 62.310000 60.320000 1000000 12.273559 12.145131 12.270899 12.151940 0.032121 0.032259 0.143454 0.139780 0.032259 0.032112 0.032259 480 490
31 62.310000 60.320000 1000000 12.260996 12.136529 12.258327 12.143338 0.032123 0.032259 0.138221 0.134404 0.032259 0.032114 0.032259 490 513
31 62.310000 60.320000 1000000 12.253563 12.129002 12.250890 12.135811 0.032123 0.032259 0.141360 0.137630 0.032259 0.032113 0.032259 510 536
31 62.310000 60.320000 1000000 12.240832 12.116099 12.238151 12.122908 0.032124 0.032259 0.138222 0.134405 0.032259 0.032115 0.032259 530 553
31 62.310000 60.320000 1000000 12.211550 12.075777 12.208413 12.076627 0.032114 0.032259 0.118970 0.114513 0.032259 0.032105 0.032259 550 580
31 62.310000 60.320000 1000000 12.196325 12.054272 12.193175 12.055122 0.032105 0.032259 0.129353 0.125266 0.032259 0.032096 0.032259 570 583
31 62.310000 60.320000 1000000 12.154737 12.014487 12.151919 12.017846 0.032097 0.032259 0.141886 0.138170 0.032259 0.032087 0.032259 580 601
31 62.310000 60.320000 1000000 12.145333 12.006960 12.142507 12.010319 0.032098 0.032259 0.143981 0.140321 0.032259 0.032089 0.032259 590 607
31 62.310000 60.320000 1000000 12.145026 12.005885 12.142200 12.009244 0.032098 0.032259 0.145029 0.141396 0.032259 0.032089 0.032259 600 612
31 62.310000 60.320000 1000000 12.140280 11.997283 12.137361 12.000239 0.032097 0.032259 0.140839 0.137095 0.032259 0.032088 0.032259 610 628
31 62.310000 60.320000 1000000 12.136405 11.992982 12.133484 11.995938 0.032097 0.032259 0.138747 0.134944 0.032259 0.032088 0.032259 620 661
31 62.310000 60.320000 1000000 12.104539 11.966100 12.101594 11.969056 0.032089 0.032259 0.149226 0.145697 0.032259 0.032080 0.032259 660 674
31 62.310000 60.320000 1000000 12.102025 11.963950 12.099078 11.966906 0.032090 0.032259 0.148176 0.144622 0.032259 0.032080 0.032259 670 709
31 62.310000 60.320000 1000000 12.077047 11.947821 12.074082 11.950777 0.032090 0.032259 0.149226 0.145698 0.032259 0.032081 0.032259 680 727
31 62.310000 60.320000 1000000 12.055266 11.927391 12.052285 11.930346 0.032090 0.032259 0.142934 0.139247 0.032259 0.032080 0.032259 720 797
31 62.310000 60.320000 1000000 12.024422 11.891907 12.021237 11.894056 0.032083 0.032259 0.141888 0.138172 0.032259 0.032074 0.032259 790 805
31 62.310000 60.320000 1000000 12.021545 11.889756 12.018359 11.891906 0.032082 0.032259 0.140841 0.137097 0.032259 0.032073 0.032259 800 834
31 62.310000 60.320000 1000000 12.005854 11.874703 12.002655 11.876852 0.032082 0.032259 0.139794 0.136021 0.032259 0.032073 0.032259 830 915
31 62.310000 60.320000 1000000 11.994706 11.863950 11.991498 11.866099 0.032082 0.032259 0.140840 0.137096 0.032259 0.032072 0.032259 880 927
31 62.310000 60.320000 1000000 11.984898 11.845671 11.981682 11.847820 0.032078 0.032259 0.142935 0.139247 0.032259 0.032069 0.032259 920 991
31 62.310000 60.320000 1000000 11.950914 11.803735 11.947671 11.805885 0.032047 0.032259 0.148178 0.144624 0.032259 0.032038 0.032259 990 1004
31 62.310000 60.320000 1000000 11.949417 11.802660 11.946173 11.804809 0.032047 0.032259 0.149227 0.145699 0.032259 0.032038 0.032259 1000 1073
31 62.310000 60.320000 1000000 11.918988 11.756423 11.915614 11.758169 0.032033 0.032259 0.145031 0.141398 0.032259 0.032024 0.032259 1070 1082
31 62.310000 60.320000 1000000 11.908474 11.746746 11.905531 11.751001 0.032037 0.032259 0.141889 0.138173 0.032259 0.032028 0.032259 1080 1094
31 62.310000 60.320000 1000000 11.904007 11.742445 11.901060 11.746700 0.032038 0.032259 0.141889 0.138173 0.032259 0.032028 0.032259 1090 1119
31 62.310000 60.320000 1000000 11.889305 11.726316 11.886347 11.730571 0.032035 0.032259 0.138749 0.134947 0.032259 0.032025 0.032259 1110 1127
31 62.310000 60.320000 1000000 11.886004 11.723090 11.883043 11.727345 0.032035 0.032259 0.138749 0.134947 0.032259 0.032026 0.032259 1120 1266
31 62.310000 60.320000 1000000 11.844914 11.684381 11.842301 11.691145 0.032031 0.032259 0.129356 0.125269 0.032259 0.032021 0.032259 1260 1279
31 62.310000 60.320000 1000000 11.841286 11.679004 11.838672 11.685768 0.032025 0.032259 0.127276 0.123120 0.032259 0.032015 0.032259 1270 1314
31 62.310000 60.320000 1000000 11.826778 11.661800 11.823992 11.666862 0.032020 0.032259 0.129357 0.125270 0.032259 0.032011 0.032259 1310 1351
31 62.310000 60.320000 1000000 11.813190 11.644596 11.810394 11.649657 0.032009 0.032259 0.136658 0.132796 0.032259 0.032000 0.032259 1350 1415
31 62.310000 60.320000 1000000 11.763509 11.603736 11.760677 11.608797 0.032000 0.032259 0.138750 0.134948 0.032259 0.031990 0.032259 1410 1433
31 62.310000 60.320000 1000000 11.762294 11.599972 11.759381 11.604183 0.031999 0.032259 0.137182 0.133335 0.032259 0.031990 0.032259 1430 1484
31 62.310000 60.320000 1000000 11.730218 11.572016 11.727281 11.576226 0.031988 0.032259 0.133004 0.129033 0.032259 0.031978 0.032259 1480 1507
31 62.310000 60.320000 1000000 11.729764 11.570940 11.726827 11.575151 0.031988 0.032259 0.133004 0.129033 0.032259 0.031978 0.032259 1500 1534
31 62.310000 60.320000 1000000 11.729242 11.569865 11.726305 11.574075 0.031987 0.032259 0.133004 0.129033 0.032259 0.031978 0.032259 1530 1547
31 62.310000 60.320000 1000000 11.726820 11.566639 11.723880 11.570850 0.031984 0.032259 0.133005 0.129033 0.032259 0.031974 0.032259 1540 1604
31 62.310000 60.320000 1000000 11.719083 11.555887 11.716138 11.560097 0.031977 0.032259 0.138227 0.134410 0.032259 0.031968 0.032259 1600 1659
31 62.310000 60.320000 1000000 11.697091 11.537607 11.694129 11.541817 0.031985 0.032259 0.137181 0.133334 0.032259 0.031976 0.032259 1650 1674
31 62.310000 60.320000 1000000 11.689382 11.529005 11.686414 11.533215 0.031979 0.032259 0.136137 0.132260 0.032259 0.031969 0.032259 1670 1699
31 62.310000 60.320000 1000000 11.685843 11.525779 11.682873 11.529989 0.031978 0.032259 0.137182 0.133335 0.032259 0.031969 0.032259 1690 1706
31 62.310000 60.320000 1000000 11.685679 11.524704 11.682900 11.530169 0.031978 0.032259 0.138227 0.134410 0.032259 0.031969 0.032259 1700 1846
31 62.310000 60.320000 1000000 11.635498 11.465564 11.632234 11.468117 0.031957 0.032259 0.161324 0.158066 0.032259 0.031948 0.032259 1840 1871
31 62.310000 60.320000 1000000 11.622751 11.454812 11.619477 11.457364 0.031954 0.032259 0.151854 0.148388 0.032259 0.031944 0.032259 1870 1916
31 62.310000 60.320000 1000000 11.622600 11.453199 11.619246 11.454900 0.031954 0.032259 0.151331 0.147852 0.032259 0.031944 0.032259 1910 1956
31 62.310000 60.320000 1000000 11.616105 11.446747 11.612746 11.448449 0.031953 0.032259 0.150281 0.146778 0.032259 0.031944 0.032259 1950 1968
31 62.310000 60.320000 1000000 11.615646 11.445672 11.612286 11.447373 0.031953 0.032259 0.150281 0.146778 0.032259 0.031944 0.032259 1960 1977
31 62.310000 60.320000 1000000 11.615517 11.444059 11.612090 11.444909 0.031953 0.032259 0.149756 0.146240 0.032259 0.031944 0.032259 1970 2256
31 62.310000 60.320000 1000000 11.600636 11.434382 11.597195 11.435232 0.031955 0.032259 0.147656 0.144089 0.032259 0.031946 0.032259 2010 2185
31 62.310000 60.320000 1000000 11.557688 11.404274 11.554208 11.405124 0.031962 0.032259 0.151856 0.148390 0.032259 0.031953 0.032259 2180 2256
31 62.310000 60.320000 1000000 11.556814 11.403199 11.553334 11.404049 0.031962 0.032259 0.151856 0.148390 0.032259 0.031952 0.032259 2250 2327
31 62.310000 60.320000 1000000 11.542845 11.390296 11.539352 11.391146 0.031966 0.032259 0.151856 0.148390 0.032259 0.031957 0.032259 2320 2459
31 62.310000 60.320000 1000000 11.535125 11.381694 11.531490 11.380841 0.031970 0.032259 0.151856 0.148391 0.032259 0.031960 0.032259 2450 2553
31 62.310000 60.320000 1000000 11.518024 11.369866 11.514373 11.369013 0.031974 0.032259 0.144510 0.140863 0.032259 0.031964 0.032259 2550 2597
31 62.310000 60.320000 1000000 11.515694 11.366640 11.512041 11.365788 0.031970 0.032259 0.143462 0.139788 0.032259 0.031961 0.032259 2590 2645
31 62.310000 60.320000 1000000 11.504266 11.356963 11.500602 11.356110 0.031971 0.032259 0.143462 0.139788 0.032259 0.031962 0.032259 2610 2824
31 62.310000 60.320000 1000000 11.460661 11.318253 11.456955 11.317401 0.031962 0.032259 0.148705 0.145164 0.032259 0.031953 0.032259 2820 2838
31 62.310000 60.320000 1000000 11.457463 11.311802 11.454920 11.317222 0.031964 0.032259 0.152906 0.149464 0.032259 0.031954 0.032259 2830 2861
31 62.310000 60.320000 1000000 11.443222 11.303199 11.440871 11.309874 0.031970 0.032259 0.155008 0.151614 0.032259 0.031960 0.032259 2860 2886
31 62.310000 60.320000 1000000 11.441600 11.302124 11.439248 11.308799 0.031970 0.032259 0.153957 0.150539 0.032259 0.031960 0.032259 2880 3070
31 62.310000 60.320000 1000000 11.413943 11.277393 11.411574 11.284068 0.031959 0.032259 0.165540 0.162367 0.032259 0.031949 0.032259 3070 3209
31 62.310000 60.320000 1000000 11.390096 11.240834 11.387712 11.247509 0.031939 0.032259 0.158164 0.154839 0.032259 0.031929 0.032259 3200 3301
31 62.310000 60.320000 1000000 11.382019 11.230082 11.379168 11.235143 0.031943 0.032259 0.155007 0.151613 0.032259 0.031933 0.032259 3280 3502
31 62.310000 60.320000 1000000 11.307563 11.148362 11.304656 11.153423 0.031912 0.032259 0.185620 0.182795 0.032259 0.031902 0.032259 3500 3713
31 62.310000 60.320000 1000000 11.270881 11.119329 11.267945 11.124391 0.031903 0.032259 0.178213 0.175269 0.032259 0.031893 0.032259 3710 4010
31 62.310000 60.320000 1000000 11.232901 11.079545 11.229935 11.084606 0.031902 0.032259 0.181386 0.178495 0.032259 0.031892 0.032259 4010 4239
31 62.310000 60.320000 1000000 11.223232 11.069867 11.220259 11.074929 0.031896 0.032259 0.182444 0.179570 0.032259 0.031886 0.032259 4230 4296
31 62.310000 60.320000 1000000 11.205086 11.055889 11.202098 11.060950 0.031894 0.032259 0.181387 0.178496 0.032259 0.031884 0.032259 4290 4334
31 62.310000 60.320000 1000000 11.204198 11.054814 11.201209 11.059875 0.031892 0.032259 0.181387 0.178496 0.032259 0.031882 0.032259 4330 4651
31 62.310000 60.320000 1000000 11.186844 11.026856 11.183841 11.031918 0.031874 0.032259 0.166595 0.163442 0.032259 0.031865 0.032259 4450 4462
31 62.310000 60.320000 1000000 11.186338 11.025781 11.183335 11.030843 0.031873 0.032259 0.166595 0.163442 0.032259 0.031864 0.032259 4460 4651
31 62.310000 60.320000 1000000 11.184600 11.024706 11.181596 11.029768 0.031874 0.032259 0.166595 0.163442 0.032259 0.031864 0.032259 4650 4720
31 62.310000 60.320000 1000000 11.170454 11.013953 11.167438 11.019015 0.031872 0.032259 0.160271 0.156991 0.032259 0.031863 0.032259 4720 5032
31 62.310000 60.320000 1000000 11.097294 10.961265 11.094218 10.966327 0.031875 0.032259 0.162378 0.159141 0.032259 0.031865 0.032259 5030 5143
31 62.310000 60.320000 1000000 11.092544 10.958040 11.089464 10.963101 0.031875 0.032259 0.165540 0.162367 0.032259 0.031866 0.032259 5140 5157
31 62.310000 60.320000 1000000 11.092357 10.956964 11.089495 10.963280 0.031875 0.032259 0.166595 0.163442 0.032259 0.031866 0.032259 5150 5163
31 62.310000 60.320000 1000000 11.091603 10.955889 11.088740 10.962205 0.031874 0.032259 0.166595 0.163442 0.032259 0.031864 0.032259 5160 5237
31 62.310000 60.320000 1000000 11.091124 10.954814 11.088261 10.961130 0.031874 0.032259 0.166595 0.163442 0.032259 0.031864 0.032259 5230 5240
31 62.310000 60.320000 1000000 11.090176 10.952663 11.087205 10.958576 0.031872 0.032259 0.167650 0.164517 0.032259 0.031863 0.032259 5240 5350
31 62.310000 60.320000 1000000 11.089487 10.951588 11.086516 10.957501 0.031872 0.032259 0.166595 0.163442 0.032259 0.031862 0.032259 5350 5404
31 62.310000 60.320000 1000000 11.078977 10.933308 11.075998 10.939221 0.031871 0.032259 0.166595 0.163442 0.032259 0.031862 0.032259 5400 5741
31 62.310000 60.320000 1000000 11.071607 10.927932 11.068622 10.933845 0.031869 0.032259 0.171872 0.168818 0.032259 0.031860 0.032259 5740 5773
31 62.310000 60.320000 1000000 11.069215 10.926857 11.066228 10.932770 0.031871 0.032259 0.172928 0.169893 0.032259 0.031862 0.032259 5770 5869
31 62.310000 60.320000 1000000 11.068489 10.925781 11.065501 10.931694 0.031870 0.032259 0.171872 0.168818 0.032259 0.031861 0.032259 5860 5982
31 62.310000 60.320000 1000000 11.050149 10.909652 11.047146 10.915565 0.031870 0.032259 0.177156 0.174194 0.032259 0.031861 0.032259 5980 6106
31 62.310000 60.320000 1000000 11.045849 10.905351 11.042842 10.911264 0.031868 0.032259 0.181386 0.178495 0.032259 0.031858 0.032259 6100 7151
31 62.310000 60.320000 1000000 11.025288 10.872018 11.022116 10.876228 0.031855 0.032259 0.176100 0.173120 0.032259 0.031845 0.032259 7150 7927
31 62.310000 60.320000 1000000 11.008765 10.847287 11.005047 10.846390 0.031850 0.032259 0.182448 0.179574 0.032259 0.031840 0.032259 7920 8226
31 62.310000 60.320000 1000000 10.981041 10.805352 10.977294 10.804455 0.031840 0.032259 0.210022 0.207530 0.032259 0.031831 0.032259 8220 8346
31 62.310000 60.320000 1000000 10.979037 10.804277 10.975288 10.803380 0.031842 0.032259 0.208960 0.206455 0.032259 0.031832 0.032259 8340 8417
31 62.310000 60.320000 1000000 10.974147 10.802126 10.970393 10.801229 0.031846 0.032259 0.206835 0.204304 0.032259 0.031837 0.032259 8390 8431
31 62.310000 60.320000 1000000 10.969177 10.798900 10.965418 10.798003 0.031849 0.032259 0.206835 0.204304 0.032259 0.031839 0.032259 8430 8453
31 62.310000 60.320000 1000000 10.968444 10.797825 10.964684 10.796928 0.031847 0.032259 0.205774 0.203230 0.032259 0.031838 0.032259 8450 8796
31 62.310000 60.320000 1000000 10.907704 10.741911 10.903663 10.740208 0.031820 0.032259 0.206836 0.204305 0.032259 0.031811 0.032259 8790 8975
31 62.310000 60.320000 1000000 10.873389 10.719331 10.869309 10.717627 0.031828 0.032259 0.200466 0.197854 0.032259 0.031819 0.032259 8970 9077
31 62.310000 60.320000 1000000 10.869665 10.716105 10.865581 10.714401 0.031828 0.032259 0.201528 0.198929 0.032259 0.031819 0.032259 9070 9524
31 62.310000 60.320000 1000000 10.837325 10.670943 10.830918 10.660772 0.031824 0.032259 0.210023 0.207531 0.032259 0.031815 0.032259 9520 10298
31 62.310000 60.320000 1000000 10.826340 10.662341 10.819913 10.652170 0.031827 0.032259 0.211085 0.208606 0.032259 0.031818 0.032259 9580 10718
31 62.310000 60.320000 1000000 10.753182 10.608578 10.746623 10.598407 0.031838 0.032259 0.189860 0.187099 0.032259 0.031829 0.032259 10290 10632
31 62.310000 60.320000 1000000 10.734937 10.592449 10.728345 10.582278 0.031830 0.032259 0.191979 0.189250 0.032259 0.031821 0.032259 10630 10718
31 62.310000 60.320000 1000000 10.732364 10.588148 10.725767 10.577976 0.031829 0.032259 0.194100 0.191400 0.032259 0.031820 0.032259 10710 12830
31 62.310000 60.320000 1000000 10.664422 10.508578 10.662206 10.522242 0.031833 0.032259 0.168706 0.165593 0.032259 0.031823 0.032259 12830 13118
31 62.310000 60.320000 1000000 10.652827 10.501051 10.650605 10.514715 0.031836 0.032259 0.166595 0.163442 0.032259 0.031826 0.032259 13110 14329
31 62.310000 60.320000 1000000 10.635133 10.485998 10.632899 10.499661 0.031837 0.032259 0.163431 0.160216 0.032259 0.031827 0.032259 14320 14967
31 62.310000 60.320000 1000000 10.619836 10.465567 10.617593 10.479231 0.031823 0.032259 0.158163 0.154839 0.032259 0.031813 0.032259 14960 15142
31 62.310000 60.320000 1000000 10.618496 10.464492 10.616252 10.478156 0.031824 0.032259 0.158163 0.154839 0.032259 0.031814 0.032259 15140 15552
31 62.310000 60.320000 1000000 10.606205 10.444062 10.603953 10.457726 0.031823 0.032259 0.161323 0.158064 0.032259 0.031813 0.032259 15550 15977
31 62.310000 60.320000 1000000 10.578877 10.426858 10.576607 10.440522 0.031831 0.032259 0.167649 0.164516 0.032259 0.031821 0.032259 15970 16326
31 62.310000 60.320000 1000000 10.570411 10.416105 10.568136 10.429769 0.031831 0.032259 0.166594 0.163441 0.032259 0.031821 0.032259 16320 16364
31 62.310000 60.320000 1000000 10.562508 10.409654 10.560228 10.423317 0.031832 0.032259 0.168704 0.165592 0.032259 0.031822 0.032259 16360 17304
31 62.310000 60.320000 1000000 10.545144 10.366644 10.541366 10.364985 0.031830 0.032259 0.159216 0.155914 0.032259 0.031820 0.032259 17300 20148
31 62.310000 60.320000 1000000 10.469988 10.320407 10.466127 10.318749 0.031864 0.032259 0.182445 0.179570 0.032259 0.031855 0.032259 18790 20215
31 62.310000 60.320000 1000000 10.427909 10.283848 10.424002 10.282189 0.031855 0.032259 0.172928 0.169892 0.032259 0.031846 0.032259 20210 20374
31 62.310000 60.320000 1000000 10.426373 10.282773 10.422464 10.281114 0.031855 0.032259 0.173984 0.170967 0.032259 0.031846 0.032259 20370 20800
31 62.310000 60.320000 1000000 10.422005 10.274171 10.418091 10.272512 0.031855 0.032259 0.172927 0.169892 0.032259 0.031845 0.032259 20800 21165
31 62.310000 60.320000 1000000 10.404975 10.232773 10.400969 10.230263 0.031831 0.032259 0.165011 0.161828 0.032259 0.031821 0.032259 21160 23053
31 62.310000 60.320000 1000000 10.382250 10.203741 10.378432 10.202486 0.031813 0.032259 0.171344 0.168280 0.032259 0.031804 0.032259 23050 23683
31 62.310000 60.320000 1000000 10.377134 10.200515 10.373310 10.199260 0.031814 0.032259 0.170288 0.167204 0.032259 0.031805 0.032259 23680 26366
31 62.310000 60.320000 1000000 10.317465 10.134925 10.313575 10.133669 0.031798 0.032259 0.176626 0.173655 0.032259 0.031789 0.032259 26360 26430
31 62.310000 60.320000 1000000 10.316397 10.133849 10.312506 10.132594 0.031799 0.032259 0.176625 0.173655 0.032259 0.031789 0.032259 26430 27342
31 62.310000 60.320000 1000000 10.310957 10.119871 10.305686 10.113777 0.031800 0.032259 0.178740 0.175805 0.032259 0.031791 0.032259 27340 27456
31 62.310000 60.320000 1000000 10.305666 10.115570 10.300387 10.109476 0.031800 0.032259 0.176626 0.173655 0.032259 0.031791 0.032259 27450 30169
31 62.310000 60.320000 1000000 10.282169 10.096215 10.276854 10.090121 0.031792 0.032259 0.178741 0.175806 0.032259 0.031783 0.032259 29020 30273
31 62.310000 60.320000 1000000 10.281110 10.095140 10.275793 10.089046 0.031793 0.032259 0.178741 0.175806 0.032259 0.031784 0.032259 30270 31091
31 62.310000 60.320000 1000000 10.273772 10.090839 10.268443 10.084745 0.031794 0.032259 0.181914 0.179031 0.032259 0.031785 0.032259 31090 31331
31 62.310000 60.320000 1000000 10.271247 10.089763 10.265915 10.083669 0.031797 0.032259 0.181914 0.179031 0.032259 0.031788 0.032259 31330 31421
31 62.310000 60.320000 1000000 10.270562 10.088688 10.265229 10.082594 0.031797 0.032259 0.181914 0.179031 0.032259 0.031788 0.032259 31420 31657
31 62.310000 60.320000 1000000 10.270092 10.087613 10.264758 10.081519 0.031797 0.032259 0.181915 0.179032 0.032259 0.031788 0.032259 31650 32094
31 62.310000 60.320000 1000000 10.252623 10.071484 10.247261 10.065390 0.031790 0.032259 0.179800 0.176882 0.032259 0.031781 0.032259 32090 32577
31 62.310000 60.320000 1000000 10.249884 10.067183 10.244518 10.061089 0.031786 0.032259 0.182974 0.180108 0.032259 0.031777 0.032259 32570 33141
31 62.310000 60.320000 1000000 10.248670 10.066108 10.243303 10.060013 0.031786 0.032259 0.184032 0.181183 0.032259 0.031777 0.032259 33140 34004
31 62.310000 60.320000 1000000 10.248395 10.065032 10.242923 10.058535 0.031786 0.032259 0.185091 0.182258 0.032259 0.031777 0.032259 34000 34093
31 62.310000 60.320000 1000000 10.248208 10.063957 10.242955 10.058714 0.031786 0.032259 0.186149 0.183332 0.032259 0.031777 0.032259 34090 34557
31 62.310000 60.320000 1000000 10.247635 10.059656 10.242473 10.053965 0.031786 0.032259 0.186149 0.183332 0.032259 0.031778 0.032259 34550 34631
31 62.310000 60.320000 1000000 10.244777 10.058581 10.239610 10.052890 0.031790 0.032259 0.185090 0.182257 0.032259 0.031782 0.032259 34630 35097
31 62.310000 60.320000 1000000 10.244105 10.057505 10.238938 10.051815 0.031789 0.032259 0.184031 0.181182 0.032259 0.031780 0.032259 35090 37099
31 62.310000 60.320000 1000000 10.229897 10.039764 10.224633 10.033221 0.031788 0.032259 0.178213 0.175269 0.032259 0.031779 0.032259 37090 37318
31 62.310000 60.320000 1000000 10.229126 10.038688 10.223861 10.032146 0.031786 0.032259 0.178213 0.175269 0.032259 0.031777 0.032259 37310 37396
31 62.310000 60.320000 1000000 10.227328 10.037613 10.222061 10.031071 0.031786 0.032259 0.178213 0.175269 0.032259 0.031777 0.032259 37390 40945
31 62.310000 60.320000 1000000 10.167357 9.988150 10.161995 9.981608 0.031794 0.032259 0.170817 0.167743 0.032259 0.031785 0.032259 40940 44326
31 62.310000 60.320000 1000000 10.138276 9.967720 10.132868 9.961178 0.031796 0.032259 0.173985 0.170969 0.032259 0.031787 0.032259 44320 46536
31 62.310000 60.320000 1000000 10.129361 9.954817 10.123939 9.948275 0.031784 0.032259 0.165540 0.162367 0.032259 0.031776 0.032259 46530 48306
31 62.310000 60.320000 1000000 10.113041 9.940839 10.107593 9.934296 0.031777 0.032259 0.161325 0.158066 0.032259 0.031768 0.032259 48300 49244
31 62.310000 60.320000 1000000 10.106953 9.930086 10.101495 9.923544 0.031767 0.032259 0.158165 0.154840 0.032259 0.031759 0.032259 49240 49789
31 62.310000 60.320000 1000000 10.100832 9.925785 10.095364 9.919243 0.031767 0.032259 0.157113 0.153765 0.032259 0.031758 0.032259 49780 51547
31 62.310000 60.320000 1000000 10.097988 9.921484 10.092515 9.914942 0.031767 0.032259 0.156060 0.152690 0.032259 0.031758 0.032259 51540 55207
31 62.310000 60.320000 1000000 10.069799 9.892452 10.064280 9.885910 0.031742 0.032259 0.164485 0.161291 0.032259 0.031733 0.032259 55200 59006
31 62.310000 60.320000 1000000 10.039638 9.876323 10.034069 9.869781 0.031759 0.032259 0.159217 0.155914 0.032259 0.031750 0.032259 56830 59199
31 62.310000 60.320000 1000000 10.038618 9.875248 10.033047 9.868705 0.031759 0.032259 0.159217 0.155914 0.032259 0.031750 0.032259 59190 59887
31 62.310000 60.320000 1000000 9.980716 9.842990 9.975048 9.836448 0.031782 0.032259 0.159216 0.155914 0.032259 0.031774 0.032259 59880 69090
31 62.310000 60.320000 1000000 9.903415 9.782775 9.898764 9.781251 0.031816 0.032259 0.167651 0.164518 0.032259 0.031807 0.032259 69090 69300
31 62.310000 60.320000 1000000 9.902009 9.781700 9.897357 9.780176 0.031816 0.032259 0.167651 0.164518 0.032259 0.031808 0.032259 69300 69531
31 62.310000 60.320000 1000000 9.900175 9.780625 9.895520 9.779100 0.031817 0.032259 0.166596 0.163443 0.032259 0.031808 0.032259 69530 71513
31 62.310000 60.320000 1000000 9.883909 9.769872 9.879231 9.768348 0.031820 0.032259 0.168706 0.165593 0.032259 0.031811 0.032259 71510 71908
31 62.310000 60.320000 1000000 9.878706 9.766646 9.874020 9.765122 0.031822 0.032259 0.166596 0.163443 0.032259 0.031814 0.032259 71900 72627
31 62.310000 60.320000 1000000 9.877915 9.765571 9.873229 9.764047 0.031821 0.032259 0.166597 0.163444 0.032259 0.031812 0.032259 72620 74792
31 62.310000 60.320000 1000000 9.828046 9.730087 9.823288 9.728563 0.031820 0.032259 0.161324 0.158066 0.032259 0.031812 0.032259 74790 75787
31 62.310000 60.320000 1000000 9.758175 9.694603 9.753314 9.693079 0.031876 0.032259 0.128836 0.124732 0.032259 0.031867 0.032259 75780 77183
31 62.310000 60.320000 1000000 9.756556 9.693528 9.751692 9.692003 0.031876 0.032259 0.129878 0.125808 0.032259 0.031868 0.032259 77180 79354
31 62.310000 60.320000 1000000 9.749812 9.688151 9.744938 9.686627 0.031880 0.032259 0.133005 0.129033 0.032259 0.031872 0.032259 79350 79695
31 62.310000 60.320000 1000000 9.747916 9.687076 9.743039 9.685552 0.031881 0.032259 0.131962 0.127958 0.032259 0.031872 0.032259 79690 81073
31 62.310000 60.320000 1000000 9.737599 9.662345 9.732707 9.660821 0.031879 0.032259 0.119491 0.115055 0.032259 0.031870 0.032259 81070 81512
31 62.310000 60.320000 1000000 9.731999 9.655893 9.727098 9.654369 0.031881 0.032259 0.121563 0.117205 0.032259 0.031872 0.032259 81510 86771
31 62.310000 60.320000 1000000 9.718708 9.636539 9.713788 9.635014 0.031883 0.032259 0.121563 0.117205 0.032259 0.031874 0.032259 86430 90745
31 62.310000 60.320000 1000000 9.701335 9.623635 9.696388 9.622111 0.031883 0.032259 0.125715 0.121506 0.032259 0.031875 0.032259 90740 91670
31 62.310000 60.320000 1000000 9.696814 9.618797 9.691756 9.616421 0.031886 0.032259 0.125196 0.120968 0.032259 0.031878 0.032259 91670 98227
31 62.310000 60.320000 1000000 9.684735 9.609119 9.679658 9.606744 0.031882 0.032259 0.118974 0.114517 0.032259 0.031874 0.032259 98220 103505
31 62.310000 60.320000 1000000 9.665599 9.590840 9.660492 9.588464 0.031885 0.032259 0.123118 0.118817 0.032259 0.031877 0.032259 103500 104998
31 62.310000 60.320000 1000000 9.665002 9.589764 9.659895 9.587389 0.031884 0.032259 0.123118 0.118817 0.032259 0.031875 0.032259 104990 112343
31 62.310000 60.320000 1000000 9.656989 9.577399 9.651766 9.574172 0.031877 0.032259 0.119490 0.115053 0.032259 0.031869 0.032259 112340 122691
31 62.310000 60.320000 1000000 9.607255 9.520409 9.603454 9.525785 0.031889 0.032259 0.116388 0.111828 0.032259 0.031879 0.032259 122690 124783
31 62.310000 60.320000 1000000 9.604538 9.517184 9.600734 9.522559 0.031888 0.032259 0.118456 0.113979 0.032259 0.031878 0.032259 124780 128480
31 62.310000 60.320000 1000000 9.601239 9.513958 9.597431 9.519334 0.031890 0.032259 0.116388 0.111829 0.032259 0.031880 0.032259 128480 132410
31 62.310000 60.320000 1000000 9.580464 9.493528 9.576010 9.496081 0.031893 0.032259 0.127795 0.123656 0.032259 0.031882 0.032259 132410 132526
31 62.310000 60.320000 1000000 9.578892 9.492453 9.574436 9.495006 0.031894 0.032259 0.128835 0.124731 0.032259 0.031883 0.032259 132520 137573
31 62.310000 60.320000 1000000 9.569685 9.474173 9.565091 9.476323 0.031877 0.032259 0.130919 0.126882 0.032259 0.031867 0.032259 137570 138742
31 62.310000 60.320000 1000000 9.568055 9.473098 9.563459 9.475248 0.031877 0.032259 0.129877 0.125807 0.032259 0.031867 0.032259 138740 145147
31 62.310000 60.320000 1000000 9.548802 9.459119 9.544178 9.461269 0.031877 0.032259 0.134047 0.130108 0.032259 0.031867 0.032259 145140 149129
31 62.310000 60.320000 1000000 9.516295 9.437614 9.511623 9.439764 0.031889 0.032259 0.133003 0.129032 0.032259 0.031879 0.032259 149120 157133
31 62.310000 60.320000 1000000 9.499400 9.422560 9.494704 9.424710 0.031872 0.032259 0.140317 0.136559 0.032259 0.031862 0.032259 157130 158592
31 62.310000 60.320000 1000000 9.492187 9.417184 9.487479 9.419334 0.031872 0.032259 0.141364 0.137634 0.032259 0.031862 0.032259 158590 164410
31 62.310000 60.320000 1000000 9.477421 9.402130 9.472692 9.404280 0.031864 0.032259 0.143456 0.139782 0.032259 0.031854 0.032259 164410 166517
31 62.310000 60.320000 1000000 9.471864 9.398904 9.467127 9.401054 0.031866 0.032259 0.142409 0.138707 0.032259 0.031855 0.032259 166510 176196
31 62.310000 60.320000 1000000 9.462670 9.368797 9.457165 9.367318 0.031852 0.032259 0.143457 0.139783 0.032259 0.031841 0.032259 176190 181695
31 62.310000 60.320000 1000000 9.452169 9.360195 9.446645 9.358716 0.031851 0.032259 0.144507 0.140860 0.032259 0.031841 0.032259 181690 181981
31 62.310000 60.320000 1000000 9.451339 9.359120 9.445814 9.357641 0.031852 0.032259 0.143459 0.139785 0.032259 0.031841 0.032259 181980 184854
31 62.310000 60.320000 1000000 9.428685 9.340840 9.423120 9.339361 0.031837 0.032259 0.141364 0.137634 0.032259 0.031827 0.032259 184850 185227
31 62.310000 60.320000 1000000 9.427412 9.339765 9.421845 9.338286 0.031836 0.032259 0.140317 0.136559 0.032259 0.031826 0.032259 185220 189658
31 62.310000 60.320000 1000000 9.426920 9.338690 9.421352 9.337211 0.031836 0.032259 0.139271 0.135484 0.032259 0.031825 0.032259 189650 191300
31 62.310000 60.320000 1000000 9.410190 9.327937 9.404592 9.326458 0.031839 0.032259 0.140317 0.136559 0.032259 0.031829 0.032259 191300 192939
31 62.310000 60.320000 1000000 9.407547 9.321485 9.401945 9.320006 0.031837 0.032259 0.145555 0.141935 0.032259 0.031826 0.032259 192930 217765
31 62.310000 60.320000 1000000 9.375578 9.266647 9.375345 9.295275 0.031820 0.032259 0.138224 0.134407 0.032259 0.031809 0.032259 217760 218589
31 62.310000 60.320000 1000000 9.375355 9.265572 9.375383 9.295455 0.031820 0.032259 0.139270 0.135482 0.032259 0.031809 0.032259 218580 219631
31 62.310000 60.320000 1000000 9.374453 9.264497 9.374480 9.294379 0.031819 0.032259 0.139270 0.135482 0.032259 0.031807 0.032259 219630 224232
31 62.310000 60.320000 1000000 9.349950 9.235464 9.351267 9.275383 0.031811 0.032259 0.130917 0.126881 0.032259 0.031801 0.032259 224230 225709
31 62.310000 60.320000 1000000 9.346703 9.224712 9.347420 9.261001 0.031810 0.032259 0.137179 0.133332 0.032259 0.031798 0.032259 225700 233141
31 62.310000 60.320000 1000000 9.326538 9.207507 9.327260 9.243797 0.031810 0.032259 0.146601 0.143008 0.032259 0.031799 0.032259 233140 233210
31 62.310000 60.320000 1000000 9.324866 9.206432 9.325588 9.242721 0.031812 0.032259 0.146601 0.143008 0.032259 0.031800 0.032259 233210 234216
31 62.310000 60.320000 1000000 9.320981 9.193529 9.321704 9.229818 0.031806 0.032259 0.140314 0.136556 0.032259 0.031795 0.032259 234210 236497
31 62.310000 60.320000 1000000 9.318895 9.192454 9.319619 9.228743 0.031808 0.032259 0.140314 0.136556 0.032259 0.031796 0.032259 236490 251340
31 62.310000 60.320000 1000000 9.301497 9.177400 9.302225 9.213689 0.031806 0.032259 0.133000 0.129029 0.032259 0.031795 0.032259 251340 282860
31 62.310000 60.320000 1000000 9.286218 9.123637 9.286414 9.153386 0.031806 0.032259 0.119488 0.115051 0.032259 0.031796 0.032259 271000 273355
31 62.310000 60.320000 1000000 9.274125 9.117185 9.274321 9.146934 0.031812 0.032259 0.118453 0.113976 0.032259 0.031802 0.032259 273350 282860
31 62.310000 60.320000 1000000 9.269270 9.113960 9.269466 9.143708 0.031814 0.032259 0.121560 0.117202 0.032259 0.031804 0.032259 276280 296611
31 62.310000 60.320000 1000000 9.243779 9.076863 9.242820 9.097248 0.031817 0.032259 0.110716 0.105912 0.032259 0.031809 0.032259 296610 320913
31 62.310000 60.320000 1000000 9.227191 9.058583 9.226041 9.077266 0.031822 0.032259 0.105584 0.100535 0.032259 0.031814 0.032259 320910 328097
31 62.310000 60.320000 1000000 9.217447 9.049981 9.216293 9.068663 0.031818 0.032259 0.103538 0.098384 0.032259 0.031810 0.032259 328090 333019
31 62.310000 60.320000 1000000 9.216154 9.048906 9.214999 9.067588 0.031819 0.032259 0.102517 0.097309 0.032259 0.031811 0.032259 333010 333874
31 62.310000 60.320000 1000000 9.213816 9.045680 9.212660 9.064362 0.031818 0.032259 0.104561 0.099460 0.032259 0.031810 0.032259 333870 338773
31 62.310000 60.320000 1000000 9.209615 9.042454 9.208457 9.061136 0.031821 0.032259 0.103538 0.098385 0.032259 0.031813 0.032259 338770 344105
31 62.310000 60.320000 1000000 9.209206 9.041379 9.208049 9.060061 0.031820 0.032259 0.103539 0.098385 0.032259 0.031812 0.032259 344100 353246
31 62.310000 60.320000 1000000 9.199157 9.034927 9.197995 9.053610 0.031824 0.032259 0.104562 0.099461 0.032259 0.031816 0.032259 353240 359839
31 62.310000 60.320000 1000000 9.183087 9.018798 9.181920 9.037481 0.031810 0.032259 0.110716 0.105912 0.032259 0.031802 0.032259 359830 373415
31 62.310000 60.320000 1000000 9.178021 9.015573 9.176851 9.034255 0.031814 0.032259 0.107634 0.102686 0.032259 0.031806 0.032259 373410 409151
31 62.310000 60.320000 1000000 9.127481 8.963960 9.125519 8.972427 0.031823 0.032259 0.088358 0.082258 0.032259 0.031815 0.032259 409150 434079
31 62.310000 60.320000 1000000 9.104427 8.943530 9.102449 8.951997 0.031829 0.032259 0.085362 0.079032 0.032259 0.031820 0.032259 429390 432870
31 62.310000 60.320000 1000000 9.100943 8.940304 9.098963 8.948771 0.031827 0.032259 0.086359 0.080107 0.032259 0.031819 0.032259 432870 434079
31 62.310000 60.320000 1000000 9.100571 8.939229 9.098452 8.947293 0.031828 0.032259 0.085362 0.079032 0.032259 0.031819 0.032259 434070 444118
31 62.310000 60.320000 1000000 9.098759 8.938154 9.096638 8.946218 0.031829 0.032259 0.085362 0.079032 0.032259 0.031820 0.032259 444110 454376
31 62.310000 60.320000 1000000 9.097811 8.937078 9.095689 8.945142 0.031827 0.032259 0.086359 0.080107 0.032259 0.031819 0.032259 454370 469042
31 62.310000 60.320000 1000000 9.096969 8.926326 9.094807 8.930537 0.031826 0.032259 0.084368 0.077957 0.032259 0.031817 0.032259 469040 471966
31 62.310000 60.320000 1000000 9.095648 8.925251 9.093486 8.929462 0.031828 0.032259 0.083375 0.076882 0.032259 0.031819 0.032259 471960 497761
31 62.310000 60.320000 1000000 9.091204 8.918799 9.089038 8.923010 0.031827 0.032259 0.084368 0.077957 0.032259 0.031818 0.032259 497760 531006
31 62.310000 60.320000 1000000 9.061919 8.894068 9.059732 8.898279 0.031826 0.032259 0.094393 0.088710 0.032259 0.031817 0.032259 531000 536805
31 62.310000 60.320000 1000000 9.056844 8.889767 9.054653 8.893978 0.031830 0.032259 0.097431 0.091935 0.032259 0.031821 0.032259 536800 542206
31 62.310000 60.320000 1000000 9.056606 8.888691 9.054693 8.894157 0.031831 0.032259 0.098446 0.093011 0.032259 0.031821 0.032259 542200 553154
31 62.310000 60.320000 1000000 9.051882 8.883315 9.049967 8.888781 0.031825 0.032259 0.097431 0.091936 0.032259 0.031816 0.032259 553150 571961
31 62.310000 60.320000 1000000 9.034656 8.858584 9.032729 8.864050 0.031793 0.032259 0.095407 0.089788 0.032259 0.031784 0.032259 571960 574129
31 62.310000 60.320000 1000000 9.034302 8.857509 9.032376 8.862974 0.031792 0.032259 0.095407 0.089788 0.032259 0.031783 0.032259 574120 577919
31 62.310000 60.320000 1000000 9.033822 8.856433 9.031895 8.861899 0.031791 0.032259 0.094396 0.088713 0.032259 0.031782 0.032259 577910 602145
31 62.310000 60.320000 1000000 9.006553 8.836003 9.004329 8.840663 0.031809 0.032259 0.095407 0.089787 0.032259 0.031800 0.032259 602140 635920
31 62.310000 60.320000 1000000 9.003147 8.832778 9.000920 8.837437 0.031812 0.032259 0.092377 0.086562 0.032259 0.031803 0.032259 606940 654678
31 62.310000 60.320000 1000000 8.981824 8.816649 8.979581 8.821308 0.031804 0.032259 0.103543 0.098390 0.032259 0.031795 0.032259 654670 656503
31 62.310000 60.320000 1000000 8.980997 8.815573 8.978754 8.820233 0.031804 0.032259 0.104566 0.099465 0.032259 0.031795 0.032259 656500 682783
31 62.310000 60.320000 1000000 8.966174 8.806971 8.963920 8.811630 0.031812 0.032259 0.097433 0.091938 0.032259 0.031803 0.032259 682780 693426
31 62.310000 60.320000 1000000 8.960357 8.801595 8.958098 8.806254 0.031808 0.032259 0.098448 0.093013 0.032259 0.031799 0.032259 693420 784593
31 62.310000 60.320000 1000000 8.942171 8.788692 8.939898 8.793351 0.031820 0.032259 0.098448 0.093013 0.032259 0.031811 0.032259 784590 792799
31 62.310000 60.320000 1000000 8.940337 8.787616 8.938062 8.792275 0.031821 0.032259 0.097433 0.091938 0.032259 0.031812 0.032259 792790 874251
31 62.310000 60.320000 1000000 8.908539 8.761810 8.906138 8.764766 0.031832 0.032259 0.099463 0.094086 0.032259 0.031823 0.032259 874250 885044
31 62.310000 60.320000 1000000 8.901664 8.756433 8.899258 8.759390 0.031835 0.032259 0.096418 0.090861 0.032259 0.031826 0.032259 885040 885428
31 62.310000 60.320000 1000000 8.901175 8.755358 8.898767 8.758315 0.031834 0.032259 0.095405 0.089786 0.032259 0.031825 0.032259 885420 924312
31 62.310000 60.320000 1000000 8.869621 8.729552 8.866790 8.729103 0.031839 0.032259 0.092375 0.086559 0.032259 0.031830 0.032259 924310 968275
31 62.310000 60.320000 1000000 8.853769 8.716649 8.850923 8.716200 0.031835 0.032259 0.098446 0.093011 0.032259 0.031826 0.032259 968270 1000000
