20 62.310000 60.320000 1000000 15.098512 14.710716 15.095109 14.701799 0.032118 0.032259 0.257942 0.255917 0.032259 0.032109 0.032259 0 50
20 62.310000 60.320000 1000000 14.077881 13.854802 14.076856 13.863269 0.032063 0.032259 0.355230 0.353763 0.032259 0.032055 0.032259 50 60
20 62.310000 60.320000 1000000 13.647386 13.462331 13.644866 13.464346 0.032082 0.032259 0.300657 0.298921 0.032259 0.032073 0.032259 60 71
20 62.310000 60.320000 1000000 13.311916 13.209644 13.309200 13.211659 0.032153 0.032259 0.247270 0.245157 0.032259 0.032144 0.032259 70 82
20 62.310000 60.320000 1000000 13.206677 13.098892 13.203896 13.100907 0.032157 0.032259 0.229160 0.226879 0.032259 0.032148 0.032259 80 90
20 62.310000 60.320000 1000000 12.998484 12.941903 12.995567 12.943918 0.032199 0.032259 0.176098 0.173119 0.032259 0.032190 0.032259 90 101
20 62.310000 60.320000 1000000 12.966764 12.898892 12.964211 12.903416 0.032200 0.032259 0.179270 0.176344 0.032259 0.032190 0.032259 100 110
20 62.310000 60.320000 1000000 12.853364 12.796741 12.850610 12.799562 0.032190 0.032259 0.194095 0.191396 0.032259 0.032181 0.032259 110 121
20 62.310000 60.320000 1000000 12.786951 12.736526 12.784155 12.739347 0.032186 0.032259 0.197275 0.194620 0.032259 0.032177 0.032259 120 130
20 62.310000 60.320000 1000000 12.735629 12.688139 12.731999 12.685539 0.032186 0.032259 0.189854 0.187093 0.032259 0.032177 0.032259 130 142
20 62.310000 60.320000 1000000 12.661154 12.605344 12.657662 12.603999 0.032186 0.032259 0.187734 0.184942 0.032259 0.032177 0.032259 140 150
20 62.310000 60.320000 1000000 12.612499 12.553194 12.608796 12.550594 0.032192 0.032259 0.176621 0.173650 0.032259 0.032183 0.032259 150 160
20 62.310000 60.320000 1000000 12.567719 12.517710 12.564190 12.516365 0.032191 0.032259 0.177682 0.174729 0.032259 0.032182 0.032259 160 170
20 62.310000 60.320000 1000000 12.550580 12.494055 12.546413 12.490290 0.032190 0.032259 0.173455 0.170429 0.032259 0.032181 0.032259 170 183
20 62.310000 60.320000 1000000 12.499441 12.437066 12.495076 12.431599 0.032190 0.032259 0.170287 0.167204 0.032259 0.032180 0.032259 180 194
20 62.310000 60.320000 1000000 12.460652 12.399432 12.456246 12.393964 0.032184 0.032259 0.174512 0.171504 0.032259 0.032175 0.032259 190 205
20 62.310000 60.320000 1000000 12.447595 12.388679 12.443176 12.383212 0.032185 0.032259 0.165010 0.161827 0.032259 0.032175 0.032259 200 213
20 62.310000 60.320000 1000000 12.383455 12.337066 12.378966 12.331599 0.032196 0.032259 0.159741 0.156450 0.032259 0.032187 0.032259 210 220
20 62.310000 60.320000 1000000 12.354167 12.304808 12.349646 12.299341 0.032182 0.032259 0.148178 0.144624 0.032259 0.032173 0.032259 220 230
20 62.310000 60.320000 1000000 12.345649 12.296206 12.341119 12.290739 0.032179 0.032259 0.151328 0.147849 0.032259 0.032170 0.032259 230 249
20 62.310000 60.320000 1000000 12.343595 12.291905 12.339063 12.286438 0.032178 0.032259 0.155532 0.152150 0.032259 0.032169 0.032259 240 250
20 62.310000 60.320000 1000000 12.339189 12.287604 12.334652 12.282137 0.032177 0.032259 0.153429 0.150000 0.032259 0.032168 0.032259 250 278
20 62.310000 60.320000 1000000 12.299682 12.246744 12.295101 12.241277 0.032181 0.032259 0.140841 0.137097 0.032259 0.032172 0.032259 270 303
20 62.310000 60.320000 1000000 12.279393 12.222013 12.274379 12.214933 0.032177 0.032259 0.141887 0.138171 0.032259 0.032168 0.032259 300 316
20 62.310000 60.320000 1000000 12.269332 12.199432 12.263428 12.188723 0.032173 0.032259 0.147128 0.143548 0.032259 0.032164 0.032259 310 326
20 62.310000 60.320000 1000000 12.250192 12.177927 12.243907 12.165605 0.032171 0.032259 0.148179 0.144625 0.032259 0.032161 0.032259 320 332
20 62.310000 60.320000 1000000 12.227385 12.157497 12.221064 12.145175 0.032171 0.032259 0.155534 0.152152 0.032259 0.032162 0.032259 330 348
20 62.310000 60.320000 1000000 12.227158 12.156422 12.220752 12.143696 0.032171 0.032259 0.156586 0.153227 0.032259 0.032162 0.032259 340 354
20 62.310000 60.320000 1000000 12.219620 12.149970 12.213202 12.137245 0.032171 0.032259 0.157639 0.154303 0.032259 0.032161 0.032259 350 367
20 62.310000 60.320000 1000000 12.215077 12.146744 12.208652 12.134019 0.032170 0.032259 0.156586 0.153227 0.032259 0.032161 0.032259 360 381
20 62.310000 60.320000 1000000 12.191548 12.122013 12.185086 12.109288 0.032171 0.032259 0.142937 0.139250 0.032259 0.032161 0.032259 380 400
20 62.310000 60.320000 1000000 12.164172 12.075777 12.160450 12.078912 0.032171 0.032259 0.131442 0.127422 0.032259 0.032162 0.032259 400 412
20 62.310000 60.320000 1000000 12.150356 12.063949 12.146621 12.067084 0.032177 0.032259 0.127277 0.123121 0.032259 0.032167 0.032259 410 421
20 62.310000 60.320000 1000000 12.146362 12.056960 12.142410 12.057541 0.032177 0.032259 0.123641 0.119358 0.032259 0.032168 0.032259 420 441
20 62.310000 60.320000 1000000 12.113870 12.015024 12.110338 12.018114 0.032167 0.032259 0.131961 0.127958 0.032259 0.032158 0.032259 440 455
20 62.310000 60.320000 1000000 12.103782 12.002121 12.100242 12.005211 0.032158 0.032259 0.130920 0.126883 0.032259 0.032149 0.032259 450 463
20 62.310000 60.320000 1000000 12.094174 11.990293 12.090625 11.993383 0.032152 0.032259 0.129878 0.125808 0.032259 0.032142 0.032259 460 492
20 62.310000 60.320000 1000000 12.056169 11.948358 12.052181 11.946341 0.032139 0.032259 0.142412 0.138711 0.032259 0.032129 0.032259 490 508
20 62.310000 60.320000 1000000 12.047281 11.937606 12.043285 11.935588 0.032136 0.032259 0.134048 0.130109 0.032259 0.032127 0.032259 500 555
20 62.310000 60.320000 1000000 12.014476 11.910724 12.010447 11.908707 0.032136 0.032259 0.136136 0.132258 0.032259 0.032127 0.032259 530 557
20 62.310000 60.320000 1000000 11.995626 11.896208 11.991513 11.893339 0.032137 0.032259 0.131440 0.127420 0.032259 0.032128 0.032259 550 595
20 62.310000 60.320000 1000000 11.983266 11.880079 11.979898 11.882228 0.032138 0.032259 0.135613 0.131721 0.032259 0.032129 0.032259 590 607
20 62.310000 60.320000 1000000 11.981304 11.876853 11.977934 11.879003 0.032137 0.032259 0.135613 0.131721 0.032259 0.032128 0.032259 600 611
20 62.310000 60.320000 1000000 11.973261 11.871477 11.969884 11.873626 0.032139 0.032259 0.135613 0.131721 0.032259 0.032130 0.032259 610 623
20 62.310000 60.320000 1000000 11.947686 11.853197 11.944288 11.855347 0.032137 0.032259 0.141889 0.138173 0.032259 0.032128 0.032259 620 649
20 62.310000 60.320000 1000000 11.917470 11.816638 11.913917 11.817085 0.032120 0.032259 0.137704 0.133872 0.032259 0.032111 0.032259 640 651
20 62.310000 60.320000 1000000 11.900108 11.802660 11.896725 11.804361 0.032122 0.032259 0.145032 0.141399 0.032259 0.032113 0.032259 650 671
20 62.310000 60.320000 1000000 11.861072 11.761800 11.857655 11.763501 0.032101 0.032259 0.150278 0.146775 0.032259 0.032092 0.032259 670 698
20 62.310000 60.320000 1000000 11.835938 11.739219 11.832389 11.740517 0.032096 0.032259 0.145031 0.141398 0.032259 0.032087 0.032259 690 734
20 62.310000 60.320000 1000000 11.829646 11.733843 11.826091 11.735141 0.032098 0.032259 0.139795 0.136022 0.032259 0.032089 0.032259 730 784
20 62.310000 60.320000 1000000 11.816568 11.722015 11.813002 11.723313 0.032094 0.032259 0.135613 0.131721 0.032259 0.032085 0.032259 780 810
20 62.310000 60.320000 1000000 11.801559 11.697284 11.798453 11.701091 0.032084 0.032259 0.130398 0.126345 0.032259 0.032075 0.032259 810 884
20 62.310000 60.320000 1000000 11.740015 11.642445 11.736860 11.646252 0.032084 0.032259 0.148177 0.144623 0.032259 0.032075 0.032259 880 905
20 62.310000 60.320000 1000000 11.739476 11.641370 11.736320 11.645177 0.032084 0.032259 0.147128 0.143548 0.032259 0.032074 0.032259 900 966
20 62.310000 60.320000 1000000 11.738643 11.640295 11.735486 11.644102 0.032083 0.032259 0.146079 0.142473 0.032259 0.032074 0.032259 960 971
20 62.310000 60.320000 1000000 11.734157 11.637069 11.730997 11.640876 0.032084 0.032259 0.145030 0.141397 0.032259 0.032075 0.032259 970 1003
20 62.310000 60.320000 1000000 11.727376 11.626316 11.724401 11.631378 0.032076 0.032259 0.148176 0.144622 0.032259 0.032067 0.032259 1000 1018
20 62.310000 60.320000 1000000 11.702956 11.610187 11.699962 11.615249 0.032078 0.032259 0.149226 0.145697 0.032259 0.032069 0.032259 1010 1042
20 62.310000 60.320000 1000000 11.692214 11.602660 11.689211 11.607722 0.032082 0.032259 0.152377 0.148924 0.032259 0.032072 0.032259 1040 1056
20 62.310000 60.320000 1000000 11.686505 11.595134 11.683498 11.600195 0.032075 0.032259 0.157636 0.154300 0.032259 0.032066 0.032259 1050 1069
20 62.310000 60.320000 1000000 11.684494 11.594058 11.681486 11.599120 0.032076 0.032259 0.156584 0.153225 0.032259 0.032067 0.032259 1060 1091
20 62.310000 60.320000 1000000 11.655931 11.553198 11.652731 11.556557 0.032061 0.032259 0.152377 0.148923 0.032259 0.032052 0.032259 1090 1192
20 62.310000 60.320000 1000000 11.605598 11.492983 11.601943 11.492534 0.032057 0.032259 0.143983 0.140323 0.032259 0.032048 0.032259 1190 1202
20 62.310000 60.320000 1000000 11.603598 11.490833 11.599941 11.490384 0.032056 0.032259 0.143983 0.140323 0.032259 0.032047 0.032259 1200 1214
20 62.310000 60.320000 1000000 11.599789 11.484919 11.596049 11.483618 0.032057 0.032259 0.142412 0.138711 0.032259 0.032048 0.032259 1210 1232
20 62.310000 60.320000 1000000 11.584291 11.473091 11.580535 11.471791 0.032062 0.032259 0.136136 0.132259 0.032259 0.032053 0.032259 1230 1256
20 62.310000 60.320000 1000000 11.565413 11.459112 11.561639 11.457812 0.032060 0.032259 0.142413 0.138711 0.032259 0.032050 0.032259 1250 1269
20 62.310000 60.320000 1000000 11.564708 11.458037 11.560933 11.456737 0.032059 0.032259 0.141366 0.137636 0.032259 0.032050 0.032259 1260 1353
20 62.310000 60.320000 1000000 11.549763 11.442983 11.545973 11.441683 0.032052 0.032259 0.140319 0.136561 0.032259 0.032043 0.032259 1350 1549
20 62.310000 60.320000 1000000 11.507652 11.395672 11.504556 11.398135 0.032036 0.032259 0.131963 0.127960 0.032259 0.032026 0.032259 1540 1641
20 62.310000 60.320000 1000000 11.503552 11.392446 11.500453 11.394909 0.032038 0.032259 0.128838 0.124734 0.032259 0.032028 0.032259 1640 1669
20 62.310000 60.320000 1000000 11.503190 11.391371 11.500091 11.393834 0.032038 0.032259 0.128838 0.124734 0.032259 0.032028 0.032259 1660 1711
20 62.310000 60.320000 1000000 11.493892 11.367715 11.490323 11.368565 0.032036 0.032259 0.139273 0.135486 0.032259 0.032027 0.032259 1710 1743
20 62.310000 60.320000 1000000 11.489549 11.361263 11.486272 11.364219 0.032037 0.032259 0.141365 0.137636 0.032259 0.032028 0.032259 1740 1761
20 62.310000 60.320000 1000000 11.488546 11.360188 11.485267 11.363144 0.032036 0.032259 0.141365 0.137636 0.032259 0.032026 0.032259 1760 1805
20 62.310000 60.320000 1000000 11.482237 11.351586 11.478953 11.354542 0.032026 0.032259 0.147652 0.144085 0.032259 0.032017 0.032259 1800 1813
20 62.310000 60.320000 1000000 11.481492 11.350511 11.478208 11.353467 0.032025 0.032259 0.146603 0.143010 0.032259 0.032016 0.032259 1810 1840
20 62.310000 60.320000 1000000 11.466767 11.332231 11.463470 11.335187 0.032023 0.032259 0.148702 0.145161 0.032259 0.032014 0.032259 1840 1881
20 62.310000 60.320000 1000000 11.454149 11.318253 11.450841 11.321208 0.032015 0.032259 0.151853 0.148387 0.032259 0.032006 0.032259 1880 2069
20 62.310000 60.320000 1000000 11.358669 11.211801 11.355277 11.214757 0.031958 0.032259 0.163432 0.160217 0.032259 0.031949 0.032259 2060 2176
20 62.310000 60.320000 1000000 11.340711 11.189221 11.337302 11.192177 0.031944 0.032259 0.159218 0.155916 0.032259 0.031935 0.032259 2170 2350
20 62.310000 60.320000 1000000 11.330119 11.180619 11.326701 11.183575 0.031947 0.032259 0.153957 0.150539 0.032259 0.031937 0.032259 2180 2375
20 62.310000 60.320000 1000000 11.293127 11.134382 11.289675 11.137338 0.031948 0.032259 0.139273 0.135486 0.032259 0.031938 0.032259 2370 2473
20 62.310000 60.320000 1000000 11.280936 11.115028 11.277329 11.116281 0.031935 0.032259 0.135092 0.131184 0.032259 0.031926 0.032259 2470 2528
20 62.310000 60.320000 1000000 11.278467 11.110727 11.274857 11.111980 0.031933 0.032259 0.136137 0.132260 0.032259 0.031924 0.032259 2520 2532
20 62.310000 60.320000 1000000 11.273569 11.107501 11.269955 11.108754 0.031935 0.032259 0.133005 0.129034 0.032259 0.031925 0.032259 2530 2603
20 62.310000 60.320000 1000000 11.225886 11.077394 11.222226 11.078647 0.031945 0.032259 0.147655 0.144088 0.032259 0.031936 0.032259 2600 2611
20 62.310000 60.320000 1000000 11.225399 11.076318 11.221738 11.077572 0.031945 0.032259 0.147655 0.144088 0.032259 0.031935 0.032259 2610 2811
20 62.310000 60.320000 1000000 11.192534 11.047286 11.188841 11.048540 0.031943 0.032259 0.146605 0.143012 0.032259 0.031933 0.032259 2810 2835
20 62.310000 60.320000 1000000 11.174685 11.031157 11.170974 11.032411 0.031945 0.032259 0.144509 0.140862 0.032259 0.031936 0.032259 2830 2841
20 62.310000 60.320000 1000000 11.170805 11.027931 11.167351 11.030439 0.031946 0.032259 0.142412 0.138711 0.032259 0.031936 0.032259 2840 2907
20 62.310000 60.320000 1000000 11.159542 11.019329 11.156077 11.021837 0.031944 0.032259 0.147654 0.144087 0.032259 0.031935 0.032259 2900 2993
20 62.310000 60.320000 1000000 11.156787 11.011802 11.153213 11.013907 0.031944 0.032259 0.149753 0.146237 0.032259 0.031934 0.032259 2990 3034
20 62.310000 60.320000 1000000 11.144016 11.002125 11.140430 11.004230 0.031941 0.032259 0.156060 0.152689 0.032259 0.031932 0.032259 3010 3182
20 62.310000 60.320000 1000000 11.082521 10.936534 11.076839 10.930977 0.031933 0.032259 0.190917 0.188172 0.032259 0.031924 0.032259 3180 3350
20 62.310000 60.320000 1000000 11.068396 10.927932 11.062692 10.922375 0.031938 0.032259 0.189857 0.187097 0.032259 0.031929 0.032259 3350 3530
20 62.310000 60.320000 1000000 11.052625 10.908577 11.046897 10.903020 0.031924 0.032259 0.188797 0.186021 0.032259 0.031915 0.032259 3530 3578
20 62.310000 60.320000 1000000 11.041831 10.898899 11.036086 10.893343 0.031918 0.032259 0.187738 0.184946 0.032259 0.031909 0.032259 3570 3580
20 62.310000 60.320000 1000000 11.041415 10.897824 11.035670 10.892267 0.031918 0.032259 0.186679 0.183870 0.032259 0.031909 0.032259 3580 3875
20 62.310000 60.320000 1000000 11.035217 10.893523 11.029462 10.887966 0.031920 0.032259 0.182444 0.179570 0.032259 0.031911 0.032259 3870 4189
20 62.310000 60.320000 1000000 10.998797 10.866641 10.992984 10.861085 0.031924 0.032259 0.169759 0.166666 0.032259 0.031915 0.032259 4180 4425
20 62.310000 60.320000 1000000 10.972760 10.829007 10.972279 10.853558 0.031939 0.032259 0.164484 0.161290 0.032259 0.031930 0.032259 4420 4949
20 62.310000 60.320000 1000000 10.922749 10.784384 10.922033 10.806380 0.031943 0.032259 0.156584 0.153225 0.032259 0.031934 0.032259 4940 5521
20 62.310000 60.320000 1000000 10.910938 10.762878 10.910220 10.784875 0.031941 0.032259 0.147127 0.143547 0.032259 0.031931 0.032259 5020 5340
20 62.310000 60.320000 1000000 10.906277 10.757502 10.905559 10.779499 0.031935 0.032259 0.146078 0.142472 0.032259 0.031925 0.032259 5110 5218
20 62.310000 60.320000 1000000 10.896589 10.745674 10.895680 10.765968 0.031936 0.032259 0.143981 0.140320 0.032259 0.031926 0.032259 5210 5340
20 62.310000 60.320000 1000000 10.885766 10.737072 10.884854 10.757366 0.031938 0.032259 0.143981 0.140321 0.032259 0.031928 0.032259 5340 5521
20 62.310000 60.320000 1000000 10.852547 10.716642 10.851627 10.736936 0.031944 0.032259 0.136656 0.132794 0.032259 0.031934 0.032259 5520 5894
20 62.310000 60.320000 1000000 10.828857 10.695137 10.827741 10.714624 0.031944 0.032259 0.142934 0.139246 0.032259 0.031934 0.032259 5890 6353
20 62.310000 60.320000 1000000 10.786705 10.662879 10.785575 10.682366 0.031936 0.032259 0.142936 0.139248 0.032259 0.031926 0.032259 6350 6379
20 62.310000 60.320000 1000000 10.785933 10.661803 10.784803 10.681291 0.031934 0.032259 0.143983 0.140323 0.032259 0.031924 0.032259 6370 6410
20 62.310000 60.320000 1000000 10.775643 10.646750 10.774510 10.666237 0.031933 0.032259 0.142937 0.139249 0.032259 0.031923 0.032259 6410 6455
20 62.310000 60.320000 1000000 10.770632 10.629545 10.767950 10.642985 0.031932 0.032259 0.142938 0.139251 0.032259 0.031922 0.032259 6450 7212
20 62.310000 60.320000 1000000 10.734557 10.592986 10.731849 10.606426 0.031925 0.032259 0.139797 0.136024 0.032259 0.031915 0.032259 7210 7241
20 62.310000 60.320000 1000000 10.729213 10.588685 10.726500 10.602125 0.031926 0.032259 0.136660 0.132798 0.032259 0.031916 0.032259 7240 7296
20 62.310000 60.320000 1000000 10.727036 10.587610 10.724322 10.601049 0.031927 0.032259 0.136660 0.132798 0.032259 0.031917 0.032259 7290 7561
20 62.310000 60.320000 1000000 10.707870 10.558578 10.705141 10.572017 0.031907 0.032259 0.141890 0.138174 0.032259 0.031897 0.032259 7560 7766
20 62.310000 60.320000 1000000 10.692768 10.548900 10.690027 10.562340 0.031910 0.032259 0.146080 0.142474 0.032259 0.031900 0.032259 7760 8453
20 62.310000 60.320000 1000000 10.644890 10.506427 10.642032 10.519015 0.031902 0.032259 0.146606 0.143013 0.032259 0.031892 0.032259 8450 8662
20 62.310000 60.320000 1000000 10.603393 10.484922 10.600502 10.497510 0.031931 0.032259 0.146606 0.143013 0.032259 0.031921 0.032259 8660 8797
20 62.310000 60.320000 1000000 10.593754 10.476320 10.590855 10.488908 0.031926 0.032259 0.148705 0.145164 0.032259 0.031916 0.032259 8790 9060
20 62.310000 60.320000 1000000 10.587601 10.472019 10.584697 10.484607 0.031927 0.032259 0.150803 0.147313 0.032259 0.031917 0.032259 9060 9432
20 62.310000 60.320000 1000000 10.578762 10.462341 10.575851 10.474930 0.031916 0.032259 0.150802 0.147312 0.032259 0.031906 0.032259 9430 10013
20 62.310000 60.320000 1000000 10.566885 10.449438 10.563964 10.462027 0.031914 0.032259 0.149753 0.146238 0.032259 0.031904 0.032259 10010 10140
20 62.310000 60.320000 1000000 10.540792 10.412879 10.537749 10.425064 0.031902 0.032259 0.153956 0.150539 0.032259 0.031892 0.032259 10140 10613
20 62.310000 60.320000 1000000 10.537052 10.407503 10.534255 10.420942 0.031903 0.032259 0.152905 0.149464 0.032259 0.031893 0.032259 10610 11319
20 62.310000 60.320000 1000000 10.514355 10.392449 10.511540 10.405889 0.031904 0.032259 0.151855 0.148389 0.032259 0.031894 0.032259 11310 11614
20 62.310000 60.320000 1000000 10.503049 10.369869 10.500224 10.383308 0.031901 0.032259 0.167651 0.164518 0.032259 0.031890 0.032259 11610 12175
20 62.310000 60.320000 1000000 10.478500 10.325783 10.475656 10.339222 0.031867 0.032259 0.180329 0.177420 0.032259 0.031857 0.032259 12170 12236
20 62.310000 60.320000 1000000 10.476815 10.324708 10.473969 10.338147 0.031867 0.032259 0.180329 0.177420 0.032259 0.031857 0.032259 12230 12439
20 62.310000 60.320000 1000000 10.454226 10.309654 10.451362 10.323093 0.031866 0.032259 0.186680 0.183872 0.032259 0.031856 0.032259 12430 12848
20 62.310000 60.320000 1000000 10.450562 10.302127 10.447695 10.315567 0.031860 0.032259 0.180329 0.177420 0.032259 0.031850 0.032259 12840 12853
20 62.310000 60.320000 1000000 10.447933 10.301052 10.445063 10.314491 0.031863 0.032259 0.180329 0.177420 0.032259 0.031853 0.032259 12850 13168
20 62.310000 60.320000 1000000 10.430086 10.252128 10.425183 10.245989 0.031862 0.032259 0.169233 0.166131 0.032259 0.031853 0.032259 13160 13337
20 62.310000 60.320000 1000000 10.420491 10.245676 10.415574 10.239537 0.031864 0.032259 0.163959 0.160754 0.032259 0.031855 0.032259 13330 13876
20 62.310000 60.320000 1000000 10.417194 10.242451 10.412272 10.236312 0.031865 0.032259 0.167123 0.163980 0.032259 0.031856 0.032259 13390 13929
20 62.310000 60.320000 1000000 10.416765 10.241375 10.411843 10.235236 0.031864 0.032259 0.166068 0.162905 0.032259 0.031855 0.032259 13920 14007
20 62.310000 60.320000 1000000 10.414950 10.240300 10.410025 10.234161 0.031864 0.032259 0.166068 0.162905 0.032259 0.031855 0.032259 14000 15446
20 62.310000 60.320000 1000000 10.317349 10.145677 10.312283 10.139538 0.031880 0.032259 0.168176 0.165053 0.032259 0.031871 0.032259 15440 15502
20 62.310000 60.320000 1000000 10.306489 10.138150 10.301407 10.132011 0.031883 0.032259 0.170287 0.167204 0.032259 0.031874 0.032259 15500 16172
20 62.310000 60.320000 1000000 10.305550 10.135999 10.300467 10.129861 0.031883 0.032259 0.170287 0.167204 0.032259 0.031874 0.032259 15830 18059
20 62.310000 60.320000 1000000 10.228191 10.070408 10.222991 10.064269 0.031884 0.032259 0.156584 0.153225 0.032259 0.031876 0.032259 18050 18111
20 62.310000 60.320000 1000000 10.227452 10.069333 10.222251 10.063194 0.031883 0.032259 0.155532 0.152150 0.032259 0.031874 0.032259 18110 18916
20 62.310000 60.320000 1000000 10.220179 10.062881 10.214966 10.056742 0.031885 0.032259 0.149227 0.145699 0.032259 0.031877 0.032259 18910 20379
20 62.310000 60.320000 1000000 10.188745 10.028473 10.183485 10.022334 0.031888 0.032259 0.129357 0.125270 0.032259 0.031879 0.032259 20370 20915
20 62.310000 60.320000 1000000 10.143067 9.997290 10.137735 9.991151 0.031897 0.032259 0.129359 0.125272 0.032259 0.031889 0.032259 20910 22309
20 62.310000 60.320000 1000000 10.138975 9.991914 10.133637 9.985775 0.031891 0.032259 0.133526 0.129571 0.032259 0.031883 0.032259 22300 22398
20 62.310000 60.320000 1000000 10.137929 9.990839 10.132589 9.984700 0.031891 0.032259 0.132483 0.128496 0.032259 0.031883 0.032259 22390 25289
20 62.310000 60.320000 1000000 10.087728 9.945677 10.082093 9.938732 0.031887 0.032259 0.129357 0.125271 0.032259 0.031879 0.032259 25280 26372
20 62.310000 60.320000 1000000 10.073576 9.919871 10.067917 9.912926 0.031864 0.032259 0.141890 0.138174 0.032259 0.031856 0.032259 26370 26865
20 62.310000 60.320000 1000000 10.072198 9.915570 10.066818 9.909879 0.031862 0.032259 0.143985 0.140324 0.032259 0.031853 0.032259 26860 31503
20 62.310000 60.320000 1000000 9.987920 9.831699 9.981216 9.814091 0.031875 0.032259 0.148180 0.144626 0.032259 0.031867 0.032259 31500 35238
20 62.310000 60.320000 1000000 9.958181 9.798366 9.951416 9.780757 0.031869 0.032259 0.148179 0.144625 0.032259 0.031861 0.032259 34590 35349
20 62.310000 60.320000 1000000 9.952223 9.779011 9.945446 9.761403 0.031863 0.032259 0.167123 0.163980 0.032259 0.031856 0.032259 35340 35695
20 62.310000 60.320000 1000000 9.951572 9.777936 9.944793 9.760327 0.031862 0.032259 0.166068 0.162904 0.032259 0.031855 0.032259 35690 36946
20 62.310000 60.320000 1000000 9.950723 9.776861 9.943943 9.759252 0.031860 0.032259 0.166068 0.162904 0.032259 0.031853 0.032259 36940 38020
20 62.310000 60.320000 1000000 9.942091 9.769334 9.935293 9.751725 0.031858 0.032259 0.168179 0.165056 0.032259 0.031850 0.032259 38020 38867
20 62.310000 60.320000 1000000 9.940631 9.768258 9.933830 9.750650 0.031858 0.032259 0.168179 0.165056 0.032259 0.031851 0.032259 38860 38884
20 62.310000 60.320000 1000000 9.938982 9.767183 9.932178 9.749575 0.031859 0.032259 0.167123 0.163981 0.032259 0.031851 0.032259 38880 39516
20 62.310000 60.320000 1000000 9.938429 9.766108 9.931624 9.748499 0.031859 0.032259 0.167123 0.163981 0.032259 0.031851 0.032259 39510 39866
20 62.310000 60.320000 1000000 9.937621 9.765033 9.930814 9.747424 0.031857 0.032259 0.166069 0.162905 0.032259 0.031850 0.032259 39860 43527
20 62.310000 60.320000 1000000 9.905349 9.720947 9.898475 9.703338 0.031830 0.032259 0.152380 0.148926 0.032259 0.031823 0.032259 43520 43909
20 62.310000 60.320000 1000000 9.903465 9.719872 9.896588 9.702263 0.031831 0.032259 0.151329 0.147851 0.032259 0.031823 0.032259 43900 44009
20 62.310000 60.320000 1000000 9.874080 9.702667 9.867141 9.685059 0.031839 0.032259 0.152380 0.148926 0.032259 0.031832 0.032259 44000 47835
20 62.310000 60.320000 1000000 9.800187 9.656431 9.793389 9.640077 0.031864 0.032259 0.147130 0.143550 0.032259 0.031857 0.032259 47830 47928
20 62.310000 60.320000 1000000 9.798543 9.655356 9.791742 9.639002 0.031864 0.032259 0.147130 0.143550 0.032259 0.031857 0.032259 47920 49826
20 62.310000 60.320000 1000000 9.768172 9.628474 9.761307 9.612120 0.031856 0.032259 0.167124 0.163981 0.032259 0.031849 0.032259 49820 53865
20 62.310000 60.320000 1000000 9.687051 9.574711 9.680012 9.558357 0.031872 0.032259 0.171346 0.168282 0.032259 0.031866 0.032259 53860 56566
20 62.310000 60.320000 1000000 9.686335 9.573636 9.679294 9.557282 0.031870 0.032259 0.172402 0.169357 0.032259 0.031864 0.032259 56560 57564
20 62.310000 60.320000 1000000 9.682565 9.568259 9.675021 9.550292 0.031874 0.032259 0.170289 0.167206 0.032259 0.031867 0.032259 57560 58714
20 62.310000 60.320000 1000000 9.679692 9.563958 9.672141 9.545991 0.031869 0.032259 0.168178 0.165055 0.032259 0.031863 0.032259 58710 60295
20 62.310000 60.320000 1000000 9.663431 9.554281 9.655842 9.536314 0.031875 0.032259 0.168178 0.165055 0.032259 0.031868 0.032259 59590 70960
20 62.310000 60.320000 1000000 9.604571 9.496216 9.595159 9.471798 0.031869 0.032259 0.155535 0.152153 0.032259 0.031863 0.032259 70960 74992
20 62.310000 60.320000 1000000 9.569297 9.442454 9.558157 9.399308 0.031890 0.032259 0.152380 0.148927 0.032259 0.031885 0.032259 74990 78424
20 62.310000 60.320000 1000000 9.553733 9.432776 9.542538 9.389631 0.031894 0.032259 0.149229 0.145701 0.032259 0.031889 0.032259 78420 82166
20 62.310000 60.320000 1000000 9.543388 9.426325 9.532157 9.383179 0.031896 0.032259 0.147130 0.143550 0.032259 0.031891 0.032259 82160 85568
20 62.310000 60.320000 1000000 9.539584 9.422024 9.528339 9.378878 0.031892 0.032259 0.147129 0.143549 0.032259 0.031887 0.032259 85560 86468
20 62.310000 60.320000 1000000 9.538589 9.420949 9.527340 9.377803 0.031891 0.032259 0.147129 0.143549 0.032259 0.031886 0.032259 86460 89500
20 62.310000 60.320000 1000000 9.530112 9.393529 9.522242 9.364586 0.031883 0.032259 0.140318 0.136560 0.032259 0.031875 0.032259 89500 91031
20 62.310000 60.320000 1000000 9.517309 9.381164 9.509235 9.349667 0.031885 0.032259 0.140841 0.137097 0.032259 0.031877 0.032259 91030 98267
20 62.310000 60.320000 1000000 9.497330 9.360733 9.489205 9.329237 0.031883 0.032259 0.138747 0.134945 0.032259 0.031874 0.032259 98260 103816
20 62.310000 60.320000 1000000 9.490689 9.355357 9.482547 9.323861 0.031881 0.032259 0.138747 0.134945 0.032259 0.031873 0.032259 103810 105454
20 62.310000 60.320000 1000000 9.488299 9.351056 9.480151 9.319559 0.031879 0.032259 0.136657 0.132795 0.032259 0.031870 0.032259 105450 112289
20 62.310000 60.320000 1000000 9.450065 9.300519 9.445706 9.289094 0.031886 0.032259 0.116905 0.112366 0.032259 0.031876 0.032259 112280 115066
20 62.310000 60.320000 1000000 9.448285 9.299443 9.443923 9.288018 0.031887 0.032259 0.115872 0.111291 0.032259 0.031877 0.032259 115060 118598
20 62.310000 60.320000 1000000 9.435461 9.289766 9.431082 9.278341 0.031894 0.032259 0.111747 0.106989 0.032259 0.031885 0.032259 118590 124382
20 62.310000 60.320000 1000000 9.417103 9.274712 9.412965 9.264542 0.031887 0.032259 0.116904 0.112365 0.032259 0.031877 0.032259 124380 133493
20 62.310000 60.320000 1000000 9.387962 9.237078 9.385158 9.235689 0.031891 0.032259 0.115871 0.111290 0.032259 0.031882 0.032259 133490 135870
20 62.310000 60.320000 1000000 9.386037 9.236003 9.383231 9.234614 0.031892 0.032259 0.115871 0.111290 0.032259 0.031883 0.032259 135870 142542
20 62.310000 60.320000 1000000 9.357404 9.213422 9.354572 9.212033 0.031893 0.032259 0.124157 0.119893 0.032259 0.031884 0.032259 142540 143341
20 62.310000 60.320000 1000000 9.357056 9.212347 9.354093 9.210555 0.031894 0.032259 0.124157 0.119893 0.032259 0.031884 0.032259 143340 152199
20 62.310000 60.320000 1000000 9.346653 9.204820 9.343680 9.203028 0.031898 0.032259 0.126235 0.122044 0.032259 0.031889 0.032259 147900 148598
20 62.310000 60.320000 1000000 9.345925 9.203745 9.342952 9.201952 0.031898 0.032259 0.127275 0.123119 0.032259 0.031889 0.032259 148590 152199
20 62.310000 60.320000 1000000 9.324219 9.190842 9.321224 9.189049 0.031908 0.032259 0.124158 0.119894 0.032259 0.031899 0.032259 152190 157958
20 62.310000 60.320000 1000000 9.305214 9.176863 9.302201 9.175071 0.031907 0.032259 0.122082 0.117743 0.032259 0.031898 0.032259 157950 160967
20 62.310000 60.320000 1000000 9.303292 9.175788 9.300278 9.173995 0.031908 0.032259 0.121045 0.116667 0.032259 0.031899 0.032259 160960 162740
20 62.310000 60.320000 1000000 9.302668 9.174713 9.299653 9.172920 0.031908 0.032259 0.121045 0.116668 0.032259 0.031899 0.032259 162740 169686
20 62.310000 60.320000 1000000 9.297015 9.170411 9.293994 9.168619 0.031906 0.032259 0.124158 0.119894 0.032259 0.031897 0.032259 169680 183729
20 62.310000 60.320000 1000000 9.288726 9.165035 9.285697 9.163243 0.031909 0.032259 0.125196 0.120969 0.032259 0.031900 0.032259 183720 189011
20 62.310000 60.320000 1000000 9.265112 9.136003 9.261928 9.133807 0.031882 0.032259 0.117942 0.113445 0.032259 0.031873 0.032259 189010 192249
20 62.310000 60.320000 1000000 9.263622 9.134928 9.260436 9.132732 0.031881 0.032259 0.117942 0.113445 0.032259 0.031872 0.032259 192240 206288
20 62.310000 60.320000 1000000 9.245289 9.102670 9.240667 9.093619 0.031875 0.032259 0.116908 0.112370 0.032259 0.031864 0.032259 206280 209428
20 62.310000 60.320000 1000000 9.241660 9.095143 9.237032 9.086092 0.031871 0.032259 0.121049 0.116671 0.032259 0.031861 0.032259 209420 216440
20 62.310000 60.320000 1000000 9.226019 9.083315 9.221368 9.074264 0.031871 0.032259 0.120012 0.115596 0.032259 0.031861 0.032259 216440 217327
20 62.310000 60.320000 1000000 9.224414 9.082240 9.219761 9.073189 0.031872 0.032259 0.120012 0.115596 0.032259 0.031862 0.032259 217320 220975
20 62.310000 60.320000 1000000 9.216363 9.076863 9.211697 9.067813 0.031874 0.032259 0.121047 0.116670 0.032259 0.031864 0.032259 220970 222224
20 62.310000 60.320000 1000000 9.215147 9.075788 9.210479 9.066738 0.031873 0.032259 0.120011 0.115595 0.032259 0.031863 0.032259 222220 223909
20 62.310000 60.320000 1000000 9.214251 9.074713 9.209582 9.065662 0.031874 0.032259 0.118976 0.114519 0.032259 0.031864 0.032259 223900 228842
20 62.310000 60.320000 1000000 9.200175 9.065035 9.195484 9.055985 0.031874 0.032259 0.125199 0.120972 0.032259 0.031864 0.032259 228840 229851
20 62.310000 60.320000 1000000 9.199368 9.063960 9.194677 9.054910 0.031873 0.032259 0.124160 0.119896 0.032259 0.031863 0.032259 229850 240434
20 62.310000 60.320000 1000000 9.197631 9.045143 9.192336 9.026729 0.031870 0.032259 0.130922 0.126885 0.032259 0.031860 0.032259 240430 249209
20 62.310000 60.320000 1000000 9.196278 9.044068 9.190981 9.025654 0.031872 0.032259 0.129880 0.125810 0.032259 0.031861 0.032259 249200 255316
20 62.310000 60.320000 1000000 9.170851 9.021487 9.165509 9.003073 0.031883 0.032259 0.126758 0.122585 0.032259 0.031872 0.032259 255310 262690
20 62.310000 60.320000 1000000 9.164568 9.013960 9.159216 8.995546 0.031881 0.032259 0.126758 0.122585 0.032259 0.031870 0.032259 262690 262944
20 62.310000 60.320000 1000000 9.162985 9.012885 9.157630 8.994471 0.031882 0.032259 0.125719 0.121509 0.032259 0.031872 0.032259 262940 267890
20 62.310000 60.320000 1000000 9.160067 9.009659 9.154707 8.991245 0.031880 0.032259 0.122604 0.118284 0.032259 0.031870 0.032259 267890 271675
20 62.310000 60.320000 1000000 9.156522 9.006433 9.151155 8.988019 0.031879 0.032259 0.124679 0.120434 0.032259 0.031869 0.032259 271670 288323
20 62.310000 60.320000 1000000 9.149361 8.990304 9.144553 8.975654 0.031865 0.032259 0.114327 0.109681 0.032259 0.031855 0.032259 288320 293392
20 62.310000 60.320000 1000000 9.147378 8.989229 9.142567 8.974578 0.031867 0.032259 0.113296 0.108606 0.032259 0.031856 0.032259 293390 310512
20 62.310000 60.320000 1000000 9.134062 8.966649 9.130738 8.963288 0.031857 0.032259 0.098958 0.093552 0.032259 0.031848 0.032259 310510 310957
20 62.310000 60.320000 1000000 9.133297 8.965573 9.129972 8.962213 0.031858 0.032259 0.097942 0.092477 0.032259 0.031849 0.032259 310950 319541
20 62.310000 60.320000 1000000 9.129423 8.960197 9.126663 8.959345 0.031861 0.032259 0.096928 0.091403 0.032259 0.031851 0.032259 319540 344672
20 62.310000 60.320000 1000000 9.115597 8.952670 9.112824 8.951818 0.031867 0.032259 0.090869 0.084951 0.032259 0.031857 0.032259 344670 345024
20 62.310000 60.320000 1000000 9.114641 8.951595 9.111867 8.950743 0.031867 0.032259 0.091875 0.086026 0.032259 0.031858 0.032259 345020 355935
20 62.310000 60.320000 1000000 9.076783 8.927939 9.073975 8.927087 0.031875 0.032259 0.097942 0.092477 0.032259 0.031865 0.032259 355930 370325
20 62.310000 60.320000 1000000 9.072755 8.923638 9.069943 8.922786 0.031877 0.032259 0.102012 0.096778 0.032259 0.031868 0.032259 370320 374521
20 62.310000 60.320000 1000000 9.072565 8.922563 9.069681 8.921308 0.031877 0.032259 0.102012 0.096778 0.032259 0.031867 0.032259 374520 374979
20 62.310000 60.320000 1000000 9.071952 8.921487 9.069068 8.920233 0.031876 0.032259 0.102012 0.096778 0.032259 0.031866 0.032259 374970 393943
20 62.310000 60.320000 1000000 9.069753 8.917186 9.066663 8.914722 0.031875 0.032259 0.102012 0.096778 0.032259 0.031866 0.032259 393940 438207
20 62.310000 60.320000 1000000 9.056587 8.901057 9.053101 8.895188 0.031872 0.032259 0.102012 0.096777 0.032259 0.031863 0.032259 438200 444863
20 62.310000 60.320000 1000000 9.048364 8.895681 9.044869 8.889811 0.031876 0.032259 0.098957 0.093551 0.032259 0.031867 0.032259 444860 445725
20 62.310000 60.320000 1000000 9.047549 8.894606 9.044053 8.888736 0.031874 0.032259 0.099972 0.094625 0.032259 0.031865 0.032259 445720 447092
20 62.310000 60.320000 1000000 9.045983 8.893530 9.042485 8.887661 0.031874 0.032259 0.099972 0.094625 0.032259 0.031864 0.032259 447090 469220
20 62.310000 60.320000 1000000 9.022869 8.872562 9.019294 8.865842 0.031865 0.032259 0.099464 0.094087 0.032259 0.031855 0.032259 469220 509930
20 62.310000 60.320000 1000000 9.015677 8.865036 9.012400 8.860824 0.031868 0.032259 0.100481 0.095163 0.032259 0.031859 0.032259 473470 516447
20 62.310000 60.320000 1000000 8.986015 8.837079 8.983142 8.836630 0.031861 0.032259 0.107636 0.102689 0.032259 0.031852 0.032259 516440 546811
20 62.310000 60.320000 1000000 8.971822 8.814498 8.968935 8.814049 0.031861 0.032259 0.101499 0.096236 0.032259 0.031853 0.032259 546810 571560
20 62.310000 60.320000 1000000 8.956605 8.802670 8.953704 8.802221 0.031873 0.032259 0.090363 0.084408 0.032259 0.031865 0.032259 571560 631035
20 62.310000 60.320000 1000000 8.952945 8.800519 8.950041 8.800071 0.031876 0.032259 0.088357 0.082258 0.032259 0.031867 0.032259 574500 605117
20 62.310000 60.320000 1000000 8.921025 8.773638 8.918089 8.773189 0.031869 0.032259 0.098446 0.093011 0.032259 0.031860 0.032259 605110 631035
20 62.310000 60.320000 1000000 8.896328 8.754283 8.893368 8.753834 0.031860 0.032259 0.096416 0.090860 0.032259 0.031852 0.032259 631030 642517
20 62.310000 60.320000 1000000 8.895624 8.753207 8.892663 8.752759 0.031858 0.032259 0.097430 0.091935 0.032259 0.031850 0.032259 642510 645926
20 62.310000 60.320000 1000000 8.894438 8.752132 8.891476 8.751684 0.031859 0.032259 0.097430 0.091935 0.032259 0.031851 0.032259 645920 647904
20 62.310000 60.320000 1000000 8.894206 8.751057 8.891243 8.750609 0.031859 0.032259 0.097431 0.091935 0.032259 0.031850 0.032259 647900 659549
20 62.310000 60.320000 1000000 8.892808 8.749982 8.889844 8.749533 0.031860 0.032259 0.096417 0.090861 0.032259 0.031851 0.032259 659540 662084
20 62.310000 60.320000 1000000 8.891651 8.748906 8.888686 8.748458 0.031861 0.032259 0.095404 0.089785 0.032259 0.031853 0.032259 662080 667640
20 62.310000 60.320000 1000000 8.889823 8.747831 8.886856 8.747383 0.031862 0.032259 0.094393 0.088710 0.032259 0.031854 0.032259 667640 678187
20 62.310000 60.320000 1000000 8.883094 8.742455 8.880120 8.742006 0.031863 0.032259 0.096417 0.090860 0.032259 0.031855 0.032259 678180 695299
20 62.310000 60.320000 1000000 8.875080 8.737078 8.872097 8.736630 0.031866 0.032259 0.097431 0.091936 0.032259 0.031858 0.032259 695290 732534
20 62.310000 60.320000 1000000 8.862538 8.723100 8.860331 8.724712 0.031874 0.032259 0.094394 0.088711 0.032259 0.031864 0.032259 732530 782838
20 62.310000 60.320000 1000000 8.845007 8.704820 8.842717 8.706030 0.031861 0.032259 0.096417 0.090861 0.032259 0.031852 0.032259 782830 807953
20 62.310000 60.320000 1000000 8.844825 8.703745 8.842466 8.704551 0.031861 0.032259 0.096417 0.090861 0.032259 0.031851 0.032259 807950 834201
20 62.310000 60.320000 1000000 8.842432 8.700519 8.840071 8.701325 0.031860 0.032259 0.099462 0.094086 0.032259 0.031850 0.032259 834200 843316
20 62.310000 60.320000 1000000 8.841527 8.699444 8.839165 8.700250 0.031859 0.032259 0.099464 0.094087 0.032259 0.031849 0.032259 843310 880690
20 62.310000 60.320000 1000000 8.827310 8.689766 8.824937 8.690573 0.031862 0.032259 0.098447 0.093012 0.032259 0.031852 0.032259 880690 910797
20 62.310000 60.320000 1000000 8.810005 8.677938 8.807619 8.678745 0.031863 0.032259 0.096418 0.090861 0.032259 0.031853 0.032259 910790 916710
20 62.310000 60.320000 1000000 8.809202 8.676863 8.806815 8.677669 0.031864 0.032259 0.096418 0.090861 0.032259 0.031854 0.032259 916710 925540
20 62.310000 60.320000 1000000 8.809108 8.675250 8.806670 8.675205 0.031863 0.032259 0.096925 0.091399 0.032259 0.031854 0.032259 925540 1000000
