32 62.310000 60.320000 1000000 14.346319 13.958028 14.343848 13.963134 0.031792 0.032259 0.269676 0.267740 0.032259 0.031783 0.032259 0 50
32 62.310000 60.320000 1000000 13.091697 12.898890 13.088401 12.901039 0.031818 0.032259 0.338101 0.336558 0.032259 0.031808 0.032259 50 60
32 62.310000 60.320000 1000000 12.604926 12.553730 12.601959 12.559642 0.031934 0.032259 0.234488 0.232259 0.032259 0.031924 0.032259 60 71
32 62.310000 60.320000 1000000 12.417558 12.404268 12.414454 12.410181 0.031907 0.032259 0.198341 0.195700 0.032259 0.031897 0.032259 70 81
32 62.310000 60.320000 1000000 12.319128 12.312871 12.315789 12.317081 0.031913 0.032259 0.205773 0.203229 0.032259 0.031903 0.032259 80 91
32 62.310000 60.320000 1000000 12.185965 12.220399 12.181881 12.222593 0.031964 0.032259 0.208958 0.206453 0.032259 0.031954 0.032259 90 103
32 62.310000 60.320000 1000000 12.069142 12.111797 12.064451 12.111079 0.031994 0.032259 0.187740 0.184947 0.032259 0.031984 0.032259 100 110
32 62.310000 60.320000 1000000 12.013098 12.058034 12.008150 12.055613 0.032016 0.032259 0.177157 0.174195 0.032259 0.032007 0.032259 110 121
32 62.310000 60.320000 1000000 11.978831 12.028464 11.974582 12.030210 0.032019 0.032259 0.180860 0.177960 0.032259 0.032010 0.032259 120 137
32 62.310000 60.320000 1000000 11.957785 12.005884 11.953514 12.007630 0.032025 0.032259 0.188271 0.185487 0.032259 0.032016 0.032259 130 150
32 62.310000 60.320000 1000000 11.799622 11.896207 11.795177 11.897953 0.032050 0.032259 0.172398 0.169353 0.032259 0.032042 0.032259 150 166
32 62.310000 60.320000 1000000 11.771199 11.862874 11.766527 11.862917 0.032043 0.032259 0.171342 0.168278 0.032259 0.032035 0.032259 160 171
32 62.310000 60.320000 1000000 11.736007 11.835992 11.732153 11.839799 0.032051 0.032259 0.158687 0.155374 0.032259 0.032042 0.032259 170 184
32 62.310000 60.320000 1000000 11.712446 11.812336 11.707778 11.813724 0.032046 0.032259 0.160792 0.157523 0.032259 0.032037 0.032259 180 197
32 62.310000 60.320000 1000000 11.675881 11.785455 11.671169 11.786843 0.032040 0.032259 0.160793 0.157524 0.032259 0.032031 0.032259 190 202
32 62.310000 60.320000 1000000 11.663321 11.772014 11.658516 11.772551 0.032046 0.032259 0.163428 0.160213 0.032259 0.032037 0.032259 200 211
32 62.310000 60.320000 1000000 11.576956 11.705348 11.572043 11.705884 0.032052 0.032259 0.160267 0.156987 0.032259 0.032044 0.032259 210 221
32 62.310000 60.320000 1000000 11.568849 11.699972 11.563925 11.700508 0.032051 0.032259 0.159215 0.155912 0.032259 0.032043 0.032259 220 231
32 62.310000 60.320000 1000000 11.542294 11.679542 11.537336 11.680078 0.032063 0.032259 0.151852 0.148386 0.032259 0.032054 0.032259 230 245
32 62.310000 60.320000 1000000 11.506247 11.654811 11.501243 11.655347 0.032070 0.032259 0.143458 0.139784 0.032259 0.032061 0.032259 240 253
32 62.310000 60.320000 1000000 11.495415 11.642983 11.490396 11.643519 0.032067 0.032259 0.147653 0.144086 0.032259 0.032059 0.032259 250 261
32 62.310000 60.320000 1000000 11.489662 11.634381 11.484933 11.636172 0.032067 0.032259 0.146604 0.143011 0.032259 0.032059 0.032259 260 278
32 62.310000 60.320000 1000000 11.479556 11.622553 11.475396 11.626853 0.032068 0.032259 0.145554 0.141935 0.032259 0.032059 0.032259 270 322
32 62.310000 60.320000 1000000 11.461709 11.599972 11.457529 11.604272 0.032064 0.032259 0.150801 0.147310 0.032259 0.032055 0.032259 290 319
32 62.310000 60.320000 1000000 11.440160 11.559112 11.434988 11.554900 0.032073 0.032259 0.146604 0.143011 0.032259 0.032065 0.032259 310 323
32 62.310000 60.320000 1000000 11.433208 11.552123 11.427945 11.547059 0.032074 0.032259 0.140841 0.137097 0.032259 0.032066 0.032259 320 334
32 62.310000 60.320000 1000000 11.432604 11.551048 11.427340 11.545984 0.032075 0.032259 0.139794 0.136021 0.032259 0.032066 0.032259 330 350
32 62.310000 60.320000 1000000 11.417384 11.533844 11.413502 11.535052 0.032082 0.032259 0.137704 0.133872 0.032259 0.032073 0.032259 350 373
32 62.310000 60.320000 1000000 11.405602 11.519865 11.401707 11.521073 0.032081 0.032259 0.139795 0.136023 0.032259 0.032072 0.032259 370 394
32 62.310000 60.320000 1000000 11.375959 11.498360 11.372034 11.499568 0.032079 0.032259 0.141888 0.138173 0.032259 0.032070 0.032259 380 403
32 62.310000 60.320000 1000000 11.339391 11.460726 11.335428 11.461934 0.032083 0.032259 0.142937 0.139249 0.032259 0.032073 0.032259 400 423
32 62.310000 60.320000 1000000 11.288249 11.425242 11.284231 11.426450 0.032095 0.032259 0.147131 0.143551 0.032259 0.032085 0.032259 420 431
32 62.310000 60.320000 1000000 11.276980 11.415565 11.272950 11.416773 0.032097 0.032259 0.145033 0.141400 0.032259 0.032088 0.032259 430 447
32 62.310000 60.320000 1000000 11.275031 11.414489 11.271000 11.415698 0.032098 0.032259 0.145032 0.141399 0.032259 0.032088 0.032259 440 462
32 62.310000 60.320000 1000000 11.243192 11.374705 11.239126 11.375913 0.032105 0.032259 0.153430 0.150000 0.032259 0.032096 0.032259 460 478
32 62.310000 60.320000 1000000 11.229057 11.365027 11.224975 11.366235 0.032104 0.032259 0.146080 0.142474 0.032259 0.032094 0.032259 470 481
32 62.310000 60.320000 1000000 11.228897 11.363414 11.224731 11.363771 0.032104 0.032259 0.145556 0.141936 0.032259 0.032094 0.032259 480 499
32 62.310000 60.320000 1000000 11.182013 11.325780 11.177795 11.326137 0.032106 0.032259 0.168705 0.165592 0.032259 0.032096 0.032259 490 503
32 62.310000 60.320000 1000000 11.169416 11.307500 11.165183 11.307858 0.032107 0.032259 0.166594 0.163441 0.032259 0.032098 0.032259 500 515
32 62.310000 60.320000 1000000 11.168402 11.306425 11.164167 11.306782 0.032107 0.032259 0.167650 0.164517 0.032259 0.032098 0.032259 510 521
32 62.310000 60.320000 1000000 11.143626 11.290296 11.139364 11.290654 0.032107 0.032259 0.161324 0.158066 0.032259 0.032098 0.032259 520 538
32 62.310000 60.320000 1000000 11.122169 11.263415 11.117881 11.263772 0.032097 0.032259 0.177156 0.174195 0.032259 0.032088 0.032259 530 584
32 62.310000 60.320000 1000000 11.068803 11.206425 11.064453 11.206782 0.032091 0.032259 0.169763 0.166670 0.032259 0.032082 0.032259 580 597
32 62.310000 60.320000 1000000 11.063451 11.202124 11.059095 11.202481 0.032091 0.032259 0.167652 0.164519 0.032259 0.032082 0.032259 590 610
32 62.310000 60.320000 1000000 11.048871 11.183845 11.044374 11.183798 0.032084 0.032259 0.159218 0.155916 0.032259 0.032075 0.032259 610 621
32 62.310000 60.320000 1000000 11.041714 11.177393 11.037209 11.177347 0.032083 0.032259 0.156061 0.152690 0.032259 0.032074 0.032259 620 631
32 62.310000 60.320000 1000000 11.037877 11.173092 11.033624 11.174300 0.032082 0.032259 0.158165 0.154840 0.032259 0.032073 0.032259 630 660
32 62.310000 60.320000 1000000 11.030117 11.167715 11.025855 11.168924 0.032082 0.032259 0.157113 0.153766 0.032259 0.032073 0.032259 660 681
32 62.310000 60.320000 1000000 11.007038 11.142984 11.002749 11.144193 0.032079 0.032259 0.153958 0.150540 0.032259 0.032070 0.032259 680 802
32 62.310000 60.320000 1000000 10.995802 11.134382 10.991500 11.135590 0.032077 0.032259 0.150804 0.147313 0.032259 0.032068 0.032259 690 892
32 62.310000 60.320000 1000000 10.884245 11.042985 10.879809 11.044193 0.032119 0.032259 0.122602 0.118282 0.032259 0.032110 0.032259 890 923
32 62.310000 60.320000 1000000 10.883153 11.041909 10.878715 11.043118 0.032118 0.032259 0.121565 0.117207 0.032259 0.032109 0.032259 920 934
32 62.310000 60.320000 1000000 10.881425 11.038684 10.876986 11.039892 0.032120 0.032259 0.124678 0.120433 0.032259 0.032111 0.032259 930 950
32 62.310000 60.320000 1000000 10.879662 11.037608 10.875221 11.038817 0.032120 0.032259 0.125717 0.121508 0.032259 0.032111 0.032259 950 1015
32 62.310000 60.320000 1000000 10.878156 11.036533 10.873713 11.037742 0.032120 0.032259 0.125717 0.121508 0.032259 0.032111 0.032259 1010 1047
32 62.310000 60.320000 1000000 10.866972 11.008576 10.862515 11.009785 0.032121 0.032259 0.142414 0.138712 0.032259 0.032112 0.032259 1040 1062
32 62.310000 60.320000 1000000 10.829688 10.978469 10.825185 10.979677 0.032118 0.032259 0.142413 0.138712 0.032259 0.032109 0.032259 1060 1076
32 62.310000 60.320000 1000000 10.825321 10.975243 10.820813 10.976452 0.032118 0.032259 0.139273 0.135486 0.032259 0.032109 0.032259 1070 1091
32 62.310000 60.320000 1000000 10.798620 10.956964 10.794077 10.958172 0.032122 0.032259 0.124678 0.120432 0.032259 0.032113 0.032259 1090 1130
32 62.310000 60.320000 1000000 10.785584 10.931157 10.782829 10.941147 0.032122 0.032259 0.115356 0.110753 0.032259 0.032112 0.032259 1130 1149
32 62.310000 60.320000 1000000 10.784013 10.930082 10.781257 10.940072 0.032122 0.032259 0.114324 0.109678 0.032259 0.032112 0.032259 1140 1162
32 62.310000 60.320000 1000000 10.776469 10.923630 10.773707 10.933620 0.032124 0.032259 0.113293 0.108603 0.032259 0.032115 0.032259 1160 1184
32 62.310000 60.320000 1000000 10.767688 10.911802 10.764919 10.921792 0.032115 0.032259 0.121564 0.117206 0.032259 0.032105 0.032259 1180 1205
32 62.310000 60.320000 1000000 10.754275 10.890297 10.750276 10.896255 0.032116 0.032259 0.114326 0.109680 0.032259 0.032107 0.032259 1200 1232
32 62.310000 60.320000 1000000 10.752479 10.889222 10.748478 10.895180 0.032117 0.032259 0.113295 0.108605 0.032259 0.032107 0.032259 1230 1271
32 62.310000 60.320000 1000000 10.751810 10.888147 10.747808 10.894104 0.032117 0.032259 0.112265 0.107530 0.032259 0.032108 0.032259 1270 1365
32 62.310000 60.320000 1000000 10.741803 10.878469 10.737790 10.884427 0.032111 0.032259 0.112264 0.107530 0.032259 0.032102 0.032259 1360 1423
32 62.310000 60.320000 1000000 10.734824 10.866641 10.730641 10.872196 0.032104 0.032259 0.121565 0.117207 0.032259 0.032095 0.032259 1420 1499
32 62.310000 60.320000 1000000 10.734645 10.865028 10.730367 10.869732 0.032105 0.032259 0.121047 0.116669 0.032259 0.032096 0.032259 1490 1676
32 62.310000 60.320000 1000000 10.706502 10.815029 10.700761 10.809159 0.032105 0.032259 0.118457 0.113980 0.032259 0.032097 0.032259 1670 1682
32 62.310000 60.320000 1000000 10.702807 10.811803 10.697060 10.805933 0.032104 0.032259 0.118457 0.113980 0.032259 0.032097 0.032259 1680 1694
32 62.310000 60.320000 1000000 10.702529 10.810728 10.697107 10.806112 0.032105 0.032259 0.117423 0.112905 0.032259 0.032097 0.032259 1690 1707
32 62.310000 60.320000 1000000 10.685063 10.798900 10.679614 10.794284 0.032102 0.032259 0.119492 0.115056 0.032259 0.032094 0.032259 1700 1712
32 62.310000 60.320000 1000000 10.668418 10.788147 10.662943 10.783531 0.032103 0.032259 0.119493 0.115057 0.032259 0.032095 0.032259 1710 1761
32 62.310000 60.320000 1000000 10.640876 10.767717 10.635359 10.763102 0.032100 0.032259 0.124678 0.120433 0.032259 0.032092 0.032259 1760 1791
32 62.310000 60.320000 1000000 10.636848 10.762341 10.631325 10.757725 0.032097 0.032259 0.120529 0.116132 0.032259 0.032089 0.032259 1790 1875
32 62.310000 60.320000 1000000 10.630239 10.750513 10.625447 10.749661 0.032096 0.032259 0.114326 0.109681 0.032259 0.032087 0.032259 1870 1893
32 62.310000 60.320000 1000000 10.628257 10.749438 10.623463 10.748586 0.032097 0.032259 0.113295 0.108606 0.032259 0.032088 0.032259 1890 1964
32 62.310000 60.320000 1000000 10.621109 10.741911 10.616306 10.741059 0.032097 0.032259 0.108152 0.103229 0.032259 0.032089 0.032259 1960 1973
32 62.310000 60.320000 1000000 10.615434 10.738685 10.610623 10.737833 0.032099 0.032259 0.107126 0.102154 0.032259 0.032091 0.032259 1970 2009
32 62.310000 60.320000 1000000 10.614488 10.737610 10.609675 10.736758 0.032100 0.032259 0.108152 0.103229 0.032259 0.032092 0.032259 2000 2045
32 62.310000 60.320000 1000000 10.613883 10.736535 10.609070 10.735682 0.032099 0.032259 0.109179 0.104304 0.032259 0.032091 0.032259 2040 2147
32 62.310000 60.320000 1000000 10.581467 10.709653 10.576609 10.708800 0.032101 0.032259 0.105078 0.100004 0.032259 0.032092 0.032259 2140 2152
32 62.310000 60.320000 1000000 10.580972 10.708577 10.576114 10.707725 0.032100 0.032259 0.104056 0.098929 0.032259 0.032092 0.032259 2150 2161
32 62.310000 60.320000 1000000 10.580334 10.707502 10.575474 10.706650 0.032100 0.032259 0.105078 0.100004 0.032259 0.032092 0.032259 2160 2192
32 62.310000 60.320000 1000000 10.568031 10.698900 10.563155 10.698048 0.032099 0.032259 0.107127 0.102154 0.032259 0.032091 0.032259 2190 2243
32 62.310000 60.320000 1000000 10.567167 10.697825 10.562290 10.696973 0.032099 0.032259 0.106102 0.101079 0.032259 0.032091 0.032259 2240 2251
32 62.310000 60.320000 1000000 10.560011 10.692449 10.555123 10.691596 0.032098 0.032259 0.109179 0.104304 0.032259 0.032090 0.032259 2250 2288
32 62.310000 60.320000 1000000 10.552571 10.683846 10.547917 10.684249 0.032097 0.032259 0.112264 0.107530 0.032259 0.032089 0.032259 2280 2359
32 62.310000 60.320000 1000000 10.545803 10.673631 10.541059 10.673182 0.032105 0.032259 0.112779 0.108067 0.032259 0.032097 0.032259 2350 2431
32 62.310000 60.320000 1000000 10.535699 10.651051 10.534323 10.670673 0.032105 0.032259 0.129359 0.125272 0.032259 0.032097 0.032259 2430 2475
32 62.310000 60.320000 1000000 10.534510 10.649975 10.533134 10.669598 0.032105 0.032259 0.128318 0.124197 0.032259 0.032097 0.032259 2470 2672
32 62.310000 60.320000 1000000 10.497241 10.602664 10.495850 10.622287 0.032085 0.032259 0.132486 0.128499 0.032259 0.032076 0.032259 2670 2729
32 62.310000 60.320000 1000000 10.488066 10.580621 10.485695 10.592583 0.032084 0.032259 0.141368 0.137638 0.032259 0.032077 0.032259 2720 2753
32 62.310000 60.320000 1000000 10.486636 10.579546 10.484265 10.591507 0.032084 0.032259 0.140321 0.136563 0.032259 0.032077 0.032259 2750 2801
32 62.310000 60.320000 1000000 10.464413 10.559116 10.461827 10.569375 0.032082 0.032259 0.134051 0.130111 0.032259 0.032075 0.032259 2800 3138
32 62.310000 60.320000 1000000 10.415264 10.482772 10.414163 10.500692 0.032087 0.032259 0.126758 0.122585 0.032259 0.032078 0.032259 3080 3154
32 62.310000 60.320000 1000000 10.407287 10.475245 10.406184 10.493166 0.032084 0.032259 0.125718 0.121509 0.032259 0.032075 0.032259 3100 3159
32 62.310000 60.320000 1000000 10.406460 10.474170 10.405357 10.492090 0.032085 0.032259 0.124679 0.120434 0.032259 0.032076 0.032259 3150 3340
32 62.310000 60.320000 1000000 10.403465 10.469869 10.402360 10.487789 0.032088 0.032259 0.124679 0.120434 0.032259 0.032079 0.032259 3340 3466
32 62.310000 60.320000 1000000 10.393904 10.460191 10.392797 10.478112 0.032087 0.032259 0.130922 0.126886 0.032259 0.032078 0.032259 3460 3907
32 62.310000 60.320000 1000000 10.375385 10.427933 10.373140 10.441911 0.032086 0.032259 0.114327 0.109682 0.032259 0.032077 0.032259 3900 4014
32 62.310000 60.320000 1000000 10.371030 10.424708 10.368782 10.438685 0.032087 0.032259 0.111236 0.106456 0.032259 0.032077 0.032259 4010 4100
32 62.310000 60.320000 1000000 10.370223 10.423632 10.367975 10.437610 0.032085 0.032259 0.111236 0.106456 0.032259 0.032076 0.032259 4100 4121
32 62.310000 60.320000 1000000 10.370061 10.422557 10.368001 10.437789 0.032085 0.032259 0.112266 0.107532 0.032259 0.032076 0.032259 4120 4136
32 62.310000 60.320000 1000000 10.369097 10.421482 10.367036 10.436714 0.032084 0.032259 0.112266 0.107532 0.032259 0.032075 0.032259 4130 4170
32 62.310000 60.320000 1000000 10.367671 10.420407 10.365610 10.435639 0.032084 0.032259 0.111237 0.106456 0.032259 0.032075 0.032259 4170 4192
32 62.310000 60.320000 1000000 10.365587 10.419331 10.363525 10.434564 0.032086 0.032259 0.110208 0.105381 0.032259 0.032076 0.032259 4190 4202
32 62.310000 60.320000 1000000 10.364853 10.418256 10.362790 10.433488 0.032085 0.032259 0.110208 0.105381 0.032259 0.032075 0.032259 4200 4269
32 62.310000 60.320000 1000000 10.364152 10.417181 10.362088 10.432413 0.032084 0.032259 0.109180 0.104306 0.032259 0.032075 0.032259 4260 4357
32 62.310000 60.320000 1000000 10.362360 10.413955 10.360296 10.429187 0.032082 0.032259 0.109181 0.104307 0.032259 0.032072 0.032259 4350 4467
32 62.310000 60.320000 1000000 10.354169 10.406428 10.352099 10.421660 0.032083 0.032259 0.108154 0.103231 0.032259 0.032074 0.032259 4460 4567
32 62.310000 60.320000 1000000 10.333049 10.393525 10.330967 10.408757 0.032089 0.032259 0.110208 0.105381 0.032259 0.032079 0.032259 4560 4606
32 62.310000 60.320000 1000000 10.331476 10.392450 10.329392 10.407682 0.032088 0.032259 0.109180 0.104306 0.032259 0.032079 0.032259 4600 4890
32 62.310000 60.320000 1000000 10.326508 10.384923 10.324422 10.400155 0.032081 0.032259 0.110207 0.105380 0.032259 0.032072 0.032259 4660 5006
32 62.310000 60.320000 1000000 10.318845 10.374170 10.316754 10.389402 0.032076 0.032259 0.116391 0.111831 0.032259 0.032066 0.032259 5000 5023
32 62.310000 60.320000 1000000 10.318260 10.373095 10.316169 10.388327 0.032076 0.032259 0.116391 0.111831 0.032259 0.032066 0.032259 5020 5200
32 62.310000 60.320000 1000000 10.317219 10.370944 10.315128 10.386176 0.032074 0.032259 0.116391 0.111831 0.032259 0.032065 0.032259 5100 5540
32 62.310000 60.320000 1000000 10.293328 10.352665 10.291221 10.367897 0.032069 0.032259 0.114325 0.109679 0.032259 0.032060 0.032259 5540 5552
32 62.310000 60.320000 1000000 10.289883 10.349439 10.287775 10.364671 0.032070 0.032259 0.113293 0.108604 0.032259 0.032060 0.032259 5550 6111
32 62.310000 60.320000 1000000 10.241935 10.293525 10.239796 10.308757 0.032077 0.032259 0.139273 0.135486 0.032259 0.032068 0.032259 6110 6178
32 62.310000 60.320000 1000000 10.225842 10.283848 10.223693 10.299080 0.032083 0.032259 0.138228 0.134411 0.032259 0.032074 0.032259 6170 6549
32 62.310000 60.320000 1000000 10.215342 10.273095 10.213187 10.288327 0.032080 0.032259 0.139273 0.135486 0.032259 0.032071 0.032259 6540 6579
32 62.310000 60.320000 1000000 10.214533 10.272020 10.212377 10.287252 0.032079 0.032259 0.139273 0.135486 0.032259 0.032070 0.032259 6570 6696
32 62.310000 60.320000 1000000 10.212757 10.270945 10.210600 10.286177 0.032080 0.032259 0.139273 0.135486 0.032259 0.032070 0.032259 6690 6845
32 62.310000 60.320000 1000000 10.205316 10.263418 10.203155 10.278650 0.032078 0.032259 0.142413 0.138712 0.032259 0.032069 0.032259 6840 6930
32 62.310000 60.320000 1000000 10.203185 10.261267 10.201022 10.276499 0.032079 0.032259 0.141366 0.137636 0.032259 0.032070 0.032259 6930 7207
32 62.310000 60.320000 1000000 10.194927 10.255891 10.192760 10.271123 0.032078 0.032259 0.137181 0.133335 0.032259 0.032069 0.032259 7070 7276
32 62.310000 60.320000 1000000 10.192390 10.253740 10.190221 10.268972 0.032078 0.032259 0.137181 0.133335 0.032259 0.032069 0.032259 7270 7372
32 62.310000 60.320000 1000000 10.190838 10.250514 10.188668 10.265747 0.032078 0.032259 0.134048 0.130109 0.032259 0.032068 0.032259 7370 7424
32 62.310000 60.320000 1000000 10.190041 10.249439 10.187870 10.264671 0.032077 0.032259 0.134048 0.130109 0.032259 0.032067 0.032259 7420 7809
32 62.310000 60.320000 1000000 10.170814 10.227934 10.168631 10.243166 0.032079 0.032259 0.128836 0.124733 0.032259 0.032069 0.032259 7800 8054
32 62.310000 60.320000 1000000 10.132126 10.172020 10.129918 10.187252 0.032080 0.032259 0.135092 0.131184 0.032259 0.032071 0.032259 8050 8980
32 62.310000 60.320000 1000000 10.115280 10.153741 10.113060 10.168973 0.032073 0.032259 0.125716 0.121507 0.032259 0.032063 0.032259 8840 8908
32 62.310000 60.320000 1000000 10.113883 10.152665 10.111662 10.167898 0.032072 0.032259 0.124677 0.120432 0.032259 0.032063 0.032259 8900 8980
32 62.310000 60.320000 1000000 10.113348 10.151590 10.111127 10.166822 0.032072 0.032259 0.123639 0.119356 0.032259 0.032062 0.032259 8980 9482
32 62.310000 60.320000 1000000 10.111683 10.150515 10.109461 10.165747 0.032072 0.032259 0.123639 0.119356 0.032259 0.032062 0.032259 9480 9764
32 62.310000 60.320000 1000000 10.108329 10.142988 10.106104 10.158220 0.032072 0.032259 0.125716 0.121507 0.032259 0.032062 0.032259 9760 9973
32 62.310000 60.320000 1000000 10.107988 10.141913 10.105764 10.157145 0.032072 0.032259 0.125716 0.121507 0.032259 0.032062 0.032259 9970 10054
32 62.310000 60.320000 1000000 10.104553 10.138687 10.102326 10.153919 0.032072 0.032259 0.124677 0.120432 0.032259 0.032062 0.032259 10050 10074
32 62.310000 60.320000 1000000 10.104286 10.137612 10.101959 10.152441 0.032072 0.032259 0.123639 0.119356 0.032259 0.032062 0.032259 10070 11461
32 62.310000 60.320000 1000000 10.077672 10.092450 10.075326 10.107279 0.032072 0.032259 0.120527 0.116130 0.032259 0.032063 0.032259 10260 10749
32 62.310000 60.320000 1000000 10.062350 10.080622 10.059994 10.095451 0.032073 0.032259 0.127794 0.123656 0.032259 0.032063 0.032259 10740 11461
32 62.310000 60.320000 1000000 10.034143 10.055891 10.031667 10.070317 0.032071 0.032259 0.125714 0.121505 0.032259 0.032062 0.032259 11460 11735
32 62.310000 60.320000 1000000 10.030575 10.050515 10.028097 10.064941 0.032068 0.032259 0.122599 0.118279 0.032259 0.032059 0.032259 11730 12475
32 62.310000 60.320000 1000000 10.018605 10.018257 10.014805 10.019063 0.032071 0.032259 0.113291 0.108601 0.032259 0.032062 0.032259 12470 12568
32 62.310000 60.320000 1000000 10.012735 10.008580 10.008928 10.009385 0.032064 0.032259 0.119490 0.115053 0.032259 0.032055 0.032259 12560 12736
32 62.310000 60.320000 1000000 10.005586 10.001053 10.001771 10.001858 0.032061 0.032259 0.123636 0.119354 0.032259 0.032052 0.032259 12730 12833
32 62.310000 60.320000 1000000 10.003787 9.999977 9.999970 10.000783 0.032062 0.032259 0.123636 0.119354 0.032259 0.032053 0.032259 12830 12861
32 62.310000 60.320000 1000000 10.002612 9.998902 9.998794 9.999708 0.032062 0.032259 0.123636 0.119353 0.032259 0.032053 0.032259 12860 13084
32 62.310000 60.320000 1000000 10.001938 9.997827 9.998119 9.998633 0.032062 0.032259 0.124674 0.120429 0.032259 0.032053 0.032259 13080 13214
32 62.310000 60.320000 1000000 10.000321 9.996752 9.996500 9.997557 0.032061 0.032259 0.125713 0.121504 0.032259 0.032053 0.032259 13210 13529
32 62.310000 60.320000 1000000 9.997531 9.991375 9.993543 9.991778 0.032062 0.032259 0.124674 0.120429 0.032259 0.032053 0.032259 13520 13620
32 62.310000 60.320000 1000000 9.989058 9.984924 9.985060 9.985326 0.032061 0.032259 0.121562 0.117203 0.032259 0.032052 0.032259 13620 13925
32 62.310000 60.320000 1000000 9.986868 9.983848 9.982868 9.984251 0.032063 0.032259 0.121562 0.117203 0.032259 0.032054 0.032259 13920 14175
32 62.310000 60.320000 1000000 9.985672 9.982773 9.981671 9.983176 0.032062 0.032259 0.121562 0.117203 0.032259 0.032053 0.032259 14170 14719
32 62.310000 60.320000 1000000 9.956121 9.964494 9.952083 9.964896 0.032072 0.032259 0.117420 0.112902 0.032259 0.032063 0.032259 14710 15220
32 62.310000 60.320000 1000000 9.946130 9.951590 9.942080 9.951993 0.032072 0.032259 0.117420 0.112902 0.032259 0.032063 0.032259 15220 15577
32 62.310000 60.320000 1000000 9.943392 9.948365 9.939339 9.948767 0.032072 0.032259 0.117420 0.112902 0.032259 0.032063 0.032259 15570 15724
32 62.310000 60.320000 1000000 9.932139 9.940838 9.928072 9.941240 0.032071 0.032259 0.114324 0.109678 0.032259 0.032062 0.032259 15720 16017
32 62.310000 60.320000 1000000 9.931725 9.939762 9.927657 9.940165 0.032070 0.032259 0.115356 0.110754 0.032259 0.032062 0.032259 16010 16129
32 62.310000 60.320000 1000000 9.930191 9.938687 9.926122 9.939090 0.032070 0.032259 0.114324 0.109678 0.032259 0.032062 0.032259 16120 16723
32 62.310000 60.320000 1000000 9.922332 9.933311 9.918253 9.933714 0.032073 0.032259 0.113293 0.108603 0.032259 0.032064 0.032259 16720 16901
32 62.310000 60.320000 1000000 9.922151 9.932236 9.918283 9.933893 0.032073 0.032259 0.114324 0.109678 0.032259 0.032064 0.032259 16900 17213
32 62.310000 60.320000 1000000 9.920047 9.929010 9.916177 9.930667 0.032071 0.032259 0.115356 0.110754 0.032259 0.032062 0.032259 17210 17391
32 62.310000 60.320000 1000000 9.918180 9.927935 9.914307 9.929592 0.032071 0.032259 0.115356 0.110754 0.032259 0.032063 0.032259 17390 17575
32 62.310000 60.320000 1000000 9.917694 9.926859 9.913820 9.928516 0.032070 0.032259 0.114324 0.109678 0.032259 0.032062 0.032259 17570 17816
32 62.310000 60.320000 1000000 9.915962 9.925784 9.912087 9.927441 0.032070 0.032259 0.114324 0.109678 0.032259 0.032062 0.032259 17810 17871
32 62.310000 60.320000 1000000 9.915457 9.924709 9.911581 9.926366 0.032070 0.032259 0.113293 0.108603 0.032259 0.032062 0.032259 17870 18052
32 62.310000 60.320000 1000000 9.897546 9.909655 9.893649 9.911312 0.032063 0.032259 0.118457 0.113980 0.032259 0.032054 0.032259 18050 18370
32 62.310000 60.320000 1000000 9.880357 9.892451 9.876440 9.894108 0.032056 0.032259 0.113293 0.108603 0.032259 0.032047 0.032259 18370 18879
32 62.310000 60.320000 1000000 9.873284 9.885999 9.869359 9.887656 0.032056 0.032259 0.113293 0.108603 0.032259 0.032048 0.032259 18870 19260
32 62.310000 60.320000 1000000 9.872840 9.884924 9.868746 9.886178 0.032057 0.032259 0.112263 0.107528 0.032259 0.032049 0.032259 19260 19377
32 62.310000 60.320000 1000000 9.871203 9.883849 9.867108 9.885102 0.032057 0.032259 0.111233 0.106453 0.032259 0.032049 0.032259 19370 20079
32 62.310000 60.320000 1000000 9.868304 9.880623 9.864205 9.881877 0.032056 0.032259 0.113293 0.108603 0.032259 0.032048 0.032259 20070 20149
32 62.310000 60.320000 1000000 9.863700 9.877397 9.859596 9.878651 0.032057 0.032259 0.112263 0.107528 0.032259 0.032049 0.032259 20140 21629
32 62.310000 60.320000 1000000 9.841063 9.855892 9.836929 9.857146 0.032067 0.032259 0.105074 0.100000 0.032259 0.032059 0.032259 21620 21790
32 62.310000 60.320000 1000000 9.840242 9.854816 9.836107 9.856070 0.032067 0.032259 0.104052 0.098925 0.032259 0.032059 0.032259 21790 22128
32 62.310000 60.320000 1000000 9.838620 9.853741 9.834484 9.854995 0.032067 0.032259 0.103030 0.097850 0.032259 0.032059 0.032259 22120 22194
32 62.310000 60.320000 1000000 9.838195 9.852666 9.834059 9.853920 0.032067 0.032259 0.104052 0.098925 0.032259 0.032059 0.032259 22190 23368
32 62.310000 60.320000 1000000 9.826038 9.839225 9.821769 9.839628 0.032065 0.032259 0.094393 0.088710 0.032259 0.032057 0.032259 23360 23919
32 62.310000 60.320000 1000000 9.824256 9.838150 9.819984 9.838552 0.032065 0.032259 0.094394 0.088710 0.032259 0.032057 0.032259 23910 25148
32 62.310000 60.320000 1000000 9.805667 9.823096 9.801585 9.824753 0.032065 0.032259 0.097431 0.091936 0.032259 0.032057 0.032259 25140 27794
32 62.310000 60.320000 1000000 9.787416 9.808042 9.783311 9.809699 0.032066 0.032259 0.098447 0.093012 0.032259 0.032058 0.032259 27790 28021
32 62.310000 60.320000 1000000 9.787274 9.806430 9.783094 9.807235 0.032066 0.032259 0.097939 0.092474 0.032259 0.032058 0.032259 28020 28735
32 62.310000 60.320000 1000000 9.759489 9.787075 9.755273 9.787881 0.032070 0.032259 0.103031 0.097851 0.032259 0.032062 0.032259 28730 29091
32 62.310000 60.320000 1000000 9.751104 9.780623 9.746877 9.781429 0.032069 0.032259 0.108150 0.103227 0.032259 0.032061 0.032259 29090 29143
32 62.310000 60.320000 1000000 9.750470 9.779548 9.746243 9.780354 0.032069 0.032259 0.108150 0.103227 0.032259 0.032061 0.032259 29140 29483
32 62.310000 60.320000 1000000 9.748836 9.778473 9.744606 9.779278 0.032070 0.032259 0.107124 0.102152 0.032259 0.032062 0.032259 29480 29496
32 62.310000 60.320000 1000000 9.748408 9.777397 9.744178 9.778203 0.032069 0.032259 0.107124 0.102152 0.032259 0.032061 0.032259 29490 30725
32 62.310000 60.320000 1000000 9.729891 9.760193 9.725637 9.760999 0.032064 0.032259 0.118457 0.113980 0.032259 0.032057 0.032259 30720 32219
32 62.310000 60.320000 1000000 9.722486 9.751591 9.718222 9.752397 0.032059 0.032259 0.120527 0.116130 0.032259 0.032051 0.032259 31740 33377
32 62.310000 60.320000 1000000 9.710615 9.727935 9.704444 9.723902 0.032061 0.032259 0.125715 0.121505 0.032259 0.032056 0.032259 33370 34523
32 62.310000 60.320000 1000000 9.702483 9.722559 9.696296 9.718526 0.032062 0.032259 0.129876 0.125806 0.032259 0.032056 0.032259 34520 34742
32 62.310000 60.320000 1000000 9.701701 9.721484 9.695513 9.717451 0.032063 0.032259 0.128834 0.124731 0.032259 0.032057 0.032259 34740 35666
32 62.310000 60.320000 1000000 9.687049 9.706430 9.680833 9.702397 0.032056 0.032259 0.127794 0.123656 0.032259 0.032051 0.032259 35440 37243
32 62.310000 60.320000 1000000 9.661355 9.664495 9.655089 9.660462 0.032063 0.032259 0.127794 0.123656 0.032259 0.032058 0.032259 37240 37268
32 62.310000 60.320000 1000000 9.659638 9.663419 9.653368 9.659386 0.032063 0.032259 0.126754 0.122581 0.032259 0.032058 0.032259 37260 40005
32 62.310000 60.320000 1000000 9.620634 9.608581 9.614287 9.604548 0.032068 0.032259 0.135091 0.131183 0.032259 0.032063 0.032259 40000 40213
32 62.310000 60.320000 1000000 9.620188 9.607505 9.613841 9.603472 0.032068 0.032259 0.134047 0.130107 0.032259 0.032063 0.032259 40210 41130
32 62.310000 60.320000 1000000 9.618804 9.604280 9.612454 9.600247 0.032067 0.032259 0.133004 0.129032 0.032259 0.032062 0.032259 41130 43476
32 62.310000 60.320000 1000000 9.589972 9.576323 9.583341 9.571483 0.032054 0.032259 0.134047 0.130108 0.032259 0.032050 0.032259 43470 50004
32 62.310000 60.320000 1000000 9.568920 9.560194 9.562246 9.555354 0.032059 0.032259 0.127794 0.123656 0.032259 0.032055 0.032259 50000 52804
32 62.310000 60.320000 1000000 9.559897 9.547290 9.553204 9.542451 0.032048 0.032259 0.128835 0.124731 0.032259 0.032044 0.032259 52800 53960
32 62.310000 60.320000 1000000 9.536949 9.532237 9.530207 9.527397 0.032051 0.032259 0.121562 0.117204 0.032259 0.032046 0.032259 53960 54015
32 62.310000 60.320000 1000000 9.536423 9.531161 9.529680 9.526322 0.032051 0.032259 0.121562 0.117204 0.032259 0.032047 0.032259 54010 54315
32 62.310000 60.320000 1000000 9.535716 9.530086 9.528971 9.525247 0.032050 0.032259 0.121562 0.117204 0.032259 0.032046 0.032259 54310 57269
32 62.310000 60.320000 1000000 9.518684 9.515032 9.511903 9.510193 0.032049 0.032259 0.125715 0.121505 0.032259 0.032045 0.032259 57260 57405
32 62.310000 60.320000 1000000 9.517498 9.513957 9.510715 9.509118 0.032048 0.032259 0.124676 0.120430 0.032259 0.032044 0.032259 57400 59470
32 62.310000 60.320000 1000000 9.507670 9.506430 9.500865 9.501591 0.032048 0.032259 0.125714 0.121505 0.032259 0.032044 0.032259 59470 59888
32 62.310000 60.320000 1000000 9.506049 9.505355 9.499241 9.500516 0.032049 0.032259 0.125714 0.121505 0.032259 0.032044 0.032259 59880 59984
32 62.310000 60.320000 1000000 9.505351 9.504280 9.498541 9.499440 0.032047 0.032259 0.125714 0.121505 0.032259 0.032043 0.032259 59980 65640
32 62.310000 60.320000 1000000 9.464379 9.476323 9.457480 9.471483 0.032048 0.032259 0.133003 0.129031 0.032259 0.032044 0.032259 65640 66200
32 62.310000 60.320000 1000000 9.462347 9.470409 9.455363 9.464718 0.032044 0.032259 0.136657 0.132795 0.032259 0.032041 0.032259 66200 66294
32 62.310000 60.320000 1000000 9.461162 9.469334 9.454175 9.463643 0.032045 0.032259 0.135612 0.131719 0.032259 0.032041 0.032259 66290 67154
32 62.310000 60.320000 1000000 9.460411 9.468258 9.453423 9.462568 0.032045 0.032259 0.135612 0.131719 0.032259 0.032041 0.032259 67150 68404
32 62.310000 60.320000 1000000 9.446681 9.430624 9.439662 9.424934 0.032050 0.032259 0.136657 0.132795 0.032259 0.032046 0.032259 68400 80620
32 62.310000 60.320000 1000000 9.414855 9.352130 9.408980 9.350382 0.032059 0.032259 0.138746 0.134944 0.032259 0.032048 0.032259 80620 80722
32 62.310000 60.320000 1000000 9.413556 9.351055 9.407679 9.349307 0.032059 0.032259 0.137701 0.133869 0.032259 0.032048 0.032259 80720 82354
32 62.310000 60.320000 1000000 9.413403 9.349442 9.407444 9.346843 0.032059 0.032259 0.138223 0.134406 0.032259 0.032048 0.032259 82350 89939
32 62.310000 60.320000 1000000 9.362218 9.240304 9.351581 9.192589 0.032085 0.032259 0.150278 0.146775 0.032259 0.032077 0.032259 89930 90993
32 62.310000 60.320000 1000000 9.361294 9.239229 9.350653 9.191514 0.032083 0.032259 0.149228 0.145699 0.032259 0.032076 0.032259 90990 91407
32 62.310000 60.320000 1000000 9.361017 9.238153 9.350375 9.190439 0.032083 0.032259 0.149228 0.145699 0.032259 0.032076 0.032259 91400 98425
32 62.310000 60.320000 1000000 9.344594 9.214498 9.333896 9.166783 0.032079 0.032259 0.152378 0.148925 0.032259 0.032072 0.032259 98420 101994
32 62.310000 60.320000 1000000 9.327297 9.191917 9.316540 9.144202 0.032079 0.032259 0.155533 0.152150 0.032259 0.032072 0.032259 101990 102460
32 62.310000 60.320000 1000000 9.326529 9.190842 9.315769 9.143127 0.032079 0.032259 0.155533 0.152150 0.032259 0.032072 0.032259 102460 107523
32 62.310000 60.320000 1000000 9.266654 9.144605 9.255541 9.096084 0.032090 0.032259 0.152378 0.148924 0.032259 0.032083 0.032259 107520 110436
32 62.310000 60.320000 1000000 9.248551 9.129552 9.237372 9.081030 0.032084 0.032259 0.157636 0.154300 0.032259 0.032077 0.032259 109880 111832
32 62.310000 60.320000 1000000 9.246781 9.128476 9.235596 9.079955 0.032084 0.032259 0.156584 0.153225 0.032259 0.032078 0.032259 111830 121060
32 62.310000 60.320000 1000000 9.231291 9.113422 9.220049 9.064901 0.032086 0.032259 0.153429 0.149999 0.032259 0.032080 0.032259 121060 121437
32 62.310000 60.320000 1000000 9.229546 9.112347 9.218298 9.063826 0.032087 0.032259 0.153429 0.149999 0.032259 0.032081 0.032259 121430 131572
32 62.310000 60.320000 1000000 9.218739 9.065036 9.215639 9.061317 0.032087 0.032259 0.116904 0.112365 0.032259 0.032077 0.032259 131570 132625
32 62.310000 60.320000 1000000 9.214333 9.061810 9.211228 9.058091 0.032086 0.032259 0.114839 0.110216 0.032259 0.032077 0.032259 132620 132721
32 62.310000 60.320000 1000000 9.213342 9.060735 9.210236 9.057016 0.032085 0.032259 0.114839 0.110216 0.032259 0.032075 0.032259 132720 138746
32 62.310000 60.320000 1000000 9.206810 9.051057 9.203749 9.046890 0.032087 0.032259 0.110718 0.105914 0.032259 0.032077 0.032259 138740 147982
32 62.310000 60.320000 1000000 9.204823 9.047832 9.201760 9.043665 0.032087 0.032259 0.110718 0.105914 0.032259 0.032078 0.032259 141750 146646
32 62.310000 60.320000 1000000 9.184694 9.019875 9.180797 9.012885 0.032089 0.032259 0.103541 0.098388 0.032259 0.032080 0.032259 146640 147982
32 62.310000 60.320000 1000000 9.179015 9.014499 9.175112 9.007509 0.032088 0.032259 0.103541 0.098388 0.032259 0.032079 0.032259 147980 150046
32 62.310000 60.320000 1000000 9.177851 9.013423 9.173945 9.006434 0.032089 0.032259 0.103541 0.098388 0.032259 0.032080 0.032259 150040 153108
32 62.310000 60.320000 1000000 9.169969 9.005896 9.166053 8.998907 0.032089 0.032259 0.099463 0.094086 0.032259 0.032080 0.032259 153100 155477
32 62.310000 60.320000 1000000 9.168455 9.004821 9.164538 8.997832 0.032089 0.032259 0.099463 0.094086 0.032259 0.032080 0.032259 155470 156514
32 62.310000 60.320000 1000000 9.164710 9.001595 9.160787 8.994606 0.032087 0.032259 0.100482 0.095163 0.032259 0.032079 0.032259 156510 161277
32 62.310000 60.320000 1000000 9.161847 8.995144 9.157921 8.988154 0.032084 0.032259 0.104565 0.099464 0.032259 0.032075 0.032259 161270 179624
32 62.310000 60.320000 1000000 9.111140 8.953208 9.107148 8.946219 0.032086 0.032259 0.113809 0.109142 0.032259 0.032077 0.032259 179620 180532
32 62.310000 60.320000 1000000 9.109889 8.952133 9.105895 8.945144 0.032085 0.032259 0.113809 0.109142 0.032259 0.032076 0.032259 180530 183117
32 62.310000 60.320000 1000000 9.108896 8.948907 9.104902 8.941918 0.032083 0.032259 0.111748 0.106991 0.032259 0.032074 0.032259 183110 191070
32 62.310000 60.320000 1000000 9.108254 8.947832 9.104258 8.940843 0.032083 0.032259 0.112778 0.108066 0.032259 0.032075 0.032259 191070 214303
32 62.310000 60.320000 1000000 9.072463 8.913424 9.069007 8.911452 0.032083 0.032259 0.105585 0.100536 0.032259 0.032075 0.032259 214300 214587
32 62.310000 60.320000 1000000 9.071283 8.912348 9.067826 8.910377 0.032083 0.032259 0.106609 0.101611 0.032259 0.032075 0.032259 214580 218917
32 62.310000 60.320000 1000000 9.069791 8.911273 9.066332 8.909301 0.032083 0.032259 0.105585 0.100536 0.032259 0.032075 0.032259 218910 220188
32 62.310000 60.320000 1000000 9.067989 8.910198 9.064528 8.908226 0.032084 0.032259 0.105585 0.100536 0.032259 0.032076 0.032259 220180 231575
32 62.310000 60.320000 1000000 9.044066 8.891918 9.040577 8.889946 0.032079 0.032259 0.106610 0.101612 0.032259 0.032071 0.032259 231570 234716
32 62.310000 60.320000 1000000 9.043218 8.890843 9.039728 8.888871 0.032078 0.032259 0.106610 0.101612 0.032259 0.032070 0.032259 234710 238264
32 62.310000 60.320000 1000000 9.042640 8.889767 9.039149 8.887796 0.032077 0.032259 0.107635 0.102687 0.032259 0.032069 0.032259 238260 239815
32 62.310000 60.320000 1000000 9.033168 8.883316 9.029667 8.881344 0.032077 0.032259 0.105586 0.100537 0.032259 0.032069 0.032259 239810 257050
32 62.310000 60.320000 1000000 9.026234 8.879015 9.022725 8.877043 0.032078 0.032259 0.105586 0.100537 0.032259 0.032070 0.032259 240560 249835
32 62.310000 60.320000 1000000 9.012442 8.867187 9.008916 8.865215 0.032083 0.032259 0.100479 0.095160 0.032259 0.032075 0.032259 249830 257050
32 62.310000 60.320000 1000000 9.007141 8.863961 9.003609 8.861989 0.032084 0.032259 0.100479 0.095160 0.032259 0.032077 0.032259 254960 257329
32 62.310000 60.320000 1000000 8.992370 8.855359 8.988821 8.853387 0.032088 0.032259 0.105585 0.100537 0.032259 0.032081 0.032259 257320 276426
32 62.310000 60.320000 1000000 8.981421 8.842455 8.978132 8.841738 0.032083 0.032259 0.108662 0.103763 0.032259 0.032075 0.032259 276420 277933
32 62.310000 60.320000 1000000 8.980865 8.841380 8.977576 8.840663 0.032082 0.032259 0.108662 0.103763 0.032259 0.032074 0.032259 277930 289437
32 62.310000 60.320000 1000000 8.975108 8.838154 8.971813 8.837437 0.032086 0.032259 0.107635 0.102687 0.032259 0.032078 0.032259 289430 298540
32 62.310000 60.320000 1000000 8.951855 8.820950 8.948433 8.818530 0.032094 0.032259 0.103539 0.098385 0.032259 0.032086 0.032259 298540 302768
32 62.310000 60.320000 1000000 8.949909 8.819875 8.946485 8.817455 0.032095 0.032259 0.102518 0.097310 0.032259 0.032087 0.032259 302760 309491
32 62.310000 60.320000 1000000 8.949464 8.818799 8.946039 8.816380 0.032095 0.032259 0.103539 0.098385 0.032259 0.032086 0.032259 309490 318813
32 62.310000 60.320000 1000000 8.944647 8.814498 8.941216 8.812079 0.032094 0.032259 0.102518 0.097310 0.032259 0.032086 0.032259 318810 332060
32 62.310000 60.320000 1000000 8.939057 8.808047 8.935620 8.805627 0.032094 0.032259 0.099462 0.094086 0.032259 0.032086 0.032259 332060 333261
32 62.310000 60.320000 1000000 8.937902 8.806971 8.934464 8.804552 0.032093 0.032259 0.100480 0.095161 0.032259 0.032085 0.032259 333260 339298
32 62.310000 60.320000 1000000 8.937592 8.805896 8.934037 8.803073 0.032093 0.032259 0.100480 0.095161 0.032259 0.032085 0.032259 339290 343009
32 62.310000 60.320000 1000000 8.936236 8.804821 8.932679 8.801998 0.032093 0.032259 0.099462 0.094086 0.032259 0.032085 0.032259 343000 352183
32 62.310000 60.320000 1000000 8.925600 8.797294 8.922031 8.794471 0.032095 0.032259 0.099462 0.094086 0.032259 0.032086 0.032259 352180 352738
32 62.310000 60.320000 1000000 8.923014 8.792993 8.919587 8.791425 0.032091 0.032259 0.098445 0.093010 0.032259 0.032083 0.032259 352730 353722
32 62.310000 60.320000 1000000 8.922773 8.791918 8.919346 8.790349 0.032090 0.032259 0.098446 0.093011 0.032259 0.032082 0.032259 353720 363171
32 62.310000 60.320000 1000000 8.914579 8.783315 8.911284 8.783002 0.032084 0.032259 0.096419 0.090862 0.032259 0.032076 0.032259 363170 369830
32 62.310000 60.320000 1000000 8.914083 8.782240 8.910788 8.781926 0.032084 0.032259 0.096419 0.090862 0.032259 0.032076 0.032259 369830 416166
32 62.310000 60.320000 1000000 8.861826 8.741380 8.858472 8.741066 0.032092 0.032259 0.093384 0.087636 0.032259 0.032084 0.032259 416160 439342
32 62.310000 60.320000 1000000 8.850784 8.729552 8.847158 8.728028 0.032095 0.032259 0.087358 0.081184 0.032259 0.032087 0.032259 439340 467799
32 62.310000 60.320000 1000000 8.841232 8.723100 8.837595 8.721577 0.032096 0.032259 0.085363 0.079033 0.032259 0.032089 0.032259 467790 469402
32 62.310000 60.320000 1000000 8.840186 8.722025 8.836547 8.720501 0.032095 0.032259 0.085363 0.079033 0.032259 0.032088 0.032259 469400 508003
32 62.310000 60.320000 1000000 8.833140 8.715573 8.829493 8.714050 0.032098 0.032259 0.079427 0.072581 0.032259 0.032090 0.032259 507340 558167
32 62.310000 60.320000 1000000 8.806312 8.696218 8.802515 8.694292 0.032106 0.032259 0.072615 0.065056 0.032259 0.032099 0.032259 558160 558533
32 62.310000 60.320000 1000000 8.804564 8.695143 8.800765 8.693216 0.032106 0.032259 0.072615 0.065056 0.032259 0.032099 0.032259 558530 587793
32 62.310000 60.320000 1000000 8.785276 8.680089 8.781452 8.678163 0.032108 0.032259 0.077468 0.070432 0.032259 0.032100 0.032259 587790 592251
32 62.310000 60.320000 1000000 8.783878 8.679014 8.780052 8.677087 0.032108 0.032259 0.077468 0.070432 0.032259 0.032101 0.032259 592250 602199
32 62.310000 60.320000 1000000 8.783572 8.677939 8.779630 8.675609 0.032108 0.032259 0.077468 0.070432 0.032259 0.032101 0.032259 602190 616228
32 62.310000 60.320000 1000000 8.782856 8.676864 8.778914 8.674534 0.032107 0.032259 0.077468 0.070432 0.032259 0.032100 0.032259 616220 645764
32 62.310000 60.320000 1000000 8.746628 8.649982 8.742636 8.647652 0.032113 0.032259 0.088359 0.082260 0.032259 0.032106 0.032259 645760 660725
32 62.310000 60.320000 1000000 8.736667 8.643530 8.732661 8.641200 0.032113 0.032259 0.092377 0.086561 0.032259 0.032105 0.032259 660720 661214
32 62.310000 60.320000 1000000 8.736417 8.642455 8.732703 8.641379 0.032113 0.032259 0.092377 0.086561 0.032259 0.032105 0.032259 661210 686203
32 62.310000 60.320000 1000000 8.727817 8.636003 8.724092 8.634928 0.032111 0.032259 0.089361 0.083336 0.032259 0.032104 0.032259 686200 690996
32 62.310000 60.320000 1000000 8.725954 8.634928 8.722226 8.633852 0.032113 0.032259 0.088359 0.082260 0.032259 0.032105 0.032259 690990 695813
32 62.310000 60.320000 1000000 8.724646 8.633853 8.720917 8.632777 0.032112 0.032259 0.088359 0.082260 0.032259 0.032104 0.032259 695810 696654
32 62.310000 60.320000 1000000 8.724070 8.632777 8.720340 8.631702 0.032111 0.032259 0.088359 0.082260 0.032259 0.032103 0.032259 696650 699008
32 62.310000 60.320000 1000000 8.723636 8.631702 8.719905 8.630627 0.032110 0.032259 0.089361 0.083336 0.032259 0.032102 0.032259 699000 702231
32 62.310000 60.320000 1000000 8.721688 8.630627 8.717955 8.629551 0.032111 0.032259 0.089361 0.083336 0.032259 0.032103 0.032259 702230 722789
32 62.310000 60.320000 1000000 8.701257 8.615573 8.697498 8.614497 0.032108 0.032259 0.080412 0.073658 0.032259 0.032100 0.032259 722780 741805
32 62.310000 60.320000 1000000 8.695421 8.611272 8.691654 8.610196 0.032109 0.032259 0.081397 0.074732 0.032259 0.032102 0.032259 727160 798409
32 62.310000 60.320000 1000000 8.666074 8.589767 8.662268 8.588691 0.032110 0.032259 0.075518 0.068281 0.032259 0.032103 0.032259 798400 800376
32 62.310000 60.320000 1000000 8.665972 8.588154 8.662112 8.586227 0.032110 0.032259 0.075032 0.067743 0.032259 0.032102 0.032259 800370 812665
32 62.310000 60.320000 1000000 8.663166 8.584928 8.659303 8.583001 0.032106 0.032259 0.076004 0.068819 0.032259 0.032099 0.032259 812660 815978
32 62.310000 60.320000 1000000 8.662592 8.583853 8.658728 8.581926 0.032106 0.032259 0.076004 0.068819 0.032259 0.032098 0.032259 815970 900625
32 62.310000 60.320000 1000000 8.645800 8.573100 8.641914 8.571173 0.032110 0.032259 0.071174 0.063444 0.032259 0.032103 0.032259 900620 909040
32 62.310000 60.320000 1000000 8.645354 8.572025 8.641467 8.570098 0.032110 0.032259 0.070217 0.062369 0.032259 0.032102 0.032259 909040 950627
32 62.310000 60.320000 1000000 8.619031 8.555896 8.615108 8.553969 0.032116 0.032259 0.076005 0.068820 0.032259 0.032108 0.032259 950620 960531
32 62.310000 60.320000 1000000 8.614436 8.550519 8.610507 8.548592 0.032117 0.032259 0.075033 0.067744 0.032259 0.032109 0.032259 960530 1000000
