2 62.310000 60.320000 1000000 13.033240 13.059641 13.028595 13.062193 0.031779 0.032257 0.312960 0.311293 0.032257 0.031771 0.032257 0 50
2 62.310000 60.320000 1000000 11.467113 11.502119 11.462576 11.505075 0.031398 0.032257 0.177152 0.174191 0.032257 0.031388 0.032257 50 60
2 62.310000 60.320000 1000000 11.109264 11.209648 11.106425 11.219772 0.031407 0.032257 0.169756 0.166663 0.032257 0.031395 0.032257 60 71
2 62.310000 60.320000 1000000 10.847260 10.933304 10.842680 10.939351 0.031270 0.032257 0.168703 0.165590 0.032257 0.031260 0.032257 70 80
2 62.310000 60.320000 1000000 10.759006 10.833305 10.754150 10.838948 0.031164 0.032257 0.169760 0.166667 0.032257 0.031154 0.032257 80 90
2 62.310000 60.320000 1000000 10.726227 10.805886 10.721192 10.810678 0.031163 0.032257 0.173457 0.170431 0.032257 0.031153 0.032257 90 100
2 62.310000 60.320000 1000000 10.645816 10.735993 10.641394 10.742443 0.031167 0.032257 0.187210 0.184410 0.032257 0.031156 0.032257 100 111
2 62.310000 60.320000 1000000 10.496425 10.580617 10.490602 10.579406 0.031149 0.032257 0.194098 0.191399 0.032257 0.031141 0.032257 110 122
2 62.310000 60.320000 1000000 10.439285 10.522553 10.433366 10.521342 0.031116 0.032257 0.185620 0.182796 0.032257 0.031108 0.032257 120 130
2 62.310000 60.320000 1000000 10.377646 10.445135 10.371621 10.443923 0.031065 0.032257 0.171872 0.168817 0.032257 0.031057 0.032257 130 144
2 62.310000 60.320000 1000000 10.355398 10.420404 10.348942 10.417983 0.031052 0.032257 0.160271 0.156991 0.032257 0.031043 0.032257 140 151
2 62.310000 60.320000 1000000 10.329853 10.376855 10.323069 10.371881 0.031026 0.032257 0.188271 0.185487 0.032257 0.031017 0.032257 150 160
2 62.310000 60.320000 1000000 10.234018 10.247286 10.226907 10.241460 0.030987 0.032257 0.230229 0.227958 0.032257 0.030980 0.032257 160 170
2 62.310000 60.320000 1000000 10.137728 10.076856 10.127875 10.053244 0.030966 0.032257 0.276620 0.274733 0.032257 0.030961 0.032257 170 180
2 62.310000 60.320000 1000000 10.128115 9.989760 10.115125 9.923674 0.030956 0.032257 0.297990 0.296238 0.032257 0.030949 0.032257 180 192
2 62.310000 60.320000 1000000 10.069358 9.869329 10.056139 9.803244 0.030890 0.032257 0.247809 0.245700 0.032257 0.030883 0.032257 190 207
2 62.310000 60.320000 1000000 10.050651 9.857502 10.037358 9.791416 0.030897 0.032257 0.242479 0.240324 0.032257 0.030890 0.032257 200 217
2 62.310000 60.320000 1000000 10.033583 9.813415 10.026305 9.776273 0.030884 0.032257 0.228632 0.226345 0.032257 0.030874 0.032257 210 221
2 62.310000 60.320000 1000000 9.988301 9.716642 9.980278 9.677483 0.030866 0.032257 0.204178 0.201614 0.032257 0.030857 0.032257 220 240
2 62.310000 60.320000 1000000 9.966122 9.689760 9.956510 9.644957 0.030876 0.032257 0.189330 0.186561 0.032257 0.030867 0.032257 230 242
2 62.310000 60.320000 1000000 9.948836 9.640298 9.937433 9.585100 0.030856 0.032257 0.181918 0.179035 0.032257 0.030842 0.032257 240 254
2 62.310000 60.320000 1000000 9.927347 9.580083 9.921855 9.576318 0.030849 0.032257 0.136660 0.132798 0.032257 0.030845 0.032257 250 262
2 62.310000 60.320000 1000000 9.906559 9.570406 9.901033 9.566641 0.030866 0.032257 0.138749 0.134947 0.032257 0.030862 0.032257 260 281
2 62.310000 60.320000 1000000 9.879806 9.548900 9.874235 9.545135 0.030896 0.032257 0.135613 0.131721 0.032257 0.030892 0.032257 280 295
2 62.310000 60.320000 1000000 9.844736 9.515567 9.838960 9.510593 0.030884 0.032257 0.122081 0.117743 0.032257 0.030880 0.032257 290 300
2 62.310000 60.320000 1000000 9.835057 9.505890 9.829352 9.502170 0.030885 0.032257 0.118975 0.114519 0.032257 0.030881 0.032257 300 314
2 62.310000 60.320000 1000000 9.827724 9.496213 9.822006 9.492492 0.030892 0.032257 0.118975 0.114518 0.032257 0.030888 0.032257 310 320
2 62.310000 60.320000 1000000 9.808459 9.476858 9.802537 9.472734 0.030875 0.032257 0.123121 0.118820 0.032257 0.030872 0.032257 320 342
2 62.310000 60.320000 1000000 9.806252 9.471482 9.800327 9.467358 0.030868 0.032257 0.121046 0.116669 0.032257 0.030865 0.032257 340 380
2 62.310000 60.320000 1000000 9.770506 9.443525 9.764334 9.437788 0.030895 0.032257 0.115873 0.111292 0.032257 0.030891 0.032257 380 417
2 62.310000 60.320000 1000000 9.680120 9.384923 9.677341 9.389625 0.030958 0.032257 0.121562 0.117204 0.032257 0.030949 0.032257 410 420
2 62.310000 60.320000 1000000 9.679056 9.383847 9.676276 9.388550 0.030959 0.032257 0.122599 0.118280 0.032257 0.030950 0.032257 420 437
2 62.310000 60.320000 1000000 9.671871 9.365568 9.673723 9.387833 0.030965 0.032257 0.137180 0.133333 0.032257 0.030951 0.032257 430 460
2 62.310000 60.320000 1000000 9.628459 9.329009 9.630336 9.351274 0.030997 0.032257 0.139270 0.135483 0.032257 0.030983 0.032257 460 488
2 62.310000 60.320000 1000000 9.615247 9.317181 9.617132 9.339446 0.031012 0.032257 0.134046 0.130107 0.032257 0.030998 0.032257 480 503
2 62.310000 60.320000 1000000 9.598265 9.305353 9.600160 9.327619 0.031033 0.032257 0.131960 0.127957 0.032257 0.031018 0.032257 500 513
2 62.310000 60.320000 1000000 9.568011 9.285998 9.569924 9.308264 0.031063 0.032257 0.128835 0.124731 0.032257 0.031048 0.032257 510 536
2 62.310000 60.320000 1000000 9.551836 9.266643 9.553758 9.288909 0.031082 0.032257 0.121562 0.117204 0.032257 0.031067 0.032257 530 549
2 62.310000 60.320000 1000000 9.546400 9.255891 9.546798 9.274527 0.031086 0.032257 0.116388 0.111828 0.032257 0.031073 0.032257 540 555
2 62.310000 60.320000 1000000 9.532594 9.244063 9.532533 9.261490 0.031085 0.032257 0.112262 0.107528 0.032257 0.031073 0.032257 550 605
2 62.310000 60.320000 1000000 9.465384 9.169870 9.462535 9.168570 0.031152 0.032257 0.099972 0.094625 0.032257 0.031143 0.032257 600 628
2 62.310000 60.320000 1000000 9.453481 9.161268 9.450621 9.159967 0.031153 0.032257 0.102009 0.096775 0.032257 0.031144 0.032257 620 635
2 62.310000 60.320000 1000000 9.448284 9.155892 9.445419 9.154591 0.031142 0.032257 0.103029 0.097849 0.032257 0.031134 0.032257 630 642
2 62.310000 60.320000 1000000 9.439783 9.147289 9.437008 9.147243 0.031132 0.032257 0.099971 0.094623 0.032257 0.031124 0.032257 640 679
2 62.310000 60.320000 1000000 9.428162 9.138687 9.425330 9.138238 0.031130 0.032257 0.098954 0.093548 0.032257 0.031122 0.032257 670 735
2 62.310000 60.320000 1000000 9.419956 9.126859 9.417117 9.126410 0.031134 0.032257 0.096923 0.091398 0.032257 0.031125 0.032257 710 748
2 62.310000 60.320000 1000000 9.415530 9.121483 9.412687 9.121034 0.031124 0.032257 0.098953 0.093548 0.032257 0.031115 0.032257 740 753
2 62.310000 60.320000 1000000 9.410404 9.117182 9.407556 9.116733 0.031119 0.032257 0.098953 0.093548 0.032257 0.031111 0.032257 750 772
2 62.310000 60.320000 1000000 9.403708 9.109655 9.400853 9.109206 0.031104 0.032257 0.100989 0.095699 0.032257 0.031096 0.032257 770 801
2 62.310000 60.320000 1000000 9.394647 9.097827 9.391784 9.097378 0.031082 0.032257 0.099970 0.094623 0.032257 0.031074 0.032257 800 827
2 62.310000 60.320000 1000000 9.394157 9.096752 9.391294 9.096303 0.031081 0.032257 0.099970 0.094623 0.032257 0.031072 0.032257 820 838
2 62.310000 60.320000 1000000 9.392739 9.095677 9.389875 9.095227 0.031082 0.032257 0.100989 0.095698 0.032257 0.031074 0.032257 830 852
2 62.310000 60.320000 1000000 9.391062 9.094601 9.388196 9.094152 0.031084 0.032257 0.102007 0.096772 0.032257 0.031075 0.032257 850 864
2 62.310000 60.320000 1000000 9.389042 9.092451 9.386174 9.092002 0.031080 0.032257 0.100987 0.095697 0.032257 0.031071 0.032257 860 875
2 62.310000 60.320000 1000000 9.383476 9.085999 9.380603 9.085550 0.031068 0.032257 0.099969 0.094622 0.032257 0.031059 0.032257 870 907
2 62.310000 60.320000 1000000 9.334537 9.056967 9.331941 9.057772 0.031103 0.032257 0.095906 0.090319 0.032257 0.031094 0.032257 900 932
2 62.310000 60.320000 1000000 9.333503 9.055892 9.330907 9.056697 0.031101 0.032257 0.095906 0.090319 0.032257 0.031092 0.032257 930 1000
2 62.310000 60.320000 1000000 9.318491 9.045139 9.315882 9.045944 0.031114 0.032257 0.105071 0.099997 0.032257 0.031105 0.032257 1000 1030
2 62.310000 60.320000 1000000 9.303665 9.032236 9.301044 9.033041 0.031133 0.032257 0.096920 0.091394 0.032257 0.031124 0.032257 1020 1070
2 62.310000 60.320000 1000000 9.273189 9.015032 9.270542 9.015837 0.031164 0.032257 0.097937 0.092472 0.032257 0.031156 0.032257 1070 1119
2 62.310000 60.320000 1000000 9.237725 8.995677 9.235047 8.996482 0.031201 0.032257 0.095911 0.090324 0.032257 0.031192 0.032257 1110 1145
2 62.310000 60.320000 1000000 9.224499 8.988150 9.221809 8.988955 0.031216 0.032257 0.092879 0.087098 0.032257 0.031207 0.032257 1130 1143
2 62.310000 60.320000 1000000 9.204164 8.972021 9.201457 8.972826 0.031236 0.032257 0.097939 0.092474 0.032257 0.031227 0.032257 1140 1152
2 62.310000 60.320000 1000000 9.193276 8.964494 9.190559 8.965300 0.031244 0.032257 0.091873 0.086024 0.032257 0.031235 0.032257 1150 1175
2 62.310000 60.320000 1000000 9.171958 8.951591 9.169222 8.952396 0.031250 0.032257 0.100991 0.095701 0.032257 0.031241 0.032257 1170 1187
2 62.310000 60.320000 1000000 9.158014 8.942989 9.155098 8.943391 0.031260 0.032257 0.100991 0.095701 0.032257 0.031252 0.032257 1180 1204
2 62.310000 60.320000 1000000 9.138304 8.927935 9.135369 8.928337 0.031265 0.032257 0.103031 0.097851 0.032257 0.031256 0.032257 1200 1289
2 62.310000 60.320000 1000000 9.110233 8.905355 9.107271 8.905757 0.031289 0.032257 0.095912 0.090325 0.032257 0.031281 0.032257 1280 1318
2 62.310000 60.320000 1000000 9.105891 8.899979 9.102924 8.900381 0.031280 0.032257 0.095912 0.090325 0.032257 0.031272 0.032257 1310 1423
2 62.310000 60.320000 1000000 9.093048 8.889226 9.090069 8.889628 0.031287 0.032257 0.089862 0.083873 0.032257 0.031278 0.032257 1420 1461
2 62.310000 60.320000 1000000 9.084776 8.883850 9.081789 8.884252 0.031296 0.032257 0.089862 0.083873 0.032257 0.031287 0.032257 1460 1687
2 62.310000 60.320000 1000000 9.036241 8.849441 9.032743 8.846438 0.031342 0.032257 0.090869 0.084950 0.032257 0.031334 0.032257 1680 1770
2 62.310000 60.320000 1000000 9.020909 8.831162 9.016249 8.825336 0.031341 0.032257 0.093892 0.088177 0.032257 0.031335 0.032257 1770 1828
2 62.310000 60.320000 1000000 9.019989 8.830087 9.015329 8.824261 0.031339 0.032257 0.092883 0.087101 0.032257 0.031333 0.032257 1820 1881
2 62.310000 60.320000 1000000 9.018398 8.829011 9.013735 8.823186 0.031339 0.032257 0.093892 0.088176 0.032257 0.031333 0.032257 1880 1926
2 62.310000 60.320000 1000000 9.017533 8.827936 9.012868 8.822111 0.031337 0.032257 0.093892 0.088177 0.032257 0.031331 0.032257 1920 2057
2 62.310000 60.320000 1000000 9.008437 8.818259 9.003759 8.812433 0.031319 0.032257 0.096927 0.091402 0.032257 0.031313 0.032257 2050 2069
2 62.310000 60.320000 1000000 8.997466 8.811807 8.992770 8.805982 0.031326 0.032257 0.099974 0.094627 0.032257 0.031320 0.032257 2060 2147
2 62.310000 60.320000 1000000 8.996963 8.810732 8.992266 8.804906 0.031325 0.032257 0.099974 0.094627 0.032257 0.031319 0.032257 2140 2195
2 62.310000 60.320000 1000000 8.987573 8.801055 8.982862 8.795229 0.031336 0.032257 0.102012 0.096778 0.032257 0.031330 0.032257 2190 2212
2 62.310000 60.320000 1000000 8.985991 8.799979 8.981277 8.794154 0.031337 0.032257 0.103033 0.097853 0.032257 0.031331 0.032257 2210 2291
2 62.310000 60.320000 1000000 8.960391 8.778474 8.955637 8.772649 0.031356 0.032257 0.096926 0.091400 0.032257 0.031351 0.032257 2290 2328
2 62.310000 60.320000 1000000 8.952734 8.772023 8.948681 8.768706 0.031362 0.032257 0.092881 0.087099 0.032257 0.031355 0.032257 2320 2361
2 62.310000 60.320000 1000000 8.946576 8.767721 8.942514 8.764405 0.031358 0.032257 0.095912 0.090325 0.032257 0.031351 0.032257 2360 2558
2 62.310000 60.320000 1000000 8.920985 8.749442 8.916888 8.746125 0.031359 0.032257 0.097939 0.092475 0.032257 0.031352 0.032257 2550 2598
2 62.310000 60.320000 1000000 8.919970 8.748367 8.915872 8.745050 0.031357 0.032257 0.098955 0.093550 0.032257 0.031350 0.032257 2590 2869
2 62.310000 60.320000 1000000 8.858972 8.708581 8.854789 8.705265 0.031381 0.032257 0.092880 0.087099 0.032257 0.031375 0.032257 2860 2873
2 62.310000 60.320000 1000000 8.857081 8.707506 8.852895 8.704190 0.031384 0.032257 0.091872 0.086023 0.032257 0.031377 0.032257 2870 2884
2 62.310000 60.320000 1000000 8.854854 8.706431 8.850665 8.703114 0.031386 0.032257 0.090866 0.084948 0.032257 0.031379 0.032257 2880 2958
2 62.310000 60.320000 1000000 8.847879 8.701054 8.843680 8.697738 0.031380 0.032257 0.086859 0.080647 0.032257 0.031373 0.032257 2950 2963
2 62.310000 60.320000 1000000 8.845787 8.699979 8.841584 8.696663 0.031382 0.032257 0.086858 0.080646 0.032257 0.031375 0.032257 2960 3225
2 62.310000 60.320000 1000000 8.842533 8.695678 8.838326 8.692362 0.031377 0.032257 0.088858 0.082797 0.032257 0.031371 0.032257 3220 3294
2 62.310000 60.320000 1000000 8.841068 8.694603 8.836859 8.691286 0.031379 0.032257 0.087857 0.081721 0.032257 0.031373 0.032257 3290 3310
2 62.310000 60.320000 1000000 8.840067 8.693528 8.835856 8.690211 0.031381 0.032257 0.087857 0.081721 0.032257 0.031374 0.032257 3310 3450
2 62.310000 60.320000 1000000 8.788848 8.665570 8.784564 8.662254 0.031414 0.032257 0.088858 0.082796 0.032257 0.031407 0.032257 3450 3607
2 62.310000 60.320000 1000000 8.786867 8.662345 8.782580 8.659028 0.031410 0.032257 0.087857 0.081721 0.032257 0.031403 0.032257 3600 3701
2 62.310000 60.320000 1000000 8.786716 8.661269 8.782372 8.657550 0.031410 0.032257 0.087857 0.081721 0.032257 0.031403 0.032257 3700 3931
2 62.310000 60.320000 1000000 8.782901 8.659119 8.778551 8.655399 0.031414 0.032257 0.087857 0.081721 0.032257 0.031407 0.032257 3860 3953
2 62.310000 60.320000 1000000 8.774993 8.653743 8.770632 8.650023 0.031423 0.032257 0.090863 0.084945 0.032257 0.031417 0.032257 3950 4675
2 62.310000 60.320000 1000000 8.764653 8.642990 8.760276 8.639270 0.031428 0.032257 0.087855 0.081719 0.032257 0.031422 0.032257 4670 4683
2 62.310000 60.320000 1000000 8.764552 8.641915 8.760293 8.639449 0.031428 0.032257 0.087855 0.081719 0.032257 0.031422 0.032257 4680 4714
2 62.310000 60.320000 1000000 8.763788 8.640839 8.759528 8.638374 0.031426 0.032257 0.087855 0.081719 0.032257 0.031420 0.032257 4710 4783
2 62.310000 60.320000 1000000 8.757371 8.634388 8.753102 8.631923 0.031414 0.032257 0.085859 0.079569 0.032257 0.031408 0.032257 4780 4896
2 62.310000 60.320000 1000000 8.756391 8.633313 8.752121 8.630847 0.031412 0.032257 0.084863 0.078493 0.032257 0.031406 0.032257 4890 4962
2 62.310000 60.320000 1000000 8.746639 8.624710 8.742354 8.622245 0.031415 0.032257 0.079917 0.073117 0.032257 0.031409 0.032257 4960 5566
2 62.310000 60.320000 1000000 8.743088 8.621485 8.738798 8.619019 0.031414 0.032257 0.080903 0.074194 0.032257 0.031408 0.032257 5560 5636
2 62.310000 60.320000 1000000 8.729813 8.613958 8.725503 8.611492 0.031420 0.032257 0.083870 0.077419 0.032257 0.031414 0.032257 5630 5762
2 62.310000 60.320000 1000000 8.729234 8.612882 8.724923 8.610417 0.031419 0.032257 0.084864 0.078494 0.032257 0.031413 0.032257 5760 5785
2 62.310000 60.320000 1000000 8.729157 8.611269 8.724805 8.607953 0.031419 0.032257 0.084367 0.077957 0.032257 0.031413 0.032257 5780 5909
2 62.310000 60.320000 1000000 8.725814 8.608044 8.721458 8.604727 0.031417 0.032257 0.082386 0.075808 0.032257 0.031411 0.032257 5900 6043
2 62.310000 60.320000 1000000 8.723717 8.606968 8.719357 8.603652 0.031419 0.032257 0.082386 0.075808 0.032257 0.031413 0.032257 6040 6079
2 62.310000 60.320000 1000000 8.722368 8.605893 8.718006 8.602577 0.031421 0.032257 0.083376 0.076883 0.032257 0.031415 0.032257 6070 6088
2 62.310000 60.320000 1000000 8.720757 8.604818 8.716393 8.601501 0.031420 0.032257 0.084369 0.077959 0.032257 0.031414 0.032257 6080 6195
2 62.310000 60.320000 1000000 8.703494 8.594065 8.699104 8.590749 0.031422 0.032257 0.077467 0.070432 0.032257 0.031416 0.032257 6190 6468
2 62.310000 60.320000 1000000 8.699707 8.590839 8.695311 8.587523 0.031417 0.032257 0.078446 0.071507 0.032257 0.031411 0.032257 6460 6709
2 62.310000 60.320000 1000000 8.695965 8.584925 8.691439 8.580758 0.031410 0.032257 0.077956 0.070969 0.032257 0.031404 0.032257 6700 7254
2 62.310000 60.320000 1000000 8.684930 8.575248 8.680387 8.571080 0.031415 0.032257 0.076003 0.068818 0.032257 0.031409 0.032257 7250 7870
2 62.310000 60.320000 1000000 8.665651 8.556968 8.661078 8.552801 0.031420 0.032257 0.075032 0.067744 0.032257 0.031415 0.032257 7870 8221
2 62.310000 60.320000 1000000 8.647768 8.536538 8.647031 8.546170 0.031434 0.032257 0.076004 0.068819 0.032257 0.031422 0.032257 8220 8238
2 62.310000 60.320000 1000000 8.646099 8.535463 8.645362 8.545095 0.031433 0.032257 0.075032 0.067744 0.032257 0.031421 0.032257 8230 8346
2 62.310000 60.320000 1000000 8.644314 8.534388 8.643576 8.544019 0.031435 0.032257 0.075030 0.067742 0.032257 0.031424 0.032257 8340 8571
2 62.310000 60.320000 1000000 8.638682 8.531162 8.637943 8.540794 0.031438 0.032257 0.075031 0.067743 0.032257 0.031427 0.032257 8570 8777
2 62.310000 60.320000 1000000 8.637849 8.530087 8.637110 8.539718 0.031436 0.032257 0.074061 0.066667 0.032257 0.031425 0.032257 8770 8881
2 62.310000 60.320000 1000000 8.635899 8.529012 8.635160 8.538643 0.031439 0.032257 0.074061 0.066667 0.032257 0.031427 0.032257 8880 8912
2 62.310000 60.320000 1000000 8.627211 8.522560 8.626469 8.532192 0.031451 0.032257 0.071171 0.063441 0.032257 0.031439 0.032257 8910 9090
2 62.310000 60.320000 1000000 8.625169 8.519334 8.624427 8.528966 0.031451 0.032257 0.072131 0.064517 0.032257 0.031439 0.032257 9090 11660
2 62.310000 60.320000 1000000 8.623292 8.517184 8.622549 8.526815 0.031447 0.032257 0.070214 0.062366 0.032257 0.031436 0.032257 9130 9567
2 62.310000 60.320000 1000000 8.605710 8.492453 8.603565 8.495364 0.031451 0.032257 0.071172 0.063442 0.032257 0.031441 0.032257 9560 11660
2 62.310000 60.320000 1000000 8.577720 8.468797 8.575554 8.471708 0.031463 0.032257 0.073095 0.065593 0.032257 0.031453 0.032257 11660 11743
2 62.310000 60.320000 1000000 8.571090 8.464496 8.568918 8.467407 0.031461 0.032257 0.072132 0.064517 0.032257 0.031452 0.032257 11740 13203
2 62.310000 60.320000 1000000 8.476252 8.399442 8.473963 8.401502 0.031495 0.032257 0.074546 0.067206 0.032257 0.031485 0.032257 13200 15278
2 62.310000 60.320000 1000000 8.438084 8.375786 8.435764 8.377846 0.031508 0.032257 0.070693 0.062904 0.032257 0.031498 0.032257 15270 15459
2 62.310000 60.320000 1000000 8.436344 8.374711 8.434023 8.376771 0.031508 0.032257 0.069738 0.061829 0.032257 0.031498 0.032257 15450 15931
2 62.310000 60.320000 1000000 8.431250 8.370410 8.428925 8.372470 0.031512 0.032257 0.067839 0.059679 0.032257 0.031503 0.032257 15930 16166
2 62.310000 60.320000 1000000 8.429806 8.369335 8.427480 8.371395 0.031514 0.032257 0.068787 0.060754 0.032257 0.031504 0.032257 16160 16259
2 62.310000 60.320000 1000000 8.420934 8.361808 8.418600 8.363868 0.031524 0.032257 0.068787 0.060754 0.032257 0.031514 0.032257 16250 16793
2 62.310000 60.320000 1000000 8.416900 8.354281 8.413573 8.353922 0.031526 0.032257 0.072614 0.065055 0.032257 0.031518 0.032257 16790 16856
2 62.310000 60.320000 1000000 8.415028 8.353206 8.411699 8.352846 0.031529 0.032257 0.073578 0.066131 0.032257 0.031520 0.032257 16850 16953
2 62.310000 60.320000 1000000 8.414189 8.352130 8.410858 8.351771 0.031527 0.032257 0.074546 0.067206 0.032257 0.031519 0.032257 16950 17696
2 62.310000 60.320000 1000000 8.413478 8.351055 8.410147 8.350696 0.031526 0.032257 0.074546 0.067206 0.032257 0.031518 0.032257 17690 20455
2 62.310000 60.320000 1000000 8.379852 8.324173 8.376481 8.323814 0.031532 0.032257 0.081397 0.074733 0.032257 0.031524 0.032257 20450 20559
2 62.310000 60.320000 1000000 8.379067 8.323098 8.375695 8.322739 0.031530 0.032257 0.080411 0.073657 0.032257 0.031522 0.032257 20550 22551
2 62.310000 60.320000 1000000 8.363322 8.312346 8.359931 8.311986 0.031544 0.032257 0.076490 0.069355 0.032257 0.031536 0.032257 22550 22910
2 62.310000 60.320000 1000000 8.359029 8.298367 8.359365 8.313061 0.031550 0.032257 0.084368 0.077957 0.032257 0.031537 0.032257 22910 23274
2 62.310000 60.320000 1000000 8.349316 8.288690 8.349654 8.303384 0.031559 0.032257 0.091368 0.085484 0.032257 0.031546 0.032257 23270 23552
2 62.310000 60.320000 1000000 8.349201 8.287614 8.349673 8.303563 0.031559 0.032257 0.091368 0.085484 0.032257 0.031547 0.032257 23550 24167
2 62.310000 60.320000 1000000 8.338792 8.281163 8.339265 8.297112 0.031565 0.032257 0.092374 0.086559 0.032257 0.031552 0.032257 24160 24275
2 62.310000 60.320000 1000000 8.337759 8.280088 8.338232 8.296036 0.031563 0.032257 0.093383 0.087634 0.032257 0.031550 0.032257 24270 25015
2 62.310000 60.320000 1000000 8.336460 8.279012 8.336934 8.294961 0.031565 0.032257 0.092374 0.086559 0.032257 0.031552 0.032257 25010 28500
2 62.310000 60.320000 1000000 8.299423 8.246754 8.299903 8.262703 0.031598 0.032257 0.081397 0.074732 0.032257 0.031585 0.032257 28500 28954
2 62.310000 60.320000 1000000 8.297734 8.245679 8.298215 8.261628 0.031600 0.032257 0.081397 0.074732 0.032257 0.031587 0.032257 28950 30667
2 62.310000 60.320000 1000000 8.293531 8.242453 8.294012 8.258402 0.031604 0.032257 0.079427 0.072581 0.032257 0.031591 0.032257 30660 31388
2 62.310000 60.320000 1000000 8.276727 8.231701 8.277211 8.247649 0.031614 0.032257 0.088357 0.082259 0.032257 0.031601 0.032257 31380 32698
2 62.310000 60.320000 1000000 8.273100 8.227937 8.273459 8.243035 0.031615 0.032257 0.087857 0.081721 0.032257 0.031602 0.032257 32690 33154
2 62.310000 60.320000 1000000 8.271882 8.226862 8.272241 8.241959 0.031613 0.032257 0.088858 0.082796 0.032257 0.031600 0.032257 33150 33932
2 62.310000 60.320000 1000000 8.265655 8.223636 8.266015 8.238734 0.031620 0.032257 0.086858 0.080646 0.032257 0.031607 0.032257 33930 34039
2 62.310000 60.320000 1000000 8.264944 8.222561 8.265304 8.237658 0.031618 0.032257 0.086858 0.080646 0.032257 0.031606 0.032257 34030 34124
2 62.310000 60.320000 1000000 8.264595 8.221485 8.264955 8.236583 0.031618 0.032257 0.087857 0.081720 0.032257 0.031605 0.032257 34120 35645
2 62.310000 60.320000 1000000 8.263820 8.220410 8.264180 8.235508 0.031619 0.032257 0.086857 0.080645 0.032257 0.031606 0.032257 35640 38017
2 62.310000 60.320000 1000000 8.260818 8.218260 8.261178 8.233357 0.031617 0.032257 0.088858 0.082796 0.032257 0.031605 0.032257 35690 37602
2 62.310000 60.320000 1000000 8.247792 8.210733 8.248154 8.225830 0.031628 0.032257 0.087856 0.081720 0.032257 0.031615 0.032257 37600 38017
2 62.310000 60.320000 1000000 8.247556 8.209120 8.247793 8.223366 0.031629 0.032257 0.087357 0.081183 0.032257 0.031616 0.032257 38010 39892
2 62.310000 60.320000 1000000 8.242296 8.205894 8.242534 8.220140 0.031631 0.032257 0.088357 0.082258 0.032257 0.031618 0.032257 39890 41504
2 62.310000 60.320000 1000000 8.234075 8.199443 8.234313 8.213689 0.031639 0.032257 0.094392 0.088710 0.032257 0.031626 0.032257 41500 43445
2 62.310000 60.320000 1000000 8.233162 8.198367 8.233400 8.212614 0.031637 0.032257 0.093383 0.087634 0.032257 0.031624 0.032257 43440 44005
2 62.310000 60.320000 1000000 8.231951 8.197292 8.232190 8.211538 0.031635 0.032257 0.093383 0.087634 0.032257 0.031623 0.032257 44000 44561
2 62.310000 60.320000 1000000 8.230755 8.196217 8.230993 8.210463 0.031633 0.032257 0.092374 0.086559 0.032257 0.031621 0.032257 44560 47398
2 62.310000 60.320000 1000000 8.205075 8.180088 8.205316 8.194334 0.031640 0.032257 0.085361 0.079031 0.032257 0.031628 0.032257 47390 49433
2 62.310000 60.320000 1000000 8.197856 8.175786 8.198097 8.190033 0.031644 0.032257 0.082384 0.075806 0.032257 0.031631 0.032257 49430 50154
2 62.310000 60.320000 1000000 8.193426 8.172561 8.193668 8.186807 0.031642 0.032257 0.085361 0.079032 0.032257 0.031629 0.032257 50150 51046
2 62.310000 60.320000 1000000 8.192091 8.165034 8.191847 8.175875 0.031643 0.032257 0.083375 0.076882 0.032257 0.031631 0.032257 51040 51973
2 62.310000 60.320000 1000000 8.179104 8.155356 8.178859 8.166198 0.031657 0.032257 0.084367 0.077957 0.032257 0.031645 0.032257 51970 52365
2 62.310000 60.320000 1000000 8.173508 8.149980 8.173263 8.160821 0.031663 0.032257 0.084367 0.077957 0.032257 0.031651 0.032257 52360 52934
2 62.310000 60.320000 1000000 8.169449 8.146754 8.169494 8.158850 0.031668 0.032257 0.084367 0.077957 0.032257 0.031656 0.032257 52930 55471
2 62.310000 60.320000 1000000 8.156948 8.136002 8.156993 8.148097 0.031684 0.032257 0.075516 0.068279 0.032257 0.031672 0.032257 55470 64228
2 62.310000 60.320000 1000000 8.114505 8.103744 8.114551 8.115839 0.031722 0.032257 0.075516 0.068280 0.032257 0.031709 0.032257 64220 65247
2 62.310000 60.320000 1000000 8.113359 8.102668 8.113405 8.114764 0.031720 0.032257 0.075516 0.068280 0.032257 0.031707 0.032257 65240 65969
2 62.310000 60.320000 1000000 8.112296 8.101593 8.112343 8.113689 0.031718 0.032257 0.075516 0.068280 0.032257 0.031706 0.032257 65960 66617
2 62.310000 60.320000 1000000 8.108360 8.094066 8.108406 8.106162 0.031724 0.032257 0.082384 0.075807 0.032257 0.031712 0.032257 66370 66685
2 62.310000 60.320000 1000000 8.106865 8.092991 8.106911 8.105087 0.031724 0.032257 0.082384 0.075807 0.032257 0.031711 0.032257 66680 68977
2 62.310000 60.320000 1000000 8.068242 8.066109 8.068289 8.078205 0.031765 0.032257 0.091367 0.085483 0.032257 0.031753 0.032257 68970 70452
2 62.310000 60.320000 1000000 8.066859 8.065034 8.066906 8.077130 0.031764 0.032257 0.091367 0.085483 0.032257 0.031751 0.032257 70450 72619
2 62.310000 60.320000 1000000 8.064112 8.061808 8.064159 8.073904 0.031766 0.032257 0.091367 0.085483 0.032257 0.031753 0.032257 72610 72952
2 62.310000 60.320000 1000000 8.057643 8.057507 8.057690 8.069603 0.031774 0.032257 0.089358 0.083333 0.032257 0.031761 0.032257 72950 81128
2 62.310000 60.320000 1000000 8.035177 8.042453 8.034875 8.053743 0.031792 0.032257 0.081396 0.074732 0.032257 0.031779 0.032257 79660 81173
2 62.310000 60.320000 1000000 8.028725 8.034926 8.028422 8.046216 0.031802 0.032257 0.080410 0.073656 0.032257 0.031789 0.032257 81170 81922
2 62.310000 60.320000 1000000 8.024505 8.031701 8.024201 8.042990 0.031798 0.032257 0.081397 0.074732 0.032257 0.031786 0.032257 81920 82148
2 62.310000 60.320000 1000000 8.023587 8.030625 8.023283 8.041915 0.031797 0.032257 0.082385 0.075807 0.032257 0.031785 0.032257 82140 89669
2 62.310000 60.320000 1000000 8.018998 8.027399 8.018693 8.038689 0.031797 0.032257 0.082384 0.075806 0.032257 0.031785 0.032257 89660 91020
2 62.310000 60.320000 1000000 8.018290 8.026324 8.017985 8.037613 0.031796 0.032257 0.083374 0.076881 0.032257 0.031784 0.032257 91020 91730
2 62.310000 60.320000 1000000 8.006006 8.018797 8.005700 8.030087 0.031807 0.032257 0.083374 0.076881 0.032257 0.031794 0.032257 91730 93338
2 62.310000 60.320000 1000000 8.004353 8.017722 8.004046 8.029011 0.031807 0.032257 0.084366 0.077956 0.032257 0.031795 0.032257 93330 97996
2 62.310000 60.320000 1000000 7.994919 8.006969 7.994612 8.018259 0.031814 0.032257 0.079425 0.072580 0.032257 0.031802 0.032257 97990 98828
2 62.310000 60.320000 1000000 7.994013 8.005894 7.993705 8.017183 0.031813 0.032257 0.078444 0.071505 0.032257 0.031800 0.032257 98820 99208
2 62.310000 60.320000 1000000 7.993177 8.004819 7.992869 8.016108 0.031812 0.032257 0.078444 0.071505 0.032257 0.031799 0.032257 99200 100909
2 62.310000 60.320000 1000000 7.985513 7.997292 7.985205 8.008581 0.031810 0.032257 0.080409 0.073655 0.032257 0.031797 0.032257 100900 102321
2 62.310000 60.320000 1000000 7.984122 7.996217 7.983814 8.007506 0.031808 0.032257 0.080409 0.073655 0.032257 0.031796 0.032257 102320 110621
2 62.310000 60.320000 1000000 7.978115 7.983314 7.977092 7.989496 0.031812 0.032257 0.078444 0.071505 0.032257 0.031801 0.032257 110620 119010
2 62.310000 60.320000 1000000 7.975083 7.980088 7.974059 7.986270 0.031816 0.032257 0.079425 0.072580 0.032257 0.031804 0.032257 119010 119162
2 62.310000 60.320000 1000000 7.973329 7.979013 7.972304 7.985194 0.031819 0.032257 0.078444 0.071505 0.032257 0.031807 0.032257 119160 137356
2 62.310000 60.320000 1000000 7.943726 7.942454 7.941011 7.939810 0.031826 0.032257 0.068786 0.060753 0.032257 0.031817 0.032257 133620 140089
2 62.310000 60.320000 1000000 7.909297 7.915572 7.906546 7.912928 0.031861 0.032257 0.071651 0.063979 0.032257 0.031853 0.032257 140080 141783
2 62.310000 60.320000 1000000 7.891580 7.902669 7.888811 7.900025 0.031882 0.032257 0.070693 0.062904 0.032257 0.031873 0.032257 141780 153870
2 62.310000 60.320000 1000000 7.880753 7.889766 7.877973 7.887122 0.031894 0.032257 0.072613 0.065055 0.032257 0.031886 0.032257 153870 157869
2 62.310000 60.320000 1000000 7.865581 7.876863 7.862304 7.873009 0.031906 0.032257 0.074546 0.067205 0.032257 0.031898 0.032257 157860 161273
2 62.310000 60.320000 1000000 7.855884 7.869336 7.852595 7.865482 0.031907 0.032257 0.077467 0.070431 0.032257 0.031899 0.032257 161270 169521
2 62.310000 60.320000 1000000 7.845342 7.857508 7.842039 7.853654 0.031923 0.032257 0.069738 0.061829 0.032257 0.031916 0.032257 168950 169900
2 62.310000 60.320000 1000000 7.844436 7.856433 7.841132 7.852579 0.031925 0.032257 0.068786 0.060754 0.032257 0.031917 0.032257 169900 178010
2 62.310000 60.320000 1000000 7.827935 7.845680 7.824610 7.841826 0.031933 0.032257 0.062240 0.053228 0.032257 0.031925 0.032257 178010 181689
2 62.310000 60.320000 1000000 7.825909 7.842454 7.822581 7.838600 0.031932 0.032257 0.063161 0.054303 0.032257 0.031924 0.032257 181680 185483
2 62.310000 60.320000 1000000 7.825320 7.841379 7.821992 7.837525 0.031931 0.032257 0.064088 0.055378 0.032257 0.031923 0.032257 185480 189244
2 62.310000 60.320000 1000000 7.823876 7.840304 7.820546 7.836450 0.031930 0.032257 0.065019 0.056453 0.032257 0.031922 0.032257 189240 195296
2 62.310000 60.320000 1000000 7.812315 7.832777 7.808971 7.828923 0.031937 0.032257 0.070693 0.062904 0.032257 0.031929 0.032257 195290 209772
2 62.310000 60.320000 1000000 7.807834 7.829551 7.804484 7.825697 0.031934 0.032257 0.071651 0.063979 0.032257 0.031927 0.032257 198030 203049
2 62.310000 60.320000 1000000 7.804423 7.825250 7.801068 7.821396 0.031936 0.032257 0.072612 0.065054 0.032257 0.031928 0.032257 203040 209772
2 62.310000 60.320000 1000000 7.797853 7.819874 7.794489 7.816020 0.031936 0.032257 0.071651 0.063979 0.032257 0.031929 0.032257 209770 214072
2 62.310000 60.320000 1000000 7.797318 7.818798 7.793954 7.814944 0.031937 0.032257 0.071651 0.063979 0.032257 0.031930 0.032257 214070 215064
2 62.310000 60.320000 1000000 7.796175 7.817723 7.792810 7.813869 0.031939 0.032257 0.070692 0.062903 0.032257 0.031931 0.032257 215060 226806
2 62.310000 60.320000 1000000 7.794822 7.816648 7.791455 7.812794 0.031937 0.032257 0.070692 0.062903 0.032257 0.031930 0.032257 226800 227102
2 62.310000 60.320000 1000000 7.794611 7.815573 7.791164 7.811315 0.031937 0.032257 0.069737 0.061828 0.032257 0.031930 0.032257 227100 267052
2 62.310000 60.320000 1000000 7.762304 7.780089 7.760889 7.782463 0.031960 0.032257 0.072612 0.065054 0.032257 0.031949 0.032257 267050 269219
2 62.310000 60.320000 1000000 7.761339 7.779014 7.759923 7.781387 0.031959 0.032257 0.071651 0.063979 0.032257 0.031948 0.032257 269210 287348
2 62.310000 60.320000 1000000 7.744998 7.760734 7.743101 7.761898 0.031975 0.032257 0.074547 0.067206 0.032257 0.031965 0.032257 287340 289210
2 62.310000 60.320000 1000000 7.743400 7.759659 7.741502 7.760823 0.031975 0.032257 0.073579 0.066131 0.032257 0.031965 0.032257 289210 301938
2 62.310000 60.320000 1000000 7.717719 7.742455 7.715801 7.743619 0.031997 0.032257 0.064089 0.055379 0.032257 0.031987 0.032257 301930 322064
2 62.310000 60.320000 1000000 7.691844 7.723100 7.689753 7.723861 0.032010 0.032257 0.067842 0.059682 0.032257 0.032000 0.032257 322060 323208
2 62.310000 60.320000 1000000 7.691737 7.721487 7.689590 7.721396 0.032010 0.032257 0.068315 0.060220 0.032257 0.032000 0.032257 323200 330600
2 62.310000 60.320000 1000000 7.683263 7.715035 7.681108 7.714945 0.032007 0.032257 0.067369 0.059144 0.032257 0.031997 0.032257 330600 334156
2 62.310000 60.320000 1000000 7.678459 7.711810 7.676300 7.711719 0.032010 0.032257 0.064556 0.055918 0.032257 0.032000 0.032257 334150 341568
2 62.310000 60.320000 1000000 7.676012 7.707508 7.673851 7.707418 0.032012 0.032257 0.067369 0.059144 0.032257 0.032002 0.032257 341560 347281
2 62.310000 60.320000 1000000 7.675343 7.706433 7.673182 7.706343 0.032013 0.032257 0.067369 0.059144 0.032257 0.032003 0.032257 347280 358476
2 62.310000 60.320000 1000000 7.671338 7.697831 7.669021 7.697337 0.032019 0.032257 0.070218 0.062370 0.032257 0.032009 0.032257 358470 359429
2 62.310000 60.320000 1000000 7.669580 7.696756 7.667262 7.696262 0.032020 0.032257 0.069265 0.061295 0.032257 0.032011 0.032257 359420 373218
2 62.310000 60.320000 1000000 7.668714 7.695680 7.666395 7.695187 0.032020 0.032257 0.068315 0.060220 0.032257 0.032010 0.032257 373210 380821
2 62.310000 60.320000 1000000 7.665165 7.691379 7.662843 7.690886 0.032024 0.032257 0.067369 0.059144 0.032257 0.032015 0.032257 380820 397165
2 62.310000 60.320000 1000000 7.664215 7.690304 7.661892 7.689810 0.032026 0.032257 0.066427 0.058069 0.032257 0.032016 0.032257 397160 404869
2 62.310000 60.320000 1000000 7.663286 7.689229 7.660962 7.688735 0.032027 0.032257 0.065489 0.056994 0.032257 0.032018 0.032257 404860 410060
2 62.310000 60.320000 1000000 7.661921 7.688154 7.659596 7.687660 0.032029 0.032257 0.065489 0.056994 0.032257 0.032020 0.032257 410060 414543
2 62.310000 60.320000 1000000 7.656782 7.684928 7.654452 7.684434 0.032032 0.032257 0.064555 0.055918 0.032257 0.032022 0.032257 414540 430620
2 62.310000 60.320000 1000000 7.645006 7.677401 7.642665 7.676907 0.032040 0.032257 0.060868 0.051618 0.032257 0.032030 0.032257 430620 433322
2 62.310000 60.320000 1000000 7.643386 7.676326 7.641044 7.675832 0.032039 0.032257 0.060868 0.051617 0.032257 0.032030 0.032257 433320 463526
2 62.310000 60.320000 1000000 7.620456 7.656971 7.618092 7.656477 0.032054 0.032257 0.056381 0.046241 0.032257 0.032045 0.032257 463520 468962
2 62.310000 60.320000 1000000 7.619394 7.655895 7.617029 7.655402 0.032053 0.032257 0.057266 0.047316 0.032257 0.032044 0.032257 468960 474145
2 62.310000 60.320000 1000000 7.617692 7.654820 7.615326 7.654326 0.032054 0.032257 0.056381 0.046241 0.032257 0.032045 0.032257 474140 490857
2 62.310000 60.320000 1000000 7.616168 7.653745 7.613801 7.653251 0.032056 0.032257 0.057266 0.047316 0.032257 0.032046 0.032257 490850 519787
2 62.310000 60.320000 1000000 7.596097 7.635465 7.593598 7.633269 0.032064 0.032257 0.062701 0.053766 0.032257 0.032055 0.032257 519780 522073
2 62.310000 60.320000 1000000 7.594799 7.634390 7.592299 7.632194 0.032066 0.032257 0.061781 0.052691 0.032257 0.032057 0.032257 522070 566799
2 62.310000 60.320000 1000000 7.589510 7.631164 7.587004 7.628968 0.032069 0.032257 0.059054 0.049465 0.032257 0.032060 0.032257 558200 572106
2 62.310000 60.320000 1000000 7.588137 7.630089 7.585630 7.627893 0.032071 0.032257 0.059054 0.049465 0.032257 0.032061 0.032257 572100 584708
2 62.310000 60.320000 1000000 7.580584 7.621487 7.578661 7.621800 0.032077 0.032257 0.064553 0.055915 0.032257 0.032067 0.032257 584700 614971
2 62.310000 60.320000 1000000 7.579091 7.620412 7.577168 7.620724 0.032077 0.032257 0.065486 0.056991 0.032257 0.032066 0.032257 614970 616358
2 62.310000 60.320000 1000000 7.577785 7.619336 7.575861 7.619649 0.032076 0.032257 0.064553 0.055915 0.032257 0.032065 0.032257 616350 617478
2 62.310000 60.320000 1000000 7.576238 7.618261 7.574312 7.618574 0.032077 0.032257 0.065486 0.056991 0.032257 0.032066 0.032257 617470 671166
2 62.310000 60.320000 1000000 7.571496 7.610734 7.569400 7.610240 0.032078 0.032257 0.064553 0.055916 0.032257 0.032068 0.032257 671160 689515
2 62.310000 60.320000 1000000 7.570983 7.609659 7.568887 7.609165 0.032078 0.032257 0.065487 0.056991 0.032257 0.032067 0.032257 689510 693969
2 62.310000 60.320000 1000000 7.569520 7.608584 7.567423 7.608090 0.032077 0.032257 0.065487 0.056991 0.032257 0.032066 0.032257 693960 704745
2 62.310000 60.320000 1000000 7.565886 7.602132 7.563480 7.600832 0.032078 0.032257 0.061779 0.052689 0.032257 0.032068 0.032257 704740 769623
2 62.310000 60.320000 1000000 7.545791 7.588154 7.543366 7.586853 0.032078 0.032257 0.058155 0.048388 0.032257 0.032068 0.032257 769620 789444
2 62.310000 60.320000 1000000 7.539731 7.580627 7.536721 7.577714 0.032080 0.032257 0.055499 0.045162 0.032257 0.032071 0.032257 789440 795919
2 62.310000 60.320000 1000000 7.538300 7.579551 7.535288 7.576638 0.032082 0.032257 0.054628 0.044087 0.032257 0.032073 0.032257 795910 831963
2 62.310000 60.320000 1000000 7.533257 7.571487 7.529942 7.566020 0.032084 0.032257 0.054196 0.043551 0.032257 0.032075 0.032257 831960 892927
2 62.310000 60.320000 1000000 7.529783 7.568261 7.526463 7.562794 0.032085 0.032257 0.055939 0.045701 0.032257 0.032076 0.032257 892920 917970
2 62.310000 60.320000 1000000 7.524528 7.562885 7.521120 7.557015 0.032091 0.032257 0.053336 0.042476 0.032257 0.032082 0.032257 917970 962518
2 62.310000 60.320000 1000000 7.522923 7.561810 7.519512 7.555940 0.032092 0.032257 0.053335 0.042475 0.032257 0.032083 0.032257 962510 984666
2 62.310000 60.320000 1000000 7.514539 7.555358 7.511117 7.549488 0.032097 0.032257 0.056820 0.046776 0.032257 0.032088 0.032257 984660 995432
2 62.310000 60.320000 1000000 7.512242 7.552132 7.508817 7.546262 0.032098 0.032257 0.055938 0.045700 0.032257 0.032089 0.032257 995430 1000000
