7 62.310000 60.320000 1000000 14.430020 14.104803 14.426819 14.094631 0.031820 0.032259 0.324724 0.323118 0.032259 0.031811 0.032259 0 50
7 62.310000 60.320000 1000000 13.147291 12.985451 13.148321 13.006372 0.031868 0.032259 0.340774 0.339244 0.032259 0.031858 0.032259 50 60
7 62.310000 60.320000 1000000 12.735286 12.684375 12.736419 12.705297 0.031919 0.032259 0.306537 0.304835 0.032259 0.031907 0.032259 60 71
7 62.310000 60.320000 1000000 12.536157 12.518784 12.536260 12.529491 0.031926 0.032259 0.295847 0.294083 0.032259 0.031915 0.032259 70 80
7 62.310000 60.320000 1000000 12.398225 12.414484 12.399798 12.432717 0.031978 0.032259 0.291573 0.289783 0.032259 0.031966 0.032259 80 92
7 62.310000 60.320000 1000000 12.312534 12.346742 12.314140 12.364976 0.031988 0.032259 0.290507 0.288710 0.032259 0.031975 0.032259 90 100
7 62.310000 60.320000 1000000 12.184779 12.203732 12.180583 12.204223 0.031993 0.032259 0.260609 0.258604 0.032259 0.031984 0.032259 100 110
7 62.310000 60.320000 1000000 12.137268 12.157495 12.132897 12.157584 0.031997 0.032259 0.233956 0.231721 0.032259 0.031988 0.032259 110 122
7 62.310000 60.320000 1000000 12.080248 12.112334 12.075815 12.112423 0.032018 0.032259 0.215865 0.213441 0.032259 0.032009 0.032259 120 132
7 62.310000 60.320000 1000000 11.993517 12.045668 11.988988 12.045756 0.032031 0.032259 0.214802 0.212366 0.032259 0.032022 0.032259 130 140
7 62.310000 60.320000 1000000 11.959731 12.016636 11.954540 12.014708 0.032039 0.032259 0.207364 0.204840 0.032259 0.032030 0.032259 140 153
7 62.310000 60.320000 1000000 11.902631 11.968249 11.897798 11.968830 0.032062 0.032259 0.186151 0.183335 0.032259 0.032053 0.032259 150 160
7 62.310000 60.320000 1000000 11.873212 11.941368 11.868343 11.941949 0.032062 0.032259 0.178741 0.175806 0.032259 0.032053 0.032259 160 172
7 62.310000 60.320000 1000000 11.821346 11.895669 11.816188 11.893696 0.032067 0.032259 0.175040 0.172042 0.032259 0.032059 0.032259 170 181
7 62.310000 60.320000 1000000 11.796445 11.876314 11.791472 11.875596 0.032070 0.032259 0.173983 0.170966 0.032259 0.032062 0.032259 180 190
7 62.310000 60.320000 1000000 11.761208 11.840831 11.756190 11.840113 0.032064 0.032259 0.183504 0.180646 0.032259 0.032055 0.032259 190 205
7 62.310000 60.320000 1000000 11.707656 11.798896 11.703699 11.803195 0.032074 0.032259 0.171872 0.168817 0.032259 0.032065 0.032259 200 212
7 62.310000 60.320000 1000000 11.653255 11.753735 11.649243 11.758034 0.032069 0.032259 0.180328 0.177419 0.032259 0.032059 0.032259 210 221
7 62.310000 60.320000 1000000 11.624243 11.723627 11.620200 11.727927 0.032066 0.032259 0.193036 0.190322 0.032259 0.032056 0.032259 220 235
7 62.310000 60.320000 1000000 11.605161 11.698359 11.600686 11.700149 0.032069 0.032259 0.188268 0.185484 0.032259 0.032059 0.032259 230 253
7 62.310000 60.320000 1000000 11.566034 11.660724 11.561513 11.662515 0.032069 0.032259 0.197809 0.195161 0.032259 0.032060 0.032259 250 267
7 62.310000 60.320000 1000000 11.559017 11.651585 11.554388 11.652524 0.032074 0.032259 0.193037 0.190322 0.032259 0.032065 0.032259 260 275
7 62.310000 60.320000 1000000 11.509651 11.613950 11.504962 11.614890 0.032080 0.032259 0.180330 0.177421 0.032259 0.032071 0.032259 270 280
7 62.310000 60.320000 1000000 11.420703 11.551585 11.415904 11.552525 0.032096 0.032259 0.137183 0.133336 0.032259 0.032088 0.032259 280 296
7 62.310000 60.320000 1000000 11.375111 11.495672 11.370253 11.496611 0.032092 0.032259 0.126756 0.122583 0.032259 0.032083 0.032259 290 301
7 62.310000 60.320000 1000000 11.373118 11.494596 11.368258 11.495536 0.032093 0.032259 0.126756 0.122582 0.032259 0.032084 0.032259 300 349
7 62.310000 60.320000 1000000 11.362461 11.475241 11.359281 11.483708 0.032089 0.032259 0.134049 0.130110 0.032259 0.032079 0.032259 340 401
7 62.310000 60.320000 1000000 11.351844 11.459112 11.348655 11.467579 0.032093 0.032259 0.135093 0.131185 0.032259 0.032083 0.032259 360 378
7 62.310000 60.320000 1000000 11.340749 11.449435 11.337550 11.457901 0.032089 0.032259 0.137182 0.133335 0.032259 0.032079 0.032259 370 401
7 62.310000 60.320000 1000000 11.320428 11.435457 11.317078 11.443520 0.032091 0.032259 0.135091 0.131183 0.032259 0.032081 0.032259 400 412
7 62.310000 60.320000 1000000 11.317993 11.433306 11.314641 11.441369 0.032093 0.032259 0.136136 0.132258 0.032259 0.032083 0.032259 410 429
7 62.310000 60.320000 1000000 11.314631 11.430080 11.311276 11.438143 0.032092 0.032259 0.135091 0.131183 0.032259 0.032082 0.032259 420 438
7 62.310000 60.320000 1000000 11.303747 11.421478 11.300382 11.429541 0.032090 0.032259 0.133003 0.129032 0.032259 0.032081 0.032259 430 440
7 62.310000 60.320000 1000000 11.285750 11.403199 11.282369 11.411262 0.032083 0.032259 0.146604 0.143011 0.032259 0.032073 0.032259 440 459
7 62.310000 60.320000 1000000 11.278522 11.397822 11.275134 11.405885 0.032084 0.032259 0.147654 0.144087 0.032259 0.032074 0.032259 450 481
7 62.310000 60.320000 1000000 11.263709 11.383844 11.260308 11.391907 0.032082 0.032259 0.145557 0.141937 0.032259 0.032072 0.032259 470 488
7 62.310000 60.320000 1000000 11.255372 11.375242 11.251963 11.383305 0.032080 0.032259 0.141366 0.137636 0.032259 0.032070 0.032259 480 498
7 62.310000 60.320000 1000000 11.237450 11.359113 11.233890 11.366773 0.032075 0.032259 0.142414 0.138713 0.032259 0.032065 0.032259 490 504
7 62.310000 60.320000 1000000 11.230093 11.351586 11.226527 11.359246 0.032075 0.032259 0.142414 0.138713 0.032259 0.032065 0.032259 500 510
7 62.310000 60.320000 1000000 11.197168 11.332231 11.193569 11.339891 0.032086 0.032259 0.159219 0.155916 0.032259 0.032076 0.032259 510 527
7 62.310000 60.320000 1000000 11.182026 11.320403 11.178292 11.327660 0.032087 0.032259 0.159219 0.155916 0.032259 0.032077 0.032259 520 532
7 62.310000 60.320000 1000000 11.173446 11.305350 11.168804 11.309380 0.032088 0.032259 0.164487 0.161293 0.032259 0.032078 0.032259 530 554
7 62.310000 60.320000 1000000 11.153359 11.276318 11.148055 11.275241 0.032084 0.032259 0.156061 0.152690 0.032259 0.032075 0.032259 550 568
7 62.310000 60.320000 1000000 11.144876 11.269866 11.139560 11.268790 0.032080 0.032259 0.158165 0.154841 0.032259 0.032072 0.032259 560 585
7 62.310000 60.320000 1000000 11.134026 11.256963 11.128694 11.255886 0.032084 0.032259 0.163433 0.160217 0.032259 0.032075 0.032259 570 594
7 62.310000 60.320000 1000000 11.086872 11.209651 11.081472 11.208575 0.032066 0.032259 0.156061 0.152690 0.032259 0.032057 0.032259 590 606
7 62.310000 60.320000 1000000 11.077306 11.202124 11.071892 11.201048 0.032063 0.032259 0.157113 0.153765 0.032259 0.032054 0.032259 600 635
7 62.310000 60.320000 1000000 11.052064 11.180619 11.046613 11.179542 0.032055 0.032259 0.151853 0.148387 0.032259 0.032046 0.032259 630 654
7 62.310000 60.320000 1000000 11.013548 11.147286 11.008039 11.146209 0.032065 0.032259 0.150803 0.147312 0.032259 0.032057 0.032259 650 668
7 62.310000 60.320000 1000000 11.007887 11.140834 11.002369 11.139758 0.032070 0.032259 0.153955 0.150538 0.032259 0.032062 0.032259 660 670
7 62.310000 60.320000 1000000 11.006982 11.139759 11.001463 11.138682 0.032071 0.032259 0.152904 0.149463 0.032259 0.032063 0.032259 670 728
7 62.310000 60.320000 1000000 10.978694 11.099974 10.972441 11.096881 0.032064 0.032259 0.156058 0.152688 0.032259 0.032056 0.032259 720 742
7 62.310000 60.320000 1000000 10.953256 11.072017 10.947227 11.070179 0.032070 0.032259 0.153955 0.150537 0.032259 0.032062 0.032259 740 773
7 62.310000 60.320000 1000000 10.942997 11.063415 10.936951 11.061577 0.032071 0.032259 0.153954 0.150536 0.032259 0.032064 0.032259 770 782
7 62.310000 60.320000 1000000 10.935446 11.046211 10.929387 11.044372 0.032073 0.032259 0.166592 0.163439 0.032259 0.032065 0.032259 780 823
7 62.310000 60.320000 1000000 10.928794 11.039759 10.922724 11.037921 0.032076 0.032259 0.164483 0.161288 0.032259 0.032068 0.032259 820 840
7 62.310000 60.320000 1000000 10.918238 11.019329 10.912150 11.017491 0.032075 0.032259 0.158161 0.154837 0.032259 0.032067 0.032259 840 861
7 62.310000 60.320000 1000000 10.913661 11.015566 10.907458 11.012876 0.032078 0.032259 0.155531 0.152148 0.032259 0.032071 0.032259 860 870
7 62.310000 60.320000 1000000 10.893459 11.001587 10.887010 10.997195 0.032088 0.032259 0.152377 0.148924 0.032259 0.032080 0.032259 870 967
7 62.310000 60.320000 1000000 10.860020 10.965028 10.853781 10.961891 0.032089 0.032259 0.150277 0.146774 0.032259 0.032081 0.032259 960 996
7 62.310000 60.320000 1000000 10.858933 10.963953 10.852692 10.960816 0.032088 0.032259 0.150277 0.146774 0.032259 0.032081 0.032259 990 1043
7 62.310000 60.320000 1000000 10.831771 10.935996 10.827265 10.941640 0.032089 0.032259 0.146080 0.142474 0.032259 0.032080 0.032259 1040 1067
7 62.310000 60.320000 1000000 10.830519 10.934921 10.826012 10.940565 0.032088 0.032259 0.146080 0.142474 0.032259 0.032080 0.032259 1060 1112
7 62.310000 60.320000 1000000 10.802094 10.898362 10.796672 10.895493 0.032083 0.032259 0.146080 0.142474 0.032259 0.032075 0.032259 1110 1135
7 62.310000 60.320000 1000000 10.794123 10.888684 10.788689 10.885816 0.032082 0.032259 0.146080 0.142474 0.032259 0.032074 0.032259 1130 1197
7 62.310000 60.320000 1000000 10.770083 10.862878 10.765326 10.863773 0.032084 0.032259 0.134568 0.130644 0.032259 0.032076 0.032259 1190 1207
7 62.310000 60.320000 1000000 10.762823 10.856426 10.758056 10.857321 0.032082 0.032259 0.137703 0.133871 0.032259 0.032074 0.032259 1200 1241
7 62.310000 60.320000 1000000 10.744412 10.831695 10.739620 10.832590 0.032074 0.032259 0.139795 0.136022 0.032259 0.032066 0.032259 1230 1321
7 62.310000 60.320000 1000000 10.655277 10.757502 10.649959 10.755888 0.032102 0.032259 0.117939 0.113441 0.032259 0.032095 0.032259 1320 1393
7 62.310000 60.320000 1000000 10.644572 10.745674 10.639239 10.744060 0.032101 0.032259 0.115872 0.111291 0.032259 0.032093 0.032259 1390 1486
7 62.310000 60.320000 1000000 10.642303 10.742448 10.636966 10.740835 0.032100 0.032259 0.116905 0.112366 0.032259 0.032093 0.032259 1480 1490
7 62.310000 60.320000 1000000 10.641529 10.741373 10.636192 10.739759 0.032101 0.032259 0.116905 0.112366 0.032259 0.032094 0.032259 1490 1517
7 62.310000 60.320000 1000000 10.634890 10.737072 10.629542 10.735458 0.032101 0.032259 0.115872 0.111291 0.032259 0.032094 0.032259 1510 1578
7 62.310000 60.320000 1000000 10.627040 10.722018 10.621681 10.720405 0.032092 0.032259 0.118973 0.114516 0.032259 0.032085 0.032259 1570 1593
7 62.310000 60.320000 1000000 10.625181 10.720943 10.619818 10.719329 0.032093 0.032259 0.118973 0.114516 0.032259 0.032085 0.032259 1590 1667
7 62.310000 60.320000 1000000 10.622284 10.717717 10.616917 10.716103 0.032092 0.032259 0.121045 0.116667 0.032259 0.032085 0.032259 1660 1687
7 62.310000 60.320000 1000000 10.619280 10.715567 10.613909 10.713953 0.032092 0.032259 0.120009 0.115592 0.032259 0.032085 0.032259 1680 1703
7 62.310000 60.320000 1000000 10.612026 10.709115 10.606643 10.707501 0.032091 0.032259 0.122082 0.117743 0.032259 0.032083 0.032259 1700 1735
7 62.310000 60.320000 1000000 10.609688 10.704814 10.604302 10.703200 0.032090 0.032259 0.118974 0.114517 0.032259 0.032083 0.032259 1710 1809
7 62.310000 60.320000 1000000 10.587002 10.680083 10.581582 10.678469 0.032100 0.032259 0.115872 0.111291 0.032259 0.032093 0.032259 1800 1831
7 62.310000 60.320000 1000000 10.585011 10.679008 10.579588 10.677394 0.032101 0.032259 0.115872 0.111291 0.032259 0.032094 0.032259 1830 1858
7 62.310000 60.320000 1000000 10.560540 10.648900 10.555079 10.647286 0.032097 0.032259 0.115872 0.111291 0.032259 0.032090 0.032259 1850 2045
7 62.310000 60.320000 1000000 10.533511 10.609116 10.526795 10.598586 0.032112 0.032259 0.111747 0.106990 0.032259 0.032106 0.032259 2040 2135
7 62.310000 60.320000 1000000 10.517965 10.596213 10.511218 10.585683 0.032112 0.032259 0.115872 0.111291 0.032259 0.032106 0.032259 2130 2142
7 62.310000 60.320000 1000000 10.515093 10.586535 10.510897 10.586042 0.032113 0.032259 0.108664 0.103765 0.032259 0.032105 0.032259 2140 2174
7 62.310000 60.320000 1000000 10.514279 10.585460 10.510083 10.584966 0.032113 0.032259 0.107637 0.102690 0.032259 0.032104 0.032259 2170 2229
7 62.310000 60.320000 1000000 10.505119 10.573632 10.500912 10.573138 0.032111 0.032259 0.108663 0.103765 0.032259 0.032102 0.032259 2220 2250
7 62.310000 60.320000 1000000 10.501905 10.571481 10.497693 10.570988 0.032111 0.032259 0.108664 0.103765 0.032259 0.032102 0.032259 2250 2282
7 62.310000 60.320000 1000000 10.499565 10.568256 10.495351 10.567762 0.032110 0.032259 0.106612 0.101614 0.032259 0.032101 0.032259 2280 2342
7 62.310000 60.320000 1000000 10.488494 10.547826 10.482743 10.541687 0.032109 0.032259 0.109691 0.104840 0.032259 0.032101 0.032259 2340 2380
7 62.310000 60.320000 1000000 10.485406 10.542449 10.479650 10.536310 0.032106 0.032259 0.108664 0.103765 0.032259 0.032097 0.032259 2380 2406
7 62.310000 60.320000 1000000 10.484557 10.541374 10.478799 10.535235 0.032105 0.032259 0.108664 0.103765 0.032259 0.032096 0.032259 2400 2615
7 62.310000 60.320000 1000000 10.476988 10.529546 10.471218 10.523407 0.032098 0.032259 0.115873 0.111292 0.032259 0.032090 0.032259 2610 2755
7 62.310000 60.320000 1000000 10.472696 10.526320 10.466919 10.520181 0.032098 0.032259 0.115873 0.111292 0.032259 0.032090 0.032259 2750 2775
7 62.310000 60.320000 1000000 10.471077 10.525245 10.465297 10.519106 0.032098 0.032259 0.116906 0.112367 0.032259 0.032089 0.032259 2770 2781
7 62.310000 60.320000 1000000 10.469054 10.524170 10.463271 10.518031 0.032099 0.032259 0.115873 0.111292 0.032259 0.032090 0.032259 2780 2796
7 62.310000 60.320000 1000000 10.467439 10.523095 10.461653 10.516956 0.032099 0.032259 0.115873 0.111292 0.032259 0.032090 0.032259 2790 2878
7 62.310000 60.320000 1000000 10.465850 10.518794 10.459912 10.512251 0.032099 0.032259 0.114840 0.110217 0.032259 0.032090 0.032259 2870 2953
7 62.310000 60.320000 1000000 10.465008 10.515030 10.458984 10.507637 0.032099 0.032259 0.114324 0.109678 0.032259 0.032090 0.032259 2950 3172
7 62.310000 60.320000 1000000 10.460817 10.511804 10.454638 10.504008 0.032101 0.032259 0.111234 0.106453 0.032259 0.032093 0.032259 3170 3308
7 62.310000 60.320000 1000000 10.454944 10.507503 10.448754 10.499707 0.032102 0.032259 0.107125 0.102152 0.032259 0.032093 0.032259 3300 3317
7 62.310000 60.320000 1000000 10.453347 10.506428 10.447154 10.498631 0.032101 0.032259 0.108150 0.103227 0.032259 0.032093 0.032259 3310 3382
7 62.310000 60.320000 1000000 10.423866 10.485998 10.417926 10.479456 0.032105 0.032259 0.107124 0.102152 0.032259 0.032097 0.032259 3380 3608
7 62.310000 60.320000 1000000 10.416466 10.480622 10.410513 10.474080 0.032105 0.032259 0.108150 0.103227 0.032259 0.032097 0.032259 3600 3657
7 62.310000 60.320000 1000000 10.416209 10.479546 10.410158 10.472601 0.032105 0.032259 0.108150 0.103227 0.032259 0.032097 0.032259 3650 3741
7 62.310000 60.320000 1000000 10.409599 10.469869 10.403537 10.462924 0.032111 0.032259 0.111233 0.106453 0.032259 0.032102 0.032259 3740 3755
7 62.310000 60.320000 1000000 10.409341 10.468794 10.403580 10.463103 0.032111 0.032259 0.111233 0.106453 0.032259 0.032102 0.032259 3750 3968
7 62.310000 60.320000 1000000 10.401433 10.460192 10.395659 10.454501 0.032112 0.032259 0.108151 0.103228 0.032259 0.032103 0.032259 3960 3998
7 62.310000 60.320000 1000000 10.396102 10.453740 10.390319 10.448049 0.032111 0.032259 0.111234 0.106453 0.032259 0.032103 0.032259 3990 4089
7 62.310000 60.320000 1000000 10.388393 10.447288 10.382597 10.441598 0.032112 0.032259 0.110205 0.105378 0.032259 0.032104 0.032259 4080 4419
7 62.310000 60.320000 1000000 10.386736 10.446213 10.380938 10.440522 0.032112 0.032259 0.109178 0.104303 0.032259 0.032104 0.032259 4410 4491
7 62.310000 60.320000 1000000 10.381136 10.440837 10.375138 10.434340 0.032112 0.032259 0.109179 0.104304 0.032259 0.032103 0.032259 4490 4521
7 62.310000 60.320000 1000000 10.378463 10.436536 10.372460 10.430038 0.032109 0.032259 0.108152 0.103229 0.032259 0.032100 0.032259 4520 4555
7 62.310000 60.320000 1000000 10.377262 10.435461 10.371258 10.428963 0.032108 0.032259 0.108152 0.103229 0.032259 0.032100 0.032259 4550 4587
7 62.310000 60.320000 1000000 10.377016 10.434385 10.370919 10.427485 0.032108 0.032259 0.109179 0.104304 0.032259 0.032100 0.032259 4580 4651
7 62.310000 60.320000 1000000 10.370724 10.426858 10.364615 10.419958 0.032108 0.032259 0.105077 0.100003 0.032259 0.032099 0.032259 4650 4807
7 62.310000 60.320000 1000000 10.356376 10.415031 10.349945 10.407324 0.032106 0.032259 0.111235 0.106455 0.032259 0.032098 0.032259 4800 5242
7 62.310000 60.320000 1000000 10.341999 10.398902 10.335541 10.391195 0.032097 0.032259 0.114325 0.109679 0.032259 0.032089 0.032259 5240 5383
7 62.310000 60.320000 1000000 10.326645 10.379547 10.320159 10.371840 0.032097 0.032259 0.110204 0.105377 0.032259 0.032089 0.032259 5380 5543
7 62.310000 60.320000 1000000 10.321853 10.376321 10.315357 10.368614 0.032097 0.032259 0.110204 0.105377 0.032259 0.032089 0.032259 5540 5566
7 62.310000 60.320000 1000000 10.320656 10.375246 10.314158 10.367539 0.032097 0.032259 0.110204 0.105377 0.032259 0.032089 0.032259 5560 5643
7 62.310000 60.320000 1000000 10.315775 10.372020 10.309268 10.364313 0.032096 0.032259 0.111233 0.106452 0.032259 0.032088 0.032259 5640 5688
7 62.310000 60.320000 1000000 10.314419 10.370945 10.307909 10.363238 0.032096 0.032259 0.111233 0.106453 0.032259 0.032088 0.032259 5680 5924
7 62.310000 60.320000 1000000 10.292702 10.336536 10.286151 10.328829 0.032091 0.032259 0.108150 0.103227 0.032259 0.032084 0.032259 5920 6592
7 62.310000 60.320000 1000000 10.274574 10.307504 10.271704 10.319868 0.032091 0.032259 0.112264 0.107529 0.032259 0.032082 0.032259 6040 6560
7 62.310000 60.320000 1000000 10.234668 10.236536 10.231764 10.248901 0.032085 0.032259 0.162378 0.159141 0.032259 0.032076 0.032259 6560 6592
7 62.310000 60.320000 1000000 10.233954 10.235461 10.231050 10.247826 0.032086 0.032259 0.162378 0.159141 0.032259 0.032077 0.032259 6590 6685
7 62.310000 60.320000 1000000 10.228433 10.231160 10.225523 10.243525 0.032087 0.032259 0.161323 0.158065 0.032259 0.032078 0.032259 6680 6770
7 62.310000 60.320000 1000000 10.225237 10.227934 10.222325 10.240299 0.032087 0.032259 0.162377 0.159141 0.032259 0.032078 0.032259 6770 6931
7 62.310000 60.320000 1000000 10.164698 10.154816 10.161734 10.167181 0.032088 0.032259 0.177157 0.174195 0.032259 0.032079 0.032259 6930 7170
7 62.310000 60.320000 1000000 10.156729 10.148364 10.153758 10.160729 0.032086 0.032259 0.176100 0.173120 0.032259 0.032077 0.032259 7170 7184
7 62.310000 60.320000 1000000 10.154863 10.147289 10.151890 10.159654 0.032087 0.032259 0.175043 0.172044 0.032259 0.032078 0.032259 7180 7328
7 62.310000 60.320000 1000000 10.129448 10.107504 10.125159 10.106249 0.032095 0.032259 0.166595 0.163442 0.032259 0.032086 0.032259 7320 7838
7 62.310000 60.320000 1000000 10.120241 10.101053 10.115941 10.099797 0.032095 0.032259 0.170816 0.167743 0.032259 0.032086 0.032259 7830 8516
7 62.310000 60.320000 1000000 10.108194 10.085999 10.103878 10.084744 0.032095 0.032259 0.172928 0.169893 0.032259 0.032086 0.032259 8510 8726
7 62.310000 60.320000 1000000 10.100447 10.072020 10.096122 10.070765 0.032101 0.032259 0.173985 0.170968 0.032259 0.032092 0.032259 8720 10302
7 62.310000 60.320000 1000000 10.092581 10.066644 10.088246 10.065389 0.032102 0.032259 0.168705 0.165592 0.032259 0.032093 0.032259 8990 10049
7 62.310000 60.320000 1000000 10.081074 10.047289 10.076724 10.046034 0.032092 0.032259 0.165539 0.162366 0.032259 0.032084 0.032259 10040 10532
7 62.310000 60.320000 1000000 10.069281 10.037612 10.065125 10.037611 0.032093 0.032259 0.167649 0.164516 0.032259 0.032085 0.032259 10530 10821
7 62.310000 60.320000 1000000 10.056967 10.027935 10.052796 10.027934 0.032095 0.032259 0.164485 0.161290 0.032259 0.032087 0.032259 10820 11245
7 62.310000 60.320000 1000000 10.052131 10.019333 10.047953 10.019332 0.032092 0.032259 0.163430 0.160215 0.032259 0.032083 0.032259 11240 11672
7 62.310000 60.320000 1000000 10.027514 9.991375 10.023306 9.991375 0.032075 0.032259 0.171869 0.168815 0.032259 0.032067 0.032259 11670 11721
7 62.310000 60.320000 1000000 10.026609 9.990300 10.022399 9.990300 0.032075 0.032259 0.170813 0.167739 0.032259 0.032067 0.032259 11720 12319
7 62.310000 60.320000 1000000 10.016854 9.973096 10.012433 9.972289 0.032067 0.032259 0.169757 0.166664 0.032259 0.032058 0.032259 12310 13082
7 62.310000 60.320000 1000000 10.008903 9.964494 10.004471 9.963687 0.032063 0.032259 0.162374 0.159137 0.032259 0.032055 0.032259 13080 13399
7 62.310000 60.320000 1000000 10.004624 9.961268 10.000187 9.960461 0.032064 0.032259 0.162374 0.159138 0.032259 0.032055 0.032259 13390 13733
7 62.310000 60.320000 1000000 10.000869 9.954816 9.996637 9.955264 0.032059 0.032259 0.160267 0.156987 0.032259 0.032050 0.032259 13730 13882
7 62.310000 60.320000 1000000 9.995630 9.949440 9.991392 9.949887 0.032054 0.032259 0.163428 0.160213 0.032259 0.032046 0.032259 13880 14338
7 62.310000 60.320000 1000000 9.995117 9.948365 9.990878 9.948812 0.032054 0.032259 0.162374 0.159138 0.032259 0.032046 0.032259 14330 16165
7 62.310000 60.320000 1000000 9.956627 9.909655 9.952339 9.910103 0.032041 0.032259 0.163430 0.160214 0.032259 0.032033 0.032259 16160 16583
7 62.310000 60.320000 1000000 9.929991 9.863419 9.925667 9.863866 0.032043 0.032259 0.122600 0.118280 0.032259 0.032035 0.032259 16580 17293
7 62.310000 60.320000 1000000 9.922257 9.855892 9.917923 9.856340 0.032041 0.032259 0.122600 0.118280 0.032259 0.032033 0.032259 17290 17829
7 62.310000 60.320000 1000000 9.918760 9.852666 9.914422 9.853114 0.032039 0.032259 0.120526 0.116129 0.032259 0.032030 0.032259 17820 18313
7 62.310000 60.320000 1000000 9.904098 9.840839 9.899741 9.841286 0.032039 0.032259 0.119492 0.115055 0.032259 0.032031 0.032259 18310 18656
7 62.310000 60.320000 1000000 9.894986 9.834387 9.890616 9.834834 0.032038 0.032259 0.120529 0.116131 0.032259 0.032030 0.032259 18650 18950
7 62.310000 60.320000 1000000 9.891727 9.831161 9.887353 9.831608 0.032039 0.032259 0.118458 0.113981 0.032259 0.032030 0.032259 18950 19268
7 62.310000 60.320000 1000000 9.884044 9.825785 9.879660 9.826232 0.032042 0.032259 0.116391 0.111831 0.032259 0.032034 0.032259 19260 19352
7 62.310000 60.320000 1000000 9.882258 9.824709 9.877872 9.825157 0.032042 0.032259 0.116391 0.111831 0.032259 0.032034 0.032259 19350 19368
7 62.310000 60.320000 1000000 9.881870 9.823634 9.877483 9.824082 0.032041 0.032259 0.117424 0.112906 0.032259 0.032033 0.032259 19360 19893
7 62.310000 60.320000 1000000 9.880789 9.822559 9.876400 9.823006 0.032041 0.032259 0.118458 0.113981 0.032259 0.032033 0.032259 19890 21816
7 62.310000 60.320000 1000000 9.849726 9.761269 9.845296 9.761716 0.032033 0.032259 0.111236 0.106456 0.032259 0.032024 0.032259 21810 23310
7 62.310000 60.320000 1000000 9.829059 9.745140 9.824601 9.745587 0.032035 0.032259 0.108153 0.103230 0.032259 0.032027 0.032259 23310 23458
7 62.310000 60.320000 1000000 9.828203 9.744065 9.823744 9.744512 0.032035 0.032259 0.109179 0.104305 0.032259 0.032027 0.032259 23450 24104
7 62.310000 60.320000 1000000 9.810418 9.729011 9.805934 9.729458 0.032032 0.032259 0.109180 0.104305 0.032259 0.032024 0.032259 24100 24751
7 62.310000 60.320000 1000000 9.808897 9.727936 9.804411 9.728383 0.032032 0.032259 0.109180 0.104305 0.032259 0.032024 0.032259 24750 25133
7 62.310000 60.320000 1000000 9.807391 9.726860 9.802903 9.727308 0.032032 0.032259 0.110207 0.105381 0.032259 0.032024 0.032259 25130 26754
7 62.310000 60.320000 1000000 9.805516 9.725785 9.801025 9.726232 0.032033 0.032259 0.110207 0.105381 0.032259 0.032025 0.032259 26750 26766
7 62.310000 60.320000 1000000 9.804654 9.724710 9.800163 9.725157 0.032031 0.032259 0.110207 0.105381 0.032259 0.032023 0.032259 26760 27056
7 62.310000 60.320000 1000000 9.803043 9.723634 9.798550 9.724082 0.032031 0.032259 0.110208 0.105381 0.032259 0.032023 0.032259 27050 27140
7 62.310000 60.320000 1000000 9.801292 9.722559 9.796796 9.723007 0.032032 0.032259 0.110207 0.105380 0.032259 0.032023 0.032259 27140 28359
7 62.310000 60.320000 1000000 9.792427 9.707506 9.787918 9.707953 0.032026 0.032259 0.121566 0.117208 0.032259 0.032018 0.032259 28350 28376
7 62.310000 60.320000 1000000 9.790844 9.706430 9.786334 9.706878 0.032026 0.032259 0.120530 0.116133 0.032259 0.032018 0.032259 28370 29180
7 62.310000 60.320000 1000000 9.763409 9.684925 9.758861 9.685372 0.032023 0.032259 0.117424 0.112906 0.032259 0.032015 0.032259 29180 29472
7 62.310000 60.320000 1000000 9.763264 9.683312 9.758638 9.682908 0.032023 0.032259 0.116907 0.112368 0.032259 0.032015 0.032259 29470 30554
7 62.310000 60.320000 1000000 9.752287 9.671484 9.747646 9.671080 0.032020 0.032259 0.114842 0.110218 0.032259 0.032012 0.032259 30550 30629
7 62.310000 60.320000 1000000 9.751860 9.670409 9.747218 9.670005 0.032020 0.032259 0.113810 0.109143 0.032259 0.032012 0.032259 30620 31069
7 62.310000 60.320000 1000000 9.751243 9.669334 9.746601 9.668930 0.032020 0.032259 0.113810 0.109143 0.032259 0.032012 0.032259 31060 31141
7 62.310000 60.320000 1000000 9.750742 9.668258 9.746098 9.667854 0.032019 0.032259 0.113810 0.109143 0.032259 0.032011 0.032259 31140 34336
7 62.310000 60.320000 1000000 9.731358 9.652129 9.726687 9.651725 0.032021 0.032259 0.112778 0.108066 0.032259 0.032013 0.032259 34330 34469
7 62.310000 60.320000 1000000 9.731016 9.651054 9.726344 9.650650 0.032021 0.032259 0.112778 0.108066 0.032259 0.032013 0.032259 34460 34524
7 62.310000 60.320000 1000000 9.729112 9.649979 9.724437 9.649575 0.032021 0.032259 0.112778 0.108066 0.032259 0.032013 0.032259 34520 35616
7 62.310000 60.320000 1000000 9.703137 9.634925 9.698424 9.634521 0.032036 0.032259 0.117939 0.113442 0.032259 0.032028 0.032259 35610 35695
7 62.310000 60.320000 1000000 9.702992 9.633312 9.698202 9.632057 0.032036 0.032259 0.118456 0.113979 0.032259 0.032029 0.032259 35690 35773
7 62.310000 60.320000 1000000 9.701178 9.632237 9.696386 9.630982 0.032037 0.032259 0.117422 0.112904 0.032259 0.032029 0.032259 35770 37303
7 62.310000 60.320000 1000000 9.698281 9.623635 9.695925 9.631161 0.032040 0.032259 0.123637 0.119354 0.032259 0.032028 0.032259 37300 37393
7 62.310000 60.320000 1000000 9.697998 9.622560 9.695642 9.630086 0.032039 0.032259 0.123637 0.119354 0.032259 0.032028 0.032259 37390 40647
7 62.310000 60.320000 1000000 9.672618 9.559119 9.680701 9.626860 0.032038 0.032259 0.173983 0.170967 0.032259 0.032024 0.032259 40640 41210
7 62.310000 60.320000 1000000 9.670462 9.554818 9.678303 9.620856 0.032039 0.032259 0.172927 0.169891 0.032259 0.032025 0.032259 41210 41779
7 62.310000 60.320000 1000000 9.666555 9.551593 9.674405 9.617631 0.032039 0.032259 0.172926 0.169891 0.032259 0.032026 0.032259 41770 42941
7 62.310000 60.320000 1000000 9.663031 9.544066 9.670890 9.610104 0.032035 0.032259 0.177154 0.174192 0.032259 0.032022 0.032259 42940 43685
7 62.310000 60.320000 1000000 9.659614 9.540840 9.667303 9.606475 0.032037 0.032259 0.173983 0.170966 0.032259 0.032024 0.032259 43680 46947
7 62.310000 60.320000 1000000 9.645171 9.523636 9.652374 9.587254 0.032034 0.032259 0.173983 0.170966 0.032259 0.032021 0.032259 46940 47830
7 62.310000 60.320000 1000000 9.644546 9.522560 9.651751 9.586179 0.032034 0.032259 0.172926 0.169891 0.032259 0.032021 0.032259 47830 48393
7 62.310000 60.320000 1000000 9.643264 9.521485 9.650472 9.585104 0.032035 0.032259 0.172926 0.169891 0.032259 0.032021 0.032259 48390 48939
7 62.310000 60.320000 1000000 9.640005 9.518259 9.647220 9.581878 0.032035 0.032259 0.170814 0.167740 0.032259 0.032022 0.032259 48930 51238
7 62.310000 60.320000 1000000 9.608492 9.491378 9.615778 9.554996 0.032034 0.032259 0.178211 0.175267 0.032259 0.032020 0.032259 51230 52789
7 62.310000 60.320000 1000000 9.596124 9.469872 9.601340 9.528249 0.032035 0.032259 0.163429 0.160214 0.032259 0.032024 0.032259 52780 63346
7 62.310000 60.320000 1000000 9.566093 9.408582 9.567370 9.451233 0.032031 0.032259 0.125714 0.121505 0.032259 0.032021 0.032259 56470 60853
7 62.310000 60.320000 1000000 9.564039 9.403206 9.565021 9.444647 0.032029 0.032259 0.127794 0.123655 0.032259 0.032018 0.032259 57900 59301
7 62.310000 60.320000 1000000 9.552760 9.393529 9.553650 9.434567 0.032030 0.032259 0.130918 0.126881 0.032259 0.032019 0.032259 59300 60853
7 62.310000 60.320000 1000000 9.503023 9.365572 9.503927 9.406610 0.032059 0.032259 0.124675 0.120429 0.032259 0.032048 0.032259 60850 63346
7 62.310000 60.320000 1000000 9.498950 9.356432 9.499776 9.396619 0.032052 0.032259 0.124156 0.119892 0.032259 0.032041 0.032259 63340 66247
7 62.310000 60.320000 1000000 9.492356 9.351056 9.493183 9.391242 0.032050 0.032259 0.127273 0.123117 0.032259 0.032039 0.032259 66240 68514
7 62.310000 60.320000 1000000 9.486801 9.344604 9.487629 9.384791 0.032043 0.032259 0.127272 0.123116 0.032259 0.032032 0.032259 68510 70766
7 62.310000 60.320000 1000000 9.474039 9.336002 9.474870 9.376189 0.032044 0.032259 0.131437 0.127417 0.032259 0.032033 0.032259 69250 71093
7 62.310000 60.320000 1000000 9.466754 9.330625 9.467588 9.370812 0.032044 0.032259 0.130395 0.126342 0.032259 0.032033 0.032259 71090 72769
7 62.310000 60.320000 1000000 9.452568 9.236541 9.448965 9.231613 0.032048 0.032259 0.103029 0.097849 0.032259 0.032039 0.032259 72760 75021
7 62.310000 60.320000 1000000 9.450462 9.232240 9.446856 9.227312 0.032045 0.032259 0.107122 0.102150 0.032259 0.032037 0.032259 75020 77814
7 62.310000 60.320000 1000000 9.436021 9.222563 9.432400 9.217634 0.032048 0.032259 0.109177 0.104302 0.032259 0.032040 0.032259 77810 79820
7 62.310000 60.320000 1000000 9.414484 9.205359 9.410837 9.200430 0.032040 0.032259 0.113292 0.108602 0.032259 0.032032 0.032259 79820 81244
7 62.310000 60.320000 1000000 9.409604 9.198907 9.405951 9.193978 0.032037 0.032259 0.114323 0.109678 0.032259 0.032028 0.032259 81240 81787
7 62.310000 60.320000 1000000 9.409451 9.197294 9.405717 9.191514 0.032037 0.032259 0.114839 0.110215 0.032259 0.032029 0.032259 81780 81869
7 62.310000 60.320000 1000000 9.407611 9.196219 9.403875 9.190439 0.032037 0.032259 0.113807 0.109140 0.032259 0.032029 0.032259 81860 82866
7 62.310000 60.320000 1000000 9.401949 9.191918 9.398206 9.186138 0.032038 0.032259 0.112777 0.108065 0.032259 0.032029 0.032259 82860 84491
7 62.310000 60.320000 1000000 9.400883 9.190842 9.397139 9.185063 0.032038 0.032259 0.111747 0.106990 0.032259 0.032030 0.032259 84490 86844
7 62.310000 60.320000 1000000 9.388261 9.180090 9.384502 9.174310 0.032041 0.032259 0.111747 0.106990 0.032259 0.032033 0.032259 86840 98445
7 62.310000 60.320000 1000000 9.370011 9.162886 9.366230 9.157106 0.032041 0.032259 0.114840 0.110216 0.032259 0.032033 0.032259 95180 101651
7 62.310000 60.320000 1000000 9.360556 9.155359 9.356764 9.149579 0.032044 0.032259 0.113808 0.109141 0.032259 0.032036 0.032259 101650 111191
7 62.310000 60.320000 1000000 9.333295 9.130090 9.329330 9.121756 0.032043 0.032259 0.106098 0.101075 0.032259 0.032034 0.032259 111190 119031
7 62.310000 60.320000 1000000 9.317424 9.119337 9.313439 9.111003 0.032044 0.032259 0.107123 0.102150 0.032259 0.032036 0.032259 119030 124822
7 62.310000 60.320000 1000000 9.300898 9.104283 9.296892 9.095950 0.032036 0.032259 0.102010 0.096775 0.032259 0.032027 0.032259 124820 128978
7 62.310000 60.320000 1000000 9.298705 9.092455 9.297258 9.097921 0.032037 0.032259 0.099973 0.094625 0.032259 0.032027 0.032259 126000 130170
7 62.310000 60.320000 1000000 9.292400 9.086004 9.290950 9.091469 0.032035 0.032259 0.100991 0.095701 0.032259 0.032026 0.032259 130170 134590
7 62.310000 60.320000 1000000 9.281754 9.074176 9.280299 9.079641 0.032028 0.032259 0.102011 0.096776 0.032259 0.032018 0.032259 134010 135929
7 62.310000 60.320000 1000000 9.279456 9.073101 9.278000 9.078566 0.032030 0.032259 0.102011 0.096776 0.032259 0.032021 0.032259 135920 138820
7 62.310000 60.320000 1000000 9.268642 9.060197 9.267180 9.065663 0.032032 0.032259 0.108150 0.103227 0.032259 0.032022 0.032259 138820 140306
7 62.310000 60.320000 1000000 9.267031 9.059122 9.265569 9.064588 0.032031 0.032259 0.109177 0.104302 0.032259 0.032022 0.032259 140300 144404
7 62.310000 60.320000 1000000 9.264100 9.049445 9.263055 9.058674 0.032030 0.032259 0.109177 0.104302 0.032259 0.032021 0.032259 144400 145370
7 62.310000 60.320000 1000000 9.263594 9.048369 9.262549 9.057598 0.032029 0.032259 0.109177 0.104302 0.032259 0.032020 0.032259 145370 146475
7 62.310000 60.320000 1000000 9.261374 9.045144 9.260328 9.054373 0.032029 0.032259 0.108150 0.103227 0.032259 0.032020 0.032259 146470 151086
7 62.310000 60.320000 1000000 9.257465 9.041918 9.256418 9.051147 0.032030 0.032259 0.106100 0.101077 0.032259 0.032021 0.032259 151080 153589
7 62.310000 60.320000 1000000 9.257380 9.040305 9.256287 9.048683 0.032030 0.032259 0.106612 0.101614 0.032259 0.032021 0.032259 153580 161856
7 62.310000 60.320000 1000000 9.239444 9.026326 9.238345 9.034704 0.032028 0.032259 0.113809 0.109142 0.032259 0.032019 0.032259 161850 169248
7 62.310000 60.320000 1000000 9.234309 9.022025 9.233208 9.030403 0.032029 0.032259 0.112778 0.108066 0.032259 0.032020 0.032259 169240 175182
7 62.310000 60.320000 1000000 9.233764 9.019875 9.232459 9.027446 0.032029 0.032259 0.111749 0.106991 0.032259 0.032020 0.032259 174040 176784
7 62.310000 60.320000 1000000 9.203684 9.003746 9.202366 9.011317 0.032046 0.032259 0.110720 0.105916 0.032259 0.032037 0.032259 176780 182934
7 62.310000 60.320000 1000000 9.203021 9.002670 9.201702 9.010242 0.032046 0.032259 0.110720 0.105916 0.032259 0.032038 0.032259 182930 186013
7 62.310000 60.320000 1000000 9.202825 9.001595 9.201433 9.008763 0.032046 0.032259 0.109692 0.104841 0.032259 0.032037 0.032259 186010 191913
7 62.310000 60.320000 1000000 9.165936 8.981165 9.164527 8.988333 0.032063 0.032259 0.110720 0.105916 0.032259 0.032054 0.032259 191910 192042
7 62.310000 60.320000 1000000 9.158901 8.976864 9.157488 8.984032 0.032065 0.032259 0.108664 0.103766 0.032259 0.032056 0.032259 192040 212594
7 62.310000 60.320000 1000000 9.145631 8.966111 9.144213 8.973279 0.032064 0.032259 0.104565 0.099465 0.032259 0.032055 0.032259 212590 214108
7 62.310000 60.320000 1000000 9.145436 8.965036 9.143945 8.971800 0.032064 0.032259 0.103543 0.098389 0.032259 0.032055 0.032259 214100 215940
7 62.310000 60.320000 1000000 9.144388 8.963960 9.142896 8.970725 0.032064 0.032259 0.102522 0.097314 0.032259 0.032055 0.032259 215940 217931
7 62.310000 60.320000 1000000 9.143621 8.962885 9.142128 8.969650 0.032064 0.032259 0.101502 0.096239 0.032259 0.032055 0.032259 217930 227991
7 62.310000 60.320000 1000000 9.133957 8.944606 9.132460 8.951370 0.032054 0.032259 0.107638 0.102691 0.032259 0.032044 0.032259 227990 246413
7 62.310000 60.320000 1000000 9.078561 8.901595 9.076688 8.906344 0.032074 0.032259 0.089361 0.083336 0.032259 0.032064 0.032259 246410 271649
7 62.310000 60.320000 1000000 9.054125 8.881165 9.052238 8.885914 0.032069 0.032259 0.093385 0.087637 0.032259 0.032060 0.032259 271640 292172
7 62.310000 60.320000 1000000 8.970729 8.826326 8.968788 8.831075 0.032083 0.032259 0.103540 0.098387 0.032259 0.032073 0.032259 292170 296420
7 62.310000 60.320000 1000000 8.969932 8.825251 8.967991 8.830000 0.032083 0.032259 0.103541 0.098387 0.032259 0.032074 0.032259 296420 306608
7 62.310000 60.320000 1000000 8.964710 8.816649 8.962765 8.821397 0.032082 0.032259 0.102519 0.097312 0.032259 0.032073 0.032259 306600 311508
7 62.310000 60.320000 1000000 8.962732 8.815574 8.960786 8.820322 0.032083 0.032259 0.101499 0.096236 0.032259 0.032074 0.032259 311500 313149
7 62.310000 60.320000 1000000 8.960811 8.814498 8.958864 8.819247 0.032084 0.032259 0.101499 0.096236 0.032259 0.032074 0.032259 313140 316322
7 62.310000 60.320000 1000000 8.958929 8.813423 8.956980 8.818172 0.032085 0.032259 0.101499 0.096237 0.032259 0.032075 0.032259 316320 318453
7 62.310000 60.320000 1000000 8.958625 8.812348 8.956676 8.817096 0.032084 0.032259 0.100480 0.095161 0.032259 0.032075 0.032259 318450 332331
7 62.310000 60.320000 1000000 8.948979 8.802670 8.947024 8.807419 0.032087 0.032259 0.101499 0.096237 0.032259 0.032078 0.032259 332330 366142
7 62.310000 60.320000 1000000 8.938380 8.789767 8.936418 8.794516 0.032080 0.032259 0.101499 0.096236 0.032259 0.032070 0.032259 345150 370604
7 62.310000 60.320000 1000000 8.924616 8.779014 8.922644 8.783763 0.032079 0.032259 0.106611 0.101613 0.032259 0.032069 0.032259 360500 377502
7 62.310000 60.320000 1000000 8.917439 8.770412 8.915830 8.778521 0.032080 0.032259 0.103540 0.098387 0.032259 0.032070 0.032259 377500 385494
7 62.310000 60.320000 1000000 8.911344 8.766111 8.909733 8.774220 0.032081 0.032259 0.101499 0.096236 0.032259 0.032072 0.032259 385490 402843
7 62.310000 60.320000 1000000 8.893350 8.751057 8.891729 8.759166 0.032082 0.032259 0.101499 0.096236 0.032259 0.032073 0.032259 402840 417647
7 62.310000 60.320000 1000000 8.891746 8.747832 8.890589 8.758449 0.032083 0.032259 0.101499 0.096236 0.032259 0.032074 0.032259 417640 436467
7 62.310000 60.320000 1000000 8.884987 8.743531 8.883828 8.754148 0.032086 0.032259 0.097430 0.091935 0.032259 0.032077 0.032259 418030 482375
7 62.310000 60.320000 1000000 8.854507 8.722025 8.853336 8.732643 0.032088 0.032259 0.092377 0.086561 0.032259 0.032079 0.032259 482370 487594
7 62.310000 60.320000 1000000 8.850848 8.718799 8.849564 8.729014 0.032089 0.032259 0.094395 0.088712 0.032259 0.032079 0.032259 487590 492501
7 62.310000 60.320000 1000000 8.850753 8.717187 8.849417 8.726550 0.032089 0.032259 0.093890 0.088174 0.032259 0.032079 0.032259 492500 507689
7 62.310000 60.320000 1000000 8.846947 8.711810 8.845610 8.721174 0.032086 0.032259 0.093890 0.088174 0.032259 0.032076 0.032259 507680 508870
7 62.310000 60.320000 1000000 8.845457 8.710735 8.844119 8.720098 0.032087 0.032259 0.093890 0.088174 0.032259 0.032077 0.032259 508870 515055
7 62.310000 60.320000 1000000 8.845148 8.709660 8.843811 8.719023 0.032086 0.032259 0.092881 0.087099 0.032259 0.032077 0.032259 515050 518646
7 62.310000 60.320000 1000000 8.843644 8.708584 8.842306 8.717948 0.032087 0.032259 0.091873 0.086024 0.032259 0.032078 0.032259 518640 549932
7 62.310000 60.320000 1000000 8.841081 8.705359 8.839741 8.714722 0.032086 0.032259 0.092881 0.087099 0.032259 0.032077 0.032259 549930 569193
7 62.310000 60.320000 1000000 8.822210 8.691380 8.820861 8.700743 0.032082 0.032259 0.095911 0.090324 0.032259 0.032072 0.032259 569190 572420
7 62.310000 60.320000 1000000 8.821906 8.690305 8.820558 8.699668 0.032082 0.032259 0.095911 0.090323 0.032259 0.032072 0.032259 572420 596188
7 62.310000 60.320000 1000000 8.804881 8.678477 8.803525 8.687840 0.032086 0.032259 0.097939 0.092474 0.032259 0.032076 0.032259 596180 615236
7 62.310000 60.320000 1000000 8.788451 8.665573 8.787087 8.674937 0.032093 0.032259 0.096924 0.091398 0.032259 0.032083 0.032259 615230 618158
7 62.310000 60.320000 1000000 8.783359 8.661272 8.781993 8.670636 0.032095 0.032259 0.099972 0.094624 0.032259 0.032085 0.032259 618150 619432
7 62.310000 60.320000 1000000 8.781399 8.660197 8.780032 8.669561 0.032096 0.032259 0.098955 0.093549 0.032259 0.032086 0.032259 619430 648007
7 62.310000 60.320000 1000000 8.769963 8.652670 8.768590 8.662034 0.032099 0.032259 0.096923 0.091398 0.032259 0.032090 0.032259 648000 652489
7 62.310000 60.320000 1000000 8.768370 8.651595 8.766996 8.660958 0.032100 0.032259 0.095910 0.090322 0.032259 0.032090 0.032259 652480 691021
7 62.310000 60.320000 1000000 8.736511 8.626864 8.735123 8.636227 0.032107 0.032259 0.082879 0.076344 0.032259 0.032098 0.032259 691020 763682
7 62.310000 60.320000 1000000 8.728578 8.619337 8.727186 8.628700 0.032105 0.032259 0.079915 0.073115 0.032259 0.032095 0.032259 763680 793884
7 62.310000 60.320000 1000000 8.707437 8.604283 8.706034 8.613647 0.032107 0.032259 0.075030 0.067741 0.032259 0.032097 0.032259 793880 810216
7 62.310000 60.320000 1000000 8.706636 8.603208 8.705233 8.612571 0.032107 0.032259 0.075030 0.067741 0.032259 0.032098 0.032259 810210 833192
7 62.310000 60.320000 1000000 8.688844 8.590305 8.687433 8.599668 0.032105 0.032259 0.081888 0.075267 0.032259 0.032095 0.032259 833190 852654
7 62.310000 60.320000 1000000 8.687240 8.589229 8.685828 8.598593 0.032106 0.032259 0.081888 0.075267 0.032259 0.032096 0.032259 852650 856591
7 62.310000 60.320000 1000000 8.681998 8.584928 8.680583 8.594292 0.032106 0.032259 0.085858 0.079568 0.032259 0.032096 0.032259 856590 865169
7 62.310000 60.320000 1000000 8.681576 8.583853 8.680161 8.593216 0.032106 0.032259 0.084863 0.078492 0.032259 0.032097 0.032259 865160 888439
7 62.310000 60.320000 1000000 8.681385 8.582240 8.679869 8.590752 0.032107 0.032259 0.084366 0.077955 0.032259 0.032097 0.032259 888430 891609
7 62.310000 60.320000 1000000 8.679397 8.581165 8.677880 8.589677 0.032108 0.032259 0.083373 0.076880 0.032259 0.032098 0.032259 891600 927120
7 62.310000 60.320000 1000000 8.657751 8.563961 8.656223 8.572473 0.032106 0.032259 0.081396 0.074730 0.032259 0.032097 0.032259 927120 957280
7 62.310000 60.320000 1000000 8.647612 8.557509 8.646078 8.566021 0.032110 0.032259 0.077466 0.070430 0.032259 0.032100 0.032259 957280 969494
7 62.310000 60.320000 1000000 8.641227 8.553208 8.639690 8.561720 0.032113 0.032259 0.073578 0.066130 0.032259 0.032103 0.032259 969490 1000000
