29 62.310000 60.320000 1000000 11.102632 15.704970 11.079242 14.650703 0.023758 0.032258 0.219405 0.217020 0.032258 0.023743 0.032258 0 50
29 62.310000 60.320000 1000000 10.444234 14.194220 10.213580 13.769232 0.023744 0.032258 0.199122 0.196492 0.032258 0.023830 0.032258 50 61
29 62.310000 60.320000 1000000 10.332634 13.834005 10.053019 13.572264 0.023731 0.032258 0.213601 0.211151 0.032258 0.023847 0.032258 60 71
29 62.310000 60.320000 1000000 9.995636 13.745475 10.037893 13.548804 0.023827 0.032258 0.074774 0.067458 0.032258 0.023825 0.032258 70 84
29 62.310000 60.320000 1000000 9.969420 13.738306 10.009537 13.471581 0.023827 0.032258 0.074774 0.067458 0.032258 0.023824 0.032258 80 90
29 62.310000 60.320000 1000000 9.917668 13.729704 9.954467 13.406088 0.023825 0.032258 0.064393 0.055730 0.032258 0.023819 0.032258 90 105
29 62.310000 60.320000 1000000 9.827469 13.325045 9.819694 13.306137 0.023833 0.032258 0.047747 0.035202 0.032258 0.023830 0.032258 100 125
29 62.310000 60.320000 1000000 9.779886 13.318594 9.823817 13.308092 0.023830 0.032258 0.066947 0.058663 0.032258 0.023831 0.032258 120 137
29 62.310000 60.320000 1000000 9.751664 13.315009 9.793663 13.276567 0.023830 0.032258 0.061869 0.052794 0.032258 0.023829 0.032258 130 141
29 62.310000 60.320000 1000000 9.739669 13.257303 9.775554 13.263127 0.023830 0.032258 0.059386 0.049861 0.032258 0.023830 0.032258 140 174
29 62.310000 60.320000 1000000 9.733189 13.255870 9.769146 13.251397 0.023831 0.032258 0.059388 0.049863 0.032258 0.023830 0.032258 150 216
29 62.310000 60.320000 1000000 9.680408 13.079884 9.698287 13.187614 0.023831 0.032258 0.052221 0.041066 0.032258 0.023829 0.032258 160 170
29 62.310000 60.320000 1000000 9.651754 13.076300 9.660516 13.149491 0.023830 0.032258 0.056949 0.046932 0.032258 0.023827 0.032258 170 228
29 62.310000 60.320000 1000000 9.638878 13.073433 9.645743 13.121632 0.023830 0.032258 0.056949 0.046932 0.032258 0.023828 0.032258 210 227
29 62.310000 60.320000 1000000 9.597242 13.065547 9.589722 13.035123 0.023828 0.032258 0.093713 0.087986 0.032258 0.023824 0.032258 220 287
29 62.310000 60.320000 1000000 9.586136 13.064114 9.578589 13.023393 0.023828 0.032258 0.093711 0.087984 0.032258 0.023824 0.032258 250 262
29 62.310000 60.320000 1000000 9.569287 13.061246 9.561700 12.999933 0.023826 0.032258 0.110397 0.105579 0.032258 0.023823 0.032258 260 287
29 62.310000 60.320000 1000000 9.548612 13.056945 9.565141 13.005798 0.023827 0.032258 0.110381 0.105563 0.032258 0.023823 0.032258 270 364
29 62.310000 60.320000 1000000 9.507932 13.046551 9.528306 12.927353 0.023828 0.032258 0.080090 0.073306 0.032258 0.023824 0.032258 340 481
29 62.310000 60.320000 1000000 9.423800 12.859455 9.420697 12.740160 0.023829 0.032258 0.080103 0.073320 0.032258 0.023826 0.032258 420 679
29 62.310000 60.320000 1000000 9.414163 12.858021 9.411051 12.728430 0.023829 0.032258 0.069527 0.061590 0.032258 0.023826 0.032258 520 648
29 62.310000 60.320000 1000000 9.385501 12.741892 9.369637 12.695683 0.023831 0.032258 0.064387 0.055723 0.032258 0.023828 0.032258 640 785
29 62.310000 60.320000 1000000 9.348815 12.736157 9.332763 12.648762 0.023825 0.032258 0.080102 0.073319 0.032258 0.023823 0.032258 780 883
29 62.310000 60.320000 1000000 9.335692 12.732573 9.319630 12.621881 0.023826 0.032258 0.074773 0.067456 0.032258 0.023825 0.032258 880 1042
29 62.310000 60.320000 1000000 9.262768 12.612143 9.281485 12.592800 0.023828 0.032258 0.074775 0.067459 0.032258 0.023826 0.032258 1040 1114
29 62.310000 60.320000 1000000 9.260239 12.611426 9.278029 12.584735 0.023829 0.032258 0.074774 0.067458 0.032258 0.023827 0.032258 1110 1283
29 62.310000 60.320000 1000000 9.224998 12.438308 9.224339 12.544413 0.023829 0.032258 0.066945 0.058660 0.032258 0.023827 0.032258 1220 1555
29 62.310000 60.320000 1000000 9.216738 12.432574 9.217471 12.492605 0.023830 0.032258 0.072141 0.064527 0.032258 0.023827 0.032258 1410 1798
29 62.310000 60.320000 1000000 9.157679 12.423972 9.146611 12.411228 0.023829 0.032258 0.066946 0.058661 0.032258 0.023826 0.032258 1450 1805
29 62.310000 60.320000 1000000 9.030313 12.172359 9.013548 12.260447 0.023826 0.032258 0.132998 0.129026 0.032258 0.023824 0.032258 1800 2635
29 62.310000 60.320000 1000000 9.008514 12.170209 9.017186 12.263379 0.023827 0.032258 0.116007 0.111432 0.032258 0.023824 0.032258 2040 2605
29 62.310000 60.320000 1000000 8.970551 12.165908 9.003812 12.248717 0.023828 0.032258 0.116008 0.111433 0.032258 0.023824 0.032258 2520 2635
29 62.310000 60.320000 1000000 8.955648 12.154438 8.982856 12.108445 0.023827 0.032258 0.110401 0.105583 0.032258 0.023823 0.032258 2630 2847
29 62.310000 60.320000 1000000 8.951856 12.153721 8.979098 12.102580 0.023827 0.032258 0.110401 0.105583 0.032258 0.023823 0.032258 2840 3059
29 62.310000 60.320000 1000000 8.949138 12.153005 8.975394 12.094516 0.023827 0.032258 0.104806 0.099718 0.032258 0.023824 0.032258 3050 4525
29 62.310000 60.320000 1000000 8.782340 11.563758 8.755216 11.859180 0.023820 0.032258 0.056949 0.046932 0.032258 0.023813 0.032258 4520 5839
29 62.310000 60.320000 1000000 8.754538 11.447629 8.713280 11.824234 0.023815 0.032258 0.061872 0.052797 0.032258 0.023806 0.032258 5830 8189
29 62.310000 60.320000 1000000 8.643024 11.434009 8.565817 11.679806 0.023812 0.032258 0.116018 0.111443 0.032258 0.023807 0.032258 8180 8205
29 62.310000 60.320000 1000000 8.641384 11.433292 8.566098 11.680783 0.023812 0.032258 0.110398 0.105580 0.032258 0.023807 0.032258 8200 15095
29 62.310000 60.320000 1000000 8.058819 8.859460 7.689033 10.732838 0.023206 0.032258 0.443995 0.442822 0.032258 0.022985 0.032258 15090 26858
29 62.310000 60.320000 1000000 7.588071 8.803546 7.551217 10.581323 0.023121 0.032258 0.233916 0.231681 0.032258 0.023076 0.032258 23320 35973
29 62.310000 60.320000 1000000 7.565158 8.801396 7.527964 10.563728 0.023137 0.032258 0.222300 0.219947 0.032258 0.023093 0.032258 35310 40184
29 62.310000 60.320000 1000000 7.394104 8.772005 7.352859 10.321062 0.023092 0.032258 0.432294 0.431089 0.032258 0.023051 0.032258 40180 59628
29 62.310000 60.320000 1000000 7.038718 8.711791 7.032253 9.918817 0.023146 0.032258 0.502494 0.501457 0.032258 0.023106 0.032258 58920 83404
29 62.310000 60.320000 1000000 6.679342 8.369497 6.727437 9.658064 0.023171 0.032258 0.505417 0.504387 0.032258 0.023072 0.032258 83400 96959
29 62.310000 60.320000 1000000 6.675453 8.368780 6.723631 9.652199 0.023167 0.032258 0.511271 0.510252 0.032258 0.023068 0.032258 96950 100538
29 62.310000 60.320000 1000000 6.670857 8.368064 6.717444 9.644134 0.023160 0.032258 0.517124 0.516117 0.032258 0.023058 0.032258 100530 120300
29 62.310000 60.320000 1000000 6.524082 8.302833 6.571681 8.907599 0.023199 0.032258 0.335864 0.334311 0.032258 0.023180 0.032258 115440 180227
29 62.310000 60.320000 1000000 6.510462 8.300682 6.558355 8.890004 0.023185 0.032258 0.335864 0.334311 0.032258 0.023165 0.032258 119700 131766
29 62.310000 60.320000 1000000 6.415434 8.290646 6.465454 8.807893 0.023389 0.032258 0.260074 0.258065 0.032258 0.023355 0.032258 131760 172174
29 62.310000 60.320000 1000000 6.214991 8.257672 6.273472 8.551785 0.023613 0.032258 0.283370 0.281528 0.032258 0.023552 0.032258 140520 209083
29 62.310000 60.320000 1000000 5.971407 8.159106 6.015257 8.174957 0.023822 0.032258 0.090955 0.085042 0.032258 0.023824 0.032258 209080 306867
29 62.310000 60.320000 1000000 5.933832 8.152654 5.964550 8.102377 0.023824 0.032258 0.054548 0.043987 0.032258 0.023823 0.032258 261990 271209
29 62.310000 60.320000 1000000 5.931352 8.151938 5.961191 8.094312 0.023824 0.032258 0.049939 0.038122 0.032258 0.023823 0.032258 271200 306867
29 62.310000 60.320000 1000000 5.889888 7.978104 5.901325 8.048125 0.023827 0.032258 0.043595 0.029324 0.032258 0.023825 0.032258 306860 352620
29 62.310000 60.320000 1000000 5.886622 7.976670 5.901865 8.050080 0.023827 0.032258 0.052211 0.041054 0.032258 0.023825 0.032258 322280 374508
29 62.310000 60.320000 1000000 5.866323 7.973086 5.881725 8.020755 0.023829 0.032258 0.052211 0.041054 0.032258 0.023827 0.032258 374500 451895
29 62.310000 60.320000 1000000 5.863721 7.970935 5.877780 7.993874 0.023830 0.032258 0.047738 0.035189 0.032258 0.023828 0.032258 403500 512302
29 62.310000 60.320000 1000000 5.852734 7.968785 5.862765 7.969681 0.023830 0.032258 0.043595 0.029324 0.032258 0.023827 0.032258 512300 521450
29 62.310000 60.320000 1000000 5.840903 7.911079 5.844754 7.956240 0.023830 0.032258 0.041679 0.026392 0.032258 0.023827 0.032258 521450 602788
29 62.310000 60.320000 1000000 5.815717 7.851940 5.829272 7.944754 0.023828 0.032258 0.043594 0.029324 0.032258 0.023827 0.032258 602780 603503
29 62.310000 60.320000 1000000 5.810839 7.851223 5.824428 7.938889 0.023828 0.032258 0.043594 0.029324 0.032258 0.023827 0.032258 603500 643386
29 62.310000 60.320000 1000000 5.795267 7.848356 5.808965 7.915429 0.023830 0.032258 0.043593 0.029322 0.032258 0.023829 0.032258 643380 656348
29 62.310000 60.320000 1000000 5.792048 7.847639 5.805769 7.909564 0.023830 0.032258 0.043594 0.029324 0.032258 0.023829 0.032258 656340 697465
29 62.310000 60.320000 1000000 5.790745 7.846564 5.803791 7.896123 0.023831 0.032258 0.041678 0.026391 0.032258 0.023830 0.032258 697460 863171
29 62.310000 60.320000 1000000 5.785923 7.845847 5.799001 7.890258 0.023831 0.032258 0.038235 0.020527 0.032258 0.023830 0.032258 863170 1000000
29 62.310000 60.320000 1000000 5.785923 7.845847 5.799001 7.890258 0.023831 0.032258 0.038235 0.020527 0.032258 0.023830 0.032258 999990 1000000
