18 62.310000 60.320000 1000000 12.313094 16.478837 12.384040 17.044399 0.023804 0.032258 0.327107 0.325512 0.032258 0.023799 0.032258 0 50
18 62.310000 60.320000 1000000 8.478415 10.933657 8.468664 11.826933 0.023635 0.032258 0.104786 0.099697 0.032258 0.023637 0.032258 50 60
18 62.310000 60.320000 1000000 8.246348 10.731149 8.237466 11.566915 0.023597 0.032258 0.113189 0.108495 0.032258 0.023598 0.032258 60 70
18 62.310000 60.320000 1000000 8.169070 10.713945 8.141540 11.384610 0.023617 0.032258 0.233897 0.231662 0.032258 0.023636 0.032258 70 82
18 62.310000 60.320000 1000000 8.019768 10.614304 7.969270 10.925671 0.023698 0.032258 0.286280 0.284457 0.032258 0.023732 0.032258 80 93
18 62.310000 60.320000 1000000 7.725635 10.227926 7.653719 10.515850 0.023732 0.032258 0.262983 0.260997 0.032258 0.023797 0.032258 90 101
18 62.310000 60.320000 1000000 7.484726 10.129360 7.436218 10.236769 0.023775 0.032258 0.133004 0.129033 0.032258 0.023818 0.032258 100 111
18 62.310000 60.320000 1000000 7.460097 10.125059 7.419052 10.210865 0.023776 0.032258 0.127324 0.123170 0.032258 0.023816 0.032258 110 125
18 62.310000 60.320000 1000000 7.444302 10.114665 7.394852 10.081835 0.023785 0.032258 0.153002 0.149563 0.032258 0.023832 0.032258 120 138
18 62.310000 60.320000 1000000 7.432583 10.056959 7.376562 10.068394 0.023784 0.032258 0.150136 0.146630 0.032258 0.023833 0.032258 130 144
18 62.310000 60.320000 1000000 7.423356 10.054809 7.366201 10.048599 0.023783 0.032258 0.155870 0.152495 0.032258 0.023833 0.032258 140 159
18 62.310000 60.320000 1000000 7.381048 10.042622 7.363925 10.056175 0.023821 0.032258 0.072135 0.064520 0.032258 0.023825 0.032258 150 182
18 62.310000 60.320000 1000000 7.379083 10.041906 7.364255 10.057152 0.023822 0.032258 0.066940 0.058655 0.032258 0.023825 0.032258 180 197
18 62.310000 60.320000 1000000 7.377685 10.040830 7.362107 10.043712 0.023823 0.032258 0.069524 0.061588 0.032258 0.023826 0.032258 190 235
18 62.310000 60.320000 1000000 7.348281 10.036529 7.332514 10.008521 0.023818 0.032258 0.074768 0.067451 0.032258 0.023822 0.032258 210 256
18 62.310000 60.320000 1000000 7.333888 10.030436 7.332553 10.001923 0.023825 0.032258 0.056933 0.046913 0.032258 0.023822 0.032258 250 306
18 62.310000 60.320000 1000000 7.332161 10.029719 7.332841 10.002900 0.023826 0.032258 0.056933 0.046913 0.032258 0.023822 0.032258 300 402
18 62.310000 60.320000 1000000 7.313200 10.026852 7.328519 9.988727 0.023826 0.032258 0.056935 0.046915 0.032258 0.023822 0.032258 400 480
18 62.310000 60.320000 1000000 7.269572 9.852301 7.266089 9.936674 0.023827 0.032258 0.049937 0.038120 0.032258 0.023824 0.032258 480 546
18 62.310000 60.320000 1000000 7.221585 9.836889 7.240309 9.784674 0.023828 0.032258 0.072137 0.064522 0.032258 0.023830 0.032258 540 649
18 62.310000 60.320000 1000000 7.163956 9.548359 7.152398 9.717470 0.023825 0.032258 0.064387 0.055723 0.032258 0.023825 0.032258 550 632
18 62.310000 60.320000 1000000 7.091089 9.479901 7.059204 9.600657 0.023823 0.032258 0.099232 0.093843 0.032258 0.023825 0.032258 630 1051
18 62.310000 60.320000 1000000 7.069892 9.472733 7.047154 9.566934 0.023828 0.032258 0.088220 0.082111 0.032258 0.023825 0.032258 740 1019
18 62.310000 60.320000 1000000 7.068174 9.472016 7.047442 9.567911 0.023828 0.032258 0.082792 0.076250 0.032258 0.023825 0.032258 1010 1045
18 62.310000 60.320000 1000000 7.058331 9.469865 7.039502 9.557158 0.023829 0.032258 0.072136 0.064521 0.032258 0.023826 0.032258 1040 1051
18 62.310000 60.320000 1000000 7.051265 9.469148 7.040687 9.558136 0.023829 0.032258 0.066941 0.058656 0.032258 0.023826 0.032258 1050 1136
18 62.310000 60.320000 1000000 7.032704 9.466998 7.038201 9.554226 0.023828 0.032258 0.072136 0.064522 0.032258 0.023826 0.032258 1130 1839
18 62.310000 60.320000 1000000 7.022734 9.464130 7.024514 9.521968 0.023830 0.032258 0.066938 0.058653 0.032258 0.023828 0.032258 1150 1245
18 62.310000 60.320000 1000000 7.006797 9.459829 7.016246 9.514148 0.023830 0.032258 0.072128 0.064513 0.032258 0.023828 0.032258 1180 1218
18 62.310000 60.320000 1000000 7.005234 9.459112 7.016505 9.515125 0.023830 0.032258 0.077419 0.070378 0.032258 0.023828 0.032258 1210 1245
18 62.310000 60.320000 1000000 7.002840 9.458396 7.013230 9.507061 0.023830 0.032258 0.072128 0.064513 0.032258 0.023828 0.032258 1240 1839
18 62.310000 60.320000 1000000 6.942961 9.337966 6.941301 9.439124 0.023833 0.032258 0.043593 0.029321 0.032258 0.023830 0.032258 1700 2315
18 62.310000 60.320000 1000000 6.938958 9.337249 6.937296 9.433259 0.023833 0.032258 0.039886 0.023459 0.032258 0.023830 0.032258 2310 2737
18 62.310000 60.320000 1000000 6.936546 9.336532 6.933975 9.425194 0.023833 0.032258 0.036744 0.017595 0.032258 0.023830 0.032258 2730 2779
18 62.310000 60.320000 1000000 6.931067 9.335815 6.928490 9.419329 0.023833 0.032258 0.039886 0.023459 0.032258 0.023830 0.032258 2770 2825
18 62.310000 60.320000 1000000 6.924677 9.335099 6.919691 9.411264 0.023833 0.032258 0.036744 0.017594 0.032258 0.023830 0.032258 2820 4556
18 62.310000 60.320000 1000000 6.904484 9.329722 6.905747 9.360191 0.023833 0.032258 0.035437 0.014671 0.032258 0.023831 0.032258 4550 10082
18 62.310000 60.320000 1000000 6.881092 9.326855 6.877624 9.332331 0.023832 0.032258 0.035437 0.014669 0.032258 0.023830 0.032258 6000 10585
18 62.310000 60.320000 1000000 6.857928 9.211443 6.842085 9.305450 0.023832 0.032258 0.038238 0.020533 0.032258 0.023829 0.032258 7250 12828
18 62.310000 60.320000 1000000 6.849047 9.208576 6.838795 9.302517 0.023832 0.032258 0.049937 0.038120 0.032258 0.023829 0.032258 12820 18287
18 62.310000 60.320000 1000000 6.812182 9.204275 6.841112 9.299340 0.023829 0.032258 0.059379 0.049852 0.032258 0.023830 0.032258 18280 22291
18 62.310000 60.320000 1000000 6.777167 9.143702 6.795731 9.258040 0.023828 0.032258 0.056939 0.046920 0.032258 0.023827 0.032258 22290 38455
18 62.310000 60.320000 1000000 6.753854 9.140117 6.772610 9.228715 0.023826 0.032258 0.066937 0.058651 0.032258 0.023825 0.032258 25560 36175
18 62.310000 60.320000 1000000 6.709055 9.020405 6.715940 9.166643 0.023829 0.032258 0.061861 0.052784 0.032258 0.023825 0.032258 30100 32845
18 62.310000 60.320000 1000000 6.705853 9.019688 6.712748 9.160778 0.023829 0.032258 0.066935 0.058649 0.032258 0.023825 0.032258 32840 36175
18 62.310000 60.320000 1000000 6.696271 9.017537 6.701290 9.138784 0.023829 0.032258 0.061861 0.052784 0.032258 0.023826 0.032258 36170 38910
18 62.310000 60.320000 1000000 6.687275 9.014670 6.688539 9.103838 0.023830 0.032258 0.052211 0.041054 0.032258 0.023827 0.032258 38910 41759
18 62.310000 60.320000 1000000 6.684795 9.013953 6.685130 9.095774 0.023831 0.032258 0.052208 0.041050 0.032258 0.023828 0.032258 41750 43943
18 62.310000 60.320000 1000000 6.678515 9.013236 6.676492 9.087709 0.023830 0.032258 0.052208 0.041050 0.032258 0.023828 0.032258 43940 61117
18 62.310000 60.320000 1000000 6.634598 9.005351 6.659482 9.055207 0.023829 0.032258 0.072129 0.064514 0.032258 0.023829 0.032258 61110 66755
18 62.310000 60.320000 1000000 6.633299 9.004276 6.657520 9.041767 0.023830 0.032258 0.069519 0.061581 0.032258 0.023829 0.032258 66750 71591
18 62.310000 60.320000 1000000 6.597411 8.830083 6.603060 8.988004 0.023828 0.032258 0.059378 0.049851 0.032258 0.023825 0.032258 71590 74515
18 62.310000 60.320000 1000000 6.595759 8.829366 6.603335 8.988981 0.023828 0.032258 0.064381 0.055716 0.032258 0.023825 0.032258 74510 78996
18 62.310000 60.320000 1000000 6.577880 8.826499 6.585518 8.965521 0.023830 0.032258 0.045620 0.032258 0.032258 0.023827 0.032258 78990 85616
18 62.310000 60.320000 1000000 6.567262 8.824348 6.573081 8.943527 0.023831 0.032258 0.041677 0.026389 0.032258 0.023828 0.032258 85610 99550
18 62.310000 60.320000 1000000 6.546166 8.821481 6.552041 8.920066 0.023830 0.032258 0.049935 0.038117 0.032258 0.023827 0.032258 99550 107809
18 62.310000 60.320000 1000000 6.538733 8.817180 6.548940 8.896118 0.023831 0.032258 0.054547 0.043987 0.032258 0.023828 0.032258 102850 109478
18 62.310000 60.320000 1000000 6.518462 8.812520 6.528104 8.853353 0.023828 0.032258 0.072130 0.064515 0.032258 0.023825 0.032258 109470 124476
18 62.310000 60.320000 1000000 6.517232 8.811445 6.526232 8.839912 0.023829 0.032258 0.069520 0.061583 0.032258 0.023825 0.032258 124470 146618
18 62.310000 60.320000 1000000 6.468669 8.805710 6.530425 8.838690 0.023817 0.032258 0.102009 0.096774 0.032258 0.023828 0.032258 146610 244049
18 62.310000 60.320000 1000000 6.445183 8.690299 6.495462 8.811809 0.023817 0.032258 0.096463 0.090909 0.032258 0.023825 0.032258 148410 187426
18 62.310000 60.320000 1000000 6.406905 8.629725 6.442141 8.766110 0.023822 0.032258 0.072131 0.064516 0.032258 0.023827 0.032258 187420 244049
18 62.310000 60.320000 1000000 6.369445 8.623991 6.395051 8.708192 0.023823 0.032258 0.066935 0.058649 0.032258 0.023826 0.032258 244040 416963
18 62.310000 60.320000 1000000 6.293357 8.444421 6.299551 8.610685 0.023825 0.032258 0.054546 0.043985 0.032258 0.023824 0.032258 416960 534810
18 62.310000 60.320000 1000000 6.285746 8.437970 6.287946 8.530043 0.023827 0.032258 0.064385 0.055721 0.032258 0.023827 0.032258 430810 503632
18 62.310000 60.320000 1000000 6.281106 8.435461 6.286731 8.518557 0.023828 0.032258 0.056945 0.046928 0.032258 0.023827 0.032258 503630 733763
18 62.310000 60.320000 1000000 6.267957 8.434027 6.288909 8.520512 0.023824 0.032258 0.066943 0.058658 0.032258 0.023827 0.032258 515200 733832
18 62.310000 60.320000 1000000 6.201976 8.144064 6.194208 8.441578 0.023810 0.032258 0.074770 0.067454 0.032258 0.023805 0.032258 538630 606451
18 62.310000 60.320000 1000000 6.196577 8.143348 6.188789 8.435713 0.023809 0.032258 0.080102 0.073319 0.032258 0.023804 0.032258 606450 733832
18 62.310000 60.320000 1000000 6.191393 8.141914 6.181630 8.419584 0.023811 0.032258 0.090958 0.085045 0.032258 0.023806 0.032258 613080 1000000
18 62.310000 60.320000 1000000 6.128327 8.130444 6.114615 8.328431 0.023825 0.032258 0.059381 0.049855 0.032258 0.023821 0.032258 999990 1000000
