5 62.310000 60.320000 1000000 12.589515 17.123288 12.602930 17.070792 0.023821 0.032258 0.152998 0.149559 0.032258 0.023816 0.032258 0 50
5 62.310000 60.320000 1000000 8.785175 11.028639 8.830739 12.195700 0.023687 0.032258 0.096454 0.090900 0.032258 0.023701 0.032258 50 60
5 62.310000 60.320000 1000000 8.583812 10.890288 8.582872 11.949123 0.023626 0.032258 0.107582 0.102632 0.032258 0.023631 0.032258 60 73
5 62.310000 60.320000 1000000 8.420983 10.867349 8.422953 11.756797 0.023611 0.032258 0.107590 0.102640 0.032258 0.023621 0.032258 70 84
5 62.310000 60.320000 1000000 8.071797 10.687781 8.111131 11.346486 0.023753 0.032258 0.213589 0.211139 0.032258 0.023732 0.032258 80 98
5 62.310000 60.320000 1000000 7.969306 10.336527 8.018974 11.263642 0.023714 0.032258 0.225192 0.222870 0.032258 0.023696 0.032258 90 101
5 62.310000 60.320000 1000000 7.659199 10.223983 7.675643 10.719903 0.023746 0.032258 0.138696 0.134892 0.032258 0.023730 0.032258 100 111
5 62.310000 60.320000 1000000 7.638021 10.211439 7.645429 10.566191 0.023759 0.032258 0.113204 0.108510 0.032258 0.023750 0.032258 110 130
5 62.310000 60.320000 1000000 7.578277 10.199252 7.574922 10.446690 0.023796 0.032258 0.064389 0.055725 0.032258 0.023796 0.032258 130 142
5 62.310000 60.320000 1000000 7.544383 10.135812 7.526375 10.368733 0.023806 0.032258 0.072134 0.064520 0.032258 0.023810 0.032258 140 151
5 62.310000 60.320000 1000000 7.526455 10.132944 7.506064 10.343073 0.023805 0.032258 0.077425 0.070385 0.032258 0.023809 0.032258 150 190
5 62.310000 60.320000 1000000 7.486498 10.108572 7.476811 10.137799 0.023821 0.032258 0.077428 0.070389 0.032258 0.023818 0.032258 160 183
5 62.310000 60.320000 1000000 7.485369 10.107497 7.475080 10.124359 0.023821 0.032258 0.080104 0.073321 0.032258 0.023818 0.032258 180 190
5 62.310000 60.320000 1000000 7.478433 10.106780 7.476239 10.125336 0.023821 0.032258 0.080104 0.073321 0.032258 0.023818 0.032258 190 225
5 62.310000 60.320000 1000000 7.425088 10.096744 7.423346 10.057155 0.023824 0.032258 0.074770 0.067454 0.032258 0.023820 0.032258 220 458
5 62.310000 60.320000 1000000 7.406577 10.093160 7.404822 10.027829 0.023825 0.032258 0.080103 0.073321 0.032258 0.023820 0.032258 400 437
5 62.310000 60.320000 1000000 7.383783 10.086709 7.377781 9.959160 0.023827 0.032258 0.064388 0.055725 0.032258 0.023823 0.032258 430 480
5 62.310000 60.320000 1000000 7.369968 10.079899 7.378199 9.953540 0.023826 0.032258 0.066942 0.058657 0.032258 0.023823 0.032258 480 597
5 62.310000 60.320000 1000000 7.352715 10.074881 7.354525 9.897088 0.023828 0.032258 0.052219 0.041064 0.032258 0.023825 0.032258 510 559
5 62.310000 60.320000 1000000 7.314421 9.901046 7.296178 9.848701 0.023831 0.032258 0.054554 0.043995 0.032258 0.023829 0.032258 550 622
5 62.310000 60.320000 1000000 7.183351 9.877749 7.197861 9.678860 0.023824 0.032258 0.088229 0.082120 0.032258 0.023819 0.032258 620 928
5 62.310000 60.320000 1000000 7.070719 9.411801 7.034047 9.533943 0.023826 0.032258 0.066943 0.058658 0.032258 0.023824 0.032258 920 1509
5 62.310000 60.320000 1000000 7.037616 9.408217 7.010677 9.511705 0.023826 0.032258 0.072138 0.064523 0.032258 0.023823 0.032258 1150 1531
5 62.310000 60.320000 1000000 7.010817 9.404632 6.983565 9.482379 0.023831 0.032258 0.052217 0.041061 0.032258 0.023829 0.032258 1530 1827
5 62.310000 60.320000 1000000 7.003607 9.403916 6.984779 9.483357 0.023832 0.032258 0.047743 0.035196 0.032258 0.023829 0.032258 1820 2234
5 62.310000 60.320000 1000000 6.983860 9.401765 6.981431 9.479447 0.023832 0.032258 0.036749 0.017603 0.032258 0.023829 0.032258 2230 2785
5 62.310000 60.320000 1000000 6.979928 9.401048 6.977494 9.473582 0.023832 0.032258 0.039892 0.023468 0.032258 0.023829 0.032258 2780 2844
5 62.310000 60.320000 1000000 6.977459 9.400331 6.974095 9.465517 0.023832 0.032258 0.039890 0.023466 0.032258 0.023830 0.032258 2840 2868
5 62.310000 60.320000 1000000 6.974234 9.399615 6.970865 9.459652 0.023832 0.032258 0.039889 0.023465 0.032258 0.023830 0.032258 2860 3325
5 62.310000 60.320000 1000000 6.962787 9.341909 6.953329 9.446211 0.023831 0.032258 0.041681 0.026396 0.032258 0.023829 0.032258 3320 3916
5 62.310000 60.320000 1000000 6.961128 9.341192 6.953607 9.447189 0.023832 0.032258 0.038239 0.020534 0.032258 0.023829 0.032258 3910 4475
5 62.310000 60.320000 1000000 6.956274 9.340475 6.948737 9.441324 0.023832 0.032258 0.038239 0.020534 0.032258 0.023829 0.032258 4470 4485
5 62.310000 60.320000 1000000 6.950613 9.339758 6.943058 9.435458 0.023833 0.032258 0.035437 0.014669 0.032258 0.023830 0.032258 4480 5051
5 62.310000 60.320000 1000000 6.943654 9.339041 6.944219 9.436436 0.023832 0.032258 0.035437 0.014671 0.032258 0.023830 0.032258 5050 5560
5 62.310000 60.320000 1000000 6.941197 9.338324 6.940840 9.428371 0.023832 0.032258 0.035436 0.014668 0.032258 0.023830 0.032258 5560 6141
5 62.310000 60.320000 1000000 6.937575 9.335099 6.935303 9.388050 0.023833 0.032258 0.039890 0.023466 0.032258 0.023830 0.032258 5620 9444
5 62.310000 60.320000 1000000 6.923989 9.333665 6.937562 9.390005 0.023831 0.032258 0.047742 0.035196 0.032258 0.023830 0.032258 7260 10010
5 62.310000 60.320000 1000000 6.907420 9.331515 6.921091 9.372410 0.023831 0.032258 0.056944 0.046926 0.032258 0.023830 0.032258 7770 10572
5 62.310000 60.320000 1000000 6.863836 9.325780 6.866231 9.314492 0.023829 0.032258 0.052213 0.041056 0.032258 0.023826 0.032258 10570 15030
5 62.310000 60.320000 1000000 6.859076 9.325063 6.861477 9.308627 0.023829 0.032258 0.052214 0.041057 0.032258 0.023826 0.032258 15030 16128
5 62.310000 60.320000 1000000 6.837988 9.265923 6.834146 9.283456 0.023828 0.032258 0.059381 0.049855 0.032258 0.023826 0.032258 16120 16212
5 62.310000 60.320000 1000000 6.836271 9.265207 6.834432 9.284434 0.023829 0.032258 0.054553 0.043994 0.032258 0.023826 0.032258 16210 21653
5 62.310000 60.320000 1000000 6.827204 9.261622 6.832050 9.280279 0.023830 0.032258 0.059378 0.049852 0.032258 0.023826 0.032258 21650 21710
5 62.310000 60.320000 1000000 6.823081 9.260905 6.827935 9.274414 0.023830 0.032258 0.059378 0.049852 0.032258 0.023827 0.032258 21710 28901
5 62.310000 60.320000 1000000 6.802197 9.255888 6.805238 9.228960 0.023831 0.032258 0.069518 0.061580 0.032258 0.023828 0.032258 23930 25046
5 62.310000 60.320000 1000000 6.799791 9.255171 6.801933 9.220895 0.023831 0.032258 0.064380 0.055715 0.032258 0.023828 0.032258 25040 28901
5 62.310000 60.320000 1000000 6.795703 9.254454 6.797849 9.215030 0.023832 0.032258 0.059377 0.049850 0.032258 0.023828 0.032258 28900 42100
5 62.310000 60.320000 1000000 6.704870 9.017179 6.681770 9.108481 0.023830 0.032258 0.049937 0.038120 0.032258 0.023829 0.032258 42100 45144
5 62.310000 60.320000 1000000 6.669749 9.013595 6.687630 9.113369 0.023830 0.032258 0.049939 0.038122 0.032258 0.023829 0.032258 44010 60059
5 62.310000 60.320000 1000000 6.660115 9.011444 6.679550 9.107259 0.023830 0.032258 0.054548 0.043987 0.032258 0.023829 0.032258 60050 69529
5 62.310000 60.320000 1000000 6.637142 8.896032 6.644665 9.080378 0.023829 0.032258 0.049939 0.038122 0.032258 0.023825 0.032258 60080 93956
5 62.310000 60.320000 1000000 6.632119 8.894599 6.637779 9.064249 0.023829 0.032258 0.041679 0.026393 0.032258 0.023826 0.032258 68340 102382
5 62.310000 60.320000 1000000 6.615577 8.892448 6.616589 9.042255 0.023829 0.032258 0.041679 0.026392 0.032258 0.023826 0.032258 102380 120677
5 62.310000 60.320000 1000000 6.592460 8.832592 6.587458 9.011219 0.023828 0.032258 0.056938 0.046919 0.032258 0.023823 0.032258 120670 122240
5 62.310000 60.320000 1000000 6.577397 8.824348 6.565299 8.909071 0.023829 0.032258 0.059383 0.049858 0.032258 0.023826 0.032258 122240 144547
5 62.310000 60.320000 1000000 6.555031 8.818614 6.552246 8.896364 0.023830 0.032258 0.069518 0.061581 0.032258 0.023827 0.032258 144540 279085
5 62.310000 60.320000 1000000 6.493147 8.698184 6.510490 8.855797 0.023826 0.032258 0.069520 0.061583 0.032258 0.023825 0.032258 279080 282392
5 62.310000 60.320000 1000000 6.489907 8.697467 6.507276 8.849932 0.023826 0.032258 0.069520 0.061583 0.032258 0.023825 0.032258 282390 307372
5 62.310000 60.320000 1000000 6.471013 8.694600 6.488533 8.826471 0.023829 0.032258 0.059380 0.049854 0.032258 0.023827 0.032258 307370 426970
5 62.310000 60.320000 1000000 6.448582 8.579188 6.454448 8.799590 0.023825 0.032258 0.059379 0.049852 0.032258 0.023820 0.032258 315770 527515
5 62.310000 60.320000 1000000 6.367377 8.567718 6.377851 8.706237 0.023825 0.032258 0.069520 0.061583 0.032258 0.023822 0.032258 499900 512535
5 62.310000 60.320000 1000000 6.362153 8.567002 6.372653 8.700372 0.023824 0.032258 0.074765 0.067448 0.032258 0.023821 0.032258 512530 576991
5 62.310000 60.320000 1000000 6.352257 8.564134 6.368446 8.697439 0.023825 0.032258 0.085497 0.079178 0.032258 0.023822 0.032258 576990 709906
5 62.310000 60.320000 1000000 6.293974 8.549798 6.314623 8.559124 0.023827 0.032258 0.069527 0.061590 0.032258 0.023824 0.032258 709900 716610
5 62.310000 60.320000 1000000 6.290181 8.549081 6.310867 8.553259 0.023826 0.032258 0.074772 0.067455 0.032258 0.023823 0.032258 716610 822699
5 62.310000 60.320000 1000000 6.206423 8.198544 6.185319 8.424227 0.023823 0.032258 0.054554 0.043995 0.032258 0.023817 0.032258 799270 1000000
5 62.310000 60.320000 1000000 6.197046 8.197111 6.175845 8.412497 0.023822 0.032258 0.059384 0.049859 0.032258 0.023816 0.032258 999990 1000000
