8 62.310000 60.320000 1000000 12.879878 17.725444 12.841961 17.313708 0.023815 0.032258 0.130161 0.126100 0.032258 0.023815 0.032258 0 50
8 62.310000 60.320000 1000000 9.234378 12.116448 9.236186 12.720134 0.023759 0.032258 0.110387 0.105569 0.032258 0.023751 0.032258 50 61
8 62.310000 60.320000 1000000 9.194315 12.107846 9.202250 12.647309 0.023772 0.032258 0.133009 0.129038 0.032258 0.023767 0.032258 60 71
8 62.310000 60.320000 1000000 9.085404 12.089208 9.103093 12.499950 0.023803 0.032258 0.077432 0.070392 0.032258 0.023803 0.032258 70 81
8 62.310000 60.320000 1000000 8.983759 12.064477 8.993267 12.263393 0.023823 0.032258 0.085501 0.079182 0.032258 0.023825 0.032258 80 93
8 62.310000 60.320000 1000000 8.964527 12.061610 8.973907 12.244576 0.023823 0.032258 0.080098 0.073315 0.032258 0.023824 0.032258 90 109
8 62.310000 60.320000 1000000 8.946279 12.057309 8.951736 12.200588 0.023825 0.032258 0.090957 0.085045 0.032258 0.023827 0.032258 100 120
8 62.310000 60.320000 1000000 8.932398 12.052291 8.950316 12.200588 0.023828 0.032258 0.074763 0.067446 0.032258 0.023827 0.032258 120 187
8 62.310000 60.320000 1000000 8.911711 12.044047 8.931366 12.110169 0.023830 0.032258 0.077423 0.070383 0.032258 0.023830 0.032258 180 214
8 62.310000 60.320000 1000000 8.842255 11.976306 8.856171 12.014618 0.023827 0.032258 0.080099 0.073317 0.032258 0.023826 0.032258 210 313
8 62.310000 60.320000 1000000 8.809118 11.858027 8.807161 11.955478 0.023828 0.032258 0.074768 0.067452 0.032258 0.023826 0.032258 240 256
8 62.310000 60.320000 1000000 8.802033 11.855876 8.797409 11.931285 0.023827 0.032258 0.080100 0.073318 0.032258 0.023826 0.032258 250 313
8 62.310000 60.320000 1000000 8.474406 11.515734 8.594763 11.708656 0.023780 0.032258 0.365058 0.363630 0.032258 0.023796 0.032258 290 323
8 62.310000 60.320000 1000000 8.469651 11.515018 8.590205 11.702791 0.023778 0.032258 0.370900 0.369495 0.032258 0.023793 0.032258 320 410
8 62.310000 60.320000 1000000 8.308082 11.489928 8.375360 11.420535 0.023787 0.032258 0.184654 0.181814 0.032258 0.023786 0.032258 340 426
8 62.310000 60.320000 1000000 8.148366 10.943336 8.141684 10.970150 0.023798 0.032258 0.107596 0.102647 0.032258 0.023795 0.032258 420 468
8 62.310000 60.320000 1000000 8.102676 10.938318 8.149243 10.976992 0.023787 0.032258 0.130168 0.126108 0.032258 0.023797 0.032258 440 516
8 62.310000 60.320000 1000000 8.085627 10.934017 8.132487 10.941802 0.023781 0.032258 0.164490 0.161296 0.032258 0.023790 0.032258 460 545
8 62.310000 60.320000 1000000 7.907653 10.230435 7.883812 10.666388 0.023749 0.032258 0.184662 0.181823 0.032258 0.023737 0.032258 500 529
8 62.310000 60.320000 1000000 7.897691 10.172729 7.868438 10.652947 0.023744 0.032258 0.187550 0.184755 0.032258 0.023729 0.032258 520 536
8 62.310000 60.320000 1000000 7.892596 10.172013 7.863286 10.647082 0.023747 0.032258 0.187550 0.184755 0.032258 0.023733 0.032258 530 545
8 62.310000 60.320000 1000000 7.810043 10.156959 7.771034 10.506320 0.023771 0.032258 0.187548 0.184753 0.032258 0.023759 0.032258 540 685
8 62.310000 60.320000 1000000 7.750914 10.149790 7.710996 10.447669 0.023808 0.032258 0.130162 0.126102 0.032258 0.023800 0.032258 550 1216
8 62.310000 60.320000 1000000 7.639930 10.133303 7.631600 10.365558 0.023824 0.032258 0.054551 0.043992 0.032258 0.023820 0.032258 950 2311
8 62.310000 60.320000 1000000 7.569877 10.123267 7.554027 10.276849 0.023828 0.032258 0.064386 0.055722 0.032258 0.023825 0.032258 1170 2719
8 62.310000 60.320000 1000000 7.557189 10.120400 7.541259 10.253389 0.023828 0.032258 0.074766 0.067449 0.032258 0.023825 0.032258 1680 2910
8 62.310000 60.320000 1000000 7.517951 10.110723 7.520268 10.190095 0.023831 0.032258 0.056942 0.046923 0.032258 0.023828 0.032258 2540 3389
8 62.310000 60.320000 1000000 7.493196 10.107855 7.486198 10.157837 0.023830 0.032258 0.066938 0.058652 0.032258 0.023827 0.032258 3320 3378
8 62.310000 60.320000 1000000 7.487263 10.107138 7.478014 10.149773 0.023828 0.032258 0.072132 0.064518 0.032258 0.023825 0.032258 3370 3389
8 62.310000 60.320000 1000000 7.484144 10.106422 7.474883 10.143908 0.023828 0.032258 0.077423 0.070383 0.032258 0.023825 0.032258 3380 3818
8 62.310000 60.320000 1000000 7.478283 10.105705 7.469001 10.138043 0.023829 0.032258 0.072132 0.064518 0.032258 0.023826 0.032258 3810 4737
8 62.310000 60.320000 1000000 7.455236 10.046565 7.439693 10.112872 0.023830 0.032258 0.064383 0.055718 0.032258 0.023827 0.032258 4730 7691
8 62.310000 60.320000 1000000 7.414562 10.040114 7.398760 10.060086 0.023831 0.032258 0.054550 0.043991 0.032258 0.023829 0.032258 6680 9005
8 62.310000 60.320000 1000000 7.378614 9.976673 7.354972 9.990438 0.023830 0.032258 0.061865 0.052789 0.032258 0.023829 0.032258 9000 9978
8 62.310000 60.320000 1000000 7.367999 9.974522 7.356754 9.993371 0.023831 0.032258 0.052218 0.041063 0.032258 0.023829 0.032258 9970 11153
8 62.310000 60.320000 1000000 7.365494 9.973806 7.353292 9.985306 0.023832 0.032258 0.047743 0.035198 0.032258 0.023829 0.032258 11150 11656
8 62.310000 60.320000 1000000 7.352402 9.967713 7.345376 9.919082 0.023832 0.032258 0.054555 0.043996 0.032258 0.023829 0.032258 11650 12878
8 62.310000 60.320000 1000000 7.346890 9.966996 7.339848 9.913217 0.023832 0.032258 0.049946 0.038131 0.032258 0.023829 0.032258 12870 13924
8 62.310000 60.320000 1000000 7.335161 9.909290 7.321854 9.899776 0.023832 0.032258 0.052218 0.041062 0.032258 0.023829 0.032258 13920 16220
8 62.310000 60.320000 1000000 7.330224 9.907856 7.315026 9.883647 0.023832 0.032258 0.056943 0.046925 0.032258 0.023830 0.032258 15000 17729
8 62.310000 60.320000 1000000 7.236501 9.890652 7.281510 9.811800 0.023827 0.032258 0.077426 0.070386 0.032258 0.023829 0.032258 17310 28479
8 62.310000 60.320000 1000000 7.212601 9.775240 7.245582 9.784918 0.023828 0.032258 0.072135 0.064521 0.032258 0.023829 0.032258 18370 20866
8 62.310000 60.320000 1000000 7.200915 9.717534 7.227949 9.771477 0.023828 0.032258 0.069525 0.061588 0.032258 0.023828 0.032258 20860 28479
8 62.310000 60.320000 1000000 7.146707 9.598538 7.164966 9.717714 0.023828 0.032258 0.059384 0.049858 0.032258 0.023828 0.032258 28470 29263
8 62.310000 60.320000 1000000 7.110081 9.528646 7.117744 9.567424 0.023826 0.032258 0.077423 0.070383 0.032258 0.023824 0.032258 29260 36217
8 62.310000 60.320000 1000000 7.072010 9.524345 7.124010 9.573289 0.023812 0.032258 0.110391 0.105573 0.032258 0.023827 0.032258 31720 34025
8 62.310000 60.320000 1000000 7.062724 9.522195 7.125520 9.576222 0.023809 0.032258 0.104796 0.099708 0.032258 0.023827 0.032258 34020 36217
8 62.310000 60.320000 1000000 7.002789 9.513951 7.047905 9.486536 0.023810 0.032258 0.102012 0.096777 0.032258 0.023823 0.032258 36210 37220
8 62.310000 60.320000 1000000 6.998643 9.513234 7.043838 9.480671 0.023811 0.032258 0.102012 0.096777 0.032258 0.023823 0.032258 37220 40122
8 62.310000 60.320000 1000000 6.973399 9.509650 7.016723 9.453789 0.023811 0.032258 0.090962 0.085050 0.032258 0.023820 0.032258 40120 44873
8 62.310000 60.320000 1000000 6.968269 9.508933 7.011687 9.447924 0.023812 0.032258 0.085504 0.079186 0.032258 0.023821 0.032258 44870 50002
8 62.310000 60.320000 1000000 6.948728 9.503915 6.997202 9.425197 0.023813 0.032258 0.090965 0.085053 0.032258 0.023821 0.032258 50000 62443
8 62.310000 60.320000 1000000 6.919063 9.499256 6.967575 9.382431 0.023816 0.032258 0.093711 0.087984 0.032258 0.023821 0.032258 62440 63081
8 62.310000 60.320000 1000000 6.916580 9.498539 6.964230 9.374366 0.023816 0.032258 0.093711 0.087984 0.032258 0.023822 0.032258 63080 65166
8 62.310000 60.320000 1000000 6.911426 9.497822 6.959182 9.368501 0.023818 0.032258 0.088228 0.082119 0.032258 0.023823 0.032258 65160 81184
8 62.310000 60.320000 1000000 6.862979 9.376676 6.897110 9.290300 0.023822 0.032258 0.093706 0.087979 0.032258 0.023825 0.032258 74960 100205
8 62.310000 60.320000 1000000 6.779585 9.137967 6.800949 9.213076 0.023827 0.032258 0.072129 0.064514 0.032258 0.023827 0.032258 89660 131801
8 62.310000 60.320000 1000000 6.767187 9.135816 6.788668 9.195481 0.023829 0.032258 0.072129 0.064514 0.032258 0.023829 0.032258 92790 103032
8 62.310000 60.320000 1000000 6.746862 9.132949 6.768536 9.172021 0.023828 0.032258 0.082789 0.076246 0.032258 0.023827 0.032258 103030 133465
8 62.310000 60.320000 1000000 6.741875 9.131515 6.761741 9.155892 0.023829 0.032258 0.072131 0.064515 0.032258 0.023828 0.032258 109520 128546
8 62.310000 60.320000 1000000 6.670382 8.950513 6.666226 9.035658 0.023820 0.032258 0.107584 0.102634 0.032258 0.023816 0.032258 114570 164090
8 62.310000 60.320000 1000000 6.615298 8.940118 6.604163 8.932287 0.023829 0.032258 0.072132 0.064517 0.032258 0.023826 0.032258 164090 170186
8 62.310000 60.320000 1000000 6.589858 8.935100 6.580493 8.898074 0.023829 0.032258 0.077424 0.070383 0.032258 0.023827 0.032258 170180 213736
8 62.310000 60.320000 1000000 6.575811 8.930799 6.572905 8.894897 0.023828 0.032258 0.088219 0.082109 0.032258 0.023827 0.032258 213730 293503
8 62.310000 60.320000 1000000 6.566022 8.928649 6.563102 8.877302 0.023829 0.032258 0.072129 0.064514 0.032258 0.023828 0.032258 240590 267920
8 62.310000 60.320000 1000000 6.501919 8.695675 6.491324 8.819628 0.023829 0.032258 0.072130 0.064515 0.032258 0.023826 0.032258 267920 288204
8 62.310000 60.320000 1000000 6.480802 8.693524 6.494841 8.822561 0.023829 0.032258 0.072131 0.064516 0.032258 0.023826 0.032258 287460 327941
8 62.310000 60.320000 1000000 6.418383 8.685639 6.414015 8.740450 0.023826 0.032258 0.082788 0.076245 0.032258 0.023822 0.032258 327940 346725
8 62.310000 60.320000 1000000 6.415973 8.684922 6.410694 8.732385 0.023826 0.032258 0.082788 0.076245 0.032258 0.023822 0.032258 346720 457539
8 62.310000 60.320000 1000000 6.392493 8.682055 6.395385 8.715768 0.023826 0.032258 0.082788 0.076245 0.032258 0.023821 0.032258 457530 556335
8 62.310000 60.320000 1000000 6.380414 8.675603 6.378004 8.637813 0.023826 0.032258 0.082785 0.076241 0.032258 0.023822 0.032258 468130 537585
8 62.310000 60.320000 1000000 6.328699 8.664492 6.324322 8.532975 0.023828 0.032258 0.064384 0.055720 0.032258 0.023825 0.032258 508980 556335
8 62.310000 60.320000 1000000 6.314731 8.661625 6.314053 8.523200 0.023827 0.032258 0.045624 0.032264 0.032258 0.023824 0.032258 541560 787608
8 62.310000 60.320000 1000000 6.306769 8.660191 6.306088 8.511470 0.023828 0.032258 0.045624 0.032264 0.032258 0.023824 0.032258 571540 792664
8 62.310000 60.320000 1000000 6.292357 8.656607 6.295265 8.495830 0.023825 0.032258 0.059380 0.049854 0.032258 0.023822 0.032258 632480 1000000
8 62.310000 60.320000 1000000 6.156731 8.189225 6.143465 8.368753 0.023828 0.032258 0.049939 0.038123 0.032258 0.023823 0.032258 999990 1000000
