50 62.310000 60.320000 1000000 12.468805 15.982055 12.336708 16.853537 0.023793 0.032258 0.135853 0.131967 0.032258 0.023778 0.032258 0 50
50 62.310000 60.320000 1000000 9.249597 11.946915 9.230766 12.647310 0.023703 0.032258 0.262991 0.261005 0.032258 0.023701 0.032258 50 70
50 62.310000 60.320000 1000000 8.995823 11.906413 8.966576 12.303472 0.023783 0.032258 0.167361 0.164223 0.032258 0.023789 0.032258 70 83
50 62.310000 60.320000 1000000 8.898957 11.881682 8.888457 12.153423 0.023823 0.032258 0.059380 0.049854 0.032258 0.023821 0.032258 80 94
50 62.310000 60.320000 1000000 8.885360 11.878098 8.870908 12.115301 0.023826 0.032258 0.064383 0.055719 0.032258 0.023825 0.032258 90 109
50 62.310000 60.320000 1000000 8.883562 11.877381 8.871209 12.116278 0.023826 0.032258 0.059380 0.049854 0.032258 0.023824 0.032258 100 123
50 62.310000 60.320000 1000000 8.881791 11.876665 8.871506 12.117256 0.023827 0.032258 0.054549 0.043989 0.032258 0.023824 0.032258 120 347
50 62.310000 60.320000 1000000 8.860146 11.869496 8.865329 12.113346 0.023829 0.032258 0.069517 0.061579 0.032258 0.023825 0.032258 170 284
50 62.310000 60.320000 1000000 8.851985 11.868063 8.857182 12.101615 0.023830 0.032258 0.069516 0.061579 0.032258 0.023826 0.032258 180 321
50 62.310000 60.320000 1000000 8.836370 11.865195 8.841594 12.078155 0.023829 0.032258 0.090952 0.085039 0.032258 0.023825 0.032258 190 347
50 62.310000 60.320000 1000000 8.471010 11.059464 8.372869 11.356265 0.023783 0.032258 0.210696 0.208212 0.032258 0.023781 0.032258 340 469
50 62.310000 60.320000 1000000 8.362909 11.044410 8.277046 11.260468 0.023788 0.032258 0.193325 0.190615 0.032258 0.023792 0.032258 460 580
50 62.310000 60.320000 1000000 8.284445 11.035091 8.260420 11.232120 0.023789 0.032258 0.216493 0.214076 0.032258 0.023781 0.032258 500 639
50 62.310000 60.320000 1000000 8.118380 10.562692 8.097985 11.077673 0.023770 0.032258 0.187545 0.184750 0.032258 0.023751 0.032258 520 674
50 62.310000 60.320000 1000000 8.087698 10.559824 8.055382 11.045415 0.023787 0.032258 0.164484 0.161290 0.032258 0.023775 0.032258 530 739
50 62.310000 60.320000 1000000 7.966492 10.525775 7.925020 10.780511 0.023822 0.032258 0.082786 0.076243 0.032258 0.023818 0.032258 590 707
50 62.310000 60.320000 1000000 7.961737 10.522907 7.918001 10.745566 0.023822 0.032258 0.082791 0.076249 0.032258 0.023818 0.032258 700 739
50 62.310000 60.320000 1000000 7.958497 10.522190 7.914707 10.739701 0.023822 0.032258 0.082791 0.076249 0.032258 0.023818 0.032258 730 844
50 62.310000 60.320000 1000000 7.900374 10.515739 7.906126 10.727970 0.023824 0.032258 0.077424 0.070384 0.032258 0.023820 0.032258 840 1089
50 62.310000 60.320000 1000000 7.844620 10.508570 7.835799 10.656123 0.023826 0.032258 0.077424 0.070384 0.032258 0.023823 0.032258 1080 1301
50 62.310000 60.320000 1000000 7.822427 10.505703 7.813531 10.632663 0.023826 0.032258 0.061864 0.052788 0.032258 0.023823 0.032258 1090 1772
50 62.310000 60.320000 1000000 7.785151 10.499251 7.776126 10.579877 0.023831 0.032258 0.043599 0.029330 0.032258 0.023828 0.032258 1630 2696
50 62.310000 60.320000 1000000 7.729703 10.263768 7.694245 10.474062 0.023827 0.032258 0.054551 0.043991 0.032258 0.023823 0.032258 2680 2772
50 62.310000 60.320000 1000000 7.727992 10.263052 7.694534 10.475039 0.023827 0.032258 0.049945 0.038131 0.032258 0.023823 0.032258 2770 3750
50 62.310000 60.320000 1000000 7.711688 10.260901 7.678016 10.457444 0.023826 0.032258 0.059385 0.049860 0.032258 0.023823 0.032258 2860 3883
50 62.310000 60.320000 1000000 7.707458 10.259467 7.674768 10.450357 0.023827 0.032258 0.054555 0.043996 0.032258 0.023824 0.032258 3880 4299
50 62.310000 60.320000 1000000 7.700210 10.258751 7.675989 10.451334 0.023827 0.032258 0.054555 0.043996 0.032258 0.023824 0.032258 4290 4391
50 62.310000 60.320000 1000000 7.693074 10.258034 7.677188 10.452312 0.023828 0.032258 0.054555 0.043996 0.032258 0.023824 0.032258 4390 5531
50 62.310000 60.320000 1000000 7.691400 10.257317 7.677468 10.453289 0.023828 0.032258 0.054555 0.043996 0.032258 0.023824 0.032258 5530 6623
50 62.310000 60.320000 1000000 7.672783 10.251582 7.657442 10.397083 0.023829 0.032258 0.069526 0.061589 0.032258 0.023825 0.032258 6140 6646
50 62.310000 60.320000 1000000 7.635007 10.247281 7.605037 10.348696 0.023829 0.032258 0.069525 0.061589 0.032258 0.023826 0.032258 6310 7563
50 62.310000 60.320000 1000000 7.625886 10.243697 7.602569 10.344542 0.023830 0.032258 0.074761 0.067443 0.032258 0.023827 0.032258 7560 10265
50 62.310000 60.320000 1000000 7.586985 10.231869 7.556337 10.215755 0.023831 0.032258 0.061867 0.052792 0.032258 0.023830 0.032258 10260 11712
50 62.310000 60.320000 1000000 7.582300 10.229719 7.557126 10.218688 0.023831 0.032258 0.061867 0.052792 0.032258 0.023830 0.032258 11190 20189
50 62.310000 60.320000 1000000 7.496265 10.104271 7.488697 10.128268 0.023832 0.032258 0.056944 0.046926 0.032258 0.023829 0.032258 20180 31617
50 62.310000 60.320000 1000000 7.371640 9.910365 7.334680 9.879492 0.023824 0.032258 0.107591 0.102641 0.032258 0.023822 0.032258 27260 33350
50 62.310000 60.320000 1000000 7.284341 9.897462 7.280627 9.826706 0.023828 0.032258 0.074760 0.067443 0.032258 0.023825 0.032258 33350 36739
50 62.310000 60.320000 1000000 7.272946 9.895311 7.269214 9.809111 0.023829 0.032258 0.069515 0.061578 0.032258 0.023826 0.032258 36730 36956
50 62.310000 60.320000 1000000 7.268333 9.894595 7.264595 9.803246 0.023829 0.032258 0.069516 0.061579 0.032258 0.023825 0.032258 36950 44538
50 62.310000 60.320000 1000000 7.248220 9.889218 7.237807 9.740931 0.023829 0.032258 0.072135 0.064520 0.032258 0.023825 0.032258 44530 49467
50 62.310000 60.320000 1000000 7.240097 9.887068 7.231484 9.730178 0.023829 0.032258 0.056943 0.046925 0.032258 0.023826 0.032258 49460 85645
50 62.310000 60.320000 1000000 7.222467 9.881333 7.212596 9.673972 0.023827 0.032258 0.056942 0.046923 0.032258 0.023824 0.032258 61310 92183
50 62.310000 60.320000 1000000 7.151797 9.870222 7.158095 9.610923 0.023820 0.032258 0.069526 0.061589 0.032258 0.023813 0.032258 92180 105883
50 62.310000 60.320000 1000000 7.006201 9.456962 7.006194 9.488489 0.023827 0.032258 0.072127 0.064511 0.032258 0.023824 0.032258 101340 106721
50 62.310000 60.320000 1000000 6.999266 9.456245 7.007347 9.489466 0.023826 0.032258 0.072127 0.064511 0.032258 0.023824 0.032258 106720 108501
50 62.310000 60.320000 1000000 6.987706 9.398539 6.989724 9.476026 0.023826 0.032258 0.069516 0.061579 0.032258 0.023823 0.032258 108500 140639
50 62.310000 60.320000 1000000 6.864652 9.381335 6.891455 9.354081 0.023815 0.032258 0.107586 0.102636 0.032258 0.023812 0.032258 140130 147973
50 62.310000 60.320000 1000000 6.809980 9.374884 6.887193 9.349193 0.023795 0.032258 0.130158 0.126097 0.032258 0.023817 0.032258 147840 169624
50 62.310000 60.320000 1000000 6.767884 9.366998 6.841142 9.271481 0.023795 0.032258 0.124482 0.120229 0.032258 0.023812 0.032258 156360 166837
50 62.310000 60.320000 1000000 6.762687 9.366281 6.836111 9.265616 0.023794 0.032258 0.124482 0.120229 0.032258 0.023811 0.032258 166830 169624
50 62.310000 60.320000 1000000 6.704149 9.357679 6.779470 9.195235 0.023802 0.032258 0.102004 0.096769 0.032258 0.023812 0.032258 169620 170622
50 62.310000 60.320000 1000000 6.702809 9.356604 6.777491 9.181794 0.023802 0.032258 0.099226 0.093836 0.032258 0.023812 0.032258 170620 211763
50 62.310000 60.320000 1000000 6.701497 9.355529 6.775550 9.168354 0.023802 0.032258 0.096458 0.090904 0.032258 0.023813 0.032258 211760 218498
50 62.310000 60.320000 1000000 6.696258 9.354812 6.770482 9.162489 0.023801 0.032258 0.090952 0.085039 0.032258 0.023811 0.032258 218490 233601
50 62.310000 60.320000 1000000 6.666931 9.294239 6.735437 9.125588 0.023807 0.032258 0.082786 0.076242 0.032258 0.023815 0.032258 233600 282491
50 62.310000 60.320000 1000000 6.628991 9.121121 6.678996 9.085265 0.023817 0.032258 0.074762 0.067445 0.032258 0.023825 0.032258 236770 278582
50 62.310000 60.320000 1000000 6.575797 9.050512 6.615107 8.941083 0.023820 0.032258 0.099234 0.093844 0.032258 0.023826 0.032258 278580 299302
50 62.310000 60.320000 1000000 6.574020 9.049795 6.615398 8.942061 0.023821 0.032258 0.093706 0.087979 0.032258 0.023826 0.032258 299300 304822
50 62.310000 60.320000 1000000 6.571676 9.049078 6.612234 8.933996 0.023821 0.032258 0.093706 0.087979 0.032258 0.023825 0.032258 304820 556936
50 62.310000 60.320000 1000000 6.527434 8.930083 6.555928 8.877790 0.023824 0.032258 0.077425 0.070385 0.032258 0.023828 0.032258 360620 427024
50 62.310000 60.320000 1000000 6.426698 8.467002 6.407442 8.758533 0.023815 0.032258 0.072133 0.064518 0.032258 0.023811 0.032258 384680 508235
50 62.310000 60.320000 1000000 6.379948 8.399977 6.365849 8.700616 0.023818 0.032258 0.069519 0.061581 0.032258 0.023810 0.032258 508230 556936
50 62.310000 60.320000 1000000 6.377439 8.399260 6.362376 8.692551 0.023819 0.032258 0.069515 0.061577 0.032258 0.023810 0.032258 556930 575599
50 62.310000 60.320000 1000000 6.371997 8.398543 6.356895 8.686686 0.023819 0.032258 0.074760 0.067442 0.032258 0.023810 0.032258 575590 677607
50 62.310000 60.320000 1000000 6.316147 8.387791 6.278733 8.563032 0.023824 0.032258 0.074765 0.067448 0.032258 0.023820 0.032258 660850 908506
50 62.310000 60.320000 1000000 6.285957 8.380622 6.256023 8.531752 0.023824 0.032258 0.102002 0.096767 0.032258 0.023820 0.032258 750460 963700
50 62.310000 60.320000 1000000 6.265812 8.374171 6.232837 8.460395 0.023828 0.032258 0.074766 0.067449 0.032258 0.023827 0.032258 868770 1000000
50 62.310000 60.320000 1000000 6.246900 8.367719 6.224547 8.448664 0.023827 0.032258 0.074764 0.067447 0.032258 0.023828 0.032258 999990 1000000
