49 62.310000 60.320000 1000000 10.835552 14.761244 10.807918 14.369669 0.023810 0.032258 0.107596 0.102646 0.032258 0.023810 0.032258 0 50
49 62.310000 60.320000 1000000 9.658994 12.794221 9.612230 13.086930 0.023823 0.032258 0.107593 0.102643 0.032258 0.023820 0.032258 50 60
49 62.310000 60.320000 1000000 9.552948 12.777734 9.546722 13.006774 0.023823 0.032258 0.090962 0.085050 0.032258 0.023820 0.032258 60 89
49 62.310000 60.320000 1000000 9.450045 12.757663 9.457602 12.854528 0.023825 0.032258 0.090949 0.085036 0.032258 0.023821 0.032258 80 97
49 62.310000 60.320000 1000000 9.408197 12.746552 9.398702 12.720121 0.023830 0.032258 0.077429 0.070390 0.032258 0.023829 0.032258 90 102
49 62.310000 60.320000 1000000 9.352671 12.681677 9.339956 12.655116 0.023831 0.032258 0.069529 0.061593 0.032258 0.023830 0.032258 100 126
49 62.310000 60.320000 1000000 9.329489 12.677735 9.316032 12.618216 0.023831 0.032258 0.061869 0.052794 0.032258 0.023830 0.032258 120 150
49 62.310000 60.320000 1000000 9.280717 12.669133 9.311798 12.616260 0.023830 0.032258 0.066943 0.058658 0.032258 0.023828 0.032258 150 201
49 62.310000 60.320000 1000000 9.208919 12.490997 9.212297 12.526085 0.023831 0.032258 0.049946 0.038132 0.032258 0.023828 0.032258 200 274
49 62.310000 60.320000 1000000 9.203809 12.489563 9.205276 12.509956 0.023832 0.032258 0.041685 0.026402 0.032258 0.023829 0.032258 210 282
49 62.310000 60.320000 1000000 9.157692 12.258739 9.134571 12.456193 0.023830 0.032258 0.045624 0.032265 0.032258 0.023827 0.032258 270 304
49 62.310000 60.320000 1000000 9.062585 12.020029 9.005163 12.329116 0.023822 0.032258 0.090963 0.085052 0.032258 0.023819 0.032258 300 319
49 62.310000 60.320000 1000000 9.061273 12.018954 9.003121 12.315676 0.023822 0.032258 0.093711 0.087984 0.032258 0.023819 0.032258 310 328
49 62.310000 60.320000 1000000 9.046728 12.016087 8.987284 12.290016 0.023823 0.032258 0.093710 0.087983 0.032258 0.023821 0.032258 320 336
49 62.310000 60.320000 1000000 9.044971 12.015370 8.987583 12.290994 0.023823 0.032258 0.088228 0.082119 0.032258 0.023821 0.032258 330 393
49 62.310000 60.320000 1000000 9.025670 12.012503 8.967908 12.267533 0.023824 0.032258 0.077431 0.070392 0.032258 0.023823 0.032258 350 551
49 62.310000 60.320000 1000000 8.887345 11.543327 8.823419 12.137279 0.023804 0.032258 0.090951 0.085039 0.032258 0.023792 0.032258 550 691
49 62.310000 60.320000 1000000 8.858460 11.536518 8.787045 12.063722 0.023810 0.032258 0.066945 0.058660 0.032258 0.023802 0.032258 690 728
49 62.310000 60.320000 1000000 8.856673 11.535801 8.787350 12.064700 0.023810 0.032258 0.066931 0.058644 0.032258 0.023802 0.032258 720 741
49 62.310000 60.320000 1000000 8.841974 11.533650 8.772299 12.047104 0.023811 0.032258 0.072123 0.064506 0.032258 0.023804 0.032258 740 939
49 62.310000 60.320000 1000000 8.642450 11.169493 8.644965 11.929558 0.023779 0.032258 0.088213 0.082103 0.032258 0.023771 0.032258 930 1282
49 62.310000 60.320000 1000000 8.630809 11.111070 8.630203 11.917095 0.023775 0.032258 0.096454 0.090900 0.032258 0.023763 0.032258 1280 1454
49 62.310000 60.320000 1000000 8.625252 11.108203 8.622118 11.882149 0.023777 0.032258 0.085490 0.079170 0.032258 0.023766 0.032258 1450 1785
49 62.310000 60.320000 1000000 8.585331 11.102468 8.579670 11.833029 0.023786 0.032258 0.080087 0.073303 0.032258 0.023776 0.032258 1780 2002
49 62.310000 60.320000 1000000 8.583546 11.101751 8.579968 11.834007 0.023787 0.032258 0.085488 0.079168 0.032258 0.023776 0.032258 2000 2173
49 62.310000 60.320000 1000000 8.483675 11.088848 8.523946 11.769491 0.023761 0.032258 0.164475 0.161281 0.032258 0.023766 0.032258 2070 2621
49 62.310000 60.320000 1000000 8.470488 11.028991 8.504059 11.729169 0.023758 0.032258 0.155858 0.152483 0.032258 0.023761 0.032258 2620 2861
49 62.310000 60.320000 1000000 8.394227 11.018597 8.403912 11.617488 0.023764 0.032258 0.096456 0.090902 0.032258 0.023765 0.032258 2860 3831
49 62.310000 60.320000 1000000 8.379607 11.015730 8.393336 11.594272 0.023765 0.032258 0.096454 0.090900 0.032258 0.023771 0.032258 3830 3953
49 62.310000 60.320000 1000000 8.345496 11.011429 8.346558 11.545885 0.023754 0.032258 0.085491 0.079172 0.032258 0.023755 0.032258 3930 6777
49 62.310000 60.320000 1000000 8.328894 11.009278 8.329962 11.528289 0.023761 0.032258 0.080089 0.073306 0.032258 0.023762 0.032258 4250 6492
49 62.310000 60.320000 1000000 8.243603 10.996375 8.244705 11.422717 0.023759 0.032258 0.107585 0.102635 0.032258 0.023760 0.032258 4500 7093
49 62.310000 60.320000 1000000 8.125133 10.864117 8.113451 11.253363 0.023772 0.032258 0.088214 0.082105 0.032258 0.023772 0.032258 7090 9229
49 62.310000 60.320000 1000000 8.052669 10.848347 8.039730 11.124576 0.023791 0.032258 0.099226 0.093836 0.032258 0.023792 0.032258 9220 9234
49 62.310000 60.320000 1000000 8.047321 10.847630 8.034355 11.118711 0.023790 0.032258 0.093699 0.087971 0.032258 0.023792 0.032258 9230 9539
49 62.310000 60.320000 1000000 8.043544 10.846913 8.030560 11.112846 0.023790 0.032258 0.088216 0.082106 0.032258 0.023791 0.032258 9530 12313
49 62.310000 60.320000 1000000 7.958314 10.805695 7.906672 10.615542 0.023813 0.032258 0.164493 0.161299 0.032258 0.023831 0.032258 10220 12895
49 62.310000 60.320000 1000000 7.834358 10.385265 7.786421 10.537096 0.023825 0.032258 0.061869 0.052794 0.032258 0.023823 0.032258 12890 18784
49 62.310000 60.320000 1000000 7.636589 10.355158 7.507269 10.200588 0.023647 0.032258 0.289201 0.287396 0.032258 0.023596 0.032258 18780 21535
49 62.310000 60.320000 1000000 7.634909 10.354441 7.507564 10.201566 0.023647 0.032258 0.283373 0.281531 0.032258 0.023596 0.032258 21530 21982
49 62.310000 60.320000 1000000 7.623190 10.296735 7.488705 10.188125 0.023646 0.032258 0.286287 0.284464 0.032258 0.023597 0.032258 21980 23249
49 62.310000 60.320000 1000000 7.619818 10.296018 7.485149 10.182260 0.023647 0.032258 0.286287 0.284464 0.032258 0.023598 0.032258 23240 32631
49 62.310000 60.320000 1000000 7.414844 9.197453 7.153090 9.909288 0.023543 0.032258 0.335871 0.334319 0.032258 0.023503 0.032258 32630 33840
49 62.310000 60.320000 1000000 7.408234 9.196736 7.145726 9.903423 0.023546 0.032258 0.330034 0.328454 0.032258 0.023508 0.032258 33840 73707
49 62.310000 60.320000 1000000 6.830827 8.670931 6.762105 9.464763 0.023478 0.032258 0.280457 0.278596 0.032258 0.023436 0.032258 73700 81054
49 62.310000 60.320000 1000000 6.750973 8.660895 6.767770 9.471605 0.023413 0.032258 0.245534 0.243406 0.032258 0.023454 0.032258 81050 93123
49 62.310000 60.320000 1000000 6.597031 8.640107 6.615025 9.301519 0.023453 0.032258 0.239721 0.237541 0.032258 0.023493 0.032258 93120 122861
49 62.310000 60.320000 1000000 6.487931 8.625770 6.528389 9.211588 0.023535 0.032258 0.158744 0.155432 0.032258 0.023590 0.032258 122860 258709
49 62.310000 60.320000 1000000 6.393184 8.608566 6.435444 9.070828 0.023523 0.032258 0.193332 0.190621 0.032258 0.023574 0.032258 130510 316167
49 62.310000 60.320000 1000000 6.314063 8.415377 6.318364 8.783202 0.023580 0.032258 0.231004 0.228741 0.032258 0.023655 0.032258 178220 359648
49 62.310000 60.320000 1000000 6.283914 8.411075 6.276883 8.734815 0.023550 0.032258 0.248440 0.246337 0.032258 0.023615 0.032258 183250 250744
49 62.310000 60.320000 1000000 5.989373 8.234015 6.006906 8.315952 0.023771 0.032258 0.184648 0.181808 0.032258 0.023757 0.032258 250740 356892
49 62.310000 60.320000 1000000 5.972211 8.226847 6.009727 8.325727 0.023775 0.032258 0.184648 0.181808 0.032258 0.023757 0.032258 255960 359648
49 62.310000 60.320000 1000000 5.816215 7.811438 5.811680 8.137801 0.023780 0.032258 0.147262 0.143686 0.032258 0.023753 0.032258 359640 535975
49 62.310000 60.320000 1000000 5.750177 7.785991 5.736688 7.848224 0.023826 0.032258 0.056936 0.046916 0.032258 0.023822 0.032258 535970 830048
49 62.310000 60.320000 1000000 5.737803 7.781690 5.722783 7.803748 0.023827 0.032258 0.061860 0.052783 0.032258 0.023825 0.032258 673750 757426
49 62.310000 60.320000 1000000 5.720256 7.776672 5.703707 7.753406 0.023828 0.032258 0.052216 0.041060 0.032258 0.023827 0.032258 757420 830048
49 62.310000 60.320000 1000000 5.642496 7.372733 5.582482 7.659321 0.023810 0.032258 0.069524 0.061588 0.032258 0.023809 0.032258 762070 1000000
49 62.310000 60.320000 1000000 5.606230 7.369149 5.588653 7.664208 0.023814 0.032258 0.054552 0.043992 0.032258 0.023808 0.032258 999990 1000000
