31 62.310000 60.320000 1000000 12.269895 16.394965 12.292702 16.684188 0.023821 0.032258 0.164498 0.161304 0.032258 0.023817 0.032258 0 50
31 62.310000 60.320000 1000000 10.278584 11.155520 10.440261 13.927846 0.022909 0.032258 0.514199 0.513187 0.032258 0.022981 0.032258 50 60
31 62.310000 60.320000 1000000 8.624252 10.806776 8.641035 12.311042 0.023544 0.032258 0.184649 0.181809 0.032258 0.023508 0.032258 60 74
31 62.310000 60.320000 1000000 8.614280 10.805342 8.635486 12.303955 0.023535 0.032258 0.190426 0.187674 0.032258 0.023502 0.032258 70 107
31 62.310000 60.320000 1000000 8.244350 10.701042 8.201334 11.174205 0.023701 0.032258 0.268806 0.266864 0.032258 0.023720 0.032258 80 111
31 62.310000 60.320000 1000000 7.959294 10.323266 7.909111 10.863355 0.023597 0.032258 0.280454 0.278592 0.032258 0.023632 0.032258 90 100
31 62.310000 60.320000 1000000 7.763288 10.235453 7.737611 10.676650 0.023717 0.032258 0.173121 0.170089 0.032258 0.023735 0.032258 100 113
31 62.310000 60.320000 1000000 7.733652 10.226851 7.732188 10.674695 0.023740 0.032258 0.104802 0.099714 0.032258 0.023740 0.032258 110 142
31 62.310000 60.320000 1000000 7.557587 10.139038 7.547262 10.399769 0.023806 0.032258 0.080100 0.073317 0.032258 0.023812 0.032258 140 213
31 62.310000 60.320000 1000000 7.522202 10.125418 7.545322 10.400258 0.023817 0.032258 0.113195 0.108501 0.032258 0.023812 0.032258 160 178
31 62.310000 60.320000 1000000 7.520690 10.124701 7.545571 10.401235 0.023817 0.032258 0.118828 0.114366 0.032258 0.023812 0.032258 170 213
31 62.310000 60.320000 1000000 7.517114 10.123984 7.542030 10.395370 0.023818 0.032258 0.113195 0.108501 0.032258 0.023813 0.032258 210 265
31 62.310000 60.320000 1000000 7.495550 10.111439 7.510273 10.239459 0.023825 0.032258 0.077419 0.070378 0.032258 0.023823 0.032258 260 302
31 62.310000 60.320000 1000000 7.479537 10.109289 7.502241 10.228706 0.023823 0.032258 0.088219 0.082109 0.032258 0.023822 0.032258 300 359
31 62.310000 60.320000 1000000 7.462062 10.105705 7.483046 10.194982 0.023826 0.032258 0.088219 0.082109 0.032258 0.023824 0.032258 340 414
31 62.310000 60.320000 1000000 7.450427 10.047999 7.465398 10.181541 0.023826 0.032258 0.085496 0.079177 0.032258 0.023823 0.032258 410 424
31 62.310000 60.320000 1000000 7.446400 10.047282 7.461395 10.175676 0.023826 0.032258 0.085496 0.079177 0.032258 0.023824 0.032258 420 455
31 62.310000 60.320000 1000000 7.443926 10.046565 7.458013 10.167612 0.023826 0.032258 0.085496 0.079177 0.032258 0.023824 0.032258 450 460
31 62.310000 60.320000 1000000 7.441496 10.045848 7.454690 10.159547 0.023826 0.032258 0.085496 0.079177 0.032258 0.023824 0.032258 460 532
31 62.310000 60.320000 1000000 7.370302 10.034379 7.374664 10.056908 0.023829 0.032258 0.069515 0.061577 0.032258 0.023825 0.032258 500 576
31 62.310000 60.320000 1000000 7.358464 10.030795 7.358400 10.016586 0.023829 0.032258 0.074758 0.067440 0.032258 0.023824 0.032258 510 528
31 62.310000 60.320000 1000000 7.333403 10.026493 7.332491 9.979196 0.023825 0.032258 0.096455 0.090902 0.032258 0.023820 0.032258 520 576
31 62.310000 60.320000 1000000 7.301228 10.021476 7.300304 9.938140 0.023819 0.032258 0.102001 0.096766 0.032258 0.023815 0.032258 570 644
31 62.310000 60.320000 1000000 7.223863 10.004271 7.252091 9.796891 0.023821 0.032258 0.069522 0.061585 0.032258 0.023817 0.032258 640 891
31 62.310000 60.320000 1000000 7.218933 10.002121 7.252902 9.799824 0.023822 0.032258 0.069513 0.061575 0.032258 0.023817 0.032258 650 664
31 62.310000 60.320000 1000000 7.217352 10.001404 7.253161 9.800801 0.023822 0.032258 0.069516 0.061579 0.032258 0.023817 0.032258 660 1060
31 62.310000 60.320000 1000000 7.132759 9.597463 7.124674 9.706715 0.023830 0.032258 0.061857 0.052780 0.032258 0.023827 0.032258 680 1158
31 62.310000 60.320000 1000000 7.118891 9.593162 7.105120 9.655641 0.023832 0.032258 0.052206 0.041048 0.032258 0.023829 0.032258 1150 1181
31 62.310000 60.320000 1000000 7.115792 9.592445 7.102003 9.649776 0.023831 0.032258 0.056932 0.046911 0.032258 0.023829 0.032258 1180 1724
31 62.310000 60.320000 1000000 7.094618 9.590295 7.105534 9.652709 0.023831 0.032258 0.061855 0.052778 0.032258 0.023829 0.032258 1190 1690
31 62.310000 60.320000 1000000 7.051814 9.472732 7.053891 9.610676 0.023830 0.032258 0.052206 0.041048 0.032258 0.023828 0.032258 1690 1724
31 62.310000 60.320000 1000000 7.034496 9.470582 7.031868 9.588682 0.023830 0.032258 0.047733 0.035183 0.032258 0.023828 0.032258 1720 3313
31 62.310000 60.320000 1000000 7.020888 9.467356 7.017550 9.557646 0.023832 0.032258 0.035432 0.014658 0.032258 0.023830 0.032258 3310 3364
31 62.310000 60.320000 1000000 7.019203 9.466639 7.017831 9.558624 0.023832 0.032258 0.035432 0.014658 0.032258 0.023829 0.032258 3360 4453
31 62.310000 60.320000 1000000 7.013693 9.465922 7.012318 9.552758 0.023832 0.032258 0.035432 0.014657 0.032258 0.023829 0.032258 4450 5603
31 62.310000 60.320000 1000000 7.006780 9.465206 7.013469 9.553736 0.023832 0.032258 0.038233 0.020523 0.032258 0.023830 0.032258 5600 5683
31 62.310000 60.320000 1000000 7.005118 9.464489 7.013745 9.554713 0.023832 0.032258 0.038235 0.020526 0.032258 0.023829 0.032258 5680 6122
31 62.310000 60.320000 1000000 7.002676 9.463772 7.010398 9.546649 0.023832 0.032258 0.038234 0.020524 0.032258 0.023830 0.032258 6120 7242
31 62.310000 60.320000 1000000 7.001376 9.462697 7.008418 9.533209 0.023833 0.032258 0.036743 0.017591 0.032258 0.023830 0.032258 7240 7335
31 62.310000 60.320000 1000000 6.978038 9.402840 6.979020 9.502173 0.023832 0.032258 0.045617 0.032254 0.032258 0.023829 0.032258 7330 13326
31 62.310000 60.320000 1000000 6.965628 9.401407 6.961947 9.486044 0.023831 0.032258 0.049935 0.038118 0.032258 0.023828 0.032258 8770 11688
31 62.310000 60.320000 1000000 6.959589 9.400690 6.953626 9.477979 0.023830 0.032258 0.054544 0.043983 0.032258 0.023827 0.032258 11680 13326
31 62.310000 60.320000 1000000 6.950572 9.397106 6.943219 9.439368 0.023831 0.032258 0.049941 0.038126 0.032258 0.023828 0.032258 12830 15631
31 62.310000 60.320000 1000000 6.923469 9.394238 6.947720 9.443278 0.023827 0.032258 0.059382 0.049857 0.032258 0.023829 0.032258 15630 18440
31 62.310000 60.320000 1000000 6.900249 9.278826 6.912525 9.416397 0.023826 0.032258 0.054551 0.043992 0.032258 0.023827 0.032258 17330 21609
31 62.310000 60.320000 1000000 6.886348 9.274525 6.908233 9.415419 0.023828 0.032258 0.074764 0.067447 0.032258 0.023827 0.032258 21600 26610
31 62.310000 60.320000 1000000 6.859493 9.270941 6.881634 9.386094 0.023828 0.032258 0.080095 0.073312 0.032258 0.023826 0.032258 26610 31268
31 62.310000 60.320000 1000000 6.819287 9.262339 6.837193 9.304716 0.023827 0.032258 0.102005 0.096770 0.032258 0.023824 0.032258 31260 32381
31 62.310000 60.320000 1000000 6.817693 9.261622 6.837457 9.305693 0.023827 0.032258 0.102009 0.096774 0.032258 0.023824 0.032258 32380 33968
31 62.310000 60.320000 1000000 6.794369 9.146211 6.802037 9.278812 0.023826 0.032258 0.096462 0.090909 0.032258 0.023823 0.032258 33340 41655
31 62.310000 60.320000 1000000 6.783094 9.143702 6.790092 9.253641 0.023828 0.032258 0.082789 0.076246 0.032258 0.023825 0.032258 41650 48230
31 62.310000 60.320000 1000000 6.781509 9.142985 6.790356 9.254618 0.023828 0.032258 0.088220 0.082111 0.032258 0.023825 0.032258 48230 51703
31 62.310000 60.320000 1000000 6.764828 9.136533 6.771026 9.183262 0.023831 0.032258 0.061862 0.052786 0.032258 0.023828 0.032258 51700 54507
31 62.310000 60.320000 1000000 6.738111 9.132949 6.736754 9.151981 0.023831 0.032258 0.066935 0.058650 0.032258 0.023828 0.032258 54500 65789
31 62.310000 60.320000 1000000 6.730155 9.130082 6.727492 9.119235 0.023831 0.032258 0.061861 0.052785 0.032258 0.023828 0.032258 65780 90653
31 62.310000 60.320000 1000000 6.707994 9.126498 6.705304 9.089910 0.023831 0.032258 0.056938 0.046919 0.032258 0.023828 0.032258 90650 102872
31 62.310000 60.320000 1000000 6.696105 9.123630 6.692474 9.064250 0.023831 0.032258 0.052211 0.041054 0.032258 0.023828 0.032258 102870 110676
31 62.310000 60.320000 1000000 6.673754 9.064491 6.663743 9.039079 0.023829 0.032258 0.064380 0.055715 0.032258 0.023827 0.032258 110670 181776
31 62.310000 60.320000 1000000 6.562129 8.711804 6.530932 8.917134 0.023824 0.032258 0.064381 0.055716 0.032258 0.023821 0.032258 181770 192370
31 62.310000 60.320000 1000000 6.526687 8.706786 6.492025 8.878522 0.023821 0.032258 0.090953 0.085041 0.032258 0.023820 0.032258 192370 208988
31 62.310000 60.320000 1000000 6.468523 8.700334 6.497735 8.878278 0.023819 0.032258 0.090955 0.085043 0.032258 0.023821 0.032258 208980 328527
31 62.310000 60.320000 1000000 6.455525 8.697467 6.484912 8.854817 0.023820 0.032258 0.096462 0.090908 0.032258 0.023822 0.032258 232430 473005
31 62.310000 60.320000 1000000 6.441504 8.691374 6.465268 8.782238 0.023823 0.032258 0.093706 0.087979 0.032258 0.023826 0.032258 254140 478064
31 62.310000 60.320000 1000000 6.431464 8.689940 6.455338 8.770508 0.023825 0.032258 0.082792 0.076249 0.032258 0.023827 0.032258 265120 563688
31 62.310000 60.320000 1000000 6.392635 8.681338 6.422489 8.746070 0.023828 0.032258 0.077421 0.070380 0.032258 0.023828 0.032258 368020 435289
31 62.310000 60.320000 1000000 6.319522 8.498902 6.324421 8.609219 0.023828 0.032258 0.074766 0.067449 0.032258 0.023825 0.032258 435280 563688
31 62.310000 60.320000 1000000 6.312693 8.498185 6.325554 8.610197 0.023827 0.032258 0.080097 0.073314 0.032258 0.023825 0.032258 563680 796490
31 62.310000 60.320000 1000000 6.292672 8.495317 6.305655 8.586737 0.023831 0.032258 0.059381 0.049855 0.032258 0.023828 0.032258 701460 1000000
31 62.310000 60.320000 1000000 6.250081 8.483131 6.249676 8.445977 0.023830 0.032258 0.069522 0.061585 0.032258 0.023827 0.032258 999990 1000000
