35 62.310000 60.320000 1000000 10.316147 14.264112 10.358042 14.035114 0.023801 0.032258 0.144421 0.140772 0.032258 0.023802 0.032258 0 50
35 62.310000 60.320000 1000000 10.193953 14.223969 10.265409 13.829349 0.023804 0.032258 0.155862 0.152487 0.032258 0.023798 0.032258 50 60
35 62.310000 60.320000 1000000 10.078383 14.195654 10.163337 13.553448 0.023795 0.032258 0.130168 0.126108 0.032258 0.023786 0.032258 60 78
35 62.310000 60.320000 1000000 9.887523 13.385619 9.882714 13.347681 0.023823 0.032258 0.096469 0.090915 0.032258 0.023820 0.032258 70 81
35 62.310000 60.320000 1000000 9.834397 13.378092 9.882612 13.324954 0.023817 0.032258 0.138706 0.134902 0.032258 0.023820 0.032258 80 93
35 62.310000 60.320000 1000000 9.675988 13.130064 9.687197 13.117234 0.023831 0.032258 0.056948 0.046931 0.032258 0.023829 0.032258 90 102
35 62.310000 60.320000 1000000 9.630274 13.119669 9.654163 13.059561 0.023829 0.032258 0.074761 0.067443 0.032258 0.023827 0.032258 100 142
35 62.310000 60.320000 1000000 9.580563 13.106766 9.600240 12.923932 0.023831 0.032258 0.064392 0.055729 0.032258 0.023827 0.032258 140 209
35 62.310000 60.320000 1000000 9.550786 13.102465 9.569748 12.886542 0.023830 0.032258 0.049945 0.038130 0.032258 0.023826 0.032258 200 230
35 62.310000 60.320000 1000000 9.537677 13.096731 9.562763 12.857706 0.023829 0.032258 0.054554 0.043995 0.032258 0.023825 0.032258 230 252
35 62.310000 60.320000 1000000 9.445779 12.691355 9.427093 12.751890 0.023832 0.032258 0.052217 0.041062 0.032258 0.023829 0.032258 250 271
35 62.310000 60.320000 1000000 9.426820 12.687054 9.408021 12.716700 0.023832 0.032258 0.077428 0.070388 0.032258 0.023829 0.032258 260 272
35 62.310000 60.320000 1000000 9.424348 12.686337 9.404600 12.708635 0.023832 0.032258 0.072138 0.064523 0.032258 0.023830 0.032258 270 284
35 62.310000 60.320000 1000000 9.302048 12.446194 9.233249 12.556632 0.023821 0.032258 0.133009 0.129038 0.032258 0.023821 0.032258 280 316
35 62.310000 60.320000 1000000 9.289731 12.442609 9.215917 12.516310 0.023822 0.032258 0.116016 0.111441 0.032258 0.023823 0.032258 300 317
35 62.310000 60.320000 1000000 9.285502 12.441893 9.211586 12.510445 0.023823 0.032258 0.110395 0.105576 0.032258 0.023824 0.032258 310 398
35 62.310000 60.320000 1000000 9.142074 12.311427 9.166367 12.463036 0.023824 0.032258 0.056949 0.046932 0.032258 0.023826 0.032258 390 627
35 62.310000 60.320000 1000000 9.080605 12.190280 9.093281 12.389234 0.023826 0.032258 0.056950 0.046933 0.032258 0.023826 0.032258 620 648
35 62.310000 60.320000 1000000 9.078920 12.189563 9.093561 12.390211 0.023826 0.032258 0.061859 0.052782 0.032258 0.023826 0.032258 640 691
35 62.310000 60.320000 1000000 9.058434 12.186696 9.065493 12.357953 0.023824 0.032258 0.061859 0.052782 0.032258 0.023822 0.032258 690 773
35 62.310000 60.320000 1000000 9.028373 12.126122 9.029457 12.321052 0.023823 0.032258 0.080093 0.073310 0.032258 0.023820 0.032258 770 888
35 62.310000 60.320000 1000000 9.004036 12.121821 9.005129 12.285862 0.023824 0.032258 0.080091 0.073307 0.032258 0.023821 0.032258 840 1293
35 62.310000 60.320000 1000000 8.906509 12.097449 8.918379 12.135081 0.023830 0.032258 0.080094 0.073310 0.032258 0.023827 0.032258 1290 1363
35 62.310000 60.320000 1000000 8.891196 12.095298 8.903128 12.117486 0.023831 0.032258 0.069518 0.061580 0.032258 0.023827 0.032258 1360 1883
35 62.310000 60.320000 1000000 8.877460 12.083471 8.882200 11.969639 0.023832 0.032258 0.043604 0.029338 0.032258 0.023829 0.032258 1520 2510
35 62.310000 60.320000 1000000 8.786701 11.789206 8.757526 11.848916 0.023831 0.032258 0.054555 0.043996 0.032258 0.023829 0.032258 2000 2025
35 62.310000 60.320000 1000000 8.781105 11.788489 8.751874 11.843051 0.023832 0.032258 0.054554 0.043995 0.032258 0.023830 0.032258 2020 2545
35 62.310000 60.320000 1000000 8.751390 11.784546 8.754842 11.833520 0.023832 0.032258 0.052220 0.041065 0.032258 0.023829 0.032258 2540 2638
35 62.310000 60.320000 1000000 8.750224 11.783471 8.753062 11.820080 0.023832 0.032258 0.054556 0.043998 0.032258 0.023829 0.032258 2630 2721
35 62.310000 60.320000 1000000 8.749077 11.782396 8.751311 11.806639 0.023832 0.032258 0.056948 0.046930 0.032258 0.023829 0.032258 2720 2927
35 62.310000 60.320000 1000000 8.680182 11.774510 8.729552 11.783423 0.023825 0.032258 0.088231 0.082122 0.032258 0.023831 0.032258 2920 4075
35 62.310000 60.320000 1000000 8.620920 11.653364 8.660883 11.716463 0.023828 0.032258 0.072141 0.064527 0.032258 0.023831 0.032258 4070 4435
35 62.310000 60.320000 1000000 8.604020 11.651213 8.639474 11.694469 0.023829 0.032258 0.066946 0.058662 0.032258 0.023831 0.032258 4430 5129
35 62.310000 60.320000 1000000 8.498506 11.131142 8.481848 11.567636 0.023814 0.032258 0.059387 0.049862 0.032258 0.023806 0.032258 5120 5897
35 62.310000 60.320000 1000000 8.445696 11.124690 8.409848 11.497255 0.023811 0.032258 0.074773 0.067457 0.032258 0.023804 0.032258 5890 6280
35 62.310000 60.320000 1000000 8.442302 11.123974 8.406411 11.491390 0.023812 0.032258 0.080105 0.073322 0.032258 0.023805 0.032258 6280 7209
35 62.310000 60.320000 1000000 8.390378 11.116805 8.355894 11.439582 0.023813 0.032258 0.069527 0.061591 0.032258 0.023808 0.032258 7200 7946
35 62.310000 60.320000 1000000 8.383427 11.116088 8.357065 11.440559 0.023813 0.032258 0.064389 0.055725 0.032258 0.023808 0.032258 7940 7995
35 62.310000 60.320000 1000000 8.378249 11.115371 8.351837 11.434694 0.023812 0.032258 0.069525 0.061589 0.032258 0.023807 0.032258 7990 9293
35 62.310000 60.320000 1000000 8.366874 11.113221 8.339362 11.414900 0.023815 0.032258 0.059383 0.049858 0.032258 0.023810 0.032258 9290 16189
35 62.310000 60.320000 1000000 8.043294 8.976664 7.850307 10.919543 0.023487 0.032258 0.150139 0.146632 0.032258 0.023331 0.032258 11120 21194
35 62.310000 60.320000 1000000 7.582636 8.740464 7.666211 10.671009 0.023064 0.032258 0.420598 0.419359 0.032258 0.023157 0.032258 17510 24730
35 62.310000 60.320000 1000000 7.458180 8.723260 7.548315 10.539533 0.023115 0.032258 0.496653 0.495605 0.032258 0.023223 0.032258 19880 33317
35 62.310000 60.320000 1000000 7.429538 8.718958 7.526260 10.518028 0.023142 0.032258 0.473231 0.472131 0.032258 0.023241 0.032258 20620 33191
35 62.310000 60.320000 1000000 7.246903 8.686701 7.350916 10.254101 0.023115 0.032258 0.654741 0.653946 0.032258 0.023200 0.032258 20670 33074
35 62.310000 60.320000 1000000 6.959711 8.371647 6.960035 9.890710 0.023039 0.032258 0.435203 0.434005 0.032258 0.023070 0.032258 33070 33317
35 62.310000 60.320000 1000000 6.952062 8.370931 6.952387 9.884845 0.023048 0.032258 0.429354 0.428140 0.032258 0.023079 0.032258 33310 35774
35 62.310000 60.320000 1000000 6.947168 8.370214 6.945656 9.876781 0.023042 0.032258 0.423506 0.422275 0.032258 0.023071 0.032258 35770 37130
35 62.310000 60.320000 1000000 6.942373 8.369497 6.939056 9.868716 0.023035 0.032258 0.417658 0.416410 0.032258 0.023062 0.032258 37130 39301
35 62.310000 60.320000 1000000 6.721606 8.341540 6.717951 9.639979 0.023101 0.032258 0.201996 0.199403 0.032258 0.023132 0.032258 39300 44186
35 62.310000 60.320000 1000000 6.692283 8.335805 6.701715 9.618230 0.023123 0.032258 0.207788 0.205269 0.032258 0.023129 0.032258 44180 63594
35 62.310000 60.320000 1000000 6.514448 8.304264 6.520476 9.355769 0.023172 0.032258 0.225189 0.222866 0.032258 0.023172 0.032258 53410 57663
35 62.310000 60.320000 1000000 6.473560 8.298530 6.464212 9.291253 0.023261 0.032258 0.201997 0.199404 0.032258 0.023296 0.032258 53530 57336
35 62.310000 60.320000 1000000 6.455411 8.294946 6.459846 9.287099 0.023300 0.032258 0.201997 0.199404 0.032258 0.023305 0.032258 57330 57663
35 62.310000 60.320000 1000000 6.449828 8.294229 6.452182 9.279034 0.023296 0.032258 0.196209 0.193539 0.032258 0.023299 0.032258 57660 70946
35 62.310000 60.320000 1000000 6.353733 8.264121 6.467770 9.320090 0.023402 0.032258 0.435205 0.434008 0.032258 0.023284 0.032258 61170 80067
35 62.310000 60.320000 1000000 6.095642 8.155161 6.145523 8.790770 0.023623 0.032258 0.213584 0.211134 0.032258 0.023527 0.032258 80060 89556
35 62.310000 60.320000 1000000 5.944313 7.984914 5.930465 8.094800 0.023822 0.032258 0.085493 0.079173 0.032258 0.023819 0.032258 89550 138743
35 62.310000 60.320000 1000000 5.879865 7.747998 5.839447 7.977257 0.023814 0.032258 0.093700 0.087972 0.032258 0.023810 0.032258 115200 164338
35 62.310000 60.320000 1000000 5.872486 7.746565 5.831913 7.965526 0.023818 0.032258 0.082785 0.076242 0.032258 0.023815 0.032258 120580 169844
35 62.310000 60.320000 1000000 5.813095 7.738679 5.779601 7.905898 0.023822 0.032258 0.077417 0.070377 0.032258 0.023819 0.032258 169840 217667
35 62.310000 60.320000 1000000 5.762409 7.732945 5.767416 7.890991 0.023821 0.032258 0.052210 0.041052 0.032258 0.023819 0.032258 217660 272099
35 62.310000 60.320000 1000000 5.743296 7.725776 5.745637 7.813768 0.023827 0.032258 0.039890 0.023466 0.032258 0.023826 0.032258 268010 278898
35 62.310000 60.320000 1000000 5.739989 7.725059 5.742333 7.807903 0.023828 0.032258 0.039891 0.023468 0.032258 0.023827 0.032258 278890 313616
35 62.310000 60.320000 1000000 5.725098 7.722909 5.744801 7.810835 0.023825 0.032258 0.047743 0.035197 0.032258 0.023827 0.032258 313610 313926
35 62.310000 60.320000 1000000 5.713651 7.665203 5.727466 7.797394 0.023823 0.032258 0.045625 0.032265 0.032258 0.023825 0.032258 313920 335415
35 62.310000 60.320000 1000000 5.674824 7.491370 5.671335 7.751207 0.023816 0.032258 0.043599 0.029331 0.032258 0.023812 0.032258 335410 347991
35 62.310000 60.320000 1000000 5.672186 7.490653 5.667699 7.743143 0.023817 0.032258 0.039890 0.023466 0.032258 0.023813 0.032258 347990 396986
35 62.310000 60.320000 1000000 5.666503 7.489936 5.662003 7.737278 0.023817 0.032258 0.039890 0.023466 0.032258 0.023814 0.032258 396980 397386
35 62.310000 60.320000 1000000 5.661482 7.489220 5.656970 7.731412 0.023818 0.032258 0.039890 0.023466 0.032258 0.023815 0.032258 397380 399251
35 62.310000 60.320000 1000000 5.656571 7.488503 5.652047 7.725547 0.023819 0.032258 0.039891 0.023467 0.032258 0.023816 0.032258 399250 519687
35 62.310000 60.320000 1000000 5.649958 7.487786 5.653150 7.726525 0.023817 0.032258 0.039891 0.023467 0.032258 0.023816 0.032258 519680 554862
35 62.310000 60.320000 1000000 5.648217 7.487069 5.653439 7.727502 0.023818 0.032258 0.039891 0.023467 0.032258 0.023816 0.032258 554860 747710
35 62.310000 60.320000 1000000 5.633254 7.484918 5.632891 7.703309 0.023818 0.032258 0.036748 0.017602 0.032258 0.023816 0.032258 747710 840827
35 62.310000 60.320000 1000000 5.629834 7.484202 5.629471 7.697444 0.023819 0.032258 0.039891 0.023467 0.032258 0.023817 0.032258 840820 854066
35 62.310000 60.320000 1000000 5.624166 7.483485 5.623802 7.691579 0.023819 0.032258 0.039890 0.023466 0.032258 0.023817 0.032258 854060 974569
35 62.310000 60.320000 1000000 5.618623 7.482768 5.618258 7.685714 0.023819 0.032258 0.039890 0.023466 0.032258 0.023817 0.032258 974560 1000000
35 62.310000 60.320000 1000000 5.618623 7.482768 5.618258 7.685714 0.023819 0.032258 0.039890 0.023466 0.032258 0.023817 0.032258 999990 1000000
