54 62.310000 60.320000 1000000 12.612528 17.405011 12.821120 17.260676 0.023791 0.032258 0.315439 0.313785 0.032258 0.023831 0.032258 0 50
54 62.310000 60.320000 1000000 9.791527 14.161964 9.982740 13.411968 0.023715 0.032258 0.216491 0.214074 0.032258 0.023721 0.032258 50 81
54 62.310000 60.320000 1000000 9.418764 13.096014 9.489330 12.912703 0.023808 0.032258 0.096459 0.090905 0.032258 0.023806 0.032258 70 116
54 62.310000 60.320000 1000000 9.204751 12.223975 9.183912 12.658306 0.023814 0.032258 0.088216 0.082106 0.032258 0.023808 0.032258 80 124
54 62.310000 60.320000 1000000 9.116497 12.205337 9.107589 12.546869 0.023818 0.032258 0.138697 0.134894 0.032258 0.023810 0.032258 120 167
54 62.310000 60.320000 1000000 9.095846 12.190642 9.076318 12.364076 0.023826 0.032258 0.107596 0.102647 0.032258 0.023821 0.032258 160 193
54 62.310000 60.320000 1000000 9.026995 12.180606 9.017330 12.284654 0.023826 0.032258 0.090961 0.085049 0.032258 0.023824 0.032258 190 219
54 62.310000 60.320000 1000000 8.992326 12.173438 8.984637 12.235290 0.023828 0.032258 0.064387 0.055724 0.032258 0.023825 0.032258 210 252
54 62.310000 60.320000 1000000 8.973059 12.169853 8.973672 12.212807 0.023826 0.032258 0.085504 0.079186 0.032258 0.023823 0.032258 250 265
54 62.310000 60.320000 1000000 8.956253 12.109997 8.956625 12.202299 0.023827 0.032258 0.104790 0.099701 0.032258 0.023823 0.032258 260 323
54 62.310000 60.320000 1000000 8.829066 12.088492 8.817270 12.015350 0.023790 0.032258 0.242617 0.240463 0.032258 0.023787 0.032258 290 324
54 62.310000 60.320000 1000000 8.768547 12.080606 8.734358 11.928840 0.023774 0.032258 0.248431 0.246328 0.032258 0.023767 0.032258 320 355
54 62.310000 60.320000 1000000 8.726897 12.076305 8.735625 11.927862 0.023778 0.032258 0.242618 0.240464 0.032258 0.023767 0.032258 350 431
54 62.310000 60.320000 1000000 8.464518 11.288137 8.372132 11.340136 0.023782 0.032258 0.268809 0.266866 0.032258 0.023788 0.032258 400 412
54 62.310000 60.320000 1000000 8.459396 11.287420 8.366838 11.334271 0.023783 0.032258 0.262987 0.261001 0.032258 0.023790 0.032258 410 431
54 62.310000 60.320000 1000000 8.457439 11.286703 8.367175 11.335248 0.023784 0.032258 0.262987 0.261001 0.032258 0.023790 0.032258 430 448
54 62.310000 60.320000 1000000 8.368896 11.276667 8.358010 11.312766 0.023796 0.032258 0.193332 0.190622 0.032258 0.023797 0.032258 440 521
54 62.310000 60.320000 1000000 8.336367 11.270933 8.320770 11.257048 0.023808 0.032258 0.158738 0.155426 0.032258 0.023812 0.032258 490 615
54 62.310000 60.320000 1000000 8.292364 11.258746 8.259736 11.119952 0.023818 0.032258 0.158739 0.155427 0.032258 0.023828 0.032258 500 708
54 62.310000 60.320000 1000000 8.204657 11.239392 8.202026 11.037108 0.023821 0.032258 0.141558 0.137833 0.032258 0.023818 0.032258 580 730
54 62.310000 60.320000 1000000 8.070134 11.213585 8.126764 10.929337 0.023816 0.032258 0.107585 0.102635 0.032258 0.023813 0.032258 730 940
54 62.310000 60.320000 1000000 8.057371 11.155880 8.107647 10.915897 0.023819 0.032258 0.104791 0.099702 0.032258 0.023817 0.032258 940 999
54 62.310000 60.320000 1000000 8.044768 11.098174 8.088726 10.902456 0.023822 0.032258 0.102005 0.096770 0.032258 0.023820 0.032258 990 1229
54 62.310000 60.320000 1000000 7.901795 10.624340 7.888029 10.662966 0.023830 0.032258 0.069524 0.061588 0.032258 0.023826 0.032258 1220 2290
54 62.310000 60.320000 1000000 7.804690 10.444054 7.812775 10.598206 0.023827 0.032258 0.061866 0.052791 0.032258 0.023826 0.032258 1860 2361
54 62.310000 60.320000 1000000 7.755708 10.437603 7.754713 10.536623 0.023827 0.032258 0.066940 0.058655 0.032258 0.023824 0.032258 2220 2276
54 62.310000 60.320000 1000000 7.749820 10.436886 7.746611 10.528558 0.023825 0.032258 0.072135 0.064520 0.032258 0.023823 0.032258 2270 2361
54 62.310000 60.320000 1000000 7.746369 10.436169 7.743156 10.522693 0.023826 0.032258 0.066940 0.058655 0.032258 0.023824 0.032258 2360 2699
54 62.310000 60.320000 1000000 7.718458 10.374879 7.709109 10.479927 0.023827 0.032258 0.074767 0.067450 0.032258 0.023824 0.032258 2690 3391
54 62.310000 60.320000 1000000 7.695184 10.370578 7.698009 10.449624 0.023826 0.032258 0.080100 0.073318 0.032258 0.023825 0.032258 2820 4350
54 62.310000 60.320000 1000000 7.673204 10.367711 7.676054 10.426164 0.023828 0.032258 0.069524 0.061587 0.032258 0.023827 0.032258 4350 4842
54 62.310000 60.320000 1000000 7.670019 10.366994 7.672872 10.420299 0.023828 0.032258 0.069524 0.061587 0.032258 0.023827 0.032258 4840 6123
54 62.310000 60.320000 1000000 7.628498 10.356241 7.648385 10.393906 0.023829 0.032258 0.085493 0.079173 0.032258 0.023827 0.032258 6120 6430
54 62.310000 60.320000 1000000 7.623654 10.355524 7.643579 10.388041 0.023829 0.032258 0.085493 0.079173 0.032258 0.023827 0.032258 6430 7999
54 62.310000 60.320000 1000000 7.601057 10.351940 7.621159 10.358715 0.023830 0.032258 0.080092 0.073309 0.032258 0.023828 0.032258 7710 8968
54 62.310000 60.320000 1000000 7.581659 10.347639 7.598278 10.312039 0.023829 0.032258 0.080091 0.073308 0.032258 0.023826 0.032258 8960 9360
54 62.310000 60.320000 1000000 7.558305 10.344055 7.583166 10.289556 0.023831 0.032258 0.059376 0.049849 0.032258 0.023828 0.032258 9360 10653
54 62.310000 60.320000 1000000 7.543622 10.341904 7.576584 10.278804 0.023830 0.032258 0.069519 0.061581 0.032258 0.023827 0.032258 10650 12755
54 62.310000 60.320000 1000000 7.537859 10.338679 7.575423 10.268296 0.023829 0.032258 0.082787 0.076244 0.032258 0.023828 0.032258 12750 14528
54 62.310000 60.320000 1000000 7.486953 10.330793 7.506215 10.179586 0.023820 0.032258 0.099230 0.093840 0.032258 0.023813 0.032258 14510 19079
54 62.310000 60.320000 1000000 7.363480 9.976315 7.398202 10.065462 0.023821 0.032258 0.080096 0.073313 0.032258 0.023824 0.032258 18430 19410
54 62.310000 60.320000 1000000 7.293614 9.629363 7.292576 9.976753 0.023811 0.032258 0.069519 0.061582 0.032258 0.023807 0.032258 19410 20698
54 62.310000 60.320000 1000000 7.268300 9.624345 7.267252 9.935697 0.023816 0.032258 0.069517 0.061580 0.032258 0.023812 0.032258 20690 46087
54 62.310000 60.320000 1000000 7.126629 9.592445 7.133380 9.692542 0.023819 0.032258 0.133000 0.129029 0.032258 0.023815 0.032258 37290 49594
54 62.310000 60.320000 1000000 7.027092 9.575958 7.087141 9.585017 0.023812 0.032258 0.161607 0.158354 0.032258 0.023820 0.032258 49590 51165
54 62.310000 60.320000 1000000 7.024419 9.575241 7.083557 9.576953 0.023813 0.032258 0.155864 0.152489 0.032258 0.023821 0.032258 51160 77794
54 62.310000 60.320000 1000000 7.005027 9.571657 7.064649 9.547628 0.023811 0.032258 0.144410 0.140761 0.032258 0.023818 0.032258 53330 81139
54 62.310000 60.320000 1000000 6.868361 9.494596 6.906707 9.347237 0.023819 0.032258 0.102003 0.096768 0.032258 0.023817 0.032258 81130 86592
54 62.310000 60.320000 1000000 6.862061 9.493879 6.898184 9.339173 0.023819 0.032258 0.096457 0.090903 0.032258 0.023817 0.032258 86590 134471
54 62.310000 60.320000 1000000 6.801459 9.259472 6.820401 9.283454 0.023828 0.032258 0.080095 0.073312 0.032258 0.023825 0.032258 134470 155702
54 62.310000 60.320000 1000000 6.775888 9.252303 6.787157 9.206477 0.023829 0.032258 0.064381 0.055716 0.032258 0.023826 0.032258 155700 205596
54 62.310000 60.320000 1000000 6.681865 9.238683 6.757486 9.172753 0.023814 0.032258 0.113195 0.108502 0.032258 0.023825 0.032258 205590 211255
54 62.310000 60.320000 1000000 6.680567 9.237608 6.755568 9.159312 0.023814 0.032258 0.110388 0.105569 0.032258 0.023826 0.032258 211250 332869
54 62.310000 60.320000 1000000 6.558872 8.714671 6.579872 9.004621 0.023818 0.032258 0.080095 0.073311 0.032258 0.023817 0.032258 332860 381780
54 62.310000 60.320000 1000000 6.529199 8.709653 6.552369 8.970407 0.023816 0.032258 0.118829 0.114367 0.032258 0.023814 0.032258 381780 417967
54 62.310000 60.320000 1000000 6.504462 8.702126 6.522904 8.888298 0.023818 0.032258 0.099229 0.093840 0.032258 0.023817 0.032258 417960 514982
54 62.310000 60.320000 1000000 6.497192 8.699976 6.512986 8.864104 0.023818 0.032258 0.104791 0.099702 0.032258 0.023817 0.032258 423610 564210
54 62.310000 60.320000 1000000 6.453557 8.687431 6.462107 8.731410 0.023826 0.032258 0.080099 0.073316 0.032258 0.023824 0.032258 564210 565341
54 62.310000 60.320000 1000000 6.447159 8.686714 6.453339 8.723345 0.023826 0.032258 0.080099 0.073316 0.032258 0.023825 0.032258 565340 644079
54 62.310000 60.320000 1000000 6.370699 8.673811 6.377104 8.617774 0.023828 0.032258 0.064385 0.055721 0.032258 0.023825 0.032258 636960 883279
54 62.310000 60.320000 1000000 6.299042 8.493525 6.285258 8.535174 0.023831 0.032258 0.047738 0.035190 0.032258 0.023829 0.032258 883270 1000000
54 62.310000 60.320000 1000000 6.299042 8.493525 6.285258 8.535174 0.023831 0.032258 0.047738 0.035190 0.032258 0.023829 0.032258 999990 1000000
