13 62.310000 60.320000 1000000 12.729025 17.714691 12.777543 17.280225 0.023814 0.032258 0.107589 0.102639 0.032258 0.023808 0.032258 0 50
13 62.310000 60.320000 1000000 10.243992 14.937604 10.485801 13.536608 0.023580 0.032258 0.566899 0.565980 0.032258 0.023613 0.032258 50 60
13 62.310000 60.320000 1000000 9.311495 12.507845 9.326354 12.699362 0.023823 0.032258 0.099227 0.093837 0.032258 0.023817 0.032258 60 86
13 62.310000 60.320000 1000000 9.167418 12.485623 9.292838 12.607477 0.023796 0.032258 0.127320 0.123166 0.032258 0.023837 0.032258 80 97
13 62.310000 60.320000 1000000 8.700454 10.731149 8.624116 11.958409 0.023670 0.032258 0.158730 0.155417 0.032258 0.023627 0.032258 90 102
13 62.310000 60.320000 1000000 8.663664 10.668426 8.586286 11.917598 0.023673 0.032258 0.150132 0.146626 0.032258 0.023626 0.032258 100 119
13 62.310000 60.320000 1000000 8.429404 10.607136 8.335784 11.332562 0.023752 0.032258 0.124494 0.120243 0.032258 0.023723 0.032258 110 121
13 62.310000 60.320000 1000000 8.244056 10.577029 8.231573 11.229922 0.023770 0.032258 0.124493 0.120241 0.032258 0.023750 0.032258 120 157
13 62.310000 60.320000 1000000 8.092838 10.552656 8.045946 10.988965 0.023771 0.032258 0.141560 0.137836 0.032258 0.023759 0.032258 150 230
13 62.310000 60.320000 1000000 7.972754 10.531509 7.923020 10.811303 0.023779 0.032258 0.167367 0.164229 0.032258 0.023774 0.032258 230 293
13 62.310000 60.320000 1000000 7.892223 10.465918 7.893804 10.781245 0.023790 0.032258 0.130167 0.126107 0.032258 0.023786 0.032258 290 443
13 62.310000 60.320000 1000000 7.811828 10.454449 7.838807 10.714773 0.023792 0.032258 0.130167 0.126107 0.032258 0.023793 0.032258 440 487
13 62.310000 60.320000 1000000 7.782399 10.336169 7.796660 10.655145 0.023791 0.032258 0.124494 0.120242 0.032258 0.023788 0.032258 480 623
13 62.310000 60.320000 1000000 7.416705 9.881333 7.414803 10.184962 0.023814 0.032258 0.104789 0.099700 0.032258 0.023809 0.032258 620 805
13 62.310000 60.320000 1000000 7.403783 9.873806 7.401298 10.111649 0.023818 0.032258 0.096456 0.090902 0.032258 0.023814 0.032258 800 1008
13 62.310000 60.320000 1000000 7.383874 9.870939 7.381369 10.088189 0.023821 0.032258 0.096456 0.090902 0.032258 0.023817 0.032258 930 1113
13 62.310000 60.320000 1000000 7.376925 9.868071 7.373054 10.055443 0.023823 0.032258 0.090960 0.085048 0.032258 0.023819 0.032258 1110 1236
13 62.310000 60.320000 1000000 7.326985 9.692086 7.305333 9.991660 0.023820 0.032258 0.077427 0.070387 0.032258 0.023813 0.032258 1190 1565
13 62.310000 60.320000 1000000 7.325253 9.691369 7.305625 9.992637 0.023820 0.032258 0.077427 0.070387 0.032258 0.023813 0.032258 1560 1579
13 62.310000 60.320000 1000000 7.320370 9.690653 7.300702 9.986772 0.023821 0.032258 0.077425 0.070385 0.032258 0.023814 0.032258 1570 1715
13 62.310000 60.320000 1000000 7.273592 9.682767 7.235615 9.898063 0.023824 0.032258 0.066936 0.058650 0.032258 0.023820 0.032258 1680 2385
13 62.310000 60.320000 1000000 7.236270 9.678466 7.222791 9.883400 0.023822 0.032258 0.052212 0.041055 0.032258 0.023820 0.032258 1700 3429
13 62.310000 60.320000 1000000 7.217554 9.672732 7.217141 9.831593 0.023822 0.032258 0.061863 0.052787 0.032258 0.023822 0.032258 2710 3855
13 62.310000 60.320000 1000000 7.197338 9.665563 7.205106 9.805201 0.023825 0.032258 0.052210 0.041053 0.032258 0.023823 0.032258 2830 4597
13 62.310000 60.320000 1000000 7.178243 9.661979 7.184290 9.771476 0.023828 0.032258 0.056934 0.046914 0.032258 0.023826 0.032258 4590 6095
13 62.310000 60.320000 1000000 7.154268 9.602123 7.154325 9.740440 0.023829 0.032258 0.054545 0.043984 0.032258 0.023827 0.032258 6090 6257
13 62.310000 60.320000 1000000 7.152643 9.601406 7.154596 9.741418 0.023829 0.032258 0.054545 0.043984 0.032258 0.023827 0.032258 6250 6666
13 62.310000 60.320000 1000000 7.149267 9.600689 7.151223 9.735553 0.023830 0.032258 0.049937 0.038119 0.032258 0.023827 0.032258 6660 7265
13 62.310000 60.320000 1000000 7.144314 9.599972 7.146274 9.729688 0.023831 0.032258 0.045617 0.032254 0.032258 0.023828 0.032258 7260 8960
13 62.310000 60.320000 1000000 7.134667 9.598538 7.136635 9.717957 0.023831 0.032258 0.045616 0.032253 0.032258 0.023828 0.032258 8800 13293
13 62.310000 60.320000 1000000 7.113951 9.539399 7.109895 9.692786 0.023830 0.032258 0.056935 0.046915 0.032258 0.023826 0.032258 13290 13382
13 62.310000 60.320000 1000000 7.112331 9.538682 7.110166 9.693764 0.023830 0.032258 0.056938 0.046918 0.032258 0.023826 0.032258 13380 19502
13 62.310000 60.320000 1000000 7.101399 9.537248 7.099223 9.682034 0.023829 0.032258 0.056938 0.046918 0.032258 0.023826 0.032258 14450 24638
13 62.310000 60.320000 1000000 7.082017 9.532947 7.079824 9.646843 0.023830 0.032258 0.066932 0.058646 0.032258 0.023827 0.032258 18880 20028
13 62.310000 60.320000 1000000 7.063150 9.529363 7.059926 9.626804 0.023830 0.032258 0.077416 0.070375 0.032258 0.023826 0.032258 20020 24638
13 62.310000 60.320000 1000000 6.991999 9.350511 7.009531 9.564488 0.023824 0.032258 0.080094 0.073310 0.032258 0.023823 0.032258 23870 33377
13 62.310000 60.320000 1000000 6.934687 9.341192 6.960410 9.495085 0.023825 0.032258 0.080096 0.073313 0.032258 0.023824 0.032258 33370 36117
13 62.310000 60.320000 1000000 6.932035 9.339041 6.956402 9.468204 0.023826 0.032258 0.074765 0.067448 0.032258 0.023825 0.032258 34370 37275
13 62.310000 60.320000 1000000 6.926315 9.338324 6.950742 9.462339 0.023827 0.032258 0.074765 0.067448 0.032258 0.023825 0.032258 37270 43345
13 62.310000 60.320000 1000000 6.888056 9.270225 6.895450 9.322558 0.023829 0.032258 0.064389 0.055726 0.032258 0.023828 0.032258 43340 44432
13 62.310000 60.320000 1000000 6.886376 9.269508 6.895729 9.323535 0.023830 0.032258 0.064389 0.055726 0.032258 0.023828 0.032258 44430 50033
13 62.310000 60.320000 1000000 6.880659 9.268791 6.890036 9.317670 0.023830 0.032258 0.059386 0.049861 0.032258 0.023828 0.032258 50030 57342
13 62.310000 60.320000 1000000 6.874262 9.268074 6.881271 9.309606 0.023831 0.032258 0.059386 0.049861 0.032258 0.023829 0.032258 57340 100028
13 62.310000 60.320000 1000000 6.818428 9.146211 6.809588 9.221140 0.023828 0.032258 0.080099 0.073316 0.032258 0.023825 0.032258 68390 91742
13 62.310000 60.320000 1000000 6.815068 9.144777 6.810150 9.223096 0.023828 0.032258 0.069523 0.061586 0.032258 0.023825 0.032258 68420 86611
13 62.310000 60.320000 1000000 6.792996 9.141910 6.813815 9.227006 0.023826 0.032258 0.074772 0.067456 0.032258 0.023825 0.032258 86610 91742
13 62.310000 60.320000 1000000 6.781605 9.084204 6.796549 9.213565 0.023825 0.032258 0.072138 0.064524 0.032258 0.023823 0.032258 91740 100028
13 62.310000 60.320000 1000000 6.765241 9.082053 6.775434 9.191571 0.023827 0.032258 0.066943 0.058659 0.032258 0.023825 0.032258 100020 113536
13 62.310000 60.320000 1000000 6.749538 9.078111 6.759168 9.154670 0.023827 0.032258 0.064388 0.055725 0.032258 0.023826 0.032258 113530 136789
13 62.310000 60.320000 1000000 6.718276 9.073093 6.722889 9.104817 0.023832 0.032258 0.059382 0.049857 0.032258 0.023830 0.032258 136780 137311
13 62.310000 60.320000 1000000 6.712611 9.072376 6.717236 9.098952 0.023832 0.032258 0.054552 0.043992 0.032258 0.023830 0.032258 137310 141766
13 62.310000 60.320000 1000000 6.705805 9.071659 6.718366 9.099929 0.023831 0.032258 0.059383 0.049857 0.032258 0.023831 0.032258 141760 157375
13 62.310000 60.320000 1000000 6.699450 9.070942 6.709673 9.091865 0.023831 0.032258 0.059382 0.049857 0.032258 0.023831 0.032258 157370 162914
13 62.310000 60.320000 1000000 6.670084 8.954814 6.665825 9.056919 0.023830 0.032258 0.054551 0.043992 0.032258 0.023828 0.032258 162910 227912
13 62.310000 60.320000 1000000 6.666713 8.953380 6.666388 9.058874 0.023831 0.032258 0.045622 0.032262 0.032258 0.023828 0.032258 167430 456920
13 62.310000 60.320000 1000000 6.645826 8.949079 6.645498 9.023683 0.023832 0.032258 0.041681 0.026396 0.032258 0.023829 0.032258 199450 238460
13 62.310000 60.320000 1000000 6.641972 8.948362 6.641643 9.017818 0.023831 0.032258 0.045622 0.032261 0.032258 0.023829 0.032258 238460 456920
13 62.310000 60.320000 1000000 6.568990 8.938326 6.556647 8.933996 0.023824 0.032258 0.069518 0.061581 0.032258 0.023819 0.032258 295690 548698
13 62.310000 60.320000 1000000 6.402095 8.577037 6.400531 8.771484 0.023822 0.032258 0.074761 0.067443 0.032258 0.023819 0.032258 548690 842204
13 62.310000 60.320000 1000000 6.389549 8.570944 6.387941 8.716989 0.023826 0.032258 0.066932 0.058646 0.032258 0.023823 0.032258 646470 883923
13 62.310000 60.320000 1000000 6.361917 8.566643 6.377969 8.702327 0.023826 0.032258 0.061861 0.052785 0.032258 0.023826 0.032258 883920 1000000
13 62.310000 60.320000 1000000 6.354385 8.560192 6.366537 8.621684 0.023827 0.032258 0.061867 0.052791 0.032258 0.023827 0.032258 999990 1000000
