36 62.310000 60.320000 1000000 12.473295 16.553748 12.326476 17.014583 0.023792 0.032258 0.417654 0.416407 0.032258 0.023799 0.032258 0 50
36 62.310000 60.320000 1000000 10.150374 11.201397 10.258592 14.191527 0.023125 0.032258 0.461530 0.460402 0.032258 0.023167 0.032258 50 60
36 62.310000 60.320000 1000000 8.627600 10.807851 8.643854 12.322283 0.023534 0.032258 0.193315 0.190604 0.032258 0.023494 0.032258 60 73
36 62.310000 60.320000 1000000 8.326517 10.739393 8.314493 11.615790 0.023620 0.032258 0.213595 0.211145 0.032258 0.023627 0.032258 70 84
36 62.310000 60.320000 1000000 8.058218 10.669860 8.082635 11.104555 0.023761 0.032258 0.161617 0.158365 0.032258 0.023745 0.032258 80 91
36 62.310000 60.320000 1000000 7.792850 10.350506 7.823062 10.813012 0.023725 0.032258 0.199118 0.196488 0.032258 0.023704 0.032258 90 102
36 62.310000 60.320000 1000000 7.662668 10.217890 7.671835 10.625818 0.023748 0.032258 0.118838 0.114376 0.032258 0.023737 0.032258 100 112
36 62.310000 60.320000 1000000 7.623655 10.208930 7.619932 10.525868 0.023777 0.032258 0.072138 0.064523 0.032258 0.023776 0.032258 110 142
36 62.310000 60.320000 1000000 7.556745 10.195310 7.541062 10.392438 0.023803 0.032258 0.082792 0.076249 0.032258 0.023808 0.032258 140 186
36 62.310000 60.320000 1000000 7.512606 10.169862 7.514300 10.203536 0.023821 0.032258 0.074772 0.067456 0.032258 0.023817 0.032258 160 179
36 62.310000 60.320000 1000000 7.511445 10.168787 7.512528 10.190096 0.023821 0.032258 0.077428 0.070388 0.032258 0.023817 0.032258 170 186
36 62.310000 60.320000 1000000 7.491839 10.109647 7.486755 10.164924 0.023821 0.032258 0.074774 0.067458 0.032258 0.023816 0.032258 180 261
36 62.310000 60.320000 1000000 7.431553 10.099253 7.449963 10.095766 0.023825 0.032258 0.077428 0.070388 0.032258 0.023823 0.032258 260 320
36 62.310000 60.320000 1000000 7.429860 10.098536 7.450243 10.096743 0.023825 0.032258 0.077428 0.070388 0.032258 0.023823 0.032258 320 373
36 62.310000 60.320000 1000000 7.388836 9.924702 7.388756 10.048357 0.023824 0.032258 0.069527 0.061590 0.032258 0.023820 0.032258 370 437
36 62.310000 60.320000 1000000 7.363788 9.917533 7.356887 9.976754 0.023830 0.032258 0.059384 0.049858 0.032258 0.023828 0.032258 430 469
36 62.310000 60.320000 1000000 7.353856 9.913949 7.354560 9.974799 0.023832 0.032258 0.045619 0.032257 0.032258 0.023829 0.032258 460 471
36 62.310000 60.320000 1000000 7.342387 9.856243 7.337022 9.961358 0.023831 0.032258 0.047736 0.035188 0.032258 0.023828 0.032258 470 508
36 62.310000 60.320000 1000000 7.331574 9.854093 7.328019 9.950605 0.023830 0.032258 0.061860 0.052783 0.032258 0.023827 0.032258 500 511
36 62.310000 60.320000 1000000 7.324609 9.853376 7.329180 9.951583 0.023830 0.032258 0.061861 0.052785 0.032258 0.023827 0.032258 510 588
36 62.310000 60.320000 1000000 7.260907 9.672015 7.245540 9.829884 0.023828 0.032258 0.061866 0.052790 0.032258 0.023824 0.032258 580 621
36 62.310000 60.320000 1000000 7.185871 9.663413 7.205707 9.789317 0.023827 0.032258 0.061866 0.052791 0.032258 0.023826 0.032258 620 892
36 62.310000 60.320000 1000000 7.140224 9.653377 7.159614 9.709894 0.023828 0.032258 0.077415 0.070374 0.032258 0.023827 0.032258 890 1086
36 62.310000 60.320000 1000000 7.101736 9.479542 7.103314 9.663706 0.023826 0.032258 0.069513 0.061575 0.032258 0.023822 0.032258 1080 1106
36 62.310000 60.320000 1000000 7.085306 9.476675 7.086895 9.640246 0.023828 0.032258 0.069516 0.061578 0.032258 0.023824 0.032258 1100 1195
36 62.310000 60.320000 1000000 7.056203 9.473091 7.048058 9.602123 0.023830 0.032258 0.045616 0.032253 0.032258 0.023827 0.032258 1190 1271
36 62.310000 60.320000 1000000 7.054932 9.472016 7.046110 9.588683 0.023831 0.032258 0.043598 0.029330 0.032258 0.023828 0.032258 1270 1585
36 62.310000 60.320000 1000000 7.053271 9.471299 7.046388 9.589660 0.023831 0.032258 0.043594 0.029324 0.032258 0.023828 0.032258 1580 2870
36 62.310000 60.320000 1000000 7.039872 9.469148 7.041087 9.578907 0.023831 0.032258 0.047737 0.035188 0.032258 0.023828 0.032258 2870 3830
36 62.310000 60.320000 1000000 7.034244 9.466281 7.034149 9.546161 0.023831 0.032258 0.052218 0.041063 0.032258 0.023828 0.032258 3830 4418
36 62.310000 60.320000 1000000 7.022856 9.408575 7.016728 9.532721 0.023830 0.032258 0.054553 0.043994 0.032258 0.023827 0.032258 4410 4979
36 62.310000 60.320000 1000000 7.020382 9.407858 7.013317 9.524656 0.023830 0.032258 0.054550 0.043990 0.032258 0.023827 0.032258 4970 5040
36 62.310000 60.320000 1000000 7.009161 9.350152 6.996099 9.511215 0.023828 0.032258 0.056941 0.046922 0.032258 0.023825 0.032258 5040 7855
36 62.310000 60.320000 1000000 6.965988 9.344418 6.947886 9.459896 0.023830 0.032258 0.052212 0.041055 0.032258 0.023828 0.032258 6690 7826
36 62.310000 60.320000 1000000 6.960689 9.343701 6.942546 9.454031 0.023829 0.032258 0.056939 0.046920 0.032258 0.023827 0.032258 7820 7855
36 62.310000 60.320000 1000000 6.949412 9.285995 6.925159 9.440590 0.023828 0.032258 0.059379 0.049853 0.032258 0.023825 0.032258 7850 8405
36 62.310000 60.320000 1000000 6.921039 9.282411 6.887239 9.402467 0.023825 0.032258 0.064381 0.055717 0.032258 0.023823 0.032258 8400 12796
36 62.310000 60.320000 1000000 6.919771 9.281335 6.885273 9.389027 0.023825 0.032258 0.066935 0.058650 0.032258 0.023823 0.032258 12790 13527
36 62.310000 60.320000 1000000 6.914752 9.279902 6.878264 9.372898 0.023826 0.032258 0.066937 0.058651 0.032258 0.023825 0.032258 13370 15553
36 62.310000 60.320000 1000000 6.899816 9.275601 6.871078 9.365078 0.023828 0.032258 0.061860 0.052783 0.032258 0.023826 0.032258 14360 16741
36 62.310000 60.320000 1000000 6.896548 9.274884 6.867769 9.359212 0.023829 0.032258 0.061859 0.052782 0.032258 0.023826 0.032258 16740 18332
36 62.310000 60.320000 1000000 6.889275 9.274167 6.868994 9.360190 0.023829 0.032258 0.056936 0.046917 0.032258 0.023826 0.032258 18330 24538
36 62.310000 60.320000 1000000 6.870992 9.266640 6.846359 9.273193 0.023831 0.032258 0.049943 0.038127 0.032258 0.023829 0.032258 24530 33292
36 62.310000 60.320000 1000000 6.856711 9.265207 6.848756 9.275148 0.023831 0.032258 0.041683 0.026399 0.032258 0.023828 0.032258 29490 35046
36 62.310000 60.320000 1000000 6.790132 9.030799 6.756482 9.189860 0.023826 0.032258 0.069522 0.061585 0.032258 0.023822 0.032258 35040 42234
36 62.310000 60.320000 1000000 6.788946 9.029724 6.754643 9.176420 0.023825 0.032258 0.072132 0.064517 0.032258 0.023823 0.032258 42230 52352
36 62.310000 60.320000 1000000 6.741537 9.021838 6.734817 9.143917 0.023828 0.032258 0.056946 0.046928 0.032258 0.023825 0.032258 52350 69574
36 62.310000 60.320000 1000000 6.722307 9.018971 6.710836 9.116058 0.023829 0.032258 0.052217 0.041062 0.032258 0.023826 0.032258 65060 76192
36 62.310000 60.320000 1000000 6.716532 9.018254 6.705031 9.110193 0.023830 0.032258 0.047743 0.035197 0.032258 0.023827 0.032258 76190 87887
36 62.310000 60.320000 1000000 6.706827 9.015387 6.691606 9.077935 0.023831 0.032258 0.066939 0.058653 0.032258 0.023828 0.032258 80530 109517
36 62.310000 60.320000 1000000 6.684621 9.011086 6.666929 9.040545 0.023831 0.032258 0.061863 0.052787 0.032258 0.023829 0.032258 109510 125774
36 62.310000 60.320000 1000000 6.622877 8.719331 6.579952 8.962833 0.023821 0.032258 0.061863 0.052786 0.032258 0.023816 0.032258 125770 147944
36 62.310000 60.320000 1000000 6.578361 8.712879 6.547213 8.930575 0.023825 0.032258 0.061859 0.052783 0.032258 0.023820 0.032258 147940 154655
36 62.310000 60.320000 1000000 6.574212 8.712162 6.543005 8.924710 0.023825 0.032258 0.061859 0.052783 0.032258 0.023821 0.032258 154650 159569
36 62.310000 60.320000 1000000 6.568901 8.711445 6.537617 8.918845 0.023825 0.032258 0.066934 0.058648 0.032258 0.023821 0.032258 159560 172300
36 62.310000 60.320000 1000000 6.500600 8.533310 6.459661 8.844310 0.023816 0.032258 0.069518 0.061581 0.032258 0.023809 0.032258 172300 225722
36 62.310000 60.320000 1000000 6.493265 8.532593 6.460904 8.845287 0.023817 0.032258 0.069518 0.061581 0.032258 0.023809 0.032258 225720 236762
36 62.310000 60.320000 1000000 6.486702 8.531876 6.451738 8.837223 0.023818 0.032258 0.064380 0.055716 0.032258 0.023811 0.032258 236760 277893
36 62.310000 60.320000 1000000 6.459051 8.527575 6.432275 8.808875 0.023820 0.032258 0.059378 0.049852 0.032258 0.023814 0.032258 277890 349182
36 62.310000 60.320000 1000000 6.442673 8.519332 6.408450 8.709415 0.023823 0.032258 0.072134 0.064519 0.032258 0.023819 0.032258 287380 456996
36 62.310000 60.320000 1000000 6.379672 8.510729 6.338558 8.632680 0.023826 0.032258 0.077422 0.070382 0.032258 0.023825 0.032258 456990 523085
36 62.310000 60.320000 1000000 6.356039 8.394601 6.304700 8.606776 0.023821 0.032258 0.077422 0.070382 0.032258 0.023819 0.032258 523080 663602
36 62.310000 60.320000 1000000 6.339126 8.392450 6.287368 8.589181 0.023822 0.032258 0.072131 0.064516 0.032258 0.023822 0.032258 579160 618245
36 62.310000 60.320000 1000000 6.306809 8.386716 6.280041 8.583316 0.023825 0.032258 0.066935 0.058649 0.032258 0.023820 0.032258 610870 663602
36 62.310000 60.320000 1000000 6.303426 8.385999 6.276614 8.577451 0.023825 0.032258 0.066934 0.058648 0.032258 0.023821 0.032258 663600 788235
36 62.310000 60.320000 1000000 6.279120 8.381698 6.250058 8.537861 0.023827 0.032258 0.052211 0.041054 0.032258 0.023825 0.032258 776540 839401
36 62.310000 60.320000 1000000 6.268072 8.323992 6.232918 8.524420 0.023825 0.032258 0.054547 0.043987 0.032258 0.023822 0.032258 839400 933951
36 62.310000 60.320000 1000000 6.243844 8.321124 6.198957 8.492162 0.023821 0.032258 0.069518 0.061581 0.032258 0.023819 0.032258 842740 1000000
36 62.310000 60.320000 1000000 6.243844 8.321124 6.198957 8.492162 0.023821 0.032258 0.069518 0.061581 0.032258 0.023819 0.032258 999990 1000000
