31 62.310000 60.320000 1000000 10.764793 15.133645 10.798942 14.200072 0.023755 0.032258 0.161618 0.158366 0.032258 0.023740 0.032258 0 50
31 62.310000 60.320000 1000000 9.665962 13.021461 9.702217 13.186881 0.023823 0.032258 0.124475 0.120222 0.032258 0.023824 0.032258 50 62
31 62.310000 60.320000 1000000 9.605836 12.950852 9.647893 13.108924 0.023824 0.032258 0.155858 0.152483 0.032258 0.023824 0.032258 60 78
31 62.310000 60.320000 1000000 9.439116 12.812501 9.457045 12.876766 0.023828 0.032258 0.088211 0.082101 0.032258 0.023824 0.032258 70 81
31 62.310000 60.320000 1000000 9.434820 12.809634 9.453247 12.850862 0.023829 0.032258 0.082781 0.076237 0.032258 0.023825 0.032258 80 129
31 62.310000 60.320000 1000000 9.385569 12.797448 9.388081 12.712301 0.023832 0.032258 0.047745 0.035200 0.032258 0.023829 0.032258 90 118
31 62.310000 60.320000 1000000 9.364594 12.795297 9.391561 12.715233 0.023831 0.032258 0.056948 0.046930 0.032258 0.023829 0.032258 100 112
31 62.310000 60.320000 1000000 9.356557 12.793505 9.390829 12.702770 0.023831 0.032258 0.064391 0.055728 0.032258 0.023829 0.032258 110 176
31 62.310000 60.320000 1000000 9.296432 12.671641 9.316879 12.641676 0.023832 0.032258 0.064377 0.055712 0.032258 0.023829 0.032258 170 207
31 62.310000 60.320000 1000000 9.265807 12.611068 9.280147 12.604774 0.023831 0.032258 0.072127 0.064511 0.032258 0.023828 0.032258 200 215
31 62.310000 60.320000 1000000 9.253945 12.553362 9.262090 12.591334 0.023832 0.032258 0.069516 0.061579 0.032258 0.023829 0.032258 210 244
31 62.310000 60.320000 1000000 9.161110 12.147269 9.135209 12.486495 0.023825 0.032258 0.088215 0.082105 0.032258 0.023819 0.032258 240 281
31 62.310000 60.320000 1000000 9.153449 12.142251 9.123801 12.424668 0.023826 0.032258 0.077431 0.070391 0.032258 0.023821 0.032258 280 343
31 62.310000 60.320000 1000000 9.114091 12.024689 9.070003 12.377992 0.023823 0.032258 0.077430 0.070390 0.032258 0.023816 0.032258 340 391
31 62.310000 60.320000 1000000 9.078209 12.019671 9.063950 12.357709 0.023824 0.032258 0.056948 0.046931 0.032258 0.023819 0.032258 360 388
31 62.310000 60.320000 1000000 9.071406 12.018954 9.065088 12.358686 0.023823 0.032258 0.056948 0.046931 0.032258 0.023819 0.032258 380 391
31 62.310000 60.320000 1000000 9.057413 12.014653 9.048416 12.319342 0.023824 0.032258 0.066944 0.058660 0.032258 0.023820 0.032258 390 473
31 62.310000 60.320000 1000000 9.010313 12.008202 8.993944 12.259958 0.023828 0.032258 0.056944 0.046926 0.032258 0.023824 0.032258 430 589
31 62.310000 60.320000 1000000 8.997988 12.006768 8.976890 12.243829 0.023827 0.032258 0.061866 0.052790 0.032258 0.023824 0.032258 500 528
31 62.310000 60.320000 1000000 8.991953 12.006051 8.968531 12.235765 0.023826 0.032258 0.066940 0.058655 0.032258 0.023823 0.032258 520 589
31 62.310000 60.320000 1000000 8.984005 12.003542 8.959836 12.210594 0.023827 0.032258 0.059385 0.049860 0.032258 0.023824 0.032258 580 969
31 62.310000 60.320000 1000000 8.969209 11.997807 8.942276 12.145101 0.023829 0.032258 0.069528 0.061591 0.032258 0.023826 0.032258 710 1127
31 62.310000 60.320000 1000000 8.861155 11.533292 8.803320 12.027799 0.023808 0.032258 0.085505 0.079186 0.032258 0.023800 0.032258 780 968
31 62.310000 60.320000 1000000 8.778324 11.522539 8.817170 12.042462 0.023790 0.032258 0.090965 0.085054 0.032258 0.023802 0.032258 900 1127
31 62.310000 60.320000 1000000 8.695565 11.172719 8.698834 11.925893 0.023768 0.032258 0.102015 0.096781 0.032258 0.023765 0.032258 1120 1278
31 62.310000 60.320000 1000000 8.679227 11.170568 8.696482 11.921983 0.023763 0.032258 0.102018 0.096784 0.032258 0.023767 0.032258 1270 1625
31 62.310000 60.320000 1000000 8.625990 11.104260 8.644694 11.858689 0.023767 0.032258 0.099225 0.093835 0.032258 0.023766 0.032258 1620 1737
31 62.310000 60.320000 1000000 8.619582 11.103543 8.638327 11.852824 0.023770 0.032258 0.093698 0.087970 0.032258 0.023768 0.032258 1730 2197
31 62.310000 60.320000 1000000 8.491397 11.086339 8.511000 11.712063 0.023762 0.032258 0.173109 0.170077 0.032258 0.023759 0.032258 2190 2410
31 62.310000 60.320000 1000000 8.471499 11.083113 8.511915 11.701554 0.023755 0.032258 0.181777 0.178892 0.032258 0.023761 0.032258 2410 2459
31 62.310000 60.320000 1000000 8.466133 11.082396 8.506625 11.695689 0.023757 0.032258 0.176008 0.173027 0.032258 0.023762 0.032258 2450 2943
31 62.310000 60.320000 1000000 8.329341 11.008203 8.317919 11.496765 0.023754 0.032258 0.104801 0.099713 0.032258 0.023755 0.032258 2940 3440
31 62.310000 60.320000 1000000 8.327874 11.007128 8.315668 11.483324 0.023755 0.032258 0.107595 0.102645 0.032258 0.023756 0.032258 3440 5335
31 62.310000 60.320000 1000000 8.296451 11.002110 8.286422 11.449111 0.023767 0.032258 0.085503 0.079184 0.032258 0.023768 0.032258 5330 5876
31 62.310000 60.320000 1000000 8.142691 10.863042 8.120126 11.228682 0.023773 0.032258 0.181773 0.178888 0.032258 0.023773 0.032258 5870 9698
31 62.310000 60.320000 1000000 8.041713 10.845121 8.025697 11.102582 0.023792 0.032258 0.085489 0.079169 0.032258 0.023789 0.032258 8220 9951
31 62.310000 60.320000 1000000 8.035807 10.843687 8.019755 11.090852 0.023790 0.032258 0.090948 0.085035 0.032258 0.023788 0.032258 8810 10624
31 62.310000 60.320000 1000000 8.030616 10.842970 8.014533 11.084987 0.023789 0.032258 0.090948 0.085035 0.032258 0.023787 0.032258 10620 14375
31 62.310000 60.320000 1000000 7.856007 10.342254 7.751199 10.509237 0.023804 0.032258 0.167367 0.164229 0.032258 0.023826 0.032258 14370 23053
31 62.310000 60.320000 1000000 7.725508 10.314298 7.660543 10.410507 0.023776 0.032258 0.173123 0.170091 0.032258 0.023782 0.032258 15830 22400
31 62.310000 60.320000 1000000 7.498857 10.063402 7.457423 10.230400 0.023774 0.032258 0.121662 0.117308 0.032258 0.023767 0.032258 22400 23053
31 62.310000 60.320000 1000000 7.496197 10.062685 7.453704 10.222336 0.023774 0.032258 0.121660 0.117306 0.032258 0.023768 0.032258 23050 34093
31 62.310000 60.320000 1000000 7.337796 10.042614 7.475526 10.240664 0.023668 0.032258 0.213597 0.211147 0.032258 0.023788 0.032258 34090 38889
31 62.310000 60.320000 1000000 7.254970 10.027201 7.424509 10.150976 0.023554 0.032258 0.332948 0.331382 0.032258 0.023727 0.032258 38880 48182
31 62.310000 60.320000 1000000 7.180954 10.015015 7.355543 10.051271 0.023568 0.032258 0.420595 0.419357 0.032258 0.023730 0.032258 42940 73775
31 62.310000 60.320000 1000000 6.781407 8.669139 6.797758 9.539054 0.023426 0.032258 0.225199 0.222877 0.032258 0.023472 0.032258 50440 55882
31 62.310000 60.320000 1000000 6.707646 8.599246 6.719462 9.425907 0.023395 0.032258 0.321273 0.319650 0.032258 0.023436 0.032258 55880 73775
31 62.310000 60.320000 1000000 6.549544 8.184552 6.530223 9.250688 0.023409 0.032258 0.219396 0.217011 0.032258 0.023411 0.032258 73770 102958
31 62.310000 60.320000 1000000 6.547582 8.183477 6.527197 9.237248 0.023412 0.032258 0.222297 0.219944 0.032258 0.023416 0.032258 102950 207759
31 62.310000 60.320000 1000000 6.087786 8.068425 6.133045 8.381944 0.023782 0.032258 0.116008 0.111433 0.032258 0.023793 0.032258 207750 260611
31 62.310000 60.320000 1000000 6.049848 8.060540 6.087770 8.299833 0.023797 0.032258 0.116006 0.111431 0.032258 0.023809 0.032258 260610 638020
31 62.310000 60.320000 1000000 5.938774 8.039035 5.972459 8.108486 0.023812 0.032258 0.132998 0.129027 0.032258 0.023816 0.032258 308680 500876
31 62.310000 60.320000 1000000 5.900551 7.921473 5.922763 8.064009 0.023814 0.032258 0.116007 0.111432 0.032258 0.023815 0.032258 500870 697584
31 62.310000 60.320000 1000000 5.869942 7.917889 5.914448 8.055211 0.023808 0.032258 0.127316 0.123162 0.032258 0.023818 0.032258 510730 582132
31 62.310000 60.320000 1000000 5.830886 7.910721 5.880018 8.010246 0.023818 0.032258 0.093699 0.087972 0.032258 0.023825 0.032258 582130 631708
31 62.310000 60.320000 1000000 5.825253 7.910004 5.874525 8.004381 0.023818 0.032258 0.093699 0.087972 0.032258 0.023824 0.032258 631700 879056
31 62.310000 60.320000 1000000 5.797534 7.900327 5.844076 7.901988 0.023820 0.032258 0.096461 0.090908 0.032258 0.023824 0.032258 879050 968275
31 62.310000 60.320000 1000000 5.793075 7.899610 5.839723 7.896123 0.023819 0.032258 0.102008 0.096773 0.032258 0.023822 0.032258 968270 1000000
31 62.310000 60.320000 1000000 5.793075 7.899610 5.839723 7.896123 0.023819 0.032258 0.102008 0.096773 0.032258 0.023822 0.032258 999990 1000000
