8 62.310000 60.320000 1000000 10.834418 13.876298 10.683969 14.524355 0.023759 0.032258 0.184652 0.181813 0.032258 0.023759 0.032258 0 50
8 62.310000 60.320000 1000000 10.200618 13.677732 10.268451 14.059061 0.023754 0.032258 0.347533 0.346032 0.032258 0.023761 0.032258 50 62
8 62.310000 60.320000 1000000 9.930611 13.617876 9.991829 13.471337 0.023823 0.032258 0.158730 0.155418 0.032258 0.023822 0.032258 60 70
8 62.310000 60.320000 1000000 9.856667 13.602464 9.909233 13.318601 0.023826 0.032258 0.077430 0.070391 0.032258 0.023823 0.032258 70 95
8 62.310000 60.320000 1000000 9.780372 13.590278 9.815973 13.194702 0.023821 0.032258 0.061871 0.052796 0.032258 0.023814 0.032258 90 100
8 62.310000 60.320000 1000000 9.765297 13.585260 9.801645 13.151203 0.023819 0.032258 0.077431 0.070391 0.032258 0.023812 0.032258 100 127
8 62.310000 60.320000 1000000 9.755998 13.583110 9.792449 13.133608 0.023819 0.032258 0.061871 0.052796 0.032258 0.023811 0.032258 110 125
8 62.310000 60.320000 1000000 9.676480 13.235081 9.673188 13.033657 0.023831 0.032258 0.049947 0.038133 0.032258 0.023827 0.032258 120 135
8 62.310000 60.320000 1000000 9.671794 13.234365 9.668497 13.027792 0.023831 0.032258 0.049947 0.038133 0.032258 0.023827 0.032258 130 174
8 62.310000 60.320000 1000000 9.579101 13.109634 9.619390 12.972807 0.023831 0.032258 0.069526 0.061590 0.032258 0.023829 0.032258 170 236
8 62.310000 60.320000 1000000 9.555011 12.994222 9.582977 12.945926 0.023832 0.032258 0.064388 0.055725 0.032258 0.023831 0.032258 180 235
8 62.310000 60.320000 1000000 9.479150 12.924329 9.488406 12.833757 0.023829 0.032258 0.088214 0.082104 0.032258 0.023825 0.032258 230 257
8 62.310000 60.320000 1000000 9.454127 12.920028 9.463457 12.798566 0.023828 0.032258 0.116003 0.111427 0.032258 0.023824 0.032258 250 333
8 62.310000 60.320000 1000000 9.337830 12.726122 9.332130 12.585225 0.023829 0.032258 0.085504 0.079185 0.032258 0.023826 0.032258 320 344
8 62.310000 60.320000 1000000 9.334493 12.725405 9.328787 12.579360 0.023829 0.032258 0.080103 0.073320 0.032258 0.023827 0.032258 340 380
8 62.310000 60.320000 1000000 9.314619 12.721104 9.308876 12.544170 0.023829 0.032258 0.059387 0.049862 0.032258 0.023827 0.032258 380 404
8 62.310000 60.320000 1000000 9.309745 12.720387 9.303993 12.538305 0.023830 0.032258 0.054556 0.043997 0.032258 0.023827 0.032258 400 447
8 62.310000 60.320000 1000000 9.304938 12.719670 9.299177 12.532440 0.023830 0.032258 0.049946 0.038132 0.032258 0.023827 0.032258 440 669
8 62.310000 60.320000 1000000 9.259588 12.545118 9.234572 12.480387 0.023831 0.032258 0.047744 0.035197 0.032258 0.023831 0.032258 540 707
8 62.310000 60.320000 1000000 9.216737 12.540817 9.241714 12.486252 0.023833 0.032258 0.047746 0.035200 0.032258 0.023831 0.032258 610 673
8 62.310000 60.320000 1000000 9.191352 12.537233 9.224470 12.463769 0.023831 0.032258 0.061872 0.052797 0.032258 0.023829 0.032258 670 707
8 62.310000 60.320000 1000000 9.179385 12.479527 9.206365 12.450328 0.023832 0.032258 0.059389 0.049865 0.032258 0.023830 0.032258 700 811
8 62.310000 60.320000 1000000 9.152482 12.472359 9.169640 12.369684 0.023829 0.032258 0.096471 0.090918 0.032258 0.023826 0.032258 810 908
8 62.310000 60.320000 1000000 9.066401 12.338309 9.068529 12.146325 0.023828 0.032258 0.135859 0.131974 0.032258 0.023824 0.032258 900 994
8 62.310000 60.320000 1000000 9.061734 12.337592 9.063865 12.140459 0.023827 0.032258 0.135859 0.131974 0.032258 0.023823 0.032258 990 1361
8 62.310000 60.320000 1000000 8.975236 12.324689 9.004944 12.057860 0.023826 0.032258 0.102020 0.096786 0.032258 0.023824 0.032258 1330 1700
8 62.310000 60.320000 1000000 8.909207 12.034725 8.907725 11.978926 0.023829 0.032258 0.093715 0.087988 0.032258 0.023827 0.032258 1530 1827
8 62.310000 60.320000 1000000 8.904519 12.034008 8.903034 11.973060 0.023829 0.032258 0.093715 0.087988 0.032258 0.023827 0.032258 1820 2409
8 62.310000 60.320000 1000000 8.824538 12.019671 8.819318 11.897547 0.023828 0.032258 0.088232 0.082123 0.032258 0.023824 0.032258 2160 2889
8 62.310000 60.320000 1000000 8.680730 11.269493 8.596220 11.722816 0.023804 0.032258 0.118841 0.114379 0.032258 0.023796 0.032258 2790 3690
8 62.310000 60.320000 1000000 8.642362 11.264475 8.555734 11.679561 0.023812 0.032258 0.080106 0.073324 0.032258 0.023808 0.032258 3690 4034
8 62.310000 60.320000 1000000 8.633984 11.263041 8.547097 11.667831 0.023813 0.032258 0.069530 0.061594 0.032258 0.023810 0.032258 3720 4446
8 62.310000 60.320000 1000000 8.579228 11.255156 8.552205 11.648770 0.023817 0.032258 0.049948 0.038135 0.032258 0.023809 0.032258 4440 4693
8 62.310000 60.320000 1000000 8.577578 11.254439 8.552482 11.649747 0.023817 0.032258 0.049948 0.038135 0.032258 0.023809 0.032258 4690 6524
8 62.310000 60.320000 1000000 8.540546 11.248705 8.537177 11.618956 0.023817 0.032258 0.054557 0.043999 0.032258 0.023812 0.032258 6520 7123
8 62.310000 60.320000 1000000 8.468586 11.238669 8.467100 11.543688 0.023812 0.032258 0.102014 0.096780 0.032258 0.023808 0.032258 7120 7225
8 62.310000 60.320000 1000000 8.463472 11.237952 8.461983 11.537822 0.023813 0.032258 0.102014 0.096780 0.032258 0.023809 0.032258 7220 15348
8 62.310000 60.320000 1000000 7.799296 8.716449 7.872934 10.935428 0.023183 0.032258 0.184663 0.181824 0.032258 0.023263 0.032258 15340 15562
8 62.310000 60.320000 1000000 7.793827 8.715733 7.867617 10.929563 0.023187 0.032258 0.178892 0.175960 0.032258 0.023267 0.032258 15560 17816
8 62.310000 60.320000 1000000 7.718894 8.706414 7.793597 10.851117 0.023221 0.032258 0.184667 0.181827 0.032258 0.023296 0.032258 17810 20400
8 62.310000 60.320000 1000000 7.713344 8.705697 7.788205 10.845252 0.023225 0.032258 0.184664 0.181825 0.032258 0.023300 0.032258 20400 25976
8 62.310000 60.320000 1000000 7.509041 8.680607 7.511570 10.562995 0.023131 0.032258 0.173129 0.170097 0.032258 0.023166 0.032258 22800 26548
8 62.310000 60.320000 1000000 7.477799 8.674156 7.468555 10.490415 0.023145 0.032258 0.219400 0.217015 0.032258 0.023186 0.032258 26540 44273
8 62.310000 60.320000 1000000 7.432128 8.668421 7.422712 10.443494 0.023183 0.032258 0.219400 0.217015 0.032258 0.023225 0.032258 29250 43488
8 62.310000 60.320000 1000000 7.416365 8.666270 7.406889 10.425899 0.023192 0.032258 0.219401 0.217016 0.032258 0.023235 0.032258 33360 44273
8 62.310000 60.320000 1000000 7.223986 8.624694 7.242596 10.154151 0.023238 0.032258 0.388433 0.387091 0.032258 0.023255 0.032258 39500 44718
8 62.310000 60.320000 1000000 7.051960 8.596020 7.066608 9.912951 0.023221 0.032258 0.382588 0.381226 0.032258 0.023228 0.032258 44710 45352
8 62.310000 60.320000 1000000 7.049803 8.594945 7.063333 9.899511 0.023224 0.032258 0.379667 0.378294 0.032258 0.023233 0.032258 45350 50754
8 62.310000 60.320000 1000000 7.042700 8.594228 7.056271 9.893646 0.023231 0.032258 0.379667 0.378294 0.032258 0.023240 0.032258 50750 55345
8 62.310000 60.320000 1000000 6.797756 8.565554 6.812840 9.659041 0.023274 0.032258 0.397195 0.395883 0.032258 0.023278 0.032258 55340 61648
8 62.310000 60.320000 1000000 6.779560 8.505698 6.790064 9.628005 0.023252 0.032258 0.411811 0.410545 0.032258 0.023250 0.032258 61640 131950
8 62.310000 60.320000 1000000 6.475233 8.463404 6.472803 9.266572 0.023310 0.032258 0.236805 0.234597 0.032258 0.023291 0.032258 77790 141926
8 62.310000 60.320000 1000000 6.404281 8.453368 6.411091 9.189837 0.023336 0.032258 0.242615 0.240461 0.032258 0.023361 0.032258 96710 157023
8 62.310000 60.320000 1000000 6.198215 8.404982 6.136884 8.649522 0.023534 0.032258 0.199117 0.196487 0.032258 0.023688 0.032258 133460 172319
8 62.310000 60.320000 1000000 6.191036 8.402831 6.126705 8.625328 0.023533 0.032258 0.199117 0.196487 0.032258 0.023689 0.032258 141880 188145
8 62.310000 60.320000 1000000 6.024983 8.193155 6.077372 8.607488 0.023706 0.032258 0.167355 0.164217 0.032258 0.023649 0.032258 149870 171820
8 62.310000 60.320000 1000000 6.013326 8.135448 6.059996 8.594048 0.023705 0.032258 0.164479 0.161284 0.032258 0.023646 0.032258 171820 188145
8 62.310000 60.320000 1000000 6.008806 8.134732 6.055579 8.588182 0.023704 0.032258 0.158732 0.155420 0.032258 0.023644 0.032258 188140 222193
8 62.310000 60.320000 1000000 5.929168 8.095665 5.939076 8.106529 0.023829 0.032258 0.052210 0.041052 0.032258 0.023824 0.032258 222190 226398
8 62.310000 60.320000 1000000 5.923811 8.094948 5.933746 8.100664 0.023828 0.032258 0.056936 0.046917 0.032258 0.023823 0.032258 226390 233185
8 62.310000 60.320000 1000000 5.864626 7.805345 5.843060 8.020020 0.023826 0.032258 0.061859 0.052782 0.032258 0.023820 0.032258 233180 235600
8 62.310000 60.320000 1000000 5.858644 7.802478 5.835516 7.987275 0.023827 0.032258 0.056939 0.046919 0.032258 0.023823 0.032258 235600 261905
8 62.310000 60.320000 1000000 5.838413 7.798177 5.830647 7.956484 0.023830 0.032258 0.052211 0.041054 0.032258 0.023825 0.032258 261900 327905
8 62.310000 60.320000 1000000 5.822635 7.795310 5.816712 7.939866 0.023829 0.032258 0.061861 0.052784 0.032258 0.023825 0.032258 327900 343986
8 62.310000 60.320000 1000000 5.793964 7.791367 5.819235 7.930336 0.023826 0.032258 0.069519 0.061582 0.032258 0.023826 0.032258 343980 663055
8 62.310000 60.320000 1000000 5.786361 7.787783 5.808519 7.887325 0.023828 0.032258 0.054548 0.043987 0.032258 0.023828 0.032258 456120 635389
8 62.310000 60.320000 1000000 5.761384 7.671655 5.771044 7.852379 0.023824 0.032258 0.049937 0.038120 0.032258 0.023822 0.032258 635380 984803
8 62.310000 60.320000 1000000 5.736077 7.668788 5.738497 7.822321 0.023828 0.032258 0.041677 0.026390 0.032258 0.023826 0.032258 984800 1000000
8 62.310000 60.320000 1000000 5.736077 7.668788 5.738497 7.822321 0.023828 0.032258 0.041677 0.026390 0.032258 0.023826 0.032258 999990 1000000
