14 62.310000 60.320000 1000000 12.582467 17.016118 12.509480 17.021916 0.023806 0.032258 0.306678 0.304977 0.032258 0.023800 0.032258 0 50
14 62.310000 60.320000 1000000 9.204554 12.171645 9.206385 12.729908 0.023791 0.032258 0.116009 0.111434 0.032258 0.023784 0.032258 50 61
14 62.310000 60.320000 1000000 9.175114 12.165910 9.179017 12.689830 0.023802 0.032258 0.093701 0.087973 0.032258 0.023795 0.032258 60 80
14 62.310000 60.320000 1000000 9.083925 12.091717 9.077668 12.539782 0.023815 0.032258 0.085493 0.079174 0.032258 0.023807 0.032258 80 90
14 62.310000 60.320000 1000000 9.079134 12.089925 9.072055 12.520477 0.023816 0.032258 0.088216 0.082107 0.032258 0.023809 0.032258 90 125
14 62.310000 60.320000 1000000 9.030661 12.082757 9.047208 12.482354 0.023815 0.032258 0.104791 0.099703 0.032258 0.023810 0.032258 100 214
14 62.310000 60.320000 1000000 9.025324 12.081323 9.039908 12.466225 0.023816 0.032258 0.099222 0.093832 0.032258 0.023812 0.032258 110 191
14 62.310000 60.320000 1000000 8.992943 12.059818 8.991729 12.200101 0.023826 0.032258 0.093705 0.087977 0.032258 0.023827 0.032258 160 214
14 62.310000 60.320000 1000000 8.934736 12.046198 8.943942 12.127765 0.023831 0.032258 0.061863 0.052787 0.032258 0.023829 0.032258 190 482
14 62.310000 60.320000 1000000 8.906046 12.041897 8.915341 12.092575 0.023832 0.032258 0.052215 0.041059 0.032258 0.023830 0.032258 200 269
14 62.310000 60.320000 1000000 8.901503 12.041180 8.910812 12.086709 0.023831 0.032258 0.056942 0.046924 0.032258 0.023829 0.032258 260 482
14 62.310000 60.320000 1000000 8.827632 12.030428 8.868975 12.026103 0.023826 0.032258 0.088221 0.082112 0.032258 0.023826 0.032258 300 409
14 62.310000 60.320000 1000000 8.639374 11.889926 8.645257 11.799809 0.023805 0.032258 0.167358 0.164220 0.032258 0.023795 0.032258 400 410
14 62.310000 60.320000 1000000 8.632022 11.887776 8.641718 11.795899 0.023805 0.032258 0.178883 0.175950 0.032258 0.023795 0.032258 410 566
14 62.310000 60.320000 1000000 8.233807 10.748354 8.097439 11.153430 0.023775 0.032258 0.210685 0.208200 0.032258 0.023786 0.032258 560 819
14 62.310000 60.320000 1000000 8.200285 10.743336 8.057748 11.107976 0.023769 0.032258 0.210685 0.208201 0.032258 0.023784 0.032258 590 637
14 62.310000 60.320000 1000000 8.162512 10.735451 8.017914 11.043460 0.023776 0.032258 0.210685 0.208201 0.032258 0.023798 0.032258 600 819
14 62.310000 60.320000 1000000 8.074041 10.709645 7.927143 10.820100 0.023790 0.032258 0.164481 0.161287 0.032258 0.023830 0.032258 750 1114
14 62.310000 60.320000 1000000 8.000708 10.699609 7.920132 10.776601 0.023817 0.032258 0.118837 0.114375 0.032258 0.023827 0.032258 1080 1443
14 62.310000 60.320000 1000000 7.970021 10.693874 7.913387 10.736523 0.023824 0.032258 0.096468 0.090915 0.032258 0.023827 0.032258 1380 1522
14 62.310000 60.320000 1000000 7.966203 10.693157 7.909487 10.730658 0.023824 0.032258 0.102015 0.096780 0.032258 0.023826 0.032258 1520 3399
14 62.310000 60.320000 1000000 7.895336 10.685989 7.921367 10.740433 0.023825 0.032258 0.085505 0.079187 0.032258 0.023826 0.032258 1620 4002
14 62.310000 60.320000 1000000 7.884946 10.684555 7.911079 10.728703 0.023827 0.032258 0.074773 0.067457 0.032258 0.023829 0.032258 1760 2244
14 62.310000 60.320000 1000000 7.865127 10.681688 7.891458 10.705243 0.023830 0.032258 0.054555 0.043997 0.032258 0.023830 0.032258 2030 3885
14 62.310000 60.320000 1000000 7.851086 10.679537 7.877557 10.687648 0.023829 0.032258 0.059386 0.049861 0.032258 0.023829 0.032258 2210 4002
14 62.310000 60.320000 1000000 7.785557 10.500685 7.785498 10.587208 0.023830 0.032258 0.061868 0.052792 0.032258 0.023829 0.032258 2590 5011
14 62.310000 60.320000 1000000 7.775580 10.496384 7.787157 10.593073 0.023831 0.032258 0.061862 0.052786 0.032258 0.023829 0.032258 3420 4434
14 62.310000 60.320000 1000000 7.739388 10.488140 7.741880 10.509741 0.023830 0.032258 0.064382 0.055718 0.032258 0.023826 0.032258 4430 4497
14 62.310000 60.320000 1000000 7.736107 10.487424 7.738602 10.503876 0.023830 0.032258 0.064381 0.055717 0.032258 0.023826 0.032258 4490 5400
14 62.310000 60.320000 1000000 7.701420 10.480972 7.703013 10.448891 0.023827 0.032258 0.090956 0.085044 0.032258 0.023823 0.032258 5400 6610
14 62.310000 60.320000 1000000 7.675613 10.421832 7.687218 10.437405 0.023827 0.032258 0.088220 0.082111 0.032258 0.023824 0.032258 6610 6810
14 62.310000 60.320000 1000000 7.645688 10.418248 7.688320 10.435450 0.023822 0.032258 0.104794 0.099706 0.032258 0.023825 0.032258 6810 9455
14 62.310000 60.320000 1000000 7.610600 10.411797 7.652508 10.373378 0.023826 0.032258 0.077430 0.070391 0.032258 0.023827 0.032258 9230 9642
14 62.310000 60.320000 1000000 7.605989 10.411080 7.647972 10.367513 0.023825 0.032258 0.077430 0.070391 0.032258 0.023826 0.032258 9640 14469
14 62.310000 60.320000 1000000 7.596827 10.408929 7.638017 10.347718 0.023826 0.032258 0.072140 0.064526 0.032258 0.023827 0.032258 14460 15037
14 62.310000 60.320000 1000000 7.581466 10.404628 7.618412 10.301531 0.023827 0.032258 0.077428 0.070388 0.032258 0.023827 0.032258 15030 16198
14 62.310000 60.320000 1000000 7.563582 10.401402 7.600138 10.270495 0.023827 0.032258 0.069527 0.061590 0.032258 0.023827 0.032258 16190 19575
14 62.310000 60.320000 1000000 7.560379 10.400686 7.596980 10.264630 0.023828 0.032258 0.064389 0.055725 0.032258 0.023827 0.032258 19570 20374
14 62.310000 60.320000 1000000 7.510496 10.169145 7.524358 10.211844 0.023832 0.032258 0.049945 0.038130 0.032258 0.023831 0.032258 20370 33343
14 62.310000 60.320000 1000000 7.507185 10.167712 7.524907 10.213799 0.023832 0.032258 0.049937 0.038120 0.032258 0.023831 0.032258 21730 26159
14 62.310000 60.320000 1000000 7.443142 10.045848 7.444196 10.132177 0.023831 0.032258 0.064379 0.055714 0.032258 0.023828 0.032258 26150 33343
14 62.310000 60.320000 1000000 7.393689 10.030436 7.385212 9.955739 0.023829 0.032258 0.088225 0.082116 0.032258 0.023825 0.032258 33340 35595
14 62.310000 60.320000 1000000 7.325129 9.961261 7.310027 9.848457 0.023808 0.032258 0.176006 0.173025 0.032258 0.023806 0.032258 35590 39548
14 62.310000 60.320000 1000000 7.303544 9.956243 7.290321 9.814244 0.023811 0.032258 0.135855 0.131969 0.032258 0.023809 0.032258 39540 52278
14 62.310000 60.320000 1000000 7.288444 9.954093 7.275138 9.796649 0.023814 0.032258 0.118836 0.114374 0.032258 0.023812 0.032258 42840 50071
14 62.310000 60.320000 1000000 7.150178 9.430439 7.067100 9.629494 0.023801 0.032258 0.167364 0.164226 0.032258 0.023806 0.032258 50070 52278
14 62.310000 60.320000 1000000 7.142520 9.429722 7.068420 9.630471 0.023803 0.032258 0.161613 0.158361 0.032258 0.023806 0.032258 52270 59035
14 62.310000 60.320000 1000000 7.095736 9.422553 7.020128 9.571820 0.023800 0.032258 0.161613 0.158361 0.032258 0.023808 0.032258 56750 87075
14 62.310000 60.320000 1000000 7.026001 9.411084 6.959017 9.512192 0.023803 0.032258 0.110397 0.105579 0.032258 0.023814 0.032258 64480 93933
14 62.310000 60.320000 1000000 6.987696 9.407500 6.965525 9.517079 0.023813 0.032258 0.082796 0.076253 0.032258 0.023812 0.032258 78490 93449
14 62.310000 60.320000 1000000 6.898837 9.396030 6.876069 9.415174 0.023805 0.032258 0.104799 0.099711 0.032258 0.023799 0.032258 86850 116214
14 62.310000 60.320000 1000000 6.828329 9.373092 6.857547 9.306673 0.023813 0.032258 0.127320 0.123166 0.032258 0.023808 0.032258 109800 136199
14 62.310000 60.320000 1000000 6.816130 9.315386 6.839123 9.293232 0.023815 0.032258 0.124485 0.120233 0.032258 0.023810 0.032258 136190 155314
14 62.310000 60.320000 1000000 6.813425 9.314669 6.835439 9.285168 0.023816 0.032258 0.124485 0.120233 0.032258 0.023811 0.032258 155310 169541
14 62.310000 60.320000 1000000 6.759359 9.139401 6.778918 9.240935 0.023815 0.032258 0.110390 0.105571 0.032258 0.023812 0.032258 169540 197907
14 62.310000 60.320000 1000000 6.753972 9.137967 6.771572 9.224806 0.023818 0.032258 0.110390 0.105571 0.032258 0.023815 0.032258 176230 210625
14 62.310000 60.320000 1000000 6.709479 9.131515 6.727429 9.172020 0.023813 0.032258 0.121656 0.117301 0.032258 0.023809 0.032258 210620 234174
14 62.310000 60.320000 1000000 6.677917 9.125064 6.696122 9.119234 0.023823 0.032258 0.104793 0.099705 0.032258 0.023818 0.032258 215610 251117
14 62.310000 60.320000 1000000 6.626213 9.000692 6.621015 8.987516 0.023829 0.032258 0.059379 0.049853 0.032258 0.023826 0.032258 251110 295582
14 62.310000 60.320000 1000000 6.577874 8.769151 6.546927 8.925688 0.023826 0.032258 0.069519 0.061582 0.032258 0.023823 0.032258 295580 368370
14 62.310000 60.320000 1000000 6.534501 8.593166 6.488587 8.880234 0.023816 0.032258 0.099228 0.093839 0.032258 0.023811 0.032258 368370 448944
14 62.310000 60.320000 1000000 6.518876 8.589582 6.471686 8.848709 0.023817 0.032258 0.093700 0.087972 0.032258 0.023814 0.032258 448940 470755
14 62.310000 60.320000 1000000 6.497470 8.585281 6.466042 8.817918 0.023821 0.032258 0.077418 0.070377 0.032258 0.023816 0.032258 470750 549493
14 62.310000 60.320000 1000000 6.456402 8.579546 6.421988 8.768798 0.023826 0.032258 0.072128 0.064512 0.032258 0.023823 0.032258 549490 619702
14 62.310000 60.320000 1000000 6.445516 8.521840 6.405063 8.755357 0.023823 0.032258 0.074762 0.067445 0.032258 0.023820 0.032258 619700 779793
14 62.310000 60.320000 1000000 6.406213 8.509296 6.393522 8.638303 0.023824 0.032258 0.066940 0.058654 0.032258 0.023819 0.032258 722020 872893
14 62.310000 60.320000 1000000 6.306807 8.321125 6.275973 8.484589 0.023821 0.032258 0.069522 0.061585 0.032258 0.023815 0.032258 872890 890450
14 62.310000 60.320000 1000000 6.300249 8.320408 6.266816 8.476525 0.023822 0.032258 0.069521 0.061584 0.032258 0.023817 0.032258 890450 954288
14 62.310000 60.320000 1000000 6.232448 8.312523 6.239649 8.446222 0.023822 0.032258 0.080098 0.073316 0.032258 0.023819 0.032258 954280 1000000
14 62.310000 60.320000 1000000 6.219286 8.311089 6.221592 8.430093 0.023825 0.032258 0.069522 0.061586 0.032258 0.023822 0.032258 999990 1000000
