35 62.310000 60.320000 1000000 12.626778 17.015401 12.678175 17.123087 0.023810 0.032258 0.248448 0.246345 0.032258 0.023806 0.032258 0 50
35 62.310000 60.320000 1000000 9.284825 12.117882 9.284130 12.711581 0.023757 0.032258 0.190446 0.187694 0.032258 0.023754 0.032258 50 62
35 62.310000 60.320000 1000000 9.167109 12.098527 9.173494 12.578395 0.023796 0.032258 0.138698 0.134895 0.032258 0.023791 0.032258 60 74
35 62.310000 60.320000 1000000 9.050223 11.968062 9.035996 12.408553 0.023810 0.032258 0.082781 0.076237 0.032258 0.023806 0.032258 70 83
35 62.310000 60.320000 1000000 8.975698 11.948349 8.952856 12.210364 0.023824 0.032258 0.074765 0.067448 0.032258 0.023822 0.032258 80 92
35 62.310000 60.320000 1000000 8.968660 11.945481 8.954036 12.214274 0.023825 0.032258 0.059384 0.049859 0.032258 0.023821 0.032258 90 114
35 62.310000 60.320000 1000000 8.959568 11.943331 8.942964 12.192280 0.023826 0.032258 0.059380 0.049854 0.032258 0.023823 0.032258 110 124
35 62.310000 60.320000 1000000 8.956228 11.942614 8.939606 12.186415 0.023827 0.032258 0.059379 0.049853 0.032258 0.023823 0.032258 120 179
35 62.310000 60.320000 1000000 8.931160 11.932578 8.905380 12.070336 0.023828 0.032258 0.096463 0.090909 0.032258 0.023825 0.032258 170 187
35 62.310000 60.320000 1000000 8.900441 11.928277 8.872035 12.032947 0.023830 0.032258 0.096464 0.090911 0.032258 0.023828 0.032258 180 260
35 62.310000 60.320000 1000000 8.852805 11.920392 8.840474 11.982116 0.023830 0.032258 0.080100 0.073318 0.032258 0.023829 0.032258 210 224
35 62.310000 60.320000 1000000 8.808041 11.913941 8.795521 11.929330 0.023829 0.032258 0.096463 0.090909 0.032258 0.023829 0.032258 220 267
35 62.310000 60.320000 1000000 8.791800 11.911790 8.794579 11.923221 0.023829 0.032258 0.107589 0.102640 0.032258 0.023829 0.032258 260 320
35 62.310000 60.320000 1000000 8.605486 11.878457 8.684576 11.697905 0.023791 0.032258 0.242625 0.240471 0.032258 0.023805 0.032258 320 481
35 62.310000 60.320000 1000000 8.288402 11.482043 8.331938 11.293215 0.023822 0.032258 0.077420 0.070379 0.032258 0.023817 0.032258 450 556
35 62.310000 60.320000 1000000 8.044204 10.323625 7.967436 10.989208 0.023791 0.032258 0.121652 0.117297 0.032258 0.023774 0.032258 550 945
35 62.310000 60.320000 1000000 7.940136 10.307137 7.957186 10.917851 0.023786 0.032258 0.132999 0.129027 0.032258 0.023778 0.032258 640 946
35 62.310000 60.320000 1000000 7.885742 10.296743 7.890396 10.805682 0.023798 0.032258 0.118823 0.114360 0.032258 0.023792 0.032258 770 1166
35 62.310000 60.320000 1000000 7.745908 10.271295 7.764416 10.638527 0.023820 0.032258 0.104789 0.099701 0.032258 0.023814 0.032258 1160 1298
35 62.310000 60.320000 1000000 7.743313 10.270578 7.760872 10.630463 0.023821 0.032258 0.099226 0.093836 0.032258 0.023815 0.032258 1290 1658
35 62.310000 60.320000 1000000 7.720064 10.266994 7.737782 10.601137 0.023819 0.032258 0.127315 0.123161 0.032258 0.023813 0.032258 1650 2490
35 62.310000 60.320000 1000000 7.714959 10.265561 7.730807 10.585008 0.023820 0.032258 0.116006 0.111431 0.032258 0.023814 0.032258 1670 2353
35 62.310000 60.320000 1000000 7.706608 10.264127 7.722508 10.573278 0.023821 0.032258 0.104789 0.099701 0.032258 0.023815 0.032258 1710 2106
35 62.310000 60.320000 1000000 7.659474 10.250148 7.661909 10.410524 0.023829 0.032258 0.059384 0.049859 0.032258 0.023825 0.032258 2100 2353
35 62.310000 60.320000 1000000 7.651979 10.247998 7.651607 10.386330 0.023830 0.032258 0.049945 0.038130 0.032258 0.023827 0.032258 2190 3312
35 62.310000 60.320000 1000000 7.581009 10.236170 7.566622 10.264630 0.023829 0.032258 0.056944 0.046926 0.032258 0.023826 0.032258 3310 3338
35 62.310000 60.320000 1000000 7.578529 10.235453 7.563191 10.256566 0.023829 0.032258 0.061863 0.052787 0.032258 0.023827 0.032258 3330 3930
35 62.310000 60.320000 1000000 7.573859 10.234736 7.558492 10.250701 0.023829 0.032258 0.061863 0.052787 0.032258 0.023826 0.032258 3930 4528
35 62.310000 60.320000 1000000 7.556556 10.230435 7.544966 10.229196 0.023831 0.032258 0.061865 0.052789 0.032258 0.023828 0.032258 4520 5090
35 62.310000 60.320000 1000000 7.552394 10.229719 7.540785 10.223331 0.023831 0.032258 0.056942 0.046924 0.032258 0.023829 0.032258 5090 5438
35 62.310000 60.320000 1000000 7.551206 10.228643 7.538962 10.209890 0.023831 0.032258 0.059382 0.049856 0.032258 0.023829 0.032258 5430 6148
35 62.310000 60.320000 1000000 7.548047 10.227926 7.535788 10.204025 0.023831 0.032258 0.064385 0.055722 0.032258 0.023829 0.032258 6140 9440
35 62.310000 60.320000 1000000 7.538441 10.225059 7.522504 10.171767 0.023831 0.032258 0.064383 0.055719 0.032258 0.023829 0.032258 7660 9481
35 62.310000 60.320000 1000000 7.503628 10.221475 7.528296 10.176655 0.023830 0.032258 0.074768 0.067452 0.032258 0.023830 0.032258 7730 14446
35 62.310000 60.320000 1000000 7.483470 10.217891 7.508336 10.147329 0.023831 0.032258 0.069526 0.061590 0.032258 0.023830 0.032258 10570 18456
35 62.310000 60.320000 1000000 7.396565 10.090293 7.396477 10.010233 0.023829 0.032258 0.074769 0.067453 0.032258 0.023825 0.032258 18450 19499
35 62.310000 60.320000 1000000 7.392604 10.089576 7.392516 10.004368 0.023829 0.032258 0.074771 0.067454 0.032258 0.023825 0.032258 19490 21033
35 62.310000 60.320000 1000000 7.379685 10.087425 7.379596 9.986772 0.023830 0.032258 0.064386 0.055723 0.032258 0.023826 0.032258 21030 22302
35 62.310000 60.320000 1000000 7.354498 10.083841 7.354408 9.957447 0.023827 0.032258 0.074771 0.067454 0.032258 0.023823 0.032258 22300 23364
35 62.310000 60.320000 1000000 7.342343 10.026135 7.335813 9.944006 0.023828 0.032258 0.072136 0.064522 0.032258 0.023825 0.032258 23360 23668
35 62.310000 60.320000 1000000 7.337229 10.025418 7.330686 9.938141 0.023827 0.032258 0.077427 0.070387 0.032258 0.023824 0.032258 23660 39920
35 62.310000 60.320000 1000000 7.263458 10.013949 7.305193 9.905883 0.023823 0.032258 0.088216 0.082106 0.032258 0.023821 0.032258 32260 43407
35 62.310000 60.320000 1000000 7.028518 9.197465 6.989395 9.648064 0.023799 0.032258 0.093697 0.087969 0.032258 0.023788 0.032258 35700 46854
35 62.310000 60.320000 1000000 7.014659 9.195314 6.974336 9.628269 0.023800 0.032258 0.093696 0.087968 0.032258 0.023791 0.032258 46850 56730
35 62.310000 60.320000 1000000 6.949497 9.181694 6.913648 9.537605 0.023808 0.032258 0.144404 0.140755 0.032258 0.023799 0.032258 56730 64805
35 62.310000 60.320000 1000000 6.917330 9.121121 6.892061 9.514389 0.023808 0.032258 0.124479 0.120227 0.032258 0.023798 0.032258 64800 67260
35 62.310000 60.320000 1000000 6.913742 9.120404 6.888433 9.508524 0.023809 0.032258 0.118824 0.114362 0.032258 0.023800 0.032258 67260 73409
35 62.310000 60.320000 1000000 6.871934 9.114669 6.832862 9.453050 0.023796 0.032258 0.158730 0.155417 0.032258 0.023783 0.032258 73400 103523
35 62.310000 60.320000 1000000 6.863074 9.108218 6.819078 9.372408 0.023802 0.032258 0.141547 0.137823 0.032258 0.023793 0.032258 75570 79029
35 62.310000 60.320000 1000000 6.861693 9.107143 6.816927 9.358967 0.023803 0.032258 0.138694 0.134890 0.032258 0.023794 0.032258 79020 103523
35 62.310000 60.320000 1000000 6.788284 9.097107 6.818424 9.335996 0.023787 0.032258 0.116016 0.111441 0.032258 0.023801 0.032258 103520 106364
35 62.310000 60.320000 1000000 6.772730 9.087788 6.795771 9.220409 0.023786 0.032258 0.138704 0.134901 0.032258 0.023799 0.032258 106360 155746
35 62.310000 60.320000 1000000 6.735847 9.078469 6.769401 9.178376 0.023798 0.032258 0.104801 0.099713 0.032258 0.023807 0.032258 119530 144713
35 62.310000 60.320000 1000000 6.659419 9.062699 6.690019 9.035903 0.023807 0.032258 0.121658 0.117304 0.032258 0.023813 0.032258 144710 186219
35 62.310000 60.320000 1000000 6.559693 8.543346 6.537977 8.914936 0.023786 0.032258 0.113198 0.108505 0.032258 0.023778 0.032258 147180 198404
35 62.310000 60.320000 1000000 6.483714 8.532593 6.461221 8.826960 0.023815 0.032258 0.064384 0.055720 0.032258 0.023810 0.032258 198400 206156
35 62.310000 60.320000 1000000 6.481898 8.531876 6.461526 8.827937 0.023816 0.032258 0.059384 0.049858 0.032258 0.023810 0.032258 206150 232050
35 62.310000 60.320000 1000000 6.479232 8.531159 6.457825 8.819873 0.023817 0.032258 0.059381 0.049855 0.032258 0.023812 0.032258 232050 258480
35 62.310000 60.320000 1000000 6.458227 8.526858 6.435794 8.784927 0.023821 0.032258 0.054549 0.043988 0.032258 0.023817 0.032258 258480 264403
35 62.310000 60.320000 1000000 6.456467 8.526142 6.436090 8.785904 0.023822 0.032258 0.049940 0.038123 0.032258 0.023817 0.032258 264400 329657
35 62.310000 60.320000 1000000 6.412507 8.518256 6.390749 8.719189 0.023823 0.032258 0.085498 0.079179 0.032258 0.023820 0.032258 329650 405862
35 62.310000 60.320000 1000000 6.403561 8.515389 6.377917 8.684243 0.023824 0.032258 0.090956 0.085044 0.032258 0.023821 0.032258 405860 424072
35 62.310000 60.320000 1000000 6.401794 8.514672 6.378215 8.685221 0.023824 0.032258 0.085498 0.079179 0.032258 0.023821 0.032258 424070 474089
35 62.310000 60.320000 1000000 6.400063 8.513955 6.378506 8.686198 0.023825 0.032258 0.080097 0.073314 0.032258 0.023821 0.032258 474080 511558
35 62.310000 60.320000 1000000 6.394305 8.513238 6.372690 8.680333 0.023826 0.032258 0.074766 0.067449 0.032258 0.023822 0.032258 511550 554001
35 62.310000 60.320000 1000000 6.347022 8.281698 6.301760 8.620705 0.023810 0.032258 0.090956 0.085044 0.032258 0.023802 0.032258 554000 586431
35 62.310000 60.320000 1000000 6.330979 8.279548 6.304479 8.623637 0.023811 0.032258 0.085502 0.079183 0.032258 0.023801 0.032258 586430 589690
35 62.310000 60.320000 1000000 6.329694 8.278472 6.302490 8.610197 0.023811 0.032258 0.088224 0.082115 0.032258 0.023802 0.032258 589690 748734
35 62.310000 60.320000 1000000 6.274373 8.269153 6.230948 8.509270 0.023814 0.032258 0.104794 0.099706 0.032258 0.023810 0.032258 748730 778956
35 62.310000 60.320000 1000000 6.248786 8.264852 6.204817 8.474079 0.023821 0.032258 0.077421 0.070380 0.032258 0.023819 0.032258 769290 970363
35 62.310000 60.320000 1000000 6.226494 8.260551 6.188332 8.459416 0.023824 0.032258 0.052215 0.041059 0.032258 0.023821 0.032258 886040 1000000
35 62.310000 60.320000 1000000 6.215684 8.259118 6.177320 8.447686 0.023823 0.032258 0.056942 0.046924 0.032258 0.023821 0.032258 999990 1000000
