56 62.310000 60.320000 1000000 10.455833 14.017876 10.462386 13.907795 0.023788 0.032258 0.170248 0.167164 0.032258 0.023782 0.032258 0 50
56 62.310000 60.320000 1000000 9.868989 13.028988 9.677421 13.058339 0.023779 0.032258 0.260083 0.258074 0.032258 0.023822 0.032258 50 60
56 62.310000 60.320000 1000000 9.528827 12.931856 9.528853 12.862104 0.023832 0.032258 0.074772 0.067456 0.032258 0.023829 0.032258 60 76
56 62.310000 60.320000 1000000 9.460772 12.748344 9.445567 12.753112 0.023831 0.032258 0.059386 0.049861 0.032258 0.023829 0.032258 70 102
56 62.310000 60.320000 1000000 9.419576 12.741892 9.401744 12.698127 0.023831 0.032258 0.064389 0.055726 0.032258 0.023829 0.032258 100 150
56 62.310000 60.320000 1000000 9.323630 12.729706 9.360178 12.648763 0.023831 0.032258 0.054557 0.043998 0.032258 0.023830 0.032258 150 190
56 62.310000 60.320000 1000000 9.306699 12.726480 9.342814 12.617727 0.023831 0.032258 0.056947 0.046929 0.032258 0.023829 0.032258 190 223
56 62.310000 60.320000 1000000 9.285412 12.723613 9.313847 12.585469 0.023831 0.032258 0.047746 0.035201 0.032258 0.023829 0.032258 220 304
56 62.310000 60.320000 1000000 9.242967 12.603541 9.262156 12.529507 0.023832 0.032258 0.049947 0.038134 0.032258 0.023829 0.032258 300 331
56 62.310000 60.320000 1000000 9.172477 12.481678 9.211133 12.477210 0.023829 0.032258 0.069530 0.061594 0.032258 0.023830 0.032258 330 354
56 62.310000 60.320000 1000000 9.143837 12.478093 9.180478 12.445685 0.023830 0.032258 0.059387 0.049862 0.032258 0.023829 0.032258 350 400
56 62.310000 60.320000 1000000 8.937025 11.606768 8.876891 12.199840 0.023806 0.032258 0.072123 0.064507 0.032258 0.023794 0.032258 400 449
56 62.310000 60.320000 1000000 8.918706 11.604618 8.875078 12.195930 0.023806 0.032258 0.066931 0.058644 0.032258 0.023794 0.032258 440 500
56 62.310000 60.320000 1000000 8.902921 11.601392 8.855931 12.162695 0.023807 0.032258 0.074760 0.067442 0.032258 0.023796 0.032258 500 554
56 62.310000 60.320000 1000000 8.899409 11.600675 8.852362 12.156830 0.023808 0.032258 0.074760 0.067442 0.032258 0.023797 0.032258 550 703
56 62.310000 60.320000 1000000 8.884658 11.594224 8.833562 12.083273 0.023811 0.032258 0.074774 0.067458 0.032258 0.023802 0.032258 700 852
56 62.310000 60.320000 1000000 8.862050 11.591356 8.810557 12.059813 0.023813 0.032258 0.080101 0.073319 0.032258 0.023804 0.032258 760 893
56 62.310000 60.320000 1000000 8.820258 11.582754 8.793341 12.017291 0.023817 0.032258 0.074769 0.067452 0.032258 0.023809 0.032258 800 917
56 62.310000 60.320000 1000000 8.806413 11.523614 8.777769 12.005805 0.023814 0.032258 0.077412 0.070370 0.032258 0.023804 0.032258 910 1038
56 62.310000 60.320000 1000000 8.740250 11.515729 8.788759 12.016558 0.023797 0.032258 0.104787 0.099698 0.032258 0.023807 0.032258 1030 1381
56 62.310000 60.320000 1000000 8.565889 11.098884 8.545405 11.786108 0.023766 0.032258 0.085491 0.079171 0.032258 0.023755 0.032258 1380 2046
56 62.310000 60.320000 1000000 8.549514 11.096733 8.528912 11.768513 0.023772 0.032258 0.074758 0.067440 0.032258 0.023761 0.032258 1400 1538
56 62.310000 60.320000 1000000 8.544209 11.096016 8.523568 11.762648 0.023773 0.032258 0.074758 0.067440 0.032258 0.023763 0.032258 1530 2046
56 62.310000 60.320000 1000000 8.541424 11.093866 8.519281 11.735767 0.023774 0.032258 0.069513 0.061575 0.032258 0.023765 0.032258 1610 2328
56 62.310000 60.320000 1000000 8.504514 11.088131 8.482080 11.688846 0.023784 0.032258 0.080088 0.073304 0.032258 0.023775 0.032258 1860 2872
56 62.310000 60.320000 1000000 8.477118 11.084547 8.444039 11.648523 0.023773 0.032258 0.107580 0.102629 0.032258 0.023760 0.032258 1970 2866
56 62.310000 60.320000 1000000 8.435635 11.079529 8.430280 11.632639 0.023765 0.032258 0.085490 0.079171 0.032258 0.023761 0.032258 2860 2872
56 62.310000 60.320000 1000000 8.429613 11.078812 8.424246 11.626774 0.023767 0.032258 0.085490 0.079171 0.032258 0.023763 0.032258 2870 2995
56 62.310000 60.320000 1000000 8.425968 11.078095 8.420595 11.620909 0.023768 0.032258 0.085490 0.079171 0.032258 0.023764 0.032258 2990 3365
56 62.310000 60.320000 1000000 8.419787 11.077378 8.421625 11.621886 0.023765 0.032258 0.085490 0.079171 0.032258 0.023764 0.032258 3360 3467
56 62.310000 60.320000 1000000 8.415369 11.076662 8.417210 11.616021 0.023767 0.032258 0.090949 0.085036 0.032258 0.023765 0.032258 3460 3694
56 62.310000 60.320000 1000000 8.409275 11.075945 8.418224 11.616999 0.023764 0.032258 0.090949 0.085036 0.032258 0.023766 0.032258 3690 4320
56 62.310000 60.320000 1000000 8.395920 11.016088 8.397861 11.576676 0.023762 0.032258 0.088228 0.082119 0.032258 0.023762 0.032258 4320 5108
56 62.310000 60.320000 1000000 8.336399 10.998167 8.315745 11.375066 0.023760 0.032258 0.207802 0.205283 0.032258 0.023762 0.032258 4570 6080
56 62.310000 60.320000 1000000 8.269454 10.989565 8.248292 11.304685 0.023772 0.032258 0.196222 0.193552 0.032258 0.023775 0.032258 6080 10985
56 62.310000 60.320000 1000000 8.210386 10.976662 8.188761 11.199114 0.023777 0.032258 0.190441 0.187689 0.032258 0.023781 0.032258 6960 9430
56 62.310000 60.320000 1000000 8.094044 10.955874 8.083380 11.063240 0.023789 0.032258 0.178877 0.175944 0.032258 0.023788 0.032258 9430 11639
56 62.310000 60.320000 1000000 8.004992 10.942970 7.996305 10.964510 0.023809 0.032258 0.099226 0.093836 0.032258 0.023808 0.032258 11630 13268
56 62.310000 60.320000 1000000 7.962038 10.872361 7.983076 10.968665 0.023817 0.032258 0.096459 0.090905 0.032258 0.023808 0.032258 13260 15173
56 62.310000 60.320000 1000000 7.926727 10.846914 7.931414 10.653665 0.023829 0.032258 0.036751 0.017608 0.032258 0.023826 0.032258 15170 32338
56 62.310000 60.320000 1000000 7.536935 9.446915 7.547389 10.331085 0.023724 0.032258 0.088228 0.082120 0.032258 0.023703 0.032258 32330 33517
56 62.310000 60.320000 1000000 7.525443 9.444765 7.535945 10.313489 0.023727 0.032258 0.082798 0.076256 0.032258 0.023706 0.032258 33510 37194
56 62.310000 60.320000 1000000 7.523719 9.444048 7.536230 10.314467 0.023727 0.032258 0.088216 0.082106 0.032258 0.023706 0.032258 37190 39535
56 62.310000 60.320000 1000000 7.521134 9.443331 7.532693 10.306402 0.023728 0.032258 0.088215 0.082106 0.032258 0.023706 0.032258 39530 233121
56 62.310000 60.320000 1000000 7.352507 9.423259 7.426194 10.216226 0.023667 0.032258 0.133000 0.129029 0.032258 0.023738 0.032258 61680 229032
56 62.310000 60.320000 1000000 6.990551 8.355877 7.016326 9.779278 0.023406 0.032258 0.254249 0.252194 0.032258 0.023442 0.032258 90020 233121
56 62.310000 60.320000 1000000 6.845861 8.340107 6.873291 9.650246 0.023467 0.032258 0.132996 0.129025 0.032258 0.023499 0.032258 117840 203750
56 62.310000 60.320000 1000000 6.574903 8.297096 6.561299 9.243358 0.023507 0.032258 0.265884 0.263920 0.032258 0.023543 0.032258 203750 208338
56 62.310000 60.320000 1000000 6.571948 8.296379 6.557210 9.235294 0.023509 0.032258 0.271706 0.269785 0.032258 0.023545 0.032258 208330 247631
56 62.310000 60.320000 1000000 6.566675 8.295663 6.558094 9.236271 0.023502 0.032258 0.277531 0.275650 0.032258 0.023546 0.032258 247630 359582
56 62.310000 60.320000 1000000 6.527372 8.290645 6.518635 9.195215 0.023499 0.032258 0.236801 0.234594 0.032258 0.023544 0.032258 248870 374658
56 62.310000 60.320000 1000000 6.429411 8.159463 6.410224 9.039302 0.023505 0.032258 0.330016 0.328436 0.032258 0.023545 0.032258 269250 355082
56 62.310000 60.320000 1000000 6.223312 8.072367 6.174845 8.763401 0.023528 0.032258 0.321263 0.319640 0.032258 0.023567 0.032258 355080 445158
56 62.310000 60.320000 1000000 6.044979 7.799251 6.033896 8.512427 0.023671 0.032258 0.327102 0.325507 0.032258 0.023622 0.032258 421220 501599
56 62.310000 60.320000 1000000 5.917926 7.778463 5.979196 8.444980 0.023681 0.032258 0.286275 0.284452 0.032258 0.023660 0.032258 496780 584141
56 62.310000 60.320000 1000000 5.826035 7.742981 5.863073 8.020023 0.023787 0.032258 0.167360 0.164221 0.032258 0.023791 0.032258 509620 542163
56 62.310000 60.320000 1000000 5.817129 7.740113 5.853019 7.987276 0.023791 0.032258 0.155866 0.152491 0.032258 0.023794 0.032258 542160 584141
56 62.310000 60.320000 1000000 5.793300 7.737246 5.820784 7.955018 0.023785 0.032258 0.155866 0.152491 0.032258 0.023784 0.032258 570250 712007
56 62.310000 60.320000 1000000 5.780604 7.735095 5.808268 7.937423 0.023788 0.032258 0.144408 0.140759 0.032258 0.023786 0.032258 571220 910269
56 62.310000 60.320000 1000000 5.752716 7.729361 5.780054 7.895390 0.023805 0.032258 0.121653 0.117298 0.032258 0.023806 0.032258 723980 1000000
56 62.310000 60.320000 1000000 5.734624 7.727210 5.762220 7.877795 0.023811 0.032258 0.104792 0.099703 0.032258 0.023811 0.032258 744730 775112
56 62.310000 60.320000 1000000 5.728845 7.726493 5.756524 7.871929 0.023812 0.032258 0.099228 0.093838 0.032258 0.023811 0.032258 775110 866431
56 62.310000 60.320000 1000000 5.706958 7.723626 5.734954 7.848469 0.023811 0.032258 0.082786 0.076242 0.032258 0.023809 0.032258 852860 1000000
56 62.310000 60.320000 1000000 5.666513 7.715024 5.690844 7.769291 0.023825 0.032258 0.066935 0.058649 0.032258 0.023823 0.032258 999990 1000000
