42 62.310000 60.320000 1000000 10.748485 13.871638 10.699828 14.500651 0.023783 0.032258 0.222300 0.219947 0.032258 0.023763 0.032258 0 50
42 62.310000 60.320000 1000000 9.996136 13.691711 10.017309 13.510681 0.023822 0.032258 0.164491 0.161297 0.032258 0.023822 0.032258 50 72
42 62.310000 60.320000 1000000 9.946585 13.679167 9.977470 13.467670 0.023820 0.032258 0.127315 0.123161 0.032258 0.023816 0.032258 70 83
42 62.310000 60.320000 1000000 9.820365 13.322895 9.810886 13.298317 0.023833 0.032258 0.061857 0.052779 0.032258 0.023830 0.032258 80 94
42 62.310000 60.320000 1000000 9.808619 13.265189 9.792873 13.284876 0.023833 0.032258 0.064375 0.055710 0.032258 0.023830 0.032258 90 102
42 62.310000 60.320000 1000000 9.744034 13.256587 9.758671 13.239666 0.023831 0.032258 0.080090 0.073306 0.032258 0.023828 0.032258 100 117
42 62.310000 60.320000 1000000 9.722551 13.249060 9.734045 13.154868 0.023832 0.032258 0.072139 0.064525 0.032258 0.023829 0.032258 110 120
42 62.310000 60.320000 1000000 9.692497 13.189203 9.705828 13.130675 0.023832 0.032258 0.064390 0.055727 0.032258 0.023830 0.032258 120 144
42 62.310000 60.320000 1000000 9.677456 13.184902 9.695676 13.113813 0.023832 0.032258 0.059389 0.049864 0.032258 0.023830 0.032258 140 161
42 62.310000 60.320000 1000000 9.675862 13.184185 9.695940 13.114790 0.023832 0.032258 0.059376 0.049849 0.032258 0.023830 0.032258 160 195
42 62.310000 60.320000 1000000 9.637078 13.122178 9.651074 13.066159 0.023833 0.032258 0.047733 0.035183 0.032258 0.023830 0.032258 190 253
42 62.310000 60.320000 1000000 9.559262 12.884903 9.545782 12.953012 0.023833 0.032258 0.047732 0.035181 0.032258 0.023830 0.032258 220 259
42 62.310000 60.320000 1000000 9.494149 12.877017 9.485257 12.891184 0.023832 0.032258 0.052204 0.041045 0.032258 0.023829 0.032258 250 267
42 62.310000 60.320000 1000000 9.478994 12.872716 9.487783 12.897049 0.023832 0.032258 0.061854 0.052777 0.032258 0.023829 0.032258 260 272
42 62.310000 60.320000 1000000 9.474228 12.871999 9.483029 12.891184 0.023832 0.032258 0.061854 0.052777 0.032258 0.023829 0.032258 270 305
42 62.310000 60.320000 1000000 9.463035 12.869849 9.471867 12.873589 0.023833 0.032258 0.056934 0.046914 0.032258 0.023830 0.032258 300 323
42 62.310000 60.320000 1000000 9.447719 12.867698 9.456595 12.855994 0.023831 0.032258 0.066929 0.058642 0.032258 0.023828 0.032258 320 347
42 62.310000 60.320000 1000000 9.445300 12.866982 9.453277 12.847930 0.023831 0.032258 0.061854 0.052777 0.032258 0.023828 0.032258 340 396
42 62.310000 60.320000 1000000 9.348339 12.513219 9.316985 12.691772 0.023830 0.032258 0.080089 0.073305 0.032258 0.023827 0.032258 390 505
42 62.310000 60.320000 1000000 9.332478 12.507842 9.298952 12.633855 0.023831 0.032258 0.056946 0.046929 0.032258 0.023829 0.032258 400 569
42 62.310000 60.320000 1000000 9.276573 12.499957 9.234145 12.560542 0.023828 0.032258 0.072138 0.064524 0.032258 0.023829 0.032258 560 592
42 62.310000 60.320000 1000000 9.274093 12.499240 9.230688 12.552477 0.023828 0.032258 0.072137 0.064523 0.032258 0.023829 0.032258 590 715
42 62.310000 60.320000 1000000 9.254944 12.495656 9.217364 12.523397 0.023829 0.032258 0.077428 0.070388 0.032258 0.023829 0.032258 710 755
42 62.310000 60.320000 1000000 9.253278 12.494939 9.217645 12.524374 0.023829 0.032258 0.077413 0.070372 0.032258 0.023829 0.032258 750 781
42 62.310000 60.320000 1000000 9.245887 12.494222 9.218889 12.525352 0.023830 0.032258 0.072123 0.064507 0.032258 0.023829 0.032258 780 1435
42 62.310000 60.320000 1000000 9.179564 12.483470 9.192467 12.453261 0.023831 0.032258 0.066946 0.058662 0.032258 0.023829 0.032258 950 1461
42 62.310000 60.320000 1000000 9.086856 12.466982 9.118237 12.338892 0.023827 0.032258 0.088230 0.082121 0.032258 0.023825 0.032258 1460 1477
42 62.310000 60.320000 1000000 9.083046 12.466266 9.114466 12.333027 0.023826 0.032258 0.082798 0.076256 0.032258 0.023824 0.032258 1470 2242
42 62.310000 60.320000 1000000 9.061894 12.463398 9.093533 12.309567 0.023824 0.032258 0.088227 0.082118 0.032258 0.023821 0.032258 1480 1867
42 62.310000 60.320000 1000000 9.016139 12.444044 9.034072 12.084986 0.023821 0.032258 0.133008 0.129037 0.032258 0.023816 0.032258 1860 2698
42 62.310000 60.320000 1000000 8.930150 12.150496 8.941358 11.994810 0.023826 0.032258 0.135855 0.131969 0.032258 0.023825 0.032258 2690 3090
42 62.310000 60.320000 1000000 8.918274 12.092790 8.923264 11.981369 0.023827 0.032258 0.133008 0.129037 0.032258 0.023825 0.032258 3090 3231
42 62.310000 60.320000 1000000 8.858053 12.028632 8.841998 11.901947 0.023830 0.032258 0.096469 0.090916 0.032258 0.023830 0.032258 3230 4056
42 62.310000 60.320000 1000000 8.754588 11.616088 8.717204 11.812748 0.023828 0.032258 0.052218 0.041063 0.032258 0.023824 0.032258 4050 4480
42 62.310000 60.320000 1000000 8.749022 11.615371 8.711566 11.806883 0.023828 0.032258 0.056946 0.046928 0.032258 0.023824 0.032258 4480 7649
42 62.310000 60.320000 1000000 8.679622 11.322540 8.614250 11.713775 0.023814 0.032258 0.064389 0.055726 0.032258 0.023807 0.032258 6010 7692
42 62.310000 60.320000 1000000 8.619168 11.316088 8.598924 11.697646 0.023818 0.032258 0.059385 0.049860 0.032258 0.023810 0.032258 7690 9635
42 62.310000 60.320000 1000000 8.587166 11.312504 8.598285 11.695691 0.023815 0.032258 0.054554 0.043995 0.032258 0.023812 0.032258 9630 13100
42 62.310000 60.320000 1000000 8.585952 11.311429 8.596437 11.682250 0.023815 0.032258 0.056945 0.046927 0.032258 0.023812 0.032258 13100 13574
42 62.310000 60.320000 1000000 8.567982 11.309278 8.593521 11.678340 0.023813 0.032258 0.056949 0.046932 0.032258 0.023813 0.032258 13570 14785
42 62.310000 60.320000 1000000 8.561313 11.307844 8.586912 11.666610 0.023814 0.032258 0.056951 0.046934 0.032258 0.023814 0.032258 13960 17066
42 62.310000 60.320000 1000000 8.260253 9.229710 8.117873 11.174675 0.023497 0.032258 0.144423 0.140774 0.032258 0.023333 0.032258 17060 29537
42 62.310000 60.320000 1000000 8.111833 9.211072 7.952002 11.015584 0.023525 0.032258 0.213603 0.211153 0.032258 0.023384 0.032258 19780 33102
42 62.310000 60.320000 1000000 7.709608 8.821109 7.771745 10.842564 0.023282 0.032258 0.173129 0.170097 0.032258 0.023341 0.032258 33100 58123
42 62.310000 60.320000 1000000 7.244783 8.589209 7.220427 10.240170 0.023058 0.032258 0.158743 0.155431 0.032258 0.023052 0.032258 58120 64783
42 62.310000 60.320000 1000000 7.062329 8.561253 7.041648 10.018276 0.022990 0.032258 0.193333 0.190623 0.032258 0.022999 0.032258 64780 109651
42 62.310000 60.320000 1000000 6.771546 8.505339 6.686617 9.455231 0.023118 0.032258 0.426444 0.425222 0.032258 0.023199 0.032258 81620 137149
42 62.310000 60.320000 1000000 6.743427 8.502472 6.657403 9.431771 0.023161 0.032258 0.403055 0.401762 0.032258 0.023249 0.032258 100280 178042
42 62.310000 60.320000 1000000 6.621305 8.480250 6.530298 9.249954 0.023221 0.032258 0.403055 0.401762 0.032258 0.023334 0.032258 101460 112670
42 62.310000 60.320000 1000000 6.618446 8.479533 6.527318 9.244089 0.023219 0.032258 0.403056 0.401763 0.032258 0.023332 0.032258 112670 178042
42 62.310000 60.320000 1000000 6.599766 8.364121 6.497489 9.217207 0.023198 0.032258 0.408902 0.407628 0.032258 0.023305 0.032258 114100 123314
42 62.310000 60.320000 1000000 6.590692 8.306415 6.482942 9.203767 0.023186 0.032258 0.411826 0.410561 0.032258 0.023289 0.032258 123310 178042
42 62.310000 60.320000 1000000 6.314610 8.266989 6.266982 8.988471 0.023488 0.032258 0.190424 0.187672 0.032258 0.023518 0.032258 178040 235938
42 62.310000 60.320000 1000000 6.066827 8.168783 6.059341 8.174225 0.023823 0.032258 0.104795 0.099706 0.032258 0.023819 0.032258 203700 231216
42 62.310000 60.320000 1000000 6.047757 8.164482 6.042117 8.145877 0.023829 0.032258 0.072131 0.064516 0.032258 0.023826 0.032258 231210 235938
42 62.310000 60.320000 1000000 6.041121 8.163766 6.032960 8.137813 0.023830 0.032258 0.066937 0.058651 0.032258 0.023828 0.032258 235930 252434
42 62.310000 60.320000 1000000 6.005424 7.989932 5.980742 8.098468 0.023826 0.032258 0.069521 0.061584 0.032258 0.023823 0.032258 252430 266440
42 62.310000 60.320000 1000000 5.978112 7.986347 5.945154 8.067188 0.023828 0.032258 0.059382 0.049856 0.032258 0.023827 0.032258 266440 271649
42 62.310000 60.320000 1000000 5.970760 7.985631 5.946397 8.068165 0.023830 0.032258 0.054551 0.043991 0.032258 0.023827 0.032258 271640 341258
42 62.310000 60.320000 1000000 5.941395 7.982046 5.933638 8.052525 0.023830 0.032258 0.045622 0.032261 0.032258 0.023827 0.032258 341250 350024
42 62.310000 60.320000 1000000 5.930087 7.924341 5.916268 8.039084 0.023829 0.032258 0.047740 0.035193 0.032258 0.023825 0.032258 350020 441966
42 62.310000 60.320000 1000000 5.893888 7.917889 5.895367 7.997785 0.023831 0.032258 0.047741 0.035194 0.032258 0.023829 0.032258 441960 528828
42 62.310000 60.320000 1000000 5.871494 7.802478 5.861077 7.970903 0.023827 0.032258 0.052215 0.041059 0.032258 0.023823 0.032258 456660 607447
42 62.310000 60.320000 1000000 5.828534 7.797460 5.846935 7.955018 0.023823 0.032258 0.061866 0.052790 0.032258 0.023825 0.032258 607440 648391
42 62.310000 60.320000 1000000 5.822894 7.796743 5.841348 7.949153 0.023823 0.032258 0.061866 0.052790 0.032258 0.023826 0.032258 648390 703645
42 62.310000 60.320000 1000000 5.785739 7.622910 5.787130 7.902966 0.023815 0.032258 0.054552 0.043992 0.032258 0.023811 0.032258 703640 805633
42 62.310000 60.320000 1000000 5.779168 7.622193 5.778095 7.894902 0.023816 0.032258 0.049943 0.038127 0.032258 0.023813 0.032258 805630 859212
42 62.310000 60.320000 1000000 5.776609 7.621476 5.774573 7.886837 0.023817 0.032258 0.049943 0.038127 0.032258 0.023814 0.032258 859210 1000000
42 62.310000 60.320000 1000000 5.776609 7.621476 5.774573 7.886837 0.023817 0.032258 0.049943 0.038127 0.032258 0.023814 0.032258 999990 1000000
