60 62.310000 60.320000 1000000 10.559528 13.834363 10.607949 14.301486 0.023773 0.032258 0.199105 0.196474 0.032258 0.023773 0.032258 0 50
60 62.310000 60.320000 1000000 10.221488 13.765546 10.328966 13.786584 0.023781 0.032258 0.204895 0.202339 0.032258 0.023784 0.032258 50 64
60 62.310000 60.320000 1000000 10.113390 13.694220 10.218211 13.661707 0.023780 0.032258 0.230993 0.228730 0.032258 0.023774 0.032258 60 70
60 62.310000 60.320000 1000000 9.915680 13.668414 9.966335 13.390448 0.023827 0.032258 0.061871 0.052797 0.032258 0.023825 0.032258 70 87
60 62.310000 60.320000 1000000 9.900255 13.665547 9.951145 13.366988 0.023826 0.032258 0.056948 0.046931 0.032258 0.023823 0.032258 80 92
60 62.310000 60.320000 1000000 9.867173 13.659812 9.914507 13.313469 0.023824 0.032258 0.061867 0.052792 0.032258 0.023819 0.032258 90 107
60 62.310000 60.320000 1000000 9.862642 13.656945 9.908022 13.278524 0.023823 0.032258 0.072137 0.064522 0.032258 0.023818 0.032258 100 118
60 62.310000 60.320000 1000000 9.693342 13.129705 9.672011 13.084243 0.023831 0.032258 0.069526 0.061590 0.032258 0.023829 0.032258 110 121
60 62.310000 60.320000 1000000 9.680626 13.127555 9.659210 13.066648 0.023831 0.032258 0.064386 0.055722 0.032258 0.023830 0.032258 120 137
60 62.310000 60.320000 1000000 9.598169 13.004974 9.623769 13.035856 0.023831 0.032258 0.069527 0.061590 0.032258 0.023830 0.032258 130 146
60 62.310000 60.320000 1000000 9.594956 13.004257 9.620581 13.029991 0.023831 0.032258 0.069528 0.061592 0.032258 0.023830 0.032258 140 181
60 62.310000 60.320000 1000000 9.556943 12.998523 9.574857 12.985759 0.023832 0.032258 0.049936 0.038118 0.032258 0.023829 0.032258 180 210
60 62.310000 60.320000 1000000 9.528448 12.991713 9.545875 12.925398 0.023831 0.032258 0.072141 0.064527 0.032258 0.023828 0.032258 210 235
60 62.310000 60.320000 1000000 9.506723 12.988128 9.523342 12.893873 0.023831 0.032258 0.047749 0.035204 0.032258 0.023828 0.032258 230 340
60 62.310000 60.320000 1000000 9.458400 12.974508 9.470145 12.759710 0.023829 0.032258 0.056949 0.046931 0.032258 0.023825 0.032258 340 372
60 62.310000 60.320000 1000000 9.418339 12.964473 9.429717 12.665870 0.023824 0.032258 0.082798 0.076255 0.032258 0.023820 0.032258 370 430
60 62.310000 60.320000 1000000 9.411991 12.963756 9.421018 12.657805 0.023825 0.032258 0.082797 0.076255 0.032258 0.023820 0.032258 430 687
60 62.310000 60.320000 1000000 9.383118 12.957304 9.401512 12.639233 0.023821 0.032258 0.066945 0.058661 0.032258 0.023817 0.032258 520 884
60 62.310000 60.320000 1000000 9.333894 12.726480 9.326442 12.585469 0.023827 0.032258 0.061869 0.052794 0.032258 0.023825 0.032258 580 670
60 62.310000 60.320000 1000000 9.275427 12.437950 9.236446 12.518265 0.023827 0.032258 0.074773 0.067457 0.032258 0.023826 0.032258 660 884
60 62.310000 60.320000 1000000 9.250449 12.430065 9.201607 12.429556 0.023824 0.032258 0.118837 0.114376 0.032258 0.023823 0.032258 730 896
60 62.310000 60.320000 1000000 9.168512 12.421463 9.179426 12.407318 0.023828 0.032258 0.113206 0.108513 0.032258 0.023825 0.032258 890 926
60 62.310000 60.320000 1000000 9.165195 12.420746 9.176121 12.401453 0.023829 0.032258 0.113206 0.108513 0.032258 0.023826 0.032258 920 975
60 62.310000 60.320000 1000000 9.163556 12.420029 9.176393 12.402430 0.023829 0.032258 0.107598 0.102648 0.032258 0.023826 0.032258 970 1291
60 62.310000 60.320000 1000000 9.112045 12.188488 9.100601 12.342802 0.023826 0.032258 0.107596 0.102646 0.032258 0.023822 0.032258 1290 1377
60 62.310000 60.320000 1000000 9.043696 12.178452 9.019670 12.249695 0.023829 0.032258 0.102015 0.096780 0.032258 0.023827 0.032258 1350 1434
60 62.310000 60.320000 1000000 9.042436 12.177377 9.017730 12.236254 0.023830 0.032258 0.104801 0.099713 0.032258 0.023827 0.032258 1430 1465
60 62.310000 60.320000 1000000 9.017997 12.174510 8.983794 12.203996 0.023828 0.032258 0.127327 0.123173 0.032258 0.023825 0.032258 1440 1484
60 62.310000 60.320000 1000000 9.013254 12.173793 8.978997 12.198131 0.023828 0.032258 0.127327 0.123173 0.032258 0.023825 0.032258 1480 1652
60 62.310000 60.320000 1000000 9.009816 12.173076 8.975520 12.192266 0.023828 0.032258 0.121663 0.117308 0.032258 0.023826 0.032258 1650 2371
60 62.310000 60.320000 1000000 8.988552 12.170925 8.979090 12.195198 0.023829 0.032258 0.110398 0.105580 0.032258 0.023826 0.032258 1780 2569
60 62.310000 60.320000 1000000 8.933231 12.160890 8.926770 12.124573 0.023830 0.032258 0.077411 0.070370 0.032258 0.023828 0.032258 2560 2669
60 62.310000 60.320000 1000000 8.930018 12.160173 8.923550 12.118708 0.023830 0.032258 0.072121 0.064505 0.032258 0.023828 0.032258 2660 4093
60 62.310000 60.320000 1000000 8.921818 12.156589 8.924917 12.123596 0.023831 0.032258 0.072121 0.064505 0.032258 0.023828 0.032258 2710 3484
60 62.310000 60.320000 1000000 8.917195 12.154438 8.925686 12.126528 0.023831 0.032258 0.077413 0.070371 0.032258 0.023828 0.032258 2900 4093
60 62.310000 60.320000 1000000 8.881839 11.981320 8.871656 12.086206 0.023831 0.032258 0.080086 0.073302 0.032258 0.023828 0.032258 3040 3070
60 62.310000 60.320000 1000000 8.860367 11.915012 8.838673 11.965240 0.023832 0.032258 0.061852 0.052774 0.032258 0.023830 0.032258 3070 4093
60 62.310000 60.320000 1000000 8.849215 11.912861 8.827439 11.947645 0.023832 0.032258 0.066927 0.058639 0.032258 0.023830 0.032258 4090 4205
60 62.310000 60.320000 1000000 8.847687 11.912145 8.827695 11.948622 0.023832 0.032258 0.072121 0.064504 0.032258 0.023830 0.032258 4200 4691
60 62.310000 60.320000 1000000 8.844484 11.911428 8.824470 11.942757 0.023832 0.032258 0.066927 0.058639 0.032258 0.023830 0.032258 4690 5814
60 62.310000 60.320000 1000000 8.821242 11.908560 8.809619 11.926139 0.023831 0.032258 0.077411 0.070370 0.032258 0.023829 0.032258 5810 8045
60 62.310000 60.320000 1000000 8.715156 11.385622 8.646027 11.762162 0.023813 0.032258 0.096466 0.090913 0.032258 0.023807 0.032258 6180 8268
60 62.310000 60.320000 1000000 8.651305 11.378454 8.640613 11.751409 0.023818 0.032258 0.074772 0.067456 0.032258 0.023810 0.032258 8260 10062
60 62.310000 60.320000 1000000 8.619691 11.374152 8.606339 11.714019 0.023822 0.032258 0.059388 0.049863 0.032258 0.023815 0.032258 10060 11171
60 62.310000 60.320000 1000000 8.302808 9.180606 8.105016 11.195202 0.023481 0.032258 0.158747 0.155434 0.032258 0.023311 0.032258 11170 11958
60 62.310000 60.320000 1000000 8.219565 9.171287 7.989335 11.103804 0.023494 0.032258 0.187537 0.184742 0.032258 0.023347 0.032258 11950 12475
60 62.310000 60.320000 1000000 8.216754 9.170571 7.985124 11.095740 0.023495 0.032258 0.187537 0.184742 0.032258 0.023349 0.032258 12470 26590
60 62.310000 60.320000 1000000 8.172917 9.166269 7.971772 11.083521 0.023498 0.032258 0.175994 0.173012 0.032258 0.023349 0.032258 15650 22568
60 62.310000 60.320000 1000000 7.961354 9.139746 8.008071 11.119689 0.023338 0.032258 0.152992 0.149552 0.032258 0.023374 0.032258 16990 26590
60 62.310000 60.320000 1000000 7.728671 9.103187 7.779680 10.820570 0.023272 0.032258 0.385508 0.384156 0.032258 0.023298 0.032258 26590 27892
60 62.310000 60.320000 1000000 7.693873 9.097811 7.744681 10.771939 0.023298 0.032258 0.382601 0.381239 0.032258 0.023323 0.032258 27890 38130
60 62.310000 60.320000 1000000 7.607352 8.746557 7.635127 10.648039 0.023239 0.032258 0.365072 0.363644 0.032258 0.023218 0.032258 38130 51962
60 62.310000 60.320000 1000000 7.257958 8.688135 7.214634 10.049071 0.023125 0.032258 0.426448 0.425227 0.032258 0.023121 0.032258 49000 55978
60 62.310000 60.320000 1000000 7.250111 8.687418 7.206644 10.043206 0.023131 0.032258 0.420600 0.419362 0.032258 0.023128 0.032258 55970 58697
60 62.310000 60.320000 1000000 7.235999 8.628278 7.188218 10.018035 0.023107 0.032258 0.435221 0.434024 0.032258 0.023097 0.032258 58690 65082
60 62.310000 60.320000 1000000 7.214912 8.568421 7.179033 10.007526 0.023067 0.032258 0.420601 0.419362 0.032258 0.023079 0.032258 65080 80368
60 62.310000 60.320000 1000000 7.026925 8.524694 6.935723 9.548832 0.023118 0.032258 0.701623 0.700881 0.032258 0.023169 0.032258 80360 95953
60 62.310000 60.320000 1000000 6.586575 8.464121 6.531047 9.151229 0.023387 0.032258 0.429368 0.428155 0.032258 0.023420 0.032258 95950 111549
60 62.310000 60.320000 1000000 6.331613 8.421828 6.266785 8.802992 0.023616 0.032258 0.207805 0.205286 0.032258 0.023687 0.032258 111540 128881
60 62.310000 60.320000 1000000 6.254017 8.412509 6.217730 8.754115 0.023607 0.032258 0.167368 0.164230 0.032258 0.023699 0.032258 117750 138826
60 62.310000 60.320000 1000000 6.200328 8.236523 6.144972 8.690332 0.023588 0.032258 0.158743 0.155431 0.032258 0.023683 0.032258 136050 366465
60 62.310000 60.320000 1000000 6.046911 8.171292 6.053243 8.212835 0.023826 0.032258 0.080102 0.073320 0.032258 0.023824 0.032258 187870 247135
60 62.310000 60.320000 1000000 6.005279 8.051580 5.999556 8.153207 0.023825 0.032258 0.069526 0.061590 0.032258 0.023823 0.032258 247130 295057
60 62.310000 60.320000 1000000 5.978286 8.045845 5.967699 8.095290 0.023829 0.032258 0.059383 0.049858 0.032258 0.023828 0.032258 251670 317179
60 62.310000 60.320000 1000000 5.969786 8.042261 5.969120 8.100178 0.023831 0.032258 0.045619 0.032257 0.032258 0.023827 0.032258 263310 380359
60 62.310000 60.320000 1000000 5.953066 8.038677 5.956080 8.084537 0.023828 0.032258 0.064381 0.055717 0.032258 0.023824 0.032258 338250 523804
60 62.310000 60.320000 1000000 5.828946 7.626853 5.820802 7.939623 0.023810 0.032258 0.066936 0.058650 0.032258 0.023797 0.032258 474020 623983
60 62.310000 60.320000 1000000 5.764263 7.619684 5.754296 7.879261 0.023820 0.032258 0.047736 0.035187 0.032258 0.023814 0.032258 623980 813552
60 62.310000 60.320000 1000000 5.757560 7.616817 5.746167 7.846514 0.023822 0.032258 0.043598 0.029330 0.032258 0.023816 0.032258 813550 813739
60 62.310000 60.320000 1000000 5.755875 7.616100 5.746449 7.847492 0.023822 0.032258 0.047736 0.035188 0.032258 0.023816 0.032258 813730 845921
60 62.310000 60.320000 1000000 5.746680 7.613950 5.736251 7.827697 0.023824 0.032258 0.043595 0.029324 0.032258 0.023819 0.032258 845920 1000000
60 62.310000 60.320000 1000000 5.735035 7.612516 5.724543 7.815967 0.023826 0.032258 0.036744 0.017594 0.032258 0.023821 0.032258 999990 1000000
