44 62.310000 60.320000 1000000 10.709691 13.934362 10.738755 14.691509 0.023763 0.032258 0.225184 0.222862 0.032258 0.023762 0.032258 0 50
44 62.310000 60.320000 1000000 10.181102 13.846191 10.264180 13.996745 0.023799 0.032258 0.219383 0.216999 0.032258 0.023794 0.032258 50 63
44 62.310000 60.320000 1000000 10.117711 13.837589 10.190891 13.922210 0.023807 0.032258 0.178877 0.175944 0.032258 0.023802 0.032258 60 70
44 62.310000 60.320000 1000000 10.001373 13.807482 10.052233 13.634580 0.023824 0.032258 0.093695 0.087967 0.032258 0.023820 0.032258 70 87
44 62.310000 60.320000 1000000 9.904318 13.398880 9.918359 13.525098 0.023831 0.032258 0.077416 0.070375 0.032258 0.023827 0.032258 80 103
44 62.310000 60.320000 1000000 9.858466 13.392787 9.919252 13.511658 0.023827 0.032258 0.113192 0.108498 0.032258 0.023828 0.032258 100 116
44 62.310000 60.320000 1000000 9.798818 13.215368 9.840526 13.431746 0.023827 0.032258 0.116004 0.111428 0.032258 0.023825 0.032258 110 130
44 62.310000 60.320000 1000000 9.794709 13.212142 9.834325 13.391424 0.023828 0.032258 0.107581 0.102631 0.032258 0.023827 0.032258 130 189
44 62.310000 60.320000 1000000 9.722379 13.193863 9.740442 13.182483 0.023832 0.032258 0.066943 0.058658 0.032258 0.023830 0.032258 140 159
44 62.310000 60.320000 1000000 9.692295 13.188486 9.709892 13.133851 0.023833 0.032258 0.054554 0.043995 0.032258 0.023831 0.032258 150 183
44 62.310000 60.320000 1000000 9.610012 13.175583 9.620604 13.017283 0.023823 0.032258 0.102015 0.096781 0.032258 0.023820 0.032258 180 208
44 62.310000 60.320000 1000000 9.608335 13.174866 9.620883 13.018261 0.023824 0.032258 0.096469 0.090916 0.032258 0.023820 0.032258 200 212
44 62.310000 60.320000 1000000 9.598172 13.172716 9.609885 12.998467 0.023823 0.032258 0.113204 0.108511 0.032258 0.023820 0.032258 210 225
44 62.310000 60.320000 1000000 9.596946 13.171641 9.608018 12.985026 0.023823 0.032258 0.116018 0.111443 0.032258 0.023820 0.032258 220 245
44 62.310000 60.320000 1000000 9.593683 13.170924 9.604766 12.979161 0.023824 0.032258 0.110396 0.105578 0.032258 0.023820 0.032258 240 332
44 62.310000 60.320000 1000000 9.493448 13.093863 9.502623 12.844020 0.023823 0.032258 0.080088 0.073304 0.032258 0.023819 0.032258 330 394
44 62.310000 60.320000 1000000 9.450685 13.084186 9.459338 12.760199 0.023814 0.032258 0.127311 0.123157 0.032258 0.023810 0.032258 390 436
44 62.310000 60.320000 1000000 9.347192 12.621821 9.301251 12.644608 0.023822 0.032258 0.138689 0.134885 0.032258 0.023825 0.032258 430 475
44 62.310000 60.320000 1000000 9.335637 12.564115 9.283317 12.631167 0.023822 0.032258 0.141542 0.137818 0.032258 0.023825 0.032258 470 709
44 62.310000 60.320000 1000000 9.201253 12.545835 9.255117 12.556632 0.023822 0.032258 0.116021 0.111446 0.032258 0.023823 0.032258 700 793
44 62.310000 60.320000 1000000 9.195891 12.545118 9.249848 12.550767 0.023822 0.032258 0.116021 0.111446 0.032258 0.023822 0.032258 790 859
44 62.310000 60.320000 1000000 9.184504 12.542251 9.235792 12.520709 0.023822 0.032258 0.104804 0.099716 0.032258 0.023823 0.032258 850 894
44 62.310000 60.320000 1000000 9.172510 12.484545 9.217754 12.507268 0.023823 0.032258 0.102018 0.096784 0.032258 0.023823 0.032258 890 1338
44 62.310000 60.320000 1000000 9.056571 12.297449 9.064760 12.328139 0.023829 0.032258 0.064393 0.055731 0.032258 0.023827 0.032258 1330 1693
44 62.310000 60.320000 1000000 8.995347 12.283112 8.993231 12.195931 0.023827 0.032258 0.080092 0.073309 0.032258 0.023824 0.032258 1690 1793
44 62.310000 60.320000 1000000 8.983353 12.225406 8.974874 12.182491 0.023828 0.032258 0.077417 0.070376 0.032258 0.023825 0.032258 1790 1825
44 62.310000 60.320000 1000000 8.978706 12.224689 8.970214 12.176626 0.023827 0.032258 0.077417 0.070376 0.032258 0.023825 0.032258 1820 2977
44 62.310000 60.320000 1000000 8.901804 12.210352 8.925795 12.137280 0.023824 0.032258 0.110385 0.105566 0.032258 0.023819 0.032258 2030 3163
44 62.310000 60.320000 1000000 8.877582 12.094940 8.889011 12.110399 0.023826 0.032258 0.104790 0.099701 0.032258 0.023821 0.032258 2500 2820
44 62.310000 60.320000 1000000 8.865686 12.037234 8.870887 12.096958 0.023827 0.032258 0.102003 0.096768 0.032258 0.023822 0.032258 2820 3163
44 62.310000 60.320000 1000000 8.788404 12.014295 8.784283 11.844273 0.023830 0.032258 0.054554 0.043995 0.032258 0.023827 0.032258 3160 3599
44 62.310000 60.320000 1000000 8.741004 11.783471 8.711448 11.790510 0.023832 0.032258 0.059383 0.049858 0.032258 0.023830 0.032258 3390 3927
44 62.310000 60.320000 1000000 8.676527 11.606769 8.663874 11.755075 0.023830 0.032258 0.047744 0.035198 0.032258 0.023827 0.032258 3920 6677
44 62.310000 60.320000 1000000 8.275771 9.235087 8.093528 11.184450 0.023496 0.032258 0.181777 0.178892 0.032258 0.023336 0.032258 6570 8670
44 62.310000 60.320000 1000000 8.037788 9.202829 7.737594 10.823747 0.023356 0.032258 0.379677 0.378304 0.032258 0.023195 0.032258 8670 14213
44 62.310000 60.320000 1000000 7.741185 8.768779 7.698903 10.757031 0.023136 0.032258 0.178894 0.175962 0.032258 0.023064 0.032258 11180 15287
44 62.310000 60.320000 1000000 7.708883 8.763761 7.696142 10.757031 0.023091 0.032258 0.167369 0.164231 0.032258 0.023079 0.032258 15280 16400
44 62.310000 60.320000 1000000 7.614784 8.753009 7.601563 10.669055 0.023145 0.032258 0.202017 0.199424 0.032258 0.023135 0.032258 16400 19323
44 62.310000 60.320000 1000000 7.599216 8.750141 7.580020 10.636797 0.023127 0.032258 0.196229 0.193559 0.032258 0.023110 0.032258 19320 29791
44 62.310000 60.320000 1000000 7.266275 8.704263 7.242761 10.259231 0.023093 0.032258 0.219400 0.217016 0.032258 0.023084 0.032258 29790 30905
44 62.310000 60.320000 1000000 7.259789 8.703546 7.236211 10.253366 0.023098 0.032258 0.219400 0.217016 0.032258 0.023089 0.032258 30900 37334
44 62.310000 60.320000 1000000 7.033861 8.544407 6.987263 9.851365 0.022952 0.032258 0.505434 0.504404 0.032258 0.022913 0.032258 37330 49038
44 62.310000 60.320000 1000000 6.953309 8.527203 6.941873 9.793448 0.023045 0.032258 0.528833 0.527849 0.032258 0.022980 0.032258 49030 50159
44 62.310000 60.320000 1000000 6.948185 8.526486 6.942730 9.794425 0.023037 0.032258 0.522979 0.521983 0.032258 0.022981 0.032258 50150 116017
44 62.310000 60.320000 1000000 6.871877 8.473799 6.824815 9.135844 0.023084 0.032258 0.584470 0.583579 0.032258 0.023056 0.032258 50610 111185
44 62.310000 60.320000 1000000 6.177139 8.198532 6.224005 8.536143 0.023606 0.032258 0.262979 0.260993 0.032258 0.023533 0.032258 111180 146674
44 62.310000 60.320000 1000000 6.043336 8.173443 6.045439 8.260487 0.023821 0.032258 0.096460 0.090907 0.032258 0.023815 0.032258 126860 157326
44 62.310000 60.320000 1000000 6.032186 8.169858 6.041717 8.258532 0.023821 0.032258 0.113196 0.108503 0.032258 0.023815 0.032258 157320 159336
44 62.310000 60.320000 1000000 6.025198 8.169142 6.042874 8.259509 0.023821 0.032258 0.113196 0.108503 0.032258 0.023815 0.032258 159330 190112
44 62.310000 60.320000 1000000 6.005341 8.162690 6.028446 8.194996 0.023821 0.032258 0.102008 0.096773 0.032258 0.023816 0.032258 190110 204175
44 62.310000 60.320000 1000000 5.995653 8.159464 6.015080 8.157362 0.023827 0.032258 0.082788 0.076245 0.032258 0.023823 0.032258 204170 292760
44 62.310000 60.320000 1000000 5.915755 7.920040 5.907523 8.021978 0.023829 0.032258 0.072130 0.064515 0.032258 0.023825 0.032258 292760 314748
44 62.310000 60.320000 1000000 5.899510 7.916456 5.885057 7.981655 0.023830 0.032258 0.056939 0.046920 0.032258 0.023827 0.032258 314740 402840
44 62.310000 60.320000 1000000 5.874062 7.857316 5.870062 7.970170 0.023829 0.032258 0.054548 0.043987 0.032258 0.023825 0.032258 402840 452142
44 62.310000 60.320000 1000000 5.867784 7.856600 5.861405 7.962105 0.023828 0.032258 0.054548 0.043987 0.032258 0.023825 0.032258 452140 630415
44 62.310000 60.320000 1000000 5.859746 7.855166 5.853342 7.950375 0.023829 0.032258 0.045619 0.032258 0.032258 0.023826 0.032258 532360 639584
44 62.310000 60.320000 1000000 5.837519 7.852298 5.831041 7.926915 0.023833 0.032258 0.038235 0.020527 0.032258 0.023830 0.032258 639580 645755
44 62.310000 60.320000 1000000 5.835902 7.851582 5.831311 7.927892 0.023833 0.032258 0.041679 0.026392 0.032258 0.023830 0.032258 645750 719153
44 62.310000 60.320000 1000000 5.828896 7.850865 5.832479 7.928870 0.023832 0.032258 0.041679 0.026392 0.032258 0.023830 0.032258 719150 759091
44 62.310000 60.320000 1000000 5.780456 7.731511 5.761936 7.856289 0.023827 0.032258 0.056939 0.046920 0.032258 0.023822 0.032258 759090 813041
44 62.310000 60.320000 1000000 5.763477 7.729361 5.744792 7.838694 0.023828 0.032258 0.047737 0.035189 0.032258 0.023825 0.032258 809730 1000000
44 62.310000 60.320000 1000000 5.742635 7.727210 5.748278 7.841627 0.023827 0.032258 0.039886 0.023459 0.032258 0.023825 0.032258 999990 1000000
