24 62.310000 60.320000 1000000 10.354495 13.980599 10.435036 14.133354 0.023821 0.032258 0.124498 0.120246 0.032258 0.023828 0.032258 0 50
24 62.310000 60.320000 1000000 10.174036 13.941173 10.261075 13.801246 0.023803 0.032258 0.251337 0.249258 0.032258 0.023804 0.032258 50 62
24 62.310000 60.320000 1000000 10.046583 13.917518 10.112899 13.622362 0.023810 0.032258 0.147265 0.143689 0.032258 0.023807 0.032258 60 70
24 62.310000 60.320000 1000000 9.925523 13.393145 9.941459 13.448609 0.023818 0.032258 0.116006 0.111431 0.032258 0.023816 0.032258 70 86
24 62.310000 60.320000 1000000 9.756803 13.369490 9.813886 13.289520 0.023827 0.032258 0.099226 0.093836 0.032258 0.023828 0.032258 80 96
24 62.310000 60.320000 1000000 9.745591 13.368056 9.802868 13.277790 0.023827 0.032258 0.099223 0.093833 0.032258 0.023828 0.032258 90 109
24 62.310000 60.320000 1000000 9.721895 13.364472 9.779587 13.248464 0.023827 0.032258 0.093697 0.087969 0.032258 0.023827 0.032258 100 113
24 62.310000 60.320000 1000000 9.657811 13.244042 9.690175 13.167331 0.023826 0.032258 0.093696 0.087968 0.032258 0.023823 0.032258 110 133
24 62.310000 60.320000 1000000 9.630038 13.231139 9.658079 13.033902 0.023826 0.032258 0.077430 0.070391 0.032258 0.023822 0.032258 130 188
24 62.310000 60.320000 1000000 9.550860 13.051569 9.555737 12.936395 0.023828 0.032258 0.085507 0.079189 0.032258 0.023823 0.032258 170 191
24 62.310000 60.320000 1000000 9.505564 13.044401 9.512414 12.884587 0.023826 0.032258 0.090950 0.085037 0.032258 0.023821 0.032258 190 224
24 62.310000 60.320000 1000000 9.482810 13.037949 9.482805 12.814206 0.023823 0.032258 0.141546 0.137821 0.032258 0.023818 0.032258 220 230
24 62.310000 60.320000 1000000 9.460994 13.034365 9.469284 12.791724 0.023823 0.032258 0.135842 0.131956 0.032258 0.023817 0.032258 230 425
24 62.310000 60.320000 1000000 9.449742 13.032931 9.458062 12.779993 0.023823 0.032258 0.124478 0.120226 0.032258 0.023817 0.032258 250 431
24 62.310000 60.320000 1000000 9.444860 13.028630 9.450620 12.726231 0.023823 0.032258 0.130168 0.126107 0.032258 0.023817 0.032258 260 434
24 62.310000 60.320000 1000000 9.202183 12.153004 9.163715 12.483563 0.023821 0.032258 0.093712 0.087985 0.032258 0.023817 0.032258 310 495
24 62.310000 60.320000 1000000 9.196939 12.150854 9.164600 12.486495 0.023822 0.032258 0.077429 0.070390 0.032258 0.023817 0.032258 320 606
24 62.310000 60.320000 1000000 9.149611 12.136875 9.107046 12.338404 0.023818 0.032258 0.153006 0.149567 0.032258 0.023813 0.032258 370 656
24 62.310000 60.320000 1000000 9.112570 12.131857 9.069478 12.297348 0.023822 0.032258 0.135857 0.131972 0.032258 0.023818 0.032258 390 469
24 62.310000 60.320000 1000000 9.095181 12.129707 9.051839 12.279753 0.023824 0.032258 0.130166 0.126105 0.032258 0.023821 0.032258 400 631
24 62.310000 60.320000 1000000 9.064945 12.126123 9.038193 12.264113 0.023825 0.032258 0.130166 0.126105 0.032258 0.023821 0.032258 630 656
24 62.310000 60.320000 1000000 9.058249 12.125406 9.028899 12.256048 0.023826 0.032258 0.124492 0.120240 0.032258 0.023823 0.032258 650 688
24 62.310000 60.320000 1000000 9.051640 12.124689 9.019720 12.247984 0.023826 0.032258 0.118837 0.114375 0.032258 0.023824 0.032258 680 812
24 62.310000 60.320000 1000000 9.004232 12.118237 8.959255 12.193487 0.023827 0.032258 0.124493 0.120241 0.032258 0.023825 0.032258 710 733
24 62.310000 60.320000 1000000 8.998307 12.117520 8.950982 12.185423 0.023826 0.032258 0.130166 0.126106 0.032258 0.023824 0.032258 730 812
24 62.310000 60.320000 1000000 8.985368 12.113936 8.936447 12.146811 0.023827 0.032258 0.135855 0.131970 0.032258 0.023826 0.032258 810 942
24 62.310000 60.320000 1000000 8.943932 12.100316 8.919378 12.124329 0.023829 0.032258 0.096458 0.090904 0.032258 0.023828 0.032258 940 1031
24 62.310000 60.320000 1000000 8.927660 12.096732 8.902971 12.095003 0.023828 0.032258 0.096458 0.090904 0.032258 0.023827 0.032258 1030 1040
24 62.310000 60.320000 1000000 8.920276 12.096015 8.904210 12.095981 0.023829 0.032258 0.090951 0.085039 0.032258 0.023827 0.032258 1040 1378
24 62.310000 60.320000 1000000 8.905801 12.094582 8.906628 12.097936 0.023830 0.032258 0.080094 0.073311 0.032258 0.023827 0.032258 1210 1540
24 62.310000 60.320000 1000000 8.872601 12.090281 8.873438 12.062746 0.023830 0.032258 0.074759 0.067441 0.032258 0.023827 0.032258 1220 1556
24 62.310000 60.320000 1000000 8.857542 12.088130 8.866768 12.051993 0.023830 0.032258 0.074759 0.067441 0.032258 0.023826 0.032258 1550 1683
24 62.310000 60.320000 1000000 8.856043 12.087413 8.867017 12.052970 0.023830 0.032258 0.080090 0.073306 0.032258 0.023826 0.032258 1680 1823
24 62.310000 60.320000 1000000 8.852184 12.086696 8.863173 12.047105 0.023829 0.032258 0.080090 0.073306 0.032258 0.023826 0.032258 1820 2486
24 62.310000 60.320000 1000000 8.828330 11.971284 8.826787 12.020224 0.023830 0.032258 0.080088 0.073304 0.032258 0.023828 0.032258 1980 2688
24 62.310000 60.320000 1000000 8.802397 11.958023 8.788953 11.856248 0.023831 0.032258 0.056946 0.046929 0.032258 0.023829 0.032258 2600 2697
24 62.310000 60.320000 1000000 8.799299 11.957306 8.785840 11.850383 0.023831 0.032258 0.061869 0.052794 0.032258 0.023829 0.032258 2690 3144
24 62.310000 60.320000 1000000 8.646578 11.487772 8.607846 11.696668 0.023822 0.032258 0.093710 0.087983 0.032258 0.023818 0.032258 3140 3173
24 62.310000 60.320000 1000000 8.645389 11.486697 8.606005 11.683228 0.023822 0.032258 0.096468 0.090915 0.032258 0.023818 0.032258 3170 3236
24 62.310000 60.320000 1000000 8.642973 11.485980 8.602637 11.675163 0.023822 0.032258 0.096468 0.090915 0.032258 0.023818 0.032258 3230 3685
24 62.310000 60.320000 1000000 8.641386 11.485264 8.602905 11.676141 0.023822 0.032258 0.096468 0.090915 0.032258 0.023818 0.032258 3680 5426
24 62.310000 60.320000 1000000 8.551098 11.474511 8.584274 11.647549 0.023823 0.032258 0.085505 0.079187 0.032258 0.023825 0.032258 5420 6383
24 62.310000 60.320000 1000000 7.928592 9.246556 7.987668 11.075946 0.023394 0.032258 0.147279 0.143703 0.032258 0.023441 0.032258 6340 7695
24 62.310000 60.320000 1000000 7.889108 9.241180 7.948268 11.027315 0.023404 0.032258 0.167367 0.164229 0.032258 0.023449 0.032258 7690 10707
24 62.310000 60.320000 1000000 7.847033 9.234012 7.938080 11.016562 0.023355 0.032258 0.196224 0.193554 0.032258 0.023468 0.032258 10700 13727
24 62.310000 60.320000 1000000 7.804815 9.228994 7.894621 10.973307 0.023371 0.032258 0.190441 0.187689 0.032258 0.023482 0.032258 13720 16647
24 62.310000 60.320000 1000000 7.742713 8.708923 7.806021 10.853317 0.023247 0.032258 0.170245 0.167161 0.032258 0.023290 0.032258 16640 17779
24 62.310000 60.320000 1000000 7.537668 8.675948 7.606190 10.583521 0.023073 0.032258 0.432296 0.431091 0.032258 0.023108 0.032258 17770 24109
24 62.310000 60.320000 1000000 7.099531 8.392794 7.080924 10.034648 0.022944 0.032258 0.204908 0.202353 0.032258 0.022941 0.032258 24100 24251
24 62.310000 60.320000 1000000 7.092326 8.392077 7.073663 10.028783 0.022951 0.032258 0.204908 0.202353 0.032258 0.022948 0.032258 24250 51834
24 62.310000 60.320000 1000000 7.056435 8.385626 7.023772 9.956203 0.022995 0.032258 0.199117 0.196487 0.032258 0.023011 0.032258 27560 74878
24 62.310000 60.320000 1000000 6.858573 8.359819 6.822970 9.745061 0.023030 0.032258 0.199117 0.196487 0.032258 0.023059 0.032258 28080 36031
24 62.310000 60.320000 1000000 6.829989 8.354085 6.793933 9.698141 0.022990 0.032258 0.199117 0.196487 0.032258 0.023020 0.032258 31410 73671
24 62.310000 60.320000 1000000 6.453993 8.296738 6.407329 9.224538 0.023203 0.032258 0.170244 0.167160 0.032258 0.023265 0.032258 73670 163934
24 62.310000 60.320000 1000000 6.365943 8.166272 6.356554 9.156601 0.023255 0.032258 0.210688 0.208204 0.032258 0.023201 0.032258 100600 105394
24 62.310000 60.320000 1000000 6.354712 8.164122 6.345272 9.139006 0.023244 0.032258 0.216486 0.214069 0.032258 0.023190 0.032258 105390 180571
24 62.310000 60.320000 1000000 6.239624 8.126129 6.318133 9.041745 0.023412 0.032258 0.408890 0.407616 0.032258 0.023275 0.032258 107750 169329
24 62.310000 60.320000 1000000 5.949746 8.042978 5.950188 8.087715 0.023827 0.032258 0.059383 0.049858 0.032258 0.023825 0.032258 169320 184733
24 62.310000 60.320000 1000000 5.915768 7.869861 5.898051 8.047393 0.023822 0.032258 0.061866 0.052790 0.032258 0.023818 0.032258 170330 300528
24 62.310000 60.320000 1000000 5.854735 7.691010 5.825161 7.980678 0.023815 0.032258 0.064388 0.055724 0.032258 0.023806 0.032258 198120 215288
24 62.310000 60.320000 1000000 5.853052 7.690293 5.825446 7.981656 0.023815 0.032258 0.069519 0.061582 0.032258 0.023806 0.032258 215280 312111
24 62.310000 60.320000 1000000 5.827713 7.685275 5.796607 7.934002 0.023821 0.032258 0.049938 0.038121 0.032258 0.023815 0.032258 312110 365436
24 62.310000 60.320000 1000000 5.825183 7.683125 5.792678 7.907120 0.023822 0.032258 0.049943 0.038128 0.032258 0.023816 0.032258 315050 398380
24 62.310000 60.320000 1000000 5.797248 7.676673 5.759425 7.843337 0.023826 0.032258 0.049943 0.038127 0.032258 0.023824 0.032258 398380 446474
24 62.310000 60.320000 1000000 5.789924 7.675956 5.760667 7.844315 0.023827 0.032258 0.045623 0.032262 0.032258 0.023823 0.032258 446470 485535
24 62.310000 60.320000 1000000 5.788680 7.674881 5.758738 7.830874 0.023827 0.032258 0.047741 0.035195 0.032258 0.023824 0.032258 485530 665482
24 62.310000 60.320000 1000000 5.786981 7.674164 5.759025 7.831852 0.023827 0.032258 0.043598 0.029330 0.032258 0.023824 0.032258 665480 748062
24 62.310000 60.320000 1000000 5.766487 7.671297 5.733004 7.808636 0.023827 0.032258 0.047742 0.035195 0.032258 0.023825 0.032258 748060 791332
24 62.310000 60.320000 1000000 5.761603 7.670580 5.728034 7.802771 0.023828 0.032258 0.047742 0.035195 0.032258 0.023826 0.032258 791330 858870
24 62.310000 60.320000 1000000 5.757515 7.669863 5.723874 7.796905 0.023828 0.032258 0.043599 0.029330 0.032258 0.023827 0.032258 858870 915873
24 62.310000 60.320000 1000000 5.750219 7.669146 5.725109 7.797883 0.023829 0.032258 0.039890 0.023465 0.032258 0.023826 0.032258 915870 957760
24 62.310000 60.320000 1000000 5.743073 7.668429 5.726313 7.798861 0.023830 0.032258 0.036747 0.017600 0.032258 0.023826 0.032258 957760 1000000
24 62.310000 60.320000 1000000 5.743073 7.668429 5.726313 7.798861 0.023830 0.032258 0.036747 0.017600 0.032258 0.023826 0.032258 999990 1000000
