32 62.310000 60.320000 1000000 12.685999 16.798911 12.591897 17.110380 0.023815 0.032258 0.127326 0.123172 0.032258 0.023815 0.032258 0 50
32 62.310000 60.320000 1000000 9.059191 11.861611 9.052255 12.465982 0.023755 0.032258 0.107596 0.102647 0.032258 0.023750 0.032258 50 97
32 62.310000 60.320000 1000000 8.894019 11.825769 8.883519 12.154401 0.023817 0.032258 0.074771 0.067455 0.032258 0.023815 0.032258 80 95
32 62.310000 60.320000 1000000 8.856522 11.818242 8.844143 12.085975 0.023821 0.032258 0.066944 0.058659 0.032258 0.023819 0.032258 90 109
32 62.310000 60.320000 1000000 8.827581 11.811790 8.811192 12.026836 0.023826 0.032258 0.061862 0.052786 0.032258 0.023826 0.032258 100 130
32 62.310000 60.320000 1000000 8.803243 11.804622 8.794368 11.995800 0.023830 0.032258 0.056932 0.046911 0.032258 0.023827 0.032258 130 205
32 62.310000 60.320000 1000000 8.750060 11.682759 8.728993 11.916133 0.023826 0.032258 0.072122 0.064506 0.032258 0.023823 0.032258 180 225
32 62.310000 60.320000 1000000 8.692763 11.671648 8.660163 11.802986 0.023828 0.032258 0.069523 0.061587 0.032258 0.023827 0.032258 220 282
32 62.310000 60.320000 1000000 8.690118 11.669497 8.656076 11.776105 0.023829 0.032258 0.074768 0.067452 0.032258 0.023828 0.032258 230 264
32 62.310000 60.320000 1000000 8.688827 11.668422 8.654079 11.762664 0.023829 0.032258 0.077424 0.070384 0.032258 0.023829 0.032258 260 282
32 62.310000 60.320000 1000000 8.644251 11.660537 8.611090 11.704991 0.023817 0.032258 0.127323 0.123169 0.032258 0.023817 0.032258 280 290
32 62.310000 60.320000 1000000 8.565866 11.650501 8.501459 11.592089 0.023801 0.032258 0.207799 0.205280 0.032258 0.023800 0.032258 290 424
32 62.310000 60.320000 1000000 8.401911 11.341183 8.312044 11.389011 0.023800 0.032258 0.228089 0.225796 0.032258 0.023809 0.032258 370 488
32 62.310000 60.320000 1000000 8.299983 11.328997 8.329219 11.405628 0.023810 0.032258 0.181768 0.178883 0.032258 0.023807 0.032258 420 549
32 62.310000 60.320000 1000000 8.079952 11.283119 8.151935 10.992876 0.023790 0.032258 0.153006 0.149567 0.032258 0.023798 0.032258 500 588
32 62.310000 60.320000 1000000 7.981424 10.985271 8.011719 10.825233 0.023812 0.032258 0.150136 0.146629 0.032258 0.023822 0.032258 530 581
32 62.310000 60.320000 1000000 7.948691 10.918963 7.979263 10.750209 0.023817 0.032258 0.135852 0.131967 0.032258 0.023823 0.032258 580 623
32 62.310000 60.320000 1000000 7.910938 10.907852 7.957539 10.709398 0.023817 0.032258 0.121664 0.117310 0.032258 0.023817 0.032258 620 770
32 62.310000 60.320000 1000000 7.812717 10.552656 7.814343 10.526115 0.023823 0.032258 0.124491 0.120239 0.032258 0.023822 0.032258 770 1051
32 62.310000 60.320000 1000000 7.785366 10.549072 7.787009 10.496789 0.023822 0.032258 0.135855 0.131969 0.032258 0.023821 0.032258 820 1132
32 62.310000 60.320000 1000000 7.744739 10.543337 7.746409 10.449869 0.023831 0.032258 0.090961 0.085049 0.032258 0.023829 0.032258 1010 1105
32 62.310000 60.320000 1000000 7.740023 10.542620 7.741695 10.444004 0.023831 0.032258 0.085502 0.079184 0.032258 0.023829 0.032258 1100 1132
32 62.310000 60.320000 1000000 7.724358 10.539753 7.738124 10.441071 0.023830 0.032258 0.085502 0.079184 0.032258 0.023828 0.032258 1130 1149
32 62.310000 60.320000 1000000 7.722674 10.539036 7.738403 10.442048 0.023831 0.032258 0.080101 0.073319 0.032258 0.023828 0.032258 1140 1200
32 62.310000 60.320000 1000000 7.687410 10.534735 7.691860 10.395861 0.023828 0.032258 0.074770 0.067453 0.032258 0.023824 0.032258 1200 1626
32 62.310000 60.320000 1000000 7.661604 10.418607 7.655277 10.369957 0.023830 0.032258 0.064387 0.055723 0.032258 0.023827 0.032258 1620 1778
32 62.310000 60.320000 1000000 7.647899 10.416456 7.649720 10.359204 0.023831 0.032258 0.054553 0.043993 0.032258 0.023828 0.032258 1770 3849
32 62.310000 60.320000 1000000 7.555497 10.236170 7.579380 10.292489 0.023823 0.032258 0.077427 0.070387 0.032258 0.023827 0.032258 3380 3868
32 62.310000 60.320000 1000000 7.553762 10.235453 7.579666 10.293467 0.023824 0.032258 0.072136 0.064522 0.032258 0.023827 0.032258 3860 3934
32 62.310000 60.320000 1000000 7.548865 10.234736 7.574818 10.287602 0.023824 0.032258 0.072135 0.064521 0.032258 0.023828 0.032258 3930 3950
32 62.310000 60.320000 1000000 7.545456 10.234020 7.571445 10.281737 0.023825 0.032258 0.066941 0.058656 0.032258 0.023828 0.032258 3950 5168
32 62.310000 60.320000 1000000 7.510883 10.060902 7.518982 10.241414 0.023823 0.032258 0.059383 0.049858 0.032258 0.023824 0.032258 4480 7310
32 62.310000 60.320000 1000000 7.504148 10.059468 7.512269 10.229684 0.023824 0.032258 0.054552 0.043992 0.032258 0.023825 0.032258 4970 5811
32 62.310000 60.320000 1000000 7.492584 10.057318 7.500743 10.212089 0.023825 0.032258 0.054553 0.043993 0.032258 0.023827 0.032258 5810 7310
32 62.310000 60.320000 1000000 7.458223 9.994594 7.466557 10.178120 0.023827 0.032258 0.052212 0.041055 0.032258 0.023825 0.032258 7310 8409
32 62.310000 60.320000 1000000 7.456942 9.993519 7.464608 10.164680 0.023827 0.032258 0.049947 0.038133 0.032258 0.023826 0.032258 8400 9509
32 62.310000 60.320000 1000000 7.452133 9.992802 7.459813 10.158814 0.023827 0.032258 0.049947 0.038133 0.032258 0.023826 0.032258 9500 9949
32 62.310000 60.320000 1000000 7.449617 9.992085 7.456364 10.150750 0.023828 0.032258 0.049945 0.038130 0.032258 0.023826 0.032258 9940 12805
32 62.310000 60.320000 1000000 7.403876 9.980974 7.396187 10.025630 0.023824 0.032258 0.082792 0.076249 0.032258 0.023821 0.032258 12240 14380
32 62.310000 60.320000 1000000 7.359056 9.750151 7.327158 9.971867 0.023817 0.032258 0.088222 0.082113 0.032258 0.023812 0.032258 12780 14508
32 62.310000 60.320000 1000000 7.357313 9.749434 7.327452 9.972844 0.023817 0.032258 0.082794 0.076252 0.032258 0.023812 0.032258 14500 15097
32 62.310000 60.320000 1000000 7.349040 9.746566 7.325038 9.969911 0.023818 0.032258 0.088226 0.082117 0.032258 0.023812 0.032258 15090 18398
32 62.310000 60.320000 1000000 7.337392 9.742982 7.311387 9.938631 0.023820 0.032258 0.066943 0.058658 0.032258 0.023814 0.032258 18390 22229
32 62.310000 60.320000 1000000 7.277139 9.733663 7.248635 9.857986 0.023825 0.032258 0.093705 0.087978 0.032258 0.023822 0.032258 22220 32782
32 62.310000 60.320000 1000000 7.248575 9.730079 7.219730 9.828660 0.023828 0.032258 0.066938 0.058653 0.032258 0.023826 0.032258 22850 23925
32 62.310000 60.320000 1000000 7.243153 9.729362 7.214243 9.822795 0.023828 0.032258 0.061864 0.052788 0.032258 0.023826 0.032258 23920 32782
32 62.310000 60.320000 1000000 7.159382 9.545850 7.128550 9.704028 0.023815 0.032258 0.099233 0.093843 0.032258 0.023812 0.032258 32780 32801
32 62.310000 60.320000 1000000 7.155014 9.545134 7.124125 9.698163 0.023816 0.032258 0.093707 0.087979 0.032258 0.023814 0.032258 32800 34475
32 62.310000 60.320000 1000000 7.138431 9.541549 7.107324 9.668838 0.023819 0.032258 0.110390 0.105572 0.032258 0.023817 0.032258 33440 37989
32 62.310000 60.320000 1000000 7.109433 9.537965 7.086593 9.646355 0.023818 0.032258 0.104796 0.099708 0.032258 0.023816 0.032258 37980 40725
32 62.310000 60.320000 1000000 7.108190 9.536890 7.084677 9.632914 0.023818 0.032258 0.107590 0.102640 0.032258 0.023816 0.032258 40720 50002
32 62.310000 60.320000 1000000 7.054142 9.525420 7.050532 9.586972 0.023824 0.032258 0.090953 0.085040 0.032258 0.023820 0.032258 50000 57283
32 62.310000 60.320000 1000000 7.042617 9.467715 7.032873 9.573531 0.023823 0.032258 0.093700 0.087973 0.032258 0.023820 0.032258 57280 68412
32 62.310000 60.320000 1000000 7.037457 9.466281 7.025746 9.557402 0.023824 0.032258 0.082786 0.076243 0.032258 0.023821 0.032258 64430 64942
32 62.310000 60.320000 1000000 7.034949 9.465564 7.022280 9.549337 0.023825 0.032258 0.077419 0.070379 0.032258 0.023822 0.032258 64940 68412
32 62.310000 60.320000 1000000 7.026446 9.462338 7.010322 9.511704 0.023825 0.032258 0.080091 0.073308 0.032258 0.023823 0.032258 68410 73459
32 62.310000 60.320000 1000000 7.023157 9.461621 7.007010 9.505838 0.023826 0.032258 0.074760 0.067443 0.032258 0.023823 0.032258 73450 74103
32 62.310000 60.320000 1000000 7.021918 9.460546 7.005105 9.492398 0.023826 0.032258 0.072126 0.064510 0.032258 0.023824 0.032258 74100 86765
32 62.310000 60.320000 1000000 6.936900 9.224346 6.879122 9.376808 0.023823 0.032258 0.085499 0.079181 0.032258 0.023825 0.032258 86760 112294
32 62.310000 60.320000 1000000 6.887629 9.213594 6.820892 9.259508 0.023819 0.032258 0.135851 0.131966 0.032258 0.023822 0.032258 112290 164816
32 62.310000 60.320000 1000000 6.830341 9.207859 6.830581 9.267328 0.023821 0.032258 0.102012 0.096777 0.032258 0.023821 0.032258 115020 156139
32 62.310000 60.320000 1000000 6.669149 8.836535 6.657214 9.026374 0.023806 0.032258 0.102014 0.096779 0.032258 0.023801 0.032258 156130 214235
32 62.310000 60.320000 1000000 6.643788 8.832950 6.627045 8.992650 0.023809 0.032258 0.102014 0.096780 0.032258 0.023804 0.032258 170130 173391
32 62.310000 60.320000 1000000 6.639585 8.832234 6.622811 8.986785 0.023810 0.032258 0.107594 0.102645 0.032258 0.023805 0.032258 173390 186211
32 62.310000 60.320000 1000000 6.599695 8.827216 6.607159 8.966257 0.023811 0.032258 0.090962 0.085051 0.032258 0.023808 0.032258 186210 238829
32 62.310000 60.320000 1000000 6.591986 8.825782 6.599476 8.954527 0.023817 0.032258 0.080103 0.073320 0.032258 0.023813 0.032258 188460 205819
32 62.310000 60.320000 1000000 6.543521 8.817180 6.540366 8.868750 0.023820 0.032258 0.090962 0.085050 0.032258 0.023816 0.032258 205810 244177
32 62.310000 60.320000 1000000 6.492566 8.641195 6.468871 8.802768 0.023820 0.032258 0.088224 0.082116 0.032258 0.023815 0.032258 244170 260870
32 62.310000 60.320000 1000000 6.481616 8.583489 6.451933 8.789327 0.023817 0.032258 0.090960 0.085048 0.032258 0.023811 0.032258 260870 286826
32 62.310000 60.320000 1000000 6.458197 8.579905 6.428187 8.760001 0.023822 0.032258 0.069524 0.061588 0.032258 0.023817 0.032258 286820 381899
32 62.310000 60.320000 1000000 6.444012 8.578471 6.430575 8.761956 0.023822 0.032258 0.059383 0.049858 0.032258 0.023817 0.032258 305940 328915
32 62.310000 60.320000 1000000 6.437119 8.577754 6.431729 8.762934 0.023821 0.032258 0.054553 0.043994 0.032258 0.023817 0.032258 328910 381899
32 62.310000 60.320000 1000000 6.395917 8.567002 6.386924 8.654187 0.023827 0.032258 0.054551 0.043992 0.032258 0.023823 0.032258 381890 456462
32 62.310000 60.320000 1000000 6.334748 8.559117 6.372045 8.630727 0.023818 0.032258 0.102014 0.096780 0.032258 0.023825 0.032258 456460 517229
32 62.310000 60.320000 1000000 6.281784 8.326143 6.293262 8.552770 0.023813 0.032258 0.085500 0.079182 0.032258 0.023815 0.032258 465970 645042
32 62.310000 60.320000 1000000 6.274853 8.324709 6.286369 8.541040 0.023815 0.032258 0.080098 0.073316 0.032258 0.023817 0.032258 527410 652629
32 62.310000 60.320000 1000000 6.236247 8.204996 6.242672 8.499495 0.023813 0.032258 0.069524 0.061588 0.032258 0.023808 0.032258 652620 840328
32 62.310000 60.320000 1000000 6.232930 8.203562 6.243223 8.501450 0.023813 0.032258 0.069524 0.061588 0.032258 0.023808 0.032258 664240 670496
32 62.310000 60.320000 1000000 6.231325 8.202845 6.243489 8.502428 0.023813 0.032258 0.074764 0.067447 0.032258 0.023808 0.032258 670490 840328
32 62.310000 60.320000 1000000 6.200440 8.198186 6.207169 8.455263 0.023815 0.032258 0.077426 0.070386 0.032258 0.023810 0.032258 840320 968041
32 62.310000 60.320000 1000000 6.193991 8.197469 6.198326 8.447199 0.023815 0.032258 0.072135 0.064521 0.032258 0.023810 0.032258 968040 1000000
32 62.310000 60.320000 1000000 6.155706 8.191018 6.158099 8.390014 0.023813 0.032258 0.099235 0.093846 0.032258 0.023809 0.032258 999990 1000000
