38 62.310000 60.320000 1000000 12.554413 16.604286 12.583862 16.886531 0.023801 0.032258 0.257173 0.255142 0.032258 0.023803 0.032258 0 50
38 62.310000 60.320000 1000000 11.149484 15.365208 11.189342 14.083528 0.023440 0.032258 0.511286 0.510268 0.032258 0.023382 0.032258 50 63
38 62.310000 60.320000 1000000 8.904847 10.931507 8.762894 12.179814 0.023718 0.032258 0.116003 0.111428 0.032258 0.023671 0.032258 60 70
38 62.310000 60.320000 1000000 8.729469 10.855163 8.770793 12.184946 0.023664 0.032258 0.113187 0.108493 0.032258 0.023667 0.032258 70 85
38 62.310000 60.320000 1000000 8.566887 10.765916 8.567446 11.859437 0.023684 0.032258 0.099223 0.093833 0.032258 0.023682 0.032258 80 103
38 62.310000 60.320000 1000000 8.281622 10.314664 8.296723 11.504356 0.023544 0.032258 0.233903 0.231668 0.032258 0.023537 0.032258 100 118
38 62.310000 60.320000 1000000 7.982556 10.264127 7.985278 11.026110 0.023706 0.032258 0.173118 0.170086 0.032258 0.023700 0.032258 110 151
38 62.310000 60.320000 1000000 7.772705 10.225776 7.767200 10.661255 0.023776 0.032258 0.064390 0.055727 0.032258 0.023774 0.032258 150 218
38 62.310000 60.320000 1000000 7.712485 10.214665 7.706140 10.565702 0.023786 0.032258 0.133012 0.129042 0.032258 0.023785 0.032258 210 309
38 62.310000 60.320000 1000000 7.634155 10.203195 7.623187 10.467463 0.023809 0.032258 0.088228 0.082119 0.032258 0.023807 0.032258 280 420
38 62.310000 60.320000 1000000 7.521530 10.012157 7.525890 10.337942 0.023813 0.032258 0.102006 0.096771 0.032258 0.023809 0.032258 420 527
38 62.310000 60.320000 1000000 7.489460 10.004271 7.486230 10.255831 0.023816 0.032258 0.090950 0.085038 0.032258 0.023813 0.032258 440 489
38 62.310000 60.320000 1000000 7.468686 10.001404 7.465430 10.232371 0.023817 0.032258 0.096456 0.090903 0.032258 0.023814 0.032258 480 553
38 62.310000 60.320000 1000000 7.401107 9.992085 7.397760 10.156125 0.023821 0.032258 0.085492 0.079173 0.032258 0.023818 0.032258 550 637
38 62.310000 60.320000 1000000 7.388775 9.989217 7.385411 10.132664 0.023819 0.032258 0.102002 0.096767 0.032258 0.023817 0.032258 570 745
38 62.310000 60.320000 1000000 7.326995 9.913232 7.323012 9.968932 0.023829 0.032258 0.059376 0.049849 0.032258 0.023826 0.032258 740 1077
38 62.310000 60.320000 1000000 7.311712 9.904272 7.311049 9.897575 0.023830 0.032258 0.061858 0.052782 0.032258 0.023828 0.032258 1070 1229
38 62.310000 60.320000 1000000 7.209735 9.610725 7.227888 9.830371 0.023823 0.032258 0.080094 0.073311 0.032258 0.023819 0.032258 1220 1682
38 62.310000 60.320000 1000000 7.188598 9.607140 7.206911 9.801046 0.023822 0.032258 0.096461 0.090907 0.032258 0.023818 0.032258 1680 2223
38 62.310000 60.320000 1000000 7.183453 9.605707 7.199887 9.784917 0.023824 0.032258 0.085496 0.079177 0.032258 0.023819 0.032258 1720 1783
38 62.310000 60.320000 1000000 7.180950 9.604990 7.196469 9.776853 0.023824 0.032258 0.080095 0.073312 0.032258 0.023820 0.032258 1780 2223
38 62.310000 60.320000 1000000 7.174076 9.604273 7.187073 9.768788 0.023826 0.032258 0.074764 0.067447 0.032258 0.023822 0.032258 2220 2854
38 62.310000 60.320000 1000000 7.148167 9.600689 7.158758 9.737263 0.023828 0.032258 0.054548 0.043987 0.032258 0.023824 0.032258 2850 4017
38 62.310000 60.320000 1000000 7.117125 9.540116 7.116813 9.695963 0.023829 0.032258 0.047737 0.035188 0.032258 0.023826 0.032258 4010 4513
38 62.310000 60.320000 1000000 7.114602 9.539399 7.113343 9.687899 0.023830 0.032258 0.047734 0.035184 0.032258 0.023826 0.032258 4510 4535
38 62.310000 60.320000 1000000 7.112917 9.538682 7.113624 9.688876 0.023830 0.032258 0.047737 0.035188 0.032258 0.023826 0.032258 4530 5551
38 62.310000 60.320000 1000000 7.075066 9.533306 7.065410 9.631448 0.023831 0.032258 0.038234 0.020524 0.032258 0.023828 0.032258 5550 7249
38 62.310000 60.320000 1000000 7.073386 9.532589 7.065691 9.632425 0.023832 0.032258 0.041677 0.026389 0.032258 0.023828 0.032258 7240 7791
38 62.310000 60.320000 1000000 7.068314 9.529721 7.058301 9.597480 0.023833 0.032258 0.035436 0.014668 0.032258 0.023830 0.032258 7790 15624
38 62.310000 60.320000 1000000 7.045073 9.526854 7.058342 9.592348 0.023832 0.032258 0.038238 0.020532 0.032258 0.023831 0.032258 15620 21149
38 62.310000 60.320000 1000000 7.006011 9.518611 7.014846 9.513415 0.023829 0.032258 0.047744 0.035198 0.032258 0.023827 0.032258 21140 23858
38 62.310000 60.320000 1000000 7.003519 9.517894 7.011433 9.505351 0.023829 0.032258 0.047742 0.035196 0.032258 0.023827 0.032258 23850 25126
38 62.310000 60.320000 1000000 6.991741 9.460188 6.993475 9.491910 0.023829 0.032258 0.045624 0.032263 0.032258 0.023827 0.032258 25120 26123
38 62.310000 60.320000 1000000 6.980143 9.402482 6.975746 9.478469 0.023829 0.032258 0.043599 0.029331 0.032258 0.023827 0.032258 26120 27811
38 62.310000 60.320000 1000000 6.976855 9.401765 6.972452 9.472604 0.023829 0.032258 0.047741 0.035194 0.032258 0.023827 0.032258 27810 28392
38 62.310000 60.320000 1000000 6.965422 9.344059 6.954928 9.459163 0.023828 0.032258 0.049941 0.038125 0.032258 0.023826 0.032258 28390 30062
38 62.310000 60.320000 1000000 6.939074 9.339758 6.927514 9.421773 0.023829 0.032258 0.049941 0.038125 0.032258 0.023827 0.032258 30060 36306
38 62.310000 60.320000 1000000 6.924285 9.280619 6.910584 9.410287 0.023829 0.032258 0.043600 0.029332 0.032258 0.023825 0.032258 36300 52309
38 62.310000 60.320000 1000000 6.895351 9.276318 6.897951 9.388782 0.023830 0.032258 0.043600 0.029332 0.032258 0.023828 0.032258 41750 77433
38 62.310000 60.320000 1000000 6.837248 9.152304 6.827086 9.294208 0.023829 0.032258 0.066933 0.058646 0.032258 0.023825 0.032258 54520 110013
38 62.310000 60.320000 1000000 6.759508 9.139042 6.748565 9.186194 0.023824 0.032258 0.074765 0.067448 0.032258 0.023819 0.032258 100140 134601
38 62.310000 60.320000 1000000 6.719129 9.131874 6.737418 9.150759 0.023819 0.032258 0.102005 0.096770 0.032258 0.023818 0.032258 134600 153437
38 62.310000 60.320000 1000000 6.700572 9.126856 6.717679 9.100418 0.023823 0.032258 0.080092 0.073309 0.032258 0.023822 0.032258 153430 219023
38 62.310000 60.320000 1000000 6.655540 9.121121 6.695559 9.074025 0.023818 0.032258 0.085494 0.079175 0.032258 0.023823 0.032258 219020 257939
38 62.310000 60.320000 1000000 6.610320 9.001050 6.637808 9.004378 0.023821 0.032258 0.104798 0.099710 0.032258 0.023824 0.032258 257930 277893
38 62.310000 60.320000 1000000 6.551282 8.711804 6.551032 8.938151 0.023816 0.032258 0.090952 0.085040 0.032258 0.023814 0.032258 277890 304080
38 62.310000 60.320000 1000000 6.540382 8.654098 6.534355 8.924710 0.023813 0.032258 0.093699 0.087971 0.032258 0.023810 0.032258 304080 364140
38 62.310000 60.320000 1000000 6.521949 8.650514 6.519823 8.909070 0.023814 0.032258 0.099226 0.093837 0.032258 0.023810 0.032258 364140 417453
38 62.310000 60.320000 1000000 6.505195 8.646929 6.503053 8.879744 0.023817 0.032258 0.077416 0.070375 0.032258 0.023813 0.032258 373130 424164
38 62.310000 60.320000 1000000 6.503875 8.645854 6.501033 8.866304 0.023817 0.032258 0.074760 0.067443 0.032258 0.023814 0.032258 424160 581422
38 62.310000 60.320000 1000000 6.450869 8.638686 6.447957 8.807653 0.023827 0.032258 0.064377 0.055712 0.032258 0.023823 0.032258 468600 553652
38 62.310000 60.320000 1000000 6.425664 8.635818 6.446376 8.804720 0.023824 0.032258 0.069516 0.061579 0.032258 0.023824 0.032258 553650 581422
38 62.310000 60.320000 1000000 6.414015 8.632234 6.436918 8.784681 0.023826 0.032258 0.069517 0.061580 0.032258 0.023825 0.032258 581420 801110
38 62.310000 60.320000 1000000 6.406068 8.630801 6.429056 8.772951 0.023826 0.032258 0.080093 0.073310 0.032258 0.023825 0.032258 587450 848339
38 62.310000 60.320000 1000000 6.397085 8.628292 6.419459 8.747781 0.023825 0.032258 0.088217 0.082108 0.032258 0.023824 0.032258 848330 1000000
38 62.310000 60.320000 1000000 6.367847 8.624707 6.383274 8.711857 0.023828 0.032258 0.061859 0.052782 0.032258 0.023827 0.032258 999990 1000000
