25 62.310000 60.320000 1000000 12.852945 17.940142 12.920468 17.249437 0.023813 0.032258 0.167372 0.164234 0.032258 0.023805 0.032258 0 50
25 62.310000 60.320000 1000000 9.523386 12.446196 9.509519 13.065928 0.023767 0.032258 0.121658 0.117304 0.032258 0.023765 0.032258 50 80
25 62.310000 60.320000 1000000 9.501054 12.442612 9.485201 13.032204 0.023775 0.032258 0.121658 0.117303 0.032258 0.023774 0.032258 60 74
25 62.310000 60.320000 1000000 9.447727 12.435443 9.431603 12.973553 0.023790 0.032258 0.121658 0.117303 0.032258 0.023789 0.032258 70 80
25 62.310000 60.320000 1000000 9.311324 12.356949 9.293220 12.792469 0.023809 0.032258 0.102008 0.096773 0.032258 0.023810 0.032258 80 91
25 62.310000 60.320000 1000000 9.309370 12.356232 9.293547 12.793447 0.023810 0.032258 0.101998 0.096763 0.032258 0.023810 0.032258 90 119
25 62.310000 60.320000 1000000 9.238107 12.340462 9.237875 12.709870 0.023820 0.032258 0.080094 0.073310 0.032258 0.023815 0.032258 100 127
25 62.310000 60.320000 1000000 9.222848 12.336161 9.223769 12.681766 0.023822 0.032258 0.085491 0.079171 0.032258 0.023817 0.032258 120 140
25 62.310000 60.320000 1000000 9.214580 12.331143 9.211518 12.619940 0.023825 0.032258 0.080090 0.073306 0.032258 0.023821 0.032258 140 194
25 62.310000 60.320000 1000000 9.174505 12.323974 9.177388 12.581817 0.023824 0.032258 0.090954 0.085041 0.032258 0.023820 0.032258 190 268
25 62.310000 60.320000 1000000 9.138985 12.316089 9.141901 12.517300 0.023826 0.032258 0.107586 0.102636 0.032258 0.023821 0.032258 200 300
25 62.310000 60.320000 1000000 8.944463 11.387777 8.867595 12.263881 0.023776 0.032258 0.147262 0.143685 0.032258 0.023751 0.032258 220 324
25 62.310000 60.320000 1000000 8.931876 11.385627 8.854677 12.246286 0.023778 0.032258 0.130151 0.126090 0.032258 0.023753 0.032258 240 284
25 62.310000 60.320000 1000000 8.822136 11.363405 8.710496 11.998243 0.023794 0.032258 0.118834 0.114372 0.032258 0.023788 0.032258 280 324
25 62.310000 60.320000 1000000 8.801074 11.355161 8.695290 11.944236 0.023798 0.032258 0.121665 0.117310 0.032258 0.023791 0.032258 310 383
25 62.310000 60.320000 1000000 8.505785 11.314660 8.495042 11.686662 0.023778 0.032258 0.176008 0.173027 0.032258 0.023777 0.032258 380 426
25 62.310000 60.320000 1000000 8.455229 11.308208 8.491116 11.681775 0.023769 0.032258 0.204908 0.202353 0.032258 0.023782 0.032258 420 430
25 62.310000 60.320000 1000000 8.433207 11.303190 8.462945 11.627523 0.023780 0.032258 0.193327 0.190617 0.032258 0.023795 0.032258 430 534
25 62.310000 60.320000 1000000 8.300718 11.269499 8.364533 11.476008 0.023809 0.032258 0.193321 0.190611 0.032258 0.023812 0.032258 470 545
25 62.310000 60.320000 1000000 8.235822 11.258746 8.298816 11.385832 0.023817 0.032258 0.141551 0.137826 0.032258 0.023816 0.032258 540 696
25 62.310000 60.320000 1000000 8.163581 11.231865 8.214557 11.077674 0.023822 0.032258 0.133000 0.129029 0.032258 0.023821 0.032258 690 921
25 62.310000 60.320000 1000000 8.057891 10.824340 8.065555 10.952064 0.023828 0.032258 0.090952 0.085039 0.032258 0.023824 0.032258 920 956
25 62.310000 60.320000 1000000 8.054710 10.823623 8.062383 10.946199 0.023828 0.032258 0.090952 0.085039 0.032258 0.023824 0.032258 950 1518
25 62.310000 60.320000 1000000 8.047269 10.821472 8.052177 10.922006 0.023829 0.032258 0.074762 0.067444 0.032258 0.023825 0.032258 1050 2130
25 62.310000 60.320000 1000000 7.965902 10.802118 7.958215 10.752408 0.023829 0.032258 0.085495 0.079176 0.032258 0.023827 0.032258 2130 2628
25 62.310000 60.320000 1000000 7.933495 10.797816 7.942513 10.730903 0.023831 0.032258 0.064380 0.055716 0.032258 0.023829 0.032258 2620 3933
25 62.310000 60.320000 1000000 7.859951 10.785630 7.855026 10.613602 0.023827 0.032258 0.069517 0.061580 0.032258 0.023822 0.032258 3370 4529
25 62.310000 60.320000 1000000 7.831737 10.782763 7.859708 10.617512 0.023827 0.032258 0.069517 0.061580 0.032258 0.023822 0.032258 3480 5022
25 62.310000 60.320000 1000000 7.795187 10.609645 7.804265 10.577189 0.023831 0.032258 0.061859 0.052782 0.032258 0.023828 0.032258 3780 3910
25 62.310000 60.320000 1000000 7.783330 10.551939 7.786191 10.563748 0.023831 0.032258 0.059377 0.049850 0.032258 0.023828 0.032258 3910 5022
25 62.310000 60.320000 1000000 7.777617 10.551223 7.780484 10.557883 0.023832 0.032258 0.054546 0.043985 0.032258 0.023829 0.032258 5020 6157
25 62.310000 60.320000 1000000 7.722990 10.431510 7.735787 10.511940 0.023831 0.032258 0.041678 0.026392 0.032258 0.023830 0.032258 6150 7875
25 62.310000 60.320000 1000000 7.683180 10.422549 7.692795 10.427386 0.023830 0.032258 0.077424 0.070383 0.032258 0.023828 0.032258 7870 12120
25 62.310000 60.320000 1000000 7.678317 10.420399 7.693602 10.430318 0.023830 0.032258 0.077418 0.070377 0.032258 0.023828 0.032258 9450 12599
25 62.310000 60.320000 1000000 7.635857 10.408571 7.651291 10.326458 0.023823 0.032258 0.113194 0.108500 0.032258 0.023821 0.032258 12590 17208
25 62.310000 60.320000 1000000 7.598184 10.402119 7.613848 10.273672 0.023822 0.032258 0.096458 0.090905 0.032258 0.023819 0.032258 13340 23551
25 62.310000 60.320000 1000000 7.447108 9.876315 7.438143 10.120691 0.023819 0.032258 0.099222 0.093832 0.032258 0.023813 0.032258 16690 25660
25 62.310000 60.320000 1000000 7.395871 9.870580 7.367153 10.056175 0.023821 0.032258 0.110380 0.105561 0.032258 0.023818 0.032258 16840 28125
25 62.310000 60.320000 1000000 7.202869 9.669864 7.229696 9.824262 0.023813 0.032258 0.116013 0.111438 0.032258 0.023825 0.032258 28120 28439
25 62.310000 60.320000 1000000 7.201045 9.669147 7.229996 9.825240 0.023814 0.032258 0.110391 0.105573 0.032258 0.023825 0.032258 28430 29217
25 62.310000 60.320000 1000000 7.198610 9.668431 7.226687 9.817175 0.023814 0.032258 0.110391 0.105573 0.032258 0.023825 0.032258 29210 41821
25 62.310000 60.320000 1000000 7.130911 9.652660 7.178301 9.754370 0.023825 0.032258 0.082790 0.076247 0.032258 0.023831 0.032258 41820 70240
25 62.310000 60.320000 1000000 7.107850 9.537248 7.143679 9.727488 0.023824 0.032258 0.077422 0.070381 0.032258 0.023827 0.032258 44060 66789
25 62.310000 60.320000 1000000 7.061231 9.304274 7.073172 9.646844 0.023815 0.032258 0.066936 0.058650 0.032258 0.023811 0.032258 65110 85602
25 62.310000 60.320000 1000000 6.974360 9.176676 6.959903 9.498262 0.023812 0.032258 0.077416 0.070375 0.032258 0.023805 0.032258 85600 110661
25 62.310000 60.320000 1000000 6.851640 9.156605 6.829074 9.318156 0.023826 0.032258 0.072127 0.064511 0.032258 0.023823 0.032258 110660 150137
25 62.310000 60.320000 1000000 6.762837 8.919330 6.754566 9.239222 0.023813 0.032258 0.093699 0.087971 0.032258 0.023808 0.032258 150130 154098
25 62.310000 60.320000 1000000 6.758066 8.918613 6.749777 9.233357 0.023813 0.032258 0.093699 0.087971 0.032258 0.023808 0.032258 154090 167888
25 62.310000 60.320000 1000000 6.756676 8.917538 6.747646 9.219916 0.023813 0.032258 0.090951 0.085039 0.032258 0.023809 0.032258 167880 258975
25 62.310000 60.320000 1000000 6.699845 8.909652 6.673736 9.140005 0.023813 0.032258 0.090949 0.085036 0.032258 0.023810 0.032258 183970 251273
25 62.310000 60.320000 1000000 6.566573 8.661625 6.539838 8.974806 0.023817 0.032258 0.064377 0.055712 0.032258 0.023811 0.032258 251270 293488
25 62.310000 60.320000 1000000 6.561436 8.659474 6.540703 8.977739 0.023818 0.032258 0.069518 0.061581 0.032258 0.023811 0.032258 284480 359613
25 62.310000 60.320000 1000000 6.496237 8.644779 6.470403 8.843577 0.023824 0.032258 0.077418 0.070377 0.032258 0.023819 0.032258 359610 369086
25 62.310000 60.320000 1000000 6.494966 8.643704 6.468439 8.830136 0.023824 0.032258 0.074762 0.067445 0.032258 0.023820 0.032258 369080 427555
25 62.310000 60.320000 1000000 6.460763 8.640120 6.464593 8.825982 0.023823 0.032258 0.064381 0.055717 0.032258 0.023819 0.032258 427550 471079
25 62.310000 60.320000 1000000 6.450536 8.637252 6.450543 8.793724 0.023825 0.032258 0.059376 0.049849 0.032258 0.023823 0.032258 433710 500721
25 62.310000 60.320000 1000000 6.448880 8.636535 6.450818 8.794702 0.023825 0.032258 0.059379 0.049853 0.032258 0.023823 0.032258 500720 524718
25 62.310000 60.320000 1000000 6.444358 8.635818 6.446301 8.788837 0.023825 0.032258 0.064382 0.055718 0.032258 0.023822 0.032258 524710 612564
25 62.310000 60.320000 1000000 6.394217 8.623991 6.390211 8.674224 0.023829 0.032258 0.072127 0.064512 0.032258 0.023826 0.032258 612560 652048
25 62.310000 60.320000 1000000 6.383547 8.621123 6.385244 8.671291 0.023831 0.032258 0.066933 0.058647 0.032258 0.023827 0.032258 652040 764695
25 62.310000 60.320000 1000000 6.308592 8.382773 6.299672 8.553502 0.023825 0.032258 0.064378 0.055713 0.032258 0.023820 0.032258 764690 831680
25 62.310000 60.320000 1000000 6.275295 8.379189 6.285117 8.540305 0.023823 0.032258 0.069517 0.061580 0.032258 0.023822 0.032258 791050 844913
25 62.310000 60.320000 1000000 6.231713 8.373454 6.234629 8.486786 0.023823 0.032258 0.085494 0.079175 0.032258 0.023822 0.032258 844910 1000000
25 62.310000 60.320000 1000000 6.223389 8.367719 6.227563 8.434980 0.023825 0.032258 0.080099 0.073316 0.032258 0.023823 0.032258 999990 1000000
