30 62.310000 60.320000 1000000 10.431334 14.107839 10.470246 14.206179 0.023799 0.032258 0.173114 0.170082 0.032258 0.023802 0.032258 0 52
30 62.310000 60.320000 1000000 10.261938 14.071281 10.304344 13.949339 0.023775 0.032258 0.248429 0.246325 0.032258 0.023773 0.032258 50 60
30 62.310000 60.320000 1000000 10.109298 13.768414 10.157775 13.812731 0.023769 0.032258 0.257155 0.255124 0.032258 0.023771 0.032258 60 70
30 62.310000 60.320000 1000000 9.970120 13.734005 10.003470 13.450320 0.023816 0.032258 0.135860 0.131974 0.032258 0.023812 0.032258 70 92
30 62.310000 60.320000 1000000 9.797351 13.312859 9.785595 13.218162 0.023832 0.032258 0.052207 0.041049 0.032258 0.023830 0.032258 90 111
30 62.310000 60.320000 1000000 9.785683 13.311425 9.771557 13.204232 0.023832 0.032258 0.056932 0.046912 0.032258 0.023830 0.032258 110 182
30 62.310000 60.320000 1000000 9.758744 13.303898 9.742645 13.128720 0.023831 0.032258 0.045626 0.032267 0.032258 0.023829 0.032258 130 173
30 62.310000 60.320000 1000000 9.686511 13.182752 9.699570 13.089131 0.023833 0.032258 0.041687 0.026405 0.032258 0.023830 0.032258 170 214
30 62.310000 60.320000 1000000 9.503343 12.540100 9.439032 12.867968 0.023823 0.032258 0.082798 0.076255 0.032258 0.023819 0.032258 210 221
30 62.310000 60.320000 1000000 9.478267 12.537233 9.439399 12.865036 0.023824 0.032258 0.072140 0.064526 0.032258 0.023819 0.032258 220 271
30 62.310000 60.320000 1000000 9.442036 12.532215 9.401753 12.821781 0.023826 0.032258 0.061866 0.052790 0.032258 0.023822 0.032258 270 290
30 62.310000 60.320000 1000000 9.428238 12.529347 9.382519 12.789523 0.023827 0.032258 0.072134 0.064520 0.032258 0.023824 0.032258 290 335
30 62.310000 60.320000 1000000 9.419412 12.526480 9.369810 12.754577 0.023827 0.032258 0.077425 0.070385 0.032258 0.023825 0.032258 330 362
30 62.310000 60.320000 1000000 9.394460 12.522896 9.353066 12.732095 0.023828 0.032258 0.072135 0.064521 0.032258 0.023826 0.032258 360 402
30 62.310000 60.320000 1000000 9.371140 12.517878 9.333491 12.704724 0.023829 0.032258 0.066942 0.058657 0.032258 0.023827 0.032258 390 653
30 62.310000 60.320000 1000000 9.341866 12.512860 9.303859 12.663669 0.023827 0.032258 0.077426 0.070386 0.032258 0.023826 0.032258 450 535
30 62.310000 60.320000 1000000 9.315973 12.503900 9.278378 12.580826 0.023827 0.032258 0.080102 0.073320 0.032258 0.023826 0.032258 490 519
30 62.310000 60.320000 1000000 9.311070 12.501749 9.279204 12.583758 0.023828 0.032258 0.080102 0.073320 0.032258 0.023826 0.032258 500 535
30 62.310000 60.320000 1000000 9.301263 12.499599 9.269296 12.566163 0.023828 0.032258 0.080102 0.073319 0.032258 0.023827 0.032258 510 562
30 62.310000 60.320000 1000000 9.248271 12.493864 9.274397 12.567140 0.023829 0.032258 0.085508 0.079189 0.032258 0.023827 0.032258 560 653
30 62.310000 60.320000 1000000 9.221506 12.428989 9.259368 12.563475 0.023827 0.032258 0.132998 0.129026 0.032258 0.023826 0.032258 650 755
30 62.310000 60.320000 1000000 9.202465 12.426839 9.256163 12.559565 0.023825 0.032258 0.144406 0.140757 0.032258 0.023827 0.032258 750 973
30 62.310000 60.320000 1000000 9.189148 12.425405 9.238155 12.543436 0.023827 0.032258 0.132998 0.129026 0.032258 0.023828 0.032258 850 1070
30 62.310000 60.320000 1000000 9.081512 12.404617 9.125673 12.347446 0.023825 0.032258 0.138694 0.134891 0.032258 0.023825 0.032258 1060 1119
30 62.310000 60.320000 1000000 9.036834 12.343327 9.112885 12.338893 0.023819 0.032258 0.164478 0.161284 0.032258 0.023826 0.032258 1110 1192
30 62.310000 60.320000 1000000 9.032046 12.342610 9.108216 12.333027 0.023819 0.032258 0.164478 0.161284 0.032258 0.023826 0.032258 1190 1374
30 62.310000 60.320000 1000000 9.029857 12.341893 9.105281 12.324963 0.023819 0.032258 0.170233 0.167149 0.032258 0.023825 0.032258 1370 1609
30 62.310000 60.320000 1000000 9.017014 12.340459 9.088044 12.308834 0.023819 0.032258 0.170233 0.167149 0.032258 0.023825 0.032258 1390 1956
30 62.310000 60.320000 1000000 8.969045 12.331857 9.034292 12.231855 0.023820 0.032258 0.118828 0.114365 0.032258 0.023823 0.032258 1520 2050
30 62.310000 60.320000 1000000 8.832501 11.921463 8.846933 12.076186 0.023827 0.032258 0.077418 0.070377 0.032258 0.023824 0.032258 2050 2087
30 62.310000 60.320000 1000000 8.830913 11.920747 8.847196 12.077163 0.023827 0.032258 0.077418 0.070377 0.032258 0.023824 0.032258 2080 2808
30 62.310000 60.320000 1000000 8.768874 11.631500 8.755544 12.004094 0.023821 0.032258 0.080089 0.073305 0.032258 0.023814 0.032258 2800 3025
30 62.310000 60.320000 1000000 8.721166 11.616446 8.698208 11.832298 0.023826 0.032258 0.059385 0.049859 0.032258 0.023822 0.032258 3020 3377
30 62.310000 60.320000 1000000 8.695984 11.500317 8.661110 11.799551 0.023822 0.032258 0.064388 0.055725 0.032258 0.023817 0.032258 3370 3658
30 62.310000 60.320000 1000000 8.694347 11.499600 8.661386 11.800529 0.023822 0.032258 0.064376 0.055711 0.032258 0.023817 0.032258 3650 4024
30 62.310000 60.320000 1000000 8.661610 11.494582 8.628271 11.759473 0.023827 0.032258 0.054541 0.043978 0.032258 0.023823 0.032258 4010 4065
30 62.310000 60.320000 1000000 8.659168 11.493866 8.624874 11.751408 0.023827 0.032258 0.059370 0.049842 0.032258 0.023823 0.032258 4060 4110
30 62.310000 60.320000 1000000 8.657924 11.492790 8.622950 11.737968 0.023828 0.032258 0.056943 0.046925 0.032258 0.023823 0.032258 4110 4623
30 62.310000 60.320000 1000000 8.646866 11.491357 8.611756 11.726238 0.023828 0.032258 0.061864 0.052788 0.032258 0.023824 0.032258 4550 5285
30 62.310000 60.320000 1000000 8.645228 11.490640 8.612033 11.727215 0.023828 0.032258 0.061852 0.052774 0.032258 0.023824 0.032258 5280 7609
30 62.310000 60.320000 1000000 8.637817 11.487772 8.603230 11.694469 0.023828 0.032258 0.056943 0.046925 0.032258 0.023825 0.032258 7600 8175
30 62.310000 60.320000 1000000 8.584574 11.425048 8.527122 11.624576 0.023821 0.032258 0.090961 0.085049 0.032258 0.023818 0.032258 8170 8209
30 62.310000 60.320000 1000000 8.581178 11.424332 8.523658 11.618711 0.023822 0.032258 0.085503 0.079184 0.032258 0.023819 0.032258 8200 16371
30 62.310000 60.320000 1000000 8.343896 11.392074 8.562107 11.662699 0.023622 0.032258 0.262990 0.261004 0.032258 0.023853 0.032258 8250 18997
30 62.310000 60.320000 1000000 8.330751 11.389206 8.564129 11.666609 0.023588 0.032258 0.286287 0.284464 0.032258 0.023858 0.032258 9990 17832
30 62.310000 60.320000 1000000 7.665805 9.042972 7.665660 10.736992 0.023159 0.032258 0.170245 0.167161 0.032258 0.023189 0.032258 17830 18997
30 62.310000 60.320000 1000000 7.662339 9.042256 7.660893 10.728928 0.023162 0.032258 0.176006 0.173024 0.032258 0.023193 0.032258 18990 19719
30 62.310000 60.320000 1000000 7.658926 9.041539 7.656195 10.720864 0.023165 0.032258 0.181775 0.178889 0.032258 0.023197 0.032258 19710 23105
30 62.310000 60.320000 1000000 7.611884 8.637597 7.583891 10.626778 0.023062 0.032258 0.178889 0.175957 0.032258 0.023040 0.032258 22170 32123
30 62.310000 60.320000 1000000 7.580146 8.626844 7.589201 10.641440 0.023080 0.032258 0.248427 0.246323 0.032258 0.023037 0.032258 22830 46398
30 62.310000 60.320000 1000000 7.300447 8.588134 7.310581 10.324725 0.023037 0.032258 0.277532 0.275651 0.032258 0.022986 0.032258 27100 45382
30 62.310000 60.320000 1000000 6.994106 8.549425 7.005626 10.008011 0.023165 0.032258 0.254243 0.252188 0.032258 0.023102 0.032258 28380 46398
30 62.310000 60.320000 1000000 6.971038 8.545841 6.974005 9.967689 0.023132 0.032258 0.248427 0.246324 0.032258 0.023056 0.032258 29280 46912
30 62.310000 60.320000 1000000 6.930810 8.539389 6.933829 9.914903 0.023133 0.032258 0.260062 0.258054 0.032258 0.023055 0.032258 31950 44998
30 62.310000 60.320000 1000000 6.876347 8.530070 6.914920 9.879713 0.023048 0.032258 0.265883 0.263919 0.032258 0.023024 0.032258 44990 45377
30 62.310000 60.320000 1000000 6.871633 8.529353 6.915691 9.880690 0.023040 0.032258 0.271706 0.269784 0.032258 0.023026 0.032258 45370 46912
30 62.310000 60.320000 1000000 6.863211 8.471647 6.903057 9.867249 0.023026 0.032258 0.268795 0.266852 0.032258 0.023005 0.032258 46910 57305
30 62.310000 60.320000 1000000 6.846160 8.469497 6.886301 9.849654 0.023048 0.032258 0.268795 0.266852 0.032258 0.023025 0.032258 57300 80440
30 62.310000 60.320000 1000000 6.452414 8.407849 6.475879 9.316668 0.023360 0.032258 0.204894 0.202338 0.032258 0.023350 0.032258 80440 83497
30 62.310000 60.320000 1000000 6.427788 8.347275 6.446278 9.279767 0.023344 0.032258 0.196209 0.193539 0.032258 0.023329 0.032258 83490 88830
30 62.310000 60.320000 1000000 6.424801 8.346558 6.443316 9.273902 0.023343 0.032258 0.196209 0.193539 0.032258 0.023327 0.032258 88830 120912
30 62.310000 60.320000 1000000 6.396707 8.340107 6.415466 9.221117 0.023321 0.032258 0.201997 0.199404 0.032258 0.023304 0.032258 101480 128283
30 62.310000 60.320000 1000000 6.359717 8.278817 6.363347 9.167354 0.023289 0.032258 0.187537 0.184742 0.032258 0.023259 0.032258 128280 134415
30 62.310000 60.320000 1000000 6.355052 8.278100 6.358690 9.161489 0.023285 0.032258 0.181762 0.178877 0.032258 0.023254 0.032258 134410 159977
30 62.310000 60.320000 1000000 6.165862 8.235448 6.100679 8.685444 0.023478 0.032258 0.184646 0.181807 0.032258 0.023556 0.032258 158080 281082
30 62.310000 60.320000 1000000 6.144317 8.120036 6.066591 8.658562 0.023467 0.032258 0.184646 0.181807 0.032258 0.023545 0.032258 178990 191007
30 62.310000 60.320000 1000000 6.114084 8.054804 6.018384 8.551037 0.023514 0.032258 0.167365 0.164227 0.032258 0.023631 0.032258 191000 265724
30 62.310000 60.320000 1000000 5.936314 7.984914 5.915931 8.064986 0.023828 0.032258 0.059381 0.049855 0.032258 0.023827 0.032258 206290 281082
30 62.310000 60.320000 1000000 5.901959 7.981329 5.921658 8.069874 0.023824 0.032258 0.069522 0.061585 0.032258 0.023828 0.032258 216050 308623
30 62.310000 60.320000 1000000 5.891960 7.977028 5.923303 8.075739 0.023826 0.032258 0.080092 0.073309 0.032258 0.023827 0.032258 230190 337881
30 62.310000 60.320000 1000000 5.878586 7.974161 5.910141 8.052279 0.023829 0.032258 0.064380 0.055715 0.032258 0.023829 0.032258 238830 260278
30 62.310000 60.320000 1000000 5.875426 7.973444 5.907031 8.046414 0.023829 0.032258 0.064382 0.055717 0.032258 0.023829 0.032258 260270 337881
30 62.310000 60.320000 1000000 5.870336 7.970577 5.899741 8.011469 0.023830 0.032258 0.054548 0.043987 0.032258 0.023830 0.032258 337880 461576
30 62.310000 60.320000 1000000 5.816725 7.737604 5.820904 7.935712 0.023825 0.032258 0.049937 0.038120 0.032258 0.023820 0.032258 461570 548572
30 62.310000 60.320000 1000000 5.803610 7.736170 5.802887 7.919583 0.023827 0.032258 0.045617 0.032255 0.032258 0.023823 0.032258 465100 566641
30 62.310000 60.320000 1000000 5.772091 7.729002 5.789591 7.860688 0.023824 0.032258 0.045623 0.032263 0.032258 0.023826 0.032258 566640 873294
30 62.310000 60.320000 1000000 5.765791 7.728285 5.781002 7.852624 0.023824 0.032258 0.045623 0.032263 0.032258 0.023826 0.032258 873290 999355
30 62.310000 60.320000 1000000 5.755887 7.726852 5.771176 7.840894 0.023826 0.032258 0.049943 0.038127 0.032258 0.023827 0.032258 977880 1000000
30 62.310000 60.320000 1000000 5.738689 7.724701 5.754115 7.823298 0.023828 0.032258 0.041682 0.026397 0.032258 0.023829 0.032258 999990 1000000
