29 62.310000 60.320000 1000000 13.121269 17.936556 13.146466 17.700309 0.023830 0.032258 0.077435 0.070396 0.032258 0.023826 0.032258 0 50
29 62.310000 60.320000 1000000 10.228244 14.007838 10.202971 13.782200 0.023812 0.032258 0.130167 0.126107 0.032258 0.023812 0.032258 50 60
29 62.310000 60.320000 1000000 9.926146 13.460887 10.000418 13.570080 0.023814 0.032258 0.176011 0.173030 0.032258 0.023820 0.032258 60 86
29 62.310000 60.320000 1000000 9.493964 12.502468 9.479043 13.076680 0.023781 0.032258 0.147269 0.143692 0.032258 0.023776 0.032258 70 80
29 62.310000 60.320000 1000000 9.374047 12.422898 9.362719 12.890952 0.023795 0.032258 0.147265 0.143689 0.032258 0.023790 0.032258 80 91
29 62.310000 60.320000 1000000 9.346737 12.417881 9.335344 12.852341 0.023804 0.032258 0.124481 0.120229 0.032258 0.023799 0.032258 90 100
29 62.310000 60.320000 1000000 9.332206 12.414655 9.319999 12.821305 0.023803 0.032258 0.132998 0.129026 0.032258 0.023799 0.032258 100 119
29 62.310000 60.320000 1000000 9.298448 12.240462 9.268068 12.767542 0.023797 0.032258 0.138705 0.134902 0.032258 0.023790 0.032258 110 141
29 62.310000 60.320000 1000000 9.273580 12.234727 9.241864 12.718422 0.023797 0.032258 0.144417 0.140768 0.032258 0.023791 0.032258 140 156
29 62.310000 60.320000 1000000 9.219545 12.115014 9.173536 12.654150 0.023798 0.032258 0.127327 0.123173 0.032258 0.023791 0.032258 150 173
29 62.310000 60.320000 1000000 9.184716 12.109996 9.138176 12.613095 0.023802 0.032258 0.099239 0.093850 0.032258 0.023797 0.032258 170 180
29 62.310000 60.320000 1000000 9.165776 12.105695 9.113505 12.566908 0.023808 0.032258 0.104796 0.099708 0.032258 0.023806 0.032258 180 216
29 62.310000 60.320000 1000000 9.124146 12.097810 9.078117 12.522920 0.023809 0.032258 0.110381 0.105562 0.032258 0.023805 0.032258 210 231
29 62.310000 60.320000 1000000 9.104840 12.090642 9.077688 12.525853 0.023814 0.032258 0.150130 0.146624 0.032258 0.023804 0.032258 230 285
29 62.310000 60.320000 1000000 8.998986 12.066269 9.027297 12.321799 0.023823 0.032258 0.082783 0.076240 0.032258 0.023825 0.032258 280 312
29 62.310000 60.320000 1000000 8.967138 12.061968 9.002314 12.291252 0.023824 0.032258 0.077415 0.070374 0.032258 0.023827 0.032258 310 345
29 62.310000 60.320000 1000000 8.961613 12.061252 8.996854 12.285387 0.023824 0.032258 0.077415 0.070374 0.032258 0.023827 0.032258 340 487
29 62.310000 60.320000 1000000 8.831320 11.923618 8.837305 12.056895 0.023828 0.032258 0.056933 0.046913 0.032258 0.023827 0.032258 450 469
29 62.310000 60.320000 1000000 8.815022 11.921467 8.821040 12.039299 0.023827 0.032258 0.056933 0.046913 0.032258 0.023826 0.032258 460 506
29 62.310000 60.320000 1000000 8.800477 11.919317 8.806524 12.021704 0.023828 0.032258 0.056933 0.046913 0.032258 0.023827 0.032258 470 584
29 62.310000 60.320000 1000000 8.736703 11.796737 8.746458 11.949857 0.023826 0.032258 0.082781 0.076238 0.032258 0.023825 0.032258 500 518
29 62.310000 60.320000 1000000 8.733738 11.796020 8.743503 11.943992 0.023825 0.032258 0.088212 0.082103 0.032258 0.023825 0.032258 510 584
29 62.310000 60.320000 1000000 8.610275 11.751218 8.613961 11.567653 0.023816 0.032258 0.141561 0.137837 0.032258 0.023810 0.032258 580 611
29 62.310000 60.320000 1000000 8.606007 11.750501 8.609699 11.561788 0.023817 0.032258 0.135857 0.131971 0.032258 0.023811 0.032258 610 622
29 62.310000 60.320000 1000000 8.595372 11.749067 8.599078 11.550058 0.023818 0.032258 0.135857 0.131971 0.032258 0.023812 0.032258 620 635
29 62.310000 60.320000 1000000 8.592873 11.748350 8.595646 11.541994 0.023818 0.032258 0.130167 0.126106 0.032258 0.023812 0.032258 630 778
29 62.310000 60.320000 1000000 8.585832 11.747633 8.596817 11.542971 0.023818 0.032258 0.130167 0.126106 0.032258 0.023812 0.032258 770 826
29 62.310000 60.320000 1000000 8.482507 11.340108 8.461503 11.440088 0.023817 0.032258 0.127326 0.123172 0.032258 0.023813 0.032258 820 997
29 62.310000 60.320000 1000000 8.436398 11.329356 8.405084 11.327918 0.023820 0.032258 0.110398 0.105580 0.032258 0.023816 0.032258 920 1143
29 62.310000 60.320000 1000000 8.290398 11.252295 8.325384 11.217703 0.023824 0.032258 0.074775 0.067459 0.032258 0.023826 0.032258 1140 1161
29 62.310000 60.320000 1000000 8.232968 11.245126 8.266380 11.156853 0.023828 0.032258 0.064390 0.055727 0.032258 0.023828 0.032258 1160 1567
29 62.310000 60.320000 1000000 8.157125 11.122546 8.194267 11.085006 0.023829 0.032258 0.064390 0.055727 0.032258 0.023830 0.032258 1370 1659
29 62.310000 60.320000 1000000 8.146216 11.119320 8.182882 11.053970 0.023830 0.032258 0.072138 0.064523 0.032258 0.023830 0.032258 1650 2081
29 62.310000 60.320000 1000000 8.131641 11.116453 8.167612 11.028310 0.023831 0.032258 0.056943 0.046925 0.032258 0.023830 0.032258 2080 2317
29 62.310000 60.320000 1000000 8.121012 11.111794 8.160233 11.001673 0.023830 0.032258 0.059378 0.049852 0.032258 0.023829 0.032258 2310 2386
29 62.310000 60.320000 1000000 8.115511 11.111077 8.154812 10.995808 0.023830 0.032258 0.059378 0.049852 0.032258 0.023829 0.032258 2380 2867
29 62.310000 60.320000 1000000 8.102823 11.109643 8.137602 10.979679 0.023830 0.032258 0.049939 0.038122 0.032258 0.023829 0.032258 2400 2772
29 62.310000 60.320000 1000000 8.082993 11.101758 8.109951 10.885594 0.023828 0.032258 0.074770 0.067453 0.032258 0.023824 0.032258 2770 2867
29 62.310000 60.320000 1000000 8.043411 10.927923 8.051565 10.839407 0.023832 0.032258 0.066940 0.058655 0.032258 0.023829 0.032258 2860 3518
29 62.310000 60.320000 1000000 7.996946 10.918605 8.002877 10.760962 0.023828 0.032258 0.072135 0.064520 0.032258 0.023825 0.032258 3510 4706
29 62.310000 60.320000 1000000 7.923340 10.740469 7.898324 10.673230 0.023826 0.032258 0.096464 0.090911 0.032258 0.023822 0.032258 4700 5041
29 62.310000 60.320000 1000000 7.910167 10.738319 7.886938 10.662477 0.023827 0.032258 0.085498 0.079180 0.032258 0.023824 0.032258 5040 6051
29 62.310000 60.320000 1000000 7.896652 10.736168 7.872426 10.642683 0.023827 0.032258 0.085498 0.079180 0.032258 0.023824 0.032258 6050 7238
29 62.310000 60.320000 1000000 7.882001 10.734017 7.857639 10.625087 0.023829 0.032258 0.074766 0.067449 0.032258 0.023826 0.032258 6280 6653
29 62.310000 60.320000 1000000 7.877274 10.733301 7.852868 10.619222 0.023828 0.032258 0.080097 0.073314 0.032258 0.023826 0.032258 6650 7238
29 62.310000 60.320000 1000000 7.865391 10.731150 7.840874 10.601627 0.023828 0.032258 0.069522 0.061586 0.032258 0.023826 0.032258 7180 7269
29 62.310000 60.320000 1000000 7.861561 10.730433 7.837008 10.595762 0.023828 0.032258 0.069522 0.061586 0.032258 0.023826 0.032258 7260 9611
29 62.310000 60.320000 1000000 7.794868 10.493158 7.736513 10.469418 0.023823 0.032258 0.118835 0.114373 0.032258 0.023824 0.032258 8900 8968
29 62.310000 60.320000 1000000 7.783438 10.435452 7.718631 10.455978 0.023822 0.032258 0.121660 0.117305 0.032258 0.023824 0.032258 8960 9611
29 62.310000 60.320000 1000000 7.738978 10.430434 7.679871 10.417610 0.023819 0.032258 0.138704 0.134901 0.032258 0.023817 0.032258 9070 9952
29 62.310000 60.320000 1000000 7.737272 10.429718 7.680162 10.418588 0.023819 0.032258 0.133007 0.129036 0.032258 0.023817 0.032258 9950 10716
29 62.310000 60.320000 1000000 7.729841 10.429001 7.681426 10.419565 0.023820 0.032258 0.127325 0.123171 0.032258 0.023817 0.032258 10710 12983
29 62.310000 60.320000 1000000 7.644097 10.412872 7.605011 10.294200 0.023822 0.032258 0.135852 0.131966 0.032258 0.023821 0.032258 12980 17313
29 62.310000 60.320000 1000000 7.600735 10.402478 7.557725 10.185941 0.023818 0.032258 0.127322 0.123167 0.032258 0.023819 0.032258 13810 16795
29 62.310000 60.320000 1000000 7.577255 10.399252 7.559717 10.175433 0.023821 0.032258 0.118833 0.114371 0.032258 0.023818 0.032258 16790 17313
29 62.310000 60.320000 1000000 7.574069 10.398535 7.556508 10.169568 0.023821 0.032258 0.118833 0.114371 0.032258 0.023818 0.032258 17310 25735
29 62.310000 60.320000 1000000 7.488361 10.105705 7.437641 10.067173 0.023822 0.032258 0.133004 0.129033 0.032258 0.023826 0.032258 20170 20880
29 62.310000 60.320000 1000000 7.468759 10.102837 7.417632 10.043713 0.023819 0.032258 0.127322 0.123168 0.032258 0.023824 0.032258 20880 25735
29 62.310000 60.320000 1000000 7.454602 10.100687 7.400585 10.028561 0.023819 0.032258 0.121658 0.117303 0.032258 0.023824 0.032258 25730 29694
29 62.310000 60.320000 1000000 7.426849 10.095669 7.372214 9.987506 0.023818 0.032258 0.116014 0.111439 0.032258 0.023826 0.032258 27300 32293
29 62.310000 60.320000 1000000 7.374699 9.920401 7.320437 9.950116 0.023822 0.032258 0.107591 0.102642 0.032258 0.023828 0.032258 32290 32307
29 62.310000 60.320000 1000000 7.371308 9.919684 7.316970 9.944251 0.023823 0.032258 0.102011 0.096777 0.032258 0.023829 0.032258 32300 36333
29 62.310000 60.320000 1000000 7.350371 9.914666 7.297725 9.910038 0.023824 0.032258 0.085498 0.079179 0.032258 0.023830 0.032258 36330 42905
29 62.310000 60.320000 1000000 7.299138 9.904630 7.296471 9.914681 0.023832 0.032258 0.059374 0.049847 0.032258 0.023829 0.032258 42900 44540
29 62.310000 60.320000 1000000 7.287408 9.846924 7.278508 9.901240 0.023832 0.032258 0.061857 0.052780 0.032258 0.023829 0.032258 44540 47840
29 62.310000 60.320000 1000000 7.279741 9.840831 7.269366 9.835015 0.023832 0.032258 0.054544 0.043982 0.032258 0.023830 0.032258 47840 93406
29 62.310000 60.320000 1000000 7.263508 9.835813 7.246920 9.778564 0.023830 0.032258 0.054542 0.043980 0.032258 0.023829 0.032258 53570 90086
29 62.310000 60.320000 1000000 7.219281 9.825778 7.207909 9.733110 0.023825 0.032258 0.090955 0.085042 0.032258 0.023827 0.032258 63030 64212
29 62.310000 60.320000 1000000 7.213026 9.825061 7.199265 9.725045 0.023825 0.032258 0.096461 0.090907 0.032258 0.023827 0.032258 64210 90086
29 62.310000 60.320000 1000000 7.099572 9.811441 7.164948 9.677881 0.023812 0.032258 0.141554 0.137830 0.032258 0.023818 0.032258 90080 105376
29 62.310000 60.320000 1000000 7.086210 9.809290 7.151949 9.660285 0.023812 0.032258 0.147271 0.143695 0.032258 0.023817 0.032258 105370 107881
29 62.310000 60.320000 1000000 7.029667 9.801405 7.078270 9.580618 0.023785 0.032258 0.193325 0.190615 0.032258 0.023776 0.032258 107880 150228
29 62.310000 60.320000 1000000 6.931753 9.339758 6.930192 9.473092 0.023798 0.032258 0.170239 0.167154 0.032258 0.023790 0.032258 111780 186770
29 62.310000 60.320000 1000000 6.859437 9.327572 6.857825 9.373385 0.023801 0.032258 0.164481 0.161287 0.032258 0.023792 0.032258 120840 334050
29 62.310000 60.320000 1000000 6.846745 9.326138 6.845125 9.361655 0.023807 0.032258 0.152996 0.149556 0.032258 0.023798 0.032258 137500 147119
29 62.310000 60.320000 1000000 6.817940 9.311801 6.805774 9.189128 0.023813 0.032258 0.130163 0.126102 0.032258 0.023806 0.032258 147110 353616
29 62.310000 60.320000 1000000 6.735477 9.299615 6.777481 9.128766 0.023795 0.032258 0.158740 0.155427 0.032258 0.023798 0.032258 194340 246233
29 62.310000 60.320000 1000000 6.683638 9.124347 6.706373 9.068649 0.023807 0.032258 0.144414 0.140765 0.032258 0.023808 0.032258 246230 377460
29 62.310000 60.320000 1000000 6.640161 9.117895 6.663342 9.015863 0.023818 0.032258 0.110392 0.105574 0.032258 0.023818 0.032258 260830 268433
29 62.310000 60.320000 1000000 6.577833 8.828649 6.570141 8.942794 0.023819 0.032258 0.096464 0.090911 0.032258 0.023819 0.032258 268430 425128
29 62.310000 60.320000 1000000 6.545174 8.823631 6.537367 8.901738 0.023826 0.032258 0.069523 0.061587 0.032258 0.023826 0.032258 291310 423613
29 62.310000 60.320000 1000000 6.529624 8.813237 6.525453 8.811566 0.023829 0.032258 0.066939 0.058654 0.032258 0.023827 0.032258 356610 407978
29 62.310000 60.320000 1000000 6.527957 8.812520 6.525731 8.812543 0.023829 0.032258 0.061864 0.052789 0.032258 0.023827 0.032258 407970 423613
29 62.310000 60.320000 1000000 6.523978 8.811804 6.521748 8.806678 0.023829 0.032258 0.066939 0.058654 0.032258 0.023827 0.032258 423610 432480
29 62.310000 60.320000 1000000 6.509056 8.808219 6.503377 8.768555 0.023829 0.032258 0.082792 0.076249 0.032258 0.023826 0.032258 432480 563709
29 62.310000 60.320000 1000000 6.492228 8.805352 6.506177 8.772465 0.023827 0.032258 0.077425 0.070385 0.032258 0.023826 0.032258 438950 590120
29 62.310000 60.320000 1000000 6.411425 8.793883 6.443402 8.699151 0.023825 0.032258 0.088224 0.082115 0.032258 0.023825 0.032258 590120 694848
29 62.310000 60.320000 1000000 6.345774 8.503203 6.351249 8.628037 0.023827 0.032258 0.064380 0.055715 0.032258 0.023825 0.032258 694840 735290
29 62.310000 60.320000 1000000 6.327420 8.499618 6.332943 8.598712 0.023831 0.032258 0.049936 0.038119 0.032258 0.023828 0.032258 735290 812145
29 62.310000 60.320000 1000000 6.320925 8.498902 6.324032 8.590647 0.023831 0.032258 0.045617 0.032254 0.032258 0.023829 0.032258 812140 841829
29 62.310000 60.320000 1000000 6.314556 8.498185 6.315282 8.582583 0.023832 0.032258 0.041677 0.026389 0.032258 0.023829 0.032258 841820 901014
29 62.310000 60.320000 1000000 6.309739 8.497468 6.310466 8.576718 0.023832 0.032258 0.041677 0.026389 0.032258 0.023829 0.032258 901010 956516
29 62.310000 60.320000 1000000 6.292900 8.495317 6.309495 8.572808 0.023830 0.032258 0.049936 0.038119 0.032258 0.023830 0.032258 956510 1000000
29 62.310000 60.320000 1000000 6.292900 8.495317 6.309495 8.572808 0.023830 0.032258 0.049936 0.038119 0.032258 0.023830 0.032258 999990 1000000
