3 62.310000 60.320000 1000000 12.727784 17.816126 12.868557 17.350119 0.023790 0.032258 0.370908 0.369503 0.032258 0.023789 0.032258 0 50
3 62.310000 60.320000 1000000 9.499523 12.938667 9.568062 13.018275 0.023790 0.032258 0.196213 0.193544 0.032258 0.023795 0.032258 50 62
3 62.310000 60.320000 1000000 9.387413 12.472719 9.411824 12.882401 0.023787 0.032258 0.190430 0.187678 0.032258 0.023783 0.032258 60 70
3 62.310000 60.320000 1000000 9.247442 12.449064 9.257051 12.658063 0.023817 0.032258 0.082788 0.076245 0.032258 0.023815 0.032258 70 80
3 62.310000 60.320000 1000000 9.148200 12.207487 9.139957 12.518767 0.023823 0.032258 0.061853 0.052775 0.032258 0.023820 0.032258 80 124
3 62.310000 60.320000 1000000 9.092760 12.193509 9.100869 12.408554 0.023826 0.032258 0.069527 0.061591 0.032258 0.023825 0.032258 120 130
3 62.310000 60.320000 1000000 9.087290 12.192792 9.095414 12.402688 0.023826 0.032258 0.074771 0.067455 0.032258 0.023825 0.032258 130 141
3 62.310000 60.320000 1000000 9.064241 12.186341 9.067913 12.341350 0.023828 0.032258 0.090957 0.085045 0.032258 0.023827 0.032258 140 158
3 62.310000 60.320000 1000000 9.057515 12.185624 9.069031 12.342328 0.023827 0.032258 0.096464 0.090910 0.032258 0.023827 0.032258 150 171
3 62.310000 60.320000 1000000 9.041691 12.183473 9.048569 12.320334 0.023827 0.032258 0.085500 0.079181 0.032258 0.023827 0.032258 170 209
3 62.310000 60.320000 1000000 8.986760 12.119316 8.987635 12.254107 0.023829 0.032258 0.072135 0.064520 0.032258 0.023828 0.032258 200 223
3 62.310000 60.320000 1000000 8.962188 12.003187 8.953049 12.228203 0.023827 0.032258 0.072124 0.064508 0.032258 0.023825 0.032258 220 302
3 62.310000 60.320000 1000000 8.710710 11.958743 8.793277 11.930551 0.023786 0.032258 0.289196 0.287391 0.032258 0.023799 0.032258 300 330
3 62.310000 60.320000 1000000 8.582683 11.323262 8.604282 11.783679 0.023777 0.032258 0.251347 0.249268 0.032258 0.023775 0.032258 330 359
3 62.310000 60.320000 1000000 8.510271 11.307491 8.532423 11.654648 0.023781 0.032258 0.222295 0.219942 0.032258 0.023778 0.032258 350 404
3 62.310000 60.320000 1000000 8.446800 11.299606 8.475730 11.593065 0.023791 0.032258 0.210696 0.208212 0.032258 0.023798 0.032258 390 435
3 62.310000 60.320000 1000000 8.414235 11.285986 8.481066 11.611637 0.023798 0.032258 0.268800 0.266857 0.032258 0.023797 0.032258 420 452
3 62.310000 60.320000 1000000 8.395113 11.274517 8.455291 11.471366 0.023805 0.032258 0.233902 0.231667 0.032258 0.023805 0.032258 450 520
3 62.310000 60.320000 1000000 8.384516 11.273083 8.444919 11.459636 0.023808 0.032258 0.222290 0.219937 0.032258 0.023807 0.032258 460 623
3 62.310000 60.320000 1000000 8.353002 11.269499 8.450026 11.464524 0.023797 0.032258 0.251341 0.249262 0.032258 0.023809 0.032258 480 553
3 62.310000 60.320000 1000000 8.144331 11.224696 8.208880 10.994342 0.023815 0.032258 0.144414 0.140766 0.032258 0.023817 0.032258 550 623
3 62.310000 60.320000 1000000 8.124116 11.165557 8.182701 10.969171 0.023817 0.032258 0.130164 0.126103 0.032258 0.023818 0.032258 620 1116
3 62.310000 60.320000 1000000 8.099684 11.050145 8.146090 10.942290 0.023820 0.032258 0.124490 0.120238 0.032258 0.023820 0.032258 750 1061
3 62.310000 60.320000 1000000 8.042876 10.987421 8.071566 10.876796 0.023827 0.032258 0.104799 0.099711 0.032258 0.023827 0.032258 1060 1116
3 62.310000 60.320000 1000000 8.040681 10.986705 8.068579 10.868732 0.023827 0.032258 0.110394 0.105576 0.032258 0.023826 0.032258 1110 1144
3 62.310000 60.320000 1000000 7.997983 10.981687 8.070428 10.868732 0.023814 0.032258 0.150138 0.146632 0.032258 0.023827 0.032258 1140 1197
3 62.310000 60.320000 1000000 7.968564 10.974518 8.052271 10.855780 0.023816 0.032258 0.121651 0.117296 0.032258 0.023828 0.032258 1190 1348
3 62.310000 60.320000 1000000 7.962843 10.973801 8.046727 10.849915 0.023817 0.032258 0.116006 0.111431 0.032258 0.023828 0.032258 1340 1639
3 62.310000 60.320000 1000000 7.952067 10.970576 8.035659 10.818879 0.023817 0.032258 0.113192 0.108498 0.032258 0.023827 0.032258 1630 2242
3 62.310000 60.320000 1000000 7.938730 10.968425 8.022736 10.801284 0.023814 0.032258 0.130154 0.126093 0.032258 0.023823 0.032258 1670 2826
3 62.310000 60.320000 1000000 7.877823 10.679896 7.932083 10.734080 0.023821 0.032258 0.116006 0.111430 0.032258 0.023826 0.032258 1700 2887
3 62.310000 60.320000 1000000 7.835347 10.674878 7.883192 10.686426 0.023825 0.032258 0.099225 0.093835 0.032258 0.023829 0.032258 1810 2170
3 62.310000 60.320000 1000000 7.823448 10.672727 7.871509 10.668831 0.023825 0.032258 0.099225 0.093835 0.032258 0.023828 0.032258 2170 2887
3 62.310000 60.320000 1000000 7.762543 10.438678 7.786344 10.584031 0.023828 0.032258 0.069515 0.061577 0.032258 0.023827 0.032258 2880 4964
3 62.310000 60.320000 1000000 7.705760 10.427567 7.714237 10.463798 0.023832 0.032258 0.056945 0.046927 0.032258 0.023830 0.032258 3870 5033
3 62.310000 60.320000 1000000 7.684878 10.422549 7.694088 10.420299 0.023832 0.032258 0.047743 0.035196 0.032258 0.023831 0.032258 5030 7901
3 62.310000 60.320000 1000000 7.665965 10.418248 7.675242 10.385109 0.023832 0.032258 0.056942 0.046924 0.032258 0.023830 0.032258 5550 10690
3 62.310000 60.320000 1000000 7.640284 10.411797 7.660802 10.373378 0.023831 0.032258 0.082786 0.076243 0.032258 0.023828 0.032258 7780 10829
3 62.310000 60.320000 1000000 7.622987 10.409646 7.638989 10.351384 0.023830 0.032258 0.077416 0.070375 0.032258 0.023828 0.032258 10820 13320
3 62.310000 60.320000 1000000 7.557792 10.386349 7.570544 10.103343 0.023825 0.032258 0.080099 0.073316 0.032258 0.023819 0.032258 13320 14330
3 62.310000 60.320000 1000000 7.533035 10.327209 7.534720 10.073774 0.023826 0.032258 0.082791 0.076248 0.032258 0.023821 0.032258 14330 16623
3 62.310000 60.320000 1000000 7.457272 9.980257 7.420829 9.987264 0.023828 0.032258 0.082790 0.076247 0.032258 0.023826 0.032258 16620 21960
3 62.310000 60.320000 1000000 7.365563 9.799255 7.346122 9.916638 0.023827 0.032258 0.064385 0.055721 0.032258 0.023823 0.032258 21960 24593
3 62.310000 60.320000 1000000 7.292555 9.677391 7.293477 9.864341 0.023819 0.032258 0.090957 0.085044 0.032258 0.023815 0.032258 23980 36259
3 62.310000 60.320000 1000000 7.241881 9.665205 7.250636 9.792005 0.023814 0.032258 0.141558 0.137834 0.032258 0.023809 0.032258 28110 44887
3 62.310000 60.320000 1000000 7.195137 9.655169 7.214850 9.750949 0.023816 0.032258 0.141551 0.137827 0.032258 0.023811 0.032258 38170 53536
3 62.310000 60.320000 1000000 7.079979 9.467715 7.119557 9.604813 0.023812 0.032258 0.133009 0.129038 0.032258 0.023811 0.032258 44480 65100
3 62.310000 60.320000 1000000 7.059220 9.465564 7.091443 9.580619 0.023818 0.032258 0.121662 0.117307 0.032258 0.023818 0.032258 51240 70647
3 62.310000 60.320000 1000000 7.035878 9.462697 7.068420 9.557159 0.023822 0.032258 0.116017 0.111443 0.032258 0.023821 0.032258 52050 82280
3 62.310000 60.320000 1000000 7.020171 9.459113 7.046746 9.514149 0.023825 0.032258 0.110395 0.105577 0.032258 0.023823 0.032258 58970 79687
3 62.310000 60.320000 1000000 6.843936 8.929724 6.810814 9.304472 0.023794 0.032258 0.164488 0.161294 0.032258 0.023781 0.032258 64800 100216
3 62.310000 60.320000 1000000 6.709000 8.909294 6.705036 9.147337 0.023808 0.032258 0.110390 0.105571 0.032258 0.023806 0.032258 100210 152379
3 62.310000 60.320000 1000000 6.671885 8.901409 6.675010 9.119478 0.023819 0.032258 0.088216 0.082107 0.032258 0.023814 0.032258 150080 164845
3 62.310000 60.320000 1000000 6.652548 8.899258 6.658942 9.104327 0.023818 0.032258 0.077419 0.070378 0.032258 0.023814 0.032258 164840 195829
3 62.310000 60.320000 1000000 6.638543 8.893165 6.639136 9.031748 0.023821 0.032258 0.059385 0.049860 0.032258 0.023818 0.032258 172860 215350
3 62.310000 60.320000 1000000 6.622314 8.889581 6.622912 9.002422 0.023822 0.032258 0.074770 0.067454 0.032258 0.023819 0.032258 180470 258079
3 62.310000 60.320000 1000000 6.529920 8.760549 6.511973 8.871680 0.023828 0.032258 0.069513 0.061575 0.032258 0.023824 0.032258 240370 280630
3 62.310000 60.320000 1000000 6.524379 8.759832 6.506387 8.865815 0.023828 0.032258 0.069513 0.061575 0.032258 0.023824 0.032258 280630 342295
3 62.310000 60.320000 1000000 6.500704 8.643345 6.469807 8.825493 0.023825 0.032258 0.072124 0.064508 0.032258 0.023820 0.032258 342290 414809
3 62.310000 60.320000 1000000 6.479575 8.641195 6.473359 8.828426 0.023824 0.032258 0.056934 0.046914 0.032258 0.023820 0.032258 346970 398565
3 62.310000 60.320000 1000000 6.466145 8.639761 6.475595 8.830381 0.023822 0.032258 0.061857 0.052780 0.032258 0.023821 0.032258 391410 414809
3 62.310000 60.320000 1000000 6.456219 8.638327 6.465713 8.818650 0.023823 0.032258 0.061858 0.052781 0.032258 0.023822 0.032258 413780 482571
3 62.310000 60.320000 1000000 6.439166 8.635460 6.448735 8.795190 0.023828 0.032258 0.047736 0.035187 0.032258 0.023826 0.032258 455400 636716
3 62.310000 60.320000 1000000 6.399705 8.628292 6.409452 8.736539 0.023827 0.032258 0.082784 0.076241 0.032258 0.023825 0.032258 512090 776709
3 62.310000 60.320000 1000000 6.373260 8.616464 6.374923 8.598468 0.023829 0.032258 0.080099 0.073316 0.032258 0.023827 0.032258 612220 804944
3 62.310000 60.320000 1000000 6.319878 8.607862 6.318039 8.539817 0.023831 0.032258 0.054550 0.043990 0.032258 0.023828 0.032258 753870 827048
3 62.310000 60.320000 1000000 6.316044 8.607145 6.314202 8.533952 0.023830 0.032258 0.059381 0.049855 0.032258 0.023827 0.032258 827040 1000000
3 62.310000 60.320000 1000000 6.312852 8.605711 6.314734 8.535907 0.023831 0.032258 0.054548 0.043988 0.032258 0.023827 0.032258 852310 857775
3 62.310000 60.320000 1000000 6.311307 8.604994 6.314991 8.536885 0.023830 0.032258 0.059379 0.049853 0.032258 0.023827 0.032258 857770 1000000
3 62.310000 60.320000 1000000 6.236309 8.257326 6.202973 8.444510 0.023824 0.032258 0.064380 0.055716 0.032258 0.023820 0.032258 999990 1000000
