40 62.310000 60.320000 1000000 12.872095 17.775982 12.895779 17.355982 0.023822 0.032258 0.133006 0.129035 0.032258 0.023818 0.032258 0 50
40 62.310000 60.320000 1000000 9.613588 12.526840 9.544921 13.125311 0.023746 0.032258 0.245528 0.243400 0.032258 0.023776 0.032258 50 95
40 62.310000 60.320000 1000000 9.472278 12.493149 9.450076 12.980151 0.023801 0.032258 0.118823 0.114360 0.032258 0.023798 0.032258 60 102
40 62.310000 60.320000 1000000 9.388499 12.479529 9.382987 12.875558 0.023811 0.032258 0.080099 0.073317 0.032258 0.023814 0.032258 70 81
40 62.310000 60.320000 1000000 9.334237 12.470927 9.328629 12.805177 0.023814 0.032258 0.096467 0.090913 0.032258 0.023817 0.032258 80 104
40 62.310000 60.320000 1000000 9.248979 12.453006 9.268554 12.740661 0.023820 0.032258 0.113193 0.108499 0.032258 0.023815 0.032258 100 123
40 62.310000 60.320000 1000000 9.230022 12.448705 9.242625 12.692275 0.023821 0.032258 0.096454 0.090900 0.032258 0.023817 0.032258 120 148
40 62.310000 60.320000 1000000 9.186429 12.441537 9.207190 12.640467 0.023823 0.032258 0.096454 0.090900 0.032258 0.023819 0.032258 140 191
40 62.310000 60.320000 1000000 9.183483 12.439386 9.202720 12.613586 0.023825 0.032258 0.090948 0.085035 0.032258 0.023821 0.032258 150 217
40 62.310000 60.320000 1000000 9.130059 12.429350 9.137259 12.527809 0.023822 0.032258 0.124478 0.120226 0.032258 0.023816 0.032258 190 202
40 62.310000 60.320000 1000000 9.114899 12.427200 9.119965 12.508014 0.023820 0.032258 0.124480 0.120228 0.032258 0.023813 0.032258 200 217
40 62.310000 60.320000 1000000 9.100692 12.424332 9.105782 12.484554 0.023822 0.032258 0.107583 0.102633 0.032258 0.023815 0.032258 210 221
40 62.310000 60.320000 1000000 9.099211 12.423257 9.103522 12.471113 0.023823 0.032258 0.104789 0.099700 0.032258 0.023816 0.032258 220 263
40 62.310000 60.320000 1000000 9.073502 12.412505 9.071946 12.345993 0.023826 0.032258 0.088213 0.082103 0.032258 0.023822 0.032258 260 388
40 62.310000 60.320000 1000000 8.753486 12.034728 8.808461 12.085730 0.023775 0.032258 0.161601 0.158348 0.032258 0.023782 0.032258 290 304
40 62.310000 60.320000 1000000 8.742417 12.028635 8.793927 12.012662 0.023778 0.032258 0.164486 0.161291 0.032258 0.023786 0.032258 300 336
40 62.310000 60.320000 1000000 8.723050 12.025768 8.774901 11.989202 0.023781 0.032258 0.153001 0.149561 0.032258 0.023788 0.032258 330 348
40 62.310000 60.320000 1000000 8.719143 12.025051 8.771062 11.983337 0.023781 0.032258 0.158739 0.155427 0.032258 0.023787 0.032258 340 388
40 62.310000 60.320000 1000000 8.697150 12.020750 8.749460 11.948146 0.023789 0.032258 0.135850 0.131965 0.032258 0.023794 0.032258 350 512
40 62.310000 60.320000 1000000 8.344585 11.398889 8.324172 11.432508 0.023801 0.032258 0.144403 0.140754 0.032258 0.023804 0.032258 510 649
40 62.310000 60.320000 1000000 8.297719 11.168065 8.251707 11.378745 0.023801 0.032258 0.150124 0.146618 0.032258 0.023806 0.032258 530 602
40 62.310000 60.320000 1000000 8.183155 11.085628 8.180257 11.213058 0.023818 0.032258 0.104787 0.099698 0.032258 0.023818 0.032258 600 732
40 62.310000 60.320000 1000000 8.094563 10.888497 8.078097 10.968437 0.023827 0.032258 0.104795 0.099707 0.032258 0.023825 0.032258 730 765
40 62.310000 60.320000 1000000 8.092122 10.887780 8.074719 10.960373 0.023827 0.032258 0.104795 0.099707 0.032258 0.023825 0.032258 760 1053
40 62.310000 60.320000 1000000 8.088715 10.886346 8.075290 10.962328 0.023828 0.032258 0.093705 0.087977 0.032258 0.023825 0.032258 770 964
40 62.310000 60.320000 1000000 8.087054 10.885630 8.075568 10.963305 0.023828 0.032258 0.093695 0.087967 0.032258 0.023825 0.032258 960 1053
40 62.310000 60.320000 1000000 8.079936 10.884913 8.076758 10.964283 0.023828 0.032258 0.093695 0.087967 0.032258 0.023825 0.032258 1050 1162
40 62.310000 60.320000 1000000 7.955870 10.418965 7.948382 10.862622 0.023808 0.032258 0.116007 0.111432 0.032258 0.023799 0.032258 1160 1297
40 62.310000 60.320000 1000000 7.949084 10.418248 7.939021 10.854557 0.023810 0.032258 0.110385 0.105567 0.032258 0.023801 0.032258 1290 1647
40 62.310000 60.320000 1000000 7.930292 10.414664 7.924104 10.838917 0.023814 0.032258 0.110384 0.105565 0.032258 0.023804 0.032258 1510 1663
40 62.310000 60.320000 1000000 7.902468 10.408929 7.891535 10.780999 0.023816 0.032258 0.104784 0.099696 0.032258 0.023807 0.032258 1660 1766
40 62.310000 60.320000 1000000 7.897009 10.408212 7.886054 10.775134 0.023816 0.032258 0.110380 0.105561 0.032258 0.023807 0.032258 1760 2259
40 62.310000 60.320000 1000000 7.894353 10.406062 7.881977 10.748253 0.023817 0.032258 0.104785 0.099696 0.032258 0.023809 0.032258 1810 2208
40 62.310000 60.320000 1000000 7.859936 10.401402 7.834108 10.694490 0.023822 0.032258 0.074756 0.067438 0.032258 0.023817 0.032258 2200 2259
40 62.310000 60.320000 1000000 7.849455 10.396384 7.820836 10.634862 0.023823 0.032258 0.085497 0.079178 0.032258 0.023818 0.032258 2250 2532
40 62.310000 60.320000 1000000 7.839080 10.393517 7.816249 10.631930 0.023823 0.032258 0.074769 0.067453 0.032258 0.023818 0.032258 2530 2851
40 62.310000 60.320000 1000000 7.801527 10.386349 7.782173 10.586964 0.023828 0.032258 0.069517 0.061579 0.032258 0.023824 0.032258 2850 3306
40 62.310000 60.320000 1000000 7.752911 10.380614 7.716656 10.524648 0.023825 0.032258 0.085494 0.079174 0.032258 0.023822 0.032258 3300 3453
40 62.310000 60.320000 1000000 7.747853 10.379897 7.711526 10.518783 0.023826 0.032258 0.080093 0.073309 0.032258 0.023823 0.032258 3450 4113
40 62.310000 60.320000 1000000 7.731229 10.374879 7.688314 10.462331 0.023826 0.032258 0.102002 0.096767 0.032258 0.023824 0.032258 3840 6771
40 62.310000 60.320000 1000000 7.623750 10.355524 7.630889 10.342586 0.023821 0.032258 0.102004 0.096769 0.032258 0.023819 0.032258 6770 11123
40 62.310000 60.320000 1000000 7.489442 10.165203 7.522476 10.216731 0.023822 0.032258 0.138696 0.134892 0.032258 0.023822 0.032258 10000 17212
40 62.310000 60.320000 1000000 7.440098 10.155884 7.473788 10.140485 0.023823 0.032258 0.093698 0.087970 0.032258 0.023820 0.032258 10650 20626
40 62.310000 60.320000 1000000 7.434789 10.151583 7.465781 10.086723 0.023824 0.032258 0.082784 0.076240 0.032258 0.023823 0.032258 11290 13884
40 62.310000 60.320000 1000000 7.415786 10.146923 7.446349 10.043957 0.023818 0.032258 0.096457 0.090904 0.032258 0.023816 0.032258 13880 20626
40 62.310000 60.320000 1000000 7.328982 9.902480 7.332068 9.848457 0.023819 0.032258 0.096467 0.090914 0.032258 0.023814 0.032258 20620 28494
40 62.310000 60.320000 1000000 7.269394 9.894595 7.272556 9.783941 0.023815 0.032258 0.118835 0.114373 0.032258 0.023810 0.032258 20800 36178
40 62.310000 60.320000 1000000 7.248787 9.890294 7.254527 9.771722 0.023820 0.032258 0.085505 0.079186 0.032258 0.023816 0.032258 22300 35013
40 62.310000 60.320000 1000000 7.217396 9.885992 7.218098 9.732132 0.023819 0.032258 0.059385 0.049860 0.032258 0.023816 0.032258 32450 46787
40 62.310000 60.320000 1000000 6.985862 9.573807 6.978987 9.475291 0.023820 0.032258 0.104798 0.099710 0.032258 0.023818 0.032258 46780 76872
40 62.310000 60.320000 1000000 6.861222 9.376317 6.825986 9.214787 0.023817 0.032258 0.130158 0.126098 0.032258 0.023816 0.032258 76870 89568
40 62.310000 60.320000 1000000 6.777201 9.027215 6.704436 9.117524 0.023818 0.032258 0.124486 0.120234 0.032258 0.023824 0.032258 89560 117239
40 62.310000 60.320000 1000000 6.697111 9.017896 6.705345 9.105305 0.023820 0.032258 0.096465 0.090911 0.032258 0.023825 0.032258 117230 156194
40 62.310000 60.320000 1000000 6.622271 8.947287 6.634384 9.020750 0.023827 0.032258 0.072127 0.064511 0.032258 0.023827 0.032258 156190 297696
40 62.310000 60.320000 1000000 6.579936 8.826857 6.587749 8.980183 0.023830 0.032258 0.056939 0.046920 0.032258 0.023827 0.032258 222250 229971
40 62.310000 60.320000 1000000 6.573317 8.821839 6.580308 8.927399 0.023831 0.032258 0.052212 0.041055 0.032258 0.023828 0.032258 229970 297696
40 62.310000 60.320000 1000000 6.543414 8.816821 6.549594 8.884144 0.023833 0.032258 0.043596 0.029327 0.032258 0.023830 0.032258 297690 319637
40 62.310000 60.320000 1000000 6.516824 8.700693 6.511024 8.851398 0.023830 0.032258 0.052212 0.041056 0.032258 0.023826 0.032258 319630 374187
40 62.310000 60.320000 1000000 6.435582 8.403561 6.395107 8.693042 0.023814 0.032258 0.064387 0.055724 0.032258 0.023805 0.032258 374180 603652
40 62.310000 60.320000 1000000 6.420346 8.399977 6.376753 8.657118 0.023814 0.032258 0.059381 0.049855 0.032258 0.023807 0.032258 426320 598832
40 62.310000 60.320000 1000000 6.392301 8.396393 6.348125 8.627793 0.023816 0.032258 0.085498 0.079180 0.032258 0.023811 0.032258 485910 513444
40 62.310000 60.320000 1000000 6.387019 8.395676 6.342731 8.621928 0.023815 0.032258 0.090957 0.085045 0.032258 0.023810 0.032258 513440 598832
40 62.310000 60.320000 1000000 6.352099 8.391375 6.293535 8.573541 0.023819 0.032258 0.085498 0.079180 0.032258 0.023820 0.032258 598830 603652
40 62.310000 60.320000 1000000 6.344574 8.390658 6.294822 8.574518 0.023820 0.032258 0.080097 0.073315 0.032258 0.023819 0.032258 603650 706463
40 62.310000 60.320000 1000000 6.302682 8.383848 6.299775 8.568898 0.023823 0.032258 0.052217 0.041061 0.032258 0.023819 0.032258 706460 873786
40 62.310000 60.320000 1000000 6.279039 8.378830 6.274811 8.518557 0.023825 0.032258 0.056944 0.046926 0.032258 0.023822 0.032258 827120 1000000
40 62.310000 60.320000 1000000 6.263968 8.376680 6.259710 8.500962 0.023828 0.032258 0.047742 0.035195 0.032258 0.023825 0.032258 999990 1000000
