29 62.310000 60.320000 1000000 10.568561 14.220026 10.623793 14.175876 0.023796 0.032258 0.176012 0.173031 0.032258 0.023793 0.032258 0 50
29 62.310000 60.320000 1000000 9.947623 14.118234 10.088726 13.477692 0.023729 0.032258 0.303763 0.302046 0.032258 0.023732 0.032258 50 61
29 62.310000 60.320000 1000000 9.932496 14.113933 10.072556 13.440547 0.023724 0.032258 0.286274 0.284451 0.032258 0.023727 0.032258 60 70
29 62.310000 60.320000 1000000 9.742283 13.974866 9.875775 13.220117 0.023766 0.032258 0.158732 0.155419 0.032258 0.023753 0.032258 70 86
29 62.310000 60.320000 1000000 9.458206 12.752286 9.450287 12.803453 0.023832 0.032258 0.077429 0.070390 0.032258 0.023828 0.032258 80 134
29 62.310000 60.320000 1000000 9.444006 12.750136 9.436050 12.785858 0.023831 0.032258 0.093712 0.087985 0.032258 0.023828 0.032258 90 120
29 62.310000 60.320000 1000000 9.346379 12.736516 9.367619 12.691040 0.023829 0.032258 0.066943 0.058659 0.032258 0.023827 0.032258 120 134
29 62.310000 60.320000 1000000 9.335870 12.734007 9.356542 12.665869 0.023829 0.032258 0.074775 0.067459 0.032258 0.023827 0.032258 130 149
29 62.310000 60.320000 1000000 9.304601 12.728272 9.324580 12.616749 0.023832 0.032258 0.045626 0.032267 0.032258 0.023829 0.032258 140 176
29 62.310000 60.320000 1000000 9.280944 12.668416 9.294699 12.585714 0.023832 0.032258 0.052221 0.041066 0.032258 0.023829 0.032258 170 220
29 62.310000 60.320000 1000000 9.237110 12.550136 9.233439 12.535616 0.023831 0.032258 0.056947 0.046930 0.032258 0.023828 0.032258 220 308
29 62.310000 60.320000 1000000 9.143440 12.200316 9.102419 12.425646 0.023828 0.032258 0.056943 0.046925 0.032258 0.023826 0.032258 300 322
29 62.310000 60.320000 1000000 9.137175 12.197807 9.093486 12.396076 0.023829 0.032258 0.064386 0.055723 0.032258 0.023827 0.032258 320 387
29 62.310000 60.320000 1000000 9.135470 12.197090 9.093774 12.397054 0.023829 0.032258 0.059383 0.049858 0.032258 0.023827 0.032258 380 442
29 62.310000 60.320000 1000000 9.121867 12.137234 9.072679 12.356731 0.023828 0.032258 0.066940 0.058655 0.032258 0.023826 0.032258 440 563
29 62.310000 60.320000 1000000 9.107452 12.135800 9.075114 12.358687 0.023829 0.032258 0.056943 0.046925 0.032258 0.023826 0.032258 510 564
29 62.310000 60.320000 1000000 9.096111 12.132216 9.061995 12.327406 0.023829 0.032258 0.072135 0.064520 0.032258 0.023826 0.032258 560 693
29 62.310000 60.320000 1000000 9.056007 12.126481 9.021433 12.280486 0.023829 0.032258 0.082793 0.076251 0.032258 0.023827 0.032258 570 699
29 62.310000 60.320000 1000000 9.044725 12.123255 9.009348 12.249450 0.023830 0.032258 0.069527 0.061590 0.032258 0.023829 0.032258 690 758
29 62.310000 60.320000 1000000 9.022369 12.007843 8.974718 12.222568 0.023827 0.032258 0.074772 0.067455 0.032258 0.023826 0.032258 700 853
29 62.310000 60.320000 1000000 8.941128 11.602467 8.853742 12.123595 0.023807 0.032258 0.088227 0.082118 0.032258 0.023800 0.032258 850 989
29 62.310000 60.320000 1000000 8.914466 11.485621 8.815352 12.084983 0.023799 0.032258 0.093710 0.087983 0.032258 0.023790 0.032258 890 909
29 62.310000 60.320000 1000000 8.911180 11.484905 8.811954 12.079118 0.023799 0.032258 0.099237 0.093848 0.032258 0.023790 0.032258 900 1028
29 62.310000 60.320000 1000000 8.902767 11.483471 8.803253 12.067388 0.023800 0.032258 0.088227 0.082118 0.032258 0.023792 0.032258 960 1071
29 62.310000 60.320000 1000000 8.783083 11.298525 8.707914 11.974035 0.023796 0.032258 0.072124 0.064509 0.032258 0.023780 0.032258 1070 1389
29 62.310000 60.320000 1000000 8.758487 11.295658 8.673148 11.941777 0.023794 0.032258 0.093697 0.087969 0.032258 0.023780 0.032258 1140 1487
29 62.310000 60.320000 1000000 8.658948 11.283830 8.687562 11.942999 0.023772 0.032258 0.080107 0.073325 0.032258 0.023784 0.032258 1480 1611
29 62.310000 60.320000 1000000 8.652908 11.283113 8.681582 11.937134 0.023774 0.032258 0.080104 0.073322 0.032258 0.023785 0.032258 1610 1623
29 62.310000 60.320000 1000000 8.648425 11.282396 8.677143 11.931269 0.023775 0.032258 0.074773 0.067457 0.032258 0.023786 0.032258 1620 1694
29 62.310000 60.320000 1000000 8.644883 11.281679 8.673636 11.925404 0.023776 0.032258 0.080104 0.073322 0.032258 0.023787 0.032258 1690 2021
29 62.310000 60.320000 1000000 8.624626 11.166267 8.642940 11.898522 0.023767 0.032258 0.074773 0.067457 0.032258 0.023773 0.032258 1760 2522
29 62.310000 60.320000 1000000 8.437713 11.141894 8.426107 11.668318 0.023731 0.032258 0.096470 0.090917 0.032258 0.023728 0.032258 2220 3037
29 62.310000 60.320000 1000000 8.434776 11.139744 8.421598 11.641436 0.023732 0.032258 0.102016 0.096782 0.032258 0.023730 0.032258 2230 2650
29 62.310000 60.320000 1000000 8.422183 11.137235 8.408182 11.616265 0.023738 0.032258 0.104802 0.099714 0.032258 0.023736 0.032258 2650 3684
29 62.310000 60.320000 1000000 8.363226 11.129350 8.363827 11.565435 0.023747 0.032258 0.099236 0.093847 0.032258 0.023751 0.032258 2890 3813
29 62.310000 60.320000 1000000 8.284274 11.117163 8.292326 11.472571 0.023738 0.032258 0.110399 0.105581 0.032258 0.023745 0.032258 3810 4265
29 62.310000 60.320000 1000000 8.266658 11.113579 8.277199 11.450088 0.023748 0.032258 0.110402 0.105584 0.032258 0.023752 0.032258 4260 4815
29 62.310000 60.320000 1000000 8.211833 10.825049 8.193318 11.382884 0.023735 0.032258 0.102019 0.096785 0.032258 0.023734 0.032258 4290 5498
29 62.310000 60.320000 1000000 8.194388 10.820748 8.172434 11.343539 0.023747 0.032258 0.096471 0.090918 0.032258 0.023748 0.032258 5490 5508
29 62.310000 60.320000 1000000 8.192302 10.820031 8.172784 11.344517 0.023748 0.032258 0.090965 0.085053 0.032258 0.023748 0.032258 5500 7511
29 62.310000 60.320000 1000000 8.107619 10.805694 8.087480 11.227215 0.023763 0.032258 0.085505 0.079187 0.032258 0.023764 0.032258 6440 7706
29 62.310000 60.320000 1000000 8.045734 10.793508 8.025125 11.127509 0.023778 0.032258 0.085503 0.079185 0.032258 0.023781 0.032258 7700 12366
29 62.310000 60.320000 1000000 8.036638 10.791357 8.015958 11.109913 0.023777 0.032258 0.085504 0.079186 0.032258 0.023780 0.032258 7750 14329
29 62.310000 60.320000 1000000 7.900892 10.732935 7.890982 10.629227 0.023832 0.032258 0.039892 0.023468 0.032258 0.023830 0.032258 14320 16157
29 62.310000 60.320000 1000000 7.893228 10.730785 7.885103 10.618474 0.023831 0.032258 0.043602 0.029334 0.032258 0.023829 0.032258 16150 24903
29 62.310000 60.320000 1000000 7.669090 9.461252 7.533088 10.322776 0.023732 0.032258 0.099240 0.093851 0.032258 0.023700 0.032258 17170 40300
29 62.310000 60.320000 1000000 7.530309 9.431862 7.439937 10.116766 0.023682 0.032258 0.265902 0.263938 0.032258 0.023648 0.032258 40300 42853
29 62.310000 60.320000 1000000 7.528556 9.431145 7.440240 10.117743 0.023683 0.032258 0.260083 0.258075 0.032258 0.023648 0.032258 42850 58447
29 62.310000 60.320000 1000000 7.523229 9.430428 7.434720 10.111878 0.023684 0.032258 0.260083 0.258075 0.032258 0.023650 0.032258 58440 78413
29 62.310000 60.320000 1000000 7.283407 9.398887 7.362703 10.011195 0.023618 0.032258 0.417664 0.416417 0.032258 0.023641 0.032258 78410 189099
29 62.310000 60.320000 1000000 6.930736 8.957669 6.884780 9.519751 0.023459 0.032258 0.561038 0.560110 0.032258 0.023416 0.032258 97440 205319
29 62.310000 60.320000 1000000 6.918489 8.956235 6.886856 9.521706 0.023451 0.032258 0.549328 0.548380 0.032258 0.023417 0.032258 103870 243579
29 62.310000 60.320000 1000000 6.403731 8.378817 6.289955 8.899275 0.023629 0.032258 0.236802 0.234594 0.032258 0.023648 0.032258 204000 400627
29 62.310000 60.320000 1000000 6.070868 7.920039 6.094817 8.613600 0.023674 0.032258 0.283358 0.281516 0.032258 0.023617 0.032258 400620 403878
29 62.310000 60.320000 1000000 6.064492 7.919322 6.095866 8.614578 0.023671 0.032258 0.277532 0.275651 0.032258 0.023617 0.032258 403870 636656
29 62.310000 60.320000 1000000 5.962802 7.892441 5.981484 8.324999 0.023703 0.032258 0.187540 0.184745 0.032258 0.023660 0.032258 492330 578698
29 62.310000 60.320000 1000000 5.885418 7.876671 5.877327 8.149781 0.023799 0.032258 0.069516 0.061578 0.032258 0.023791 0.032258 578690 636656
29 62.310000 60.320000 1000000 5.843082 7.864843 5.838827 8.036637 0.023816 0.032258 0.047737 0.035189 0.032258 0.023812 0.032258 636650 884038
29 62.310000 60.320000 1000000 5.813113 7.853732 5.798072 7.907119 0.023826 0.032258 0.054552 0.043993 0.032258 0.023829 0.032258 884030 1000000
29 62.310000 60.320000 1000000 5.813113 7.853732 5.798072 7.907119 0.023826 0.032258 0.054552 0.043993 0.032258 0.023829 0.032258 999990 1000000
