6 62.310000 60.320000 1000000 12.562124 17.073466 12.711400 17.241125 0.023800 0.032258 0.242638 0.240484 0.032258 0.023824 0.032258 0 50
6 62.310000 60.320000 1000000 9.921384 14.499246 10.111398 13.386068 0.023694 0.032258 0.295021 0.293253 0.032258 0.023677 0.032258 50 60
6 62.310000 60.320000 1000000 9.172511 12.039388 9.114735 12.511925 0.023810 0.032258 0.124482 0.120230 0.032258 0.023802 0.032258 60 72
6 62.310000 60.320000 1000000 9.166043 12.037596 9.107440 12.492619 0.023809 0.032258 0.127317 0.123162 0.032258 0.023802 0.032258 70 107
6 62.310000 60.320000 1000000 9.014364 12.013223 9.031470 12.348437 0.023821 0.032258 0.093700 0.087972 0.032258 0.023818 0.032258 80 100
6 62.310000 60.320000 1000000 8.996048 12.004979 9.023432 12.285143 0.023822 0.032258 0.102005 0.096770 0.032258 0.023820 0.032258 100 115
6 62.310000 60.320000 1000000 8.966218 11.999603 8.993209 12.236512 0.023823 0.032258 0.093711 0.087984 0.032258 0.023820 0.032258 110 148
6 62.310000 60.320000 1000000 8.950952 11.996019 8.977100 12.204988 0.023823 0.032258 0.104803 0.099716 0.032258 0.023820 0.032258 140 154
6 62.310000 60.320000 1000000 8.948356 11.995302 8.973562 12.196923 0.023824 0.032258 0.099240 0.093851 0.032258 0.023821 0.032258 150 223
6 62.310000 60.320000 1000000 8.548476 11.269857 8.544646 11.803963 0.023788 0.032258 0.077419 0.070378 0.032258 0.023785 0.032258 220 231
6 62.310000 60.320000 1000000 8.543533 11.268065 8.538931 11.784657 0.023790 0.032258 0.074773 0.067456 0.032258 0.023787 0.032258 230 273
6 62.310000 60.320000 1000000 8.534845 11.265914 8.526958 11.760464 0.023794 0.032258 0.064384 0.055720 0.032258 0.023793 0.032258 270 287
6 62.310000 60.320000 1000000 8.435520 11.247277 8.427350 11.607973 0.023792 0.032258 0.181773 0.178888 0.032258 0.023791 0.032258 280 335
6 62.310000 60.320000 1000000 8.371099 11.234015 8.357556 11.486028 0.023797 0.032258 0.127325 0.123171 0.032258 0.023800 0.032258 330 508
6 62.310000 60.320000 1000000 8.301022 11.199607 8.262606 11.090139 0.023811 0.032258 0.173124 0.170092 0.032258 0.023819 0.032258 420 560
6 62.310000 60.320000 1000000 8.028098 10.432226 7.899440 10.779533 0.023789 0.032258 0.204902 0.202346 0.032258 0.023809 0.032258 510 698
6 62.310000 60.320000 1000000 7.724980 10.265919 7.679637 10.482615 0.023815 0.032258 0.118839 0.114377 0.032258 0.023811 0.032258 690 1186
6 62.310000 60.320000 1000000 7.704560 10.261618 7.658851 10.447424 0.023819 0.032258 0.118839 0.114377 0.032258 0.023816 0.032258 780 1236
6 62.310000 60.320000 1000000 7.696062 10.258034 7.660291 10.452312 0.023821 0.032258 0.124483 0.120231 0.032258 0.023816 0.032258 1040 1154
6 62.310000 60.320000 1000000 7.625955 10.244414 7.584984 10.334522 0.023827 0.032258 0.085495 0.079176 0.032258 0.023827 0.032258 1150 2738
6 62.310000 60.320000 1000000 7.565829 10.237962 7.575347 10.322792 0.023830 0.032258 0.049939 0.038122 0.032258 0.023827 0.032258 2220 2778
6 62.310000 60.320000 1000000 7.532640 10.228285 7.535519 10.218687 0.023831 0.032258 0.052215 0.041059 0.032258 0.023829 0.032258 2770 4095
6 62.310000 60.320000 1000000 7.511469 10.223984 7.535350 10.215510 0.023831 0.032258 0.056935 0.046915 0.032258 0.023829 0.032258 4090 4941
6 62.310000 60.320000 1000000 7.493243 10.221833 7.512584 10.193516 0.023831 0.032258 0.052208 0.041050 0.032258 0.023829 0.032258 4940 4980
6 62.310000 60.320000 1000000 7.481304 10.164127 7.494462 10.180075 0.023832 0.032258 0.049935 0.038118 0.032258 0.023830 0.032258 4980 6667
6 62.310000 60.320000 1000000 7.427937 10.043698 7.426502 10.109938 0.023831 0.032258 0.054542 0.043980 0.032258 0.023829 0.032258 6660 10448
6 62.310000 60.320000 1000000 7.419914 10.040830 7.417114 10.077192 0.023832 0.032258 0.049941 0.038125 0.032258 0.023829 0.032258 10440 11058
6 62.310000 60.320000 1000000 7.403901 10.035454 7.401084 10.026118 0.023831 0.032258 0.061867 0.052791 0.032258 0.023829 0.032258 11050 18394
6 62.310000 60.320000 1000000 7.385059 10.031153 7.378588 9.982130 0.023830 0.032258 0.061865 0.052790 0.032258 0.023828 0.032258 12870 20060
6 62.310000 60.320000 1000000 7.372868 10.029003 7.366366 9.964534 0.023831 0.032258 0.047741 0.035194 0.032258 0.023829 0.032258 14480 16835
6 62.310000 60.320000 1000000 7.327893 10.023985 7.369227 9.964534 0.023827 0.032258 0.072136 0.064521 0.032258 0.023830 0.032258 16830 20060
6 62.310000 60.320000 1000000 7.311045 10.016458 7.349578 9.879737 0.023826 0.032258 0.090961 0.085049 0.032258 0.023828 0.032258 20060 25579
6 62.310000 60.320000 1000000 7.286059 10.010723 7.331804 9.857987 0.023825 0.032258 0.085503 0.079184 0.032258 0.023825 0.032258 25570 29553
6 62.310000 60.320000 1000000 7.269859 10.008573 7.311080 9.835993 0.023826 0.032258 0.074769 0.067453 0.032258 0.023825 0.032258 29550 36213
6 62.310000 60.320000 1000000 7.210306 9.773090 7.225178 9.730179 0.023830 0.032258 0.082793 0.076250 0.032258 0.023828 0.032258 34420 42448
6 62.310000 60.320000 1000000 7.203887 9.770222 7.226239 9.734089 0.023830 0.032258 0.077428 0.070389 0.032258 0.023828 0.032258 34940 44527
6 62.310000 60.320000 1000000 7.125030 9.592087 7.112709 9.637315 0.023829 0.032258 0.069525 0.061589 0.032258 0.023825 0.032258 40500 58388
6 62.310000 60.320000 1000000 7.057086 9.579184 7.081814 9.546407 0.023819 0.032258 0.124491 0.120239 0.032258 0.023820 0.032258 43900 104572
6 62.310000 60.320000 1000000 7.020665 9.570223 7.062439 9.486535 0.023818 0.032258 0.110394 0.105576 0.032258 0.023824 0.032258 55230 79542
6 62.310000 60.320000 1000000 6.902940 9.160547 6.903751 9.345528 0.023815 0.032258 0.118834 0.114372 0.032258 0.023812 0.032258 79540 104572
6 62.310000 60.320000 1000000 6.862890 9.155530 6.863715 9.304473 0.023819 0.032258 0.107591 0.102642 0.032258 0.023817 0.032258 86310 120504
6 62.310000 60.320000 1000000 6.733602 9.132232 6.727060 9.123388 0.023827 0.032258 0.082790 0.076247 0.032258 0.023825 0.032258 120500 182280
6 62.310000 60.320000 1000000 6.591667 8.998541 6.650329 9.008287 0.023810 0.032258 0.124489 0.120237 0.032258 0.023825 0.032258 182280 198580
6 62.310000 60.320000 1000000 6.514807 8.762700 6.554920 8.927154 0.023812 0.032258 0.096469 0.090915 0.032258 0.023818 0.032258 198580 213351
6 62.310000 60.320000 1000000 6.498140 8.759832 6.536043 8.901494 0.023815 0.032258 0.107595 0.102646 0.032258 0.023820 0.032258 213350 279205
6 62.310000 60.320000 1000000 6.463107 8.692091 6.504415 8.828426 0.023819 0.032258 0.116011 0.111436 0.032258 0.023820 0.032258 279200 331205
6 62.310000 60.320000 1000000 6.404210 8.684205 6.424587 8.739717 0.023824 0.032258 0.077420 0.070380 0.032258 0.023823 0.032258 328610 366297
6 62.310000 60.320000 1000000 6.383960 8.625066 6.398380 8.714546 0.023826 0.032258 0.064382 0.055717 0.032258 0.023824 0.032258 366290 377062
6 62.310000 60.320000 1000000 6.372439 8.567360 6.380872 8.701106 0.023825 0.032258 0.061861 0.052785 0.032258 0.023823 0.032258 377060 510152
6 62.310000 60.320000 1000000 6.310161 8.555174 6.317496 8.592114 0.023827 0.032258 0.061867 0.052792 0.032258 0.023824 0.032258 510150 661672
6 62.310000 60.320000 1000000 6.277495 8.550156 6.307527 8.569386 0.023825 0.032258 0.072137 0.064522 0.032258 0.023826 0.032258 661670 691520
6 62.310000 60.320000 1000000 6.269414 8.547289 6.298258 8.536640 0.023826 0.032258 0.072137 0.064523 0.032258 0.023827 0.032258 691520 847041
6 62.310000 60.320000 1000000 6.160458 8.192810 6.141652 8.368509 0.023824 0.032258 0.059380 0.049854 0.032258 0.023821 0.032258 847040 973531
6 62.310000 60.320000 1000000 6.144425 8.189225 6.119369 8.328186 0.023824 0.032258 0.064383 0.055719 0.032258 0.023823 0.032258 973530 1000000
6 62.310000 60.320000 1000000 6.144425 8.189225 6.119369 8.328186 0.023824 0.032258 0.064383 0.055719 0.032258 0.023823 0.032258 999990 1000000
