17 62.310000 60.320000 1000000 10.540276 14.444040 10.485093 14.081303 0.023810 0.032258 0.167371 0.164233 0.032258 0.023809 0.032258 0 50
17 62.310000 60.320000 1000000 9.527016 12.732931 9.494758 13.067379 0.023802 0.032258 0.104800 0.099712 0.032258 0.023801 0.032258 50 65
17 62.310000 60.320000 1000000 9.413725 12.710709 9.387143 12.883119 0.023795 0.032258 0.138704 0.134901 0.032258 0.023797 0.032258 60 74
17 62.310000 60.320000 1000000 9.305973 12.685978 9.278491 12.638987 0.023812 0.032258 0.118839 0.114377 0.032258 0.023826 0.032258 70 84
17 62.310000 60.320000 1000000 9.284051 12.678093 9.282162 12.649739 0.023825 0.032258 0.064376 0.055711 0.032258 0.023824 0.032258 80 120
17 62.310000 60.320000 1000000 9.262269 12.667340 9.272925 12.595732 0.023829 0.032258 0.054543 0.043981 0.032258 0.023826 0.032258 120 154
17 62.310000 60.320000 1000000 9.195492 12.650853 9.219756 12.453750 0.023829 0.032258 0.049947 0.038132 0.032258 0.023825 0.032258 150 161
17 62.310000 60.320000 1000000 9.167818 12.534724 9.179375 12.421003 0.023832 0.032258 0.045628 0.032269 0.032258 0.023828 0.032258 160 238
17 62.310000 60.320000 1000000 9.046299 12.182036 9.044997 12.308101 0.023832 0.032258 0.045624 0.032264 0.032258 0.023829 0.032258 210 239
17 62.310000 60.320000 1000000 9.041450 12.181320 9.040146 12.302235 0.023832 0.032258 0.041683 0.026399 0.032258 0.023829 0.032258 230 242
17 62.310000 60.320000 1000000 9.025109 12.179169 9.019129 12.280242 0.023831 0.032258 0.045624 0.032264 0.032258 0.023829 0.032258 240 292
17 62.310000 60.320000 1000000 9.016887 12.177019 9.009027 12.258248 0.023832 0.032258 0.045624 0.032264 0.032258 0.023830 0.032258 290 334
17 62.310000 60.320000 1000000 8.966032 12.112144 8.976800 12.204240 0.023831 0.032258 0.047745 0.035200 0.032258 0.023830 0.032258 330 620
17 62.310000 60.320000 1000000 8.956333 12.109994 8.967136 12.186645 0.023832 0.032258 0.052221 0.041067 0.032258 0.023831 0.032258 350 573
17 62.310000 60.320000 1000000 8.810244 11.975944 8.904821 12.117242 0.023807 0.032258 0.121654 0.117299 0.032258 0.023833 0.032258 570 647
17 62.310000 60.320000 1000000 8.779421 11.971643 8.874068 12.079852 0.023809 0.032258 0.121648 0.117293 0.032258 0.023832 0.032258 640 784
17 62.310000 60.320000 1000000 8.744126 11.798525 8.821704 12.039529 0.023809 0.032258 0.113189 0.108495 0.032258 0.023829 0.032258 670 1084
17 62.310000 60.320000 1000000 8.570725 10.986339 8.575583 11.823010 0.023771 0.032258 0.080089 0.073305 0.032258 0.023759 0.032258 1080 1515
17 62.310000 60.320000 1000000 8.544242 10.983472 8.539169 11.790752 0.023774 0.032258 0.074759 0.067442 0.032258 0.023763 0.032258 1260 1567
17 62.310000 60.320000 1000000 8.525091 10.979887 8.522079 11.768269 0.023779 0.032258 0.090952 0.085039 0.032258 0.023767 0.032258 1560 1627
17 62.310000 60.320000 1000000 8.523633 10.978812 8.519849 11.754828 0.023779 0.032258 0.088216 0.082106 0.032258 0.023768 0.032258 1620 1760
17 62.310000 60.320000 1000000 8.487111 10.974511 8.518980 11.753851 0.023767 0.032258 0.093698 0.087970 0.032258 0.023771 0.032258 1760 1986
17 62.310000 60.320000 1000000 8.397715 10.960174 8.430604 11.636549 0.023755 0.032258 0.202003 0.199410 0.032258 0.023756 0.032258 1980 2218
17 62.310000 60.320000 1000000 8.283357 10.946554 8.286944 11.496519 0.023757 0.032258 0.178883 0.175950 0.032258 0.023754 0.032258 2210 2511
17 62.310000 60.320000 1000000 8.233251 10.940103 8.234770 11.441534 0.023754 0.032258 0.138698 0.134894 0.032258 0.023750 0.032258 2510 2793
17 62.310000 60.320000 1000000 8.208135 10.936518 8.209668 11.412209 0.023747 0.032258 0.121652 0.117297 0.032258 0.023742 0.032258 2750 2916
17 62.310000 60.320000 1000000 8.196738 10.934009 8.197425 11.387038 0.023753 0.032258 0.107584 0.102634 0.032258 0.023750 0.032258 2910 3332
17 62.310000 60.320000 1000000 8.191949 10.933293 8.192638 11.381173 0.023756 0.032258 0.102004 0.096769 0.032258 0.023752 0.032258 3330 3638
17 62.310000 60.320000 1000000 8.186797 10.930425 8.188142 11.355269 0.023759 0.032258 0.102004 0.096769 0.032258 0.023755 0.032258 3630 4907
17 62.310000 60.320000 1000000 8.119205 10.918956 8.120584 11.261428 0.023770 0.032258 0.096456 0.090902 0.032258 0.023766 0.032258 3980 4378
17 62.310000 60.320000 1000000 8.115528 10.918239 8.116908 11.255562 0.023769 0.032258 0.096456 0.090902 0.032258 0.023765 0.032258 4370 4907
17 62.310000 60.320000 1000000 8.046284 10.903902 8.045453 11.136062 0.023776 0.032258 0.113192 0.108498 0.032258 0.023771 0.032258 4900 5826
17 62.310000 60.320000 1000000 8.043054 10.901752 8.040515 11.109181 0.023779 0.032258 0.107583 0.102633 0.032258 0.023775 0.032258 5210 6069
17 62.310000 60.320000 1000000 7.974742 10.883831 7.947479 10.909770 0.023800 0.032258 0.090950 0.085037 0.032258 0.023807 0.032258 6060 10836
17 62.310000 60.320000 1000000 7.855841 10.359817 7.778128 10.766564 0.023793 0.032258 0.118823 0.114360 0.032258 0.023799 0.032258 10830 18485
17 62.310000 60.320000 1000000 7.848076 10.358383 7.770127 10.754833 0.023793 0.032258 0.107581 0.102631 0.032258 0.023799 0.032258 11420 14504
17 62.310000 60.320000 1000000 7.716877 10.003545 7.573455 10.579614 0.023754 0.032258 0.187538 0.184743 0.032258 0.023765 0.032258 14500 20045
17 62.310000 60.320000 1000000 7.642098 9.985624 7.519770 10.531716 0.023747 0.032258 0.233899 0.231664 0.032258 0.023730 0.032258 15170 20539
17 62.310000 60.320000 1000000 7.631632 9.979889 7.509015 10.479908 0.023755 0.032258 0.222289 0.219936 0.032258 0.023744 0.032258 15820 26581
17 62.310000 60.320000 1000000 7.236939 8.440106 6.990117 9.732358 0.023467 0.032258 0.303777 0.302059 0.032258 0.023354 0.032258 26580 29250
17 62.310000 60.320000 1000000 7.039320 8.417167 6.968897 9.695213 0.023452 0.032258 0.222302 0.219949 0.032258 0.023379 0.032258 29250 30627
17 62.310000 60.320000 1000000 6.986284 8.410716 6.914212 9.642427 0.023481 0.032258 0.222302 0.219949 0.032258 0.023414 0.032258 29800 39009
17 62.310000 60.320000 1000000 6.938651 8.403547 6.867698 9.590619 0.023486 0.032258 0.262991 0.261006 0.032258 0.023420 0.032258 39000 44268
17 62.310000 60.320000 1000000 6.935415 8.402831 6.863108 9.582555 0.023489 0.032258 0.268811 0.266868 0.032258 0.023424 0.032258 44260 98928
17 62.310000 60.320000 1000000 6.440925 7.935809 6.373809 9.020242 0.023534 0.032258 0.202011 0.199419 0.032258 0.023499 0.032258 98920 116945
17 62.310000 60.320000 1000000 6.438226 7.935092 6.374273 9.021219 0.023538 0.032258 0.196226 0.193556 0.032258 0.023499 0.032258 116940 181298
17 62.310000 60.320000 1000000 6.303204 7.913587 6.232639 8.843067 0.023474 0.032258 0.277546 0.275665 0.032258 0.023446 0.032258 181290 295856
17 62.310000 60.320000 1000000 6.084471 7.876311 6.033399 8.583295 0.023649 0.032258 0.173110 0.170078 0.032258 0.023632 0.032258 262910 364751
17 62.310000 60.320000 1000000 6.021716 7.859107 5.993825 8.509494 0.023703 0.032258 0.167351 0.164213 0.032258 0.023651 0.032258 364750 422732
17 62.310000 60.320000 1000000 5.997999 7.851939 5.997805 8.519269 0.023711 0.032258 0.178877 0.175945 0.032258 0.023649 0.032258 422730 513560
17 62.310000 60.320000 1000000 5.918204 7.824341 5.887967 8.206229 0.023791 0.032258 0.130154 0.126093 0.032258 0.023773 0.032258 513560 576898
17 62.310000 60.320000 1000000 5.893773 7.820757 5.858363 8.172504 0.023790 0.032258 0.147262 0.143686 0.032258 0.023774 0.032258 576630 708542
17 62.310000 60.320000 1000000 5.802212 7.794951 5.786675 7.914450 0.023824 0.032258 0.064377 0.055712 0.032258 0.023822 0.032258 708540 729987
17 62.310000 60.320000 1000000 5.798844 7.794234 5.783280 7.908585 0.023825 0.032258 0.059374 0.049847 0.032258 0.023823 0.032258 729980 805791
17 62.310000 60.320000 1000000 5.797482 7.793159 5.781182 7.895145 0.023826 0.032258 0.056935 0.046914 0.032258 0.023824 0.032258 805790 1000000
17 62.310000 60.320000 1000000 5.753689 7.783482 5.752628 7.836495 0.023829 0.032258 0.045617 0.032254 0.032258 0.023826 0.032258 999990 1000000
