18 62.310000 60.320000 1000000 10.484281 13.836513 10.506610 14.301240 0.023781 0.032258 0.199104 0.196473 0.032258 0.023780 0.032258 0 51
18 62.310000 60.320000 1000000 10.035717 13.694579 10.043827 13.536586 0.023821 0.032258 0.135860 0.131975 0.032258 0.023819 0.032258 50 60
18 62.310000 60.320000 1000000 9.949089 13.678808 9.968979 13.448609 0.023828 0.032258 0.080090 0.073307 0.032258 0.023824 0.032258 60 70
18 62.310000 60.320000 1000000 9.931447 13.674866 9.950809 13.411708 0.023827 0.032258 0.066945 0.058661 0.032258 0.023823 0.032258 70 94
18 62.310000 60.320000 1000000 9.878681 13.666980 9.930615 13.374563 0.023823 0.032258 0.072142 0.064529 0.032258 0.023820 0.032258 80 95
18 62.310000 60.320000 1000000 9.839124 13.605690 9.885075 13.331797 0.023824 0.032258 0.074773 0.067457 0.032258 0.023820 0.032258 90 128
18 62.310000 60.320000 1000000 9.775856 13.541532 9.802129 13.252374 0.023822 0.032258 0.066945 0.058661 0.032258 0.023817 0.032258 120 136
18 62.310000 60.320000 1000000 9.698251 13.194579 9.685842 13.165864 0.023831 0.032258 0.052219 0.041064 0.032258 0.023828 0.032258 130 161
18 62.310000 60.320000 1000000 9.642657 13.180243 9.666051 13.073246 0.023832 0.032258 0.047745 0.035199 0.032258 0.023829 0.032258 160 213
18 62.310000 60.320000 1000000 9.588512 13.171641 9.635977 13.023393 0.023827 0.032258 0.099238 0.093849 0.032258 0.023826 0.032258 210 245
18 62.310000 60.320000 1000000 9.540288 12.940816 9.563109 12.969630 0.023830 0.032258 0.088227 0.082119 0.032258 0.023829 0.032258 220 311
18 62.310000 60.320000 1000000 9.487295 12.930064 9.515298 12.913911 0.023830 0.032258 0.104786 0.099698 0.032258 0.023827 0.032258 290 332
18 62.310000 60.320000 1000000 9.404920 12.862322 9.420144 12.811761 0.023825 0.032258 0.102000 0.096765 0.032258 0.023821 0.032258 330 363
18 62.310000 60.320000 1000000 9.351088 12.852286 9.366576 12.729651 0.023817 0.032258 0.124477 0.120224 0.032258 0.023812 0.032258 360 376
18 62.310000 60.320000 1000000 9.344016 12.850853 9.358563 12.715722 0.023817 0.032258 0.113188 0.108494 0.032258 0.023812 0.032258 370 433
18 62.310000 60.320000 1000000 9.338898 12.849419 9.351556 12.699593 0.023818 0.032258 0.101999 0.096764 0.032258 0.023813 0.032258 380 465
18 62.310000 60.320000 1000000 9.321779 12.842967 9.327691 12.624325 0.023819 0.032258 0.107578 0.102628 0.032258 0.023814 0.032258 400 548
18 62.310000 60.320000 1000000 9.165786 12.366982 9.143762 12.389967 0.023828 0.032258 0.102012 0.096777 0.032258 0.023827 0.032258 540 613
18 62.310000 60.320000 1000000 9.161125 12.366266 9.139067 12.384102 0.023828 0.032258 0.096468 0.090915 0.032258 0.023827 0.032258 610 722
18 62.310000 60.320000 1000000 9.157749 12.365549 9.135666 12.378237 0.023829 0.032258 0.090962 0.085050 0.032258 0.023827 0.032258 720 836
18 62.310000 60.320000 1000000 9.099531 12.357664 9.067391 12.304924 0.023826 0.032258 0.085503 0.079184 0.032258 0.023826 0.032258 830 954
18 62.310000 60.320000 1000000 9.063925 12.349061 9.035550 12.248228 0.023826 0.032258 0.074773 0.067456 0.032258 0.023826 0.032258 950 1179
18 62.310000 60.320000 1000000 8.982663 12.334725 9.005795 12.163674 0.023826 0.032258 0.085508 0.079189 0.032258 0.023823 0.032258 1170 1323
18 62.310000 60.320000 1000000 8.978015 12.334008 9.001182 12.157809 0.023825 0.032258 0.085508 0.079189 0.032258 0.023823 0.032258 1320 1471
18 62.310000 60.320000 1000000 8.945867 12.330424 9.000204 12.155854 0.023821 0.032258 0.107599 0.102650 0.032258 0.023823 0.032258 1470 1559
18 62.310000 60.320000 1000000 8.942062 12.329707 8.996468 12.149989 0.023821 0.032258 0.107599 0.102650 0.032258 0.023823 0.032258 1550 1618
18 62.310000 60.320000 1000000 8.929658 12.272001 8.977840 12.136548 0.023822 0.032258 0.104805 0.099717 0.032258 0.023825 0.032258 1610 2181
18 62.310000 60.320000 1000000 8.853032 12.256947 8.903006 12.068855 0.023820 0.032258 0.093701 0.087974 0.032258 0.023816 0.032258 2180 3251
18 62.310000 60.320000 1000000 8.699996 11.562324 8.678085 11.896812 0.023824 0.032258 0.088216 0.082106 0.032258 0.023817 0.032258 3250 3892
18 62.310000 60.320000 1000000 8.659369 11.556589 8.637146 11.849891 0.023827 0.032258 0.082780 0.076236 0.032258 0.023821 0.032258 3880 5298
18 62.310000 60.320000 1000000 8.603807 11.492432 8.563193 11.781954 0.023817 0.032258 0.135840 0.131954 0.032258 0.023810 0.032258 5290 5442
18 62.310000 60.320000 1000000 8.601315 11.491715 8.559717 11.773889 0.023817 0.032258 0.130150 0.126089 0.032258 0.023810 0.032258 5440 9445
18 62.310000 60.320000 1000000 8.581576 11.488847 8.539688 11.750429 0.023819 0.032258 0.118824 0.114362 0.032258 0.023813 0.032258 6180 11936
18 62.310000 60.320000 1000000 8.551304 11.475944 8.501631 11.598428 0.023824 0.032258 0.085488 0.079168 0.032258 0.023822 0.032258 6620 7917
18 62.310000 60.320000 1000000 8.128626 9.159459 7.960140 11.057128 0.023514 0.032258 0.144402 0.140752 0.032258 0.023365 0.032258 7910 12622
18 62.310000 60.320000 1000000 8.127195 9.158384 7.957811 11.043688 0.023514 0.032258 0.141560 0.137835 0.032258 0.023367 0.032258 12620 14893
18 62.310000 60.320000 1000000 8.121596 9.157667 7.951847 11.037822 0.023516 0.032258 0.141560 0.137835 0.032258 0.023369 0.032258 14890 21072
18 62.310000 60.320000 1000000 7.660646 9.098886 7.633657 10.696915 0.023256 0.032258 0.170245 0.167161 0.032258 0.023222 0.032258 21070 37385
18 62.310000 60.320000 1000000 7.357948 8.711790 7.356142 10.346721 0.023106 0.032258 0.245538 0.243410 0.032258 0.023137 0.032258 37380 41409
18 62.310000 60.320000 1000000 7.350766 8.654084 7.345153 10.333280 0.023091 0.032258 0.242631 0.240477 0.032258 0.023115 0.032258 41400 62618
18 62.310000 60.320000 1000000 6.518961 8.221111 6.554440 9.307627 0.023207 0.032258 0.423505 0.422275 0.032258 0.023141 0.032258 62610 71393
18 62.310000 60.320000 1000000 6.514526 8.220394 6.550077 9.301762 0.023202 0.032258 0.417657 0.416410 0.032258 0.023136 0.032258 71390 98633
18 62.310000 60.320000 1000000 6.315161 8.193871 6.354145 9.084755 0.023371 0.032258 0.411809 0.410543 0.032258 0.023282 0.032258 98630 123179
18 62.310000 60.320000 1000000 6.287888 8.188853 6.327375 9.043700 0.023352 0.032258 0.417655 0.416408 0.032258 0.023260 0.032258 123010 148778
18 62.310000 60.320000 1000000 6.178008 8.132224 6.171467 8.345777 0.023523 0.032258 0.271715 0.269793 0.032258 0.023518 0.032258 148770 200394
18 62.310000 60.320000 1000000 5.995838 8.104984 5.996449 8.150275 0.023825 0.032258 0.066932 0.058646 0.032258 0.023822 0.032258 173160 274064
18 62.310000 60.320000 1000000 5.915786 7.980254 5.928552 8.067676 0.023830 0.032258 0.056938 0.046919 0.032258 0.023828 0.032258 274060 308327
18 62.310000 60.320000 1000000 5.906881 7.978104 5.917897 8.045681 0.023831 0.032258 0.052210 0.041052 0.032258 0.023829 0.032258 308320 475683
18 62.310000 60.320000 1000000 5.872269 7.858033 5.869304 7.966749 0.023829 0.032258 0.054550 0.043990 0.032258 0.023826 0.032258 392460 433595
18 62.310000 60.320000 1000000 5.871048 7.856958 5.867435 7.953308 0.023830 0.032258 0.056941 0.046923 0.032258 0.023826 0.032258 433590 475683
18 62.310000 60.320000 1000000 5.866190 7.856241 5.862568 7.947443 0.023830 0.032258 0.052214 0.041057 0.032258 0.023827 0.032258 475680 572107
18 62.310000 60.320000 1000000 5.864994 7.855166 5.860738 7.934002 0.023830 0.032258 0.054550 0.043990 0.032258 0.023827 0.032258 572100 585473
18 62.310000 60.320000 1000000 5.857022 7.853015 5.854712 7.923249 0.023830 0.032258 0.054552 0.043992 0.032258 0.023826 0.032258 585470 702889
18 62.310000 60.320000 1000000 5.854623 7.852298 5.851408 7.915185 0.023830 0.032258 0.054552 0.043992 0.032258 0.023826 0.032258 702880 740598
18 62.310000 60.320000 1000000 5.847684 7.851582 5.852564 7.916162 0.023830 0.032258 0.054552 0.043992 0.032258 0.023826 0.032258 740590 853935
18 62.310000 60.320000 1000000 5.819255 7.847997 5.836927 7.902966 0.023830 0.032258 0.049942 0.038127 0.032258 0.023830 0.032258 853930 900798
18 62.310000 60.320000 1000000 5.780573 7.674164 5.780681 7.856779 0.023825 0.032258 0.043598 0.029330 0.032258 0.023821 0.032258 900790 936225
18 62.310000 60.320000 1000000 5.778907 7.673447 5.780958 7.857756 0.023825 0.032258 0.039891 0.023467 0.032258 0.023821 0.032258 936220 1000000
18 62.310000 60.320000 1000000 5.778907 7.673447 5.780958 7.857756 0.023825 0.032258 0.039891 0.023467 0.032258 0.023821 0.032258 999990 1000000
