57 62.310000 60.320000 1000000 12.462417 17.949103 12.654865 16.996751 0.023739 0.032258 0.251357 0.249279 0.032258 0.023738 0.032258 0 50
57 62.310000 60.320000 1000000 9.177416 12.164477 9.168323 12.617984 0.023800 0.032258 0.082794 0.076251 0.032258 0.023797 0.032258 50 81
57 62.310000 60.320000 1000000 9.090107 12.034728 9.060868 12.461094 0.023810 0.032258 0.093704 0.087976 0.032258 0.023808 0.032258 70 80
57 62.310000 60.320000 1000000 8.995552 12.011789 8.980480 12.298339 0.023825 0.032258 0.061853 0.052775 0.032258 0.023822 0.032258 80 104
57 62.310000 60.320000 1000000 8.991592 12.009997 8.974797 12.276834 0.023826 0.032258 0.059379 0.049853 0.032258 0.023823 0.032258 100 110
57 62.310000 60.320000 1000000 8.983171 12.007488 8.965613 12.251663 0.023826 0.032258 0.066936 0.058651 0.032258 0.023824 0.032258 110 172
57 62.310000 60.320000 1000000 8.977037 12.005338 8.962659 12.245554 0.023828 0.032258 0.061853 0.052775 0.032258 0.023825 0.032258 170 253
57 62.310000 60.320000 1000000 8.845923 11.975231 8.820879 11.983826 0.023831 0.032258 0.077412 0.070370 0.032258 0.023829 0.032258 250 304
57 62.310000 60.320000 1000000 8.838686 11.974514 8.822094 11.984803 0.023831 0.032258 0.072122 0.064505 0.032258 0.023829 0.032258 300 332
57 62.310000 60.320000 1000000 8.827015 11.916808 8.804143 11.971363 0.023831 0.032258 0.074756 0.067438 0.032258 0.023829 0.032258 330 340
57 62.310000 60.320000 1000000 8.787274 11.912507 8.805110 11.970385 0.023831 0.032258 0.074757 0.067440 0.032258 0.023830 0.032258 340 401
57 62.310000 60.320000 1000000 8.692049 11.887418 8.723520 11.798833 0.023814 0.032258 0.147269 0.143692 0.032258 0.023812 0.032258 400 492
57 62.310000 60.320000 1000000 8.531738 11.849783 8.502576 11.362864 0.023776 0.032258 0.300857 0.299122 0.032258 0.023757 0.032258 490 518
57 62.310000 60.320000 1000000 8.275553 11.145127 8.293977 11.209150 0.023773 0.032258 0.271719 0.269798 0.032258 0.023780 0.032258 510 608
57 62.310000 60.320000 1000000 8.076251 10.720039 8.051052 10.928116 0.023795 0.032258 0.184661 0.181822 0.032258 0.023798 0.032258 560 620
57 62.310000 60.320000 1000000 8.049433 10.716455 8.023979 10.898791 0.023802 0.032258 0.161612 0.158360 0.032258 0.023805 0.032258 620 773
57 62.310000 60.320000 1000000 8.039676 10.714304 8.014129 10.881196 0.023803 0.032258 0.161612 0.158360 0.032258 0.023806 0.032258 660 1283
57 62.310000 60.320000 1000000 7.991296 10.699609 7.982543 10.808616 0.023806 0.032258 0.130162 0.126101 0.032258 0.023804 0.032258 810 1553
57 62.310000 60.320000 1000000 7.869322 10.681330 7.905621 10.686427 0.023804 0.032258 0.155868 0.152494 0.032258 0.023813 0.032258 1110 1843
57 62.310000 60.320000 1000000 7.770495 10.553015 7.799752 10.567659 0.023827 0.032258 0.088222 0.082114 0.032258 0.023830 0.032258 1840 3301
57 62.310000 60.320000 1000000 7.750569 10.549430 7.780051 10.538333 0.023827 0.032258 0.082794 0.076251 0.032258 0.023830 0.032258 2090 4396
57 62.310000 60.320000 1000000 7.714614 10.545129 7.731052 10.489946 0.023821 0.032258 0.093708 0.087981 0.032258 0.023821 0.032258 2200 4513
57 62.310000 60.320000 1000000 7.647457 10.530792 7.677754 10.405147 0.023823 0.032258 0.077417 0.070376 0.032258 0.023820 0.032258 4510 4604
57 62.310000 60.320000 1000000 7.624292 10.525775 7.654864 10.364092 0.023824 0.032258 0.072124 0.064508 0.032258 0.023820 0.032258 4600 5240
57 62.310000 60.320000 1000000 7.596993 10.454091 7.613542 10.175924 0.023824 0.032258 0.099233 0.093843 0.032258 0.023819 0.032258 5240 6236
57 62.310000 60.320000 1000000 7.572463 10.338679 7.576217 10.149042 0.023827 0.032258 0.093705 0.087978 0.032258 0.023824 0.032258 5630 6212
57 62.310000 60.320000 1000000 7.552250 10.277389 7.559234 10.140489 0.023829 0.032258 0.074771 0.067454 0.032258 0.023825 0.032258 6210 6236
57 62.310000 60.320000 1000000 7.546862 10.276672 7.553861 10.134624 0.023828 0.032258 0.074771 0.067454 0.032258 0.023824 0.032258 6230 6666
57 62.310000 60.320000 1000000 7.542837 10.275955 7.549848 10.128759 0.023829 0.032258 0.074771 0.067454 0.032258 0.023824 0.032258 6660 7380
57 62.310000 60.320000 1000000 7.529282 10.273805 7.533654 10.113607 0.023827 0.032258 0.085503 0.079185 0.032258 0.023822 0.032258 7380 7800
57 62.310000 60.320000 1000000 7.524243 10.273088 7.528624 10.107742 0.023827 0.032258 0.080102 0.073320 0.032258 0.023823 0.032258 7800 8444
57 62.310000 60.320000 1000000 7.519287 10.272371 7.523677 10.101877 0.023828 0.032258 0.074771 0.067455 0.032258 0.023823 0.032258 8440 9449
57 62.310000 60.320000 1000000 7.515295 10.271654 7.519691 10.096012 0.023828 0.032258 0.074772 0.067456 0.032258 0.023823 0.032258 9440 9465
57 62.310000 60.320000 1000000 7.503234 10.213948 7.501275 10.082571 0.023829 0.032258 0.072137 0.064523 0.032258 0.023825 0.032258 9460 10559
57 62.310000 60.320000 1000000 7.472221 10.152658 7.463885 10.039805 0.023828 0.032258 0.096469 0.090916 0.032258 0.023824 0.032258 10550 14072
57 62.310000 60.320000 1000000 7.382323 10.140472 7.450557 10.006326 0.023806 0.032258 0.164491 0.161297 0.032258 0.023818 0.032258 14070 15013
57 62.310000 60.320000 1000000 7.298241 10.129002 7.355426 9.899288 0.023801 0.032258 0.147279 0.143703 0.032258 0.023803 0.032258 14230 19421
57 62.310000 60.320000 1000000 7.256768 10.009290 7.304663 9.848701 0.023811 0.032258 0.135858 0.131973 0.032258 0.023812 0.032258 19420 24603
57 62.310000 60.320000 1000000 7.230571 10.003555 7.276201 9.797626 0.023816 0.032258 0.113204 0.108510 0.032258 0.023816 0.032258 24600 26226
57 62.310000 60.320000 1000000 7.204615 9.999971 7.250733 9.768301 0.023818 0.032258 0.085503 0.079185 0.032258 0.023816 0.032258 26220 27328
57 62.310000 60.320000 1000000 7.201312 9.999254 7.247493 9.762436 0.023818 0.032258 0.080102 0.073320 0.032258 0.023816 0.032258 27320 34068
57 62.310000 60.320000 1000000 7.130935 9.820760 7.157904 9.673482 0.023821 0.032258 0.090961 0.085049 0.032258 0.023819 0.032258 34060 34107
57 62.310000 60.320000 1000000 7.129229 9.820043 7.158185 9.674460 0.023821 0.032258 0.085506 0.079188 0.032258 0.023819 0.032258 34100 41110
57 62.310000 60.320000 1000000 7.065120 9.587069 7.064464 9.598702 0.023826 0.032258 0.069527 0.061591 0.032258 0.023824 0.032258 41110 66637
57 62.310000 60.320000 1000000 6.995983 9.352661 6.961611 9.504617 0.023821 0.032258 0.085500 0.079182 0.032258 0.023819 0.032258 55250 63919
57 62.310000 60.320000 1000000 6.950023 9.121121 6.890358 9.442789 0.023810 0.032258 0.102011 0.096777 0.032258 0.023806 0.032258 63910 66637
57 62.310000 60.320000 1000000 6.904761 9.116103 6.893789 9.442789 0.023809 0.032258 0.074769 0.067452 0.032258 0.023808 0.032258 66630 69478
57 62.310000 60.320000 1000000 6.899581 9.115386 6.888585 9.436924 0.023810 0.032258 0.069524 0.061587 0.032258 0.023810 0.032258 69470 89023
57 62.310000 60.320000 1000000 6.893302 9.110010 6.878939 9.369722 0.023811 0.032258 0.082792 0.076249 0.032258 0.023811 0.032258 71070 92566
57 62.310000 60.320000 1000000 6.856571 9.100691 6.847773 9.316692 0.023820 0.032258 0.072132 0.064517 0.032258 0.023818 0.032258 84700 86822
57 62.310000 60.320000 1000000 6.835189 9.097107 6.825396 9.285167 0.023820 0.032258 0.093706 0.087979 0.032258 0.023818 0.032258 86820 92566
57 62.310000 60.320000 1000000 6.811049 9.092089 6.801151 9.244111 0.023827 0.032258 0.072133 0.064518 0.032258 0.023825 0.032258 90880 124027
57 62.310000 60.320000 1000000 6.798510 9.090655 6.783817 9.227982 0.023827 0.032258 0.072133 0.064518 0.032258 0.023825 0.032258 98520 117345
57 62.310000 60.320000 1000000 6.750959 8.913237 6.725956 9.184483 0.023820 0.032258 0.074762 0.067445 0.032258 0.023813 0.032258 117340 123357
57 62.310000 60.320000 1000000 6.733292 8.911086 6.705763 9.164688 0.023821 0.032258 0.069517 0.061580 0.032258 0.023815 0.032258 123350 124027
57 62.310000 60.320000 1000000 6.712557 8.908936 6.709243 9.167621 0.023819 0.032258 0.059377 0.049850 0.032258 0.023815 0.032258 124010 159874
57 62.310000 60.320000 1000000 6.660547 8.897108 6.663923 9.096018 0.023825 0.032258 0.072128 0.064513 0.032258 0.023822 0.032258 159870 327587
57 62.310000 60.320000 1000000 6.635656 8.892807 6.639071 9.060828 0.023829 0.032258 0.072130 0.064515 0.032258 0.023826 0.032258 166250 186276
57 62.310000 60.320000 1000000 6.631784 8.892090 6.635205 9.054963 0.023829 0.032258 0.077420 0.070380 0.032258 0.023825 0.032258 186270 327587
57 62.310000 60.320000 1000000 6.588320 8.884204 6.617143 9.002422 0.023823 0.032258 0.110386 0.105568 0.032258 0.023824 0.032258 211420 330852
57 62.310000 60.320000 1000000 6.565119 8.879903 6.594246 8.967231 0.023827 0.032258 0.077418 0.070377 0.032258 0.023827 0.032258 247250 333927
57 62.310000 60.320000 1000000 6.477068 8.522916 6.476491 8.804966 0.023816 0.032258 0.077421 0.070380 0.032258 0.023809 0.032258 333920 356968
57 62.310000 60.320000 1000000 6.410343 8.514314 6.397209 8.723588 0.023823 0.032258 0.082788 0.076245 0.032258 0.023819 0.032258 355770 551502
57 62.310000 60.320000 1000000 6.376392 8.506787 6.361040 8.648076 0.023828 0.032258 0.064382 0.055718 0.032258 0.023824 0.032258 551500 597026
57 62.310000 60.320000 1000000 6.360015 8.504636 6.344543 8.630481 0.023827 0.032258 0.064382 0.055718 0.032258 0.023824 0.032258 564020 601917
57 62.310000 60.320000 1000000 6.341665 8.502486 6.342776 8.626571 0.023828 0.032258 0.064382 0.055718 0.032258 0.023824 0.032258 601910 891114
57 62.310000 60.320000 1000000 6.329728 8.500335 6.330845 8.608976 0.023828 0.032258 0.064383 0.055719 0.032258 0.023824 0.032258 754630 930099
57 62.310000 60.320000 1000000 6.262829 8.264494 6.239176 8.511957 0.023822 0.032258 0.054548 0.043988 0.032258 0.023815 0.032258 930090 1000000
57 62.310000 60.320000 1000000 6.262829 8.264494 6.239176 8.511957 0.023822 0.032258 0.054548 0.043988 0.032258 0.023815 0.032258 999990 1000000
