13 62.310000 60.320000 1000000 12.770119 17.376695 12.842915 17.296110 0.023823 0.032258 0.144431 0.140782 0.032258 0.023829 0.032258 0 50
13 62.310000 60.320000 1000000 9.413758 12.319315 9.403099 12.974530 0.023781 0.032258 0.127316 0.123161 0.032258 0.023775 0.032258 50 61
13 62.310000 60.320000 1000000 9.319346 12.301035 9.299337 12.802733 0.023808 0.032258 0.080087 0.073303 0.032258 0.023806 0.032258 60 77
13 62.310000 60.320000 1000000 9.304801 12.298526 9.299314 12.791247 0.023806 0.032258 0.077422 0.070382 0.032258 0.023808 0.032258 70 88
13 62.310000 60.320000 1000000 9.209108 12.280605 9.196777 12.629226 0.023815 0.032258 0.093708 0.087980 0.032258 0.023818 0.032258 80 113
13 62.310000 60.320000 1000000 9.145404 12.272003 9.128016 12.554446 0.023814 0.032258 0.088221 0.082112 0.032258 0.023818 0.032258 110 127
13 62.310000 60.320000 1000000 9.103166 12.247272 9.091406 12.327910 0.023828 0.032258 0.090957 0.085045 0.032258 0.023828 0.032258 120 173
13 62.310000 60.320000 1000000 9.063046 12.237237 9.067335 12.300540 0.023829 0.032258 0.069529 0.061593 0.032258 0.023827 0.032258 130 188
13 62.310000 60.320000 1000000 9.057334 12.235086 9.064436 12.294430 0.023830 0.032258 0.074765 0.067448 0.032258 0.023827 0.032258 180 228
13 62.310000 60.320000 1000000 9.013268 12.229351 9.006426 12.234313 0.023830 0.032258 0.069520 0.061583 0.032258 0.023826 0.032258 200 220
13 62.310000 60.320000 1000000 8.916192 11.992076 8.864462 12.107970 0.023813 0.032258 0.130158 0.126098 0.032258 0.023806 0.032258 210 228
13 62.310000 60.320000 1000000 8.913607 11.991360 8.860844 12.099905 0.023813 0.032258 0.130158 0.126098 0.032258 0.023807 0.032258 220 232
13 62.310000 60.320000 1000000 8.908926 11.990643 8.856079 12.094040 0.023813 0.032258 0.135848 0.131963 0.032258 0.023807 0.032258 230 256
13 62.310000 60.320000 1000000 8.887276 11.988492 8.859736 12.096973 0.023814 0.032258 0.118830 0.114367 0.032258 0.023806 0.032258 240 270
13 62.310000 60.320000 1000000 8.869698 11.986342 8.846297 12.081822 0.023809 0.032258 0.124486 0.120234 0.032258 0.023799 0.032258 270 337
13 62.310000 60.320000 1000000 8.651503 11.945482 8.682617 11.767306 0.023797 0.032258 0.239711 0.237530 0.032258 0.023795 0.032258 330 400
13 62.310000 60.320000 1000000 8.551958 11.928994 8.582690 11.623124 0.023795 0.032258 0.204905 0.202350 0.032258 0.023791 0.032258 400 416
13 62.310000 60.320000 1000000 8.545280 11.928277 8.583789 11.624101 0.023794 0.032258 0.204905 0.202350 0.032258 0.023791 0.032258 410 578
13 62.310000 60.320000 1000000 8.521491 11.923976 8.560320 11.588911 0.023782 0.032258 0.239719 0.237539 0.032258 0.023778 0.032258 450 481
13 62.310000 60.320000 1000000 8.349157 11.221829 8.300459 11.311543 0.023797 0.032258 0.254255 0.252200 0.032258 0.023804 0.032258 480 875
13 62.310000 60.320000 1000000 8.306198 11.213227 8.307680 11.323273 0.023803 0.032258 0.202009 0.199417 0.032258 0.023803 0.032258 490 562
13 62.310000 60.320000 1000000 8.147133 10.902117 8.167330 11.097958 0.023806 0.032258 0.178889 0.175956 0.032258 0.023811 0.032258 540 662
13 62.310000 60.320000 1000000 8.067214 10.829357 8.076760 10.966727 0.023818 0.032258 0.153003 0.149564 0.032258 0.023818 0.032258 660 744
13 62.310000 60.320000 1000000 8.019273 10.822189 8.026603 10.905876 0.023821 0.032258 0.135854 0.131969 0.032258 0.023821 0.032258 740 750
13 62.310000 60.320000 1000000 8.015689 10.821472 8.023029 10.900011 0.023823 0.032258 0.130164 0.126104 0.032258 0.023822 0.032258 750 1173
13 62.310000 60.320000 1000000 7.950192 10.809286 8.006448 10.884860 0.023818 0.032258 0.141552 0.137828 0.032258 0.023825 0.032258 1010 1141
13 62.310000 60.320000 1000000 7.903274 10.802834 7.960523 10.832074 0.023824 0.032258 0.102007 0.096772 0.032258 0.023828 0.032258 1100 1173
13 62.310000 60.320000 1000000 7.876773 10.798533 7.934594 10.796884 0.023818 0.032258 0.135848 0.131962 0.032258 0.023820 0.032258 1120 1227
13 62.310000 60.320000 1000000 7.870377 10.797816 7.925987 10.788819 0.023818 0.032258 0.130158 0.126097 0.032258 0.023820 0.032258 1220 1320
13 62.310000 60.320000 1000000 7.857841 10.787064 7.907213 10.654413 0.023820 0.032258 0.118839 0.114378 0.032258 0.023821 0.032258 1280 1540
13 62.310000 60.320000 1000000 7.838531 10.782763 7.887376 10.617023 0.023823 0.032258 0.096466 0.090913 0.032258 0.023823 0.032258 1540 2170
13 62.310000 60.320000 1000000 7.790252 10.551939 7.814644 10.563260 0.023827 0.032258 0.085502 0.079183 0.032258 0.023827 0.032258 1570 1648
13 62.310000 60.320000 1000000 7.778588 10.494234 7.796971 10.549819 0.023827 0.032258 0.082793 0.076250 0.032258 0.023826 0.032258 1640 2170
13 62.310000 60.320000 1000000 7.767437 10.492800 7.785899 10.538089 0.023827 0.032258 0.082793 0.076250 0.032258 0.023826 0.032258 1740 2407
13 62.310000 60.320000 1000000 7.709348 10.483481 7.720879 10.455245 0.023831 0.032258 0.061865 0.052789 0.032258 0.023829 0.032258 2400 2789
13 62.310000 60.320000 1000000 7.697533 10.425775 7.702888 10.441804 0.023831 0.032258 0.059382 0.049856 0.032258 0.023829 0.032258 2780 3402
13 62.310000 60.320000 1000000 7.685882 10.368069 7.685104 10.428363 0.023831 0.032258 0.056942 0.046924 0.032258 0.023829 0.032258 3400 3411
13 62.310000 60.320000 1000000 7.682713 10.367352 7.681933 10.422498 0.023831 0.032258 0.056942 0.046924 0.032258 0.023829 0.032258 3410 3868
13 62.310000 60.320000 1000000 7.670732 10.364485 7.683925 10.426408 0.023831 0.032258 0.056946 0.046928 0.032258 0.023829 0.032258 3860 4657
13 62.310000 60.320000 1000000 7.640084 10.304629 7.640127 10.388774 0.023831 0.032258 0.049945 0.038131 0.032258 0.023828 0.032258 4650 5609
13 62.310000 60.320000 1000000 7.621732 10.298894 7.628328 10.367024 0.023831 0.032258 0.080093 0.073309 0.032258 0.023828 0.032258 5600 6095
13 62.310000 60.320000 1000000 7.598097 10.289217 7.598027 10.253146 0.023830 0.032258 0.093709 0.087982 0.032258 0.023826 0.032258 6090 6712
13 62.310000 60.320000 1000000 7.591074 10.288500 7.599195 10.254123 0.023830 0.032258 0.093709 0.087982 0.032258 0.023826 0.032258 6710 6762
13 62.310000 60.320000 1000000 7.564290 10.283482 7.572497 10.213067 0.023827 0.032258 0.093712 0.087986 0.032258 0.023823 0.032258 6730 8846
13 62.310000 60.320000 1000000 7.540805 10.168070 7.536645 10.186186 0.023827 0.032258 0.093711 0.087984 0.032258 0.023823 0.032258 6770 7443
13 62.310000 60.320000 1000000 7.505094 10.107497 7.489963 10.144886 0.023828 0.032258 0.096469 0.090916 0.032258 0.023824 0.032258 7440 9506
13 62.310000 60.320000 1000000 7.499391 10.106780 7.484226 10.139021 0.023828 0.032258 0.090963 0.085051 0.032258 0.023825 0.032258 9500 10895
13 62.310000 60.320000 1000000 7.491551 10.104629 7.473373 10.114827 0.023830 0.032258 0.074772 0.067456 0.032258 0.023828 0.032258 10060 14828
13 62.310000 60.320000 1000000 7.434110 10.096744 7.448853 10.077682 0.023830 0.032258 0.069528 0.061592 0.032258 0.023828 0.032258 12430 17313
13 62.310000 60.320000 1000000 7.353570 9.804631 7.340008 9.987995 0.023824 0.032258 0.093710 0.087983 0.032258 0.023819 0.032258 17310 20803
13 62.310000 60.320000 1000000 7.341959 9.800688 7.323752 9.942296 0.023827 0.032258 0.080099 0.073317 0.032258 0.023824 0.032258 20800 21171
13 62.310000 60.320000 1000000 7.336464 9.797821 7.316953 9.909551 0.023827 0.032258 0.090958 0.085046 0.032258 0.023824 0.032258 21170 26739
13 62.310000 60.320000 1000000 7.321853 9.795670 7.302224 9.891955 0.023828 0.032258 0.074767 0.067450 0.032258 0.023825 0.032258 21260 27164
13 62.310000 60.320000 1000000 7.282367 9.787785 7.264747 9.855054 0.023831 0.032258 0.069526 0.061589 0.032258 0.023828 0.032258 24690 26790
13 62.310000 60.320000 1000000 7.232036 9.779900 7.196213 9.768544 0.023827 0.032258 0.074772 0.067456 0.032258 0.023826 0.032258 26790 27164
13 62.310000 60.320000 1000000 7.224636 9.779183 7.197463 9.769522 0.023829 0.032258 0.069527 0.061591 0.032258 0.023826 0.032258 27160 30624
13 62.310000 60.320000 1000000 7.217535 9.777032 7.187582 9.745329 0.023828 0.032258 0.085501 0.079182 0.032258 0.023826 0.032258 28910 40004
13 62.310000 60.320000 1000000 7.152151 9.766997 7.151985 9.679103 0.023828 0.032258 0.085501 0.079183 0.032258 0.023824 0.032258 40000 58616
13 62.310000 60.320000 1000000 7.034626 9.293880 7.003705 9.543718 0.023820 0.032258 0.113195 0.108501 0.032258 0.023817 0.032258 49290 66628
13 62.310000 60.320000 1000000 6.894544 9.273092 6.913255 9.414686 0.023826 0.032258 0.113196 0.108503 0.032258 0.023823 0.032258 60610 90127
13 62.310000 60.320000 1000000 6.788472 9.258038 6.829748 9.309847 0.023818 0.032258 0.135847 0.131961 0.032258 0.023814 0.032258 90120 94034
13 62.310000 60.320000 1000000 6.783045 9.256604 6.822418 9.293718 0.023821 0.032258 0.124483 0.120231 0.032258 0.023817 0.032258 92800 116860
13 62.310000 60.320000 1000000 6.709599 9.240834 6.743952 9.125834 0.023821 0.032258 0.085502 0.079184 0.032258 0.023817 0.032258 116860 174444
13 62.310000 60.320000 1000000 6.649829 8.952305 6.653413 9.058629 0.023825 0.032258 0.072136 0.064521 0.032258 0.023820 0.032258 124420 127402
13 62.310000 60.320000 1000000 6.638444 8.894599 6.636023 9.045189 0.023824 0.032258 0.074769 0.067452 0.032258 0.023818 0.032258 127400 174444
13 62.310000 60.320000 1000000 6.602303 8.889581 6.590762 8.995336 0.023820 0.032258 0.085501 0.079182 0.032258 0.023813 0.032258 138390 189378
13 62.310000 60.320000 1000000 6.542598 8.652664 6.513559 8.916891 0.023816 0.032258 0.104791 0.099703 0.032258 0.023808 0.032258 189370 238027
13 62.310000 60.320000 1000000 6.517315 8.648363 6.500694 8.886588 0.023822 0.032258 0.072128 0.064512 0.032258 0.023816 0.032258 218800 219673
13 62.310000 60.320000 1000000 6.514692 8.647646 6.497059 8.878523 0.023823 0.032258 0.066933 0.058647 0.032258 0.023817 0.032258 219670 303023
13 62.310000 60.320000 1000000 6.487344 8.642628 6.467538 8.833069 0.023827 0.032258 0.056935 0.046916 0.032258 0.023823 0.032258 303020 386217
13 62.310000 60.320000 1000000 6.480016 8.640478 6.457363 8.808875 0.023828 0.032258 0.056933 0.046913 0.032258 0.023824 0.032258 320130 341469
13 62.310000 60.320000 1000000 6.475138 8.637611 6.450189 8.773930 0.023828 0.032258 0.056933 0.046913 0.032258 0.023825 0.032258 341460 386217
13 62.310000 60.320000 1000000 6.446381 8.629009 6.428928 8.728476 0.023829 0.032258 0.072129 0.064514 0.032258 0.023827 0.032258 386210 425309
13 62.310000 60.320000 1000000 6.439182 8.628292 6.430135 8.729454 0.023830 0.032258 0.066935 0.058649 0.032258 0.023827 0.032258 425300 642919
13 62.310000 60.320000 1000000 6.397200 8.622557 6.376645 8.671536 0.023824 0.032258 0.093702 0.087975 0.032258 0.023821 0.032258 461770 534226
13 62.310000 60.320000 1000000 6.338939 8.389583 6.293472 8.600178 0.023816 0.032258 0.116009 0.111434 0.032258 0.023813 0.032258 534220 642919
13 62.310000 60.320000 1000000 6.335261 8.386357 6.287728 8.559857 0.023817 0.032258 0.107587 0.102637 0.032258 0.023814 0.032258 591450 683262
13 62.310000 60.320000 1000000 6.312970 8.379189 6.262448 8.482635 0.023814 0.032258 0.130164 0.126103 0.032258 0.023813 0.032258 683260 747099
13 62.310000 60.320000 1000000 6.289995 8.374888 6.238908 8.447444 0.023820 0.032258 0.107591 0.102642 0.032258 0.023821 0.032258 747090 776096
13 62.310000 60.320000 1000000 6.272354 8.372737 6.216309 8.425450 0.023818 0.032258 0.113200 0.108507 0.032258 0.023820 0.032258 776090 839768
13 62.310000 60.320000 1000000 6.215174 8.364852 6.182068 8.374864 0.023829 0.032258 0.064386 0.055722 0.032258 0.023827 0.032258 839760 954606
13 62.310000 60.320000 1000000 6.207829 8.364135 6.183309 8.375841 0.023830 0.032258 0.059382 0.049857 0.032258 0.023827 0.032258 954600 960969
13 62.310000 60.320000 1000000 6.203783 8.363418 6.179215 8.369976 0.023830 0.032258 0.059382 0.049857 0.032258 0.023828 0.032258 960960 992753
13 62.310000 60.320000 1000000 6.201344 8.362702 6.175820 8.361912 0.023830 0.032258 0.064382 0.055718 0.032258 0.023828 0.032258 992750 1000000
13 62.310000 60.320000 1000000 6.201344 8.362702 6.175820 8.361912 0.023830 0.032258 0.064382 0.055718 0.032258 0.023828 0.032258 999990 1000000
