51 62.310000 60.320000 1000000 12.553520 17.056262 12.538424 16.847679 0.023811 0.032258 0.283374 0.281532 0.032258 0.023812 0.032258 0 50
51 62.310000 60.320000 1000000 9.352422 11.017528 9.567631 12.691299 0.023139 0.032258 0.417659 0.416411 0.032258 0.023068 0.032258 50 60
51 62.310000 60.320000 1000000 8.591964 10.781328 8.585646 11.979669 0.023591 0.032258 0.113191 0.108497 0.032258 0.023594 0.032258 60 70
51 62.310000 60.320000 1000000 8.470645 10.699608 8.469302 11.778546 0.023597 0.032258 0.222293 0.219940 0.032258 0.023597 0.032258 70 83
51 62.310000 60.320000 1000000 8.146284 10.613229 8.149018 11.062768 0.023715 0.032258 0.155877 0.152503 0.032258 0.023714 0.032258 80 115
51 62.310000 60.320000 1000000 7.709687 10.278105 7.716210 10.642193 0.023768 0.032258 0.069528 0.061591 0.032258 0.023769 0.032258 90 101
51 62.310000 60.320000 1000000 7.666354 10.159826 7.666734 10.596494 0.023756 0.032258 0.069528 0.061592 0.032258 0.023755 0.032258 100 115
51 62.310000 60.320000 1000000 7.663429 10.159109 7.662712 10.588429 0.023758 0.032258 0.069528 0.061592 0.032258 0.023757 0.032258 110 122
51 62.310000 60.320000 1000000 7.593189 10.146564 7.589491 10.478948 0.023788 0.032258 0.077426 0.070387 0.032258 0.023788 0.032258 120 159
51 62.310000 60.320000 1000000 7.526431 10.132944 7.513051 10.347717 0.023808 0.032258 0.072134 0.064519 0.032258 0.023813 0.032258 150 189
51 62.310000 60.320000 1000000 7.497869 10.121475 7.517805 10.363357 0.023818 0.032258 0.104791 0.099703 0.032258 0.023811 0.032258 160 172
51 62.310000 60.320000 1000000 7.496343 10.120758 7.518057 10.364334 0.023818 0.032258 0.110386 0.105568 0.032258 0.023811 0.032258 170 187
51 62.310000 60.320000 1000000 7.488067 10.119325 7.519422 10.366289 0.023816 0.032258 0.116009 0.111433 0.032258 0.023812 0.032258 180 190
51 62.310000 60.320000 1000000 7.478078 10.117891 7.509558 10.354559 0.023815 0.032258 0.116009 0.111434 0.032258 0.023810 0.032258 190 246
51 62.310000 60.320000 1000000 7.472858 10.116457 7.502467 10.338430 0.023817 0.032258 0.116009 0.111434 0.032258 0.023812 0.032258 200 223
51 62.310000 60.320000 1000000 7.401078 9.938322 7.423540 10.264139 0.023810 0.032258 0.124484 0.120232 0.032258 0.023803 0.032258 220 516
51 62.310000 60.320000 1000000 7.340609 9.857677 7.349360 10.002413 0.023819 0.032258 0.099231 0.093842 0.032258 0.023816 0.032258 510 520
51 62.310000 60.320000 1000000 7.327792 9.799254 7.332379 9.989950 0.023817 0.032258 0.107588 0.102638 0.032258 0.023813 0.032258 520 562
51 62.310000 60.320000 1000000 7.287378 9.787068 7.287375 9.869718 0.023814 0.032258 0.124485 0.120233 0.032258 0.023812 0.032258 560 988
51 62.310000 60.320000 1000000 7.110057 9.475600 7.100250 9.633648 0.023825 0.032258 0.077419 0.070378 0.032258 0.023820 0.032258 980 1029
51 62.310000 60.320000 1000000 7.104425 9.474883 7.094595 9.627783 0.023825 0.032258 0.082787 0.076243 0.032258 0.023821 0.032258 1020 1131
51 62.310000 60.320000 1000000 7.098892 9.474166 7.089038 9.621918 0.023825 0.032258 0.088218 0.082108 0.032258 0.023821 0.032258 1130 1160
51 62.310000 60.320000 1000000 7.033251 9.465564 7.048054 9.572065 0.023828 0.032258 0.066935 0.058649 0.032258 0.023824 0.032258 1160 1199
51 62.310000 60.320000 1000000 7.017359 9.463413 7.026313 9.547871 0.023831 0.032258 0.052211 0.041053 0.032258 0.023828 0.032258 1190 1851
51 62.310000 60.320000 1000000 6.978948 9.344418 6.969617 9.477980 0.023831 0.032258 0.043593 0.029322 0.032258 0.023828 0.032258 1680 2914
51 62.310000 60.320000 1000000 6.959229 9.342267 6.953298 9.462828 0.023832 0.032258 0.043593 0.029322 0.032258 0.023828 0.032258 2910 3358
51 62.310000 60.320000 1000000 6.953046 9.341550 6.944770 9.454764 0.023831 0.032258 0.047735 0.035186 0.032258 0.023828 0.032258 3350 3398
51 62.310000 60.320000 1000000 6.950548 9.340833 6.941323 9.446699 0.023832 0.032258 0.043592 0.029321 0.032258 0.023828 0.032258 3390 4501
51 62.310000 60.320000 1000000 6.916717 9.223988 6.895299 9.408088 0.023829 0.032258 0.039884 0.023456 0.032258 0.023825 0.032258 4420 7193
51 62.310000 60.320000 1000000 6.868993 9.217536 6.877894 9.378273 0.023828 0.032258 0.047736 0.035187 0.032258 0.023827 0.032258 7190 7305
51 62.310000 60.320000 1000000 6.867299 9.216820 6.878175 9.379251 0.023829 0.032258 0.047736 0.035187 0.032258 0.023827 0.032258 7300 7796
51 62.310000 60.320000 1000000 6.866002 9.215744 6.876201 9.365811 0.023829 0.032258 0.045617 0.032254 0.032258 0.023828 0.032258 7790 10049
51 62.310000 60.320000 1000000 6.861437 9.213235 6.874811 9.354325 0.023830 0.032258 0.047739 0.035191 0.032258 0.023828 0.032258 10040 12276
51 62.310000 60.320000 1000000 6.846426 9.209651 6.853888 9.311315 0.023830 0.032258 0.039892 0.023469 0.032258 0.023828 0.032258 11710 16683
51 62.310000 60.320000 1000000 6.832006 9.207501 6.839515 9.293720 0.023830 0.032258 0.043601 0.029333 0.032258 0.023828 0.032258 12810 16687
51 62.310000 60.320000 1000000 6.820569 9.149795 6.822076 9.280279 0.023829 0.032258 0.041684 0.026401 0.032258 0.023827 0.032258 16680 17280
51 62.310000 60.320000 1000000 6.813797 9.149078 6.823202 9.281257 0.023828 0.032258 0.045625 0.032266 0.032258 0.023827 0.032258 17280 21175
51 62.310000 60.320000 1000000 6.802510 9.091372 6.806007 9.267816 0.023827 0.032258 0.043601 0.029333 0.032258 0.023824 0.032258 21170 27230
51 62.310000 60.320000 1000000 6.789286 9.087071 6.796573 9.248754 0.023828 0.032258 0.052212 0.041055 0.032258 0.023826 0.032258 27230 32287
51 62.310000 60.320000 1000000 6.768246 9.083845 6.797963 9.238247 0.023824 0.032258 0.064382 0.055718 0.032258 0.023827 0.032258 32280 38944
51 62.310000 60.320000 1000000 6.720242 9.075960 6.742794 9.176419 0.023823 0.032258 0.074763 0.067446 0.032258 0.023823 0.032258 38940 54923
51 62.310000 60.320000 1000000 6.698334 9.069509 6.718551 9.105062 0.023825 0.032258 0.059383 0.049858 0.032258 0.023824 0.032258 42260 49412
51 62.310000 60.320000 1000000 6.692857 9.068792 6.713123 9.099197 0.023825 0.032258 0.059383 0.049858 0.032258 0.023824 0.032258 49410 54923
51 62.310000 60.320000 1000000 6.690330 9.068075 6.709680 9.091132 0.023825 0.032258 0.054553 0.043994 0.032258 0.023824 0.032258 54920 119490
51 62.310000 60.320000 1000000 6.683798 9.066641 6.703205 9.079402 0.023826 0.032258 0.064386 0.055723 0.032258 0.023825 0.032258 61740 68406
51 62.310000 60.320000 1000000 6.648738 8.949079 6.656138 9.034925 0.023828 0.032258 0.054553 0.043994 0.032258 0.023825 0.032258 68400 86697
51 62.310000 60.320000 1000000 6.603325 8.773094 6.590047 8.964544 0.023824 0.032258 0.043599 0.029331 0.032258 0.023820 0.032258 86690 92204
51 62.310000 60.320000 1000000 6.600108 8.772377 6.586810 8.958679 0.023825 0.032258 0.047742 0.035195 0.032258 0.023820 0.032258 92200 123354
51 62.310000 60.320000 1000000 6.584993 8.770227 6.571603 8.941084 0.023828 0.032258 0.043598 0.029330 0.032258 0.023824 0.032258 96250 99413
51 62.310000 60.320000 1000000 6.573845 8.768076 6.560387 8.923489 0.023828 0.032258 0.056943 0.046925 0.032258 0.023824 0.032258 99410 140616
51 62.310000 60.320000 1000000 6.561346 8.765925 6.547811 8.905894 0.023830 0.032258 0.043599 0.029331 0.032258 0.023826 0.032258 100120 179644
51 62.310000 60.320000 1000000 6.550046 8.764492 6.536440 8.894163 0.023831 0.032258 0.039890 0.023465 0.032258 0.023828 0.032258 106130 121713
51 62.310000 60.320000 1000000 6.544557 8.763775 6.530916 8.888298 0.023831 0.032258 0.043599 0.029331 0.032258 0.023828 0.032258 121710 179644
51 62.310000 60.320000 1000000 6.526098 8.761624 6.505334 8.864105 0.023829 0.032258 0.052215 0.041059 0.032258 0.023826 0.032258 156250 171335
51 62.310000 60.320000 1000000 6.486832 8.587790 6.445401 8.815718 0.023821 0.032258 0.064385 0.055722 0.032258 0.023817 0.032258 171330 179644
51 62.310000 60.320000 1000000 6.483653 8.587073 6.442161 8.809853 0.023821 0.032258 0.069523 0.061587 0.032258 0.023817 0.032258 179640 186818
51 62.310000 60.320000 1000000 6.478683 8.586356 6.437093 8.803988 0.023822 0.032258 0.069522 0.061586 0.032258 0.023818 0.032258 186810 239582
51 62.310000 60.320000 1000000 6.468758 8.583489 6.423168 8.771730 0.023823 0.032258 0.069520 0.061583 0.032258 0.023821 0.032258 212940 226732
51 62.310000 60.320000 1000000 6.466404 8.582772 6.419861 8.763665 0.023823 0.032258 0.074765 0.067448 0.032258 0.023821 0.032258 226730 283060
51 62.310000 60.320000 1000000 6.408229 8.576320 6.418085 8.758778 0.023820 0.032258 0.069523 0.061586 0.032258 0.023823 0.032258 261230 308498
51 62.310000 60.320000 1000000 6.376956 8.568794 6.384886 8.683266 0.023826 0.032258 0.056942 0.046923 0.032258 0.023829 0.032258 308490 338687
51 62.310000 60.320000 1000000 6.371389 8.568077 6.379340 8.677401 0.023826 0.032258 0.056942 0.046924 0.032258 0.023829 0.032258 338680 339574
51 62.310000 60.320000 1000000 6.365932 8.567360 6.373903 8.671536 0.023826 0.032258 0.061865 0.052789 0.032258 0.023829 0.032258 339570 352335
51 62.310000 60.320000 1000000 6.361015 8.566643 6.369005 8.665671 0.023827 0.032258 0.061864 0.052788 0.032258 0.023829 0.032258 352330 370372
51 62.310000 60.320000 1000000 6.359212 8.565926 6.369304 8.666648 0.023827 0.032258 0.056942 0.046923 0.032258 0.023829 0.032258 370370 563691
51 62.310000 60.320000 1000000 6.308684 8.558041 6.333504 8.629747 0.023825 0.032258 0.052209 0.041051 0.032258 0.023827 0.032258 563690 589250
51 62.310000 60.320000 1000000 6.307385 8.556966 6.331542 8.616307 0.023825 0.032258 0.049941 0.038125 0.032258 0.023828 0.032258 589250 737177
51 62.310000 60.320000 1000000 6.268361 8.547289 6.294921 8.536885 0.023827 0.032258 0.056945 0.046927 0.032258 0.023828 0.032258 684780 1000000
51 62.310000 60.320000 1000000 6.219860 8.370587 6.232280 8.480922 0.023830 0.032258 0.054548 0.043988 0.032258 0.023827 0.032258 999990 1000000
