58 62.310000 60.320000 1000000 10.757554 15.182032 10.805074 14.211069 0.023746 0.032258 0.239707 0.237527 0.032258 0.023744 0.032258 0 50
58 62.310000 60.320000 1000000 9.642722 12.842609 9.606190 13.036344 0.023825 0.032258 0.110397 0.105579 0.032258 0.023821 0.032258 50 64
58 62.310000 60.320000 1000000 9.558484 12.827555 9.519634 12.903893 0.023828 0.032258 0.110395 0.105577 0.032258 0.023827 0.032258 60 73
58 62.310000 60.320000 1000000 9.527563 12.823254 9.511975 12.884831 0.023828 0.032258 0.110395 0.105577 0.032258 0.023826 0.032258 70 85
58 62.310000 60.320000 1000000 9.483735 12.758380 9.499829 12.881165 0.023828 0.032258 0.102001 0.096765 0.032258 0.023825 0.032258 80 94
58 62.310000 60.320000 1000000 9.409639 12.747627 9.414050 12.782192 0.023831 0.032258 0.059375 0.049847 0.032258 0.023828 0.032258 90 133
58 62.310000 60.320000 1000000 9.348689 12.732932 9.348570 12.629457 0.023832 0.032258 0.052217 0.041062 0.032258 0.023830 0.032258 110 148
58 62.310000 60.320000 1000000 9.342393 12.732215 9.339911 12.621393 0.023832 0.032258 0.052217 0.041061 0.032258 0.023830 0.032258 140 150
58 62.310000 60.320000 1000000 9.339258 12.731498 9.336773 12.615528 0.023832 0.032258 0.052218 0.041063 0.032258 0.023830 0.032258 150 186
58 62.310000 60.320000 1000000 9.316135 12.728631 9.306685 12.585469 0.023831 0.032258 0.052219 0.041064 0.032258 0.023828 0.032258 180 213
58 62.310000 60.320000 1000000 9.258067 12.496373 9.223001 12.519976 0.023831 0.032258 0.061867 0.052791 0.032258 0.023830 0.032258 190 251
58 62.310000 60.320000 1000000 9.256856 12.495298 9.221129 12.506535 0.023831 0.032258 0.064387 0.055724 0.032258 0.023831 0.032258 250 275
58 62.310000 60.320000 1000000 9.233168 12.436158 9.186329 12.476965 0.023830 0.032258 0.072137 0.064522 0.032258 0.023830 0.032258 270 315
58 62.310000 60.320000 1000000 9.097926 12.137592 9.108394 12.393633 0.023821 0.032258 0.069529 0.061593 0.032258 0.023823 0.032258 290 337
58 62.310000 60.320000 1000000 9.058852 12.128990 9.062135 12.305657 0.023823 0.032258 0.113208 0.108515 0.032258 0.023826 0.032258 320 375
58 62.310000 60.320000 1000000 9.000663 12.116804 9.006992 12.238209 0.023826 0.032258 0.080106 0.073324 0.032258 0.023825 0.032258 370 507
58 62.310000 60.320000 1000000 8.926345 11.881678 8.908719 12.149255 0.023826 0.032258 0.059387 0.049862 0.032258 0.023823 0.032258 500 711
58 62.310000 60.320000 1000000 8.917975 11.880245 8.900299 12.137525 0.023827 0.032258 0.049947 0.038133 0.032258 0.023824 0.032258 540 719
58 62.310000 60.320000 1000000 8.807709 11.464833 8.756241 11.965239 0.023811 0.032258 0.066929 0.058642 0.032258 0.023800 0.032258 710 822
58 62.310000 60.320000 1000000 8.801878 11.464116 8.750306 11.959374 0.023812 0.032258 0.066929 0.058642 0.032258 0.023802 0.032258 820 837
58 62.310000 60.320000 1000000 8.800615 11.463041 8.748342 11.945933 0.023812 0.032258 0.064388 0.055725 0.032258 0.023802 0.032258 830 886
58 62.310000 60.320000 1000000 8.745248 11.173794 8.664940 11.872864 0.023789 0.032258 0.077427 0.070388 0.032258 0.023770 0.032258 880 943
58 62.310000 60.320000 1000000 8.620828 11.103185 8.650826 11.856490 0.023768 0.032258 0.064393 0.055730 0.032258 0.023769 0.032258 940 1213
58 62.310000 60.320000 1000000 8.526800 11.092432 8.540616 11.753606 0.023761 0.032258 0.074776 0.067460 0.032258 0.023767 0.032258 1080 1934
58 62.310000 60.320000 1000000 8.445347 11.080963 8.443928 11.642170 0.023758 0.032258 0.085505 0.079186 0.032258 0.023759 0.032258 1930 2040
58 62.310000 60.320000 1000000 8.439246 11.080246 8.437824 11.636305 0.023760 0.032258 0.085505 0.079186 0.032258 0.023760 0.032258 2040 2079
58 62.310000 60.320000 1000000 8.433232 11.079529 8.431807 11.630440 0.023761 0.032258 0.085505 0.079186 0.032258 0.023761 0.032258 2070 2651
58 62.310000 60.320000 1000000 8.371550 11.071644 8.377302 11.572766 0.023758 0.032258 0.085505 0.079186 0.032258 0.023761 0.032258 2650 3156
58 62.310000 60.320000 1000000 8.340131 11.066626 8.348214 11.538553 0.023748 0.032258 0.090948 0.085035 0.032258 0.023750 0.032258 3150 3237
58 62.310000 60.320000 1000000 8.335488 11.065909 8.343585 11.532688 0.023745 0.032258 0.096454 0.090900 0.032258 0.023748 0.032258 3230 5052
58 62.310000 60.320000 1000000 8.271311 11.051572 8.279598 11.415387 0.023746 0.032258 0.210686 0.208201 0.032258 0.023747 0.032258 3320 5935
58 62.310000 60.320000 1000000 8.191222 11.037952 8.199753 11.303950 0.023758 0.032258 0.204893 0.202337 0.032258 0.023759 0.032258 3820 4548
58 62.310000 60.320000 1000000 8.072123 11.020031 8.077540 11.150725 0.023781 0.032258 0.102002 0.096767 0.032258 0.023784 0.032258 4540 5692
58 62.310000 60.320000 1000000 7.831408 10.078097 7.730350 10.771206 0.023765 0.032258 0.141545 0.137820 0.032258 0.023759 0.032258 5560 6078
58 62.310000 60.320000 1000000 7.829642 10.077021 7.727546 10.757765 0.023767 0.032258 0.138691 0.134887 0.032258 0.023762 0.032258 6070 9189
58 62.310000 60.320000 1000000 7.664990 10.028993 7.594839 10.388513 0.023807 0.032258 0.110392 0.105574 0.032258 0.023804 0.032258 9180 9782
58 62.310000 60.320000 1000000 7.448147 8.585626 7.247711 10.046627 0.023575 0.032258 0.176004 0.173022 0.032258 0.023481 0.032258 9780 9876
58 62.310000 60.320000 1000000 7.444465 8.584909 7.243715 10.040762 0.023576 0.032258 0.176004 0.173022 0.032258 0.023483 0.032258 9870 13248
58 62.310000 60.320000 1000000 7.440803 8.583475 7.244377 10.042717 0.023578 0.032258 0.175989 0.173008 0.032258 0.023483 0.032258 10100 13804
58 62.310000 60.320000 1000000 7.062141 8.482042 7.067503 9.855524 0.023472 0.032258 0.121661 0.117306 0.032258 0.023485 0.032258 13800 14092
58 62.310000 60.320000 1000000 6.919530 8.461253 6.927808 9.692277 0.023407 0.032258 0.201997 0.199404 0.032258 0.023418 0.032258 14090 14481
58 62.310000 60.320000 1000000 6.915021 8.460536 6.923315 9.686412 0.023412 0.032258 0.196210 0.193540 0.032258 0.023422 0.032258 14480 24889
58 62.310000 60.320000 1000000 6.682498 8.316809 6.655591 9.396825 0.023458 0.032258 0.141560 0.137836 0.032258 0.023443 0.032258 24880 30445
58 62.310000 60.320000 1000000 6.677582 8.316092 6.648745 9.388761 0.023453 0.032258 0.141560 0.137836 0.032258 0.023436 0.032258 30440 34234
58 62.310000 60.320000 1000000 6.600083 8.246200 6.565474 9.275615 0.023435 0.032258 0.242627 0.240474 0.032258 0.023415 0.032258 34230 67800
58 62.310000 60.320000 1000000 6.365179 8.153369 6.332391 8.971855 0.023431 0.032258 0.274631 0.272730 0.032258 0.023470 0.032258 67800 83364
58 62.310000 60.320000 1000000 6.123056 8.105341 6.167675 8.777330 0.023673 0.032258 0.228091 0.225798 0.032258 0.023618 0.032258 76150 94094
58 62.310000 60.320000 1000000 6.099009 8.044768 6.138629 8.740429 0.023670 0.032258 0.225188 0.222866 0.032258 0.023609 0.032258 94090 127127
58 62.310000 60.320000 1000000 6.041740 8.033299 6.069811 8.627039 0.023712 0.032258 0.161602 0.158350 0.032258 0.023660 0.032258 127120 167243
58 62.310000 60.320000 1000000 5.957543 8.008210 5.996595 8.433006 0.023763 0.032258 0.161603 0.158351 0.032258 0.023738 0.032258 167240 284346
58 62.310000 60.320000 1000000 5.886763 7.976670 5.902114 8.061809 0.023823 0.032258 0.082788 0.076245 0.032258 0.023820 0.032258 190080 286750
58 62.310000 60.320000 1000000 5.817359 7.963050 5.825988 7.927403 0.023826 0.032258 0.072131 0.064515 0.032258 0.023821 0.032258 286750 383287
58 62.310000 60.320000 1000000 5.789857 7.902477 5.792197 7.890502 0.023825 0.032258 0.074763 0.067446 0.032258 0.023820 0.032258 383280 386869
58 62.310000 60.320000 1000000 5.788552 7.901402 5.790205 7.877061 0.023826 0.032258 0.072129 0.064514 0.032258 0.023821 0.032258 386860 562389
58 62.310000 60.320000 1000000 5.720550 7.720400 5.697894 7.754139 0.023830 0.032258 0.049941 0.038125 0.032258 0.023829 0.032258 562380 611383
58 62.310000 60.320000 1000000 5.717285 7.719683 5.694589 7.748274 0.023831 0.032258 0.045622 0.032261 0.032258 0.023830 0.032258 611380 968002
58 62.310000 60.320000 1000000 5.712635 7.718966 5.689884 7.742409 0.023830 0.032258 0.045622 0.032261 0.032258 0.023830 0.032258 968000 992323
58 62.310000 60.320000 1000000 5.709437 7.718249 5.686647 7.736544 0.023830 0.032258 0.045622 0.032261 0.032258 0.023830 0.032258 992320 1000000
58 62.310000 60.320000 1000000 5.709437 7.718249 5.686647 7.736544 0.023830 0.032258 0.045622 0.032261 0.032258 0.023830 0.032258 999990 1000000
