34 62.310000 60.320000 1000000 10.199791 14.056585 10.325514 13.823240 0.023785 0.032258 0.309611 0.307926 0.032258 0.023811 0.032258 0 50
34 62.310000 60.320000 1000000 9.543646 12.826480 9.546198 12.869436 0.023815 0.032258 0.222299 0.219947 0.032258 0.023822 0.032258 50 62
34 62.310000 60.320000 1000000 9.434302 12.805691 9.460602 12.774617 0.023826 0.032258 0.118838 0.114376 0.032258 0.023823 0.032258 60 73
34 62.310000 60.320000 1000000 9.374774 12.795656 9.393026 12.695194 0.023830 0.032258 0.085506 0.079188 0.032258 0.023828 0.032258 70 83
34 62.310000 60.320000 1000000 9.325187 12.564115 9.317770 12.633367 0.023831 0.032258 0.080103 0.073321 0.032258 0.023829 0.032258 80 103
34 62.310000 60.320000 1000000 9.282892 12.556946 9.265295 12.561520 0.023832 0.032258 0.054554 0.043995 0.032258 0.023831 0.032258 90 104
34 62.310000 60.320000 1000000 9.276559 12.556229 9.256535 12.553455 0.023832 0.032258 0.054554 0.043995 0.032258 0.023831 0.032258 100 126
34 62.310000 60.320000 1000000 9.214285 12.320387 9.178778 12.497493 0.023831 0.032258 0.054542 0.043980 0.032258 0.023828 0.032258 120 165
34 62.310000 60.320000 1000000 9.192358 12.317520 9.156594 12.474032 0.023830 0.032258 0.064371 0.055706 0.032258 0.023829 0.032258 140 168
34 62.310000 60.320000 1000000 9.177563 12.314653 9.141624 12.450572 0.023830 0.032258 0.080085 0.073300 0.032258 0.023828 0.032258 160 182
34 62.310000 60.320000 1000000 9.168930 12.312861 9.140880 12.438109 0.023831 0.032258 0.072119 0.064503 0.032258 0.023829 0.032258 180 195
34 62.310000 60.320000 1000000 9.158808 12.308918 9.126246 12.389723 0.023831 0.032258 0.069523 0.061586 0.032258 0.023830 0.032258 190 255
34 62.310000 60.320000 1000000 9.132601 12.305334 9.108392 12.367240 0.023832 0.032258 0.049944 0.038129 0.032258 0.023830 0.032258 250 284
34 62.310000 60.320000 1000000 9.046637 12.182753 9.054279 12.323007 0.023831 0.032258 0.041687 0.026404 0.032258 0.023829 0.032258 280 312
34 62.310000 60.320000 1000000 9.009455 12.008918 8.999199 12.276820 0.023828 0.032258 0.043602 0.029335 0.032258 0.023824 0.032258 310 333
34 62.310000 60.320000 1000000 9.002606 12.008202 9.000343 12.277797 0.023827 0.032258 0.043602 0.029335 0.032258 0.023824 0.032258 330 348
34 62.310000 60.320000 1000000 9.001329 12.007126 8.998390 12.264357 0.023827 0.032258 0.045626 0.032267 0.032258 0.023825 0.032258 340 362
34 62.310000 60.320000 1000000 8.995004 12.006409 8.989682 12.256292 0.023828 0.032258 0.045626 0.032267 0.032258 0.023825 0.032258 360 387
34 62.310000 60.320000 1000000 8.989354 12.005693 8.984022 12.250427 0.023828 0.032258 0.041685 0.026402 0.032258 0.023825 0.032258 380 391
34 62.310000 60.320000 1000000 8.984566 12.004976 8.979225 12.244562 0.023828 0.032258 0.045626 0.032266 0.032258 0.023825 0.032258 390 493
34 62.310000 60.320000 1000000 8.970148 12.002108 8.963813 12.218903 0.023828 0.032258 0.054555 0.043996 0.032258 0.023826 0.032258 490 537
34 62.310000 60.320000 1000000 8.955292 11.996374 8.962399 12.219880 0.023830 0.032258 0.080090 0.073307 0.032258 0.023826 0.032258 530 543
34 62.310000 60.320000 1000000 8.952741 11.995657 8.958898 12.211816 0.023830 0.032258 0.074760 0.067442 0.032258 0.023827 0.032258 540 631
34 62.310000 60.320000 1000000 8.913844 11.988488 8.929112 12.153654 0.023831 0.032258 0.064379 0.055714 0.032258 0.023828 0.032258 630 769
34 62.310000 60.320000 1000000 8.886058 11.984904 8.901469 12.124329 0.023831 0.032258 0.074758 0.067440 0.032258 0.023828 0.032258 680 930
34 62.310000 60.320000 1000000 8.867220 11.982754 8.875671 12.100135 0.023831 0.032258 0.059373 0.049846 0.032258 0.023828 0.032258 720 967
34 62.310000 60.320000 1000000 8.600707 11.155515 8.628934 11.819345 0.023778 0.032258 0.074775 0.067459 0.032258 0.023783 0.032258 960 1239
34 62.310000 60.320000 1000000 8.500011 11.143328 8.503517 11.695445 0.023780 0.032258 0.064392 0.055729 0.032258 0.023781 0.032258 1230 1931
34 62.310000 60.320000 1000000 8.446080 11.136160 8.439209 11.625796 0.023776 0.032258 0.074777 0.067461 0.032258 0.023773 0.032258 1470 1782
34 62.310000 60.320000 1000000 8.440799 11.135443 8.431927 11.617732 0.023774 0.032258 0.080108 0.073326 0.032258 0.023769 0.032258 1780 1931
34 62.310000 60.320000 1000000 8.436268 11.134726 8.427383 11.611867 0.023775 0.032258 0.080106 0.073324 0.032258 0.023771 0.032258 1930 2109
34 62.310000 60.320000 1000000 8.430000 11.134009 8.428429 11.612844 0.023773 0.032258 0.080106 0.073324 0.032258 0.023771 0.032258 2100 2257
34 62.310000 60.320000 1000000 8.250333 11.108203 8.256324 11.408544 0.023750 0.032258 0.096471 0.090917 0.032258 0.023751 0.032258 2250 2591
34 62.310000 60.320000 1000000 8.238998 11.050497 8.239027 11.395103 0.023749 0.032258 0.093712 0.087985 0.032258 0.023748 0.032258 2590 2882
34 62.310000 60.320000 1000000 8.237011 11.049780 8.239358 11.396080 0.023750 0.032258 0.099224 0.093834 0.032258 0.023748 0.032258 2880 3090
34 62.310000 60.320000 1000000 8.153727 11.035443 8.156147 11.278779 0.023760 0.032258 0.099224 0.093834 0.032258 0.023758 0.032258 2940 3313
34 62.310000 60.320000 1000000 8.134159 10.976303 8.130474 11.253608 0.023764 0.032258 0.096456 0.090902 0.032258 0.023762 0.032258 3310 3716
34 62.310000 60.320000 1000000 8.088252 10.801035 8.061797 11.189092 0.023763 0.032258 0.093694 0.087966 0.032258 0.023760 0.032258 3710 4712
34 62.310000 60.320000 1000000 8.013166 10.785981 7.983696 11.063726 0.023777 0.032258 0.099225 0.093835 0.032258 0.023777 0.032258 4710 7072
34 62.310000 60.320000 1000000 7.740057 10.056233 7.646004 10.684207 0.023779 0.032258 0.173113 0.170081 0.032258 0.023765 0.032258 7070 7544
34 62.310000 60.320000 1000000 7.736038 10.055516 7.641835 10.678342 0.023779 0.032258 0.178878 0.175945 0.032258 0.023765 0.032258 7540 8535
34 62.310000 60.320000 1000000 7.725760 10.050498 7.627301 10.618714 0.023787 0.032258 0.161603 0.158351 0.032258 0.023779 0.032258 8530 10794
34 62.310000 60.320000 1000000 7.676332 10.025051 7.554113 10.313245 0.023800 0.032258 0.124495 0.120243 0.032258 0.023810 0.032258 10790 11360
34 62.310000 60.320000 1000000 7.670707 10.024334 7.545992 10.305181 0.023798 0.032258 0.130169 0.126108 0.032258 0.023808 0.032258 11360 19429
34 62.310000 60.320000 1000000 7.436046 9.995660 7.584924 10.344281 0.023676 0.032258 0.187557 0.184762 0.032258 0.023828 0.032258 19420 85268
34 62.310000 60.320000 1000000 6.925116 9.132579 6.999494 9.684704 0.023540 0.032258 0.426444 0.425222 0.032258 0.023610 0.032258 24050 44194
34 62.310000 60.320000 1000000 6.528863 8.118603 6.524447 9.186418 0.023544 0.032258 0.248442 0.246339 0.032258 0.023521 0.032258 39540 136773
34 62.310000 60.320000 1000000 6.407724 8.104983 6.355696 9.033193 0.023535 0.032258 0.184663 0.181824 0.032258 0.023515 0.032258 52560 85822
34 62.310000 60.320000 1000000 6.229380 8.077026 6.177360 8.794681 0.023531 0.032258 0.196223 0.193554 0.032258 0.023567 0.032258 72800 136773
34 62.310000 60.320000 1000000 6.027857 7.743697 5.896120 8.230912 0.023629 0.032258 0.265896 0.263932 0.032258 0.023759 0.032258 136770 138061
34 62.310000 60.320000 1000000 6.021182 7.742980 5.897307 8.231889 0.023626 0.032258 0.260076 0.258067 0.032258 0.023759 0.032258 138060 185385
34 62.310000 60.320000 1000000 5.961859 7.735811 5.850548 8.186923 0.023625 0.032258 0.202008 0.199416 0.032258 0.023779 0.032258 142220 244584
34 62.310000 60.320000 1000000 5.940378 7.720758 5.815699 7.998760 0.023643 0.032258 0.242624 0.240470 0.032258 0.023820 0.032258 146470 528298
34 62.310000 60.320000 1000000 5.799158 7.681332 5.780052 7.910786 0.023811 0.032258 0.121663 0.117308 0.032258 0.023802 0.032258 256770 605385
34 62.310000 60.320000 1000000 5.768282 7.674881 5.743623 7.847003 0.023824 0.032258 0.072137 0.064523 0.032258 0.023820 0.032258 319120 378418
34 62.310000 60.320000 1000000 5.741939 7.670580 5.714977 7.807414 0.023828 0.032258 0.052216 0.041060 0.032258 0.023826 0.032258 378410 388428
34 62.310000 60.320000 1000000 5.736461 7.669863 5.709421 7.801549 0.023828 0.032258 0.052216 0.041060 0.032258 0.023826 0.032258 388420 530666
34 62.310000 60.320000 1000000 5.701296 7.496029 5.655043 7.753162 0.023818 0.032258 0.059383 0.049857 0.032258 0.023815 0.032258 530660 605385
34 62.310000 60.320000 1000000 5.675402 7.492445 5.648082 7.744364 0.023820 0.032258 0.054546 0.043985 0.032258 0.023815 0.032258 605380 774908
34 62.310000 60.320000 1000000 5.657594 7.489578 5.630013 7.720904 0.023822 0.032258 0.045616 0.032253 0.032258 0.023818 0.032258 774900 814192
34 62.310000 60.320000 1000000 5.653688 7.488861 5.626049 7.715039 0.023822 0.032258 0.049936 0.038118 0.032258 0.023818 0.032258 814190 1000000
34 62.310000 60.320000 1000000 5.653688 7.488861 5.626049 7.715039 0.023822 0.032258 0.049936 0.038118 0.032258 0.023818 0.032258 999990 1000000
