47 62.310000 60.320000 1000000 12.545078 15.596743 12.307693 16.879926 0.023740 0.032258 0.202010 0.199417 0.032258 0.023722 0.032258 0 50
47 62.310000 60.320000 1000000 9.212153 12.115015 9.212942 12.727709 0.023777 0.032258 0.121653 0.117299 0.032258 0.023771 0.032258 50 65
47 62.310000 60.320000 1000000 9.202121 12.112147 9.208836 12.724776 0.023781 0.032258 0.133000 0.129029 0.032258 0.023773 0.032258 60 78
47 62.310000 60.320000 1000000 9.172074 12.107129 9.178855 12.683721 0.023785 0.032258 0.138695 0.134891 0.032258 0.023777 0.032258 70 96
47 62.310000 60.320000 1000000 8.997455 11.963761 8.995291 12.412707 0.023813 0.032258 0.088212 0.082102 0.032258 0.023808 0.032258 80 91
47 62.310000 60.320000 1000000 8.976211 11.958743 8.979154 12.389980 0.023817 0.032258 0.082786 0.076243 0.032258 0.023810 0.032258 90 111
47 62.310000 60.320000 1000000 8.972258 11.958026 8.975205 12.384114 0.023817 0.032258 0.088217 0.082108 0.032258 0.023810 0.032258 110 154
47 62.310000 60.320000 1000000 8.963435 11.951575 8.961729 12.303471 0.023822 0.032258 0.072128 0.064513 0.032258 0.023817 0.032258 120 171
47 62.310000 60.320000 1000000 8.956651 11.946198 8.951352 12.236268 0.023824 0.032258 0.059377 0.049850 0.032258 0.023820 0.032258 130 145
47 62.310000 60.320000 1000000 8.938589 11.941539 8.932568 12.193501 0.023827 0.032258 0.056945 0.046927 0.032258 0.023823 0.032258 140 210
47 62.310000 60.320000 1000000 8.932358 11.936163 8.923024 12.126298 0.023827 0.032258 0.069526 0.061589 0.032258 0.023824 0.032258 180 214
47 62.310000 60.320000 1000000 8.874619 11.926127 8.865101 12.044187 0.023827 0.032258 0.102017 0.096782 0.032258 0.023824 0.032258 210 226
47 62.310000 60.320000 1000000 8.825873 11.919675 8.808072 11.982604 0.023826 0.032258 0.090961 0.085049 0.032258 0.023825 0.032258 220 239
47 62.310000 60.320000 1000000 8.822850 11.918958 8.805031 11.976739 0.023826 0.032258 0.096467 0.090914 0.032258 0.023824 0.032258 230 246
47 62.310000 60.320000 1000000 8.799267 11.916091 8.804832 11.971607 0.023826 0.032258 0.096463 0.090910 0.032258 0.023826 0.032258 240 324
47 62.310000 60.320000 1000000 8.705589 11.901037 8.693790 11.854062 0.023807 0.032258 0.147278 0.143702 0.032258 0.023795 0.032258 320 409
47 62.310000 60.320000 1000000 8.625748 11.882758 8.606842 11.667602 0.023795 0.032258 0.155874 0.152499 0.032258 0.023785 0.032258 400 526
47 62.310000 60.320000 1000000 8.611792 11.877740 8.600788 11.656361 0.023798 0.032258 0.144418 0.140769 0.032258 0.023788 0.032258 430 538
47 62.310000 60.320000 1000000 8.293149 10.697817 8.160816 11.225521 0.023778 0.032258 0.213589 0.211139 0.032258 0.023784 0.032258 470 614
47 62.310000 60.320000 1000000 8.162687 10.684197 8.174511 11.230409 0.023788 0.032258 0.133000 0.129028 0.032258 0.023784 0.032258 510 638
47 62.310000 60.320000 1000000 8.029516 10.664842 8.041936 11.072052 0.023807 0.032258 0.161606 0.158354 0.032258 0.023801 0.032258 560 661
47 62.310000 60.320000 1000000 7.904658 10.640469 7.897883 10.844047 0.023817 0.032258 0.116003 0.111428 0.032258 0.023811 0.032258 660 715
47 62.310000 60.320000 1000000 7.855680 10.624699 7.838438 10.671029 0.023829 0.032258 0.066929 0.058642 0.032258 0.023827 0.032258 710 902
47 62.310000 60.320000 1000000 7.848580 10.623982 7.839627 10.672007 0.023829 0.032258 0.061856 0.052779 0.032258 0.023827 0.032258 900 1837
47 62.310000 60.320000 1000000 7.843444 10.619681 7.831749 10.618244 0.023830 0.032258 0.066939 0.058654 0.032258 0.023829 0.032258 990 1072
47 62.310000 60.320000 1000000 7.838786 10.617172 7.830437 10.606759 0.023831 0.032258 0.059382 0.049857 0.032258 0.023829 0.032258 1070 1793
47 62.310000 60.320000 1000000 7.728281 10.263410 7.714058 10.477972 0.023823 0.032258 0.088222 0.082113 0.032258 0.023820 0.032258 1680 1696
47 62.310000 60.320000 1000000 7.713194 10.259826 7.695233 10.439849 0.023823 0.032258 0.104798 0.099710 0.032258 0.023820 0.032258 1690 1793
47 62.310000 60.320000 1000000 7.692384 10.256958 7.669124 10.416633 0.023824 0.032258 0.082793 0.076250 0.032258 0.023822 0.032258 1790 2143
47 62.310000 60.320000 1000000 7.690648 10.256242 7.669416 10.417610 0.023824 0.032258 0.077425 0.070385 0.032258 0.023822 0.032258 2140 2303
47 62.310000 60.320000 1000000 7.685247 10.255525 7.663971 10.411745 0.023824 0.032258 0.082793 0.076250 0.032258 0.023821 0.032258 2300 3871
47 62.310000 60.320000 1000000 7.627387 10.246206 7.607314 10.346985 0.023832 0.032258 0.047740 0.035193 0.032258 0.023829 0.032258 3870 4474
47 62.310000 60.320000 1000000 7.618422 10.242622 7.605104 10.342831 0.023832 0.032258 0.047736 0.035187 0.032258 0.023829 0.032258 4470 8884
47 62.310000 60.320000 1000000 7.573756 10.175238 7.567593 10.240682 0.023833 0.032258 0.039890 0.023465 0.032258 0.023830 0.032258 8880 9452
47 62.310000 60.320000 1000000 7.572158 10.174522 7.567860 10.241659 0.023833 0.032258 0.039890 0.023465 0.032258 0.023830 0.032258 9450 11058
47 62.310000 60.320000 1000000 7.553484 10.172371 7.542104 10.217466 0.023832 0.032258 0.047741 0.035195 0.032258 0.023829 0.032258 9930 14024
47 62.310000 60.320000 1000000 7.470828 10.161618 7.491862 10.154905 0.023824 0.032258 0.082797 0.076254 0.032258 0.023824 0.032258 14020 14676
47 62.310000 60.320000 1000000 7.459009 10.103913 7.473935 10.141464 0.023825 0.032258 0.080104 0.073322 0.032258 0.023824 0.032258 14670 16762
47 62.310000 60.320000 1000000 7.450110 10.101045 7.464290 10.118248 0.023825 0.032258 0.090960 0.085048 0.032258 0.023824 0.032258 16760 24255
47 62.310000 60.320000 1000000 7.424393 10.097461 7.438721 10.088923 0.023829 0.032258 0.064387 0.055723 0.032258 0.023827 0.032258 17870 21669
47 62.310000 60.320000 1000000 7.420245 10.096744 7.434597 10.083057 0.023830 0.032258 0.064387 0.055723 0.032258 0.023828 0.032258 21660 24255
47 62.310000 60.320000 1000000 7.406931 10.094594 7.421360 10.065462 0.023827 0.032258 0.080101 0.073319 0.032258 0.023825 0.032258 22770 27889
47 62.310000 60.320000 1000000 7.357668 10.027210 7.364076 9.958914 0.023829 0.032258 0.069525 0.061589 0.032258 0.023826 0.032258 27880 30086
47 62.310000 60.320000 1000000 7.354341 10.025777 7.364629 9.960869 0.023829 0.032258 0.059387 0.049862 0.032258 0.023826 0.032258 29490 42926
47 62.310000 60.320000 1000000 7.211919 9.668789 7.213839 9.826461 0.023827 0.032258 0.064380 0.055716 0.032258 0.023823 0.032258 42920 53997
47 62.310000 60.320000 1000000 7.172199 9.658036 7.189078 9.750216 0.023828 0.032258 0.085495 0.079176 0.032258 0.023825 0.032258 53990 68484
47 62.310000 60.320000 1000000 7.124975 9.645850 7.135899 9.620453 0.023827 0.032258 0.102014 0.096779 0.032258 0.023824 0.032258 68480 83944
47 62.310000 60.320000 1000000 6.976567 9.571657 6.984200 9.470894 0.023810 0.032258 0.099235 0.093845 0.032258 0.023805 0.032258 83940 111212
47 62.310000 60.320000 1000000 6.965926 9.565564 6.970578 9.397827 0.023810 0.032258 0.107592 0.102643 0.032258 0.023803 0.032258 111210 111846
47 62.310000 60.320000 1000000 6.962342 9.564847 6.967002 9.391962 0.023811 0.032258 0.102012 0.096777 0.032258 0.023805 0.032258 111840 116708
47 62.310000 60.320000 1000000 6.960614 9.564130 6.967289 9.392939 0.023811 0.032258 0.096469 0.090916 0.032258 0.023805 0.032258 116700 148616
47 62.310000 60.320000 1000000 6.863193 9.544059 6.927019 9.297876 0.023804 0.032258 0.102012 0.096777 0.032258 0.023809 0.032258 127980 162919
47 62.310000 60.320000 1000000 6.778527 9.191730 6.802816 9.144164 0.023816 0.032258 0.099232 0.093843 0.032258 0.023819 0.032258 162910 259543
47 62.310000 60.320000 1000000 6.653601 9.056247 6.694109 9.019286 0.023813 0.032258 0.116011 0.111436 0.032258 0.023818 0.032258 259540 334072
47 62.310000 60.320000 1000000 6.622376 9.051946 6.663452 8.984096 0.023823 0.032258 0.099229 0.093840 0.032258 0.023826 0.032258 269560 456244
47 62.310000 60.320000 1000000 6.419309 8.684922 6.407332 8.709170 0.023826 0.032258 0.066931 0.058644 0.032258 0.023823 0.032258 407430 801896
47 62.310000 60.320000 1000000 6.394890 8.680621 6.382774 8.673980 0.023828 0.032258 0.066932 0.058645 0.032258 0.023826 0.032258 429120 793802
47 62.310000 60.320000 1000000 6.388175 8.679188 6.376021 8.662249 0.023829 0.032258 0.056935 0.046915 0.032258 0.023827 0.032258 453140 790294
47 62.310000 60.320000 1000000 6.364852 8.563776 6.340078 8.635368 0.023829 0.032258 0.061857 0.052780 0.032258 0.023828 0.032258 509570 596393
47 62.310000 60.320000 1000000 6.349753 8.502844 6.316692 8.581606 0.023828 0.032258 0.066937 0.058652 0.032258 0.023828 0.032258 596390 790294
47 62.310000 60.320000 1000000 6.343190 8.501411 6.310025 8.569876 0.023829 0.032258 0.061862 0.052786 0.032258 0.023829 0.032258 602810 793802
47 62.310000 60.320000 1000000 6.262041 8.490658 6.290229 8.543483 0.023826 0.032258 0.066941 0.058656 0.032258 0.023826 0.032258 793800 908193
47 62.310000 60.320000 1000000 6.236592 8.487791 6.255631 8.511225 0.023827 0.032258 0.047742 0.035196 0.032258 0.023826 0.032258 813660 1000000
47 62.310000 60.320000 1000000 6.217546 8.483489 6.236759 8.476034 0.023827 0.032258 0.066942 0.058657 0.032258 0.023825 0.032258 999990 1000000
