7 62.310000 60.320000 1000000 12.193677 16.872391 12.259397 16.397048 0.023817 0.032258 0.210708 0.208224 0.032258 0.023814 0.032258 0 50
7 62.310000 60.320000 1000000 10.883632 11.180967 10.502387 13.994319 0.023193 0.032258 0.692827 0.692076 0.032258 0.022964 0.032258 50 60
7 62.310000 60.320000 1000000 8.648463 10.659824 8.700127 11.964520 0.023634 0.032258 0.116004 0.111428 0.032258 0.023647 0.032258 60 71
7 62.310000 60.320000 1000000 8.562977 10.592799 8.600968 11.866035 0.023649 0.032258 0.141545 0.137820 0.032258 0.023656 0.032258 70 83
7 62.310000 60.320000 1000000 8.331740 10.536168 8.401037 11.504600 0.023667 0.032258 0.216490 0.214073 0.032258 0.023667 0.032258 80 101
7 62.310000 60.320000 1000000 7.731423 10.051583 7.725712 10.630707 0.023710 0.032258 0.113206 0.108513 0.032258 0.023707 0.032258 100 115
7 62.310000 60.320000 1000000 7.718889 10.049432 7.722359 10.626797 0.023709 0.032258 0.124485 0.120233 0.032258 0.023709 0.032258 110 147
7 62.310000 60.320000 1000000 7.579667 10.030794 7.583331 10.474305 0.023778 0.032258 0.085497 0.079178 0.032258 0.023778 0.032258 140 155
7 62.310000 60.320000 1000000 7.570314 10.029361 7.573992 10.462574 0.023780 0.032258 0.085497 0.079178 0.032258 0.023779 0.032258 150 162
7 62.310000 60.320000 1000000 7.507122 9.960902 7.505107 10.361158 0.023792 0.032258 0.104792 0.099704 0.032258 0.023789 0.032258 160 170
7 62.310000 60.320000 1000000 7.504086 9.960185 7.502069 10.355293 0.023791 0.032258 0.110387 0.105569 0.032258 0.023789 0.032258 170 224
7 62.310000 60.320000 1000000 7.470649 9.955167 7.468605 10.314237 0.023796 0.032258 0.099227 0.093837 0.032258 0.023794 0.032258 220 298
7 62.310000 60.320000 1000000 7.457596 9.953734 7.470776 10.316192 0.023793 0.032258 0.110385 0.105567 0.032258 0.023795 0.032258 260 381
7 62.310000 60.320000 1000000 7.387640 9.773448 7.377019 10.204023 0.023795 0.032258 0.107578 0.102628 0.032258 0.023796 0.032258 380 463
7 62.310000 60.320000 1000000 7.373346 9.769863 7.359559 10.168099 0.023797 0.032258 0.118821 0.114358 0.032258 0.023800 0.032258 420 486
7 62.310000 60.320000 1000000 7.349376 9.760545 7.363554 10.180807 0.023808 0.032258 0.147264 0.143688 0.032258 0.023799 0.032258 440 501
7 62.310000 60.320000 1000000 7.252329 9.728287 7.240402 9.807157 0.023820 0.032258 0.102011 0.096777 0.032258 0.023818 0.032258 500 602
7 62.310000 60.320000 1000000 7.095131 9.702481 7.083591 9.616785 0.023827 0.032258 0.045621 0.032260 0.032258 0.023825 0.032258 590 1083
7 62.310000 60.320000 1000000 6.989707 9.351228 6.974177 9.524899 0.023829 0.032258 0.041675 0.026386 0.032258 0.023826 0.032258 1080 1110
7 62.310000 60.320000 1000000 6.988400 9.350152 6.972166 9.511459 0.023829 0.032258 0.039888 0.023463 0.032258 0.023826 0.032258 1110 1698
7 62.310000 60.320000 1000000 6.970658 9.348002 6.949606 9.489465 0.023828 0.032258 0.043597 0.029327 0.032258 0.023825 0.032258 1690 2147
7 62.310000 60.320000 1000000 6.966539 9.347285 6.945449 9.483600 0.023828 0.032258 0.043597 0.029327 0.032258 0.023826 0.032258 2140 2779
7 62.310000 60.320000 1000000 6.965245 9.346210 6.943453 9.470159 0.023829 0.032258 0.045621 0.032260 0.032258 0.023827 0.032258 2770 3332
7 62.310000 60.320000 1000000 6.958680 9.343342 6.935483 9.437413 0.023830 0.032258 0.049942 0.038126 0.032258 0.023828 0.032258 3330 3927
7 62.310000 60.320000 1000000 6.956949 9.342626 6.935775 9.438391 0.023830 0.032258 0.045622 0.032261 0.032258 0.023828 0.032258 3920 5634
7 62.310000 60.320000 1000000 6.951954 9.340475 6.936614 9.441324 0.023831 0.032258 0.045618 0.032256 0.032258 0.023828 0.032258 5540 5661
7 62.310000 60.320000 1000000 6.940634 9.282769 6.919182 9.427883 0.023829 0.032258 0.047737 0.035189 0.032258 0.023826 0.032258 5660 6616
7 62.310000 60.320000 1000000 6.917292 9.166282 6.883087 9.387561 0.023825 0.032258 0.049945 0.038130 0.032258 0.023821 0.032258 6610 6734
7 62.310000 60.320000 1000000 6.912445 9.165565 6.878168 9.381696 0.023825 0.032258 0.049943 0.038128 0.032258 0.023821 0.032258 6730 8391
7 62.310000 60.320000 1000000 6.898126 9.164132 6.880581 9.383651 0.023826 0.032258 0.041683 0.026399 0.032258 0.023821 0.032258 7330 9697
7 62.310000 60.320000 1000000 6.877266 9.158397 6.860540 9.343817 0.023829 0.032258 0.041677 0.026389 0.032258 0.023825 0.032258 8880 14546
7 62.310000 60.320000 1000000 6.820772 9.151945 6.831470 9.314003 0.023826 0.032258 0.049938 0.038121 0.032258 0.023825 0.032258 12890 20116
7 62.310000 60.320000 1000000 6.803014 9.149078 6.813796 9.290542 0.023827 0.032258 0.059380 0.049854 0.032258 0.023825 0.032258 20110 22332
7 62.310000 60.320000 1000000 6.790086 9.146927 6.800930 9.272947 0.023828 0.032258 0.064383 0.055719 0.032258 0.023826 0.032258 22330 42785
7 62.310000 60.320000 1000000 6.785090 9.145494 6.794091 9.256818 0.023829 0.032258 0.069517 0.061580 0.032258 0.023827 0.032258 27180 50087
7 62.310000 60.320000 1000000 6.753034 9.137967 6.760138 9.181306 0.023829 0.032258 0.061866 0.052790 0.032258 0.023827 0.032258 36010 52845
7 62.310000 60.320000 1000000 6.706017 8.963416 6.690110 9.124855 0.023826 0.032258 0.054551 0.043991 0.032258 0.023823 0.032258 38420 66757
7 62.310000 60.320000 1000000 6.682977 8.958398 6.666904 9.083799 0.023829 0.032258 0.059381 0.049855 0.032258 0.023826 0.032258 46280 63221
7 62.310000 60.320000 1000000 6.639559 8.946212 6.621726 8.972609 0.023831 0.032258 0.059379 0.049853 0.032258 0.023830 0.032258 63220 66757
7 62.310000 60.320000 1000000 6.628120 8.888506 6.604085 8.959168 0.023830 0.032258 0.061862 0.052786 0.032258 0.023829 0.032258 66750 90701
7 62.310000 60.320000 1000000 6.597533 8.884921 6.605400 8.955013 0.023830 0.032258 0.066938 0.058652 0.032258 0.023829 0.032258 90700 148576
7 62.310000 60.320000 1000000 6.570633 8.878828 6.569438 8.884634 0.023832 0.032258 0.054550 0.043991 0.032258 0.023831 0.032258 148570 148977
7 62.310000 60.320000 1000000 6.559085 8.821123 6.551761 8.871193 0.023831 0.032258 0.052214 0.041058 0.032258 0.023830 0.032258 148970 152363
7 62.310000 60.320000 1000000 6.554284 8.820406 6.546943 8.865328 0.023831 0.032258 0.052214 0.041058 0.032258 0.023830 0.032258 152360 160760
7 62.310000 60.320000 1000000 6.542903 8.762700 6.529472 8.851887 0.023830 0.032258 0.054549 0.043989 0.032258 0.023829 0.032258 160760 164587
7 62.310000 60.320000 1000000 6.537709 8.760549 6.530342 8.854820 0.023831 0.032258 0.041682 0.026398 0.032258 0.023828 0.032258 164040 181247
7 62.310000 60.320000 1000000 6.519484 8.756965 6.511111 8.823295 0.023831 0.032258 0.049941 0.038125 0.032258 0.023829 0.032258 181240 214095
7 62.310000 60.320000 1000000 6.491857 8.753022 6.494242 8.795681 0.023830 0.032258 0.056942 0.046923 0.032258 0.023829 0.032258 214090 227366
7 62.310000 60.320000 1000000 6.485709 8.752306 6.485793 8.787616 0.023830 0.032258 0.056942 0.046923 0.032258 0.023828 0.032258 227360 344637
7 62.310000 60.320000 1000000 6.480769 8.750872 6.478998 8.771487 0.023830 0.032258 0.061865 0.052789 0.032258 0.023829 0.032258 240090 280717
7 62.310000 60.320000 1000000 6.474997 8.748721 6.476267 8.765378 0.023831 0.032258 0.056943 0.046924 0.032258 0.023829 0.032258 280710 335762
7 62.310000 60.320000 1000000 6.473360 8.748005 6.476540 8.766355 0.023831 0.032258 0.052215 0.041059 0.032258 0.023829 0.032258 335760 344637
7 62.310000 60.320000 1000000 6.468473 8.747288 6.471660 8.760490 0.023832 0.032258 0.052215 0.041059 0.032258 0.023829 0.032258 344630 369154
7 62.310000 60.320000 1000000 6.446307 8.742628 6.448900 8.717724 0.023833 0.032258 0.041680 0.026394 0.032258 0.023831 0.032258 369150 379739
7 62.310000 60.320000 1000000 6.441466 8.741911 6.444065 8.711859 0.023833 0.032258 0.038237 0.020530 0.032258 0.023831 0.032258 379730 424773
7 62.310000 60.320000 1000000 6.415794 8.625783 6.405136 8.676913 0.023833 0.032258 0.038237 0.020530 0.032258 0.023830 0.032258 424770 473395
7 62.310000 60.320000 1000000 6.408608 8.623632 6.401741 8.673003 0.023833 0.032258 0.035436 0.014669 0.032258 0.023830 0.032258 473390 490922
7 62.310000 60.320000 1000000 6.358182 8.616464 6.337464 8.601156 0.023824 0.032258 0.074769 0.067452 0.032258 0.023820 0.032258 490920 691436
7 62.310000 60.320000 1000000 6.277239 8.437612 6.270692 8.541283 0.023824 0.032258 0.061866 0.052790 0.032258 0.023821 0.032258 595250 700371
7 62.310000 60.320000 1000000 6.255629 8.434027 6.251000 8.518800 0.023828 0.032258 0.056939 0.046919 0.032258 0.023824 0.032258 700370 1000000
7 62.310000 60.320000 1000000 6.195382 8.426142 6.206901 8.467969 0.023826 0.032258 0.047739 0.035191 0.032258 0.023824 0.032258 999990 1000000
