12 62.310000 60.320000 1000000 10.776733 14.867695 10.849857 14.427342 0.023807 0.032258 0.150130 0.146623 0.032258 0.023805 0.032258 0 50
12 62.310000 60.320000 1000000 9.541686 12.782035 9.496498 12.970362 0.023814 0.032258 0.153002 0.149563 0.032258 0.023816 0.032258 50 76
12 62.310000 60.320000 1000000 9.386104 12.741892 9.391995 12.734783 0.023823 0.032258 0.124480 0.120228 0.032258 0.023820 0.032258 70 98
12 62.310000 60.320000 1000000 9.327696 12.731856 9.333699 12.652673 0.023831 0.032258 0.054543 0.043982 0.032258 0.023827 0.032258 80 101
12 62.310000 60.320000 1000000 9.272212 12.667699 9.288346 12.593778 0.023832 0.032258 0.047734 0.035185 0.032258 0.023829 0.032258 100 136
12 62.310000 60.320000 1000000 9.252212 12.662323 9.266480 12.535861 0.023831 0.032258 0.045624 0.032264 0.032258 0.023828 0.032258 130 171
12 62.310000 60.320000 1000000 9.192900 12.427914 9.180760 12.443486 0.023833 0.032258 0.049943 0.038128 0.032258 0.023830 0.032258 160 176
12 62.310000 60.320000 1000000 9.189710 12.427197 9.177558 12.437621 0.023833 0.032258 0.049945 0.038131 0.032258 0.023831 0.032258 170 180
12 62.310000 60.320000 1000000 9.172855 12.424330 9.160635 12.414160 0.023831 0.032258 0.059384 0.049859 0.032258 0.023829 0.032258 180 234
12 62.310000 60.320000 1000000 9.126311 12.363040 9.148523 12.405607 0.023830 0.032258 0.077428 0.070388 0.032258 0.023829 0.032258 230 250
12 62.310000 60.320000 1000000 9.108332 12.360172 9.132667 12.388989 0.023829 0.032258 0.072138 0.064523 0.032258 0.023828 0.032258 250 283
12 62.310000 60.320000 1000000 9.057920 12.354438 9.115943 12.371883 0.023824 0.032258 0.093711 0.087984 0.032258 0.023830 0.032258 280 332
12 62.310000 60.320000 1000000 9.018977 12.236875 9.078913 12.338892 0.023821 0.032258 0.099238 0.093849 0.032258 0.023830 0.032258 330 414
12 62.310000 60.320000 1000000 8.898382 11.713937 8.904622 12.186400 0.023810 0.032258 0.085505 0.079186 0.032258 0.023808 0.032258 410 536
12 62.310000 60.320000 1000000 8.870480 11.710352 8.869102 12.155119 0.023813 0.032258 0.069529 0.061593 0.032258 0.023811 0.032258 530 543
12 62.310000 60.320000 1000000 8.864182 11.709636 8.860434 12.147055 0.023813 0.032258 0.069529 0.061593 0.032258 0.023811 0.032258 540 555
12 62.310000 60.320000 1000000 8.862844 11.708560 8.858387 12.133614 0.023814 0.032258 0.072139 0.064525 0.032258 0.023812 0.032258 550 641
12 62.310000 60.320000 1000000 8.840821 11.703542 8.838166 12.086205 0.023815 0.032258 0.077431 0.070392 0.032258 0.023816 0.032258 640 764
12 62.310000 60.320000 1000000 8.821638 11.699958 8.818040 12.054681 0.023818 0.032258 0.077430 0.070391 0.032258 0.023819 0.032258 760 791
12 62.310000 60.320000 1000000 8.819801 11.699241 8.818347 12.055658 0.023818 0.032258 0.072140 0.064526 0.032258 0.023819 0.032258 790 915
12 62.310000 60.320000 1000000 8.718604 11.174869 8.664066 11.875063 0.023786 0.032258 0.102016 0.096782 0.032258 0.023772 0.032258 910 1241
12 62.310000 60.320000 1000000 8.672915 11.166267 8.621319 11.827653 0.023793 0.032258 0.085505 0.079187 0.032258 0.023779 0.032258 1240 1324
12 62.310000 60.320000 1000000 8.669366 11.164833 8.621921 11.829608 0.023794 0.032258 0.080090 0.073306 0.032258 0.023779 0.032258 1290 1474
12 62.310000 60.320000 1000000 8.649161 11.161249 8.601379 11.800283 0.023797 0.032258 0.085493 0.079173 0.032258 0.023782 0.032258 1410 1524
12 62.310000 60.320000 1000000 8.571587 11.152647 8.589945 11.789286 0.023788 0.032258 0.074762 0.067445 0.032258 0.023789 0.032258 1520 1648
12 62.310000 60.320000 1000000 8.547039 11.149780 8.583979 11.784154 0.023780 0.032258 0.090953 0.085040 0.032258 0.023791 0.032258 1640 1700
12 62.310000 60.320000 1000000 8.540959 11.149063 8.577977 11.778289 0.023781 0.032258 0.090950 0.085037 0.032258 0.023792 0.032258 1700 1778
12 62.310000 60.320000 1000000 8.495224 11.030783 8.514876 11.721349 0.023775 0.032258 0.085492 0.079172 0.032258 0.023780 0.032258 1770 1869
12 62.310000 60.320000 1000000 8.477498 11.028633 8.497272 11.703753 0.023778 0.032258 0.085492 0.079172 0.032258 0.023783 0.032258 1820 3395
12 62.310000 60.320000 1000000 8.412896 11.020748 8.408691 11.615044 0.023764 0.032258 0.090950 0.085037 0.032258 0.023763 0.032258 1890 1941
12 62.310000 60.320000 1000000 8.407552 11.020031 8.401329 11.606979 0.023761 0.032258 0.096456 0.090902 0.032258 0.023759 0.032258 1940 3036
12 62.310000 60.320000 1000000 8.300367 10.893149 8.282632 11.486256 0.023750 0.032258 0.085489 0.079170 0.032258 0.023745 0.032258 2360 2933
12 62.310000 60.320000 1000000 8.277670 10.886698 8.252814 11.413188 0.023760 0.032258 0.090961 0.085049 0.032258 0.023760 0.032258 2930 3036
12 62.310000 60.320000 1000000 8.272160 10.885981 8.245166 11.405123 0.023758 0.032258 0.096468 0.090914 0.032258 0.023757 0.032258 3030 3734
12 62.310000 60.320000 1000000 8.163949 10.477738 8.142493 11.316902 0.023709 0.032258 0.099237 0.093847 0.032258 0.023710 0.032258 3560 4181
12 62.310000 60.320000 1000000 8.073266 10.464834 8.051075 11.211330 0.023722 0.032258 0.110399 0.105581 0.032258 0.023724 0.032258 3900 4040
12 62.310000 60.320000 1000000 8.068946 10.464117 8.046720 11.205465 0.023720 0.032258 0.116021 0.111446 0.032258 0.023723 0.032258 4040 4181
12 62.310000 60.320000 1000000 8.066796 10.463401 8.047081 11.206443 0.023722 0.032258 0.110399 0.105581 0.032258 0.023723 0.032258 4180 4758
12 62.310000 60.320000 1000000 8.032965 10.459100 8.034637 11.191780 0.023714 0.032258 0.104804 0.099716 0.032258 0.023725 0.032258 4750 8779
12 62.310000 60.320000 1000000 7.727261 10.401035 7.784419 10.877509 0.023757 0.032258 0.242618 0.240464 0.032258 0.023739 0.032258 8770 10861
12 62.310000 60.320000 1000000 7.619811 9.823258 7.624972 10.744078 0.023719 0.032258 0.248431 0.246327 0.032258 0.023674 0.032258 10860 36473
12 62.310000 60.320000 1000000 7.198655 9.741180 7.244141 9.988710 0.023713 0.032258 0.113204 0.108510 0.032258 0.023733 0.032258 21750 27072
12 62.310000 60.320000 1000000 7.121653 9.337238 7.127767 9.894624 0.023692 0.032258 0.093710 0.087983 0.032258 0.023698 0.032258 22230 23111
12 62.310000 60.320000 1000000 7.111345 9.279532 7.112040 9.881183 0.023687 0.032258 0.090962 0.085050 0.032258 0.023690 0.032258 23110 27072
12 62.310000 60.320000 1000000 7.101596 9.277023 7.101498 9.856013 0.023695 0.032258 0.088228 0.082119 0.032258 0.023698 0.032258 27070 36473
12 62.310000 60.320000 1000000 7.053016 9.269855 7.038335 9.779767 0.023663 0.032258 0.127327 0.123173 0.032258 0.023652 0.032258 28740 61566
12 62.310000 60.320000 1000000 6.583013 9.163763 6.698278 9.060333 0.023671 0.032258 0.300859 0.299125 0.032258 0.023685 0.032258 57660 161220
12 62.310000 60.320000 1000000 6.463882 8.586703 6.523411 8.925924 0.023669 0.032258 0.271721 0.269800 0.032258 0.023658 0.032258 59840 172224
12 62.310000 60.320000 1000000 6.402337 8.576667 6.463567 8.843814 0.023689 0.032258 0.260076 0.258068 0.032258 0.023670 0.032258 60180 175382
12 62.310000 60.320000 1000000 6.001753 7.779897 6.010041 8.263418 0.023737 0.032258 0.176003 0.173022 0.032258 0.023741 0.032258 171540 318135
12 62.310000 60.320000 1000000 5.989955 7.778464 5.998293 8.251688 0.023739 0.032258 0.176003 0.173021 0.032258 0.023744 0.032258 201680 428937
12 62.310000 60.320000 1000000 5.844417 7.758392 5.833078 8.069871 0.023791 0.032258 0.085499 0.079180 0.032258 0.023798 0.032258 236850 544546
12 62.310000 60.320000 1000000 5.837075 7.756959 5.825693 8.058141 0.023795 0.032258 0.074767 0.067450 0.032258 0.023802 0.032258 249660 286476
12 62.310000 60.320000 1000000 5.817971 7.750507 5.824713 8.060096 0.023808 0.032258 0.069513 0.061575 0.032258 0.023802 0.032258 286470 631550
12 62.310000 60.320000 1000000 5.781636 7.734737 5.786923 7.905165 0.023824 0.032258 0.049937 0.038119 0.032258 0.023821 0.032258 398490 621105
12 62.310000 60.320000 1000000 5.756681 7.729719 5.760076 7.859711 0.023829 0.032258 0.041677 0.026389 0.032258 0.023826 0.032258 621100 743669
12 62.310000 60.320000 1000000 5.752682 7.729002 5.756084 7.853846 0.023829 0.032258 0.041677 0.026389 0.032258 0.023826 0.032258 743660 881855
12 62.310000 60.320000 1000000 5.731693 7.669146 5.729131 7.822810 0.023828 0.032258 0.047737 0.035189 0.032258 0.023824 0.032258 881850 890361
12 62.310000 60.320000 1000000 5.729133 7.668429 5.725605 7.814745 0.023829 0.032258 0.047736 0.035187 0.032258 0.023825 0.032258 890360 965189
12 62.310000 60.320000 1000000 5.722689 7.667712 5.716724 7.806681 0.023829 0.032258 0.043593 0.029322 0.032258 0.023826 0.032258 965180 1000000
12 62.310000 60.320000 1000000 5.722689 7.667712 5.716724 7.806681 0.023829 0.032258 0.043593 0.029322 0.032258 0.023826 0.032258 999990 1000000
