42 62.310000 60.320000 1000000 12.674439 16.853392 12.550317 17.130664 0.023815 0.032258 0.236798 0.234591 0.032258 0.023824 0.032258 0 50
42 62.310000 60.320000 1000000 9.898435 13.438307 9.860347 13.331568 0.023808 0.032258 0.190433 0.187681 0.032258 0.023814 0.032258 50 62
42 62.310000 60.320000 1000000 9.363899 12.694941 9.386730 12.855519 0.023822 0.032258 0.110387 0.105569 0.032258 0.023819 0.032258 60 70
42 62.310000 60.320000 1000000 9.178937 12.107846 9.205109 12.691541 0.023804 0.032258 0.110380 0.105561 0.032258 0.023799 0.032258 70 80
42 62.310000 60.320000 1000000 9.079089 12.024334 9.104927 12.461583 0.023810 0.032258 0.135846 0.131960 0.032258 0.023803 0.032258 80 98
42 62.310000 60.320000 1000000 9.077744 12.023259 9.102890 12.448143 0.023810 0.032258 0.132999 0.129028 0.032258 0.023803 0.032258 90 100
42 62.310000 60.320000 1000000 9.028587 12.015374 9.057911 12.381672 0.023808 0.032258 0.133000 0.129029 0.032258 0.023803 0.032258 100 178
42 62.310000 60.320000 1000000 8.974512 11.998528 9.003513 12.225027 0.023809 0.032258 0.135856 0.131971 0.032258 0.023803 0.032258 170 190
42 62.310000 60.320000 1000000 8.817090 11.974155 8.797389 11.968430 0.023829 0.032258 0.074768 0.067451 0.032258 0.023828 0.032258 190 214
42 62.310000 60.320000 1000000 8.802435 11.970571 8.788749 11.959632 0.023830 0.032258 0.064377 0.055712 0.032258 0.023827 0.032258 210 241
42 62.310000 60.320000 1000000 8.705224 11.899962 8.684600 11.840620 0.023818 0.032258 0.088209 0.082099 0.032258 0.023817 0.032258 240 286
42 62.310000 60.320000 1000000 8.692050 11.895661 8.679340 11.832800 0.023819 0.032258 0.093699 0.087971 0.032258 0.023817 0.032258 270 300
42 62.310000 60.320000 1000000 8.637675 11.888493 8.608924 11.758754 0.023808 0.032258 0.093701 0.087973 0.032258 0.023804 0.032258 280 291
42 62.310000 60.320000 1000000 8.370620 11.226847 8.365987 11.431289 0.023815 0.032258 0.121665 0.117311 0.032258 0.023814 0.032258 290 300
42 62.310000 60.320000 1000000 8.351923 11.223979 8.347100 11.412472 0.023814 0.032258 0.121663 0.117308 0.032258 0.023812 0.032258 300 346
42 62.310000 60.320000 1000000 8.324999 11.218245 8.315044 11.354554 0.023821 0.032258 0.104797 0.099709 0.032258 0.023821 0.032258 340 419
42 62.310000 60.320000 1000000 8.295356 11.214660 8.288798 11.327672 0.023818 0.032258 0.116012 0.111437 0.032258 0.023818 0.032258 410 428
42 62.310000 60.320000 1000000 8.292754 11.213944 8.285211 11.319608 0.023819 0.032258 0.116012 0.111437 0.032258 0.023819 0.032258 420 721
42 62.310000 60.320000 1000000 8.137746 11.064840 8.197290 11.130460 0.023822 0.032258 0.150130 0.146623 0.032258 0.023825 0.032258 530 558
42 62.310000 60.320000 1000000 8.136226 11.064124 8.197538 11.131438 0.023822 0.032258 0.155863 0.152488 0.032258 0.023825 0.032258 550 993
42 62.310000 60.320000 1000000 8.093422 11.048353 8.157823 10.961352 0.023822 0.032258 0.110397 0.105578 0.032258 0.023829 0.032258 620 1090
42 62.310000 60.320000 1000000 8.034948 10.759824 8.070124 10.894148 0.023821 0.032258 0.096469 0.090916 0.032258 0.023823 0.032258 710 1087
42 62.310000 60.320000 1000000 7.942042 10.635093 7.951883 10.777824 0.023826 0.032258 0.074774 0.067457 0.032258 0.023824 0.032258 960 1109
42 62.310000 60.320000 1000000 7.937969 10.634376 7.947825 10.771959 0.023826 0.032258 0.074774 0.067457 0.032258 0.023824 0.032258 1100 1412
42 62.310000 60.320000 1000000 7.866235 10.624340 7.875387 10.687648 0.023830 0.032258 0.069526 0.061589 0.032258 0.023828 0.032258 1410 1529
42 62.310000 60.320000 1000000 7.863667 10.623624 7.871868 10.679583 0.023831 0.032258 0.064388 0.055724 0.032258 0.023828 0.032258 1520 1639
42 62.310000 60.320000 1000000 7.858424 10.622907 7.866641 10.673718 0.023830 0.032258 0.069526 0.061589 0.032258 0.023828 0.032258 1630 2199
42 62.310000 60.320000 1000000 7.845198 10.620039 7.851572 10.645859 0.023831 0.032258 0.054550 0.043990 0.032258 0.023829 0.032258 2140 2432
42 62.310000 60.320000 1000000 7.830881 10.617889 7.834900 10.626064 0.023832 0.032258 0.054551 0.043992 0.032258 0.023830 0.032258 2430 2855
42 62.310000 60.320000 1000000 7.821877 10.614305 7.832600 10.621910 0.023832 0.032258 0.054548 0.043987 0.032258 0.023830 0.032258 2850 3382
42 62.310000 60.320000 1000000 7.820660 10.613229 7.830748 10.608469 0.023832 0.032258 0.052212 0.041055 0.032258 0.023830 0.032258 3380 3807
42 62.310000 60.320000 1000000 7.815908 10.612513 7.826014 10.602604 0.023832 0.032258 0.047738 0.035190 0.032258 0.023830 0.032258 3800 5082
42 62.310000 60.320000 1000000 7.799298 10.608212 7.813098 10.581099 0.023832 0.032258 0.061860 0.052783 0.032258 0.023830 0.032258 5080 5610
42 62.310000 60.320000 1000000 7.790126 10.606061 7.805744 10.570346 0.023831 0.032258 0.077419 0.070379 0.032258 0.023829 0.032258 5610 5821
42 62.310000 60.320000 1000000 7.788917 10.604986 7.803906 10.556906 0.023831 0.032258 0.074763 0.067446 0.032258 0.023829 0.032258 5820 6907
42 62.310000 60.320000 1000000 7.704754 10.593516 7.710671 10.454267 0.023818 0.032258 0.096458 0.090904 0.032258 0.023815 0.032258 6680 8020
42 62.310000 60.320000 1000000 7.624088 10.526491 7.635854 10.369712 0.023817 0.032258 0.093701 0.087974 0.032258 0.023810 0.032258 8020 9345
42 62.310000 60.320000 1000000 7.585175 10.409646 7.600520 10.344785 0.023821 0.032258 0.088218 0.082109 0.032258 0.023816 0.032258 8460 10615
42 62.310000 60.320000 1000000 7.563447 10.404628 7.581479 10.297376 0.023822 0.032258 0.099226 0.093836 0.032258 0.023817 0.032258 10610 11252
42 62.310000 60.320000 1000000 7.560059 10.403911 7.578115 10.291511 0.023823 0.032258 0.093699 0.087971 0.032258 0.023818 0.032258 11250 15584
42 62.310000 60.320000 1000000 7.514480 10.282765 7.525568 10.238237 0.023827 0.032258 0.072127 0.064512 0.032258 0.023823 0.032258 13500 15555
42 62.310000 60.320000 1000000 7.493946 10.278464 7.506970 10.209889 0.023824 0.032258 0.099228 0.093838 0.032258 0.023820 0.032258 15550 15584
42 62.310000 60.320000 1000000 7.492612 10.277389 7.504942 10.196448 0.023825 0.032258 0.096460 0.090906 0.032258 0.023821 0.032258 15580 18866
42 62.310000 60.320000 1000000 7.452446 10.268786 7.471601 10.117758 0.023819 0.032258 0.135845 0.131959 0.032258 0.023813 0.032258 18860 24434
42 62.310000 60.320000 1000000 7.432400 10.204629 7.441147 10.023674 0.023823 0.032258 0.116017 0.111442 0.032258 0.023818 0.032258 24430 26371
42 62.310000 60.320000 1000000 7.390900 10.030795 7.380506 9.977486 0.023826 0.032258 0.113203 0.108510 0.032258 0.023822 0.032258 26370 31214
42 62.310000 60.320000 1000000 7.116586 9.089938 6.975688 9.571332 0.023767 0.032258 0.196221 0.193551 0.032258 0.023768 0.032258 31210 32328
42 62.310000 60.320000 1000000 7.111363 9.089221 6.970142 9.565467 0.023769 0.032258 0.190438 0.187686 0.032258 0.023771 0.032258 32320 69417
42 62.310000 60.320000 1000000 7.051373 9.083487 6.980603 9.573287 0.023779 0.032258 0.144414 0.140766 0.032258 0.023768 0.032258 34220 62817
42 62.310000 60.320000 1000000 7.020547 9.077752 6.948820 9.526366 0.023789 0.032258 0.133006 0.129035 0.032258 0.023781 0.032258 36160 61222
42 62.310000 60.320000 1000000 7.011410 9.074168 6.950387 9.531254 0.023793 0.032258 0.104798 0.099710 0.032258 0.023780 0.032258 38540 48555
42 62.310000 60.320000 1000000 7.009684 9.073451 6.950682 9.532231 0.023794 0.032258 0.104789 0.099700 0.032258 0.023780 0.032258 48550 61222
42 62.310000 60.320000 1000000 6.973602 9.067716 6.952680 9.533209 0.023793 0.032258 0.082788 0.076244 0.032258 0.023781 0.032258 61220 69417
42 62.310000 60.320000 1000000 6.968158 9.066999 6.947186 9.527343 0.023795 0.032258 0.077420 0.070379 0.032258 0.023784 0.032258 69410 87928
42 62.310000 60.320000 1000000 6.934785 9.060548 6.912095 9.465272 0.023803 0.032258 0.082787 0.076244 0.032258 0.023794 0.032258 80100 101203
42 62.310000 60.320000 1000000 6.850495 9.045494 6.820928 9.365566 0.023788 0.032258 0.184652 0.181812 0.032258 0.023775 0.032258 92900 119044
42 62.310000 60.320000 1000000 6.835097 9.041910 6.803906 9.326955 0.023795 0.032258 0.167355 0.164217 0.032258 0.023783 0.032258 112600 121125
42 62.310000 60.320000 1000000 6.812062 9.037609 6.778551 9.287365 0.023801 0.032258 0.155864 0.152489 0.032258 0.023791 0.032258 121120 121207
42 62.310000 60.320000 1000000 6.810759 9.036534 6.776530 9.273925 0.023801 0.032258 0.152996 0.149557 0.032258 0.023791 0.032258 121200 123662
42 62.310000 60.320000 1000000 6.795410 9.034025 6.776922 9.262440 0.023801 0.032258 0.138697 0.134894 0.032258 0.023792 0.032258 123660 145580
42 62.310000 60.320000 1000000 6.765643 9.028290 6.744578 9.204034 0.023811 0.032258 0.110387 0.105569 0.032258 0.023803 0.032258 145580 156361
42 62.310000 60.320000 1000000 6.748609 9.024706 6.727384 9.174708 0.023815 0.032258 0.121652 0.117297 0.032258 0.023808 0.032258 145790 219563
42 62.310000 60.320000 1000000 6.640400 8.998541 6.613749 8.915181 0.023815 0.032258 0.152999 0.149560 0.032258 0.023812 0.032258 219560 242988
42 62.310000 60.320000 1000000 6.522976 8.588149 6.451282 8.768310 0.023814 0.032258 0.121657 0.117302 0.032258 0.023816 0.032258 229240 246897
42 62.310000 60.320000 1000000 6.519780 8.587432 6.447978 8.762445 0.023814 0.032258 0.121657 0.117302 0.032258 0.023817 0.032258 246890 336833
42 62.310000 60.320000 1000000 6.388735 8.571661 6.359826 8.667870 0.023826 0.032258 0.061862 0.052786 0.032258 0.023827 0.032258 336830 437674
42 62.310000 60.320000 1000000 6.354111 8.561625 6.341239 8.640500 0.023831 0.032258 0.066934 0.058648 0.032258 0.023828 0.032258 437670 534206
42 62.310000 60.320000 1000000 6.335817 8.555891 6.318375 8.585026 0.023831 0.032258 0.061857 0.052780 0.032258 0.023828 0.032258 534200 552487
42 62.310000 60.320000 1000000 6.328564 8.555174 6.319591 8.586003 0.023831 0.032258 0.056935 0.046915 0.032258 0.023828 0.032258 552480 620784
42 62.310000 60.320000 1000000 6.323886 8.554457 6.314893 8.580138 0.023831 0.032258 0.061857 0.052780 0.032258 0.023828 0.032258 620780 746032
42 62.310000 60.320000 1000000 6.311848 8.552306 6.302803 8.562543 0.023832 0.032258 0.047735 0.035186 0.032258 0.023829 0.032258 673710 1000000
42 62.310000 60.320000 1000000 6.207360 8.197111 6.145181 8.374374 0.023819 0.032258 0.080097 0.073314 0.032258 0.023820 0.032258 793050 901545
42 62.310000 60.320000 1000000 6.201505 8.196394 6.136878 8.366309 0.023817 0.032258 0.085498 0.079179 0.032258 0.023818 0.032258 901540 1000000
42 62.310000 60.320000 1000000 6.197918 8.193168 6.131221 8.325988 0.023817 0.032258 0.093704 0.087976 0.032258 0.023819 0.032258 999990 1000000
