9 62.310000 60.320000 1000000 10.415293 13.835079 10.473104 14.320545 0.023800 0.032258 0.158733 0.155421 0.032258 0.023809 0.032258 0 51
9 62.310000 60.320000 1000000 9.943949 13.730780 9.976045 13.403400 0.023827 0.032258 0.066944 0.058659 0.032258 0.023822 0.032258 50 60
9 62.310000 60.320000 1000000 9.926111 13.727912 9.956080 13.377741 0.023826 0.032258 0.052222 0.041068 0.032258 0.023820 0.032258 60 71
9 62.310000 60.320000 1000000 9.905008 13.667339 9.934029 13.361367 0.023827 0.032258 0.041687 0.026405 0.032258 0.023822 0.032258 70 81
9 62.310000 60.320000 1000000 9.897403 13.665188 9.928265 13.350615 0.023826 0.032258 0.049937 0.038120 0.032258 0.023822 0.032258 80 92
9 62.310000 60.320000 1000000 9.872665 13.659812 9.898974 13.306871 0.023824 0.032258 0.066934 0.058648 0.032258 0.023818 0.032258 90 109
9 62.310000 60.320000 1000000 9.868053 13.659095 9.894399 13.301006 0.023824 0.032258 0.066934 0.058648 0.032258 0.023818 0.032258 100 118
9 62.310000 60.320000 1000000 9.764355 13.366264 9.807235 13.239667 0.023830 0.032258 0.064380 0.055716 0.032258 0.023829 0.032258 110 137
9 62.310000 60.320000 1000000 9.720387 13.359812 9.763847 13.186881 0.023830 0.032258 0.059373 0.049845 0.032258 0.023827 0.032258 130 140
9 62.310000 60.320000 1000000 9.657813 13.070565 9.669425 13.111613 0.023834 0.032258 0.043590 0.029318 0.032258 0.023831 0.032258 140 156
9 62.310000 60.320000 1000000 9.653877 13.069849 9.665503 13.105748 0.023834 0.032258 0.043592 0.029320 0.032258 0.023831 0.032258 150 161
9 62.310000 60.320000 1000000 9.651470 13.069132 9.662205 13.097683 0.023834 0.032258 0.043592 0.029320 0.032258 0.023831 0.032258 160 171
9 62.310000 60.320000 1000000 9.623499 13.064831 9.634328 13.062493 0.023832 0.032258 0.052207 0.041048 0.032258 0.023829 0.032258 170 217
9 62.310000 60.320000 1000000 9.551654 12.884544 9.540206 12.952034 0.023831 0.032258 0.049944 0.038129 0.032258 0.023828 0.032258 210 243
9 62.310000 60.320000 1000000 9.511298 12.875584 9.494236 12.886053 0.023832 0.032258 0.061853 0.052775 0.032258 0.023830 0.032258 240 266
9 62.310000 60.320000 1000000 9.485206 12.872716 9.493143 12.883120 0.023833 0.032258 0.052207 0.041048 0.032258 0.023830 0.032258 260 275
9 62.310000 60.320000 1000000 9.478592 12.871283 9.486545 12.871390 0.023833 0.032258 0.043591 0.029318 0.032258 0.023830 0.032258 270 294
9 62.310000 60.320000 1000000 9.471610 12.870566 9.487705 12.872368 0.023833 0.032258 0.047733 0.035183 0.032258 0.023831 0.032258 290 310
9 62.310000 60.320000 1000000 9.459944 12.866982 9.471735 12.832045 0.023832 0.032258 0.066929 0.058642 0.032258 0.023829 0.032258 310 334
9 62.310000 60.320000 1000000 9.400437 12.577735 9.383458 12.765819 0.023831 0.032258 0.069511 0.061572 0.032258 0.023827 0.032258 330 351
9 62.310000 60.320000 1000000 9.365938 12.573075 9.380581 12.750423 0.023829 0.032258 0.077411 0.070369 0.032258 0.023827 0.032258 350 410
9 62.310000 60.320000 1000000 9.353912 12.570925 9.368612 12.732828 0.023830 0.032258 0.088211 0.082101 0.032258 0.023828 0.032258 380 399
9 62.310000 60.320000 1000000 9.331342 12.566624 9.346148 12.697638 0.023827 0.032258 0.121646 0.117291 0.032258 0.023824 0.032258 390 410
9 62.310000 60.320000 1000000 9.318602 12.561964 9.331479 12.645586 0.023828 0.032258 0.113203 0.108510 0.032258 0.023825 0.032258 410 594
9 62.310000 60.320000 1000000 9.247779 12.493505 9.257407 12.567140 0.023829 0.032258 0.082784 0.076240 0.032258 0.023826 0.032258 590 723
9 62.310000 60.320000 1000000 9.232230 12.488488 9.240591 12.516799 0.023830 0.032258 0.061857 0.052780 0.032258 0.023827 0.032258 620 759
9 62.310000 60.320000 1000000 9.220603 12.430782 9.222859 12.503358 0.023830 0.032258 0.064376 0.055710 0.032258 0.023827 0.032258 750 799
9 62.310000 60.320000 1000000 9.212494 12.427914 9.213469 12.470612 0.023831 0.032258 0.059386 0.049861 0.032258 0.023827 0.032258 790 816
9 62.310000 60.320000 1000000 9.184891 12.420746 9.186420 12.399010 0.023828 0.032258 0.096470 0.090917 0.032258 0.023824 0.032258 810 837
9 62.310000 60.320000 1000000 9.156772 12.415011 9.155806 12.349890 0.023827 0.032258 0.069530 0.061594 0.032258 0.023823 0.032258 830 1212
9 62.310000 60.320000 1000000 9.145588 12.412861 9.144619 12.332295 0.023825 0.032258 0.069530 0.061594 0.032258 0.023821 0.032258 880 1052
9 62.310000 60.320000 1000000 9.041921 12.231857 9.024047 12.227945 0.023829 0.032258 0.072137 0.064523 0.032258 0.023827 0.032258 1050 1337
9 62.310000 60.320000 1000000 8.872670 11.589923 8.785834 12.019246 0.023810 0.032258 0.096468 0.090915 0.032258 0.023807 0.032258 1330 1590
9 62.310000 60.320000 1000000 8.853816 11.579528 8.769327 11.899257 0.023813 0.032258 0.116018 0.111443 0.032258 0.023811 0.032258 1590 1606
9 62.310000 60.320000 1000000 8.847170 11.578812 8.759917 11.891193 0.023814 0.032258 0.121662 0.117307 0.032258 0.023813 0.032258 1600 1841
9 62.310000 60.320000 1000000 8.814957 11.569493 8.741024 11.876775 0.023817 0.032258 0.088213 0.082103 0.032258 0.023815 0.032258 1840 2274
9 62.310000 60.320000 1000000 8.789424 11.510353 8.727160 11.865289 0.023816 0.032258 0.080089 0.073306 0.032258 0.023811 0.032258 2270 2310
9 62.310000 60.320000 1000000 8.785412 11.509636 8.723062 11.859424 0.023817 0.032258 0.080090 0.073307 0.032258 0.023811 0.032258 2310 2413
9 62.310000 60.320000 1000000 8.783850 11.508919 8.723327 11.860401 0.023816 0.032258 0.085491 0.079172 0.032258 0.023811 0.032258 2410 2668
9 62.310000 60.320000 1000000 8.752464 11.505335 8.708865 11.844761 0.023820 0.032258 0.074759 0.067442 0.032258 0.023814 0.032258 2660 3320
9 62.310000 60.320000 1000000 8.745907 11.504618 8.699709 11.836696 0.023821 0.032258 0.074759 0.067442 0.032258 0.023815 0.032258 3320 3949
9 62.310000 60.320000 1000000 8.711119 11.500317 8.652274 11.790509 0.023821 0.032258 0.096455 0.090901 0.032258 0.023817 0.032258 3940 4102
9 62.310000 60.320000 1000000 8.707816 11.499600 8.648904 11.784644 0.023822 0.032258 0.090951 0.085038 0.032258 0.023818 0.032258 4100 5012
9 62.310000 60.320000 1000000 8.673503 11.492790 8.620746 11.721839 0.023826 0.032258 0.061871 0.052796 0.032258 0.023823 0.032258 5010 5703
9 62.310000 60.320000 1000000 8.671071 11.492073 8.617340 11.713775 0.023826 0.032258 0.061871 0.052796 0.032258 0.023823 0.032258 5700 6013
9 62.310000 60.320000 1000000 8.667776 11.491357 8.613983 11.707910 0.023826 0.032258 0.061871 0.052796 0.032258 0.023824 0.032258 6010 6536
9 62.310000 60.320000 1000000 8.449278 11.456948 8.343207 11.356982 0.023630 0.032258 0.295033 0.293264 0.032258 0.023559 0.032258 6530 6763
9 62.310000 60.320000 1000000 8.443186 11.456231 8.336878 11.351117 0.023631 0.032258 0.295030 0.293261 0.032258 0.023561 0.032258 6760 8026
9 62.310000 60.320000 1000000 8.439675 11.455514 8.333232 11.345252 0.023632 0.032258 0.295030 0.293261 0.032258 0.023562 0.032258 8020 8312
9 62.310000 60.320000 1000000 8.436217 11.454798 8.329639 11.339387 0.023632 0.032258 0.300861 0.299126 0.032258 0.023563 0.032258 8310 8481
9 62.310000 60.320000 1000000 8.424460 11.397092 8.310955 11.325946 0.023632 0.032258 0.303776 0.302059 0.032258 0.023563 0.032258 8480 12167
9 62.310000 60.320000 1000000 8.307540 11.382755 8.241892 11.245301 0.023638 0.032258 0.268812 0.266869 0.032258 0.023571 0.032258 12160 17778
9 62.310000 60.320000 1000000 7.616743 8.522543 7.591755 10.616270 0.023023 0.032258 0.181777 0.178892 0.032258 0.022998 0.032258 17770 23364
9 62.310000 60.320000 1000000 7.309124 8.482400 7.303910 10.322037 0.022970 0.032258 0.187552 0.184757 0.032258 0.022991 0.032258 23360 43653
9 62.310000 60.320000 1000000 7.259921 8.474514 7.246517 10.246524 0.022922 0.032258 0.170246 0.167162 0.032258 0.022931 0.032258 36600 54360
9 62.310000 60.320000 1000000 7.036923 8.440823 7.022198 9.970866 0.022984 0.032258 0.373832 0.372438 0.032258 0.022998 0.032258 37370 52585
9 62.310000 60.320000 1000000 6.941208 8.421468 6.931155 9.836459 0.023054 0.032258 0.484931 0.483857 0.032258 0.023060 0.032258 52580 54360
9 62.310000 60.320000 1000000 6.935090 8.420751 6.925010 9.830593 0.023064 0.032258 0.479079 0.477992 0.032258 0.023071 0.032258 54360 68391
9 62.310000 60.320000 1000000 6.496450 8.359103 6.484180 9.326199 0.023374 0.032258 0.187536 0.184741 0.032258 0.023392 0.032258 55960 110347
9 62.310000 60.320000 1000000 6.336738 8.289213 6.276686 8.522217 0.023518 0.032258 0.271717 0.269796 0.032258 0.023580 0.032258 110340 122062
9 62.310000 60.320000 1000000 6.289719 8.280611 6.228284 8.451836 0.023492 0.032258 0.295023 0.293254 0.032258 0.023560 0.032258 116410 152756
9 62.310000 60.320000 1000000 5.977023 7.820758 5.925934 8.074519 0.023811 0.032258 0.102009 0.096774 0.032258 0.023807 0.032258 152750 181670
9 62.310000 60.320000 1000000 5.952774 7.816457 5.914855 8.044216 0.023813 0.032258 0.118831 0.114369 0.032258 0.023808 0.032258 181520 208671
9 62.310000 60.320000 1000000 5.897854 7.805346 5.877714 7.971392 0.023823 0.032258 0.077422 0.070381 0.032258 0.023818 0.032258 208670 221041
9 62.310000 60.320000 1000000 5.893853 7.804629 5.873671 7.965527 0.023823 0.032258 0.082790 0.076247 0.032258 0.023818 0.032258 221040 243398
9 62.310000 60.320000 1000000 5.884498 7.802478 5.863322 7.945732 0.023825 0.032258 0.077422 0.070382 0.032258 0.023821 0.032258 243390 257368
9 62.310000 60.320000 1000000 5.881111 7.801761 5.859898 7.939867 0.023826 0.032258 0.072132 0.064517 0.032258 0.023822 0.032258 257360 303928
9 62.310000 60.320000 1000000 5.844314 7.739755 5.816816 7.891236 0.023822 0.032258 0.085499 0.079180 0.032258 0.023818 0.032258 303920 335567
9 62.310000 60.320000 1000000 5.814501 7.622193 5.777111 7.853602 0.023815 0.032258 0.074767 0.067450 0.032258 0.023808 0.032258 335560 351716
9 62.310000 60.320000 1000000 5.808821 7.621476 5.771319 7.847737 0.023816 0.032258 0.074767 0.067450 0.032258 0.023809 0.032258 351710 540017
9 62.310000 60.320000 1000000 5.789321 7.617892 5.774613 7.852624 0.023818 0.032258 0.059382 0.049857 0.032258 0.023809 0.032258 395680 501640
9 62.310000 60.320000 1000000 5.735949 7.612157 5.722424 7.806192 0.023824 0.032258 0.045622 0.032262 0.032258 0.023819 0.032258 496660 540017
9 62.310000 60.320000 1000000 5.730174 7.611441 5.716608 7.800327 0.023825 0.032258 0.041682 0.026397 0.032258 0.023821 0.032258 540010 654201
9 62.310000 60.320000 1000000 5.712834 7.609290 5.696811 7.780532 0.023825 0.032258 0.045622 0.032261 0.032258 0.023821 0.032258 654200 801024
9 62.310000 60.320000 1000000 5.707934 7.608573 5.691869 7.774667 0.023826 0.032258 0.041681 0.026396 0.032258 0.023822 0.032258 801020 822345
9 62.310000 60.320000 1000000 5.703143 7.607856 5.687037 7.768802 0.023826 0.032258 0.041682 0.026397 0.032258 0.023822 0.032258 822340 934836
9 62.310000 60.320000 1000000 5.700606 7.607139 5.683519 7.760737 0.023827 0.032258 0.045621 0.032260 0.032258 0.023823 0.032258 934830 1000000
9 62.310000 60.320000 1000000 5.700606 7.607139 5.683519 7.760737 0.023827 0.032258 0.045621 0.032260 0.032258 0.023823 0.032258 999990 1000000
