22 62.310000 60.320000 1000000 12.536342 17.005365 12.551080 17.092542 0.023820 0.032258 0.184658 0.181819 0.032258 0.023817 0.032258 0 50
22 62.310000 60.320000 1000000 10.399044 16.569886 10.885522 13.929813 0.023027 0.032258 0.344612 0.343099 0.032258 0.023011 0.032258 50 62
22 62.310000 60.320000 1000000 8.915327 10.893155 8.795352 12.394376 0.023683 0.032258 0.158725 0.155413 0.032258 0.023615 0.032258 60 70
22 62.310000 60.320000 1000000 8.734486 10.736526 8.719238 12.067157 0.023682 0.032258 0.110387 0.105569 0.032258 0.023645 0.032258 70 83
22 62.310000 60.320000 1000000 8.234797 10.661616 8.168645 11.412224 0.023734 0.032258 0.135846 0.131961 0.032258 0.023719 0.032258 80 121
22 62.310000 60.320000 1000000 8.000768 10.222908 8.072499 11.302743 0.023700 0.032258 0.280448 0.278586 0.032258 0.023675 0.032258 90 101
22 62.310000 60.320000 1000000 7.846411 10.192084 7.870551 10.951574 0.023749 0.032258 0.170237 0.167153 0.032258 0.023737 0.032258 100 112
22 62.310000 60.320000 1000000 7.833137 10.132586 7.853246 10.925670 0.023745 0.032258 0.175998 0.173017 0.032258 0.023730 0.032258 110 139
22 62.310000 60.320000 1000000 7.766922 10.112873 7.777596 10.704021 0.023764 0.032258 0.132999 0.129028 0.032258 0.023752 0.032258 120 149
22 62.310000 60.320000 1000000 7.761170 10.112156 7.769715 10.695956 0.023762 0.032258 0.132999 0.129028 0.032258 0.023749 0.032258 140 154
22 62.310000 60.320000 1000000 7.755614 10.111439 7.764178 10.690091 0.023762 0.032258 0.132999 0.129028 0.032258 0.023749 0.032258 150 185
22 62.310000 60.320000 1000000 7.689446 10.099253 7.695770 10.585986 0.023767 0.032258 0.202002 0.199409 0.032258 0.023755 0.032258 160 171
22 62.310000 60.320000 1000000 7.624609 10.089934 7.631095 10.509740 0.023779 0.032258 0.161607 0.158355 0.032258 0.023766 0.032258 170 236
22 62.310000 60.320000 1000000 7.621131 10.089217 7.627627 10.503875 0.023777 0.032258 0.167358 0.164220 0.032258 0.023764 0.032258 230 263
22 62.310000 60.320000 1000000 7.568885 10.078464 7.569537 10.396349 0.023800 0.032258 0.110390 0.105572 0.032258 0.023798 0.032258 260 401
22 62.310000 60.320000 1000000 7.491708 10.063411 7.480641 10.252899 0.023809 0.032258 0.110394 0.105576 0.032258 0.023807 0.032258 400 460
22 62.310000 60.320000 1000000 7.476543 10.059110 7.476070 10.251922 0.023814 0.032258 0.121655 0.117300 0.032258 0.023808 0.032258 460 477
22 62.310000 60.320000 1000000 7.463269 10.056959 7.462793 10.234326 0.023811 0.032258 0.127317 0.123163 0.032258 0.023805 0.032258 470 512
22 62.310000 60.320000 1000000 7.423220 10.047999 7.457966 10.172011 0.023807 0.032258 0.135857 0.131972 0.032258 0.023810 0.032258 480 524
22 62.310000 60.320000 1000000 7.391082 10.041189 7.424263 10.102363 0.023812 0.032258 0.127328 0.123174 0.032258 0.023815 0.032258 520 634
22 62.310000 60.320000 1000000 7.319026 9.914308 7.322351 9.946450 0.023821 0.032258 0.133008 0.129037 0.032258 0.023824 0.032258 530 883
22 62.310000 60.320000 1000000 7.269222 9.907856 7.272616 9.893664 0.023821 0.032258 0.110394 0.105576 0.032258 0.023824 0.032258 550 1100
22 62.310000 60.320000 1000000 7.253906 9.904989 7.257321 9.870204 0.023819 0.032258 0.121662 0.117308 0.032258 0.023822 0.032258 560 597
22 62.310000 60.320000 1000000 7.250251 9.904272 7.253671 9.864339 0.023818 0.032258 0.127327 0.123173 0.032258 0.023821 0.032258 590 1100
22 62.310000 60.320000 1000000 7.179623 9.778107 7.201361 9.811064 0.023828 0.032258 0.077417 0.070377 0.032258 0.023826 0.032258 890 1002
22 62.310000 60.320000 1000000 7.167774 9.720402 7.183399 9.797623 0.023828 0.032258 0.074762 0.067444 0.032258 0.023826 0.032258 1000 1100
22 62.310000 60.320000 1000000 7.136908 9.716817 7.141135 9.757301 0.023826 0.032258 0.069516 0.061578 0.032258 0.023823 0.032258 1010 1221
22 62.310000 60.320000 1000000 7.113436 9.601406 7.105245 9.730419 0.023826 0.032258 0.064378 0.055713 0.032258 0.023823 0.032258 1030 1100
22 62.310000 60.320000 1000000 7.101965 9.543700 7.087637 9.716979 0.023825 0.032258 0.066931 0.058644 0.032258 0.023822 0.032258 1100 1221
22 62.310000 60.320000 1000000 7.059764 9.423987 7.031182 9.650508 0.023824 0.032258 0.066929 0.058642 0.032258 0.023821 0.032258 1220 1633
22 62.310000 60.320000 1000000 7.033065 9.417177 7.022732 9.608231 0.023828 0.032258 0.045615 0.032251 0.032258 0.023825 0.032258 1630 2372
22 62.310000 60.320000 1000000 7.030368 9.415027 7.018592 9.581350 0.023829 0.032258 0.041681 0.026396 0.032258 0.023826 0.032258 1710 1720
22 62.310000 60.320000 1000000 7.029058 9.413951 7.016580 9.567910 0.023829 0.032258 0.043598 0.029329 0.032258 0.023827 0.032258 1720 5015
22 62.310000 60.320000 1000000 7.011289 9.411801 6.994110 9.545916 0.023828 0.032258 0.052214 0.041057 0.032258 0.023826 0.032258 5010 7745
22 62.310000 60.320000 1000000 7.006106 9.409650 6.994979 9.548848 0.023829 0.032258 0.047735 0.035186 0.032258 0.023826 0.032258 5430 7805
22 62.310000 60.320000 1000000 6.967631 9.233665 6.936044 9.473581 0.023824 0.032258 0.049942 0.038126 0.032258 0.023820 0.032258 7800 8182
22 62.310000 60.320000 1000000 6.965941 9.232948 6.936329 9.474558 0.023825 0.032258 0.049937 0.038121 0.032258 0.023819 0.032258 8180 8468
22 62.310000 60.320000 1000000 6.960997 9.232232 6.931322 9.468693 0.023825 0.032258 0.045618 0.032256 0.032258 0.023820 0.032258 8460 10065
22 62.310000 60.320000 1000000 6.959726 9.231156 6.929354 9.455253 0.023826 0.032258 0.043600 0.029333 0.032258 0.023821 0.032258 10060 12296
22 62.310000 60.320000 1000000 6.956434 9.229723 6.929909 9.457208 0.023826 0.032258 0.052211 0.041054 0.032258 0.023821 0.032258 11290 14495
22 62.310000 60.320000 1000000 6.916539 9.224705 6.921323 9.441323 0.023825 0.032258 0.052212 0.041055 0.032258 0.023823 0.032258 14490 16113
22 62.310000 60.320000 1000000 6.875825 9.218970 6.879748 9.392203 0.023824 0.032258 0.061861 0.052785 0.032258 0.023821 0.032258 16110 18302
22 62.310000 60.320000 1000000 6.851046 9.213952 6.853153 9.346749 0.023827 0.032258 0.077418 0.070377 0.032258 0.023824 0.032258 18300 19188
22 62.310000 60.320000 1000000 6.833551 9.211802 6.830933 9.324755 0.023828 0.032258 0.061859 0.052782 0.032258 0.023825 0.032258 19180 24515
22 62.310000 60.320000 1000000 6.780649 8.978469 6.753225 9.245821 0.023822 0.032258 0.059375 0.049848 0.032258 0.023817 0.032258 24510 60068
22 62.310000 60.320000 1000000 6.703709 8.904993 6.697944 9.128276 0.023826 0.032258 0.052209 0.041051 0.032258 0.023821 0.032258 60060 70589
22 62.310000 60.320000 1000000 6.686630 8.902842 6.675950 9.106282 0.023828 0.032258 0.039884 0.023456 0.032258 0.023824 0.032258 70580 109515
22 62.310000 60.320000 1000000 6.669932 8.899258 6.662096 9.088443 0.023828 0.032258 0.052210 0.041053 0.032258 0.023824 0.032258 109510 214531
22 62.310000 60.320000 1000000 6.663479 8.897824 6.655620 9.076712 0.023829 0.032258 0.061859 0.052782 0.032258 0.023824 0.032258 134080 200186
22 62.310000 60.320000 1000000 6.649104 8.895674 6.641194 9.059117 0.023829 0.032258 0.061860 0.052783 0.032258 0.023825 0.032258 143420 151799
22 62.310000 60.320000 1000000 6.644496 8.894957 6.636569 9.053252 0.023829 0.032258 0.066934 0.058648 0.032258 0.023824 0.032258 151790 200186
22 62.310000 60.320000 1000000 6.632241 8.892090 6.624271 9.029791 0.023827 0.032258 0.088218 0.082108 0.032258 0.023823 0.032258 160070 214531
22 62.310000 60.320000 1000000 6.609044 8.889222 6.593805 8.999733 0.023828 0.032258 0.082785 0.076242 0.032258 0.023825 0.032258 214530 220068
22 62.310000 60.320000 1000000 6.601427 8.884205 6.582465 8.937907 0.023830 0.032258 0.072134 0.064519 0.032258 0.023827 0.032258 220060 225158
22 62.310000 60.320000 1000000 6.595946 8.883488 6.576937 8.932042 0.023830 0.032258 0.066940 0.058655 0.032258 0.023827 0.032258 225150 225746
22 62.310000 60.320000 1000000 6.591741 8.882771 6.572695 8.926177 0.023830 0.032258 0.061866 0.052790 0.032258 0.023828 0.032258 225740 253443
22 62.310000 60.320000 1000000 6.577639 8.878470 6.565516 8.923000 0.023830 0.032258 0.088217 0.082107 0.032258 0.023828 0.032258 253440 292646
22 62.310000 60.320000 1000000 6.527257 8.871301 6.569734 8.902962 0.023825 0.032258 0.093702 0.087975 0.032258 0.023829 0.032258 267900 325850
22 62.310000 60.320000 1000000 6.492496 8.698184 6.517445 8.862639 0.023823 0.032258 0.085496 0.079177 0.032258 0.023824 0.032258 285230 360763
22 62.310000 60.320000 1000000 6.479797 8.696033 6.504892 8.845044 0.023826 0.032258 0.069520 0.061583 0.032258 0.023826 0.032258 300590 377433
22 62.310000 60.320000 1000000 6.400085 8.681338 6.415825 8.704771 0.023827 0.032258 0.077422 0.070382 0.032258 0.023825 0.032258 377430 408187
22 62.310000 60.320000 1000000 6.395028 8.680621 6.410805 8.698906 0.023828 0.032258 0.072132 0.064517 0.032258 0.023826 0.032258 408180 468017
22 62.310000 60.320000 1000000 6.388955 8.678112 6.402322 8.669337 0.023828 0.032258 0.080100 0.073317 0.032258 0.023826 0.032258 468010 721608
22 62.310000 60.320000 1000000 6.360564 8.673811 6.374110 8.634146 0.023828 0.032258 0.064386 0.055723 0.032258 0.023825 0.032258 485210 581394
22 62.310000 60.320000 1000000 6.337313 8.670944 6.343942 8.604088 0.023826 0.032258 0.064385 0.055721 0.032258 0.023823 0.032258 581390 721608
22 62.310000 60.320000 1000000 6.274038 8.380264 6.255452 8.539816 0.023826 0.032258 0.072129 0.064514 0.032258 0.023822 0.032258 587740 756504
22 62.310000 60.320000 1000000 6.258595 8.377755 6.255831 8.528331 0.023826 0.032258 0.064382 0.055718 0.032258 0.023822 0.032258 756500 856632
22 62.310000 60.320000 1000000 6.252836 8.377038 6.250065 8.522466 0.023827 0.032258 0.059379 0.049853 0.032258 0.023823 0.032258 856630 891604
22 62.310000 60.320000 1000000 6.247192 8.376321 6.244413 8.516601 0.023827 0.032258 0.054549 0.043988 0.032258 0.023824 0.032258 891600 919764
22 62.310000 60.320000 1000000 6.244692 8.375605 6.240970 8.508536 0.023828 0.032258 0.054549 0.043988 0.032258 0.023824 0.032258 919760 972451
22 62.310000 60.320000 1000000 6.243411 8.374529 6.239009 8.495096 0.023828 0.032258 0.052213 0.041056 0.032258 0.023825 0.032258 972450 994429
22 62.310000 60.320000 1000000 6.237095 8.373812 6.230301 8.487031 0.023828 0.032258 0.052212 0.041055 0.032258 0.023825 0.032258 994420 1000000
22 62.310000 60.320000 1000000 6.237095 8.373812 6.230301 8.487031 0.023828 0.032258 0.052212 0.041055 0.032258 0.023825 0.032258 999990 1000000
