9 62.310000 60.320000 1000000 12.603561 16.849449 12.589376 17.110869 0.023818 0.032258 0.141565 0.137841 0.032258 0.023816 0.032258 0 50
9 62.310000 60.320000 1000000 9.721269 14.083468 9.840875 13.128979 0.023709 0.032258 0.190444 0.187692 0.032258 0.023677 0.032258 50 60
9 62.310000 60.320000 1000000 9.627698 14.069848 9.829265 13.086458 0.023685 0.032258 0.190444 0.187692 0.032258 0.023683 0.032258 60 80
9 62.310000 60.320000 1000000 9.047548 12.082757 9.046309 12.422726 0.023814 0.032258 0.077423 0.070383 0.032258 0.023815 0.032258 80 137
9 62.310000 60.320000 1000000 9.032983 12.080606 9.031738 12.405131 0.023815 0.032258 0.077425 0.070385 0.032258 0.023816 0.032258 90 153
9 62.310000 60.320000 1000000 8.982629 12.065194 8.990542 12.296872 0.023824 0.032258 0.074765 0.067448 0.032258 0.023821 0.032258 100 177
9 62.310000 60.320000 1000000 8.927556 11.939030 8.913590 12.155379 0.023827 0.032258 0.074768 0.067451 0.032258 0.023825 0.032258 170 211
9 62.310000 60.320000 1000000 8.875492 11.928994 8.857772 12.064470 0.023826 0.032258 0.102011 0.096776 0.032258 0.023825 0.032258 210 317
9 62.310000 60.320000 1000000 8.761362 11.740464 8.747743 11.904892 0.023826 0.032258 0.102012 0.096778 0.032258 0.023825 0.032258 310 328
9 62.310000 60.320000 1000000 8.722847 11.735447 8.709046 11.863836 0.023827 0.032258 0.085498 0.079179 0.032258 0.023828 0.032258 320 332
9 62.310000 60.320000 1000000 8.718809 11.734730 8.704988 11.857971 0.023828 0.032258 0.085498 0.079179 0.032258 0.023828 0.032258 330 443
9 62.310000 60.320000 1000000 8.655725 11.718242 8.641856 11.708902 0.023816 0.032258 0.153001 0.149562 0.032258 0.023816 0.032258 400 447
9 62.310000 60.320000 1000000 8.558914 11.594229 8.600365 11.671023 0.023808 0.032258 0.181774 0.178888 0.032258 0.023820 0.032258 440 456
9 62.310000 60.320000 1000000 8.498140 11.568064 8.530693 11.385104 0.023805 0.032258 0.265895 0.263931 0.032258 0.023813 0.032258 450 565
9 62.310000 60.320000 1000000 8.353006 11.547276 8.437954 11.262914 0.023789 0.032258 0.242625 0.240471 0.032258 0.023812 0.032258 470 604
9 62.310000 60.320000 1000000 7.954132 10.640111 7.936470 10.778312 0.023827 0.032258 0.064385 0.055721 0.032258 0.023825 0.032258 600 757
9 62.310000 60.320000 1000000 7.930176 10.631867 7.909248 10.687649 0.023829 0.032258 0.072133 0.064518 0.032258 0.023827 0.032258 750 1144
9 62.310000 60.320000 1000000 7.897215 10.621832 7.893268 10.667121 0.023830 0.032258 0.066941 0.058656 0.032258 0.023827 0.032258 1140 1165
9 62.310000 60.320000 1000000 7.895724 10.621115 7.893517 10.668098 0.023830 0.032258 0.072126 0.064511 0.032258 0.023827 0.032258 1160 1174
9 62.310000 60.320000 1000000 7.890848 10.620398 7.888637 10.662233 0.023830 0.032258 0.077417 0.070376 0.032258 0.023828 0.032258 1170 1532
9 62.310000 60.320000 1000000 7.886695 10.619681 7.884481 10.656368 0.023831 0.032258 0.072126 0.064511 0.032258 0.023828 0.032258 1530 1663
9 62.310000 60.320000 1000000 7.855149 10.616097 7.884945 10.654413 0.023829 0.032258 0.077420 0.070379 0.032258 0.023829 0.032258 1660 1901
9 62.310000 60.320000 1000000 7.822318 10.611796 7.852488 10.619223 0.023830 0.032258 0.082785 0.076241 0.032258 0.023829 0.032258 1900 2222
9 62.310000 60.320000 1000000 7.730985 10.373087 7.741740 10.498989 0.023828 0.032258 0.072129 0.064514 0.032258 0.023825 0.032258 2220 2835
9 62.310000 60.320000 1000000 7.695821 10.368786 7.727693 10.482126 0.023827 0.032258 0.072129 0.064514 0.032258 0.023828 0.032258 2830 4338
9 62.310000 60.320000 1000000 7.681042 10.365919 7.713097 10.458666 0.023829 0.032258 0.072127 0.064512 0.032258 0.023829 0.032258 2870 6800
9 62.310000 60.320000 1000000 7.658189 10.250507 7.678537 10.431784 0.023827 0.032258 0.066933 0.058647 0.032258 0.023825 0.032258 3280 8956
9 62.310000 60.320000 1000000 7.595581 10.239037 7.630333 10.338188 0.023825 0.032258 0.077428 0.070388 0.032258 0.023829 0.032258 6240 6847
9 62.310000 60.320000 1000000 7.582668 10.237604 7.612803 10.322059 0.023826 0.032258 0.077428 0.070388 0.032258 0.023829 0.032258 6630 8956
9 62.310000 60.320000 1000000 7.541338 10.061619 7.552683 10.248990 0.023823 0.032258 0.074772 0.067455 0.032258 0.023823 0.032258 8950 8988
9 62.310000 60.320000 1000000 7.535392 10.060902 7.546764 10.243125 0.023825 0.032258 0.069527 0.061590 0.032258 0.023824 0.032258 8980 11726
9 62.310000 60.320000 1000000 7.477586 10.050149 7.486959 10.166879 0.023830 0.032258 0.054555 0.043996 0.032258 0.023828 0.032258 11720 12243
9 62.310000 60.320000 1000000 7.470249 10.047999 7.476903 10.142686 0.023830 0.032258 0.049943 0.038127 0.032258 0.023829 0.032258 11740 13354
9 62.310000 60.320000 1000000 7.445409 10.044415 7.452130 10.113360 0.023831 0.032258 0.059381 0.049856 0.032258 0.023829 0.032258 13350 15044
9 62.310000 60.320000 1000000 7.407929 10.038680 7.416702 10.073282 0.023832 0.032258 0.045614 0.032250 0.032258 0.023830 0.032258 15040 17349
9 62.310000 60.320000 1000000 7.335005 9.803197 7.318735 9.976753 0.023823 0.032258 0.072132 0.064517 0.032258 0.023820 0.032258 17340 19727
9 62.310000 60.320000 1000000 7.324545 9.801046 7.320486 9.979685 0.023824 0.032258 0.077416 0.070376 0.032258 0.023819 0.032258 19720 32132
9 62.310000 60.320000 1000000 7.278866 9.793878 7.279141 9.917124 0.023826 0.032258 0.077416 0.070375 0.032258 0.023824 0.032258 26800 35055
9 62.310000 60.320000 1000000 7.274710 9.793161 7.274986 9.911259 0.023827 0.032258 0.077418 0.070377 0.032258 0.023824 0.032258 35050 38391
9 62.310000 60.320000 1000000 7.236474 9.780975 7.232755 9.783696 0.023825 0.032258 0.127327 0.123173 0.032258 0.023823 0.032258 38210 39052
9 62.310000 60.320000 1000000 7.234121 9.780258 7.229514 9.775632 0.023825 0.032258 0.133009 0.129038 0.032258 0.023822 0.032258 39050 40688
9 62.310000 60.320000 1000000 7.227151 9.779541 7.230676 9.776609 0.023824 0.032258 0.138706 0.134903 0.032258 0.023822 0.032258 40680 54004
9 62.310000 60.320000 1000000 7.194206 9.773807 7.201762 9.743374 0.023813 0.032258 0.161615 0.158363 0.032258 0.023811 0.032258 41740 63385
9 62.310000 60.320000 1000000 7.097439 9.754452 7.099682 9.638536 0.023804 0.032258 0.173119 0.170087 0.032258 0.023800 0.032258 52830 66106
9 62.310000 60.320000 1000000 6.994459 9.683126 7.007457 9.527343 0.023812 0.032258 0.107587 0.102638 0.032258 0.023807 0.032258 66100 78433
9 62.310000 60.320000 1000000 6.981894 9.625420 6.988341 9.513902 0.023815 0.032258 0.104794 0.099705 0.032258 0.023811 0.032258 78430 78612
9 62.310000 60.320000 1000000 6.969512 9.567714 6.969451 9.500461 0.023817 0.032258 0.102007 0.096773 0.032258 0.023814 0.032258 78610 112820
9 62.310000 60.320000 1000000 6.933466 9.394596 6.914149 9.460139 0.023820 0.032258 0.110387 0.105569 0.032258 0.023820 0.032258 79610 90304
9 62.310000 60.320000 1000000 6.918924 9.335457 6.896662 9.448653 0.023819 0.032258 0.124484 0.120231 0.032258 0.023820 0.032258 90300 126350
9 62.310000 60.320000 1000000 6.852756 9.324704 6.871611 9.385604 0.023821 0.032258 0.107589 0.102639 0.032258 0.023818 0.032258 107730 168540
9 62.310000 60.320000 1000000 6.820234 9.314310 6.835958 9.277347 0.023825 0.032258 0.088219 0.082110 0.032258 0.023822 0.032258 131800 138249
9 62.310000 60.320000 1000000 6.757767 9.307142 6.842389 9.280279 0.023811 0.032258 0.133003 0.129032 0.032258 0.023825 0.032258 138240 168540
9 62.310000 60.320000 1000000 6.550849 8.606069 6.548822 9.028814 0.023798 0.032258 0.088218 0.082109 0.032258 0.023787 0.032258 168540 206809
9 62.310000 60.320000 1000000 6.517887 8.599618 6.513621 8.971629 0.023808 0.032258 0.093700 0.087973 0.032258 0.023798 0.032258 195750 414032
9 62.310000 60.320000 1000000 6.511172 8.594242 6.503333 8.904427 0.023811 0.032258 0.080100 0.073318 0.032258 0.023803 0.032258 242380 254876
9 62.310000 60.320000 1000000 6.493636 8.590299 6.485060 8.867527 0.023813 0.032258 0.088225 0.082117 0.032258 0.023804 0.032258 254870 414032
9 62.310000 60.320000 1000000 6.346628 8.556966 6.367998 8.620218 0.023828 0.032258 0.054554 0.043996 0.032258 0.023828 0.032258 414030 590709
9 62.310000 60.320000 1000000 6.327082 8.552665 6.345908 8.578430 0.023830 0.032258 0.054555 0.043996 0.032258 0.023829 0.032258 448070 1000000
9 62.310000 60.320000 1000000 6.173869 8.306071 6.158931 8.386837 0.023829 0.032258 0.045623 0.032263 0.032258 0.023826 0.032258 999990 1000000
