20 62.310000 60.320000 1000000 12.788013 17.661644 12.862296 17.426364 0.023817 0.032258 0.239716 0.237535 0.032258 0.023814 0.032258 0 50
20 62.310000 60.320000 1000000 8.949446 12.105338 8.947504 12.146337 0.023834 0.032258 0.033435 0.008792 0.032258 0.023831 0.032258 50 63
20 62.310000 60.320000 1000000 8.581208 10.875235 8.612120 11.851373 0.023730 0.032258 0.074764 0.067447 0.032258 0.023730 0.032258 60 77
20 62.310000 60.320000 1000000 8.575563 10.874518 8.613050 11.852350 0.023726 0.032258 0.074766 0.067449 0.032258 0.023731 0.032258 70 82
20 62.310000 60.320000 1000000 8.566334 10.816812 8.599122 11.838910 0.023719 0.032258 0.077420 0.070380 0.032258 0.023720 0.032258 80 103
20 62.310000 60.320000 1000000 8.351616 10.498892 8.345711 11.493847 0.023665 0.032258 0.321261 0.319637 0.032258 0.023645 0.032258 90 100
20 62.310000 60.320000 1000000 8.046405 10.402477 8.022216 11.156850 0.023647 0.032258 0.184650 0.181811 0.032258 0.023659 0.032258 100 110
20 62.310000 60.320000 1000000 7.881894 10.308929 7.886577 10.936178 0.023736 0.032258 0.135848 0.131963 0.032258 0.023728 0.032258 110 142
20 62.310000 60.320000 1000000 7.786528 10.296743 7.789249 10.834272 0.023773 0.032258 0.090953 0.085040 0.032258 0.023764 0.032258 140 281
20 62.310000 60.320000 1000000 7.682683 10.268428 7.676455 10.551528 0.023806 0.032258 0.099238 0.093848 0.032258 0.023803 0.032258 200 317
20 62.310000 60.320000 1000000 7.670928 10.265919 7.663925 10.526358 0.023804 0.032258 0.107595 0.102646 0.032258 0.023802 0.032258 310 435
20 62.310000 60.320000 1000000 7.638035 10.260901 7.636693 10.487746 0.023811 0.032258 0.085499 0.079180 0.032258 0.023811 0.032258 430 484
20 62.310000 60.320000 1000000 7.559138 10.231869 7.541503 10.177143 0.023825 0.032258 0.110395 0.105577 0.032258 0.023829 0.032258 480 502
20 62.310000 60.320000 1000000 7.551218 10.229002 7.539228 10.172011 0.023828 0.032258 0.099236 0.093847 0.032258 0.023828 0.032258 500 524
20 62.310000 60.320000 1000000 7.459633 9.877032 7.406761 10.035648 0.023817 0.032258 0.144415 0.140766 0.032258 0.023817 0.032258 520 578
20 62.310000 60.320000 1000000 7.402984 9.754452 7.342845 9.984573 0.023817 0.032258 0.121660 0.117306 0.032258 0.023814 0.032258 570 675
20 62.310000 60.320000 1000000 7.311547 9.739398 7.249083 9.861406 0.023820 0.032258 0.116012 0.111437 0.032258 0.023825 0.032258 590 1017
20 62.310000 60.320000 1000000 7.249727 9.730079 7.192739 9.785405 0.023824 0.032258 0.121656 0.117302 0.032258 0.023828 0.032258 1010 1058
20 62.310000 60.320000 1000000 7.245602 9.729362 7.188515 9.779540 0.023825 0.032258 0.116012 0.111437 0.032258 0.023829 0.032258 1050 1153
20 62.310000 60.320000 1000000 7.218110 9.725778 7.178229 9.763900 0.023827 0.032258 0.099231 0.093841 0.032258 0.023829 0.032258 1150 1700
20 62.310000 60.320000 1000000 7.196285 9.722911 7.156036 9.740440 0.023826 0.032258 0.082789 0.076246 0.032258 0.023829 0.032258 1250 1695
20 62.310000 60.320000 1000000 7.183171 9.720760 7.142698 9.722845 0.023825 0.032258 0.077422 0.070381 0.032258 0.023829 0.032258 1690 2163
20 62.310000 60.320000 1000000 7.179526 9.719326 7.143315 9.724799 0.023826 0.032258 0.066937 0.058651 0.032258 0.023829 0.032258 1710 2159
20 62.310000 60.320000 1000000 7.154682 9.603198 7.107762 9.698895 0.023826 0.032258 0.066937 0.058651 0.032258 0.023828 0.032258 2150 2163
20 62.310000 60.320000 1000000 7.153389 9.602123 7.105747 9.685455 0.023826 0.032258 0.069521 0.061584 0.032258 0.023829 0.032258 2160 3326
20 62.310000 60.320000 1000000 7.131386 9.597822 7.099693 9.654664 0.023828 0.032258 0.064384 0.055720 0.032258 0.023829 0.032258 3320 3377
20 62.310000 60.320000 1000000 7.124110 9.597105 7.100919 9.655642 0.023829 0.032258 0.059380 0.049854 0.032258 0.023829 0.032258 3370 3782
20 62.310000 60.320000 1000000 7.116956 9.596388 7.102121 9.656619 0.023829 0.032258 0.054550 0.043990 0.032258 0.023829 0.032258 3780 3909
20 62.310000 60.320000 1000000 7.105181 9.592087 7.100378 9.655642 0.023832 0.032258 0.049936 0.038118 0.032258 0.023829 0.032258 3900 3951
20 62.310000 60.320000 1000000 7.086631 9.587786 7.074783 9.607255 0.023833 0.032258 0.045614 0.032250 0.032258 0.023830 0.032258 3950 4446
20 62.310000 60.320000 1000000 7.080405 9.587069 7.066174 9.599190 0.023832 0.032258 0.045614 0.032250 0.032258 0.023830 0.032258 4440 4502
20 62.310000 60.320000 1000000 7.077914 9.584918 7.062344 9.572309 0.023833 0.032258 0.045621 0.032260 0.032258 0.023831 0.032258 4480 5622
20 62.310000 60.320000 1000000 7.066270 9.527213 7.044412 9.558869 0.023833 0.032258 0.047740 0.035192 0.032258 0.023831 0.032258 5620 6109
20 62.310000 60.320000 1000000 7.062234 9.526496 7.040339 9.553004 0.023833 0.032258 0.043597 0.029328 0.032258 0.023831 0.032258 6100 8375
20 62.310000 60.320000 1000000 7.018005 9.408933 7.008701 9.529055 0.023831 0.032258 0.039889 0.023464 0.032258 0.023829 0.032258 7810 9990
20 62.310000 60.320000 1000000 7.011723 9.408217 7.000025 9.520990 0.023831 0.032258 0.039889 0.023463 0.032258 0.023829 0.032258 9990 11712
20 62.310000 60.320000 1000000 6.989451 9.349077 6.971615 9.495819 0.023830 0.032258 0.045621 0.032260 0.032258 0.023827 0.032258 11710 12688
20 62.310000 60.320000 1000000 6.982466 9.348360 6.972786 9.496797 0.023829 0.032258 0.045621 0.032260 0.032258 0.023827 0.032258 12680 21707
20 62.310000 60.320000 1000000 6.956400 9.345493 6.957952 9.482623 0.023827 0.032258 0.045622 0.032261 0.032258 0.023827 0.032258 17190 24271
20 62.310000 60.320000 1000000 6.936051 9.336532 6.938395 9.399780 0.023830 0.032258 0.047740 0.035193 0.032258 0.023829 0.032258 24270 26693
20 62.310000 60.320000 1000000 6.922470 9.333665 6.924827 9.376320 0.023830 0.032258 0.061864 0.052788 0.032258 0.023829 0.032258 26690 37366
20 62.310000 60.320000 1000000 6.903262 9.330798 6.905639 9.352860 0.023831 0.032258 0.066938 0.058653 0.032258 0.023830 0.032258 28390 37829
20 62.310000 60.320000 1000000 6.892681 9.327930 6.900921 9.349927 0.023832 0.032258 0.056945 0.046927 0.032258 0.023830 0.032258 37820 39418
20 62.310000 60.320000 1000000 6.881066 9.270224 6.883216 9.336486 0.023832 0.032258 0.054553 0.043994 0.032258 0.023829 0.032258 39410 39426
20 62.310000 60.320000 1000000 6.874801 9.269508 6.874606 9.328422 0.023832 0.032258 0.054553 0.043994 0.032258 0.023829 0.032258 39420 43970
20 62.310000 60.320000 1000000 6.859605 9.265207 6.858155 9.283946 0.023832 0.032258 0.054553 0.043994 0.032258 0.023829 0.032258 43970 47831
20 62.310000 60.320000 1000000 6.848065 9.207501 6.840490 9.270505 0.023831 0.032258 0.056943 0.046925 0.032258 0.023828 0.032258 47830 52255
20 62.310000 60.320000 1000000 6.834437 9.205350 6.825847 9.250710 0.023832 0.032258 0.047742 0.035195 0.032258 0.023829 0.032258 52250 60007
20 62.310000 60.320000 1000000 6.811771 9.089938 6.790995 9.223829 0.023829 0.032258 0.052216 0.041060 0.032258 0.023826 0.032258 54440 67842
20 62.310000 60.320000 1000000 6.797714 9.088505 6.793351 9.225784 0.023829 0.032258 0.052216 0.041060 0.032258 0.023826 0.032258 57400 66155
20 62.310000 60.320000 1000000 6.790874 9.087788 6.794491 9.226761 0.023828 0.032258 0.052217 0.041062 0.032258 0.023826 0.032258 66150 86653
20 62.310000 60.320000 1000000 6.714125 9.076318 6.703051 9.115325 0.023826 0.032258 0.066937 0.058652 0.032258 0.023824 0.032258 86650 161250
20 62.310000 60.320000 1000000 6.710678 9.074885 6.703628 9.117280 0.023827 0.032258 0.056943 0.046925 0.032258 0.023824 0.032258 102340 175719
20 62.310000 60.320000 1000000 6.705715 9.073451 6.696779 9.101151 0.023828 0.032258 0.056941 0.046923 0.032258 0.023825 0.032258 102740 109924
20 62.310000 60.320000 1000000 6.658012 8.841911 6.623562 9.039323 0.023822 0.032258 0.072131 0.064516 0.032258 0.023819 0.032258 109920 175719
20 62.310000 60.320000 1000000 6.601803 8.831875 6.593061 8.984827 0.023828 0.032258 0.056934 0.046914 0.032258 0.023825 0.032258 175710 353026
20 62.310000 60.320000 1000000 6.598010 8.828649 6.587241 8.944505 0.023829 0.032258 0.059380 0.049854 0.032258 0.023826 0.032258 216490 463077
20 62.310000 60.320000 1000000 6.589689 8.827216 6.578878 8.932775 0.023830 0.032258 0.054551 0.043991 0.032258 0.023828 0.032258 236860 482523
20 62.310000 60.320000 1000000 6.520841 8.813596 6.559924 8.917135 0.023822 0.032258 0.107589 0.102640 0.032258 0.023826 0.032258 482520 539740
20 62.310000 60.320000 1000000 6.460612 8.579905 6.476890 8.839911 0.023819 0.032258 0.107586 0.102636 0.032258 0.023815 0.032258 539740 582512
20 62.310000 60.320000 1000000 6.449052 8.577037 6.462705 8.809853 0.023820 0.032258 0.096461 0.090908 0.032258 0.023816 0.032258 582510 613136
20 62.310000 60.320000 1000000 6.407345 8.570586 6.415654 8.743627 0.023823 0.032258 0.064383 0.055719 0.032258 0.023821 0.032258 613130 748807
20 62.310000 60.320000 1000000 6.401230 8.569869 6.407275 8.735563 0.023822 0.032258 0.064382 0.055718 0.032258 0.023820 0.032258 748800 860032
20 62.310000 60.320000 1000000 6.373529 8.506787 6.371708 8.664205 0.023824 0.032258 0.064381 0.055717 0.032258 0.023821 0.032258 860030 935598
20 62.310000 60.320000 1000000 6.343616 8.502486 6.341769 8.629015 0.023829 0.032258 0.054547 0.043987 0.032258 0.023826 0.032258 923260 1000000
20 62.310000 60.320000 1000000 6.262221 8.210372 6.230742 8.532485 0.023811 0.032258 0.082788 0.076245 0.032258 0.023803 0.032258 999990 1000000
