38 62.310000 60.320000 1000000 10.642186 14.520025 10.793176 14.431495 0.023784 0.032258 0.196213 0.193543 0.032258 0.023798 0.032258 0 50
38 62.310000 60.320000 1000000 10.478145 14.467696 10.660895 14.023630 0.023733 0.032258 0.324197 0.322588 0.032258 0.023746 0.032258 50 62
38 62.310000 60.320000 1000000 10.220065 14.439739 10.335792 13.731355 0.023782 0.032258 0.213588 0.211138 0.032258 0.023778 0.032258 60 75
38 62.310000 60.320000 1000000 10.014502 13.683109 10.036940 13.488443 0.023812 0.032258 0.187539 0.184744 0.032258 0.023808 0.032258 70 85
38 62.310000 60.320000 1000000 10.009412 13.680959 10.034431 13.482334 0.023810 0.032258 0.199105 0.196474 0.032258 0.023807 0.032258 80 91
38 62.310000 60.320000 1000000 9.847110 13.323253 9.844774 13.321533 0.023824 0.032258 0.107583 0.102633 0.032258 0.023822 0.032258 90 111
38 62.310000 60.320000 1000000 9.762697 13.249418 9.751238 13.160000 0.023832 0.032258 0.045617 0.032253 0.032258 0.023830 0.032258 110 139
38 62.310000 60.320000 1000000 9.742521 13.245834 9.730990 13.130675 0.023831 0.032258 0.054543 0.043982 0.032258 0.023829 0.032258 130 147
38 62.310000 60.320000 1000000 9.724158 13.243684 9.721067 13.119922 0.023832 0.032258 0.045615 0.032251 0.032258 0.023829 0.032258 140 151
38 62.310000 60.320000 1000000 9.705678 13.240816 9.701693 13.094263 0.023831 0.032258 0.059372 0.049845 0.032258 0.023828 0.032258 150 166
38 62.310000 60.320000 1000000 9.676387 13.180243 9.663605 13.055162 0.023831 0.032258 0.052205 0.041047 0.032258 0.023829 0.032258 160 186
38 62.310000 60.320000 1000000 9.596754 13.170924 9.624547 13.011174 0.023830 0.032258 0.061856 0.052778 0.032258 0.023826 0.032258 180 204
38 62.310000 60.320000 1000000 9.590360 13.169490 9.620047 13.006287 0.023830 0.032258 0.061856 0.052778 0.032258 0.023826 0.032258 200 236
38 62.310000 60.320000 1000000 9.509621 12.875942 9.509984 12.907314 0.023834 0.032258 0.045616 0.032253 0.032258 0.023831 0.032258 230 262
38 62.310000 60.320000 1000000 9.486692 12.871283 9.486397 12.864547 0.023832 0.032258 0.056936 0.046916 0.032258 0.023830 0.032258 260 314
38 62.310000 60.320000 1000000 9.392194 12.635441 9.423597 12.817627 0.023828 0.032258 0.077418 0.070377 0.032258 0.023828 0.032258 300 319
38 62.310000 60.320000 1000000 9.352513 12.574150 9.378294 12.774860 0.023829 0.032258 0.064378 0.055713 0.032258 0.023828 0.032258 310 349
38 62.310000 60.320000 1000000 9.289966 12.565548 9.294761 12.680287 0.023827 0.032258 0.064375 0.055709 0.032258 0.023825 0.032258 340 379
38 62.310000 60.320000 1000000 9.284506 12.564831 9.289310 12.674421 0.023827 0.032258 0.064375 0.055709 0.032258 0.023824 0.032258 370 391
38 62.310000 60.320000 1000000 9.264730 12.503541 9.272942 12.665868 0.023827 0.032258 0.077414 0.070373 0.032258 0.023824 0.032258 390 516
38 62.310000 60.320000 1000000 9.242277 12.494581 9.261671 12.573739 0.023827 0.032258 0.059374 0.049847 0.032258 0.023826 0.032258 450 573
38 62.310000 60.320000 1000000 9.170327 12.203900 9.159934 12.488939 0.023823 0.032258 0.056933 0.046912 0.032258 0.023818 0.032258 570 655
38 62.310000 60.320000 1000000 9.166857 12.203183 9.156452 12.483074 0.023824 0.032258 0.056933 0.046912 0.032258 0.023819 0.032258 650 909
38 62.310000 60.320000 1000000 9.157308 12.201750 9.146870 12.471344 0.023824 0.032258 0.061857 0.052780 0.032258 0.023819 0.032258 690 731
38 62.310000 60.320000 1000000 9.152633 12.201033 9.142179 12.465479 0.023824 0.032258 0.066932 0.058645 0.032258 0.023819 0.032258 730 909
38 62.310000 60.320000 1000000 9.123521 12.196015 9.112001 12.422224 0.023827 0.032258 0.047734 0.035185 0.032258 0.023823 0.032258 900 1043
38 62.310000 60.320000 1000000 9.112767 12.194581 9.101206 12.410494 0.023826 0.032258 0.056932 0.046911 0.032258 0.023823 0.032258 930 963
38 62.310000 60.320000 1000000 9.107503 12.193864 9.095922 12.404629 0.023826 0.032258 0.061854 0.052776 0.032258 0.023822 0.032258 960 1043
38 62.310000 60.320000 1000000 9.104962 12.193147 9.092414 12.396565 0.023826 0.032258 0.061854 0.052776 0.032258 0.023823 0.032258 1040 1133
38 62.310000 60.320000 1000000 9.098754 12.192431 9.083839 12.388500 0.023826 0.032258 0.061853 0.052775 0.032258 0.023822 0.032258 1130 1297
38 62.310000 60.320000 1000000 9.077458 12.185979 9.054374 12.315920 0.023825 0.032258 0.104783 0.099694 0.032258 0.023822 0.032258 1250 1444
38 62.310000 60.320000 1000000 9.019553 12.165191 8.988449 12.090118 0.023829 0.032258 0.133005 0.129034 0.032258 0.023827 0.032258 1410 1438
38 62.310000 60.320000 1000000 8.990000 12.158739 8.958586 12.037332 0.023830 0.032258 0.099235 0.093846 0.032258 0.023828 0.032258 1430 1792
38 62.310000 60.320000 1000000 8.973347 12.155872 8.940898 12.011672 0.023830 0.032258 0.088227 0.082119 0.032258 0.023829 0.032258 1790 1875
38 62.310000 60.320000 1000000 8.967921 12.155155 8.935413 12.005807 0.023830 0.032258 0.093708 0.087981 0.032258 0.023829 0.032258 1870 2144
38 62.310000 60.320000 1000000 8.963250 12.154438 8.930691 11.999942 0.023829 0.032258 0.088227 0.082119 0.032258 0.023829 0.032258 2140 2290
38 62.310000 60.320000 1000000 8.961011 12.153721 8.927577 11.991878 0.023829 0.032258 0.093711 0.087984 0.032258 0.023828 0.032258 2290 2405
38 62.310000 60.320000 1000000 8.954601 12.153005 8.918660 11.983813 0.023829 0.032258 0.093711 0.087984 0.032258 0.023829 0.032258 2400 2894
38 62.310000 60.320000 1000000 8.752581 11.676661 8.710786 11.788066 0.023825 0.032258 0.130164 0.126104 0.032258 0.023825 0.032258 2890 3449
38 62.310000 60.320000 1000000 8.708340 11.552647 8.676611 11.766072 0.023825 0.032258 0.085504 0.079185 0.032258 0.023820 0.032258 3440 3457
38 62.310000 60.320000 1000000 8.704148 11.551930 8.672373 11.760207 0.023826 0.032258 0.080102 0.073320 0.032258 0.023821 0.032258 3450 4009
38 62.310000 60.320000 1000000 8.643815 11.544045 8.655076 11.736746 0.023825 0.032258 0.090965 0.085053 0.032258 0.023820 0.032258 4000 6397
38 62.310000 60.320000 1000000 8.584148 11.534726 8.611589 11.674185 0.023817 0.032258 0.124498 0.120246 0.032258 0.023813 0.032258 6390 11684
38 62.310000 60.320000 1000000 8.330547 11.442611 8.591160 11.671497 0.023588 0.032258 0.353391 0.351916 0.032258 0.023859 0.032258 11680 16024
38 62.310000 60.320000 1000000 7.744234 8.711073 7.801985 10.864069 0.023273 0.032258 0.170233 0.167149 0.032258 0.023294 0.032258 16020 16472
38 62.310000 60.320000 1000000 7.738685 8.710356 7.796559 10.858204 0.023274 0.032258 0.175996 0.173014 0.032258 0.023295 0.032258 16470 18361
38 62.310000 60.320000 1000000 7.528309 8.678815 7.591090 10.600139 0.023139 0.032258 0.414735 0.413478 0.032258 0.023149 0.032258 17740 18765
38 62.310000 60.320000 1000000 7.524085 8.678098 7.591776 10.601116 0.023131 0.032258 0.414735 0.413478 0.032258 0.023151 0.032258 18760 21250
38 62.310000 60.320000 1000000 7.519949 8.677381 7.592446 10.602094 0.023122 0.032258 0.414735 0.413478 0.032258 0.023152 0.032258 21250 25149
38 62.310000 60.320000 1000000 7.516338 8.676664 7.587620 10.594029 0.023125 0.032258 0.414735 0.413478 0.032258 0.023156 0.032258 25140 26394
38 62.310000 60.320000 1000000 7.492953 8.673080 7.564893 10.564704 0.023145 0.032258 0.408888 0.407613 0.032258 0.023175 0.032258 25440 30161
38 62.310000 60.320000 1000000 7.286948 8.639747 7.364017 10.287336 0.023083 0.032258 0.405980 0.404696 0.032258 0.023098 0.032258 30160 36552
38 62.310000 60.320000 1000000 7.268009 8.636163 7.338753 10.247014 0.023104 0.032258 0.411825 0.410559 0.032258 0.023124 0.032258 32480 36915
38 62.310000 60.320000 1000000 6.995795 8.608206 6.967929 9.932499 0.023127 0.032258 0.184661 0.181821 0.032258 0.023147 0.032258 34670 44232
38 62.310000 60.320000 1000000 6.749094 8.282400 6.720415 9.587682 0.023107 0.032258 0.432293 0.431088 0.032258 0.023140 0.032258 38640 53011
38 62.310000 60.320000 1000000 6.507401 8.246558 6.490493 9.324488 0.023300 0.032258 0.199102 0.196471 0.032258 0.023309 0.032258 53010 70706
38 62.310000 60.320000 1000000 6.291461 8.198172 6.179157 8.762668 0.023522 0.032258 0.184664 0.181824 0.032258 0.023683 0.032258 58620 68517
38 62.310000 60.320000 1000000 6.256064 8.191720 6.140850 8.707683 0.023507 0.032258 0.196223 0.193553 0.032258 0.023678 0.032258 68510 84124
38 62.310000 60.320000 1000000 6.230068 8.184552 6.108992 8.638036 0.023493 0.032258 0.207804 0.205285 0.032258 0.023671 0.032258 84120 90329
38 62.310000 60.320000 1000000 6.215340 8.182401 6.093366 8.620440 0.023487 0.032258 0.202012 0.199420 0.032258 0.023669 0.032258 90320 90360
38 62.310000 60.320000 1000000 6.211547 8.181685 6.094036 8.621418 0.023497 0.032258 0.196225 0.193555 0.032258 0.023667 0.032258 90360 100583
38 62.310000 60.320000 1000000 6.197559 8.179534 6.096495 8.624350 0.023514 0.032258 0.178892 0.175960 0.032258 0.023663 0.032258 100580 100703
38 62.310000 60.320000 1000000 6.191117 8.178817 6.097621 8.625328 0.023511 0.032258 0.178892 0.175960 0.032258 0.023663 0.032258 100700 103101
38 62.310000 60.320000 1000000 6.185353 8.178100 6.089321 8.617263 0.023508 0.032258 0.178892 0.175960 0.032258 0.023661 0.032258 103100 103121
38 62.310000 60.320000 1000000 6.181701 8.177384 6.089958 8.618241 0.023518 0.032258 0.173127 0.170095 0.032258 0.023660 0.032258 103120 124631
38 62.310000 60.320000 1000000 6.171167 8.119678 6.073100 8.604800 0.023512 0.032258 0.176009 0.173027 0.032258 0.023654 0.032258 124630 142559
38 62.310000 60.320000 1000000 6.151593 8.116811 6.052556 8.581340 0.023502 0.032258 0.170246 0.167162 0.032258 0.023649 0.032258 142550 146806
38 62.310000 60.320000 1000000 6.145857 8.116094 6.044269 8.573275 0.023499 0.032258 0.170246 0.167162 0.032258 0.023647 0.032258 146800 154361
38 62.310000 60.320000 1000000 6.143729 8.115377 6.041193 8.565211 0.023498 0.032258 0.176007 0.173026 0.032258 0.023646 0.032258 154360 167404
38 62.310000 60.320000 1000000 5.941357 8.033300 5.932069 8.006338 0.023832 0.032258 0.043599 0.029331 0.032258 0.023830 0.032258 158030 169085
38 62.310000 60.320000 1000000 5.936783 8.032583 5.927472 8.000472 0.023832 0.032258 0.047743 0.035196 0.032258 0.023829 0.032258 169080 175586
38 62.310000 60.320000 1000000 5.854083 7.739755 5.811126 7.895879 0.023823 0.032258 0.059383 0.049857 0.032258 0.023822 0.032258 175580 181277
38 62.310000 60.320000 1000000 5.847739 7.739038 5.802203 7.887814 0.023824 0.032258 0.064386 0.055722 0.032258 0.023823 0.032258 181270 210111
38 62.310000 60.320000 1000000 5.815202 7.734737 5.764094 7.848225 0.023824 0.032258 0.059383 0.049858 0.032258 0.023828 0.032258 210110 239292
38 62.310000 60.320000 1000000 5.812750 7.734020 5.760632 7.840160 0.023825 0.032258 0.064384 0.055719 0.032258 0.023828 0.032258 239290 326993
38 62.310000 60.320000 1000000 5.797649 7.732586 5.763206 7.842116 0.023829 0.032258 0.054549 0.043989 0.032258 0.023827 0.032258 251610 282517
38 62.310000 60.320000 1000000 5.783786 7.730436 5.757817 7.831363 0.023830 0.032258 0.045623 0.032262 0.032258 0.023828 0.032258 282510 326993
38 62.310000 60.320000 1000000 5.781354 7.729719 5.754427 7.823298 0.023831 0.032258 0.045623 0.032262 0.032258 0.023829 0.032258 326990 437846
38 62.310000 60.320000 1000000 5.774109 7.727568 5.750981 7.819388 0.023831 0.032258 0.045617 0.032255 0.032258 0.023829 0.032258 437840 497565
38 62.310000 60.320000 1000000 5.766876 7.726852 5.752198 7.820366 0.023832 0.032258 0.041677 0.026390 0.032258 0.023829 0.032258 497560 537223
38 62.310000 60.320000 1000000 5.737528 7.610724 5.719151 7.794462 0.023827 0.032258 0.041677 0.026390 0.032258 0.023822 0.032258 537220 627658
38 62.310000 60.320000 1000000 5.711914 7.607856 5.717599 7.791529 0.023826 0.032258 0.038234 0.020525 0.032258 0.023823 0.032258 627650 671368
38 62.310000 60.320000 1000000 5.707012 7.607139 5.712712 7.785664 0.023826 0.032258 0.038234 0.020525 0.032258 0.023824 0.032258 671360 718191
38 62.310000 60.320000 1000000 5.705745 7.606064 5.710781 7.772223 0.023827 0.032258 0.036747 0.017600 0.032258 0.023824 0.032258 718190 738681
38 62.310000 60.320000 1000000 5.700021 7.605347 5.705072 7.766358 0.023827 0.032258 0.034326 0.011735 0.032258 0.023825 0.032258 738680 948270
38 62.310000 60.320000 1000000 5.693639 7.604631 5.696316 7.758294 0.023828 0.032258 0.034326 0.011735 0.032258 0.023825 0.032258 948270 1000000
38 62.310000 60.320000 1000000 5.693639 7.604631 5.696316 7.758294 0.023828 0.032258 0.034326 0.011735 0.032258 0.023825 0.032258 999990 1000000
