39 62.310000 60.320000 1000000 10.461891 14.045115 10.468968 14.123824 0.023812 0.032258 0.113211 0.108518 0.032258 0.023810 0.032258 0 51
39 62.310000 60.320000 1000000 9.946063 13.953360 10.097449 13.565911 0.023791 0.032258 0.210688 0.208204 0.032258 0.023803 0.032258 50 60
39 62.310000 60.320000 1000000 9.745393 13.923611 9.896931 13.303694 0.023766 0.032258 0.219383 0.216998 0.032258 0.023764 0.032258 60 100
39 62.310000 60.320000 1000000 9.356534 12.735082 9.373568 12.679066 0.023831 0.032258 0.077415 0.070374 0.032258 0.023828 0.032258 100 138
39 62.310000 60.320000 1000000 9.321141 12.729348 9.331152 12.625547 0.023832 0.032258 0.039883 0.023453 0.032258 0.023829 0.032258 110 123
39 62.310000 60.320000 1000000 9.318033 12.728631 9.328054 12.619682 0.023832 0.032258 0.039884 0.023455 0.032258 0.023829 0.032258 120 138
39 62.310000 60.320000 1000000 9.306006 12.670925 9.309720 12.606241 0.023833 0.032258 0.038233 0.020523 0.032258 0.023830 0.032258 130 153
39 62.310000 60.320000 1000000 9.275891 12.667340 9.270345 12.568118 0.023831 0.032258 0.045617 0.032254 0.032258 0.023828 0.032258 150 171
39 62.310000 60.320000 1000000 9.141195 12.139743 9.079844 12.377259 0.023826 0.032258 0.064387 0.055724 0.032258 0.023825 0.032258 170 245
39 62.310000 60.320000 1000000 9.112025 12.136875 9.084777 12.381169 0.023828 0.032258 0.045624 0.032264 0.032258 0.023824 0.032258 190 219
39 62.310000 60.320000 1000000 9.104971 12.136158 9.085962 12.382147 0.023828 0.032258 0.045624 0.032264 0.032258 0.023824 0.032258 210 245
39 62.310000 60.320000 1000000 9.093291 12.134725 9.071821 12.368217 0.023828 0.032258 0.045624 0.032264 0.032258 0.023824 0.032258 240 331
39 62.310000 60.320000 1000000 9.030924 12.126123 9.014343 12.298325 0.023828 0.032258 0.054551 0.043991 0.032258 0.023825 0.032258 330 405
39 62.310000 60.320000 1000000 8.999004 12.122538 9.014040 12.296370 0.023825 0.032258 0.059385 0.049859 0.032258 0.023826 0.032258 400 415
39 62.310000 60.320000 1000000 8.997705 12.121463 9.012066 12.282929 0.023826 0.032258 0.061867 0.052792 0.032258 0.023826 0.032258 410 586
39 62.310000 60.320000 1000000 8.965610 12.115728 8.980124 12.236009 0.023826 0.032258 0.082799 0.076257 0.032258 0.023827 0.032258 560 590
39 62.310000 60.320000 1000000 8.929329 11.996015 8.930469 12.164651 0.023827 0.032258 0.088231 0.082122 0.032258 0.023827 0.032258 590 630
39 62.310000 60.320000 1000000 8.925118 11.995298 8.926260 12.158786 0.023827 0.032258 0.082799 0.076257 0.032258 0.023827 0.032258 630 911
39 62.310000 60.320000 1000000 8.885009 11.988847 8.874132 12.090604 0.023827 0.032258 0.082799 0.076256 0.032258 0.023826 0.032258 760 780
39 62.310000 60.320000 1000000 8.880933 11.988130 8.870041 12.084739 0.023827 0.032258 0.077431 0.070391 0.032258 0.023827 0.032258 780 931
39 62.310000 60.320000 1000000 8.730484 11.236518 8.642503 11.898278 0.023793 0.032258 0.096470 0.090917 0.032258 0.023782 0.032258 820 971
39 62.310000 60.320000 1000000 8.709758 11.174511 8.629052 11.890702 0.023791 0.032258 0.082784 0.076241 0.032258 0.023774 0.032258 970 1041
39 62.310000 60.320000 1000000 8.693204 11.172360 8.612028 11.873107 0.023793 0.032258 0.077416 0.070376 0.032258 0.023777 0.032258 1040 1249
39 62.310000 60.320000 1000000 8.588662 11.160891 8.629574 11.888747 0.023769 0.032258 0.082787 0.076243 0.032258 0.023781 0.032258 1100 1650
39 62.310000 60.320000 1000000 8.479921 11.146554 8.489154 11.743097 0.023752 0.032258 0.099226 0.093837 0.032258 0.023752 0.032258 1650 1968
39 62.310000 60.320000 1000000 8.368559 11.073794 8.370847 11.597204 0.023744 0.032258 0.090949 0.085036 0.032258 0.023742 0.032258 1960 2905
39 62.310000 60.320000 1000000 8.275107 11.055515 8.281265 11.456686 0.023756 0.032258 0.201998 0.199405 0.032258 0.023752 0.032258 2900 4123
39 62.310000 60.320000 1000000 8.257555 11.051214 8.257156 11.408299 0.023766 0.032258 0.190426 0.187674 0.032258 0.023765 0.032258 3420 5244
39 62.310000 60.320000 1000000 8.235492 10.935802 8.223372 11.381418 0.023761 0.032258 0.184648 0.181808 0.032258 0.023759 0.032258 3720 5272
39 62.310000 60.320000 1000000 8.162249 10.925766 8.149799 11.299306 0.023780 0.032258 0.104786 0.099697 0.032258 0.023779 0.032258 4160 4314
39 62.310000 60.320000 1000000 8.157593 10.925049 8.145122 11.293441 0.023780 0.032258 0.099222 0.093832 0.032258 0.023778 0.032258 4310 4790
39 62.310000 60.320000 1000000 8.153012 10.924332 8.140520 11.287576 0.023779 0.032258 0.093695 0.087967 0.032258 0.023778 0.032258 4790 5272
39 62.310000 60.320000 1000000 8.138108 10.921106 8.124699 11.256540 0.023778 0.032258 0.085492 0.079172 0.032258 0.023777 0.032258 5270 5296
39 62.310000 60.320000 1000000 8.136535 10.920031 8.122284 11.243100 0.023779 0.032258 0.082783 0.076240 0.032258 0.023779 0.032258 5290 6103
39 62.310000 60.320000 1000000 8.132611 10.919314 8.118340 11.237235 0.023781 0.032258 0.077416 0.070375 0.032258 0.023781 0.032258 6100 6591
39 62.310000 60.320000 1000000 8.069924 10.627917 8.035426 11.173940 0.023774 0.032258 0.096456 0.090902 0.032258 0.023763 0.032258 6470 9720
39 62.310000 60.320000 1000000 7.978406 10.498168 7.931188 11.029757 0.023782 0.032258 0.107585 0.102635 0.032258 0.023772 0.032258 8110 8876
39 62.310000 60.320000 1000000 7.974669 10.497451 7.927384 11.023892 0.023781 0.032258 0.113192 0.108498 0.032258 0.023771 0.032258 8870 9720
39 62.310000 60.320000 1000000 7.899826 10.467344 7.883050 10.707182 0.023792 0.032258 0.141563 0.137839 0.032258 0.023795 0.032258 9530 12225
39 62.310000 60.320000 1000000 7.890512 10.465910 7.873676 10.695452 0.023792 0.032258 0.141563 0.137839 0.032258 0.023795 0.032258 10140 15580
39 62.310000 60.320000 1000000 7.835676 10.451573 7.797481 10.534164 0.023814 0.032258 0.147278 0.143702 0.032258 0.023828 0.032258 10530 17440
39 62.310000 60.320000 1000000 7.584894 9.508205 7.495128 10.278055 0.023752 0.032258 0.130162 0.126101 0.032258 0.023720 0.032258 14840 18816
39 62.310000 60.320000 1000000 7.491050 9.498170 7.455598 10.246530 0.023764 0.032258 0.096466 0.090913 0.032258 0.023738 0.032258 18810 21706
39 62.310000 60.320000 1000000 7.484393 9.497453 7.456721 10.247507 0.023762 0.032258 0.096466 0.090913 0.032258 0.023738 0.032258 21700 24000
39 62.310000 60.320000 1000000 7.481766 9.496736 7.453069 10.239443 0.023763 0.032258 0.102010 0.096776 0.032258 0.023739 0.032258 24000 34335
39 62.310000 60.320000 1000000 7.474563 9.495302 7.445782 10.227713 0.023766 0.032258 0.096465 0.090912 0.032258 0.023742 0.032258 25960 39273
39 62.310000 60.320000 1000000 7.143991 9.163762 7.256925 9.986512 0.023546 0.032258 0.335855 0.334302 0.032258 0.023637 0.032258 39270 42061
39 62.310000 60.320000 1000000 7.065922 9.146199 7.181735 9.838175 0.023551 0.032258 0.461545 0.460416 0.032258 0.023633 0.032258 42060 210974
39 62.310000 60.320000 1000000 7.046285 9.030787 7.153109 9.811293 0.023536 0.032258 0.455694 0.454551 0.032258 0.023609 0.032258 49210 110575
39 62.310000 60.320000 1000000 6.695440 8.479892 6.705522 9.379478 0.023561 0.032258 0.283376 0.281534 0.032258 0.023580 0.032258 55430 88767
39 62.310000 60.320000 1000000 6.529562 8.397096 6.516150 9.134368 0.023600 0.032258 0.239723 0.237543 0.032258 0.023628 0.032258 88760 115243
39 62.310000 60.320000 1000000 6.351586 8.352652 6.441687 9.006559 0.023641 0.032258 0.356294 0.354831 0.032258 0.023654 0.032258 115240 217894
39 62.310000 60.320000 1000000 6.299995 8.347635 6.392264 8.965503 0.023690 0.032258 0.315429 0.313775 0.032258 0.023693 0.032258 116530 295491
39 62.310000 60.320000 1000000 6.121717 8.321828 6.204181 8.725768 0.023722 0.032258 0.228090 0.225798 0.032258 0.023698 0.032258 139270 242684
39 62.310000 60.320000 1000000 6.085738 8.316093 6.156527 8.661252 0.023725 0.032258 0.210683 0.208199 0.032258 0.023695 0.032258 179320 295491
39 62.310000 60.320000 1000000 5.917120 7.929000 5.926928 8.100177 0.023820 0.032258 0.080098 0.073316 0.032258 0.023820 0.032258 295490 321769
39 62.310000 60.320000 1000000 5.846586 7.582050 5.819708 8.011468 0.023795 0.032258 0.085499 0.079181 0.032258 0.023784 0.032258 321760 460142
39 62.310000 60.320000 1000000 5.818404 7.575957 5.804955 7.961372 0.023792 0.032258 0.104796 0.099708 0.032258 0.023786 0.032258 416760 501505
39 62.310000 60.320000 1000000 5.770899 7.565563 5.750305 7.879261 0.023803 0.032258 0.074766 0.067449 0.032258 0.023797 0.032258 501500 599814
39 62.310000 60.320000 1000000 5.759584 7.562696 5.742623 7.874129 0.023804 0.032258 0.069517 0.061579 0.032258 0.023796 0.032258 599810 610301
39 62.310000 60.320000 1000000 5.754055 7.561979 5.737045 7.868264 0.023808 0.032258 0.064379 0.055714 0.032258 0.023799 0.032258 610300 653129
39 62.310000 60.320000 1000000 5.752725 7.560903 5.734995 7.854823 0.023808 0.032258 0.061858 0.052781 0.032258 0.023800 0.032258 653120 704142
39 62.310000 60.320000 1000000 5.717131 7.555886 5.699066 7.813768 0.023818 0.032258 0.047735 0.035187 0.032258 0.023811 0.032258 669780 747322
39 62.310000 60.320000 1000000 5.714613 7.555169 5.695570 7.805703 0.023818 0.032258 0.052208 0.041050 0.032258 0.023812 0.032258 747320 787154
39 62.310000 60.320000 1000000 5.700321 7.552301 5.683128 7.789085 0.023822 0.032258 0.052209 0.041052 0.032258 0.023816 0.032258 787150 927506
39 62.310000 60.320000 1000000 5.679440 7.549434 5.678360 7.779310 0.023823 0.032258 0.043592 0.029321 0.032258 0.023819 0.032258 825460 928855
39 62.310000 60.320000 1000000 5.653467 7.545850 5.646692 7.743386 0.023823 0.032258 0.047734 0.035184 0.032258 0.023819 0.032258 928850 928887
39 62.310000 60.320000 1000000 5.652098 7.544774 5.644593 7.729946 0.023824 0.032258 0.045615 0.032251 0.032258 0.023820 0.032258 928880 1000000
39 62.310000 60.320000 1000000 5.638685 7.541907 5.631126 7.706485 0.023827 0.032258 0.045617 0.032254 0.032258 0.023823 0.032258 999990 1000000
