55 62.310000 60.320000 1000000 12.727526 16.806796 12.758302 17.240147 0.023797 0.032258 0.242637 0.240483 0.032258 0.023793 0.032258 0 50
55 62.310000 60.320000 1000000 9.725750 12.406053 9.424402 12.973065 0.023708 0.032258 0.330025 0.328445 0.032258 0.023766 0.032258 50 61
55 62.310000 60.320000 1000000 9.459524 12.313580 9.359698 12.869204 0.023786 0.032258 0.219383 0.216999 0.032258 0.023776 0.032258 60 71
55 62.310000 60.320000 1000000 9.295858 12.294225 9.301202 12.799801 0.023802 0.032258 0.121649 0.117294 0.032258 0.023799 0.032258 70 85
55 62.310000 60.320000 1000000 9.175019 12.269494 9.189761 12.629470 0.023822 0.032258 0.102008 0.096774 0.032258 0.023817 0.032258 80 108
55 62.310000 60.320000 1000000 9.151371 12.202111 9.153733 12.495063 0.023826 0.032258 0.080095 0.073312 0.032258 0.023822 0.032258 100 129
55 62.310000 60.320000 1000000 9.111431 12.197093 9.121775 12.460851 0.023825 0.032258 0.080094 0.073311 0.032258 0.023822 0.032258 120 133
55 62.310000 60.320000 1000000 9.106759 12.196376 9.117119 12.454986 0.023825 0.032258 0.080094 0.073311 0.032258 0.023822 0.032258 130 169
55 62.310000 60.320000 1000000 9.078856 12.191359 9.089312 12.413930 0.023825 0.032258 0.090954 0.085041 0.032258 0.023822 0.032258 160 171
55 62.310000 60.320000 1000000 9.062891 12.132936 9.067433 12.394624 0.023824 0.032258 0.088219 0.082109 0.032258 0.023820 0.032258 170 213
55 62.310000 60.320000 1000000 9.018093 12.127201 9.008439 12.334507 0.023825 0.032258 0.066936 0.058650 0.032258 0.023821 0.032258 180 202
55 62.310000 60.320000 1000000 8.957644 12.115015 8.942567 12.226003 0.023828 0.032258 0.077412 0.070371 0.032258 0.023825 0.032258 200 213
55 62.310000 60.320000 1000000 8.933236 11.998528 8.905006 12.185681 0.023827 0.032258 0.080088 0.073304 0.032258 0.023824 0.032258 210 257
55 62.310000 60.320000 1000000 8.843164 11.931503 8.892798 12.166864 0.023816 0.032258 0.104787 0.099698 0.032258 0.023826 0.032258 250 282
55 62.310000 60.320000 1000000 8.655483 11.446559 8.674743 11.886562 0.023799 0.032258 0.152996 0.149556 0.032258 0.023796 0.032258 280 302
55 62.310000 60.320000 1000000 8.637478 11.444408 8.671697 11.882652 0.023796 0.032258 0.158734 0.155421 0.032258 0.023798 0.032258 300 321
55 62.310000 60.320000 1000000 8.617616 11.442258 8.644676 11.858459 0.023799 0.032258 0.152997 0.149557 0.032258 0.023800 0.032258 320 385
55 62.310000 60.320000 1000000 8.606774 11.384552 8.628251 11.845018 0.023796 0.032258 0.150131 0.146625 0.032258 0.023796 0.032258 380 450
55 62.310000 60.320000 1000000 8.484184 11.344767 8.487040 11.417115 0.023806 0.032258 0.181775 0.178890 0.032258 0.023810 0.032258 450 461
55 62.310000 60.320000 1000000 8.333159 11.152295 8.316977 11.216237 0.023804 0.032258 0.190435 0.187684 0.032258 0.023806 0.032258 460 543
55 62.310000 60.320000 1000000 8.314830 11.149428 8.298540 11.192776 0.023802 0.032258 0.196217 0.193547 0.032258 0.023805 0.032258 470 849
55 62.310000 60.320000 1000000 8.280096 11.145843 8.282263 11.179580 0.023805 0.032258 0.196219 0.193549 0.032258 0.023812 0.032258 510 942
55 62.310000 60.320000 1000000 7.904708 10.467710 7.819530 10.714529 0.023815 0.032258 0.116012 0.111437 0.032258 0.023819 0.032258 680 713
55 62.310000 60.320000 1000000 7.902896 10.466993 7.819842 10.715506 0.023816 0.032258 0.110391 0.105572 0.032258 0.023819 0.032258 710 942
55 62.310000 60.320000 1000000 7.879477 10.458033 7.817082 10.683004 0.023820 0.032258 0.118826 0.114364 0.032258 0.023820 0.032258 940 1034
55 62.310000 60.320000 1000000 7.866719 10.455882 7.804015 10.665409 0.023821 0.032258 0.118828 0.114366 0.032258 0.023821 0.032258 1030 1154
55 62.310000 60.320000 1000000 7.836743 10.451581 7.789428 10.639505 0.023825 0.032258 0.096460 0.090906 0.032258 0.023824 0.032258 1140 1193
55 62.310000 60.320000 1000000 7.834191 10.450864 7.785855 10.631440 0.023826 0.032258 0.090953 0.085041 0.032258 0.023825 0.032258 1190 1209
55 62.310000 60.320000 1000000 7.823141 10.393159 7.768636 10.618000 0.023824 0.032258 0.093701 0.087973 0.032258 0.023822 0.032258 1200 1685
55 62.310000 60.320000 1000000 7.798196 10.388141 7.741773 10.567658 0.023825 0.032258 0.077418 0.070377 0.032258 0.023826 0.032258 1400 1548
55 62.310000 60.320000 1000000 7.796946 10.387065 7.739820 10.554217 0.023825 0.032258 0.074771 0.067455 0.032258 0.023826 0.032258 1540 1685
55 62.310000 60.320000 1000000 7.772091 10.383481 7.730358 10.534178 0.023829 0.032258 0.049944 0.038129 0.032258 0.023828 0.032258 1680 1777
55 62.310000 60.320000 1000000 7.732896 10.377030 7.683593 10.474795 0.023826 0.032258 0.085503 0.079184 0.032258 0.023826 0.032258 1770 2290
55 62.310000 60.320000 1000000 7.670357 10.313231 7.672453 10.454756 0.023826 0.032258 0.059386 0.049861 0.032258 0.023825 0.032258 2290 2350
55 62.310000 60.320000 1000000 7.667779 10.312514 7.668910 10.446691 0.023827 0.032258 0.059382 0.049856 0.032258 0.023825 0.032258 2350 3552
55 62.310000 60.320000 1000000 7.638530 10.306062 7.634164 10.380709 0.023829 0.032258 0.069524 0.061587 0.032258 0.023828 0.032258 2860 4358
55 62.310000 60.320000 1000000 7.614114 10.300327 7.615751 10.354316 0.023831 0.032258 0.064375 0.055710 0.032258 0.023828 0.032258 4350 4584
55 62.310000 60.320000 1000000 7.597815 10.293876 7.607493 10.326458 0.023832 0.032258 0.059376 0.049849 0.032258 0.023830 0.032258 4580 5579
55 62.310000 60.320000 1000000 7.590924 10.293159 7.608636 10.327435 0.023832 0.032258 0.064379 0.055714 0.032258 0.023830 0.032258 5570 7892
55 62.310000 60.320000 1000000 7.549396 10.231152 7.561173 10.278804 0.023831 0.032258 0.072127 0.064512 0.032258 0.023828 0.032258 7890 7906
55 62.310000 60.320000 1000000 7.543898 10.230435 7.555701 10.272939 0.023831 0.032258 0.072127 0.064511 0.032258 0.023828 0.032258 7900 9472
55 62.310000 60.320000 1000000 7.530587 10.224701 7.539813 10.207446 0.023833 0.032258 0.052209 0.041051 0.032258 0.023830 0.032258 8950 13341
55 62.310000 60.320000 1000000 7.470770 10.103554 7.462400 10.133888 0.023833 0.032258 0.052210 0.041052 0.032258 0.023830 0.032258 13340 13936
55 62.310000 60.320000 1000000 7.462148 10.098536 7.451214 10.074261 0.023832 0.032258 0.056945 0.046928 0.032258 0.023830 0.032258 13930 16629
55 62.310000 60.320000 1000000 7.431429 10.093518 7.441514 10.044936 0.023832 0.032258 0.061868 0.052793 0.032258 0.023830 0.032258 15640 16321
55 62.310000 60.320000 1000000 7.417898 10.091368 7.427172 10.025141 0.023833 0.032258 0.056945 0.046928 0.032258 0.023830 0.032258 16320 18035
55 62.310000 60.320000 1000000 7.383879 10.027210 7.394340 9.986285 0.023833 0.032258 0.041678 0.026391 0.032258 0.023830 0.032258 18030 20215
55 62.310000 60.320000 1000000 7.307931 9.961619 7.287883 9.884135 0.023817 0.032258 0.088218 0.082108 0.032258 0.023809 0.032258 20210 22304
55 62.310000 60.320000 1000000 7.296483 9.958035 7.271998 9.843812 0.023815 0.032258 0.104790 0.099701 0.032258 0.023807 0.032258 20370 25742
55 62.310000 60.320000 1000000 7.211198 9.553377 7.141848 9.743862 0.023810 0.032258 0.124480 0.120228 0.032258 0.023806 0.032258 25740 33446
55 62.310000 60.320000 1000000 7.191637 9.550510 7.121709 9.720401 0.023811 0.032258 0.147263 0.143686 0.032258 0.023810 0.032258 28920 38527
55 62.310000 60.320000 1000000 7.020936 9.529721 7.030936 9.616540 0.023813 0.032258 0.085493 0.079174 0.032258 0.023812 0.032258 38520 62723
55 62.310000 60.320000 1000000 6.998969 9.517535 6.999232 9.468694 0.023814 0.032258 0.124491 0.120239 0.032258 0.023814 0.032258 43950 72734
55 62.310000 60.320000 1000000 6.910846 9.496030 6.929879 9.361412 0.023825 0.032258 0.085494 0.079174 0.032258 0.023821 0.032258 68860 81399
55 62.310000 60.320000 1000000 6.901014 9.494596 6.920128 9.349682 0.023826 0.032258 0.074761 0.067444 0.032258 0.023822 0.032258 71140 87498
55 62.310000 60.320000 1000000 6.850900 9.486711 6.859341 9.274169 0.023816 0.032258 0.085492 0.079173 0.032258 0.023808 0.032258 87490 117376
55 62.310000 60.320000 1000000 6.810060 9.482410 6.866052 9.280034 0.023811 0.032258 0.085493 0.079174 0.032258 0.023809 0.032258 91660 139364
55 62.310000 60.320000 1000000 6.807529 9.480259 6.862280 9.253153 0.023811 0.032258 0.080092 0.073309 0.032258 0.023810 0.032258 94380 155797
55 62.310000 60.320000 1000000 6.748712 9.359830 6.791460 9.185216 0.023819 0.032258 0.080092 0.073309 0.032258 0.023816 0.032258 110580 131253
55 62.310000 60.320000 1000000 6.629210 9.001767 6.658685 9.018796 0.023829 0.032258 0.052218 0.041063 0.032258 0.023831 0.032258 120960 136683
55 62.310000 60.320000 1000000 6.617466 8.944061 6.640956 9.005356 0.023829 0.032258 0.049945 0.038130 0.032258 0.023830 0.032258 136680 154568
55 62.310000 60.320000 1000000 6.613390 8.943344 6.636923 8.999490 0.023830 0.032258 0.049945 0.038130 0.032258 0.023831 0.032258 154560 155797
55 62.310000 60.320000 1000000 6.610933 8.942627 6.633579 8.991426 0.023830 0.032258 0.049945 0.038130 0.032258 0.023831 0.032258 155790 159296
55 62.310000 60.320000 1000000 6.608525 8.941910 6.630302 8.983362 0.023830 0.032258 0.054551 0.043991 0.032258 0.023831 0.032258 159290 207939
55 62.310000 60.320000 1000000 6.575729 8.936893 6.597831 8.942306 0.023831 0.032258 0.045622 0.032262 0.032258 0.023831 0.032258 207930 210655
55 62.310000 60.320000 1000000 6.545400 8.932591 6.567809 8.907115 0.023824 0.032258 0.069523 0.061586 0.032258 0.023823 0.032258 210650 269524
55 62.310000 60.320000 1000000 6.486062 8.923989 6.499349 8.832580 0.023821 0.032258 0.054547 0.043987 0.032258 0.023817 0.032258 269520 287539
55 62.310000 60.320000 1000000 6.476616 8.921122 6.496657 8.806677 0.023821 0.032258 0.054553 0.043994 0.032258 0.023818 0.032258 287530 299216
55 62.310000 60.320000 1000000 6.472630 8.920405 6.492708 8.800811 0.023821 0.032258 0.054553 0.043994 0.032258 0.023817 0.032258 299210 351191
55 62.310000 60.320000 1000000 6.460281 8.862699 6.473988 8.787371 0.023824 0.032258 0.052217 0.041062 0.032258 0.023820 0.032258 351190 400657
55 62.310000 60.320000 1000000 6.458596 8.861982 6.474267 8.788348 0.023824 0.032258 0.052217 0.041062 0.032258 0.023820 0.032258 400650 453063
55 62.310000 60.320000 1000000 6.440504 8.859832 6.472038 8.784438 0.023821 0.032258 0.056945 0.046928 0.032258 0.023820 0.032258 453060 466930
55 62.310000 60.320000 1000000 6.428239 8.802126 6.453546 8.770997 0.023823 0.032258 0.054554 0.043995 0.032258 0.023822 0.032258 466930 658498
55 62.310000 60.320000 1000000 6.412378 8.796391 6.440409 8.728476 0.023826 0.032258 0.059384 0.049859 0.032258 0.023824 0.032258 557520 685888
55 62.310000 60.320000 1000000 6.378697 8.678829 6.394446 8.683999 0.023828 0.032258 0.069525 0.061589 0.032258 0.023826 0.032258 585840 706050
55 62.310000 60.320000 1000000 6.297435 8.274171 6.270378 8.581849 0.023817 0.032258 0.072135 0.064520 0.032258 0.023808 0.032258 706050 710260
55 62.310000 60.320000 1000000 6.295732 8.273454 6.270665 8.582827 0.023817 0.032258 0.077419 0.070378 0.032258 0.023808 0.032258 710260 728168
55 62.310000 60.320000 1000000 6.288666 8.272738 6.271855 8.583804 0.023817 0.032258 0.077419 0.070378 0.032258 0.023808 0.032258 728160 741611
55 62.310000 60.320000 1000000 6.285987 8.272021 6.268141 8.575740 0.023818 0.032258 0.072129 0.064513 0.032258 0.023810 0.032258 741610 765436
55 62.310000 60.320000 1000000 6.268869 8.269870 6.245993 8.553746 0.023820 0.032258 0.056938 0.046918 0.032258 0.023813 0.032258 765430 767544
55 62.310000 60.320000 1000000 6.267181 8.269153 6.246278 8.554723 0.023820 0.032258 0.061860 0.052783 0.032258 0.023813 0.032258 767540 840876
55 62.310000 60.320000 1000000 6.265885 8.268078 6.244277 8.541283 0.023821 0.032258 0.059377 0.049851 0.032258 0.023813 0.032258 840870 933407
55 62.310000 60.320000 1000000 6.256669 8.264136 6.232971 8.495096 0.023821 0.032258 0.066940 0.058655 0.032258 0.023814 0.032258 933400 1000000
55 62.310000 60.320000 1000000 6.256669 8.264136 6.232971 8.495096 0.023821 0.032258 0.066940 0.058655 0.032258 0.023814 0.032258 999990 1000000
