52 62.310000 60.320000 1000000 12.249092 15.492800 11.982668 16.542931 0.023748 0.032258 0.300841 0.299107 0.032258 0.023767 0.032258 0 50
52 62.310000 60.320000 1000000 10.834410 11.332221 9.840950 13.327902 0.022984 0.032258 0.933111 0.932553 0.032258 0.023205 0.032258 50 60
52 62.310000 60.320000 1000000 8.674065 10.836167 8.715213 12.006308 0.023674 0.032258 0.121651 0.117296 0.032258 0.023684 0.032258 60 73
52 62.310000 60.320000 1000000 8.474655 10.753372 8.470754 11.748245 0.023674 0.032258 0.085492 0.079173 0.032258 0.023675 0.032258 70 93
52 62.310000 60.320000 1000000 8.326727 10.718963 8.360071 11.589888 0.023705 0.032258 0.268802 0.266860 0.032258 0.023696 0.032258 80 94
52 62.310000 60.320000 1000000 8.057844 10.403194 8.103646 11.334267 0.023664 0.032258 0.318349 0.316711 0.032258 0.023652 0.032258 90 100
52 62.310000 60.320000 1000000 7.843870 10.318965 7.879910 11.095266 0.023696 0.032258 0.210690 0.208206 0.032258 0.023667 0.032258 100 116
52 62.310000 60.320000 1000000 7.783056 10.244055 7.794632 10.877038 0.023737 0.032258 0.132999 0.129028 0.032258 0.023723 0.032258 110 281
52 62.310000 60.320000 1000000 7.696719 10.221474 7.701220 10.650501 0.023774 0.032258 0.118837 0.114375 0.032258 0.023764 0.032258 120 178
52 62.310000 60.320000 1000000 7.621315 10.202120 7.598417 10.434960 0.023807 0.032258 0.113200 0.108507 0.032258 0.023811 0.032258 170 184
52 62.310000 60.320000 1000000 7.619137 10.201403 7.595394 10.426895 0.023807 0.032258 0.118834 0.114372 0.032258 0.023810 0.032258 180 405
52 62.310000 60.320000 1000000 7.568739 10.074522 7.565954 10.415654 0.023811 0.032258 0.124478 0.120225 0.032258 0.023803 0.032258 230 400
52 62.310000 60.320000 1000000 7.499988 10.053017 7.508072 10.197671 0.023816 0.032258 0.085491 0.079172 0.032258 0.023815 0.032258 400 448
52 62.310000 60.320000 1000000 7.496513 10.052300 7.504608 10.191806 0.023817 0.032258 0.085491 0.079172 0.032258 0.023816 0.032258 440 587
52 62.310000 60.320000 1000000 7.299989 10.019325 7.294509 9.913459 0.023821 0.032258 0.096460 0.090907 0.032258 0.023815 0.032258 580 796
52 62.310000 60.320000 1000000 7.235867 9.897820 7.216401 9.832081 0.023823 0.032258 0.066933 0.058647 0.032258 0.023821 0.032258 790 1031
52 62.310000 60.320000 1000000 7.211544 9.894953 7.216589 9.826949 0.023825 0.032258 0.061856 0.052779 0.032258 0.023821 0.032258 1030 1074
52 62.310000 60.320000 1000000 7.201687 9.891010 7.202449 9.778563 0.023825 0.032258 0.059382 0.049857 0.032258 0.023821 0.032258 1070 1121
52 62.310000 60.320000 1000000 7.133431 9.651585 7.101018 9.624851 0.023830 0.032258 0.074768 0.067452 0.032258 0.023830 0.032258 1120 1303
52 62.310000 60.320000 1000000 7.100274 9.591728 7.086649 9.614342 0.023831 0.032258 0.061866 0.052790 0.032258 0.023830 0.032258 1300 1638
52 62.310000 60.320000 1000000 7.098511 9.591012 7.086945 9.615320 0.023832 0.032258 0.056943 0.046925 0.032258 0.023830 0.032258 1630 1724
52 62.310000 60.320000 1000000 7.038793 9.358038 7.002491 9.543961 0.023827 0.032258 0.061864 0.052788 0.032258 0.023825 0.032258 1650 2883
52 62.310000 60.320000 1000000 7.019782 9.353020 6.991400 9.530276 0.023830 0.032258 0.043589 0.029316 0.032258 0.023826 0.032258 2880 4431
52 62.310000 60.320000 1000000 7.001802 9.350869 6.968446 9.508282 0.023829 0.032258 0.052204 0.041045 0.032258 0.023827 0.032258 4430 4471
52 62.310000 60.320000 1000000 7.000527 9.349794 6.966470 9.494842 0.023829 0.032258 0.049939 0.038122 0.032258 0.023827 0.032258 4470 4567
52 62.310000 60.320000 1000000 6.993284 9.349077 6.967693 9.495819 0.023830 0.032258 0.045619 0.032257 0.032258 0.023827 0.032258 4560 5466
52 62.310000 60.320000 1000000 6.990801 9.346927 6.963855 9.468938 0.023830 0.032258 0.049938 0.038122 0.032258 0.023828 0.032258 5060 7222
52 62.310000 60.320000 1000000 6.986008 9.346210 6.959007 9.463073 0.023830 0.032258 0.049939 0.038123 0.032258 0.023828 0.032258 7220 7822
52 62.310000 60.320000 1000000 6.983546 9.345493 6.955580 9.455009 0.023831 0.032258 0.049940 0.038124 0.032258 0.023828 0.032258 7820 13935
52 62.310000 60.320000 1000000 6.954278 9.341909 6.950913 9.446211 0.023831 0.032258 0.038239 0.020534 0.032258 0.023829 0.032258 10570 16094
52 62.310000 60.320000 1000000 6.949276 9.339758 6.951746 9.449144 0.023832 0.032258 0.035434 0.014663 0.032258 0.023829 0.032258 10580 16116
52 62.310000 60.320000 1000000 6.928210 9.336174 6.929776 9.417619 0.023831 0.032258 0.049939 0.038122 0.032258 0.023828 0.032258 16110 23904
52 62.310000 60.320000 1000000 6.899015 9.331156 6.894071 9.367766 0.023831 0.032258 0.064378 0.055713 0.032258 0.023828 0.032258 21040 26270
52 62.310000 60.320000 1000000 6.870133 9.325063 6.879416 9.317669 0.023831 0.032258 0.061865 0.052790 0.032258 0.023829 0.032258 25610 41618
52 62.310000 60.320000 1000000 6.827127 9.147286 6.814392 9.220897 0.023829 0.032258 0.077423 0.070383 0.032258 0.023827 0.032258 35710 42846
52 62.310000 60.320000 1000000 6.793411 9.141551 6.775437 9.174220 0.023831 0.032258 0.061863 0.052787 0.032258 0.023829 0.032258 42840 46060
52 62.310000 60.320000 1000000 6.788704 9.140834 6.770692 9.168355 0.023831 0.032258 0.066938 0.058652 0.032258 0.023829 0.032258 46060 49482
52 62.310000 60.320000 1000000 6.771825 9.136533 6.757622 9.146850 0.023832 0.032258 0.061862 0.052785 0.032258 0.023829 0.032258 49480 65011
52 62.310000 60.320000 1000000 6.753179 9.132232 6.743602 9.129988 0.023833 0.032258 0.047735 0.035186 0.032258 0.023831 0.032258 65010 82301
52 62.310000 60.320000 1000000 6.735798 9.129365 6.726146 9.106527 0.023833 0.032258 0.043594 0.029323 0.032258 0.023831 0.032258 82300 126254
52 62.310000 60.320000 1000000 6.731186 9.125064 6.719066 9.052766 0.023832 0.032258 0.047742 0.035195 0.032258 0.023830 0.032258 102810 133479
52 62.310000 60.320000 1000000 6.668019 9.005351 6.684311 9.024907 0.023831 0.032258 0.052218 0.041063 0.032258 0.023830 0.032258 133470 147332
52 62.310000 60.320000 1000000 6.640706 9.001767 6.657198 8.995581 0.023830 0.032258 0.066942 0.058658 0.032258 0.023828 0.032258 133990 151752
52 62.310000 60.320000 1000000 6.638227 9.001050 6.653814 8.987517 0.023830 0.032258 0.061869 0.052794 0.032258 0.023829 0.032258 151750 153563
52 62.310000 60.320000 1000000 6.634275 9.000333 6.649890 8.981652 0.023830 0.032258 0.066943 0.058659 0.032258 0.023828 0.032258 153560 172274
52 62.310000 60.320000 1000000 6.629456 8.998900 6.643307 8.965523 0.023830 0.032258 0.077425 0.070385 0.032258 0.023829 0.032258 159610 168979
52 62.310000 60.320000 1000000 6.627120 8.998183 6.640114 8.957458 0.023830 0.032258 0.082793 0.076250 0.032258 0.023828 0.032258 168970 172274
52 62.310000 60.320000 1000000 6.615364 8.940477 6.622235 8.944017 0.023830 0.032258 0.080100 0.073317 0.032258 0.023828 0.032258 172270 215242
52 62.310000 60.320000 1000000 6.570246 8.709653 6.553145 8.890254 0.023824 0.032258 0.085500 0.079181 0.032258 0.023819 0.032258 173490 261821
52 62.310000 60.320000 1000000 6.541678 8.701768 6.527630 8.846267 0.023827 0.032258 0.059385 0.049859 0.032258 0.023823 0.032258 261820 276947
52 62.310000 60.320000 1000000 6.536733 8.701051 6.522652 8.840402 0.023828 0.032258 0.054553 0.043994 0.032258 0.023824 0.032258 276940 294611
52 62.310000 60.320000 1000000 6.530300 8.700334 6.513745 8.832337 0.023828 0.032258 0.049944 0.038129 0.032258 0.023824 0.032258 294610 354077
52 62.310000 60.320000 1000000 6.498436 8.695317 6.479216 8.789082 0.023829 0.032258 0.059385 0.049859 0.032258 0.023826 0.032258 354070 421346
52 62.310000 60.320000 1000000 6.447517 8.688865 6.440106 8.745583 0.023828 0.032258 0.064386 0.055723 0.032258 0.023825 0.032258 421340 421979
52 62.310000 60.320000 1000000 6.443653 8.688148 6.436228 8.739718 0.023827 0.032258 0.064386 0.055723 0.032258 0.023824 0.032258 421970 486416
52 62.310000 60.320000 1000000 6.431111 8.685998 6.423643 8.722123 0.023830 0.032258 0.049943 0.038128 0.032258 0.023827 0.032258 486410 500309
52 62.310000 60.320000 1000000 6.411730 8.683847 6.407916 8.706971 0.023829 0.032258 0.054553 0.043994 0.032258 0.023825 0.032258 500300 690853
52 62.310000 60.320000 1000000 6.314099 8.440479 6.301637 8.566943 0.023831 0.032258 0.047734 0.035185 0.032258 0.023827 0.032258 690850 852668
52 62.310000 60.320000 1000000 6.288011 8.436895 6.291762 8.551302 0.023831 0.032258 0.043593 0.029322 0.032258 0.023828 0.032258 852660 908256
52 62.310000 60.320000 1000000 6.267044 8.434027 6.262930 8.519044 0.023830 0.032258 0.052209 0.041051 0.032258 0.023826 0.032258 908250 927221
52 62.310000 60.320000 1000000 6.262929 8.433310 6.258807 8.513179 0.023830 0.032258 0.047735 0.035186 0.032258 0.023827 0.032258 927220 1000000
52 62.310000 60.320000 1000000 6.262929 8.433310 6.258807 8.513179 0.023830 0.032258 0.047735 0.035186 0.032258 0.023827 0.032258 999990 1000000
