4 62.310000 60.320000 1000000 12.901053 17.842291 12.892053 17.384332 0.023815 0.032258 0.164483 0.161289 0.032258 0.023812 0.032258 0 50
4 62.310000 60.320000 1000000 9.305137 12.250498 9.283562 12.836213 0.023772 0.032258 0.116013 0.111438 0.032258 0.023775 0.032258 50 63
4 62.310000 60.320000 1000000 9.249231 12.235444 9.256296 12.801999 0.023798 0.032258 0.110384 0.105566 0.032258 0.023789 0.032258 60 72
4 62.310000 60.320000 1000000 9.214440 12.229351 9.215254 12.740905 0.023798 0.032258 0.107583 0.102633 0.032258 0.023790 0.032258 70 80
4 62.310000 60.320000 1000000 9.118882 12.154441 9.124669 12.607474 0.023812 0.032258 0.110385 0.105566 0.032258 0.023803 0.032258 80 93
4 62.310000 60.320000 1000000 9.112069 12.153007 9.116798 12.593545 0.023813 0.032258 0.110385 0.105566 0.032258 0.023805 0.032258 90 118
4 62.310000 60.320000 1000000 9.084099 12.137954 9.079907 12.414662 0.023820 0.032258 0.093709 0.087982 0.032258 0.023815 0.032258 110 129
4 62.310000 60.320000 1000000 9.081253 12.137237 9.075987 12.406598 0.023821 0.032258 0.088225 0.082117 0.032258 0.023817 0.032258 120 187
4 62.310000 60.320000 1000000 9.034707 12.124334 9.022376 12.297607 0.023829 0.032258 0.082780 0.076236 0.032258 0.023826 0.032258 180 200
4 62.310000 60.320000 1000000 8.991633 12.117165 8.979123 12.238956 0.023830 0.032258 0.077414 0.070373 0.032258 0.023827 0.032258 190 226
4 62.310000 60.320000 1000000 8.843957 11.309283 8.749419 12.050784 0.023787 0.032258 0.116004 0.111428 0.032258 0.023770 0.032258 220 232
4 62.310000 60.320000 1000000 8.833802 11.305341 8.736684 12.004598 0.023790 0.032258 0.102011 0.096776 0.032258 0.023775 0.032258 230 250
4 62.310000 60.320000 1000000 8.813287 11.302115 8.707268 11.966964 0.023791 0.032258 0.121659 0.117304 0.032258 0.023779 0.032258 250 276
4 62.310000 60.320000 1000000 8.771016 11.297814 8.707261 11.965986 0.023794 0.032258 0.093706 0.087979 0.032258 0.023780 0.032258 270 300
4 62.310000 60.320000 1000000 8.655883 11.278459 8.589510 11.807628 0.023794 0.032258 0.144410 0.140762 0.032258 0.023787 0.032258 300 373
4 62.310000 60.320000 1000000 8.628851 11.274158 8.594095 11.813493 0.023797 0.032258 0.138690 0.134886 0.032258 0.023786 0.032258 360 374
4 62.310000 60.320000 1000000 8.627445 11.273083 8.591920 11.800053 0.023797 0.032258 0.135839 0.131954 0.032258 0.023787 0.032258 370 408
4 62.310000 60.320000 1000000 8.626060 11.272007 8.589778 11.786612 0.023798 0.032258 0.133003 0.129032 0.032258 0.023788 0.032258 400 493
4 62.310000 60.320000 1000000 8.524862 11.240108 8.464783 11.451327 0.023796 0.032258 0.164485 0.161290 0.032258 0.023793 0.032258 410 500
4 62.310000 60.320000 1000000 8.487895 11.220037 8.429361 11.256316 0.023800 0.032258 0.187546 0.184751 0.032258 0.023793 0.032258 440 522
4 62.310000 60.320000 1000000 8.316771 11.197098 8.223225 11.042241 0.023801 0.032258 0.239718 0.237538 0.032258 0.023813 0.032258 460 582
4 62.310000 60.320000 1000000 8.078786 11.163406 8.125544 10.951820 0.023821 0.032258 0.096467 0.090913 0.032258 0.023820 0.032258 580 1069
4 62.310000 60.320000 1000000 7.945892 10.747279 7.956285 10.788087 0.023831 0.032258 0.072129 0.064514 0.032258 0.023828 0.032258 870 1129
4 62.310000 60.320000 1000000 7.917911 10.741544 7.926064 10.738967 0.023829 0.032258 0.088217 0.082108 0.032258 0.023826 0.032258 1120 1168
4 62.310000 60.320000 1000000 7.878876 10.567710 7.868669 10.692780 0.023829 0.032258 0.085493 0.079174 0.032258 0.023825 0.032258 1160 1624
4 62.310000 60.320000 1000000 7.869658 10.566276 7.859415 10.681050 0.023828 0.032258 0.096458 0.090904 0.032258 0.023824 0.032258 1250 1294
4 62.310000 60.320000 1000000 7.865163 10.565559 7.854902 10.675185 0.023827 0.032258 0.102004 0.096769 0.032258 0.023824 0.032258 1290 1624
4 62.310000 60.320000 1000000 7.832390 10.556957 7.827733 10.593074 0.023830 0.032258 0.064387 0.055724 0.032258 0.023827 0.032258 1620 1686
4 62.310000 60.320000 1000000 7.819659 10.554448 7.814347 10.567903 0.023832 0.032258 0.056944 0.046926 0.032258 0.023829 0.032258 1680 2418
4 62.310000 60.320000 1000000 7.808127 10.496742 7.796672 10.554462 0.023831 0.032258 0.059384 0.049859 0.032258 0.023828 0.032258 2410 2511
4 62.310000 60.320000 1000000 7.805728 10.496026 7.793357 10.546398 0.023831 0.032258 0.059380 0.049854 0.032258 0.023828 0.032258 2510 2796
4 62.310000 60.320000 1000000 7.774254 10.489574 7.769120 10.520982 0.023831 0.032258 0.074760 0.067443 0.032258 0.023828 0.032258 2790 3417
4 62.310000 60.320000 1000000 7.741391 10.429718 7.755019 10.510474 0.023830 0.032258 0.077418 0.070377 0.032258 0.023827 0.032258 3410 4475
4 62.310000 60.320000 1000000 7.713812 10.312872 7.713728 10.467464 0.023829 0.032258 0.072126 0.064510 0.032258 0.023824 0.032258 4010 4581
4 62.310000 60.320000 1000000 7.670108 10.251582 7.651698 10.413700 0.023830 0.032258 0.059374 0.049847 0.032258 0.023827 0.032258 4580 5425
4 62.310000 60.320000 1000000 7.665901 10.250865 7.647461 10.407835 0.023831 0.032258 0.054544 0.043982 0.032258 0.023827 0.032258 5420 6601
4 62.310000 60.320000 1000000 7.658803 10.250148 7.648651 10.408813 0.023831 0.032258 0.049935 0.038118 0.032258 0.023827 0.032258 6600 6645
4 62.310000 60.320000 1000000 7.652572 10.249432 7.640045 10.400748 0.023831 0.032258 0.054544 0.043982 0.032258 0.023827 0.032258 6640 7500
4 62.310000 60.320000 1000000 7.651319 10.248356 7.638121 10.387308 0.023831 0.032258 0.052208 0.041050 0.032258 0.023827 0.032258 7500 7847
4 62.310000 60.320000 1000000 7.640356 10.244772 7.634326 10.385353 0.023830 0.032258 0.077416 0.070375 0.032258 0.023828 0.032258 7840 10028
4 62.310000 60.320000 1000000 7.567998 10.232586 7.573159 10.286135 0.023829 0.032258 0.077415 0.070374 0.032258 0.023826 0.032258 10020 13889
4 62.310000 60.320000 1000000 7.484780 9.934738 7.455616 10.114827 0.023824 0.032258 0.074767 0.067450 0.032258 0.023820 0.032258 12750 14453
4 62.310000 60.320000 1000000 7.429378 9.926852 7.400766 10.050555 0.023830 0.032258 0.064386 0.055723 0.032258 0.023827 0.032258 14450 31628
4 62.310000 60.320000 1000000 7.424717 9.925419 7.394280 10.034426 0.023829 0.032258 0.074769 0.067453 0.032258 0.023827 0.032258 17330 37297
4 62.310000 60.320000 1000000 7.391916 9.921118 7.386431 10.019764 0.023828 0.032258 0.085502 0.079183 0.032258 0.023825 0.032258 18780 30537
4 62.310000 60.320000 1000000 7.250304 9.507858 7.196285 9.843078 0.023814 0.032258 0.082793 0.076250 0.032258 0.023808 0.032258 30530 38408
4 62.310000 60.320000 1000000 7.073460 9.471657 7.070076 9.543964 0.023818 0.032258 0.118835 0.114373 0.032258 0.023818 0.032258 38400 38453
4 62.310000 60.320000 1000000 7.069273 9.470941 7.065883 9.538099 0.023818 0.032258 0.118835 0.114373 0.032258 0.023819 0.032258 38450 40761
4 62.310000 60.320000 1000000 7.036621 9.464489 7.035297 9.492156 0.023816 0.032258 0.124492 0.120240 0.032258 0.023816 0.032258 40760 50076
4 62.310000 60.320000 1000000 7.026087 9.462338 7.026839 9.481403 0.023814 0.032258 0.118837 0.114375 0.032258 0.023813 0.032258 50070 75576
4 62.310000 60.320000 1000000 6.965023 9.452303 6.989229 9.422753 0.023810 0.032258 0.158742 0.155430 0.032258 0.023815 0.032258 74640 85243
4 62.310000 60.320000 1000000 6.938119 9.336174 6.950334 9.390006 0.023811 0.032258 0.147276 0.143700 0.032258 0.023814 0.032258 85240 88886
4 62.310000 60.320000 1000000 6.936373 9.335457 6.950624 9.390983 0.023811 0.032258 0.141559 0.137835 0.032258 0.023814 0.032258 88880 97303
4 62.310000 60.320000 1000000 6.923186 9.333307 6.935228 9.371189 0.023813 0.032258 0.130165 0.126105 0.032258 0.023815 0.032258 97300 123630
4 62.310000 60.320000 1000000 6.841101 9.316819 6.850693 9.232382 0.023823 0.032258 0.130165 0.126104 0.032258 0.023822 0.032258 123630 150626
4 62.310000 60.320000 1000000 6.730508 9.018971 6.709408 9.091132 0.023828 0.032258 0.099234 0.093844 0.032258 0.023826 0.032258 150620 165670
4 62.310000 60.320000 1000000 6.727059 9.018254 6.705927 9.085267 0.023829 0.032258 0.093706 0.087979 0.032258 0.023827 0.032258 165670 252400
4 62.310000 60.320000 1000000 6.702724 9.012878 6.704001 9.047878 0.023827 0.032258 0.107593 0.102643 0.032258 0.023827 0.032258 175860 187623
4 62.310000 60.320000 1000000 6.701592 9.011803 6.702273 9.034438 0.023827 0.032258 0.110394 0.105575 0.032258 0.023826 0.032258 187620 252400
4 62.310000 60.320000 1000000 6.618668 8.998183 6.637585 8.939374 0.023824 0.032258 0.121660 0.117306 0.032258 0.023827 0.032258 252400 260552
4 62.310000 60.320000 1000000 6.570427 8.987430 6.607006 8.917869 0.023824 0.032258 0.093704 0.087976 0.032258 0.023826 0.032258 260550 274485
4 62.310000 60.320000 1000000 6.537213 8.983129 6.574346 8.882678 0.023824 0.032258 0.077421 0.070381 0.032258 0.023824 0.032258 272970 380619
4 62.310000 60.320000 1000000 6.490239 8.863058 6.514693 8.813031 0.023828 0.032258 0.074766 0.067449 0.032258 0.023826 0.032258 380610 404836
4 62.310000 60.320000 1000000 6.486279 8.862341 6.510777 8.807166 0.023828 0.032258 0.074766 0.067449 0.032258 0.023826 0.032258 404830 438526
4 62.310000 60.320000 1000000 6.479977 8.861624 6.502205 8.799101 0.023828 0.032258 0.069521 0.061584 0.032258 0.023826 0.032258 438520 471808
4 62.310000 60.320000 1000000 6.448782 8.857323 6.484647 8.775397 0.023823 0.032258 0.080098 0.073315 0.032258 0.023823 0.032258 471800 485399
4 62.310000 60.320000 1000000 6.445253 8.856606 6.481175 8.769532 0.023825 0.032258 0.074767 0.067450 0.032258 0.023824 0.032258 485390 502360
4 62.310000 60.320000 1000000 6.441793 8.855889 6.477772 8.763667 0.023826 0.032258 0.069522 0.061585 0.032258 0.023825 0.032258 502360 528056
4 62.310000 60.320000 1000000 6.413730 8.739761 6.437429 8.730920 0.023828 0.032258 0.069522 0.061585 0.032258 0.023827 0.032258 528050 609804
4 62.310000 60.320000 1000000 6.315885 8.385282 6.308622 8.598711 0.023826 0.032258 0.066936 0.058650 0.032258 0.023820 0.032258 609800 635789
4 62.310000 60.320000 1000000 6.312044 8.384565 6.304767 8.592846 0.023825 0.032258 0.072130 0.064515 0.032258 0.023819 0.032258 635780 669316
4 62.310000 60.320000 1000000 6.261848 8.378830 6.294122 8.580139 0.023822 0.032258 0.082790 0.076247 0.032258 0.023822 0.032258 669310 684903
4 62.310000 60.320000 1000000 6.255147 8.378113 6.285044 8.572074 0.023823 0.032258 0.077422 0.070382 0.032258 0.023824 0.032258 684900 694517
4 62.310000 60.320000 1000000 6.253559 8.377397 6.285305 8.573052 0.023823 0.032258 0.082790 0.076247 0.032258 0.023824 0.032258 694510 828071
4 62.310000 60.320000 1000000 6.241065 8.373812 6.268367 8.532729 0.023825 0.032258 0.061863 0.052787 0.032258 0.023825 0.032258 756990 1000000
4 62.310000 60.320000 1000000 6.203975 8.369511 6.222119 8.488741 0.023828 0.032258 0.056939 0.046920 0.032258 0.023828 0.032258 999990 1000000
