16 62.310000 60.320000 1000000 10.696527 14.120743 10.293393 13.996991 0.023677 0.032258 0.289206 0.287401 0.032258 0.023858 0.032258 0 51
16 62.310000 60.320000 1000000 10.065459 13.751568 10.084074 13.598413 0.023820 0.032258 0.173111 0.170079 0.032258 0.023818 0.032258 50 63
16 62.310000 60.320000 1000000 9.970281 13.732930 9.976175 13.426128 0.023813 0.032258 0.132998 0.129027 0.032258 0.023807 0.032258 60 71
16 62.310000 60.320000 1000000 9.902261 13.722177 9.911767 13.351836 0.023820 0.032258 0.077414 0.070373 0.032258 0.023815 0.032258 70 82
16 62.310000 60.320000 1000000 9.865159 13.604615 9.868291 13.309803 0.023824 0.032258 0.066930 0.058643 0.032258 0.023820 0.032258 80 96
16 62.310000 60.320000 1000000 9.833924 13.600314 9.825308 13.261417 0.023818 0.032258 0.099222 0.093832 0.032258 0.023811 0.032258 90 134
16 62.310000 60.320000 1000000 9.738602 13.587411 9.805807 13.224272 0.023814 0.032258 0.121649 0.117294 0.032258 0.023808 0.032258 130 148
16 62.310000 60.320000 1000000 9.662256 13.292787 9.702256 13.090842 0.023826 0.032258 0.093697 0.087969 0.032258 0.023823 0.032258 140 161
16 62.310000 60.320000 1000000 9.636766 13.288486 9.677082 13.055651 0.023826 0.032258 0.077415 0.070374 0.032258 0.023822 0.032258 160 176
16 62.310000 60.320000 1000000 9.615240 13.284902 9.654949 13.024127 0.023826 0.032258 0.061857 0.052780 0.032258 0.023822 0.032258 170 194
16 62.310000 60.320000 1000000 9.589132 13.168415 9.615470 12.983804 0.023830 0.032258 0.054557 0.043998 0.032258 0.023826 0.032258 190 224
16 62.310000 60.320000 1000000 9.488337 12.925763 9.487757 12.821782 0.023833 0.032258 0.039892 0.023469 0.032258 0.023830 0.032258 220 241
16 62.310000 60.320000 1000000 9.463474 12.922896 9.487326 12.818849 0.023832 0.032258 0.047745 0.035200 0.032258 0.023830 0.032258 240 295
16 62.310000 60.320000 1000000 9.447918 12.919311 9.466078 12.778527 0.023832 0.032258 0.061871 0.052796 0.032258 0.023829 0.032258 290 300
16 62.310000 60.320000 1000000 9.358285 12.513935 9.333135 12.672711 0.023831 0.032258 0.069528 0.061592 0.032258 0.023828 0.032258 300 322
16 62.310000 60.320000 1000000 9.351912 12.513219 9.324298 12.664647 0.023831 0.032258 0.069528 0.061592 0.032258 0.023828 0.032258 320 436
16 62.310000 60.320000 1000000 9.293127 12.335799 9.267422 12.621148 0.023827 0.032258 0.066930 0.058643 0.032258 0.023822 0.032258 430 483
16 62.310000 60.320000 1000000 9.238293 12.268416 9.204225 12.514599 0.023825 0.032258 0.110393 0.105575 0.032258 0.023821 0.032258 480 506
16 62.310000 60.320000 1000000 9.200320 12.264115 9.206582 12.513622 0.023823 0.032258 0.104800 0.099712 0.032258 0.023821 0.032258 500 533
16 62.310000 60.320000 1000000 9.188851 12.260531 9.193842 12.475011 0.023824 0.032258 0.110395 0.105577 0.032258 0.023822 0.032258 530 694
16 62.310000 60.320000 1000000 9.156491 12.249778 9.183559 12.469145 0.023826 0.032258 0.121648 0.117293 0.032258 0.023824 0.032258 690 835
16 62.310000 60.320000 1000000 9.136994 12.246911 9.164235 12.445685 0.023827 0.032258 0.110384 0.105565 0.032258 0.023825 0.032258 710 871
16 62.310000 60.320000 1000000 9.125623 12.244760 9.152965 12.428090 0.023828 0.032258 0.104789 0.099700 0.032258 0.023826 0.032258 870 924
16 62.310000 60.320000 1000000 9.118957 12.244044 9.143878 12.420025 0.023829 0.032258 0.099225 0.093835 0.032258 0.023827 0.032258 920 972
16 62.310000 60.320000 1000000 9.114297 12.243327 9.139256 12.414160 0.023828 0.032258 0.099225 0.093835 0.032258 0.023826 0.032258 970 1064
16 62.310000 60.320000 1000000 9.085363 12.238667 9.109909 12.371394 0.023829 0.032258 0.102000 0.096765 0.032258 0.023826 0.032258 1060 1256
16 62.310000 60.320000 1000000 9.012454 11.999958 9.004514 12.231122 0.023824 0.032258 0.118819 0.114357 0.032258 0.023818 0.032258 1250 1516
16 62.310000 60.320000 1000000 8.971814 11.993506 8.988371 12.198864 0.023825 0.032258 0.090947 0.085034 0.032258 0.023819 0.032258 1390 1561
16 62.310000 60.320000 1000000 8.970543 11.992431 8.986440 12.185423 0.023825 0.032258 0.088211 0.082101 0.032258 0.023820 0.032258 1560 1578
16 62.310000 60.320000 1000000 8.967420 11.991714 8.983334 12.179558 0.023825 0.032258 0.088211 0.082101 0.032258 0.023820 0.032258 1570 1635
16 62.310000 60.320000 1000000 8.909681 11.985263 8.905926 12.109177 0.023832 0.032258 0.052208 0.041050 0.032258 0.023829 0.032258 1630 1769
16 62.310000 60.320000 1000000 8.907401 11.984546 8.902786 12.101113 0.023832 0.032258 0.056935 0.046915 0.032258 0.023828 0.032258 1760 1773
16 62.310000 60.320000 1000000 8.903356 11.983829 8.898735 12.095248 0.023832 0.032258 0.056935 0.046915 0.032258 0.023828 0.032258 1770 2355
16 62.310000 60.320000 1000000 8.819992 11.746553 8.788522 11.986499 0.023828 0.032258 0.072125 0.064509 0.032258 0.023823 0.032258 2350 3895
16 62.310000 60.320000 1000000 8.766174 11.570568 8.716457 11.922717 0.023823 0.032258 0.080090 0.073306 0.032258 0.023817 0.032258 2990 4476
16 62.310000 60.320000 1000000 8.681186 11.550855 8.615407 11.722328 0.023825 0.032258 0.077426 0.070386 0.032258 0.023826 0.032258 3490 4537
16 62.310000 60.320000 1000000 8.679568 11.550138 8.615683 11.723305 0.023825 0.032258 0.077426 0.070386 0.032258 0.023826 0.032258 4530 4545
16 62.310000 60.320000 1000000 8.678373 11.549063 8.613816 11.709865 0.023825 0.032258 0.080102 0.073319 0.032258 0.023826 0.032258 4540 5688
16 62.310000 60.320000 1000000 8.643930 11.545478 8.613892 11.707910 0.023829 0.032258 0.059384 0.049859 0.032258 0.023826 0.032258 5680 5846
16 62.310000 60.320000 1000000 8.636779 11.544762 8.615095 11.708887 0.023829 0.032258 0.054553 0.043994 0.032258 0.023826 0.032258 5840 13605
16 62.310000 60.320000 1000000 8.166743 8.879531 7.946070 11.023648 0.023430 0.032258 0.181778 0.178892 0.032258 0.023240 0.032258 8810 12468
16 62.310000 60.320000 1000000 7.785007 8.826485 7.840297 10.866513 0.023280 0.032258 0.245537 0.243408 0.032258 0.023336 0.032258 12460 15068
16 62.310000 60.320000 1000000 7.782799 8.825768 7.840657 10.867491 0.023281 0.032258 0.239724 0.237543 0.032258 0.023335 0.032258 15060 17183
16 62.310000 60.320000 1000000 7.754214 8.822901 7.812705 10.844030 0.023297 0.032258 0.216500 0.214083 0.032258 0.023349 0.032258 15930 27379
16 62.310000 60.320000 1000000 7.282690 8.744407 7.382394 10.277317 0.023153 0.032258 0.458604 0.457468 0.032258 0.023153 0.032258 27370 38868
16 62.310000 60.320000 1000000 7.241327 8.738672 7.352940 10.244082 0.023167 0.032258 0.452754 0.451603 0.032258 0.023182 0.032258 27680 38762
16 62.310000 60.320000 1000000 7.049814 8.704981 7.170465 9.968425 0.023145 0.032258 0.482007 0.480927 0.032258 0.023133 0.032258 30310 44850
16 62.310000 60.320000 1000000 6.742948 8.677024 6.761168 9.653910 0.023306 0.032258 0.254243 0.252189 0.032258 0.023305 0.032258 30350 48634
16 62.310000 60.320000 1000000 6.714226 8.671289 6.732679 9.606989 0.023270 0.032258 0.242613 0.240459 0.032258 0.023267 0.032258 33220 43758
16 62.310000 60.320000 1000000 6.573057 8.369139 6.583399 9.444966 0.023112 0.032258 0.216483 0.214066 0.032258 0.023105 0.032258 43750 100287
16 62.310000 60.320000 1000000 6.074148 8.150861 6.120743 8.726988 0.023674 0.032258 0.173114 0.170082 0.032258 0.023601 0.032258 81130 128835
16 62.310000 60.320000 1000000 5.988881 8.103551 5.992081 8.135613 0.023827 0.032258 0.056945 0.046927 0.032258 0.023823 0.032258 82570 130005
16 62.310000 60.320000 1000000 5.967583 8.096741 5.962603 8.057657 0.023832 0.032258 0.049942 0.038126 0.032258 0.023829 0.032258 130000 152129
16 62.310000 60.320000 1000000 5.949551 8.094590 5.960866 8.053747 0.023831 0.032258 0.059380 0.049854 0.032258 0.023829 0.032258 152120 170982
16 62.310000 60.320000 1000000 5.876788 7.858033 5.865613 7.959906 0.023830 0.032258 0.045623 0.032263 0.032258 0.023826 0.032258 170980 197146
16 62.310000 60.320000 1000000 5.866457 7.855883 5.867339 7.962838 0.023830 0.032258 0.041679 0.026392 0.032258 0.023826 0.032258 197140 235639
16 62.310000 60.320000 1000000 5.848576 7.853732 5.844523 7.940844 0.023833 0.032258 0.035434 0.014662 0.032258 0.023829 0.032258 235630 295436
16 62.310000 60.320000 1000000 5.830566 7.850865 5.828370 7.924227 0.023832 0.032258 0.045619 0.032256 0.032258 0.023829 0.032258 295430 326009
16 62.310000 60.320000 1000000 5.825842 7.850148 5.823641 7.918361 0.023832 0.032258 0.045618 0.032256 0.032258 0.023829 0.032258 326000 424266
16 62.310000 60.320000 1000000 5.770893 7.561620 5.738949 7.851158 0.023817 0.032258 0.056938 0.046919 0.032258 0.023808 0.032258 376740 484511
16 62.310000 60.320000 1000000 5.751440 7.559470 5.711694 7.826964 0.023819 0.032258 0.052211 0.041054 0.032258 0.023814 0.032258 407160 423921
16 62.310000 60.320000 1000000 5.740201 7.557319 5.695898 7.802771 0.023820 0.032258 0.056936 0.046916 0.032258 0.023816 0.032258 423920 484511
16 62.310000 60.320000 1000000 5.732838 7.556602 5.697151 7.803748 0.023821 0.032258 0.052209 0.041051 0.032258 0.023816 0.032258 484510 678793
16 62.310000 60.320000 1000000 5.730244 7.554452 5.693111 7.776867 0.023822 0.032258 0.047741 0.035194 0.032258 0.023817 0.032258 511410 781799
16 62.310000 60.320000 1000000 5.717294 7.552301 5.679905 7.759271 0.023823 0.032258 0.052216 0.041060 0.032258 0.023819 0.032258 781790 1000000
16 62.310000 60.320000 1000000 5.717294 7.552301 5.679905 7.759271 0.023823 0.032258 0.052216 0.041060 0.032258 0.023819 0.032258 999990 1000000
