39 62.310000 60.320000 1000000 12.758133 16.817549 12.606363 17.207397 0.023813 0.032258 0.184654 0.181814 0.032258 0.023816 0.032258 0 50
39 62.310000 60.320000 1000000 10.204327 13.943681 10.188604 13.732102 0.023825 0.032258 0.093710 0.087982 0.032258 0.023823 0.032258 50 62
39 62.310000 60.320000 1000000 9.720542 12.867699 9.710043 13.275115 0.023813 0.032258 0.144410 0.140761 0.032258 0.023809 0.032258 60 76
39 62.310000 60.320000 1000000 9.591949 12.849062 9.560226 13.132886 0.023819 0.032258 0.104790 0.099701 0.032258 0.023813 0.032258 70 84
39 62.310000 60.320000 1000000 9.518640 12.831499 9.481048 12.956691 0.023819 0.032258 0.124493 0.120241 0.032258 0.023816 0.032258 80 100
39 62.310000 60.320000 1000000 9.292221 12.349064 9.278168 12.727710 0.023813 0.032258 0.124489 0.120237 0.032258 0.023813 0.032258 100 122
39 62.310000 60.320000 1000000 9.286421 12.348347 9.272341 12.721845 0.023814 0.032258 0.118834 0.114372 0.032258 0.023814 0.032258 120 137
39 62.310000 60.320000 1000000 9.284535 12.347630 9.272657 12.722822 0.023814 0.032258 0.113201 0.108507 0.032258 0.023814 0.032258 130 150
39 62.310000 60.320000 1000000 9.274029 12.345480 9.262109 12.705227 0.023817 0.032258 0.096465 0.090912 0.032258 0.023816 0.032258 140 168
39 62.310000 60.320000 1000000 9.245265 12.339745 9.231748 12.649020 0.023820 0.032258 0.080098 0.073316 0.032258 0.023820 0.032258 160 177
39 62.310000 60.320000 1000000 9.217817 12.223616 9.192454 12.616274 0.023816 0.032258 0.085500 0.079181 0.032258 0.023815 0.032258 170 185
39 62.310000 60.320000 1000000 9.190964 12.218240 9.162205 12.565443 0.023818 0.032258 0.082789 0.076246 0.032258 0.023819 0.032258 180 208
39 62.310000 60.320000 1000000 9.160507 12.213939 9.126659 12.525854 0.023815 0.032258 0.099232 0.093842 0.032258 0.023816 0.032258 200 256
39 62.310000 60.320000 1000000 9.096664 12.194943 9.053050 12.329131 0.023819 0.032258 0.124487 0.120235 0.032258 0.023825 0.032258 210 220
39 62.310000 60.320000 1000000 9.070512 12.184907 9.053527 12.333774 0.023827 0.032258 0.074763 0.067446 0.032258 0.023824 0.032258 220 248
39 62.310000 60.320000 1000000 9.012196 12.170929 8.997285 12.216718 0.023826 0.032258 0.088215 0.082106 0.032258 0.023823 0.032258 240 299
39 62.310000 60.320000 1000000 8.755294 12.140104 8.840863 12.043943 0.023775 0.032258 0.138698 0.134895 0.032258 0.023786 0.032258 290 316
39 62.310000 60.320000 1000000 8.752606 12.139388 8.837273 12.035878 0.023776 0.032258 0.138698 0.134895 0.032258 0.023787 0.032258 310 322
39 62.310000 60.320000 1000000 8.747639 12.137596 8.831766 12.016573 0.023778 0.032258 0.130168 0.126108 0.032258 0.023788 0.032258 320 493
39 62.310000 60.320000 1000000 8.639809 11.730070 8.679975 11.888763 0.023788 0.032258 0.116014 0.111439 0.032258 0.023795 0.032258 410 492
39 62.310000 60.320000 1000000 8.524303 11.593870 8.540504 11.661003 0.023803 0.032258 0.155869 0.152495 0.032258 0.023807 0.032258 490 501
39 62.310000 60.320000 1000000 8.496023 11.581326 8.542786 11.663202 0.023807 0.032258 0.158734 0.155422 0.032258 0.023807 0.032258 500 594
39 62.310000 60.320000 1000000 8.411343 11.569139 8.459517 11.563495 0.023809 0.032258 0.130158 0.126097 0.032258 0.023805 0.032258 510 526
39 62.310000 60.320000 1000000 8.406393 11.568422 8.454651 11.557630 0.023807 0.032258 0.135847 0.131962 0.032258 0.023804 0.032258 520 594
39 62.310000 60.320000 1000000 8.327427 11.541899 8.367283 11.275620 0.023804 0.032258 0.175999 0.173018 0.032258 0.023799 0.032258 530 627
39 62.310000 60.320000 1000000 8.290004 11.536881 8.338243 11.241407 0.023809 0.032258 0.141552 0.137827 0.032258 0.023803 0.032258 620 665
39 62.310000 60.320000 1000000 8.277186 11.479176 8.318976 11.227966 0.023812 0.032258 0.138698 0.134895 0.032258 0.023807 0.032258 660 711
39 62.310000 60.320000 1000000 8.254075 11.474158 8.295400 11.187155 0.023812 0.032258 0.132996 0.129025 0.032258 0.023806 0.032258 710 804
39 62.310000 60.320000 1000000 8.138600 11.009643 8.137419 11.063011 0.023827 0.032258 0.093698 0.087970 0.032258 0.023824 0.032258 800 930
39 62.310000 60.320000 1000000 8.110800 11.006059 8.100406 11.024888 0.023825 0.032258 0.104789 0.099700 0.032258 0.023822 0.032258 930 1097
39 62.310000 60.320000 1000000 7.941070 10.701042 7.936442 10.863843 0.023825 0.032258 0.069518 0.061581 0.032258 0.023821 0.032258 1090 1197
39 62.310000 60.320000 1000000 7.938484 10.700326 7.932879 10.855778 0.023825 0.032258 0.069518 0.061581 0.032258 0.023822 0.032258 1190 1734
39 62.310000 60.320000 1000000 7.897302 10.687781 7.886773 10.735056 0.023831 0.032258 0.056933 0.046912 0.032258 0.023828 0.032258 1730 2662
39 62.310000 60.320000 1000000 7.887384 10.679179 7.871545 10.627531 0.023832 0.032258 0.066938 0.058653 0.032258 0.023830 0.032258 1760 3312
39 62.310000 60.320000 1000000 7.765174 10.547280 7.781074 10.511452 0.023820 0.032258 0.150136 0.146630 0.032258 0.023818 0.032258 3310 3393
39 62.310000 60.320000 1000000 7.760337 10.545846 7.774461 10.495323 0.023820 0.032258 0.150136 0.146630 0.032258 0.023818 0.032258 3380 4569
39 62.310000 60.320000 1000000 7.689512 10.527925 7.687882 10.321327 0.023822 0.032258 0.121658 0.117304 0.032258 0.023817 0.032258 4560 4594
39 62.310000 60.320000 1000000 7.686687 10.527208 7.685056 10.315462 0.023821 0.032258 0.127323 0.123169 0.032258 0.023816 0.032258 4590 5504
39 62.310000 60.320000 1000000 7.613483 10.348356 7.620260 10.260232 0.023826 0.032258 0.096469 0.090916 0.032258 0.023823 0.032258 5500 7165
39 62.310000 60.320000 1000000 7.582867 10.344055 7.589726 10.225042 0.023823 0.032258 0.113203 0.108509 0.032258 0.023820 0.032258 5610 11036
39 62.310000 60.320000 1000000 7.444234 10.147282 7.422767 9.975778 0.023819 0.032258 0.121658 0.117303 0.032258 0.023817 0.032258 11030 11317
39 62.310000 60.320000 1000000 7.436907 10.146565 7.423996 9.976755 0.023820 0.032258 0.116015 0.111440 0.032258 0.023817 0.032258 11310 12392
39 62.310000 60.320000 1000000 7.317183 9.568789 7.250819 9.843324 0.023805 0.032258 0.138702 0.134899 0.032258 0.023801 0.032258 12390 16745
39 62.310000 60.320000 1000000 7.285207 9.559470 7.236901 9.835504 0.023803 0.032258 0.138696 0.134893 0.032258 0.023801 0.032258 13460 16197
39 62.310000 60.320000 1000000 7.240048 9.552302 7.190821 9.776853 0.023816 0.032258 0.093700 0.087972 0.032258 0.023817 0.032258 16190 16745
39 62.310000 60.320000 1000000 7.233341 9.551585 7.181403 9.768789 0.023817 0.032258 0.093700 0.087972 0.032258 0.023820 0.032258 16740 18342
39 62.310000 60.320000 1000000 7.225653 9.550868 7.182710 9.769766 0.023819 0.032258 0.088217 0.082107 0.032258 0.023819 0.032258 18340 19048
39 62.310000 60.320000 1000000 7.224469 9.549793 7.180869 9.756326 0.023819 0.032258 0.085494 0.079175 0.032258 0.023819 0.032258 19040 30619
39 62.310000 60.320000 1000000 7.196624 9.545492 7.170438 9.734821 0.023823 0.032258 0.102003 0.096768 0.032258 0.023819 0.032258 21950 30640
39 62.310000 60.320000 1000000 7.143158 9.536890 7.105210 9.655886 0.023824 0.032258 0.102003 0.096768 0.032258 0.023826 0.032258 30640 51338
39 62.310000 60.320000 1000000 7.106726 9.533306 7.111325 9.660774 0.023828 0.032258 0.085493 0.079174 0.032258 0.023825 0.032258 33490 38573
39 62.310000 60.320000 1000000 7.091265 9.531155 7.103981 9.650021 0.023830 0.032258 0.074763 0.067445 0.032258 0.023827 0.032258 38570 51338
39 62.310000 60.320000 1000000 7.078438 9.529721 7.086421 9.633892 0.023831 0.032258 0.069517 0.061580 0.032258 0.023828 0.032258 39340 66692
39 62.310000 60.320000 1000000 7.027000 9.353736 7.017108 9.570110 0.023827 0.032258 0.082785 0.076242 0.032258 0.023822 0.032258 51120 65651
39 62.310000 60.320000 1000000 6.963494 9.345851 7.013446 9.555936 0.023816 0.032258 0.099228 0.093838 0.032258 0.023825 0.032258 65650 86220
39 62.310000 60.320000 1000000 6.950482 9.344418 6.995918 9.539807 0.023817 0.032258 0.088217 0.082108 0.032258 0.023826 0.032258 68500 80633
39 62.310000 60.320000 1000000 6.910721 9.329364 6.948286 9.368013 0.023823 0.032258 0.072138 0.064523 0.032258 0.023829 0.032258 80630 86220
39 62.310000 60.320000 1000000 6.907401 9.328647 6.945020 9.362148 0.023823 0.032258 0.072138 0.064523 0.032258 0.023829 0.032258 86220 96230
39 62.310000 60.320000 1000000 6.904144 9.327930 6.941816 9.356283 0.023823 0.032258 0.077427 0.070388 0.032258 0.023829 0.032258 96230 101190
39 62.310000 60.320000 1000000 6.885874 9.325063 6.931056 9.339665 0.023821 0.032258 0.093711 0.087984 0.032258 0.023829 0.032258 101190 168700
39 62.310000 60.320000 1000000 6.853147 9.320045 6.897073 9.294211 0.023822 0.032258 0.104801 0.099713 0.032258 0.023828 0.032258 105360 114830
39 62.310000 60.320000 1000000 6.817075 9.312877 6.866459 9.253888 0.023823 0.032258 0.088228 0.082119 0.032258 0.023827 0.032258 114830 138372
39 62.310000 60.320000 1000000 6.795449 9.308576 6.844376 9.216498 0.023821 0.032258 0.099239 0.093850 0.032258 0.023824 0.032258 138370 176784
39 62.310000 60.320000 1000000 6.768272 9.301407 6.812566 9.144651 0.023822 0.032258 0.104800 0.099711 0.032258 0.023821 0.032258 165190 205191
39 62.310000 60.320000 1000000 6.729701 9.297106 6.760406 9.096264 0.023824 0.032258 0.082793 0.076251 0.032258 0.023822 0.032258 169090 225727
39 62.310000 60.320000 1000000 6.711013 9.291371 6.752896 9.090399 0.023823 0.032258 0.072132 0.064517 0.032258 0.023820 0.032258 175260 350115
39 62.310000 60.320000 1000000 6.602373 8.884563 6.591747 8.964055 0.023828 0.032258 0.074764 0.067447 0.032258 0.023824 0.032258 215220 289590
39 62.310000 60.320000 1000000 6.514040 8.817538 6.537281 8.908581 0.023826 0.032258 0.066936 0.058651 0.032258 0.023826 0.032258 289590 350115
39 62.310000 60.320000 1000000 6.454011 8.806069 6.464189 8.799589 0.023823 0.032258 0.088215 0.082106 0.032258 0.023818 0.032258 350110 514701
39 62.310000 60.320000 1000000 6.434973 8.799617 6.442524 8.728232 0.023823 0.032258 0.093705 0.087978 0.032258 0.023818 0.032258 470270 533656
39 62.310000 60.320000 1000000 6.423296 8.797467 6.430888 8.710636 0.023825 0.032258 0.082791 0.076248 0.032258 0.023820 0.032258 533650 607154
39 62.310000 60.320000 1000000 6.287180 8.437253 6.250858 8.490209 0.023827 0.032258 0.080096 0.073313 0.032258 0.023827 0.032258 607150 638240
39 62.310000 60.320000 1000000 6.275916 8.379547 6.233322 8.476768 0.023825 0.032258 0.082789 0.076246 0.032258 0.023825 0.032258 638240 660336
39 62.310000 60.320000 1000000 6.269979 8.378830 6.224985 8.468704 0.023823 0.032258 0.088220 0.082111 0.032258 0.023824 0.032258 660330 681875
39 62.310000 60.320000 1000000 6.268215 8.378114 6.225285 8.469681 0.023824 0.032258 0.082789 0.076246 0.032258 0.023824 0.032258 681870 810237
39 62.310000 60.320000 1000000 6.237239 8.374529 6.226623 8.465527 0.023825 0.032258 0.066937 0.058652 0.032258 0.023824 0.032258 810230 814677
39 62.310000 60.320000 1000000 6.225967 8.316824 6.209288 8.452086 0.023824 0.032258 0.069520 0.061583 0.032258 0.023822 0.032258 814670 826049
39 62.310000 60.320000 1000000 6.223498 8.316107 6.205865 8.444022 0.023824 0.032258 0.074765 0.067448 0.032258 0.023822 0.032258 826040 895038
39 62.310000 60.320000 1000000 6.214787 8.313239 6.203185 8.441089 0.023827 0.032258 0.054548 0.043988 0.032258 0.023824 0.032258 895030 973776
39 62.310000 60.320000 1000000 6.194113 8.309655 6.180566 8.407365 0.023827 0.032258 0.059380 0.049854 0.032258 0.023824 0.032258 973770 1000000
39 62.310000 60.320000 1000000 6.194113 8.309655 6.180566 8.407365 0.023827 0.032258 0.059380 0.049854 0.032258 0.023824 0.032258 999990 1000000
