54 62.310000 60.320000 1000000 10.279279 14.071639 10.353871 13.934920 0.023793 0.032258 0.204895 0.202340 0.032258 0.023800 0.032258 0 50
54 62.310000 60.320000 1000000 9.854005 14.003539 9.939401 13.338885 0.023774 0.032258 0.193335 0.190625 0.032258 0.023762 0.032258 50 62
54 62.310000 60.320000 1000000 9.492295 12.652645 9.440130 12.853795 0.023818 0.032258 0.150138 0.146632 0.032258 0.023816 0.032258 60 79
54 62.310000 60.320000 1000000 9.483985 12.649777 9.437882 12.850862 0.023819 0.032258 0.133008 0.129037 0.032258 0.023816 0.032258 70 86
54 62.310000 60.320000 1000000 9.450161 12.642251 9.401522 12.775350 0.023817 0.032258 0.153002 0.149563 0.032258 0.023816 0.032258 80 96
54 62.310000 60.320000 1000000 9.410706 12.636516 9.360513 12.726230 0.023827 0.032258 0.113201 0.108507 0.032258 0.023828 0.032258 90 104
54 62.310000 60.320000 1000000 9.408972 12.635799 9.360807 12.727208 0.023827 0.032258 0.107592 0.102642 0.032258 0.023828 0.032258 100 115
54 62.310000 60.320000 1000000 9.399722 12.634365 9.349056 12.713278 0.023827 0.032258 0.107594 0.102644 0.032258 0.023827 0.032258 110 150
54 62.310000 60.320000 1000000 9.371572 12.630064 9.341948 12.705458 0.023830 0.032258 0.074770 0.067454 0.032258 0.023829 0.032258 120 205
54 62.310000 60.320000 1000000 9.323914 12.623613 9.310914 12.666357 0.023831 0.032258 0.049945 0.038130 0.032258 0.023829 0.032258 130 160
54 62.310000 60.320000 1000000 9.285790 12.618595 9.276334 12.627746 0.023830 0.032258 0.045625 0.032266 0.032258 0.023828 0.032258 160 218
54 62.310000 60.320000 1000000 9.222776 12.609993 9.267302 12.600864 0.023826 0.032258 0.074773 0.067457 0.032258 0.023829 0.032258 210 240
54 62.310000 60.320000 1000000 9.195798 12.604258 9.246366 12.579115 0.023826 0.032258 0.080091 0.073308 0.032258 0.023826 0.032258 240 315
54 62.310000 60.320000 1000000 9.130938 12.315011 9.151292 12.506045 0.023828 0.032258 0.066930 0.058644 0.032258 0.023826 0.032258 310 355
54 62.310000 60.320000 1000000 9.068511 12.025764 9.057036 12.430777 0.023821 0.032258 0.064376 0.055711 0.032258 0.023816 0.032258 350 488
54 62.310000 60.320000 1000000 9.050241 12.018596 9.035796 12.353554 0.023823 0.032258 0.069530 0.061594 0.032258 0.023819 0.032258 370 503
54 62.310000 60.320000 1000000 9.013092 12.007843 9.011002 12.295881 0.023827 0.032258 0.069514 0.061577 0.032258 0.023822 0.032258 500 533
54 62.310000 60.320000 1000000 9.006591 12.007126 9.002052 12.287817 0.023828 0.032258 0.069514 0.061577 0.032258 0.023823 0.032258 530 646
54 62.310000 60.320000 1000000 8.997720 12.005693 8.993168 12.276086 0.023828 0.032258 0.069514 0.061577 0.032258 0.023823 0.032258 640 662
54 62.310000 60.320000 1000000 8.993021 12.004976 8.988462 12.270221 0.023828 0.032258 0.074759 0.067442 0.032258 0.023823 0.032258 660 678
54 62.310000 60.320000 1000000 8.981942 11.947270 8.971493 12.256781 0.023826 0.032258 0.077415 0.070374 0.032258 0.023821 0.032258 670 790
54 62.310000 60.320000 1000000 8.960040 11.938309 8.939836 12.146567 0.023829 0.032258 0.064390 0.055727 0.032258 0.023825 0.032258 730 843
54 62.310000 60.320000 1000000 8.951895 11.936876 8.931634 12.134837 0.023829 0.032258 0.054556 0.043997 0.032258 0.023826 0.032258 830 862
54 62.310000 60.320000 1000000 8.949497 11.936159 8.928314 12.126773 0.023829 0.032258 0.059387 0.049862 0.032258 0.023826 0.032258 860 927
54 62.310000 60.320000 1000000 8.943668 11.935442 8.922444 12.120908 0.023830 0.032258 0.054556 0.043997 0.032258 0.023827 0.032258 920 1156
54 62.310000 60.320000 1000000 8.618204 11.049780 8.634937 11.874085 0.023759 0.032258 0.077416 0.070375 0.032258 0.023758 0.032258 1150 1507
54 62.310000 60.320000 1000000 8.612325 11.049063 8.635910 11.875062 0.023755 0.032258 0.077417 0.070377 0.032258 0.023759 0.032258 1500 1549
54 62.310000 60.320000 1000000 8.607134 11.048346 8.630762 11.869197 0.023756 0.032258 0.082785 0.076242 0.032258 0.023760 0.032258 1540 1846
54 62.310000 60.320000 1000000 8.602651 11.047629 8.626315 11.863332 0.023758 0.032258 0.082783 0.076239 0.032258 0.023761 0.032258 1840 2046
54 62.310000 60.320000 1000000 8.504477 11.035443 8.492986 11.728435 0.023740 0.032258 0.088216 0.082106 0.032258 0.023735 0.032258 2040 2070
54 62.310000 60.320000 1000000 8.499902 11.034726 8.488393 11.722570 0.023741 0.032258 0.088214 0.082104 0.032258 0.023737 0.032258 2070 2114
54 62.310000 60.320000 1000000 8.490682 11.031859 8.477632 11.689823 0.023745 0.032258 0.082797 0.076255 0.032258 0.023741 0.032258 2110 2691
54 62.310000 60.320000 1000000 8.484641 11.031142 8.478642 11.690801 0.023742 0.032258 0.082797 0.076255 0.032258 0.023742 0.032258 2690 4262
54 62.310000 60.320000 1000000 8.382058 11.016805 8.379274 11.584985 0.023748 0.032258 0.077414 0.070372 0.032258 0.023747 0.032258 4260 6176
54 62.310000 60.320000 1000000 8.353468 11.012504 8.350655 11.549795 0.023744 0.032258 0.093695 0.087966 0.032258 0.023743 0.032258 4360 5282
54 62.310000 60.320000 1000000 8.339873 11.010353 8.337046 11.532199 0.023749 0.032258 0.110381 0.105562 0.032258 0.023747 0.032258 4640 6176
54 62.310000 60.320000 1000000 8.138973 10.866268 8.123993 11.270714 0.023754 0.032258 0.093696 0.087968 0.032258 0.023751 0.032258 6170 6678
54 62.310000 60.320000 1000000 8.132235 10.865551 8.125121 11.271691 0.023753 0.032258 0.088215 0.082106 0.032258 0.023751 0.032258 6670 7127
54 62.310000 60.320000 1000000 8.128109 10.864834 8.120984 11.265826 0.023756 0.032258 0.088215 0.082106 0.032258 0.023754 0.032258 7120 9303
54 62.310000 60.320000 1000000 8.048546 10.849063 8.038913 11.134596 0.023774 0.032258 0.088215 0.082105 0.032258 0.023773 0.032258 9300 13760
54 62.310000 60.320000 1000000 7.986375 10.832576 7.952733 10.949114 0.023796 0.032258 0.093696 0.087968 0.032258 0.023806 0.032258 11980 12897
54 62.310000 60.320000 1000000 7.984173 10.831859 7.949667 10.941050 0.023796 0.032258 0.099223 0.093833 0.032258 0.023806 0.032258 12890 13760
54 62.310000 60.320000 1000000 7.981989 10.831142 7.950036 10.942027 0.023798 0.032258 0.099223 0.093833 0.032258 0.023805 0.032258 13760 14358
54 62.310000 60.320000 1000000 7.944165 10.802469 7.895084 10.593548 0.023814 0.032258 0.155873 0.152499 0.032258 0.023830 0.032258 14350 15950
54 62.310000 60.320000 1000000 7.929587 10.800319 7.874640 10.569355 0.023813 0.032258 0.167369 0.164231 0.032258 0.023830 0.032258 15950 17921
54 62.310000 60.320000 1000000 7.765350 9.990284 7.620399 10.363588 0.023776 0.032258 0.196226 0.193556 0.032258 0.023804 0.032258 17920 35879
54 62.310000 60.320000 1000000 7.702865 9.983832 7.590289 10.336217 0.023781 0.032258 0.190443 0.187691 0.032258 0.023808 0.032258 21760 22152
54 62.310000 60.320000 1000000 7.695737 9.983115 7.591528 10.337195 0.023781 0.032258 0.184665 0.181826 0.032258 0.023808 0.032258 22150 35879
54 62.310000 60.320000 1000000 7.392623 9.935804 7.519749 10.276588 0.023708 0.032258 0.202009 0.199417 0.032258 0.023817 0.032258 31160 31372
54 62.310000 60.320000 1000000 7.390771 9.935087 7.520042 10.277566 0.023709 0.032258 0.196221 0.193552 0.032258 0.023817 0.032258 31370 35879
54 62.310000 60.320000 1000000 7.351678 9.761252 7.466033 10.231378 0.023704 0.032258 0.181774 0.178889 0.032258 0.023803 0.032258 35870 42386
54 62.310000 60.320000 1000000 7.349829 9.760535 7.466327 10.232355 0.023705 0.032258 0.176007 0.173026 0.032258 0.023803 0.032258 42380 57313
54 62.310000 60.320000 1000000 7.306320 9.755517 7.409109 10.175904 0.023701 0.032258 0.147279 0.143703 0.032258 0.023791 0.032258 49520 111801
54 62.310000 60.320000 1000000 7.126962 9.447632 7.161283 9.890960 0.023543 0.032258 0.196226 0.193556 0.032258 0.023560 0.032258 54320 93398
54 62.310000 60.320000 1000000 6.640395 9.318959 6.744175 9.372146 0.023441 0.032258 0.216499 0.214082 0.032258 0.023517 0.032258 93390 111801
54 62.310000 60.320000 1000000 6.536625 8.856594 6.593929 9.258754 0.023449 0.032258 0.187552 0.184758 0.032258 0.023510 0.032258 111800 211729
54 62.310000 60.320000 1000000 6.335610 7.975952 6.371442 9.077669 0.023392 0.032258 0.271708 0.269786 0.032258 0.023328 0.032258 116600 376030
54 62.310000 60.320000 1000000 5.860040 7.863409 5.859442 7.981167 0.023815 0.032258 0.099234 0.093845 0.032258 0.023827 0.032258 329230 333013
54 62.310000 60.320000 1000000 5.854758 7.862693 5.854158 7.975302 0.023814 0.032258 0.104798 0.099710 0.032258 0.023826 0.032258 333010 376030
54 62.310000 60.320000 1000000 5.826212 7.746565 5.811327 7.940356 0.023808 0.032258 0.093707 0.087980 0.032258 0.023819 0.032258 376030 421146
54 62.310000 60.320000 1000000 5.820086 7.745848 5.802834 7.932291 0.023808 0.032258 0.088223 0.082115 0.032258 0.023818 0.032258 421140 424418
54 62.310000 60.320000 1000000 5.809193 7.688142 5.786017 7.918851 0.023804 0.032258 0.090959 0.085047 0.032258 0.023813 0.032258 424410 436592
54 62.310000 60.320000 1000000 5.805997 7.687426 5.782782 7.912985 0.023804 0.032258 0.096465 0.090912 0.032258 0.023814 0.032258 436590 627497
54 62.310000 60.320000 1000000 5.726384 7.670938 5.717193 7.837717 0.023823 0.032258 0.064380 0.055715 0.032258 0.023817 0.032258 627490 836252
54 62.310000 60.320000 1000000 5.718480 7.668788 5.706263 7.813523 0.023826 0.032258 0.054544 0.043983 0.032258 0.023822 0.032258 637390 1000000
54 62.310000 60.320000 1000000 5.687633 7.661978 5.697034 7.764403 0.023825 0.032258 0.052216 0.041060 0.032258 0.023826 0.032258 999990 1000000
