10 62.310000 60.320000 1000000 10.638300 14.063395 10.534913 14.201780 0.023798 0.032258 0.207791 0.205272 0.032258 0.023807 0.032258 0 50
10 62.310000 60.320000 1000000 9.854040 12.804257 9.476239 12.888741 0.023694 0.032258 0.367991 0.366575 0.032258 0.023843 0.032258 50 60
10 62.310000 60.320000 1000000 9.477567 12.751211 9.389995 12.722320 0.023822 0.032258 0.107593 0.102644 0.032258 0.023831 0.032258 60 95
10 62.310000 60.320000 1000000 9.320678 12.676301 9.338260 12.657072 0.023831 0.032258 0.072136 0.064522 0.032258 0.023829 0.032258 90 108
10 62.310000 60.320000 1000000 9.308844 12.618595 9.320264 12.643631 0.023831 0.032258 0.069526 0.061589 0.032258 0.023830 0.032258 100 153
10 62.310000 60.320000 1000000 9.194893 12.318237 9.175696 12.472566 0.023830 0.032258 0.064389 0.055726 0.032258 0.023827 0.032258 150 172
10 62.310000 60.320000 1000000 9.188377 12.317520 9.166676 12.464502 0.023831 0.032258 0.059386 0.049861 0.032258 0.023828 0.032258 170 190
10 62.310000 60.320000 1000000 9.161920 12.313577 9.129784 12.418803 0.023831 0.032258 0.061869 0.052794 0.032258 0.023829 0.032258 190 237
10 62.310000 60.320000 1000000 9.117831 12.308560 9.133267 12.416604 0.023829 0.032258 0.061871 0.052797 0.032258 0.023830 0.032258 230 267
10 62.310000 60.320000 1000000 9.092565 12.304258 9.108130 12.381414 0.023829 0.032258 0.082795 0.076253 0.032258 0.023830 0.032258 260 297
10 62.310000 60.320000 1000000 9.088451 12.303542 9.104036 12.375549 0.023829 0.032258 0.077427 0.070388 0.032258 0.023830 0.032258 290 310
10 62.310000 60.320000 1000000 9.071498 12.299241 9.082590 12.329361 0.023830 0.032258 0.077430 0.070391 0.032258 0.023831 0.032258 310 394
10 62.310000 60.320000 1000000 8.883280 11.541177 8.805352 12.072031 0.023806 0.032258 0.085503 0.079185 0.032258 0.023800 0.032258 390 402
10 62.310000 60.320000 1000000 8.881396 11.540460 8.805674 12.073009 0.023807 0.032258 0.080102 0.073320 0.032258 0.023800 0.032258 400 674
10 62.310000 60.320000 1000000 8.861250 11.536159 8.791605 12.058346 0.023810 0.032258 0.069526 0.061590 0.032258 0.023802 0.032258 670 820
10 62.310000 60.320000 1000000 8.778607 11.526840 8.801532 12.062012 0.023797 0.032258 0.074774 0.067458 0.032258 0.023804 0.032258 820 1032
10 62.310000 60.320000 1000000 8.762951 11.523256 8.792300 12.053214 0.023801 0.032258 0.069514 0.061576 0.032258 0.023806 0.032258 860 1203
10 62.310000 60.320000 1000000 8.751665 11.519672 8.779708 12.014603 0.023804 0.032258 0.059385 0.049860 0.032258 0.023808 0.032258 960 1119
10 62.310000 60.320000 1000000 8.734826 11.515371 8.761647 11.970126 0.023806 0.032258 0.069528 0.061592 0.032258 0.023811 0.032258 1110 1203
10 62.310000 60.320000 1000000 8.732245 11.514654 8.758129 11.962062 0.023807 0.032258 0.074774 0.067457 0.032258 0.023811 0.032258 1200 1616
10 62.310000 60.320000 1000000 8.598399 11.103543 8.628952 11.850625 0.023762 0.032258 0.093712 0.087985 0.032258 0.023774 0.032258 1500 1587
10 62.310000 60.320000 1000000 8.579424 11.099959 8.612018 11.832785 0.023766 0.032258 0.088230 0.082121 0.032258 0.023776 0.032258 1580 1627
10 62.310000 60.320000 1000000 8.575180 11.099242 8.607822 11.826920 0.023766 0.032258 0.093713 0.087986 0.032258 0.023776 0.032258 1620 2122
10 62.310000 60.320000 1000000 8.377786 10.677020 8.375026 11.578632 0.023738 0.032258 0.150136 0.146629 0.032258 0.023725 0.032258 2120 2431
10 62.310000 60.320000 1000000 8.358220 10.674153 8.355440 11.555171 0.023731 0.032258 0.173122 0.170090 0.032258 0.023717 0.032258 2150 2497
10 62.310000 60.320000 1000000 8.341293 10.672003 8.332115 11.530978 0.023736 0.032258 0.161612 0.158360 0.032258 0.023724 0.032258 2490 4403
10 62.310000 60.320000 1000000 8.171012 10.649063 8.128764 11.314702 0.023735 0.032258 0.104798 0.099710 0.032258 0.023728 0.032258 3190 4633
10 62.310000 60.320000 1000000 8.074915 10.632576 8.031124 11.179805 0.023743 0.032258 0.116017 0.111443 0.032258 0.023741 0.032258 4100 4712
10 62.310000 60.320000 1000000 8.071751 10.631859 8.026700 11.171741 0.023745 0.032258 0.116017 0.111443 0.032258 0.023744 0.032258 4710 5223
10 62.310000 60.320000 1000000 8.048439 10.628275 8.011808 11.158544 0.023746 0.032258 0.104786 0.099697 0.032258 0.023741 0.032258 5220 5739
10 62.310000 60.320000 1000000 8.045295 10.627558 8.007424 11.150480 0.023748 0.032258 0.104786 0.099697 0.032258 0.023745 0.032258 5730 7210
10 62.310000 60.320000 1000000 7.941859 10.502110 7.978835 11.119199 0.023718 0.032258 0.138693 0.134890 0.032258 0.023746 0.032258 6880 7292
10 62.310000 60.320000 1000000 7.865693 10.487057 7.903744 10.996033 0.023746 0.032258 0.132997 0.129026 0.032258 0.023770 0.032258 6990 7737
10 62.310000 60.320000 1000000 7.621369 9.269137 7.533733 10.643883 0.023599 0.032258 0.150143 0.146637 0.032258 0.023554 0.032258 7730 10547
10 62.310000 60.320000 1000000 7.523268 9.228636 7.394777 10.172727 0.023677 0.032258 0.210704 0.208220 0.032258 0.023678 0.032258 9970 15510
10 62.310000 60.320000 1000000 7.425841 8.819675 7.243180 10.022190 0.023589 0.032258 0.254262 0.252208 0.032258 0.023566 0.032258 12310 14211
10 62.310000 60.320000 1000000 7.420095 8.818959 7.234661 10.014125 0.023587 0.032258 0.260081 0.258073 0.032258 0.023565 0.032258 14210 15510
10 62.310000 60.320000 1000000 7.368999 8.802471 7.243737 10.036608 0.023635 0.032258 0.150145 0.146639 0.032258 0.023554 0.032258 14220 18260
10 62.310000 60.320000 1000000 7.360424 8.800321 7.231314 10.012415 0.023639 0.032258 0.133014 0.129043 0.032258 0.023562 0.032258 14570 16794
10 62.310000 60.320000 1000000 7.273809 8.789568 7.138721 9.922239 0.023656 0.032258 0.127328 0.123174 0.032258 0.023594 0.032258 16790 18260
10 62.310000 60.320000 1000000 7.272402 8.788493 7.136448 9.908798 0.023657 0.032258 0.130167 0.126107 0.032258 0.023596 0.032258 18260 38511
10 62.310000 60.320000 1000000 7.187517 8.550500 7.028990 9.796384 0.023627 0.032258 0.135856 0.131971 0.032258 0.023556 0.032258 21440 36207
10 62.310000 60.320000 1000000 7.141847 8.544049 6.980115 9.743598 0.023610 0.032258 0.187550 0.184755 0.032258 0.023547 0.032258 22010 31823
10 62.310000 60.320000 1000000 6.980682 8.523260 6.822773 9.578888 0.023586 0.032258 0.176006 0.173025 0.032258 0.023538 0.032258 26440 38511
10 62.310000 60.320000 1000000 6.833559 8.491719 6.663984 9.275371 0.023562 0.032258 0.391362 0.390030 0.032258 0.023544 0.032258 38510 45147
10 62.310000 60.320000 1000000 6.717425 8.473798 6.541414 9.135588 0.023624 0.032258 0.391361 0.390030 0.032258 0.023641 0.032258 45140 46931
10 62.310000 60.320000 1000000 6.594587 8.439390 6.495205 9.093555 0.023617 0.032258 0.414735 0.413478 0.032258 0.023617 0.032258 46930 64567
10 62.310000 60.320000 1000000 6.380389 8.412150 6.414729 8.973322 0.023744 0.032258 0.239709 0.237528 0.032258 0.023715 0.032258 53080 62586
10 62.310000 60.320000 1000000 6.338657 8.407849 6.368602 8.933977 0.023755 0.032258 0.210687 0.208203 0.032258 0.023728 0.032258 62580 87911
10 62.310000 60.320000 1000000 6.211812 8.389928 6.303633 8.842091 0.023721 0.032258 0.274618 0.272716 0.032258 0.023711 0.032258 82720 92015
10 62.310000 60.320000 1000000 6.141553 8.325771 6.208969 8.756070 0.023725 0.032258 0.219383 0.216998 0.032258 0.023701 0.032258 92010 106671
10 62.310000 60.320000 1000000 6.085180 8.315018 6.154445 8.668095 0.023729 0.032258 0.207789 0.205270 0.032258 0.023698 0.032258 106670 131741
10 62.310000 60.320000 1000000 5.998883 8.219321 6.034615 8.195240 0.023820 0.032258 0.113194 0.108500 0.032258 0.023818 0.032258 131740 228537
10 62.310000 60.320000 1000000 5.862582 7.807496 5.839062 8.016844 0.023819 0.032258 0.077418 0.070378 0.032258 0.023813 0.032258 200860 299114
10 62.310000 60.320000 1000000 5.824022 7.801044 5.805479 7.964303 0.023821 0.032258 0.066931 0.058644 0.032258 0.023818 0.032258 299110 365230
10 62.310000 60.320000 1000000 5.822271 7.800327 5.805774 7.965280 0.023822 0.032258 0.066933 0.058647 0.032258 0.023817 0.032258 365230 530954
10 62.310000 60.320000 1000000 5.794929 7.797460 5.810332 7.969190 0.023818 0.032258 0.066932 0.058646 0.032258 0.023818 0.032258 412280 556806
10 62.310000 60.320000 1000000 5.776793 7.794593 5.792342 7.945730 0.023821 0.032258 0.052210 0.041052 0.032258 0.023820 0.032258 472810 527903
10 62.310000 60.320000 1000000 5.773381 7.793876 5.788957 7.939865 0.023822 0.032258 0.052210 0.041052 0.032258 0.023821 0.032258 527900 556806
10 62.310000 60.320000 1000000 5.771967 7.792801 5.786814 7.926425 0.023823 0.032258 0.049937 0.038120 0.032258 0.023823 0.032258 556800 592802
10 62.310000 60.320000 1000000 5.701818 7.445851 5.681935 7.839915 0.023802 0.032258 0.059377 0.049850 0.032258 0.023792 0.032258 592800 695761
10 62.310000 60.320000 1000000 5.696250 7.442983 5.673754 7.804970 0.023806 0.032258 0.054550 0.043990 0.032258 0.023797 0.032258 695760 893348
10 62.310000 60.320000 1000000 5.691265 7.440475 5.672244 7.793485 0.023808 0.032258 0.056937 0.046917 0.032258 0.023798 0.032258 893340 1000000
10 62.310000 60.320000 1000000 5.691265 7.440475 5.672244 7.793485 0.023808 0.032258 0.056937 0.046917 0.032258 0.023798 0.032258 999990 1000000
