1 62.310000 60.320000 1000000 12.456206 16.780990 12.540800 17.108916 0.023801 0.032258 0.161627 0.158376 0.032258 0.023818 0.032258 0 50
1 62.310000 60.320000 1000000 9.368317 12.135086 9.368109 12.887287 0.023745 0.032258 0.202004 0.199412 0.032258 0.023739 0.032258 50 62
1 62.310000 60.320000 1000000 9.203178 12.109280 9.207888 12.696917 0.023790 0.032258 0.178884 0.175951 0.032258 0.023783 0.032258 60 74
1 62.310000 60.320000 1000000 9.159581 12.102470 9.163582 12.636556 0.023804 0.032258 0.130159 0.126098 0.032258 0.023797 0.032258 70 83
1 62.310000 60.320000 1000000 9.077234 12.084549 9.083241 12.504104 0.023813 0.032258 0.141552 0.137827 0.032258 0.023807 0.032258 80 91
1 62.310000 60.320000 1000000 9.058641 12.080965 9.064685 12.474778 0.023814 0.032258 0.135846 0.131961 0.032258 0.023807 0.032258 90 104
1 62.310000 60.320000 1000000 9.041870 12.077380 9.047947 12.445453 0.023814 0.032258 0.135847 0.131962 0.032258 0.023807 0.032258 100 161
1 62.310000 60.320000 1000000 9.022587 12.062327 9.018497 12.257284 0.023821 0.032258 0.096470 0.090917 0.032258 0.023818 0.032258 120 178
1 62.310000 60.320000 1000000 8.925255 12.045481 8.918218 12.114812 0.023831 0.032258 0.061869 0.052794 0.032258 0.023828 0.032258 170 226
1 62.310000 60.320000 1000000 8.871226 11.925052 8.848625 12.053962 0.023829 0.032258 0.099229 0.093839 0.032258 0.023825 0.032258 200 213
1 62.310000 60.320000 1000000 8.784125 11.912865 8.756210 11.949857 0.023806 0.032258 0.155862 0.152487 0.032258 0.023804 0.032258 210 226
1 62.310000 60.320000 1000000 8.699838 11.900679 8.649415 11.828156 0.023789 0.032258 0.167356 0.164218 0.032258 0.023783 0.032258 220 358
1 62.310000 60.320000 1000000 8.647219 11.894227 8.645163 11.809828 0.023797 0.032258 0.133000 0.129029 0.032258 0.023787 0.032258 230 246
1 62.310000 60.320000 1000000 8.644472 11.893510 8.641383 11.801764 0.023798 0.032258 0.127318 0.123164 0.032258 0.023788 0.032258 240 307
1 62.310000 60.320000 1000000 8.577853 11.885625 8.644543 11.798831 0.023788 0.032258 0.127318 0.123164 0.032258 0.023791 0.032258 280 377
1 62.310000 60.320000 1000000 8.328481 11.281326 8.306815 11.388765 0.023792 0.032258 0.248429 0.246326 0.032258 0.023792 0.032258 310 378
1 62.310000 60.320000 1000000 8.304690 11.273441 8.302240 11.390475 0.023796 0.032258 0.254246 0.252191 0.032258 0.023788 0.032258 370 475
1 62.310000 60.320000 1000000 7.942209 10.300686 7.825059 10.669319 0.023797 0.032258 0.202007 0.199415 0.032258 0.023802 0.032258 470 571
1 62.310000 60.320000 1000000 7.879591 10.279181 7.786039 10.575234 0.023803 0.032258 0.132999 0.129028 0.032258 0.023807 0.032258 570 632
1 62.310000 60.320000 1000000 7.789564 10.266994 7.669271 10.453534 0.023784 0.032258 0.230998 0.228734 0.032258 0.023796 0.032258 610 636
1 62.310000 60.320000 1000000 7.736195 10.261976 7.670748 10.453534 0.023800 0.032258 0.190431 0.187679 0.032258 0.023796 0.032258 630 965
1 62.310000 60.320000 1000000 7.644198 10.251941 7.628642 10.412479 0.023817 0.032258 0.110386 0.105567 0.032258 0.023812 0.032258 920 1090
1 62.310000 60.320000 1000000 7.617872 10.247640 7.602153 10.377288 0.023825 0.032258 0.077418 0.070377 0.032258 0.023821 0.032258 1000 1052
1 62.310000 60.320000 1000000 7.602272 10.245489 7.586456 10.359693 0.023827 0.032258 0.066933 0.058647 0.032258 0.023823 0.032258 1050 1090
1 62.310000 60.320000 1000000 7.598935 10.244772 7.583098 10.353828 0.023827 0.032258 0.066932 0.058646 0.032258 0.023823 0.032258 1090 1139
1 62.310000 60.320000 1000000 7.585202 10.242622 7.569278 10.336232 0.023828 0.032258 0.061858 0.052781 0.032258 0.023824 0.032258 1130 1606
1 62.310000 60.320000 1000000 7.555725 10.237604 7.555192 10.306663 0.023829 0.032258 0.066929 0.058642 0.032258 0.023826 0.032258 1600 2693
1 62.310000 60.320000 1000000 7.552349 10.236170 7.555754 10.308618 0.023829 0.032258 0.072127 0.064511 0.032258 0.023826 0.032258 1640 5094
1 62.310000 60.320000 1000000 7.506442 10.226134 7.521375 10.217221 0.023830 0.032258 0.047739 0.035192 0.032258 0.023828 0.032258 3360 4537
1 62.310000 60.320000 1000000 7.501555 10.221833 7.513949 10.163458 0.023830 0.032258 0.056941 0.046922 0.032258 0.023828 0.032258 3370 5241
1 62.310000 60.320000 1000000 7.442029 9.988142 7.433762 10.099920 0.023830 0.032258 0.047742 0.035195 0.032258 0.023827 0.032258 3860 3934
1 62.310000 60.320000 1000000 7.418312 9.928286 7.403939 10.068884 0.023830 0.032258 0.041683 0.026399 0.032258 0.023827 0.032258 3930 5241
1 62.310000 60.320000 1000000 7.393552 9.923268 7.396423 10.048600 0.023831 0.032258 0.035438 0.014672 0.032258 0.023829 0.032258 5070 7304
1 62.310000 60.320000 1000000 7.388026 9.922551 7.390903 10.042735 0.023831 0.032258 0.038240 0.020536 0.032258 0.023829 0.032258 7300 13339
1 62.310000 60.320000 1000000 7.378590 9.921118 7.381478 10.031005 0.023831 0.032258 0.041685 0.026402 0.032258 0.023829 0.032258 7830 15900
1 62.310000 60.320000 1000000 7.366601 9.918967 7.369503 10.013410 0.023831 0.032258 0.041686 0.026404 0.032258 0.023829 0.032258 7840 14551
1 62.310000 60.320000 1000000 7.314697 9.797104 7.305493 9.933742 0.023828 0.032258 0.059385 0.049860 0.032258 0.023825 0.032258 14550 19457
1 62.310000 60.320000 1000000 7.304325 9.791728 7.293202 9.878270 0.023830 0.032258 0.061864 0.052789 0.032258 0.023826 0.032258 19450 26265
1 62.310000 60.320000 1000000 7.255522 9.783125 7.244173 9.807889 0.023821 0.032258 0.082792 0.076250 0.032258 0.023818 0.032258 21090 28211
1 62.310000 60.320000 1000000 7.150226 9.765921 7.229138 9.723825 0.023801 0.032258 0.155871 0.152497 0.032258 0.023825 0.032258 22880 28518
1 62.310000 60.320000 1000000 7.044748 9.751585 7.113020 9.591127 0.023807 0.032258 0.150137 0.146631 0.032258 0.023822 0.032258 26160 35106
1 62.310000 60.320000 1000000 7.018347 9.689578 7.081341 9.547384 0.023813 0.032258 0.135854 0.131968 0.032258 0.023826 0.032258 35100 37057
1 62.310000 60.320000 1000000 7.002344 9.630438 7.063400 9.535898 0.023817 0.032258 0.121660 0.117306 0.032258 0.023828 0.032258 37050 56907
1 62.310000 60.320000 1000000 6.926083 9.499973 6.963510 9.356039 0.023819 0.032258 0.093710 0.087983 0.032258 0.023822 0.032258 48560 89655
1 62.310000 60.320000 1000000 6.804846 9.476317 6.856637 9.219675 0.023813 0.032258 0.088226 0.082118 0.032258 0.023808 0.032258 67570 93979
1 62.310000 60.320000 1000000 6.711440 9.238325 6.738544 9.107261 0.023815 0.032258 0.116017 0.111442 0.032258 0.023810 0.032258 80670 98754
1 62.310000 60.320000 1000000 6.695552 9.234024 6.716933 9.058874 0.023821 0.032258 0.082794 0.076251 0.032258 0.023816 0.032258 88300 103499
1 62.310000 60.320000 1000000 6.551057 8.819689 6.517563 8.866305 0.023822 0.032258 0.104799 0.099711 0.032258 0.023822 0.032258 103490 118679
1 62.310000 60.320000 1000000 6.548419 8.818972 6.513878 8.858240 0.023823 0.032258 0.099235 0.093846 0.032258 0.023824 0.032258 118670 133798
1 62.310000 60.320000 1000000 6.546766 8.818255 6.514158 8.859218 0.023823 0.032258 0.099235 0.093846 0.032258 0.023824 0.032258 133790 144915
1 62.310000 60.320000 1000000 6.513186 8.812520 6.490698 8.812786 0.023828 0.032258 0.082790 0.076248 0.032258 0.023827 0.032258 144910 170724
1 62.310000 60.320000 1000000 6.505894 8.811803 6.491923 8.813763 0.023828 0.032258 0.077423 0.070382 0.032258 0.023826 0.032258 170720 220643
1 62.310000 60.320000 1000000 6.486976 8.808219 6.470558 8.782239 0.023828 0.032258 0.066937 0.058651 0.032258 0.023826 0.032258 220640 230729
1 62.310000 60.320000 1000000 6.479755 8.807502 6.471768 8.783216 0.023829 0.032258 0.061864 0.052788 0.032258 0.023826 0.032258 230720 246549
1 62.310000 60.320000 1000000 6.477360 8.806786 6.468462 8.775152 0.023829 0.032258 0.061864 0.052788 0.032258 0.023826 0.032258 246540 257436
1 62.310000 60.320000 1000000 6.465143 8.803918 6.453589 8.745093 0.023827 0.032258 0.077424 0.070384 0.032258 0.023824 0.032258 257430 347494
1 62.310000 60.320000 1000000 6.447326 8.798184 6.440170 8.709415 0.023825 0.032258 0.082785 0.076242 0.032258 0.023823 0.032258 318000 413106
1 62.310000 60.320000 1000000 6.443752 8.794958 6.434690 8.669093 0.023825 0.032258 0.085500 0.079181 0.032258 0.023822 0.032258 335180 474728
1 62.310000 60.320000 1000000 6.433774 8.793524 6.424669 8.657363 0.023821 0.032258 0.096465 0.090911 0.032258 0.023819 0.032258 338470 410457
1 62.310000 60.320000 1000000 6.371185 8.785639 6.395301 8.620217 0.023823 0.032258 0.080099 0.073317 0.032258 0.023819 0.032258 410450 474728
1 62.310000 60.320000 1000000 6.277627 8.323992 6.252336 8.512691 0.023822 0.032258 0.080098 0.073315 0.032258 0.023817 0.032258 421900 561579
1 62.310000 60.320000 1000000 6.215217 8.202129 6.173451 8.444754 0.023820 0.032258 0.064381 0.055716 0.032258 0.023816 0.032258 541080 602582
1 62.310000 60.320000 1000000 6.213946 8.201053 6.171470 8.431313 0.023820 0.032258 0.061865 0.052790 0.032258 0.023817 0.032258 602580 672190
1 62.310000 60.320000 1000000 6.196087 8.198186 6.174493 8.435223 0.023822 0.032258 0.061861 0.052785 0.032258 0.023816 0.032258 633830 770412
1 62.310000 60.320000 1000000 6.167381 8.192451 6.139340 8.374618 0.023823 0.032258 0.056944 0.046926 0.032258 0.023819 0.032258 770410 893360
1 62.310000 60.320000 1000000 6.134184 8.186717 6.114283 8.334540 0.023829 0.032258 0.043598 0.029330 0.032258 0.023825 0.032258 893360 1000000
1 62.310000 60.320000 1000000 6.116927 8.182415 6.093964 8.292752 0.023831 0.032258 0.039887 0.023461 0.032258 0.023829 0.032258 999990 1000000
