19 62.310000 60.320000 1000000 12.953824 17.901790 12.946185 17.433939 0.023818 0.032258 0.113200 0.108507 0.032258 0.023816 0.032258 0 50
19 62.310000 60.320000 1000000 9.846574 12.985979 9.848842 13.332790 0.023788 0.032258 0.196227 0.193558 0.032258 0.023776 0.032258 50 60
19 62.310000 60.320000 1000000 9.599276 12.950495 9.557721 13.000435 0.023817 0.032258 0.141560 0.137836 0.032258 0.023816 0.032258 60 77
19 62.310000 60.320000 1000000 9.414232 12.928273 9.494179 12.921257 0.023799 0.032258 0.187550 0.184755 0.032258 0.023804 0.032258 70 81
19 62.310000 60.320000 1000000 9.116356 12.206412 9.088702 12.460361 0.023818 0.032258 0.102007 0.096773 0.032258 0.023823 0.032258 80 100
19 62.310000 60.320000 1000000 9.089252 12.195660 9.093236 12.475023 0.023827 0.032258 0.090951 0.085038 0.032258 0.023821 0.032258 90 102
19 62.310000 60.320000 1000000 9.049287 12.187057 9.056151 12.416128 0.023827 0.032258 0.090951 0.085039 0.032258 0.023822 0.032258 100 201
19 62.310000 60.320000 1000000 9.036851 12.177380 9.037175 12.295163 0.023832 0.032258 0.066932 0.058646 0.032258 0.023829 0.032258 140 179
19 62.310000 60.320000 1000000 9.035569 12.176305 9.035215 12.281722 0.023832 0.032258 0.064379 0.055714 0.032258 0.023829 0.032258 170 201
19 62.310000 60.320000 1000000 9.021421 12.172721 9.033799 12.277568 0.023832 0.032258 0.074763 0.067445 0.032258 0.023829 0.032258 200 216
19 62.310000 60.320000 1000000 8.986591 12.165552 8.994685 12.207920 0.023832 0.032258 0.059374 0.049846 0.032258 0.023828 0.032258 210 344
19 62.310000 60.320000 1000000 8.824195 12.139029 8.784413 11.919066 0.023801 0.032258 0.135842 0.131956 0.032258 0.023789 0.032258 290 327
19 62.310000 60.320000 1000000 8.819311 12.138312 8.777604 11.911002 0.023798 0.032258 0.141546 0.137821 0.032258 0.023785 0.032258 320 344
19 62.310000 60.320000 1000000 8.785286 12.126843 8.730038 11.781970 0.023786 0.032258 0.233898 0.231662 0.032258 0.023771 0.032258 330 413
19 62.310000 60.320000 1000000 8.528192 12.062686 8.631933 11.415161 0.023755 0.032258 0.236809 0.234601 0.032258 0.023753 0.032258 410 522
19 62.310000 60.320000 1000000 8.493115 12.054084 8.598115 11.344781 0.023745 0.032258 0.184654 0.181814 0.032258 0.023741 0.032258 430 492
19 62.310000 60.320000 1000000 8.108258 10.431151 8.042055 10.909787 0.023773 0.032258 0.144408 0.140759 0.032258 0.023757 0.032258 490 552
19 62.310000 60.320000 1000000 7.988142 10.415381 7.917911 10.778556 0.023807 0.032258 0.110385 0.105567 0.032258 0.023802 0.032258 550 983
19 62.310000 60.320000 1000000 7.868512 10.397460 7.785725 10.605537 0.023816 0.032258 0.127323 0.123169 0.032258 0.023817 0.032258 980 1374
19 62.310000 60.320000 1000000 7.761812 10.383840 7.743925 10.562526 0.023826 0.032258 0.061854 0.052776 0.032258 0.023822 0.032258 1370 2439
19 62.310000 60.320000 1000000 7.749162 10.381689 7.731186 10.544931 0.023829 0.032258 0.056934 0.046914 0.032258 0.023825 0.032258 1470 2393
19 62.310000 60.320000 1000000 7.684472 10.366994 7.695295 10.428852 0.023829 0.032258 0.069523 0.061586 0.032258 0.023829 0.032258 2180 3937
19 62.310000 60.320000 1000000 7.673017 10.362693 7.689671 10.416633 0.023830 0.032258 0.059377 0.049850 0.032258 0.023829 0.032258 2320 4972
19 62.310000 60.320000 1000000 7.663035 10.361259 7.679754 10.404903 0.023832 0.032258 0.049937 0.038120 0.032258 0.023831 0.032258 2840 3967
19 62.310000 60.320000 1000000 7.638998 10.357675 7.655875 10.375578 0.023833 0.032258 0.049937 0.038120 0.032258 0.023831 0.032258 3960 4972
19 62.310000 60.320000 1000000 7.635888 10.356958 7.652786 10.369713 0.023833 0.032258 0.054546 0.043985 0.032258 0.023831 0.032258 4970 6731
19 62.310000 60.320000 1000000 7.624446 10.352299 7.639535 10.317660 0.023832 0.032258 0.056946 0.046929 0.032258 0.023830 0.032258 6710 6771
19 62.310000 60.320000 1000000 7.619594 10.351582 7.634711 10.311795 0.023833 0.032258 0.052219 0.041064 0.032258 0.023830 0.032258 6770 7327
19 62.310000 60.320000 1000000 7.617151 10.350865 7.631371 10.303731 0.023833 0.032258 0.047744 0.035199 0.032258 0.023831 0.032258 7320 7908
19 62.310000 60.320000 1000000 7.610312 10.350148 7.632503 10.304708 0.023832 0.032258 0.052219 0.041064 0.032258 0.023831 0.032258 7900 8988
19 62.310000 60.320000 1000000 7.598479 10.292442 7.614560 10.291268 0.023833 0.032258 0.049946 0.038131 0.032258 0.023831 0.032258 8980 10532
19 62.310000 60.320000 1000000 7.560832 10.118608 7.558848 10.245080 0.023830 0.032258 0.052217 0.041061 0.032258 0.023827 0.032258 10530 10649
19 62.310000 60.320000 1000000 7.537881 10.114665 7.535247 10.208179 0.023829 0.032258 0.074771 0.067454 0.032258 0.023826 0.032258 10640 11247
19 62.310000 60.320000 1000000 7.531345 10.113948 7.526246 10.200115 0.023830 0.032258 0.069525 0.061589 0.032258 0.023827 0.032258 11240 11705
19 62.310000 60.320000 1000000 7.529688 10.113232 7.526523 10.201092 0.023830 0.032258 0.069525 0.061589 0.032258 0.023827 0.032258 11700 14020
19 62.310000 60.320000 1000000 7.442894 10.098895 7.432743 10.074993 0.023827 0.032258 0.064386 0.055722 0.032258 0.023825 0.032258 14020 18305
19 62.310000 60.320000 1000000 7.437931 10.096744 7.433573 10.077925 0.023827 0.032258 0.064380 0.055716 0.032258 0.023825 0.032258 14440 19470
19 62.310000 60.320000 1000000 7.390789 10.084916 7.431410 10.019521 0.023826 0.032258 0.093712 0.087985 0.032258 0.023825 0.032258 17330 25432
19 62.310000 60.320000 1000000 7.361635 10.080615 7.395538 9.977732 0.023828 0.032258 0.077429 0.070390 0.032258 0.023826 0.032258 21740 28165
19 62.310000 60.320000 1000000 7.254894 9.777749 7.248932 9.751685 0.023825 0.032258 0.102013 0.096779 0.032258 0.023820 0.032258 28160 31880
19 62.310000 60.320000 1000000 7.241255 9.774882 7.232282 9.721627 0.023828 0.032258 0.080101 0.073318 0.032258 0.023824 0.032258 31880 48879
19 62.310000 60.320000 1000000 7.049507 9.408575 7.015542 9.484580 0.023817 0.032258 0.141557 0.137833 0.032258 0.023813 0.032258 48870 60727
19 62.310000 60.320000 1000000 6.932183 9.048720 6.848049 9.277836 0.023790 0.032258 0.181771 0.178886 0.032258 0.023784 0.032258 58990 72321
19 62.310000 60.320000 1000000 6.882031 9.042268 6.795998 9.225050 0.023807 0.032258 0.141555 0.137831 0.032258 0.023809 0.032258 61720 94654
19 62.310000 60.320000 1000000 6.864804 9.040118 6.778104 9.207455 0.023810 0.032258 0.141555 0.137831 0.032258 0.023814 0.032258 67810 74526
19 62.310000 60.320000 1000000 6.859267 9.039401 6.772352 9.201590 0.023810 0.032258 0.141555 0.137831 0.032258 0.023815 0.032258 74520 94654
19 62.310000 60.320000 1000000 6.804098 8.919688 6.691750 9.128521 0.023794 0.032258 0.170240 0.167156 0.032258 0.023803 0.032258 94650 95663
19 62.310000 60.320000 1000000 6.756237 8.912520 6.641400 9.069869 0.023794 0.032258 0.204901 0.202346 0.032258 0.023813 0.032258 95030 107535
19 62.310000 60.320000 1000000 6.748179 8.911803 6.642811 9.070847 0.023798 0.032258 0.199112 0.196481 0.032258 0.023812 0.032258 107530 188666
19 62.310000 60.320000 1000000 6.697142 8.905351 6.651610 9.079645 0.023812 0.032258 0.147272 0.143695 0.032258 0.023808 0.032258 127680 170631
19 62.310000 60.320000 1000000 6.646681 8.895674 6.606697 8.993380 0.023824 0.032258 0.104796 0.099708 0.032258 0.023824 0.032258 170630 194061
19 62.310000 60.320000 1000000 6.623159 8.892090 6.582743 8.964055 0.023826 0.032258 0.093705 0.087977 0.032258 0.023827 0.032258 188510 250425
19 62.310000 60.320000 1000000 6.607760 8.886714 6.565067 8.906138 0.023825 0.032258 0.107590 0.102641 0.032258 0.023828 0.032258 210290 251343
19 62.310000 60.320000 1000000 6.564530 8.876678 6.552803 8.885611 0.023833 0.032258 0.041682 0.026397 0.032258 0.023830 0.032258 250500 274649
19 62.310000 60.320000 1000000 6.552949 8.818972 6.534991 8.872170 0.023832 0.032258 0.043598 0.029330 0.032258 0.023830 0.032258 274640 277588
19 62.310000 60.320000 1000000 6.550530 8.818255 6.531636 8.864105 0.023833 0.032258 0.043596 0.029327 0.032258 0.023830 0.032258 277580 295129
19 62.310000 60.320000 1000000 6.544412 8.817538 6.523146 8.856041 0.023832 0.032258 0.047740 0.035192 0.032258 0.023830 0.032258 295120 499376
19 62.310000 60.320000 1000000 6.533269 8.816105 6.511893 8.844311 0.023832 0.032258 0.043596 0.029326 0.032258 0.023830 0.032258 308470 319623
19 62.310000 60.320000 1000000 6.527858 8.815388 6.506428 8.838445 0.023832 0.032258 0.043596 0.029327 0.032258 0.023830 0.032258 319620 499376
19 62.310000 60.320000 1000000 6.462251 8.803560 6.452071 8.732875 0.023828 0.032258 0.069522 0.061585 0.032258 0.023824 0.032258 466120 515982
19 62.310000 60.320000 1000000 6.433107 8.742270 6.420375 8.703794 0.023828 0.032258 0.072133 0.064518 0.032258 0.023825 0.032258 515980 602115
19 62.310000 60.320000 1000000 6.341479 8.391734 6.304681 8.592846 0.023819 0.032258 0.099231 0.093842 0.032258 0.023815 0.032258 597490 624268
19 62.310000 60.320000 1000000 6.340228 8.390658 6.302736 8.579406 0.023819 0.032258 0.102009 0.096774 0.032258 0.023815 0.032258 624260 698080
19 62.310000 60.320000 1000000 6.329412 8.387791 6.297691 8.576473 0.023821 0.032258 0.085492 0.079172 0.032258 0.023816 0.032258 698080 707573
19 62.310000 60.320000 1000000 6.323719 8.387074 6.291911 8.570608 0.023822 0.032258 0.080091 0.073307 0.032258 0.023817 0.032258 707570 773675
19 62.310000 60.320000 1000000 6.268334 8.380622 6.276671 8.552036 0.023820 0.032258 0.074762 0.067445 0.032258 0.023819 0.032258 773670 1000000
19 62.310000 60.320000 1000000 6.227496 8.372737 6.239861 8.501205 0.023827 0.032258 0.064381 0.055716 0.032258 0.023826 0.032258 999990 1000000
