43 62.310000 60.320000 1000000 10.747062 13.915366 10.518922 14.264584 0.023762 0.032258 0.327116 0.325522 0.032258 0.023796 0.032258 0 50
43 62.310000 60.320000 1000000 10.385539 13.743324 10.090453 13.748459 0.023739 0.032258 0.280443 0.278581 0.032258 0.023844 0.032258 50 61
43 62.310000 60.320000 1000000 10.333828 13.721102 10.034202 13.538296 0.023727 0.032258 0.309606 0.307921 0.032258 0.023843 0.032258 60 73
43 62.310000 60.320000 1000000 10.015810 13.690278 10.033826 13.503351 0.023824 0.032258 0.147279 0.143703 0.032258 0.023822 0.032258 70 97
43 62.310000 60.320000 1000000 9.903977 13.674507 9.923275 13.383850 0.023825 0.032258 0.102017 0.096782 0.032258 0.023820 0.032258 90 111
43 62.310000 60.320000 1000000 9.768011 13.257303 9.751526 13.210830 0.023829 0.032258 0.085503 0.079184 0.032258 0.023827 0.032258 110 125
43 62.310000 60.320000 1000000 9.754544 13.253002 9.747377 13.209853 0.023829 0.032258 0.101999 0.096764 0.032258 0.023827 0.032258 120 146
43 62.310000 60.320000 1000000 9.668730 13.128271 9.655130 13.105015 0.023831 0.032258 0.069514 0.061577 0.032258 0.023829 0.032258 140 162
43 62.310000 60.320000 1000000 9.651149 13.126121 9.632931 13.083021 0.023830 0.032258 0.080088 0.073304 0.032258 0.023827 0.032258 160 177
43 62.310000 60.320000 1000000 9.640533 13.122895 9.621583 13.051985 0.023830 0.032258 0.077413 0.070371 0.032258 0.023827 0.032258 170 199
43 62.310000 60.320000 1000000 9.617654 13.063755 9.592220 13.026814 0.023830 0.032258 0.080088 0.073304 0.032258 0.023828 0.032258 190 202
43 62.310000 60.320000 1000000 9.579435 13.058737 9.570900 12.999444 0.023831 0.032258 0.054544 0.043983 0.032258 0.023828 0.032258 200 266
43 62.310000 60.320000 1000000 9.411137 12.697448 9.343105 12.773638 0.023821 0.032258 0.135841 0.131956 0.032258 0.023822 0.032258 250 316
43 62.310000 60.320000 1000000 9.341378 12.687770 9.326016 12.737715 0.023823 0.032258 0.127315 0.123160 0.032258 0.023819 0.032258 310 334
43 62.310000 60.320000 1000000 9.323829 12.627197 9.300683 12.691528 0.023824 0.032258 0.130152 0.126091 0.032258 0.023820 0.032258 330 374
43 62.310000 60.320000 1000000 9.300334 12.623254 9.276305 12.654627 0.023824 0.032258 0.104802 0.099714 0.032258 0.023822 0.032258 370 401
43 62.310000 60.320000 1000000 9.287069 12.617520 9.278528 12.662447 0.023826 0.032258 0.144404 0.140755 0.032258 0.023821 0.032258 390 448
43 62.310000 60.320000 1000000 9.253442 12.499240 9.228434 12.603307 0.023827 0.032258 0.127314 0.123160 0.032258 0.023824 0.032258 430 510
43 62.310000 60.320000 1000000 9.227809 12.492789 9.200237 12.539037 0.023830 0.032258 0.088214 0.082105 0.032258 0.023828 0.032258 510 531
43 62.310000 60.320000 1000000 9.226509 12.491713 9.198233 12.525596 0.023830 0.032258 0.085492 0.079172 0.032258 0.023828 0.032258 530 843
43 62.310000 60.320000 1000000 9.143018 12.477018 9.183942 12.441531 0.023829 0.032258 0.066947 0.058662 0.032258 0.023830 0.032258 840 915
43 62.310000 60.320000 1000000 9.117985 12.360531 9.146129 12.401209 0.023830 0.032258 0.064392 0.055730 0.032258 0.023830 0.032258 910 1232
43 62.310000 60.320000 1000000 9.077320 12.354796 9.105841 12.354288 0.023829 0.032258 0.069529 0.061592 0.032258 0.023828 0.032258 1010 1538
43 62.310000 60.320000 1000000 8.931656 11.885263 8.902329 12.173448 0.023822 0.032258 0.074773 0.067457 0.032258 0.023818 0.032258 1530 2140
43 62.310000 60.320000 1000000 8.916883 11.878811 8.904808 12.182245 0.023823 0.032258 0.118824 0.114361 0.032258 0.023818 0.032258 1540 1626
43 62.310000 60.320000 1000000 8.844503 11.639385 8.800030 12.040751 0.023817 0.032258 0.130153 0.126092 0.032258 0.023810 0.032258 1620 2038
43 62.310000 60.320000 1000000 8.814067 11.632933 8.769128 11.987966 0.023822 0.032258 0.080092 0.073309 0.032258 0.023816 0.032258 1650 1893
43 62.310000 60.320000 1000000 8.810931 11.632216 8.765943 11.982100 0.023822 0.032258 0.080092 0.073309 0.032258 0.023816 0.032258 1890 2038
43 62.310000 60.320000 1000000 8.809383 11.631500 8.766204 11.983078 0.023822 0.032258 0.085493 0.079174 0.032258 0.023816 0.032258 2030 2502
43 62.310000 60.320000 1000000 8.702257 11.620030 8.737723 11.955707 0.023818 0.032258 0.090954 0.085042 0.032258 0.023820 0.032258 2500 2539
43 62.310000 60.320000 1000000 8.696307 11.619313 8.731846 11.949842 0.023819 0.032258 0.085496 0.079177 0.032258 0.023821 0.032258 2530 3897
43 62.310000 60.320000 1000000 8.684491 11.609636 8.713995 11.828877 0.023822 0.032258 0.061861 0.052784 0.032258 0.023825 0.032258 2580 3659
43 62.310000 60.320000 1000000 8.683278 11.608561 8.712161 11.815436 0.023822 0.032258 0.059391 0.049867 0.032258 0.023825 0.032258 3650 3897
43 62.310000 60.320000 1000000 8.680855 11.607844 8.708861 11.807372 0.023822 0.032258 0.059391 0.049867 0.032258 0.023825 0.032258 3890 4709
43 62.310000 60.320000 1000000 8.675787 11.607127 8.703841 11.801507 0.023823 0.032258 0.059391 0.049867 0.032258 0.023825 0.032258 4700 4860
43 62.310000 60.320000 1000000 8.674590 11.606052 8.702030 11.788066 0.023823 0.032258 0.061874 0.052799 0.032258 0.023825 0.032258 4860 6362
43 62.310000 60.320000 1000000 8.663407 11.548346 8.685089 11.774625 0.023822 0.032258 0.059391 0.049867 0.032258 0.023823 0.032258 6360 8190
43 62.310000 60.320000 1000000 8.661006 11.547629 8.681813 11.766561 0.023822 0.032258 0.064393 0.055730 0.032258 0.023823 0.032258 8190 8500
43 62.310000 60.320000 1000000 8.657754 11.546912 8.678584 11.760696 0.023822 0.032258 0.064393 0.055730 0.032258 0.023823 0.032258 8500 9160
43 62.310000 60.320000 1000000 8.616833 11.541894 8.624143 11.706443 0.023819 0.032258 0.064393 0.055730 0.032258 0.023819 0.032258 9160 9358
43 62.310000 60.320000 1000000 8.594539 11.426482 8.590100 11.679562 0.023816 0.032258 0.059390 0.049865 0.032258 0.023814 0.032258 9290 10677
43 62.310000 60.320000 1000000 8.530805 11.418597 8.534107 11.621888 0.023820 0.032258 0.059387 0.049862 0.032258 0.023819 0.032258 10670 10818
43 62.310000 60.320000 1000000 8.303125 11.383472 8.558279 11.656101 0.023548 0.032258 0.315443 0.313790 0.032258 0.023867 0.032258 10760 12530
43 62.310000 60.320000 1000000 8.260101 11.377020 8.520989 11.610158 0.023558 0.032258 0.303776 0.302058 0.032258 0.023871 0.032258 12530 17397
43 62.310000 60.320000 1000000 7.863334 8.952650 7.954159 11.037578 0.023239 0.032258 0.181776 0.178891 0.032258 0.023351 0.032258 17390 27822
43 62.310000 60.320000 1000000 7.573227 8.855517 7.665011 10.697157 0.023135 0.032258 0.417674 0.416426 0.032258 0.023226 0.032258 27820 44895
43 62.310000 60.320000 1000000 6.929506 8.428636 6.924904 9.882401 0.022985 0.032258 0.216498 0.214082 0.032258 0.023028 0.032258 44890 51026
43 62.310000 60.320000 1000000 6.878329 8.420751 6.867130 9.809332 0.022943 0.032258 0.222302 0.219949 0.032258 0.022979 0.032258 51020 53418
43 62.310000 60.320000 1000000 6.515719 8.360537 6.500442 9.314469 0.023082 0.032258 0.251351 0.249273 0.032258 0.023138 0.032258 53410 58007
43 62.310000 60.320000 1000000 6.454837 8.351935 6.415669 9.217696 0.023196 0.032258 0.251352 0.249273 0.032258 0.023303 0.032258 58000 61008
43 62.310000 60.320000 1000000 6.451026 8.351218 6.416315 9.218673 0.023205 0.032258 0.245536 0.243408 0.032258 0.023302 0.032258 61000 125546
43 62.310000 60.320000 1000000 6.313509 8.287421 6.269972 8.530525 0.023440 0.032258 0.332948 0.331382 0.032258 0.023521 0.032258 82380 96907
43 62.310000 60.320000 1000000 6.298880 8.284553 6.259005 8.513907 0.023444 0.032258 0.315441 0.313787 0.032258 0.023517 0.032258 96900 125546
43 62.310000 60.320000 1000000 6.101839 8.066633 6.156749 8.368992 0.023522 0.032258 0.315440 0.313786 0.032258 0.023427 0.032258 125540 127044
43 62.310000 60.320000 1000000 6.096238 8.065916 6.149250 8.360928 0.023519 0.032258 0.315440 0.313786 0.032258 0.023421 0.032258 127040 151793
43 62.310000 60.320000 1000000 5.924928 8.033659 5.917713 7.997540 0.023825 0.032258 0.085504 0.079185 0.032258 0.023821 0.032258 151790 162025
43 62.310000 60.320000 1000000 5.917306 8.031508 5.912015 7.986787 0.023823 0.032258 0.096469 0.090915 0.032258 0.023819 0.032258 162020 175236
43 62.310000 60.320000 1000000 5.898490 8.025773 5.888575 7.931313 0.023825 0.032258 0.074769 0.067453 0.032258 0.023822 0.032258 175230 185465
43 62.310000 60.320000 1000000 5.886648 7.968068 5.870362 7.917873 0.023826 0.032258 0.077425 0.070385 0.032258 0.023823 0.032258 185460 212806
43 62.310000 60.320000 1000000 5.861942 7.908212 5.839189 7.886837 0.023830 0.032258 0.064387 0.055723 0.032258 0.023829 0.032258 212800 213326
43 62.310000 60.320000 1000000 5.854683 7.907495 5.840411 7.887814 0.023831 0.032258 0.059383 0.049858 0.032258 0.023829 0.032258 213320 288620
43 62.310000 60.320000 1000000 5.786274 7.785632 5.783415 7.837961 0.023831 0.032258 0.041682 0.026398 0.032258 0.023829 0.032258 233270 513925
43 62.310000 60.320000 1000000 5.714318 7.551226 5.702798 7.766359 0.023821 0.032258 0.049942 0.038127 0.032258 0.023816 0.032258 513920 601819
43 62.310000 60.320000 1000000 5.711123 7.550509 5.699584 7.760493 0.023821 0.032258 0.054551 0.043992 0.032258 0.023816 0.032258 601810 614815
43 62.310000 60.320000 1000000 5.706821 7.549792 5.695256 7.754628 0.023822 0.032258 0.049942 0.038127 0.032258 0.023818 0.032258 614810 654691
43 62.310000 60.320000 1000000 5.702614 7.549076 5.691023 7.748763 0.023823 0.032258 0.049942 0.038127 0.032258 0.023819 0.032258 654690 662955
43 62.310000 60.320000 1000000 5.697022 7.548359 5.685397 7.742898 0.023824 0.032258 0.054551 0.043992 0.032258 0.023819 0.032258 662950 684037
43 62.310000 60.320000 1000000 5.691957 7.547642 5.680301 7.737033 0.023825 0.032258 0.049942 0.038127 0.032258 0.023821 0.032258 684030 707108
43 62.310000 60.320000 1000000 5.687820 7.546925 5.676139 7.731168 0.023826 0.032258 0.049942 0.038127 0.032258 0.023822 0.032258 707100 764345
43 62.310000 60.320000 1000000 5.668965 7.544774 5.650002 7.706974 0.023826 0.032258 0.049943 0.038127 0.032258 0.023822 0.032258 740370 797654
43 62.310000 60.320000 1000000 5.667242 7.544058 5.650292 7.707952 0.023826 0.032258 0.045623 0.032262 0.032258 0.023822 0.032258 797650 893668
43 62.310000 60.320000 1000000 5.663154 7.543341 5.646167 7.702087 0.023827 0.032258 0.045623 0.032262 0.032258 0.023823 0.032258 893660 990045
43 62.310000 60.320000 1000000 5.661468 7.542624 5.646450 7.703064 0.023827 0.032258 0.045619 0.032257 0.032258 0.023823 0.032258 990040 1000000
43 62.310000 60.320000 1000000 5.661468 7.542624 5.646450 7.703064 0.023827 0.032258 0.045619 0.032257 0.032258 0.023823 0.032258 999990 1000000
