20 62.310000 60.320000 1000000 10.763885 13.918592 10.494098 14.286578 0.023740 0.032258 0.370900 0.369495 0.032258 0.023786 0.032258 0 50
20 62.310000 60.320000 1000000 10.151140 13.828270 10.192183 13.786583 0.023809 0.032258 0.219401 0.217017 0.032258 0.023804 0.032258 50 63
20 62.310000 60.320000 1000000 10.080619 13.808916 10.117707 13.620407 0.023815 0.032258 0.161603 0.158350 0.032258 0.023812 0.032258 60 75
20 62.310000 60.320000 1000000 10.031266 13.797088 10.062772 13.498708 0.023814 0.032258 0.130171 0.126111 0.032258 0.023810 0.032258 70 96
20 62.310000 60.320000 1000000 9.879654 13.777733 9.947076 13.368210 0.023813 0.032258 0.102021 0.096787 0.032258 0.023807 0.032258 90 115
20 62.310000 60.320000 1000000 9.720750 13.194221 9.722387 13.174418 0.023827 0.032258 0.102018 0.096784 0.032258 0.023824 0.032258 110 122
20 62.310000 60.320000 1000000 9.713574 13.192429 9.714571 13.155112 0.023828 0.032258 0.099240 0.093851 0.032258 0.023825 0.032258 120 130
20 62.310000 60.320000 1000000 9.696137 13.190278 9.697140 13.137517 0.023830 0.032258 0.082798 0.076256 0.032258 0.023827 0.032258 130 193
20 62.310000 60.320000 1000000 9.622938 13.178092 9.639021 13.042210 0.023830 0.032258 0.061869 0.052793 0.032258 0.023827 0.032258 170 202
20 62.310000 60.320000 1000000 9.610184 13.173791 9.635765 13.041233 0.023830 0.032258 0.056936 0.046916 0.032258 0.023826 0.032258 200 220
20 62.310000 60.320000 1000000 9.597320 13.170207 9.619437 13.003110 0.023830 0.032258 0.056935 0.046915 0.032258 0.023826 0.032258 220 257
20 62.310000 60.320000 1000000 9.594058 13.169490 9.616197 12.997245 0.023830 0.032258 0.052208 0.041050 0.032258 0.023826 0.032258 250 277
20 62.310000 60.320000 1000000 9.528766 13.158021 9.551362 12.903404 0.023818 0.032258 0.127310 0.123156 0.032258 0.023813 0.032258 270 369
20 62.310000 60.320000 1000000 9.482412 13.150852 9.498392 12.838155 0.023815 0.032258 0.116001 0.111425 0.032258 0.023809 0.032258 360 438
20 62.310000 60.320000 1000000 9.444800 12.977734 9.441041 12.797833 0.023821 0.032258 0.107578 0.102628 0.032258 0.023818 0.032258 390 664
20 62.310000 60.320000 1000000 9.333285 12.619670 9.288315 12.606485 0.023819 0.032258 0.127326 0.123172 0.032258 0.023821 0.032258 500 738
20 62.310000 60.320000 1000000 9.212154 12.484187 9.178510 12.444219 0.023822 0.032258 0.116002 0.111427 0.032258 0.023820 0.032258 660 908
20 62.310000 60.320000 1000000 9.127219 12.306051 9.133183 12.410739 0.023823 0.032258 0.107582 0.102632 0.032258 0.023820 0.032258 740 955
20 62.310000 60.320000 1000000 9.060733 12.295298 9.062961 12.311277 0.023830 0.032258 0.074758 0.067440 0.032258 0.023826 0.032258 950 1219
20 62.310000 60.320000 1000000 9.034681 12.283470 9.055073 12.275843 0.023830 0.032258 0.072128 0.064512 0.032258 0.023828 0.032258 1210 1266
20 62.310000 60.320000 1000000 9.028226 12.282753 9.046254 12.267779 0.023831 0.032258 0.066934 0.058647 0.032258 0.023828 0.032258 1260 1525
20 62.310000 60.320000 1000000 8.996221 12.278452 9.044757 12.255560 0.023828 0.032258 0.088217 0.082108 0.032258 0.023827 0.032258 1480 1637
20 62.310000 60.320000 1000000 8.985370 12.276302 9.034081 12.237965 0.023827 0.032258 0.088217 0.082108 0.032258 0.023826 0.032258 1630 1693
20 62.310000 60.320000 1000000 8.982361 12.275585 9.031121 12.232100 0.023827 0.032258 0.088217 0.082108 0.032258 0.023826 0.032258 1690 1971
20 62.310000 60.320000 1000000 8.967318 12.273434 9.010752 12.207906 0.023827 0.032258 0.088217 0.082107 0.032258 0.023825 0.032258 1970 1990
20 62.310000 60.320000 1000000 8.965850 12.272718 9.010993 12.208884 0.023827 0.032258 0.088218 0.082109 0.032258 0.023825 0.032258 1990 2065
20 62.310000 60.320000 1000000 8.960234 12.272001 9.005461 12.203019 0.023827 0.032258 0.088216 0.082106 0.032258 0.023825 0.032258 2060 2640
20 62.310000 60.320000 1000000 8.810284 11.690639 8.788176 12.026821 0.023823 0.032258 0.088214 0.082104 0.032258 0.023817 0.032258 2640 3009
20 62.310000 60.320000 1000000 8.808900 11.689564 8.786045 12.013381 0.023824 0.032258 0.085491 0.079172 0.032258 0.023818 0.032258 3000 3515
20 62.310000 60.320000 1000000 8.794997 11.677736 8.764610 11.865534 0.023826 0.032258 0.056947 0.046929 0.032258 0.023822 0.032258 3100 3266
20 62.310000 60.320000 1000000 8.783690 11.675227 8.752570 11.840363 0.023828 0.032258 0.049946 0.038132 0.032258 0.023824 0.032258 3260 3659
20 62.310000 60.320000 1000000 8.779670 11.674511 8.748507 11.834498 0.023828 0.032258 0.049946 0.038132 0.032258 0.023824 0.032258 3650 6204
20 62.310000 60.320000 1000000 8.642229 11.488489 8.665611 11.750187 0.023819 0.032258 0.082799 0.076257 0.032258 0.023818 0.032258 6200 11146
20 62.310000 60.320000 1000000 8.584455 11.481321 8.589045 11.673941 0.023822 0.032258 0.077433 0.070394 0.032258 0.023820 0.032258 6500 12009
20 62.310000 60.320000 1000000 8.516765 11.472719 8.521465 11.603560 0.023825 0.032258 0.056946 0.046929 0.032258 0.023824 0.032258 8250 15048
20 62.310000 60.320000 1000000 7.954915 9.251216 8.031492 11.131908 0.023363 0.032258 0.173126 0.170094 0.032258 0.023430 0.032258 9660 12550
20 62.310000 60.320000 1000000 7.941468 9.135804 8.011507 11.105026 0.023336 0.032258 0.167367 0.164229 0.032258 0.023389 0.032258 10340 15817
20 62.310000 60.320000 1000000 7.874881 9.126485 7.962126 11.063238 0.023311 0.032258 0.178893 0.175961 0.032258 0.023412 0.032258 15810 27370
20 62.310000 60.320000 1000000 7.652644 9.097094 7.662246 10.732594 0.023167 0.032258 0.178893 0.175961 0.032258 0.023209 0.032258 16450 18753
20 62.310000 60.320000 1000000 7.432912 9.066270 7.441928 10.478195 0.023061 0.032258 0.178893 0.175961 0.032258 0.023101 0.032258 18750 27370
20 62.310000 60.320000 1000000 7.373249 8.604622 7.350524 10.370668 0.022947 0.032258 0.167369 0.164230 0.032258 0.022929 0.032258 19190 30885
20 62.310000 60.320000 1000000 7.289121 8.594586 7.265595 10.288556 0.023025 0.032258 0.196224 0.193555 0.032258 0.023009 0.032258 20810 36119
20 62.310000 60.320000 1000000 7.017121 8.555160 6.970481 9.937386 0.023101 0.032258 0.231005 0.228742 0.032258 0.023122 0.032258 31350 44478
20 62.310000 60.320000 1000000 6.583579 8.486343 6.534146 9.381184 0.023314 0.032258 0.184663 0.181824 0.032258 0.023389 0.032258 44470 52740
20 62.310000 60.320000 1000000 6.553599 8.482042 6.495183 9.337196 0.023285 0.032258 0.184663 0.181824 0.032258 0.023357 0.032258 49190 61288
20 62.310000 60.320000 1000000 6.496064 8.466988 6.437358 9.188371 0.023313 0.032258 0.225200 0.222878 0.032258 0.023436 0.032258 61280 62729
20 62.310000 60.320000 1000000 6.486090 8.409282 6.421678 9.174930 0.023305 0.032258 0.222298 0.219945 0.032258 0.023425 0.032258 62720 64231
20 62.310000 60.320000 1000000 6.480199 8.408565 6.422688 9.175908 0.023299 0.032258 0.228102 0.225810 0.032258 0.023425 0.032258 64230 76862
20 62.310000 60.320000 1000000 6.447540 8.402114 6.401199 9.134608 0.023283 0.032258 0.239722 0.237542 0.032258 0.023430 0.032258 76860 116004
20 62.310000 60.320000 1000000 6.054779 7.979894 6.078882 8.682511 0.023630 0.032258 0.193316 0.190606 0.032258 0.023528 0.032258 116000 119900
20 62.310000 60.320000 1000000 6.050899 7.979178 6.075048 8.676646 0.023629 0.032258 0.193314 0.190604 0.032258 0.023526 0.032258 119900 135103
20 62.310000 60.320000 1000000 5.948323 7.926491 5.926979 8.047881 0.023828 0.032258 0.061863 0.052787 0.032258 0.023824 0.032258 122680 140298
20 62.310000 60.320000 1000000 5.928613 7.922190 5.907054 8.012691 0.023827 0.032258 0.056943 0.046925 0.032258 0.023824 0.032258 140290 150222
20 62.310000 60.320000 1000000 5.888535 7.917889 5.907272 8.011713 0.023824 0.032258 0.072135 0.064520 0.032258 0.023824 0.032258 150220 156652
20 62.310000 60.320000 1000000 5.883066 7.917172 5.901855 8.005848 0.023824 0.032258 0.077425 0.070385 0.032258 0.023824 0.032258 156650 165352
20 62.310000 60.320000 1000000 5.871700 7.859467 5.884631 7.992407 0.023822 0.032258 0.074769 0.067453 0.032258 0.023821 0.032258 165350 270661
20 62.310000 60.320000 1000000 5.802090 7.848714 5.806411 7.916405 0.023829 0.032258 0.049937 0.038120 0.032258 0.023826 0.032258 229490 232502
20 62.310000 60.320000 1000000 5.797177 7.847997 5.801509 7.910540 0.023830 0.032258 0.045618 0.032255 0.032258 0.023827 0.032258 232500 270661
20 62.310000 60.320000 1000000 5.790376 7.847280 5.802638 7.911518 0.023829 0.032258 0.045618 0.032255 0.032258 0.023827 0.032258 270660 427791
20 62.310000 60.320000 1000000 5.776087 7.787424 5.780903 7.871196 0.023830 0.032258 0.039886 0.023458 0.032258 0.023828 0.032258 427790 451206
20 62.310000 60.320000 1000000 5.774458 7.786708 5.781174 7.872174 0.023830 0.032258 0.039887 0.023460 0.032258 0.023828 0.032258 451200 480592
20 62.310000 60.320000 1000000 5.767747 7.785991 5.782286 7.873151 0.023829 0.032258 0.043595 0.029324 0.032258 0.023828 0.032258 480590 494123
20 62.310000 60.320000 1000000 5.756268 7.728285 5.764854 7.859710 0.023827 0.032258 0.041679 0.026392 0.032258 0.023826 0.032258 494120 555124
20 62.310000 60.320000 1000000 5.746858 7.725776 5.754802 7.834540 0.023829 0.032258 0.043593 0.029322 0.032258 0.023827 0.032258 555120 576602
20 62.310000 60.320000 1000000 5.745587 7.724701 5.752867 7.821099 0.023829 0.032258 0.041677 0.026390 0.032258 0.023827 0.032258 576600 580214
20 62.310000 60.320000 1000000 5.734262 7.666996 5.735605 7.807658 0.023827 0.032258 0.039885 0.023457 0.032258 0.023825 0.032258 580210 606238
20 62.310000 60.320000 1000000 5.728483 7.666279 5.729829 7.801793 0.023828 0.032258 0.039885 0.023457 0.032258 0.023826 0.032258 606230 610735
20 62.310000 60.320000 1000000 5.723501 7.665562 5.724851 7.795928 0.023829 0.032258 0.036743 0.017592 0.032258 0.023827 0.032258 610730 705596
20 62.310000 60.320000 1000000 5.717831 7.664845 5.719185 7.790063 0.023830 0.032258 0.036743 0.017592 0.032258 0.023827 0.032258 705590 1000000
20 62.310000 60.320000 1000000 5.717831 7.664845 5.719185 7.790063 0.023830 0.032258 0.036743 0.017592 0.032258 0.023827 0.032258 999990 1000000
