43 62.310000 60.320000 1000000 10.691947 14.124327 10.587538 14.241858 0.023804 0.032258 0.155863 0.152488 0.032258 0.023814 0.032258 0 50
43 62.310000 60.320000 1000000 9.836705 12.925046 9.735855 13.170264 0.023771 0.032258 0.277547 0.275666 0.032258 0.023764 0.032258 50 62
43 62.310000 60.320000 1000000 9.516830 12.885619 9.501566 12.920753 0.023821 0.032258 0.138706 0.134903 0.032258 0.023823 0.032258 60 83
43 62.310000 60.320000 1000000 9.462299 12.819311 9.449167 12.864302 0.023827 0.032258 0.085503 0.079185 0.032258 0.023826 0.032258 80 108
43 62.310000 60.320000 1000000 9.417200 12.807842 9.398711 12.749690 0.023829 0.032258 0.080102 0.073319 0.032258 0.023829 0.032258 100 121
43 62.310000 60.320000 1000000 9.337234 12.792071 9.371139 12.721098 0.023829 0.032258 0.080089 0.073305 0.032258 0.023826 0.032258 120 141
43 62.310000 60.320000 1000000 9.328216 12.790638 9.362219 12.709368 0.023828 0.032258 0.090948 0.085035 0.032258 0.023825 0.032258 140 162
43 62.310000 60.320000 1000000 9.321879 12.789921 9.353597 12.701303 0.023828 0.032258 0.085489 0.079170 0.032258 0.023825 0.032258 160 194
43 62.310000 60.320000 1000000 9.277542 12.778451 9.296514 12.570807 0.023826 0.032258 0.069527 0.061591 0.032258 0.023821 0.032258 190 222
43 62.310000 60.320000 1000000 9.174484 12.427197 9.161740 12.451550 0.023831 0.032258 0.045625 0.032265 0.032258 0.023829 0.032258 220 325
43 62.310000 60.320000 1000000 9.147926 12.424330 9.159834 12.448617 0.023831 0.032258 0.045626 0.032267 0.032258 0.023829 0.032258 320 400
43 62.310000 60.320000 1000000 9.079989 12.187771 9.060939 12.332538 0.023830 0.032258 0.080101 0.073319 0.032258 0.023827 0.032258 400 430
43 62.310000 60.320000 1000000 9.066091 12.184904 9.046952 12.309078 0.023831 0.032258 0.064387 0.055724 0.032258 0.023829 0.032258 430 457
43 62.310000 60.320000 1000000 9.062867 12.184187 9.043708 12.303213 0.023831 0.032258 0.059384 0.049859 0.032258 0.023829 0.032258 450 496
43 62.310000 60.320000 1000000 9.013274 12.008918 8.994469 12.265823 0.023828 0.032258 0.066927 0.058640 0.032258 0.023824 0.032258 490 692
43 62.310000 60.320000 1000000 8.988650 12.003900 8.968294 12.215481 0.023828 0.032258 0.077424 0.070383 0.032258 0.023825 0.032258 600 695
43 62.310000 60.320000 1000000 8.986913 12.003184 8.968585 12.216459 0.023828 0.032258 0.072133 0.064518 0.032258 0.023825 0.032258 690 752
43 62.310000 60.320000 1000000 8.973884 12.001750 8.950545 12.200330 0.023830 0.032258 0.061864 0.052788 0.032258 0.023827 0.032258 750 773
43 62.310000 60.320000 1000000 8.951742 11.998524 8.952049 12.189822 0.023829 0.032258 0.064386 0.055723 0.032258 0.023827 0.032258 770 911
43 62.310000 60.320000 1000000 8.825860 11.870926 8.928542 12.172715 0.023787 0.032258 0.153003 0.149564 0.032258 0.023829 0.032258 910 996
43 62.310000 60.320000 1000000 8.791177 11.866625 8.887792 12.130927 0.023791 0.032258 0.135857 0.131972 0.032258 0.023831 0.032258 990 1073
43 62.310000 60.320000 1000000 8.710232 11.461966 8.769182 12.030976 0.023779 0.032258 0.110400 0.105582 0.032258 0.023804 0.032258 1070 1121
43 62.310000 60.320000 1000000 8.706709 11.461249 8.765730 12.025110 0.023779 0.032258 0.110400 0.105582 0.032258 0.023805 0.032258 1120 1277
43 62.310000 60.320000 1000000 8.665505 11.230425 8.703826 11.971347 0.023764 0.032258 0.099240 0.093851 0.032258 0.023779 0.032258 1160 1229
43 62.310000 60.320000 1000000 8.547323 11.159815 8.540686 11.812745 0.023743 0.032258 0.096473 0.090920 0.032258 0.023748 0.032258 1220 1277
43 62.310000 60.320000 1000000 8.545334 11.159099 8.541018 11.813722 0.023744 0.032258 0.090966 0.085055 0.032258 0.023747 0.032258 1270 1295
43 62.310000 60.320000 1000000 8.540678 11.158382 8.536356 11.807857 0.023746 0.032258 0.085508 0.079190 0.032258 0.023749 0.032258 1290 1317
43 62.310000 60.320000 1000000 8.537001 11.157665 8.532672 11.801992 0.023747 0.032258 0.090966 0.085055 0.032258 0.023751 0.032258 1310 1463
43 62.310000 60.320000 1000000 8.531058 11.156948 8.533663 11.802970 0.023744 0.032258 0.090967 0.085055 0.032258 0.023751 0.032258 1460 1538
43 62.310000 60.320000 1000000 8.516396 11.154081 8.516944 11.775111 0.023749 0.032258 0.090965 0.085053 0.032258 0.023757 0.032258 1520 2063
43 62.310000 60.320000 1000000 8.492680 11.092790 8.482245 11.718660 0.023741 0.032258 0.104803 0.099715 0.032258 0.023745 0.032258 2060 2253
43 62.310000 60.320000 1000000 8.486780 11.090640 8.483230 11.721592 0.023744 0.032258 0.093697 0.087969 0.032258 0.023745 0.032258 2160 2184
43 62.310000 60.320000 1000000 8.475872 11.088489 8.474545 11.710839 0.023747 0.032258 0.099225 0.093835 0.032258 0.023748 0.032258 2180 3189
43 62.310000 60.320000 1000000 8.286488 11.060533 8.282331 11.470616 0.023756 0.032258 0.093709 0.087982 0.032258 0.023758 0.032258 3180 3371
43 62.310000 60.320000 1000000 8.284470 11.059816 8.282667 11.471593 0.023757 0.032258 0.093694 0.087966 0.032258 0.023758 0.032258 3370 3765
43 62.310000 60.320000 1000000 8.280173 11.059099 8.278368 11.465728 0.023756 0.032258 0.093698 0.087970 0.032258 0.023756 0.032258 3760 4201
43 62.310000 60.320000 1000000 8.268430 11.056948 8.266617 11.448133 0.023762 0.032258 0.082785 0.076242 0.032258 0.023763 0.032258 4120 4757
43 62.310000 60.320000 1000000 8.263490 11.056231 8.261674 11.442268 0.023761 0.032258 0.082782 0.076238 0.032258 0.023761 0.032258 4750 5766
43 62.310000 60.320000 1000000 8.243131 11.051930 8.241477 11.409521 0.023760 0.032258 0.099227 0.093837 0.032258 0.023760 0.032258 5760 6363
43 62.310000 60.320000 1000000 8.154989 11.036877 8.153281 11.286354 0.023768 0.032258 0.099224 0.093833 0.032258 0.023769 0.032258 6360 6842
43 62.310000 60.320000 1000000 8.151028 11.036160 8.149317 11.280489 0.023770 0.032258 0.093697 0.087969 0.032258 0.023771 0.032258 6840 7087
43 62.310000 60.320000 1000000 8.079046 11.020031 8.076426 11.143882 0.023782 0.032258 0.102003 0.096767 0.032258 0.023783 0.032258 7080 8834
43 62.310000 60.320000 1000000 7.999297 10.616089 7.953485 11.049796 0.023773 0.032258 0.110382 0.105563 0.032258 0.023774 0.032258 8130 11594
43 62.310000 60.320000 1000000 7.912703 10.576663 7.827630 10.576197 0.023807 0.032258 0.173126 0.170094 0.032258 0.023834 0.032258 11590 14903
43 62.310000 60.320000 1000000 7.867650 10.559459 7.835309 10.599657 0.023829 0.032258 0.061857 0.052780 0.032258 0.023830 0.032258 12110 14629
43 62.310000 60.320000 1000000 7.861403 10.557308 7.828968 10.584505 0.023829 0.032258 0.056935 0.046915 0.032258 0.023830 0.032258 14620 28671
43 62.310000 60.320000 1000000 7.476628 9.098887 7.441525 10.228934 0.023680 0.032258 0.130154 0.126094 0.032258 0.023618 0.032258 28670 36811
43 62.310000 60.320000 1000000 7.278339 9.074514 7.163008 9.956941 0.023626 0.032258 0.228094 0.225802 0.032258 0.023560 0.032258 36810 40235
43 62.310000 60.320000 1000000 7.276883 9.073439 7.160673 9.943501 0.023627 0.032258 0.225191 0.222869 0.032258 0.023562 0.032258 40230 74062
43 62.310000 60.320000 1000000 7.057314 8.422902 6.876657 9.666619 0.023519 0.032258 0.228090 0.225798 0.032258 0.023426 0.032258 52670 188276
43 62.310000 60.320000 1000000 6.797032 8.382759 6.593487 9.338175 0.023462 0.032258 0.268795 0.266852 0.032258 0.023438 0.032258 78150 159829
43 62.310000 60.320000 1000000 6.300282 8.312509 6.315253 8.946439 0.023490 0.032258 0.175994 0.173012 0.032258 0.023512 0.032258 159820 229374
43 62.310000 60.320000 1000000 6.202014 8.224338 6.175859 8.566441 0.023609 0.032258 0.216495 0.214078 0.032258 0.023691 0.032258 229370 234661
43 62.310000 60.320000 1000000 6.198047 8.223621 6.170333 8.558377 0.023615 0.032258 0.216495 0.214078 0.032258 0.023701 0.032258 234660 522130
43 62.310000 60.320000 1000000 6.072942 8.187779 6.129777 8.507791 0.023772 0.032258 0.216486 0.214069 0.032258 0.023764 0.032258 283710 370997
43 62.310000 60.320000 1000000 6.043197 8.183478 6.100860 8.472601 0.023758 0.032258 0.251338 0.249260 0.032258 0.023747 0.032258 297660 311461
43 62.310000 60.320000 1000000 5.938819 7.773804 5.949959 8.316199 0.023758 0.032258 0.219386 0.217002 0.032258 0.023733 0.032258 311460 522130
43 62.310000 60.320000 1000000 5.888386 7.750507 5.880150 8.032975 0.023781 0.032258 0.141557 0.137833 0.032258 0.023766 0.032258 371820 640808
43 62.310000 60.320000 1000000 5.856639 7.744773 5.857881 7.986543 0.023795 0.032258 0.130162 0.126102 0.032258 0.023787 0.032258 390530 577504
43 62.310000 60.320000 1000000 5.845922 7.741905 5.843140 7.954285 0.023799 0.032258 0.130162 0.126102 0.032258 0.023793 0.032258 499120 523543
43 62.310000 60.320000 1000000 5.827608 7.738321 5.823839 7.922761 0.023813 0.032258 0.107591 0.102642 0.032258 0.023808 0.032258 523540 557920
43 62.310000 60.320000 1000000 5.825112 7.737604 5.820400 7.914696 0.023814 0.032258 0.107591 0.102642 0.032258 0.023808 0.032258 557920 577504
43 62.310000 60.320000 1000000 5.818239 7.736887 5.821546 7.915674 0.023813 0.032258 0.107591 0.102642 0.032258 0.023808 0.032258 577500 640808
43 62.310000 60.320000 1000000 5.780458 7.729719 5.781306 7.854824 0.023825 0.032258 0.074771 0.067454 0.032258 0.023821 0.032258 640800 764372
43 62.310000 60.320000 1000000 5.738850 7.723984 5.734731 7.803504 0.023830 0.032258 0.045624 0.032263 0.032258 0.023827 0.032258 764370 794042
43 62.310000 60.320000 1000000 5.734913 7.723267 5.730786 7.797639 0.023830 0.032258 0.045622 0.032262 0.032258 0.023827 0.032258 794040 884217
43 62.310000 60.320000 1000000 5.733249 7.722551 5.731064 7.798616 0.023830 0.032258 0.049937 0.038119 0.032258 0.023827 0.032258 884210 1000000
43 62.310000 60.320000 1000000 5.733249 7.722551 5.731064 7.798616 0.023830 0.032258 0.049937 0.038119 0.032258 0.023827 0.032258 999990 1000000
