30 62.310000 60.320000 1000000 12.238263 16.379195 12.128176 16.395581 0.023801 0.032258 0.280453 0.278592 0.032258 0.023805 0.032258 0 50
30 62.310000 60.320000 1000000 11.133787 15.051223 11.256328 14.676876 0.023660 0.032258 0.616678 0.615833 0.032258 0.023673 0.032258 50 60
30 62.310000 60.320000 1000000 8.699621 10.775952 8.563584 11.817404 0.023739 0.032258 0.088213 0.082104 0.032258 0.023704 0.032258 60 93
30 62.310000 60.320000 1000000 8.554933 10.760182 8.588137 11.838909 0.023707 0.032258 0.082782 0.076239 0.032258 0.023709 0.032258 70 82
30 62.310000 60.320000 1000000 8.377179 10.725773 8.402226 11.524639 0.023714 0.032258 0.254245 0.252190 0.032258 0.023717 0.032258 80 100
30 62.310000 60.320000 1000000 7.999235 10.276671 7.961972 11.014868 0.023630 0.032258 0.210697 0.208213 0.032258 0.023645 0.032258 100 111
30 62.310000 60.320000 1000000 7.841022 10.246205 7.846548 10.890968 0.023735 0.032258 0.138699 0.134895 0.032258 0.023727 0.032258 110 140
30 62.310000 60.320000 1000000 7.710977 10.172012 7.711134 10.742630 0.023782 0.032258 0.102006 0.096771 0.032258 0.023770 0.032258 140 151
30 62.310000 60.320000 1000000 7.705209 10.171295 7.703200 10.734565 0.023780 0.032258 0.107586 0.102636 0.032258 0.023768 0.032258 150 248
30 62.310000 60.320000 1000000 7.657740 10.161260 7.655693 10.652455 0.023789 0.032258 0.135845 0.131959 0.032258 0.023777 0.032258 160 209
30 62.310000 60.320000 1000000 7.654768 10.160543 7.652719 10.646590 0.023788 0.032258 0.141549 0.137824 0.032258 0.023776 0.032258 200 248
30 62.310000 60.320000 1000000 7.625589 10.156242 7.623517 10.611399 0.023792 0.032258 0.124479 0.120227 0.032258 0.023780 0.032258 240 281
30 62.310000 60.320000 1000000 7.601248 10.143697 7.597671 10.464530 0.023806 0.032258 0.088216 0.082106 0.032258 0.023804 0.032258 280 445
30 62.310000 60.320000 1000000 7.515651 10.121117 7.499070 10.255831 0.023818 0.032258 0.107579 0.102629 0.032258 0.023816 0.032258 430 441
30 62.310000 60.320000 1000000 7.509509 10.119683 7.495038 10.250944 0.023819 0.032258 0.101999 0.096764 0.032258 0.023817 0.032258 440 456
30 62.310000 60.320000 1000000 7.492278 10.114665 7.497915 10.257786 0.023821 0.032258 0.101999 0.096764 0.032258 0.023817 0.032258 450 478
30 62.310000 60.320000 1000000 7.481867 10.109289 7.485478 10.202313 0.023823 0.032258 0.093695 0.087967 0.032258 0.023819 0.032258 470 552
30 62.310000 60.320000 1000000 7.436807 10.102120 7.440485 10.143662 0.023825 0.032258 0.088213 0.082103 0.032258 0.023821 0.032258 480 509
30 62.310000 60.320000 1000000 7.386915 9.870580 7.366038 10.084034 0.023822 0.032258 0.093695 0.087967 0.032258 0.023817 0.032258 500 552
30 62.310000 60.320000 1000000 7.354359 9.866279 7.330831 10.046644 0.023825 0.032258 0.088212 0.082102 0.032258 0.023821 0.032258 550 607
30 62.310000 60.320000 1000000 7.247071 9.795670 7.273956 9.975529 0.023820 0.032258 0.107581 0.102631 0.032258 0.023819 0.032258 600 796
30 62.310000 60.320000 1000000 7.171785 9.504990 7.162275 9.884132 0.023813 0.032258 0.099222 0.093832 0.032258 0.023806 0.032258 680 864
30 62.310000 60.320000 1000000 7.163224 9.499972 7.149519 9.822305 0.023818 0.032258 0.088211 0.082102 0.032258 0.023814 0.032258 860 1087
30 62.310000 60.320000 1000000 7.142063 9.487069 7.125390 9.683990 0.023825 0.032258 0.082790 0.076247 0.032258 0.023822 0.032258 1080 1159
30 62.310000 60.320000 1000000 7.123807 9.482768 7.110194 9.660285 0.023827 0.032258 0.056942 0.046924 0.032258 0.023824 0.032258 1150 1634
30 62.310000 60.320000 1000000 7.105348 9.480618 7.099730 9.649533 0.023828 0.032258 0.047741 0.035194 0.032258 0.023826 0.032258 1630 2128
30 62.310000 60.320000 1000000 7.098917 9.479901 7.090862 9.641468 0.023829 0.032258 0.047741 0.035194 0.032258 0.023827 0.032258 2120 2280
30 62.310000 60.320000 1000000 7.070188 9.419328 7.056101 9.604567 0.023827 0.032258 0.059381 0.049855 0.032258 0.023825 0.032258 2280 4409
30 62.310000 60.320000 1000000 7.057921 9.416460 7.040945 9.574508 0.023829 0.032258 0.059380 0.049854 0.032258 0.023827 0.032258 4400 4881
30 62.310000 60.320000 1000000 7.053871 9.415743 7.036866 9.568643 0.023829 0.032258 0.054551 0.043991 0.032258 0.023827 0.032258 4880 5508
30 62.310000 60.320000 1000000 7.051402 9.413593 7.033065 9.541763 0.023829 0.032258 0.059382 0.049856 0.032258 0.023827 0.032258 5040 6112
30 62.310000 60.320000 1000000 7.021404 9.410009 7.026981 9.532965 0.023827 0.032258 0.074768 0.067451 0.032258 0.023828 0.032258 5130 6141
30 62.310000 60.320000 1000000 6.998319 9.349436 7.001716 9.514392 0.023828 0.032258 0.052214 0.041058 0.032258 0.023826 0.032258 6140 6175
30 62.310000 60.320000 1000000 6.991854 9.348719 6.992835 9.506328 0.023828 0.032258 0.052214 0.041058 0.032258 0.023827 0.032258 6170 6777
30 62.310000 60.320000 1000000 6.987772 9.348002 6.988754 9.500463 0.023829 0.032258 0.047740 0.035193 0.032258 0.023827 0.032258 6770 12279
30 62.310000 60.320000 1000000 6.976475 9.346568 6.977462 9.488732 0.023830 0.032258 0.043598 0.029329 0.032258 0.023828 0.032258 8340 9609
30 62.310000 60.320000 1000000 6.970977 9.345851 6.971966 9.482867 0.023829 0.032258 0.047740 0.035193 0.032258 0.023828 0.032258 9600 11163
30 62.310000 60.320000 1000000 6.956174 9.343701 6.957169 9.465272 0.023829 0.032258 0.052215 0.041059 0.032258 0.023827 0.032258 11160 15093
30 62.310000 60.320000 1000000 6.940175 9.340117 6.939314 9.431548 0.023829 0.032258 0.066939 0.058653 0.032258 0.023828 0.032258 15090 17964
30 62.310000 60.320000 1000000 6.934817 9.339400 6.933954 9.425683 0.023829 0.032258 0.066939 0.058653 0.032258 0.023827 0.032258 17960 20565
30 62.310000 60.320000 1000000 6.930718 9.338683 6.929853 9.419818 0.023829 0.032258 0.061864 0.052788 0.032258 0.023827 0.032258 20560 20573
30 62.310000 60.320000 1000000 6.919293 9.280977 6.912370 9.406377 0.023828 0.032258 0.064383 0.055719 0.032258 0.023826 0.032258 20570 21733
30 62.310000 60.320000 1000000 6.909864 9.278110 6.909673 9.380473 0.023828 0.032258 0.069523 0.061586 0.032258 0.023827 0.032258 21730 27982
30 62.310000 60.320000 1000000 6.895056 9.218970 6.892989 9.368988 0.023828 0.032258 0.061863 0.052787 0.032258 0.023824 0.032258 27980 34545
30 62.310000 60.320000 1000000 6.892597 9.218253 6.889604 9.360923 0.023828 0.032258 0.061864 0.052788 0.032258 0.023825 0.032258 34540 40549
30 62.310000 60.320000 1000000 6.846090 9.211085 6.824941 9.277591 0.023828 0.032258 0.061863 0.052787 0.032258 0.023826 0.032258 35200 71668
30 62.310000 60.320000 1000000 6.780059 9.085637 6.758044 9.209654 0.023830 0.032258 0.061858 0.052781 0.032258 0.023827 0.032258 48960 80021
30 62.310000 60.320000 1000000 6.742517 8.910011 6.705366 9.157846 0.023823 0.032258 0.077417 0.070377 0.032258 0.023818 0.032258 80020 103930
30 62.310000 60.320000 1000000 6.671370 8.899258 6.662619 9.086243 0.023829 0.032258 0.047737 0.035188 0.032258 0.023824 0.032258 103930 106142
30 62.310000 60.320000 1000000 6.666606 8.898541 6.657837 9.080378 0.023829 0.032258 0.047737 0.035189 0.032258 0.023825 0.032258 106140 113392
30 62.310000 60.320000 1000000 6.660275 8.897824 6.649092 9.072314 0.023829 0.032258 0.043595 0.029324 0.032258 0.023825 0.032258 113390 114527
30 62.310000 60.320000 1000000 6.656103 8.897108 6.644899 9.066449 0.023830 0.032258 0.043595 0.029324 0.032258 0.023826 0.032258 114520 147297
30 62.310000 60.320000 1000000 6.640671 8.893523 6.628474 9.034924 0.023831 0.032258 0.047733 0.035184 0.032258 0.023827 0.032258 147290 215724
30 62.310000 60.320000 1000000 6.600221 8.884205 6.586844 8.970164 0.023831 0.032258 0.066933 0.058647 0.032258 0.023828 0.032258 215720 236255
30 62.310000 60.320000 1000000 6.598956 8.883129 6.584901 8.956724 0.023831 0.032258 0.064379 0.055714 0.032258 0.023829 0.032258 236250 272591
30 62.310000 60.320000 1000000 6.496475 8.869509 6.515577 8.872657 0.023820 0.032258 0.080096 0.073313 0.032258 0.023816 0.032258 271830 408602
30 62.310000 60.320000 1000000 6.423282 8.576679 6.410552 8.760977 0.023821 0.032258 0.072129 0.064514 0.032258 0.023816 0.032258 304110 326847
30 62.310000 60.320000 1000000 6.412225 8.518973 6.393535 8.747536 0.023818 0.032258 0.074764 0.067447 0.032258 0.023812 0.032258 326840 408602
30 62.310000 60.320000 1000000 6.410576 8.518256 6.393812 8.748514 0.023818 0.032258 0.080095 0.073312 0.032258 0.023812 0.032258 408600 494747
30 62.310000 60.320000 1000000 6.377135 8.400694 6.343948 8.697439 0.023814 0.032258 0.074765 0.067448 0.032258 0.023808 0.032258 494740 516429
30 62.310000 60.320000 1000000 6.367330 8.394601 6.330597 8.624372 0.023817 0.032258 0.066942 0.058657 0.032258 0.023811 0.032258 516420 534240
30 62.310000 60.320000 1000000 6.353014 8.391734 6.316029 8.600911 0.023820 0.032258 0.072135 0.064521 0.032258 0.023815 0.032258 534240 552976
30 62.310000 60.320000 1000000 6.349777 8.391017 6.312735 8.595046 0.023820 0.032258 0.077426 0.070386 0.032258 0.023816 0.032258 552970 579842
30 62.310000 60.320000 1000000 6.309560 8.385999 6.256236 8.538595 0.023820 0.032258 0.082792 0.076249 0.032258 0.023820 0.032258 579840 698813
30 62.310000 60.320000 1000000 6.295460 8.383131 6.243809 8.521977 0.023822 0.032258 0.072134 0.064519 0.032258 0.023824 0.032258 698810 786509
30 62.310000 60.320000 1000000 6.284498 8.325426 6.226617 8.508537 0.023819 0.032258 0.074768 0.067452 0.032258 0.023821 0.032258 786500 797709
30 62.310000 60.320000 1000000 6.276898 8.324709 6.227916 8.509514 0.023821 0.032258 0.069523 0.061586 0.032258 0.023820 0.032258 797700 984038
30 62.310000 60.320000 1000000 6.240053 8.319332 6.224260 8.488254 0.023825 0.032258 0.056942 0.046924 0.032258 0.023821 0.032258 984030 1000000
30 62.310000 60.320000 1000000 6.240053 8.319332 6.224260 8.488254 0.023825 0.032258 0.056942 0.046924 0.032258 0.023821 0.032258 999990 1000000
