2 62.310000 60.320000 1000000 12.655352 16.796760 12.607052 17.134572 0.023826 0.032258 0.099234 0.093845 0.032258 0.023822 0.032258 0 50
2 62.310000 60.320000 1000000 9.463743 12.330784 9.451993 13.077901 0.023761 0.032258 0.116006 0.111431 0.032258 0.023754 0.032258 50 61
2 62.310000 60.320000 1000000 9.314998 12.300318 9.297925 12.790026 0.023799 0.032258 0.096464 0.090910 0.032258 0.023800 0.032258 60 78
2 62.310000 60.320000 1000000 9.294795 12.296734 9.275340 12.758501 0.023802 0.032258 0.096464 0.090910 0.032258 0.023803 0.032258 70 103
2 62.310000 60.320000 1000000 9.222388 12.283831 9.202470 12.652930 0.023815 0.032258 0.080096 0.073313 0.032258 0.023816 0.032258 90 110
2 62.310000 60.320000 1000000 9.150248 12.266627 9.152812 12.587681 0.023823 0.032258 0.090953 0.085040 0.032258 0.023817 0.032258 110 162
2 62.310000 60.320000 1000000 9.138985 12.258025 9.135603 12.480156 0.023828 0.032258 0.069518 0.061580 0.032258 0.023824 0.032258 120 189
2 62.310000 60.320000 1000000 9.083737 12.249423 9.104346 12.430303 0.023827 0.032258 0.074765 0.067448 0.032258 0.023826 0.032258 180 208
2 62.310000 60.320000 1000000 9.023221 12.241538 9.037118 12.359189 0.023825 0.032258 0.074762 0.067445 0.032258 0.023822 0.032258 200 213
2 62.310000 60.320000 1000000 8.961159 12.061968 8.956955 12.270968 0.023826 0.032258 0.066926 0.058639 0.032258 0.023823 0.032258 210 244
2 62.310000 60.320000 1000000 8.935972 11.945840 8.918728 12.236022 0.023825 0.032258 0.072120 0.064504 0.032258 0.023820 0.032258 240 334
2 62.310000 60.320000 1000000 8.918349 11.942256 8.901002 12.206697 0.023825 0.032258 0.072121 0.064505 0.032258 0.023821 0.032258 270 301
2 62.310000 60.320000 1000000 8.911626 11.939388 8.892741 12.173951 0.023826 0.032258 0.072121 0.064504 0.032258 0.023823 0.032258 300 334
2 62.310000 60.320000 1000000 8.813936 11.925768 8.765085 12.047852 0.023806 0.032258 0.138696 0.134892 0.032258 0.023796 0.032258 320 405
2 62.310000 60.320000 1000000 8.668727 11.788493 8.643075 11.843797 0.023796 0.032258 0.102014 0.096780 0.032258 0.023790 0.032258 360 418
2 62.310000 60.320000 1000000 8.641803 11.781325 8.606959 11.765352 0.023802 0.032258 0.113199 0.108506 0.032258 0.023799 0.032258 410 518
2 62.310000 60.320000 1000000 8.479822 11.739748 8.523902 11.409051 0.023786 0.032258 0.251347 0.249268 0.032258 0.023799 0.032258 510 778
2 62.310000 60.320000 1000000 8.305539 11.709641 8.355525 11.202063 0.023788 0.032258 0.210697 0.208213 0.032258 0.023779 0.032258 580 625
2 62.310000 60.320000 1000000 8.044616 10.439395 7.957555 10.907342 0.023791 0.032258 0.193327 0.190617 0.032258 0.023788 0.032258 620 907
2 62.310000 60.320000 1000000 8.026540 10.431509 7.952423 10.879239 0.023797 0.032258 0.164486 0.161292 0.032258 0.023788 0.032258 900 1040
2 62.310000 60.320000 1000000 8.012997 10.429359 7.936196 10.859445 0.023800 0.032258 0.158739 0.155427 0.032258 0.023792 0.032258 1040 1134
2 62.310000 60.320000 1000000 7.979807 10.421474 7.900651 10.785643 0.023799 0.032258 0.199113 0.196483 0.032258 0.023795 0.032258 1130 1314
2 62.310000 60.320000 1000000 7.931096 10.414305 7.850442 10.726992 0.023808 0.032258 0.176004 0.173022 0.032258 0.023808 0.032258 1160 1240
2 62.310000 60.320000 1000000 7.891561 10.410004 7.852956 10.726014 0.023810 0.032258 0.141557 0.137833 0.032258 0.023808 0.032258 1240 1688
2 62.310000 60.320000 1000000 7.865380 10.405703 7.826385 10.690824 0.023818 0.032258 0.107592 0.102642 0.032258 0.023817 0.032258 1550 1683
2 62.310000 60.320000 1000000 7.841142 10.401402 7.814474 10.676161 0.023822 0.032258 0.080100 0.073317 0.032258 0.023820 0.032258 1680 1784
2 62.310000 60.320000 1000000 7.834890 10.400685 7.805785 10.668097 0.023822 0.032258 0.080100 0.073317 0.032258 0.023820 0.032258 1780 3225
2 62.310000 60.320000 1000000 7.831264 10.399252 7.806395 10.670052 0.023823 0.032258 0.069524 0.061587 0.032258 0.023820 0.032258 2160 2378
2 62.310000 60.320000 1000000 7.782471 10.390650 7.791416 10.636328 0.023822 0.032258 0.069515 0.061577 0.032258 0.023822 0.032258 2350 3225
2 62.310000 60.320000 1000000 7.746296 10.381331 7.756669 10.555195 0.023827 0.032258 0.069524 0.061587 0.032258 0.023826 0.032258 3220 3346
2 62.310000 60.320000 1000000 7.745043 10.380255 7.754762 10.541754 0.023827 0.032258 0.072134 0.064520 0.032258 0.023826 0.032258 3340 3914
2 62.310000 60.320000 1000000 7.743812 10.379180 7.752888 10.528314 0.023827 0.032258 0.074769 0.067452 0.032258 0.023826 0.032258 3910 4591
2 62.310000 60.320000 1000000 7.734035 10.374879 7.754508 10.534179 0.023828 0.032258 0.085495 0.079176 0.032258 0.023826 0.032258 3950 6323
2 62.310000 60.320000 1000000 7.658865 10.193159 7.660724 10.414189 0.023824 0.032258 0.104790 0.099702 0.032258 0.023819 0.032258 5600 9375
2 62.310000 60.320000 1000000 7.580292 10.178823 7.559809 10.261697 0.023830 0.032258 0.072123 0.064507 0.032258 0.023826 0.032258 7940 9918
2 62.310000 60.320000 1000000 7.570681 10.177389 7.550120 10.249967 0.023830 0.032258 0.072123 0.064507 0.032258 0.023827 0.032258 8940 13430
2 62.310000 60.320000 1000000 7.464570 9.821476 7.448556 10.137798 0.023817 0.032258 0.074758 0.067441 0.032258 0.023810 0.032258 13360 15278
2 62.310000 60.320000 1000000 7.431872 9.815742 7.404685 10.072794 0.023818 0.032258 0.080089 0.073305 0.032258 0.023812 0.032258 15270 21840
2 62.310000 60.320000 1000000 7.418721 9.813591 7.391388 10.055199 0.023822 0.032258 0.064376 0.055711 0.032258 0.023817 0.032258 17910 19007
2 62.310000 60.320000 1000000 7.410319 9.812158 7.382892 10.043468 0.023824 0.032258 0.064378 0.055713 0.032258 0.023818 0.032258 18320 21076
2 62.310000 60.320000 1000000 7.360540 9.806423 7.372780 10.030761 0.023822 0.032258 0.064379 0.055714 0.032258 0.023822 0.032258 21070 21840
2 62.310000 60.320000 1000000 7.354280 9.805706 7.364212 10.022696 0.023822 0.032258 0.064379 0.055714 0.032258 0.023821 0.032258 21840 23338
2 62.310000 60.320000 1000000 7.317390 9.739398 7.311843 9.912482 0.023811 0.032258 0.127317 0.123163 0.032258 0.023806 0.032258 23330 29223
2 62.310000 60.320000 1000000 7.236199 9.725061 7.239993 9.829393 0.023820 0.032258 0.121651 0.117297 0.032258 0.023814 0.032258 27990 38450
2 62.310000 60.320000 1000000 7.184629 9.713592 7.187619 9.723823 0.023815 0.032258 0.144406 0.140757 0.032258 0.023810 0.032258 38450 38886
2 62.310000 60.320000 1000000 7.180390 9.712875 7.183386 9.717958 0.023816 0.032258 0.144406 0.140757 0.032258 0.023811 0.032258 38880 47868
2 62.310000 60.320000 1000000 7.038824 9.299615 6.983562 9.534430 0.023814 0.032258 0.130151 0.126090 0.032258 0.023810 0.032258 47270 51302
2 62.310000 60.320000 1000000 7.034404 9.298898 6.979035 9.528565 0.023815 0.032258 0.124478 0.120225 0.032258 0.023812 0.032258 51300 52934
2 62.310000 60.320000 1000000 7.022614 9.296031 6.966140 9.502905 0.023815 0.032258 0.130151 0.126090 0.032258 0.023812 0.032258 52930 66617
2 62.310000 60.320000 1000000 6.984375 9.288862 6.932843 9.464781 0.023815 0.032258 0.135842 0.131957 0.032258 0.023815 0.032258 66370 91730
2 62.310000 60.320000 1000000 6.873065 9.270941 6.804278 9.304958 0.023814 0.032258 0.107580 0.102630 0.032258 0.023825 0.032258 91730 101817
2 62.310000 60.320000 1000000 6.828524 9.266640 6.802489 9.301781 0.023824 0.032258 0.085489 0.079169 0.032258 0.023821 0.032258 101810 141783
2 62.310000 60.320000 1000000 6.814417 9.258396 6.783147 9.201833 0.023828 0.032258 0.077421 0.070381 0.032258 0.023828 0.032258 141780 169521
2 62.310000 60.320000 1000000 6.739337 9.242984 6.778638 9.164445 0.023827 0.032258 0.090954 0.085042 0.032258 0.023828 0.032258 168950 179497
2 62.310000 60.320000 1000000 6.699849 9.180261 6.733427 9.109948 0.023827 0.032258 0.082789 0.076246 0.032258 0.023826 0.032258 179490 214072
2 62.310000 60.320000 1000000 6.641575 9.170942 6.662569 9.020506 0.023815 0.032258 0.121655 0.117300 0.032258 0.023808 0.032258 214070 350273
2 62.310000 60.320000 1000000 6.596963 9.164490 6.618383 8.967720 0.023813 0.032258 0.099228 0.093839 0.032258 0.023805 0.032258 221320 336319
2 62.310000 60.320000 1000000 6.403768 8.738686 6.435505 8.701839 0.023821 0.032258 0.088223 0.082114 0.032258 0.023827 0.032258 336310 354739
2 62.310000 60.320000 1000000 6.398147 8.737969 6.429967 8.695974 0.023821 0.032258 0.088223 0.082114 0.032258 0.023827 0.032258 354730 419702
2 62.310000 60.320000 1000000 6.344405 8.727933 6.386788 8.648076 0.023826 0.032258 0.052213 0.041057 0.032258 0.023828 0.032258 402020 655185
2 62.310000 60.320000 1000000 6.323802 8.723632 6.358599 8.597002 0.023824 0.032258 0.047743 0.035197 0.032258 0.023822 0.032258 493100 675306
2 62.310000 60.320000 1000000 6.237001 8.429368 6.239182 8.478478 0.023831 0.032258 0.041681 0.026395 0.032258 0.023829 0.032258 610350 732947
2 62.310000 60.320000 1000000 6.233685 8.427934 6.239734 8.480433 0.023832 0.032258 0.041679 0.026393 0.032258 0.023829 0.032258 695610 805366
2 62.310000 60.320000 1000000 6.227988 8.427217 6.234053 8.474568 0.023832 0.032258 0.038236 0.020528 0.032258 0.023830 0.032258 805360 861414
2 62.310000 60.320000 1000000 6.158340 8.136537 6.134362 8.389769 0.023823 0.032258 0.052210 0.041053 0.032258 0.023817 0.032258 861410 974288
2 62.310000 60.320000 1000000 6.152055 8.135821 6.125613 8.381704 0.023823 0.032258 0.056937 0.046917 0.032258 0.023817 0.032258 974280 1000000
2 62.310000 60.320000 1000000 6.140846 8.134387 6.114258 8.369974 0.023824 0.032258 0.056938 0.046918 0.032258 0.023818 0.032258 999990 1000000
