21 62.310000 60.320000 1000000 10.491645 14.157302 10.457486 14.063462 0.023797 0.032258 0.184659 0.181820 0.032258 0.023794 0.032258 0 50
21 62.310000 60.320000 1000000 9.719719 12.911784 9.747074 13.227692 0.023806 0.032258 0.181761 0.178875 0.032258 0.023805 0.032258 50 61
21 62.310000 60.320000 1000000 9.542012 12.720745 9.525912 13.016549 0.023823 0.032258 0.110382 0.105563 0.032258 0.023819 0.032258 60 74
21 62.310000 60.320000 1000000 9.500103 12.714293 9.487356 12.966208 0.023819 0.032258 0.150125 0.146618 0.032258 0.023815 0.032258 70 81
21 62.310000 60.320000 1000000 9.409993 12.694939 9.390319 12.768507 0.023827 0.032258 0.116015 0.111440 0.032258 0.023825 0.032258 80 115
21 62.310000 60.320000 1000000 9.364032 12.685620 9.370436 12.740159 0.023832 0.032258 0.066929 0.058642 0.032258 0.023829 0.032258 100 140
21 62.310000 60.320000 1000000 9.356734 12.682036 9.360034 12.697149 0.023832 0.032258 0.072122 0.064506 0.032258 0.023829 0.032258 140 173
21 62.310000 60.320000 1000000 9.297049 12.670925 9.344751 12.631168 0.023828 0.032258 0.090962 0.085050 0.032258 0.023831 0.032258 170 193
21 62.310000 60.320000 1000000 9.285124 12.613219 9.326793 12.617727 0.023829 0.032258 0.088226 0.082117 0.032258 0.023832 0.032258 190 213
21 62.310000 60.320000 1000000 9.241922 12.605333 9.291690 12.580582 0.023826 0.032258 0.110382 0.105563 0.032258 0.023827 0.032258 210 271
21 62.310000 60.320000 1000000 9.183520 12.316803 9.203472 12.513377 0.023826 0.032258 0.096455 0.090901 0.032258 0.023824 0.032258 230 280
21 62.310000 60.320000 1000000 9.155068 12.312502 9.175205 12.478187 0.023828 0.032258 0.085488 0.079169 0.032258 0.023825 0.032258 280 312
21 62.310000 60.320000 1000000 9.151685 12.311785 9.171844 12.472322 0.023828 0.032258 0.080088 0.073304 0.032258 0.023825 0.032258 310 373
21 62.310000 60.320000 1000000 9.098641 12.297807 9.125849 12.385568 0.023829 0.032258 0.099224 0.093834 0.032258 0.023826 0.032258 370 408
21 62.310000 60.320000 1000000 9.074786 12.294940 9.094765 12.355510 0.023831 0.032258 0.082783 0.076239 0.032258 0.023829 0.032258 400 484
21 62.310000 60.320000 1000000 9.061932 12.293506 9.077194 12.339381 0.023832 0.032258 0.072125 0.064509 0.032258 0.023829 0.032258 470 629
21 62.310000 60.320000 1000000 9.043299 12.291355 9.051673 12.315187 0.023831 0.032258 0.072125 0.064509 0.032258 0.023828 0.032258 520 643
21 62.310000 60.320000 1000000 9.023720 12.286696 9.031471 12.272422 0.023832 0.032258 0.069516 0.061578 0.032258 0.023828 0.032258 640 931
21 62.310000 60.320000 1000000 8.821680 11.582396 8.755025 12.000673 0.023817 0.032258 0.082782 0.076238 0.032258 0.023812 0.032258 930 1332
21 62.310000 60.320000 1000000 8.792615 11.579528 8.759952 12.004583 0.023820 0.032258 0.061856 0.052779 0.032258 0.023812 0.032258 1000 1030
21 62.310000 60.320000 1000000 8.734070 11.290281 8.681368 11.938356 0.023801 0.032258 0.074759 0.067441 0.032258 0.023785 0.032258 1030 1153
21 62.310000 60.320000 1000000 8.721720 11.288131 8.675153 11.923205 0.023802 0.032258 0.069514 0.061576 0.032258 0.023787 0.032258 1150 1332
21 62.310000 60.320000 1000000 8.719060 11.285980 8.671022 11.896324 0.023803 0.032258 0.064376 0.055711 0.032258 0.023789 0.032258 1160 1676
21 62.310000 60.320000 1000000 8.546367 11.263758 8.591986 11.803460 0.023765 0.032258 0.181761 0.178875 0.032258 0.023771 0.032258 1670 1826
21 62.310000 60.320000 1000000 8.543611 11.263041 8.588256 11.795396 0.023766 0.032258 0.181761 0.178875 0.032258 0.023773 0.032258 1820 1872
21 62.310000 60.320000 1000000 8.539878 11.262324 8.584581 11.789531 0.023768 0.032258 0.175992 0.173010 0.032258 0.023774 0.032258 1870 2403
21 62.310000 60.320000 1000000 8.447062 11.251572 8.458213 11.668563 0.023762 0.032258 0.096452 0.090898 0.032258 0.023762 0.032258 2090 2245
21 62.310000 60.320000 1000000 8.351246 11.237235 8.360671 11.549061 0.023758 0.032258 0.102002 0.096767 0.032258 0.023757 0.032258 2240 2403
21 62.310000 60.320000 1000000 8.344785 11.236518 8.361743 11.550039 0.023756 0.032258 0.102002 0.096767 0.032258 0.023757 0.032258 2400 2582
21 62.310000 60.320000 1000000 8.321736 11.176661 8.332842 11.519003 0.023761 0.032258 0.099226 0.093837 0.032258 0.023761 0.032258 2580 2815
21 62.310000 60.320000 1000000 8.316891 11.175945 8.328016 11.513138 0.023759 0.032258 0.099226 0.093837 0.032258 0.023759 0.032258 2810 3085
21 62.310000 60.320000 1000000 8.305632 11.118239 8.310865 11.499697 0.023757 0.032258 0.096458 0.090904 0.032258 0.023756 0.032258 3080 3380
21 62.310000 60.320000 1000000 8.176676 10.873078 8.158211 11.328631 0.023763 0.032258 0.090948 0.085036 0.032258 0.023758 0.032258 3290 3875
21 62.310000 60.320000 1000000 8.105817 10.857665 8.086002 11.197890 0.023781 0.032258 0.093698 0.087970 0.032258 0.023778 0.032258 3870 3971
21 62.310000 60.320000 1000000 8.099734 10.856949 8.077571 11.189825 0.023780 0.032258 0.093698 0.087970 0.032258 0.023777 0.032258 3970 4259
21 62.310000 60.320000 1000000 8.098138 10.855873 8.075114 11.176384 0.023781 0.032258 0.090964 0.085053 0.032258 0.023779 0.032258 4250 4840
21 62.310000 60.320000 1000000 8.088714 10.853723 8.062035 11.152191 0.023788 0.032258 0.085504 0.079186 0.032258 0.023789 0.032258 4330 5580
21 62.310000 60.320000 1000000 8.053440 10.679888 8.011075 11.112846 0.023783 0.032258 0.093696 0.087968 0.032258 0.023781 0.032258 5580 5742
21 62.310000 60.320000 1000000 8.050352 10.679171 8.006760 11.104782 0.023786 0.032258 0.093696 0.087968 0.032258 0.023784 0.032258 5740 5973
21 62.310000 60.320000 1000000 8.039590 10.621465 7.990029 11.091341 0.023783 0.032258 0.096455 0.090901 0.032258 0.023780 0.032258 5970 6391
21 62.310000 60.320000 1000000 8.036609 10.620748 7.986992 11.085476 0.023782 0.032258 0.102001 0.096766 0.032258 0.023780 0.032258 6390 11167
21 62.310000 60.320000 1000000 7.924266 10.589924 7.918073 10.953268 0.023815 0.032258 0.107582 0.102632 0.032258 0.023803 0.032258 11160 12135
21 62.310000 60.320000 1000000 7.909888 10.587415 7.897978 10.923698 0.023817 0.032258 0.110385 0.105567 0.032258 0.023806 0.032258 12130 13433
21 62.310000 60.320000 1000000 7.908348 10.586698 7.898236 10.924676 0.023816 0.032258 0.116007 0.111432 0.032258 0.023806 0.032258 13430 14572
21 62.310000 60.320000 1000000 7.862965 10.580964 7.836890 10.862359 0.023808 0.032258 0.150130 0.146623 0.032258 0.023796 0.032258 14570 15146
21 62.310000 60.320000 1000000 7.860528 10.580247 7.833505 10.854295 0.023808 0.032258 0.144407 0.140758 0.032258 0.023796 0.032258 15140 17803
21 62.310000 60.320000 1000000 7.804956 10.441538 7.747594 10.537095 0.023824 0.032258 0.085495 0.079176 0.032258 0.023823 0.032258 17800 18512
21 62.310000 60.320000 1000000 7.800176 10.440821 7.742706 10.531230 0.023824 0.032258 0.090953 0.085040 0.032258 0.023824 0.032258 18510 18847
21 62.310000 60.320000 1000000 7.797769 10.440104 7.739322 10.523166 0.023824 0.032258 0.090952 0.085039 0.032258 0.023824 0.032258 18840 21978
21 62.310000 60.320000 1000000 7.649245 9.857309 7.527669 10.341837 0.023791 0.032258 0.102002 0.096766 0.032258 0.023795 0.032258 21970 23712
21 62.310000 60.320000 1000000 7.518575 9.837954 7.338590 10.126296 0.023683 0.032258 0.245522 0.243394 0.032258 0.023672 0.032258 23710 25819
21 62.310000 60.320000 1000000 7.456412 9.491001 7.236019 10.037586 0.023648 0.032258 0.268794 0.266851 0.032258 0.023639 0.032258 25810 28224
21 62.310000 60.320000 1000000 7.455032 9.489926 7.233713 10.024146 0.023648 0.032258 0.265898 0.263934 0.032258 0.023641 0.032258 28220 42647
21 62.310000 60.320000 1000000 7.298023 9.473797 7.258821 10.031233 0.023664 0.032258 0.147276 0.143700 0.032258 0.023635 0.032258 42640 52256
21 62.310000 60.320000 1000000 7.024254 8.811791 6.940954 9.729180 0.023595 0.032258 0.248427 0.246324 0.032258 0.023522 0.032258 52250 80416
21 62.310000 60.320000 1000000 6.878032 8.792436 6.965306 9.755573 0.023442 0.032258 0.236801 0.234594 0.032258 0.023547 0.032258 53070 204713
21 62.310000 60.320000 1000000 6.454549 8.725053 6.559587 9.204258 0.023585 0.032258 0.306679 0.304977 0.032258 0.023637 0.032258 99090 181003
21 62.310000 60.320000 1000000 6.401999 8.717168 6.509560 9.139743 0.023580 0.032258 0.271710 0.269788 0.032258 0.023625 0.032258 99610 204713
21 62.310000 60.320000 1000000 6.330046 8.482759 6.417708 9.056654 0.023562 0.032258 0.242615 0.240461 0.032258 0.023589 0.032258 115260 205824
21 62.310000 60.320000 1000000 6.103816 8.077744 6.117706 8.296168 0.023549 0.032258 0.300857 0.299122 0.032258 0.023564 0.032258 171150 249063
21 62.310000 60.320000 1000000 5.905891 8.034017 5.914044 7.966748 0.023807 0.032258 0.144413 0.140764 0.032258 0.023826 0.032258 249060 300504
21 62.310000 60.320000 1000000 5.893795 8.032583 5.901998 7.955018 0.023812 0.032258 0.133005 0.129034 0.032258 0.023830 0.032258 262820 317047
21 62.310000 60.320000 1000000 5.865495 8.021114 5.906656 7.970658 0.023824 0.032258 0.082786 0.076243 0.032258 0.023828 0.032258 270990 341570
21 62.310000 60.320000 1000000 5.717482 7.609290 5.746165 7.837228 0.023816 0.032258 0.069517 0.061580 0.032258 0.023820 0.032258 341570 571601
21 62.310000 60.320000 1000000 5.710999 7.608573 5.737379 7.829164 0.023817 0.032258 0.064380 0.055715 0.032258 0.023820 0.032258 571600 572311
21 62.310000 60.320000 1000000 5.705972 7.607856 5.732420 7.823299 0.023818 0.032258 0.059377 0.049850 0.032258 0.023821 0.032258 572310 620787
21 62.310000 60.320000 1000000 5.684213 7.492445 5.699542 7.796417 0.023811 0.032258 0.054546 0.043985 0.032258 0.023809 0.032258 601570 619359
21 62.310000 60.320000 1000000 5.643315 7.431156 5.646161 7.747053 0.023808 0.032258 0.056937 0.046917 0.032258 0.023802 0.032258 619350 668399
21 62.310000 60.320000 1000000 5.593634 7.421120 5.589294 7.651745 0.023820 0.032258 0.056936 0.046916 0.032258 0.023815 0.032258 668390 910946
21 62.310000 60.320000 1000000 5.589274 7.420403 5.584925 7.645880 0.023821 0.032258 0.052209 0.041051 0.032258 0.023817 0.032258 910940 1000000
21 62.310000 60.320000 1000000 5.558825 7.413951 5.552970 7.583808 0.023826 0.032258 0.047734 0.035185 0.032258 0.023823 0.032258 999990 1000000
