49 62.310000 60.320000 1000000 10.648905 13.803538 10.620615 14.455929 0.023773 0.032258 0.280439 0.278578 0.032258 0.023751 0.032258 0 50
49 62.310000 60.320000 1000000 10.230135 13.714650 10.308622 13.759946 0.023754 0.032258 0.292117 0.290330 0.032258 0.023734 0.032258 50 65
49 62.310000 60.320000 1000000 10.159111 13.640457 10.247280 13.666350 0.023744 0.032258 0.207789 0.205270 0.032258 0.023722 0.032258 60 71
49 62.310000 60.320000 1000000 9.893194 13.608558 9.927957 13.345727 0.023828 0.032258 0.054557 0.043999 0.032258 0.023824 0.032258 70 93
49 62.310000 60.320000 1000000 9.862240 13.604973 9.885770 13.305405 0.023827 0.032258 0.059390 0.049865 0.032258 0.023822 0.032258 80 97
49 62.310000 60.320000 1000000 9.860689 13.604256 9.886027 13.306382 0.023827 0.032258 0.059390 0.049865 0.032258 0.023822 0.032258 90 107
49 62.310000 60.320000 1000000 9.783988 13.257303 9.771069 13.219872 0.023833 0.032258 0.054556 0.043998 0.032258 0.023830 0.032258 100 162
49 62.310000 60.320000 1000000 9.749568 13.253002 9.769427 13.212052 0.023832 0.032258 0.054558 0.044000 0.032258 0.023830 0.032258 110 150
49 62.310000 60.320000 1000000 9.743387 13.251569 9.763284 13.200322 0.023832 0.032258 0.059391 0.049867 0.032258 0.023830 0.032258 120 162
49 62.310000 60.320000 1000000 9.693509 13.244400 9.710464 13.137273 0.023832 0.032258 0.041687 0.026405 0.032258 0.023829 0.032258 160 195
49 62.310000 60.320000 1000000 9.676007 13.241533 9.693054 13.113812 0.023830 0.032258 0.049948 0.038135 0.032258 0.023827 0.032258 190 217
49 62.310000 60.320000 1000000 9.670553 13.240816 9.687628 13.107947 0.023830 0.032258 0.049947 0.038133 0.032258 0.023827 0.032258 210 240
49 62.310000 60.320000 1000000 9.577021 13.059813 9.601818 13.030479 0.023828 0.032258 0.082781 0.076237 0.032258 0.023826 0.032258 240 275
49 62.310000 60.320000 1000000 9.551531 13.054795 9.568102 12.973540 0.023829 0.032258 0.061869 0.052793 0.032258 0.023826 0.032258 270 308
49 62.310000 60.320000 1000000 9.413238 12.582752 9.412381 12.826668 0.023829 0.032258 0.090946 0.085033 0.032258 0.023824 0.032258 300 421
49 62.310000 60.320000 1000000 9.381985 12.569849 9.376007 12.683953 0.023829 0.032258 0.102015 0.096781 0.032258 0.023825 0.032258 320 427
49 62.310000 60.320000 1000000 9.318685 12.559814 9.305654 12.593045 0.023829 0.032258 0.090964 0.085052 0.032258 0.023826 0.032258 410 445
49 62.310000 60.320000 1000000 9.312231 12.559097 9.296738 12.584980 0.023830 0.032258 0.085505 0.079187 0.032258 0.023827 0.032258 440 656
49 62.310000 60.320000 1000000 9.289354 12.443685 9.261542 12.558098 0.023828 0.032258 0.090964 0.085052 0.032258 0.023825 0.032258 450 702
49 62.310000 60.320000 1000000 9.220188 12.263398 9.167824 12.445929 0.023826 0.032258 0.082796 0.076254 0.032258 0.023825 0.032258 700 772
49 62.310000 60.320000 1000000 9.166811 12.255513 9.103221 12.377259 0.023827 0.032258 0.088227 0.082118 0.032258 0.023829 0.032258 770 866
49 62.310000 60.320000 1000000 9.151932 12.254079 9.105746 12.379214 0.023829 0.032258 0.077428 0.070388 0.032258 0.023829 0.032258 810 820
49 62.310000 60.320000 1000000 9.144635 12.253362 9.106979 12.380192 0.023830 0.032258 0.072137 0.064523 0.032258 0.023829 0.032258 820 866
49 62.310000 60.320000 1000000 9.111397 12.246911 9.070648 12.329850 0.023830 0.032258 0.082798 0.076255 0.032258 0.023829 0.032258 860 1344
49 62.310000 60.320000 1000000 9.046743 12.237592 9.015540 12.260691 0.023825 0.032258 0.127329 0.123175 0.032258 0.023824 0.032258 1260 1456
49 62.310000 60.320000 1000000 9.011652 12.234008 9.021410 12.265579 0.023825 0.032258 0.116022 0.111448 0.032258 0.023824 0.032258 1380 1503
49 62.310000 60.320000 1000000 8.959640 12.002467 8.944969 12.205950 0.023824 0.032258 0.104803 0.099715 0.032258 0.023822 0.032258 1500 2472
49 62.310000 60.320000 1000000 8.918205 11.995298 8.901335 12.142901 0.023826 0.032258 0.072140 0.064526 0.032258 0.023826 0.032258 2470 2580
49 62.310000 60.320000 1000000 8.916371 11.994582 8.901642 12.143878 0.023827 0.032258 0.066945 0.058661 0.032258 0.023826 0.032258 2580 3298
49 62.310000 60.320000 1000000 8.882157 11.983112 8.894269 12.145833 0.023829 0.032258 0.104791 0.099702 0.032258 0.023826 0.032258 3280 3732
49 62.310000 60.320000 1000000 8.866218 11.972718 8.872447 12.019003 0.023831 0.032258 0.085493 0.079174 0.032258 0.023828 0.032258 3730 5866
49 62.310000 60.320000 1000000 8.809512 11.961249 8.794000 11.887283 0.023830 0.032258 0.074761 0.067443 0.032258 0.023827 0.032258 4470 6755
49 62.310000 60.320000 1000000 8.767559 11.956231 8.785088 11.873598 0.023831 0.032258 0.064378 0.055714 0.032258 0.023828 0.032258 6750 7711
49 62.310000 60.320000 1000000 8.650644 11.490998 8.618257 11.734547 0.023827 0.032258 0.059371 0.049843 0.032258 0.023823 0.032258 7710 7738
49 62.310000 60.320000 1000000 8.643510 11.490281 8.619458 11.735524 0.023827 0.032258 0.054541 0.043978 0.032258 0.023823 0.032258 7730 10977
49 62.310000 60.320000 1000000 8.184444 8.597094 7.989898 11.044665 0.023341 0.032258 0.199101 0.196470 0.032258 0.023091 0.032258 10970 11334
49 62.310000 60.320000 1000000 8.179634 8.596378 7.984727 11.038800 0.023343 0.032258 0.204890 0.202335 0.032258 0.023094 0.032258 11330 12748
49 62.310000 60.320000 1000000 7.960319 8.558385 7.746666 10.725749 0.023126 0.032258 0.508345 0.507321 0.032258 0.022891 0.032258 12740 18658
49 62.310000 60.320000 1000000 7.907503 8.551933 7.689292 10.672964 0.023150 0.032258 0.490786 0.489725 0.032258 0.022926 0.032258 18650 36840
49 62.310000 60.320000 1000000 7.883353 8.549783 7.693646 10.675896 0.023153 0.032258 0.490786 0.489725 0.032258 0.022925 0.032258 18920 20000
49 62.310000 60.320000 1000000 7.843548 8.546198 7.647752 10.644616 0.023167 0.032258 0.467379 0.466264 0.032258 0.022951 0.032258 20000 36840
49 62.310000 60.320000 1000000 7.409117 8.474514 7.502335 10.352340 0.022903 0.032258 0.771924 0.771249 0.032258 0.022945 0.032258 32820 44875
49 62.310000 60.320000 1000000 6.839609 8.403547 6.824223 9.670526 0.022838 0.032258 0.525907 0.524916 0.032258 0.022849 0.032258 44870 60464
49 62.310000 60.320000 1000000 6.708150 8.387060 6.672757 9.513880 0.023058 0.032258 0.467378 0.466264 0.032258 0.023110 0.032258 60460 64982
49 62.310000 60.320000 1000000 6.700891 8.386343 6.665381 9.508015 0.023070 0.032258 0.461527 0.460399 0.032258 0.023122 0.032258 64980 69499
49 62.310000 60.320000 1000000 6.564286 8.352652 6.472038 9.128987 0.023113 0.032258 0.467377 0.466263 0.032258 0.023210 0.032258 69490 69647
49 62.310000 60.320000 1000000 6.556672 8.351935 6.464093 9.123122 0.023127 0.032258 0.461526 0.460398 0.032258 0.023226 0.032258 69640 76365
49 62.310000 60.320000 1000000 6.540313 8.349784 6.466925 9.126055 0.023105 0.032258 0.479080 0.477993 0.032258 0.023229 0.032258 73000 92718
49 62.310000 60.320000 1000000 6.520584 8.346917 6.440491 9.095996 0.023083 0.032258 0.461526 0.460398 0.032258 0.023204 0.032258 92710 117066
49 62.310000 60.320000 1000000 6.344252 8.046203 6.214192 8.258046 0.023244 0.032258 0.563971 0.563047 0.032258 0.023388 0.032258 98550 138898
49 62.310000 60.320000 1000000 6.203168 8.009645 6.207391 8.266843 0.023340 0.032258 0.335863 0.334311 0.032258 0.023343 0.032258 129540 148769
49 62.310000 60.320000 1000000 6.187268 8.006060 6.193539 8.246804 0.023357 0.032258 0.330026 0.328446 0.032258 0.023360 0.032258 148760 202347
49 62.310000 60.320000 1000000 5.889223 7.970935 5.898458 7.966259 0.023828 0.032258 0.077423 0.070382 0.032258 0.023825 0.032258 202340 207198
49 62.310000 60.320000 1000000 5.877611 7.913230 5.880774 7.952819 0.023828 0.032258 0.074767 0.067450 0.032258 0.023824 0.032258 207190 219635
49 62.310000 60.320000 1000000 5.819549 7.904628 5.841159 7.903210 0.023830 0.032258 0.054552 0.043993 0.032258 0.023830 0.032258 219630 254233
49 62.310000 60.320000 1000000 5.805087 7.902477 5.824040 7.888058 0.023831 0.032258 0.045623 0.032263 0.032258 0.023831 0.032258 254230 269175
49 62.310000 60.320000 1000000 5.786569 7.899610 5.805703 7.864598 0.023829 0.032258 0.059383 0.049857 0.032258 0.023828 0.032258 266510 313578
49 62.310000 60.320000 1000000 5.780316 7.898893 5.797185 7.856533 0.023829 0.032258 0.059383 0.049857 0.032258 0.023827 0.032258 313570 350354
49 62.310000 60.320000 1000000 5.778650 7.898176 5.797460 7.857511 0.023829 0.032258 0.059377 0.049850 0.032258 0.023827 0.032258 350350 441790
49 62.310000 60.320000 1000000 5.755586 7.893158 5.773314 7.807169 0.023830 0.032258 0.045623 0.032262 0.032258 0.023827 0.032258 441790 535469
49 62.310000 60.320000 1000000 5.729950 7.834019 5.757132 7.795683 0.023829 0.032258 0.052216 0.041060 0.032258 0.023830 0.032258 535460 614716
49 62.310000 60.320000 1000000 5.670419 7.544774 5.669665 7.729457 0.023826 0.032258 0.041683 0.026399 0.032258 0.023822 0.032258 614710 640297
49 62.310000 60.320000 1000000 5.655059 7.542624 5.648504 7.705264 0.023828 0.032258 0.038238 0.020532 0.032258 0.023824 0.032258 640290 666988
49 62.310000 60.320000 1000000 5.648846 7.541907 5.639925 7.697199 0.023827 0.032258 0.038238 0.020533 0.032258 0.023824 0.032258 666980 904262
49 62.310000 60.320000 1000000 5.647147 7.541190 5.640209 7.698177 0.023828 0.032258 0.038235 0.020527 0.032258 0.023824 0.032258 904260 972428
49 62.310000 60.320000 1000000 5.640326 7.540473 5.641348 7.699154 0.023827 0.032258 0.038235 0.020527 0.032258 0.023824 0.032258 972420 1000000
49 62.310000 60.320000 1000000 5.640326 7.540473 5.641348 7.699154 0.023827 0.032258 0.038235 0.020527 0.032258 0.023824 0.032258 999990 1000000
