28 62.310000 60.320000 1000000 12.753473 16.924002 12.671238 17.214240 0.023821 0.032258 0.102014 0.096780 0.032258 0.023820 0.032258 0 50
28 62.310000 60.320000 1000000 9.430955 12.083473 9.491997 12.981130 0.023738 0.032258 0.207796 0.205277 0.032258 0.023727 0.032258 50 60
28 62.310000 60.320000 1000000 9.171040 12.051216 9.194417 12.684210 0.023795 0.032258 0.127315 0.123161 0.032258 0.023788 0.032258 60 73
28 62.310000 60.320000 1000000 9.159167 12.049065 9.182635 12.666615 0.023797 0.032258 0.127315 0.123161 0.032258 0.023790 0.032258 70 106
28 62.310000 60.320000 1000000 9.072249 12.021108 9.097124 12.423705 0.023812 0.032258 0.127315 0.123161 0.032258 0.023805 0.032258 80 115
28 62.310000 60.320000 1000000 9.005249 12.013940 9.005382 12.343060 0.023822 0.032258 0.077417 0.070376 0.032258 0.023818 0.032258 90 114
28 62.310000 60.320000 1000000 8.992469 12.010356 8.988834 12.302249 0.023823 0.032258 0.077417 0.070376 0.032258 0.023819 0.032258 110 157
28 62.310000 60.320000 1000000 8.961133 12.001037 8.950993 12.215496 0.023828 0.032258 0.088211 0.082102 0.032258 0.023825 0.032258 120 149
28 62.310000 60.320000 1000000 8.952948 11.994944 8.941336 12.149270 0.023830 0.032258 0.080097 0.073314 0.032258 0.023827 0.032258 140 228
28 62.310000 60.320000 1000000 8.876297 11.983474 8.854746 12.051274 0.023827 0.032258 0.102011 0.096776 0.032258 0.023825 0.032258 220 246
28 62.310000 60.320000 1000000 8.844795 11.979173 8.823011 12.016084 0.023829 0.032258 0.069522 0.061586 0.032258 0.023827 0.032258 240 338
28 62.310000 60.320000 1000000 8.841396 11.977740 8.823582 12.018039 0.023830 0.032258 0.069513 0.061575 0.032258 0.023827 0.032258 280 396
28 62.310000 60.320000 1000000 8.561690 11.090646 8.486347 11.667845 0.023787 0.032258 0.167349 0.164211 0.032258 0.023777 0.032258 380 438
28 62.310000 60.320000 1000000 8.539917 11.088496 8.490056 11.670778 0.023789 0.032258 0.167349 0.164211 0.032258 0.023776 0.032258 390 443
28 62.310000 60.320000 1000000 8.426894 10.678820 8.371743 11.557142 0.023752 0.032258 0.175991 0.173009 0.032258 0.023725 0.032258 420 482
28 62.310000 60.320000 1000000 8.277544 10.636168 8.219135 11.156365 0.023772 0.032258 0.254258 0.252203 0.032258 0.023750 0.032258 480 545
28 62.310000 60.320000 1000000 8.175070 10.623265 8.082690 11.022201 0.023796 0.032258 0.173124 0.170092 0.032258 0.023792 0.032258 500 615
28 62.310000 60.320000 1000000 7.963270 10.587423 7.972671 10.870931 0.023814 0.032258 0.138696 0.134892 0.032258 0.023807 0.032258 550 1172
28 62.310000 60.320000 1000000 7.944936 10.583839 7.975703 10.875818 0.023813 0.032258 0.155863 0.152489 0.032258 0.023807 0.032258 570 1195
28 62.310000 60.320000 1000000 7.921178 10.577387 7.943361 10.803238 0.023820 0.032258 0.104793 0.099705 0.032258 0.023815 0.032258 580 1046
28 62.310000 60.320000 1000000 7.834204 10.565201 7.840076 10.685936 0.023829 0.032258 0.061860 0.052783 0.032258 0.023826 0.032258 740 990
28 62.310000 60.320000 1000000 7.821920 10.562333 7.826911 10.660277 0.023830 0.032258 0.061855 0.052778 0.032258 0.023827 0.032258 990 1429
28 62.310000 60.320000 1000000 7.811235 10.559108 7.815554 10.629241 0.023830 0.032258 0.074757 0.067439 0.032258 0.023827 0.032258 1420 1529
28 62.310000 60.320000 1000000 7.799665 10.501402 7.797887 10.615800 0.023830 0.032258 0.077412 0.070370 0.032258 0.023826 0.032258 1520 2324
28 62.310000 60.320000 1000000 7.786827 10.499968 7.780205 10.599671 0.023831 0.032258 0.066927 0.058640 0.032258 0.023827 0.032258 2150 2261
28 62.310000 60.320000 1000000 7.708990 10.485273 7.736859 10.488236 0.023829 0.032258 0.080098 0.073316 0.032258 0.023829 0.032258 2260 2386
28 62.310000 60.320000 1000000 7.705849 10.484556 7.733752 10.482371 0.023828 0.032258 0.085499 0.079181 0.032258 0.023829 0.032258 2380 3545
28 62.310000 60.320000 1000000 7.657328 10.366277 7.663900 10.423231 0.023828 0.032258 0.074768 0.067451 0.032258 0.023827 0.032258 2810 2906
28 62.310000 60.320000 1000000 7.645712 10.308571 7.646178 10.409790 0.023828 0.032258 0.072133 0.064518 0.032258 0.023826 0.032258 2900 3545
28 62.310000 60.320000 1000000 7.634157 10.304270 7.644414 10.408813 0.023829 0.032258 0.088217 0.082107 0.032258 0.023826 0.032258 3540 4436
28 62.310000 60.320000 1000000 7.589466 10.185991 7.613200 10.385841 0.023824 0.032258 0.104791 0.099702 0.032258 0.023823 0.032258 4430 6805
28 62.310000 60.320000 1000000 7.549907 10.176672 7.567427 10.291512 0.023829 0.032258 0.072127 0.064512 0.032258 0.023828 0.032258 6800 8358
28 62.310000 60.320000 1000000 7.528306 10.169862 7.547754 10.235550 0.023831 0.032258 0.069517 0.061579 0.032258 0.023829 0.032258 8350 10506
28 62.310000 60.320000 1000000 7.489536 10.164127 7.500490 10.177632 0.023831 0.032258 0.054545 0.043984 0.032258 0.023828 0.032258 10500 15619
28 62.310000 60.320000 1000000 7.485495 10.163411 7.496467 10.171767 0.023831 0.032258 0.054545 0.043984 0.032258 0.023829 0.032258 15610 17926
28 62.310000 60.320000 1000000 7.479544 10.162694 7.488317 10.163702 0.023830 0.032258 0.059376 0.049849 0.032258 0.023827 0.032258 17920 19619
28 62.310000 60.320000 1000000 7.455762 10.155167 7.469485 10.085747 0.023829 0.032258 0.066942 0.058657 0.032258 0.023826 0.032258 19610 23328
28 62.310000 60.320000 1000000 7.426270 10.150149 7.440155 10.044691 0.023830 0.032258 0.072135 0.064521 0.032258 0.023826 0.032258 23320 27211
28 62.310000 60.320000 1000000 7.403917 10.144414 7.411598 9.982375 0.023830 0.032258 0.066939 0.058654 0.032258 0.023826 0.032258 27210 28951
28 62.310000 60.320000 1000000 7.364822 10.135095 7.393536 9.960870 0.023828 0.032258 0.056939 0.046919 0.032258 0.023825 0.032258 28950 30022
28 62.310000 60.320000 1000000 7.352483 10.077390 7.374880 9.947429 0.023830 0.032258 0.054547 0.043987 0.032258 0.023828 0.032258 30020 34470
28 62.310000 60.320000 1000000 7.316508 9.904272 7.320211 9.907106 0.023833 0.032258 0.047737 0.035189 0.032258 0.023831 0.032258 30030 47876
28 62.310000 60.320000 1000000 7.149488 9.206067 7.091602 9.701584 0.023798 0.032258 0.077415 0.070375 0.032258 0.023783 0.032258 47870 48656
28 62.310000 60.320000 1000000 7.146108 9.205350 7.088138 9.695719 0.023799 0.032258 0.077414 0.070373 0.032258 0.023784 0.032258 48650 50150
28 62.310000 60.320000 1000000 7.142789 9.204633 7.084737 9.689854 0.023799 0.032258 0.077414 0.070373 0.032258 0.023785 0.032258 50150 64156
28 62.310000 60.320000 1000000 6.988910 9.180260 6.952467 9.501683 0.023805 0.032258 0.132996 0.129025 0.032258 0.023797 0.032258 64150 85630
28 62.310000 60.320000 1000000 6.848636 9.041193 6.799826 9.248999 0.023810 0.032258 0.116013 0.111438 0.032258 0.023808 0.032258 79500 94507
28 62.310000 60.320000 1000000 6.827622 9.031874 6.803385 9.261707 0.023811 0.032258 0.144408 0.140759 0.032258 0.023807 0.032258 86970 96157
28 62.310000 60.320000 1000000 6.820126 9.031157 6.804645 9.262684 0.023812 0.032258 0.144408 0.140759 0.032258 0.023807 0.032258 96150 103488
28 62.310000 60.320000 1000000 6.817425 9.030440 6.800905 9.254620 0.023813 0.032258 0.138698 0.134894 0.032258 0.023809 0.032258 103480 203423
28 62.310000 60.320000 1000000 6.809626 9.028290 6.790095 9.230427 0.023815 0.032258 0.127320 0.123166 0.032258 0.023812 0.032258 114130 126715
28 62.310000 60.320000 1000000 6.792436 9.026139 6.789087 9.224317 0.023818 0.032258 0.127320 0.123166 0.032258 0.023812 0.032258 126710 192805
28 62.310000 60.320000 1000000 6.771359 9.023989 6.792586 9.227250 0.023817 0.032258 0.127320 0.123166 0.032258 0.023813 0.032258 128390 195364
28 62.310000 60.320000 1000000 6.643550 8.999616 6.633700 8.973587 0.023828 0.032258 0.088224 0.082115 0.032258 0.023824 0.032258 195360 281803
28 62.310000 60.320000 1000000 6.594419 8.993165 6.616365 8.945972 0.023826 0.032258 0.093709 0.087982 0.032258 0.023823 0.032258 281800 336115
28 62.310000 60.320000 1000000 6.577150 8.991014 6.599268 8.928377 0.023828 0.032258 0.077426 0.070387 0.032258 0.023825 0.032258 291900 309049
28 62.310000 60.320000 1000000 6.559054 8.986713 6.576675 8.882189 0.023831 0.032258 0.047742 0.035196 0.032258 0.023828 0.032258 309040 373703
28 62.310000 60.320000 1000000 6.512249 8.812162 6.511179 8.830137 0.023833 0.032258 0.038239 0.020534 0.032258 0.023830 0.032258 355540 422385
28 62.310000 60.320000 1000000 6.443053 8.463776 6.404492 8.722611 0.023820 0.032258 0.054552 0.043993 0.032258 0.023814 0.032258 369020 406840
28 62.310000 60.320000 1000000 6.384398 8.399619 6.333967 8.651986 0.023815 0.032258 0.072134 0.064519 0.032258 0.023812 0.032258 406840 472013
28 62.310000 60.320000 1000000 6.379524 8.398902 6.328975 8.646121 0.023816 0.032258 0.072134 0.064519 0.032258 0.023813 0.032258 472010 551288
28 62.310000 60.320000 1000000 6.349973 8.393884 6.329936 8.643921 0.023820 0.032258 0.061861 0.052784 0.032258 0.023814 0.032258 551280 585237
28 62.310000 60.320000 1000000 6.328500 8.391017 6.300070 8.611663 0.023821 0.032258 0.056938 0.046918 0.032258 0.023816 0.032258 585230 597923
28 62.310000 60.320000 1000000 6.305804 8.387432 6.274735 8.580139 0.023823 0.032258 0.066935 0.058649 0.032258 0.023819 0.032258 597920 609434
28 62.310000 60.320000 1000000 6.303263 8.386716 6.271187 8.572074 0.023823 0.032258 0.066935 0.058649 0.032258 0.023820 0.032258 609430 670437
28 62.310000 60.320000 1000000 6.300774 8.385999 6.267711 8.564010 0.023824 0.032258 0.072126 0.064510 0.032258 0.023820 0.032258 670430 810514
28 62.310000 60.320000 1000000 6.293906 8.384565 6.260733 8.552280 0.023826 0.032258 0.061857 0.052780 0.032258 0.023823 0.032258 682040 944148
28 62.310000 60.320000 1000000 6.258994 8.377397 6.252802 8.523199 0.023827 0.032258 0.056938 0.046918 0.032258 0.023823 0.032258 944140 1000000
28 62.310000 60.320000 1000000 6.258994 8.377397 6.252802 8.523199 0.023827 0.032258 0.056938 0.046918 0.032258 0.023823 0.032258 999990 1000000
