5 62.310000 60.320000 1000000 12.700620 17.185295 12.574926 16.936874 0.023818 0.032258 0.260066 0.258058 0.032258 0.023826 0.032258 0 50
5 62.310000 60.320000 1000000 9.658199 12.779886 9.695326 13.045647 0.023767 0.032258 0.199117 0.196487 0.032258 0.023755 0.032258 50 61
5 62.310000 60.320000 1000000 9.358702 12.744044 9.340355 12.704005 0.023818 0.032258 0.090960 0.085048 0.032258 0.023818 0.032258 60 94
5 62.310000 60.320000 1000000 9.162601 12.270928 9.148728 12.546381 0.023812 0.032258 0.090960 0.085048 0.032258 0.023811 0.032258 70 97
5 62.310000 60.320000 1000000 9.012040 12.074155 9.008741 12.336706 0.023820 0.032258 0.093705 0.087977 0.032258 0.023823 0.032258 80 104
5 62.310000 60.320000 1000000 8.940822 12.058384 8.953647 12.276344 0.023826 0.032258 0.088218 0.082108 0.032258 0.023822 0.032258 100 113
5 62.310000 60.320000 1000000 8.937667 12.057667 8.950506 12.270479 0.023826 0.032258 0.088218 0.082108 0.032258 0.023821 0.032258 110 121
5 62.310000 60.320000 1000000 8.918774 12.047632 8.925487 12.155867 0.023830 0.032258 0.072129 0.064513 0.032258 0.023827 0.032258 120 130
5 62.310000 60.320000 1000000 8.913793 12.046915 8.920517 12.150002 0.023830 0.032258 0.066934 0.058648 0.032258 0.023828 0.032258 130 192
5 62.310000 60.320000 1000000 8.897031 12.043331 8.901921 12.116278 0.023831 0.032258 0.061855 0.052778 0.032258 0.023828 0.032258 190 234
5 62.310000 60.320000 1000000 8.855978 12.033653 8.869698 12.066670 0.023831 0.032258 0.074765 0.067448 0.032258 0.023828 0.032258 230 320
5 62.310000 60.320000 1000000 8.842721 12.029711 8.853073 12.023171 0.023832 0.032258 0.056939 0.046920 0.032258 0.023829 0.032258 320 470
5 62.310000 60.320000 1000000 8.169462 10.396384 8.061228 11.023912 0.023751 0.032258 0.239724 0.237544 0.032258 0.023730 0.032258 470 707
5 62.310000 60.320000 1000000 8.041902 10.359467 7.931336 10.729193 0.023778 0.032258 0.184666 0.181826 0.032258 0.023774 0.032258 550 715
5 62.310000 60.320000 1000000 7.973091 10.351582 7.869987 10.667610 0.023769 0.032258 0.213602 0.211152 0.032258 0.023759 0.032258 560 1134
5 62.310000 60.320000 1000000 7.952677 10.349431 7.848755 10.650015 0.023781 0.032258 0.196226 0.193556 0.032258 0.023774 0.032258 590 646
5 62.310000 60.320000 1000000 7.884081 10.340112 7.770151 10.562771 0.023795 0.032258 0.161618 0.158366 0.032258 0.023796 0.032258 620 1134
5 62.310000 60.320000 1000000 7.639064 10.301403 7.629085 10.349429 0.023818 0.032258 0.110385 0.105566 0.032258 0.023815 0.032258 1130 1504
5 62.310000 60.320000 1000000 7.572386 10.291367 7.570424 10.274161 0.023832 0.032258 0.052206 0.041048 0.032258 0.023828 0.032258 1500 2782
5 62.310000 60.320000 1000000 7.559949 10.288500 7.557978 10.250700 0.023831 0.032258 0.061854 0.052776 0.032258 0.023828 0.032258 2180 4463
5 62.310000 60.320000 1000000 7.537969 10.280256 7.532765 10.160037 0.023831 0.032258 0.064385 0.055721 0.032258 0.023828 0.032258 3240 3960
5 62.310000 60.320000 1000000 7.508968 10.274521 7.500245 10.104319 0.023828 0.032258 0.085503 0.079184 0.032258 0.023825 0.032258 3960 4463
5 62.310000 60.320000 1000000 7.482645 10.215382 7.484063 10.092833 0.023829 0.032258 0.082795 0.076252 0.032258 0.023827 0.032258 4460 4746
5 62.310000 60.320000 1000000 7.477700 10.214665 7.479121 10.086968 0.023830 0.032258 0.077427 0.070387 0.032258 0.023827 0.032258 4740 7023
5 62.310000 60.320000 1000000 7.467268 10.211081 7.476388 10.085013 0.023830 0.032258 0.061868 0.052792 0.032258 0.023827 0.032258 7020 7761
5 62.310000 60.320000 1000000 7.394229 9.976673 7.375733 9.999725 0.023833 0.032258 0.043599 0.029331 0.032258 0.023831 0.032258 7760 12310
5 62.310000 60.320000 1000000 7.366141 9.973806 7.380418 10.003635 0.023832 0.032258 0.047744 0.035198 0.032258 0.023831 0.032258 7800 30020
5 62.310000 60.320000 1000000 7.323725 9.797104 7.329316 9.968200 0.023830 0.032258 0.054548 0.043987 0.032258 0.023827 0.032258 8340 34511
5 62.310000 60.320000 1000000 7.286563 9.791369 7.292240 9.921279 0.023830 0.032258 0.069520 0.061582 0.032258 0.023826 0.032258 17220 27274
5 62.310000 60.320000 1000000 7.197576 9.767355 7.176747 9.650023 0.023825 0.032258 0.121658 0.117304 0.032258 0.023821 0.032258 27270 34511
5 62.310000 60.320000 1000000 7.147693 9.758753 7.143517 9.593327 0.023827 0.032258 0.082795 0.076252 0.032258 0.023823 0.032258 34180 36349
5 62.310000 60.320000 1000000 7.089423 9.470224 7.053744 9.526123 0.023826 0.032258 0.090960 0.085048 0.032258 0.023824 0.032258 34420 39930
5 62.310000 60.320000 1000000 7.075026 9.468790 7.056171 9.528078 0.023827 0.032258 0.090960 0.085048 0.032258 0.023823 0.032258 37260 43442
5 62.310000 60.320000 1000000 7.050947 9.462338 7.040123 9.518792 0.023828 0.032258 0.069517 0.061579 0.032258 0.023825 0.032258 40510 61176
5 62.310000 60.320000 1000000 6.920549 8.991372 6.860173 9.325733 0.023807 0.032258 0.064377 0.055712 0.032258 0.023800 0.032258 61170 67159
5 62.310000 60.320000 1000000 6.913052 8.990656 6.861454 9.326711 0.023809 0.032258 0.064377 0.055712 0.032258 0.023799 0.032258 67150 82261
5 62.310000 60.320000 1000000 6.847598 8.980262 6.777375 9.214542 0.023815 0.032258 0.082789 0.076246 0.032258 0.023815 0.032258 76870 114511
5 62.310000 60.320000 1000000 6.725640 8.961265 6.719802 9.090889 0.023821 0.032258 0.059382 0.049857 0.032258 0.023819 0.032258 114510 134005
5 62.310000 60.320000 1000000 6.718157 8.958398 6.717203 9.085757 0.023822 0.032258 0.054554 0.043996 0.032258 0.023820 0.032258 134000 136319
5 62.310000 60.320000 1000000 6.695109 8.955531 6.687406 9.055699 0.023820 0.032258 0.059385 0.049860 0.032258 0.023816 0.032258 136310 154726
5 62.310000 60.320000 1000000 6.673324 8.951946 6.663686 9.021974 0.023822 0.032258 0.064385 0.055721 0.032258 0.023818 0.032258 145250 155136
5 62.310000 60.320000 1000000 6.662059 8.894241 6.646377 9.008534 0.023820 0.032258 0.066938 0.058652 0.032258 0.023816 0.032258 155130 170767
5 62.310000 60.320000 1000000 6.660420 8.893524 6.646652 9.009511 0.023820 0.032258 0.061866 0.052791 0.032258 0.023816 0.032258 170760 172023
5 62.310000 60.320000 1000000 6.656160 8.892807 6.642365 9.003646 0.023821 0.032258 0.066941 0.058656 0.032258 0.023817 0.032258 172020 208562
5 62.310000 60.320000 1000000 6.634134 8.886355 6.629313 8.985073 0.023823 0.032258 0.072129 0.064513 0.032258 0.023820 0.032258 208560 233969
5 62.310000 60.320000 1000000 6.628862 8.885638 6.624030 8.979208 0.023825 0.032258 0.066934 0.058648 0.032258 0.023822 0.032258 233960 236903
5 62.310000 60.320000 1000000 6.624719 8.884922 6.619878 8.973343 0.023826 0.032258 0.066935 0.058649 0.032258 0.023823 0.032258 236900 308932
5 62.310000 60.320000 1000000 6.564092 8.875603 6.558171 8.894897 0.023830 0.032258 0.061859 0.052782 0.032258 0.023828 0.032258 308930 395538
5 62.310000 60.320000 1000000 6.550357 8.872018 6.540793 8.856774 0.023831 0.032258 0.052210 0.041053 0.032258 0.023829 0.032258 395530 409702
5 62.310000 60.320000 1000000 6.539825 8.869509 6.529583 8.831604 0.023831 0.032258 0.049938 0.038121 0.032258 0.023829 0.032258 409700 436511
5 62.310000 60.320000 1000000 6.511980 8.865925 6.518433 8.815963 0.023832 0.032258 0.045620 0.032258 0.032258 0.023829 0.032258 436510 467520
5 62.310000 60.320000 1000000 6.479253 8.749080 6.473264 8.777352 0.023831 0.032258 0.049939 0.038123 0.032258 0.023828 0.032258 461460 522179
5 62.310000 60.320000 1000000 6.398402 8.739044 6.461884 8.756824 0.023816 0.032258 0.090958 0.085045 0.032258 0.023830 0.032258 522170 587558
5 62.310000 60.320000 1000000 6.397157 8.737969 6.460036 8.743383 0.023816 0.032258 0.088228 0.082120 0.032258 0.023830 0.032258 587550 622508
5 62.310000 60.320000 1000000 6.390587 8.737252 6.451260 8.735319 0.023817 0.032258 0.082797 0.076255 0.032258 0.023831 0.032258 622500 625075
5 62.310000 60.320000 1000000 6.341233 8.505712 6.377931 8.673491 0.023817 0.032258 0.077425 0.070386 0.032258 0.023825 0.032258 625070 847811
5 62.310000 60.320000 1000000 6.336395 8.504278 6.371392 8.657362 0.023817 0.032258 0.088224 0.082116 0.032258 0.023825 0.032258 661840 813167
5 62.310000 60.320000 1000000 6.275348 8.494959 6.300755 8.570119 0.023824 0.032258 0.082792 0.076249 0.032258 0.023828 0.032258 813160 847811
5 62.310000 60.320000 1000000 6.251060 8.378472 6.263987 8.529797 0.023822 0.032258 0.080099 0.073316 0.032258 0.023825 0.032258 847810 1000000
5 62.310000 60.320000 1000000 6.247310 8.375246 6.258291 8.489476 0.023823 0.032258 0.088223 0.082114 0.032258 0.023826 0.032258 999990 1000000
