56 62.310000 60.320000 1000000 10.537850 13.787051 10.429059 14.241856 0.023770 0.032258 0.297949 0.296198 0.032258 0.023759 0.032258 0 50
56 62.310000 60.320000 1000000 10.122027 13.725761 10.129231 13.801001 0.023817 0.032258 0.178892 0.175960 0.032258 0.023820 0.032258 50 60
56 62.310000 60.320000 1000000 9.980528 13.694220 10.041345 13.686631 0.023826 0.032258 0.127315 0.123160 0.032258 0.023824 0.032258 60 73
56 62.310000 60.320000 1000000 9.919010 13.669848 9.961523 13.401934 0.023827 0.032258 0.077434 0.070395 0.032258 0.023823 0.032258 70 86
56 62.310000 60.320000 1000000 9.897407 13.666264 9.939282 13.370409 0.023826 0.032258 0.082799 0.076257 0.032258 0.023821 0.032258 80 94
56 62.310000 60.320000 1000000 9.854049 13.492429 9.874602 13.322022 0.023830 0.032258 0.080106 0.073324 0.032258 0.023827 0.032258 90 106
56 62.310000 60.320000 1000000 9.838883 13.434006 9.853140 13.302716 0.023831 0.032258 0.082799 0.076257 0.032258 0.023828 0.032258 100 117
56 62.310000 60.320000 1000000 9.756267 13.138666 9.732253 13.159755 0.023832 0.032258 0.056946 0.046928 0.032258 0.023830 0.032258 110 210
56 62.310000 60.320000 1000000 9.715486 13.132931 9.728236 13.153890 0.023832 0.032258 0.061858 0.052781 0.032258 0.023830 0.032258 140 154
56 62.310000 60.320000 1000000 9.708602 13.132214 9.729377 13.154868 0.023832 0.032258 0.066933 0.058646 0.032258 0.023830 0.032258 150 210
56 62.310000 60.320000 1000000 9.628324 13.115727 9.629437 12.976718 0.023831 0.032258 0.072141 0.064528 0.032258 0.023827 0.032258 210 224
56 62.310000 60.320000 1000000 9.614595 13.113576 9.614813 12.956923 0.023832 0.032258 0.066945 0.058661 0.032258 0.023828 0.032258 220 234
56 62.310000 60.320000 1000000 9.575438 13.107125 9.583903 12.910980 0.023831 0.032258 0.072139 0.064525 0.032258 0.023827 0.032258 230 245
56 62.310000 60.320000 1000000 9.570673 13.106408 9.579151 12.905115 0.023831 0.032258 0.066945 0.058660 0.032258 0.023827 0.032258 240 269
56 62.310000 60.320000 1000000 9.558745 13.102824 9.569233 12.885076 0.023831 0.032258 0.056947 0.046930 0.032258 0.023827 0.032258 260 290
56 62.310000 60.320000 1000000 9.528657 13.097089 9.546267 12.835712 0.023829 0.032258 0.066943 0.058658 0.032258 0.023825 0.032258 290 302
56 62.310000 60.320000 1000000 9.520788 13.094938 9.542127 12.831802 0.023829 0.032258 0.061868 0.052793 0.032258 0.023824 0.032258 300 319
56 62.310000 60.320000 1000000 9.513941 13.092071 9.534164 12.799056 0.023828 0.032258 0.066943 0.058658 0.032258 0.023823 0.032258 310 456
56 62.310000 60.320000 1000000 9.437621 12.855512 9.452571 12.728186 0.023833 0.032258 0.047744 0.035198 0.032258 0.023830 0.032258 450 722
56 62.310000 60.320000 1000000 9.381470 12.790638 9.375997 12.638500 0.023831 0.032258 0.059386 0.049860 0.032258 0.023828 0.032258 720 731
56 62.310000 60.320000 1000000 9.376700 12.789921 9.371219 12.632634 0.023831 0.032258 0.059388 0.049863 0.032258 0.023828 0.032258 730 775
56 62.310000 60.320000 1000000 9.369596 12.789204 9.372403 12.633612 0.023831 0.032258 0.059388 0.049863 0.032258 0.023828 0.032258 770 783
56 62.310000 60.320000 1000000 9.357585 12.787054 9.360402 12.616017 0.023832 0.032258 0.049948 0.038135 0.032258 0.023828 0.032258 780 877
56 62.310000 60.320000 1000000 9.286368 12.778451 9.337295 12.586692 0.023827 0.032258 0.074773 0.067457 0.032258 0.023826 0.032258 870 880
56 62.310000 60.320000 1000000 9.284768 12.777735 9.337557 12.587669 0.023827 0.032258 0.069529 0.061593 0.032258 0.023826 0.032258 880 927
56 62.310000 60.320000 1000000 9.279922 12.777018 9.332793 12.581804 0.023827 0.032258 0.064391 0.055728 0.032258 0.023826 0.032258 920 2040
56 62.310000 60.320000 1000000 9.207037 12.487054 9.224567 12.498471 0.023831 0.032258 0.043603 0.029337 0.032258 0.023830 0.032258 1540 1852
56 62.310000 60.320000 1000000 9.149794 12.198524 9.137185 12.431267 0.023828 0.032258 0.041685 0.026402 0.032258 0.023824 0.032258 1840 2040
56 62.310000 60.320000 1000000 9.118397 12.193506 9.104718 12.388012 0.023829 0.032258 0.054556 0.043997 0.032258 0.023826 0.032258 2040 2241
56 62.310000 60.320000 1000000 9.098967 12.191355 9.088643 12.372860 0.023828 0.032258 0.054556 0.043997 0.032258 0.023826 0.032258 2240 2325
56 62.310000 60.320000 1000000 9.093421 12.190639 9.083079 12.366995 0.023828 0.032258 0.049946 0.038132 0.032258 0.023826 0.032258 2320 2470
56 62.310000 60.320000 1000000 9.087953 12.189922 9.077592 12.361130 0.023828 0.032258 0.045626 0.032267 0.032258 0.023826 0.032258 2470 3166
56 62.310000 60.320000 1000000 9.049533 12.184187 9.055187 12.327895 0.023830 0.032258 0.045627 0.032268 0.032258 0.023828 0.032258 3020 3563
56 62.310000 60.320000 1000000 9.002981 12.174868 9.012713 12.265334 0.023831 0.032258 0.059376 0.049849 0.032258 0.023829 0.032258 3320 3849
56 62.310000 60.320000 1000000 8.998364 12.174151 9.008112 12.259469 0.023831 0.032258 0.064379 0.055714 0.032258 0.023828 0.032258 3840 3973
56 62.310000 60.320000 1000000 8.946817 12.107843 8.997016 12.257758 0.023828 0.032258 0.127316 0.123162 0.032258 0.023828 0.032258 3970 4015
56 62.310000 60.320000 1000000 8.944218 12.107126 8.993501 12.249694 0.023828 0.032258 0.121652 0.117297 0.032258 0.023829 0.032258 4010 4628
56 62.310000 60.320000 1000000 8.930174 12.104976 8.979688 12.232099 0.023828 0.032258 0.132995 0.129024 0.032258 0.023828 0.032258 4620 6430
56 62.310000 60.320000 1000000 8.909813 12.093865 8.953876 12.099403 0.023828 0.032258 0.113208 0.108515 0.032258 0.023827 0.032258 5870 7192
56 62.310000 60.320000 1000000 8.890515 12.091714 8.927701 12.075210 0.023829 0.032258 0.096473 0.090920 0.032258 0.023828 0.032258 6350 6388
56 62.310000 60.320000 1000000 8.884259 12.090997 8.919203 12.067145 0.023829 0.032258 0.090968 0.085056 0.032258 0.023827 0.032258 6380 7192
56 62.310000 60.320000 1000000 8.863312 12.085980 8.893775 12.015093 0.023832 0.032258 0.054559 0.044001 0.032258 0.023830 0.032258 6720 8661
56 62.310000 60.320000 1000000 8.747765 11.563758 8.721423 11.864067 0.023825 0.032258 0.052220 0.041065 0.032258 0.023819 0.032258 8660 10490
56 62.310000 60.320000 1000000 8.730709 11.561607 8.699333 11.842073 0.023826 0.032258 0.043603 0.029336 0.032258 0.023821 0.032258 10490 19035
56 62.310000 60.320000 1000000 8.689845 11.557306 8.706161 11.847938 0.023822 0.032258 0.047748 0.035203 0.032258 0.023822 0.032258 11460 19923
56 62.310000 60.320000 1000000 8.665640 11.554439 8.697054 11.838163 0.023819 0.032258 0.061869 0.052794 0.032258 0.023823 0.032258 14210 21810
56 62.310000 60.320000 1000000 8.653062 11.552288 8.684612 11.820567 0.023821 0.032258 0.066943 0.058658 0.032258 0.023824 0.032258 14810 21388
56 62.310000 60.320000 1000000 8.640227 11.550855 8.667143 11.804438 0.023822 0.032258 0.061869 0.052794 0.032258 0.023824 0.032258 19840 20844
56 62.310000 60.320000 1000000 8.633946 11.550138 8.658583 11.796374 0.023822 0.032258 0.061869 0.052794 0.032258 0.023824 0.032258 20840 21388
56 62.310000 60.320000 1000000 8.629849 11.549421 8.654521 11.790509 0.023822 0.032258 0.066944 0.058659 0.032258 0.023824 0.032258 21380 22005
56 62.310000 60.320000 1000000 8.624855 11.548704 8.649570 11.784644 0.023823 0.032258 0.061869 0.052794 0.032258 0.023825 0.032258 22000 24280
56 62.310000 60.320000 1000000 8.600549 11.545837 8.616384 11.752386 0.023820 0.032258 0.061869 0.052794 0.032258 0.023821 0.032258 22280 38093
56 62.310000 60.320000 1000000 8.578128 11.430425 8.582248 11.725504 0.023817 0.032258 0.056947 0.046929 0.032258 0.023816 0.032258 22440 37394
56 62.310000 60.320000 1000000 8.543016 11.255156 8.528508 11.658300 0.023811 0.032258 0.064388 0.055725 0.032258 0.023806 0.032258 30440 38093
56 62.310000 60.320000 1000000 7.767990 8.997811 7.767152 10.828634 0.023033 0.032258 0.204906 0.202351 0.032258 0.023071 0.032258 38090 39803
56 62.310000 60.320000 1000000 7.688747 8.989926 7.687883 10.764118 0.023080 0.032258 0.199115 0.196485 0.032258 0.023120 0.032258 39690 41919
56 62.310000 60.320000 1000000 7.670197 8.873797 7.662082 10.731371 0.023055 0.032258 0.187549 0.184754 0.032258 0.023080 0.032258 41910 57194
56 62.310000 60.320000 1000000 7.638815 8.868779 7.626709 10.683718 0.023048 0.032258 0.181776 0.178891 0.032258 0.023064 0.032258 44210 60666
56 62.310000 60.320000 1000000 7.625178 8.864836 7.615041 10.656103 0.023060 0.032258 0.184662 0.181823 0.032258 0.023074 0.032258 60660 63267
56 62.310000 60.320000 1000000 7.620410 8.864120 7.610255 10.650238 0.023064 0.032258 0.178890 0.175958 0.032258 0.023079 0.032258 63260 66352
56 62.310000 60.320000 1000000 7.618056 8.863403 7.610648 10.651216 0.023066 0.032258 0.173126 0.170095 0.032258 0.023078 0.032258 66350 76987
56 62.310000 60.320000 1000000 7.507725 8.794227 7.496243 10.543933 0.023116 0.032258 0.170245 0.167161 0.032258 0.023123 0.032258 76980 93377
56 62.310000 60.320000 1000000 7.494311 8.791360 7.477694 10.511676 0.023083 0.032258 0.193331 0.190621 0.032258 0.023077 0.032258 78730 122596
56 62.310000 60.320000 1000000 7.357919 8.542256 7.372642 10.378978 0.022969 0.032258 0.225202 0.222880 0.032258 0.023060 0.032258 122590 157206
56 62.310000 60.320000 1000000 7.126857 8.507131 7.143051 10.091591 0.022922 0.032258 0.458622 0.457486 0.032258 0.023018 0.032258 133050 134733
56 62.310000 60.320000 1000000 7.005855 8.463404 7.143751 10.130691 0.022951 0.032258 0.792434 0.791777 0.032258 0.023030 0.032258 134730 157206
56 62.310000 60.320000 1000000 6.998092 8.405698 7.132557 10.117250 0.022937 0.032258 0.789504 0.788844 0.032258 0.023007 0.032258 157200 280023
56 62.310000 60.320000 1000000 6.806374 8.368422 6.943070 9.775123 0.022962 0.032258 0.766064 0.765385 0.032258 0.023012 0.032258 178250 208176
56 62.310000 60.320000 1000000 6.497586 8.335447 6.649907 9.500930 0.023114 0.032258 0.514197 0.513184 0.032258 0.023101 0.032258 208170 280023
56 62.310000 60.320000 1000000 6.460636 8.104624 6.597069 9.447166 0.023068 0.032258 0.502490 0.501454 0.032258 0.023022 0.032258 213900 248728
56 62.310000 60.320000 1000000 6.203621 8.007493 6.335586 9.093553 0.023347 0.032258 0.482009 0.480928 0.032258 0.023247 0.032258 248720 329200
56 62.310000 60.320000 1000000 6.185945 8.003908 6.318998 9.064227 0.023335 0.032258 0.482009 0.480928 0.032258 0.023231 0.032258 277530 307140
56 62.310000 60.320000 1000000 6.091115 7.950505 6.183511 8.399784 0.023468 0.032258 0.344622 0.343109 0.032258 0.023391 0.032258 307140 329200
56 62.310000 60.320000 1000000 6.045704 7.944771 6.125631 8.337467 0.023482 0.032258 0.332945 0.331379 0.032258 0.023399 0.032258 329200 411102
56 62.310000 60.320000 1000000 5.876881 7.915380 5.899418 8.006826 0.023813 0.032258 0.096466 0.090913 0.032258 0.023814 0.032258 358930 420756
56 62.310000 60.320000 1000000 5.869026 7.913230 5.888733 7.982633 0.023816 0.032258 0.080100 0.073318 0.032258 0.023817 0.032258 378790 410797
56 62.310000 60.320000 1000000 5.866523 7.912513 5.885325 7.974568 0.023816 0.032258 0.074769 0.067452 0.032258 0.023818 0.032258 410790 420756
56 62.310000 60.320000 1000000 5.829511 7.907495 5.848670 7.933513 0.023819 0.032258 0.074771 0.067455 0.032258 0.023819 0.032258 420750 477848
56 62.310000 60.320000 1000000 5.812445 7.905344 5.827362 7.911519 0.023814 0.032258 0.080103 0.073320 0.032258 0.023813 0.032258 477840 544030
56 62.310000 60.320000 1000000 5.769812 7.898893 5.786997 7.865576 0.023827 0.032258 0.049938 0.038122 0.032258 0.023824 0.032258 544030 575211
56 62.310000 60.320000 1000000 5.757761 7.841187 5.768719 7.852135 0.023828 0.032258 0.047737 0.035189 0.032258 0.023825 0.032258 575210 618136
56 62.310000 60.320000 1000000 5.756117 7.840471 5.768992 7.853112 0.023829 0.032258 0.052211 0.041054 0.032258 0.023825 0.032258 618130 640649
56 62.310000 60.320000 1000000 5.749341 7.839754 5.770111 7.854090 0.023827 0.032258 0.052211 0.041054 0.032258 0.023825 0.032258 640640 782526
56 62.310000 60.320000 1000000 5.713059 7.665562 5.715010 7.800327 0.023827 0.032258 0.043595 0.029324 0.032258 0.023823 0.032258 782520 820643
56 62.310000 60.320000 1000000 5.701828 7.607856 5.697842 7.786886 0.023825 0.032258 0.045619 0.032257 0.032258 0.023820 0.032258 820640 847645
56 62.310000 60.320000 1000000 5.697021 7.607140 5.693025 7.781021 0.023825 0.032258 0.045619 0.032257 0.032258 0.023820 0.032258 847640 875534
56 62.310000 60.320000 1000000 5.690207 7.606423 5.694161 7.781999 0.023824 0.032258 0.045619 0.032257 0.032258 0.023821 0.032258 875530 971726
56 62.310000 60.320000 1000000 5.679400 7.604272 5.681383 7.760004 0.023826 0.032258 0.038235 0.020526 0.032258 0.023824 0.032258 971720 1000000
56 62.310000 60.320000 1000000 5.679400 7.604272 5.681383 7.760004 0.023826 0.032258 0.038235 0.020526 0.032258 0.023824 0.032258 999990 1000000
