22 62.310000 60.320000 1000000 10.752990 15.139021 10.751402 14.249191 0.023764 0.032258 0.228111 0.225818 0.032258 0.023750 0.032258 0 50
22 62.310000 60.320000 1000000 9.559962 12.889920 9.544454 12.990402 0.023824 0.032258 0.099225 0.093835 0.032258 0.023820 0.032258 50 85
22 62.310000 60.320000 1000000 9.429856 12.869132 9.430388 12.834000 0.023827 0.032258 0.093698 0.087970 0.032258 0.023824 0.032258 60 87
22 62.310000 60.320000 1000000 9.340676 12.620029 9.323538 12.636788 0.023832 0.032258 0.054556 0.043997 0.032258 0.023830 0.032258 80 101
22 62.310000 60.320000 1000000 9.302017 12.614294 9.315110 12.610640 0.023832 0.032258 0.054557 0.043998 0.032258 0.023830 0.032258 100 149
22 62.310000 60.320000 1000000 9.258714 12.607842 9.271991 12.557854 0.023832 0.032258 0.054553 0.043994 0.032258 0.023829 0.032258 140 205
22 62.310000 60.320000 1000000 9.223456 12.434724 9.218195 12.517532 0.023832 0.032258 0.052215 0.041059 0.032258 0.023829 0.032258 180 201
22 62.310000 60.320000 1000000 9.199103 12.375584 9.182828 12.487962 0.023832 0.032258 0.045622 0.032262 0.032258 0.023830 0.032258 200 221
22 62.310000 60.320000 1000000 9.197432 12.374868 9.183108 12.488940 0.023833 0.032258 0.045611 0.032246 0.032258 0.023830 0.032258 220 451
22 62.310000 60.320000 1000000 9.101163 12.133649 9.052590 12.329605 0.023828 0.032258 0.077429 0.070389 0.032258 0.023827 0.032258 370 463
22 62.310000 60.320000 1000000 9.040370 12.125764 9.046391 12.306390 0.023829 0.032258 0.061872 0.052797 0.032258 0.023828 0.032258 460 586
22 62.310000 60.320000 1000000 8.912019 11.544403 8.864506 12.150476 0.023804 0.032258 0.066944 0.058659 0.032258 0.023791 0.032258 580 634
22 62.310000 60.320000 1000000 8.910702 11.543328 8.862462 12.137036 0.023805 0.032258 0.069527 0.061591 0.032258 0.023792 0.032258 630 688
22 62.310000 60.320000 1000000 8.896355 11.539026 8.857997 12.136058 0.023807 0.032258 0.080089 0.073306 0.032258 0.023792 0.032258 680 739
22 62.310000 60.320000 1000000 8.858909 11.534725 8.860312 12.135081 0.023804 0.032258 0.080089 0.073306 0.032258 0.023793 0.032258 730 758
22 62.310000 60.320000 1000000 8.857590 11.533650 8.858296 12.121640 0.023804 0.032258 0.077414 0.070373 0.032258 0.023794 0.032258 750 771
22 62.310000 60.320000 1000000 8.854994 11.532933 8.854727 12.113575 0.023805 0.032258 0.072124 0.064508 0.032258 0.023795 0.032258 770 1020
22 62.310000 60.320000 1000000 8.776731 11.522898 8.756735 12.013869 0.023811 0.032258 0.088216 0.082106 0.032258 0.023803 0.032258 920 1228
22 62.310000 60.320000 1000000 8.698734 11.512145 8.656192 11.903898 0.023798 0.032258 0.144404 0.140755 0.032258 0.023786 0.032258 1020 1609
22 62.310000 60.320000 1000000 8.690759 11.509994 8.645058 11.879705 0.023800 0.032258 0.132995 0.129023 0.032258 0.023790 0.032258 1180 1835
22 62.310000 60.320000 1000000 8.599754 11.103902 8.512757 11.768024 0.023779 0.032258 0.135842 0.131956 0.032258 0.023762 0.032258 1260 1309
22 62.310000 60.320000 1000000 8.589924 11.046196 8.497258 11.754583 0.023774 0.032258 0.138692 0.134889 0.032258 0.023755 0.032258 1300 1835
22 62.310000 60.320000 1000000 8.394896 11.022540 8.402475 11.649989 0.023750 0.032258 0.121646 0.117291 0.032258 0.023752 0.032258 1550 1583
22 62.310000 60.320000 1000000 8.388757 11.021823 8.403494 11.650967 0.023747 0.032258 0.127311 0.123156 0.032258 0.023752 0.032258 1580 1835
22 62.310000 60.320000 1000000 8.386812 11.021106 8.403817 11.651944 0.023748 0.032258 0.127312 0.123158 0.032258 0.023752 0.032258 1830 1858
22 62.310000 60.320000 1000000 8.383942 11.020389 8.399893 11.643880 0.023750 0.032258 0.132992 0.129021 0.032258 0.023754 0.032258 1850 2002
22 62.310000 60.320000 1000000 8.370956 11.014296 8.383064 11.570812 0.023756 0.032258 0.118836 0.114374 0.032258 0.023763 0.032258 2000 5031
22 62.310000 60.320000 1000000 8.355914 11.011429 8.368088 11.547351 0.023763 0.032258 0.113204 0.108511 0.032258 0.023769 0.032258 2200 4995
22 62.310000 60.320000 1000000 8.338309 11.009278 8.343958 11.523158 0.023759 0.032258 0.096469 0.090916 0.032258 0.023763 0.032258 2510 2522
22 62.310000 60.320000 1000000 8.332621 11.008561 8.336149 11.515093 0.023757 0.032258 0.090963 0.085051 0.032258 0.023761 0.032258 2520 3193
22 62.310000 60.320000 1000000 8.305888 10.892432 8.296122 11.480147 0.023748 0.032258 0.080103 0.073320 0.032258 0.023747 0.032258 3190 4397
22 62.310000 60.320000 1000000 8.206827 10.878096 8.194537 11.360646 0.023753 0.032258 0.080107 0.073325 0.032258 0.023753 0.032258 4390 4840
22 62.310000 60.320000 1000000 8.201173 10.877379 8.186724 11.352581 0.023751 0.032258 0.085508 0.079190 0.032258 0.023750 0.032258 4840 4995
22 62.310000 60.320000 1000000 8.193568 10.875945 8.179078 11.340851 0.023755 0.032258 0.096473 0.090920 0.032258 0.023754 0.032258 4920 5031
22 62.310000 60.320000 1000000 8.191514 10.875228 8.179422 11.341828 0.023756 0.032258 0.090968 0.085057 0.032258 0.023754 0.032258 5030 6131
22 62.310000 60.320000 1000000 8.172945 10.871644 8.165499 11.326188 0.023762 0.032258 0.085495 0.079176 0.032258 0.023757 0.032258 6130 6596
22 62.310000 60.320000 1000000 8.110709 10.855157 8.081224 11.142906 0.023774 0.032258 0.175990 0.173009 0.032258 0.023775 0.032258 6590 8871
22 62.310000 60.320000 1000000 8.029794 10.840461 7.998541 11.018028 0.023786 0.032258 0.190422 0.187670 0.032258 0.023791 0.032258 8870 10454
22 62.310000 60.320000 1000000 8.000627 10.836877 7.999993 11.013874 0.023781 0.032258 0.207785 0.205266 0.032258 0.023791 0.032258 10450 11243
22 62.310000 60.320000 1000000 7.944753 10.660892 7.947624 10.968420 0.023772 0.032258 0.222282 0.219929 0.032258 0.023787 0.032258 11240 12205
22 62.310000 60.320000 1000000 7.907116 10.646555 7.950464 10.978928 0.023787 0.032258 0.228086 0.225794 0.032258 0.023784 0.032258 12200 13675
22 62.310000 60.320000 1000000 7.835591 10.632218 7.880123 10.861627 0.023812 0.032258 0.118822 0.114359 0.032258 0.023804 0.032258 12210 17897
22 62.310000 60.320000 1000000 7.814593 10.622182 7.861599 10.779028 0.023821 0.032258 0.096459 0.090905 0.032258 0.023817 0.032258 17890 21574
22 62.310000 60.320000 1000000 7.669085 9.871287 7.642781 10.598432 0.023785 0.032258 0.110385 0.105566 0.032258 0.023759 0.032258 21570 47858
22 62.310000 60.320000 1000000 7.647015 9.855158 7.608633 10.396822 0.023798 0.032258 0.069516 0.061578 0.032258 0.023781 0.032258 21790 45859
22 62.310000 60.320000 1000000 7.514434 9.832578 7.461080 10.189346 0.023777 0.032258 0.155877 0.152503 0.032258 0.023769 0.032258 36960 47858
22 62.310000 60.320000 1000000 7.471860 9.658026 7.400881 10.137293 0.023765 0.032258 0.158745 0.155433 0.032258 0.023754 0.032258 39600 40852
22 62.310000 60.320000 1000000 7.465971 9.657309 7.394820 10.131428 0.023766 0.032258 0.158745 0.155433 0.032258 0.023755 0.032258 40850 47858
22 62.310000 60.320000 1000000 7.464238 9.656592 7.395118 10.132406 0.023767 0.032258 0.164478 0.161283 0.032258 0.023755 0.032258 47850 49356
22 62.310000 60.320000 1000000 7.329901 9.585266 7.400264 10.137538 0.023727 0.032258 0.202000 0.199407 0.032258 0.023753 0.032258 49350 155149
22 62.310000 60.320000 1000000 6.867451 8.681683 6.862894 9.627275 0.023571 0.032258 0.102004 0.096769 0.032258 0.023571 0.032258 60290 77592
22 62.310000 60.320000 1000000 6.862373 8.680967 6.855896 9.619210 0.023566 0.032258 0.102004 0.096769 0.032258 0.023564 0.032258 77590 155149
22 62.310000 60.320000 1000000 6.796687 8.670931 6.790019 9.537098 0.023520 0.032258 0.130153 0.126092 0.032258 0.023519 0.032258 95990 123185
22 62.310000 60.320000 1000000 6.624234 8.632221 6.583349 9.150006 0.023593 0.032258 0.315425 0.313771 0.032258 0.023611 0.032258 123180 155149
22 62.310000 60.320000 1000000 6.407263 8.601756 6.398702 8.930311 0.023689 0.032258 0.231004 0.228741 0.032258 0.023744 0.032258 155140 276097
22 62.310000 60.320000 1000000 6.378644 8.598172 6.403454 8.935199 0.023664 0.032258 0.260074 0.258066 0.032258 0.023748 0.032258 217090 407910
22 62.310000 60.320000 1000000 6.343254 8.593870 6.355213 8.886812 0.023652 0.032258 0.225198 0.222876 0.032258 0.023732 0.032258 223520 436530
22 62.310000 60.320000 1000000 6.137809 8.315019 6.165467 8.452320 0.023729 0.032258 0.207798 0.205279 0.032258 0.023780 0.032258 348880 526746
22 62.310000 60.320000 1000000 6.008510 7.949430 5.994269 8.166893 0.023744 0.032258 0.207796 0.205277 0.032258 0.023792 0.032258 497060 642490
22 62.310000 60.320000 1000000 5.947115 7.771296 5.921618 8.103843 0.023748 0.032258 0.164484 0.161290 0.032258 0.023779 0.032258 642490 808570
22 62.310000 60.320000 1000000 5.805602 7.740830 5.802837 7.921293 0.023805 0.032258 0.127322 0.123168 0.032258 0.023809 0.032258 808570 810428
22 62.310000 60.320000 1000000 5.799754 7.740113 5.796981 7.915428 0.023806 0.032258 0.121657 0.117303 0.032258 0.023810 0.032258 810420 1000000
22 62.310000 60.320000 1000000 5.763601 7.731511 5.769296 7.872418 0.023825 0.032258 0.061859 0.052782 0.032258 0.023825 0.032258 999990 1000000
