27 62.310000 60.320000 1000000 10.641795 13.855510 10.490735 14.346694 0.023786 0.032258 0.289184 0.287379 0.032258 0.023793 0.032258 0 50
27 62.310000 60.320000 1000000 10.062604 13.656944 10.084507 13.844009 0.023814 0.032258 0.190430 0.187677 0.032258 0.023807 0.032258 50 63
27 62.310000 60.320000 1000000 9.921123 13.626120 9.971936 13.556623 0.023826 0.032258 0.127313 0.123158 0.032258 0.023823 0.032258 60 71
27 62.310000 60.320000 1000000 9.850798 13.603898 9.890995 13.319579 0.023825 0.032258 0.082782 0.076239 0.032258 0.023820 0.032258 70 109
27 62.310000 60.320000 1000000 9.833069 13.601031 9.873483 13.296118 0.023824 0.032258 0.066930 0.058643 0.032258 0.023818 0.032258 100 133
27 62.310000 60.320000 1000000 9.687145 13.241533 9.662839 13.061760 0.023828 0.032258 0.064393 0.055731 0.032258 0.023825 0.032258 130 141
27 62.310000 60.320000 1000000 9.637840 13.234365 9.648785 13.037323 0.023827 0.032258 0.085507 0.079189 0.032258 0.023823 0.032258 140 165
27 62.310000 60.320000 1000000 9.587229 13.002824 9.571775 12.975495 0.023831 0.032258 0.080106 0.073324 0.032258 0.023828 0.032258 160 197
27 62.310000 60.320000 1000000 9.584843 13.002107 9.568478 12.967431 0.023831 0.032258 0.085507 0.079189 0.032258 0.023828 0.032258 190 294
27 62.310000 60.320000 1000000 9.563276 12.997806 9.552606 12.952768 0.023831 0.032258 0.074758 0.067440 0.032258 0.023828 0.032258 210 249
27 62.310000 60.320000 1000000 9.467495 12.702824 9.420571 12.830823 0.023829 0.032258 0.093696 0.087968 0.032258 0.023828 0.032258 240 250
27 62.310000 60.320000 1000000 9.465866 12.702107 9.420847 12.831801 0.023829 0.032258 0.093696 0.087968 0.032258 0.023828 0.032258 250 270
27 62.310000 60.320000 1000000 9.443973 12.697806 9.398637 12.796610 0.023831 0.032258 0.066931 0.058644 0.032258 0.023830 0.032258 270 304
27 62.310000 60.320000 1000000 9.369388 12.689921 9.405477 12.800520 0.023829 0.032258 0.061859 0.052782 0.032258 0.023830 0.032258 300 350
27 62.310000 60.320000 1000000 9.302148 12.678810 9.351618 12.714255 0.023824 0.032258 0.107584 0.102634 0.032258 0.023827 0.032258 350 451
27 62.310000 60.320000 1000000 9.240993 12.444043 9.266045 12.623591 0.023825 0.032258 0.110385 0.105566 0.032258 0.023825 0.032258 450 621
27 62.310000 60.320000 1000000 9.235893 12.441893 9.266888 12.626523 0.023825 0.032258 0.110386 0.105568 0.032258 0.023825 0.032258 530 759
27 62.310000 60.320000 1000000 9.199639 12.436875 9.231000 12.585468 0.023827 0.032258 0.093699 0.087971 0.032258 0.023826 0.032258 660 822
27 62.310000 60.320000 1000000 9.181478 12.431140 9.205462 12.515576 0.023829 0.032258 0.072141 0.064527 0.032258 0.023828 0.032258 790 976
27 62.310000 60.320000 1000000 9.074870 12.183112 9.096103 12.403407 0.023827 0.032258 0.116004 0.111428 0.032258 0.023825 0.032258 970 1151
27 62.310000 60.320000 1000000 9.053195 12.176660 9.071885 12.332049 0.023828 0.032258 0.104787 0.099698 0.032258 0.023826 0.032258 1000 1272
27 62.310000 60.320000 1000000 8.940647 11.598883 8.901855 12.191776 0.023804 0.032258 0.138692 0.134888 0.032258 0.023789 0.032258 1270 1324
27 62.310000 60.320000 1000000 8.896708 11.593865 8.842012 12.137524 0.023809 0.032258 0.121649 0.117294 0.032258 0.023799 0.032258 1320 1586
27 62.310000 60.320000 1000000 8.883963 11.591715 8.830822 12.126772 0.023809 0.032258 0.127309 0.123155 0.032258 0.023800 0.032258 1580 1648
27 62.310000 60.320000 1000000 8.880428 11.590998 8.827223 12.120907 0.023810 0.032258 0.127309 0.123155 0.032258 0.023802 0.032258 1640 1813
27 62.310000 60.320000 1000000 8.875617 11.590281 8.822325 12.115041 0.023811 0.032258 0.127311 0.123157 0.032258 0.023802 0.032258 1810 2063
27 62.310000 60.320000 1000000 8.822997 11.582396 8.803438 12.077896 0.023816 0.032258 0.127315 0.123160 0.032258 0.023805 0.032258 1940 2009
27 62.310000 60.320000 1000000 8.816688 11.580962 8.797087 12.066166 0.023816 0.032258 0.138694 0.134890 0.032258 0.023805 0.032258 1950 2063
27 62.310000 60.320000 1000000 8.810169 11.580245 8.788060 12.058101 0.023816 0.032258 0.132998 0.129026 0.032258 0.023806 0.032258 2060 2103
27 62.310000 60.320000 1000000 8.806055 11.579528 8.783914 12.052236 0.023817 0.032258 0.127317 0.123162 0.032258 0.023807 0.032258 2100 2198
27 62.310000 60.320000 1000000 8.803329 11.578811 8.780137 12.044172 0.023818 0.032258 0.121652 0.117297 0.032258 0.023808 0.032258 2190 2220
27 62.310000 60.320000 1000000 8.801802 11.578095 8.780394 12.045149 0.023818 0.032258 0.127317 0.123162 0.032258 0.023808 0.032258 2220 2357
27 62.310000 60.320000 1000000 8.775688 11.571643 8.746322 11.974769 0.023822 0.032258 0.088212 0.082103 0.032258 0.023814 0.032258 2350 2448
27 62.310000 60.320000 1000000 8.772562 11.570926 8.743164 11.968904 0.023821 0.032258 0.093696 0.087968 0.032258 0.023814 0.032258 2440 2978
27 62.310000 60.320000 1000000 8.736513 11.566625 8.715440 11.938601 0.023823 0.032258 0.082783 0.076239 0.032258 0.023816 0.032258 2970 3736
27 62.310000 60.320000 1000000 8.728270 11.565191 8.707137 11.926871 0.023824 0.032258 0.082783 0.076239 0.032258 0.023817 0.032258 3430 3826
27 62.310000 60.320000 1000000 8.706815 11.553364 8.677466 11.783911 0.023827 0.032258 0.049937 0.038119 0.032258 0.023823 0.032258 3820 4221
27 62.310000 60.320000 1000000 8.640440 11.546195 8.681739 11.786844 0.023820 0.032258 0.069516 0.061579 0.032258 0.023825 0.032258 4220 5080
27 62.310000 60.320000 1000000 8.618572 11.484905 8.653072 11.734791 0.023819 0.032258 0.061871 0.052796 0.032258 0.023822 0.032258 5080 7194
27 62.310000 60.320000 1000000 8.551119 11.363758 8.572277 11.658790 0.023821 0.032258 0.061870 0.052795 0.032258 0.023820 0.032258 7190 9119
27 62.310000 60.320000 1000000 8.197942 8.881682 8.018589 11.072769 0.023423 0.032258 0.170246 0.167162 0.032258 0.023218 0.032258 9110 10090
27 62.310000 60.320000 1000000 8.141115 8.875947 7.947056 11.017295 0.023432 0.032258 0.158746 0.155434 0.032258 0.023241 0.032258 10090 10227
27 62.310000 60.320000 1000000 8.137262 8.875230 7.942914 11.011429 0.023434 0.032258 0.158746 0.155434 0.032258 0.023243 0.032258 10220 13698
27 62.310000 60.320000 1000000 8.084030 8.866628 7.885620 10.941048 0.023443 0.032258 0.222301 0.219948 0.032258 0.023261 0.032258 12660 16255
27 62.310000 60.320000 1000000 7.843064 8.833653 7.538062 10.585478 0.023310 0.032258 0.420602 0.419363 0.032258 0.023126 0.032258 16160 18653
27 62.310000 60.320000 1000000 7.559885 8.801037 7.531522 10.573992 0.023204 0.032258 0.184664 0.181825 0.032258 0.023178 0.032258 18650 28062
27 62.310000 60.320000 1000000 7.516440 8.454084 7.466662 10.487482 0.023117 0.032258 0.202012 0.199420 0.032258 0.023043 0.032258 28060 30920
27 62.310000 60.320000 1000000 7.306303 8.422543 7.250531 10.227220 0.023079 0.032258 0.400135 0.398833 0.032258 0.023014 0.032258 30920 33981
27 62.310000 60.320000 1000000 6.860050 8.355877 6.792445 9.681767 0.023148 0.032258 0.429369 0.428155 0.032258 0.023114 0.032258 33050 44359
27 62.310000 60.320000 1000000 6.830328 8.351576 6.750225 9.633381 0.023113 0.032258 0.435218 0.434021 0.032258 0.023068 0.032258 33500 53224
27 62.310000 60.320000 1000000 6.761600 8.340823 6.726738 9.593303 0.023027 0.032258 0.417674 0.416426 0.032258 0.023037 0.032258 53220 55857
27 62.310000 60.320000 1000000 6.758284 8.340106 6.727299 9.594280 0.023033 0.032258 0.411828 0.410563 0.032258 0.023036 0.032258 55850 70007
27 62.310000 60.320000 1000000 6.560913 8.312866 6.533740 9.378251 0.023147 0.032258 0.196226 0.193556 0.032258 0.023170 0.032258 70000 91674
27 62.310000 60.320000 1000000 6.317075 8.265197 6.239952 8.922001 0.023467 0.032258 0.216483 0.214066 0.032258 0.023536 0.032258 91670 104439
27 62.310000 60.320000 1000000 6.079291 8.174159 6.078541 8.273440 0.023822 0.032258 0.085495 0.079176 0.032258 0.023821 0.032258 104430 107304
27 62.310000 60.320000 1000000 6.072301 8.173443 6.079704 8.274417 0.023822 0.032258 0.080094 0.073311 0.032258 0.023821 0.032258 107300 110725
27 62.310000 60.320000 1000000 6.060916 8.115737 6.062349 8.260977 0.023821 0.032258 0.082786 0.076243 0.032258 0.023818 0.032258 110720 118774
27 62.310000 60.320000 1000000 6.059471 8.115020 6.062589 8.261954 0.023820 0.032258 0.088218 0.082108 0.032258 0.023818 0.032258 118770 146810
27 62.310000 60.320000 1000000 6.024773 8.109285 6.043999 8.228719 0.023823 0.032258 0.099229 0.093839 0.032258 0.023823 0.032258 146810 172404
27 62.310000 60.320000 1000000 6.005330 8.105701 6.024742 8.199394 0.023828 0.032258 0.093702 0.087974 0.032258 0.023827 0.032258 153900 160638
27 62.310000 60.320000 1000000 5.947628 7.928283 5.949471 8.123881 0.023826 0.032258 0.080095 0.073312 0.032258 0.023821 0.032258 160630 187464
27 62.310000 60.320000 1000000 5.921503 7.925416 5.924343 8.100665 0.023827 0.032258 0.080096 0.073313 0.032258 0.023822 0.032258 187460 246506
27 62.310000 60.320000 1000000 5.880022 7.919681 5.882923 8.053745 0.023828 0.032258 0.074764 0.067447 0.032258 0.023823 0.032258 246500 345589
27 62.310000 60.320000 1000000 5.855640 7.908570 5.849971 7.921539 0.023832 0.032258 0.043600 0.029332 0.032258 0.023829 0.032258 345580 353132
27 62.310000 60.320000 1000000 5.848533 7.907853 5.851156 7.922516 0.023832 0.032258 0.043600 0.029332 0.032258 0.023829 0.032258 353130 392800
27 62.310000 60.320000 1000000 5.835359 7.905703 5.846133 7.911763 0.023831 0.032258 0.056945 0.046927 0.032258 0.023829 0.032258 392800 434533
27 62.310000 60.320000 1000000 5.831326 7.904986 5.842123 7.905898 0.023831 0.032258 0.056945 0.046927 0.032258 0.023829 0.032258 434530 450010
27 62.310000 60.320000 1000000 5.827383 7.904269 5.838201 7.900033 0.023831 0.032258 0.056945 0.046927 0.032258 0.023829 0.032258 450010 481528
27 62.310000 60.320000 1000000 5.815687 7.846564 5.820404 7.886593 0.023831 0.032258 0.054553 0.043994 0.032258 0.023828 0.032258 481520 504249
27 62.310000 60.320000 1000000 5.813236 7.845847 5.817041 7.878528 0.023832 0.032258 0.049944 0.038129 0.032258 0.023829 0.032258 504240 550551
27 62.310000 60.320000 1000000 5.810841 7.845130 5.813754 7.870463 0.023832 0.032258 0.049942 0.038127 0.032258 0.023829 0.032258 550550 668347
27 62.310000 60.320000 1000000 5.786647 7.841546 5.786629 7.843582 0.023834 0.032258 0.035434 0.014661 0.032258 0.023831 0.032258 668340 753862
27 62.310000 60.320000 1000000 5.758786 7.725418 5.746438 7.810835 0.023832 0.032258 0.038235 0.020527 0.032258 0.023829 0.032258 753860 987732
27 62.310000 60.320000 1000000 5.725697 7.552301 5.695318 7.770513 0.023824 0.032258 0.043595 0.029324 0.032258 0.023819 0.032258 784320 1000000
27 62.310000 60.320000 1000000 5.725697 7.552301 5.695318 7.770513 0.023824 0.032258 0.043595 0.029324 0.032258 0.023819 0.032258 999990 1000000
